6.379337166393257212e+04
6.035561947283727932e+04
5.732083467762699001e+04
5.039471360175513837e+04
5.084660741131112445e+04
6.211543294147639244e+04
6.436035279127102694e+04
5.308225010906604439e+04
4.526164409459062153e+04
6.505966840055598732e+04
5.288749589568580996e+04
6.526256554887339007e+04
4.599790353162799875e+04
6.504516671072911413e+04
6.507677759532743221e+04
5.380044987771003798e+04
4.579271364597835054e+04
4.804860639941225963e+04
5.621446522989129153e+04
6.407281963549226930e+04
5.327601701568005956e+04
6.466284016901313589e+04
5.908495995052436774e+04
6.013350063179835706e+04
6.274453711781032325e+04
5.617650121098326053e+04
4.476915958238919848e+04
6.055513270055142493e+04
4.625423081316547177e+04
6.474230691413398017e+04
5.918622794598651672e+04
6.502343614889286982e+04
5.350892053357364784e+04
6.357924081599416240e+04
5.093943231783806550e+04
6.309701227404683596e+04
6.454926993424033572e+04
5.970378391144693887e+04
6.502585976940380351e+04
5.015117787935255910e+04
6.477981943095114548e+04
5.124877550884946686e+04
6.381538254793151282e+04
6.540312118950589502e+04
4.906779269018031482e+04
6.443469564659183379e+04
6.390127264531527180e+04
5.559177198259763827e+04
6.126946181451683515e+04
5.219259407062542596e+04
5.238848439066648280e+04
4.901566811593466264e+04
6.348013474199712800e+04
5.031637467192680924e+04
2.214228416877525524e+04
4.375008985965677130e+04
4.625606816717519541e+04
6.412116693237463187e+04
4.988551726399142353e+04
4.218902679030322179e+04
6.461072475711719017e+04
5.806028397265986860e+04
6.438796480239223456e+04
5.716043139832567249e+04
5.585193360867012234e+04
4.972462547758710571e+04
4.598839103240515396e+04
5.883687047536408500e+04
5.699775249811397225e+04
6.288362714096678974e+04
4.648016182620746258e+04
6.101220843909811083e+04
4.804590133852401050e+04
6.174616374298905430e+04
4.740697745686930284e+04
4.258812423338461667e+04
6.233734851547640574e+04
5.906802811224632751e+04
5.149717258204559766e+04
5.234661546630249359e+04
6.353013055509839614e+04
6.516805750407885353e+04
6.353147177029601880e+04
5.824990741822719428e+04
5.712372460947103536e+04
5.801600591788404563e+04
6.063377268588054721e+04
6.440277935292327311e+04
6.549018111450820288e+04
4.221231675612393883e+04
5.711933068231469952e+04
5.557654691177744826e+04
6.534194757790939184e+04
6.457250303690363944e+04
6.151307562480474735e+04
6.536027961709583178e+04
6.204100158085327712e+04
5.610732839131607034e+04
6.128511933460390719e+04
6.107680556039807561e+04
5.594410376153923426e+04
5.425037162793723837e+04
6.029634234629916318e+04
5.470012581120696268e+04
4.851329549430317275e+04
5.294042611765334004e+04
5.895815842885455640e+04
6.359246960822123219e+04
5.370447299826567178e+04
4.628596774272508628e+04
6.092089964641125698e+04
6.032907330027401622e+04
6.539873193052623537e+04
6.100552019255131017e+04
6.063025970766021055e+04
5.741932084684471920e+04
4.827397858560743043e+04
6.386332785356303793e+04
4.873155505716802145e+04
4.301362386021997372e+04
6.099132992788233969e+04
4.516835814088616462e+04
6.512613498535177496e+04
6.007773402121311665e+04
5.266445379757902265e+04
5.723462820733906119e+04
5.680123023769778956e+04
6.427003109765563568e+04
6.225454901828592119e+04
5.938737570569021045e+04
4.819030475920729077e+04
5.775036596986649965e+04
5.221631904704737826e+04
5.194670161942566483e+04
4.563618931740110565e+04
6.337861313115039957e+04
5.154960592192710465e+04
5.290359496464708354e+04
5.744375455091327603e+04
6.539217462261830224e+04
5.843129709057809669e+04
4.605214451913649100e+04
6.293916680505956174e+04
5.336210934807160811e+04
6.528446974267790210e+04
5.290359496464708354e+04
6.537914789815071708e+04
6.516292509979793249e+04
6.133481015407507948e+04
5.171809515779188951e+04
4.615371184654886019e+04
5.799776282571582851e+04
4.868783459221285011e+04
6.280900197970414592e+04
6.190225179442649824e+04
4.722117610569806857e+04
6.079730126793291856e+04
4.873155505716802145e+04
6.540801964546647650e+04
5.671847461445491354e+04
5.948737346254648583e+04
6.340989642862459732e+04
4.786674304549969384e+04
5.578902238070341264e+04
6.250292331364394340e+04
5.957887968200203613e+04
5.394349622248962260e+04
5.003918491899497167e+04
6.196017962755559711e+04
5.485352556603110861e+04
5.578577429423150897e+04
6.239903793804859743e+04
5.432234547738802212e+04
4.718626447926758556e+04
6.018537823976730579e+04
2.491353384743819333e+04
6.367728617948185274e+04
5.673642656234261813e+04
6.453725614303910697e+04
4.287242458856831217e+04
6.423282243341908907e+04
5.401931828292603313e+04
6.114531640370961395e+04
6.514326043661280710e+04
6.072921542200654221e+04
6.449621018139625812e+04
4.445758262703155924e+04
4.610615229443537828e+04
5.987072806224229134e+04
4.386165391986918257e+04
4.711063996658472752e+04
4.361945670809983858e+04
5.267747508008553996e+04
5.964765073166743969e+04
6.516805750407885353e+04
5.618587186480491073e+04
6.014813937264100241e+04
5.306318919183420076e+04
6.091823708822297340e+04
4.780263006854300329e+04
4.598888859841055819e+04
5.936105634285356791e+04
6.007347848008252913e+04
5.708812023340868473e+04
4.948793918234464945e+04
6.368868422849631315e+04
6.196004373363306513e+04
4.488904401477571082e+04
6.468389590419136221e+04
5.502521756267512683e+04
5.428062060861029750e+04
6.270728605351077567e+04
6.540261862107359775e+04
4.428521453775986447e+04
6.537321203049892210e+04
5.915035562424919044e+04
6.202552990965601930e+04
5.538555474490579218e+04
5.894323519681093603e+04
6.502408083767896460e+04
6.183745233896227728e+04
5.441814147034838970e+04
6.224183143979041779e+04
6.304449072782394069e+04
5.767736445889211609e+04
6.204246057005536568e+04
5.934191405754364678e+04
5.024857485891344550e+04
5.536779657310186303e+04
4.950320277417657780e+04
6.417147574410704692e+04
5.913637228763074381e+04
5.364347084761710721e+04
5.791846963630126993e+04
4.869470404775524366e+04
4.314463399497575301e+04
6.379535882087140635e+04
5.059076070117452036e+04
6.129372652178077260e+04
4.825605588987673400e+04
5.639109593228796439e+04
4.834191837551939534e+04
5.185696635013900232e+04
4.591915139413269935e+04
5.441001876874238951e+04
5.555812046903610462e+04
4.457151100014639087e+04
5.307109456143552961e+04
5.392067020799156307e+04
4.544103361991346173e+04
5.175998028147301375e+04
4.360006816786250420e+04
5.127580484457207785e+04
6.088376151385955745e+04
5.122504284774611006e+04
5.794005067904475436e+04
5.135737871537581668e+04
5.531387966092659190e+04
5.811683524006859807e+04
5.296652507698540285e+04
4.789993392338920967e+04
6.093084437629544118e+04
6.269765604364311730e+04
5.470019243687718699e+04
6.253900296541443095e+04
4.906103746105966275e+04
5.400213056385899836e+04
5.904554324921828811e+04
5.169438260808644554e+04
5.675174331435986096e+04
5.126541556784650311e+04
5.927438601751292299e+04
4.354323019639389531e+04
6.416148609203325759e+04
5.664801516027719481e+04
6.041754691834225378e+04
4.856669550855225680e+04
5.387747290916416387e+04
6.512444227538089035e+04
5.276355938060222252e+04
6.349476538937957957e+04
5.088043695727459271e+04
4.799269634735046566e+04
5.117673939904171857e+04
6.523473194575827802e+04
6.310609492873460113e+04
6.212306729068339337e+04
5.181145610933078569e+04
4.710894767127870728e+04
4.256156896352687909e+04
5.578977121684196754e+04
5.730143758224889461e+04
4.629106145013836795e+04
5.330458174947692896e+04
5.203601793175862986e+04
5.310755397881564568e+04
6.444018863390594197e+04
5.024107557845595875e+04
5.984866892081806145e+04
5.686507971716087923e+04
6.060335709489529108e+04
5.740389077128072677e+04
4.602857758688907779e+04
4.885495125054885284e+04
5.901120433683335432e+04
5.809686775893641607e+04
6.246392664419953508e+04
5.464122920612742018e+04
6.020845415605477319e+04
5.454480543269289774e+04
5.404936389153618074e+04
5.928370374003488541e+04
6.109775715025972022e+04
4.295622550843726640e+04
6.546348979154693370e+04
6.318033495927648619e+04
5.769131580153811956e+04
4.668332540325813170e+04
6.389523834513592010e+04
4.886635403124186269e+04
4.970401307711163827e+04
6.296896167444088496e+04
5.936105634285356791e+04
4.843750048376360064e+04
5.058361215511438786e+04
6.365463174504043127e+04
6.446115327410161990e+04
6.038654802411822311e+04
6.335907271906691312e+04
6.181739144051207404e+04
6.295692980211701069e+04
6.252730744751431484e+04
6.356455142628666363e+04
4.543739808339507726e+04
5.462848937945094076e+04
6.139382379659282742e+04
6.417119574492031825e+04
5.535875495105893060e+04
5.813140611263847677e+04
6.376234564796309860e+04
5.601209031583611795e+04
5.573401272152007732e+04
6.473992061527677288e+04
4.820125391291204141e+04
4.372905100718784524e+04
5.654044947112705268e+04
6.379535882087140635e+04
3.274347723797899380e+04
5.665945633301779162e+04
5.348939897898319759e+04
6.231739088845695369e+04
4.518614598569679220e+04
6.355027784753793094e+04
5.410624196606966143e+04
5.672490235106530599e+04
6.011203367349544715e+04
5.498999617895946722e+04
6.245990396388636145e+04
6.329987676744163036e+04
5.092248033095116989e+04
6.446867388906054839e+04
5.723807900244990742e+04
6.357959370853533619e+04
4.976091802054619620e+04
6.208966089955834468e+04
5.745940024893372902e+04
6.465666780391510110e+04
6.216680024397892703e+04
6.268999680653303221e+04
4.936693424803239031e+04
6.364999095524384757e+04
5.209189498499807087e+04
5.149717258204559766e+04
5.542081422836991260e+04
5.398653307893984311e+04
6.220171346769551019e+04
6.444582240569750138e+04
4.630085040237711655e+04
5.215926983924458909e+04
5.146790539407203323e+04
5.757603609301988035e+04
4.842515732468328497e+04
5.254397485904318455e+04
6.460626059788076964e+04
5.415458739553569467e+04
5.507626912552743306e+04
4.827679038557055173e+04
6.453555155111415661e+04
4.789956787122780952e+04
4.238926038205232180e+04
5.575654401729037636e+04
5.190857328076986596e+04
6.504068298416299513e+04
4.882256352112296736e+04
4.210251249705642840e+04
6.375718521599609812e+04
5.737009685765739414e+04
6.250527070116350660e+04
5.055571309703165025e+04
6.231817404126905603e+04
5.782949536392882874e+04
4.849327556810636452e+04
6.525963178512323066e+04
5.964386250721624674e+04
4.676863353617159009e+04
6.077946393786375120e+04
4.481143849964038236e+04
5.543005243939992215e+04
6.514351337937833159e+04
5.000718581910010835e+04
6.185454472410774179e+04
6.186245620233201771e+04
2.808290620293385291e+04
5.609447945604730194e+04
4.915531188957840641e+04
6.100533776630782813e+04
4.721840207648389332e+04
5.587218884506598988e+04
6.012221399625214690e+04
5.964394318401500641e+04
5.833042507300522993e+04
5.327828005126059725e+04
5.986611481539403758e+04
5.495821238259922393e+04
6.090095519112641341e+04
4.846987741426672437e+04
6.465666780391510110e+04
6.489194172672813875e+04
6.082525761054700706e+04
5.980664114936193801e+04
5.507613999926796532e+04
5.860565384506261034e+04
4.623099443998630886e+04
5.715766064320834994e+04
5.256583668743931048e+04
4.862283562325859384e+04
6.537914789815071708e+04
4.732505346340206597e+04
4.809268697492415231e+04
5.470642973142451956e+04
4.919562158236938558e+04
5.815066235347984912e+04
5.994216400595436426e+04
5.345298851824247686e+04
4.853961268095993728e+04
6.342440904120171035e+04
5.973155491006718512e+04
4.386165391986918257e+04
6.005495810242081643e+04
4.940120227990968851e+04
5.963288432855288556e+04
6.264416689934086753e+04
5.198351392383141501e+04
5.941476222207539831e+04
6.373701221304360661e+04
5.074953500015138707e+04
5.745998545534024743e+04
5.089361068827958661e+04
4.648480116711714072e+04
5.824577594569993380e+04
6.100431609224663407e+04
5.214402705979275925e+04
5.449741243949881755e+04
5.756493156751240895e+04
5.435535630231737741e+04
4.902635766924796917e+04
4.311010865009116242e+04
5.826366181388119730e+04
5.806544456361763878e+04
5.172536541839611891e+04
4.541082355366313277e+04
5.940066652057268220e+04
5.225540198089875048e+04
4.318847883687099966e+04
6.524062043002138671e+04
5.053024759541654203e+04
6.526366808787052287e+04
6.474736913900185027e+04
5.400329089125683822e+04
6.508054163827003504e+04
5.740579303015426558e+04
5.378922829848306719e+04
4.385264132871805487e+04
6.497639586833594512e+04
4.699230854418595845e+04
5.107314222101612540e+04
6.209111496997149516e+04
5.428300655012215429e+04
4.825658174551355478e+04
6.389142561901108274e+04
4.552108898881603818e+04
5.928370374003488541e+04
5.630778487468026287e+04
6.348290742368810606e+04
5.818514008176626521e+04
5.918622794598651672e+04
4.256759851823651843e+04
4.532801748981598939e+04
4.262779931675351691e+04
5.951693519088924222e+04
5.327601701568005956e+04
6.436554210794941173e+04
6.118255195449072926e+04
3.944638048513560352e+04
6.209458939341004589e+04
4.250156673186387343e+04
6.051090118161520513e+04
5.287368435912365385e+04
6.255185234139283421e+04
4.679626423168966721e+04
5.555680974834816880e+04
4.595902837174854358e+04
4.494048800717770064e+04
5.748128195672166476e+04
5.312801784068686538e+04
5.854407155593462812e+04
6.124775084619169502e+04
6.465072978411245276e+04
5.302034385672333883e+04
6.232143684883532114e+04
5.680457780400832416e+04
6.471443706432313775e+04
5.228424255150341196e+04
5.946422358755118330e+04
4.775818053066746506e+04
6.409970837973554444e+04
5.230650992540566949e+04
6.333749261285965622e+04
5.838518137218000629e+04
4.854798952915013069e+04
5.444873342955709086e+04
5.155359820495590975e+04
6.178848019016249600e+04
5.527020199758710805e+04
5.889575602547860763e+04
5.325667007227042632e+04
5.291164007875458628e+04
6.374559866442855855e+04
6.254439386978693074e+04
5.725469341609538969e+04
5.145498185925175494e+04
5.836203843515944027e+04
5.116580355988333758e+04
6.390494290178299707e+04
6.357148388893390074e+04
4.366760060511322808e+04
6.403566089396941243e+04
4.588800128993807448e+04
6.039050074205917190e+04
5.421447583657418727e+04
5.470647940674732672e+04
6.545292664871201850e+04
6.409013813452231989e+04
4.974593718645392801e+04
5.410000946220492187e+04
5.110426837137179245e+04
6.289751421461111022e+04
6.422310849521867931e+04
5.892839614341290144e+04
4.260107132979137532e+04
4.829771610887421411e+04
5.826831683035659080e+04
6.340256404836240108e+04
6.248473336614483560e+04
5.645876265634079755e+04
4.652017069262320001e+04
4.881431242400105111e+04
6.291220938755869429e+04
6.126946181451683515e+04
4.801267817057805951e+04
5.594410376153923426e+04
5.422446814697666559e+04
6.516230063721249462e+04
6.133481015407507948e+04
5.755849416613701032e+04
5.257986126583562145e+04
3.374847652020104579e+04
6.433017631614652055e+04
5.673642656234261813e+04
5.784926158550810214e+04
4.785275070108704676e+04
5.806708602401897951e+04
6.375671824499499053e+04
6.443387625325018598e+04
6.254024403652724868e+04
5.685488354650509427e+04
6.253291135096570360e+04
5.847462008266292105e+04
4.618765768739712075e+04
6.103347973388749233e+04
5.506665069008775754e+04
4.901566811593466264e+04
4.232636352058293414e+04
6.315998210513371305e+04
4.655665185918100178e+04
6.526256554887339007e+04
5.549604277513232955e+04
5.988401913524394331e+04
6.412381695356250566e+04
6.548408676156140427e+04
5.814634652114914206e+04
4.718626447926758556e+04
6.469840683570892725e+04
5.532696761051630892e+04
5.170510206817959261e+04
6.174387215390327037e+04
4.891323407922043407e+04
5.344442489285506599e+04
6.474741296584158408e+04
4.251406423162846477e+04
4.393165606530106743e+04
5.614819309686338238e+04
4.759671339499931491e+04
5.784039301423556753e+04
5.358901084400886612e+04
6.187143268146828632e+04
5.020647659959646990e+04
6.146368299352195027e+04
5.214331679900179734e+04
4.546953705600916146e+04
5.717003960635573458e+04
4.876364558919274714e+04
4.719285795279618469e+04
5.892907672785165778e+04
5.531878576896111190e+04
5.340884584334034298e+04
6.125190560364877456e+04
5.785913411893843295e+04
5.850480352814056096e+04
6.208232493794791662e+04
4.679922139981933287e+04
5.586493848219829670e+04
4.951691834062578710e+04
5.522598465556194424e+04
5.268260739415402350e+04
6.266045076848805184e+04
6.476935320485528791e+04
6.007548357593980472e+04
6.242350662024624762e+04
6.415942872674763203e+04
5.363555285322910640e+04
3.638515569320366922e+04
4.549005705227998988e+04
5.602223819995063968e+04
6.219616318991602748e+04
4.319376438417461759e+04
4.792197475524057518e+04
5.337811891425838985e+04
4.723554558631676628e+04
5.280616214941502403e+04
5.965422032264657901e+04
1.580720888781788744e+04
5.086356790049539995e+04
5.920439079074449546e+04
5.288537172546892543e+04
3.801358057132949762e+04
5.392137392327405541e+04
5.969921957618059241e+04
6.408974689407390542e+04
4.304337412685228628e+04
6.426531312738380802e+04
5.480372441190844984e+04
4.541750494543131208e+04
6.040332388943128899e+04
5.618587186480491073e+04
4.605945445353097602e+04
6.390964799507505086e+04
5.433387448241370294e+04
6.207398881351844466e+04
5.608639385224729631e+04
6.185731084677341278e+04
6.152428747004475736e+04
5.576334905019616417e+04
6.257710769651507871e+04
4.354137267170193081e+04
5.720228032869951858e+04
6.450055187229441071e+04
5.538968326277170854e+04
5.764401749201168423e+04
5.427175414221912069e+04
6.499928336951938400e+04
4.590337337027801550e+04
5.045967694201521226e+04
4.403811879224629229e+04
6.453695176255020488e+04
6.250490204375167377e+04
5.331394266639044508e+04
6.449103527452563867e+04
6.063025970766021055e+04
5.792225602614133095e+04
5.403639512046560412e+04
4.957006193777684530e+04
6.269765604364311730e+04
5.922739091680431738e+04
5.646226883099184488e+04
5.473289940771871625e+04
6.455477226868087018e+04
6.507284216727093735e+04
6.297611741793258261e+04
6.427786100655182963e+04
6.361419409862021712e+04
5.676084287850514374e+04
5.930257340111087251e+04
6.240954181217465521e+04
6.154739303058452788e+04
6.326918520185990928e+04
5.706428970601402398e+04
6.215623617736347660e+04
5.428610556740190077e+04
6.475763501551380614e+04
6.392456485095775861e+04
6.057934154483503517e+04
5.610732839131607034e+04
6.542699446608414291e+04
5.972922336333112617e+04
6.051260304196317156e+04
6.181152868725432199e+04
6.306362127600243548e+04
4.960805504651153751e+04
5.178675237187638413e+04
6.286659300150358467e+04
5.394849469115705142e+04
5.424863009425791097e+04
4.556863167797680217e+04
6.276263096446616692e+04
6.112669754611680401e+04
5.742516002474186826e+04
4.891238902504591533e+04
5.224816003950977029e+04
6.326192270847291365e+04
5.691398450848303764e+04
4.539122489865701937e+04
4.256055614033738675e+04
5.779644043985730241e+04
5.445846130247946712e+04
5.112379308924455836e+04
5.815371846381318755e+04
6.520150293995610264e+04
5.335329386988181068e+04
6.457051576194391964e+04
6.534998609343077260e+04
4.347651043450657744e+04
4.583582090859946038e+04
6.057876939763715200e+04
4.767808828898004140e+04
5.767736445889211609e+04
5.957436611667662510e+04
4.551258067360405403e+04
4.884033574708022934e+04
6.139029519675839401e+04
6.492490545569670940e+04
5.177927367244588095e+04
4.947431162572790345e+04
6.440909574877996056e+04
5.119654962988906482e+04
5.534997226889469312e+04
5.552121976613414881e+04
6.178848019016249600e+04
4.553410121471800085e+04
4.573404422015881573e+04
5.080962429381209222e+04
6.418869660344668955e+04
4.590145701579265733e+04
4.667745695881522261e+04
6.349568303488469974e+04
6.299244835489409161e+04
5.922423528559053375e+04
4.734997533259769261e+04
4.351637025387529866e+04
6.189745529043920396e+04
5.084406792044323811e+04
5.665480907144620141e+04
4.546719018864797545e+04
5.197143764863488468e+04
4.605851601452598698e+04
6.243716491910989862e+04
5.676551652169614681e+04
5.844496458376038936e+04
4.657351233845938987e+04
4.533566897898197931e+04
4.287370923656811647e+04
4.133782424093480222e+04
5.119539608589808631e+04
4.786674304549969384e+04
6.304449072782394069e+04
5.769131580153811956e+04
5.370534215807772125e+04
4.720621941708991653e+04
6.501736112432167283e+04
4.789336311635142192e+04
6.525774308044557256e+04
5.511417720248987462e+04
5.924516625853403821e+04
5.689171986503990775e+04
6.199093030348257162e+04
6.433194176426371268e+04
4.849084538065057859e+04
4.884646361282000726e+04
5.696231693251834804e+04
4.848499949939664657e+04
6.419339932419544493e+04
5.481979703529262042e+04
6.070448934236529749e+04
6.362041557320358697e+04
6.258669989278555295e+04
5.716192870853655040e+04
5.123334594179550186e+04
6.539058112361730309e+04
4.817469002366856148e+04
5.076764348576049088e+04
5.060237299472206359e+04
6.263683637585050019e+04
5.365618673331102764e+04
5.947113937081146287e+04
6.441046905652877467e+04
6.546111959538358497e+04
5.510723518432873243e+04
5.674499745162459294e+04
5.408045740551689232e+04
5.510260697758194874e+04
6.368047222672193311e+04
4.694534806087273319e+04
6.100336317362981208e+04
4.613472236652961146e+04
5.219928495169678354e+04
6.258262720436294330e+04
6.285891456107748672e+04
5.882818290554200939e+04
5.739067099279757531e+04
5.588520075720854220e+04
6.491533575522554747e+04
5.158026599889047066e+04
5.675907414257229539e+04
6.431597526989667676e+04
5.504882656629566918e+04
6.397814828171704721e+04
6.220713994541560533e+04
5.762689272666684701e+04
5.922135970098577673e+04
4.617366957533279492e+04
5.040913593860912079e+04
6.132948434104057378e+04
4.266260772325178550e+04
5.113752609280832985e+04
6.209814183929068531e+04
5.847180767087070853e+04
5.792910054504508298e+04
6.358512022819748381e+04
5.889468289350051782e+04
5.313914764140378975e+04
6.205633965014184650e+04
6.450500083972719585e+04
6.004361650594640378e+04
5.908495995052436774e+04
4.531408176593125972e+04
5.389060258107192931e+04
5.271486873102651589e+04
5.831268212481757655e+04
4.532933854833667283e+04
4.265338822006875853e+04
5.028238750561344204e+04
6.365736267190299986e+04
6.036112680669591646e+04
5.325615440995061363e+04
4.996777625514141255e+04
4.669208525238318543e+04
6.243989492599928053e+04
5.232993856924874126e+04
6.339300343291288300e+04
4.780356880178541178e+04
6.020346892720891628e+04
5.307885989314547624e+04
6.036288653370388056e+04
5.440155012868906488e+04
5.785390804059937363e+04
4.780095054235446150e+04
4.461416207115862926e+04
3.638515569320366922e+04
4.429424299796570267e+04
6.536329253111414437e+04
5.122505780179252906e+04
5.852110266748596041e+04
4.544588783567430801e+04
3.734562715952050348e+04
5.579538427547565516e+04
5.112386909806072072e+04
6.314510474854065978e+04
6.316630442979661166e+04
5.996565639141666179e+04
4.815473553114243259e+04
4.859288305119399593e+04
6.314599310111519299e+04
4.940576321527801338e+04
6.433284036469391140e+04
5.413999602605933615e+04
6.374609797022516432e+04
5.893117039576637035e+04
5.521912591044847795e+04
5.000608314471674385e+04
6.242905552999771317e+04
6.093131135770042602e+04
5.869145065409352537e+04
4.284199199624860921e+04
5.908495995052436774e+04
5.957110900773298636e+04
4.256759851823651843e+04
5.655368508276734792e+04
6.313899542086540896e+04
5.703351187940464297e+04
6.037778948166637565e+04
6.058137527013834915e+04
4.516835814088616462e+04
4.014727048041093803e+04
6.296051332341456146e+04
6.328455422772276506e+04
4.620252847008244134e+04
6.449069278087109706e+04
5.197143764863488468e+04
5.075190243528070278e+04
5.941438747523394704e+04
5.432353666592179070e+04
5.912213566901756712e+04
5.978187587781665206e+04
6.046424402741238737e+04
4.676914915645847213e+04
5.667017008102417458e+04
4.621317105124845693e+04
4.539036730400592205e+04
5.234661546630249359e+04
6.228555508816531801e+04
5.122505780179252906e+04
6.331910759731157304e+04
5.476479906070739526e+04
5.672540914831250120e+04
4.475651973376252135e+04
5.766777306779833452e+04
4.732301097122473584e+04
5.647044680538133980e+04
4.632832626844564948e+04
6.409689462563734560e+04
6.447724444077604858e+04
6.385195496293887845e+04
4.648621304195250559e+04
5.577810462306225963e+04
6.212974274184397655e+04
5.847180767087070853e+04
4.567913381740140903e+04
4.422138018494848075e+04
4.366760060511322808e+04
6.449644640919144149e+04
6.091842204976182256e+04
5.306693401139471825e+04
6.310368160202816944e+04
5.250334966624842491e+04
6.406710880519337661e+04
5.606559689219450229e+04
4.863958211581304931e+04
5.112215595374229451e+04
6.058751518535076320e+04
6.243520843503488868e+04
6.025482023327288334e+04
5.392534275543301192e+04
5.278183899849641602e+04
5.145040748745024030e+04
5.743623794720422302e+04
5.538761045521989581e+04
6.256440882883028826e+04
4.419344942007254576e+04
5.355329775478585361e+04
4.533553815663548448e+04
4.848732758400296734e+04
6.245704830344280344e+04
5.767666070066879183e+04
4.126210519901428052e+04
5.834502003594836424e+04
5.330660720898429281e+04
6.516674306309758686e+04
5.631950562753084523e+04
6.223070877257274697e+04
5.769131580153811956e+04
6.139417154430531082e+04
5.750258080888030236e+04
4.573708933775321202e+04
5.183662034769343882e+04
5.458786282518434746e+04
6.449938342086481862e+04
6.464422246431944950e+04
6.325332460272552271e+04
4.461516171478894830e+04
4.943532659094734117e+04
4.605945445353097602e+04
5.899034044112327683e+04
6.157177468571141071e+04
4.319776595488146995e+04
4.844532264753126947e+04
6.271388623063596606e+04
4.283898611414977495e+04
6.532445403423048992e+04
5.152407004030536336e+04
4.859982404244825739e+04
