1.526168183683382995e+04
1.523429656499813609e+04
1.502550765693030007e+04
1.487602060458701635e+04
1.500307659006063113e+04
1.523365376735100290e+04
1.502224784864784669e+04
1.510873280762498689e+04
1.488780185181980414e+04
1.511432327268183508e+04
1.501711159732104898e+04
1.526216434420591577e+04
1.507932878733494726e+04
1.510873280762498689e+04
1.514338344206517286e+04
1.485561391502751576e+04
1.527308424178755376e+04
1.518109897170637851e+04
1.497844593939977858e+04
1.528466691320922109e+04
1.525928639144250519e+04
1.524331516863925572e+04
1.525377367472557307e+04
1.489737727386682855e+04
1.502224784864784669e+04
1.510873280762498689e+04
1.527182170542978020e+04
1.488780185181980414e+04
1.523696588715633334e+04
1.526962112909758071e+04
1.491885468211881744e+04
1.527366449827890028e+04
1.529390080899940222e+04
1.527927535379386245e+04
1.511300096541221865e+04
1.500320372771315488e+04
1.525811289874798240e+04
1.510873280762498689e+04
1.527182170542978020e+04
1.488780185181980414e+04
1.528764312763686212e+04
1.528635981548153359e+04
1.501715926420296819e+04
1.501520030469121230e+04
1.523608508184644234e+04
1.527363024901168683e+04
1.519346086150024712e+04
1.528112600992241823e+04
1.520063892116570787e+04
1.502224784864784669e+04
1.520728886821830019e+04
1.528577649440271671e+04
1.524121612743223886e+04
1.527404425578979135e+04
1.514431615332713773e+04
1.528015624607714199e+04
1.502224784864784669e+04
1.510873280762498689e+04
1.488780185181980414e+04
1.519034847172928858e+04
1.527710586378729022e+04
1.516712573686230826e+04
1.529280164224213149e+04
1.523004824024662230e+04
1.522723796001267692e+04
1.525203317357087326e+04
1.502224784864784669e+04
1.510873280762498689e+04
1.527347705092528849e+04
1.515517285087896380e+04
1.524012692697261446e+04
1.526564501345041390e+04
1.520629686859952926e+04
1.525161512037800276e+04
1.509969947296826285e+04
1.510873280762498689e+04
1.517470701114971598e+04
1.527136332216600385e+04
1.519404329724659328e+04
1.519034847172928858e+04
1.519480425855276371e+04
1.520034112887770061e+04
1.526534124396506013e+04
1.525926752259287969e+04
1.529400422263123983e+04
1.523488336289238759e+04
1.482924969866715037e+04
1.495108756380739578e+04
1.527285815347275275e+04
1.529506501008736086e+04
1.529307807062563734e+04
1.527619562866430715e+04
1.503158813204432226e+04
1.502224784864784669e+04
1.488780185181980414e+04
1.511002309904369758e+04
1.528119154240215721e+04
1.519094503241754501e+04
1.517662277650663782e+04
1.528647972364808811e+04
1.528975549578383107e+04
1.513409083241842745e+04
1.528485453871329082e+04
1.502224784864784669e+04
1.523984007222632499e+04
1.515470489386088229e+04
1.496985268842657024e+04
1.528006558286783911e+04
1.512106058709234640e+04
1.506323589278842337e+04
1.506596807167166298e+04
1.527196746441639334e+04
1.523019834605097640e+04
1.529295698528228240e+04
1.516629624708688425e+04
1.521546205692613512e+04
1.529533445856562685e+04
1.501178405560283500e+04
1.502224784864784669e+04
1.488780185181980414e+04
1.516316571495185417e+04
1.501387014583050041e+04
1.501240011829454124e+04
1.528406988818788886e+04
1.520679260282860923e+04
1.525802417624713780e+04
1.527359073432767400e+04
1.510888658241992380e+04
1.502224784864784669e+04
1.520102844717575135e+04
1.508680052198906014e+04
1.513493828846380711e+04
1.520706640918613994e+04
1.520634107183628294e+04
1.526284781271671272e+04
1.518629888041460617e+04
1.525798600165888274e+04
1.525004295653748522e+04
1.502224784864784669e+04
1.510873280762498689e+04
1.528769990442625567e+04
1.524079116475267438e+04
1.525859127391310540e+04
1.503317661539103392e+04
1.497114530005849883e+04
1.528573845001185691e+04
1.510873280762498689e+04
1.521061886699682327e+04
1.498943291447237607e+04
1.528298826159951204e+04
1.503387651169319724e+04
1.503719483946963373e+04
1.521059686711261747e+04
1.526076859200815306e+04
1.510873280762498689e+04
1.488780185181980414e+04
1.522683667800461990e+04
1.504987130200241518e+04
1.468579313890330377e+04
1.519034847172928858e+04
1.518553017742506927e+04
1.529068012606267075e+04
1.498872329033363530e+04
1.502296868817594077e+04
1.525655532257975392e+04
1.524655784096161187e+04
1.523692934611429882e+04
1.524208120613416577e+04
1.515499754439108438e+04
1.502224784864784669e+04
1.527374915718952252e+04
1.507180773147235232e+04
1.511521614098284772e+04
1.515499754439108438e+04
1.502224784864784669e+04
1.510873280762498689e+04
1.525213893890857435e+04
1.488780185181980414e+04
1.519944865910549197e+04
1.515886566013475021e+04
1.527140150994533178e+04
1.527360712271028387e+04
1.498326211352519022e+04
1.502850492712186497e+04
1.502224784864784669e+04
1.525613583215787366e+04
1.523180092995957966e+04
1.523842968098291749e+04
1.514572928046304878e+04
1.528778986823315427e+04
1.528722746342429855e+04
1.525417980133989113e+04
1.519449489626036848e+04
1.519190156300042145e+04
1.511695684235413864e+04
1.498193698853054957e+04
1.510873280762498689e+04
1.518592465586845719e+04
1.516604569873624860e+04
1.504079375599815830e+04
1.526708196989851422e+04
1.503078918726218399e+04
1.525934537556210853e+04
1.506200492791147190e+04
1.527689520129403354e+04
1.503125422011603951e+04
1.514045523580270856e+04
1.512500116430121125e+04
1.502561985467133854e+04
1.519967605962847119e+04
1.528635514796268944e+04
1.506541731092129339e+04
1.510795934771761495e+04
1.519220464976911353e+04
1.528810633049573698e+04
1.502224784864784669e+04
1.510873280762498689e+04
1.526556079268374197e+04
1.518551226146762383e+04
1.526519092551278300e+04
1.524874254372960240e+04
1.515955110075509583e+04
1.519969234951643375e+04
1.527438079538002603e+04
1.529603368016219974e+04
1.519075104953960727e+04
1.520991412020544885e+04
1.510873280762498689e+04
1.515548984248970555e+04
1.501377382747361298e+04
1.500246648278025168e+04
1.521514547898820274e+04
1.515579923392857745e+04
1.528975549578383107e+04
1.513719830729963724e+04
1.516477446607547245e+04
1.518150673570401341e+04
1.502224784864784669e+04
1.510873280762498689e+04
1.528847729109433203e+04
1.510356501664899224e+04
1.526571943513587212e+04
1.513338789750172691e+04
1.524736720590771620e+04
1.469710185101806201e+04
1.522553410967441232e+04
1.502982728111172037e+04
1.520195556893402318e+04
1.502224784864784669e+04
1.510873280762498689e+04
1.508199037579600190e+04
1.484876019502964482e+04
1.521921895283627782e+04
1.520270292665708985e+04
1.506173918575221433e+04
1.502224784864784669e+04
1.510873280762498689e+04
1.524095541392489031e+04
1.488780185181980414e+04
1.498062691642221034e+04
1.509002301862366949e+04
1.524816692187134868e+04
1.493860469201264277e+04
1.511094169480433447e+04
1.529031808948365506e+04
1.502224784864784669e+04
1.510873280762498689e+04
1.515286895018463838e+04
1.521743913940775019e+04
1.488780185181980414e+04
1.514340947920100734e+04
1.514000561559536436e+04
1.520663371948903659e+04
1.528356029078535175e+04
1.511578555719147334e+04
1.512702123255840888e+04
1.515072435912210676e+04
1.502224784864784669e+04
1.497672470782745222e+04
1.505982644157949471e+04
1.524586574164749254e+04
1.524714595718598866e+04
1.515142845473823036e+04
1.527654341753695553e+04
1.528177341215777960e+04
1.522245005365329962e+04
1.527107582164220912e+04
1.502224784864784669e+04
1.510873280762498689e+04
1.527409357093893959e+04
1.521598360520532151e+04
1.500358017326480694e+04
1.528682699065569977e+04
1.524487897965960474e+04
1.509524207163557730e+04
1.521374458953404246e+04
1.528770684309847638e+04
1.520806404908113291e+04
1.502224784864784669e+04
1.510873280762498689e+04
1.500685691744145697e+04
1.522043905849840849e+04
1.526148549629120316e+04
1.526487665340800231e+04
1.527128430820508220e+04
1.506302797166051641e+04
1.520246753761761465e+04
1.515710261902068305e+04
1.501280446701766050e+04
1.516756587301873151e+04
1.513075501666580567e+04
1.521462265692512665e+04
1.502224784864784669e+04
1.522402979362533188e+04
1.526934106799393521e+04
1.488780185181980414e+04
1.519034847172928858e+04
1.519052657238968459e+04
1.519257392585222988e+04
1.494710641941390350e+04
1.521778283052570987e+04
1.519821581617707852e+04
1.499566926908989990e+04
1.512095819040367860e+04
1.502224784864784669e+04
1.510873280762498689e+04
1.509614658409252661e+04
1.509537735795515982e+04
1.527694804505338107e+04
1.519034847172928858e+04
1.506586146704432940e+04
1.518437584261896154e+04
1.523574665879062013e+04
1.528441181965066062e+04
1.508937686046870840e+04
1.523008356165299119e+04
1.502224784864784669e+04
1.518064504522425705e+04
1.510873280762498689e+04
1.528438997838657451e+04
1.520763368893985535e+04
1.525098359357371919e+04
1.523196560562224840e+04
1.523157549602981817e+04
1.490999936207242536e+04
1.502224784864784669e+04
1.510873280762498689e+04
1.523127224753489463e+04
1.488780185181980414e+04
1.528903554713540325e+04
1.521849422263541601e+04
1.518857813462320701e+04
1.518849078213980465e+04
1.519393171358422114e+04
1.526455334991191194e+04
1.515369820876745507e+04
1.523601386324284613e+04
1.528118898272896149e+04
1.510873280762498689e+04
1.507329513072202462e+04
1.525036235618355568e+04
1.528693385186897831e+04
1.522441735636307203e+04
1.511784135002215226e+04
1.522098002602615452e+04
1.502224784864784669e+04
1.510873280762498689e+04
1.529556203216199538e+04
1.495053328517979753e+04
1.525367726907977158e+04
1.493699734996793632e+04
1.515987039667234421e+04
1.496842501330271261e+04
1.500846604692660185e+04
1.522326827278446945e+04
1.529005932333810051e+04
1.522063838381450842e+04
1.517055176136635782e+04
1.508833069800387602e+04
1.502224784864784669e+04
1.526163088537458680e+04
1.523416326295395265e+04
1.520686993655180959e+04
1.510873280762498689e+04
1.515521327538137120e+04
1.526740355621390518e+04
1.528328677847902145e+04
1.528863650070502626e+04
1.526493732154056852e+04
1.508975111597589785e+04
1.521882053482899937e+04
1.518908058717098356e+04
1.515078097693377640e+04
1.528426269955256612e+04
1.526425855155820682e+04
1.502224784864784669e+04
1.519752208749290730e+04
1.521107061910135417e+04
1.510873280762498689e+04
1.488780185181980414e+04
1.527138482050148014e+04
1.501898773848946803e+04
1.525392814418546914e+04
1.510873280762498689e+04
1.484554939456675493e+04
1.488780185181980414e+04
1.498069702932406290e+04
1.524110798990775766e+04
1.513201367258544269e+04
1.515893196942525174e+04
1.524306993634402170e+04
1.528491103342860879e+04
1.510113292212249144e+04
1.525005533284243029e+04
1.528964021264092480e+04
1.529482785740758118e+04
1.525203317357087326e+04
1.524793781563767152e+04
1.517193658536876501e+04
1.510873280762498689e+04
1.518220192130657961e+04
1.518152609192331693e+04
1.510184199387733679e+04
1.503410535342334333e+04
1.523253413928116061e+04
1.502357025093986522e+04
1.529630729835455350e+04
1.528290212834746853e+04
1.517499788397524389e+04
1.519034847172928858e+04
1.528502083556597063e+04
1.514681025181943005e+04
1.502262611529856804e+04
1.471299172040444137e+04
1.528741287677702348e+04
1.525609915901197382e+04
1.522808899848188958e+04
1.502224784864784669e+04
1.510873280762498689e+04
1.497930216476640999e+04
1.529164242024901250e+04
1.480704476921231617e+04
1.524327938003992858e+04
1.524137077864807907e+04
1.527976620887392710e+04
1.499815407350485657e+04
1.520142847636790611e+04
1.511773111327743754e+04
1.524112293612444228e+04
1.525320735191098174e+04
1.519336516247316467e+04
1.519102870548237843e+04
1.496588378999485576e+04
1.525712245239298318e+04
1.504451814404099787e+04
1.528891956468803255e+04
1.502224784864784669e+04
1.510873280762498689e+04
1.528140871046008397e+04
1.488780185181980414e+04
1.505151776240632898e+04
1.520442247353836683e+04
1.527074066334434974e+04
1.504433537462242566e+04
1.513128901538333412e+04
1.524224960026180634e+04
1.527148951696719450e+04
1.497164417311847137e+04
1.518202575693713698e+04
1.525105048394732512e+04
1.489680465914958404e+04
1.525080310611274763e+04
1.504836566676136317e+04
1.528464616759182172e+04
1.523425393469352639e+04
1.510873280762498689e+04
1.488780185181980414e+04
1.523195998391870853e+04
1.502647961464754917e+04
1.507466307507835518e+04
1.516781745991380922e+04
1.506220297898515128e+04
1.502631791079668983e+04
1.523149099332735932e+04
1.524829652976937723e+04
1.526210882752402540e+04
1.525147084202965925e+04
1.502224784864784669e+04
1.488780185181980414e+04
1.524327087381441925e+04
1.498204257618848715e+04
1.498428812515619211e+04
1.514400666530919443e+04
1.516658790561599380e+04
1.498572571647097720e+04
1.524929760808276842e+04
1.498282363763924513e+04
1.508246050681742418e+04
1.502224784864784669e+04
1.510873280762498689e+04
1.510158318550425611e+04
1.503297621635294490e+04
1.521166613402709481e+04
1.523581741955792677e+04
1.524756508903027861e+04
1.494874393885844984e+04
1.510873280762498689e+04
1.519411068000332307e+04
1.488780185181980414e+04
1.495814027497954703e+04
1.523319528528356932e+04
1.508726232663654264e+04
1.515025460570450014e+04
1.502940630487877752e+04
1.491928486748475734e+04
1.501729107556318195e+04
1.516758632180417408e+04
1.484276591631495467e+04
1.526993770582832622e+04
1.502224784864784669e+04
1.528936934554541585e+04
1.518253626710328172e+04
1.527028904322504968e+04
1.516013852123299512e+04
1.520337754446061808e+04
1.502224784864784669e+04
1.510873280762498689e+04
1.516676076738947449e+04
1.524970705945116060e+04
1.488780185181980414e+04
1.525134683167800904e+04
1.527018546680966392e+04
1.518322574212440850e+04
1.523400439091951557e+04
1.519173691914196388e+04
1.510572311166962027e+04
1.525160128605866157e+04
1.502224784864784669e+04
1.510873280762498689e+04
1.528973380005784747e+04
1.486752921287543177e+04
1.485745217575966672e+04
1.526550474891013801e+04
1.527852210051556176e+04
1.502224784864784669e+04
1.528255934339832856e+04
1.510873280762498689e+04
1.495158566045753832e+04
1.521913869504137074e+04
1.488780185181980414e+04
1.527957726240318516e+04
1.529396397097843146e+04
1.483436465712230347e+04
1.504159133687429494e+04
1.522487418615513525e+04
1.525234358912229800e+04
1.521686776412682229e+04
1.502224784864784669e+04
1.510873280762498689e+04
1.526856829331588233e+04
1.517461707296632994e+04
1.500118260153555457e+04
1.522874502560212750e+04
1.524125100650565764e+04
1.529545159555900318e+04
1.521213511616419055e+04
1.510873280762498689e+04
1.517582485946363340e+04
1.519038657284750298e+04
1.523091504536122920e+04
1.528290434586903211e+04
1.525274791306824227e+04
1.486868144489492443e+04
1.523482734869458909e+04
1.524824051602288637e+04
1.517789190247681472e+04
1.499345583154054293e+04
1.502224784864784669e+04
1.505599187560018254e+04
1.510873280762498689e+04
1.469447129219780618e+04
1.506220297898515128e+04
1.484814218511670333e+04
1.513683150593521896e+04
1.513758525408540845e+04
1.528205212288237817e+04
1.502224784864784669e+04
1.510873280762498689e+04
1.510341909276228762e+04
1.488780185181980414e+04
1.523858024237614518e+04
1.511796247350030899e+04
1.529102349479138502e+04
1.523372571194671946e+04
1.514617118888622826e+04
1.502224784864784669e+04
1.510701034352929855e+04
1.488780185181980414e+04
1.519995440382440393e+04
1.519034847172928858e+04
1.504560842623830104e+04
1.518849840429424512e+04
1.516406921752815106e+04
1.528377461113742174e+04
1.504766084191848495e+04
1.478331434040810200e+04
1.511176905685295060e+04
1.502224784864784669e+04
1.510873280762498689e+04
1.519187494023708132e+04
1.507931088730216288e+04
1.488169583483774841e+04
1.527856943657101874e+04
1.525040736729147829e+04
1.524276576725158156e+04
1.503414144942548228e+04
1.517920372531141766e+04
1.510873280762498689e+04
1.488780185181980414e+04
1.524403688675914236e+04
1.526719537793537893e+04
1.527501865371320127e+04
1.524968506859588524e+04
1.518525317599509071e+04
1.518837640238505992e+04
1.502224784864784669e+04
1.510873280762498689e+04
1.488780185181980414e+04
1.514694070371681664e+04
1.529435622206914377e+04
1.500753601907812481e+04
1.526874952663819749e+04
1.507183943058192381e+04
1.511578555719147334e+04
1.528541610031265191e+04
1.475841251365645076e+04
1.523745453438398727e+04
1.529153892859672123e+04
1.510873280762498689e+04
1.520126147464612404e+04
1.516698557362483189e+04
1.513931706527036658e+04
1.500790104646381587e+04
1.524321654105758716e+04
1.520968503786454676e+04
1.502224784864784669e+04
1.510873280762498689e+04
1.511375704750993827e+04
1.522387091962550767e+04
1.528124580871665057e+04
1.524392181829388210e+04
1.517380464786875564e+04
1.518321881582021888e+04
1.520518057850131299e+04
1.510669183889467422e+04
1.519457527247182952e+04
1.510873280762498689e+04
1.529224028121232914e+04
1.488780185181980414e+04
1.518430924288848473e+04
1.527534828680941791e+04
1.525422387194489420e+04
1.528447507550676528e+04
1.527167481754742039e+04
1.492033204699215639e+04
1.521983586160828236e+04
1.527887965090752914e+04
1.529147202684903459e+04
1.529491145582895842e+04
1.525537810833669027e+04
1.520889631716016447e+04
1.519184850975407790e+04
1.528931508572780876e+04
1.517755076681345963e+04
1.519784296915128289e+04
1.522363913028173374e+04
1.526624144737197275e+04
1.519906205499887074e+04
1.527055320056474011e+04
1.502224784864784669e+04
1.525676003973476691e+04
1.526945779949516145e+04
1.525021655491642377e+04
1.502224784864784669e+04
1.517022611348080318e+04
1.510873280762498689e+04
1.526519862440838006e+04
1.488780185181980414e+04
1.513959966722584431e+04
1.519034847172928858e+04
1.527112077718788169e+04
1.517778086802986581e+04
1.501387014583050041e+04
1.498143223900807425e+04
1.502224784864784669e+04
1.524818744604896892e+04
1.488780185181980414e+04
1.508482602479301931e+04
1.525570883454167779e+04
1.519034847172928858e+04
1.491092466139066528e+04
1.501197019934070340e+04
1.524652015472656058e+04
1.510404673086041294e+04
1.529299668236978323e+04
1.528744821545933519e+04
1.522258719858536824e+04
1.518185047882395884e+04
1.519034847172928858e+04
1.511823374235771735e+04
1.503763171794143636e+04
1.528052705752917245e+04
1.524406477427069694e+04
1.510368256722494880e+04
1.502788100570345523e+04
1.523575481536997177e+04
1.529433437959830189e+04
1.502224784864784669e+04
1.510873280762498689e+04
1.490513821703977010e+04
1.523953694723397894e+04
1.528473435201723623e+04
1.528491064550020928e+04
1.518978061480505130e+04
1.521763947502098563e+04
1.517502693510093013e+04
1.519548563114679928e+04
1.517576901514423480e+04
1.510873280762498689e+04
1.504342813271709019e+04
1.517760339879125786e+04
1.511578555719147334e+04
1.524713505156198698e+04
1.525469147621916272e+04
1.502224784864784669e+04
1.527182170542978020e+04
1.500492779294859247e+04
1.527801824022979054e+04
1.488780185181980414e+04
1.511939692302459116e+04
1.521479552621387484e+04
1.523662248293623452e+04
1.490734563357618390e+04
1.522727643102659022e+04
1.520212701157605625e+04
1.507881239473886853e+04
1.522116121118416413e+04
1.514296350461498878e+04
1.514959488614793736e+04
1.527688726518693693e+04
1.523501253803123655e+04
1.524474077189588570e+04
1.526988087452813852e+04
1.475339276675719520e+04
1.521329346160227215e+04
1.523894016756641940e+04
1.505143822313989222e+04
1.502224784864784669e+04
1.510873280762498689e+04
1.523408474487432250e+04
1.500955403040048259e+04
1.502921843638372047e+04
1.521537397157467421e+04
1.521985464240339388e+04
1.522818281783610109e+04
1.502224784864784669e+04
1.529561509922168261e+04
1.510873280762498689e+04
1.488780185181980414e+04
1.519034847172928858e+04
1.522847231688903958e+04
1.524779772133480219e+04
1.520494483328188289e+04
1.502224784864784669e+04
1.510873280762498689e+04
1.519172883629078751e+04
1.487713451523510048e+04
1.528083506861274327e+04
1.522225014481120161e+04
1.488780185181980414e+04
1.520586799759018322e+04
1.527966726059850043e+04
1.502224784864784669e+04
1.510873280762498689e+04
1.502584718068099392e+04
1.529629170727978089e+04
1.524831760177458636e+04
1.527527405984364304e+04
1.494489061194073292e+04
1.509339878241171391e+04
1.524349341978611847e+04
1.497481654914641695e+04
1.514809879132949573e+04
1.514035325396362896e+04
1.502224784864784669e+04
1.510873280762498689e+04
1.488780185181980414e+04
1.526610346199786363e+04
1.528797968981346276e+04
1.519034847172928858e+04
1.519852456685185643e+04
1.523546628736220191e+04
1.518233634017974691e+04
1.512104678836623316e+04
1.520643607539709228e+04
1.482105694945573850e+04
1.496700139595389373e+04
1.505213897682603783e+04
1.529337303355118820e+04
1.510873280762498689e+04
1.501360780398984207e+04
1.518416312759236098e+04
1.521523794720378828e+04
1.529049445692139489e+04
1.502224784864784669e+04
1.510873280762498689e+04
1.507354811767832507e+04
1.522935363663819953e+04
1.528505061384215878e+04
1.508814102575246761e+04
1.492095897834359857e+04
1.522589292953526274e+04
1.524082120756215591e+04
1.503894454554768163e+04
1.522556958792607293e+04
1.527629088173649325e+04
1.523828237847597120e+04
1.502224784864784669e+04
1.510873280762498689e+04
1.523449120983462490e+04
1.518428604857017854e+04
1.521233577388024969e+04
1.529091706871508723e+04
1.502750513434368986e+04
1.528515946266670289e+04
1.506753081181023845e+04
1.502224784864784669e+04
1.516355381095819212e+04
1.524652580235000642e+04
1.517127516048861071e+04
1.493124488580134130e+04
1.527114572595854588e+04
1.526686272806035777e+04
1.520434547253994606e+04
1.495953882254241944e+04
1.510873280762498689e+04
1.488780185181980414e+04
1.523006410003291239e+04
1.500826938017292196e+04
1.513692595880734916e+04
1.522668672233315010e+04
1.523251710462831943e+04
1.519185884992395768e+04
1.502224784864784669e+04
1.499517763560704043e+04
1.500308612694361182e+04
1.488780185181980414e+04
1.507757900446908752e+04
1.521397083872397707e+04
1.516639848328620974e+04
1.521016090949582576e+04
1.523973091348160597e+04
1.522528322955053955e+04
1.488898328262864743e+04
1.524718076339139225e+04
1.502224784864784669e+04
1.528485483494300934e+04
1.522797787448653798e+04
1.518575310755976534e+04
1.517567086877661313e+04
1.515553024537325837e+04
1.486226393535340685e+04
1.524208002999494602e+04
1.523792783175312434e+04
1.502224784864784669e+04
1.505902704544703010e+04
1.510873280762498689e+04
1.488780185181980414e+04
1.504647700391756007e+04
1.519034847172928858e+04
1.508175899102088806e+04
1.505735959146687310e+04
1.517553768575845243e+04
1.525318121771297228e+04
1.511263821431665747e+04
1.519260935992869781e+04
1.502224784864784669e+04
1.510873280762498689e+04
1.520206886216450948e+04
1.499659625253951344e+04
1.512874201357645143e+04
1.508235105195374854e+04
1.528793549032459487e+04
1.529031808948365506e+04
1.502224784864784669e+04
1.510873280762498689e+04
1.516396051240985616e+04
1.510482734360595714e+04
1.528637879080312086e+04
1.523204871636736425e+04
1.511585564741913004e+04
1.483295601804799844e+04
1.523122438940213760e+04
1.502175279504189530e+04
1.516267671404029716e+04
1.502224784864784669e+04
1.488780185181980414e+04
1.489094690581694522e+04
1.519760208976123613e+04
1.501594318347064836e+04
1.527856943657101874e+04
1.504931690636475832e+04
1.519917216676938006e+04
1.522241276414877575e+04
1.528115243978853505e+04
1.519078721607634361e+04
1.528700486160153014e+04
1.529304669633457888e+04
1.502224784864784669e+04
1.488780185181980414e+04
1.490903102781407324e+04
1.506385810403980213e+04
1.507893552888042177e+04
1.521328834432696385e+04
1.519612022257396711e+04
1.518839991201585144e+04
1.528497255460803717e+04
1.489180830859250273e+04
1.512465817858961418e+04
1.513838136353200389e+04
1.522014682562675807e+04
1.497569220192753710e+04
1.523695043352814537e+04
1.523531789512013711e+04
1.520251448994844941e+04
1.529295980540138407e+04
1.523619295872278963e+04
1.483054185871446680e+04
1.502224784864784669e+04
1.510873280762498689e+04
1.525380918780950378e+04
1.528762364369260467e+04
1.524713505156198698e+04
1.522925819389293247e+04
1.521960416273794908e+04
1.511552403992941618e+04
1.511091944557024181e+04
1.502224784864784669e+04
1.510873280762498689e+04
1.525542399477718027e+04
1.521727425564077930e+04
1.523749691045777217e+04
1.522203843752758257e+04
1.525374312239696155e+04
1.502224784864784669e+04
1.510873280762498689e+04
1.513361549860628475e+04
1.516623881312750927e+04
1.525390345009150769e+04
1.528890328928832969e+04
1.518756359013938709e+04
1.513195974530075546e+04
1.475370988332940760e+04
1.527753022796980804e+04
1.518182766004350742e+04
1.514500397910360152e+04
1.510209625220609269e+04
1.510873280762498689e+04
1.488780185181980414e+04
1.519848217347376703e+04
1.517192461923507290e+04
1.505666558559607074e+04
1.519356487730045774e+04
1.524903305550548976e+04
1.528857321663720541e+04
1.502224784864784669e+04
1.528198691605031490e+04
1.503252937859600934e+04
1.519034847172928858e+04
1.513901789053355060e+04
1.507087472836630877e+04
1.528176210231092227e+04
1.519785023207508675e+04
1.522590718173868481e+04
1.496207847417572339e+04
1.502224784864784669e+04
1.510873280762498689e+04
1.488780185181980414e+04
1.519034847172928858e+04
1.525935336802282109e+04
1.516162122040089162e+04
1.524518574913226439e+04
1.519346511708618709e+04
1.507752733185012403e+04
1.528846836255000017e+04
1.526640588201001810e+04
1.506540205205707025e+04
1.505903498039039732e+04
1.514722538621263448e+04
1.528122788051262432e+04
