1.881124117533572644e+04
3.194932812542918691e+04
3.945701320024333836e+04
2.425391051369146589e+04
4.140850075217837002e+04
3.596553196034606663e+04
4.069635321468223992e+04
2.203991107820211255e+04
4.025205750276561594e+04
2.507234432679136444e+04
3.109484400870000172e+04
4.095172589269615128e+04
4.165402477137269307e+04
4.072588844266793603e+04
4.015269874415993399e+04
3.278775950859290606e+04
4.154793191229121294e+04
4.193488476075896324e+04
2.679506632951283609e+04
2.981943954139715788e+04
3.966598612520869210e+04
3.706358111156630184e+04
3.366852804156774073e+04
2.685151428733953799e+04
4.187484544825008197e+04
2.983116468394592084e+04
4.140582860960670223e+04
2.498774753713810060e+04
2.950398904153522744e+04
3.311927157776890090e+04
3.325506009310836089e+04
3.559943230832950212e+04
2.988661397455242331e+04
4.125760533585216035e+04
3.708155473927203275e+04
3.689315418724023039e+04
4.178374798179297795e+04
4.189055520967162738e+04
2.607578733362040293e+04
1.933612128922002739e+04
2.292375848043975566e+04
3.435021228560269083e+04
4.156366181959180540e+04
3.060169181125968316e+04
3.198831975613125542e+04
4.106713453745094012e+04
3.887740267850575037e+04
3.293859182079799939e+04
2.704627104793867329e+04
3.734885280136729125e+04
2.382140036255342420e+04
3.248975505008846449e+04
2.172385103581460135e+04
4.085662615653581452e+04
4.178463069102584268e+04
3.590108553799737274e+04
3.258074988372468943e+04
1.824031988547535730e+04
4.169190162143494672e+04
2.427732944815035080e+04
4.005370961149366485e+04
4.114515603072721569e+04
4.160675352164501965e+04
2.828883801399984441e+04
2.203905184450627712e+04
3.149723143037771661e+04
3.573715341408311360e+04
4.135393482992154168e+04
2.097189231671415109e+04
3.810878007323514612e+04
3.794338355949117977e+04
4.052339998493768508e+04
2.715155328744348662e+04
3.437195734795408498e+04
3.594715620823529025e+04
2.925818587259474953e+04
3.818902528074066504e+04
4.028023687942723336e+04
3.817449962074916402e+04
3.616183591565401002e+04
3.683749950618155708e+04
2.455606077586011088e+04
4.193899889390660246e+04
4.147982824369308946e+04
3.692752199304386158e+04
3.198570845478134652e+04
4.199859780011225666e+04
3.930859352718981972e+04
4.142892073390122096e+04
4.013943158567028149e+04
4.151621200006859726e+04
3.856044382247763133e+04
2.706372769579943997e+04
4.125609910046012374e+04
3.954451237411449983e+04
2.357773934378026388e+04
3.648710653628443833e+04
4.196076045939685719e+04
3.975006368069126620e+04
3.991028300862618198e+04
3.922186294913171150e+04
3.713372788468877116e+04
4.129252833142015152e+04
3.711872854581948195e+04
4.131924941282841610e+04
2.453474119922304453e+04
3.513616606823927577e+04
1.733840541242473410e+04
4.045010620800677134e+04
4.092788707169216650e+04
2.283224254452085006e+04
4.111000844288169901e+04
4.182286845937081671e+04
3.666319239959426341e+04
3.758502795229942421e+04
3.205536049385544175e+04
4.096328320009655727e+04
4.053123847243553610e+04
3.875151334160345141e+04
4.138099902974549332e+04
2.621535978512083238e+04
3.891248800641582784e+04
3.442424550027029181e+04
4.192808737427154847e+04
3.908826892225489428e+04
4.190656023904612812e+04
3.623920017766559613e+04
4.198434190890406171e+04
4.115513426378071017e+04
4.173521808514925215e+04
4.095798503817999153e+04
2.579884392503865820e+04
4.066608569980628818e+04
3.385507301389324857e+04
2.824170239799534465e+04
3.307907097021117079e+04
3.992602331850353221e+04
3.308551421298281639e+04
4.192545831775718398e+04
3.033542995877953217e+04
3.767833574628491624e+04
1.958580364042802830e+04
3.571659483929033013e+04
3.135448398686895962e+04
4.180246772304980550e+04
2.445197314692736472e+04
1.832341872641458031e+04
3.267116605498005811e+04
3.846042989703731291e+04
3.795701649317824922e+04
3.462345759591841488e+04
3.678430861705099232e+04
3.725303618765545980e+04
4.039996604058994853e+04
2.413888899034641872e+04
3.936125423801397847e+04
4.198479815950703050e+04
2.123606695458583636e+04
4.140293657368583081e+04
3.967280275030089251e+04
4.158775264882235206e+04
3.614340418958058581e+04
2.300705463902225529e+04
2.645939357946790551e+04
3.238252821845315339e+04
3.023873102704514167e+04
4.077737658726456721e+04
2.348921368700622406e+04
4.201538584265977261e+04
3.629392747058955138e+04
3.842917141997131694e+04
3.024726474507845342e+04
3.178832556195309735e+04
2.666598446301798685e+04
4.070540084793085407e+04
4.200837691902310326e+04
3.645966923701569613e+04
3.469342818443824945e+04
3.841025621482987481e+04
1.945774602932233392e+04
3.983591636289579037e+04
4.057486796083422087e+04
4.188874321476510522e+04
2.304496875346713932e+04
4.169521329210681870e+04
2.082726655958144693e+04
3.937872966138982156e+04
3.687797713918656518e+04
3.858863931246574793e+04
2.938540455367018149e+04
4.162831467552583490e+04
3.904627058221842162e+04
4.167935869643637852e+04
3.509615084404531081e+04
3.124620999331195344e+04
3.958080237334229605e+04
2.784263148073860430e+04
1.591392330971624324e+04
2.686263817071588710e+04
3.656930352466883051e+04
4.192642141191737028e+04
3.974266218061880500e+04
4.193569465579395910e+04
3.413655795681620657e+04
2.440562911394842740e+04
3.260111349484851235e+04
3.248336873293321332e+04
3.895298535484900640e+04
4.014456771115179436e+04
3.631765869216456485e+04
4.148355206985754194e+04
4.198728721569792833e+04
4.087138882393419772e+04
3.153641489154253941e+04
3.994184745524892060e+04
3.934085742297270190e+04
4.196918725709103455e+04
3.892334610752285516e+04
2.461672760902327718e+04
1.818923413826847172e+04
2.696172548510477645e+04
3.489328625395423296e+04
3.583901273429662251e+04
4.159820475910855748e+04
4.166926729236432584e+04
1.994009449789273640e+04
3.902035379406478023e+04
3.369024362153877155e+04
4.055966550462286978e+04
4.148589284795407730e+04
3.971261010676456499e+04
2.883248564100616204e+04
3.693225440420295490e+04
4.031909634146306780e+04
3.910445794872860279e+04
4.194727242570254748e+04
2.417281890807774471e+04
3.626731337708284263e+04
4.050405705590934667e+04
2.916789567935160449e+04
3.827316901659348514e+04
2.368155972528109851e+04
3.475622477113080095e+04
4.053947437697534042e+04
3.243695527295582724e+04
3.148894237869599601e+04
3.935068708088705171e+04
2.146549442186358647e+04
4.017775094926694874e+04
3.481828359255775285e+04
4.008014808659618575e+04
3.064509145803691354e+04
3.292277571501876810e+04
3.865908359683176968e+04
4.036843822191171785e+04
3.229209144442951219e+04
4.003052621428421116e+04
3.475549531125172507e+04
3.624892468169749191e+04
3.957611188887120807e+04
2.659733895680896967e+04
4.190957760201293422e+04
4.107675175422884786e+04
4.150235156534155249e+04
3.040873540260207665e+04
3.056503025443512161e+04
3.369791424205899239e+04
3.391936505040505290e+04
3.505686454757614410e+04
2.443335568506267373e+04
3.404037002003953967e+04
4.071794203842869319e+04
2.550292502341081854e+04
3.537337192315386346e+04
4.146411367252159107e+04
4.182342759333718277e+04
2.054525318154180422e+04
3.662269755042850738e+04
2.815471080508011437e+04
3.493826047814136837e+04
4.157224779291409504e+04
4.071266228062322625e+04
2.261886403447953126e+04
3.376895692541185417e+04
3.777491232556012983e+04
3.668421531700429477e+04
3.922105069945348805e+04
2.868591982678976638e+04
3.126805368247245497e+04
3.333003035075136722e+04
2.767740131614342681e+04
4.174891619531566539e+04
3.658299231691637397e+04
4.163851376638927468e+04
1.727459445564392809e+04
3.734292011634205119e+04
3.821930732323737175e+04
3.408724048563616816e+04
3.423195152581941511e+04
4.201853103251520952e+04
3.064450929170685413e+04
3.707925702373673266e+04
4.086337024180294247e+04
3.349180898476440780e+04
3.839035756712382135e+04
3.839691834234322596e+04
3.730967712538046908e+04
3.680088414030752028e+04
4.203759748995376140e+04
3.542652185574301984e+04
4.181346588111283927e+04
2.249428354398748343e+04
4.029744199767537066e+04
3.408973038424171682e+04
3.893651575124164810e+04
3.491204692029931175e+04
2.221689292668081907e+04
4.179347279136458383e+04
3.512499834001397539e+04
4.066868216991900408e+04
3.821554608896627906e+04
1.999866142719538402e+04
4.202990723875444382e+04
1.695406702436302294e+04
3.740962272803993255e+04
3.496653555117900396e+04
3.700745803095706651e+04
2.934726342320194090e+04
2.494896478380544795e+04
3.885087583382442244e+04
4.123853796918279841e+04
3.352957025997625169e+04
4.157572304277729563e+04
2.498774753713810060e+04
3.988642827162866888e+04
3.088440618474790244e+04
2.018403560021744124e+04
4.058443347776771407e+04
3.866094340130111959e+04
1.659127370134402008e+04
3.112219716257229811e+04
4.121436930954032141e+04
4.141115271732320252e+04
3.521649130947007507e+04
3.939538545697693189e+04
2.165523771874887825e+04
3.510366748354196170e+04
3.821133416276469507e+04
4.173597461284827295e+04
3.675021888534231402e+04
3.110722708212425277e+04
4.197217305815647705e+04
4.076100515869440278e+04
4.194754790468715510e+04
3.129745304979606954e+04
1.937632814381036587e+04
4.183187159229081590e+04
2.829826428573404701e+04
4.193488476075896324e+04
3.338535845926811453e+04
4.098099316187755176e+04
1.601757584647077238e+04
3.878001348706863064e+04
4.006333695829095814e+04
3.420158511739999813e+04
3.074358357495432574e+04
4.189001540868859593e+04
3.805671503194770776e+04
3.690211658604154218e+04
3.025461035162941698e+04
3.073037617532149306e+04
2.264818920700965100e+04
4.124801347663700290e+04
3.961860710560845473e+04
4.084876677144147106e+04
3.831544277860164584e+04
3.980739982969032280e+04
3.737398553951155918e+04
3.773791333675678470e+04
3.211549965348455589e+04
4.014033692902387702e+04
2.629023066793341059e+04
2.854516123753503780e+04
3.846692989210224187e+04
2.987578928033307238e+04
4.014043756807717727e+04
3.123569005386298522e+04
4.129143719363617129e+04
4.182061856852163328e+04
4.162520855036078137e+04
4.086224939032661496e+04
4.078241630146632815e+04
4.152637288448329491e+04
4.141510530815529637e+04
3.545989647467894247e+04
4.070927391609214828e+04
2.923497821962457601e+04
3.709900140023333370e+04
3.991442944918632566e+04
3.676625264245836297e+04
3.343011985460096912e+04
4.056863535980579763e+04
3.882023369823145913e+04
3.822513777655537706e+04
3.052917409481301729e+04
4.155456539264917228e+04
4.186987767797709967e+04
3.696936543664088094e+04
4.202777597686636727e+04
2.078696649857777811e+04
3.901188796950013784e+04
3.506906010479413089e+04
2.561881298967986731e+04
3.726818557645863621e+04
3.417263883660668216e+04
1.740460382474294602e+04
3.427860011143379961e+04
3.548819517899990751e+04
1.937632814381036587e+04
2.610823984750776435e+04
2.986148062366431259e+04
3.831720284002007247e+04
2.768825391695974395e+04
3.818902528074066504e+04
4.052773431078135764e+04
3.034765832242167016e+04
3.698502186780550983e+04
3.802442764502878708e+04
3.465306673092389246e+04
4.165452225484039809e+04
4.135447539653874992e+04
3.568183612665312103e+04
3.780998269044797053e+04
4.029332899104969692e+04
3.872882405019379803e+04
3.684982495434932935e+04
4.049149356171564432e+04
3.434848398661460669e+04
4.166789820542540838e+04
4.106437853322736919e+04
2.581200138218841312e+04
3.906537444411132310e+04
4.189724325417353975e+04
3.861659310494965757e+04
2.883392675154307653e+04
4.200122405713777698e+04
4.189446440295850334e+04
3.827656396026397124e+04
3.292869874365626310e+04
2.662309845597190724e+04
3.866999070778999885e+04
2.929695019506563767e+04
2.825628119621358201e+04
3.432869862240662042e+04
4.181864929803825362e+04
4.044739587135630427e+04
3.138490141635761393e+04
2.882839646249209909e+04
3.944532644513479318e+04
2.627475832809077838e+04
3.730027921123261331e+04
4.123754523670019989e+04
3.598431215055961366e+04
4.194352850065703387e+04
3.721323000738008705e+04
3.642081310724814830e+04
3.996079429366893601e+04
2.881460877480335694e+04
3.845150013349713117e+04
3.674393570621311665e+04
4.098689671365433605e+04
3.042105836669978453e+04
3.800556198183093511e+04
3.426735223095047695e+04
4.113451179304341349e+04
3.311253125297800580e+04
4.000041347254256834e+04
3.823330725604429608e+04
3.111623454742601461e+04
3.492436259080586024e+04
3.389005736366305791e+04
3.962643110765371966e+04
2.888136670590837457e+04
3.796470266317855567e+04
2.972668167267468016e+04
3.417839582312831772e+04
3.491204692029931175e+04
4.183797937949234620e+04
4.049585004366139765e+04
3.621730999295949005e+04
4.052612463013543311e+04
2.553816911793448526e+04
4.046450164996390231e+04
2.871336553735272901e+04
3.468051519853927311e+04
4.161144466528727207e+04
3.692076560245583823e+04
3.353879072118686599e+04
3.430588290254111780e+04
3.495532495026203105e+04
4.192198130589754874e+04
1.881124117533572644e+04
3.568183612665312103e+04
3.768234646413711744e+04
4.196692364348500269e+04
2.347616820563416331e+04
2.727886874797508790e+04
3.913073510416974023e+04
1.770634711822157988e+04
4.194631246788950375e+04
3.212232536185465506e+04
2.615004584162330138e+04
3.718694347684978857e+04
4.189747185914620059e+04
3.763828711248783657e+04
4.080045256450258603e+04
4.183099324300416629e+04
4.013255229891305498e+04
4.004652240613428148e+04
3.466218961806723382e+04
3.590521096992304228e+04
3.995211721826218127e+04
4.038919772564502637e+04
2.921132685620137636e+04
4.185841452041598677e+04
3.671940331839397550e+04
3.133940743641858353e+04
4.194379171485755069e+04
2.494585379899835971e+04
4.022929093168307736e+04
4.135463644637551624e+04
4.203036034924771229e+04
3.210404838548542830e+04
4.201008513445037534e+04
3.741774575706117321e+04
3.722077616654681333e+04
3.531099399654169974e+04
3.791430403396716429e+04
3.565536711576882954e+04
4.046334603415505262e+04
4.072736417496411013e+04
4.029869194287266146e+04
4.141468352651238092e+04
4.158616874747267866e+04
3.207261861778506864e+04
2.626379128695753025e+04
3.807916927909803053e+04
4.164923645414761268e+04
3.898640735629020492e+04
4.191076070918641926e+04
3.600277625909626659e+04
2.898713229192791187e+04
3.607762153428442252e+04
4.128871639204990061e+04
4.044398191770877747e+04
3.990305130452233425e+04
3.967280275030089251e+04
3.100783999621808471e+04
4.140963677227875451e+04
4.035355070734326728e+04
4.143156169696558209e+04
3.089555442696918180e+04
3.308851903011804097e+04
2.469446712626884619e+04
4.165984192242915015e+04
3.428792829448449629e+04
2.551795428398471995e+04
4.199493253125945921e+04
3.997744855681284389e+04
3.560195205415614328e+04
3.834929382753587561e+04
1.974969348061182245e+04
4.088269068420537951e+04
2.824556604173376036e+04
2.731286491759886121e+04
3.915330876819476543e+04
4.125392352524808666e+04
3.239134200177857201e+04
2.806853682369253147e+04
4.036912438155372365e+04
3.193390864638268249e+04
2.949902421659550237e+04
3.162679603543724443e+04
3.989379305574567115e+04
3.056998674542794834e+04
2.885573753114939245e+04
4.046410753043677687e+04
4.126414818667700456e+04
2.816192275293810962e+04
4.123494899131161219e+04
3.895103432389874069e+04
4.033165552364688483e+04
4.110610444174036093e+04
3.818313000516998000e+04
3.426200211332253093e+04
4.202965574229814229e+04
3.304710592622754484e+04
3.424952462186449702e+04
4.179769156360584020e+04
3.789626505554604955e+04
4.097147994647223095e+04
2.887625484657375273e+04
3.789529974072768528e+04
4.052099984637513262e+04
4.196375926953418821e+04
3.259801591231196653e+04
4.171155727907201799e+04
3.434848398661460669e+04
3.511838423357903957e+04
4.184087608266411553e+04
2.499963666975438537e+04
3.924225394457812945e+04
3.380404480959739885e+04
3.837045344397018926e+04
4.189724325417353975e+04
4.065501326322286332e+04
4.174398284418135881e+04
3.645938264605261793e+04
3.601991822280608176e+04
1.741862127673043869e+04
3.832461247127548995e+04
4.181234036894536985e+04
4.190770624614511325e+04
4.054610462486770120e+04
4.002580287561685691e+04
4.075314723770451383e+04
3.658948591121318896e+04
3.839441755351491156e+04
3.920138148139838449e+04
3.132654365113886888e+04
3.086809052192616218e+04
4.191728068017476471e+04
1.628727453336231520e+04
3.785438478577449860e+04
3.236811430357671634e+04
3.757161441069915600e+04
3.730864349923739792e+04
3.983523332379975182e+04
2.414632970739672237e+04
3.912825852498377935e+04
3.307874763912401977e+04
3.908956734868275817e+04
4.083807912109237077e+04
3.793908139014484186e+04
4.186073730906015408e+04
2.922453253265181775e+04
4.086910103149437782e+04
3.588183733333999407e+04
4.144665911306915223e+04
4.031919517609912873e+04
3.374516667688840971e+04
4.127830055886756600e+04
3.507247365670089494e+04
4.145203710997683811e+04
4.184271631845374941e+04
3.674967369205436989e+04
3.386792677083497983e+04
4.191573750087638473e+04
3.789262544698615238e+04
4.185714355328567035e+04
2.364063927606539073e+04
2.868771615620987359e+04
2.831747059983976214e+04
3.471675871668710170e+04
3.999052286642963736e+04
4.184989195100958750e+04
2.493825642527012678e+04
3.278775950859290606e+04
3.237614317277299779e+04
4.174195034889341332e+04
4.088966491370180302e+04
3.611649920126228972e+04
4.127189143541715748e+04
3.841000322659283847e+04
2.261886403447953126e+04
4.183639291122570285e+04
3.478619020873568661e+04
2.609044666771098855e+04
3.168048478519942000e+04
3.756567137123979046e+04
3.868519696649142861e+04
1.999866142719538402e+04
3.747841412922078598e+04
3.258650991457158671e+04
2.222143122540426702e+04
3.998739004259240755e+04
4.092780270504648797e+04
3.947697991319617722e+04
4.185049788485487079e+04
3.675526194277526520e+04
2.348182640465175064e+04
4.061780292847330566e+04
2.519961025793224690e+04
3.427948994939312979e+04
2.100731118519759184e+04
2.931590624103258597e+04
4.000897401739385532e+04
3.697393803754945839e+04
4.082394413029144926e+04
3.279775096537319769e+04
4.095631641641976603e+04
3.635906031839584466e+04
1.955426080082888075e+04
3.872476993214452523e+04
3.424614021855555620e+04
3.112017615016392665e+04
2.465770427357224980e+04
3.839441755351491156e+04
3.290170053939803620e+04
4.190333874944341369e+04
3.774360798550161417e+04
4.095631641641976603e+04
3.656342656519890443e+04
4.036625109390301077e+04
3.339863621981263714e+04
3.825728489508914936e+04
3.518847102757071843e+04
4.198907289547813707e+04
4.191862926669520675e+04
4.152260376497328980e+04
3.875432466016011313e+04
3.784705087445971731e+04
4.088512882123490272e+04
4.146261949529890262e+04
2.586976800110861950e+04
4.190450983619663748e+04
4.132582703009661054e+04
3.227342960645855419e+04
3.768268669287544617e+04
4.037230027784231061e+04
3.993845907913591509e+04
4.152476690950696502e+04
3.020046656949313910e+04
3.163011379725013830e+04
3.724209485217782640e+04
2.692557616648573457e+04
2.128935313835681882e+04
2.941358876716401574e+04
4.203521567329160462e+04
3.866744094956399931e+04
2.348812960995896719e+04
3.899825537127545249e+04
3.761930042401171522e+04
4.185838858840712783e+04
2.870659094844848005e+04
4.076754277204506798e+04
4.202949776116407884e+04
3.112017615016392665e+04
3.702643034409999382e+04
4.093531182078595157e+04
3.227282253102717732e+04
3.539104306992886995e+04
4.200835316939758923e+04
3.961167280085149105e+04
4.153071570339030586e+04
3.825728489508914936e+04
3.837469890820882574e+04
4.168055755764861533e+04
3.570249260988960305e+04
3.537458080741224694e+04
2.824586343881747598e+04
4.180828527933690930e+04
3.357722486004413076e+04
4.088918174097555311e+04
3.506189185604188970e+04
4.173937771056136990e+04
3.311927157776890090e+04
3.221585569797447533e+04
2.003669998799716996e+04
3.813431029137410951e+04
4.014033692902387702e+04
3.821884207170263107e+04
3.273839292072870376e+04
3.891381879832850245e+04
2.613997860550705809e+04
1.833666104069123685e+04
4.180608777578241279e+04
4.145364607539707504e+04
3.417532882325062383e+04
4.172073974601840746e+04
2.326576231383963386e+04
3.611488463857170427e+04
3.654749372566596139e+04
4.040458432713872753e+04
2.613036060244902910e+04
3.786542247081003734e+04
3.677411736314335576e+04
3.613611853427499591e+04
4.179369331164799223e+04
4.170751892831485020e+04
4.130629993848306185e+04
3.740973715586957405e+04
4.112548916624471894e+04
3.983591636289579037e+04
4.071785435147117823e+04
3.740815092705138522e+04
3.943224662723702204e+04
4.092386577014494105e+04
3.963017581130147300e+04
2.452482065575983506e+04
4.121183410105819348e+04
4.002560778986938385e+04
3.463401512232510868e+04
3.819722728040593211e+04
4.116054979239150271e+04
2.784008416857779594e+04
3.112111100973583962e+04
3.323132901863280858e+04
3.668287076559080742e+04
2.967796241059028398e+04
4.176030138412219821e+04
3.840697137028555881e+04
3.929767185123306990e+04
2.641979372473416879e+04
4.171643612695275806e+04
3.786542247081003734e+04
1.943775685796821199e+04
3.732954632473924721e+04
2.006803922976481772e+04
3.035439156037852445e+04
3.740973715586957405e+04
3.525023296863349969e+04
1.989784046126033718e+04
4.143134210434138367e+04
3.671021489850172657e+04
4.050073350077193754e+04
2.106446138765850264e+04
2.481689725595827622e+04
4.000104080769568100e+04
3.977152007452674297e+04
3.833465137005228462e+04
4.007548260546338861e+04
3.672627671739191283e+04
4.197367059953013086e+04
4.201494864576014515e+04
3.997961871854714991e+04
2.894880110132728805e+04
3.248353814954356494e+04
4.141932243061024928e+04
3.178771296177316253e+04
3.740996968788844970e+04
3.325110409115653601e+04
3.782417024702325580e+04
3.228115428808764045e+04
2.329241521378994003e+04
4.184946695813549013e+04
3.402750097693851421e+04
2.203991107820211255e+04
2.426904972183336940e+04
3.802892726679454790e+04
2.658231704879278186e+04
4.201637229742367344e+04
3.371416977874806616e+04
4.043372419506320148e+04
3.168048478519942000e+04
2.979451877361581137e+04
4.005154514898653724e+04
3.157591305163871220e+04
3.480554775847026758e+04
3.336941012203085120e+04
2.842926047724017553e+04
4.159547521209592378e+04
4.117933357424521091e+04
4.173361668596017989e+04
2.604867254194786437e+04
3.246899412996560204e+04
2.550743045033300950e+04
4.114646666249782720e+04
3.604524279127056798e+04
4.135842273724441475e+04
4.148480923440672632e+04
3.840621999011119624e+04
3.362154993856885994e+04
2.966094995266194019e+04
3.515733562788966810e+04
1.681685029668033167e+04
3.598951645195548190e+04
4.045592438083008165e+04
3.414539807421150908e+04
3.965592249385008472e+04
1.692104531332223996e+04
3.613305929034877045e+04
3.251464000114196460e+04
3.988376100121512718e+04
4.059909917166321975e+04
2.425391051369146589e+04
4.119006891400288441e+04
2.759946610349478942e+04
4.089803947501072253e+04
3.482758502613253222e+04
3.886955747457267717e+04
3.632056021004985087e+04
3.167826522331846354e+04
4.159477844501820073e+04
1.981576916685976175e+04
3.931142686259032052e+04
4.098778116038619919e+04
3.033600864236319467e+04
3.895338232324838464e+04
4.195765490066762140e+04
3.839822829993837513e+04
3.363661578676073259e+04
4.146649441080068209e+04
3.091989559215221379e+04
3.114264736159998938e+04
3.699756354293767072e+04
4.166955345320267952e+04
2.493825642527012678e+04
4.200897092245412205e+04
2.561265481377300239e+04
2.307791952463069902e+04
3.149105433122199611e+04
3.638376037418635678e+04
4.004238006932049029e+04
2.036739891205912136e+04
3.435335618541316944e+04
3.489328625395423296e+04
4.008014808659618575e+04
3.225591589898720122e+04
4.186747189350353437e+04
4.076558747929950187e+04
3.805439108330471936e+04
3.478644762647856987e+04
4.197559445418156974e+04
4.012431858175562957e+04
3.909290943985797639e+04
1.806567583257042861e+04
2.928984465725228802e+04
3.618823685358553485e+04
3.868765957747664652e+04
3.838066486050267122e+04
2.128935313835681882e+04
4.066350751940773625e+04
4.023894267287739785e+04
3.842272832151164766e+04
4.183431013115552196e+04
4.181531180844905612e+04
3.850285109476827347e+04
4.113110663669672795e+04
4.203313684631274373e+04
3.222709557440919161e+04
4.124662658652993559e+04
3.974953865030080487e+04
3.527550886062713835e+04
3.613305929034877045e+04
3.598456972538743867e+04
4.128528128232377640e+04
3.225119692899903748e+04
3.371979839460941002e+04
3.957111358243646100e+04
3.845087029402484768e+04
3.865698903846000030e+04
4.201407673713834083e+04
3.911440689368860330e+04
3.321957839018297818e+04
4.199233892525549891e+04
4.200349779184120416e+04
3.862626045176827756e+04
4.036432682335412392e+04
4.079942368657334737e+04
3.999468885437185236e+04
3.957367162574588292e+04
1.675847415958605416e+04
2.154054339329544746e+04
4.177084763229390228e+04
3.674594498334329546e+04
3.032670232124202448e+04
3.347376853915996617e+04
3.910385444267942512e+04
3.827637677466812602e+04
4.158165074025608192e+04
3.755266700744403352e+04
3.407858580659842846e+04
4.109984998981147510e+04
4.166789820542540838e+04
4.174185173450237926e+04
4.013943158567028149e+04
2.300864678300502783e+04
4.196445617035235045e+04
4.176114488596177398e+04
2.557016422841075837e+04
4.044578509904240491e+04
3.577354860013823054e+04
2.692557616648573457e+04
2.021814039515307377e+04
4.184205669073362515e+04
2.160952451897938590e+04
3.386792677083497983e+04
4.175448890124353056e+04
3.830626530272290984e+04
4.083378631338685955e+04
4.135463644637551624e+04
3.178832556195309735e+04
4.091201229294055520e+04
2.431409277305270371e+04
3.714205049786507152e+04
2.352548894503498741e+04
2.573533725705257893e+04
3.594493125417170813e+04
2.903487961548547537e+04
