2.148905784959826738e-03
3.641504276607848115e-04
3.342000657341202222e-03
3.799411779941012425e-04
2.955294110028938237e-04
1.352195703854532647e-03
6.641718340369303069e-04
1.772124393616880331e-03
6.436267942918501815e-04
1.282216640773363708e-03
1.003838207855048664e-03
1.144140451500556648e-03
1.579957938017175325e-03
3.046330869676827928e-04
3.030005752962377781e-04
5.519203179790394898e-04
3.972598337592992985e-04
1.754719674008163805e-03
8.760831078953897197e-04
7.643137993674803832e-04
6.194641142262616047e-04
7.734895926380521650e-04
8.101671022757776742e-04
8.930042470879426394e-04
3.826883526473728002e-03
1.096915114349315996e-03
9.138369893666870025e-04
6.311961402887970645e-04
1.185130749659696900e-03
5.759773684799395724e-04
8.950040319642518002e-04
1.262698509147188852e-03
8.867601658696105818e-04
1.213299877401592718e-03
4.616690572082176561e-04
2.373477353451023308e-04
1.130314361863217661e-03
1.162877519602442764e-03
8.414503431571557831e-04
7.713897323980478454e-04
1.047391803455405886e-03
5.033480358410734150e-04
4.881848876166856779e-04
6.318052167190633082e-04
5.827230091671880023e-04
1.443353419061706860e-03
1.023194719534140660e-03
8.007183096874169459e-04
6.646599692165584177e-04
1.158293233056816593e-03
8.446242702977396852e-04
1.287827679207247372e-03
1.194954854471813209e-03
6.697159238711585926e-04
3.130511966218968867e-04
1.060181368419606121e-03
1.016205524229265959e-03
6.989282049966720088e-04
1.521737941445848799e-03
7.635254333082992133e-04
3.964514119429208313e-04
4.025995916583182169e-04
3.358731148785657405e-04
5.184701188308492824e-04
6.241477862649664641e-04
1.330531808726085913e-03
9.031543761495480120e-04
6.193635340735333897e-04
6.067020055298625713e-04
1.263666775627744201e-03
4.050258466785540282e-04
8.238906883413454852e-04
8.996267374001382881e-04
6.249615007115775014e-04
7.758355012987480648e-04
6.430681762864600423e-04
1.400011796685134580e-03
5.347674881531213438e-04
6.102560548500334707e-04
1.368410895825679071e-03
7.626580551397761426e-04
2.214537292979200725e-03
4.041018440990430216e-04
1.396902988991744398e-03
7.407417049208544916e-04
3.429954417551218135e-04
1.370133230600037704e-03
2.276990576414855520e-03
3.518344985192934250e-04
4.730743256504029966e-04
5.369969485620347798e-04
7.639552956863562318e-04
1.381928819352345669e-03
3.508331598055541237e-03
3.693287260226100718e-04
4.423895302217367514e-04
8.733896887255871095e-04
9.608895479095480628e-04
9.756654226307501839e-04
4.952188569133568561e-04
1.746652298579957430e-03
4.061072857036053009e-03
4.590043083842356808e-04
8.655645851473246733e-04
9.596285606480669476e-04
1.146588588980632963e-03
1.519030462544697846e-03
4.824878944059065190e-04
2.790686456702769474e-03
9.116710291622735817e-04
6.783550617960260390e-04
1.216535548198249090e-03
7.259843737811290344e-04
1.294292513327373719e-03
1.928552414732893471e-03
1.169449467141454348e-03
1.168369899157554017e-03
4.713549110512972292e-04
7.368573347331576918e-04
3.370174257545792721e-04
1.364234125376336242e-03
1.444909989520061153e-02
4.024593633829369986e-04
4.502463460157771322e-04
8.091497812117307226e-04
2.016690720607968064e-03
2.085368316444123713e-03
8.466333922314004182e-04
7.562075248611975324e-04
2.479974190828737818e-04
1.396175265675132001e-03
5.371078177441958095e-04
5.124793197239357325e-04
1.299233439597264955e-03
1.683773267457598340e-03
5.293314523665749354e-04
7.610067193615668944e-04
8.818901755258031763e-04
1.416323722740459208e-03
1.095628523950055401e-03
5.174904078064522430e-04
1.746107571624366979e-03
8.456086944968758869e-04
7.034982100144186084e-04
1.457318223079146933e-03
4.969682594705333595e-04
8.576651024632536702e-04
9.583302898604757585e-04
5.544874820476576420e-04
3.219986674148019078e-04
5.263896953090230766e-04
7.325598554932756436e-04
1.105672685826521477e-03
1.114139727927443034e-03
3.578341426578615062e-04
1.272203411733181149e-03
1.033338951716636454e-03
5.435258544532508814e-04
4.935485890903536579e-04
9.176274241196630699e-04
1.681276242968118275e-03
1.163259000440954169e-03
7.576254037773034198e-04
1.125787735980426181e-03
3.486985853174354578e-04
3.687227503917081192e-04
3.386591463785623723e-04
8.367534748574602952e-04
1.918725189612555939e-03
1.532046829025350337e-03
7.788456118295172944e-04
8.589043047545980372e-04
5.724971292484580098e-04
2.932423882937517778e-03
6.160285485108776870e-04
2.089120454056973581e-04
7.248727950916272972e-04
6.256185624439501236e-04
9.465364789154082992e-04
9.748968277827151476e-04
3.942536597958093587e-04
4.878101564646537130e-04
1.605391501466975866e-03
4.851199390400326374e-04
1.246030497675474150e-03
5.837341875157072042e-04
1.337270762134878639e-03
9.915252411716699195e-04
2.430315952434122621e-03
1.264059085191692345e-03
6.695008261332477048e-04
8.575178188099788273e-04
7.332114527571107713e-04
1.420938784923452035e-03
1.233051106069085138e-03
4.265357480420787139e-04
2.211841860752749873e-03
8.336054016221059728e-04
3.123117358184682342e-04
1.473053188887393349e-03
1.090588166582858376e-03
4.791174426153821581e-04
4.721932314832673252e-04
1.123138486861030311e-03
1.103440324623963147e-03
4.427991036156466212e-04
1.718845970937946674e-03
1.414640093792987911e-03
1.983148913363164297e-03
3.127297094015880712e-04
6.151837862597108169e-04
7.010202895574952839e-04
6.964399117647587225e-04
5.846574866316972150e-04
7.131623102320974305e-04
4.821665914344722701e-04
3.126746357514972722e-04
4.304204157534029934e-04
7.653161943502121822e-04
1.078427792272463204e-03
9.964670276164607800e-04
2.370935582704462603e-03
1.054654182414471904e-03
7.627453150178187995e-04
6.305370055081429030e-04
1.184233751593242751e-03
5.490667707403740477e-04
1.716303951863749899e-03
1.884379070782788530e-03
6.967310415000775928e-04
2.469992277354350813e-04
5.248283432958980805e-04
9.640561656504488975e-04
1.102861697444760701e-03
7.072897246381577982e-04
1.172549125760493759e-03
2.933069134986240889e-04
3.335178177894956419e-03
7.386790563555374308e-04
1.952797045646667475e-03
6.256321711584144707e-04
6.425591567816825922e-04
5.876268016707563097e-04
1.706024203330870799e-03
1.286343200120678831e-03
2.005832724980451034e-03
1.448261690221485602e-03
1.565699244721565969e-03
9.349457694295809900e-04
7.290859339296307641e-04
7.263722933918394459e-04
5.503306096117051077e-04
4.437900508517866535e-04
4.222305627032192535e-04
1.090989310237461263e-03
4.932154390264344287e-04
7.559660209809144398e-04
1.997225855797880520e-03
9.184572013184704852e-04
4.309019753199630032e-04
8.285093416537232759e-04
4.627981075321890955e-04
1.367585757421019938e-03
2.080673851908485927e-03
1.309465118548852700e-03
5.599854913981878058e-04
1.868030913984658698e-03
2.500474373128524206e-04
1.115843265202563512e-03
1.009942631441304844e-03
8.249022172780932742e-04
6.942758319313252100e-04
2.503324002405849305e-03
6.019470600282020561e-04
2.093564123896976027e-03
6.379003679456727921e-04
4.651780369380178679e-04
5.518644995308335816e-04
8.104757869764160627e-04
4.917347323820375760e-04
5.455926944213334955e-04
4.849683909801668171e-04
8.868819884489541512e-04
3.452652868280736437e-04
4.187984310217574674e-04
7.352184712663157326e-04
5.538392373030370103e-04
1.131072858607817333e-03
1.547023059983908050e-03
7.223755500815849185e-04
3.684717392585649975e-04
5.650990755862755248e-04
3.907884393782557701e-04
4.569121195651965756e-04
5.415683869649472572e-04
6.791112030345519907e-04
2.682690713564560899e-03
5.666646815265421588e-04
8.606613301961814648e-04
2.990855516569848691e-03
6.807752235139574509e-04
7.254032348383054928e-04
5.563269750996601955e-04
1.070118159178749502e-03
3.489591530421270711e-04
1.173411071385048769e-03
4.484825516434914048e-04
5.135572330388593577e-04
8.253725358120471813e-04
1.577266531461970264e-03
7.397847591738938378e-04
1.674540785177323085e-03
4.989827108675602653e-04
3.188696171277736330e-04
5.185256746837006584e-04
2.553515147309976408e-04
7.305321815592991617e-04
7.677419164830875074e-04
1.185660103409185134e-03
1.673240548850842913e-03
2.223998974879111499e-03
3.249959820981505399e-04
3.168311138039414795e-04
8.472976367902979034e-04
5.791534192531405624e-04
4.505233193360880998e-04
1.483664424270513460e-03
5.208812067586573438e-04
8.381730968461572869e-04
1.548532279411905755e-03
3.629302363516005866e-04
8.903506849011810559e-04
1.924949195785970787e-03
6.311961402887970645e-04
7.051766899078618089e-04
4.647425323314612229e-04
1.207067599765938555e-03
9.756762118028380459e-04
5.009743709927964384e-04
7.526034219147746196e-04
4.009841210024158863e-04
5.796534811682880085e-04
1.001192289543934542e-03
6.485773879883390556e-04
1.284971084849057671e-03
2.566641692474591271e-03
6.766945390446389317e-04
4.328225966237449532e-04
3.801185489778101867e-04
9.911606726748824203e-04
6.597620368427182646e-04
1.109119037641407342e-03
1.797975287850351895e-03
5.830230493039606585e-04
5.086335597775794130e-04
9.719654867876971558e-04
1.001968488386659889e-03
1.172416973366088595e-03
1.754719674008163805e-03
3.915220810740160408e-04
1.242987172668282968e-03
4.860372673005344986e-04
7.265663122791141300e-04
5.553764767210283247e-04
2.603547607083825377e-04
4.245399585078271274e-04
4.076081836258844786e-03
6.949270611827474764e-04
1.091237486361616238e-03
6.579077386404669344e-04
1.882550599353714858e-03
6.575759540097649361e-04
4.373971950331348923e-04
3.762744229557406987e-04
6.853351196522900531e-04
1.128717530376902121e-03
5.982754353664897131e-04
2.519656460848601794e-03
1.263548187908630034e-03
8.957223696892036751e-04
1.176462399516259132e-03
1.174144020891635005e-03
3.388262015675598147e-04
4.716613616449734717e-04
1.165166225471102107e-03
3.456812470486761392e-04
4.908280022692647565e-04
5.336992778245043968e-04
6.531685859713383781e-04
1.335010234012745786e-03
6.673501514222403459e-04
3.375166627782057974e-04
3.724721813728242513e-04
7.493005407348466004e-04
1.132840208610961814e-03
6.897058964467395236e-04
8.157496572898075959e-04
6.089530308801883486e-04
1.301859714546003575e-03
1.050665164810976170e-03
4.002675167342336845e-04
8.256014489084792084e-04
6.429141973957669051e-04
9.594148232610289146e-04
7.021025402903121855e-04
4.674968902479641306e-04
1.091206882619619699e-03
1.197972732163477255e-03
8.705859190979775217e-04
3.606818767686885332e-04
5.368474603796835045e-04
2.061535557315871160e-03
5.842814493419544583e-04
4.128635859253484085e-04
2.567362013858201595e-03
7.662620523283524563e-04
5.669908178085358071e-04
8.149358237406131855e-04
9.719654867876971558e-04
4.654664808598012963e-04
3.496483891578238963e-04
1.091428053508822346e-03
1.146800513429812023e-03
1.400011796685134580e-03
6.705179570623345797e-04
7.891231648942036245e-04
5.752920609655532780e-04
6.599647699343816299e-04
1.382550149057742246e-03
2.120094807996173326e-03
7.274972749763405433e-04
2.800433778197714343e-03
4.580256305476824064e-04
3.660993629075950267e-04
4.373863598141715164e-04
4.045864649345914965e-04
3.376517202308709385e-04
2.216208423140999563e-03
6.063350458268508330e-04
5.110649018602264572e-04
6.310690894083178246e-04
3.305879513234325981e-04
6.262589937383797583e-04
6.382278011049546170e-04
5.900286186901042848e-04
1.170387930076277226e-03
2.108092083194623820e-04
7.968443404429673312e-04
4.996222832005606804e-04
2.606655504186981267e-04
4.781095858852963862e-04
5.485375265462530880e-04
5.908100200257389778e-04
3.212935020596624546e-04
4.287544510493699950e-04
3.253269573485723467e-04
4.926131269675865449e-04
6.171372670154549097e-04
2.117291855649603132e-03
7.464474474256317183e-04
7.310738173053989760e-04
7.965757855261961689e-04
6.009821108852812224e-04
2.070396549070733280e-03
1.170079664559776867e-03
6.589482714753208681e-04
4.165532879451717290e-04
3.940912319049264196e-04
5.485894798945244438e-04
1.830273347957043920e-03
1.802270353702085980e-03
1.232502284658828964e-03
4.565539988743820836e-04
4.301546453617486622e-04
3.608309011507623821e-04
1.234605603410943555e-03
2.844742236925531641e-03
4.336137444048606261e-04
8.842436154784084163e-04
9.854319894311933808e-04
4.073575305685614260e-04
1.353208477141095356e-03
1.125694668882133709e-03
1.506007784148548356e-03
4.594124509701211353e-04
1.631137944447108579e-03
2.553515147309976408e-04
2.696541456475880423e-04
2.673898500571142336e-03
4.128230737759378747e-04
4.160413335379646322e-04
1.225356315725378061e-03
7.894192407479014035e-04
1.708556999186729413e-03
1.511599987296933633e-03
1.311928621476918288e-03
2.616380915162996564e-04
6.973387140785923012e-04
9.351613469500859570e-04
1.293896804671827543e-03
6.769517645579110855e-04
2.148905784959826738e-03
2.800433778197714343e-03
8.052649409347714844e-04
1.215011613111943809e-03
1.020072187232171947e-03
3.529314866392545681e-04
8.857427732487857660e-04
7.373820147119440876e-04
7.709086805812291219e-04
3.030838138195100871e-03
6.653739121508534665e-04
3.163973322758026297e-04
2.734605176034055041e-04
6.922461634639241312e-04
9.757991204343176425e-04
3.012519587246865463e-04
7.382508246855905157e-04
2.571701154807885283e-03
6.148785455407278439e-04
7.008617278321062133e-04
2.827898021871904049e-04
6.770167343100095105e-04
5.660619134995680630e-04
7.898979835268562198e-04
1.043281227112825360e-03
1.121271284115019995e-03
2.180259908895002159e-03
8.150659002013288610e-04
1.124702152050778212e-03
3.506950618672416246e-03
8.542177596198710166e-04
2.751089512679290913e-03
7.984577328715181674e-04
7.412497546498879666e-04
1.154790220107687658e-03
6.974472942352953272e-04
6.028562476635739237e-04
7.915347772499613200e-04
1.003825056587662147e-03
7.534541391251277321e-04
3.518211890968845723e-04
9.926399877094455038e-04
7.000092924901324008e-04
7.412185656783322777e-04
8.622330224679213050e-04
4.412785576986950854e-04
4.000691355999974521e-04
1.470978467755820144e-03
6.148100703175994304e-04
2.017705721768368009e-03
3.633182987164915449e-04
5.466188906969534928e-04
1.226192128447756201e-03
7.800663417431344913e-04
7.843293599177346724e-04
9.176274241196630699e-04
1.203780486724212581e-03
5.266207792705132401e-04
2.136489549858899394e-03
5.512142995405091075e-04
3.160970142206243993e-04
3.497926404171416547e-03
1.711159639527140520e-03
5.961083298423183133e-04
1.876021725980880515e-03
1.128992594025580781e-03
2.535460424961400935e-03
1.001940503642001577e-03
1.162680958525483298e-03
2.380200587523484575e-03
6.498245269425007194e-04
1.232778121942490522e-03
1.204002527291444906e-03
6.913980905713308298e-03
1.889193537176302087e-03
2.615896522459168418e-04
7.817659687824780879e-04
8.142858421316763375e-04
4.917785377208484321e-04
6.543392007249557380e-04
1.185935240203227258e-03
9.840173410970436303e-04
5.213385807179928867e-04
4.724316501681437058e-04
6.750560918688406015e-04
4.927482354070109342e-04
5.898461312442941770e-04
1.234756763196319775e-03
2.814814915872593812e-04
1.126462233133746632e-03
1.630565322762797227e-03
7.110408921222116305e-04
1.568385490401178958e-02
5.459423049832091502e-04
7.570499093476567264e-04
4.853049224549541517e-04
8.085806010119452221e-04
4.001520957762519739e-04
1.482789914995474119e-03
6.034241767271036287e-04
5.751549874331487316e-04
9.258897386345112460e-04
7.571534687847502687e-04
6.227863672169914712e-04
3.705279576665563516e-04
1.138209846436430981e-03
2.216208423140999563e-03
4.002866301606458556e-04
8.653031583610628621e-04
8.248397273054531220e-04
4.861630974302015617e-04
1.117705066164667149e-03
4.634360607686920661e-04
6.262589937383797583e-04
4.668755664389255002e-04
1.192274894057200347e-03
9.684536778267666991e-04
1.381170605919099540e-03
5.225327513893480167e-04
3.717113151160219729e-04
4.879421218927133146e-04
3.723059636208604813e-04
3.862974646714390403e-04
3.420409370506086004e-04
3.323513678212427461e-04
4.108804826814868171e-04
1.772844547102817025e-03
3.495455009858801018e-04
1.037856010630408424e-03
5.330761716470312815e-04
4.822742101730138507e-04
5.643968925047656172e-04
4.010519857987515278e-04
1.085540145192269088e-03
9.168069528966835873e-04
5.532107406698595891e-04
6.545135118454070006e-04
6.304091250290551037e-04
5.438683005799308228e-04
9.350922564900543453e-04
7.638799416189914065e-04
1.426348123355935301e-03
1.041439981937033327e-03
3.841546511493232037e-04
9.370666383088679637e-04
6.641416693404050787e-04
8.210857221788618945e-04
1.370241203073662827e-03
6.816668608649307072e-04
9.174680404649499183e-04
4.349000627745537844e-04
7.904681820457258330e-04
1.511005605796772282e-03
1.348943241775993991e-03
7.183831188513988388e-04
9.631017154050699894e-04
1.021869763235361099e-03
2.245378855168652331e-04
2.404815336613573204e-03
5.306883549949808652e-04
9.905958993079919377e-04
5.562604339031480480e-04
6.697634781251370073e-04
4.419463649962769363e-04
2.480050077377381982e-03
1.202152711731126027e-03
5.519203179790394898e-04
1.121881935888536077e-03
3.342675321430401206e-03
4.123729201807997094e-04
1.095945271833933046e-03
1.598927563380634232e-03
4.816755875042846272e-04
8.868819884489541512e-04
1.853530509203656172e-03
5.441515093363239733e-04
4.635402049023261417e-04
4.059101281271708687e-04
5.734617238246632288e-04
5.325866996612548627e-04
3.249959820981505399e-04
1.137293073663641100e-03
6.291190402968716662e-04
5.534758921790685748e-04
1.295118126978458397e-03
7.772853567681513266e-04
1.299013859964064273e-03
7.399013138551543793e-04
1.119465421298080016e-03
6.106260084278859572e-04
1.500083337874758482e-03
1.687344896219080412e-03
6.398361556675774249e-04
1.074832255691049454e-03
6.279781911926715686e-04
9.715892751275957522e-04
1.795241927073288517e-03
2.293886757700402609e-03
8.802952099724949174e-04
1.172917395279535115e-03
1.315915528166830767e-03
6.710173453282824519e-04
8.493606301275836426e-04
5.332186560158809572e-04
6.857358199887977077e-04
6.126191733734336758e-04
1.772844547102817025e-03
1.128473287335510049e-03
4.055428859767876495e-03
4.922397551255367539e-04
1.172917395279535115e-03
9.474412221515633508e-04
4.109831302325741469e-04
7.257359696781602804e-04
2.242178203041169434e-03
9.078956395382349045e-04
1.251941846222838668e-03
4.731363114041937500e-04
2.387404407992798163e-04
1.269076573782547358e-03
2.421084807364321662e-03
5.397345441246820990e-04
1.138518930994366490e-03
9.457869730066721962e-04
1.006555919646454815e-03
4.204426204953668768e-04
7.468140051871476363e-04
7.605909639884786758e-04
2.521652828266731554e-04
6.615385950629061032e-04
1.103170955285752083e-03
5.422664531547290341e-04
9.901774044992555594e-04
1.082478381941408404e-03
5.952273799777271649e-04
4.798242031060496711e-04
2.724873313665550183e-03
3.723654016972518404e-04
2.699588146504071839e-04
2.623479960711854863e-03
6.708616399163723053e-04
1.507342454233220322e-03
5.738542920874118184e-04
5.271618042567295225e-04
6.390529719674240602e-04
4.987936291749727347e-04
6.857358199887977077e-04
7.034541336763927566e-03
8.134029978164474851e-04
5.289364266611155420e-04
5.991890028940156194e-04
6.401974336103278835e-04
1.040592723656457580e-03
6.089498778252275604e-04
2.242178203041169434e-03
9.124866529122238569e-04
8.960726974448313077e-04
1.105759789025216036e-03
5.349088528769325307e-03
3.437153683387659262e-04
8.229967124260114059e-04
7.030888856900842495e-04
9.093993619178367084e-04
6.774421331479478503e-04
4.167336961556771273e-04
5.759773684799395724e-04
9.642768144222080805e-04
6.261143186983213031e-04
9.800292944599547831e-04
1.176462399516259132e-03
1.161773974828443721e-03
5.063937535516921298e-04
1.280785750032400767e-03
4.440512583008144882e-04
5.487730537845911596e-04
2.652434166660917660e-03
1.565933792116644668e-03
5.998089935324394176e-03
1.263493463808140847e-03
7.512782263941194605e-04
1.987239205775438375e-03
5.874221074970905352e-04
1.491723866784987456e-03
8.288163634973424836e-04
1.277892545913467733e-03
4.117615588849151548e-03
6.376951343178920671e-04
9.286900355063404085e-04
6.437547812257990746e-04
5.831642319330938807e-04
1.110259449425044648e-03
8.992323984653651132e-04
3.942536597958093587e-04
6.114613707733503826e-04
3.445003214273876613e-04
4.650682579393347268e-04
1.182567343285546293e-03
4.683389247553228826e-04
2.547269576851290702e-03
2.200996286637799636e-03
7.929048571612120006e-04
7.773425678620519627e-04
1.368683672698925305e-03
9.628768449061515409e-04
1.227252595942470359e-03
7.439939460970261109e-04
4.553472009918356858e-04
2.007706717932373000e-03
2.304073685638530992e-03
8.522612077762888949e-04
2.121394724741369319e-03
3.563111880460436863e-04
1.507779183897162579e-03
6.066494304707080280e-04
1.277892545913467733e-03
4.512510847848640863e-04
6.427015073861344890e-04
1.786625692006956530e-03
4.131356777166422670e-04
1.110259449425044648e-03
6.349115033780685508e-04
6.579722241769421411e-04
5.546862128548338917e-04
2.655781509053264672e-04
8.130326824559101339e-04
6.442903488127584618e-04
3.758809516628480664e-04
9.731087356030440616e-04
3.877319880304427174e-04
7.178396513494918760e-04
1.083735012510961835e-03
3.962416609328743783e-04
7.655169222319118706e-04
5.010321804540783259e-04
6.882825736311089975e-04
3.334529360097525938e-04
1.560652779243527173e-03
5.435659142065445365e-04
8.685170567305151076e-04
2.026363251083255958e-03
6.078063988579476612e-04
1.168268710170319987e-03
5.952809287104712712e-04
1.523999388927333538e-03
3.287526317689962478e-04
1.777069984569619888e-03
1.772124393616880331e-03
1.115676528668131532e-03
1.060989572936857491e-03
4.275832619063359087e-04
1.209094234058685812e-03
1.707478161199257188e-03
1.325158608430749467e-03
4.059101281271708687e-04
1.124046011089404424e-03
6.864347071325972499e-04
1.289706414670001950e-03
9.346370956424734228e-04
7.234974316558451029e-04
1.236165860837312247e-03
1.989030689569349676e-03
9.543574908633376853e-04
1.042528723281879949e-03
2.326304809422722383e-03
4.017258230364711903e-04
8.038051792756279726e-04
7.982980594482311882e-04
4.835540918636353769e-04
1.580335996918906570e-03
3.642919095864234733e-04
8.165905989918211634e-04
7.522368659774014265e-04
3.613775290113047252e-04
5.225230316700911351e-04
5.094964138625111176e-04
1.404845950689287979e-03
7.399830187433881819e-04
1.569702647936213440e-03
1.115517227596938155e-03
7.997831873501672637e-04
1.034738128428456345e-03
4.009985237376035368e-04
6.294658775447860288e-04
1.443091237528519718e-03
3.799411779941012425e-04
1.657900802465174950e-03
5.473707029700724917e-04
5.270915323018590974e-04
4.082313734227069834e-04
5.892686226968478578e-04
1.643780975344133434e-03
2.605099972817118245e-04
3.234535009914700108e-04
8.492879409093401352e-04
8.019428000278902222e-04
1.435345662255810501e-03
5.346583145631891116e-04
6.350227618857389117e-04
5.340354486217613545e-04
5.160198907020761621e-04
2.145181825566952818e-03
1.053622440281620125e-03
4.120034058095536911e-04
1.372171001525978066e-03
9.533951736873502031e-04
5.709620985529924265e-04
1.202152711731126027e-03
7.542083946997415588e-04
4.473187663861777612e-04
8.717097058025712530e-04
1.851610147656627004e-03
4.555692132423316853e-04
2.658580951979032728e-03
3.445190893625294740e-04
4.648085838102744690e-04
2.370935582704462603e-03
7.263722933918394459e-04
4.963867257696590258e-04
1.321596385100848965e-03
8.256708484943483780e-04
6.016098957287818565e-04
9.303923152357956297e-04
3.188635384358435589e-04
1.074795524430761321e-03
2.591307125723133452e-03
4.438419727982083557e-04
5.069515455684778238e-04
6.201001641948359526e-04
9.474923080743673145e-04
3.669467719458945152e-03
4.798242031060496711e-04
6.384547616868392486e-04
1.379889748425044190e-03
9.301162900085203824e-04
9.993411052584509884e-04
3.577091130473661188e-04
1.109322100432821390e-03
3.809155208050170674e-04
4.346262567679856398e-04
3.740613732593250007e-04
5.421279430365635475e-04
1.352751250436298996e-03
9.412643100355814422e-04
1.034738128428456345e-03
1.271530325030134200e-03
1.020234325518842421e-03
9.362482389345730665e-04
6.580815813261879556e-04
5.877952176252333781e-04
4.302914490885845883e-04
5.823105610183855561e-04
7.865625792845498893e-04
6.679798452314669255e-04
9.212856974340499511e-04
1.017339868046899035e-03
1.253341843025304343e-03
1.518664588683921570e-03
6.159125799330861803e-04
8.287938114870333633e-04
8.885292165210755813e-04
7.549609844604979799e-04
6.463814064444447409e-04
1.719978527646861795e-03
6.308576304759773825e-04
6.651143788710117818e-04
1.172846774927281807e-03
1.256475247005295294e-03
3.035690243737123109e-04
1.254223250243349536e-03
1.004516042042326003e-03
5.919350408133968551e-04
2.052559826556959836e-03
6.695686438934454494e-04
6.063350458268508330e-04
8.222131130238462737e-04
4.730743256504029966e-04
1.239746895541684983e-03
4.125288312955482993e-04
8.928982699036411459e-04
8.199472142194971910e-04
9.104359419288558970e-04
4.958555395520673195e-04
5.952273799777271649e-04
4.278150774874657806e-04
5.486351973630214417e-04
8.774778041784532003e-04
9.631017154050699894e-04
1.533331799275526163e-03
7.953557382750024154e-04
6.581030698745598574e-04
3.506950618672416246e-03
5.724971292484580098e-04
6.294826800195285361e-04
5.667488992651965440e-04
9.969844953754108518e-04
1.092537439702477532e-03
8.445169437593861954e-04
7.330061688046521362e-04
1.850785992192902031e-03
