4.635500092987139445e-04
4.133332945023344604e-04
4.472302623083398293e-04
6.235130577001200911e-04
2.244553386084473842e-04
6.154573232151047723e-04
5.631743743261741686e-04
3.032940920723927467e-04
4.597553060861161479e-04
6.814094451317898342e-04
6.231287956240464916e-04
2.183695445124885556e-03
7.937715047280941450e-04
2.951774110886080699e-04
3.616121198841079913e-04
9.912765183495411605e-04
5.814939661876921198e-04
3.401650718940173439e-04
4.837162517075121212e-04
1.359556095120294066e-03
1.467097320422541687e-03
8.791425796230338888e-04
8.158310712684907181e-04
9.557743708497568828e-04
5.995010535958738597e-03
9.576879929990223450e-04
6.998890451932961339e-04
6.793259086998397044e-04
3.360426197230690780e-04
1.127503427467597096e-02
9.923483621117790317e-04
3.861704165363534481e-04
3.820340984413202082e-04
1.178681315918872659e-03
5.768458646203280084e-04
9.888462002711605886e-04
8.249502386910513747e-04
1.060052619618278603e-02
5.163051567890822573e-04
3.739007867714739066e-04
1.671482336864467703e-03
8.389386457124947682e-04
9.888462002711605886e-04
1.567530243018415642e-03
1.517329217834163888e-03
6.603639459291695945e-04
5.705803951713577698e-04
1.686972125867877877e-04
6.550120773552249370e-04
2.559945192062142117e-04
3.773033076782596629e-04
1.343526532738500935e-03
1.289843022251478373e-03
6.574851713145960517e-04
9.302509450832662907e-04
5.240095907256661677e-04
8.469244536195613855e-04
1.075383713558134306e-03
1.041527666487669515e-03
4.955551207258026810e-04
4.007331661969510176e-04
8.863586857244154689e-04
1.083981925520912434e-03
1.132449118645770074e-03
5.705803951713577698e-04
6.020180087756186408e-04
3.317700799608787961e-04
4.748475131474336457e-04
5.294260172894897686e-04
6.032426548312389654e-04
3.415851862315170137e-04
8.981029696359738501e-04
1.180931208205562247e-03
5.389019756964155304e-04
2.289206782702833329e-04
7.067693608322254224e-04
9.128100903515762744e-04
6.654381810491703060e-04
5.646197672281300225e-04
5.677348868990768262e-04
7.382277130912534091e-04
2.705302857511355900e-04
1.073453300625178651e-03
4.313645309138526476e-04
2.966540375425492492e-03
3.245201095688000133e-04
4.083762642305415781e-03
8.011075232656171552e-04
5.478869050969178024e-04
4.128767722386334003e-04
1.533788800250679646e-03
9.053576999630452878e-04
1.096210701376958488e-03
9.716482921852140440e-04
9.374236326674353133e-04
2.964017715776877653e-04
4.524643705557574347e-04
4.300356413581773942e-04
1.086560044318289576e-03
1.710330897483168869e-03
2.617788468168732422e-04
2.969364598553370007e-03
4.199046278356165815e-04
5.958820895715025026e-04
7.741885728061243454e-04
1.669880349611143743e-03
5.106608257164138836e-04
1.147109571715829082e-03
9.698030400023676138e-04
5.009951904833226475e-04
3.603660140406800619e-04
5.056826566490603501e-04
9.994889199471260546e-04
4.636622313066465187e-04
3.285255520844776651e-04
6.597142949404926487e-04
3.757122613531125427e-04
4.085413999769031647e-04
3.669522206741414284e-04
4.529310507047388059e-04
1.323733838376041881e-03
3.471650000409763647e-04
5.660925767051698662e-04
5.412467762232551615e-04
4.928922111875486600e-04
6.397987674574837774e-03
1.127065492607600338e-03
1.176370011746919559e-03
4.842031606493867502e-04
1.359391345017784466e-03
3.160590979639548099e-04
2.662993886484715388e-04
8.836664119599786822e-04
2.243239176433197216e-03
3.507512291054900623e-04
1.020584357254201427e-03
5.392439575196585197e-04
1.185295528325263584e-03
1.449917285182386606e-03
4.105000580630166376e-04
1.187553924739495961e-03
4.281393984232020520e-04
1.251205732341432097e-03
3.097057282489976897e-04
7.464410926345027477e-04
2.996286638204764233e-04
1.145741550134577033e-03
8.727573423328191483e-04
2.875426353483544455e-04
6.324270715083497732e-04
1.048170892724305074e-02
5.548470434407068918e-04
4.722613920128896216e-04
4.098679480070808664e-03
1.164122829485281750e-03
4.194102473992980941e-04
9.336079384624867928e-04
2.871121525689846387e-04
3.205925894725019753e-04
2.708605722295396776e-04
2.581462549735934371e-03
4.236328163242728396e-04
4.912769252447681890e-04
4.297664845894833322e-04
2.478120749751150809e-03
9.354818763184824569e-04
6.581953357769535981e-03
1.223125595227115463e-03
4.612921443395623573e-04
1.011293851795773153e-03
3.111523267959423900e-04
5.062305701735167821e-04
2.478120749751150809e-03
2.862331394419837254e-04
2.954675019901354359e-04
6.198126209859493698e-04
5.517356913164870496e-04
6.146034007277021306e-04
7.102283381217617403e-04
4.843832568744682165e-04
3.306750990362194390e-03
3.077179568041194359e-04
1.085935862524959336e-03
2.398934087045496706e-04
5.443853779458919084e-04
9.465048262928934045e-04
5.305113710214784091e-04
4.639711137709475581e-04
5.786292824470047960e-04
2.373398208353980912e-04
4.484516450630644802e-04
1.139337831657809058e-03
1.305800215176461908e-03
1.071651883098838701e-03
1.031179102307013245e-03
4.009497395472498278e-04
1.457341757290241385e-03
6.953077368998248839e-03
7.396359107944260871e-04
9.362043939230077624e-04
9.438791218620614645e-04
5.632918520947831310e-04
3.455848935968005762e-04
4.523753671347691238e-04
2.696048495036912438e-04
3.320292376441950823e-04
1.317296650583993280e-03
4.406871819112916956e-03
1.352890320051998939e-04
1.474269190496408635e-03
7.585473996502479404e-04
4.413958581674528149e-04
5.937053307290911762e-04
4.849187751661457172e-04
5.152619078531081587e-04
4.751222504928646895e-03
1.315095941903016586e-03
6.011825671690773469e-04
5.484726345233150108e-04
8.369113525407808262e-04
1.090367716175814038e-03
4.964833538135482666e-04
9.345893809116054187e-04
4.178579060705477945e-04
6.057205921365922761e-04
2.177342732887844242e-03
3.729660531190095367e-04
2.158377709370988117e-03
3.286097845481141346e-04
5.425297435437192528e-04
5.387504920158824127e-04
3.769226852348249034e-04
4.006893831055464441e-04
8.795341107127508827e-04
1.202702204997870830e-03
3.071730272814311236e-04
1.048465164798372158e-03
5.381455398961032663e-04
3.837451444489974202e-04
4.051779957657877622e-03
1.334471968705107283e-03
4.487948330891776937e-04
7.103800097672364295e-04
2.877764693911089933e-04
4.366691118711842892e-04
7.231953066658734037e-04
4.136330704770654725e-03
3.387158079981770044e-04
7.289220260580317207e-04
5.623226698019897791e-04
2.363632864301067841e-03
1.162697872685937266e-03
4.038713319501304952e-03
1.462909544176866630e-03
1.348215287833831036e-04
4.366168735828537123e-03
4.171932489651515022e-04
1.218744398419782096e-03
3.493982906838552461e-04
5.997172118521489331e-04
7.601742776948355136e-04
8.474552526141922561e-04
2.137000000877216279e-03
4.064353228760217841e-04
1.137602801223185599e-03
6.846774292542337926e-04
6.811217464298305151e-04
4.999711652874124336e-04
5.237131195562507282e-04
5.505357667299461350e-04
5.660019136835532996e-04
3.898378142246446045e-04
2.158202048621348824e-04
7.107020630567039690e-04
5.861031367354415820e-04
3.786688664531528514e-04
4.226828249784946056e-04
1.598373038302800106e-03
8.122364038977112092e-04
4.720704425999669288e-04
1.932787943385743702e-04
3.025516004418809190e-04
5.489801520547720045e-04
5.134541999919562576e-04
5.355442496766727768e-04
5.061880819933895891e-04
2.057363897591319888e-04
8.348064071718339042e-04
5.563710947705519235e-04
2.522765221177268504e-03
1.143948639057288091e-03
4.140226667855092407e-04
2.407277762929929828e-04
1.533159017688787151e-03
4.061227632993300724e-04
6.085110660002657473e-04
9.800854900055421155e-04
4.710255131218124796e-04
1.813773366629852857e-03
9.194935047652327180e-04
5.825298790493880878e-03
1.884412389560765992e-04
1.153502434787717591e-03
4.837920374392098055e-04
4.491126321818298805e-04
2.789824893900848192e-04
7.490076663020747054e-04
7.182612997137784129e-04
6.340096664889322345e-04
8.175400722865740341e-04
6.376492215638457275e-04
9.890015359612729616e-04
7.394149695277156846e-04
2.720164283154247187e-04
1.452326079747406906e-03
4.419496581246299001e-04
4.981315611247081861e-04
6.937400139972137430e-04
2.515556517980829625e-03
1.950499810128071684e-03
8.867583391222556366e-04
5.958617481661612324e-04
1.017398269741010431e-03
4.098679480070808664e-03
4.520419390941816809e-04
8.323143765609727386e-04
3.299772849087072649e-04
2.550112260115248129e-03
1.404075885172259347e-03
4.970327570679560760e-04
1.246503878390352142e-03
3.845615767287541699e-04
7.918460506730035748e-04
2.958439256039806751e-04
5.309266802746019816e-04
6.163769776758322959e-04
3.911889193526778036e-04
7.230172510522319069e-04
6.830222864007322661e-04
1.334984889518409231e-03
6.651848004160348634e-04
8.867583391222556366e-04
6.357443737020644550e-04
3.573038437942614091e-04
6.617498756358084324e-04
2.955629848703146371e-03
2.056901569773848196e-03
7.118456644613502119e-04
2.203102422921091562e-03
4.896317991742647714e-04
4.767571388281907131e-04
5.715281461214930187e-04
1.053379722388398136e-03
6.154134851368745591e-04
3.484566868772718293e-04
6.941803128716606246e-04
5.610702363451115521e-04
4.005011943196348442e-03
7.838100297815324023e-04
2.940192689400182233e-04
9.634660878341610134e-04
6.110342588481196876e-04
1.193724336885021355e-03
3.507512291054900623e-04
1.593727194808926446e-03
3.961297459826273971e-04
6.795280152968074302e-04
8.480965394804593346e-04
4.287800634673890839e-04
8.982829991155235260e-04
4.447596096745506412e-03
7.163751308785009167e-03
4.840331931396149568e-04
1.132530269071455519e-03
8.096082789644440652e-04
1.307355479001866662e-03
1.039464232820038782e-03
1.442067025328056494e-03
9.415099349028313537e-04
2.373989292581103674e-04
5.976550411466953136e-04
4.241610844987409512e-04
5.611523507354629001e-04
6.106661371078716573e-04
4.584574763428352984e-04
3.055909703778878807e-03
1.407249200311852782e-03
3.665085977540350967e-03
9.411709385152796682e-04
9.656781937115080762e-04
9.958735807499565721e-04
6.369532493819686329e-04
4.828774189250409701e-04
4.791567473836242318e-04
1.867679370946678666e-03
1.521887018127129117e-03
1.592433527210906311e-03
4.544605630036753735e-04
9.582558005188166871e-04
6.669371353287690662e-04
2.816982754999272729e-04
3.306750990362194390e-03
4.203922857948497096e-04
4.132065856732057346e-04
7.373331701582093098e-04
2.341165709480829641e-03
1.076510547735753595e-03
2.404538855228062152e-04
2.298983860737053350e-03
1.127856266929467026e-03
5.716596323661145198e-04
1.579549465982250803e-03
7.808670224387835547e-04
7.107020630567039690e-04
6.487640825714739885e-04
8.661500092313778078e-04
1.315751704041142212e-03
6.550955037241347392e-04
3.211062233073758306e-04
4.146850666169038112e-04
4.062920372242811041e-04
4.196015186818412073e-04
8.636615197561009483e-04
3.208100696047908301e-04
4.321008034054802044e-04
7.453184310186873433e-04
5.379314881839561066e-04
7.413609957506460445e-04
1.913090809950019917e-03
3.338956892176857586e-04
6.556328083845512069e-04
6.588415495851181539e-04
4.053922878074339969e-04
4.509115179061255036e-04
6.521084113486390549e-04
7.814335274763890620e-04
3.723591758731751309e-04
1.081121707079460946e-03
5.036436827171255791e-04
3.396837082476277208e-04
1.382514880905255693e-03
9.057368451381632045e-04
5.039133335553449503e-04
7.107020630567039690e-04
3.438264232840165888e-03
6.961967574452749587e-04
8.274947531503448403e-04
7.086100618187127264e-04
3.329628601563746899e-04
6.047638448253346045e-04
6.355649952529186276e-04
7.863913432190713275e-04
7.307492171017544811e-04
1.832558491811118063e-03
1.057114898183525659e-03
8.016190606501742786e-04
6.164252634016346858e-04
1.910906341695490672e-03
5.666668718130107385e-04
9.138466740204390223e-04
5.229545928734400740e-04
1.095282965372854512e-03
3.837902262585447333e-04
1.260777551330342959e-03
1.078447771903376026e-03
9.644433314526441349e-04
7.194149792770895748e-04
2.633066445919308735e-04
4.654902465913493266e-04
1.334569755307277519e-03
3.346769237246534140e-04
6.553412655761417386e-04
4.301582533458139833e-04
4.924641778805494488e-04
1.410471289023605343e-03
3.453245302260065904e-04
8.992166004970716551e-04
1.503805532508736310e-03
6.207060481085867245e-04
1.261377524912424448e-03
1.087094944194969427e-03
6.404578703974923458e-04
1.200877616962273738e-03
4.390305160360114239e-04
1.222430577733666724e-03
6.882041988483218005e-04
6.282132626400281855e-04
5.056851334798925790e-04
4.423381137518928529e-04
6.909404476922305317e-04
4.191273823100759451e-04
5.038083830136001230e-04
5.196570345171722984e-04
5.429642425563703349e-04
1.622254240441238591e-03
7.763652331812860184e-04
9.825629986198408748e-04
3.009358744500854259e-04
1.265602654412329451e-03
4.428627187209218915e-04
7.773655544530269157e-04
1.911947665184551533e-03
1.488358340585801054e-03
5.907706057919189175e-04
1.443528426787176909e-03
8.406977199120702288e-04
6.942655662361747098e-04
1.764021946367319094e-03
1.503246361255345265e-03
1.018598787346696420e-03
4.117661611291535185e-04
1.542542970922253882e-03
7.666847906848944100e-04
2.610761368541512266e-04
4.567947503166490397e-04
7.256482423636808439e-04
7.892496995430707193e-04
4.035041611559044353e-04
1.173830428358055679e-03
9.957711414261697161e-04
7.572581101750767638e-04
7.003947353343408519e-04
8.242284724824957111e-04
1.892562678430020906e-03
2.156654206193652033e-03
9.390705748102567583e-04
8.585151013789554851e-04
4.998643751701318692e-04
9.406375211275574749e-04
1.834005742180850511e-03
1.455561086030769061e-03
4.875929706489026336e-04
5.381455398961032663e-04
4.054042671634691328e-04
2.475188229861039185e-04
7.629465211082803568e-04
1.115447603292498086e-03
2.638501196598823286e-03
2.299811417783030956e-03
9.949671840036831971e-04
5.134541999919562576e-04
5.854855758137709684e-04
2.373341785240950716e-04
8.477579079981678459e-04
2.395604423004535875e-03
4.294923835106980933e-04
4.116242000298115365e-04
5.794114885428730934e-04
2.335386847310992804e-04
5.890247657240594127e-04
7.508259404394522192e-04
3.307972110732500162e-03
4.470734184701193221e-04
5.542671057915818725e-04
4.269199109340615769e-04
5.908533107926414217e-04
4.369290886341809042e-04
2.392623312579927571e-04
2.605838896821065839e-03
3.009531123004802709e-03
1.423175903931948871e-03
3.850088366618553541e-04
6.868434769716670477e-04
5.906492021538999049e-04
4.654023128590744360e-04
5.009255831319878388e-04
2.111362885445125352e-04
1.035209786335645294e-03
8.065388764359806293e-04
8.496424423909854518e-04
4.263583820024280618e-04
3.811330402829584177e-04
1.205604144189485099e-03
2.929320806943275018e-04
2.071515150766899951e-04
5.082110445987928155e-04
6.097239865286674084e-04
8.407002322383605930e-04
3.975308459547210928e-04
3.386080774917873005e-04
1.305800215176461908e-03
7.601353456369370392e-04
1.436212096941747243e-03
9.361809041390331716e-04
3.692646456051499682e-04
7.948719388515692414e-04
3.076867126078056038e-04
4.209392834101970604e-04
1.106766475491667220e-03
1.126638641707298528e-03
6.869375898738147102e-04
8.662542180313336599e-04
3.756171393727149939e-04
5.379314881839561066e-04
7.336802119834260477e-04
7.583872761985311836e-04
5.074058604652932538e-04
3.088573149311771662e-04
7.603883278190369695e-04
3.298870497648593962e-04
1.196442800702729632e-03
5.768937776183862215e-04
4.265714114541766574e-04
2.789824893900848192e-04
4.036403822707610844e-04
1.540860759879808528e-02
1.147307156545359762e-03
1.188230382241444415e-03
1.019623507912421857e-03
8.466169195309822953e-04
9.823247538529281293e-04
2.527107964333475277e-03
5.344469980505679165e-04
3.868917776923064874e-04
7.492958209082030419e-04
2.014173064480203907e-03
2.194099661315080958e-03
6.238081664264318819e-04
4.382712724275943778e-04
2.774599457286371952e-04
4.110515403828569024e-04
2.473648455128115917e-04
6.134026237457424272e-04
5.539697356805823279e-03
8.310811689894357333e-04
6.301130467944413309e-04
1.376504065193358273e-03
4.451886403053179433e-04
5.075947130867046941e-04
7.451526070888560846e-04
2.708658365656572043e-04
8.980496089825912905e-04
6.723845248623344130e-04
3.882410879313418937e-04
4.719529286896145598e-04
5.187798406950523385e-04
1.376292322647786623e-03
2.177855571636025649e-03
5.796534092958832794e-04
5.620075308404645772e-04
2.777540168678353186e-04
3.331549022667987118e-04
6.015637175197740107e-04
1.376634139767992379e-03
2.861628934315077304e-03
1.050797570860169264e-03
5.657151762122974124e-04
1.364882856568036323e-03
7.134301059366816595e-04
3.422269080917859029e-04
5.851138484282642285e-04
2.769845292760456557e-04
5.088343920424846312e-04
1.618602277021521842e-03
5.061103500816108809e-04
4.311877562977075966e-03
3.364444498627519554e-04
7.174705374541055260e-04
4.089044733762600930e-04
1.249261604941106097e-03
7.775585706297817330e-04
5.357213356918493884e-04
1.721223710674795078e-03
7.863339222245768236e-04
1.055809643377193753e-03
1.322050258263487597e-03
5.165866773417139438e-04
3.033480332471390119e-03
2.341165709480829641e-03
7.064675455622222537e-04
8.034946287386370836e-04
3.992839438342146198e-03
5.846932773904307823e-04
1.299964254783201939e-03
2.185786800349411529e-04
9.242881823300033066e-04
4.841229660152710011e-04
5.532462051139093321e-04
1.020351040620366516e-03
6.316945699862529934e-04
4.284324500076217360e-04
5.468770748618945448e-04
7.499943820868627212e-04
1.779199583121754413e-03
4.668752681639813142e-04
5.228404558174883565e-04
4.412609267286964000e-04
7.759818983550123648e-04
4.489831494892116662e-04
1.581343727280126992e-03
3.066561514290465341e-04
4.095287254676519212e-04
7.320766733331455492e-04
5.107186005131113087e-04
1.452983846008579086e-03
3.711222217938026048e-04
5.176541872489107002e-04
7.798765438235323068e-04
7.823875110965083793e-04
1.754221474240872736e-03
9.220935871076373774e-04
8.780690655235228988e-04
3.464364729463205493e-04
4.651689260520089635e-04
1.088052954498083813e-03
4.995032637424999446e-04
2.737002950509550615e-04
6.257427869121286526e-04
2.741140216519942149e-04
6.196445497439519992e-04
7.604367542076845548e-04
5.106047538486331539e-04
6.255676267525518176e-04
9.882551883713694505e-04
1.424557818702983135e-03
9.755903729308836861e-04
3.397500802246146488e-04
1.068883394278137122e-03
4.907176974503247050e-04
4.145284059789754801e-04
3.075165628685770257e-04
5.323417552685096032e-04
5.794611760385347428e-04
3.705513765326479939e-04
6.861241947157995609e-04
1.114968044281139121e-03
7.079827567845638474e-04
5.540401315576859703e-04
1.563356463455243487e-03
9.364310866632676467e-04
7.701638736715006291e-04
4.828021624789183438e-04
1.159079865807517836e-03
1.404704967943102949e-03
9.666999604007291136e-04
9.666699892553160889e-04
1.721464424703865199e-03
2.190230038425253038e-03
4.814781081489181254e-04
3.251932684821333777e-04
2.882388792141262141e-04
1.298998499057914128e-03
3.061817327292457014e-04
2.180954740176701320e-04
1.908136740166661740e-04
1.589871147417900232e-03
3.463396561649897260e-04
8.260607316417810028e-04
5.651539564693293990e-04
1.464625130959867514e-03
1.436679285755746490e-03
7.014936157080760770e-04
7.831238411144829034e-04
3.558797150471471700e-04
3.186242218258635494e-04
8.823071982848973253e-04
3.860148979406165097e-04
1.208075621836134312e-03
4.918039972575061420e-04
6.017255616856365900e-04
5.558984016036921244e-04
1.136662296721020890e-03
5.227588586455632997e-04
3.097057282489976897e-04
1.290998120619424837e-03
5.419713389446498318e-04
7.286909268180346904e-04
2.563952655523533009e-04
6.125176357570998823e-04
5.658649668532648915e-04
1.335997005850040730e-03
4.611589749784830716e-04
2.595619371246990579e-03
1.514089180260808597e-03
5.890247657240594127e-04
6.260495280405001554e-04
1.002188764803018219e-03
1.114968044281139121e-03
1.233095256128952273e-03
1.013926130686448488e-03
6.412188643367908733e-04
8.133056536918046317e-04
1.676600318626634287e-03
1.624922326625378435e-03
2.901345116363951513e-03
4.730875317729517555e-04
2.421209575169985437e-04
9.975726030968144146e-04
1.595900827858685823e-03
1.849029023660029745e-03
2.111035555610494500e-03
4.673596106451435362e-04
6.972677254502900133e-04
3.984430208573469978e-04
6.964547112107297372e-04
8.277691192805389057e-04
1.125611737605726166e-03
4.300135393389458772e-04
4.725632710562795353e-04
4.254369002383440591e-04
3.788691929593014174e-04
8.657477027723579303e-04
2.665736415218697354e-04
3.982733274073169019e-04
2.398934087045496706e-04
1.412958677692913037e-03
3.927128747280366166e-04
3.285255520844776651e-04
1.504821065887269969e-03
6.185326014417432848e-04
4.687326588733032717e-04
2.451421589736367881e-03
2.462626689122518475e-03
3.497465634008983717e-04
2.076579585337091569e-03
5.168856969877169130e-04
3.358920305471213260e-04
8.158966358287635372e-04
5.964136935619273553e-04
8.497490170769523860e-04
6.103231514191459570e-04
1.306248080644087416e-03
1.061562943075839262e-03
5.498442429477517221e-04
6.094416079849989971e-04
9.192512778379520249e-04
5.131937731771055687e-04
9.067757394906418621e-04
3.349480430360976947e-04
8.599661045583901434e-04
6.164846403002977428e-04
1.428928452751998751e-03
2.981421291036920307e-04
3.273224993774381179e-04
8.163533214162522512e-04
7.257749110824092062e-03
6.821100846019265791e-04
1.801654497672765980e-04
1.389764598196846805e-03
9.520509766589575588e-04
3.770133281333394679e-03
3.343681003070108878e-04
1.389961332289770023e-03
1.256660538047300229e-03
1.542632219569111535e-03
3.960473552567313248e-04
7.125044833317068860e-04
7.349987161000559339e-04
6.039408015414486327e-04
2.215869645016274527e-04
3.321419612351228469e-04
3.983463263123090937e-04
5.046159583897667777e-04
2.855557610611587005e-04
3.458490116823253698e-04
3.364444498627519554e-04
4.083762642305415781e-03
3.899767301636328926e-04
4.050025729647457537e-04
1.218744398419782096e-03
7.766476647231596465e-04
2.216332919369947470e-03
3.910888605105533773e-03
6.127352401703302321e-04
1.541208798300832631e-03
8.473859963164457731e-04
4.031169894234103027e-04
6.395350206932902837e-04
3.757122613531125427e-04
4.731151388997664980e-04
4.398777332776368293e-04
5.431915025250637135e-04
5.896594506550649961e-04
5.180099789060853624e-04
3.824203657788316415e-03
2.627784102961151086e-03
1.068958824558418350e-03
7.951415264485121393e-04
4.520457676341855320e-04
6.170802879211095826e-04
9.955552072444218484e-03
8.033356294495637255e-04
5.991420098096492857e-04
5.748004668010796552e-04
1.687849248886615691e-03
4.498815692176501855e-04
4.222589444885170812e-04
2.851903454518554338e-04
7.136997907159353671e-04
5.319010400818549242e-04
4.174337564168796393e-04
3.983848664884500550e-04
6.969156030870462225e-04
1.146314770453615893e-03
1.699066944596677080e-03
4.047275055451766469e-04
1.101803412015767364e-03
6.309675766129119179e-03
3.775365020807507120e-04
9.311113236664759823e-04
3.905151138870951999e-04
1.581307468652484336e-03
8.203254560019461678e-04
6.133737134762205518e-04
3.033902713683508663e-04
6.665719162395218871e-04
8.905739375091255988e-03
2.996286638204764233e-04
1.157122611491115567e-03
4.336909426265021122e-04
5.919271699793788926e-04
1.236255242933903802e-03
6.596761060559282446e-04
4.098679480070808664e-03
7.350148299629907832e-04
5.836981442270822162e-04
3.616688447510042759e-04
6.942655662361747098e-04
6.178719741138244143e-04
7.878887043457426893e-04
3.139867297545662767e-04
5.898448302421894097e-04
5.236585753970064965e-04
7.179676348450994691e-04
1.839912455033303326e-04
2.980079002820546158e-04
1.790013390392754386e-03
1.187498361869545336e-03
5.083787927758232636e-04
9.194676533915066823e-04
4.691785196971892538e-04
1.005402144330469960e-03
8.213064001074774773e-04
3.016183510499377877e-04
1.555382916471085338e-03
4.564240565575664434e-04
3.391285252716305632e-04
4.476493153467888254e-04
2.190877590525169925e-03
1.249876984033596386e-03
8.067476274845071906e-04
8.004752660267633714e-04
5.196570345171722984e-04
4.142036058674103643e-04
2.419130239349207793e-03
6.282173954373327599e-04
1.157935710119015801e-03
3.400373878962637312e-04
5.420978942322966744e-04
2.204383384602708702e-04
3.243124863242995322e-03
5.429815953168867131e-04
4.612868261914018471e-04
1.684193080021850644e-04
4.509115179061255036e-04
1.867974098181243627e-03
4.870982823154939982e-04
3.542099643195986431e-04
3.837902262585447333e-04
1.907065062721745221e-03
9.897487149831349102e-04
8.947093409824470730e-04
7.560453089347104983e-04
2.730268564642756701e-03
9.973735506685092386e-04
6.633245624558440192e-04
6.845557944390127242e-04
2.582983351933768219e-03
7.320020257156376704e-04
4.776116298695784424e-04
6.856696766566440981e-04
2.347749036592865180e-04
1.676600318626634287e-03
5.228404558174883565e-04
7.225604652701363498e-04
4.711346415970879098e-04
2.491618190308813544e-03
4.543510372700336041e-04
5.638104807362873507e-04
2.214398198514060459e-03
2.373550649435953082e-04
2.280716074477093236e-03
6.990534384331059453e-04
5.008018975023672843e-04
1.512273837900822036e-03
1.145642225229289313e-03
8.119479547858126246e-04
6.676676458156841770e-04
6.471311366538984918e-04
3.088573149311771662e-04
3.008707820830529528e-04
4.103476551578300936e-04
3.034721241428205759e-03
4.519061177359912779e-04
6.318762194711498780e-04
1.098315953272689183e-03
3.394812018631995342e-04
6.573178561858501181e-04
1.935835541028781300e-04
2.824197645467561423e-03
