7.781596508874578149e+02
7.754456620148109778e+02
7.846978551823474390e+02
7.734232752204668486e+02
7.792605033387002322e+02
7.787536736370584549e+02
7.792674567270471471e+02
6.645214782633058803e+02
3.761428823839378879e+02
7.716695220598853666e+02
6.867347965967087475e+02
7.722544614301227739e+02
7.827248186366290383e+02
7.859282940795321792e+02
7.745034065255017595e+02
7.811690114140810692e+02
7.846246662798957914e+02
7.850180191397256522e+02
7.865398994071225616e+02
7.840485561279948570e+02
7.777055507897057396e+02
7.844633794204755759e+02
7.863459247974583377e+02
5.318993754788480146e+02
7.769638617719690501e+02
7.514773373183459171e+02
7.853236759195494869e+02
7.818871453098321354e+02
7.852438430897165063e+02
7.761909082735783159e+02
7.127488411452168293e+02
7.798167738903529198e+02
7.739313550730921634e+02
7.832535630656833519e+02
7.435086079531324685e+02
7.817550467579110318e+02
7.659178880429521996e+02
7.828378468322105164e+02
7.751390706741345866e+02
7.857121173731593444e+02
5.815172316928556029e+02
7.497254945221724256e+02
7.852168564541907472e+02
7.211310598810936199e+02
7.059689811778388275e+02
7.733865287613492683e+02
5.873123762740791562e+02
7.798613738574665604e+02
7.724785168442474514e+02
7.804660594957797457e+02
7.787886060726708592e+02
7.151176516075129257e+02
7.144636576777995742e+02
7.743260591356641953e+02
7.722805635633217207e+02
7.788844151743094244e+02
7.225196757478699965e+02
7.794836865441536702e+02
7.747257349225764074e+02
7.792456388062793167e+02
7.763196327323375954e+02
7.779774799832365488e+02
7.769768624486670205e+02
7.837556812254513261e+02
7.856297280435719586e+02
7.753662736971608638e+02
6.481874125620970517e+02
6.890732938499120337e+02
7.730820595244933884e+02
7.860697087056240662e+02
7.818855994248548313e+02
5.432931706645720169e+02
7.586108623406385050e+02
7.862079659086754191e+02
4.768897867874420058e+02
7.768689387802735382e+02
7.833549556671555365e+02
7.813545813578250545e+02
7.762493377526149061e+02
7.849013702091876894e+02
7.831929479419388826e+02
7.801597372496286198e+02
7.710056297064288628e+02
7.779393421668212341e+02
7.758506792142831046e+02
7.730400960026920529e+02
7.798470696649958427e+02
7.834307241305352818e+02
7.757339877497927318e+02
7.732713777016164158e+02
7.146805369499156768e+02
4.485128099916701672e+02
7.838437839096801554e+02
7.847534213023452594e+02
7.725974504371329203e+02
7.862407221664067265e+02
5.236266141784417414e+02
7.809690212043290103e+02
7.844972817902627185e+02
7.795894831083905956e+02
7.714487888707940328e+02
7.859380766031391659e+02
7.843368963686739335e+02
7.791169512903397845e+02
7.765178938806913038e+02
7.808518222719233108e+02
7.864759877878902898e+02
7.819613947050542038e+02
7.777290398630098025e+02
7.856661167788631701e+02
7.768817655368630994e+02
7.796921213836118341e+02
7.707152519596588718e+02
7.785963756703972649e+02
7.767966549115241151e+02
6.473064314931532408e+02
7.824916005964615806e+02
7.786943001273218670e+02
7.784159330384970872e+02
7.825107142132027320e+02
7.834628566476136484e+02
6.707954364220533989e+02
7.611185029362677597e+02
7.756537060879579712e+02
7.861358903695436311e+02
7.849679750518344008e+02
7.725982009324587807e+02
6.608182437566510998e+02
7.775747791075223176e+02
7.779468586287034668e+02
7.754446743595151474e+02
7.680038763179402395e+02
7.855128748131279508e+02
7.811760674832389668e+02
7.719673023967405925e+02
7.799109723434909256e+02
7.731018117975715995e+02
7.824969323426944356e+02
7.836117891720714397e+02
7.868276832501203444e+02
7.346777659946347967e+02
7.783270900821190708e+02
7.815640193317062767e+02
7.627803771815176788e+02
7.804221734405340385e+02
7.229974135201626950e+02
7.758841879773856363e+02
6.552917412207763164e+02
7.759399065899054904e+02
7.726199377502643983e+02
7.842860005225293207e+02
7.720228524528358776e+02
7.197340148931253907e+02
7.737578585184481881e+02
6.939786386932748883e+02
7.767218016124407995e+02
7.748808926430323254e+02
7.714117046063857970e+02
7.777849233585307047e+02
7.775765284654238485e+02
7.749931509679749979e+02
7.777841293575664849e+02
7.807141916441972853e+02
5.913366838518822988e+02
7.768106648284575613e+02
7.842327758606203361e+02
7.844972817902627185e+02
7.863970235034736334e+02
6.555084507328149357e+02
7.718725013134890105e+02
7.828432513928668186e+02
7.768080654938547696e+02
7.790915137281235729e+02
7.770898864963738788e+02
7.754865098530640353e+02
7.157723793293957897e+02
7.860839454361583876e+02
7.865615225322528659e+02
7.768483029544805731e+02
7.742995623261612081e+02
7.795624217339750430e+02
7.731334704551097730e+02
7.765400286538319961e+02
7.785627315314675343e+02
7.747129238677734975e+02
7.858035367381424976e+02
7.766705517406392119e+02
7.842752067974895454e+02
7.749042444072284752e+02
7.859567810985174674e+02
7.751168614981816063e+02
7.866496726914269857e+02
7.781284048093801857e+02
7.848891775934197312e+02
7.737119835760137221e+02
7.764852925402950632e+02
7.859032040216538917e+02
7.866874583860784469e+02
6.033505592688368324e+02
7.778607795711510562e+02
7.706539906623245315e+02
7.834154047919994355e+02
7.812328909594367587e+02
7.324896754109678341e+02
7.776564874672745873e+02
7.835249923045547575e+02
5.099504711759531688e+02
7.737305783702948929e+02
7.838275716823870880e+02
7.829470186882109601e+02
7.708142303391258565e+02
7.822313000466197082e+02
7.815633889699729480e+02
7.712317041898139678e+02
7.708216404527643135e+02
7.851535746250349348e+02
7.710352983383827450e+02
7.785121569215314139e+02
7.715036361370998748e+02
7.810976113618829686e+02
7.726819858297726569e+02
7.719536311393442247e+02
7.853463319131858498e+02
7.786309458965533850e+02
7.764624887716901185e+02
7.775015645535763724e+02
7.794673439485693507e+02
5.932173641821041201e+02
7.712728026326278723e+02
7.773296949848789836e+02
7.735631333344472296e+02
7.823422111986282061e+02
7.856768660640474309e+02
7.811543534360636158e+02
7.833561159706091530e+02
7.834501453596317333e+02
7.825674387927522275e+02
7.721282372138247183e+02
7.728588359887559136e+02
7.750278848650843884e+02
7.713881939448812091e+02
6.819221074544527710e+02
7.782995426912397079e+02
7.772780087838424379e+02
7.837766186858111723e+02
7.801390225327938879e+02
7.786462560143578457e+02
7.757828655532571247e+02
7.739037323898475051e+02
7.817946887141802108e+02
7.815660123209368066e+02
7.713816631448449925e+02
7.856458230342068418e+02
7.827854133042189915e+02
7.863800860601540990e+02
7.754069833560661209e+02
7.707127401442959354e+02
7.802143279371049402e+02
7.748967163763119288e+02
7.571625508358815750e+02
7.713001953875219669e+02
7.840951518341795463e+02
7.847179477202668068e+02
7.771943436939792491e+02
7.753355466502105173e+02
7.773991246543033640e+02
7.771131869814935271e+02
7.811372823735682687e+02
4.825459506315449971e+02
7.761963400814007628e+02
7.839221052415970235e+02
7.862001054018840023e+02
7.835756766998025569e+02
7.764667881748819127e+02
7.810423082870271401e+02
7.849864607571819306e+02
7.739322168796214783e+02
7.742658765020479450e+02
7.842541180660825830e+02
7.860837354408699866e+02
7.814515315195108087e+02
7.832731932521860472e+02
7.777751172154169126e+02
5.833377972183820930e+02
7.710056297064288628e+02
7.813340529643821810e+02
7.851461952325814764e+02
2.801192274410143455e+02
7.741469584699054849e+02
7.851703330148453688e+02
7.739258274685914785e+02
7.749960939058455551e+02
7.812969046943351259e+02
7.769658929059146431e+02
7.737119835760137221e+02
7.786979866052803345e+02
7.676553114719135920e+02
7.828101948713845104e+02
7.755193858149647212e+02
7.770711860564712197e+02
7.815244776731467482e+02
5.432931706645720169e+02
7.769889083390652331e+02
7.845385114351845459e+02
7.806548824355040779e+02
7.770009485296106959e+02
7.760928871435764904e+02
7.845947736439726441e+02
7.483533446533301685e+02
3.338200980264131204e+02
7.722531231741289730e+02
7.857218128482247721e+02
7.814679391465732579e+02
7.782267369751062915e+02
7.867326707976269518e+02
7.849421514980757593e+02
7.737184173851436526e+02
7.746981302246672385e+02
7.751316430908948405e+02
7.777664715415439787e+02
7.745862317922515103e+02
7.789025752441667692e+02
7.781370735376351604e+02
7.785709884743855582e+02
7.780747892115721243e+02
7.856479027945051712e+02
7.839952669564368080e+02
3.637722865343351373e+02
7.786066191449037888e+02
7.829784327357900793e+02
7.751168614981816063e+02
5.560365457523703299e+02
7.791338389290178839e+02
7.797685018859300499e+02
7.829024127348329785e+02
7.813666825512930245e+02
7.850582401422694829e+02
7.808390944928187309e+02
7.795036122462456660e+02
7.811843794318715481e+02
7.839807050712918226e+02
7.749119609469954639e+02
7.321882212901053890e+02
7.786674539803226480e+02
7.798884442670589578e+02
7.805661857458076156e+02
7.848691730312056052e+02
7.849550095939780476e+02
7.725805664663741936e+02
6.371614488245744496e+02
7.810508627766375866e+02
7.812687217688810506e+02
7.768786190610042013e+02
7.770418969452534839e+02
7.712021225139499165e+02
7.723945242288891677e+02
7.695359840904768589e+02
7.821562520188167582e+02
7.852703658106922830e+02
7.804485111406412443e+02
6.553007250378238950e+02
7.833866180879040257e+02
7.845280224026641918e+02
7.731597210826109858e+02
7.810277790582659918e+02
7.835958913855331502e+02
7.840540516067865155e+02
7.563075110395300271e+02
7.744232448803568332e+02
7.792463177985373477e+02
7.865706955506000213e+02
7.751168614981816063e+02
7.716171614575225703e+02
3.242765898259292499e+02
7.833168474539213548e+02
7.772226998565027998e+02
7.769643705907687945e+02
7.760558745964590344e+02
7.858220930121391348e+02
7.772140190812754099e+02
7.841190331136218674e+02
4.769026424892545037e+02
7.816812122497783548e+02
7.868178210857777231e+02
7.841308140220202176e+02
7.821172409284529294e+02
7.848654174432464288e+02
7.754445573195529278e+02
7.748422355492349425e+02
7.852468795115146349e+02
7.816152741197136038e+02
7.771893157404588237e+02
7.791669829993851408e+02
4.008111162304657000e+02
7.773141940163611707e+02
7.780620049414800405e+02
7.854511323812250794e+02
7.734118463632926250e+02
7.865071996977140998e+02
7.807204765201863665e+02
7.799931398470065460e+02
7.712673363704606118e+02
7.822478001968872832e+02
7.735674621163817619e+02
7.712537502357458834e+02
7.823799062211732007e+02
7.808984913635296152e+02
4.573636147394868203e+02
7.755416933830655353e+02
7.715754299168411308e+02
6.364631153501045446e+02
7.730906172975061281e+02
7.856062463386919035e+02
6.481262867001163386e+02
7.752817711385322355e+02
7.817234262759694730e+02
7.819819823491939133e+02
7.761097387213715137e+02
7.785145075896409708e+02
7.856019981919893098e+02
7.810333330071215414e+02
7.710472808787689019e+02
7.804139663111852769e+02
7.858339900470630255e+02
7.818013372953982980e+02
7.789159911404232162e+02
7.841441417747748801e+02
7.862837569903863368e+02
4.098599158844114640e+02
7.847179477202668068e+02
7.744382945150100568e+02
7.836323748628442445e+02
7.822757472969441324e+02
7.716329554589846111e+02
5.567701605948298038e+02
4.011655642123984649e+02
7.719625881230967934e+02
7.829677991239046833e+02
7.775233255464662534e+02
7.865670299020650873e+02
7.768748816786006728e+02
7.753937683525564353e+02
7.821192480569943655e+02
7.815929950287650172e+02
7.812236440218167672e+02
4.277211279544069384e+02
7.816806308891415256e+02
7.685634729448902362e+02
7.764527081615749466e+02
7.783315076814094482e+02
7.778341719426696272e+02
7.756710318681523404e+02
7.769626884090500880e+02
7.838944964264346709e+02
7.651207165153518872e+02
7.860395202466499995e+02
7.824048169373579640e+02
7.826284158038026817e+02
7.762704421352069630e+02
7.788642198278553224e+02
7.769201779599750353e+02
7.742097684837784755e+02
7.769553696535306244e+02
7.838507398228234706e+02
7.864860092201236057e+02
7.758112637480829790e+02
7.758296402636308358e+02
7.840973368957324965e+02
7.740331764636814569e+02
7.829470186882109601e+02
7.799265825113589017e+02
7.825517647082969006e+02
7.713502144498680764e+02
7.845280224026641918e+02
7.859785195786417944e+02
7.743511518024959059e+02
7.827044295047548985e+02
7.785032934431162630e+02
7.710741961169012484e+02
7.765500553893371034e+02
7.769568397831552602e+02
7.812789227439061506e+02
7.862707901022085935e+02
7.710712164419664987e+02
7.822054904911570929e+02
7.797282379039805846e+02
7.664008916763772277e+02
7.819187238960209925e+02
7.508823461604156364e+02
2.605415697354062559e+02
7.850015570546257777e+02
7.839620057830193218e+02
7.850385932776625850e+02
7.829340617355810537e+02
7.813311258813029099e+02
7.848008345231211251e+02
7.791009450113526782e+02
7.841710349976420957e+02
7.777573390666395881e+02
7.838275716823870880e+02
5.705449473025896623e+02
7.858728538831289825e+02
7.835966744918855511e+02
7.854445764781995649e+02
7.849962906389354202e+02
7.820740305890808486e+02
7.764737953629556841e+02
5.091262463599437069e+02
7.799011791745031132e+02
7.810197805709914292e+02
7.819025945633303536e+02
7.810966929014945208e+02
7.860839454361583876e+02
7.772627494915304851e+02
7.865222321455481733e+02
7.707471300884635639e+02
7.770073402408781931e+02
7.780374439501864572e+02
7.778848019985439350e+02
7.741199707750861307e+02
7.806270092956480084e+02
7.850846024556570910e+02
7.747067512640568339e+02
7.826997756339505941e+02
7.774318886296335904e+02
7.835019138582106280e+02
7.812889705428092384e+02
7.795991416237071689e+02
7.753662736971608638e+02
7.859936718989730480e+02
7.797313697721588142e+02
5.587354649494642445e+02
7.827917833072381200e+02
7.780878893740139119e+02
6.681757261368065883e+02
7.728704711454640801e+02
7.849550095939780476e+02
7.792402623447590031e+02
7.869155541603279289e+02
5.055359597401766791e+02
6.338686132672139593e+02
7.844633794204755759e+02
7.818137503695427313e+02
6.409516969096989669e+02
7.783761599701318801e+02
7.779221132027259955e+02
7.859303411906843166e+02
5.013562306259942716e+02
7.819059172469297891e+02
7.830648698198594957e+02
7.806525862975629479e+02
7.706120989403377735e+02
7.809659688745124413e+02
7.735860571389044935e+02
7.820522278187045231e+02
7.798311673085474922e+02
3.145989052206764995e+02
7.726237290598927530e+02
7.813274514610395727e+02
7.791948033123561572e+02
7.861076936622416724e+02
7.770656814113024211e+02
7.843756384228320258e+02
7.796944435561051705e+02
7.849962906389354202e+02
7.811855928376157863e+02
7.733909104849974483e+02
7.800221567801044102e+02
7.775193097672838576e+02
6.235176028582608296e+02
7.804871302364670100e+02
6.775897537443674992e+02
7.855496622340930344e+02
7.198228450447631985e+02
7.855217139634826253e+02
7.839171145662413664e+02
7.817500697185663512e+02
6.567880034429103944e+02
7.418173432528910780e+02
7.802861004798172644e+02
7.775247262652032987e+02
7.788319791081257790e+02
5.789486703882698748e+02
7.836542658140851927e+02
7.768384381410838841e+02
7.783387880473353562e+02
7.736680958483755148e+02
7.825301580704614253e+02
7.860097982435612494e+02
7.769445399696546701e+02
7.759634826646279180e+02
7.857418618447001109e+02
7.832274428698202655e+02
7.726170038857718509e+02
7.735904070277159690e+02
7.804094720273963048e+02
7.864697310393015641e+02
4.946731062954902427e+02
7.771471630022132331e+02
7.825222592984735002e+02
7.723030697289010504e+02
7.749189691104301119e+02
7.858332028097597686e+02
7.787754044765243862e+02
7.648001142197958870e+02
7.848542423068666949e+02
7.851869704913759733e+02
7.723607194310736759e+02
7.813635414713387490e+02
7.831864024827443700e+02
6.156314863739179373e+02
7.829010706360625136e+02
7.734161825921169111e+02
7.854313493513327558e+02
7.837533753138779957e+02
7.807549234493499171e+02
7.793573769173159462e+02
7.711434548647886231e+02
7.740400068488734178e+02
7.826878217936458668e+02
7.861076936622416724e+02
7.616503494243407886e+02
7.779571059543515048e+02
4.210278406187829887e+02
7.762924702533043728e+02
7.724592361519822816e+02
7.813901302839765322e+02
7.774318886296335904e+02
7.727165367928690785e+02
7.788616098896790163e+02
7.855251461419817360e+02
6.363365591615744279e+02
7.769297422128254311e+02
4.408904469892096358e+02
7.769561920672982751e+02
7.827642759603593277e+02
7.772764421544213747e+02
7.707979560562091592e+02
7.858987987525098333e+02
6.737241592796385703e+02
7.799931398470065460e+02
7.777055507897057396e+02
7.832992629176867467e+02
7.851077940597205043e+02
7.838504227231119330e+02
7.764882793202010589e+02
7.464663275641125892e+02
7.767218016124407995e+02
7.732110955233306413e+02
7.767278017428062640e+02
7.735533396954510863e+02
6.153353017616169609e+02
7.637517453607688367e+02
7.763698294271396207e+02
7.715185100366120423e+02
7.765271103004668021e+02
7.757881357606854635e+02
7.847842568133761461e+02
4.638718589475271870e+02
7.721574044566752946e+02
7.792113659437541173e+02
7.867750026131436698e+02
7.763249635346489868e+02
6.318827643316935792e+02
7.847634340662905288e+02
7.725136764787324637e+02
7.752115414990117870e+02
7.812249827845364507e+02
7.837221699610136056e+02
7.755048284117434605e+02
7.730279555743379660e+02
7.757193969490041354e+02
7.755690605226404841e+02
7.765271308608188292e+02
7.857799122602539228e+02
7.736280163253297815e+02
7.868191307966013710e+02
7.812465124576141307e+02
5.842068912993900085e+02
7.724908413156448432e+02
3.657931011183491137e+02
7.725368180012385437e+02
7.732218264603297939e+02
7.763074209129837300e+02
7.849679750518344008e+02
7.782267369751062915e+02
7.840701623310390005e+02
7.793949188196745581e+02
7.814573750985541665e+02
7.855394525856221435e+02
7.727818737410109406e+02
7.859649435716554535e+02
7.718662129376566554e+02
7.831929281114165633e+02
7.864338825150800858e+02
7.761368658459075505e+02
7.725649512594501402e+02
7.848875719859984201e+02
7.728541284434750196e+02
7.707642252919599741e+02
7.769189827518226821e+02
7.850846024556570910e+02
7.865174494717601874e+02
7.828722498439856281e+02
3.779611743612750843e+02
7.749709803251810172e+02
7.801210177648733861e+02
7.846318620465730191e+02
7.714577859019797188e+02
7.850185967442102992e+02
7.719768448382241104e+02
7.817140535790939566e+02
7.734920060774348940e+02
7.821464577933148803e+02
7.344075141987451616e+02
7.858148402892340982e+02
7.776211767513881341e+02
7.715597540639785166e+02
7.761434281071584564e+02
7.736044175194417676e+02
7.771897937537946746e+02
7.861219355952435990e+02
7.822202103826306256e+02
7.867631465322200484e+02
7.788903404280147242e+02
7.768768753772360469e+02
7.843529486719270380e+02
7.785231100540262332e+02
7.854511323812250794e+02
5.093433445880714316e+02
5.246623966620306874e+02
7.733627752700298288e+02
7.855132888102230027e+02
7.868812782514921764e+02
7.782217587515117430e+02
5.836341028064896364e+02
7.716427451340324524e+02
6.097595602046064869e+02
7.816888518678402988e+02
7.275592888695125566e+02
7.760572371082625978e+02
7.719961780454730160e+02
7.709611362208859191e+02
7.785536086575827994e+02
7.728182983200360923e+02
7.831389416796853311e+02
6.077632136899378565e+02
7.743450783429726698e+02
7.753686252582067482e+02
7.737190758910325030e+02
7.790945360812329454e+02
7.792210189766151416e+02
7.724084428155467776e+02
7.713491207718724354e+02
7.726060490547570225e+02
5.641945146856214706e+02
7.776186339988464624e+02
7.812311226708654885e+02
7.840583295183348582e+02
7.771439167463075819e+02
7.831351652919911430e+02
6.073032486823163936e+02
7.826872112142290234e+02
6.981806506125719807e+02
7.825706650085943465e+02
7.765491976500629789e+02
7.787448514526080317e+02
7.804386067494149302e+02
7.719014784876344493e+02
5.464880005051596754e+02
7.686457330699613522e+02
7.811445845498371909e+02
7.853273383442131035e+02
7.761853761758852670e+02
7.837175762003860200e+02
7.782574105965862827e+02
7.822807812941439352e+02
7.865540353509044280e+02
7.793520258765469180e+02
7.808443961563743869e+02
7.087746986868011163e+02
7.725942646751562961e+02
7.761852601565839223e+02
6.673285748158652950e+02
7.737184173851436526e+02
7.726687418623569101e+02
7.771371577450754558e+02
7.843717550504727569e+02
7.777557537107944654e+02
7.826529507313108525e+02
6.073032486823163936e+02
7.726303546497066463e+02
7.865951401849642934e+02
7.837225931340034322e+02
7.765613981567443034e+02
7.793652761593862124e+02
7.868464407584220908e+02
7.721349450306701101e+02
7.684448044732760081e+02
7.771996077096787303e+02
7.776160237659501036e+02
7.759302138959903914e+02
7.816409918408107842e+02
6.378531035409175729e+02
7.753839780107894057e+02
7.813598205411809658e+02
7.853399819543898275e+02
7.791354099935267641e+02
7.813073417554967364e+02
7.779779015933524988e+02
7.755689555130204553e+02
7.844633794204755759e+02
5.621343188127565327e+02
7.829833199646968751e+02
7.772836380635854994e+02
7.780326030880496546e+02
7.744885100567648806e+02
7.737190758910325030e+02
7.731038105291518150e+02
7.814350069551363731e+02
7.781225273892878249e+02
7.815591431410146015e+02
7.768349215903836011e+02
7.868276832501203444e+02
7.851765449416678848e+02
7.488548148752613542e+02
7.771939867158014295e+02
7.771478844669389900e+02
7.783889117396075790e+02
7.834141563192475815e+02
5.811835378746461629e+02
7.828621973783704107e+02
7.579264881798869737e+02
7.797819215493121874e+02
7.759728591055034030e+02
7.665641363781228392e+02
7.739793471952447135e+02
7.835290556159673088e+02
6.757420119473922568e+02
7.759595343767547320e+02
7.782249456894800232e+02
7.712474262074423450e+02
7.713491207718724354e+02
7.815762228155620051e+02
7.812435626020450172e+02
7.754843687890800084e+02
7.793162724348673009e+02
3.693140857054784192e+02
7.768501169285874539e+02
7.845467663574629569e+02
7.751168614981816063e+02
7.799519690497345437e+02
7.809805782176854336e+02
7.827355333511095523e+02
6.167629704244453706e+02
7.723656978924036594e+02
7.794911998629546588e+02
7.847682546154433112e+02
7.810976113618829686e+02
7.832521979660144780e+02
7.834026881771750368e+02
7.862846125826692969e+02
7.837275292575718595e+02
2.789828771255442916e+02
5.879801839666442902e+02
7.837745638230353507e+02
7.790470277269585040e+02
7.197340148931253907e+02
7.781478226219156795e+02
7.868481940385155440e+02
5.811835378746461629e+02
7.780282278937060028e+02
7.181338897718918588e+02
7.764802086052383174e+02
7.785678176273443114e+02
7.808518222719233108e+02
7.801375843148855438e+02
7.751620446344400079e+02
7.769513023637284732e+02
7.778448753103036779e+02
7.731722846881483520e+02
6.424936961866859519e+02
7.778670216073400070e+02
7.819742899168915073e+02
7.717919487608742202e+02
7.716253362724269209e+02
7.861874332200442268e+02
7.807226650361453721e+02
7.848654174432464288e+02
7.749927184332332217e+02
7.761834414746565471e+02
7.780282278937060028e+02
7.736818727114459762e+02
6.893261918752115207e+02
7.791948033123561572e+02
7.817550467579110318e+02
7.860722106607130399e+02
7.850185967442102992e+02
7.846665724475553816e+02
7.863067666189064084e+02
7.776055931652767867e+02
7.825878829517780559e+02
7.804809926208897650e+02
7.848455993557504371e+02
7.764777234404764386e+02
7.819542568274291625e+02
6.532884955639075315e+02
7.707378571079577796e+02
7.693473286566519391e+02
7.791098214762425869e+02
7.786749147954676573e+02
7.834937237553491514e+02
5.568023323068642867e+02
7.825973103706927532e+02
7.730495448769736413e+02
6.404956130699812320e+02
7.416821199293983682e+02
7.830435405038315366e+02
7.790125522221534311e+02
7.768909591044346143e+02
7.777027549258073122e+02
7.864914247341532700e+02
7.787009692132257896e+02
7.765832920277778157e+02
7.809985847701752846e+02
5.775889895937527854e+02
7.769624763641782010e+02
7.714959823486074129e+02
5.948294238119818829e+02
7.837990241931021274e+02
7.778857216875821905e+02
7.782361544510532667e+02
7.853724177613105439e+02
7.746834592495216611e+02
7.795354118652263651e+02
7.307746703377044923e+02
7.791219692000101986e+02
7.865556073771521142e+02
7.808615556014624417e+02
7.714176373567293012e+02
7.769805412168786916e+02
7.779586511694401452e+02
7.773904983387825496e+02
7.727200514272052487e+02
7.727449734699124519e+02
7.786032530223922095e+02
7.837221699610136056e+02
7.865398994071225616e+02
3.887289618925404966e+02
7.753121475142747840e+02
7.795895700922455944e+02
7.689564977100725400e+02
7.818762507749655697e+02
7.865224582321425260e+02
7.714608874437797112e+02
7.850868358908935534e+02
7.734182994858467737e+02
7.712145038408648361e+02
7.805121395236521948e+02
7.811793581529429957e+02
5.446988512655329941e+02
7.707977753263481873e+02
7.786815525877544815e+02
7.858141915135724958e+02
7.822948018050859673e+02
7.758124772445507915e+02
7.742305447040657782e+02
7.825746676675729532e+02
7.759205713396241890e+02
7.852066800828001760e+02
6.158925251143323294e+02
7.809578083284121703e+02
7.741820522972523122e+02
4.895682145093724671e+02
7.706947258595092762e+02
7.779809889065219295e+02
4.356260239644910257e+02
7.798816758624429895e+02
7.721563406966217826e+02
7.714726779131597141e+02
7.760572371082625978e+02
7.848355837962845953e+02
7.865682604384526257e+02
7.684110298005859931e+02
7.799542752201198255e+02
7.766878282373709226e+02
7.704943737966375465e+02
7.789293368543137603e+02
3.729457201279799392e+02
7.705742490965286606e+02
7.806525862975629479e+02
7.842731962171903888e+02
7.836341089415958550e+02
7.867136353936367641e+02
7.840994644368340687e+02
7.810966929014945208e+02
7.402699854221804117e+02
7.775766706263493688e+02
7.833475379595354298e+02
7.848891775934197312e+02
