7.967828240478266935e+02
7.815084341709480213e+02
8.046891258309133264e+02
8.433629681549464294e+02
8.021068459303020290e+02
8.099287643176437541e+02
7.731182292238070204e+02
8.313926390037183864e+02
7.733922200694802314e+02
8.443707070541729536e+02
8.343275038670533377e+02
7.980664632421508031e+02
8.165894897632907714e+02
8.422163049835944548e+02
8.239562617931792374e+02
7.808307711646592679e+02
8.165247743910650797e+02
8.093801888313624886e+02
7.841897756389761298e+02
8.362384911908186496e+02
7.757518072520318810e+02
8.055070881371188989e+02
8.413458892723649569e+02
7.858584426836807779e+02
8.456415831772310412e+02
7.828262091993211698e+02
7.994275126853715392e+02
8.056582953961764133e+02
7.910745403450804361e+02
8.182390702426274629e+02
7.804950650179977174e+02
8.133871147975341955e+02
7.855328417954680162e+02
8.380677643046618641e+02
7.915982354326310997e+02
8.468674670751131544e+02
8.481676439050660292e+02
8.299479656108562722e+02
8.193946198733497113e+02
7.904679791579592347e+02
8.191661673762043847e+02
7.802622920260364481e+02
7.775864624714733964e+02
7.737500531285910483e+02
8.418686045396700592e+02
8.400615836262522862e+02
7.763522633006141405e+02
7.947140466957346234e+02
8.290597042219327477e+02
8.290524407891862211e+02
8.279980261655464346e+02
7.790041222402072663e+02
7.873878998622377594e+02
8.310447040550525344e+02
8.338887944439406965e+02
8.123807211852264345e+02
8.216567378277720763e+02
8.180212452763739748e+02
8.453431216111025606e+02
8.134712137698761580e+02
8.036216129329064870e+02
7.985491036736920023e+02
8.443112708965300044e+02
7.896843151941535552e+02
7.901714829323889262e+02
7.729287440471853188e+02
7.824581126532019653e+02
8.467258306337084832e+02
8.427405754355781937e+02
8.455638516811909540e+02
7.840252141183843833e+02
7.891242408388784497e+02
7.807183723411894789e+02
7.839927102973290403e+02
8.030220566394457364e+02
7.772901564804315058e+02
7.730542036264782837e+02
8.425318407846471018e+02
8.091151669095070247e+02
8.145604856961695077e+02
7.775871570391193472e+02
8.233254248290811574e+02
8.048384252742787339e+02
8.013056810085710140e+02
8.119887268370986249e+02
8.133890238217054502e+02
8.280185209579666434e+02
8.360004396663177886e+02
8.238891240011694208e+02
8.454230715782776997e+02
8.220276025169771401e+02
7.850627496948634416e+02
8.496210629611751983e+02
7.726120820569342413e+02
7.817642651520889103e+02
8.066107762057272339e+02
8.233379695450485087e+02
7.971333707178329178e+02
8.144541039442074180e+02
7.782396845971786661e+02
7.914011684714730563e+02
7.804002712777786428e+02
8.285143363258340514e+02
7.865845213180176643e+02
8.329603865924457295e+02
8.079506178076669585e+02
8.503114528258835207e+02
7.955886146933813734e+02
7.808515352050792444e+02
7.861134094172653022e+02
8.260982908657691723e+02
8.444394013795798628e+02
8.331442692503943590e+02
7.769582937126124307e+02
7.814930556308291898e+02
7.883414113734513649e+02
8.082384253126625708e+02
7.847588636785336575e+02
7.746240652013379986e+02
8.328455190076465442e+02
8.447336303452856328e+02
8.101222011897943958e+02
7.837156264537493371e+02
8.116715393994849137e+02
7.868515109181214484e+02
7.972556794674846969e+02
8.097731032575042036e+02
8.251249902783213201e+02
8.260015673157427045e+02
7.785578139398435269e+02
8.091247750244129975e+02
8.325560200483996596e+02
8.425195631288162303e+02
7.739276796857066074e+02
7.711736986478966855e+02
8.048118027187798589e+02
8.296107756665076067e+02
8.223008892951124835e+02
7.973025682279853754e+02
7.742044045632983398e+02
8.084867063194114962e+02
8.205672302406862855e+02
8.003108785125555187e+02
8.041708061878964600e+02
8.180213025327619789e+02
7.784230812205294114e+02
7.900403412674827450e+02
8.214752876367073213e+02
7.918381254740143049e+02
8.158493195517463619e+02
8.332759279405006509e+02
8.036733301309604940e+02
7.772559262758134082e+02
8.044193443911312897e+02
8.277606739078581768e+02
7.824185948288962891e+02
7.913865399430663956e+02
8.488172120531371547e+02
8.128056708093525913e+02
7.882406612748951602e+02
8.463093238825709932e+02
8.251980378270367282e+02
8.130939413134960887e+02
8.120811563186254034e+02
7.904173714985890911e+02
7.773637929857968629e+02
8.507338264291848873e+02
8.494709151324834693e+02
8.391488112715849184e+02
7.734667017193835363e+02
7.734500606293643159e+02
8.136821910462915639e+02
8.071973190442549821e+02
8.414178086020789351e+02
7.943104092461924211e+02
8.325851879639686786e+02
7.770257778615598454e+02
8.280228046886616085e+02
7.812387984183583285e+02
8.292144816904107074e+02
8.322290448617986840e+02
7.979928207885889151e+02
7.744148522214218247e+02
7.943737792983994268e+02
8.256682279639790067e+02
8.291689439501060406e+02
7.835760789780426876e+02
8.299886202452346424e+02
8.271748092618440751e+02
7.974745673653571885e+02
8.162066162912146865e+02
8.465696970567247490e+02
8.008809671961967069e+02
8.355370946028345998e+02
8.368393139498804203e+02
8.099287643176437541e+02
8.001874163937060302e+02
8.286205460401744176e+02
8.104535705607474938e+02
8.415682361723479517e+02
8.135108571968935394e+02
8.292760760542106482e+02
7.771362610846836105e+02
8.213993224981666117e+02
8.056661410142127124e+02
8.272619228418950570e+02
7.924905511573758758e+02
8.116257431729673044e+02
8.119606150352732357e+02
8.235101856171888812e+02
8.001122595638883013e+02
8.174228771238844047e+02
7.824864946703858095e+02
8.315748521098173569e+02
8.179848581931208855e+02
8.129300255471027867e+02
7.722024190531441263e+02
8.477354267851025043e+02
8.480815101596035674e+02
7.858236022169837725e+02
8.277346721744413571e+02
8.028146780840124848e+02
7.846179054961776274e+02
8.092431000016526923e+02
7.999458740216340402e+02
7.846224330487209500e+02
8.157250911497809511e+02
8.284641027018236628e+02
8.188947409460361087e+02
8.078805260828563632e+02
8.069635768284309734e+02
7.908138835213806033e+02
8.374925866846672307e+02
7.751656286120165760e+02
7.758018481116921521e+02
8.376839846560719707e+02
7.790644850087350051e+02
7.872544035646101293e+02
7.981994233179750609e+02
8.199310597690338227e+02
8.485546215167661330e+02
8.160218233163448076e+02
8.076424653449424795e+02
8.337814449474929006e+02
7.938292218515648528e+02
7.895625636671986740e+02
7.751656286120165760e+02
7.879765378607860384e+02
7.703996671490222070e+02
7.920802490549560844e+02
8.208400098099799607e+02
7.868942494343275484e+02
8.204579751132320098e+02
7.987025376794721296e+02
7.975192874258852953e+02
8.283593742902389749e+02
7.997946333790054041e+02
7.727473227266567619e+02
8.349424835966111687e+02
7.840329913930471548e+02
8.325429452850563621e+02
7.746965141610023693e+02
8.395154690475009147e+02
7.936448787759545667e+02
8.043367728170235296e+02
8.269069478045265669e+02
8.340673526693740314e+02
7.977025621981026688e+02
8.378151512865114228e+02
8.507679832724388689e+02
8.139755653664988131e+02
7.927335982870791895e+02
8.118677840261550500e+02
8.400615836262522862e+02
8.506623637496788888e+02
7.833357423939532964e+02
8.189583714708284106e+02
8.090060359163401245e+02
7.723274983897761103e+02
7.897336677194664389e+02
7.940470500764633925e+02
7.797324066778800216e+02
8.283249692007657359e+02
7.767125744612837934e+02
8.195807464844295964e+02
8.160570853222106962e+02
8.032041732129594038e+02
8.257702649042892062e+02
7.820301322124108765e+02
7.830437717777680291e+02
7.795416324898003495e+02
8.120796403711800622e+02
7.852855556051322310e+02
8.084528519999630589e+02
8.059206319759608732e+02
8.041702808260585016e+02
7.893823787430053471e+02
7.775470695068506757e+02
8.238739043485983302e+02
8.230820805826188007e+02
7.843560854914235279e+02
7.845098608009099053e+02
7.910042667039904245e+02
7.782667541562688029e+02
7.767125744612837934e+02
7.844425516179658189e+02
8.278263774772335637e+02
7.870231398130471234e+02
8.466579170564890546e+02
7.970009077678705580e+02
8.437142881081700807e+02
8.384777053109555709e+02
8.043483655249478943e+02
8.380285289427133648e+02
7.754478980183160957e+02
8.374264156510863586e+02
7.853404528040441619e+02
8.109030616951434922e+02
7.824912921876215250e+02
7.983842669940912629e+02
7.847333484083975463e+02
7.726180477929424342e+02
8.055590895912597489e+02
7.774650251603500237e+02
8.074365292353952555e+02
8.509232329724575266e+02
8.049845392928734782e+02
8.240772136994266930e+02
8.257283241901202473e+02
8.485352627658074880e+02
8.238520293129324727e+02
7.777228732791753600e+02
8.105072144128412219e+02
8.175492746629962539e+02
8.112720782814917584e+02
8.338887944439406965e+02
7.747241817165345310e+02
7.932999805424035458e+02
8.276557690189762297e+02
8.305456020719904018e+02
8.291663011382204331e+02
8.290892598839938046e+02
7.994492221761564679e+02
8.213484450021246630e+02
8.146333801146495261e+02
8.344650729802079923e+02
8.299080892759164954e+02
8.091643413954172956e+02
8.153859025868542858e+02
8.339976267385026176e+02
7.951558076836881810e+02
7.793321800254487925e+02
8.334790854671381339e+02
7.999678963169280905e+02
8.203314388445739951e+02
8.125958402242755483e+02
8.111581201201245221e+02
7.944153645910241721e+02
8.423848002526385699e+02
7.887238681525590209e+02
8.176632219331711440e+02
7.793321800254487925e+02
7.724004267413340585e+02
8.086509733649202190e+02
8.447540442272963901e+02
8.433905463109911125e+02
7.711871162643523121e+02
7.967781742793533795e+02
7.770208342624980560e+02
7.835082719338148536e+02
8.253219733791156614e+02
8.181232479105052562e+02
8.247698471232504289e+02
8.443207211144887196e+02
8.130518415665176235e+02
8.511085458910938542e+02
8.264143547893163486e+02
8.344509464850157201e+02
8.329358702346727341e+02
7.790644850087350051e+02
8.462039688193178790e+02
7.794374622093098424e+02
8.016191694218289285e+02
8.048561088221836144e+02
7.714433935739397157e+02
7.804654236004232644e+02
8.018423758757049882e+02
7.778917751989260978e+02
8.323626030598651369e+02
7.844825778448848723e+02
8.315518072008842410e+02
8.112752731380442128e+02
8.213999245393871433e+02
7.847554785209499641e+02
8.438617679162300647e+02
8.469166876350866460e+02
8.127432792548866018e+02
7.804849731744091059e+02
7.911412926296679871e+02
8.398003303331579446e+02
8.180947949950700604e+02
8.094028033286850814e+02
7.761625732524146315e+02
8.038779463686555573e+02
7.926235501825520942e+02
8.037134379175768117e+02
7.876734030359192502e+02
7.808925932960271439e+02
7.958057624663446177e+02
8.171028903078663461e+02
7.805552167373566590e+02
8.372419222236686664e+02
7.796472910135551047e+02
8.385489898237865418e+02
8.001292331744114108e+02
7.944543659372609454e+02
8.504502028215117662e+02
8.491218863145779778e+02
7.875010940191313011e+02
7.801350138147647613e+02
8.238992758844628952e+02
8.004851857811256650e+02
8.064963755514218064e+02
7.767320689084378955e+02
7.976403419703572126e+02
7.806272333746488812e+02
8.073209153187826814e+02
8.300353698155321354e+02
7.919922656631442806e+02
8.284027325782811886e+02
8.028146780840124848e+02
7.879209581670090756e+02
8.495382824399512174e+02
8.398522563727697161e+02
8.406773640041508315e+02
8.350249993922491285e+02
7.851471354002731005e+02
7.965058179214648817e+02
8.187911641672624228e+02
8.320500102979643771e+02
8.351108822733139050e+02
8.014432089404193675e+02
8.118797872848219868e+02
7.786428218920439122e+02
8.202557976970730351e+02
8.199510991229165029e+02
8.106896504085519837e+02
7.740272369995376494e+02
8.301776381286908872e+02
8.075798631899601787e+02
7.859874720373383070e+02
8.471397404131610074e+02
8.386137765315601200e+02
8.452672065088436284e+02
8.185941282354917803e+02
7.763973826072965494e+02
7.949001555144172926e+02
7.941988053368270357e+02
7.751656286120165760e+02
8.050003812957224909e+02
7.899074558541561828e+02
8.470872072862564437e+02
8.432281831137538575e+02
8.342344315884625985e+02
8.391986746748578980e+02
8.356952299073643644e+02
8.305578627885531660e+02
8.375356153332991198e+02
8.377763860621107597e+02
7.872391891874182193e+02
7.787059307178676590e+02
8.474874466225205651e+02
8.488290546436317072e+02
7.932753755958268584e+02
8.449576300776220705e+02
8.329358702346727341e+02
8.363212935540634589e+02
8.434381383952134001e+02
8.091950755845044796e+02
8.214886969400411090e+02
8.431072008129860933e+02
7.809609059076931317e+02
8.420311103738282554e+02
8.330982046297833676e+02
8.328646401816051821e+02
7.804999187380232115e+02
7.922867762497608055e+02
8.279840875217130360e+02
8.328455190076465442e+02
7.802396714892283853e+02
8.040487257167345660e+02
8.045747475621757303e+02
8.072533862581686890e+02
8.375984540855453133e+02
8.395154690475009147e+02
7.828342769023824985e+02
7.720929057780016365e+02
7.869122385492736385e+02
7.900359496986543490e+02
7.756160402563089065e+02
7.776971671200508354e+02
7.798843629873382497e+02
8.351552563325927849e+02
7.758676763194382602e+02
7.757555964716320887e+02
8.480504806254954246e+02
8.356957305268255141e+02
8.307029579923116671e+02
8.363635735247813727e+02
8.013726659098672371e+02
8.325650776701334053e+02
8.140360019910384608e+02
8.073752951661932684e+02
7.972767638287200498e+02
8.278382646674881471e+02
8.437416699911215119e+02
8.196240954100464933e+02
7.876078814356104658e+02
8.058189716504211901e+02
8.366404060144009236e+02
7.751923544283996534e+02
7.715871104411526176e+02
7.738112936329788454e+02
7.823687981163940321e+02
8.387777209423336444e+02
8.183753991701232735e+02
7.811477280453907497e+02
7.951869771995316114e+02
8.147182469553446253e+02
8.267715475359774473e+02
7.771088549738637994e+02
8.015516691340500302e+02
7.759732176614974151e+02
8.103180954881997877e+02
7.801280676524006594e+02
8.163491051073526705e+02
7.791952822361263316e+02
8.145835261864574477e+02
8.377419374024159424e+02
8.186093746316826127e+02
8.178250112704581625e+02
8.020447111484271545e+02
7.895568838727805314e+02
7.991415192519666562e+02
7.786937158712764813e+02
7.758018481116921521e+02
8.395512567199889418e+02
7.947765732009968360e+02
8.097264410684580298e+02
8.473138415862520105e+02
8.410455419988379617e+02
8.340042961357295326e+02
8.176229546635297538e+02
8.214032327622918501e+02
8.074127679939638256e+02
8.442351817930421021e+02
8.279618187726028964e+02
8.273893494284669714e+02
8.401754808944764363e+02
8.347816601499656599e+02
8.247698471232504289e+02
7.780569996179160626e+02
8.088494467622176671e+02
7.879765378607860384e+02
7.973919313746041553e+02
8.497808928844060574e+02
8.129636409830661705e+02
7.846903224184732153e+02
8.291907188859347571e+02
8.111278568724874276e+02
7.865562039277256190e+02
8.467091650210034004e+02
8.273573236071704287e+02
8.087726519036181116e+02
7.864381644605009569e+02
7.774547268898012362e+02
8.492843919725781916e+02
8.245931709510308565e+02
8.381604623998937313e+02
7.763097955277853544e+02
8.407966311395711045e+02
8.059018506219304072e+02
8.416042675795209789e+02
8.274926560572480412e+02
8.329587943755648212e+02
8.285143363258340514e+02
8.169082782491657326e+02
8.492042770879917271e+02
7.786278484593151461e+02
8.177015156160786091e+02
8.125934404328163509e+02
8.013755220055336395e+02
7.734990548369828502e+02
7.930068633241548923e+02
7.837011145252599817e+02
8.448152265362590470e+02
8.213986937347341382e+02
7.713024996987146551e+02
8.375795581449247038e+02
7.956586964759526381e+02
7.798243323156187898e+02
8.169706304298284749e+02
8.447614884117745078e+02
7.866733337690235430e+02
8.297112246248429983e+02
7.846389493881881663e+02
8.000718184482469724e+02
8.076135837875309562e+02
8.253993310429473240e+02
8.379713792682442772e+02
7.807088736624700687e+02
8.340383661945593303e+02
7.838330214633838295e+02
7.900460955698782755e+02
7.735833465191516325e+02
8.340475862512281537e+02
7.977939362956398099e+02
8.163491051073526705e+02
8.394699531960402510e+02
7.723607360730510436e+02
8.373397533741315328e+02
8.410764336207868155e+02
7.751656286120165760e+02
7.888189280990691259e+02
8.356587401354386202e+02
8.073209153187826814e+02
8.084560189899788156e+02
8.346980237936649019e+02
8.140606866233683832e+02
8.219288879876312421e+02
7.832594490909509659e+02
8.059206319759608732e+02
8.040050306304274272e+02
7.745615420383438732e+02
8.458040306920927378e+02
8.070685378823000065e+02
8.240810104361929689e+02
8.339448008987358207e+02
8.146550784071110911e+02
7.736007955668511613e+02
8.174411491450209724e+02
8.180542975777389074e+02
8.371130598444716497e+02
8.396494689951807686e+02
7.821804139888154168e+02
8.183816422192046502e+02
8.216825778334635970e+02
8.447131419928671221e+02
7.930708685055466276e+02
7.858574785992775560e+02
8.373181719988369878e+02
8.062672337795270323e+02
7.824433971012450684e+02
8.012519305421333229e+02
7.922254554381534035e+02
8.486176723033215694e+02
8.005596897841280679e+02
7.893910652325694173e+02
8.313542209944749857e+02
8.485352627658074880e+02
8.302027541028080577e+02
7.883460951160143395e+02
7.738048074632426960e+02
7.782002474547884958e+02
8.155398525341003051e+02
7.990129771030342454e+02
7.727569890987866756e+02
7.986370415124254123e+02
8.256558096078534845e+02
7.940278514009252149e+02
8.454978208264010391e+02
7.847452837494292908e+02
8.035104271760282018e+02
7.758753709691068252e+02
7.747436712862096329e+02
7.815960013994538258e+02
8.424305012376278228e+02
8.376839846560719707e+02
8.283989442154529570e+02
7.792024793450160587e+02
8.365434890175550890e+02
8.049966900848555724e+02
8.234704191653681846e+02
8.340663335734587918e+02
8.043483655249478943e+02
8.400063187450323312e+02
8.074520885195289566e+02
7.770362980983006764e+02
8.357700129266695512e+02
8.360634232337739604e+02
7.951456128130539582e+02
8.363251379307687330e+02
8.044228353986162574e+02
8.370749721862686101e+02
8.394421848910870949e+02
8.172682568897246256e+02
7.733588808635156511e+02
7.797148816751430331e+02
8.047221965915979354e+02
8.061362931725961971e+02
7.906585980110638729e+02
7.777621573525432268e+02
7.952362900441944475e+02
7.747143769136616811e+02
8.336698738951984069e+02
8.470571401629892989e+02
8.511832004030413827e+02
7.836953583490923165e+02
8.185507828185501467e+02
8.447614884117745078e+02
8.433982281988503473e+02
8.403337807038566325e+02
8.183231583829025340e+02
8.195807464844295964e+02
8.059206319759608732e+02
7.770374919217600791e+02
8.161570996449319182e+02
8.325226702667803238e+02
8.117632316784601016e+02
8.028304464963534883e+02
8.016116567117600198e+02
8.104090723292272287e+02
8.172521487553503903e+02
8.506236248116833849e+02
7.950973911261736475e+02
8.271632761226594539e+02
8.268405371149722214e+02
8.254589821268789365e+02
8.511762682537250839e+02
7.775965038428007574e+02
8.339097619822609886e+02
7.814928064894671706e+02
7.834204944980317578e+02
8.275380678018707385e+02
7.834541946826008143e+02
8.322536456768652897e+02
7.790379435418469711e+02
7.795540194569548476e+02
8.170117689267450487e+02
8.267149709931884445e+02
8.193927755771183001e+02
8.106678912465672511e+02
8.195807464844295964e+02
8.504889102200368143e+02
8.372471686036172969e+02
8.342201977341221664e+02
8.071780168885369449e+02
8.130447287688733695e+02
7.877622935938359205e+02
8.138076759144836387e+02
7.918966258539945784e+02
8.339683761333594703e+02
7.824703315987262613e+02
8.063046886092272416e+02
7.706868030655251687e+02
8.268205477961555516e+02
8.116020865683046850e+02
8.353188835542549668e+02
8.001851422329881416e+02
8.209938870202463477e+02
7.928752541067708535e+02
7.931392901932041468e+02
8.056579467513244026e+02
8.111783705850004935e+02
8.442850308399933965e+02
7.808379984607905726e+02
8.092148349923936621e+02
8.076353840564382836e+02
8.123698360011613886e+02
7.732541142269276406e+02
8.464827954218314972e+02
8.229427071899349357e+02
8.345073997520388502e+02
7.839447413505146187e+02
8.397381213623384610e+02
8.502730347439398884e+02
7.953091026419336913e+02
8.123230358791744266e+02
8.127049708265673189e+02
8.188999820815163275e+02
8.224034028104310892e+02
7.982004607067915458e+02
8.338444943960316778e+02
8.192234900269552327e+02
8.092821677207219864e+02
8.086959750193618675e+02
8.169161465009761969e+02
8.284290369733256512e+02
7.944368680319356599e+02
7.886031363802050009e+02
8.353120264802290649e+02
8.058856044411534185e+02
8.406108085276243855e+02
8.011922456933807553e+02
8.070066615892942536e+02
8.135755516042950148e+02
7.986161660757052232e+02
8.417560027976247738e+02
7.811073584823543570e+02
7.891680833822242676e+02
7.900153435871156944e+02
8.022334428000752951e+02
8.015514170438021893e+02
7.849174497784392770e+02
8.213786687250731120e+02
7.946244583003067419e+02
8.177513747964451341e+02
7.878541915460313021e+02
8.091394811525341311e+02
8.098987625175485618e+02
8.467091650210034004e+02
7.776584478750226026e+02
8.447900956253480445e+02
8.362989334817165172e+02
8.133780761422708565e+02
7.828262091993211698e+02
7.877800662895119785e+02
8.297505996614196420e+02
8.359590726618743020e+02
8.405685999491588518e+02
8.210709111018509248e+02
8.433629681549464294e+02
7.947378578715744197e+02
8.083418419928807452e+02
7.769025418789351534e+02
8.021829635230022859e+02
8.344215136935556529e+02
7.917970989905251145e+02
8.511429676169972254e+02
8.190900118100279315e+02
8.025631722135995005e+02
8.005915247688242289e+02
7.815084341709480213e+02
8.413411437645572732e+02
8.037119959071515041e+02
8.511361776333291118e+02
8.135873295759575967e+02
8.439935027526064459e+02
7.797888679570019121e+02
8.379523589983413103e+02
7.840252141183843833e+02
7.859344432129973939e+02
8.363251379307687330e+02
8.391986746748578980e+02
8.120006279403764893e+02
8.134712137698761580e+02
7.879101126756197573e+02
7.717732240106545305e+02
7.934098603830062757e+02
8.178099292763231460e+02
8.322290448617986840e+02
7.922060975405506724e+02
8.342568686426509430e+02
8.461653035839447057e+02
8.135215509823501634e+02
8.123222837013848903e+02
7.812086013500235140e+02
8.214178914083036034e+02
8.322601492790643078e+02
7.932267271580577699e+02
8.460437293067662949e+02
7.799768893278270525e+02
8.073638353239920207e+02
7.833970354778019782e+02
8.241068130906890019e+02
8.265019073096816555e+02
7.764362994250910788e+02
8.340238215099832360e+02
8.497922780059841443e+02
8.283642646056042622e+02
8.221306324005895476e+02
8.200025102009843749e+02
7.818291355795672644e+02
7.838163047281234412e+02
7.775082839986849876e+02
8.005735416875800183e+02
7.724104513685251732e+02
8.482991393675067684e+02
8.205642072156399536e+02
8.417148760856935041e+02
8.008501025754676448e+02
7.780277471348373410e+02
8.066808826615762200e+02
8.244577512817430716e+02
8.371237066869618957e+02
8.322536456768652897e+02
7.873777490992017647e+02
8.474261564182463644e+02
7.852212830651878903e+02
8.320882574133472644e+02
8.045866943393293695e+02
7.961756270170254766e+02
8.283534839993610603e+02
7.757934440304300097e+02
7.704216810249105265e+02
8.445104635345384168e+02
7.732360605198754229e+02
7.927239971831597813e+02
8.047160291311665787e+02
8.318389749023467630e+02
8.033659185261319635e+02
8.313063347027018608e+02
8.049263015591852763e+02
7.915558913524456557e+02
8.388741419235523153e+02
8.056037118345549288e+02
8.342599755106070916e+02
7.782920418641620017e+02
8.278802230727944789e+02
8.096331126559274480e+02
8.485528752671839356e+02
8.416042675795209789e+02
7.844540357851445833e+02
8.442845682207499749e+02
8.416100137267339960e+02
8.273374768571104596e+02
7.962454967046921865e+02
8.260015673157427045e+02
8.338912733349469590e+02
8.063205173922959830e+02
8.098206278371574172e+02
8.123992082316094638e+02
8.456210586853800351e+02
7.788979231699300954e+02
8.192139034379487157e+02
8.442671104370450621e+02
8.098549311206151060e+02
7.814629407189271433e+02
8.308354849769089014e+02
8.327648490269818922e+02
8.374607830241152442e+02
8.385246281993879620e+02
7.925624912841018386e+02
8.037119959071515041e+02
8.359695706091411012e+02
7.940086029310597269e+02
7.983385836536727993e+02
8.338741667867461729e+02
7.917351642754731529e+02
8.371558830413692931e+02
7.777222841448110557e+02
8.097191665745482396e+02
8.437246591325862255e+02
7.990648480489686563e+02
7.912279401564572936e+02
7.821283372465408092e+02
8.245589845633238610e+02
8.136460491380469193e+02
8.197536104859470925e+02
8.300361969441893280e+02
7.928711106258244854e+02
8.251921374766686768e+02
7.849003549542006795e+02
8.398014831147908126e+02
8.452561095685341570e+02
7.947006023063096336e+02
8.177512164863176167e+02
7.767610136885853080e+02
8.460181617445692837e+02
7.816728686397386809e+02
8.495382824399512174e+02
7.844993026443539748e+02
8.061853604886517815e+02
8.099598661434527003e+02
8.362282391114315487e+02
8.242029395610558140e+02
8.043051973327369524e+02
8.341026591994773298e+02
8.264908207491150733e+02
7.912701506699262382e+02
7.840443195677282802e+02
8.092477750694074530e+02
8.102154922690866670e+02
8.216219665824672802e+02
8.125145614289367586e+02
7.710114017356602290e+02
7.709322472219087103e+02
8.341508938890743821e+02
7.996225803323799255e+02
8.255639345194013003e+02
8.372217449377540106e+02
8.196087007448087434e+02
7.880273864091614087e+02
8.414158015158928947e+02
7.921945475734182764e+02
7.798287220083084321e+02
7.719347175598444437e+02
8.022767253691787346e+02
8.097731032575042036e+02
8.302579788259347424e+02
8.042339239129006501e+02
8.097191665745482396e+02
7.705137691189300995e+02
8.381699749496401637e+02
8.129308900533949327e+02
8.501671824562334905e+02
8.191281120590308547e+02
7.742478567588102578e+02
7.747448924724773178e+02
8.319012127844878250e+02
