5.887022227893485979e+04
5.638683493874897249e+04
5.766221083566546440e+04
5.840589408069642377e+04
5.925194756633321958e+04
5.653676002611791773e+04
5.913059775302074559e+04
5.807949593026954244e+04
5.708665206048909749e+04
5.864604329635250178e+04
5.907263991950664786e+04
5.527217856066211971e+04
5.883012543588050175e+04
5.626921811865294876e+04
5.774608655429211649e+04
5.830922958668694628e+04
5.841966163174125541e+04
5.795256367474269791e+04
5.893780452872600290e+04
5.703868189353845082e+04
5.914406794540349802e+04
5.458026877752419387e+04
5.858559235564853589e+04
5.546795670382645039e+04
5.790484803803342948e+04
5.347896290383123414e+04
5.777855740899666853e+04
5.777135913118265307e+04
5.731917712417901203e+04
5.536942020649064216e+04
5.693306094091948034e+04
5.732807468265031639e+04
5.069951102324733802e+04
5.864050485371919785e+04
5.749556717303956248e+04
5.382220073808303277e+04
5.561749368916785170e+04
5.827441360096631979e+04
5.597520165508049831e+04
5.832103953864070354e+04
5.824675810314650880e+04
5.892459663099831960e+04
5.717861019967602624e+04
5.709815488280786667e+04
5.859317494334457297e+04
5.853898854918363213e+04
5.559019908972529811e+04
5.851568003916548332e+04
5.604959315054248873e+04
5.632437698975129751e+04
5.608457571338175330e+04
5.916380982834488532e+04
5.633152712744476594e+04
5.931045393639537360e+04
5.574554716259226552e+04
5.558287681047444494e+04
5.526217917755340750e+04
5.412644133738066739e+04
5.496442351518680516e+04
5.812525831555825425e+04
5.875028071385432122e+04
5.566500116488081403e+04
5.819542729255363520e+04
5.859854685125446122e+04
5.573927403503956157e+04
5.395068125087146473e+04
5.703423228200185258e+04
5.672581402322270878e+04
5.716066234334357432e+04
5.478522694401118497e+04
5.617668420542463718e+04
5.427366795523086330e+04
5.742397818223020295e+04
5.727073289973925421e+04
5.762552220079272229e+04
5.904954040029511089e+04
5.694495045512969955e+04
5.894694135060367989e+04
5.833938264907180564e+04
5.890285732824902516e+04
5.834968505985313095e+04
5.862724632975880377e+04
5.603878690119257953e+04
5.910437510226769518e+04
5.825036875567608513e+04
5.635051069492049282e+04
5.534399178155083791e+04
5.901649078083672794e+04
5.837948887865222059e+04
5.699319831027651526e+04
5.921831026340810786e+04
5.839827995450604794e+04
5.778503026432446495e+04
5.784963938908983255e+04
5.928721633507896331e+04
5.657260180953655072e+04
5.630596473892295762e+04
5.610212205323325907e+04
5.015830048853051267e+04
5.882324951157164469e+04
5.623197812416659872e+04
5.796634006362663786e+04
5.634425286982890975e+04
5.514540136764668569e+04
5.669998004359986226e+04
5.716260984166537673e+04
5.799559818803478993e+04
5.674790097257032176e+04
5.704927388592877833e+04
5.630471745218778960e+04
5.910960993375696853e+04
5.921934299617514625e+04
5.680744948012541863e+04
5.468987650941796164e+04
5.628884884127360419e+04
5.878759289231659932e+04
5.503527646795121836e+04
5.752398744626973348e+04
5.878239318005324458e+04
5.819973343063930224e+04
5.856600513369449618e+04
5.795245634299358062e+04
5.382557142163538083e+04
5.918749031659225147e+04
5.915804778896483913e+04
5.780187933073840395e+04
5.750604281546235143e+04
5.820402182986118714e+04
5.870059032055687567e+04
5.853978234484072163e+04
5.795604998011089629e+04
5.902755351495591458e+04
5.783512541075306945e+04
5.764251914950748323e+04
5.782769967350862862e+04
5.671415164032916073e+04
5.601486213995543949e+04
5.525556141435355676e+04
5.640831821042261436e+04
4.879270741833956708e+04
5.777985314770627883e+04
5.916139699842463597e+04
5.793331402753254952e+04
5.928020733522875526e+04
5.724277394133089547e+04
5.829452769203348726e+04
5.476584498013136908e+04
5.767441609930714185e+04
5.879580586299960123e+04
5.731434553704802238e+04
5.463362735188589431e+04
5.910789986718106957e+04
5.825889673062992370e+04
5.827468628959330817e+04
5.796103675191684306e+04
5.703753609874920949e+04
5.906225757564957166e+04
5.563305682868810982e+04
5.439258761190575024e+04
5.768643025590061734e+04
5.651811088716470113e+04
5.714123363600073208e+04
5.785191593813544750e+04
5.748690210356529860e+04
5.688630299523151189e+04
5.186371450968206045e+04
5.874521015015452576e+04
5.457735578371497104e+04
5.794725244400164229e+04
5.688941895100828697e+04
5.876109386839316721e+04
5.787795699475362198e+04
5.910751362083479762e+04
5.590503946379839181e+04
5.154538383224415884e+04
5.621302078072304721e+04
4.953958611405779084e+04
5.309436822448665043e+04
5.743403084633819526e+04
5.684618830993076699e+04
5.578134918887173990e+04
5.615636108208762016e+04
5.835078153014939744e+04
5.782072840409986384e+04
5.592472681131379795e+04
5.565131955944556103e+04
5.880560284230846446e+04
5.705139821590556676e+04
5.782144741415460157e+04
5.627781943982205121e+04
5.596926085028123634e+04
5.759666227333866118e+04
5.647532157362191356e+04
5.403275729679349024e+04
5.586774675316303910e+04
5.614663569761993131e+04
5.588519757023742568e+04
5.466167675833814428e+04
5.739802473550300783e+04
5.753219876506203582e+04
5.559176806509525341e+04
5.655343442743935884e+04
5.576055055543675553e+04
5.927730075292289985e+04
5.674476396225926874e+04
5.849792245931405341e+04
5.849142928571380617e+04
5.870241215202878811e+04
5.906342788415934774e+04
5.884262723028722394e+04
5.838779905410722131e+04
5.557178919336388208e+04
5.761158358748027240e+04
5.504104029921913025e+04
5.918827555653218587e+04
5.819336802989939315e+04
5.815330567311696359e+04
5.878496796624246781e+04
5.803679141678442829e+04
5.828806826071917749e+04
5.915287047482824710e+04
5.826060036364796542e+04
5.594374841580454085e+04
5.538722216485052923e+04
5.911456562177796877e+04
4.822774245212310052e+04
5.718481054095622676e+04
5.785693899397254427e+04
5.575196508851350518e+04
5.822557593392046692e+04
5.687174308214795019e+04
5.516095943140529562e+04
5.521078015702033008e+04
5.479898548375367682e+04
5.927961528753249149e+04
5.164797330643584428e+04
5.670995436799650633e+04
5.775264681359181122e+04
5.511658427491152543e+04
5.837248804745561938e+04
5.479692717872418143e+04
5.884285244947318279e+04
5.822396004288808763e+04
5.801883385348833690e+04
5.854863927832809713e+04
5.558677208473223436e+04
5.588121273971507617e+04
5.924365370133456599e+04
5.781202066936367919e+04
5.326362409471662977e+04
5.530390402543364326e+04
5.755843463605858415e+04
5.914465273291966878e+04
5.663925629428147658e+04
5.814263580835513858e+04
5.747510424137633527e+04
5.482947285328773432e+04
5.647357079822992819e+04
5.855415358823921270e+04
5.505019436310423771e+04
5.766097417509675870e+04
5.704586869888428191e+04
5.903117424335388932e+04
5.258658054412681668e+04
5.470048343655680947e+04
5.357555254783380224e+04
5.870614145324575657e+04
5.900014803611024399e+04
5.759617657027489622e+04
5.697389468557076179e+04
5.373444800905139709e+04
5.921934101352003199e+04
5.678775396383486805e+04
5.838013141067030665e+04
5.844974321057543420e+04
5.450791042011999525e+04
5.880137274466698000e+04
5.743571390626315406e+04
5.901159357724599249e+04
5.717566859232912975e+04
5.837879654602415394e+04
5.689521628862077341e+04
5.753095402631489560e+04
5.514540136764668569e+04
5.875860508849232428e+04
5.727915739791475062e+04
5.721061029982761102e+04
5.713819100351599627e+04
5.930800733862731431e+04
5.897579942407282942e+04
5.850239879175119859e+04
5.617668420542463718e+04
5.528035372009510320e+04
5.813866203722113278e+04
5.888059003331765416e+04
5.836309045504855749e+04
5.735377276687337144e+04
5.852321200420643436e+04
5.749093666775463498e+04
5.832957988453979488e+04
5.830164299145552650e+04
5.813312903199307038e+04
5.762219379917024344e+04
5.874754630296449614e+04
5.442734630909835687e+04
5.925950779640136170e+04
5.920141693597464473e+04
5.788279268545810191e+04
5.917806525520530704e+04
5.890044610366130655e+04
5.871717278185383475e+04
5.833565743127229507e+04
5.813470275367962313e+04
5.647334289224563690e+04
5.882291907520703535e+04
5.359421980276994873e+04
5.755255743525399885e+04
5.824835417378632701e+04
5.734076786587713286e+04
5.736858152679244813e+04
5.660090305884378176e+04
5.748384665365483670e+04
5.667468749430951721e+04
5.666371777480275341e+04
5.805838824514438602e+04
5.702533229472675885e+04
5.755104142507315555e+04
5.615455768183602777e+04
5.823781600780373265e+04
5.912739471292440430e+04
5.740442747477324156e+04
5.107342161065587425e+04
5.836998762580017501e+04
5.375618684521901014e+04
5.845406776433991763e+04
5.832066291071901651e+04
5.688319315717244172e+04
5.903604505133222847e+04
5.719497414109502279e+04
5.644546785279092728e+04
5.854053003950372658e+04
5.902360905228200863e+04
5.676196484013317968e+04
5.791974400499862531e+04
5.801127562128945283e+04
5.694364273793774191e+04
5.616068464592640521e+04
5.669014946855734161e+04
5.810647914945118828e+04
5.872109074529309873e+04
5.689600262253484107e+04
5.778353602920492267e+04
5.910789986718106957e+04
5.866999653524979658e+04
5.743915176690013323e+04
5.841049321666923061e+04
5.779998124408077274e+04
5.823453429139245418e+04
5.735885210978476971e+04
5.300735218005369825e+04
5.831190887496783398e+04
5.449371525858194946e+04
5.672502094293970731e+04
5.915787873703788500e+04
5.541184745609298261e+04
5.754532203381470754e+04
5.701122166768458555e+04
5.428726175608522317e+04
5.769232940645796043e+04
5.644932905598335492e+04
5.698176485679484904e+04
5.292613836187601555e+04
5.881040709207965847e+04
5.814471390727077960e+04
5.533477243702142005e+04
5.850497675063655333e+04
5.863495053574995109e+04
5.903550087912453455e+04
4.651496573429309501e+04
4.437300501872820314e+04
5.707024589918981656e+04
5.892460981281025306e+04
5.888890973234805278e+04
5.867147728164389264e+04
5.096344478645226627e+04
4.697415789259536541e+04
5.776377349087722541e+04
5.620537521917760023e+04
5.536942020649064216e+04
5.031252720604356000e+04
5.525096091971684655e+04
5.857455618728138506e+04
5.842828472167177824e+04
5.717595953482640471e+04
5.927343688741369988e+04
5.884262723028722394e+04
5.922187255703857227e+04
5.924724062655216403e+04
5.667494100056138996e+04
5.793975566994418477e+04
5.919189496682591562e+04
5.905288121899157704e+04
5.603461733469478349e+04
4.714032826485941769e+04
5.915787873703788500e+04
5.888487959800936369e+04
5.842304589262513036e+04
5.782142013098944153e+04
5.681919161900629115e+04
5.849533741272326733e+04
5.879008761910411704e+04
5.605174771894144214e+04
5.435336713722719287e+04
5.461444212976497511e+04
5.920148044862758979e+04
5.799662781935117528e+04
5.739776829801652639e+04
5.755222216682659200e+04
5.884017484282708028e+04
5.726802158395493461e+04
5.623197812416659872e+04
5.570205101508504595e+04
5.658144933223479893e+04
5.915787873703788500e+04
5.844458441272174241e+04
5.813853738543259533e+04
5.750889663632364682e+04
5.919480165426647000e+04
5.917126548779426957e+04
5.824629866046746611e+04
4.764994372666235722e+04
5.871017201188439503e+04
5.774390219744808564e+04
5.775730682737167808e+04
5.922187255703857227e+04
5.885672720524208125e+04
5.784218825935944187e+04
5.507886489096491277e+04
5.880534003689599922e+04
5.509657278678589500e+04
5.549739762663717556e+04
5.059721861895306210e+04
5.528937153812294127e+04
5.826001732461204665e+04
5.352133970825057622e+04
5.869030331510676479e+04
5.926469224407291767e+04
5.927961528753249149e+04
5.898126584956340957e+04
5.866444915844645584e+04
5.545767889006747282e+04
5.599832578722936159e+04
5.686904686167935142e+04
5.498038929901442316e+04
5.847593419134106807e+04
5.195668909157269809e+04
5.880002288605690410e+04
5.668377562642838166e+04
5.836336367501030327e+04
5.596896296958753373e+04
5.903569838800863363e+04
5.931809356930982904e+04
5.692320568287023343e+04
5.714480258704094740e+04
5.531670422559669532e+04
5.576557114441437443e+04
5.727915739791475062e+04
5.932133360623131739e+04
5.593666295758675551e+04
5.672499079835932935e+04
5.786689289317406656e+04
5.847998434192105196e+04
5.521329336964819959e+04
5.921956178858878411e+04
5.922559242561819701e+04
5.865309189572272589e+04
5.751883747548154497e+04
5.874962101516145776e+04
5.623080378282087622e+04
5.529371999268940999e+04
5.577598024746033479e+04
5.851734783499161131e+04
5.702476357516285498e+04
5.279604508246757905e+04
5.763732475324060943e+04
5.869377954820024752e+04
5.870125365939323819e+04
5.762587005140796100e+04
5.709864717065580771e+04
5.570794623097962176e+04
5.876966741545242257e+04
5.627806657099629228e+04
5.727474130049438099e+04
5.794932663111461443e+04
5.879837336388340918e+04
5.461131731215557375e+04
5.607619826162965910e+04
5.819336802989939315e+04
5.473773522006986605e+04
5.616331365568371257e+04
5.838104736830279580e+04
5.878195407484994212e+04
5.483156835434577079e+04
5.921486056685699441e+04
5.821880167790652195e+04
5.781422968231201230e+04
5.754578242570234579e+04
5.634262320835459832e+04
5.796219488994458516e+04
5.681662960116271279e+04
5.870494214723471669e+04
5.927964863674424123e+04
5.817655455961210828e+04
5.654790596469039156e+04
5.839125286793767737e+04
5.839836717780046456e+04
5.805615007610096654e+04
5.737775035416898027e+04
5.828572896181786928e+04
5.438651687782370573e+04
5.509039790516681387e+04
5.632422051648978959e+04
5.573991148877258092e+04
5.636757406301567971e+04
5.628136805758836272e+04
5.675864707591783372e+04
5.923060195224374911e+04
5.869881614728149725e+04
5.901060468560204026e+04
5.870761881950382667e+04
5.779407419471827598e+04
5.742640314452564053e+04
5.838123472890796256e+04
5.904091040742149926e+04
5.805860521228954167e+04
5.835152207157813245e+04
5.840425445787009085e+04
5.895057874822076701e+04
5.747196682110254915e+04
5.783584470582834911e+04
5.924937984379434783e+04
5.603926634903304512e+04
5.573579388809829834e+04
5.841354563887366385e+04
5.641875711241201498e+04
5.773091476692289143e+04
5.089345808872301859e+04
5.754663924428225437e+04
5.864368439894830954e+04
5.894698969727374788e+04
5.827276711791069829e+04
5.539933499855046102e+04
5.787630216108173772e+04
5.525000312207905517e+04
5.712963168135216256e+04
5.905765145756908896e+04
5.802913693466718541e+04
5.828406662078708905e+04
5.239014781180187856e+04
5.883643910599311494e+04
5.619623625594446639e+04
5.673273985611597163e+04
5.418034834658553154e+04
5.921679099497885181e+04
5.541184745609298261e+04
5.386004438230322558e+04
5.871527187810103351e+04
5.769189753557871882e+04
5.930395932680409169e+04
5.612477940062834386e+04
5.872516881198246847e+04
5.899584062579838064e+04
5.588500821979137982e+04
5.682924524204227782e+04
5.425173888162718504e+04
5.700748467391685699e+04
5.926757732102528826e+04
5.791288880046208942e+04
5.681223375533387298e+04
5.887498635627068870e+04
5.890248126546820276e+04
5.920574969677472109e+04
5.645677827265216911e+04
5.855665393213023344e+04
5.754578242570234579e+04
5.932563150536453759e+04
5.876655674746062141e+04
5.760204944161596359e+04
5.876988544079028361e+04
5.757847977838733641e+04
5.841666086583120341e+04
5.811411973800449050e+04
5.809865970653055410e+04
5.834596449115525320e+04
5.656673268656837172e+04
5.596444779472696973e+04
5.710490500407369836e+04
5.467736827437339525e+04
5.929283138375766430e+04
5.755104142507315555e+04
5.731365885805339349e+04
5.772831058741506422e+04
5.729810846324169688e+04
5.827276468917614693e+04
5.785109279519713891e+04
5.604248548175262113e+04
5.395800065452484705e+04
5.406335335984219273e+04
5.719353081222055334e+04
5.577698089275381062e+04
5.481482411156917806e+04
5.865962423111331736e+04
5.637751323916482943e+04
5.623076671653482481e+04
5.261979177685571631e+04
5.105411420904943952e+04
5.226990405292597279e+04
5.742449686035269406e+04
5.122527383886637836e+04
5.579895642579349806e+04
5.799392836312290456e+04
5.911676622423695517e+04
5.811770809677022771e+04
5.469788815331926889e+04
5.800049321885731479e+04
5.871308404009046353e+04
5.910242027367239643e+04
5.668120476144317945e+04
5.792831720788548409e+04
5.866698725778980588e+04
5.777106398370773240e+04
5.918014146842699120e+04
5.910789986718106957e+04
5.694959402057143598e+04
5.688496514798317367e+04
5.899702292973577278e+04
5.819976054370710335e+04
5.924255087651060603e+04
5.537333048313323525e+04
5.868337338771343639e+04
5.406132443272985984e+04
4.897104035998717154e+04
5.832541681927727041e+04
5.879040349514297850e+04
5.435124348618733347e+04
5.595547405443739262e+04
5.591632032293151133e+04
5.694415101475134725e+04
5.805413971081414638e+04
5.864350126152489247e+04
5.872088560591332498e+04
5.919189496682591562e+04
5.765813622036493325e+04
5.872516881198246847e+04
5.802812541920441436e+04
5.818788016715661797e+04
5.615744571861242002e+04
5.472913437209560652e+04
5.492242718003652408e+04
5.679228975743676710e+04
5.916190680452981906e+04
5.577144033768532972e+04
5.551418817159946775e+04
5.078617534685977444e+04
5.702460454485942319e+04
5.706376619333373674e+04
5.268962541907683044e+04
5.739380008415289922e+04
5.539749342049464758e+04
5.531558930416727526e+04
5.792052299120259704e+04
5.933782398803893011e+04
5.689534045275683457e+04
5.917561286599581217e+04
5.580490916406117321e+04
5.635086145883650170e+04
5.509280755065461562e+04
5.747113481337830308e+04
5.924707327834785247e+04
5.771565937097112328e+04
5.673566410654356878e+04
5.603847643743894150e+04
5.839633730822127836e+04
5.595847137892614410e+04
5.875539639933571016e+04
5.711297987321153778e+04
5.502405865062611701e+04
5.705139821590556676e+04
5.529766887524112826e+04
5.693541941566370951e+04
5.867152721257831581e+04
5.491371775404955406e+04
5.633152712744476594e+04
5.769490860145859187e+04
5.742389959106670722e+04
5.806090456498473941e+04
5.756697421240334370e+04
5.686162457526248181e+04
5.729949149074440356e+04
5.695188766252077767e+04
5.418307579050023196e+04
5.828864762089255964e+04
4.383736658886892837e+04
5.084963525098983519e+04
5.916258911532276397e+04
5.707390409146865568e+04
5.920141693597464473e+04
5.409481574017772800e+04
5.738174017988349078e+04
5.876005786654498661e+04
4.611877742437655979e+04
5.281641397207143746e+04
5.100308908210655500e+04
5.483156835434577079e+04
5.470473751269951754e+04
5.766302033838313946e+04
5.503325391902355477e+04
5.874066627629162394e+04
5.750993121186004282e+04
5.739396303058257763e+04
5.735527339844299422e+04
5.584010293432786420e+04
5.915630619278167433e+04
5.705059357041624025e+04
5.721619433296928764e+04
5.734451151467917225e+04
5.822311144521311508e+04
5.781244099437072873e+04
5.706261999681574525e+04
5.854173252704622428e+04
5.800219201866035291e+04
5.789134631774532318e+04
5.858252768747291702e+04
5.808012417539527814e+04
5.313508422223391244e+04
5.580467773065112124e+04
5.796390505972100073e+04
5.703165330123531749e+04
5.502794896739107935e+04
5.755889091891379212e+04
5.803917430532473372e+04
5.570205101508504595e+04
5.711217600086138555e+04
5.466813340877245355e+04
5.026232331664746744e+04
5.907401104389467946e+04
5.439411591204897559e+04
5.739964572321089508e+04
5.809114217024957179e+04
5.259851360871490033e+04
5.570205101508504595e+04
5.703126988107206853e+04
5.617075185667751066e+04
5.932942731832831487e+04
5.897244899882707250e+04
5.770898744054471899e+04
5.867513310757502768e+04
5.777517090792603267e+04
5.836756763167348254e+04
4.965146454035198258e+04
5.628181504106012289e+04
5.875642096763352311e+04
5.762219379917024344e+04
5.608626172985195444e+04
5.780973119152498111e+04
5.798829110063395638e+04
5.836656234676698659e+04
5.750604281546235143e+04
5.550436570612303331e+04
5.709317404999299470e+04
5.520114669528790546e+04
5.924840609750759904e+04
5.862724632975880377e+04
5.522780556767404050e+04
5.753133788900456420e+04
5.682127854212962120e+04
5.800554763072493370e+04
5.817036722457261203e+04
5.634274013745723641e+04
5.830233613843176863e+04
5.585286461122388573e+04
5.795471410403850314e+04
5.680496840923384298e+04
5.706713227926882973e+04
5.591632032293151133e+04
5.486960339593777462e+04
5.223677874676136707e+04
5.195169325197581929e+04
5.913971750658524979e+04
5.854048764257172297e+04
5.829818521273322403e+04
5.929376960176522698e+04
5.876493238326089340e+04
5.908448055577615742e+04
5.834424358124059654e+04
5.439436137940172193e+04
5.665973817164750653e+04
5.906357449453195295e+04
5.764341505422323098e+04
5.566094075814963435e+04
5.391410046480916208e+04
5.782048797483687667e+04
5.802458139049449528e+04
5.898017285954902036e+04
5.837215628321393888e+04
5.878150722480988770e+04
5.901578392091792193e+04
5.820417539728486736e+04
5.506150397848770808e+04
5.712734870717988815e+04
5.847453522815065662e+04
5.743577640053191135e+04
5.818038334623222181e+04
5.370164674470448517e+04
5.541102471077989321e+04
5.752805937179144530e+04
5.676828039191085554e+04
5.908839409559562046e+04
5.869377954820024752e+04
5.813377222949801944e+04
5.800950919385939051e+04
5.898394104141579737e+04
5.806191562130866077e+04
5.904732683903549332e+04
5.877150036648441164e+04
5.760303846616599913e+04
5.880115548439729173e+04
5.566704871007877227e+04
5.809114217024957179e+04
5.724807499782209925e+04
5.672054968065337744e+04
5.157441691309649468e+04
5.712375789267447544e+04
5.623818100588383095e+04
5.900014803611024399e+04
5.650898220772635250e+04
5.782475279338350811e+04
5.764341505422323098e+04
5.777322956555692508e+04
5.782051730204380146e+04
5.401905692275895854e+04
5.830164299145552650e+04
5.702061209259266616e+04
5.861607155064691324e+04
5.479898548375367682e+04
5.880759481956214586e+04
5.558579658893289161e+04
5.574976594181695691e+04
5.373946186705626315e+04
4.271686918042595789e+04
5.869339307939547143e+04
5.285833524460728222e+04
5.800935562144809228e+04
5.682100783690249955e+04
5.817512421826174250e+04
5.777504865968004742e+04
5.401622603634063125e+04
5.436304430377433891e+04
5.883052034417891991e+04
5.907782652672434779e+04
5.932829192983878602e+04
5.872736376181153901e+04
5.933783186104138440e+04
5.652863262952109653e+04
5.927632780627041939e+04
5.896719780036205339e+04
5.880096170228288975e+04
5.507400714752716885e+04
5.420104359046096215e+04
5.802359613544387685e+04
5.555936617695371388e+04
5.915281998187804129e+04
5.869650719263574138e+04
5.932937966607752605e+04
5.455093113854073454e+04
5.780409656831885513e+04
5.529365309525201883e+04
5.560893784149561543e+04
5.405898690864309901e+04
5.536727737059681385e+04
5.798646287564490194e+04
5.338373615296544449e+04
5.554770733913205913e+04
5.639506248616786615e+04
5.479594085929491848e+04
5.820205597524110635e+04
5.712085093883554509e+04
5.851996255370489962e+04
5.799351618920118199e+04
5.906973323322476062e+04
5.885416383247969497e+04
5.708822488366071775e+04
5.608457571338175330e+04
5.571217889941624890e+04
5.708770244941987039e+04
5.910437510226769518e+04
5.659236039881523175e+04
5.530385723550091643e+04
5.921350023764195794e+04
5.131753397410413163e+04
5.888267396943960921e+04
5.481326781456872413e+04
5.805414563201650162e+04
5.830635950633857283e+04
5.907682253707431664e+04
5.610839083504256268e+04
5.537254691268246825e+04
5.600864873490296304e+04
5.867530627476952213e+04
5.864350126152489247e+04
4.579862698136297695e+04
5.687422452578369121e+04
5.756081142605531204e+04
5.687189153720499598e+04
5.110299367664811871e+04
5.615332773292843194e+04
5.607511592184226174e+04
5.847671390444728604e+04
5.772594035396350228e+04
5.619375533510596142e+04
5.866096290271860198e+04
5.716611643060576171e+04
5.681622566257805738e+04
5.929707657415636641e+04
5.751818745475749893e+04
5.605069350995858258e+04
5.652527323879797768e+04
5.652552369050023844e+04
5.850219798738350801e+04
5.916777053524406074e+04
5.910789986718106957e+04
5.704515809106267989e+04
5.887558433859582874e+04
5.927828402044913673e+04
5.737637186731316615e+04
5.806184281558280054e+04
5.293807610538929293e+04
5.801012391296504939e+04
5.821778500571920449e+04
5.870816794598994602e+04
5.916682256102860993e+04
5.588093556121126312e+04
4.963503552431054413e+04
5.825257412188984017e+04
5.714032747915059736e+04
5.862687312629495864e+04
5.616068464592640521e+04
5.653217047830651427e+04
5.691506061922958179e+04
5.916119675507742795e+04
5.214876045886367501e+04
5.397057114105128858e+04
5.603847643743894150e+04
5.669865425647867960e+04
5.668218326303753565e+04
5.595140162156412407e+04
5.589358527073675214e+04
5.610839083504256268e+04
5.415397535286239872e+04
5.808170569778826030e+04
5.861832321503409185e+04
5.886769545041303354e+04
4.976325089628178830e+04
5.918014146842699120e+04
5.800763059829027043e+04
5.869836233870900469e+04
5.669169179289962631e+04
5.747818826822482515e+04
5.827846821998781525e+04
5.767696143259384553e+04
5.469788815331926889e+04
5.639319601666910603e+04
5.328396040956745128e+04
5.595264360657843645e+04
5.861458025013280712e+04
5.681884678838962282e+04
5.863329415668986621e+04
5.778517535795045842e+04
5.316956626113683888e+04
5.796390505972100073e+04
5.756480986150581157e+04
5.712330081917108328e+04
5.912356866956392332e+04
5.888964064508011506e+04
5.930989611120459449e+04
5.923333603133949509e+04
5.847606563579237991e+04
5.632709351497933676e+04
5.680572766342718387e+04
5.772138782353555871e+04
5.353498613154890336e+04
5.693013179939868860e+04
5.672637019966566731e+04
5.860178922037812299e+04
5.596398188602107984e+04
5.634425286982890975e+04
5.669625021148072847e+04
5.891336271544840565e+04
5.700943459606144461e+04
5.815330567311696359e+04
