7.904971390164429613e+04
7.824889816826615424e+04
7.837104147354069573e+04
7.801374428436069866e+04
7.876322246312953939e+04
7.915187260808552674e+04
7.825667268291307846e+04
7.873732770389635698e+04
7.930851519143965561e+04
7.836081803614219825e+04
7.863858775284120929e+04
7.848548832893891085e+04
7.872473913637131045e+04
7.784682101084812894e+04
7.856031499175784120e+04
7.848522604662763479e+04
7.931463384148680780e+04
7.884822529060060333e+04
7.781862347607177799e+04
7.708190058264287654e+04
7.853161700809026661e+04
7.779872459590235667e+04
7.872360458608440240e+04
7.910516737979295431e+04
7.825638890556439583e+04
7.931697178980804165e+04
7.910626693630695809e+04
7.892771623836613435e+04
7.908031877173794783e+04
7.844208066877603414e+04
7.831501906478262390e+04
7.702307215581864875e+04
7.921943007442088856e+04
7.801046549374639289e+04
7.913876919093901233e+04
7.904867898081234307e+04
7.757399670167983277e+04
7.819271510883248993e+04
7.825628524076112080e+04
7.892298372548376210e+04
7.906745783485402353e+04
7.813280556533343042e+04
7.822772163162376091e+04
7.721861402484627615e+04
7.912835692809522152e+04
7.853479341152400593e+04
7.805924840603895427e+04
7.764000947941743652e+04
7.752085123472748091e+04
7.857680171014346706e+04
7.890810504489802406e+04
7.926194424048039946e+04
7.902849018923714175e+04
7.838336138778047462e+04
7.667844183054660971e+04
7.755111094924272038e+04
7.817191061986118439e+04
7.840304351072451391e+04
7.917173464005326969e+04
7.925627918086454156e+04
7.923020471374817134e+04
7.763709662553379894e+04
7.726388259971272782e+04
7.930673721366189420e+04
7.827549893476063153e+04
7.844623683006690408e+04
7.903779186979895167e+04
7.913271657762062387e+04
7.886144070673243550e+04
7.878059393876220565e+04
7.913865506186743733e+04
7.774868340750159405e+04
7.893148677750286879e+04
7.834850753878000251e+04
7.772153953945575631e+04
7.923778844455195940e+04
7.757245636642797035e+04
7.853315729723035474e+04
7.904342949957992823e+04
7.644029113400817732e+04
7.794302015697390016e+04
7.885312293844443047e+04
7.921069442423494183e+04
7.903136559425224550e+04
7.929462847456381132e+04
7.880018126951754675e+04
7.912242769295893959e+04
7.920059191988462408e+04
7.906752601567500096e+04
7.856964178308125702e+04
7.913032904301441158e+04
7.621480481534541468e+04
7.924324848227018083e+04
7.908231993012796738e+04
7.920562347751863126e+04
7.845815822417844902e+04
7.922718741306755692e+04
7.891675611691358790e+04
7.908055958040311816e+04
7.628592702897904383e+04
7.928915721043336089e+04
7.917282725468043645e+04
7.903456443877151469e+04
7.903143066883910797e+04
7.797421088706707815e+04
7.932552603530811029e+04
7.725958004046902352e+04
7.910137651805536007e+04
7.857263654890365433e+04
7.917876668680207513e+04
7.925996577175604762e+04
7.868004955964838155e+04
7.855593134858811391e+04
7.810731437165214447e+04
7.886099786683912680e+04
7.864912696249442524e+04
7.813233673147173249e+04
7.813565428059318219e+04
7.911816627755382797e+04
7.763188706841514795e+04
7.738996836112711753e+04
7.869838283497304656e+04
7.850649667233158834e+04
7.705344773100367456e+04
7.820437869919528021e+04
7.907660704576969147e+04
7.840172830305328534e+04
7.868870300562509510e+04
7.764108570257342944e+04
7.890601397156446183e+04
7.770549043074871588e+04
7.912311502691786154e+04
7.888966749210729904e+04
7.808682851228056825e+04
7.920334604410555039e+04
7.886772948692545469e+04
7.816634980578246177e+04
7.926425523130966758e+04
7.879121107101390953e+04
7.873379460783643299e+04
7.802984270777454367e+04
7.898414814320842561e+04
7.807619452571318834e+04
7.878818487558103516e+04
7.910718133067029703e+04
7.647726322576121311e+04
7.782270391147138434e+04
7.784427740659422125e+04
7.917918747452899697e+04
7.743082213002459321e+04
7.869267341431598470e+04
7.909764617758551321e+04
7.877514354855792772e+04
7.911356231129511434e+04
7.813565428059318219e+04
7.826186313660688756e+04
7.929064183976022468e+04
7.638256575671215251e+04
7.780421887154135038e+04
7.855148686742410064e+04
7.793382766969560180e+04
7.680950816053626477e+04
7.856058405956273782e+04
7.929754272916703485e+04
7.887523545825250039e+04
7.807423828590271296e+04
7.845214755613429588e+04
7.890134683225615299e+04
7.797097170984903642e+04
7.746516562518311548e+04
7.917373290606052615e+04
7.919645247893717897e+04
7.901459117015160155e+04
7.847816167935616977e+04
7.926704510409806971e+04
7.823343629585606686e+04
7.784436826742687845e+04
7.931232264759697136e+04
7.856061276637270930e+04
7.848426898551250633e+04
7.918413586237575510e+04
7.858066894332182710e+04
7.595557026623398997e+04
7.880976449679178768e+04
7.781674753392353887e+04
7.932724677963201248e+04
7.821853713091037935e+04
7.851057018229192181e+04
7.933050757480908942e+04
7.861242164892962319e+04
7.903007792764079932e+04
7.830669467698480003e+04
7.882511385666567367e+04
7.865755433035001624e+04
7.828437687159801135e+04
7.914837273625546368e+04
7.876452535874868045e+04
7.931782538600279076e+04
7.585727705118087761e+04
7.867122303928784095e+04
7.825945668997868779e+04
7.874144752242977847e+04
7.811639558267824759e+04
7.875019314644759288e+04
7.850262014144347631e+04
7.862930082129497896e+04
7.783785855778334371e+04
7.782889453420437349e+04
7.917588096361231874e+04
7.845845096242407453e+04
7.920841249111146317e+04
7.926351501644233940e+04
7.849957457606996468e+04
7.688375387992142350e+04
7.589189551385300001e+04
7.907820231960456294e+04
7.903845279778630356e+04
7.867048454065938131e+04
7.872347483572272176e+04
7.899014177143531560e+04
7.929138666925069992e+04
7.808770714779723494e+04
7.779351509862084640e+04
7.877546746454609092e+04
7.667348885509825777e+04
7.852670944410699303e+04
7.923703578607407690e+04
7.897882877118019678e+04
7.799100814329687273e+04
7.907492445792554645e+04
7.796927981737325899e+04
7.859017499099254201e+04
7.812199156601601862e+04
7.836027071556259762e+04
7.850199417325164541e+04
7.670854919205329497e+04
7.864603098412352847e+04
7.894299419897951884e+04
7.906298038074656506e+04
7.754005975631168985e+04
7.858859903660576674e+04
7.816396884349596803e+04
7.926375769532009144e+04
7.762107856388684013e+04
7.795610751799349964e+04
7.863530089385027532e+04
7.923477565077145118e+04
7.905959430815183441e+04
7.831407980137690902e+04
7.915353277398202044e+04
7.894421774128367542e+04
7.820369732496485813e+04
7.906061542487853148e+04
7.886613627566021751e+04
7.855072471830133873e+04
7.872598828234724351e+04
7.810290462692282745e+04
7.793377977709192783e+04
7.801299593402871687e+04
7.819244692728100927e+04
7.905861914282920770e+04
7.911627300082391594e+04
7.893703178948041750e+04
7.826186313660688756e+04
7.890878503128435113e+04
7.909459508999431273e+04
7.862840390814507555e+04
7.851278872263043013e+04
7.823442247728574148e+04
7.899712027213443071e+04
7.823711071228893707e+04
7.815761106203196687e+04
7.900290359737692052e+04
7.879901522107901110e+04
7.818143292883859249e+04
7.929425079324451508e+04
7.913257068125075602e+04
7.859488816161724390e+04
7.877414977038878715e+04
7.682843983170237334e+04
7.932003682501715957e+04
7.864410279834618268e+04
7.917511094970389968e+04
7.927884945459735172e+04
7.794480600892828079e+04
7.876322246312953939e+04
7.858543838683284412e+04
7.873300707715874887e+04
7.826941512821076321e+04
7.870251910795464937e+04
7.897376641963337897e+04
7.902858501890632033e+04
7.876479366967880924e+04
7.882613119019029546e+04
7.831890200178929081e+04
7.927785193226102274e+04
7.868014264605085191e+04
7.924739118598472851e+04
7.913135027435087250e+04
7.791444450655368564e+04
7.934137842796834593e+04
7.877373980004394252e+04
7.758862767309664923e+04
7.923132352635005373e+04
7.869060194706200855e+04
7.816468241058342392e+04
7.902501843616107362e+04
7.894288697219439200e+04
7.820802174178304267e+04
7.817987573068274651e+04
7.846902309997615521e+04
7.679676910760304600e+04
7.934345233610927244e+04
7.922550857937827823e+04
7.887062335170197184e+04
7.881573256515992398e+04
7.816337979901634390e+04
7.923199520275271789e+04
7.933535314405040117e+04
7.874546636495782877e+04
7.777194022351571766e+04
7.872245563608217344e+04
7.889957830875441141e+04
7.820102378000381577e+04
7.856195543162913236e+04
7.925122869079474185e+04
7.825321111708850367e+04
7.880013985271772253e+04
7.793002091235638363e+04
7.828921872465062188e+04
7.869856553373132192e+04
7.847816167935616977e+04
7.859960997702114400e+04
7.900454285239847377e+04
7.872852343510749051e+04
7.878675562672656088e+04
7.911391434444990591e+04
7.858283479558893305e+04
7.872206824000319466e+04
7.886046595352143049e+04
7.893441271084087202e+04
7.864542465777363395e+04
7.893118613233906217e+04
7.794794840603409102e+04
7.890418598540569656e+04
7.833717382392163563e+04
7.922259907383868995e+04
7.702254837852643686e+04
7.932811786750171450e+04
7.790469331982042058e+04
7.914866293215221958e+04
7.777194022351571766e+04
7.901308476157535915e+04
7.805156773499694827e+04
7.841757670859729114e+04
7.822637280291567731e+04
7.875326841432170477e+04
7.910962262315720727e+04
7.932712630117486697e+04
7.893562081589401350e+04
7.871213693769414385e+04
7.902235277326100913e+04
7.853715133069174772e+04
7.931741906621537055e+04
7.871624455341458088e+04
7.802872190122777829e+04
7.882449255220576015e+04
7.933789248731777479e+04
7.883598861436126754e+04
7.799865303331387986e+04
7.844732273646812246e+04
7.855880534757999703e+04
7.799724016611714615e+04
7.914971421291126171e+04
7.927438646519280155e+04
7.879508372994078672e+04
7.931709651732623752e+04
7.881181283297052141e+04
7.917339625459516537e+04
7.787590615959602292e+04
7.845091749120700115e+04
7.844168109861924313e+04
7.869416069679710199e+04
7.875466085410548840e+04
7.924302503080919269e+04
7.908269019649541588e+04
7.914937739022019377e+04
7.874863811826954770e+04
7.829258440139898448e+04
7.918703445683233440e+04
7.718602140502339171e+04
7.925211876593498164e+04
7.866463241098038270e+04
7.851410411234124331e+04
7.888798265701046330e+04
7.868777362200987409e+04
7.890756690981611609e+04
7.933588896252232371e+04
7.881078089361115417e+04
7.829308276123086398e+04
7.870707531039426976e+04
7.837394770887380582e+04
7.867416833182738628e+04
7.891424417786345293e+04
7.755206480709489551e+04
7.837464344839763362e+04
7.877571504753732006e+04
7.790530653337016702e+04
7.761052188279278926e+04
7.920113466046052054e+04
7.800723346053893329e+04
7.858675435328716412e+04
7.894989073687334894e+04
7.877546746454609092e+04
7.825002312343745143e+04
7.909480811165914929e+04
7.931595684033806901e+04
7.859211084775430209e+04
7.780264329216015176e+04
7.844731831277335004e+04
7.884404688173475733e+04
7.781525823373004096e+04
7.835089954326777661e+04
7.869842365638293268e+04
7.774560511169035453e+04
7.828935491171860485e+04
7.874695686026674230e+04
7.900131631842660136e+04
7.832477946228630026e+04
7.919269694359542336e+04
7.833269829469999240e+04
7.783017191053173156e+04
7.826396582977738581e+04
7.919824208743346389e+04
7.898316703462999430e+04
7.930089654774322116e+04
7.746911084593783016e+04
5.972520662226605054e+04
7.791444450655368564e+04
7.860234689323781640e+04
7.803906684358247730e+04
7.857758528250252130e+04
7.915888540111843031e+04
7.790036421941131994e+04
7.763516738029857515e+04
7.862830155684801866e+04
7.853479341152400593e+04
7.883509843263030052e+04
7.746141892019211082e+04
7.923201036846384523e+04
7.928988961189644760e+04
7.869838283497304656e+04
7.874702435206605878e+04
7.924172133500562632e+04
7.877563758307635726e+04
7.838603032286418602e+04
7.852670944410699303e+04
7.932086318262925488e+04
7.818901695608657610e+04
7.814006668405569508e+04
7.749026977140968665e+04
7.906929661154537462e+04
7.856031499175784120e+04
7.881865272450902557e+04
7.847546629097691039e+04
7.865325126887441729e+04
7.873228790479735471e+04
7.706198642352785100e+04
7.768375977110296662e+04
7.868363228479246027e+04
7.811003685613395646e+04
7.897479634339873155e+04
7.842059868634471786e+04
7.825136661393700342e+04
7.926286597545159748e+04
7.912922980072002974e+04
7.848522604662763479e+04
7.904892305836036394e+04
7.895682569787354441e+04
7.854423478777715354e+04
7.600281930775853107e+04
7.878503940025220800e+04
7.856582143029416329e+04
7.696375781698127685e+04
7.916746755438906257e+04
7.802947342310787644e+04
7.842534165821185161e+04
7.818595203906916140e+04
7.908706001579569420e+04
7.931782538600279076e+04
7.925996577175604762e+04
7.863981439412740292e+04
7.912764625966252061e+04
7.820369732496485813e+04
7.779620953656701022e+04
7.892517053742286225e+04
7.917583654333782033e+04
7.930261485571910453e+04
7.861698387998112594e+04
7.887915955806912098e+04
7.914866293215221958e+04
7.819331070061269565e+04
7.734650651431019651e+04
7.627404835801893205e+04
7.814599919076971128e+04
7.907547995659671142e+04
7.911482983362118830e+04
7.866266093275829917e+04
7.855637771294072445e+04
7.757691859752748860e+04
7.857083904094262107e+04
7.850739806552519440e+04
7.795467872013893793e+04
7.875399141500183032e+04
7.926581376519071637e+04
7.879176288253480743e+04
7.900906524371608975e+04
7.912665482614575012e+04
7.663852998320723418e+04
7.861732551011045871e+04
7.893247810301353456e+04
7.934264614713093033e+04
7.894844896180977230e+04
7.825427570885705063e+04
7.870808751521128579e+04
7.883193090498978563e+04
7.742782025117693411e+04
7.713859947683401697e+04
7.774165464220204740e+04
7.891563232615108427e+04
7.838033413838841079e+04
7.894391692172079638e+04
7.870119238070960273e+04
7.728140586894599255e+04
7.915672638584338711e+04
7.809555045948222687e+04
7.923434112519252812e+04
7.926544753032202425e+04
7.894845434748973639e+04
7.865342784249206306e+04
7.918605281351052690e+04
7.877498864988192508e+04
7.858944790298666339e+04
7.874838911285929498e+04
7.902838236047205282e+04
7.880189553002928733e+04
7.907089377229692764e+04
7.851932741337238986e+04
7.924643886083128746e+04
7.860301290400455764e+04
7.917373290606052615e+04
7.912468831453387975e+04
7.816934373557080107e+04
7.534523476627012133e+04
7.830430308339520707e+04
7.932256766763833002e+04
7.892303291972714942e+04
7.759954873337876052e+04
7.898869470323713904e+04
7.916837149845018575e+04
7.876384652012441074e+04
7.897220691393970628e+04
7.885779849270569684e+04
7.905968977215219638e+04
7.882292949532052444e+04
7.739699424242597888e+04
7.777603874651243677e+04
7.539241065070405602e+04
7.730367668598104501e+04
7.750378601389548567e+04
7.925803417413347051e+04
7.850231429044588003e+04
7.792677067483900464e+04
7.928350295206849114e+04
7.817408383853374107e+04
7.934263419747317676e+04
7.830021059330250137e+04
7.869526412580232136e+04
7.829721070985619735e+04
7.916647910391603364e+04
7.886339755400628201e+04
7.784542255242029205e+04
7.840032493885462463e+04
7.913168051570188254e+04
7.806669403890012472e+04
7.838062795991264284e+04
7.778802206880587619e+04
7.761775849363126326e+04
7.920941719744968577e+04
7.860497561546287034e+04
7.933881222978280857e+04
7.757471997023661970e+04
7.795229459525244602e+04
7.847816167935616977e+04
7.906759193854220212e+04
7.797270765062447754e+04
7.908311409568157978e+04
7.921196872615443135e+04
7.932333056009095162e+04
7.896131141789988033e+04
7.857993319689911732e+04
7.786079351221828256e+04
7.651305313374234538e+04
7.830116880488723109e+04
7.887900804525906278e+04
7.811403689876399585e+04
7.872326321813912364e+04
7.793068982879679243e+04
7.929380885186768137e+04
7.842583619672944769e+04
7.891727058484448935e+04
7.865055546060587221e+04
7.894138968541794748e+04
7.821525549113871239e+04
7.897479634339873155e+04
7.802148482723068446e+04
7.900154167938699538e+04
7.761209347713220632e+04
7.825979580421530409e+04
7.906048580961360130e+04
7.871773531947475567e+04
7.929833081268757815e+04
7.889578174136653251e+04
7.901687972073881247e+04
7.816041512278674054e+04
7.797670212073177390e+04
7.898068498323854874e+04
7.928093348511384102e+04
7.860410307898127940e+04
7.809555045948222687e+04
7.787542802670599485e+04
7.909260413885625894e+04
7.779443838119303109e+04
7.864189924031158444e+04
7.927726548736541008e+04
7.830657110306725372e+04
7.901806324923619104e+04
7.800485251492015959e+04
7.930313717522003572e+04
7.916192829211518983e+04
7.888442327514394128e+04
7.855080367539767758e+04
7.924527227335693897e+04
7.740551223785603361e+04
7.912741212206214550e+04
7.917708865576352400e+04
7.791749855274830770e+04
7.748921041273848095e+04
7.805913369077729294e+04
7.772460622602136573e+04
7.887275082946424664e+04
7.854968257360829739e+04
7.867846746372360212e+04
7.829719623819115805e+04
7.914417370319314068e+04
7.933935953985000378e+04
7.792685315256503236e+04
7.733916459308097546e+04
7.910806500201259041e+04
7.860958528828239650e+04
7.894591805233902414e+04
7.888726556591514964e+04
7.779650730586142163e+04
7.924751443751403713e+04
7.887971070861065527e+04
7.835089630072045838e+04
7.856712639210575435e+04
7.859155719295918243e+04
7.787927821300663345e+04
7.870324187128970516e+04
7.862386762500784243e+04
7.850872429946652846e+04
7.846532977652814589e+04
7.931139867518292158e+04
7.906162319239454519e+04
7.906467780501241214e+04
7.798597010911066900e+04
7.866362129804701544e+04
7.932835963634114887e+04
7.930307901582893101e+04
7.890348955522230244e+04
7.912011919983790722e+04
7.904550749757274752e+04
7.903945943439725670e+04
7.835584291837486671e+04
7.796124022473230434e+04
7.909300069099213579e+04
7.678504435168691271e+04
7.898974676150102459e+04
7.915815580583602423e+04
7.905861914282920770e+04
7.926788541752145102e+04
7.765688585605937988e+04
7.750368648000873509e+04
7.911110550426351256e+04
7.843934556277832598e+04
7.833833934725039580e+04
7.861075732522740145e+04
7.925550356707195169e+04
7.852670944410699303e+04
7.873778089337085839e+04
7.741556753095435852e+04
7.817774901951827633e+04
7.909608537512063049e+04
7.825315235015266808e+04
7.809429963825113373e+04
7.827678511615602474e+04
7.911275453358773666e+04
7.917384651216017664e+04
7.901441943377091957e+04
7.815757706072725705e+04
7.813532759606796026e+04
7.848126626316200418e+04
7.861732551011045871e+04
7.794231231352905161e+04
7.881691439867191366e+04
7.917447942008613609e+04
7.805763496463136107e+04
7.812471651910763467e+04
7.856206599239789648e+04
7.871453734853194328e+04
7.912644226844471996e+04
7.877367314923586673e+04
7.885925591849102057e+04
7.931256270451140881e+04
7.912631627645871777e+04
7.918157225333923998e+04
7.819865594651235733e+04
7.794150962633862218e+04
7.870914181995508261e+04
7.892135662235695054e+04
7.896605885758857767e+04
7.913938635627884651e+04
7.904137151703695417e+04
7.916752143560661352e+04
7.765758673699782230e+04
7.409109168750492972e+04
7.837140810172240890e+04
7.889009793701884337e+04
7.902122206600937352e+04
6.512071249396294297e+04
7.823410778192296857e+04
7.895612837290791504e+04
7.906862956655982998e+04
7.831221453009700053e+04
7.832691963033023058e+04
7.932183415617850551e+04
7.934433227293853997e+04
7.929032138182623021e+04
7.916587354630400660e+04
7.865085998968295462e+04
7.930615929988710559e+04
7.854235073231143178e+04
7.832997239898669068e+04
7.902813424004784611e+04
7.884041229931409180e+04
7.694701129909904557e+04
7.914778156273619970e+04
7.747261142664006911e+04
7.812280735506577184e+04
7.811566975194189581e+04
7.870902204547403380e+04
7.672907768099212262e+04
7.896209190462392871e+04
7.762741933570358378e+04
7.842994900580254034e+04
7.901027308974793414e+04
7.903644580929640506e+04
7.892542895736075297e+04
7.893993989825469907e+04
7.806051914205342473e+04
7.897228592015228060e+04
7.888936719488410745e+04
7.650384612583419948e+04
7.862951126211979135e+04
7.773704615682773874e+04
7.846752553924424865e+04
7.716351095678898855e+04
7.853665271616898826e+04
7.887299219402624294e+04
7.865491449619556079e+04
7.869551176227831456e+04
7.932084734501881758e+04
7.929044892140172306e+04
7.831230697799372138e+04
7.925394997662738024e+04
7.783764872054489388e+04
7.779368293053042726e+04
7.894778569305426208e+04
7.820884202847279084e+04
7.753673585629212903e+04
7.828974825438809057e+04
7.743866185452329228e+04
7.845921101059560897e+04
7.780916807658181642e+04
7.840813774945362820e+04
7.862650314663397148e+04
7.631598410270038585e+04
7.752085123472748091e+04
7.920842930758275907e+04
7.813280556533343042e+04
7.923885827104974305e+04
7.908231993012796738e+04
7.667487127014592988e+04
7.924462531328643672e+04
7.883931066490279045e+04
7.831400836138523300e+04
7.931911665116877703e+04
6.940535751135408645e+04
7.926151569704784197e+04
7.811597206203469250e+04
7.916422963970374258e+04
7.914657906597875990e+04
7.838525157337001292e+04
7.794169407190964557e+04
7.880750531265507743e+04
7.830335745294755907e+04
7.907660704576969147e+04
7.897391989431346883e+04
7.836282296641895664e+04
7.880624831795073987e+04
7.827625316492110142e+04
7.842393593805920682e+04
7.912287531607321580e+04
7.813565428059318219e+04
7.769221131719448022e+04
7.872277022696749191e+04
7.624905986267652770e+04
7.926682184637620230e+04
7.832090526308520930e+04
7.889506279890213045e+04
7.930976240642362973e+04
7.867737232924911950e+04
7.913910339494165964e+04
7.897716596925089834e+04
7.866331957176901051e+04
7.889081265857486869e+04
7.913596234136106796e+04
7.820073418353669695e+04
7.834262149084037810e+04
7.772264822028487106e+04
7.921960307311791985e+04
6.458588465165100934e+04
7.850942785121587804e+04
7.930993944531971647e+04
7.924643886083128746e+04
7.679955143782876257e+04
7.802143138942123915e+04
7.929817911791265942e+04
7.867777434533181076e+04
7.913492839025605645e+04
7.763262550760185695e+04
7.846053315793676302e+04
7.770114158768623020e+04
7.835277446135465289e+04
7.866622463419850101e+04
7.875768063371775497e+04
7.874479299542952504e+04
7.899495051738785696e+04
7.818991933314414928e+04
7.450494671198097058e+04
7.929683810351425200e+04
7.873821073250749032e+04
7.849254240376682719e+04
7.616213796357251704e+04
7.799904560621771088e+04
7.824353619636283838e+04
7.850455439207833842e+04
7.887841396765738318e+04
7.770361367108655395e+04
7.881573256515992398e+04
7.905042286334876553e+04
7.780589752009138465e+04
7.810225583026715321e+04
7.831400836138523300e+04
7.729085482425661758e+04
7.897873059443311649e+04
7.876904031887845485e+04
7.697419962577823026e+04
7.908746099640708417e+04
7.926447282289905706e+04
7.906979294913756894e+04
7.788122775525419274e+04
7.849839470888156211e+04
7.917107420878135599e+04
7.770312180464492121e+04
7.897085605566222512e+04
7.926643164772517048e+04
7.894677918777090963e+04
7.812234941007624730e+04
7.792463053588534240e+04
7.910629457899289264e+04
7.661010909034036740e+04
7.778717957430900424e+04
7.897601534286123933e+04
7.883320816430560080e+04
7.890255996152074658e+04
7.811059873633080861e+04
7.840938020530546783e+04
7.885202468794818560e+04
7.828681423350193654e+04
7.868004955964838155e+04
7.923078469134411716e+04
7.871764530431924504e+04
7.794794840603409102e+04
7.734997422658954747e+04
7.803259534794114006e+04
7.911479257251066156e+04
7.814165627722848149e+04
7.616625760280716349e+04
7.896852420313419134e+04
7.915566935548494803e+04
7.596737844404536008e+04
7.907089377229692764e+04
7.851468430139597331e+04
7.905030910838001000e+04
7.864990380389564962e+04
7.869252779724693391e+04
7.872950911385501968e+04
7.921207955196351395e+04
7.813674790599475091e+04
7.833833934725039580e+04
7.844427250142958655e+04
7.923667819385955227e+04
7.848100660064129625e+04
7.816185429648206627e+04
7.901144806492350472e+04
7.917517809263459640e+04
7.893379107044317061e+04
7.932690052841493161e+04
7.921207504279585555e+04
6.644028060142509639e+04
7.923992707264788623e+04
7.852512619681507931e+04
7.907268468880953151e+04
7.892244155740042333e+04
7.855786046291136881e+04
7.870042123494071711e+04
7.932950862558104564e+04
7.877311881478028954e+04
7.750730354737212474e+04
7.838107043317852367e+04
7.928981572455819696e+04
7.888488869481903384e+04
7.817776209367357660e+04
7.924072018255990406e+04
7.874346973550491384e+04
7.861289717621733143e+04
7.858541247488216322e+04
7.900674544992754818e+04
7.898587466217583278e+04
7.830819472167082131e+04
7.933453812681403360e+04
7.846504427001402655e+04
7.908020882889560016e+04
7.901207930466590915e+04
7.859631671304421616e+04
7.921657336486507847e+04
7.817057840714501799e+04
7.640018192375543003e+04
7.890279935602375190e+04
7.805156773499694827e+04
7.731374434757244308e+04
7.934264614713093033e+04
7.859629620996097219e+04
7.756577886001826846e+04
7.845841031886221026e+04
7.804879725089327258e+04
7.910587306181044551e+04
7.910274147045954305e+04
7.914101744590565795e+04
7.869846896115224808e+04
7.761703347718654550e+04
7.831386197911412455e+04
7.934435959743415879e+04
7.915140265955502400e+04
7.852782609706776566e+04
7.868250155508909666e+04
7.811589583820637199e+04
7.934175196749753377e+04
7.922014309898283682e+04
7.864107064961222932e+04
7.868178263934186543e+04
7.883695208894628740e+04
7.927727921949440497e+04
7.813306135310865648e+04
7.916614140720083378e+04
7.873010792315725121e+04
7.835338242487197567e+04
7.891300050605784054e+04
7.917283405561983818e+04
7.918605281351052690e+04
7.832146753531326249e+04
7.914191618841700256e+04
7.818595203906916140e+04
7.934537475753460603e+04
7.824055344432049606e+04
7.865439738002100785e+04
7.806115190355715458e+04
7.913004817315217224e+04
