4.058165319467315311e-03
2.847803308592844625e-04
3.266558915512271814e-04
7.836196496219314904e-04
1.166437112147167623e-03
3.320367110872493761e-04
4.571169759289549239e-04
6.207936164650489476e-04
1.699989943503546833e-03
6.360978094065797023e-04
1.325188165938106935e-03
3.408497958641732860e-04
3.317716092891885658e-04
1.124749913569746303e-03
3.765147184961514033e-04
6.483024281322409370e-04
4.311699825447959768e-04
5.299968723043941080e-04
9.802299205804020522e-04
8.632012854676905742e-04
2.482856832486988064e-03
1.409976756335286135e-03
3.353124634832210858e-04
3.210988538355508408e-04
7.293759393541972801e-04
4.946058306845766382e-04
4.057279416538592579e-04
7.001542361149997633e-04
1.182221982671368549e-03
4.249995215857946978e-04
8.693644424547404548e-04
1.085479843693661029e-03
6.752934787456760105e-04
8.383955247865461672e-04
6.595456816503104036e-04
4.528456989748603644e-04
3.567556333608700933e-04
4.835881946228245487e-04
2.510185043528958605e-04
5.557975493759135946e-04
5.589540067519649423e-04
6.493706053035705299e-04
1.479907708735354616e-03
6.087587742932001281e-04
3.500553219232072164e-04
2.606606525398834167e-04
4.876474046255499322e-04
8.416880173173296948e-04
5.983257051178162691e-04
6.842439756158951066e-04
3.138539556414238554e-04
5.015239622557423477e-04
9.254834575293889977e-04
1.376151403428686011e-03
4.676979970602961880e-04
4.990808235567584326e-04
1.553169496272120481e-03
5.332491684298998509e-03
7.183209360445251416e-04
1.774351144121606109e-03
4.968625408454158034e-04
6.130806011835490199e-04
6.377167787326507150e-04
9.035671603792376451e-04
9.182995909114329827e-04
2.043312074835583730e-03
4.713151443917137375e-04
1.815711947223911304e-03
7.314206402969469605e-04
3.833016810893349500e-04
1.325188165938106935e-03
8.467201911631440413e-04
4.709127393535751421e-04
1.212356734432956445e-03
1.292452191831439633e-02
9.993189356902300660e-04
7.709233004481231590e-04
1.876583165522736170e-03
7.578493822528160982e-04
2.381921379328992593e-04
2.292780526171748004e-04
5.325809027164256446e-04
9.749321376472683352e-04
5.222122727702901675e-04
6.379783820980650848e-04
5.585945750983826921e-04
9.456387921824001373e-04
7.746854706091983126e-04
4.041733638310276099e-04
5.421871496111349683e-04
1.880488402393163099e-03
4.568508733537766865e-04
5.655614477633328285e-04
6.249503160085437530e-04
1.091457258587028196e-03
1.701734732564693579e-04
5.991534102501407284e-03
1.088285416899401319e-03
5.705883013728393557e-04
7.962226226832949758e-04
5.032762205173531679e-04
4.229086318506665660e-04
7.773835932642252696e-04
5.764750586464078381e-04
7.525368705914364451e-04
4.108374310493697517e-04
1.858998500706083093e-03
1.008932105873949943e-03
6.948165829490199038e-04
7.423050721755585684e-04
6.665111417437308500e-04
1.624372488510304920e-03
7.129582838580459823e-04
6.247499290362411306e-04
1.156664784968341585e-03
5.685360721142709546e-04
3.841967141059336797e-04
6.097722954081896251e-04
8.551488920291168243e-04
6.785647055825448550e-04
2.539879455190948831e-03
3.517439276389050995e-04
6.316772514240747869e-04
5.975512621064568578e-04
1.991673608735742163e-03
2.065678598430122233e-04
2.390315300943135490e-03
7.796437069290528422e-04
4.471657356844140150e-04
3.429063408668690024e-03
9.797738512443334574e-04
9.659461262987503998e-04
9.323875962243529996e-04
9.435973711836436210e-04
6.628221682306913989e-04
4.238235579192384619e-04
5.995952534043419652e-04
8.090018810030452038e-04
4.179932541508126127e-04
1.163416972072374000e-03
6.790216013629424372e-04
1.329767741984519544e-03
7.927485200198104362e-04
1.017739900254414562e-03
1.035403872134333780e-03
1.761466473274322236e-03
6.320923839803619434e-04
7.333454408597784181e-04
6.617845470865005644e-03
7.280690078296882034e-04
2.416052592385646743e-03
1.171526385985966270e-02
5.158166619513180826e-04
2.807290500093722013e-04
8.946058081979053325e-04
5.771768919010436798e-04
5.955897567679461525e-04
2.362943622240537415e-04
7.899004356231295381e-04
8.874368963258478724e-04
4.113641488081502102e-04
9.192556698121209227e-04
3.882771842044208371e-04
3.691842143972523874e-04
1.625126263964566525e-03
2.013486254968797906e-03
6.579403458272579767e-04
9.991623381638788971e-04
1.046466238845467295e-03
6.027141547436408236e-04
3.788187891068203099e-04
3.009869201475902237e-04
1.335334699211654375e-03
2.248314157695099826e-04
1.002359848215908728e-03
3.820143560144507945e-04
4.173621206211931617e-04
8.746732170161848272e-04
3.194429802345057838e-04
5.458328796093122551e-04
6.029662143888870956e-04
5.774255635300004500e-04
7.747308869323424069e-04
2.822033232916459173e-04
3.566869622391458865e-04
6.753000766911893037e-04
4.580655282066995295e-04
1.138459878550938465e-03
1.341160767835061470e-03
4.357771355013230377e-04
2.384433123273731973e-03
4.437505071212829262e-04
3.256358748111400948e-04
9.825413586450721607e-04
1.265801645151212393e-03
7.345738227334761570e-04
5.030559668905063269e-04
8.556456373366781547e-04
7.741899003981466635e-04
5.064420622515543487e-04
9.492986355420117081e-04
1.124688032888523058e-03
3.892521071354246970e-04
1.029743869001261639e-03
4.025404414732960219e-04
4.401115760260835771e-04
3.777674481718648982e-04
6.898591461490222697e-04
1.731785765683964374e-03
4.670012309285104550e-04
8.340278136532567384e-04
4.832145938033017077e-04
2.090340006964837120e-03
6.706861484142974568e-03
6.513778006431872412e-04
9.628219724671624501e-04
7.400311536318676881e-04
4.613831292532523582e-04
4.470660555191391231e-04
2.077793412578729515e-03
9.923137472857728510e-04
4.928338589946132083e-04
1.596979929278451605e-03
8.907153624730021740e-04
1.921036491727611418e-03
1.115036340466488141e-03
1.778590543974747657e-03
2.597205970349201597e-03
1.610900686360617826e-03
3.988741630833269702e-04
6.577981860581101278e-04
1.068263359428222930e-03
6.813858482692462500e-04
2.511916241237980543e-04
1.237611272254763011e-03
4.990808235567584326e-04
1.255594051637364591e-03
6.826017128607633853e-04
3.109629389515537919e-04
5.473328872774668686e-04
9.034728586294331776e-04
1.816842238794554596e-03
7.872775811905962642e-04
9.435973711836436210e-04
6.707007675740525891e-04
2.940126215111179674e-03
5.789468817092626720e-04
1.958110455652382897e-03
1.055928214283335031e-03
3.176066162581536192e-04
8.828896489045957299e-04
3.510393771141590035e-04
5.985940632236504176e-04
9.481804963744179873e-04
2.984182104820262325e-04
6.397489208458132176e-04
1.138459878550938465e-03
1.609255321902939174e-03
7.117194269483328962e-04
9.028592111157434817e-04
5.941319812352473728e-04
3.002223526556276815e-04
4.348488668682919328e-04
1.336984007116003145e-03
5.679489431807951613e-04
6.783732699143981424e-04
1.059453606663570205e-03
1.470129115243571120e-03
3.886093826974678376e-04
3.904988946424806768e-04
6.719605217872275582e-04
8.196258718706166515e-04
8.997091031813126165e-04
2.323855251221042337e-03
7.367775611269533707e-04
3.288769891262818303e-04
4.280291617547954484e-04
2.287336760352262112e-03
3.675313951685226215e-04
9.265679736816749947e-04
4.876053165884512057e-04
6.202957816625677715e-04
4.562966340580359168e-04
6.533533061021368736e-04
5.893865896015531387e-04
4.157257796205503361e-04
2.721069054930505896e-04
5.446851188438451858e-04
6.649575521640717184e-04
6.952974302089661015e-04
3.024107676024480481e-04
4.082589399640968938e-04
3.524358634745705546e-04
6.522730853823867966e-04
8.282394378334151765e-04
2.549476757586747631e-04
3.336489716754033612e-04
3.517892731264210321e-04
6.661798053445924794e-04
1.803884851499992000e-03
5.271016226091614727e-04
5.346368198757131193e-04
9.220386423494837409e-04
4.177741456953568090e-04
1.446602151935083179e-03
4.046904986887506217e-03
2.468100401089935985e-03
3.760540594760011248e-04
2.940126215111179674e-03
1.665497823886992858e-03
6.033723788130302291e-04
1.546120851275074740e-03
5.223604914474259736e-04
5.235658299103899006e-04
2.838899243754090026e-03
2.067621887401586847e-04
5.095198010521052347e-04
7.880587097078187815e-04
5.743077463144616486e-04
6.724485526853501462e-04
1.435159529113708447e-03
1.172331636165345860e-03
3.098562756907785381e-04
1.688750651025940552e-03
2.451472409884616378e-04
4.079729624786760343e-03
1.017739900254414562e-03
5.286010419820559234e-04
3.071678689570118775e-04
6.477833536637693599e-04
6.707919813757636483e-04
6.693519142777398833e-04
8.290689771247822075e-04
5.158580623103461256e-04
6.755740905336569263e-04
5.410140212989917284e-03
1.402545574610502242e-03
5.336923165715764606e-04
1.098844174022233985e-03
7.327902911830362154e-04
5.767588999027623573e-04
3.642877903013000732e-04
4.966560866714674711e-04
5.254350062477466639e-04
4.596092917919298486e-04
6.694552164850709787e-04
1.939627470610767995e-03
5.054105430429170313e-04
2.945935884212826225e-04
6.298116097531160319e-04
9.417894717715507040e-04
5.816890991060227932e-04
9.314796986282497917e-04
7.225197374922167357e-04
4.671901445799373008e-04
8.943410887168765045e-04
8.921035087858824502e-04
8.034307301373724884e-04
7.581613779783577403e-04
4.625491011864337767e-04
8.715608642939983060e-04
2.849889434818088092e-04
8.789589533653262418e-04
5.623451451768271677e-04
8.987621697072104140e-04
1.105340473344718685e-03
4.572414643918742885e-04
5.278580734668166961e-04
7.482430294658065292e-04
8.253115659944723322e-04
4.348488668682919328e-04
1.429145387144326951e-03
7.706676086051038668e-04
3.878644447119690983e-04
6.879764343869637644e-04
4.982486903562341647e-04
4.241445219190623814e-04
4.141345906222195644e-03
5.324145770478333874e-04
9.409676988300190448e-04
2.938588324126303387e-04
1.246042543845986197e-03
1.077269745318183312e-03
6.565338988975307887e-04
3.157973741731472041e-04
6.534520072921820534e-04
5.191911502907061056e-04
1.101735617137368940e-03
1.018216267456495275e-03
5.237941547436183705e-04
1.210553694084900512e-03
1.671342578896551712e-03
3.864189193292895223e-03
5.205051794940223926e-04
5.279910289568292376e-04
4.897455947772660478e-04
6.556096886624635661e-04
1.200828442701944686e-03
3.975945805925806603e-04
4.120139427426685176e-04
1.092044036437721461e-03
6.309425107965711691e-04
6.493706053035705299e-04
4.691339258872188867e-04
9.369023347720705072e-04
4.452817067397903963e-04
9.459660297612708293e-04
1.234089160061512501e-03
1.465162272228308143e-03
1.121409392104920659e-03
1.626435987316763145e-03
7.291477806030147125e-04
4.575615035608061095e-04
3.360985504187639591e-04
1.100455349691238822e-03
5.802630847855040543e-04
3.203308510315219966e-03
7.484267237525733417e-04
9.984135034747673807e-04
6.210173470854336028e-04
7.510325668903413115e-04
2.090340006964837120e-03
6.513778006431872412e-04
2.168737823102763040e-03
1.330734519711934379e-03
1.688750651025940552e-03
1.920268498369560395e-03
5.147894717217354381e-04
7.420071480772925466e-04
1.227698822340073147e-03
5.585406861792746981e-04
1.091483935494337240e-03
9.554978575865140942e-04
5.417573741771044725e-04
1.518110895592699860e-03
6.557099612954212821e-04
3.670876977072276819e-03
3.823660997296019957e-04
5.772968756646677671e-04
5.527924663874063177e-04
5.476189041305039047e-04
5.608190319934335628e-04
1.325188165938106935e-03
3.815921026587306797e-04
6.777488789948530766e-04
9.634560549863200891e-04
6.552904344580303114e-04
1.764713964240739556e-03
1.118050163079399150e-03
5.030559668905063269e-04
1.873889821041276255e-04
1.089350101212571741e-03
1.373017779479369970e-03
7.575215517760095808e-04
1.125822202324815169e-03
7.019194815082946751e-04
2.272255843257772517e-04
1.283694957226871273e-03
6.419485736261252651e-04
1.096068452434688627e-03
1.155786577218771054e-03
3.869865804700850552e-04
4.226823435910716264e-04
5.515572393579950584e-04
3.286037847476655700e-04
5.919756203029524592e-04
4.794581687034949022e-04
1.110203039138436343e-03
7.461024888336836077e-04
8.171761841649733890e-04
4.965775513859190188e-04
7.500041978295153263e-04
1.125938901516372777e-03
5.551176470963805395e-04
3.989283274207000357e-04
4.371628222275633245e-04
1.625126263964566525e-03
1.227097957454909537e-03
6.107697288178932362e-04
3.611063938832734721e-04
5.029298827548180778e-04
4.966560866714674711e-04
1.718620743419243613e-03
4.171973108798131139e-04
6.019770826581076397e-04
1.253193413648756409e-03
2.450910672883707675e-03
8.206814161407213542e-04
4.863792209446154134e-04
1.005244394745317352e-03
6.804884146044466210e-04
6.395164602013400559e-04
6.577981860581101278e-04
1.199469391752287176e-03
7.642862294126444604e-04
1.287151747846312488e-03
1.375773553626076029e-03
7.091797624727454175e-04
1.107014535252047894e-03
1.264237268080674716e-03
1.596979929278451605e-03
1.061487950024398840e-03
7.206518084607468032e-04
1.000744771506459222e-03
1.890888292482189583e-03
8.918525670991910102e-04
7.541020875200498937e-04
1.180771512404752473e-03
4.970389559330346549e-04
2.382852621502914102e-04
6.349330912031104536e-04
6.074879961263356934e-04
4.933994156619101075e-03
4.982776523363915966e-04
5.974750398229596894e-04
8.274249878568433079e-04
1.499029540803595946e-03
4.411480003655640094e-04
3.114267735455734714e-04
2.558397623160835231e-04
4.985070087001082636e-04
6.493706053035705299e-04
5.736550595541563095e-03
2.010935417474100147e-03
7.284241707795804498e-04
4.046904986887506217e-03
3.012772098265116571e-04
5.543417189521384616e-04
4.869029925113858436e-04
7.741899003981466635e-04
3.132919950213301340e-04
4.240553568367464625e-04
1.194172522206498385e-03
5.710717580118094975e-04
4.083525147767408294e-04
4.632176418815345037e-04
4.078554925004505144e-03
4.028175377670928760e-04
6.774930832082411191e-04
9.123659775458472718e-04
1.091483935494337240e-03
2.125011091835811959e-03
4.146331635489521853e-04
4.411303379801907363e-04
3.471280361907956818e-04
7.393098337492130670e-04
4.480838448235528021e-04
7.435478558298700812e-04
3.341147652520814223e-04
1.198323385870934867e-03
2.955268277059436635e-03
7.455759873250399246e-04
2.352689393301663141e-04
1.165431392283880702e-03
6.122699689639685529e-04
5.879394191181157520e-04
3.422787189112560515e-04
7.485730713888188916e-04
5.003954541756149184e-04
1.423798291908594076e-03
4.584092137368282662e-04
5.801462705055509270e-04
5.826070874255076569e-04
9.549338139084607427e-04
3.946684216040941755e-04
6.754706017670126942e-04
3.515247851175658266e-04
3.370271560618840617e-04
1.584183603381125955e-03
3.778704715794306015e-04
6.104045832798386459e-04
1.033000046669510334e-03
3.336489716754033612e-04
1.395868138307152168e-03
8.783010541449676493e-04
1.568111473430313469e-03
8.344679271323808285e-04
5.283824428327251171e-04
5.500284857276720998e-04
6.982467548346782925e-04
5.841413216152827352e-04
9.826716970937144149e-04
1.275481614258857071e-03
1.221308968754695979e-03
2.813449703027951377e-04
1.626793778959836814e-03
4.130912913833413710e-04
1.217005171203494910e-03
2.490361717609538270e-04
7.339067831397336076e-04
8.986120092989967074e-04
1.618742692034826416e-03
1.032842449202070250e-03
2.358726544542880197e-03
1.223607180079293094e-03
5.363795317133251929e-04
8.101596883197374364e-04
2.370423290199723709e-04
1.279514381224289375e-03
6.716773676217412895e-04
4.901188833072769304e-04
5.823154899629410120e-04
4.725403179433165573e-04
6.549695333467337854e-04
1.348180258618151672e-03
5.879019880602719952e-04
4.510672076081904958e-04
9.857811266227930070e-04
7.571454479677338463e-04
9.944289477856003284e-04
1.422101534953205699e-03
8.408999652354587134e-04
3.486754849044633757e-04
6.777488789948530766e-04
4.982486903562341647e-04
3.755814014548069461e-04
5.959600044434676001e-04
5.601549565827411772e-04
3.910445317858904477e-04
1.162000104142552276e-03
1.831130168277242225e-03
6.129273187444710114e-04
4.571320718261698084e-04
1.983723685522056175e-04
3.664222484205190014e-04
7.551503298278653287e-04
4.001474848233979565e-04
1.003778469195194941e-03
9.447437060957041000e-04
1.255594051637364591e-03
1.376432522821048740e-03
1.779186991477609090e-03
9.267849239199803940e-04
4.629430333315642798e-03
8.243533555641384620e-04
2.385109715423315482e-03
4.254509134972002610e-04
6.905452384985276588e-04
7.967559369882558752e-04
7.508870193057537142e-04
3.996379429429901785e-04
4.016973699153333498e-04
3.471561023849808049e-04
8.144732111260090564e-04
7.485730713888188916e-04
6.665732254346365101e-04
1.393340976425533166e-03
1.147412755295015765e-03
3.455526355433928705e-04
4.335797451344453198e-04
5.789940091529121452e-04
3.639322743846552127e-04
6.269974150678002400e-04
4.112270411545572045e-04
7.935313404163382277e-04
1.879323442192192169e-03
1.382269766525113337e-03
1.150418999784337624e-03
5.894224060155524867e-04
1.413969648542068736e-03
3.222899634061415016e-04
4.509718140437256459e-04
2.588191608347386024e-03
4.457056194784975948e-04
6.558206315366662707e-04
3.422086753788755337e-04
1.075195866515430299e-03
4.446224927754623482e-04
1.052901167065743802e-03
1.163975756071594040e-03
1.614600626501322932e-03
5.559749555934423611e-04
3.316720575024278191e-04
1.408000719874323526e-03
4.081978805049143772e-04
1.310353499764597323e-03
1.069122685515775913e-03
1.020651113388779943e-03
1.091315139518434819e-03
2.011287641435035624e-04
3.003049913258311462e-04
2.160123391104586989e-03
2.866716099909651354e-03
2.325544107680149763e-04
4.493260523888305247e-04
8.509326961255648429e-04
2.536915697352191881e-04
7.080818918062990004e-04
6.995209787765741373e-04
1.983851741806044126e-03
7.667947013046762282e-04
1.116051618967638928e-03
6.577981860581101278e-04
1.695692071947940173e-03
1.017662004403021778e-02
8.610794441477617007e-04
3.034584506173071882e-04
1.440433922778102272e-03
2.181628467272148347e-04
1.157537899627871696e-03
1.336984007116003145e-03
1.532299950651669134e-03
8.522547092118982906e-04
5.392499536516334648e-04
1.748633786871682918e-03
5.338371517798869495e-04
2.130793425347868222e-03
8.319091499934113884e-04
3.618505238847686580e-03
9.047677260107032764e-04
5.752467338516608231e-04
2.177673802111313004e-04
4.381291696726572100e-04
1.005003150056610990e-03
6.493088529113154924e-04
2.797419525383977850e-04
5.885228405929084994e-04
2.338984459703919577e-03
6.586299238177422332e-04
3.691934537556218086e-04
4.654133551729504282e-04
5.725377835707793576e-04
5.345435675304168214e-04
8.526326906378540668e-04
5.093624562295930242e-04
5.264454494996854712e-04
3.897592510652276828e-04
1.900687041535750830e-03
5.545528931818713859e-04
2.617590288148031086e-04
6.017472471481059328e-04
1.019257790174903132e-03
2.812819871459101861e-04
2.679321975404630029e-03
4.940658315105788366e-04
3.469466040238690569e-04
7.159662639185074458e-04
1.354733322823862152e-03
4.039077401264029349e-04
8.334801689679448289e-04
2.978761338745993187e-04
7.897452013512998997e-04
9.090303658286948271e-04
4.835314943709957897e-04
1.148255241353111260e-03
8.510533169911711033e-04
8.125410632212623843e-04
5.322129294839271149e-04
5.551046173612309877e-04
9.541474767921193090e-03
1.757637882263655624e-03
7.381254292403798510e-04
3.758988709176285946e-04
8.594538022364307545e-04
8.686456823129065077e-04
7.395896774381996355e-04
4.604380134838981600e-04
7.191720244943283508e-04
1.076239519041984408e-03
5.992356340311599762e-04
8.791607828243298058e-04
6.535334517741094203e-04
1.914368643655064040e-04
5.918894414581279311e-04
8.812071412288758135e-03
4.292419006339984969e-04
7.767916029270809661e-04
5.151648210306096314e-03
7.853116028732594692e-04
5.267416920062105304e-04
1.320876848168060216e-03
9.036910582694425258e-04
9.254993594770949926e-04
3.589122314983741058e-03
6.140444057381740746e-04
8.148588412982227204e-04
3.601211680380772984e-04
1.842202563642515722e-03
5.823071508563146433e-04
8.007316791136942632e-04
1.124502050009292160e-03
9.319592545538934797e-04
4.397259818568377727e-04
4.292893253552395650e-04
5.370283694342356398e-04
1.182023113964342448e-03
5.547189618975502693e-04
7.082289778222790756e-04
4.085853718322122671e-03
2.475628153198841425e-04
6.538328704117044336e-04
9.401252794832884972e-04
5.480691288262323942e-03
2.182202333819769410e-03
7.374620234124219928e-04
5.003954541756149184e-04
1.134299548989352530e-03
8.165699422768062316e-04
6.824385472767481716e-04
1.777430584188401195e-03
9.865535949212203993e-04
6.535334517741094203e-04
2.339928228178669335e-03
2.944259839821315749e-04
1.324256326781591154e-03
1.780646802182754345e-03
7.899004356231295381e-04
1.201284776276845918e-03
5.372435616721846392e-04
6.226019821475464212e-04
1.385143834503628447e-03
7.646452452267885232e-04
3.460591682876327374e-03
6.762586002490631300e-04
4.076105170178982023e-04
1.092087797611183747e-03
4.876956422887294843e-04
8.797691534830481830e-04
8.651100778417860661e-04
5.790321996135423246e-04
1.291183639808853468e-03
2.946150493761678923e-03
1.275065693799932358e-03
2.314552735774818779e-03
4.076147350408313060e-04
4.382331139211118054e-03
1.052748279327505839e-03
2.459290661212631241e-04
2.638361772892557989e-04
2.854481918078503595e-04
3.573605357033792602e-04
3.613707181749539863e-04
8.541915953564296502e-04
1.047057484734201672e-03
7.617051801650133978e-03
2.738379276270847657e-04
3.824126806729959377e-04
1.109615262225035516e-03
7.585729786935862433e-04
3.417340089244430036e-04
5.670468760037030397e-04
2.460094642229561975e-03
6.643395198763699366e-04
2.980996853349385592e-03
4.835937024571640951e-04
3.499129689913061596e-04
1.602941237086977526e-03
2.120984433642110305e-03
7.579133856046285558e-04
4.249995215857946978e-04
9.563731944270940531e-04
3.353124634832210858e-04
5.322537264691069858e-04
6.692777467775332806e-04
1.146932112324479608e-03
7.411837959114132412e-04
1.228637793250374980e-03
4.944680545786936388e-04
6.296446951321317109e-04
7.610770098356294672e-04
4.601040391761537199e-04
8.584472134506779522e-04
3.741456519310293869e-04
2.645024827163338418e-03
4.791676340040561927e-04
8.250025211260980304e-04
4.327170228356611481e-04
1.382819488374982791e-03
7.469596361792199286e-04
3.871044490114106660e-04
5.774255635300004500e-04
3.024698000816368818e-03
5.491426563088606331e-04
9.697590961562507642e-04
9.726541389677457192e-04
1.497805776588841467e-03
1.163257787950951671e-03
6.372606382764894493e-04
2.069159643429214959e-03
9.180357608110317844e-04
1.385143834503628447e-03
3.637544151610219755e-04
2.788916097432226249e-04
6.590211942210637969e-04
6.190657463826232648e-04
1.227526576076739965e-03
5.452650104143378675e-04
9.717992733997484487e-04
1.321319896719660818e-03
1.599393542485179776e-03
1.199645144116360173e-03
1.087506673088702849e-03
5.426765682561517350e-04
1.155674377393185476e-03
6.770184980556389828e-04
3.037106431478488926e-04
4.878126993154072426e-04
5.190724961025649327e-04
5.188252183484510756e-04
2.256238013306378822e-03
4.561754207229118743e-04
7.303674611317417277e-04
4.235807277131420855e-04
7.096556370869234803e-04
5.205051794940223926e-04
7.438257374992182040e-04
9.098142592562493899e-04
7.260636482485648439e-04
1.473208654653481537e-03
4.368423174760880648e-04
1.974659186105088508e-03
6.636096988754790899e-04
8.322998219538152269e-04
7.313650472735159277e-04
4.043431161213531348e-03
9.580212898917810256e-04
7.543325418667490897e-04
1.024826930353139745e-03
2.890049287177611555e-04
7.476250707020978478e-04
2.996031456635377208e-04
6.216894832781700089e-04
1.937328942095228423e-04
3.637544151610219755e-04
1.423136872388386983e-03
5.943652020698222656e-04
4.959112889700615593e-04
1.391728604170602498e-03
1.965124326760098097e-03
2.770347290211009781e-04
2.273001214463313128e-04
4.438384315367115314e-04
1.798055206155450792e-03
7.858830644234169292e-04
3.199885636556898307e-04
2.151728430474098962e-03
9.632226842112717475e-04
2.597205970349201597e-03
7.817059782757607980e-04
5.860306093710656227e-04
1.429145387144326951e-03
1.353006511732709072e-03
1.001019466394190757e-03
7.709233004481231590e-04
4.961048863652412193e-04
9.360207828839888378e-04
7.819804293624416959e-04
4.650458538367503573e-04
9.991623381638788971e-04
1.198323385870934867e-03
4.691339258872188867e-04
1.126252923465434442e-03
3.425646923274583379e-04
8.268685771773955301e-04
2.154181132718012599e-03
8.160680440716346681e-04
7.187917568636076858e-04
3.839642192225594156e-04
1.102586169886433714e-03
3.474704895253329811e-04
1.615454968827099167e-03
6.951399833471462236e-04
1.609963283614475500e-03
3.622711280647822503e-04
2.776277087384589428e-04
6.077546325818114319e-04
3.383172266931494207e-04
4.536619019940967695e-04
3.868053515454853699e-04
8.427434385450124433e-04
6.019442346367780876e-04
6.077324524035675581e-04
3.572014564483749982e-04
3.383055058505380600e-04
1.808062256071769078e-03
3.507606797628412890e-03
2.010935417474100147e-03
6.585760616618688799e-04
1.811946261354170987e-03
1.069640731898392327e-03
1.025981196254606344e-03
8.373744417003656237e-04
3.788187891068203099e-04
7.960746843634101478e-04
1.095542735014136057e-03
4.337070739621988057e-04
4.283698930965086442e-04
4.032447007840470336e-04
1.011184152464192571e-03
6.734657946261712229e-04
7.712227460339050183e-04
7.682875944906798673e-04
1.420226733616951169e-03
1.925520161412626113e-03
9.053488283537005667e-04
4.989265725175196257e-04
3.625082303100001218e-03
5.324145770478333874e-04
8.510533169911711033e-04
5.557975493759135946e-04
