8.925080846796737280e-04
1.977631511889541753e-04
2.363480479512027358e-04
3.568160410355655505e-04
2.754005324362857228e-03
8.754879766026187060e-03
1.929171852462574846e-04
3.183724856860533671e-04
4.693620266885528670e-04
3.072333390504844290e-04
3.195450688385916916e-04
3.459778408324323514e-04
2.463938186365435823e-03
7.633964040417512897e-04
2.903364465538654793e-04
7.872180699122305293e-04
5.679593470033744273e-04
5.288475556423007659e-04
6.351216614349194153e-04
3.365366147598370435e-03
3.711241881748028539e-04
6.459226775541357900e-04
9.203345570057816418e-04
1.705857439659707047e-04
9.570110138801393501e-04
5.611503938324584589e-04
2.958613496817672308e-04
8.067467930793047063e-04
2.713475268822118126e-04
5.217117389116993032e-04
5.662162893851059673e-04
1.156826455054459080e-03
4.961710063058180674e-04
1.234781674363924411e-03
7.927028591636130304e-04
9.068947284351021624e-04
2.610610497610606553e-04
1.181010868453576763e-03
1.185043514989045539e-03
4.869583009908977963e-04
1.258423226035436512e-03
4.518586517580277248e-04
9.724699079400129977e-04
4.010259056273006396e-04
8.228199842291497026e-04
3.887489289585524012e-04
7.488067350987023677e-04
2.734807664446132244e-04
1.440078473770162659e-03
4.255771075295249517e-04
1.706579223583618585e-03
2.474220963616413399e-04
2.239899863503534033e-04
3.461410699562896269e-04
5.409413182400362894e-04
1.393520250327574513e-03
8.920033821826461439e-04
8.334177201691123126e-04
1.892390839382850152e-04
7.032868715446757455e-04
5.919426331695325704e-04
2.193350564587491340e-04
7.449440119942400077e-04
3.737279225152698712e-04
3.021325101422278722e-04
3.118964832671390717e-04
3.593910821685286834e-04
5.745253185963118681e-04
4.685007733813269411e-03
8.676969070535355206e-04
9.552133157245053545e-04
2.847076743452363183e-04
1.720184935257584196e-04
2.794536985834079001e-04
5.170355496438018257e-04
1.343128405446435830e-03
3.620787972788213575e-04
5.266362870543342184e-04
5.611503938324584589e-04
4.447542102012927911e-04
5.143387851998819284e-04
1.586255515613658009e-04
5.254443058000713741e-04
7.094700227824235397e-04
1.560234271826532390e-03
3.923372818098511518e-04
8.012889014120770778e-04
9.014475505011684039e-04
3.192249813457642585e-04
1.579547235339443184e-04
9.160640386648260776e-04
5.703542305049394846e-04
5.087903541249821178e-04
1.757655499125216096e-03
2.370895352710058568e-04
1.725160302925078139e-03
2.895508121526140042e-04
2.642637756145243080e-04
1.655295271408372326e-03
2.974663982634602705e-04
6.123428358892587294e-04
3.180625234152476997e-04
4.236739155412646619e-04
5.287471683145890302e-04
1.909411777204955739e-04
2.475091684271526278e-04
1.284381302418682999e-03
8.435163213041924459e-04
2.152438075585191596e-04
3.431861443507762768e-04
1.065012026121700019e-03
5.643231968060159667e-04
3.853747584692770361e-04
4.024525851751562444e-04
1.738809582741288398e-04
2.626424073598209482e-04
2.494351553044677015e-03
2.752137878424729101e-04
4.019357039671482123e-04
5.668837951564074202e-04
5.627806313170838175e-04
3.506946627311640285e-04
3.880338984102046050e-04
2.848532046076577532e-04
2.353082429705375875e-04
4.251701074582008087e-04
2.548482127048443623e-04
5.895427039364437233e-04
2.960675149411909346e-04
4.996910161432354270e-04
1.461164154974701080e-03
4.395648722816676134e-04
1.220190973662242098e-03
8.216057657320927424e-04
7.272372280851508537e-04
2.111327836451053739e-04
3.500780795406469416e-04
3.078504094331732666e-04
7.917841043922871531e-04
9.103506640612322011e-04
3.026380180508779320e-03
7.549510715180093043e-04
2.638644584923480305e-04
3.730958105911830343e-04
1.729968471030132184e-04
5.516797316142172487e-04
1.043343233048815667e-03
8.209713456228727533e-04
5.945770289754622167e-04
5.192124039556160432e-04
9.069119942116917951e-03
4.581221546079591823e-04
6.656001115303481321e-04
3.482475236273212325e-04
3.107934706535737490e-04
3.886351306189656440e-04
7.647075985969056973e-03
8.148478492418574463e-04
2.113231233018909101e-04
2.958088720270967971e-04
3.276129365989055488e-04
4.312688597003304066e-04
2.880351901927565256e-04
2.225598135297345394e-04
8.875887580390237229e-04
2.519900096382114035e-04
1.004879686157198740e-03
3.401353688347227280e-04
2.236250676633425895e-03
6.899655819381969157e-04
3.532728737564266018e-04
2.146654436280570274e-03
3.045908090751158967e-02
2.589957878856081379e-04
4.775762023195117938e-04
3.661053502510297638e-04
1.665321241083401278e-03
1.861027556700853183e-04
2.588894182800791869e-04
2.601212984732425258e-04
2.187591054862026015e-04
4.734361482417411872e-04
7.423715548927920047e-04
1.123051671966927460e-04
4.019820757265490561e-04
3.850334103564304338e-04
2.865493924797574447e-04
4.722995820078324165e-04
2.434878942706033102e-04
5.245846874113729722e-04
4.169421624710697538e-04
5.195520008292605664e-03
3.422743865084711666e-04
1.132169950166894094e-03
7.558464959066431288e-04
1.182803167352048735e-03
1.645452288436752828e-04
8.322542612752796684e-04
2.441144584344121773e-04
4.597022345974522881e-04
3.730958105911830343e-04
7.262001904638157052e-04
7.064996371485295469e-04
1.605708282366427294e-03
4.158000674603874519e-04
2.052778106432481050e-04
5.607625811228476734e-04
4.770718960351244889e-04
1.879120339843360287e-04
7.600294231819332454e-04
2.624037109215541846e-04
4.468217116373929721e-04
4.114822651642612884e-03
3.267552251262151124e-04
3.846026135929031596e-04
3.367275351798026993e-04
2.420871327771440039e-04
2.410497854463756529e-04
8.692676795379143933e-04
3.144760844075770133e-04
9.265961215026015082e-04
3.292142525070947514e-04
1.752744645197977383e-03
2.332472982387836158e-04
1.673710319807162868e-04
3.405945859860591216e-03
2.373561010620279231e-04
3.836339892268317200e-03
4.301919879692644110e-04
4.659896481117223170e-04
2.740235199838161797e-04
3.587799539722876007e-04
3.482925615654686516e-04
2.080465348181072336e-04
1.482183505977514642e-03
9.993609374206232493e-04
3.603596933343530210e-04
5.450169146505649776e-04
2.583695550492240769e-04
2.386750301272863952e-04
8.967265219373433136e-04
7.218092212255851738e-04
1.274166370064068118e-03
5.975395637897797400e-04
7.700366403735522383e-04
3.535056678971534340e-04
1.642593860716853394e-03
1.986063351540935131e-04
2.376809426434795371e-04
2.719452231817927074e-04
3.974737953196434974e-04
2.113708641776195776e-04
4.274970127480935862e-04
1.203764855623653407e-04
4.721490464393576173e-04
4.186932749934815291e-04
2.360149036560482585e-04
4.096482879404480474e-04
2.731676287164331858e-04
8.240219559993041103e-04
6.550130699864624515e-04
2.177794621988214012e-04
4.678643786086782272e-04
9.148839028216520890e-04
2.230787746502407712e-04
1.653044086433979980e-04
7.912903521542574096e-04
7.731395773875426695e-04
4.092031730930138452e-04
2.516440994475491969e-03
8.981777405587604768e-04
3.971608507370152572e-04
2.996913897502886709e-04
1.203764855623653407e-04
3.393425760868844861e-04
5.585404202256140198e-04
8.988661693132409545e-04
1.134322926632752842e-03
7.500704181571806817e-04
3.266695610216830206e-04
5.280665239363636909e-04
2.989615520012427153e-04
4.855429117816210645e-04
4.932770292112117648e-04
3.942009387660714301e-04
6.762759046684531589e-04
6.097917802318791490e-04
8.016708828782602870e-04
3.571173201067561549e-04
3.661053502510297638e-04
3.710415366655513678e-04
5.796471276851051938e-04
9.883585699336763699e-04
2.202298250564147224e-03
6.156386948403115393e-04
6.210631476377523243e-04
2.065700595856460647e-04
2.438048072767051450e-04
3.908790824191386349e-04
1.251338906523069387e-02
1.845431508150440858e-04
3.186133684067513744e-04
5.513569300092661290e-04
8.204779874874240913e-04
2.594986918096760481e-04
6.658354260433251145e-04
6.607466059706682080e-04
6.269819589323934314e-04
1.053451761709510090e-03
1.567789175956524079e-03
2.578260784234288915e-04
4.710338852935319924e-04
8.744930646916277642e-04
4.239718428005208165e-04
5.301276656469476383e-04
8.756355233273878684e-04
3.151855815882897332e-04
2.038301550084059641e-03
9.488197925999821173e-04
6.658354260433251145e-04
2.843882090101596048e-04
8.459648399826536847e-04
2.187403624083861340e-04
4.759399101935663889e-04
2.573741190517619850e-04
4.821635467611821990e-04
3.991094557788474740e-04
5.426768493331475063e-04
1.256086742582313953e-04
1.807035212167563487e-03
6.831139371106451086e-04
3.082982124765208751e-03
4.350013037031254378e-04
5.184015480671558262e-04
1.003425725842503353e-03
1.055480350846416939e-03
2.559796138259219319e-04
3.335144075971693302e-03
1.700878893088200250e-04
5.575823388151669377e-04
7.550472193891473753e-04
3.121475115059890726e-04
3.178950354030331033e-04
1.851168294579599903e-03
3.404515321995112099e-04
3.846026135929031596e-04
3.197635142374208555e-04
4.607983193745494865e-04
5.781801905509438089e-04
7.794259581458711688e-04
1.663166087945887816e-04
3.305660515510294695e-04
4.119392008606750444e-04
1.496577605784689467e-04
1.343128405446435830e-03
3.414309475516126287e-04
6.748117501928099869e-04
4.378579497628461614e-04
1.872768849801598201e-04
1.422057546741143687e-03
7.665413932240579481e-04
8.255194323172346726e-04
3.574421131189279319e-04
1.137293001839498547e-03
3.745493710350382161e-03
3.189748394650613467e-04
4.301919879692644110e-04
4.494327713879102968e-04
1.533091653001087166e-04
1.720127251023721672e-03
1.219910218241243918e-03
2.551837002617461311e-04
1.105680812375066033e-03
7.644911285789609753e-03
6.354706587145754655e-04
3.273615943285810583e-04
2.603585270447228905e-04
1.607834284181328198e-04
2.876385054476281416e-04
2.649155957477780481e-04
9.265961215026015082e-04
2.907800375798989139e-04
6.449598799703364690e-04
2.627749285647090153e-03
1.003425725842503353e-03
1.135884116157185415e-03
5.231134577156266487e-04
5.217005149641440768e-04
4.499448530851497493e-04
1.906751476735293318e-03
3.316277177083068223e-04
3.881787596182776582e-04
7.466401813704561094e-04
2.975339836913219196e-04
5.114871549486809787e-04
2.446565712872012443e-04
2.116739907626788257e-03
1.498044800936036485e-03
3.194890845314698265e-04
6.940137096124533765e-04
7.670753804799869098e-04
7.700366403735522383e-04
3.504884273121414368e-04
1.407970059879977366e-04
3.154851558124247631e-04
6.680867796346062065e-03
5.030337041728124604e-04
1.021379623380691461e-03
4.089026133713099566e-04
1.461476382872506884e-03
2.524797826189262686e-04
3.399077730251679353e-04
3.934212247112648677e-04
8.178634832158663539e-04
1.733652727013991566e-03
2.898673136893378734e-04
1.707200448718508828e-04
6.087526849030828720e-04
2.008690367094867187e-04
4.775762023195117938e-04
2.374452286416176569e-04
2.813555234449228288e-04
4.092299521346720982e-04
5.681252625449237890e-04
3.276849007333534794e-04
2.293538727735536351e-04
5.836253940843358530e-04
3.928879622928580493e-04
2.005084111506499423e-04
5.324786960016592669e-04
1.203502192203606286e-03
2.125628311343524812e-03
2.759291254073277045e-04
8.395280299144352709e-04
9.432514917509492993e-04
1.790561110721744086e-04
3.270797267588650332e-04
6.506508393556422951e-04
1.022164182622741250e-03
1.842999570650617151e-04
3.289366059936770555e-03
4.518586517580277248e-04
4.247038741890490194e-04
4.018146301578502297e-04
4.106659139769072860e-04
1.259083756686168185e-03
9.522215490519647576e-04
2.068086395264885451e-04
3.207653402762274792e-04
5.967303528198731038e-04
2.743930131747737721e-04
8.082893191511031274e-04
2.906720135158240509e-04
5.637950046585249409e-04
2.245314263324682362e-03
4.265425573030120847e-04
8.400577628760733584e-04
4.276349928390199605e-04
7.272269049308930028e-04
6.399025981075262071e-04
3.598489511414958196e-04
3.419069797256699518e-04
4.353871398111859819e-04
6.241934146212473750e-04
1.786841289048441274e-04
1.215101783779700111e-03
2.769006752149440784e-04
2.075065176607411653e-04
8.016708828782602870e-04
9.469438605953699271e-04
1.873565827208240812e-04
4.457567957448387345e-04
8.052159022210368883e-04
2.765093255992483005e-03
1.014761707130154003e-03
5.116242713977750415e-04
1.335849957188940370e-03
1.419314857988096448e-03
1.392429737819801498e-03
2.778155938175748494e-03
2.611776937857203038e-04
1.809325800230695267e-04
6.762759046684531589e-04
4.189280891628137946e-04
2.715755562199944620e-04
2.317728845872257511e-04
1.068168625672892167e-03
4.086805841256884895e-04
2.091931792070453224e-04
4.337503667374034656e-04
5.852990343626179566e-04
2.319570812519369026e-04
1.040665520959415877e-03
3.918577504196888036e-04
2.762144377937645061e-04
6.506947293599148587e-04
5.366806514040649029e-04
6.378368094337713351e-04
2.248258785945790920e-04
1.790997985528112253e-04
7.980016824994177723e-04
4.758980661525866532e-04
2.020377268296014595e-04
3.027110330666705996e-04
8.839068514581983850e-04
1.776707300197681149e-03
2.642233125524156949e-03
3.702175455148318164e-04
3.335885003073298582e-04
4.273541588439494564e-04
3.152635810555843242e-04
2.215973453807795041e-04
4.673782531491617992e-04
1.605708282366427294e-03
5.511824058594653889e-04
5.841038183791217274e-04
2.245163375082034223e-04
4.294005598729156358e-04
1.770443132870042297e-04
2.080454889649085385e-04
8.764699558495793377e-04
2.559182610451998861e-04
3.972538906551998468e-04
8.001933821800772317e-04
2.726374679849027818e-04
3.176320939008763162e-04
6.565849637063433377e-04
6.060418277215895997e-04
6.886538284269872823e-04
2.087872978897547117e-04
2.873832018604603636e-04
8.152254743603310058e-04
4.922878608794367455e-04
7.633996323399183832e-04
7.597148276344713571e-04
1.570476976855971775e-04
1.692796070796597201e-03
5.161366238410901612e-04
2.884080534077197418e-04
3.443319017240355760e-04
7.804598385027118959e-03
4.381372712887198514e-04
2.614233964351816595e-04
6.274080333535622970e-04
3.068695621919886873e-04
3.065011826813308221e-04
2.380336542358079874e-04
8.377840207984839751e-04
4.215050831742212238e-04
5.472772491291179493e-03
2.295676281572995789e-04
1.838104460377590560e-03
3.397934193779342531e-04
2.054975692247408439e-04
1.004879686157198740e-03
3.941063775692731259e-04
7.813031788645249595e-03
4.015945869045509640e-04
2.710711490207191659e-04
6.017765661337186192e-04
6.447743010145738120e-04
7.262001904638157052e-04
6.361595680298565147e-04
5.231134577156266487e-04
3.593910821685286834e-04
1.648684072476471092e-03
1.366205915136232962e-03
4.366019066783429219e-04
1.003425469592963320e-03
4.663909366399074104e-04
3.776188458357097703e-04
1.152274339587344362e-03
9.883585699336763699e-04
4.971920430504491980e-04
5.713322806671232261e-03
2.344610679888705729e-04
6.166966934145273142e-04
9.847519551472025054e-04
1.353085203055734735e-03
4.366019066783429219e-04
1.593015051481793797e-03
1.175936063976984556e-03
4.506251824399247832e-04
2.565734155813884868e-04
2.593214186688360019e-04
1.434951552661501101e-04
2.060403627923639881e-03
1.255831591928087713e-03
2.734807664446132244e-04
4.185600946224951190e-04
9.353723800021434285e-04
1.137293001839498547e-03
1.071107544362269416e-03
3.619054044095889179e-04
5.648611351890662656e-04
8.499757552887565520e-04
4.609479818220099407e-04
3.358651577156004236e-04
3.245839854253341388e-04
4.226425935086623384e-04
5.256910515676706036e-04
3.220619680847808014e-04
6.294542987920287653e-04
4.735890802853009313e-04
4.663954680344901613e-04
1.024024491046726833e-03
3.227480052717031931e-04
2.612640031360509191e-04
9.281274117354104680e-04
4.170155215652252717e-04
1.768521137116991484e-04
6.459601197767502606e-04
5.337530147570086411e-04
5.376764070471901774e-04
4.970176063624631583e-04
8.787086152270968779e-04
2.260214749546917020e-04
1.265738779637492518e-02
5.583667434574528547e-04
2.881733150928185026e-04
1.958723790164362756e-04
2.180203869902059156e-04
4.442274498953682478e-04
8.016708828782602870e-04
1.261253217810153100e-03
4.121093450699999934e-04
1.371281597215111693e-04
3.275088834057016270e-04
3.983158966950942591e-04
4.185600946224951190e-04
8.981777405587604768e-04
1.051420394900474536e-01
9.344896999844736407e-04
1.206692557759242532e-03
1.548450344970368287e-03
2.311706595994316848e-04
1.889429797774259826e-03
8.790359276063128497e-04
5.769844620706096432e-04
9.349716802449349693e-04
3.532224045540479631e-04
5.786668119901710976e-04
4.829988192413213195e-04
8.806156757541167912e-04
4.940270251157549263e-04
6.348597303938575791e-04
2.128650595356427078e-04
5.057790860263720444e-04
5.973329612380257059e-04
4.831792186772625262e-04
1.327924045124740608e-03
1.644722566175592241e-03
5.611503938324584589e-04
1.860780804725929802e-03
1.603497168622104729e-03
6.654663035936286180e-04
2.474862867350178315e-04
5.858581573846495570e-04
3.041094382652851182e-04
2.684264017545525262e-04
6.480348481153137873e-04
7.262001904638157052e-04
4.622827377285644384e-04
1.711275472770739498e-04
2.934925710316834985e-03
1.730660448615133887e-04
1.223793328859319046e-03
2.677987819372324384e-04
2.506921735894494601e-04
2.290952306000878407e-04
3.877963210822307750e-04
3.574421131189279319e-04
1.627899047365521804e-03
9.883585699336763699e-04
7.099441368900376130e-04
2.642233125524156949e-03
1.418564287964974762e-03
3.482788101645919229e-04
4.105916613563748022e-04
3.216158440839199232e-04
3.235583219459952481e-04
1.808101430932369921e-04
1.178572042083617750e-03
1.463694629130837029e-03
2.294754806687717742e-04
1.140747967417574983e-03
8.921456983254808870e-04
8.736613812256610340e-04
1.165010288479738322e-03
3.586811432233269871e-04
3.119580216217845330e-04
3.269915214456317371e-04
7.858240198156019214e-04
1.168187246928897036e-03
1.794281599322193220e-03
3.314469747627704437e-04
2.614128680524898979e-04
4.880816955337757314e-03
1.482183505977514642e-03
1.782464118076513345e-04
5.143387851998819284e-04
3.582437452361317081e-04
1.114793101450904309e-04
2.169096394696347623e-04
3.504320777316841757e-04
2.572410226460577847e-04
1.508675542779352400e-03
9.632536777461979914e-04
1.257422760464396543e-03
3.130219011671403376e-04
4.761337160683375494e-04
6.752127834561026318e-04
1.254639847420134383e-03
3.658682344717604628e-04
1.165272409961507416e-03
2.968855160875891555e-04
4.590116459462100949e-04
1.049126073263750153e-03
4.481650083582523932e-04
4.921571339188302464e-04
5.199319690093452640e-04
4.188221007814309747e-03
2.909842645804073570e-03
4.496899694872787839e-04
6.762759046684531589e-04
7.420729468053532821e-04
1.055634138807867500e-03
1.651853076542620117e-03
6.694075879973389797e-04
1.063572470156568667e-03
6.392358426670609545e-04
7.259991156912935263e-04
1.008417051690371768e-03
1.503120079002015367e-03
3.259660689568627187e-03
3.395844487726286842e-04
4.739278377845647220e-04
2.299102210962791965e-04
3.680510800798527868e-04
4.862163937148291661e-04
3.069413655146990480e-03
3.058039116371254890e-04
2.491804505309396455e-04
9.228796330556658699e-04
4.276585025957155110e-04
3.782025245871068354e-04
1.411817701175374380e-04
3.583411866970858273e-04
5.218919159494762264e-04
2.008157801414473410e-03
3.839447341956501265e-04
1.953618029653091408e-04
8.419069178446951171e-04
1.947345219583489478e-04
5.312237625597882561e-04
6.132120924368848845e-04
9.201346335735080800e-04
1.637067410943743957e-03
2.862270813462077738e-04
1.732094777357401697e-04
8.137789375671952404e-04
2.242569573848737872e-04
7.867968113091108016e-04
1.277720477259653223e-03
2.309575243585340284e-04
5.389195680948999064e-04
3.289073813193227162e-04
7.524928452073762061e-04
1.412881704650555841e-04
3.069116109885823085e-04
2.374452286416176569e-04
4.758547613333081929e-04
4.115459241380002055e-04
1.340050589970403279e-04
3.135229912355170048e-04
2.306676785960834735e-03
3.109062919930884617e-03
4.448091423295599247e-04
2.192308741156607946e-04
2.841181326086964095e-04
5.685124873018945497e-04
1.586255515613658009e-04
6.629056875231606732e-04
1.846466603180336574e-04
7.898004198689797606e-04
8.067467930793047063e-04
7.897833738000070714e-04
5.680625819344040225e-04
6.232823225140595802e-04
6.646311995265496118e-03
7.259991156912935263e-04
2.361172261160980027e-04
6.658354260433251145e-04
1.446076436027526012e-04
2.393457197784303731e-04
3.289073813193227162e-04
1.241111050016991887e-02
4.508945302037500684e-04
1.669517023538191552e-04
8.750596957104610002e-04
1.203502192203606286e-03
3.588441136155630113e-04
5.634354975950229541e-04
3.624822734369597234e-04
6.635677163679313357e-04
2.731575286294580791e-04
3.802930268724016827e-04
6.200917276335811239e-04
8.622768272186709859e-04
8.371606542924690418e-04
3.766343445193905408e-04
1.181832667384627661e-03
4.761401889571463542e-03
2.176724831905659267e-04
8.245259195431409562e-04
4.199308671594347529e-04
5.285274564448468613e-04
7.898004198689797606e-04
1.649410676717507794e-03
6.309321204069969369e-04
4.049071284870772920e-04
3.910058732751515065e-04
7.646404126901192987e-04
3.597668909945124613e-04
3.439562504895380454e-03
5.711024518268867584e-04
4.731067947717021655e-04
3.866580764189331493e-04
2.774661802657442020e-04
1.062375615857583631e-03
3.235583219459952481e-04
1.552855421946411417e-04
4.301919879692644110e-04
5.074861964778669887e-04
4.597428123238139178e-04
5.159626744361583061e-04
1.763256958811909852e-04
4.194967244595341886e-04
4.755112857524445256e-03
4.448514192035140377e-04
3.986137439377495382e-04
7.378547987783083901e-04
2.425445010610530281e-04
6.108482866231302764e-04
4.929994962239176836e-04
2.915821124878997740e-04
6.400358088875947706e-04
2.259928412325397644e-04
4.832242499024527152e-04
7.310252608468952463e-04
3.839447341956501265e-04
7.262001904638157052e-04
3.481712155394846818e-04
8.192110226223168080e-04
3.006586100092660074e-04
2.205534427148371078e-04
2.899103220229686689e-04
3.689774526659192759e-04
7.292368475689110742e-04
1.114437810366226186e-03
6.452715341531639701e-04
7.262001904638157052e-04
4.143443883232554711e-04
2.981578451690893483e-04
2.184026447739871319e-04
6.505056758636093344e-04
2.595182480834689470e-03
1.385005090967893887e-04
1.732094777357401697e-04
3.480527190649505484e-03
1.673705766030946299e-03
2.191211469036966639e-04
1.129133904396826356e-03
9.353939271385826705e-04
2.052387298282895480e-03
5.739384546655615675e-04
1.445175408427199762e-03
1.087233562311997479e-03
1.309938983843428025e-03
5.175946135965272307e-04
3.846773275954853966e-04
1.204566861110013874e-04
4.540793829031785928e-04
5.071958799556620457e-04
5.827208260396802382e-04
1.962239171150964665e-04
4.916591423537318602e-04
5.374932034586066233e-04
3.437000721448016946e-04
4.740799321989456658e-04
3.950584490169222200e-04
1.241290995312151852e-03
3.343445383254005691e-04
1.103217374101591805e-03
2.850168608041143189e-04
2.440216694587956097e-04
6.658354260433251145e-04
1.554588715923567747e-04
3.114223103539845374e-04
5.798958307067231125e-04
2.460851441902202558e-04
1.904847337027917333e-04
1.745083264468432751e-03
4.041739859933358818e-04
2.006979578440826206e-04
1.368167263570895355e-03
1.417802932077671626e-04
3.679404128930167375e-04
2.064080498711387979e-03
1.651853076542620117e-03
7.814690386651249434e-04
2.677760675101485341e-02
2.247077414910098839e-04
4.445183000258623647e-04
3.599100251134117992e-04
5.287640203892707107e-04
3.568517119087596880e-04
1.665567180593746730e-03
2.611455064795795838e-04
5.304498587966390575e-04
9.776892483565786940e-04
6.273443599701099835e-04
2.611729620662402575e-04
9.883585699336763699e-04
2.317728845872257511e-04
5.618192932918463986e-04
3.876515977071900900e-03
2.786173403751472221e-04
2.241281826705092861e-04
2.804577520725305348e-02
7.262001904638157052e-04
4.119392008606750444e-04
1.029365757821288545e-03
1.165010288479738322e-03
6.011434623414094614e-04
5.419067217067127145e-04
1.591865640257235717e-03
4.452084807039616049e-04
1.893106116334741622e-04
4.678438729821710485e-04
8.438935196054010972e-04
1.124200682923926289e-03
7.317429535526586695e-04
1.215101783779700111e-03
2.695624847668363650e-04
1.399025670188005274e-03
3.993206865281549549e-04
4.084678200312497065e-03
3.331166239989600880e-04
2.694815335446831698e-04
6.040373112761613988e-04
1.718564486767060748e-04
4.041415156636692682e-04
9.883585699336763699e-04
9.487968589292996614e-04
1.392429737819801498e-03
5.607625811228476734e-04
1.864432555518537435e-04
3.461655995693087014e-04
2.893255739136141682e-04
5.684006774324755051e-04
5.763937561986809529e-04
6.875074426130777698e-04
5.819429917394586824e-04
6.530523969993862676e-04
1.804756990470304757e-04
2.852746345094364731e-03
1.482183505977514642e-03
7.908741952418236890e-04
2.024457327003272890e-03
5.192750032652093152e-04
5.128743354801940492e-04
5.294734978727405703e-04
1.027019855821647816e-03
3.518755599859071199e-04
6.013059535617020423e-04
8.833350615934524100e-04
2.592766038936730397e-04
1.738550727992855833e-04
9.562071523384273967e-04
2.759291254073277045e-04
3.095954680473933973e-04
6.497466967602227427e-04
1.011874576002804327e-03
3.511769236142047845e-04
3.163285891462299000e-04
1.057733915008010270e-03
1.349606721906758270e-03
1.904484990827763711e-04
1.165010288479738322e-03
6.938509745864480894e-04
2.599456341758818716e-03
3.777572317631063144e-04
3.654041860334626148e-04
9.883585699336763699e-04
4.160710687982725232e-03
2.036644346863673524e-04
1.315928838549065534e-03
1.766924739332762450e-04
6.739105151292679131e-04
