1.836101488313537206e-04
8.661710844401205841e-04
1.678568606930496169e-03
5.018047665850578105e-04
2.062734200410947915e-03
9.624682437448987913e-04
2.119171444121931928e-03
3.635940282950700787e-04
4.349115047462841677e-04
1.397036806385011870e-03
5.933816944190303377e-04
3.517986472701265573e-04
3.545487212449834904e-04
1.310718340593798603e-03
1.138195151673584114e-03
6.931778893737095600e-04
3.139204895639545641e-04
1.361340858168903073e-02
3.849130191565297890e-04
5.041447131332549118e-04
2.886186779118895271e-04
3.895848678909813608e-04
3.090072282039036137e-04
1.401096622913311322e-03
1.679716972601604658e-03
1.130974176700171941e-03
4.605538345043764018e-04
7.214702339060518515e-04
4.260929800653351883e-04
2.183720480741308738e-04
1.321627605491447911e-03
3.037772886621410403e-04
6.813510688209966065e-04
6.623824593241765552e-04
5.902031989362164534e-03
9.960524067661330212e-04
1.715502417977579999e-04
1.415514543416522813e-03
4.094034243854387614e-04
7.266897091409269503e-04
4.508272864292135708e-04
1.513179275314019759e-03
1.889130719935245249e-03
2.144536868318364423e-04
3.536019261009570782e-03
3.644722658076688065e-04
7.656865795077038824e-04
6.673694941610306850e-04
3.669657101827164211e-04
7.612154899762427207e-04
9.409140288918200860e-04
9.192231093425370231e-04
2.359212964213134537e-03
2.635415063325693540e-04
5.559386138418219523e-04
5.706627588003416714e-04
7.219948749337597735e-04
3.359393063901445348e-04
2.176148020870770968e-03
7.568153194267168314e-04
5.169908169941548866e-04
2.226492599700500251e-03
2.202963692331564530e-03
7.692710088141645414e-04
3.920272652764078612e-04
6.248729345685724362e-04
3.034543431999659358e-04
7.081126035689469913e-04
7.296599524180543772e-04
1.344131106937664598e-03
6.944761431242768308e-04
2.092272995655204281e-04
3.047955286859058838e-04
6.695491812652458376e-04
9.254244768203795076e-04
6.989789410028871691e-03
7.125070965621512062e-04
4.810371663694104041e-04
1.101763309792562224e-03
5.599575574679155040e-04
4.265594901989511667e-04
4.950545116533439137e-04
8.638208288530661036e-04
6.024625022978880766e-04
8.841133210418662246e-04
2.286458117841683787e-03
2.791954759973663456e-04
5.254562107663443647e-04
4.306062777912731559e-04
1.156161205203877279e-03
2.591572480401457216e-03
3.644560812771135473e-04
8.037447682550454171e-04
5.682302259224509666e-04
5.448227059578399653e-04
1.228215333575389482e-03
6.703044430887753445e-04
1.428737949381496180e-03
9.482461150589745289e-04
2.713078108818368656e-04
8.573667992846434934e-04
1.221098158045151290e-03
4.944167042207738352e-04
1.269935351713344677e-03
6.120021496134163278e-04
4.333395005972537329e-04
5.580247263831886878e-04
2.718069775294916848e-03
5.015387610946115370e-04
1.174973109132056853e-03
3.060820275673258647e-04
4.692220054451585803e-04
5.850562350870630200e-04
6.308601072384138015e-04
9.641281764135598356e-04
2.222468084859702177e-03
7.720562279300698062e-04
7.188842273617341867e-04
4.575930874644296414e-04
2.883346033405666427e-04
2.419240624706475370e-03
5.536220619935167120e-03
2.783521828717790744e-03
6.581735971781812154e-04
5.072091913709050187e-04
8.406171047478623939e-04
1.071933265644265222e-03
8.663796501850489417e-04
1.678866508107306659e-03
6.366556737033687765e-04
3.915062107984849113e-04
5.948150852315857353e-04
9.200222248039421121e-04
6.461417626181054173e-04
1.362724348531136947e-03
3.196767765685118272e-03
2.516194593239781219e-04
1.550551247578796712e-03
3.209786973176590483e-04
2.551844571550892712e-04
7.917637749865692916e-04
1.048136565348543360e-02
3.653832644665052330e-03
1.044534038104074324e-03
7.915962214805672727e-04
9.722619399577036659e-04
1.024958999098809619e-03
7.357859675590197514e-04
6.334777151458623624e-04
3.174302515370292822e-03
5.755335403341995098e-04
2.481939279944358665e-04
1.124802169863957802e-03
7.058527497398294414e-04
3.313925074769502339e-04
5.659837376669018920e-04
4.274625628595842258e-04
2.501863905653483526e-04
5.827581818819602914e-04
1.257445368635613835e-03
1.224983182384052540e-03
4.344947287194761507e-04
6.219151978681374676e-04
3.335599061791853824e-04
7.577096111931153977e-04
4.508195176397335538e-03
4.994465843304031439e-04
2.583312721664278943e-04
5.301624430082440588e-04
4.305945713095007564e-04
1.295658051750764577e-03
3.438601309463813196e-04
9.626190408057033873e-04
6.567625815351072578e-04
1.024922015902130900e-03
7.392561785992320675e-04
4.588978947076585951e-04
8.792498701398498463e-04
9.877970700194369739e-04
7.748328529511737048e-04
9.568311590729963127e-04
6.259148932608491703e-04
4.876673901231079770e-04
8.270587123739495247e-04
4.235454521862906337e-04
5.517255463070081835e-04
9.453065959771979635e-04
3.134085589509097458e-04
1.469469998901255271e-03
4.766831674381122471e-04
2.501293063406832655e-04
1.002713182550587839e-03
2.935967608273317179e-04
3.130359265172077098e-04
3.067399482508479519e-04
3.077453845234583781e-04
5.051072285466140076e-04
2.555205240354150166e-04
1.065022241275067087e-03
2.340791714513790634e-03
7.170943894176930134e-04
2.383642561465744881e-04
6.182119050280274761e-04
3.335599061791853824e-04
3.716371701839442680e-04
2.391327059480886691e-04
1.244868703552524936e-03
3.713439575220525311e-04
3.995262501199381444e-04
6.673694941610306850e-04
5.077470868138798856e-04
8.784218135622269162e-04
2.968799958238777870e-04
4.898271221150931817e-04
7.317549750256510796e-04
2.369875567492036889e-03
4.102742693364867300e-04
2.344251007988968315e-03
1.874524719048143535e-03
8.858184042636030840e-04
3.071125947689923676e-04
3.014706022861969072e-04
4.300715142328534251e-04
8.305359915631884121e-04
6.606585349764323512e-04
2.492819970430702444e-04
3.446045131343002240e-04
2.942203404799165439e-04
5.750112840003674406e-04
5.133401971145662478e-04
4.503308790365639501e-04
1.123178393352848624e-03
8.299882848909996081e-04
1.573603665499365058e-03
3.256541969430146676e-04
1.173097483402953415e-03
1.047267399947011002e-03
3.755474052077458305e-04
2.660661067340937876e-03
4.440495780204134512e-04
6.911344700771253780e-04
1.159979826250096989e-03
1.137587709520262221e-03
3.452931409725192914e-04
1.314507017339822852e-03
1.504345252879507730e-03
1.088225010905902439e-03
4.557616002601752266e-04
4.092064457179968653e-04
9.427168542370566520e-04
4.550755381055171652e-04
9.353247360043057514e-04
8.729990870972195813e-04
2.634325067532078857e-04
5.479098471254523206e-04
8.153547241741538167e-04
1.435847379330550339e-03
5.050272747768132968e-04
1.124171538359920427e-03
7.748580351416712707e-04
1.473183635762007363e-03
3.258304551625477996e-03
7.240996875161588792e-04
7.600827405832194560e-04
3.011495882925349795e-04
3.769962666809539517e-04
3.176208580396960553e-04
3.151996784594042196e-04
4.469642434274559255e-04
7.507987781850846256e-04
5.063226485053843977e-04
3.381591588701343188e-04
3.932092328444990702e-03
1.023738719825023321e-03
7.344555514353826682e-04
3.491555355733194990e-04
3.603747152665620732e-04
6.947432957180483008e-04
4.172384693001721340e-04
9.636495462585951228e-04
1.678340610580601440e-03
7.199756495728320237e-04
1.402810013191054797e-03
8.020002302732411005e-04
7.722749560274645361e-04
3.547933912216695378e-04
2.726143814515270109e-04
7.431377942072594708e-04
7.461907345076103154e-04
1.385033067221144807e-03
8.573667992846434934e-04
6.602079817206301391e-04
1.174007875140712200e-03
7.161223811386884528e-04
2.809855381482864387e-04
4.021867873692550966e-04
2.457210412510014356e-04
3.721444276427344632e-04
1.947620649195316812e-03
9.943217845011405320e-04
7.894476695936126316e-04
5.690789547636115843e-04
2.691521849863067503e-04
3.340106502580170427e-03
4.280005497207759477e-04
5.587068609265081033e-04
8.366485932496326361e-04
3.505762308682432095e-04
2.679658177993089578e-03
5.464022376222078033e-04
1.938485228233559701e-04
3.678332815814313759e-04
1.182648272877410024e-03
4.581673492880385351e-04
6.687474912735463925e-04
7.345834456327135888e-04
4.135251944394884179e-04
1.225945324063972908e-03
6.074230261154565328e-04
2.455515754239662608e-03
7.449054042524938090e-04
8.099044345127371682e-04
1.087270813173431142e-03
3.796165116435689757e-04
2.688730697162860063e-04
1.113485276152771219e-03
1.113515397440616693e-03
3.322254366112740564e-04
8.002154185109231366e-04
4.694090252866661033e-04
4.085057420237776338e-04
7.571187213215337369e-04
1.133118873312588927e-03
5.974916690856070306e-04
5.017932236610182523e-04
4.715343804665260083e-03
1.266262922093149002e-03
1.018659960151512434e-03
9.540048268243762680e-04
6.299236861739669364e-04
6.323789022478624230e-04
2.092272995655204281e-04
1.347270314669312113e-03
2.412823121080093030e-04
7.887834113407964261e-04
1.277287914396028293e-03
6.512403598597261978e-04
8.013236108965139833e-04
5.214213021010100004e-04
5.892542330801417687e-04
2.056369297208861854e-03
4.693259654401875217e-04
8.037447682550454171e-04
8.433565675318937345e-04
5.368420868768155772e-04
5.553611273918229859e-04
4.189130123747761498e-04
7.073716690904559333e-04
6.121219018952952931e-04
3.190034293164667033e-04
7.763834971788434068e-04
1.060337644954615710e-03
1.611946362854574843e-04
1.159979826250096989e-03
8.823296186251703517e-04
6.598831400069935177e-04
5.585589555568055715e-04
1.165234259630803853e-03
6.803335846637734293e-04
1.698803118003652021e-03
3.475887840491568908e-04
3.607350733802667012e-04
8.465628411965315158e-04
4.963694464149251851e-04
1.118741702448749912e-03
1.893219026035173713e-04
5.828148103367164230e-04
5.843809749724126036e-04
5.394874610492951571e-04
4.557491558187625998e-04
1.429027177204081735e-03
7.008694853683212871e-03
5.805099521640026943e-04
4.617785336705206804e-04
4.075438516767744719e-04
2.695477725436229042e-04
2.530117234148023257e-04
1.510449353876092788e-03
1.217420431429977988e-03
7.351024973995061960e-04
3.810518125222090010e-04
4.070211332283168114e-04
4.518081144023153068e-04
7.238471620712478172e-04
1.166123440409077075e-02
3.907439313948258847e-04
8.690174942721607754e-04
1.245140240454184824e-03
6.813239655326022845e-04
3.747847657901693091e-04
7.943095998186226010e-04
4.667064305922118974e-04
5.276972482999588675e-04
8.087570600655179980e-04
1.101670034323538926e-03
2.723083424908648471e-04
6.669192029379355287e-04
8.224974131729545588e-04
5.239789519627984426e-04
2.762833361119887161e-04
1.729701543166353847e-03
3.287986780890596122e-04
4.885235599485545765e-04
1.014555552367871379e-03
6.597473742305059834e-04
8.343595432905061282e-04
6.721213086478651033e-04
1.830180260233022459e-03
9.461764307315849096e-04
8.636654303634071347e-04
6.382662599650997578e-04
8.370490956145360114e-04
5.192712663087061756e-04
1.966073058326768801e-03
8.068460898619753434e-04
1.325527029041938948e-03
9.427168542370566520e-04
3.823219121739152276e-03
4.743116237490228025e-04
2.706795167127271778e-03
4.611350661836642302e-04
7.681677780393282150e-04
3.344108595886452636e-04
3.399492374020925394e-04
7.662972899666778241e-04
2.935967608273317179e-04
3.156468079531741925e-04
5.716495790489387096e-04
4.710840892321478527e-04
7.810580688372277492e-04
2.552551995517170235e-04
5.232280443919721255e-04
7.808763750503518956e-04
1.903826908170629367e-03
4.532580407116227695e-04
9.898301834106342564e-04
5.570061705526164900e-04
2.231692499729384573e-04
1.960688702894004647e-03
7.783106676067509623e-04
1.133399357975705063e-03
9.639277086862898299e-04
1.409755620221964665e-03
6.934951638248430415e-04
2.658053785621231763e-03
1.036932081434414942e-03
1.092069035182068396e-03
2.344251007988968315e-03
5.575492550362850163e-04
1.574134568652297596e-03
5.283400999362382940e-04
7.200115053327777945e-04
1.011934612286106289e-03
2.328056951952102817e-04
7.360749028572134440e-04
2.654679852168714349e-04
3.754140204146938281e-04
3.084554004762514803e-03
1.241021593605443583e-03
3.533682335258793612e-04
6.009528513650565533e-04
3.859167044576108257e-04
6.442083830668343929e-04
1.228215333575389482e-03
6.117105577311023057e-04
5.340332029290933979e-04
4.736301124375567190e-04
1.442555184393202843e-03
6.475857989718147075e-04
1.723667357003347798e-03
4.085057420237776338e-04
1.411751393820686283e-03
7.649871908076617301e-04
9.277429185700787877e-04
7.915962214805672727e-04
1.110605638731970496e-03
2.738722453989554250e-04
3.474226671779589385e-04
3.033863754424220502e-04
5.810473093836075005e-04
3.600747694885865057e-04
3.675056342919832617e-04
3.744882019178763228e-04
4.633306516112861121e-04
6.406895591552894034e-04
5.599473419048549977e-04
3.590626551566254558e-04
3.045775456949746619e-04
1.103422613414810002e-03
1.249620019750209829e-03
2.746417592198286631e-04
6.443684691147581961e-04
6.066080646480462649e-04
7.705001248514124377e-04
2.457379832429267431e-04
2.585872106108656168e-04
2.344251007988968315e-03
4.689461095212138324e-03
4.898782116585372829e-04
4.800353987339792323e-04
4.667064305922118974e-04
3.438479070478382498e-04
7.939098370612987250e-04
1.632386664767322346e-03
1.588746279056479568e-02
1.321376999494822168e-03
9.964072858969436411e-04
1.341028649100900385e-03
4.516697242553267475e-04
4.645229422923699276e-04
2.672397764866270655e-04
7.542476129779197153e-04
2.552696445181757258e-04
5.623799852694829748e-04
7.901029850355213496e-04
1.126039895151134760e-03
7.348753337480937913e-04
9.889527679156396873e-04
4.485348927465035115e-04
3.436395724097633816e-04
7.726714588189578185e-04
9.293844960885130468e-04
3.011846167625938727e-04
5.973223611007407374e-04
3.314685071617253301e-03
3.502236042180049101e-03
9.356336216547260195e-04
1.290798159151044459e-03
6.351375371241871695e-04
1.442783364296158126e-03
6.364734422716131343e-04
9.341921612649867462e-04
5.447524551585707911e-04
1.229203439374805095e-03
3.031677972612583879e-04
4.517169943031737684e-04
3.482390940583047351e-04
5.249532210915388349e-04
5.880229571049432622e-04
4.039886564504223225e-04
4.398685803486655516e-04
5.727815979288904992e-04
1.141585472864179319e-03
4.493146524210288512e-04
4.715645372009881204e-04
6.665658271195180982e-04
9.748519907422809614e-04
5.575492550362850163e-04
8.651208704468859407e-04
1.165186795504818398e-03
8.752499742781331624e-03
2.156814260449089983e-04
7.370928507666469742e-04
1.029798344620190629e-03
1.032073454701710634e-03
2.628707045075877476e-04
6.466403144437555140e-04
4.895757622568222382e-04
4.874600367692316465e-04
1.183189060919327381e-03
1.989347506944536079e-03
8.983306451770792147e-04
8.179817824637188864e-04
1.985262306547491609e-03
2.640495111326371705e-04
6.585762857929623390e-04
6.326827769942553652e-04
3.823219121739152276e-03
9.246356604239610016e-04
3.386659584247025522e-03
1.046143888154833128e-03
2.297893783330445285e-03
6.290940620499615955e-04
1.123871308971993201e-03
8.774677045725868445e-04
1.832093850024262699e-03
3.403718976541474008e-03
2.144536868318364423e-04
5.395884080138585101e-04
2.039039847525571728e-03
6.402232638510989412e-04
4.617240003398463688e-04
8.903726780663544270e-04
4.257346598516471045e-04
2.351094950738368537e-04
1.118741702448749912e-03
6.524308461846352325e-04
3.390293583547479713e-04
7.595411147179318475e-04
1.309572014334036945e-03
5.234081061502351409e-04
1.889130719935245249e-03
1.560489108138649701e-03
1.290875291614788228e-03
1.018834056213479113e-03
5.124446266376775404e-04
7.113558036882343394e-04
9.821467294415756489e-04
6.847353253885491223e-04
3.829236476322127433e-04
1.700438738959010815e-03
5.624764686715871213e-04
8.875756318926766777e-04
2.839982456476329727e-04
1.048136565348543360e-02
6.248729345685724362e-04
6.271752042386501873e-04
2.495825132093142215e-04
3.249922344238109946e-03
8.761089162892946643e-04
4.950545116533439137e-04
7.358265026996025108e-04
2.557158286007547420e-04
5.433469134911458973e-04
4.894696995331674749e-04
9.895262150188667647e-04
7.396383055923497468e-04
3.753280802778086959e-03
7.747657573909807289e-04
1.185731543477715937e-03
3.676089388550912262e-04
1.241159908764456841e-03
1.810323908617007338e-03
4.103109930764323328e-04
5.872697253016494331e-04
5.823734138220714070e-04
3.169198138495118501e-04
7.893937156178670433e-04
2.421454653718005477e-03
9.015934982772297107e-04
1.850566849866187077e-03
4.894126072302557116e-04
5.121970843811694124e-04
3.370552762148811042e-04
8.180450708739860338e-04
6.499971948010807880e-04
2.056097495545100020e-04
7.394397447515145202e-04
4.757905298121415565e-04
3.060874954287755908e-03
8.761753365320024394e-04
4.344459479470837767e-04
2.836736035761547878e-04
1.422135331657366003e-03
1.352944655463909083e-03
3.769035751681818467e-04
5.769974028667872309e-04
5.145149568508387838e-04
6.649324308376266656e-04
5.183014014789737471e-04
3.451047646624995466e-04
4.527223512448200877e-04
8.741608389709146784e-04
6.267688089158787116e-04
3.923348096487992188e-04
2.303873295130918358e-04
1.948174751854115424e-03
4.100399241699731641e-03
1.979313152209054294e-03
1.066735355178836941e-03
4.885235599485545765e-04
5.275295801958415631e-04
8.549665057736475452e-04
3.083418891061143695e-04
5.435241687492482808e-04
2.772643668498753298e-03
2.692013693882047568e-04
3.996903307482055877e-04
1.460084503163632669e-03
5.635703253415451537e-04
1.619358159971214222e-04
3.370552762148811042e-04
1.080683202019302796e-03
4.145684334057290685e-03
7.567976067724863391e-04
1.039394607280741227e-03
2.097676017360046918e-04
5.375219599299817545e-04
7.972782308856848172e-04
2.088350132180564122e-04
1.073968776925304488e-03
5.682302259224509666e-04
4.324302701039046612e-04
1.101670034323538926e-03
3.226217058153695158e-04
5.684649816871848544e-04
4.512952527175586800e-03
4.189696235968946554e-04
6.886931733737990287e-04
7.113558501183851876e-04
2.572941808385303172e-03
4.663995754950589880e-04
1.602060561123885840e-03
3.821467632535511649e-04
7.374511366274078168e-04
6.419175046945736632e-04
3.836758817371622218e-04
2.692013693882047568e-04
4.457130951312267687e-04
2.846613576281531834e-04
4.730028642884124136e-04
1.600584357004156003e-03
2.688730697162860063e-04
4.493146524210288512e-04
2.685761374459974256e-04
1.158258501663843179e-03
2.539769142406633675e-04
5.189948438295508828e-04
1.217420431429977988e-03
5.014109795942727626e-04
4.390405184487750924e-04
7.695009753783336581e-04
5.310711995973684029e-04
1.335820654812562829e-03
5.766556800220589817e-04
3.909937588095460832e-04
2.374883787228013838e-04
2.334304946378684719e-04
6.543221711513998434e-04
8.402905267705526810e-04
4.271819541643162447e-04
1.038571877777079390e-03
7.170943894176930134e-04
6.563653041216090892e-04
5.757725532652949087e-04
2.878334029436626067e-03
2.780891481726119026e-04
4.794377083949642000e-04
3.598445980881426025e-04
4.482846839775550063e-04
7.929143183594336824e-04
1.039354745162505847e-03
1.032701680638106875e-03
6.430119023041058627e-04
2.648763669916513481e-03
4.389599112626793522e-04
1.085597681431888558e-03
5.815436951818059048e-04
2.487539400823237431e-03
2.497842288276082485e-04
3.012455795575861737e-04
2.425891468462162081e-04
2.049490195221943865e-04
2.772643668498753298e-03
1.012561384138302607e-02
2.058302052062017484e-04
4.041247012673531694e-04
1.254676627655748481e-03
1.171039557068037553e-03
3.033035408536802484e-04
7.887467560773195677e-04
3.513191955447365466e-04
6.464908747848737694e-04
1.980721146812409409e-04
2.310679972925382944e-04
3.883872080110225980e-04
4.041247012673531694e-04
3.042596545930588772e-04
2.372866123416636128e-04
5.323417721242861434e-04
4.818532588007876268e-03
4.970645694317129062e-04
1.215664908061634330e-03
6.742245202811411554e-04
4.986040307249566894e-04
1.493769701984278475e-03
6.174462144245013856e-04
2.137647571440279108e-03
1.142888540366972629e-03
4.617785336705206804e-04
5.018067615609339300e-04
3.364367602433244726e-04
2.227821479384074917e-04
4.257655099802828708e-04
2.256735714306355983e-03
4.354977929769054609e-04
4.369390067400677176e-04
3.753280802778086959e-03
6.464544388124303766e-04
4.983126141517397675e-04
8.520991589756745721e-04
3.986088660930710704e-04
1.389280804283330806e-03
8.389751287631758451e-04
1.294012127665066653e-03
5.197550685249080786e-04
6.573542679325095886e-04
9.245621181462864574e-04
8.541911124492088201e-04
1.527303540048308844e-03
4.447869228870392710e-04
1.691968203819239555e-03
6.142506316713686361e-04
3.752703036576462590e-04
5.503055584821794043e-04
6.791865231313901205e-04
5.229525523178206329e-04
1.918863308911301956e-03
4.179432996309988789e-04
7.743306511784173347e-04
4.209744392727956131e-04
1.084521072316735465e-03
3.176208580396960553e-04
6.076541756998961536e-04
1.192791157314514400e-03
2.388798126212406548e-03
8.517488068491797445e-04
2.692429531036357230e-04
4.646546489806244488e-04
5.328666795865187903e-04
3.300636679908605024e-04
3.743156765389690083e-04
4.023130188877892905e-04
2.839827869447698796e-04
5.282448575058067922e-04
5.328666795865187903e-04
6.085297142834554225e-04
5.217054075429827797e-04
1.425779301879875329e-03
3.004916472636755525e-04
1.675657976976386611e-03
4.749269557751077393e-04
8.267604639094359911e-04
5.963211483449514308e-03
7.182544316025000347e-04
1.066735355178836941e-03
5.900434115983386931e-04
1.313656602510351792e-03
3.419732197564352445e-04
1.274064435411532449e-03
7.973707978401041408e-04
3.904688987287308023e-04
8.650659640051243555e-04
1.183114557420516079e-03
1.003951165200458887e-03
6.713607195335655111e-04
9.423728540662021152e-04
3.598445980881426025e-04
8.809994628669638728e-04
3.151996784594042196e-04
3.287986780890596122e-04
6.418206173380269211e-04
6.848024465842913371e-04
4.131769981511809742e-04
6.873660304510186784e-04
1.206389836854764724e-03
3.755500596419446974e-04
3.345056656639997482e-03
1.117879267488079004e-03
9.579532444632941120e-04
3.621582587032639547e-04
5.886620513139972097e-04
4.771697650751844104e-04
4.236659058561991777e-04
8.051804215100344083e-04
9.614763718389759050e-04
3.545598410543267199e-04
3.363140225042368561e-04
4.815265551512364745e-04
1.213267101229588809e-03
3.823078395480545818e-04
2.907195484849161150e-04
7.694530589593388424e-04
1.956237548196125640e-03
2.772643668498753298e-03
7.822393881996213228e-04
1.087032486798318381e-03
5.250655145511213444e-04
3.454551277748006601e-03
1.979591921356657364e-03
8.733463930074843000e-04
8.344509247049405843e-04
6.261667886323353744e-04
9.475655552103449692e-04
3.524768053167566984e-04
3.472805249136017296e-04
1.972015138160192302e-04
8.798700705968770215e-04
8.245149125394721961e-04
8.075421916265530190e-04
9.015002864346213134e-04
5.254550118544375464e-04
5.603420361422577212e-04
1.183248720586844126e-03
4.252145688806343703e-04
3.844165322439945919e-04
4.953333314527912480e-04
4.627652062658871475e-04
4.757336737146926862e-03
2.288422141558080116e-04
5.836443289159084233e-04
8.347647304604466790e-04
1.518544558666447882e-03
7.835798571002350376e-04
1.487862729519349178e-03
5.786778856031926568e-04
6.018560258455556275e-04
1.438412420021964065e-03
1.470368459427629296e-03
3.895065940108145700e-04
1.156514023713409904e-03
8.112720033502409094e-04
6.348056768321641043e-04
8.134849032286978416e-04
1.478570352135854561e-03
2.142918976883936757e-03
4.600452330783975289e-04
5.108797523899958996e-04
4.894696995331674749e-04
3.295200494004548938e-04
4.867731398534293707e-04
2.134496985491246817e-03
4.986444679832412619e-04
5.666007944514621928e-04
2.056097495545100020e-04
3.117157550794057998e-04
7.465587534844314544e-04
6.106709910073500813e-04
9.500430175157501596e-04
8.006616916099827544e-04
3.949370811929938329e-04
9.839021302057967058e-04
7.115837262667810970e-04
4.281741207198560108e-04
6.393372381230907116e-04
9.305735085476353951e-04
1.018834056213479113e-03
5.199422833107835958e-04
9.164758596062966625e-04
3.604872573312928232e-04
3.351854002211806290e-04
8.638208288530661036e-04
5.329186387636578081e-04
7.861093714838059609e-04
5.683857960140529858e-04
7.571187213215337369e-04
6.378213328016856280e-04
7.438375243834788840e-03
5.516644048746702439e-04
4.087048154580608106e-03
1.322686652399410970e-03
9.333098315234242314e-04
2.559726389361829686e-04
7.806818146802576913e-04
1.389280804283330806e-03
2.746417592198286631e-04
1.432227601714106168e-03
7.837947609869813127e-04
2.730049988017793248e-04
2.763949833720996349e-04
9.778132342053078279e-04
1.477953555940323240e-03
3.438479070478382498e-04
2.351226699912445481e-04
6.725389098075911128e-04
4.740633161436122022e-04
4.279811297947234928e-04
9.519496661218347774e-04
4.817480518826551235e-04
3.489452276761800201e-04
2.968147917142875073e-03
4.393394114644647301e-04
1.553481371978969764e-03
1.149431441516751001e-02
5.544669332470647917e-04
4.259211464644302686e-04
7.368634652870284518e-04
5.361520979616830624e-04
2.771338215941101190e-04
8.518814266484566605e-04
3.475887840491568908e-04
4.565709507636155702e-04
8.958388308268058070e-03
1.629181093327780562e-03
1.625818799712593684e-03
4.321256598191810096e-04
1.537251206920188561e-03
1.409755620221964665e-03
1.612690703736187987e-03
3.942339527907903480e-04
7.941386379192545350e-03
5.699521590610864396e-04
2.565156358429905299e-04
5.224433371412896430e-04
5.845370125303422058e-04
1.114778299258929349e-03
4.489612370921713621e-04
5.366012917084626637e-04
4.460615767557521904e-04
7.944764879909569028e-04
