1.750720867943658231e-03
3.612798147259733126e-04
5.678483089775395462e-04
1.502436660473116742e-03
6.908479998664148912e-04
1.609302556477884127e-03
5.382327660279365373e-04
4.917562635589578469e-04
6.963669034455505962e-04
4.022475230390871385e-04
2.789312933700206082e-04
5.441755449825973938e-04
1.352746466023457828e-04
3.739586060647745653e-04
1.098056887301495114e-03
4.763250770798346930e-04
4.545652313251316665e-04
1.869449063683184835e-04
3.970981753413733908e-04
5.112773313296450125e-04
7.832766179305883847e-04
1.146432971897146710e-03
3.393306732303447821e-04
4.118178952928918833e-04
1.031865861506407528e-03
3.345354785567367811e-04
1.034012192618995359e-03
6.013691863354132805e-04
2.568816062455727138e-04
2.734510769684275842e-04
3.410253996805569969e-04
6.095012978841401509e-03
1.353641362286738849e-03
2.510579932913930439e-04
2.490252823674261482e-04
5.948121494891671487e-04
1.154722764271547044e-03
1.032322566282648174e-03
2.467301119581790519e-03
1.417062315126519506e-02
1.104250770189905322e-03
3.504092058432153965e-04
4.191867620817452296e-03
6.106053723692849962e-04
7.391567130862573311e-03
1.060605614469224255e-03
4.057261289622821217e-04
2.146020568482388986e-03
6.719940968790523265e-03
3.811348753315930461e-03
6.017144972735997315e-04
5.603932192458408422e-04
1.884226350830412377e-03
6.878724257118806404e-04
3.521127484557022742e-04
7.341871259674455363e-04
3.035314473464595549e-03
5.580033688715622595e-04
5.503598723798281030e-03
1.466447046255201989e-03
1.139637253568171220e-03
1.686936413529942919e-04
3.760637955356184946e-04
6.235967317696392660e-04
7.879637072910753489e-04
5.341955541956806700e-04
5.734613914560141327e-04
8.810550781714039745e-04
4.015937132196996102e-04
7.674287385383231743e-04
9.495370057458298908e-04
5.579097069194998131e-04
3.992443886315224589e-04
5.056381593871078816e-04
7.372629963162660640e-04
5.236731245975845273e-04
3.403598433107599130e-04
3.566889020316212967e-04
9.756440040276692692e-04
8.877784067697426550e-04
1.927372360160365403e-03
3.065655008104672345e-03
1.191697170352354210e-03
3.318761040303106163e-04
7.186250495193180878e-04
1.721786770289941530e-03
4.487984159096142928e-04
3.833122447004939904e-04
3.421898577661206236e-04
2.342684158930038226e-03
1.353641362286738849e-03
6.163511311565563269e-04
6.082054965879727911e-04
6.034857078680994904e-04
7.709815941295939485e-04
5.476367776634152168e-04
4.108867683477080042e-04
4.114937053799064205e-04
5.088511021744676144e-04
2.932900465979478640e-04
6.217952703781811806e-04
3.960263137550589950e-04
8.237033467774782175e-04
4.367165172272859824e-04
3.512257763510020798e-04
7.064715809745641039e-04
6.054474526266905281e-04
3.863673988666598436e-04
6.666244415856758957e-04
3.736663245586977172e-04
4.576668450247740774e-04
4.646933789190179796e-04
9.828226710789358597e-04
4.416590873588343126e-04
1.658207570773672550e-03
2.949792839051864246e-04
5.208884375191745941e-04
1.048374392905821297e-03
5.953514425165010214e-04
2.703036475358814184e-04
6.129471213466655428e-04
7.200450679979107909e-04
8.365608089818414497e-04
5.599569649310845963e-04
1.022959464695144061e-03
2.122024723263603275e-04
5.720325025812560051e-04
2.985097874748020796e-04
6.440628993335355268e-04
2.629423947926960974e-03
5.905590885199187663e-04
3.310706404874866012e-04
6.049039221640397420e-04
3.558113749292707208e-04
5.503598723798281030e-03
2.637928280460608075e-04
2.894185742125687149e-04
5.574473577797692215e-04
5.382000653360410111e-04
3.268868755384689555e-04
6.911962058379599993e-04
9.742887881010707518e-04
4.295341854046691270e-04
3.616312883306204546e-04
1.209943477331618675e-03
3.749822770906180783e-04
2.998816362182662185e-04
1.707317354588315387e-03
4.977197448689760521e-04
3.065655008104672345e-03
1.123338685630414840e-03
2.292557655962101232e-03
1.098056887301495114e-03
2.402052980585002526e-04
4.159300367420637207e-04
4.286256849683831981e-04
6.282727374922815770e-04
2.450748210721094642e-04
3.569448478280739037e-04
1.021614153713856646e-03
3.657520393298704735e-04
5.992958722190244508e-04
4.025415556676232090e-04
8.998179294400530459e-04
8.536900075967856615e-04
3.081193968992604554e-04
1.893219789753284709e-03
2.641545779827881007e-04
7.290251261077072917e-04
6.008058114408387209e-04
5.593445924718643512e-04
5.711402274392720973e-04
6.610989475132887953e-04
1.273884860860445946e-03
1.588299728547179880e-03
3.386158194596567707e-04
3.870511278067283265e-04
7.186250495193180878e-04
2.719111019435978835e-04
3.569448478280739037e-04
3.147188939540390674e-04
4.236016319858071778e-04
4.394925043007424817e-04
2.987553754188337646e-04
5.472019247376505840e-04
1.051641963057319299e-03
3.741246077181579533e-04
1.625950155811246856e-03
2.327522206348208486e-04
3.253739859534651962e-04
4.055686872857416415e-04
4.635427604559176932e-04
5.154203537124062021e-04
3.388376170590553095e-04
2.547736082343564790e-03
1.291982532118309815e-03
2.480506382903099362e-03
7.617178320970520401e-04
2.058632714663652385e-03
8.810550781714039745e-04
3.963394374252368103e-03
8.648309020546423795e-04
2.315277474297993375e-03
9.604510530653509112e-04
4.034198852500297042e-03
6.077990351916602542e-04
9.786457682070136190e-04
1.136176237996913869e-03
3.940498153167583395e-03
4.163065553065674069e-04
6.331271172897658291e-03
1.701451785454320383e-03
3.621528818091793037e-04
9.226499005449530569e-04
1.427838695744173061e-03
1.085122218036495105e-03
6.622375687894216855e-04
2.965041978018813796e-04
6.719940968790523265e-03
7.224498175664760069e-04
3.992443886315224589e-04
4.612628787829244569e-04
6.096297834175103212e-04
3.475020895113869308e-04
2.509901487616225755e-04
3.027290680264722129e-04
5.664630306218036097e-04
4.272199870532591721e-04
5.265237962524531735e-04
4.340359531150847819e-04
7.789240074793161691e-04
1.031639999834808473e-03
1.209473683059140037e-03
3.942991799188436315e-04
1.098056887301495114e-03
1.320690168705244126e-04
3.216665673987353837e-04
7.650335256703031089e-04
5.979287987350165616e-04
5.523464752423896040e-04
4.377618000691983367e-04
2.847287748656832161e-04
6.020831006244896453e-04
2.130767559516891089e-04
1.400447790296597455e-03
1.918087310792213063e-02
4.228261326297927348e-04
1.880883358559264497e-04
2.230925703304352612e-03
6.113474710585527737e-04
9.411428057673869047e-04
5.077160112096386476e-04
3.054406498010249753e-04
1.436026641139197908e-03
6.709259532210111888e-04
1.893219789753284709e-03
4.639123770270782584e-04
4.990029410603226759e-04
6.774038456933746287e-04
1.257422863598800554e-03
6.258782008701466474e-04
5.806223464911576364e-04
4.880887910189477918e-04
1.096648243599425985e-03
8.295848757674955960e-04
1.925532843896275758e-03
7.304615088946449144e-04
3.186161408311890771e-04
3.365667060227471585e-04
4.393452267826098920e-04
7.578177255544878404e-04
3.737581007913426878e-04
6.040555088164290291e-04
3.692443171320476366e-04
5.511711724730230990e-04
1.133540053206982378e-03
1.199299583368152637e-03
5.909363786021143081e-04
1.943749352188326666e-04
4.027392689281052564e-04
1.573931275746557083e-03
6.462054765840409597e-04
1.095756357477231224e-03
1.927372360160365403e-03
5.538357397939587578e-04
1.113581785113842201e-03
1.126691216688765216e-03
7.186250495193180878e-04
7.144059605247114059e-04
2.239181924800571002e-04
6.801423536922484572e-04
1.086971867715352287e-04
1.880883358559264497e-04
4.955313066814785077e-04
4.983495128594948170e-04
5.311773243505386963e-04
1.261542857076343536e-03
3.210364317670036816e-04
3.569448478280739037e-04
6.890770272307820445e-04
3.131364172399640333e-04
4.815606250339695858e-04
2.860823377529017131e-04
1.648583808340526799e-03
8.658317189784297012e-04
1.017557578327536131e-03
4.166356193961507953e-04
6.585816448736762571e-04
1.803722327544299633e-03
2.863623923808220821e-04
4.780398677419293993e-04
5.731026196590993443e-04
3.599253734912981990e-04
1.908282781861560164e-03
6.593276711825556309e-04
1.133540053206982378e-03
5.761333075687781122e-04
7.363100002459441098e-04
7.830701065966878252e-04
6.178807775897622329e-04
1.920122044346599544e-03
3.238462072553693091e-04
2.328680159787217168e-04
3.724044267800154695e-04
4.823818187122693541e-04
8.656305900075697557e-04
2.851474789202726608e-04
6.285390023144629733e-04
2.280037205655742819e-03
3.618671439211036418e-04
1.086971867715352287e-04
1.291982532118309815e-03
6.467272607326996891e-04
5.200910825414654590e-03
2.355227992230678798e-03
2.300081335464401310e-03
3.541051530554633134e-03
4.615126969159503187e-04
3.182888689140930881e-04
6.580956283706297606e-04
6.157963996150787097e-04
1.353641362286738849e-03
3.781530237742657553e-04
2.128829695607818793e-03
7.036804766469195640e-04
2.520899122719529582e-04
1.868018700087199302e-03
1.098056887301495114e-03
2.889958980681909466e-04
8.131513469276853857e-04
5.479655580385051376e-04
3.541121436385372763e-04
4.251709404785050206e-04
9.749939809579127262e-04
1.033840200950114467e-03
9.343959529231243887e-04
1.620249093457376425e-03
4.090290751989516019e-04
7.137737860357592796e-04
3.188564683239576963e-03
8.480178282093998876e-04
8.990606165264634821e-04
9.802180872485327656e-04
7.264060041757074929e-04
5.374146174370870825e-04
2.868221617750458326e-04
1.803734950008404388e-03
5.750470547381849847e-04
8.112124197435999695e-04
5.503598723798281030e-03
1.609101965199558667e-03
4.437489166879967175e-04
8.018434393481922674e-04
5.157974854147884649e-04
6.364441233187990814e-04
6.982988571129628268e-04
2.877137993938642425e-04
7.186250495193180878e-04
1.115614635779201697e-02
1.031758431493351707e-03
3.504092058432153965e-04
8.957722178886286636e-04
5.791859074854668367e-04
7.541284071807011170e-04
1.927372360160365403e-03
7.599230384553499291e-04
3.132962005601149197e-04
6.429924479505074158e-04
1.219168147447212934e-03
7.600021158400154962e-04
3.934841396939714399e-04
1.648583808340526799e-03
5.467991936945938323e-04
3.576714647677868737e-03
1.115614635779201697e-02
3.569448478280739037e-04
6.520488127914406129e-04
8.211622359287202005e-04
5.907307621921454753e-04
1.262864865195595550e-03
1.302942245939211997e-03
1.086971867715352287e-04
4.136325494560451560e-04
5.761333075687781122e-04
3.517968070850178812e-04
5.417152617803063213e-04
1.098056887301495114e-03
4.847562816632802968e-04
3.600816754675757497e-04
3.886120564972468075e-04
2.726108419793360754e-03
4.767675802156819348e-04
8.900406784196745330e-04
5.758890118951542425e-04
1.095756357477231224e-03
3.011873322040831049e-04
6.326035350210818279e-04
3.626164173154934698e-03
2.864286997708884543e-04
9.828226710789358597e-04
1.341097240262502897e-03
6.770592800629259044e-04
9.819256099269017650e-04
2.979112309346838524e-04
3.887159964202380213e-04
2.187540134591908336e-03
8.888212576132722195e-04
1.689972015590434848e-03
8.861584115232252817e-04
3.569337802433933653e-04
2.702812778057692568e-04
1.305327578013514012e-03
4.976026177005123596e-04
3.042072329327016335e-04
1.902848667676860584e-03
4.538267478688182534e-04
9.685789036513126277e-04
5.943303017417638553e-04
3.821295616204037609e-04
3.210013591711854269e-04
3.747633533168603774e-04
1.776050810042657238e-03
1.400447790296597455e-03
1.086971867715352287e-04
7.482025461052208351e-04
5.311228375214815034e-04
3.195575978833230810e-04
8.924607880706574275e-04
3.699399979234791586e-04
1.744205400971622849e-03
3.091621066902831057e-03
3.281931794532657307e-04
2.292841695946600477e-04
8.907346500205293865e-04
3.358145009862550110e-04
8.401375477502146753e-04
6.198480562093744949e-04
2.505223963247979967e-04
3.429075953406458561e-04
1.578258189408293438e-03
4.620382012545771414e-04
5.504440128358485717e-04
4.924490667967119885e-04
1.427525092299388636e-03
4.314075009954832429e-04
4.183699203815536096e-04
9.690873976360191502e-04
2.757990375899155213e-04
2.122058398217957975e-04
8.993962770790526334e-04
3.774633498914183299e-04
6.178807775897622329e-04
2.602088551732334963e-04
1.834452268136154589e-04
5.534924972686442769e-04
2.055543293220528974e-03
9.330278208314152178e-04
5.322515658347068586e-04
2.457323308037364252e-04
2.923246179154988266e-04
2.806860905645796418e-04
4.616489479741454124e-04
7.339851963608309566e-04
1.572314299793131295e-03
1.231101731641650330e-04
5.725466909332557622e-04
5.534312339578744029e-04
6.385019504048952341e-03
2.690832991326989020e-04
3.864236039018717028e-04
6.416973266653622871e-04
1.540023678368376565e-04
4.074133948991847743e-04
2.907238736562023970e-04
3.006892562255878299e-03
4.851277909381925099e-04
2.333775248387992909e-04
3.800117653009933987e-04
4.036274892056529733e-04
3.811348753315930461e-03
6.477821461817403906e-04
4.172392848855792868e-04
3.896701860449876308e-04
8.932055105837806560e-04
6.719940968790523265e-03
1.295962590684077501e-03
2.424756580512692358e-04
4.339840794191687757e-04
6.548535603164682990e-04
6.103906917988827620e-04
5.108507946203737085e-04
4.208013899604536295e-04
4.935244699750662017e-04
6.308911502940305451e-04
1.352440415395287938e-03
4.670795867426089988e-04
7.186250495193180878e-04
4.978624312945303205e-04
1.186430340888453352e-03
5.527935137382315256e-04
6.041017023038176489e-04
1.126787527303345533e-02
1.116503534495245182e-03
9.802180872485327656e-04
7.080407536573126142e-04
3.358145009862550110e-04
4.929443227123222939e-04
6.276559481684020492e-04
5.484607537417079005e-04
2.840213396659587407e-04
5.272891317861862518e-04
3.872542824506485524e-04
4.507910101229301914e-04
1.579034741197018034e-03
4.393969536562760650e-04
5.480388306830501644e-04
4.849966913757112552e-04
9.632958088893742903e-04
8.650973577783318104e-04
1.030107236586558445e-03
1.404547149594239904e-03
1.039030323175615424e-03
3.975360781314905183e-04
1.132747050453881662e-03
3.530562084552962398e-04
4.106257906148146845e-04
1.012999401921853976e-03
5.394824024548693260e-04
1.666764569785957940e-04
5.503598723798281030e-03
4.177953621507195085e-04
8.326277384034554141e-04
8.711579258078902110e-04
1.086971867715352287e-04
6.749905679761554608e-04
3.825195126590403834e-04
2.141059181475888848e-03
1.098056887301495114e-03
4.681362074781269286e-04
4.752566634657233511e-04
9.255645688953230248e-04
7.348368775970962269e-04
2.600841844272541638e-03
6.548724702615838248e-04
4.317905900350287951e-04
3.292251567782490131e-04
3.542015494330608485e-04
1.392755764474635366e-03
5.200910825414654590e-03
5.330833805514992264e-04
1.140667381282069875e-03
4.243239856288323446e-04
7.809684895417450803e-04
1.204406750723621819e-03
5.466351128641485421e-04
9.115654290790189832e-04
9.110146062127754286e-04
8.112124197435999695e-04
3.747129426466291294e-04
1.029639522788886562e-03
8.115843620933204565e-04
5.467072434256691708e-04
1.515599013300126261e-03
3.284749846127350912e-03
3.519044070696941934e-04
3.159722701156060087e-03
3.967175768312692090e-04
2.478783671959244785e-03
1.940152499960078546e-04
5.963479076509541803e-04
7.440103423539683354e-04
6.732929045185568739e-04
9.802180872485327656e-04
4.444554639191093041e-04
4.415602112537929630e-04
8.912968786001675267e-04
1.653676500544643685e-03
3.033174017616820789e-04
1.027249331272644776e-03
2.776316363058277696e-04
9.251555929135676232e-04
6.973399266525415370e-04
4.095584629232420820e-04
1.927372360160365403e-03
1.500793294409381688e-03
6.879202143626719952e-04
8.926035466244963777e-04
5.683936704682537693e-04
4.346536314934272799e-04
7.026007023920932204e-04
3.918556740511691910e-04
4.456414793793698429e-04
4.838799658653106304e-04
2.727344736366705494e-03
4.665206619722695337e-04
3.072048592026241365e-04
4.005443367797895679e-04
5.102410057974774435e-04
2.387602439818073570e-04
3.075918199446811790e-04
1.340159924131564297e-03
5.342801298564055093e-04
4.408275053747019116e-04
8.900406784196745330e-04
5.644892494189852981e-04
2.299951308502312403e-03
1.198012793058764961e-03
3.089593993837823197e-04
3.284323168608924799e-04
3.811348753315930461e-03
4.422720954167614705e-04
2.374543457309606642e-03
1.456175389585010610e-03
1.086971867715352287e-04
1.927372360160365403e-03
9.226499005449530569e-04
6.469191278829254177e-04
3.710376378793252120e-04
1.195449658167519738e-03
1.591374230837066476e-03
3.094353844765411476e-04
4.204925551886213794e-04
8.695626088108792534e-04
3.528028871326817557e-04
3.440081687495960333e-04
8.112124197435999695e-04
2.280037205655742819e-03
4.374401454678504791e-04
4.715977252654897324e-04
4.619966039453925026e-04
6.258782008701466474e-04
4.208013899604536295e-04
3.696873237332354983e-03
1.229831700028872783e-03
7.550679038423562103e-04
1.958900781589521529e-04
6.756772192027014163e-04
2.839479326072669630e-04
6.386289375868913973e-04
6.747379008431512830e-04
1.927372360160365403e-03
1.323669535618948907e-03
2.674181409519725940e-04
6.251079506628154673e-04
4.812373969580474066e-04
1.979908566603392085e-03
7.087413539487147753e-04
8.375434906395834867e-04
4.385010211220418818e-04
9.660667647629891724e-04
1.877544262120229960e-04
4.191867620817452296e-03
4.720415949350522072e-04
5.162994117155438305e-04
3.057229452272930545e-04
8.112579861727965431e-04
2.559733254157292451e-04
1.606608036387692159e-04
8.896392454504544606e-04
9.136330517544875894e-04
1.210749554367942290e-03
8.016226216957717844e-04
2.966834488221449279e-04
4.034712886971576784e-04
2.447581206150724309e-04
4.147021565073872652e-04
3.053777376154967992e-04
1.133540053206982378e-03
5.961300551540011034e-04
3.379505308681325496e-04
2.090035332175805812e-04
4.192351923394653794e-04
1.400447790296597455e-03
6.755089325465498664e-04
3.201956901960703876e-04
9.722482459978370019e-04
7.449294451204919749e-04
5.927306508084317482e-04
2.581952736744002708e-04
2.629423947926960974e-03
3.150333410958196570e-04
9.700868217495776675e-04
2.898132485202260843e-04
4.641073374757111744e-04
2.490877409329019963e-04
1.100394319899311449e-03
1.219106476819293216e-03
3.897976687747775767e-04
2.681763393598682386e-04
8.334883868996343596e-04
1.881097160336154270e-03
2.640135201615494208e-04
4.111759812974003859e-04
4.486972108230406287e-04
3.801558182821384679e-04
8.112124197435999695e-04
8.677781879392162034e-04
4.247838246032182023e-04
1.434522083893462413e-03
2.704873444371938009e-04
4.045305612001863700e-04
3.744277436136280151e-04
1.362252967544479642e-03
2.390679566796642327e-04
2.605531064115519982e-04
4.253414335259879820e-04
7.366741031204349218e-04
4.800028262973004829e-04
4.826265288504062267e-04
4.498014458801396121e-04
1.522516620887742929e-02
2.650281796690838617e-04
2.118279957702686941e-03
4.569516859946065341e-04
5.374146174370870825e-04
3.326001698586878862e-04
3.989467730559868039e-04
2.122024723263603275e-04
1.297156040206163315e-03
2.860405372190522760e-04
5.660689960404368445e-04
5.237981304072736452e-04
7.780614420152298953e-04
5.100116791564033095e-04
4.152381414659428124e-04
5.336092080712620360e-04
3.182318778142247746e-04
6.343933375260607261e-04
5.520833832093716576e-04
4.580037978872548467e-03
5.252993230856599100e-04
9.679159441799752711e-04
8.300403386164740410e-04
1.231220734735835641e-03
1.086971867715352287e-04
7.527147144571089566e-04
1.927372360160365403e-03
5.761333075687781122e-04
1.291982532118309815e-03
5.854000255909058313e-04
7.886361712594105186e-04
1.460814383614920811e-03
1.353641362286738849e-03
3.877721884315650427e-04
7.669037569067680424e-04
1.927372360160365403e-03
1.675493231353935046e-03
9.059054587810773992e-04
2.642038414924008979e-04
1.289385932769847786e-03
1.611238516602397659e-03
1.171136069254909238e-03
1.400447790296597455e-03
3.238278055432878373e-04
3.252388250503739867e-04
9.338126798632904579e-04
1.098056887301495114e-03
2.405057261811769471e-04
1.212425287472450189e-03
2.105573075521285909e-04
7.372579290166485005e-04
4.634262187851268607e-04
3.492130187352409710e-04
2.537399437902458296e-03
1.871993189957234260e-04
1.140765829150561976e-03
2.465478211594372780e-03
4.862590222573156271e-04
6.845640467092682082e-04
1.496976282596461112e-03
6.705234487635199601e-04
2.395089728085649915e-03
5.237981304072736452e-04
2.384219543905584989e-04
3.495112334061150684e-04
8.084152943812366633e-04
1.976387817913511247e-03
7.332092156398606429e-04
3.184238055644036188e-04
5.766286761533728029e-04
3.189730701674396316e-04
1.122008971872085923e-03
2.299890929268849334e-04
3.444486735603521530e-04
2.453818219647586115e-03
6.860687728433750897e-04
6.669313519383382287e-04
3.487854823496460126e-04
1.400810695869515819e-03
5.982992874248786556e-04
7.490522168634160564e-04
3.949259035714621359e-04
1.015428968180258915e-03
3.007549507443193462e-04
7.739825034084124936e-04
6.416212349076677417e-04
3.643255114160605748e-04
1.152927760273409321e-03
3.809269538755062699e-04
3.326306090661166519e-04
6.623832607063037713e-04
9.210423059781300487e-04
1.126648429193410688e-03
1.361695215151747986e-03
2.779989100830546024e-04
2.749064846742498990e-04
1.287751067581243076e-03
4.023610105806118046e-04
6.552679802903988359e-04
3.446317327855118228e-04
1.353641362286738849e-03
3.694545530579189776e-04
4.681985148111035425e-04
1.297384525426577197e-03
5.301193973039319525e-04
5.200910825414654590e-03
7.042134020813148321e-04
6.785775941269429337e-04
1.237242335346358914e-03
2.463304174506776578e-03
1.097779066985738903e-03
2.738089415157276369e-04
3.732118832090016770e-04
2.724211213366546582e-04
8.594468185223876023e-04
9.638441629895681817e-04
3.578267056260569872e-04
4.313295122390345447e-04
4.789405023323539006e-04
3.552304161185475500e-04
3.593051533469667738e-04
4.556502095927315063e-04
6.219122223013272667e-04
8.541769680962703597e-04
6.415836910526735671e-04
6.660755339332335859e-04
7.365701848213874461e-04
6.180072841973166748e-04
4.935713362648462034e-04
4.689817636661699476e-04
4.875679295317423786e-04
4.658927563186657131e-04
1.286207518381900922e-03
3.010589418562204466e-04
7.641658471705776393e-04
5.312993566250274113e-04
6.041829884349669963e-04
5.427106980587690591e-04
5.284326492317178775e-04
4.279409954683192387e-04
8.672456337700261463e-04
5.428933525500166538e-04
3.042072329327016335e-04
9.756440040276692692e-04
6.174948936272495713e-04
7.607739135851086755e-04
1.169638181350989752e-03
3.444585614080100471e-04
3.381257593751936324e-04
7.567638152255025874e-04
2.227631628749783890e-03
9.322725587524283803e-04
3.542015494330608485e-04
1.291982532118309815e-03
2.043527350193851191e-03
3.756840418810635483e-04
6.439878915220609810e-04
4.344016186571207075e-04
1.008655403902035961e-03
5.128104575765719472e-04
1.483340527781623185e-03
7.471031618329072562e-04
1.920122044346599544e-03
1.400447790296597455e-03
4.111783324122623203e-04
9.936038035671694232e-04
1.067022384393519121e-03
5.743015506558190545e-04
1.419258845112965784e-03
2.684245374866231514e-04
2.917878488152761537e-04
5.659566499390452374e-04
2.923803072537750646e-04
4.438178932314000287e-04
1.960826543263104573e-04
1.927372360160365403e-03
4.572825573260504151e-03
7.391567130862573311e-03
3.086824513623310389e-04
3.859955609710784448e-03
3.772499217881925622e-04
1.015428968180258915e-03
2.187540134591908336e-03
7.197845513453705142e-04
5.846073917866927237e-04
1.405558079430060513e-03
2.523118075230831956e-03
4.005443367797895679e-04
4.820559932771218531e-04
7.312569458428656247e-04
2.817532025286689497e-04
3.099576141221525947e-03
1.741688360419400838e-02
4.218307901562890773e-04
4.732076092141964080e-04
2.592348220863274029e-04
2.299951308502312403e-03
9.851043633123902563e-04
1.985894205335794142e-04
1.021846403676233798e-03
3.150333410958196570e-04
5.232895626245034340e-04
3.871747617329555241e-04
3.207181803367222276e-04
2.114169092084090731e-03
9.154281276056823458e-04
8.454164157939071016e-04
8.546701482233386334e-04
8.569772829052905343e-04
5.874610494353742565e-04
5.327615926364181066e-04
2.336563041552263960e-04
8.391632032852304208e-04
3.442125038203959399e-03
1.665795391461169983e-03
6.005606731454100553e-04
5.252618690523073964e-04
3.559963218400913321e-04
2.713231831368581592e-03
1.470899524040470861e-03
2.244515201755382461e-04
3.101650560707117630e-04
6.001711224819043225e-04
3.830898810461552261e-04
5.061106320094731215e-04
1.087776239596664057e-03
8.868827293299410284e-04
9.146062522415372188e-04
2.342684158930038226e-03
4.130081830063713150e-04
5.114070521607734943e-04
2.395089728085649915e-03
4.113629469766102694e-04
6.692893618757584122e-04
1.579034741197018034e-03
3.218377136923069692e-04
7.220038049601192097e-04
5.613024703777311913e-04
3.833873122604054199e-04
5.745173697871039072e-04
1.263208405573680582e-03
5.411941596558001322e-04
6.088981845165610711e-04
1.353641362286738849e-03
2.464331615844120651e-03
3.338406932490706322e-04
5.511711724730230990e-04
8.699961759153214229e-04
5.098846233518879558e-04
2.400671144962507276e-04
3.872032899151123427e-04
4.635427604559176932e-04
2.907238736562023970e-04
4.721607253672285278e-04
9.308289706487968794e-04
7.161765907955673161e-04
4.073260107061472414e-04
2.081724133725948792e-03
4.132173392927879956e-04
5.601060210547744540e-04
6.009810941920338363e-04
5.365825944879977494e-04
7.857135945020435721e-04
3.810889208582372324e-04
1.086971867715352287e-04
5.395484013357518954e-04
3.576714647677868737e-03
1.872957586905760229e-04
6.010071167888394236e-04
8.028297506766097612e-04
