1.540584254673386120e-03
1.068455397281783698e-03
8.771702349350643827e-04
7.647252036728578294e-04
1.618359079773657935e-03
6.301812681775010964e-04
5.007647245548423444e-04
1.488564464895074857e-03
4.520843222288309154e-04
3.511719588391663252e-04
1.017247552600427426e-03
6.505857809573707858e-04
7.103200516267132829e-04
1.949402113695328578e-03
3.600121984469884374e-04
1.607902432845127608e-03
4.254113627632543824e-04
5.805546008157904010e-04
3.760411705220177573e-04
3.783460583190622522e-04
7.366295012951879070e-04
8.279042177540075001e-04
4.855414750048735748e-04
5.476654432897831585e-04
4.203248663491081986e-04
3.437204055357733715e-03
5.281750966961800114e-04
5.997278355980935251e-04
2.247935481941065131e-03
3.594539204881902570e-03
7.796742745744216331e-04
4.096682644266426052e-04
3.542439235381516236e-04
4.043989214824109243e-04
6.416495744082902422e-04
5.751260437863481593e-04
3.978415595815601945e-04
3.594285371079477057e-04
6.035352223544561238e-04
2.585763571056330732e-03
6.370028723814218866e-04
6.535075673311375836e-04
3.453227640620410246e-04
5.038499930884586964e-04
7.542515914218859106e-04
2.173973099674997907e-03
1.160754154268320943e-03
9.304428656000934134e-04
3.583299390830832183e-04
3.428539033093009540e-04
3.679094570597577483e-04
5.255462291070321732e-04
1.126376243131213409e-03
8.735774321373476628e-04
8.817734670728367627e-04
7.008371412520562199e-04
1.275697570202535261e-03
1.664551989057275541e-03
9.564732126250923396e-04
1.100187363275470769e-03
1.370138122943313427e-03
8.877119768422982518e-04
7.303867294995564346e-04
6.967554110001621462e-04
6.828504095320776660e-04
2.230958103435286711e-03
6.231824723243900056e-04
5.550720573708220560e-04
1.470793934089993475e-03
6.294030320234009169e-04
4.535978755563157367e-04
6.330420307017718554e-04
1.585735300936857691e-03
4.030576729288848294e-04
1.297641883072233812e-03
4.667524810333124321e-04
8.048186798143005605e-04
3.609575867942036343e-04
2.347830120042592589e-03
9.964965027362633534e-04
6.410653173282628578e-04
3.295272372955808946e-04
6.753947061954819258e-04
7.530789358146692614e-04
1.126514115167375103e-03
6.540901394489234038e-04
6.251142292080288237e-04
9.544717965696191070e-04
1.162149321005533477e-03
5.799092801075361042e-04
1.344373569357967943e-03
3.347386719694741566e-04
9.903432513317319847e-04
1.008525870536939326e-03
5.345677573089307414e-04
2.985301177650334864e-04
7.777776966148892577e-04
1.477786452730673293e-03
6.135959888102354969e-04
7.822988890201513969e-04
4.365672769810925854e-04
5.666229150599588196e-04
9.574250040532717452e-04
4.928984211038755885e-04
1.609634813086171373e-02
4.765585003562283197e-04
8.247377285371539730e-04
1.110647419678824225e-03
1.211552749274828885e-03
1.206979429276639360e-03
5.278033063971727988e-04
6.284287249118404020e-04
3.959149213859197952e-04
2.040179425782141353e-03
1.274789918661019131e-03
1.891335819861857072e-03
3.724555167789385954e-04
1.617621673754673873e-03
8.568330673340322171e-04
2.030829719283057649e-03
6.251106923948817826e-04
1.763787679302176743e-03
6.468429407540799000e-04
5.377815343960476837e-04
7.157467520868883871e-04
8.062721469437792148e-04
9.135024536504301107e-04
4.654212826613635958e-04
7.797215622801520560e-04
4.212383043889311013e-04
1.065998828429148490e-03
6.680420753450646990e-04
1.923922833662118506e-03
2.941003422027847649e-04
4.683517726811535866e-04
4.290851223528326748e-04
7.530789358146692614e-04
7.754834273216094009e-04
7.122930017705333917e-04
4.871161648944411491e-04
8.297193012236753727e-04
4.715068945634463306e-04
7.303294523539878656e-04
8.773751983177563224e-04
8.048186798143005605e-04
3.975454725426884263e-04
6.160073917526308904e-04
4.260283525590290708e-04
3.529330515595946916e-04
8.186877189022640161e-04
1.820306765212646553e-03
5.337871903452160198e-04
3.095217683389291704e-03
5.499406324957849777e-04
9.252764690703931460e-04
5.081814807907128169e-04
2.949390341250822389e-04
6.937949237420974269e-04
6.971275900138762657e-04
9.436927313914141111e-04
6.624908054804549669e-04
3.141618060339954380e-04
2.159066043834169651e-03
5.899723742038240912e-04
7.142329451774808531e-04
6.251346341449157866e-04
4.547474239199636795e-03
6.290837330414160954e-04
5.731548699229291376e-04
1.031490221294576988e-03
1.383014812123087864e-03
7.098891318911974054e-04
9.806373188685144071e-04
4.975616434794987320e-04
6.818322468014940095e-04
5.860748545048017830e-04
4.400085270602544689e-04
4.565435749594191689e-04
7.045413173835878787e-04
6.966553322151936315e-04
1.224141230334429035e-03
3.827240850338679986e-04
1.409675293812970688e-03
8.108836531817403392e-04
5.579201847775452049e-04
3.013940611059565252e-04
1.017393047159816533e-03
6.312123820390204551e-04
3.783542306074421757e-04
1.610723336232691314e-03
3.018256297180354521e-04
3.961103179356992255e-04
8.446560293521138477e-03
2.976467061224306009e-03
1.643404323014761425e-03
6.212494714578775537e-04
1.974279381723270839e-03
5.218001511221541768e-04
1.109626367171287356e-03
1.708924975349832487e-03
3.325824457754396140e-04
4.816111800250457136e-04
4.389739750183346790e-04
1.353816405449913968e-03
2.527101310522217661e-03
9.208176811932539205e-04
5.350891902385176329e-04
6.521380681979509989e-04
4.709556287879228861e-04
6.153839862038684065e-04
6.799402864457639983e-04
7.525107596153245973e-04
4.498201285951693705e-04
3.966643974806548581e-04
2.601558858970590745e-03
7.739020828562361183e-04
7.733625700192073857e-04
4.873646307485168978e-04
4.777168103870387157e-04
6.801129698137061991e-04
3.956221046754922199e-04
6.408424071634155877e-04
1.225969126859603265e-03
8.677867205082620506e-04
7.036178110481961824e-04
2.276410126568425044e-04
9.708127458846209281e-04
1.166661313990283036e-03
3.019766747964356584e-04
8.617420795794434891e-04
3.555656328896286862e-04
3.540590029004143848e-04
1.260159175072653485e-03
2.664722769723332175e-04
3.204679223748373228e-04
4.436088919320246697e-04
5.450494398352372745e-04
4.588549714966386910e-04
4.029270860723624804e-04
6.017894195144458946e-04
6.109143464967384729e-04
1.167705305924021794e-03
3.153617493512972185e-04
5.174691563058657134e-04
1.254421548370679516e-03
6.110433247962123024e-04
7.112180435840758080e-04
2.519533658256448930e-03
7.168112826210195016e-04
1.077917433286166345e-03
6.869310350079952006e-04
4.627450777304698763e-04
9.627237186714552100e-04
8.446560293521138477e-03
3.799109162436153345e-04
5.926304491546772329e-04
7.083580776337577902e-04
7.367405074602921544e-04
9.374189691086975626e-04
1.010580743689630133e-03
5.622806130537777360e-04
9.987096413585807957e-04
6.154902968766826380e-04
6.443547359388468411e-04
2.268335643645734596e-03
7.110457578623809172e-04
7.867166273098549073e-04
5.666032214182128079e-04
2.465365891370759066e-03
1.247844852517048615e-03
8.069812049771418316e-04
5.450005021820540987e-04
1.393180237795157636e-03
4.321961392376548060e-04
3.583748372367360569e-04
1.446931088623919443e-03
3.258699706815429637e-04
7.342260921522935409e-04
2.639650385249633414e-04
2.627788516305845992e-04
5.233862574795693830e-04
1.003979377188511440e-03
8.761204877530655646e-04
8.924292257616475797e-04
1.496852155821778996e-03
1.670780068165940305e-03
2.285779324094074430e-03
4.616740292839883455e-04
2.476215284911157093e-03
7.038234553685088647e-04
1.029504295652120720e-03
5.748465343384303325e-04
6.554221362595263542e-04
1.204454749492325826e-03
3.117949394855053452e-04
1.909674589038061693e-03
4.572524472903318621e-03
5.433929150771118132e-04
8.365690895968584759e-04
1.420803976137326348e-03
1.334490616772395768e-03
2.712379450747254739e-04
6.031312120474620776e-04
1.026182447857029939e-03
7.780516333001336700e-04
2.199238967018437609e-03
5.153316211345265740e-04
5.116769715816218110e-03
1.064148840926386688e-03
3.589459403471089360e-04
3.373724250407812253e-04
4.296046697023073245e-04
2.031804663900561164e-03
5.666229150599588196e-04
8.981068729150132454e-04
8.949176598913728383e-04
5.024184372603632525e-04
1.176170126698253922e-03
6.633513379871132983e-04
8.480484411534341049e-04
8.525309767608650049e-04
1.162676125768332021e-03
1.376447032760808866e-03
1.525428780057313995e-03
3.013940611059565252e-04
4.623392635186832533e-04
1.000143278801456526e-03
8.945574152504747736e-04
3.089197666000763343e-04
9.765544081348740161e-04
5.512401378390706028e-04
7.144531047646914814e-04
2.120044656159393169e-04
2.493146412969364446e-04
9.540397781682028941e-04
9.341059806409335439e-04
7.248198091740484317e-04
3.633533760619583365e-04
1.423782773975750199e-03
6.831271005854505120e-04
6.329162659406678722e-03
1.667295198515106975e-03
7.297773821445845610e-04
2.775763818982499758e-04
2.446750362901434304e-03
5.465981620330344782e-04
2.859428025957634276e-03
6.959617331285587695e-04
1.797297021758764062e-03
9.796506759187151910e-04
1.330158170681667706e-03
5.322085866580793939e-03
7.098618207575744252e-04
1.008525870536939326e-03
7.533071100713027018e-04
5.094584517320164445e-04
2.484233761787470098e-03
1.337228593408915089e-03
7.547881102294301276e-04
3.973430631502948692e-04
9.487459335303420832e-04
2.990686202220545317e-04
7.473944530897146934e-04
6.597819644013700868e-04
9.764879191438768447e-04
9.172804959890340504e-04
4.761123308979406106e-04
3.930476001671005261e-04
9.584286174303166105e-04
5.069876950697808958e-04
4.960682944470142831e-03
8.161470586090495026e-04
1.161876386403495193e-03
4.258273434490810654e-04
1.519471754532514480e-03
4.623392635186832533e-04
6.656634831743597205e-04
1.260693937606512409e-03
4.172373432843477694e-04
7.970844264623256183e-04
2.294183119413260950e-03
4.766767291395003926e-04
4.075620733138150733e-04
8.938577341993042893e-04
1.956435775229970787e-03
4.229135394966963076e-04
1.569100838651143462e-03
5.648224548250567207e-04
7.613869919878362390e-04
3.663805645365477977e-04
1.256430322680815231e-03
1.628805557486588240e-03
9.309114492003150521e-04
8.090729459865683574e-04
1.920695351845713847e-03
1.061165547663641198e-03
5.805546008157904010e-04
3.675190213412498556e-04
4.839058757816420541e-04
5.153530053774635269e-04
2.208553375705666049e-03
2.159066043834169651e-03
5.957722493858030790e-04
2.284928242104398467e-03
1.222662828460129502e-03
5.347642177362362317e-04
7.341621877131297713e-04
3.519547615437978289e-04
4.841840769818429088e-04
6.268309656775881197e-04
1.618316091551648059e-03
3.943316078292771342e-04
6.384035644704112288e-04
6.595693110993666860e-04
6.297399772979514780e-04
4.124623612836839548e-04
6.435842172710421914e-04
3.417561780821965303e-04
1.327663956792535585e-03
1.781421449894615098e-03
5.896168912430534799e-04
5.090953196634157366e-04
4.989709941559908758e-04
6.712717860300483185e-04
4.851790809014692508e-04
1.136285670714794150e-03
3.722619652526426050e-04
4.618463556099560016e-04
6.362346385115470824e-04
4.924399980433145571e-04
6.571625243974392981e-04
1.162676125768332021e-03
1.146619316842152105e-03
3.489752465867138422e-04
5.437028394923310850e-04
3.501821116260424045e-03
3.888311274617628423e-04
1.545425753626426899e-03
5.210809008347757438e-04
8.887322878697431674e-04
4.533573960982745579e-04
4.295567968390053611e-04
6.928230050423164624e-04
2.262174882789580194e-03
8.088929792202246205e-04
1.633015280542596996e-03
2.464241466533677403e-03
4.791669875777125869e-04
9.163466239492449846e-04
3.929288852893559453e-04
5.571101687343613194e-04
5.951601521768292574e-04
8.949176598913728383e-04
7.459387146152466697e-04
4.776397934488547134e-04
2.650141049300624736e-03
4.096544347758625422e-03
1.056752269632223228e-03
5.017080403399666252e-04
9.725370369029675416e-04
8.036061483229589531e-04
7.375725232842219757e-04
6.903277393338041589e-04
6.715868733721699988e-04
1.200621690004317812e-03
4.551064742991138079e-04
6.869460596628022787e-04
4.172373432843477694e-04
5.475780679595331369e-04
6.021974051086505719e-04
1.222200155399778007e-03
8.950054591659917279e-04
4.608318742112536598e-04
7.825947183002641668e-04
1.001116014638489234e-03
1.267596350986488745e-03
7.220760878129624033e-04
6.804028403145067619e-04
1.697441740944500036e-03
4.912155322804031632e-04
2.046127657086000209e-03
6.035386994330188071e-04
7.084404281960905237e-04
5.075586720984823046e-03
9.070834487156212347e-04
6.845631108017245781e-04
4.172373432843477694e-04
9.455478860724888515e-04
5.773761971140197640e-04
3.282718665330676844e-03
1.636116307040776444e-03
6.133463529720284153e-04
6.772712730890536638e-04
8.129821610560843386e-04
6.899800012439773374e-04
5.147105156477778777e-04
1.367222060014887343e-03
1.091058635113531430e-03
7.306265065220185094e-04
3.975767564196240568e-04
1.153642948779804367e-03
7.316850808097110671e-04
4.541740150184745339e-04
3.104666600353933950e-03
5.064675672485088268e-04
5.868178055816800336e-04
8.365690895968584759e-04
4.460178917456350122e-04
2.519533658256448930e-03
9.968589994614632330e-04
1.362107853753096853e-03
2.494667342204125605e-03
7.167131514488807873e-04
1.314045564773361988e-03
1.387885231599264883e-03
9.632959200942248484e-04
3.667794512695785286e-04
2.559929602520855541e-04
5.786137442103594193e-04
4.839687419601517229e-03
1.387939290310616185e-03
6.463470517549917008e-04
4.628276053958843214e-04
5.208702262699134965e-04
1.013497541895586268e-03
1.207512045359294874e-03
3.594122460837699106e-03
4.919169174716764422e-04
5.510168367263999561e-04
6.746149097581781093e-04
7.267552561409081156e-04
1.236623318088161342e-03
2.675192590531396417e-04
3.319745671661739062e-04
1.601492676976945789e-03
2.862288510889121531e-04
8.671041928711201684e-04
5.258775653322074863e-04
1.976301762336889548e-03
1.730209069487011328e-03
8.843129090863137681e-04
3.813542971084757697e-04
2.802585008380385594e-03
8.971890262962277330e-04
7.464635819693184919e-04
7.291961538196512329e-04
1.392611826501012357e-03
4.388196125647049212e-04
7.050212443835279655e-04
2.172634173672911828e-04
5.779818862018533095e-04
1.288040809396588009e-03
5.439704803507893751e-04
7.417312637360366214e-04
2.520756668490679343e-03
6.558782439459763048e-04
6.968631313367882295e-03
3.404815028931794732e-04
1.902570620660215843e-04
5.465981620330344782e-04
8.123095082953030828e-04
3.468692846811155701e-04
5.842009638433153787e-04
1.612874906737464444e-03
1.480127663749758850e-03
4.212516031230087660e-04
1.466268838597768872e-03
5.483005468222273016e-04
3.077305195806842759e-03
8.316182979328365019e-04
3.933368866002243786e-04
5.627654876938015856e-04
1.585735300936857691e-03
8.698359106788852843e-04
2.241542138721922418e-03
1.305647272365494365e-03
9.172804959890340504e-04
1.168807037565898098e-03
4.828663899423852744e-04
5.578392068013957473e-04
2.050796974752498898e-03
3.830368897179255920e-04
2.252693517939177281e-04
9.436950829768420146e-04
4.802431752033549058e-04
7.056377712415871483e-04
5.660604152496763984e-04
5.646241216607466966e-04
7.811427790155095127e-04
4.474929200455476865e-04
1.233817502657796362e-03
3.827240850338679986e-04
6.260358558894461682e-04
1.193625327362172550e-03
8.169026631407776346e-04
7.929301054439137587e-04
8.290381144846092247e-04
8.327224370832497346e-04
7.596387785408201167e-04
4.847851104815293082e-04
6.148039199762778042e-04
4.540393698484853280e-04
8.048186798143005605e-04
8.460539435529158521e-04
2.891076416798531688e-03
1.717397161753709883e-03
4.821663645387777087e-04
6.413225280970669953e-04
3.408520915724007534e-04
4.740227017026508961e-04
5.015714200124828277e-04
8.827822003015879573e-04
3.648440529410241964e-03
9.117011581839857713e-04
4.779314509017282969e-04
7.981390994974156333e-04
3.975454725426884263e-04
5.932541047325266695e-04
1.527662017680708620e-03
8.064872170793010867e-04
4.504222121153816471e-04
3.454216670426675192e-04
1.671992042799821596e-03
7.732980673890353868e-04
4.430164336072175296e-04
4.740123336283319391e-04
8.877540064772779542e-04
5.407996002716820893e-04
8.060853669293694887e-04
6.356762496146489954e-04
5.278033063971727988e-04
1.727640470823572092e-03
3.745897713918128267e-04
8.408430153699609187e-04
8.272970070934525114e-04
5.297674447162215288e-04
5.621967254465068441e-04
2.886073679621129514e-04
7.005010699463187773e-04
7.662087871022744100e-04
7.120206633059872336e-04
3.489752465867138422e-04
5.248427356051069657e-04
5.500503140710696686e-04
7.791083572697341236e-04
7.261299871543047506e-04
6.856512103730002822e-04
6.989336078847604300e-04
5.356716356330280251e-04
4.429548539079066383e-04
1.384648735897471040e-03
7.321788881277883215e-04
7.685055675753785709e-04
1.298743350378317278e-03
1.879790808974706774e-03
2.866225296696030397e-04
5.141055389871277683e-04
1.232009527126710826e-03
4.070632086145963978e-04
5.044345084822586880e-04
8.163188933548512624e-04
1.222200155399778007e-03
3.735324397582966052e-03
3.784926131997004561e-04
7.409827834857946353e-04
2.297443321855161587e-03
6.373781106555218229e-04
6.629967339883973028e-04
6.132279278514349416e-04
1.406828144082633786e-03
7.003532656864296926e-04
9.220607566607834458e-04
5.084624473157069342e-03
8.167615510982303593e-04
4.293143698749697125e-04
8.744782520355025334e-04
7.557744692850934965e-04
3.589459403471089360e-04
5.235927887303973164e-04
1.114737302606735436e-03
3.353988949315257393e-04
7.396176560840369554e-04
7.531731823007420954e-04
1.296197102260055693e-03
4.389739750183346790e-04
1.147437049520066499e-03
1.648178149394139130e-03
2.526727984505403295e-03
4.417425461040121767e-04
5.958835193630221665e-04
8.257259893440582017e-04
1.239959722959314489e-03
5.989709790334036025e-04
5.303348076542299889e-04
5.545833004795137607e-04
6.622846839505594540e-04
2.487046079138390420e-03
1.309356291096563972e-03
6.818322468014940095e-04
5.467527063346958776e-04
2.801130819518231688e-03
1.187261497664670760e-03
1.201116579123757532e-03
2.707999582027981363e-03
5.684530849115045992e-04
2.654479912100644965e-03
6.423178964178144316e-04
1.352137565659556956e-03
4.012035254338266435e-04
8.525254522433790578e-04
1.703245284051510544e-03
5.153316211345265740e-04
8.148015631743697491e-04
8.428103794335063594e-04
4.284320755770147735e-04
5.932541047325266695e-04
2.614188943992019681e-04
8.621861748448118347e-04
1.316828842944508604e-03
1.253924909235336555e-03
5.563691182009690038e-04
6.935025578205129002e-04
3.693925005479386722e-04
6.924295280561824873e-04
8.870598911729709679e-04
6.825314788934913786e-04
4.029686086324448121e-04
2.586128791080277169e-04
3.062228888763804694e-04
2.556947105583241755e-03
9.762204934958854064e-04
7.392789860092829077e-04
1.573160127183326684e-03
5.078704898547341424e-04
8.525600053532403485e-04
3.592042850173639973e-04
1.729610886871257337e-03
1.211552749274828885e-03
4.990085669553492084e-04
5.488014803030674118e-04
5.772809518713973524e-04
6.596665459165921468e-04
5.056324796688005559e-03
5.137055082059219409e-04
1.384984473833500342e-03
1.120511310615586887e-03
9.172613059342241875e-04
4.847543226136213652e-04
6.230772597430721954e-04
8.599732604964966482e-04
3.987446872788892658e-04
2.364076807821740168e-04
3.479192167859832679e-03
7.781172765868444013e-04
1.495826702285978733e-03
7.070020267706155414e-04
6.587858735143942287e-04
7.610239365561758144e-04
1.370651263988028126e-03
5.363481972037504762e-04
4.723495213584878488e-04
2.604429016203917667e-03
1.774135265295274065e-03
1.055206531250562577e-03
5.441224576282329079e-04
5.152126321055076116e-04
9.107552615818145488e-04
3.969517169440489081e-03
1.006176599255617036e-03
3.713930758878048561e-04
9.893036985374732781e-04
6.532543054376073119e-04
6.886902055914088548e-04
6.149958001932114048e-04
8.088929792202246205e-04
4.749141136916913155e-04
5.311687216276716203e-04
1.684206800053754524e-03
3.674325040746613535e-04
6.837962522214020454e-04
4.620648742083903970e-04
1.116171107549508365e-03
1.112067622083775988e-03
6.340023458347468456e-04
4.683201318317073772e-04
4.147305887573301424e-04
4.662852676088459838e-04
1.527055447730917915e-03
1.406496068111309262e-03
3.943768481746944693e-03
5.563691182009690038e-04
9.979815717220121788e-04
5.082582159742247627e-04
1.909674589038061693e-03
7.181708604614407774e-04
6.229864405245706671e-04
4.870084115067668503e-04
8.237258632985436325e-04
6.377436931987149780e-04
1.259314784088418418e-03
1.240562254378248025e-03
5.501654342235609996e-04
6.093674159538364603e-04
1.554760143212937686e-03
1.422082957089453991e-03
1.094650734542558252e-03
8.965088210983389143e-04
3.318554407913271989e-04
1.525632752470411791e-03
4.763103837738524035e-04
1.414036670326586798e-03
8.485821186871661754e-04
9.991132068576202667e-04
1.667295198515106975e-03
6.851380817172476184e-04
1.017433065300961566e-03
4.378934028061651760e-04
4.937479609344239389e-04
5.928820925937552336e-04
1.015905381706391861e-03
9.055055927441612879e-04
8.560389075184524684e-04
4.510027729125762157e-03
4.160552385760329258e-04
1.944240348895222466e-03
4.462695759820355644e-04
8.186009179299640840e-04
1.502166568934561446e-03
9.365270805304070365e-04
5.986809447378518400e-04
7.406196448629099021e-04
4.219770699769042374e-04
8.129821610560843386e-04
4.125421938811499670e-04
5.365110258723704761e-04
5.086231467774026630e-04
1.115129383466557413e-03
7.536242548919234790e-04
6.551752461919610514e-04
3.909065276098194416e-04
8.079761378591141701e-04
9.039886858713831177e-04
9.102801204795647663e-04
7.341621877131297713e-04
4.995408828706371981e-04
7.924498077022282087e-04
6.778549409584979464e-04
9.160803485463986633e-04
7.480189335690312505e-04
5.958835193630221665e-04
6.964687831697865096e-04
5.247412947823595561e-04
3.405623578300885136e-04
8.888739403400880076e-04
6.056127131795716609e-04
2.769552032312183197e-04
3.179252203065270252e-04
4.631148602926752440e-04
1.382278632324318145e-03
4.782392083986158958e-04
3.395240866115681886e-04
2.001895454037405826e-03
6.880158721365937837e-04
4.747689318247442971e-04
5.235274561646676480e-04
5.680458855143960626e-04
8.090012401050910304e-04
3.458937721987513430e-04
5.401866764404934709e-04
6.135959888102354969e-04
6.333460418865501269e-04
8.338586742187099800e-04
2.271031621042419926e-03
6.968631313367882295e-03
2.221709788185399857e-03
3.300182567335651360e-04
1.679210482686978702e-03
6.701320569734151760e-04
6.948554889317500949e-04
4.694293608584413214e-04
5.418499067756907305e-04
2.517722109338628119e-04
4.837010079929261546e-04
2.330229213883746285e-03
2.562465252848504169e-03
3.131882181223683633e-04
8.532526350592027978e-04
3.528119075510508245e-04
9.825498691276035330e-04
7.007256984517084945e-04
1.031915985519367938e-03
1.345963256973026342e-03
4.924522241991555454e-04
4.298987768547267159e-04
9.669113053791980432e-04
6.876210249139039698e-04
1.284489174653993294e-03
9.208176811932539205e-04
6.485457937469750944e-04
4.552952499076488662e-04
3.608729705803256200e-04
9.812068391143353996e-04
5.741438868518546979e-04
6.912297287466006267e-04
3.904052997813998397e-03
4.484780295309463575e-04
7.186068514936691911e-04
4.885926096160999373e-04
3.655136963146907300e-04
7.047321381875597170e-04
5.091162423292204878e-04
8.385377194325576745e-04
1.482485149271935707e-03
1.162676125768332021e-03
6.886902055914088548e-04
1.226797449249365964e-03
1.579610167055719256e-03
5.230952377561422532e-04
5.481569748327206780e-04
5.348794483217662529e-04
9.238884146709058906e-04
1.200621690004317812e-03
1.166286601259177748e-03
9.240789856640795963e-04
5.018303989703268124e-04
9.440415494815116793e-04
8.735632482883014293e-04
4.967646834241222151e-04
5.200502356756376253e-04
6.536775041937724221e-04
7.534924289919945175e-04
1.153642948779804367e-03
7.316850808097110671e-04
1.029565452697969253e-03
9.661850541651372665e-04
9.481081794863424790e-04
1.091531906405462590e-03
1.458337860990579701e-03
4.507406914037582861e-04
4.615456430851533798e-04
5.169267484888750638e-04
4.389739750183346790e-04
1.701143023342293389e-03
3.156523459778974496e-03
5.321419399787663453e-04
9.270389292610274308e-04
6.051485288112761407e-04
4.003486284555663106e-04
1.466412816995507759e-03
1.001803461752067467e-03
7.291461001986664905e-04
6.993500215078802791e-04
5.833038619612231773e-04
2.172593008896928340e-03
1.172729682996966668e-03
9.916747868296419202e-04
1.576245348305032809e-03
4.530303375038247917e-04
2.684932956634864757e-03
4.120982713632394528e-04
1.116171107549508365e-03
1.876674159607380965e-03
1.162676125768332021e-03
8.861992868758746759e-04
4.961585001677616073e-04
1.314424199653293698e-03
3.479192167859832679e-03
8.929973403749566019e-04
2.386862565194781179e-03
4.607695458956227925e-04
1.305504241766810430e-03
7.580030080403230052e-04
7.261299871543047506e-04
4.979979176984627087e-04
3.456286924982535699e-04
5.151284523299089939e-04
3.406259517868115818e-04
1.020923783256123991e-03
1.157410189702538610e-03
4.233511770216929104e-04
4.986780233105101096e-04
5.538532545561417747e-04
3.588366539892169659e-04
4.015093685808325888e-03
5.322287037314567216e-04
7.623569575613935168e-04
1.254421548370679516e-03
5.408451464369246281e-04
8.301915493580053554e-04
6.640824204171264346e-04
6.752609919344937546e-04
6.482223815325557133e-04
7.395174565048159105e-04
1.045541615777310094e-03
8.542835550162598997e-04
4.484780295309463575e-04
1.603220766487718600e-03
7.785792837137936158e-04
1.314262356978631620e-03
1.183524533789429359e-03
