7.124530787053907261e+03
1.004962848612432208e+04
9.679570162556577998e+03
7.581484859137441163e+03
5.785255467072664032e+03
8.313907469626446982e+03
8.124541374778455065e+03
7.075408812220261098e+03
9.275017268536530537e+03
7.012589061788902654e+03
1.012942915440356774e+04
8.652818991372387245e+03
4.828955754465637256e+03
6.939432154742531566e+03
6.914796570377026910e+03
9.973129015975824586e+03
6.643121150606264564e+03
1.028512600610081245e+04
9.694503833331345959e+03
7.231493499061649345e+03
7.020113843431867281e+03
7.013208346013232585e+03
8.634204270986385382e+03
6.625268116393366654e+03
7.688277924365871513e+03
7.400582996376650044e+03
1.035267674738938695e+04
6.180417928164752084e+03
7.070175044969933879e+03
9.236781584651947924e+03
9.196512795428683603e+03
9.934692374008916886e+03
9.788792101140239538e+03
9.091751165263771327e+03
8.259095335123480254e+03
7.020605979048659719e+03
8.144084300495051139e+03
1.020521848136194239e+04
9.230153441093563742e+03
7.849664767352813215e+03
7.144092269785120152e+03
9.714804120374272316e+03
8.106620964455665671e+03
7.448077450910110201e+03
1.047403714840008251e+04
1.007879784717237635e+04
5.846376440620437279e+03
1.003206495066142634e+04
9.647329126876349619e+03
8.982523875914421296e+03
7.846825457534067027e+03
9.850635596262483887e+03
1.013640851976968952e+04
6.002160048363324677e+03
7.639785646859380904e+03
8.038300356158584691e+03
7.436896793115707624e+03
7.247871907526807263e+03
1.033843210902135797e+04
6.473274683795230885e+03
9.936096596899471479e+03
9.230681321657786611e+03
9.157172825421681409e+03
7.103089926481290604e+03
9.877525612633429773e+03
7.746754460027000277e+03
9.850089273124980537e+03
8.660675366786304949e+03
9.642089059804011413e+03
1.012927029099756692e+04
8.689634524152763333e+03
8.746383727099218959e+03
7.217136585326556087e+03
8.414151324607430070e+03
9.204239757841271057e+03
6.567131799041146223e+03
1.008649282320691236e+04
9.753253836258023512e+03
9.319984678097162032e+03
9.254727181618023678e+03
3.448876928518077875e+03
9.146619212873774813e+03
9.939614995064463074e+03
8.387705459246239116e+03
7.629555770939969079e+03
7.359716936509030347e+03
9.130561343915496764e+03
7.831613876323224758e+03
4.168418741590501668e+03
8.259152732810573070e+03
6.939350104778015520e+03
1.028926902300896472e+04
9.488927058477180253e+03
1.033814495853792687e+04
4.140417438563001269e+03
9.959563004515128341e+03
8.318376624915232242e+03
9.205388090030777676e+03
7.120575857050729610e+03
5.546001876669282865e+03
7.913959710001176063e+03
8.369432256780730313e+03
7.145176704746138057e+03
9.146416540525726305e+03
6.273388650731656526e+03
6.939152580582167502e+03
7.979530530268134498e+03
1.022432114075552454e+04
7.904745623923559833e+03
1.015614383352589357e+04
1.035501441782075563e+04
8.145321606745659665e+03
9.157739913002529647e+03
9.361154859910839150e+03
9.394330129703263083e+03
6.079982587513802173e+03
7.913981246251771154e+03
9.220284206536733109e+03
1.045916452127590856e+04
1.012031757435333202e+04
7.182154252917162012e+03
1.014731707989874667e+04
6.382875841611189571e+03
7.113015178381723672e+03
1.002535587573863631e+04
6.927536083058914301e+03
9.839312493747413100e+03
6.991431069968391967e+03
9.355964881529285776e+03
7.902270033001055708e+03
9.196512795428683603e+03
9.739490783497811208e+03
9.101854311067721937e+03
4.208501618651316676e+03
9.447467183787386602e+03
7.279975783927720840e+03
8.691796959318604422e+03
1.021374077699837471e+04
1.011153256110820985e+04
7.838336622164301843e+03
6.677356861376078086e+03
1.037706704001020807e+04
9.567378620433477408e+03
3.462734075825173477e+03
7.883601719713633429e+03
1.034906248445860547e+04
9.169597493458364625e+03
8.529120581549657800e+03
7.726349023288701574e+03
8.239835396323745954e+03
8.276435888480296853e+03
5.726432316478907524e+03
7.030316455676769692e+03
9.585528104746001191e+03
9.470351000594506331e+03
9.125334697719590622e+03
7.822560069707841649e+03
9.184419197907394846e+03
7.619259436990039831e+03
8.691150917946188201e+03
9.739490783497811208e+03
6.483822777890035468e+03
9.600688171404894092e+03
4.298541011839521161e+03
1.026015150537474801e+04
6.971824467447402640e+03
8.081422639165464716e+03
9.338600475257744620e+03
7.035820287572825691e+03
7.365194984762352760e+03
1.007147296801308221e+04
7.893413558800682949e+03
7.084933893434848869e+03
9.312482173358757791e+03
8.014390488503265260e+03
8.464310341645890730e+03
1.030377837453309439e+04
9.657928664928944272e+03
9.044850938414027041e+03
9.913479374325621393e+03
7.567650576331875527e+03
8.984412810013585840e+03
1.018910331171876533e+04
1.003210578177906791e+04
7.329349797194672647e+03
6.929069319957368862e+03
1.015283760441540289e+04
6.507550172579167338e+03
8.697886010207292202e+03
9.062326453043564470e+03
8.961360795950316970e+03
7.304469930281967208e+03
6.155022181956730492e+03
9.923652013370065106e+03
1.013997402951469121e+04
8.663167566397729388e+03
9.487544001611116983e+03
8.632670704633430432e+03
1.010072854443634787e+04
7.455607649103563745e+03
4.576192973160304973e+03
8.707931468126682375e+03
7.907704112310703749e+03
8.820667518067009951e+03
9.581676416603751932e+03
9.589881332232469504e+03
7.905788792751503024e+03
2.768076016232342226e+03
1.043484802439938721e+04
1.010207637439070095e+04
1.018373079598358891e+04
1.020277849167625936e+04
1.012376709342744289e+04
8.908931550617189714e+03
7.002979510770552224e+03
1.038576565944687172e+04
9.296356638022614788e+03
9.924252411012983430e+03
9.129461333927127271e+03
6.340995158859097501e+03
9.362179178273689104e+03
9.742320619140988128e+03
7.073108048654495178e+03
6.958625492576560646e+03
9.856134281482933147e+03
9.388859298537478026e+03
7.929818336030423779e+03
8.771513133093227225e+03
8.418174588348143516e+03
7.418865588072920218e+03
1.030375204273495547e+04
8.696215543052760040e+03
7.747164840762236054e+03
9.973212569443159737e+03
7.225353880117027074e+03
7.795006046726303794e+03
7.571078749892112683e+03
7.100148054234741721e+03
9.095052599033058868e+03
7.969260908916981862e+03
7.789609222935349862e+03
3.680167249964580151e+03
9.432706539315304326e+03
8.136740813593976782e+03
7.573271725758491812e+03
1.037287822028674418e+04
8.489550152877211076e+03
9.287593992015341428e+03
4.572215011381727891e+03
8.952018662461741769e+03
9.506375849363705129e+03
8.112593017662980856e+03
7.997522497602337353e+03
8.699897531807406267e+03
6.977669056103723051e+03
1.032156717567320629e+04
7.902270033001055708e+03
9.241473368665097951e+03
5.906576223480039516e+03
8.374231257538576756e+03
1.029910168371949476e+04
9.983385117874273419e+03
8.163952486859778219e+03
7.902759996920514823e+03
9.412352445190679646e+03
7.942435423078412896e+03
1.037624721665585821e+04
7.882128809679199549e+03
7.537295128110839869e+03
9.544959808374991553e+03
7.042142819010502535e+03
8.426940372460710933e+03
8.863085753918907358e+03
9.658460418673283129e+03
6.447712748753421693e+03
7.088557712299583727e+03
1.045465382991732986e+04
7.817032994792725731e+03
6.152600899502496759e+03
9.260707976283425523e+03
9.331524995484514875e+03
9.423554504317355168e+03
6.891425842726583141e+03
6.976035474074573358e+03
8.356443511934894559e+03
6.970633734989402001e+03
1.047202992647046631e+04
8.586876601433519681e+03
7.265562636097100949e+03
1.012069807516310175e+04
6.935164370925829644e+03
1.001127700375666609e+04
1.023446435791376098e+04
9.249690909686458326e+03
1.029427020948467907e+04
8.406801494549861673e+03
7.867315894676796233e+03
8.555570529576307308e+03
9.889822708196552412e+03
9.162240753499885614e+03
1.042947447336880214e+04
7.847341503709053541e+03
6.247892524317148855e+03
9.673172893636667141e+03
7.161948249451947049e+03
8.618882772351122185e+03
4.341390406069382152e+03
9.119878233951902075e+03
9.324964167232821637e+03
6.729421693601973857e+03
6.927676826205755788e+03
8.119132294193776033e+03
7.373035062835442659e+03
7.749666829403782685e+03
9.419644421977796810e+03
6.937342478351512909e+03
8.088759821335029301e+03
8.904406849890801823e+03
9.665984705872619088e+03
6.903097013087714004e+03
9.686133521500240022e+03
8.399906061232029970e+03
6.992363400397436635e+03
6.981028131550831858e+03
8.149922664126878772e+03
7.872793387794972659e+03
8.699897531807406267e+03
7.671240332584164207e+03
7.793625792974529759e+03
7.822425274524362067e+03
8.699472315653571059e+03
6.942374588642160234e+03
7.269229156547948151e+03
1.020788139105566916e+04
7.276663568897109144e+03
6.927646447165936479e+03
9.858834647916792164e+03
7.240217861312095010e+03
1.001337558338548115e+04
1.004773235920463776e+04
1.003409853895712513e+04
7.900788921886436583e+03
6.939667955960881955e+03
7.029798828705204869e+03
7.738740821481548664e+03
9.287593992015341428e+03
1.018094036634318400e+04
7.578127418805582238e+03
7.814565377726508814e+03
6.292465118175856333e+03
9.441210421796022274e+03
5.842699435163109229e+03
1.034883737618312080e+04
1.030153292569265068e+04
9.701341288976720534e+03
4.976927342545976899e+03
9.414696617290856011e+03
9.527443964208263424e+03
7.301118130446626310e+03
6.982896806569596265e+03
8.272726826771937340e+03
7.424284033974439808e+03
1.030578252338366656e+04
9.307620831709502454e+03
6.943669174781738548e+03
7.217063892114401824e+03
7.699436568431887281e+03
9.505368975971945474e+03
7.501245191606449225e+03
7.921439409809330755e+03
8.259095335123480254e+03
8.162867774075970374e+03
9.565078387331559497e+03
7.117684822749331943e+03
7.430741057066593385e+03
1.035710950441875502e+04
9.820703964606465888e+03
6.740116543960718445e+03
8.123093553791848535e+03
9.891572854187746998e+03
1.019411347100805870e+04
6.788769809404390799e+03
9.765549435715212894e+03
9.240884937967875885e+03
9.906185322392040689e+03
9.769396534819761655e+03
5.677828368901013164e+03
8.393163701924782799e+03
7.580784664045543650e+03
1.018544764024018878e+04
7.552985181455595011e+03
9.224314602637714415e+03
7.692420658501147955e+03
9.634227368491352536e+03
9.459994601925362076e+03
7.109419201577615240e+03
9.177166261992844738e+03
7.640280358278358108e+03
8.576208656012138817e+03
8.337407322643484804e+03
7.410657575508199443e+03
9.940525999099061664e+03
9.994445315435918019e+03
7.508428290032693440e+03
6.247685660445721624e+03
1.028632428945981883e+04
1.003395512451923605e+04
9.870237884603644488e+03
8.392990258773606911e+03
9.466379388410528918e+03
9.569744394372602983e+03
7.351638259209184071e+03
9.329410779084995738e+03
7.751807409273095800e+03
6.673557939652253481e+03
8.760736752221528150e+03
9.226470142459227645e+03
7.441323279497807562e+03
8.670751675786088526e+03
9.840338682618192252e+03
9.936096596899471479e+03
8.369432256780730313e+03
7.987963272076922294e+03
1.005154203666182366e+04
1.034584272259893987e+04
1.033759224496115712e+04
7.995021243198942102e+03
7.789670788227776029e+03
7.092594055567307805e+03
9.510691382562241415e+03
1.016323440956331979e+04
8.099647042116245757e+03
6.829744113416772962e+03
9.573937796500938930e+03
5.835544102406713137e+03
9.338676991737615026e+03
2.515738139315306398e+03
7.374706821456076796e+03
1.046520302266799990e+04
8.706593632043697653e+03
9.498388307809516846e+03
8.908931550617189714e+03
6.926195965167904433e+03
8.980824449510690101e+03
6.275963603913283805e+03
1.033771038678427612e+04
8.401204311094461445e+03
8.685564618755992342e+03
7.970806234178278828e+03
6.430020858521482296e+03
8.273579198648385500e+03
6.154216193198846668e+03
6.985267033963253198e+03
1.031752983301977110e+04
9.946711857251293623e+03
1.016471309870487858e+04
7.940295577973811305e+03
9.639730749678599750e+03
9.331687969243794214e+03
7.359071531904181029e+03
1.028882660200102691e+04
9.189110389665565890e+03
7.397241108038630045e+03
9.856514844446650386e+03
8.816297677694381491e+03
6.987126572099921759e+03
8.788426627769342304e+03
9.869882363380562310e+03
7.031368005359602648e+03
8.990628064095284572e+03
1.025375521441075034e+04
8.675393017527876509e+03
8.133020865651498752e+03
9.111830676056732045e+03
7.485977020054692730e+03
6.975816548488185617e+03
8.998993900634633974e+03
1.001394937037747331e+04
7.513524096144387840e+03
1.020660915279086475e+04
1.024654379724751379e+04
9.686515434611024830e+03
9.933103038721010307e+03
1.035789160981962414e+04
9.834543539130630961e+03
2.765945218795049186e+03
7.035743043268348629e+03
8.248286683774244011e+03
7.069721337445251265e+03
1.034460468488968036e+04
6.157882983302706634e+03
9.536906679969548350e+03
7.238691607804421437e+03
6.144419886359733027e+03
9.914603565074374274e+03
9.294672022336942973e+03
7.585843515140871204e+03
1.007879784717237635e+04
6.173807240711428676e+03
1.031502089344186606e+04
1.035755720228427526e+04
6.626809645245384672e+03
8.733901972373998433e+03
7.359960557778800649e+03
8.723627213333506006e+03
9.492375197401084733e+03
9.986890460657861695e+03
8.487262589861495144e+03
9.462659225706613142e+03
8.883781345907029390e+03
1.013004015660578261e+04
7.655375404297285058e+03
9.774017936078949788e+03
7.231921575134019804e+03
5.799477800310340172e+03
8.206054213285242440e+03
6.341057680661056111e+03
9.663755788588408905e+03
7.837634362050474920e+03
8.701966298923463910e+03
8.664197379717785225e+03
7.642219174152302003e+03
9.906141793854865682e+03
9.525757313236234040e+03
7.153331844259850186e+03
9.593220989716008262e+03
9.925503243114597353e+03
9.290071171159086589e+03
8.723055967957274333e+03
7.048552344042915138e+03
9.424932348426138560e+03
9.114636328736623909e+03
7.751709151286680935e+03
8.186384184600770823e+03
1.042804992363244310e+04
9.974491965632922074e+03
9.206618080194215509e+03
9.698246400078365696e+03
8.175540286898305567e+03
1.004190870325512333e+04
9.927271355532306188e+03
1.041306576992177725e+04
1.017402892629613234e+04
1.006152431499919476e+04
8.163952486859778219e+03
8.195845559841907743e+03
8.992752174341301725e+03
4.406761517503660798e+03
7.245684518573484638e+03
7.207653598349103959e+03
9.283366623757076013e+03
9.743229878013433336e+03
5.426752947263836177e+03
8.133020865651498752e+03
7.872831528818680454e+03
6.938257287384674783e+03
8.425382067247590385e+03
5.463379569033735606e+03
7.793094911086154752e+03
5.995375621371917077e+03
8.311483637139546772e+03
9.404281300199134421e+03
9.010296898653772587e+03
8.461795407776950015e+03
6.341057680661056111e+03
4.864382808755490260e+03
1.047050170605838866e+04
9.664645276403378375e+03
8.210838354028321191e+03
7.005131962104320337e+03
7.954527714942412786e+03
9.971533136460195237e+03
9.833418671942195942e+03
8.131471815863736083e+03
8.880056235743382786e+03
8.477283248914691285e+03
6.718763081459096611e+03
7.596700379744755992e+03
4.644904952130927995e+03
1.017033957166300024e+04
6.859561787989683580e+03
9.743567410481780826e+03
8.852439471349520318e+03
9.373091021355416160e+03
8.784498097195242735e+03
9.479418478226361913e+03
9.316492787031163971e+03
8.233210280921666708e+03
1.011895562763165071e+04
1.025200838113191094e+04
9.610969489783026802e+03
5.549205614717267053e+03
7.577729689980483272e+03
9.766983156744809094e+03
9.116075655446486053e+03
9.827048505561895581e+03
9.643176358580592932e+03
9.815808788315433048e+03
9.549630300186661771e+03
7.071529451602122208e+03
1.009022768877459021e+04
7.698685821813633993e+03
8.967535172786323528e+03
8.754827931651383551e+03
9.818118111016072362e+03
7.579776911636939076e+03
7.996387236730254699e+03
8.103119642398587530e+03
4.541191939083123543e+03
8.748731951617164668e+03
1.031285916489682859e+04
8.597572019892128083e+03
8.497747012238949537e+03
5.798680840963839728e+03
4.988074455579167079e+03
9.630846432227848709e+03
7.652898190082069050e+03
8.849880811025979710e+03
1.035252619590660470e+04
6.363404179311537519e+03
8.936563425370532059e+03
9.296356638022614788e+03
1.036521998028595590e+04
8.904834785863098659e+03
7.760784794733226590e+03
1.021338112529649152e+04
7.209664925089361532e+03
5.004088430116819836e+03
1.028895111831244503e+04
8.845489972117022262e+03
8.029063908355250533e+03
1.037335912359111171e+04
7.671240332584164207e+03
1.031103580612238693e+04
7.315825659251058823e+03
8.412043679984601113e+03
7.095420968753685884e+03
9.829664420959165000e+03
6.595119277195727591e+03
1.041924472905412222e+04
7.867731468840807793e+03
8.745362530261616484e+03
9.843369860974489711e+03
8.185217328157681550e+03
9.788500796549895313e+03
6.624488665529865102e+03
7.260581935495748439e+03
9.293953241113465992e+03
7.401730408596164125e+03
7.641053914924672426e+03
8.881461536658671321e+03
8.321613088235379109e+03
6.984425307462671299e+03
7.758646433868337226e+03
7.319170548712710115e+03
6.777975973247029287e+03
6.901909852062628488e+03
6.933777295991760184e+03
8.506834326864733157e+03
9.161995082753714087e+03
1.000648977936053416e+04
9.163862243065834264e+03
7.250165885108229304e+03
6.940804906128469156e+03
6.846835657901801824e+03
8.790597761083761725e+03
7.007064170678310802e+03
9.876236291787539813e+03
8.138009956771396901e+03
1.024291474878409281e+04
1.042663795608629152e+04
8.246594195945444881e+03
6.636117409384592975e+03
9.589573786666749584e+03
5.950392737688771376e+03
9.292408494204100862e+03
1.034172763575358113e+04
9.897688423115387195e+03
7.954014250727864237e+03
9.926051952956458990e+03
3.379848057908744522e+03
1.032251038222932948e+04
1.027518029850424318e+04
9.912002653222010849e+03
8.219621512231344241e+03
6.180417928164752084e+03
8.108447667731942602e+03
1.037126772010778950e+04
7.721237939422388081e+03
8.754333230296386319e+03
9.964777203639328945e+03
1.004536206345952087e+04
6.087323780400311989e+03
7.398120082795727285e+03
1.042915381250500468e+04
7.527063736598442119e+03
9.933103038721010307e+03
7.731941367225863360e+03
9.860934657582567525e+03
7.907429178314516321e+03
8.045588984466830880e+03
6.939432154742531566e+03
1.025955651059412594e+04
8.329483370539213865e+03
9.103988475667281818e+03
6.991230087999393618e+03
6.965085819607753365e+03
6.278778503736787570e+03
7.538833180627194452e+03
1.032499409726708473e+04
6.808635311271902538e+03
7.167394843711384055e+03
1.044073309717789016e+04
7.008089696819819437e+03
7.843921883857899957e+03
6.937082944426543690e+03
1.039781872704931629e+04
1.003673334381483255e+04
7.778963965003059457e+03
7.669241443181641444e+03
1.007147296801308221e+04
1.000648977936053416e+04
6.909464720269505051e+03
1.042947447336880214e+04
7.566484403706501325e+03
6.022457316802629066e+03
7.650884727791950354e+03
4.768366646809572558e+03
8.026885895101436290e+03
7.754830847105534303e+03
9.282308246897400750e+03
9.857067271201065523e+03
9.991838979968171770e+03
7.323466687505715527e+03
6.939601783965052164e+03
7.102328117072842360e+03
9.627261569320151466e+03
1.039113835921822101e+04
9.776130768543183876e+03
1.026659990372315588e+04
9.566723315621049551e+03
8.656139495996048936e+03
6.798814163592929617e+03
7.236696551019425897e+03
1.006564777812369357e+04
8.638838192313971376e+03
9.510691382562241415e+03
9.991972867093712921e+03
1.003249347153169401e+04
5.677828368901013164e+03
9.603159988370374776e+03
9.365482664762826971e+03
8.642251888469783808e+03
7.436896793115707624e+03
9.647838948360786162e+03
7.016046694368544195e+03
9.525757313236234040e+03
9.778143457754104020e+03
6.794714480157720573e+03
7.496305356620345265e+03
8.489935200662544958e+03
8.866879629114802810e+03
1.000464516240358353e+04
7.260581935495748439e+03
7.013467512870260180e+03
9.016392336935248750e+03
9.753227674727726480e+03
7.484706162212545678e+03
8.294190429887012215e+03
9.803071444150820753e+03
8.589227757407992613e+03
9.998244375087502704e+03
7.872641733825381380e+03
8.868146764189195892e+03
8.138319886228109681e+03
9.701949865881830192e+03
9.082271879529058424e+03
1.042656125591694581e+04
7.287202467268924011e+03
9.479762772809106536e+03
9.051561232669222591e+03
8.749286947978987882e+03
9.634806562354420748e+03
1.007172894790611281e+04
7.821148109511261282e+03
8.515674152861854964e+03
9.700806972701178893e+03
6.336125927468818190e+03
8.656610577441086207e+03
8.925343244092748137e+03
6.909136915463083824e+03
9.008894618267951955e+03
7.236268756923866022e+03
1.010282993671828444e+04
7.096301828994659445e+03
9.807243629572403734e+03
6.933846418121542229e+03
8.114135545078547693e+03
8.932754675197827964e+03
1.020263569426417962e+04
1.039662919275549211e+04
7.386386025908475858e+03
9.971533136460195237e+03
8.325499017473408458e+03
3.691747420506969775e+03
6.908581278342056976e+03
1.038439357571659639e+04
6.471678193451037259e+03
9.488044756684626918e+03
9.085721371311745315e+03
9.802704184691199771e+03
8.234126738683044096e+03
7.245607542236739391e+03
1.045859193420621705e+04
9.823647286924473519e+03
8.286432867284911481e+03
6.923043497342368937e+03
9.509930950995256353e+03
5.907007913297911728e+03
5.396551151207164366e+03
5.747581838480550687e+03
7.686834104006869893e+03
8.059590636266619185e+03
6.984756548960569489e+03
8.550817951721777717e+03
1.007639516302291486e+04
1.007350926948568122e+04
8.555955800469255337e+03
9.219815163572970050e+03
8.093734901693465872e+03
9.057880125333211254e+03
7.309221929488306159e+03
5.743691008453166432e+03
6.930585732395167724e+03
8.286143433272611219e+03
6.999373778652578039e+03
6.795433871405802165e+03
7.302818091747707513e+03
1.038122437567924135e+04
7.894817856626557841e+03
9.279384822373132920e+03
7.289808018074727443e+03
8.351670289628462342e+03
1.035671719036083596e+04
8.305742254819062509e+03
8.032893879019980886e+03
8.575380899378758841e+03
7.008274199192333981e+03
1.005562877947994093e+04
7.102639015854980244e+03
8.210489958923764789e+03
8.768639877275363688e+03
1.041184777577026034e+04
5.016932084900318841e+03
1.035643639839339085e+04
7.346219715045005614e+03
6.351067105287631421e+03
7.132183526139169771e+03
7.910284796276779161e+03
7.739602321611020670e+03
7.260430769664358195e+03
7.630352138142257900e+03
1.047041767214755782e+04
7.356249565086243820e+03
8.292485712169187536e+03
1.037199519697628057e+04
9.335474092774669771e+03
3.354535298552961649e+03
9.215839197995665018e+03
9.297593279706012254e+03
1.041927519257380845e+04
6.974776396269206089e+03
8.245633544156518838e+03
8.930005608818457404e+03
1.015949154777919284e+04
1.036028106117901189e+04
8.136228948901620242e+03
9.643176358580592932e+03
7.087552348077058014e+03
1.042034763657956501e+04
8.607383931371530707e+03
1.044001418493513665e+04
8.654940523179713637e+03
1.047210259320360456e+04
8.234126738683044096e+03
7.153005008141120925e+03
8.713699124508248133e+03
8.326928170449340541e+03
5.817476325792948046e+03
9.519179443269564217e+03
8.105983592867754851e+03
8.802262801258832042e+03
9.260750828579504741e+03
5.402184501226012799e+03
7.268278110400709920e+03
7.796078150764538805e+03
7.987655252231437771e+03
7.649763275687972055e+03
9.494950574046502879e+03
9.189352390518801258e+03
7.106903118736507167e+03
6.988605813261461662e+03
1.007350926948568122e+04
8.326928170449340541e+03
8.503731966048057075e+03
7.373285460365355902e+03
9.096104308346115431e+03
8.891636180432378751e+03
8.615523068491283993e+03
1.032973789248787034e+04
1.046087113417461296e+04
9.637375395549868699e+03
6.708614987342378299e+03
9.234586636613290466e+03
1.035913166146912954e+04
7.311300704523695458e+03
9.741416900143271050e+03
6.983590316193512081e+03
5.628902075724594397e+03
1.004638421936667874e+04
6.202557570466689867e+03
1.013745439241133317e+04
6.625623672339389486e+03
1.017577281409444004e+04
9.082271879529058424e+03
9.034003978766977525e+03
8.604499732377411419e+03
1.026776942169644826e+04
8.819416333025154017e+03
6.320273243249321240e+03
1.001127700375666609e+04
7.877507357493140262e+03
1.015532911336872712e+04
9.628527376957483284e+03
1.029061478494790754e+04
7.129257385370433440e+03
9.834185447289903095e+03
1.036183484570977998e+04
7.910397191086989551e+03
9.465778936039792825e+03
8.812280929259221011e+03
9.146416540525726305e+03
1.038773156994345482e+04
7.809193415368245951e+03
6.961153171428050882e+03
9.229860570646536871e+03
7.027841966173425135e+03
1.035758627116469324e+04
6.971587994654119029e+03
7.191405132621493976e+03
9.738982151564958258e+03
9.180527573694158491e+03
1.001037804427993797e+04
7.963321208055555871e+03
4.976927342545976899e+03
9.713079906088751159e+03
9.925087729051632778e+03
6.771442964032431519e+03
8.921879240966229190e+03
9.873685735126786312e+03
8.767292027220561067e+03
1.030809645511002782e+04
8.563762725166905511e+03
1.044556801464175442e+04
7.099557662294041620e+03
7.540003757310480069e+03
7.633017733662685714e+03
8.530302652644120826e+03
7.885847996558936757e+03
7.323242162605931298e+03
1.017809694081468115e+04
9.684287035695746454e+03
8.933040469429361110e+03
9.167217519564594113e+03
7.874428790723683051e+03
1.034584272259893987e+04
1.037607182174333138e+04
8.722835395798731042e+03
7.323220002601307897e+03
8.739136073136680352e+03
7.027315791804131550e+03
7.027841966173425135e+03
1.042187990803838693e+04
8.993396804170695759e+03
8.193164112068880058e+03
7.552141128032101733e+03
9.804656112967484660e+03
7.102328117072842360e+03
7.725541724285498276e+03
7.821873790255800486e+03
3.379848057908744522e+03
1.006722672148028869e+04
9.962968343058990285e+03
1.024346490665948659e+04
9.671556069871536238e+03
6.928792180233763247e+03
8.849880811025979710e+03
8.036823502094845026e+03
9.080887849017726694e+03
8.229050662782688960e+03
