1.480592664983136729e+03
1.515445381395877121e+03
1.522575118055101484e+03
1.242529924617979987e+03
1.493676111504984874e+03
1.504065602780161498e+03
1.448440092666710370e+03
1.487470360181254819e+03
1.489170301403836675e+03
1.415358472480994806e+03
1.514494316006212557e+03
1.396339839145398855e+03
1.339441812735014992e+03
1.526347979285041674e+03
1.401571225044873700e+03
1.518225442375261991e+03
1.322219069855023690e+03
1.444656673854464088e+03
1.523731723232062450e+03
1.493021001074139349e+03
1.352479607079001198e+03
1.396340182607797487e+03
1.479944388922301641e+03
1.433033933555206659e+03
1.448111549247835228e+03
1.464633344680948994e+03
1.448112301312869931e+03
1.369018868052827656e+03
1.521208723647042007e+03
1.460730286585281192e+03
1.473974967603166760e+03
1.484665693149137496e+03
1.498647507867900458e+03
1.467609633607690057e+03
1.420514553129989963e+03
1.340552042011929416e+03
1.374159246093306820e+03
1.482663624419414191e+03
1.356358320266769169e+03
1.520038743622664242e+03
1.437062395715690627e+03
1.515192527080932450e+03
1.509634394513721872e+03
1.395841407304179029e+03
1.501905357092734448e+03
1.385715702425902236e+03
1.455575482881200969e+03
1.493732251835736861e+03
1.505795327936635431e+03
1.467711983660602073e+03
1.508726388462216391e+03
1.474320390777708553e+03
1.506481962936980153e+03
1.476376172578208298e+03
1.443060388279697008e+03
1.492130368657345343e+03
1.462697915611947337e+03
1.509108376963078626e+03
1.512081700692415325e+03
1.446755363534792650e+03
1.402436580309109104e+03
1.519946506798899918e+03
1.496965298576577425e+03
1.312647740559017393e+03
1.417731244508442614e+03
1.522149030471759716e+03
1.523404523273465657e+03
1.501009678598938535e+03
1.403754220932642056e+03
1.407698621399338208e+03
1.376151910473960925e+03
1.395246878883702948e+03
1.464264037479910485e+03
1.329877042225648438e+03
1.413143122192487908e+03
1.442197363824033346e+03
1.463442578400588218e+03
1.523731723232062450e+03
1.526090491562489206e+03
1.478348365804769401e+03
1.420290220647912747e+03
1.505646986643651417e+03
1.503947632308025277e+03
1.450705344898882686e+03
1.523524838365563710e+03
1.492130368657345343e+03
1.445363757364555568e+03
1.448923541617944920e+03
1.490207606011776079e+03
1.499498949697233002e+03
1.507082447616400486e+03
1.511507656833228339e+03
1.502632458451729690e+03
1.444771062432729195e+03
1.514164027728601468e+03
1.470154005622059231e+03
1.518449206166025306e+03
1.494575774845137857e+03
1.508782116414846314e+03
1.516265196408813154e+03
1.498154646041421984e+03
1.519655741837540063e+03
1.481698918311849411e+03
1.478347250348386069e+03
1.453477012749297046e+03
1.519163396409846428e+03
1.491906484747579725e+03
1.487724565017306759e+03
1.302631840042387694e+03
1.459994462161808997e+03
1.446416275924346337e+03
1.521872060726351719e+03
1.520548618147307479e+03
1.407784128233119645e+03
1.464221768242341795e+03
1.492414494918420132e+03
1.517474932246238495e+03
1.485022356085966294e+03
1.508100750955110470e+03
1.450577778017671108e+03
1.473974967603166760e+03
1.298110258737317281e+03
1.470922351004022630e+03
1.476069025114701617e+03
1.458579551377428743e+03
1.514227955461160491e+03
1.525545559617867184e+03
1.502997158671551006e+03
1.473398931733057680e+03
1.477882021411117876e+03
1.451752783938179391e+03
1.423842783830260032e+03
1.487739734105818570e+03
1.508953862510858926e+03
1.467132073629640217e+03
1.377563960390674310e+03
1.508329097254847284e+03
1.288707496353106535e+03
1.485999339420796787e+03
1.486493892633802261e+03
1.418664787621326241e+03
1.494576511480332783e+03
1.473743229694916181e+03
1.524240803539899161e+03
1.455502245179907504e+03
1.507030444093624055e+03
1.495970590837430791e+03
1.510393248122307568e+03
1.491149698850508457e+03
1.461257911258358718e+03
1.279467414347307113e+03
1.506340003942800877e+03
1.464773472431120808e+03
1.474320390777708553e+03
1.472455144678104489e+03
1.514736386600584410e+03
1.477164231525292962e+03
1.357600910937007029e+03
1.509341721934180441e+03
1.397756908604907494e+03
1.514946215751575892e+03
1.496924780270577230e+03
1.465051486328092096e+03
1.507333355772276946e+03
1.522947353425196525e+03
1.509372504913101920e+03
1.475775535485365253e+03
1.482696535691350391e+03
1.480274453462416204e+03
1.467850848327059794e+03
1.524130931140758321e+03
1.417823156915277423e+03
1.526787326848226485e+03
1.489682294568650377e+03
1.525839878377141758e+03
1.446039949743447778e+03
1.357396420749702656e+03
1.502537923582840904e+03
1.283999358523929914e+03
1.484645111040150823e+03
1.331039726012456185e+03
1.498870740654337396e+03
1.482046862228562986e+03
1.433909026387921131e+03
1.400134017247671636e+03
1.414638834850762578e+03
1.480969931872034294e+03
1.384198602695362297e+03
1.442014275382120559e+03
1.379219023862945505e+03
1.509066119770460091e+03
1.363007571212647690e+03
1.518858260335086015e+03
1.502756169546147248e+03
1.405882390590558771e+03
1.505663463236928465e+03
1.503922582402515900e+03
1.424515785644875905e+03
1.492055863978321440e+03
1.458224716178105382e+03
1.508358395030097881e+03
1.487444327437358879e+03
1.456105331860133447e+03
1.358910000727707938e+03
1.442956804332518914e+03
1.477691912981562382e+03
1.508201461253352136e+03
1.513289687331689038e+03
1.520725489576726886e+03
1.501468546489346863e+03
1.478096307292833899e+03
1.523949030602232597e+03
1.520785694291213304e+03
1.443345092535142157e+03
1.450499702933509070e+03
1.439232894394562209e+03
1.421004037723860165e+03
1.486608382384828701e+03
1.476605611669843029e+03
1.525187192520973213e+03
1.434847741940699507e+03
1.509018085286078986e+03
1.513683128053323799e+03
1.453589765411413509e+03
1.372658827527807489e+03
1.488471286694891660e+03
1.299050053590270181e+03
1.472933363507628655e+03
1.452178915815035452e+03
1.494633133036129038e+03
1.493957206934020860e+03
1.496472338206018776e+03
1.478956383304448309e+03
1.468778642132508139e+03
1.454580085932762813e+03
1.459190889371737285e+03
1.516041916794588360e+03
1.515326614731134669e+03
1.355666064302259656e+03
1.494746583465934236e+03
1.520010758022666778e+03
1.472000028861336432e+03
1.519671820133429492e+03
1.505256118014568756e+03
1.443177084922247104e+03
1.515944601041957412e+03
1.520683113312183423e+03
1.526644850555713674e+03
1.456720006044036836e+03
1.509484832206807596e+03
1.375050070567453531e+03
1.355785172156378849e+03
1.446821111124381787e+03
1.480722810245531036e+03
1.439287728284371724e+03
1.474455001840360183e+03
1.422641835027041679e+03
1.451936475082142806e+03
1.513733597501908889e+03
1.451947203207728990e+03
1.501284522250299688e+03
1.523404523273465657e+03
1.427897454691473513e+03
1.469784171556613728e+03
1.483980539004495313e+03
1.515700236433715190e+03
1.479605923261127373e+03
1.504887562825152145e+03
1.448270654400645526e+03
1.477305257094024910e+03
1.436858905206824147e+03
1.404732053950405771e+03
1.462649907606624311e+03
1.492024900674791525e+03
1.450427814680994743e+03
1.499687041853379924e+03
1.430858431412432083e+03
1.463120444563827732e+03
1.496662694049731272e+03
1.477597919308178916e+03
1.434800175125505575e+03
1.504866675725892947e+03
1.520439015455840718e+03
1.334739705562966265e+03
1.455768843493298846e+03
1.470867160445339778e+03
1.513554566976515162e+03
1.439656095148380700e+03
1.512028036718120575e+03
1.504388458532793265e+03
1.372078885441651209e+03
1.287398030835017607e+03
1.469302492779026124e+03
1.505310947438832045e+03
1.522282278402801694e+03
1.522914111894771167e+03
1.511583605193856101e+03
1.483501715610871088e+03
1.407698621399338208e+03
1.446569092953844802e+03
1.317176911502258008e+03
1.497392013808488173e+03
1.485766281053388866e+03
1.524499095452031270e+03
1.390741696904761284e+03
1.475152000522408798e+03
1.496402499234582592e+03
1.428928874333251542e+03
1.422143070328264457e+03
1.405170713676233390e+03
1.482339616256555473e+03
1.454837879151027664e+03
1.499730244818892515e+03
1.504774413197109652e+03
1.469067119551282758e+03
1.521190499137700954e+03
1.485128643962320211e+03
1.490031881743311942e+03
1.440852870417719487e+03
1.500651302843443318e+03
1.479839524029423501e+03
1.486019595514631419e+03
1.525206352717531445e+03
1.482046862228562986e+03
1.456113249537628008e+03
1.493635812326272571e+03
1.504425469466922095e+03
1.519755565863507400e+03
1.435739463332005926e+03
1.501996519969923611e+03
1.500082340583148834e+03
1.523831260487918598e+03
1.440174823477562995e+03
1.434800175125505575e+03
1.449403986668291964e+03
1.472880789569067929e+03
1.485455285460350296e+03
1.380465192369325678e+03
1.503839920498661741e+03
1.324578533418634834e+03
1.517132330146725963e+03
1.446821111124381787e+03
1.484517920633806625e+03
1.403972206242889115e+03
1.494821614267456425e+03
1.470465035810910877e+03
1.370415837657762950e+03
1.445840801814347969e+03
1.458111327985717708e+03
1.493395171682029286e+03
1.461997376332705926e+03
1.471534230414767080e+03
1.518341406189178315e+03
1.487323657205738982e+03
1.517051969277036733e+03
1.436112014706422997e+03
1.484100610655663331e+03
1.471053636737165561e+03
1.515214532021279865e+03
1.521942627414466187e+03
1.465434157051578950e+03
1.523430691223507665e+03
1.520670597592705235e+03
1.495629517451674474e+03
1.459533648488967629e+03
1.461600637196313983e+03
1.433932379910764212e+03
1.525319186273085961e+03
1.471626090107117307e+03
1.511634714533500755e+03
1.465357270861028155e+03
1.493792097210119209e+03
1.451561275978030608e+03
1.504545687213736073e+03
1.460897849166374272e+03
1.455436147800559866e+03
1.518636450571493242e+03
1.290827070072270317e+03
1.440419199421793792e+03
1.508232635057748212e+03
1.504665005512867083e+03
1.522599442246386161e+03
1.396586602569897650e+03
1.384313774065662074e+03
1.495852249242919697e+03
1.507049039769395904e+03
1.451379110984137697e+03
1.496246350077704619e+03
1.512369212712023455e+03
1.494156370613483887e+03
1.518914322744342371e+03
1.520859346611369347e+03
1.525206352717531445e+03
1.420514553129989963e+03
1.494623474089194588e+03
1.521896009734416793e+03
1.493631190479885845e+03
1.507659985473020015e+03
1.479540456013546191e+03
1.515337499954095847e+03
1.480498016097114487e+03
1.392389293527644895e+03
1.484941576147417436e+03
1.480742300098782380e+03
1.490549219570551941e+03
1.365434629948102156e+03
1.459997660694066326e+03
1.352042252061468616e+03
1.524335964736068036e+03
1.467342371310883664e+03
1.513401859043896593e+03
1.432905303280074122e+03
1.525166169857292971e+03
1.515676611759380194e+03
1.350144097888283795e+03
1.452604737447576326e+03
1.485309841159523558e+03
1.417631644515658536e+03
1.477299704243095221e+03
1.521593120965817889e+03
1.505266874742164873e+03
1.490057956038069733e+03
1.291750713767767138e+03
1.431942724340322911e+03
1.457229122342508163e+03
1.511751805641396004e+03
1.483763241375952475e+03
1.474891982032788746e+03
1.447696606429005215e+03
1.451631648880818148e+03
1.495712850334185532e+03
1.341434556983746461e+03
1.497874234553670249e+03
1.482108205870450774e+03
1.362249841231300252e+03
1.493447523254787257e+03
1.387553672112554978e+03
1.434765338619643899e+03
1.483397194058639343e+03
1.369247082668515304e+03
1.507239820536433626e+03
1.525226875849150019e+03
1.516425064339470282e+03
1.494662427484814998e+03
1.504451200336117836e+03
1.519364220696367283e+03
1.524835702402223433e+03
1.522283973248885559e+03
1.409550575026140450e+03
1.291750713767767138e+03
1.516317425600176421e+03
1.442812041326828194e+03
1.513029134362581090e+03
1.443345092535142157e+03
1.435743085996437912e+03
1.452496130191357679e+03
1.442746958353264517e+03
1.431022682038051926e+03
1.401583219604641499e+03
1.425694011446450986e+03
1.507102566307008374e+03
1.486970957306312812e+03
1.493629632398762624e+03
1.489599422379191537e+03
1.491407071625768822e+03
1.495433487004762583e+03
1.406648065809073614e+03
1.480618965254087925e+03
1.460129542773496496e+03
1.468819442786003037e+03
1.521452422125367320e+03
1.489735072311381145e+03
1.515568206447965167e+03
1.374635778624957084e+03
1.488138717433255579e+03
1.504551178458596269e+03
1.505834163079668087e+03
1.499640662608297134e+03
1.500665012684457452e+03
1.483095551353147584e+03
1.456965487425055471e+03
1.349340425447791631e+03
1.495410785354520613e+03
1.256673690836567175e+03
1.521485191747404315e+03
1.496868625711601680e+03
1.513712174265678641e+03
1.466977283097579857e+03
1.385677977474323825e+03
1.511054868363128662e+03
1.491481256756322182e+03
1.486212139175784841e+03
1.499727055548880799e+03
1.486301960916190637e+03
1.483478706136867913e+03
1.492893191661722767e+03
1.342655340760469699e+03
1.416545241012522183e+03
1.525179533465041004e+03
1.472841208404231566e+03
1.507082447616400486e+03
1.509013965039735467e+03
1.390744624484278575e+03
1.508428938501006314e+03
1.442760333261555843e+03
1.521724243786462011e+03
1.476492765438531933e+03
1.485205733614907103e+03
1.508509223412360370e+03
1.506294259857529141e+03
1.477731896696849844e+03
1.520176866935913495e+03
1.473619130572368249e+03
1.427851244488442262e+03
1.513747784160917718e+03
1.461010808231636474e+03
1.484352578856763557e+03
1.474035416438834091e+03
1.493651890983443081e+03
1.480699249690094575e+03
1.505915189296462358e+03
1.521189589543418833e+03
1.475152635231676413e+03
1.320539638468135763e+03
1.491986431099978745e+03
1.525325018275885668e+03
1.517362500872113287e+03
1.416067820886373283e+03
1.353581865503411564e+03
1.500938362752287958e+03
1.514819287999034941e+03
1.395657067865585304e+03
1.439719827562998944e+03
1.479544192176304023e+03
1.431909211314803770e+03
1.471100529060915278e+03
1.496165767271076447e+03
1.503893708614214574e+03
1.477942692135587549e+03
1.329871749266692859e+03
1.447348441475914115e+03
1.470356924596179397e+03
1.516491977541430288e+03
1.510837455718773072e+03
1.519776406348525143e+03
1.478374238015174342e+03
1.325527100567696152e+03
1.332027198790946159e+03
1.400128861101964503e+03
1.454246066400415202e+03
1.515986583537617435e+03
1.495187196505014981e+03
1.488212300988173411e+03
1.504465333293469484e+03
1.522517295123894201e+03
1.412950834682738105e+03
1.434525340748018380e+03
1.487840354476408720e+03
1.508078580522792436e+03
1.281922201702869188e+03
1.336460796999354898e+03
1.500595443272679859e+03
1.523879923127531583e+03
1.475672848533380602e+03
1.466489462858968182e+03
1.514649879224028837e+03
1.520256828974645714e+03
1.393932185500646028e+03
1.435491530618708566e+03
1.459533648488967629e+03
1.472831110149521237e+03
1.512654843750952750e+03
1.464483458898592744e+03
1.453407110387478724e+03
1.514847110712458743e+03
1.503058418619216582e+03
1.380215421809058853e+03
1.511556399110763778e+03
1.433991446014203120e+03
1.500845211475343149e+03
1.436367044629637803e+03
1.456175543925247666e+03
1.504789395543546561e+03
1.510837455718773072e+03
1.521462797890214460e+03
1.491401291258835727e+03
1.467056405235062357e+03
1.412735484437461082e+03
1.503929615835894765e+03
1.479339230354027677e+03
1.521159501431558965e+03
1.405182338125570141e+03
1.463441481647461387e+03
1.464175654578285048e+03
1.416319206073307441e+03
1.514847110712458743e+03
1.474257944110337576e+03
1.499929491670558036e+03
1.423484865058469950e+03
1.525683500471197931e+03
1.459332522796144076e+03
1.500461288018306277e+03
1.371236415610324912e+03
1.519827440288135676e+03
1.523846651911754861e+03
1.526201119401585856e+03
1.476069025114701617e+03
1.525603397796295667e+03
1.462996978331276523e+03
1.498598350204188591e+03
1.454492241249393601e+03
1.495305026688114594e+03
1.478419272769004010e+03
1.476134021185971960e+03
1.488903127014097436e+03
1.510287588036990883e+03
1.432654649885604613e+03
1.419957584127641439e+03
1.458567793746378811e+03
1.497735143619429437e+03
1.375810952481920140e+03
1.412884314344472386e+03
1.479540910595787182e+03
1.419957584127641439e+03
1.448873075820547456e+03
1.454460728487504639e+03
1.517103134597958160e+03
1.520313627727010953e+03
1.496895445142376957e+03
1.518903064730800452e+03
1.503197629973772337e+03
1.482419936924761032e+03
1.438272917735283045e+03
1.499261480830342862e+03
1.427686088251613000e+03
1.514023610710064077e+03
1.472129056267770011e+03
1.444362112495689189e+03
1.446212336910888325e+03
1.506642600045792278e+03
1.443217890543200610e+03
1.517350846158113654e+03
1.404027245036735621e+03
1.467548603582855776e+03
1.501266296331629519e+03
1.483518468859981567e+03
1.409269388505840197e+03
1.502276358697170508e+03
1.439857407898566635e+03
1.517097817753022809e+03
1.500693158620836357e+03
1.465980822409411530e+03
1.516138704128163681e+03
1.502448188934187783e+03
1.299677330168590970e+03
1.502346055841272118e+03
1.473218725017918132e+03
1.512094315252613342e+03
1.507140832190194942e+03
1.335537805920402434e+03
1.359581991748622386e+03
1.469622716821855192e+03
1.495028830939940690e+03
1.510156929409256009e+03
1.468984557495825811e+03
1.324282576352456090e+03
1.368340263219922235e+03
1.431022682038051926e+03
1.473398931733057680e+03
1.494423300583280025e+03
1.505221505216223704e+03
1.519679791194562767e+03
1.459190889371737285e+03
1.381982924043047433e+03
1.525937108733798141e+03
1.494165280548752889e+03
1.440725384146119723e+03
1.439986112999510624e+03
1.477757526541805419e+03
1.402096512774090570e+03
1.419039227655636296e+03
1.486595629646676116e+03
1.481058490467807133e+03
1.415842711669793289e+03
1.456126426043812216e+03
1.450317398213746401e+03
1.447015348032021393e+03
1.526889859384346664e+03
1.484120261768944829e+03
1.517110028360711567e+03
1.506493952124729276e+03
1.492163880356594973e+03
1.390741696904761284e+03
1.481160817172751194e+03
1.446897118133215599e+03
1.523921659795357755e+03
1.490871725923329905e+03
1.488959162400225296e+03
1.478128609755187199e+03
1.439376122957547068e+03
1.414070664553933511e+03
1.508364257110720700e+03
1.472401565618807126e+03
1.511824070985412163e+03
1.453098523925604695e+03
1.513367459016528301e+03
1.490750278768970475e+03
1.386612845839925740e+03
1.492690200626241904e+03
1.505774659072787472e+03
1.522619443485220472e+03
1.497028580367350514e+03
1.461387489233690758e+03
1.488628744693482531e+03
1.474964724144866523e+03
1.461856244347508436e+03
1.436352332245565549e+03
1.499938415297921665e+03
1.434991948110136036e+03
1.470508930978108083e+03
1.525456186521810196e+03
1.446192842353635569e+03
1.391023593980429268e+03
1.468946410058480751e+03
1.432045106676852356e+03
1.510986690809105767e+03
1.504059086019834240e+03
1.437471169740862479e+03
1.459218554110314926e+03
1.516535973606831249e+03
1.463167494847244598e+03
1.506987318460245206e+03
1.312647740559017393e+03
1.489452440189784966e+03
1.498742957485148509e+03
1.466489462858968182e+03
1.496246350077704619e+03
1.523414696991420215e+03
1.469175690271555595e+03
1.485858698787230423e+03
1.365828414364092168e+03
1.514709323917474649e+03
1.506427129428163425e+03
1.516123911275062710e+03
1.435446620432270720e+03
1.513174201910169813e+03
1.481236528163296043e+03
1.462535982101364198e+03
1.508781227893991854e+03
1.501435904488932010e+03
1.294497452971976145e+03
1.523311712071549664e+03
1.495052773906623315e+03
1.519758646676471017e+03
1.517876174997822773e+03
1.456754262938846296e+03
1.495602218718215227e+03
1.520401574734731639e+03
1.490090560251736861e+03
1.492486194629961574e+03
1.506171997632111470e+03
1.457356462987568193e+03
1.353557309882739901e+03
1.517250088801643642e+03
1.421811743223184749e+03
1.411154047278397002e+03
1.517183023363181292e+03
1.507815275890447992e+03
1.508880021093812047e+03
1.409600594915287274e+03
1.508364257110720700e+03
1.343950977464701054e+03
1.412475345953652777e+03
1.461856244347508436e+03
1.466378851434868693e+03
1.374026289654612810e+03
1.471577411870757260e+03
1.418638082083713471e+03
1.474680814800421558e+03
1.471478055899675383e+03
1.438136995936315998e+03
1.430696975674644591e+03
1.426008325555081228e+03
1.441954880373682045e+03
1.518613927525285590e+03
1.457859089681033311e+03
1.513439928639261325e+03
1.490415763313592151e+03
1.440770871356099860e+03
1.404536257550965956e+03
1.347466948528911189e+03
1.495028830939940690e+03
1.502448188934187783e+03
1.510608718565995787e+03
1.507027385457545506e+03
1.481591212375607029e+03
1.520941441586865494e+03
1.349538493783134754e+03
1.520731189661046074e+03
1.474820359695497700e+03
1.449280835203120660e+03
1.455448211693125813e+03
1.521507639645262088e+03
1.519827879161002784e+03
1.482049697531632773e+03
1.437860266785461590e+03
1.526061660136957471e+03
1.482328393588952395e+03
1.522333889178999925e+03
1.509484832206807596e+03
1.473974967603166760e+03
1.370374236167814615e+03
1.461056756098435926e+03
1.484492584414067323e+03
1.512606638519066109e+03
1.500595443272679859e+03
1.517381167429604375e+03
1.497859912953203775e+03
1.128026000065116023e+03
1.467276092710831108e+03
1.446655357326909780e+03
1.464154721716493214e+03
1.237351657393471896e+03
1.475313524179928891e+03
1.427151381052206261e+03
1.488818063217530835e+03
1.457633537867562154e+03
1.525537393179160290e+03
1.470304512865340939e+03
1.520735289371422368e+03
1.452761901077215271e+03
1.516355768750049265e+03
1.505728117994922741e+03
1.450732477750550061e+03
1.319288035968414533e+03
1.420004321416285165e+03
1.481375785235928788e+03
1.457314927415800184e+03
1.518905550099645779e+03
1.482415668088695156e+03
1.365900939260364567e+03
1.524970427412447862e+03
1.446502553656584951e+03
1.411464172866255012e+03
1.518139919947495173e+03
1.526908294799745363e+03
1.521664806760651118e+03
1.256676504538550489e+03
1.521190499137700954e+03
1.470573253589427623e+03
1.487068000535068450e+03
1.462649907606624311e+03
1.507057566471733253e+03
1.462212455767190704e+03
1.488880876076723780e+03
1.496654069485849959e+03
1.510494140417739345e+03
1.481421653572338300e+03
1.460167011112718455e+03
1.482102304485751574e+03
1.364455079720221875e+03
1.474124628613976483e+03
1.493410342754365502e+03
1.505233261881781118e+03
1.433379870548051713e+03
1.507098239902738669e+03
1.444387173903945495e+03
1.518115504177455477e+03
1.509005538573610920e+03
1.461909099055830211e+03
1.500829635624402727e+03
1.449544373465889976e+03
1.413780944454179007e+03
1.461485561668325772e+03
1.400128861101964503e+03
1.319408723334727711e+03
1.489114803970058347e+03
1.407514700354716751e+03
1.459990781108726878e+03
1.404585048099128471e+03
1.467526137088750602e+03
1.400489313123280454e+03
1.323597590651330847e+03
1.525027727137113288e+03
1.391461395096584283e+03
1.436066259408012002e+03
1.454200719363579083e+03
1.504165791078790107e+03
1.490909217848206708e+03
1.488039951833791974e+03
1.462315983944329446e+03
1.488357818340397444e+03
1.501546310764172858e+03
1.436329469528486015e+03
1.395657067865585304e+03
1.451894799204202627e+03
1.454684508513658557e+03
1.505266874742164873e+03
1.519228171030155636e+03
1.399219792035085902e+03
1.497781943549736752e+03
1.499088127412828726e+03
1.491875202995274094e+03
1.493436409654013914e+03
1.494594967597060304e+03
1.382056225011279594e+03
1.471301686896481442e+03
1.307495885194643051e+03
1.505975614183043490e+03
1.435216557194634788e+03
1.375050070567453531e+03
1.516726263694755744e+03
1.523233941792840369e+03
1.514788642245025812e+03
1.437471169740862479e+03
1.474820359695497700e+03
1.526839810850048707e+03
1.492842471549777656e+03
1.499792200043531921e+03
1.495310948568169351e+03
1.473476169243282811e+03
1.407202888869840535e+03
1.509809609134226775e+03
1.510381354383948292e+03
1.417724404142478079e+03
1.420863296930026081e+03
1.432049264714884657e+03
1.425004782375413470e+03
1.471171150167267115e+03
1.461949629176969211e+03
1.518141418854882886e+03
1.486310431358230744e+03
1.456016937724489253e+03
1.368746361382500709e+03
1.523640317916394451e+03
1.356936192083700917e+03
1.518098660299169751e+03
1.507724634716903438e+03
1.439857407898566635e+03
1.494689812968934802e+03
1.471520700610307586e+03
1.494265025153373244e+03
1.501940507132106632e+03
1.515272910082983799e+03
1.361124621698650117e+03
1.446444321023442171e+03
1.318288277613768287e+03
1.513905569689859703e+03
1.472407547289763443e+03
1.491652311380109495e+03
1.481846499682008016e+03
1.464662504311064595e+03
1.485893263040476086e+03
1.503638771283764981e+03
1.461306055864708924e+03
1.496101579457364551e+03
1.422658613250343251e+03
1.496129724734963929e+03
1.455313191846596510e+03
1.440312391270993203e+03
1.497028580367350514e+03
1.500056395304130092e+03
1.521345453265807691e+03
1.525437288970605096e+03
1.472945473788767686e+03
1.513762792733464266e+03
1.515973208631491616e+03
1.510281516542154350e+03
1.374932111169161089e+03
1.472569567630513575e+03
1.518306319964051909e+03
1.439719827562998944e+03
1.491765745839834153e+03
1.504941526009004292e+03
1.476610591314146404e+03
1.517382578060150990e+03
1.323597590651330847e+03
1.495363063576010518e+03
1.483742267648060306e+03
1.398768191970757471e+03
1.526815137593959662e+03
1.391991152950086416e+03
1.492130368657345343e+03
1.451663308272795803e+03
1.471867297277261969e+03
1.517050840059255279e+03
1.427203559106136936e+03
1.481884947206232255e+03
1.317171523013714705e+03
1.475795909469859907e+03
1.511229517000305805e+03
1.499667794336572115e+03
1.510837455718773072e+03
1.515550890052655177e+03
1.453336104743776559e+03
1.452604737447576326e+03
1.510587536575433433e+03
1.485863548606830818e+03
1.508270205106380217e+03
1.438838750025323179e+03
