1.596242347212384175e+03
1.564858496957718899e+03
1.590668004572993141e+03
1.554285816540623046e+03
1.599245904080827813e+03
1.542019013027063465e+03
1.565625380159868655e+03
1.527512388449804803e+03
1.580421364020433430e+03
1.567963186882670016e+03
1.559214717828573384e+03
1.578467854338987081e+03
1.591948079196598883e+03
1.598641884374277197e+03
1.599800927794781728e+03
1.600714193105964114e+03
1.597341108941830498e+03
1.592465762285694382e+03
1.567382385905903220e+03
1.596659264983194589e+03
1.588627878960938006e+03
1.598684824088009236e+03
1.575751204970147000e+03
1.502587759319991164e+03
1.572875384453482638e+03
1.482219785899937960e+03
1.592539297359097873e+03
1.588700769011921693e+03
1.577105595373828237e+03
1.560912572816285547e+03
1.587076565717200992e+03
1.578961601002598400e+03
1.598487478593982814e+03
1.585460933466664983e+03
1.549370042891565845e+03
1.568937290937812122e+03
1.598198307632753767e+03
1.599931824691644351e+03
1.534803184475697208e+03
1.567334265682516843e+03
1.536172687468105551e+03
1.542486786053352944e+03
1.599538027587089346e+03
1.559215849778733855e+03
1.595869330313630144e+03
1.564537109640701829e+03
1.559457537592304107e+03
1.543864717057026610e+03
1.582255121225100993e+03
1.590059193220461566e+03
1.597216228653415783e+03
1.599267745433620576e+03
1.555665627551975149e+03
1.564062154647667285e+03
1.578357749205233631e+03
1.543786199733786816e+03
1.580839145258390317e+03
1.561311846129086916e+03
1.545437876829892502e+03
1.558570305871420715e+03
1.564331257378805276e+03
1.593215780979142437e+03
1.529768305293570847e+03
1.601725212063343633e+03
1.584544226315572359e+03
1.561791409659846977e+03
1.562807825772921888e+03
1.566332719322550929e+03
1.548702682048277666e+03
1.581210042524467553e+03
1.579122165384926575e+03
1.513085631104123422e+03
1.553765608347533544e+03
1.572443493740477834e+03
1.528189273624757107e+03
1.577547034456789788e+03
1.600946841282604055e+03
1.600665022679342428e+03
1.574061548597346700e+03
1.542390425653530201e+03
1.601134059072851869e+03
1.520920296431331735e+03
1.594831358414387068e+03
1.547998827107822763e+03
1.558789137877429994e+03
1.521931742394075854e+03
1.554656047943525664e+03
1.593081410728292212e+03
1.588017798951089844e+03
1.536047514018985112e+03
1.445790456662712131e+03
1.581342273347620903e+03
1.595410972874212575e+03
1.564248984017977136e+03
1.602137853707146405e+03
1.537286626543253078e+03
1.584178825093544674e+03
1.587484706886654749e+03
1.584319524031678156e+03
1.572102441527706105e+03
1.520842570678608354e+03
1.579624084776052086e+03
1.564338322199349477e+03
1.597809065414314318e+03
1.490434354622128467e+03
1.568470458494252398e+03
1.572768420988111302e+03
1.578494247076926740e+03
1.596742835791201287e+03
1.592753072273523685e+03
1.556715598288701131e+03
1.585330566777284275e+03
1.587928933815742312e+03
1.590031115639842710e+03
1.570685031318067331e+03
1.547688379151126810e+03
1.541180583905225376e+03
1.386549636285864381e+03
1.592648082173336661e+03
1.593320912912864969e+03
1.556245090487069092e+03
1.594172204787887949e+03
1.556917963862440502e+03
1.602212266703150817e+03
1.600947807188861816e+03
1.566162210870455056e+03
1.596892948143369949e+03
1.590204151307364555e+03
1.531613550389778993e+03
1.573102689626568235e+03
1.563291569973203423e+03
1.544765114361654696e+03
1.589491085881469189e+03
1.551821121195134765e+03
1.566501437020342109e+03
1.540706858315110594e+03
1.578151032137832772e+03
1.565954191823680958e+03
1.585696420255153271e+03
1.504466247266654818e+03
1.600984648579673831e+03
1.583223557097749335e+03
1.587772002785151017e+03
1.548530463440226640e+03
1.598798291017958718e+03
1.600746414183166280e+03
1.556516817398141939e+03
1.567624250956061587e+03
1.503093299924842768e+03
1.595397965566395669e+03
1.500496751272502024e+03
1.597216228653415783e+03
1.595824183528241065e+03
1.547103654065803767e+03
1.578923360152670739e+03
1.301939860988202781e+03
1.599232056720224591e+03
1.578759636445207889e+03
1.490434354622128467e+03
1.559558699883371901e+03
1.597507671839044178e+03
1.589390142318521157e+03
1.594453241359501135e+03
1.572602079776434039e+03
1.554744250611777943e+03
1.596521075790285067e+03
1.548620398934924197e+03
1.543913918877580727e+03
1.581391132709067506e+03
1.595671545866978477e+03
1.595116048470078113e+03
1.591289680479488879e+03
1.513629017550948447e+03
1.551604820705951852e+03
1.570609768977926478e+03
1.566695420279281961e+03
1.521781460791625705e+03
1.601270070843306939e+03
1.553221586462999312e+03
1.571889923354955499e+03
1.578140716674161013e+03
1.562674436639412988e+03
1.544751450856501378e+03
1.599098542641678932e+03
1.537173472802685865e+03
1.595129611209084032e+03
1.521304246996387292e+03
1.539969589988858843e+03
1.591157286638318965e+03
1.591096923002265385e+03
1.569186681527655537e+03
1.508224093827332581e+03
1.534219407704866171e+03
1.587378914815195003e+03
1.597073346015101833e+03
1.571566553287573242e+03
1.537961778462185976e+03
1.603345074278081938e+03
1.566350935043510617e+03
1.583923495633414859e+03
1.590290606369795341e+03
1.601077100965645059e+03
1.594791867138366797e+03
1.602538126557376472e+03
1.518006670963477973e+03
1.576249797690175910e+03
1.593139541078562843e+03
1.591356494900967846e+03
1.592089457434747374e+03
1.552689675912786015e+03
1.593445696720131309e+03
1.601620864753950627e+03
1.546764036276113075e+03
1.570956531695497233e+03
1.582647181087265835e+03
1.565116937675931695e+03
1.565285238850170572e+03
1.517782594680854118e+03
1.543296372976768453e+03
1.601089327742378373e+03
1.586885558765228325e+03
1.566844200407771496e+03
1.565422316254076577e+03
1.548099110606725617e+03
1.582612066659537959e+03
1.542274784767535493e+03
1.531613550389778993e+03
1.603350271767380718e+03
1.581202139189807895e+03
1.578151498533291942e+03
1.599394565315235695e+03
1.590070063098012042e+03
1.578646814194447416e+03
1.575538645242124176e+03
1.531146457371641418e+03
1.553109638403670942e+03
1.603445421815627242e+03
1.530366205202582023e+03
1.576482745834756315e+03
1.564332652290727765e+03
1.421237852540275071e+03
1.579207658440541536e+03
1.591827953098324997e+03
1.566854044547006197e+03
1.551358616757050640e+03
1.557166852644162191e+03
1.553971444479951060e+03
1.576172652720449378e+03
1.579747618544467514e+03
1.594574617168070972e+03
1.542970091571947250e+03
1.593513816122479739e+03
1.545898211013400669e+03
1.595851596344039763e+03
1.602589596348979285e+03
1.544632213526551595e+03
1.549694988447007063e+03
1.595805388580059116e+03
1.602351920173402959e+03
1.543283853516049930e+03
1.585343930437629979e+03
1.591279457504763741e+03
1.584187442555496546e+03
1.518708473418338372e+03
1.590048756146633195e+03
1.590887091043401597e+03
1.564373714284230118e+03
1.593975359696578835e+03
1.536047514018985112e+03
1.313509398975101703e+03
1.497427457174964275e+03
1.592548488054659629e+03
1.586583663932599848e+03
1.550684673259456304e+03
1.566105798916831191e+03
1.564602406682102355e+03
1.513740069130655911e+03
1.566181978090545954e+03
1.569538027897362554e+03
1.553852711169910435e+03
1.567221069924392623e+03
1.589554789117456039e+03
1.538892619276953610e+03
1.598463046397434709e+03
1.585392783168884534e+03
1.579940314139183329e+03
1.599331735790332687e+03
1.577231024913950932e+03
1.542538738885399653e+03
1.591259275492925099e+03
1.560534497463295338e+03
1.530027432202988621e+03
1.535904456922997269e+03
1.595312219873905406e+03
1.529305378004960403e+03
1.564932875800307784e+03
1.571267993447303070e+03
1.459588464117715375e+03
1.570105795594583014e+03
1.586160337328695960e+03
1.562636759268783408e+03
1.568296090752709461e+03
1.593032621884326545e+03
1.527643081585915752e+03
1.600598339246251271e+03
1.536077545455643758e+03
1.521931742394075854e+03
1.555345359054246728e+03
1.313509398975101703e+03
1.578151498533291942e+03
1.544481325121336795e+03
1.523631408206617834e+03
1.569308871529337466e+03
1.593761430182089043e+03
1.534723257341275712e+03
1.554791918751643379e+03
1.582393890155295821e+03
1.391308149170702336e+03
1.580693833633524946e+03
1.522125021952532279e+03
1.601644174176657543e+03
1.565550293154240308e+03
1.562807825772921888e+03
1.572478405504678449e+03
1.602280998493420611e+03
1.601092664358987804e+03
1.558010753203645436e+03
1.600820048558150802e+03
1.547263623214755626e+03
1.564170816346806077e+03
1.556562312522168668e+03
1.593360450538153145e+03
1.570876442470817665e+03
1.600086832963280358e+03
1.602280998493420611e+03
1.601454677794852614e+03
1.572943889792286200e+03
1.562715323918422655e+03
1.514893402180342491e+03
1.562074415437125936e+03
1.534395700213782675e+03
1.565437758604501141e+03
1.562218410441450260e+03
1.572943889792286200e+03
1.599800927794781728e+03
1.579700200923301509e+03
1.565616849009544239e+03
1.576871781459737349e+03
1.589885712096366206e+03
1.544723077738890879e+03
1.559967522197874132e+03
1.584184254145174918e+03
1.518547358832482132e+03
1.550914174422578299e+03
1.516614618000477094e+03
1.589023431823310148e+03
1.580835067916928438e+03
1.591582875831643832e+03
1.562331378259688790e+03
1.594910654225430335e+03
1.560605904418040609e+03
1.568871000678467453e+03
1.572339324092471543e+03
1.588276828958358465e+03
1.526844679377524926e+03
1.572266454048349033e+03
1.548099110606725617e+03
1.526505011318008883e+03
1.547969724488805468e+03
1.564947666397061084e+03
1.507677954587826434e+03
1.583967216494165314e+03
1.583845885774509270e+03
1.596444228153772656e+03
1.584758513215849689e+03
1.561311846129086916e+03
1.556577443092531212e+03
1.522026195768698926e+03
1.570910056950927583e+03
1.584746317635393098e+03
1.526129925545573315e+03
1.568871000678467453e+03
1.596010605764108732e+03
1.598865640111860557e+03
1.554350315885111058e+03
1.547059332334730243e+03
1.567851473673603778e+03
1.596979421744432329e+03
1.543361706250912903e+03
1.507465548433044205e+03
1.554409654629442684e+03
1.584931396934745408e+03
1.493842926937936681e+03
1.531073773861003929e+03
1.586909781414871759e+03
1.546482658833209825e+03
1.556475123907501484e+03
1.575499982142915314e+03
1.560730498259227261e+03
1.544210165875392249e+03
1.546825257188004798e+03
1.597284179198541551e+03
1.572789866369750598e+03
1.597221122424384703e+03
1.592624495377589255e+03
1.544811938480316940e+03
1.550368291485752252e+03
1.597225287549684253e+03
1.601909898321789569e+03
1.568086578956058247e+03
1.517037498620306451e+03
1.602444478728653166e+03
1.596215142440307091e+03
1.562911729627499199e+03
1.587766212380964589e+03
1.599981620046682110e+03
1.590815348443676612e+03
1.546647795810437174e+03
1.593733846924070576e+03
1.509024723422187208e+03
1.563026474145688098e+03
1.585343930437629979e+03
1.554266648339320454e+03
1.594760826024735479e+03
1.490241830190153678e+03
1.519212484811879904e+03
1.551687650196235154e+03
1.551800211939769042e+03
1.579249061974620417e+03
1.560141625132304853e+03
1.581645672548632319e+03
1.531806532641316608e+03
1.590630534165306699e+03
1.574068059466122577e+03
1.585793497975239006e+03
1.599904481841878351e+03
1.601771143297833078e+03
1.530221499196514060e+03
1.594297542762002649e+03
1.562574254674958183e+03
1.572705764734537524e+03
1.566201077192067032e+03
1.520909946235053440e+03
1.595958533504414618e+03
1.529094948762034164e+03
1.502747742937383009e+03
1.573284904476820429e+03
1.595909888572987256e+03
1.565993708930315279e+03
1.558070889180024324e+03
1.572981241729222802e+03
1.581979291477119887e+03
1.599754965359353491e+03
1.541372988847465422e+03
1.603019237284099290e+03
1.584375152553686348e+03
1.598746815833532764e+03
1.558569328448659235e+03
1.555500719132386848e+03
1.575613867745460311e+03
1.537746061646007547e+03
1.601140391062010622e+03
1.581270141860625472e+03
1.525420237722748652e+03
1.579130768223325731e+03
1.530428893872601520e+03
1.602438710791461290e+03
1.590385887486973161e+03
1.574397025494000445e+03
1.600495016408597166e+03
1.461610907079684694e+03
1.591753232345978631e+03
1.512778982743898496e+03
1.538894095120356951e+03
1.601008076741821696e+03
1.593678476112981116e+03
1.513194537589992251e+03
1.554350315885111058e+03
1.539885775633574212e+03
1.603352277023281886e+03
1.579970561380179106e+03
1.589696289143197191e+03
1.550985344603817794e+03
1.585701429654179265e+03
1.523880790125766907e+03
1.551299243218222045e+03
1.583075168769297761e+03
1.504852288444351643e+03
1.571566553287573242e+03
1.575401211440079123e+03
1.521196171017775214e+03
1.383081386365298613e+03
1.602884599028157936e+03
1.600923366668183462e+03
1.572415399268610372e+03
1.486721415760721584e+03
1.592815881933886885e+03
1.558129924469888920e+03
1.500101052009322757e+03
1.502348971569460673e+03
1.587664494702977663e+03
1.586838504404527839e+03
1.577508139040091919e+03
1.536555204070839636e+03
1.565954191823680958e+03
1.597629640271353082e+03
1.595639367353437137e+03
1.556304454861464365e+03
1.553933800282740776e+03
1.481500000000000000e+03
1.542309076548892335e+03
1.563079775456764310e+03
1.597528555574509710e+03
1.602051317003780468e+03
1.589357646027700412e+03
1.498339156797103897e+03
1.574265751566584413e+03
1.578447962591908436e+03
1.560258524114075954e+03
1.597931577115187110e+03
1.534395700213782675e+03
1.571060031469140995e+03
1.583860336625597938e+03
1.588697666915066520e+03
1.567136191218554814e+03
1.568521900627669083e+03
1.582905362574033461e+03
1.599508302377321797e+03
1.564161549986827140e+03
1.516574417665129204e+03
1.500496751272502024e+03
1.600712446395415554e+03
1.602211919334589311e+03
1.599323024553719733e+03
1.507816709653028056e+03
1.540878939928367345e+03
1.591108310087593054e+03
1.603244135865267253e+03
1.557572985560329471e+03
1.572953570638122073e+03
1.598560145126408770e+03
1.552784294634503567e+03
1.577508139040091919e+03
1.457522684316027153e+03
1.497263055432914825e+03
1.584837383914908742e+03
1.535414347335510683e+03
1.566049379608499976e+03
1.579662934366607942e+03
1.498339156797103897e+03
1.529625434340749052e+03
1.568529467416484749e+03
1.531806532641316608e+03
1.586058264747416160e+03
1.418152229705862737e+03
1.528821291907443538e+03
1.533746710111887069e+03
1.388079419846256769e+03
1.590241357845854282e+03
1.572039819003917046e+03
1.592529751327840131e+03
1.588527389274071311e+03
1.547820623014907369e+03
1.587565631295549792e+03
1.559980123217880418e+03
1.581210042524467553e+03
1.516862284143724082e+03
1.582612066659537959e+03
1.602647978404060950e+03
1.534434778759806704e+03
1.586445022494666318e+03
1.592117024209837382e+03
1.564248984017977136e+03
1.568995798935703533e+03
1.596804274965635159e+03
1.586241090399575569e+03
1.527300032407430763e+03
1.585750491812985047e+03
1.568005864579989520e+03
1.553124928143237867e+03
1.545051943378433862e+03
1.573502468399195550e+03
1.565479430482249882e+03
1.589599831189886572e+03
1.503896510358674277e+03
1.560084040627308468e+03
1.560642984604788126e+03
1.583852151123702242e+03
1.602590767786992728e+03
1.566515536625842742e+03
1.596564581445684780e+03
1.552534220862723942e+03
1.564290515050102840e+03
1.560869557043322857e+03
1.531313788085627493e+03
1.583461561751488262e+03
1.579979415600449784e+03
1.572978602802132400e+03
1.448666483551832471e+03
1.544913853016341591e+03
1.579624084776052086e+03
1.518865548370732995e+03
1.559127176046966497e+03
1.595129611209084032e+03
1.530998171982609620e+03
1.519238042985482025e+03
1.586113987733739350e+03
1.568369083539903613e+03
1.602288603500889849e+03
1.580137565969710295e+03
1.597507671839044178e+03
1.585701429654179265e+03
1.556460266890088405e+03
1.564624627738808613e+03
1.577044894831792362e+03
1.551379263068525233e+03
1.583094632229542412e+03
1.542161011206080957e+03
1.565240150030485893e+03
1.601132947043081003e+03
1.579534603560221058e+03
1.566012461215491385e+03
1.547722130261299526e+03
1.555477485943226839e+03
1.563479044037761696e+03
1.559059337330700146e+03
1.558550749129353562e+03
1.543120147889680084e+03
1.520957318464538275e+03
1.571463219775632297e+03
1.597259822448771047e+03
1.596718687011906013e+03
1.577587208975976409e+03
1.590661506245974124e+03
1.563218338064866657e+03
1.578206980606891875e+03
1.531687119833171209e+03
1.576172652720449378e+03
1.590982537020830932e+03
1.538589989237563259e+03
1.534395700213782675e+03
1.585010258516650538e+03
1.602471324232879624e+03
1.564932875800307784e+03
1.586953430430450680e+03
1.584648442907618573e+03
1.538442117948525492e+03
1.566549076337000088e+03
1.520441139518104364e+03
1.601867233203532578e+03
1.586926196953344743e+03
1.563865425687730294e+03
1.522370583733966214e+03
1.545203538578182361e+03
1.501643925593342601e+03
1.582308899737672618e+03
1.592261732072756331e+03
1.584549627798832944e+03
1.564415180079447509e+03
1.600669883726302032e+03
1.579011085591829669e+03
1.588494562699658672e+03
1.602113641619699365e+03
1.580119606030303885e+03
1.493751929597278831e+03
1.594453241359501135e+03
1.552247346227741673e+03
1.590203835347734184e+03
1.602987029601935774e+03
1.594470368777700742e+03
1.574345233087843553e+03
1.544908302986557374e+03
1.578987922208859345e+03
1.575086603648874188e+03
1.562854857564372196e+03
1.577718939117784430e+03
1.603205925846811624e+03
1.534941411358349342e+03
1.555148446229921092e+03
1.573558098956139474e+03
1.570316512146817331e+03
1.580174705058539985e+03
1.585869211167191679e+03
1.583508662731689810e+03
1.571821359709997523e+03
1.583939535003981291e+03
1.598273873216517586e+03
1.549397656042503741e+03
1.409285748243470607e+03
1.540398790569135144e+03
1.579836259466044794e+03
1.541361549949454911e+03
1.541549365078005621e+03
1.601591980262490324e+03
1.599272583565133800e+03
1.566150100395456548e+03
1.580413399692897656e+03
1.559380366958789182e+03
1.562273399031461167e+03
1.563612753914233735e+03
1.590439957365896362e+03
1.573049017785008573e+03
1.566224728773065635e+03
1.588263747309496466e+03
1.546719573456605303e+03
1.597901874869413859e+03
1.586612073309987863e+03
1.584180431234136904e+03
1.528436104357324666e+03
1.539632501287399009e+03
1.557226414942048223e+03
1.574559084016479119e+03
1.528761116356949515e+03
1.502080781192949871e+03
1.583513404576916400e+03
1.565529730995150658e+03
1.560886707159698290e+03
1.592808767717618593e+03
1.596249915450911658e+03
1.474213951376460045e+03
1.588682891868001207e+03
1.455821595301304114e+03
1.570956531695497233e+03
1.590772115756924450e+03
1.589161498325203411e+03
1.533559962891755504e+03
1.578447962591908436e+03
1.596293447916733385e+03
1.579883077845935077e+03
1.579787774257711362e+03
1.583480333633264308e+03
1.572830272460563720e+03
1.475965667679003218e+03
1.577479551423177554e+03
1.597626838143892201e+03
1.587540274558791680e+03
1.566572251414263519e+03
1.593137840700811012e+03
1.596799591045117950e+03
1.585292761277442423e+03
1.602044151176750574e+03
1.537366125912121788e+03
1.567769000279068678e+03
1.601251113570880534e+03
1.583669671086528524e+03
1.598588916159303153e+03
1.568961798217877913e+03
1.523725488235737885e+03
1.603300349209569504e+03
1.578645096711933093e+03
1.592276491030858779e+03
1.588485647370752531e+03
1.598777223363431631e+03
1.536273297776484924e+03
1.520536175840054966e+03
1.601365667930217569e+03
1.544874892398046768e+03
1.332489950484309929e+03
1.554944098586618793e+03
1.573689206820753043e+03
1.550972800053151332e+03
1.577067285524442013e+03
1.563787554070137730e+03
1.581863388348656372e+03
1.578772791218834300e+03
1.491738821358330824e+03
1.560096715247131442e+03
1.582797447816109525e+03
1.570132592506915216e+03
1.589140426806529376e+03
1.588485647370752531e+03
1.510141451751784416e+03
1.583992264037472523e+03
1.574026825828491155e+03
1.584786036835644154e+03
1.551746492894282255e+03
1.578050392722994957e+03
1.600217888931221978e+03
1.591462006238105687e+03
1.543212519949959187e+03
1.584100596139235449e+03
1.590016846209397727e+03
1.584855160113787406e+03
1.571589714872638524e+03
1.553765608347533544e+03
1.585984291819177770e+03
1.597053462815976673e+03
1.554177419207852381e+03
1.569355909600211589e+03
1.602510286084346262e+03
1.589078659144593075e+03
1.602631838283924253e+03
1.586926196953344743e+03
1.558839504626695316e+03
1.525335241013248378e+03
1.581977844344787172e+03
1.556791353940457157e+03
1.582308899737672618e+03
1.593253284740966137e+03
1.583086954106916437e+03
1.569616618326023627e+03
1.563768003860365070e+03
1.568561514077711763e+03
1.549265202036044229e+03
1.588930933216022595e+03
1.577881923682251909e+03
1.569862402936561011e+03
1.559484197688296717e+03
1.602288529149718215e+03
1.564748730864968593e+03
1.562224248033845697e+03
1.574079155675796756e+03
1.593283004458396135e+03
1.569011932268692362e+03
1.589125664882645196e+03
1.548669454937507908e+03
1.529532686483755242e+03
1.543993670584926576e+03
1.584436497076886553e+03
1.586804006210757962e+03
1.525705139582358925e+03
1.595364660848084213e+03
1.590387207316593049e+03
1.548770915438983593e+03
1.576827987153707909e+03
1.561679528113975039e+03
1.567223734910002804e+03
1.531687119833171209e+03
1.593961059648535183e+03
1.518744787410460276e+03
1.590222241647444889e+03
1.600621666356248170e+03
1.557062248497533119e+03
1.555136200547847238e+03
1.567643397987303615e+03
1.601069126806316490e+03
1.565207279973321192e+03
1.493978465775962832e+03
1.596706175142809116e+03
1.596167862501037689e+03
1.583554425123467354e+03
1.549367011509180429e+03
1.580243019112735965e+03
1.601144503458220697e+03
1.570918221180894989e+03
1.593653536945501855e+03
1.585149798667270261e+03
1.521221088256170106e+03
1.572900413817369554e+03
1.600178758549283430e+03
1.518158083745740441e+03
1.600712446395415554e+03
1.561952714983437772e+03
1.561662016852003489e+03
1.581852258075834015e+03
1.593538312851648470e+03
1.562784551282554730e+03
1.553077162544122075e+03
1.586903739872650931e+03
1.559747764875571647e+03
1.552223281829803000e+03
1.549623730391031131e+03
1.559000302145332626e+03
1.544315683304181221e+03
1.594108395389052703e+03
1.585465276319189570e+03
1.554365870795634692e+03
1.600939147944247225e+03
1.602836332057028358e+03
1.338150979270918015e+03
1.529644805619092494e+03
1.599028834544245001e+03
1.595471678709413482e+03
1.579699491728580369e+03
1.499848475154323978e+03
1.595450325200972657e+03
1.555417170702947715e+03
1.573843009990806877e+03
1.585854893026272975e+03
1.586715205841659554e+03
1.539541525830941282e+03
1.567511734728297142e+03
1.536676448546904339e+03
1.529261248266335770e+03
1.583513404576916400e+03
1.601775484207106274e+03
1.592058610683197458e+03
1.595840534685750072e+03
1.562673972983919839e+03
1.600624649673049362e+03
1.534391817063070448e+03
1.566844200407771496e+03
1.554484395013433186e+03
1.572962063162553477e+03
1.602125905221965013e+03
1.582492289454160073e+03
1.579093030240789403e+03
1.592892378973577024e+03
1.548327923152289031e+03
1.596126577595090112e+03
1.591649632107428033e+03
1.528929420050909357e+03
1.599323024553719733e+03
1.596098360390497191e+03
1.566406042767913277e+03
1.592912096500323287e+03
1.533646264153748007e+03
1.599786118419811601e+03
1.502414668418729434e+03
1.599588580030166213e+03
1.535909624509825790e+03
1.599828892992293959e+03
1.581438031971279997e+03
1.504410763267102766e+03
1.562719237538968173e+03
1.600301313269536877e+03
1.596107336757042503e+03
1.511950130090224320e+03
1.603034713781704568e+03
1.596470339831234242e+03
1.506620724716409768e+03
1.592196453580184652e+03
1.577823523189589650e+03
1.551119700267187454e+03
1.550121369534346741e+03
1.540533615988424117e+03
1.599753903030082029e+03
1.597555847054071137e+03
1.541866446449976820e+03
1.602252863115857735e+03
1.589092902197431840e+03
1.578124280559468616e+03
1.557301040141806425e+03
1.586650411516119220e+03
1.557886630171569777e+03
1.590686070916722201e+03
1.558208296056745894e+03
1.601152172810988077e+03
1.517101138366411760e+03
1.603000438413974734e+03
1.583434378287362961e+03
1.572443493740477834e+03
1.585277108000427233e+03
1.539871522151476483e+03
1.521699738064223311e+03
1.537652396880944707e+03
1.502587759319991164e+03
1.503711102194755767e+03
1.585114440290679795e+03
1.332489950484309929e+03
1.497427457174964275e+03
1.601034636492688378e+03
1.573512589227896115e+03
1.551580074717358002e+03
1.589553538290992037e+03
1.595360294093572293e+03
1.555743373322616662e+03
1.557691420322202703e+03
1.579461735285751274e+03
1.582847942969169253e+03
1.569896910473084517e+03
1.534643654816193020e+03
1.599250345492033375e+03
1.514789202777075388e+03
1.209226815910662708e+03
1.579883077845935077e+03
1.583943326048380641e+03
1.515085848177811158e+03
1.442830033000281674e+03
1.581733862073851242e+03
1.545400216318711955e+03
1.583105940690443049e+03
1.590168447494454085e+03
1.574499838373782723e+03
1.581873798734405000e+03
1.565980147766923437e+03
1.546000795504356802e+03
1.592786941679477195e+03
1.602352939794122676e+03
1.520015590681641925e+03
1.593644830248440485e+03
1.418152229705862737e+03
1.600714193105964114e+03
1.502587759319991164e+03
1.557778902329589982e+03
1.595331163708515760e+03
1.591579160637263158e+03
1.603155329062325336e+03
1.514690157297832002e+03
1.548431473477709460e+03
1.589501023679354148e+03
1.599267549851473177e+03
1.588014544319260949e+03
1.572110692349331202e+03
1.572687443489333873e+03
1.584991811313672770e+03
1.594409619838964318e+03
1.564076026729584328e+03
1.562187482234922754e+03
1.569640248415742008e+03
