1.656738393563397040e+03
1.655454645507013083e+03
1.619949634704747268e+03
1.613043917691558818e+03
1.624370070272560042e+03
1.660981920703708056e+03
1.542393457234198195e+03
1.637957428051820671e+03
1.607421234902450578e+03
1.591391872422027291e+03
1.665015971306384472e+03
1.638806973340795139e+03
1.662632593733888825e+03
1.554299487510294284e+03
1.654827269150556276e+03
1.623216108859884571e+03
1.658977875824453349e+03
1.644991405007721596e+03
1.664694037008291843e+03
1.528159722335655488e+03
1.576517062323263417e+03
1.607457327488700230e+03
1.529759143544476274e+03
1.633814198221811012e+03
1.569596598980434692e+03
1.605570171814381183e+03
1.650406108090246562e+03
1.663159201580157969e+03
1.644034622223319275e+03
1.656083713052541270e+03
1.653098358826495996e+03
1.595233663594122618e+03
1.650156976313631503e+03
1.654133425845774809e+03
1.637960230905237268e+03
1.659460673282798552e+03
1.652359210471854112e+03
1.626588427817756383e+03
1.551055968167231640e+03
1.582835364836198551e+03
1.573390260204961805e+03
1.567596935668970445e+03
1.653976413316855997e+03
1.664694037008291843e+03
1.634611561085007907e+03
1.653959768296745551e+03
1.648323208627075701e+03
1.650724006310838149e+03
1.653898750125342531e+03
1.624140518684810559e+03
1.554221412928726295e+03
1.661416120332427226e+03
1.627856459486686617e+03
1.638140704177301814e+03
1.639743753702313825e+03
1.586103757323494847e+03
1.646814178756740830e+03
1.624291416196494993e+03
1.600183832100467953e+03
1.586174635273378044e+03
1.657056021153137408e+03
1.664422565982063134e+03
1.609174792418074958e+03
1.656943900730340829e+03
1.641725445429556657e+03
1.626610503130134475e+03
1.613960269851409294e+03
1.580503564769792774e+03
1.631875605881240972e+03
1.591391872422027291e+03
1.610365973714335269e+03
1.660422774455425042e+03
1.615574425080388892e+03
1.651313572821370599e+03
1.643776064068208825e+03
1.496863427319750144e+03
1.639398222107690344e+03
1.656308225731523180e+03
1.655802471114418495e+03
1.649630386995580011e+03
1.664182280830614673e+03
1.662378912701457011e+03
1.664672951952517906e+03
1.619493120000069666e+03
1.623145037760313016e+03
1.657569337996012337e+03
1.647976093527248395e+03
1.652903740392310738e+03
1.652109538984644814e+03
1.652370525911535879e+03
1.574560522913785235e+03
1.662725713798858351e+03
1.630490486974337728e+03
1.644212804770168077e+03
1.633699439061935891e+03
1.636275402331672012e+03
1.655280789123625709e+03
1.638070887778136694e+03
1.661136381445198595e+03
1.591165301514785824e+03
1.644330053768045218e+03
1.663749529071710867e+03
1.633814198221811012e+03
1.656378811570617017e+03
1.653029988111224384e+03
1.607637080724496627e+03
1.587900366319019213e+03
1.556348498197030494e+03
1.662567330797706973e+03
1.614316041898869116e+03
1.653606214370081489e+03
1.621894321628962189e+03
1.663900396409884934e+03
1.600424957338381773e+03
1.664550290544148766e+03
1.647558814360528686e+03
1.658077748932174700e+03
1.629744527611721423e+03
1.631819157652641479e+03
1.636068989769798236e+03
1.649645240237921598e+03
1.588144788445828681e+03
1.634510707322244116e+03
1.624162238223220356e+03
1.627988509858561201e+03
1.604326694139114124e+03
1.624188841080167094e+03
1.582521080346674125e+03
1.610572038933179101e+03
1.664445533008430175e+03
1.655978047768209763e+03
1.601135669133704141e+03
1.659587562019994039e+03
1.637600168955784284e+03
1.535465952404147174e+03
1.661256483172342541e+03
1.655224124729156301e+03
1.641462714036453690e+03
1.649093415377399197e+03
1.646405842566700812e+03
1.655449778751293934e+03
1.599139007399675393e+03
1.651137338672569285e+03
1.647369695581669475e+03
1.662443780426329795e+03
1.624637082728630048e+03
1.642783959369161266e+03
1.563717665507928132e+03
1.641851506861967209e+03
1.598261642010633977e+03
1.619392186544638889e+03
1.654766028490304507e+03
1.647855764214475130e+03
1.642999786843121910e+03
1.622343020801522471e+03
1.625890578602472942e+03
1.600944002386298735e+03
1.658456110474526668e+03
1.645318102467935887e+03
1.631150847905143564e+03
1.555910396174995185e+03
1.656748808666704917e+03
1.619707439122403230e+03
1.535461381848363544e+03
1.660458248442620288e+03
1.619714534514185289e+03
1.585367450630237499e+03
1.616862674579594795e+03
1.656352767569300340e+03
1.656462652428634556e+03
1.624495004445572704e+03
1.614323882960803076e+03
1.638016011586610375e+03
1.636972277084565576e+03
1.637929321570648654e+03
1.622087114318416070e+03
1.662723199663921605e+03
1.653178002769922387e+03
1.599723719767294369e+03
1.592627076346121612e+03
1.569369381013431848e+03
1.633766953659200226e+03
1.622209488044609316e+03
1.638370848192501171e+03
1.641657578384760200e+03
1.581306285985287332e+03
1.625954935426874727e+03
1.650744819493034811e+03
1.600642131686470066e+03
1.634002849229410685e+03
1.643048741032201406e+03
1.543674466396331354e+03
1.661796130902860114e+03
1.613515275291557373e+03
1.560214458484018451e+03
1.653518183176086268e+03
1.590234765101544326e+03
1.633243590922586918e+03
1.640886795960972449e+03
1.637747687242547954e+03
1.653317031700512189e+03
1.623962735839079187e+03
1.657396192916804466e+03
1.652973067968503528e+03
1.651762959585765202e+03
1.664403630719695229e+03
1.496863427319750144e+03
1.657876595992948523e+03
1.599969529965113907e+03
1.647487802359068610e+03
1.542803455360035969e+03
1.616346054562312929e+03
1.611146914235685699e+03
1.664842690708450846e+03
1.656547510981351934e+03
1.514358334926648467e+03
1.405737629646888081e+03
1.628957237142259146e+03
1.644104616739885842e+03
1.607188766896815650e+03
1.590968135829678886e+03
1.634898706982105296e+03
1.592606062574307089e+03
1.657928661091832510e+03
1.616948686542659743e+03
1.635231662001639052e+03
1.661947336723843819e+03
1.528333555726994973e+03
1.658941464854769265e+03
1.648171167944389254e+03
1.638914835789606968e+03
1.645031511470064288e+03
1.616717490040073699e+03
1.654936138405768816e+03
1.614031349385737713e+03
1.652488498804240407e+03
1.636667076808526190e+03
1.549480535261938485e+03
1.662090989001414982e+03
1.657828631659649773e+03
1.646463340610822797e+03
1.644117165142087288e+03
1.596985221745422677e+03
1.657776633057392019e+03
1.627425919707777666e+03
1.656523952230360919e+03
1.644979090548070417e+03
1.621154200308885947e+03
1.593393131108008674e+03
1.641594847899329125e+03
1.651317089433932551e+03
1.508078490184277598e+03
1.616190340337770294e+03
1.631293049017878275e+03
1.640713678697760315e+03
1.627128864048153218e+03
1.641505178505660297e+03
1.604891411841715126e+03
1.655580239015993584e+03
1.584509669077488297e+03
1.576936374583201086e+03
1.430419278000278609e+03
1.644045703064550025e+03
1.631196381595080311e+03
1.624189774092468269e+03
1.660280257821248597e+03
1.623402465187876487e+03
1.637413583396765944e+03
1.655348794474196893e+03
1.628370051830064995e+03
1.549350900439827001e+03
1.624262276187477028e+03
1.658180643016322392e+03
1.574410977288124286e+03
1.635900136022057723e+03
1.643018789854168972e+03
1.654009740831649424e+03
1.653178896968370054e+03
1.618195384023202450e+03
1.569248472586657044e+03
1.567602546681956255e+03
1.556234488463966500e+03
1.581085059387477031e+03
1.627325841516081255e+03
1.636748933086668785e+03
1.642268350883023004e+03
1.629633497870464453e+03
1.580247460977986975e+03
1.633760655471895006e+03
1.636872441650922383e+03
1.660577586951013245e+03
1.658319090779176577e+03
1.608724389417536486e+03
1.651376465845664825e+03
1.640278446276042359e+03
1.552247916001115755e+03
1.633060556810120715e+03
1.655099758281709001e+03
1.651243910700076412e+03
1.602739770935648721e+03
1.634723723818477765e+03
1.625561592306444027e+03
1.659731697805573958e+03
1.619296610782579819e+03
1.540426562108744520e+03
1.585436335746208897e+03
1.648849739791280172e+03
1.658396706614558298e+03
1.657593003458272506e+03
1.658257904961302984e+03
1.589948993125493871e+03
1.626856272845269132e+03
1.619025417764275062e+03
1.626507066917097745e+03
1.496863427319750144e+03
1.646277446161806438e+03
1.650916342510940922e+03
1.623847902879142794e+03
1.654878863680944505e+03
1.600215747768981373e+03
1.655449778751293934e+03
1.618971813147234116e+03
1.641703376325005593e+03
1.614159527662896380e+03
1.657395372567192453e+03
1.653745753465364487e+03
1.622907435112740586e+03
1.583406496128841809e+03
1.588958269975256371e+03
1.531017616258737007e+03
1.592494039533422438e+03
1.632454244655529237e+03
1.656484338001994956e+03
1.638016011586610375e+03
1.561002399835346750e+03
1.597414403117305937e+03
1.664487788398505245e+03
1.640688056101824941e+03
1.653988864951177220e+03
1.621656317126860586e+03
1.625906332182348933e+03
1.646313391515773219e+03
1.661288620170855438e+03
1.642694375595595602e+03
1.656758298689616595e+03
1.649324441014570539e+03
1.529570545792595340e+03
1.643665361409756088e+03
1.640713678697760315e+03
1.659542849125652310e+03
1.624495004445572704e+03
1.557907095347684390e+03
1.508078490184277598e+03
1.649983592959273210e+03
1.637335892682270696e+03
1.583950907514052233e+03
1.664986042104573698e+03
1.637489369973412977e+03
1.607908512758333472e+03
1.608566438633951520e+03
1.660757420266612371e+03
1.664106060418537481e+03
1.633373442843048906e+03
1.632454244655529237e+03
1.593015445864144340e+03
1.621523474622446884e+03
1.647557225308646366e+03
1.653621302922420000e+03
1.617021460215752313e+03
1.655385299999000381e+03
1.623071064034637629e+03
1.557324955984858207e+03
1.647141160750851213e+03
1.609238915107236380e+03
1.654763347914338283e+03
1.451100995563555443e+03
1.640713678697760315e+03
1.603978980069893851e+03
1.627902893376831344e+03
1.656586951193699406e+03
1.651067679434138427e+03
1.623256240239496492e+03
1.611285628632697808e+03
1.649872517116796189e+03
1.576733762576562413e+03
1.654637607978950200e+03
1.637653416001842970e+03
1.655350101428998641e+03
1.655620243243681898e+03
1.619116165731273213e+03
1.641035530288671907e+03
1.663036010288426269e+03
1.628585231825511755e+03
1.614996659534322134e+03
1.566607040851035435e+03
1.540162373517796141e+03
1.636383204914425505e+03
1.620092853046072833e+03
1.653056854479141066e+03
1.633163656071055811e+03
1.664838325306479419e+03
1.550326140985827806e+03
1.639674001281867959e+03
1.531585485710228113e+03
1.651687290688701523e+03
1.554443229672405323e+03
1.655112514512201642e+03
1.660802448511675493e+03
1.653644637802547550e+03
1.652073640623303163e+03
1.662990079379208964e+03
1.625312841851118264e+03
1.623257961851569462e+03
1.422665502881666725e+03
1.636660427492962526e+03
1.647486494842203228e+03
1.626534799228065140e+03
1.644799540507891606e+03
1.655970692068460494e+03
1.649095192219137061e+03
1.641896346128852883e+03
1.587581383069721596e+03
1.652620543913130632e+03
1.649872094830692504e+03
1.624291416196494993e+03
1.664575422757296565e+03
1.644676399964233951e+03
1.640745715046981331e+03
1.655644298646351217e+03
1.645076095340413303e+03
1.602818307920657162e+03
1.643217094555302083e+03
1.651798384080055712e+03
1.486811263235024171e+03
1.659399078789821942e+03
1.618460779881141207e+03
1.636580761856431991e+03
1.653725297686308977e+03
1.629670796091701504e+03
1.641881844184147212e+03
1.576828812375616735e+03
1.640828627556168158e+03
1.613268505151912905e+03
1.637866164605803533e+03
1.624213241508624833e+03
1.649594702308223077e+03
1.645620935463804244e+03
1.656909544392634871e+03
1.642115607345151830e+03
1.656825703388986312e+03
1.637520481426613742e+03
1.648468640676798714e+03
1.600764783338725465e+03
1.645923336933775772e+03
1.654847658151997393e+03
1.646253072091014701e+03
1.616279718119698146e+03
1.664340175105011895e+03
1.597779441727637277e+03
1.633776678698087380e+03
1.630000488362726628e+03
1.639067071948192279e+03
1.652434923822341261e+03
1.600714205388202572e+03
1.605028370569806157e+03
1.656093270984328228e+03
1.647442016696028304e+03
1.654503699499474806e+03
1.627806130409481057e+03
1.651766324426581150e+03
1.645446727727929101e+03
1.628752506030989935e+03
1.651434875470812131e+03
1.621044539614285895e+03
1.543871083042129158e+03
1.657776633057392019e+03
1.637113826061951613e+03
1.658573455857180761e+03
1.641597157523782698e+03
1.646866951292231079e+03
1.642569639101902794e+03
1.654367675327687948e+03
1.639733188323251170e+03
1.634773522466400209e+03
1.661534790256123870e+03
1.610026895450891743e+03
1.594444841460864154e+03
1.596472053173448785e+03
1.650987810118268044e+03
1.642479378984362484e+03
1.643595458514223083e+03
1.648241163833159817e+03
1.651468218019457026e+03
1.659341481651052391e+03
1.657369259308431538e+03
1.643920438012559543e+03
1.647340194559149722e+03
1.641957831242858447e+03
1.657881076948173813e+03
1.644326208338849483e+03
1.622801839499662947e+03
1.596606985946261375e+03
1.588609760754952504e+03
1.621193116976823603e+03
1.644167670407407968e+03
1.601721296425607761e+03
1.573673900887975606e+03
1.659780657783350307e+03
1.634186947527193524e+03
1.580318092726865189e+03
1.659810136319623552e+03
1.581625794991679413e+03
1.659276376347188261e+03
1.653833062457602637e+03
1.637338148612787109e+03
1.637069560642669558e+03
1.662232252946632798e+03
1.642010552957837490e+03
1.576569348855939552e+03
1.657332546564592349e+03
1.583115942891095528e+03
1.614200281381813284e+03
1.655615871729592300e+03
1.657793332396927099e+03
1.661870319635879468e+03
1.569205801943927099e+03
1.637660110574455985e+03
1.640713678697760315e+03
1.653644637802547550e+03
1.663982630971016533e+03
1.550516095096357731e+03
1.633748646877912506e+03
1.590684154249075164e+03
1.655014374100243231e+03
1.664121567168650927e+03
1.650907890274919964e+03
1.653634908421876162e+03
1.646310899653795786e+03
1.633053844978609504e+03
1.629533366352956136e+03
1.658193891494426225e+03
1.550997425690181899e+03
1.657095362095136579e+03
1.639399794672947337e+03
1.643415608927377434e+03
1.645522315131104733e+03
1.646184937508812709e+03
1.664379789610096395e+03
1.564545204364807205e+03
1.611373432394837209e+03
1.552718451679789268e+03
1.644120204234812263e+03
1.658711337320691200e+03
1.609737233766829831e+03
1.647041146893284349e+03
1.641444935036383868e+03
1.649727938349379428e+03
1.635876103565939729e+03
1.592689789621306772e+03
1.640729981801188842e+03
1.546048824160242930e+03
1.653342717297183526e+03
1.656727854916536671e+03
1.630302602649640448e+03
1.658119608919050279e+03
1.662948356757177635e+03
1.611803278249905588e+03
1.524038907779792453e+03
1.656232071267141237e+03
1.658477434038215051e+03
1.651807659394312623e+03
1.517535961905273780e+03
1.619836640032050127e+03
1.636757288238289902e+03
1.589455936518087128e+03
1.612901821428909216e+03
1.536437527901434578e+03
1.644191475261669893e+03
1.663577703335093247e+03
1.636847575311422816e+03
1.581690231428792913e+03
1.619620812762903370e+03
1.567841947108549675e+03
1.601293394202084983e+03
1.617470861223627708e+03
1.664394697065586570e+03
1.660721557807231193e+03
1.623338967922834627e+03
1.605581277573477792e+03
1.602032446319306928e+03
1.601280137983492068e+03
1.588789440691003620e+03
1.617501593545689730e+03
1.651915285287376264e+03
1.606670239127502100e+03
1.664175650920953331e+03
1.599710080472802929e+03
1.609578143550226287e+03
1.636671065848159287e+03
1.637814380046999304e+03
1.651955208044528263e+03
1.563347772337562219e+03
1.649627629644063063e+03
1.664506687566383334e+03
1.650156976313631503e+03
1.653180181427117532e+03
1.654042604321015688e+03
1.660637543428254730e+03
1.554443229672405323e+03
1.649273249890819898e+03
1.637376282789122570e+03
1.610739465900959203e+03
1.659467294815907280e+03
1.649122090119051336e+03
1.621118698381256308e+03
1.658185957324309584e+03
1.657907751352280229e+03
1.591184077858495357e+03
1.633948584172915162e+03
1.627689159744452809e+03
1.653889728118407675e+03
1.636047604631929744e+03
1.562490579568877820e+03
1.659649958165138742e+03
1.590609258727084125e+03
1.647847095196963892e+03
1.551806445523911634e+03
1.659778436160579531e+03
1.643321527394638224e+03
1.642072371104417925e+03
1.631293049017878275e+03
1.623257030752071842e+03
1.638619532648145196e+03
1.656548880708211527e+03
1.661542900075728312e+03
1.632725996624705658e+03
1.623888273096495595e+03
1.600813083820173460e+03
1.643255600140988236e+03
1.662279323441381393e+03
1.660252112897414236e+03
1.663501779304646789e+03
1.599267515864428788e+03
1.611166945900691417e+03
1.643342853113823594e+03
1.654757251239477455e+03
1.648468640676798714e+03
1.647238681166742253e+03
1.643789930702401307e+03
1.639405713822715370e+03
1.644420048207258333e+03
1.643357670884606250e+03
1.636252901589577505e+03
1.604874595513384520e+03
1.555484295408387425e+03
1.636785631007046049e+03
1.596523198458713523e+03
1.650615479008940156e+03
1.664937891114657077e+03
1.639122728374722328e+03
1.550516095096357731e+03
1.588687220503834169e+03
1.490103278369406326e+03
1.639194333041109758e+03
1.522500067989430136e+03
1.643665361409756088e+03
1.641881844184147212e+03
1.614856269877613158e+03
1.659516456311534739e+03
1.656602065407992768e+03
1.561709704201667364e+03
1.611306606170659734e+03
1.643116529233810525e+03
1.646118937966973817e+03
1.641329701403532908e+03
1.658526831938664145e+03
1.636897557987967048e+03
1.642258381880726574e+03
1.546748646039259484e+03
1.609558335898890846e+03
1.643048741032201406e+03
1.655448740965557590e+03
1.607675912212685262e+03
1.649105425541377826e+03
1.605984899986435948e+03
1.628958849223884954e+03
1.462360580101526466e+03
1.565451753857558060e+03
1.591224784026472889e+03
1.660171510785688952e+03
1.657079416194016176e+03
1.581532656911356298e+03
1.630510575464930071e+03
1.629036336371063044e+03
1.577983742595172316e+03
1.584250231529089888e+03
1.640334024536159177e+03
1.639134882258139442e+03
1.659911747080496752e+03
1.650124610397479728e+03
1.650748721155531712e+03
1.629459237052326216e+03
1.664365230622405988e+03
1.558505910672622576e+03
1.651971438965512334e+03
1.658160062893358827e+03
1.628956273513886572e+03
1.663183356486041930e+03
1.661571016653880179e+03
1.633883701670577466e+03
1.664379017180925075e+03
1.663093274979157968e+03
1.636420870178267705e+03
1.539438070814161165e+03
1.634559350602295353e+03
1.625148342939229906e+03
1.662998372804135215e+03
1.627718810959355096e+03
1.606171393547196203e+03
1.654500269653901796e+03
1.558235671904772744e+03
1.640005237744813712e+03
1.570991710416760043e+03
1.371973671732610910e+03
1.661792082769567514e+03
1.621537063830819989e+03
1.585003058986150791e+03
1.640133468992290773e+03
1.647725961543641461e+03
1.604017808910745543e+03
1.644734715155713275e+03
1.627794296487425527e+03
1.540326881971236389e+03
1.643711490508133011e+03
1.640835474704631451e+03
1.649719776017784170e+03
1.649667228267701148e+03
1.635862851639159544e+03
1.626030209136483563e+03
1.648424869296264660e+03
1.655645104358278104e+03
1.651941853116800303e+03
1.653522641638490995e+03
1.614940435352509667e+03
1.601410126838870838e+03
1.656139906693228113e+03
1.639763218109920899e+03
1.662343943320651078e+03
1.659621941111388651e+03
1.580159691622349328e+03
1.613970464574473453e+03
1.638655298304325470e+03
1.599018447084182071e+03
1.573149850133145264e+03
1.605657179510740207e+03
1.650618778743509665e+03
1.637044071108593471e+03
1.657849168732272574e+03
1.511938613229427574e+03
1.622760297047124368e+03
1.599954475777305788e+03
1.606625843845608415e+03
1.659397712612350915e+03
1.631023036196916792e+03
1.647547314714409140e+03
1.661364740317602354e+03
1.566631212400550339e+03
1.631816893640627768e+03
1.659847669525785705e+03
1.652254209406239397e+03
1.555338845698521709e+03
1.659244675275715508e+03
1.540541246594071708e+03
1.565268419276496388e+03
1.655013658760967473e+03
1.589937206592592474e+03
1.623402465187876487e+03
1.588958269975256371e+03
1.644770653112100035e+03
1.657785455740317275e+03
1.651790482216655391e+03
1.632454244655529237e+03
1.489718154698446824e+03
1.650471835378149990e+03
1.660531056352702308e+03
1.637338543126695185e+03
1.653176632220644024e+03
1.614976944197191187e+03
1.651326351845336831e+03
1.583940128629681567e+03
1.536947562854894613e+03
1.524093805675795693e+03
1.660607351649004158e+03
1.644236708673534849e+03
1.634115391126325676e+03
1.662723863225693322e+03
1.661153259985574550e+03
1.544032876714681834e+03
1.652729967765858873e+03
1.646380277082953398e+03
1.656310876786618792e+03
1.650630933460113056e+03
1.620077071562131096e+03
1.564753178958015951e+03
1.591700707200505349e+03
1.607479760358249223e+03
1.658717974595183932e+03
1.645259146400057944e+03
1.608129660002397713e+03
1.617718067921721740e+03
1.550571607619695214e+03
1.664951047771859066e+03
1.646260779611302041e+03
1.636236900671902731e+03
1.587451745860687879e+03
1.664087832213216188e+03
1.589428107397643998e+03
1.608997521030951248e+03
1.612978371171321442e+03
1.641498646735339889e+03
1.652278517952891661e+03
1.593295045214732454e+03
1.657564973273811120e+03
1.620336585409244663e+03
1.623100658665654919e+03
1.592722760595378986e+03
1.624189774092468269e+03
1.658257904961302984e+03
1.652404181518641735e+03
1.653625477273703154e+03
1.656111175137116561e+03
1.638324354173496886e+03
1.580521200614329928e+03
1.612371118507155416e+03
1.654134224796005128e+03
1.648230669664636935e+03
1.661965892719107615e+03
1.626477749458353628e+03
1.664445533008430175e+03
1.642780650331636480e+03
1.508078490184277598e+03
1.574384987191847358e+03
1.644529009899669745e+03
1.640641605251946203e+03
1.611306606170659734e+03
1.486823359945965876e+03
1.583854465457504375e+03
1.608497497563887237e+03
1.644493092071628780e+03
1.640713678697760315e+03
1.621101381549426151e+03
1.622534088347319539e+03
1.624370070272560042e+03
1.625303395788153011e+03
1.594844064801821787e+03
1.643517709419920038e+03
1.584064173645655501e+03
1.558505910672622576e+03
1.629270883766100042e+03
1.623753489473039281e+03
1.650156250812338158e+03
1.593721228562571696e+03
1.654087934836067234e+03
1.627569884509836584e+03
1.663536118594049867e+03
1.660490667033053569e+03
1.559087713652714456e+03
1.664492208680292379e+03
1.558371346085968526e+03
1.530485082811060238e+03
1.559504519045233110e+03
1.550886607782482088e+03
1.653169274714086669e+03
1.558755703143943947e+03
1.663816448462926928e+03
1.658150442221026424e+03
1.642478740183081072e+03
1.652587281984112451e+03
1.571460922933775237e+03
1.622462627079014510e+03
1.661721006094722497e+03
1.516000901801964119e+03
1.657940988194743795e+03
1.592639905169247186e+03
1.664471061927660003e+03
1.651289880249029238e+03
1.659541958395447409e+03
1.608776685715943586e+03
1.651411449276249414e+03
1.579939169382805403e+03
1.559392244853258035e+03
1.642449969989462033e+03
1.624485470607308343e+03
1.643474613890223281e+03
1.661325165619269228e+03
1.637898312085943417e+03
1.581871633399407301e+03
1.644634970043417979e+03
1.654307402552350823e+03
1.604364239186060786e+03
1.603883945705963470e+03
1.661275098070152580e+03
1.619949634704747268e+03
1.622914729829893531e+03
1.659340816696972070e+03
1.654885654336771950e+03
1.659649958165138742e+03
1.588304700526289025e+03
1.650528455096809239e+03
1.618460779881141207e+03
1.660208787058205417e+03
1.593705346543290716e+03
1.663649037110232939e+03
1.555376240750046009e+03
1.632575934741618767e+03
1.660485390564759427e+03
1.654074325890697310e+03
1.649804912434432026e+03
1.656429063878212446e+03
1.662358715612489732e+03
1.602717220354513984e+03
1.647523048919824987e+03
1.653457832543870836e+03
1.658413032828928181e+03
1.664072076015863786e+03
1.655311717389831756e+03
1.655571124325083474e+03
1.650435413342762786e+03
1.650966652804653677e+03
1.652364764199457113e+03
1.549818967081835353e+03
1.590205529046277661e+03
1.664026974409966215e+03
1.618421744407285132e+03
1.645923336933775772e+03
1.646018088589514718e+03
1.609253684875204954e+03
1.558999571324328826e+03
1.654878863680944505e+03
1.646126055605212287e+03
1.590146160181664527e+03
1.568096733562426380e+03
1.496542314841647567e+03
1.661872045950835854e+03
1.660546408376782892e+03
1.616496680184822026e+03
1.638373794250775973e+03
1.653136965760519615e+03
1.638801586758953135e+03
1.653776601406762438e+03
1.588068889978282868e+03
1.645597244455891996e+03
1.594522260977612177e+03
1.582089680207238871e+03
1.641479917553576570e+03
1.622643774506250793e+03
1.648982726798852809e+03
1.656975662151938877e+03
1.637705521830150701e+03
1.626137734162345623e+03
1.550997425690181899e+03
1.651237365186012312e+03
1.661450336377604117e+03
1.542641956910791123e+03
1.664470311212035085e+03
1.601002540331187902e+03
1.657490734525353218e+03
1.615111071421438282e+03
1.662676914780575316e+03
1.600160325259293359e+03
1.634483309277179160e+03
1.661739520762684606e+03
1.646613353375628321e+03
1.654381929176919357e+03
1.664646391138184754e+03
1.644882587912750751e+03
1.601119977362394138e+03
1.658573455857180761e+03
1.663115589161881189e+03
1.580159691622349328e+03
1.600893218234595679e+03
1.563347772337562219e+03
1.637866164605803533e+03
1.658908403293516358e+03
1.621128838444431267e+03
1.635229932355998699e+03
1.598588766049514561e+03
1.626039600464881005e+03
1.646086285758820850e+03
1.641293951949707434e+03
1.653358128472899580e+03
1.626336918979915481e+03
1.612490411595528258e+03
1.562422725442699630e+03
1.656837118468029985e+03
1.567514195650226839e+03
1.660799544744618288e+03
1.589922609666475182e+03
1.585451981447132766e+03
1.628881030360857949e+03
