1.276692864236773630e+03
1.285149837200725642e+03
1.308018703112015828e+03
1.293581351080441891e+03
1.315720926998615369e+03
1.303679449688843306e+03
1.232392113244493203e+03
1.309796547924330298e+03
1.316692232895617735e+03
1.274182156798320193e+03
1.317529891448445369e+03
1.280441343080335855e+03
1.290067816427601201e+03
1.258573694522832284e+03
1.288476592025265745e+03
1.307644613283920080e+03
1.289325869329471061e+03
1.240274782928754803e+03
1.320133431718481916e+03
1.228454465757441540e+03
1.296519145109090459e+03
1.195128067890208740e+03
1.321215557414349860e+03
1.255840692367883094e+03
1.322580411637576390e+03
1.288147912211014045e+03
1.228519689567555361e+03
1.321471401766448707e+03
1.280304908474432750e+03
1.242127263058997414e+03
1.147028302301395797e+03
1.322346805167842149e+03
1.275340845958864520e+03
1.309587422604378389e+03
1.270565972357201190e+03
1.261463654208542266e+03
1.277314121487843295e+03
1.294540433619641135e+03
1.323530724598485449e+03
1.183915541697793742e+03
1.281275170356427225e+03
1.309712875507255148e+03
1.281617721173267910e+03
1.307132361710723217e+03
1.281124471923831834e+03
1.305557643850596605e+03
1.311001500756478890e+03
1.192778410297406481e+03
1.245596123763644755e+03
1.321795539986288304e+03
1.312630569664189352e+03
1.238835608459972491e+03
1.250031229577534759e+03
1.315947573801182443e+03
1.071000275428495570e+03
1.227230404334801051e+03
1.243527891482900031e+03
1.281530551924043721e+03
1.319887076506424592e+03
1.298805509371946982e+03
1.267238344744938559e+03
1.321808368249698560e+03
1.300680480006787775e+03
1.253665155607021006e+03
1.277314121487843295e+03
1.243436513134052802e+03
1.314289458963115521e+03
1.286501196421144641e+03
1.233007132780740449e+03
1.317437190894518608e+03
1.288435712387107742e+03
1.163781778808986019e+03
1.244343145469660385e+03
1.247635124869479569e+03
1.323631542895437633e+03
1.284736399390601946e+03
1.182216599866289926e+03
1.247544981806365513e+03
1.310585357568189011e+03
1.198267134714990561e+03
1.301654644088819168e+03
1.297686033707351726e+03
1.269944891182577976e+03
1.164683720829028061e+03
1.276814020988057337e+03
1.187497501564031381e+03
1.170901350135801295e+03
1.301228922713173461e+03
1.223534262166346025e+03
1.218237724041714500e+03
1.310346070369643712e+03
1.228148033364400135e+03
1.256128799551455813e+03
1.323296433827749297e+03
1.240778189140553877e+03
1.322896617257142225e+03
1.181454584794201082e+03
1.093294225013733922e+03
1.225836248496899316e+03
1.323299170116972391e+03
1.231869325247275128e+03
1.322575178605027077e+03
1.290446535500758955e+03
1.281767827710610163e+03
1.314026532216443002e+03
1.262767254035445148e+03
1.303027604831443114e+03
1.196261872230903009e+03
1.292290250034837754e+03
1.286450521077668782e+03
1.223467229336852597e+03
1.210832629503503085e+03
1.246061113528504848e+03
1.288583273499707730e+03
1.321251361660121802e+03
1.288269936945910104e+03
1.291891350623347080e+03
1.224245510116710875e+03
1.283294278729436883e+03
1.316216806581627679e+03
1.293162005785453402e+03
1.092441608484861717e+03
1.285601646418509517e+03
1.258080036334354190e+03
1.297406748361406017e+03
1.221385731430647866e+03
1.226654714324324459e+03
1.289697185193449968e+03
1.294397598038451406e+03
1.307919220321643706e+03
1.274565699931756399e+03
1.206958937586304501e+03
1.311265060350104704e+03
1.317697846216114385e+03
1.265196491438236535e+03
1.254791371001464086e+03
1.186761086184947317e+03
1.269619253800270599e+03
1.244561047600557686e+03
1.305576361000380984e+03
1.262890338236207299e+03
1.233869801524843069e+03
1.305492645484614513e+03
1.242406608532483460e+03
1.298522127716912109e+03
1.225556521658668998e+03
1.232061399157698361e+03
1.319654542397146542e+03
1.203804064489092525e+03
1.219270604462531537e+03
1.163426783573881266e+03
1.171683686712000053e+03
1.281346503694639523e+03
1.316007727000371005e+03
1.318608734817134746e+03
1.312663808140543779e+03
1.291843325187204300e+03
1.289298976556642629e+03
1.297040171284586677e+03
1.321740723800806336e+03
1.211551498856390026e+03
1.310882980099318047e+03
1.282439665926593079e+03
1.316037674861081314e+03
1.320460168869595918e+03
1.305470311821001587e+03
1.149079317288558741e+03
1.248621489255372126e+03
1.167668932708432976e+03
1.257845233772731717e+03
1.310096588760817667e+03
1.270487511302143957e+03
1.300051591826457980e+03
1.224048784947635795e+03
1.313141942531615086e+03
1.281346503694639523e+03
1.111791052635514461e+03
1.245868872374858711e+03
1.289325869329471061e+03
1.282129783185020642e+03
1.323200418961430842e+03
1.269253240288634515e+03
1.296393204871162879e+03
1.285384551053411769e+03
1.164802378248941295e+03
1.304609469670269391e+03
1.300303515537731528e+03
1.269366892992207795e+03
1.282290471079430063e+03
1.307194621655825586e+03
1.184359736018509466e+03
1.281345369540307729e+03
1.284370548419120723e+03
1.194047451076700099e+03
1.306238258189577891e+03
1.315597532226666999e+03
1.322609530848513941e+03
1.273792250270807244e+03
1.306310739873660850e+03
1.297967542093863585e+03
1.269925497687209827e+03
1.282387528668411960e+03
1.314854821865943677e+03
1.207087721812301879e+03
1.323328199269444212e+03
1.323715587193652482e+03
1.260824820748829325e+03
1.298522127716912109e+03
1.279909214336803871e+03
1.303481674810106824e+03
1.304861874753932398e+03
1.200869690822855546e+03
1.155472097924100581e+03
1.250311441586467481e+03
1.223254128721661118e+03
1.322071106731855252e+03
1.233766160487549769e+03
1.239773554272409910e+03
1.272964481889508079e+03
1.318425466864154942e+03
1.289707939433091497e+03
1.238699795626884452e+03
1.251782047181751977e+03
1.278213666829152544e+03
1.250531357226812588e+03
1.240964328164234985e+03
1.310319505672915056e+03
1.201509201179752608e+03
1.198743985245006570e+03
1.183887740639973572e+03
1.307093397763540224e+03
1.233825461674124654e+03
1.294392365487860388e+03
1.204667114884746979e+03
1.240778189140553877e+03
1.216049515767720095e+03
1.311262366304081297e+03
1.175543540109093556e+03
1.230922871289883460e+03
1.303469249160669960e+03
1.216419817151658208e+03
1.241042624187188039e+03
1.187336990839193504e+03
1.282722946425678174e+03
1.218712448194397666e+03
1.311803312993662303e+03
1.117200435561160248e+03
1.274133143940392983e+03
1.248560663443466183e+03
1.179515904041808881e+03
1.266874310540366650e+03
1.322021551424955305e+03
1.238543134660197211e+03
1.293222262989726914e+03
1.248913416906913426e+03
1.294854576838960611e+03
1.264970090666055512e+03
1.299782960494061172e+03
1.289378551028495849e+03
1.249902442080037190e+03
1.223961933091136871e+03
1.318712932816848479e+03
1.293461722025692325e+03
1.261069858622376614e+03
1.266108276779666312e+03
1.178980098790844750e+03
1.231598602081634908e+03
1.304759996067206885e+03
1.088272572115964749e+03
1.276238644444538750e+03
1.312214695289167594e+03
1.277700564920705347e+03
1.320966231602000789e+03
1.313748314960919515e+03
1.296119819637709043e+03
1.308630947984226623e+03
1.245886752775967580e+03
1.279909214336803871e+03
1.320994518988110940e+03
1.301883856616168487e+03
1.243473777461053714e+03
1.266452092392071108e+03
1.281361576664734002e+03
1.274358404895375315e+03
1.316798004084692820e+03
1.294552294912003845e+03
1.303833949172109897e+03
1.281704584748076059e+03
1.277645270090116810e+03
1.284103800988805233e+03
1.310346070369643712e+03
1.287503312490505550e+03
1.310266414568416167e+03
1.304810539779149849e+03
1.266491911862336337e+03
1.298171019929518707e+03
1.268704338404885675e+03
1.266249437996700863e+03
1.252499267545516886e+03
1.280889224329107492e+03
1.285307656738262949e+03
1.286543691440995190e+03
1.303450394001891027e+03
1.288900455978298169e+03
1.304896646741188988e+03
1.261850054497905376e+03
1.282787886345459128e+03
1.291752816477201350e+03
1.163484101335130390e+03
1.234136843272018268e+03
1.301654644088819168e+03
1.257415328078253879e+03
1.289926554491643628e+03
1.318479266821569581e+03
1.226782447074632273e+03
1.311668478736582074e+03
1.260657130169366610e+03
1.312731497177593155e+03
1.306489915678239413e+03
1.283424617728989233e+03
1.306294495692905912e+03
1.262053351828925088e+03
1.295928489700031832e+03
1.284457589263425689e+03
1.250424116432872324e+03
1.071000275428495570e+03
1.275618117969297600e+03
1.292908627980326855e+03
1.285022315834750316e+03
1.257561277137498109e+03
1.017492839816730225e+03
1.302677875118343763e+03
1.275775802747591115e+03
1.296480405706796319e+03
1.181885950282583281e+03
1.238230932708472210e+03
1.254691335171558421e+03
1.320061905176097753e+03
1.248984648404187283e+03
1.297340316525823482e+03
1.306235986969327087e+03
1.274168153068736729e+03
1.319149367790472979e+03
1.212341626820811371e+03
1.285510427910059434e+03
1.304743595342827575e+03
1.307494647522242076e+03
1.309450217477862680e+03
1.251811389353959839e+03
1.243039805868507301e+03
1.259568876852763424e+03
1.266003368217187472e+03
1.301803666852949846e+03
1.304495063715607102e+03
1.171684350627917411e+03
1.269860085949153245e+03
1.272006399504684850e+03
1.271608634310591924e+03
1.311136042727674067e+03
1.179255950396983280e+03
1.323369025258107285e+03
1.305643812083845887e+03
1.310110804799497373e+03
1.142803653594529123e+03
1.314423302125062492e+03
1.288735333025568934e+03
1.222811960558588453e+03
1.269275405834203866e+03
1.320321705503334670e+03
1.156273590742667238e+03
1.297998905421917016e+03
1.269044825898071849e+03
1.239276603794091898e+03
1.184781111921349748e+03
1.246450644634979426e+03
1.227087601012030746e+03
1.282514079130122582e+03
1.258267527499431480e+03
1.288815662251642152e+03
1.310799329984057522e+03
1.268427912842003025e+03
1.322912539068517844e+03
1.281426717995326044e+03
1.313100335041542394e+03
1.294506449157004226e+03
1.315637502032815519e+03
1.315233385367359915e+03
1.227940831938568181e+03
1.316710392225164014e+03
1.317101673756052378e+03
1.166641863377922846e+03
1.166822466499502980e+03
1.284224769640407885e+03
1.268974761888534886e+03
1.319094360585360846e+03
1.279350056066760317e+03
1.246530562376809030e+03
1.321834837330626215e+03
1.315813043963064047e+03
1.094426230186223165e+03
1.288835583346870180e+03
1.240384286869893913e+03
1.307824682256917185e+03
1.293949573670616928e+03
1.216330731736399684e+03
1.246530562376809030e+03
1.269978461575627307e+03
1.177955001067309695e+03
1.283685391492759663e+03
1.236991892218798057e+03
1.230381297980036834e+03
1.300210146189175703e+03
1.300469246100649798e+03
1.266693486099078655e+03
1.253303588558949741e+03
1.311898657150715735e+03
1.226091919066813716e+03
1.299296435877348131e+03
1.294414745709200815e+03
1.220185510062988214e+03
1.270526261877587331e+03
1.291959333525827560e+03
1.305669551646281434e+03
1.261653674034445658e+03
1.074267766615817891e+03
1.318332130736461067e+03
1.233354742521828712e+03
1.187690181448789644e+03
1.318075712016704529e+03
1.265403339839379896e+03
1.302721460133951496e+03
1.323154327054332953e+03
1.240085247120348185e+03
1.250287136049906621e+03
1.302667465190966823e+03
1.293697479052958897e+03
1.182898581252613440e+03
1.310159751612070067e+03
1.278094957218086847e+03
1.057649876199358459e+03
1.215380647924934692e+03
1.301227786036335601e+03
1.210871814631605503e+03
1.314398446769782822e+03
1.256171692869636672e+03
1.306468389913020928e+03
1.314142174910908125e+03
1.250217959600190397e+03
1.262563832235439804e+03
1.267015910878925752e+03
1.137722779536445159e+03
1.294449329471482997e+03
1.258295873069772824e+03
1.218692686444477658e+03
1.302713856192694493e+03
1.315086362778895364e+03
1.264956767228995204e+03
1.272838879107137018e+03
1.302571827773741461e+03
1.275939301722927667e+03
1.310637936159093442e+03
1.290515233743551789e+03
1.301947719125073036e+03
1.228785067191061671e+03
1.303316366260390168e+03
1.180649146020594799e+03
1.275743668082538534e+03
1.234443625106157469e+03
1.322663945186158571e+03
1.268435779225910665e+03
1.215947328734587245e+03
1.319788203725769563e+03
1.270374333875489356e+03
1.284285130753365138e+03
1.295566559456576215e+03
1.323617002036609392e+03
1.315693392512141145e+03
1.305309891557149513e+03
1.275626491357982786e+03
1.136590387196531537e+03
1.295096391916507173e+03
1.288547983447152092e+03
1.226115001108260913e+03
1.321374867987528660e+03
1.291090155551921043e+03
1.307311325182573000e+03
1.241686789218289960e+03
1.323589482688612861e+03
1.315733974452209395e+03
1.231223679937311545e+03
1.307118981668810875e+03
1.244367988370260946e+03
1.149489643671380463e+03
1.289355770645034227e+03
1.181278531642724374e+03
1.217358444421670811e+03
1.309239427291071934e+03
1.296127993856093099e+03
1.233555215439562289e+03
1.194925555496093239e+03
1.268768327449965909e+03
1.309450801871688782e+03
1.213304022230486453e+03
1.301478980678753942e+03
1.299753869587363397e+03
1.265548992375824582e+03
1.307132361710723217e+03
1.230600017236426538e+03
1.278059414098740945e+03
1.276251734233272828e+03
1.226890462984664055e+03
1.307357062369149844e+03
1.314495651781504421e+03
1.311891172396246702e+03
1.313117327812768508e+03
1.261667756362071032e+03
1.322326181168130915e+03
1.294581221176222016e+03
1.305084189584481464e+03
1.287556142489616832e+03
1.211551498856390026e+03
1.202832951370423416e+03
1.284180234691232272e+03
1.285295278570285973e+03
1.307081139815060396e+03
1.311839998979723305e+03
1.220923196210468177e+03
1.314165957664151847e+03
1.262354978348962504e+03
1.140327807883697687e+03
1.310953994115237947e+03
1.323300954058618800e+03
1.290004978788168046e+03
1.260714230357118595e+03
1.315947573801182443e+03
1.216730949834725379e+03
1.241124601761722261e+03
1.276220859041906124e+03
1.292440185882408969e+03
1.280306382210303127e+03
1.176537875848888689e+03
1.258462253692474860e+03
1.282390988673557786e+03
1.274358404895375315e+03
1.164802378248941295e+03
1.241876940039009241e+03
1.180373582294193056e+03
1.268745646396424490e+03
1.196301250031520112e+03
1.286541587284122215e+03
1.291159455362435892e+03
1.286543691440995190e+03
1.305421845842006633e+03
1.316901306087537705e+03
1.322606630635925740e+03
1.273128505091817942e+03
1.282911659875180248e+03
1.323282470822286541e+03
1.295964109790451857e+03
1.253093627556742604e+03
1.241042624187188039e+03
1.189061386606219912e+03
1.274109041954451641e+03
1.270565972357201190e+03
1.291562150980434353e+03
1.179255950396983280e+03
1.308297347250435905e+03
1.316199393379181402e+03
1.278943021655101120e+03
1.278761164596868412e+03
1.132433164747683804e+03
1.295507341773092776e+03
1.311357704981789993e+03
1.314425589104769642e+03
1.261871788616180766e+03
1.290929672637530302e+03
1.321378789473552160e+03
1.252385938062752302e+03
1.314553851108832987e+03
1.220687049904969399e+03
1.241776380647354472e+03
1.318095057969821028e+03
1.299092648503976989e+03
1.132428202642915949e+03
1.322450007312091202e+03
1.303796262481913800e+03
1.287583480005880347e+03
1.301215695491892575e+03
1.251129141077987242e+03
1.295190185638760340e+03
1.306957862876296076e+03
1.276075956720087333e+03
1.158494997302326738e+03
1.316189433992161867e+03
1.315637502032815519e+03
1.300502663596464345e+03
1.312647169103165652e+03
1.289800344572777021e+03
1.261562171874981686e+03
1.264968563208982232e+03
1.299266907183837247e+03
1.305358909800606853e+03
1.305801572431871591e+03
1.277302057825015027e+03
1.161594420887504839e+03
1.281416472299952602e+03
1.321563512024616557e+03
1.228329263900835940e+03
1.301445377433919020e+03
1.278539053744682633e+03
1.310637936159093442e+03
1.321579448816576814e+03
1.302593072333937471e+03
1.295424841522299403e+03
1.288351390466853445e+03
1.322201601736059956e+03
1.303386489896387957e+03
1.257958953637341892e+03
1.316873455071961189e+03
1.246034963521057762e+03
1.266956394108842687e+03
1.288464005173969326e+03
1.296870077877410949e+03
1.286982274835304452e+03
1.313715231295728699e+03
1.275406795301217016e+03
1.159937463490595746e+03
1.281117345783769451e+03
1.321029654357392474e+03
1.245023759612005506e+03
1.228332938668155748e+03
1.321970599078977784e+03
1.274612637845575591e+03
1.310089572340524455e+03
1.319885264709088460e+03
1.314622710565560737e+03
1.289450862365542207e+03
1.246950782664711596e+03
1.261069858622376614e+03
1.322629647214962688e+03
1.319016054642996551e+03
1.304630044117893704e+03
1.319803282964778191e+03
1.310637936159093442e+03
1.241914808544791867e+03
1.170713377454176680e+03
1.216049515767720095e+03
1.296495119646814146e+03
1.294994785580267262e+03
1.256515444799614897e+03
1.318726757756473262e+03
1.255877469986165352e+03
1.189061386606219912e+03
1.260908620005052626e+03
1.282167741066242115e+03
1.318413598115430432e+03
1.244343145469660385e+03
1.299140861740532046e+03
1.254576454633850517e+03
1.294425080766483916e+03
1.276594625457618804e+03
1.212785836833195617e+03
1.319576897897882191e+03
1.298216011629025161e+03
1.299123638149381804e+03
1.125267377955949314e+03
1.240645544223852085e+03
1.294903771334588328e+03
1.257845233772731717e+03
1.156652417091705956e+03
1.319016054642996551e+03
1.274339664818320671e+03
1.289623575891906512e+03
1.259241320638932393e+03
1.309870327499698988e+03
1.169309065879221635e+03
1.305071008073138273e+03
1.181657020679750531e+03
1.278497077497331929e+03
1.317080190191202746e+03
1.274150186530552674e+03
1.296647837418394829e+03
1.282205082730491540e+03
1.272335477789618608e+03
1.300295546186182037e+03
1.262497205620909426e+03
1.319138687570618231e+03
1.266758174173254702e+03
1.288348964594974177e+03
1.315945632129511978e+03
1.256291016797045586e+03
1.264538772432839778e+03
1.198355583342373166e+03
1.261410190268725728e+03
1.232403092615684955e+03
1.320318596501250113e+03
1.176029123099163371e+03
1.319986993635915724e+03
1.305351512977503944e+03
1.245216764274060779e+03
1.268768327449965909e+03
1.297998905421917016e+03
1.252798054985545377e+03
1.310159751612070067e+03
1.280850649788445025e+03
1.291648545889293928e+03
1.143041272809562770e+03
1.246558389648855609e+03
1.304060080764138320e+03
1.293678930162089046e+03
1.310415617337982894e+03
1.224639520001816891e+03
1.303274416524045591e+03
1.303027604831443114e+03
1.318328836905166781e+03
1.276658755556536562e+03
1.306579813765013114e+03
1.318554839284074887e+03
1.274795285074779713e+03
1.175895287572962616e+03
1.172676959755708140e+03
1.275758854205830175e+03
1.322417311207037528e+03
1.277539460817801682e+03
1.103093671253951243e+03
1.287323417515888195e+03
1.302467666051659535e+03
1.307117265865387708e+03
1.271520727086912757e+03
1.216877073389211091e+03
1.318264315407493996e+03
1.294776449618576635e+03
1.302840121335468211e+03
1.267235865300181786e+03
1.281197273962546660e+03
1.212347713693562355e+03
1.130266955256784740e+03
1.232582236616027330e+03
1.291269250513998031e+03
1.254558871263594028e+03
1.258262284755835935e+03
1.312630569664189352e+03
1.285302063890994305e+03
1.308710214087408076e+03
1.111575614090060071e+03
1.241930030683299492e+03
1.233539708017323392e+03
1.285503118192780903e+03
1.264207058149473141e+03
1.218827860862896387e+03
1.290768546313612205e+03
1.271387759838807597e+03
1.308801162153223231e+03
1.296587542221928061e+03
1.323386402634511569e+03
1.291035300446248129e+03
1.247484331751364152e+03
1.297013098376927246e+03
1.224958294228858904e+03
1.228830864248959415e+03
1.310153691803956917e+03
1.240157429822628046e+03
1.299670604173028323e+03
1.285307656738262949e+03
1.321579448816576814e+03
1.310377793786338543e+03
1.316939896313985173e+03
1.094466430249191035e+03
1.257206315220525539e+03
1.214766240892855421e+03
1.281658814772212736e+03
1.225522846891112749e+03
1.280595282032734985e+03
1.290515233743551789e+03
1.300650243290579056e+03
1.251480303216802213e+03
1.295687448383814399e+03
1.314229731606896621e+03
1.303092719140933696e+03
1.256059599364031101e+03
1.233045619274554610e+03
1.277175258087360817e+03
1.309295417884077551e+03
1.299193733908987952e+03
1.264056794268997237e+03
1.171200129113885851e+03
1.305620325724192298e+03
1.314693295960617888e+03
1.246027374844967198e+03
1.318720450899800881e+03
1.301325868609194913e+03
1.310720900248113367e+03
1.303679449688843306e+03
1.303705909755371977e+03
1.247213288622334858e+03
1.134104682745121863e+03
1.187328988572699018e+03
1.315979571772484633e+03
1.195342692306324807e+03
1.277617672884622607e+03
1.185447639839897647e+03
1.296769923095795548e+03
1.311533708427671627e+03
1.320540730286053304e+03
1.292424429874957468e+03
1.183643324373654877e+03
1.317318475255330895e+03
1.297349517599473529e+03
1.254041699677374027e+03
1.251410939771594258e+03
1.295731171155659240e+03
1.307641538315366233e+03
1.255877469986165352e+03
1.295875480927099488e+03
1.212973183514234279e+03
1.269339669955809313e+03
1.307490429175407598e+03
1.290435348675705882e+03
1.305477379553719402e+03
1.316189433992161867e+03
1.223257557839372794e+03
1.131889954921287881e+03
1.250291032586882920e+03
1.322144757147726978e+03
1.262766348788393316e+03
1.322440288994358525e+03
1.277762165609251497e+03
1.144040599185299925e+03
1.299973455357370312e+03
1.269366892992207795e+03
1.310881630005728994e+03
1.315963567648061144e+03
1.308763123856912443e+03
1.192250623295867626e+03
1.320441399519166680e+03
1.294404831071448825e+03
1.295433461329270358e+03
1.261451891968495147e+03
1.233957315367632646e+03
1.262087218536727505e+03
1.264941956821329313e+03
1.318920031092500267e+03
1.208900458747680204e+03
1.265364656188191930e+03
1.321188172205141427e+03
1.285492176091581769e+03
1.256907923334162660e+03
1.256203965841034005e+03
1.279791480124677491e+03
1.300053420359954771e+03
1.318887942773332270e+03
1.270474449137735064e+03
1.294330127799585171e+03
1.273386571425824059e+03
1.320894225985791309e+03
1.251190229784627263e+03
1.266729371527610738e+03
1.187474216961914863e+03
1.319667034866538870e+03
1.316506002811197050e+03
1.297083106417426507e+03
1.267515036982596484e+03
1.293352483393611237e+03
1.176264108147263869e+03
1.312241303908247573e+03
1.202415534501757065e+03
1.291453095799727407e+03
1.273037454686646015e+03
1.234739263851421128e+03
1.255681359751095442e+03
1.266535996024301312e+03
1.298438180041365740e+03
1.314588070896732916e+03
1.295788454909472193e+03
1.319443879373608297e+03
1.277557070465891684e+03
1.306971712605018638e+03
1.320763780366820129e+03
1.316680317288180959e+03
1.227087601012030746e+03
1.301489277433047619e+03
1.292884751420623616e+03
1.247635124869479569e+03
1.127590733080756991e+03
1.285683338446591051e+03
1.274354034666836469e+03
1.295542645196820104e+03
1.322973751088961762e+03
1.285368894395002599e+03
1.287549817645582152e+03
1.308411047793795660e+03
1.310720900248113367e+03
1.314302643457815748e+03
1.238890837273913348e+03
1.320826648672800275e+03
1.323530724598485449e+03
1.316784704916036844e+03
1.310437256389809590e+03
1.250685890766342936e+03
1.321035330046224999e+03
1.160657273578972081e+03
1.320723277321915248e+03
1.148519189684274124e+03
1.323613551538810725e+03
1.291691340182127760e+03
1.223970838476579047e+03
1.289565019918414009e+03
1.280835489855051037e+03
1.233555215439562289e+03
1.288046488035905895e+03
1.233944540786161724e+03
1.222796844327947156e+03
1.291230710401338911e+03
1.243091375835530926e+03
1.306238258189577891e+03
1.311999442175234435e+03
1.286342887891431928e+03
1.233035916845281008e+03
1.314263932969306097e+03
1.278409131693776544e+03
1.317177465806968485e+03
1.232574865189341836e+03
1.302987236944778942e+03
1.196189744347013857e+03
1.304285270437131658e+03
1.252798054985545377e+03
1.292972880910092499e+03
1.194059488864863624e+03
1.319369633849831871e+03
1.297873034172461530e+03
1.205532231664828942e+03
1.307998520618756174e+03
1.311412301269502677e+03
1.172676959755708140e+03
1.299107144169761796e+03
1.271374828129586831e+03
1.302006453752199377e+03
1.249109562475307030e+03
1.306193579107598225e+03
1.269191198386886754e+03
1.215995982610401143e+03
1.215194321467804457e+03
1.275511465428567590e+03
1.254321146603616398e+03
1.299123638149381804e+03
1.257947399988933512e+03
1.300685194632964340e+03
1.273030886866126366e+03
1.224313130312336170e+03
1.290434942883984831e+03
1.278927120528507885e+03
1.304736244420282446e+03
1.191191710377179334e+03
1.243519549725658862e+03
1.219769762290683502e+03
1.323434731829043585e+03
1.300506051865536165e+03
1.294848899285012521e+03
1.238503504721894160e+03
1.321047889848839077e+03
1.295565958930795887e+03
1.267853128405513871e+03
1.163319075356609119e+03
1.228768843868019758e+03
1.140380715179713661e+03
1.300715917453656857e+03
1.126044927588723567e+03
1.252553317418063216e+03
1.232189961512694936e+03
1.313810813832276835e+03
1.299529928121869034e+03
1.293495766219792813e+03
1.308630947984226623e+03
1.313219082194621478e+03
1.320593085244883241e+03
1.321594591651136398e+03
1.320918844681821611e+03
1.272400356886383634e+03
1.135880612892406816e+03
1.317081510691190715e+03
1.269846616695899684e+03
1.304008518788815763e+03
1.173594713419257459e+03
1.296544877214523240e+03
1.322018557733897978e+03
1.290171585322352485e+03
1.303980016691666378e+03
1.300121658480549286e+03
1.215950382762349363e+03
1.259751921764086546e+03
1.272699773383218371e+03
1.273690009785154871e+03
1.268204422885038639e+03
1.299181111712807478e+03
1.295848226608331743e+03
1.286779885445932223e+03
1.318608734817134746e+03
1.311696744361461697e+03
1.319425049536670940e+03
1.291120300290355317e+03
