1.192869862385348370e+03
1.269581366573803280e+03
1.244517905128539496e+03
1.235383846034699218e+03
1.152556378168681476e+03
1.159280652430268219e+03
1.270092135071344273e+03
1.225565474696242291e+03
1.275915876263417204e+03
1.260477037872435858e+03
1.281441666984679614e+03
1.281868068478710256e+03
1.261485369665882899e+03
1.196235183079177432e+03
1.179620932474321762e+03
1.267254933239774573e+03
1.271768916830356147e+03
1.206441574989546780e+03
1.218244729071210259e+03
1.215120486398854837e+03
1.271890021778270693e+03
1.264954492713510035e+03
1.240764064125491359e+03
1.196759163200054445e+03
1.236084048314115535e+03
1.279871022211532363e+03
1.274866731716164168e+03
1.084336306138005966e+03
1.189069271049335612e+03
1.173097043150478385e+03
1.252157525926901144e+03
1.281947129241619677e+03
1.221254532630323865e+03
1.229095407404909110e+03
1.273860728207743932e+03
1.235989042382798061e+03
1.255345488983541827e+03
1.281794968674699703e+03
1.269041844563846553e+03
1.201934131376146979e+03
1.239780630003234137e+03
1.249068339123490205e+03
1.209872142995679269e+03
1.277351913588782054e+03
1.260209659969095355e+03
1.113565702801685802e+03
1.236345228410834125e+03
1.267728493336713200e+03
1.268864371692106488e+03
1.253486947313524979e+03
1.246590352285780455e+03
1.249399440838422834e+03
1.251337923561105981e+03
1.209937433851844162e+03
1.276273087885537279e+03
1.280537598859940772e+03
1.279940617716966472e+03
1.169246884065400309e+03
1.194744937628226580e+03
1.276402665843350860e+03
1.006142017751112462e+03
1.280880064650426448e+03
1.271745444685241864e+03
1.279114067286179761e+03
1.082568170373218891e+03
1.230097909156817877e+03
1.276373761047169637e+03
1.169246884065400309e+03
1.271972486547352673e+03
1.150834840431215071e+03
1.252229753650732164e+03
1.272038708007036803e+03
1.244619986927182936e+03
1.218577687699435501e+03
1.087080170712820518e+03
1.251979065465733584e+03
1.190609224287822144e+03
1.140588901194937307e+03
1.269625562509541851e+03
1.247487043194799298e+03
1.128555311236726538e+03
1.221009473296217948e+03
1.273366980708480696e+03
1.233275765989914362e+03
1.279339745464982798e+03
1.280684809718383121e+03
1.250311685978004789e+03
1.249595585212481183e+03
1.231640158320742103e+03
1.267997854684506365e+03
1.228979074974276955e+03
1.208253819593521712e+03
1.215752127794523858e+03
1.194412178455460889e+03
1.258357056814569660e+03
1.194321545145870459e+03
1.265064872970868009e+03
1.277499867659812935e+03
1.280880661478726779e+03
1.258410733756702029e+03
1.214050555221176182e+03
1.278960979605371904e+03
1.245506207925267972e+03
1.276487409530835521e+03
1.262708666000856283e+03
1.203164157554857638e+03
1.198665211464802269e+03
1.277367966281908139e+03
1.275050187536884323e+03
1.238012411626437597e+03
1.258917064929997878e+03
1.254060210126148149e+03
1.281736308104349973e+03
1.271654771371810057e+03
1.269149682201755468e+03
1.215898450956383158e+03
1.236005087786220884e+03
1.234516558779760317e+03
1.263366176525872106e+03
1.275126459605424770e+03
1.190214427738634186e+03
1.279897905211921625e+03
1.091308846746732797e+03
1.275954237811036592e+03
1.278000574761716507e+03
1.180196200341249778e+03
1.280896190119360881e+03
1.266142607567282994e+03
1.282664900178042899e+03
1.196117387340774258e+03
1.224385748148644780e+03
1.271134437424779662e+03
1.240987082602737701e+03
1.246637680132704418e+03
1.174108404883436833e+03
1.254880150966816473e+03
1.249585483533243860e+03
1.244203522195143250e+03
1.247428099660318821e+03
1.274447416562651597e+03
1.179590033967799172e+03
1.242653971295803785e+03
1.272658185197544753e+03
1.264157566250804166e+03
1.207883536567931060e+03
1.281980602892047727e+03
1.267731075528982956e+03
1.227877057336552298e+03
1.165266689557424797e+03
1.177314312591111729e+03
1.213026937126616531e+03
1.192182001950561244e+03
1.277299548468330613e+03
1.274826664304949645e+03
1.234835460003807839e+03
1.206670369136761337e+03
1.262031801952797878e+03
1.275671364940910053e+03
1.204939624816548076e+03
1.266426664045995039e+03
1.115781921291753861e+03
1.275081911820490859e+03
1.221752443639396688e+03
1.250875716368283975e+03
1.165926125296756709e+03
1.138635078431820148e+03
1.238198852139303426e+03
1.247260177584558278e+03
1.244751005666955507e+03
1.114897022533275958e+03
1.260266721643816254e+03
1.218184451759150079e+03
1.263289440457481305e+03
1.272768643731734301e+03
1.272823575847528900e+03
1.278305845687235887e+03
1.228712007416561619e+03
1.278177750466973066e+03
1.212534629957421203e+03
1.220163820054512826e+03
1.085847896620695565e+03
1.207759074039179268e+03
1.203215842713759230e+03
1.233275765989914362e+03
1.267464589240224996e+03
1.272280024858045635e+03
1.229312565806912971e+03
1.255129843021551096e+03
1.262558921435921548e+03
1.127902377015725733e+03
1.245455057453470999e+03
1.264765616385386238e+03
1.217990648465668755e+03
1.225763665321318058e+03
1.281967626781890203e+03
1.107876802482503990e+03
1.245730681074890754e+03
1.126873332036946977e+03
1.257814971103272001e+03
1.215421573910097322e+03
1.246516228971095870e+03
1.253735687644855261e+03
1.208288181854309869e+03
1.244473925446257454e+03
1.256686941538062911e+03
1.122613450384961197e+03
1.220309173467301434e+03
1.239025629970936279e+03
1.279925206934037305e+03
1.263455526459430985e+03
1.174522115622500678e+03
1.252314325811557410e+03
1.226171954302981248e+03
1.251530368392623586e+03
1.234942032730157962e+03
1.263967133978148240e+03
1.166960480470635730e+03
1.237857153706170948e+03
1.257732232571726627e+03
1.262878626857720519e+03
1.243837517059577522e+03
1.239782055756609225e+03
1.127973864781727343e+03
1.249666702549278853e+03
1.204419035928272251e+03
1.167846062907883379e+03
1.249023049810551129e+03
1.205252619130069888e+03
1.282338069462316298e+03
1.247419877392525905e+03
1.247881750969385166e+03
1.273167758776415440e+03
1.190310201435637509e+03
1.277260352381460962e+03
1.216097080179942168e+03
1.256480331515087528e+03
1.238198852139303426e+03
1.142777594090620141e+03
1.244988993155300477e+03
1.272900657668826398e+03
1.278311922049797886e+03
1.261900367491337875e+03
1.192286158876105219e+03
1.240912614400268012e+03
1.230233721126543060e+03
1.255705068098230413e+03
1.274499884628545942e+03
1.238520291727230870e+03
1.278240747317308205e+03
1.201384261900059755e+03
1.206737246550806503e+03
1.186249661680747295e+03
1.206687723999202944e+03
1.229060701804976816e+03
1.255550928904285229e+03
1.214575588528580965e+03
1.278149198626233556e+03
1.280235138615737696e+03
1.276306843515854780e+03
1.189786593383970285e+03
1.252229753650732164e+03
1.263087152038460772e+03
1.272715148450805600e+03
1.273586191502768543e+03
1.225012113721614242e+03
1.179482586932747154e+03
1.251866328673303087e+03
1.122716211900915596e+03
1.222625164205906003e+03
1.163619558285396579e+03
1.101679040260209831e+03
1.222349553832339097e+03
1.196022221946647733e+03
1.231344127035786187e+03
1.252910832793531199e+03
1.171372707997732277e+03
1.134876114250654609e+03
1.220268496745249195e+03
1.247494309478944388e+03
1.253555730305544785e+03
1.178548908564155681e+03
1.249624499081766771e+03
1.238830936829213897e+03
1.143806049176589568e+03
9.980063867137423586e+02
1.254635296808594376e+03
1.271166127768837441e+03
1.278388443375731640e+03
1.251111473987158433e+03
1.280834737911712182e+03
1.244358108263165150e+03
1.254725535610417410e+03
1.281742577304273709e+03
1.248655025059432319e+03
1.216251904808725612e+03
1.206687723999202944e+03
1.241983322402559452e+03
1.225382943199883357e+03
1.223250235068033135e+03
1.256944210090925480e+03
1.241779145152826231e+03
1.272801590381170627e+03
1.186165885020284350e+03
1.259991484713318869e+03
1.062626945659676721e+03
1.209310027628143189e+03
1.086984951777729066e+03
1.259852440557335967e+03
1.205963861442586676e+03
1.096688522821955758e+03
1.267835006796060952e+03
1.144290581866468074e+03
1.268249791225377521e+03
1.281215960983893865e+03
1.224118806706964278e+03
1.253925160526130639e+03
1.225389166315439525e+03
1.257940122281512004e+03
1.268346239655571480e+03
1.257755704695061240e+03
1.280711663752984805e+03
1.264145806666602994e+03
1.253975328368512237e+03
1.265030009388160579e+03
1.259608032037598150e+03
1.105904674218023501e+03
1.250203614233374310e+03
1.234704870052597471e+03
1.260419898106011260e+03
1.262638492288169118e+03
1.271636223133539261e+03
1.281395416649816752e+03
1.258351642000532820e+03
1.265860798621436061e+03
1.216258504894550015e+03
1.271485351468790441e+03
1.168761458273138487e+03
1.280914690483146387e+03
1.193604342975035706e+03
1.172521323190258045e+03
1.270345608186496293e+03
1.282106940075156217e+03
1.246590352285780455e+03
1.277939698267899530e+03
1.222447004068674687e+03
1.240939270812973064e+03
1.102195591375627373e+03
1.147402323001091190e+03
1.157914396115225145e+03
1.276100044317028733e+03
1.231233635860276763e+03
1.203439372352875807e+03
1.255405281358691354e+03
1.273036378213586431e+03
1.162443806822773695e+03
1.220501049215347621e+03
1.274057521836077285e+03
1.281062054297874056e+03
1.213099267799105064e+03
1.143222437058244623e+03
1.224458263834099398e+03
1.159415595503088070e+03
1.218036558951492680e+03
1.253633559922663608e+03
1.270964024380899218e+03
1.201485102247428131e+03
1.273640164757149250e+03
1.260259439666590879e+03
1.184971823937190493e+03
1.238331686803323009e+03
1.101251098826809312e+03
1.170966806588993222e+03
1.276104767120294582e+03
1.265974519474191993e+03
1.175758841619902341e+03
1.230336431520927363e+03
1.129607439132025547e+03
1.186054638774633759e+03
1.261205372475257263e+03
1.238403826167972511e+03
1.267696238215195763e+03
1.264711889741118057e+03
1.273038639809637516e+03
1.272938125237037184e+03
1.282576639108634254e+03
1.195491380091504197e+03
1.253656590862753092e+03
1.155878177530747507e+03
1.277707025613910218e+03
1.249783799714255792e+03
1.258254358848115317e+03
1.272384110035223330e+03
1.209860010084904161e+03
1.259294902948483696e+03
1.116307798518276968e+03
1.222152960962419684e+03
1.273840980792326718e+03
1.250665234293821641e+03
1.158138447220360831e+03
1.235826722355217726e+03
1.257391628143719572e+03
1.268754344354592831e+03
1.257710858020854403e+03
1.240969407938791846e+03
1.126774642309633236e+03
1.201598054687467084e+03
1.276362662454379688e+03
1.252859344836916534e+03
1.243787081580914673e+03
1.227591322856292891e+03
1.206044692478264778e+03
1.169365989892291282e+03
1.230664037568671574e+03
1.204086550417266153e+03
1.273467487184180754e+03
1.166148803575332749e+03
1.229509486484741046e+03
1.249724497887851612e+03
1.163945289380578288e+03
1.277626811002471186e+03
1.224384958229316453e+03
1.261385770400487672e+03
1.195315276407429792e+03
1.246532376323746576e+03
1.275699865928261715e+03
1.210794699885803084e+03
1.138518561676949503e+03
1.272490446314599922e+03
1.277806172199880621e+03
1.265149136698278653e+03
1.255793761138397485e+03
1.267130441173037752e+03
1.267281642752612697e+03
1.252239559785338770e+03
1.168450867132347867e+03
1.257282641980271137e+03
1.235098383853979612e+03
1.224471519286709281e+03
1.245588820971918267e+03
1.281512352104418369e+03
1.134922866928404346e+03
1.196759163200054445e+03
1.216251904808725612e+03
1.247339602293159714e+03
1.268832713661565776e+03
1.253758341205992792e+03
1.251788514124165204e+03
1.165960384806320690e+03
1.237428152324339635e+03
1.156420690602661125e+03
1.274453375146616509e+03
1.169708917503452085e+03
1.164234692176125236e+03
1.272750324349782659e+03
1.205149035430576760e+03
1.264242909483697304e+03
1.282838865530407020e+03
1.276578738602703652e+03
1.190609224287822144e+03
1.216456026159142766e+03
1.228423106976836607e+03
1.184182577935018799e+03
1.219831125118900218e+03
1.268776546526020411e+03
1.227176014148364629e+03
1.208298793391804111e+03
1.239360642104691124e+03
1.259168524843833666e+03
1.245126151807754923e+03
1.249131194034258442e+03
1.260777604064298885e+03
1.233419982090320445e+03
1.230047697850183567e+03
1.222253572673726467e+03
1.277361116066196473e+03
1.154895290335588925e+03
1.242437311924519690e+03
1.198528303476656220e+03
1.225943158717289634e+03
1.259682828588310031e+03
1.275550017786729995e+03
1.263188808073402015e+03
1.226929302846988094e+03
1.208276846082838347e+03
1.225789483803373514e+03
1.205870106301556007e+03
1.266880881141406007e+03
1.225959103255543141e+03
1.132658218258582110e+03
1.264977156400229433e+03
1.278836557814782736e+03
1.258718508452345759e+03
1.224568928203518226e+03
1.210242174535846743e+03
1.193503890897036172e+03
1.220272007427020071e+03
1.184055894516189028e+03
1.277130911262956943e+03
1.234351662635127468e+03
1.071989598803542776e+03
1.231812517194188558e+03
1.153054830735580936e+03
1.206355197149944161e+03
1.273557529600462658e+03
1.282682735813655427e+03
1.207511789341669328e+03
1.269031949591198554e+03
1.250410029105982176e+03
1.276505109949936468e+03
1.134194899844683960e+03
1.280192978669039803e+03
1.192968886730647682e+03
1.254927872438804570e+03
1.253767001649724079e+03
1.149884348968525956e+03
1.259125266372508349e+03
1.235264544068701525e+03
1.235012977562705601e+03
1.268986098455537785e+03
1.211377345450571056e+03
1.267692845349467916e+03
1.164335521878944746e+03
1.241278156750811149e+03
1.271892039040159943e+03
1.197109737148699423e+03
1.116307798518276968e+03
1.248524132373470138e+03
1.270956299223468250e+03
1.255305737330796774e+03
1.152355164251609040e+03
1.247437778956058992e+03
1.236333323132121450e+03
1.129652092657333014e+03
1.277927584289169317e+03
1.277951048328375464e+03
1.262007134854411788e+03
1.248198946662096432e+03
1.148631310979649015e+03
1.215071032373828075e+03
1.274674672076578645e+03
1.269429942070570860e+03
1.151134759707570083e+03
1.181493985482134576e+03
1.245979167075425721e+03
1.273640164757149250e+03
1.195261292917236460e+03
1.282144018467328578e+03
1.252473198219910046e+03
1.224459890902722691e+03
1.257940122281512004e+03
1.199941159531186486e+03
1.158264412681299746e+03
1.257147252524364376e+03
1.274241641157760569e+03
1.265195403368333928e+03
1.273392498906446690e+03
1.180899384067322671e+03
1.280687860046577953e+03
1.236778659430436392e+03
1.062222451157261730e+03
1.253347411024051780e+03
1.230664037568671574e+03
1.189248396265853671e+03
1.274980609155320053e+03
1.261565065360040080e+03
1.272981393326029774e+03
1.160089764080529221e+03
1.196899131287310411e+03
1.179698327730655592e+03
1.279912148365572193e+03
1.272587863947053393e+03
1.231233635860276763e+03
1.217423439936115528e+03
1.241212207377077675e+03
1.202453170939184247e+03
1.235417474651801285e+03
1.067051431246874927e+03
1.232530775416021697e+03
1.223150877785184321e+03
1.195453863878455195e+03
1.080619285250005305e+03
1.241707913454683876e+03
1.204668665353224696e+03
1.253397872151640968e+03
1.205732533151978714e+03
1.273575146224811760e+03
1.198813205687092250e+03
1.257206740504619802e+03
1.217523845923359659e+03
1.198208831980147352e+03
1.241975192887400908e+03
1.194175518110195299e+03
1.258576722199002006e+03
1.082952036858572001e+03
1.188008655351296511e+03
1.184685178591356362e+03
1.196484547996157289e+03
1.279643536939597880e+03
1.240192748830157143e+03
1.275578259430442131e+03
1.202311601004556451e+03
1.206670369136761337e+03
1.253049645285122097e+03
1.280587803586835662e+03
1.226359117269541912e+03
1.247166965271660047e+03
1.243387706331542631e+03
1.278709312694576056e+03
1.268008109130280900e+03
1.229609472016932614e+03
1.272932455659807147e+03
1.143882228139021208e+03
1.193348432763894834e+03
1.259259286051567415e+03
1.067051431246874927e+03
1.277420253199925810e+03
1.280091407052684190e+03
1.249354727512883528e+03
1.233303015416855487e+03
1.080825585571785950e+03
1.205128982964833767e+03
1.278653022278141634e+03
1.102770705286931843e+03
1.163284277345717328e+03
1.219977920547193207e+03
1.277230677428598710e+03
1.280766180073202122e+03
1.237090957088052619e+03
1.196325496555233030e+03
1.275273092327833865e+03
1.270426180777655190e+03
1.077110132009252766e+03
1.121161002280327921e+03
1.210022309941504545e+03
1.269799780875929855e+03
1.279103219302599427e+03
1.261891208505617897e+03
1.282587144564337450e+03
1.246184827035913713e+03
1.192432312561822755e+03
1.277243022660885799e+03
1.246660901738500343e+03
1.253061080589356607e+03
1.238642494969806876e+03
1.257448532816920761e+03
1.197109737148699423e+03
1.232582834307527719e+03
1.258022033370383951e+03
1.280263511060002656e+03
1.265751911768814352e+03
1.230664037568671574e+03
1.254058973077349947e+03
1.281669142600581836e+03
1.236475068780156107e+03
1.268290747184222027e+03
1.215691913215988734e+03
1.246861959963733170e+03
1.271076192008838234e+03
1.261542047229203490e+03
1.173888689300227952e+03
1.274557548691102511e+03
1.258719859344432280e+03
1.053711612699950138e+03
1.192824147888858079e+03
1.229245060979053505e+03
1.268073724648157850e+03
1.256093195529820150e+03
1.279651454899899818e+03
1.246098450751663677e+03
1.251970527508437954e+03
1.174835513337584871e+03
1.235939672377605802e+03
1.254618433768363047e+03
1.243650349216106861e+03
1.262227967809028542e+03
1.248105988038308624e+03
1.282088340818985898e+03
1.282113957751199223e+03
1.270017043381183612e+03
1.221693470032007099e+03
1.273161504601481283e+03
1.248566471678708012e+03
1.261355445970003530e+03
1.257270420642385716e+03
1.237661490442857030e+03
1.203532502860980458e+03
1.266285996216359308e+03
1.241491687286211345e+03
1.254194208195066039e+03
1.228613202880347217e+03
1.185573497407159948e+03
1.274775217047182423e+03
1.180017092681951453e+03
1.251403001349792248e+03
1.206298582503824719e+03
1.233321549358684024e+03
1.173097043150478385e+03
1.250410029105982176e+03
1.237237103002816639e+03
1.258062493236607224e+03
1.275820150720019456e+03
1.175023850179129113e+03
1.279432498923889170e+03
1.278339531377137746e+03
1.232899850319688767e+03
1.217259722337375024e+03
1.265456351779335137e+03
1.110602686458281823e+03
1.270929781391872211e+03
1.258544644841409081e+03
1.183951095488103192e+03
1.103266015296602291e+03
1.274672920995388949e+03
1.230385712335164726e+03
1.121444462273073214e+03
1.225563945717504794e+03
1.176589199341582116e+03
1.272508289273099763e+03
1.254242952517006415e+03
1.275898139744594573e+03
1.225909745531349245e+03
1.246726801913751387e+03
1.263958502531235354e+03
1.201717751488498607e+03
1.240323618898559744e+03
1.192466284565363821e+03
1.267004343699502215e+03
1.244054064347268650e+03
1.126873332036946977e+03
1.117632105241072622e+03
1.255760061079436355e+03
1.243391617006851902e+03
1.270640299001597668e+03
1.225422949296858860e+03
1.271520065954814299e+03
1.222832343587068408e+03
1.234585900559703759e+03
1.272659773928979575e+03
1.187337620052594957e+03
1.216915056418307813e+03
1.271355793397892512e+03
1.239182110766465939e+03
1.211396745665168964e+03
1.215752127794523858e+03
1.193467334654637170e+03
1.217054848946026596e+03
1.280824420357755571e+03
1.184702316939487446e+03
1.278115555066071238e+03
1.163303533208551471e+03
1.179760769705585517e+03
1.255883045151552778e+03
1.222051631569808478e+03
1.276978241981162228e+03
1.279814041513577649e+03
1.072446494127864753e+03
1.251721998227038284e+03
1.243727053679909659e+03
1.229479271784702178e+03
1.272641858007638348e+03
1.282770822215861926e+03
1.227586153017809011e+03
1.260634232712527137e+03
1.279561072001376488e+03
1.212739729406303013e+03
1.218823788568677401e+03
1.265757519461213178e+03
1.207701787065157987e+03
1.280871945951001862e+03
1.190466186971464595e+03
1.269150222547744534e+03
1.236021310962110192e+03
1.160861962994538544e+03
1.199676144213894077e+03
1.250674333988277795e+03
1.271446692718540817e+03
1.275437488073472196e+03
1.277361116066196473e+03
1.270303417988160163e+03
1.254847398097158020e+03
1.242176735987050506e+03
1.277773118520356320e+03
1.234356608231176097e+03
1.197843216145782435e+03
1.262464356452151151e+03
1.219752177861453674e+03
1.175023850179129113e+03
1.207225671998669441e+03
1.210818063210100263e+03
1.158206241500230362e+03
1.247437778956058992e+03
1.234234562894252804e+03
1.279216044449139417e+03
1.275133179128077927e+03
1.081605782702748002e+03
1.193330676416391725e+03
1.231192863555746953e+03
1.265957254891787215e+03
1.241540850474017589e+03
1.270452829718707790e+03
1.256839595007261323e+03
1.271826593746745857e+03
1.221139885347957943e+03
1.258245598672452843e+03
1.167589493314074389e+03
1.226355580287367502e+03
1.271000303751553020e+03
1.114271858622944819e+03
1.273507810620188138e+03
1.267961000204600396e+03
1.266591549468670792e+03
1.233419982090320445e+03
1.282631808200722617e+03
1.223689519995202772e+03
1.167262811175384513e+03
1.098215744167790263e+03
1.222152960962419684e+03
1.281683719361161366e+03
1.252485484506692273e+03
1.124076356465334811e+03
1.272335665969619185e+03
1.060335909589531639e+03
1.246688670963210370e+03
1.205732533151978714e+03
1.276869560228915589e+03
1.243387706331542631e+03
1.176833099228852461e+03
1.144391786769788723e+03
1.267113546136411060e+03
1.274528310504005276e+03
1.182639652401044714e+03
1.271562288344918898e+03
1.233308338690747860e+03
1.261485369665882899e+03
1.140853167286727967e+03
1.253948233093085037e+03
1.223813711794235815e+03
1.214935861787635076e+03
1.253059806787518482e+03
1.268197068976076025e+03
1.213542493895432017e+03
1.240819440245783653e+03
1.282280278231113698e+03
1.127143447570390208e+03
1.251265453952440794e+03
1.217401612965967161e+03
1.205721779178423276e+03
1.128045128507111713e+03
1.250245443953738686e+03
1.265064872970868009e+03
1.253324502567661739e+03
1.247008892931181435e+03
1.231954804123185795e+03
1.162769188648532463e+03
1.196023516438372098e+03
1.277519394177535105e+03
1.281241964898954848e+03
1.268929371532930190e+03
1.276775226839007701e+03
1.203157859008767900e+03
1.146851958763757239e+03
1.259169005243995571e+03
1.267468844594599886e+03
1.265549429189284638e+03
1.204316697144220598e+03
1.226296572040515002e+03
1.281233117655650403e+03
1.124076356465334811e+03
1.275933036346154495e+03
1.213997898776462080e+03
1.199615362793986151e+03
1.203997156484205334e+03
1.240912614400268012e+03
1.238520291727230870e+03
1.264737858365940610e+03
1.267613763226004266e+03
1.233191471199578245e+03
1.253850236025507911e+03
1.253833036548279551e+03
1.226278573871843037e+03
1.243462601401998654e+03
1.282554456338680666e+03
1.223665275173349073e+03
1.280583673039975793e+03
1.182230384754211627e+03
1.153077336566291024e+03
1.281604404799599251e+03
1.243290722262655436e+03
1.238770108737735654e+03
1.230397661972591322e+03
1.224319211264461046e+03
1.196908199246584672e+03
1.210195833189843142e+03
1.244381336070641282e+03
1.248374939913220715e+03
1.205870106301556007e+03
1.225060480536162686e+03
1.207536403457051392e+03
1.280120751900844198e+03
1.184971823937190493e+03
1.259722091969923440e+03
1.278120534840969185e+03
1.161165548665288497e+03
1.271520065954814299e+03
1.251661925039779135e+03
1.229109918493838677e+03
1.273486370110043254e+03
1.281079697340582925e+03
1.216852235105325462e+03
1.219915812969306216e+03
1.249355317050967869e+03
1.271381478156912635e+03
1.230179755915745545e+03
1.130579742241976874e+03
1.144665075658996557e+03
1.209805617971547008e+03
1.239423122776208857e+03
1.205507309140309644e+03
1.257814971103272001e+03
1.067558417056982762e+03
1.183713434260994973e+03
1.277501471729060086e+03
1.249479357701469098e+03
1.171904189044217674e+03
1.229720388617361550e+03
1.270142799944606850e+03
1.206289216705880108e+03
1.277087819640358703e+03
1.157450550288506065e+03
1.268748982601493708e+03
1.230664037568671574e+03
1.237664035301515241e+03
1.233828489308919188e+03
1.269811847386074533e+03
1.184971823937190493e+03
1.217701314916281262e+03
1.259222980468003925e+03
1.272452316045087173e+03
1.128630412690755747e+03
1.259235615020751993e+03
1.228822702322325313e+03
1.265098364070922344e+03
1.213625015074636167e+03
1.196545140139367732e+03
1.260903998716557226e+03
1.241983322402559452e+03
1.236375182463524197e+03
1.197089249691906161e+03
1.216456026159142766e+03
1.136194388315223023e+03
1.071157764711409754e+03
1.181568325196367596e+03
1.279015423674765998e+03
1.240711518005732614e+03
1.248549262001662100e+03
1.256741229837866058e+03
1.148157490491844328e+03
1.278880799386169201e+03
1.260731480038532936e+03
1.158944038405716583e+03
1.254337587642623475e+03
1.263289440457481305e+03
1.273747174204983821e+03
1.274857730197320507e+03
1.255715690882909712e+03
1.191608576162203008e+03
1.068295561817062662e+03
1.152355164251609040e+03
1.135996330115267028e+03
1.163976529693384236e+03
1.067818695806914093e+03
1.231838496003912496e+03
1.256243638184501378e+03
1.251403001349792248e+03
1.230664037568671574e+03
1.175556610364239532e+03
1.282203765409373091e+03
1.263477500600286021e+03
1.179620932474321762e+03
1.224597135220374184e+03
1.271928538007950010e+03
1.205909549240509250e+03
1.241938182783982256e+03
1.234293584481135440e+03
1.267567846688837790e+03
1.164794927699343134e+03
1.114752590269661596e+03
1.276034695560622367e+03
1.269794381843829797e+03
1.148623960348215405e+03
1.234166044356752764e+03
1.267919049358929669e+03
1.261394905417691234e+03
1.138332962563000365e+03
1.263398422318654411e+03
1.234153482928174071e+03
1.273944575960611473e+03
1.205732533151978714e+03
1.216677082532046370e+03
1.242457469467518422e+03
