1.118405481223168408e+03
1.081940295069287686e+03
9.912507205863062154e+02
1.128541144897803406e+03
1.095744113353274088e+03
1.095666733691420632e+03
1.108561144317510070e+03
1.071978378993974275e+03
1.095081079111249664e+03
1.086509955057782690e+03
1.084444233646222983e+03
1.126927104619095189e+03
1.084437463640377700e+03
1.122331095538316049e+03
1.124975655507599868e+03
1.092650710286203775e+03
1.066881034652958533e+03
1.120332107272080066e+03
1.086072579219349109e+03
1.103251083126358481e+03
1.042170502909557854e+03
1.044605145692400583e+03
1.069351996616134102e+03
1.060793708558869184e+03
1.005664766119405840e+03
1.078401236851550493e+03
1.108512628130391022e+03
1.080260646563483533e+03
1.084250887231689603e+03
1.094300164963615998e+03
1.124119114250118855e+03
1.104299268928959918e+03
1.105726434962057283e+03
1.109278179269814245e+03
1.100957188785823746e+03
1.038892734245010615e+03
1.078842653865501234e+03
1.057904459599164284e+03
1.115947699419843048e+03
1.127072321764263961e+03
1.106020062209129946e+03
1.122347650657047780e+03
1.060598243733706568e+03
1.030551508512408873e+03
1.104961327933575831e+03
1.124825798088265856e+03
1.124755301535785293e+03
1.104025705519042276e+03
1.000824241240689275e+03
1.086340003674397849e+03
1.058116264175526567e+03
1.100229217974221910e+03
1.115604745570206433e+03
1.082955185736750991e+03
1.122267454430472299e+03
1.015773366157337250e+03
1.127952098370853946e+03
1.000448641005805484e+03
1.097166897946939798e+03
1.077712507419377744e+03
1.128346736810340644e+03
1.113557062553762989e+03
1.124408067726930085e+03
1.060390832219158938e+03
1.111890771393794239e+03
1.050687183148615077e+03
1.095499738577381322e+03
1.068765962667943768e+03
1.101030066199410840e+03
1.083523489980080285e+03
1.119195015809313645e+03
1.090858432842888533e+03
1.015739255250396809e+03
1.045103222106745079e+03
1.118869258518627703e+03
1.109328013058261831e+03
1.113000508287128241e+03
1.128461738931127911e+03
1.062436356052662632e+03
1.083997576817705067e+03
1.092355666516867814e+03
1.087563937593903120e+03
1.112718473547294707e+03
1.118163696543514106e+03
1.110507209585792225e+03
1.096457288602461176e+03
1.103050829035898005e+03
1.055453191397148657e+03
1.101258188288851670e+03
1.084952813653490011e+03
1.091134505821145922e+03
1.118163882368688974e+03
1.076720116912134927e+03
1.083647519955016378e+03
1.120278714210513726e+03
1.099482306985006289e+03
1.083767486989987219e+03
1.104413943637390730e+03
1.073086381070994548e+03
1.098003470750543329e+03
1.030951310857005865e+03
1.110027492814041125e+03
1.085825066892060931e+03
1.060918398961210187e+03
1.117478335947009555e+03
1.128031430571036253e+03
1.118523377877845633e+03
1.035603240504437053e+03
1.093779925869891031e+03
1.094043904479834282e+03
1.033175343349766763e+03
1.119204567668733489e+03
1.103170180254188836e+03
1.128390455148227829e+03
1.084708782854974061e+03
1.109783713411606186e+03
9.958989303393072987e+02
1.070095913433311352e+03
1.063460695226826829e+03
1.128663378575627348e+03
9.926667747750328772e+02
1.113957933742537080e+03
1.045564547160670372e+03
1.062389469768836989e+03
1.116000020171944470e+03
1.109182431931732708e+03
1.104641717248213581e+03
1.125594100594241581e+03
1.097339327683437887e+03
1.114738518359026330e+03
1.069780412496377267e+03
1.092536188670162574e+03
1.093325513662933645e+03
1.121628475827825241e+03
1.030203199984174944e+03
1.115853438035112731e+03
1.073273280223760821e+03
1.075469264025224447e+03
1.079630631699881633e+03
1.093310959675121239e+03
1.061236626895495192e+03
1.100229217974221910e+03
1.122195621683270019e+03
1.123581239203079804e+03
1.087520877580755950e+03
1.048569519716517561e+03
1.119118908542229747e+03
1.091880153789710675e+03
1.116186704212779205e+03
1.089154273788899445e+03
1.074846025120217519e+03
1.112557506740940426e+03
1.086466634771205463e+03
1.126905098157728844e+03
1.110032258711708437e+03
1.101193853054047850e+03
1.024757793554731052e+03
1.119406538336151698e+03
1.127239667759589793e+03
1.121457792719581676e+03
1.111322825890487820e+03
1.040252075035947882e+03
1.086269747614448988e+03
1.089963646607409146e+03
1.064187736195208799e+03
1.127614089401698266e+03
1.107477763120505415e+03
1.075259798350457459e+03
1.100620080417994359e+03
1.121307810434353541e+03
1.125634659429349540e+03
1.126927104619095189e+03
1.116506799888909427e+03
1.108015132620136228e+03
1.032480284993058604e+03
1.105910798852786911e+03
1.113853494688408091e+03
1.119534245248536536e+03
1.108429980239151064e+03
1.108169803853406847e+03
1.029317636552782005e+03
1.090345697437386207e+03
1.106961025043015525e+03
1.120761046172638089e+03
1.116421992261678952e+03
1.101727440913567079e+03
1.075622400858256697e+03
1.010937988714604671e+03
1.127663549489554043e+03
1.073771019944832233e+03
1.047377386065629707e+03
1.020722268145023691e+03
1.043773791839556452e+03
1.127972885402430165e+03
1.126447299782912978e+03
1.092358571615180836e+03
1.024630483169652962e+03
1.071619373584676850e+03
1.118926333085989427e+03
1.004383917832215275e+03
1.128405443949114215e+03
1.093348182638894286e+03
1.093400773218635322e+03
1.104351669893943836e+03
1.116061459237973395e+03
1.045104027439228958e+03
1.084858867191607715e+03
1.080341961053169598e+03
1.123187029753403749e+03
1.118787986384701071e+03
1.034374211167157682e+03
1.110829486463745070e+03
1.112220298996112660e+03
1.093132366240013198e+03
1.120683649356466731e+03
1.114440168716399739e+03
1.067217514299726190e+03
1.075965013410637766e+03
1.082102589661049933e+03
1.099878454160581896e+03
1.099547702364695624e+03
9.784756477756485538e+02
1.085103752426097799e+03
1.071458401766692532e+03
1.116653015653858802e+03
1.106985131497564680e+03
1.089836747461782579e+03
1.004193426454872224e+03
1.098624263694756792e+03
1.107348881231242103e+03
1.081630098930488657e+03
1.100218132569510090e+03
1.122292247270719372e+03
1.118566025919811636e+03
1.126793773330000931e+03
1.114025370094893560e+03
1.100732156912868504e+03
1.063385890616971437e+03
1.096944087658063154e+03
1.118792588091953803e+03
1.089214866711783998e+03
1.074002187684310229e+03
1.109129690084056165e+03
1.115282099525245485e+03
1.103966217784804485e+03
1.119877437497284518e+03
1.106740489349473592e+03
1.115936809548211841e+03
1.087875822896607133e+03
1.105983539837049420e+03
1.090467937324328432e+03
1.063836419408220991e+03
1.101088155416149675e+03
1.083967180600648135e+03
1.055086682931474570e+03
1.055660075194748515e+03
1.026350296319601739e+03
1.127900418236516316e+03
1.083029519855394256e+03
1.121241183323069663e+03
1.090300867341806679e+03
1.097606767411068859e+03
1.073284459017483186e+03
1.084389068650114041e+03
1.051058509900850140e+03
1.106545778556719597e+03
1.032624262605940658e+03
1.095248488964893113e+03
1.113242433058543838e+03
1.100593184779866306e+03
1.036415344809777707e+03
1.127094444075752790e+03
1.079672096460439661e+03
1.044373262596021050e+03
1.092182216267971853e+03
1.056784960541754572e+03
1.117818985819675618e+03
1.128876249814788707e+03
1.087585105859450550e+03
1.084688336113667219e+03
1.118525093508526425e+03
1.063839983349858812e+03
1.125330211501717940e+03
1.110434349895089781e+03
1.125674810449595952e+03
1.043698394875500298e+03
1.106541972736811658e+03
1.098191482864084719e+03
1.120153633718659876e+03
1.100489141942799051e+03
1.128607054451676959e+03
1.111156387524014463e+03
1.117710313627960659e+03
1.092715053892708283e+03
1.120761046172638089e+03
1.076050352399157418e+03
1.018105393151932617e+03
1.009613629629199977e+03
1.116633825636613892e+03
1.092512325162861544e+03
1.123302059855281868e+03
1.080833812938219125e+03
1.036728846547690637e+03
1.101448936594109909e+03
1.120542676771684455e+03
1.068319100108275961e+03
1.092544711073297321e+03
1.103857442230386823e+03
1.092201111413499120e+03
1.105176879729715210e+03
1.053985025269214702e+03
1.116287736578158047e+03
1.110020093189791169e+03
1.108509099781455234e+03
1.106784669353765139e+03
1.112581499168495384e+03
1.072844908256758117e+03
1.071969443378375445e+03
1.093846342981496718e+03
1.116183396916442462e+03
1.024496987608320296e+03
1.080719841974654628e+03
1.072016414756354152e+03
1.074193315241465370e+03
1.116690386686916327e+03
1.124795618066999623e+03
1.108764482583349036e+03
1.116455044223303730e+03
1.121347867984323329e+03
1.116971278341155994e+03
1.123824002870666391e+03
1.099220874802313347e+03
1.113361782764756981e+03
1.120008426775621047e+03
1.109802574158542029e+03
1.112581499168495384e+03
1.126839906420439092e+03
1.101328049738192931e+03
1.122548075911940259e+03
1.097453919483766867e+03
1.124895908858432904e+03
1.079979217402702488e+03
1.127027707473908094e+03
1.109042283555887479e+03
1.124168597483905160e+03
1.123561765441520492e+03
1.097805543792934259e+03
1.085843989108090000e+03
1.109201307043798352e+03
1.082638908511582486e+03
1.119895430105275864e+03
1.099220874802313347e+03
1.112639547870806155e+03
1.060149787146214521e+03
1.099181980554745905e+03
1.101726228162535335e+03
1.108563799455524986e+03
1.124599244919460943e+03
1.110494397855840816e+03
1.121359471489660336e+03
1.121024510845511259e+03
1.100110313351327932e+03
1.062995290553655650e+03
1.090846455233077677e+03
1.024845082977883067e+03
1.059891257124749472e+03
1.113198736384566701e+03
1.091943728104889260e+03
1.073680441193718707e+03
1.115471084658657219e+03
1.085438709894621979e+03
1.124383335500429212e+03
1.082711492250522269e+03
1.123107083066075120e+03
1.123275372963655627e+03
1.049104375132930727e+03
1.113442927810995798e+03
1.114920696448060198e+03
1.062422686990098327e+03
1.093685444174371241e+03
1.010245870410738917e+03
1.081075369282744759e+03
1.065369142948079116e+03
1.100853694881565389e+03
1.065368477260500867e+03
1.116817084565274399e+03
1.084743240423548741e+03
1.058713934476399800e+03
1.106461229029532888e+03
1.098191482864084719e+03
1.079059458620940632e+03
1.111941716940076049e+03
1.103916727350977681e+03
1.124246386268654760e+03
1.015225282503414519e+03
1.063583615618115346e+03
1.065769672277903283e+03
1.073174359093445219e+03
9.859493752323796798e+02
1.062863788547908371e+03
1.120111554002251523e+03
1.105265246760853643e+03
1.123611841978930443e+03
1.075615501449561179e+03
1.125633417214159635e+03
1.122200865903579142e+03
1.071025556308895830e+03
1.092316326992727681e+03
1.080604413629605460e+03
1.117935010227592329e+03
1.069780412496377267e+03
1.126368646384057683e+03
1.085424777826349782e+03
1.029859081638774114e+03
1.106564812886359732e+03
1.116690386686916327e+03
1.121936960766545326e+03
1.122578798127230584e+03
1.047220521608781155e+03
1.123017791207462096e+03
1.097651611257530021e+03
1.097084582608563323e+03
1.108241241694830251e+03
9.802592471331194020e+02
1.109110506976557872e+03
1.128238931964011954e+03
1.112630304724179496e+03
1.079125678045905715e+03
1.126863891597963629e+03
1.061915280586032623e+03
1.021805759298278986e+03
1.115608251837126545e+03
1.073024509409508482e+03
1.127995737143137603e+03
1.118016758134443762e+03
1.090052607051806262e+03
1.128655730252771718e+03
1.039229421561916524e+03
1.104150286808707961e+03
9.510504643278379717e+02
1.092651425499344441e+03
1.084042753267016906e+03
1.111702869059063460e+03
1.082215317149872135e+03
1.077991266437256854e+03
1.039226346097784244e+03
1.127896238979598593e+03
1.067654775781964872e+03
1.091937509828185739e+03
1.114718479493525365e+03
1.011687930931470873e+03
1.123585909299006289e+03
1.028439678426418141e+03
1.090156467765608568e+03
1.112386748294751442e+03
1.112977502964335599e+03
1.050491219152326266e+03
1.090933948635363777e+03
1.094709997636163280e+03
9.950709223846999976e+02
1.124149196746274811e+03
1.109623471753257945e+03
1.096568855158625638e+03
1.031806319692383340e+03
1.115055196271072418e+03
1.057305900654271227e+03
1.087563937593903120e+03
1.126927104619095189e+03
1.125900426333857467e+03
1.117215705667376369e+03
1.045638546551972695e+03
1.041547946044237051e+03
1.111332996832142726e+03
1.103146592931496571e+03
1.057219004158508142e+03
1.100945083391977732e+03
1.107645649048629366e+03
1.113781999993305590e+03
1.080997134900061383e+03
1.126079661342341296e+03
1.103528751633560432e+03
1.123886799701789187e+03
1.091529957336555981e+03
1.071534974309399558e+03
1.097141244717669451e+03
1.109412737992449820e+03
1.086392814765547882e+03
1.065747703345170976e+03
1.097758289455851354e+03
1.120887719526373985e+03
1.113968152342517897e+03
1.054239646790676261e+03
1.077005887194743309e+03
1.094050480011914260e+03
1.128538169758176082e+03
1.122199074409271816e+03
1.065114441146022045e+03
1.120713815383356177e+03
1.094998562542364652e+03
1.048094032441672653e+03
1.106525577177808827e+03
1.082363004165700431e+03
1.123643853455837643e+03
1.115620175102279973e+03
1.085792876030270236e+03
1.093170776678244920e+03
1.105685488900109249e+03
1.123728245578713540e+03
1.087440819955621919e+03
1.011830823535619288e+03
1.028643499638396634e+03
1.066409971059607869e+03
1.126472412843978418e+03
1.125804277681012081e+03
1.072967596208467057e+03
1.101814952760784763e+03
1.116195623862758566e+03
1.108062536397325175e+03
1.047108064668485213e+03
1.019802860371743805e+03
1.104828503644160492e+03
1.111168727160067874e+03
1.049750825535841841e+03
1.112184975099895610e+03
1.096791695994439578e+03
1.128185560597576341e+03
1.050801015848204770e+03
9.901170346560488724e+02
1.103095216555225988e+03
1.100821200226133669e+03
1.091134505821145922e+03
1.124487642111298101e+03
1.077005887194743309e+03
1.005758129309237347e+03
1.127563279328749331e+03
1.119521857666366714e+03
1.031408021622266006e+03
9.451370365401528488e+02
1.118730494911148980e+03
1.096694605242953457e+03
1.108384483095945598e+03
1.075556586361144809e+03
1.120370022452058265e+03
1.118388315385618171e+03
1.108583004186074277e+03
1.115297853817520490e+03
1.057169310935102203e+03
1.114617626665752141e+03
1.098644815809758484e+03
1.064728288662392515e+03
1.076197323427618358e+03
1.081730584181356107e+03
1.084366366653658815e+03
1.064594675271191136e+03
1.111419501037198188e+03
1.094850463870034673e+03
1.094580802113211121e+03
1.071172751706918916e+03
1.126819612764358681e+03
1.109668357698073578e+03
1.081181651951612139e+03
1.085630683005858145e+03
1.122059705928467793e+03
1.085118408510121071e+03
1.117617230857918003e+03
1.076280712400918674e+03
1.100493119846816171e+03
1.063655980374054479e+03
1.048728511004422444e+03
1.079941248235648800e+03
1.115514389172747997e+03
1.121446411040802559e+03
1.093151210615072614e+03
1.127675076585114539e+03
1.096051137751509714e+03
1.066310306172086030e+03
1.110966040567204345e+03
1.069557850440417496e+03
1.060776993959261517e+03
1.088920223203936985e+03
1.025173988300040946e+03
1.089425273425735213e+03
1.100553348831156200e+03
9.739696970855458176e+02
1.003188560979574163e+03
1.091091814556085410e+03
1.121322495975790389e+03
1.043128272865450981e+03
1.124483994622574755e+03
1.031260654737917093e+03
1.033796399283745814e+03
1.097893764217164062e+03
1.124814271123192384e+03
1.055182661786575409e+03
1.117791498701250703e+03
1.109620021742817016e+03
1.126784839405285311e+03
1.076886518848192964e+03
1.083565751090206277e+03
1.056114092376223653e+03
1.066610483374279511e+03
1.113566365966596777e+03
1.090983802750567747e+03
1.101764392307565231e+03
1.026494375599946125e+03
1.122787855877139918e+03
1.106349253146585397e+03
1.112064222606172279e+03
1.060982184314192409e+03
1.064140202547863510e+03
1.052466083856714022e+03
1.060177747058084151e+03
1.111308553018646080e+03
1.119397582817643752e+03
1.046054471740200597e+03
1.107059936049656699e+03
1.122866688801824694e+03
1.118180714013022907e+03
1.091810989657486516e+03
1.103541418849291404e+03
1.128664504195098061e+03
1.118762167471374141e+03
1.122783464045468008e+03
1.123588178282456283e+03
1.082740145676851171e+03
1.114079501570065077e+03
1.114930708245674396e+03
1.124825798088265856e+03
1.115975986437854090e+03
1.089915952068646675e+03
1.080989557939673432e+03
1.107208320961007303e+03
1.040798332247721419e+03
1.069351996616134102e+03
1.075764929957368167e+03
1.123264117529109853e+03
1.082961926596869489e+03
1.049949992636774368e+03
1.103100959856064264e+03
1.057979195422975408e+03
1.077666314265793289e+03
1.108882199157507330e+03
1.096445753178332097e+03
1.126927104619095189e+03
1.048349613246855370e+03
1.128409079422727928e+03
1.113965022039400765e+03
1.093212853198222547e+03
1.111274098618123389e+03
1.086853083757268905e+03
1.111332996832142726e+03
1.042015137460231244e+03
1.062558891917826259e+03
1.117380141804892901e+03
1.119968701600489339e+03
1.085212436732315382e+03
1.106935156015502344e+03
1.052550678880656960e+03
1.096801013947962019e+03
1.073182271949110373e+03
1.105973489834853808e+03
1.093042835385191211e+03
1.091798760399294679e+03
1.058387427045057166e+03
1.058321326066239635e+03
1.120790695174420762e+03
1.121847766567712370e+03
1.118356178709694177e+03
1.096214569960804283e+03
1.100950147592902113e+03
1.063095838519509016e+03
1.099283705354171616e+03
1.094407460460070979e+03
1.123894878580915702e+03
1.108887245901777078e+03
1.122684619886129894e+03
1.126258289232269362e+03
1.113927092991848440e+03
1.121103545873539360e+03
1.101411982307739436e+03
1.051466384132567555e+03
1.119877437497284518e+03
1.095666733691420632e+03
1.127130926457532951e+03
1.122079485199411920e+03
1.055423561954813067e+03
1.119980176784795276e+03
1.127991785875484538e+03
1.106700770330564410e+03
1.118551494311301667e+03
1.124903823725864186e+03
1.109629181594797046e+03
1.062037931815846150e+03
1.119412748936397747e+03
1.095214853952568774e+03
1.110333046406778067e+03
1.044938175618156947e+03
1.124314642901752904e+03
1.067786615005547446e+03
1.067345968122456270e+03
1.127670487319464428e+03
1.091070761002978543e+03
1.105650312696339824e+03
1.120733309594917046e+03
1.126906438433932180e+03
1.107604451269786296e+03
1.095214853952568774e+03
1.119944826760738124e+03
1.082399513435172594e+03
1.116130592734060428e+03
1.109623471753257945e+03
1.061877423654886570e+03
1.103975211635530059e+03
1.071171282502751183e+03
1.128405015124194961e+03
1.029788853585032484e+03
1.127546643965425574e+03
1.092524002656489984e+03
1.123517464861082999e+03
1.045121583527908797e+03
1.119938950061721016e+03
1.102186948605082080e+03
1.115936809548211841e+03
1.117897712782971212e+03
1.040252075035947882e+03
1.126121960783677650e+03
1.066171383354026830e+03
1.110941536116348516e+03
1.107159788846548963e+03
1.056412983643807365e+03
1.122225019120877960e+03
1.113206313560567423e+03
1.032039193775939566e+03
1.128463888311646542e+03
1.054559629286875179e+03
1.042836807538168387e+03
1.103255915059514336e+03
1.119731824135399620e+03
1.086811822095633488e+03
1.047389386087562343e+03
1.026188162955918187e+03
9.653539555300806114e+02
1.119645790818233309e+03
1.079728923281698599e+03
9.982849352232871070e+02
1.068557998831759505e+03
1.112133475170249540e+03
1.062817214662476999e+03
1.085981244358103822e+03
1.121206247738711681e+03
1.126346760116608039e+03
1.108745634470924188e+03
1.093944318659045621e+03
1.075762236621492775e+03
1.111938500995658615e+03
1.100144204798591318e+03
1.093447098343320022e+03
1.110591266738430022e+03
1.086498990200664139e+03
1.116464073587621442e+03
1.056873534911425850e+03
1.093217603355468555e+03
1.115275008582178089e+03
1.127569700801632735e+03
1.101315118102824272e+03
1.125120562006311502e+03
1.107624193916601598e+03
1.062368927300477026e+03
1.076585362783503570e+03
1.126083946329699074e+03
9.510213876717823496e+02
1.025870878266768614e+03
1.102426643174996343e+03
1.051552839135406430e+03
1.075145997665742016e+03
1.019443079024152780e+03
1.125594100594241581e+03
1.125446032369104842e+03
1.030673084252771332e+03
1.121897161332103224e+03
1.108206216315943038e+03
1.114377739289328929e+03
1.102957797812820900e+03
1.111931886316211830e+03
1.101408743285322544e+03
1.061878916503475921e+03
1.127995737143137603e+03
1.026020174160089027e+03
1.127457292749844100e+03
1.126399500586182739e+03
1.077756063810875276e+03
1.062724836589022289e+03
1.050396038372200564e+03
1.090522433384084934e+03
1.076474282395674663e+03
1.095248488964893113e+03
1.029077114766671457e+03
1.104201594445790533e+03
9.676336635228354908e+02
1.117635806857389753e+03
1.117975738012533839e+03
1.084366366653658815e+03
1.108689054261807541e+03
1.119713007583508897e+03
1.084566465273743233e+03
1.105057925099113163e+03
1.095338693302130650e+03
1.116381646907238519e+03
1.101003638857552687e+03
1.128738334685631344e+03
1.091111922981326188e+03
1.083532410540232604e+03
1.049493061884196777e+03
1.114041185601026427e+03
1.096501948152014393e+03
1.105290126324727225e+03
1.093855623437321583e+03
1.116630919241105403e+03
1.018683110564156777e+03
1.058090331380455154e+03
1.123474407142543214e+03
1.087697251285771472e+03
1.112573117745143236e+03
1.127398470148228625e+03
1.086748695416785495e+03
1.111165892733155260e+03
1.092384810338703574e+03
1.054001679896273345e+03
1.118093739324958506e+03
1.125446032369104842e+03
1.108346590562878646e+03
1.117188611857463457e+03
1.052174364622457233e+03
1.111635635380070653e+03
1.082647437232835955e+03
1.035716886858205953e+03
1.110494862648328535e+03
1.117582072253273054e+03
1.031717594935110810e+03
1.113893244079840542e+03
1.112837519537483331e+03
1.103116237544260002e+03
1.090059301551808403e+03
1.105658054192971576e+03
1.110333046406778067e+03
1.087272869011130751e+03
1.102085228195762738e+03
1.114856598524285346e+03
1.077425535096728709e+03
1.110349283557125545e+03
1.128540242402986678e+03
1.061236626895495192e+03
1.046534695726381869e+03
1.034672629888268148e+03
1.042836807538168387e+03
1.107869482857423463e+03
1.077896914319718235e+03
1.091764443575564655e+03
1.041811960037122844e+03
1.115971410358808043e+03
9.808066148567497748e+02
1.061480745587208958e+03
1.060194817311484485e+03
1.058116264175526567e+03
1.111704931875462989e+03
1.101880814838342530e+03
1.094806566144091903e+03
1.022218786333493199e+03
1.023934294738567587e+03
1.086811822095633488e+03
1.045961363644927815e+03
1.080360873829248703e+03
1.122881145054984927e+03
1.040347305877231975e+03
1.108638070655872298e+03
1.099609716237856901e+03
1.059649061437200544e+03
1.087440819955621919e+03
1.083774230623165067e+03
1.120587967757765227e+03
1.123335219320372289e+03
1.073525520271021378e+03
1.070324813053556227e+03
1.087591702041009967e+03
1.104527138738021449e+03
1.071679432078943819e+03
1.068557998831759505e+03
1.111179104099843698e+03
1.118342717761552194e+03
1.050613592069829792e+03
1.008192443203425682e+03
1.062611150475204568e+03
1.101857483021137341e+03
9.877723366165452035e+02
1.034497505802437900e+03
1.100349344389963790e+03
1.105494018818293853e+03
1.128390455148227829e+03
1.125245627040304271e+03
1.054747594600005868e+03
1.111630589946892542e+03
1.109663694010374002e+03
1.060741706915448503e+03
1.105664859582212557e+03
1.067167028231972154e+03
1.124492299816822424e+03
1.031988329971116400e+03
1.049367478852832619e+03
1.128555717828518027e+03
1.063327678305444351e+03
1.122821849282013090e+03
1.117075309465057444e+03
1.105758480720408215e+03
1.110691918247602871e+03
1.088462944230829635e+03
1.001753416908249847e+03
1.093904498448759114e+03
1.122874523338743074e+03
1.121914882488321837e+03
1.085617200042696822e+03
1.073283553904853761e+03
1.113957933742537080e+03
1.081807862904659942e+03
1.116965520330229992e+03
1.089837100556977475e+03
1.033897889386205406e+03
1.076207911975470779e+03
1.122149063763576578e+03
1.127464705224727822e+03
1.106043398425786108e+03
1.117938272148269562e+03
1.126690685558307678e+03
1.074703510685121955e+03
1.022176436041352417e+03
1.066601281940074614e+03
1.118576999961319871e+03
1.089064081514188274e+03
1.125932701401403165e+03
1.075009796193614420e+03
1.110476062914975046e+03
1.109874170158837842e+03
1.058236342282420992e+03
1.125145015565528638e+03
1.110857825429195600e+03
1.120167926711669679e+03
1.030541084477974209e+03
1.117549175692926383e+03
1.092524002656489984e+03
1.123599276330599878e+03
1.034807435220294565e+03
1.105265246760853643e+03
1.117329427060925354e+03
1.123077340279383861e+03
1.054777053655722284e+03
1.042650930903803101e+03
1.112389414801235034e+03
1.068853331855076249e+03
1.110266541914952086e+03
1.065249614813608787e+03
1.076877721375464262e+03
1.127256776866555128e+03
1.039152735990966903e+03
1.126374595544309159e+03
1.107373702935697565e+03
1.124157861160572793e+03
1.016313283037652809e+03
1.074792903708909989e+03
1.030402170179036602e+03
1.109711273721625048e+03
1.121372628340456458e+03
1.116241586805262159e+03
1.118411549621960148e+03
1.107301321499524647e+03
1.113957933742537080e+03
1.122705533418671621e+03
1.105772955135361372e+03
1.084937319646530796e+03
1.105634350058319797e+03
1.111813698221648792e+03
1.092951424055205052e+03
1.117541237269583007e+03
1.071184470577513821e+03
1.108142511298327008e+03
1.111720717187195305e+03
1.037515272656664820e+03
1.034425100494470144e+03
1.123548616200501328e+03
1.029885062138923104e+03
1.023608221403129619e+03
1.094998562542364652e+03
1.102153640825705679e+03
1.055132565309114398e+03
1.124400678636866132e+03
1.097176718850577345e+03
1.087025821692158843e+03
1.098182151463196533e+03
1.009915445037623385e+03
1.092418831615212639e+03
1.047452960590992916e+03
1.113058977975202197e+03
