6.556410557273806023e-04
2.725256150066960930e-04
9.479208685095641710e-04
7.673753237314042503e-04
1.855346775465211047e-03
6.947070011734357261e-04
2.571718639594167523e-04
5.940075398936196316e-04
1.859514500376267809e-03
3.452330955141558492e-04
3.231068917027068240e-04
1.450104550267704902e-03
1.916593205322213080e-03
8.484362630668847291e-04
1.493717337687475296e-03
1.244383610332087118e-03
4.954604272995185524e-04
6.067910061941613658e-04
6.117708195081264858e-04
7.487009676784168836e-03
1.672718087447093308e-03
1.761086781730351923e-03
3.761003050025774281e-04
3.524625643626893407e-04
8.844601326299736258e-04
8.961700044693422752e-04
4.939359617554741223e-04
6.537752012131885747e-04
2.536572646555268376e-04
6.203070751354031707e-04
4.663771140309312061e-04
6.133964108020454773e-04
5.960300782987374996e-04
4.481921575610993479e-04
8.559069468556196542e-04
5.586107601754018671e-04
5.764914357899843331e-04
3.028332076294647473e-04
2.330709282336156931e-04
3.767775115457520072e-04
1.968248940178549296e-03
2.974368669156271646e-04
1.020201504214258547e-03
1.068153290677624403e-03
5.409244123867649546e-04
7.827054793728870563e-04
6.297895419251479422e-04
6.453922162662269896e-04
5.394381375734923602e-04
3.776962298203523751e-04
2.012483742769066979e-03
1.405768951898277814e-03
1.485729202329830060e-03
1.148277772808172772e-03
3.937927277568413487e-03
6.978200374890225575e-04
1.041893256843228008e-03
1.106412902898220143e-03
8.006357680382224923e-04
4.495940430672406294e-04
2.086510274773261786e-04
5.830978763255180962e-04
8.800441134457396382e-04
1.517933363414413319e-03
9.038690145894938540e-04
3.806673635156649499e-04
5.452719104723873205e-04
4.302846143996030413e-04
5.831720055263314197e-04
4.479385631557432227e-04
2.419812398673777069e-03
6.790560840674086723e-04
4.831375576988992883e-04
1.068763660148041618e-03
6.133964108020454773e-04
5.008176929147148361e-04
5.145551002814671400e-04
8.406947134230120843e-04
6.723416445312256108e-04
2.302971186925202324e-03
4.129696486388903845e-04
9.739481912772728631e-04
7.030143016748623521e-04
3.353767812910150338e-03
4.426692499893594267e-04
5.709797273922524383e-04
2.802101949498807037e-04
1.040240541740988008e-03
2.369542477712904480e-03
4.504119770316884178e-04
4.840756654255985638e-04
2.677579766578824967e-03
7.546462977358819402e-04
1.001548356221237512e-03
8.857785949169604640e-04
7.586151310067454096e-04
5.850173639974106223e-04
3.054475291188959735e-04
6.886605827727584461e-04
1.395734279682985576e-03
2.682042008878780456e-03
1.083037540980949075e-03
9.763034850303327176e-04
4.330074092789136671e-04
6.813257194902908997e-04
8.596934139016266466e-04
8.925890013442880182e-04
5.588069389021365014e-04
4.839902158440050018e-04
3.558140998612243570e-04
1.291955985071444350e-03
1.058028524061171765e-03
3.181310292937024266e-04
2.066695280597804010e-03
7.884876383181712569e-04
1.727645418358511554e-03
4.341769345157208901e-03
4.403270832593888184e-04
7.305844018421461979e-04
8.853432975883420136e-04
7.209369878591921632e-04
7.896172166960753079e-04
3.847170744445995967e-04
7.668736681184306443e-04
6.993064701627198622e-04
1.371981306973268401e-03
4.094517363129483506e-04
3.190570460191091283e-04
9.961785838860219046e-04
1.408512235244449573e-03
1.143709630228533555e-03
7.568090396065027536e-04
8.607263197395237288e-04
6.864744295312477694e-04
4.314791481508393816e-04
1.013800529322834293e-03
9.534486045945782555e-04
4.541363056577797435e-04
4.302581290107544525e-03
5.213073362379027969e-04
7.853021988234948694e-04
1.632986927593762334e-03
2.710732977188588712e-03
3.324007709226105278e-04
4.201160377914363222e-04
2.786663609978723877e-04
4.261386487662902067e-04
2.972182723894256466e-03
2.737260549232871246e-04
3.864306116408213767e-04
1.034043067767992288e-03
3.304198092093842696e-04
1.342831900445497955e-03
4.028875053635486364e-04
3.477879180447207650e-04
1.204311990213704879e-03
7.016340297850921694e-04
2.934453237290563996e-04
1.237628680464696040e-03
3.719328613960794683e-04
3.320383974978332545e-03
2.194810475233050829e-04
6.283412351372297082e-04
7.520514290609850916e-04
6.782203922163314563e-04
1.168218260128671155e-03
8.070757854448709070e-04
3.761155468818947497e-04
6.712635703629680779e-04
5.042853239609186794e-04
4.052457919261099294e-03
1.510415542871077930e-03
6.448116073090258936e-04
7.295453653451521980e-04
1.126392395218597364e-03
5.256219639240493997e-04
2.958782174269521635e-04
7.714703387016644915e-04
7.288424010796615065e-04
6.113670832285955951e-04
1.542883601450151070e-03
7.474698658196479197e-04
1.971307325781410308e-04
5.058753507164607871e-04
8.946671618480514857e-04
1.815814160275288714e-03
4.442690702186293168e-04
4.245563115890668097e-04
9.914144620467454060e-04
8.479236002198974314e-04
6.090985835829399765e-03
8.771265488424108544e-04
4.993091714314901782e-04
7.292818244556244570e-04
4.986198400974979194e-04
5.316900281447835145e-04
2.625734901378887990e-03
1.139314185355394657e-03
8.746238501000758820e-04
6.994002514121461797e-04
4.913877837866293796e-04
8.620077945991217730e-04
2.119598946352063001e-03
7.378509226105830566e-04
4.094517363129483506e-04
8.100254958640143704e-04
6.254232030402458089e-04
1.001814599254227797e-03
3.316522538832044329e-04
4.455310787767193469e-04
4.651584836138449009e-04
1.104869463801270470e-03
6.121761769944948813e-04
4.676659718619786727e-04
1.203892299962363568e-03
1.123605987663300930e-03
1.066757980988204506e-03
3.759845935233891790e-04
1.521177367713402121e-03
1.135128063549691556e-03
5.434997232642460423e-04
8.892016905515479639e-04
4.251417703420328669e-04
5.059517053819967717e-04
6.411643375161184093e-04
5.623713600429012952e-04
1.205409646068722560e-03
3.920702363246455677e-04
6.947070011734357261e-04
4.959262776926519085e-04
5.909313537458487460e-04
4.405346977793975216e-03
2.092565218780313534e-03
2.101202458063681968e-03
6.796624995774146324e-04
7.778344145781250106e-04
6.764504439549390985e-04
1.187367638374202394e-03
5.065521249174698799e-04
6.009021261887566995e-03
1.035230786868199552e-03
1.201553869304151836e-03
1.339414338771601843e-03
1.007852169152228302e-03
4.814899648669911927e-04
5.436186085897329150e-04
9.039534062075988991e-04
2.922384477652408170e-03
8.765452464667992851e-04
1.101137303449354265e-03
4.638794243234102793e-04
6.071652009350529981e-04
1.318667242532169624e-03
1.219465492152974713e-03
6.583747083003365502e-04
7.684783781484067497e-04
1.028156047192853480e-03
6.291025646517617439e-04
8.482079173625981221e-04
1.685674271474042101e-03
2.425691871048767621e-03
3.745020644684581598e-04
6.477805389560817306e-04
1.211406469441571711e-03
5.764914357899843331e-04
9.722860971463669543e-04
5.353489344307224129e-04
7.042651104993490714e-04
6.004995450732500970e-04
3.682767586815013667e-04
5.709958815703587362e-04
7.145539301789578801e-04
7.959715274282410822e-04
6.829537037100894730e-04
6.348496482881157282e-04
1.221494885476914717e-03
3.919988765173470710e-03
4.638541795075166335e-04
7.570663174437570770e-04
1.153941133547610161e-03
1.843921252296485454e-03
9.886727761780006798e-04
2.092565218780313534e-03
4.628913482643897087e-04
1.963818160430802311e-03
1.191963640232393887e-03
1.161550156651707790e-03
1.282561140677392032e-03
1.685674271474042101e-03
2.247937282767143938e-04
6.225403823051949741e-04
6.409676198756648945e-04
3.735889203481113953e-03
8.106152450381026459e-04
8.136234908644637397e-04
9.527582707255623576e-04
4.785332624553401289e-04
6.869683183241909403e-04
1.232944567160518127e-03
8.117018889788869904e-04
4.934023591936142952e-04
7.278178542473701758e-04
7.597260256550216828e-04
1.575370153774003279e-03
2.117591261942077668e-03
8.876167261081340486e-04
9.928236907344074880e-04
5.709944627779932422e-04
3.728659075803315826e-04
6.085111120030965021e-03
8.717813788047043674e-04
3.574885968571643222e-04
4.490651075955267918e-04
8.663751109877020594e-04
9.178001843250035855e-04
7.116965228345079443e-04
6.039767724233226697e-04
5.747417988927582943e-04
1.913865766619919943e-03
8.523662296839702116e-04
2.899642437435444222e-04
1.922828917481915001e-03
7.282751422564917587e-04
9.333438129197961465e-04
3.911682963891278736e-04
4.914748028476327666e-04
3.746512319760050163e-04
7.615641653248343907e-04
1.568835235253896202e-03
9.155593399488151174e-04
1.096193259790326268e-03
5.443958957816448594e-04
2.342201270470490866e-04
7.205302504252068720e-04
5.962480445634378611e-04
4.470776422602155942e-04
6.383699515167339618e-04
4.363563102838237482e-04
4.179634421793931268e-04
5.208396935354494932e-04
1.342831900445497955e-03
7.013200224997258921e-04
1.104869463801270470e-03
6.665439166280240444e-04
3.535221854154579381e-04
1.273135954885090161e-03
6.321075851544429372e-04
6.430798433624485000e-03
1.214131221612556018e-03
2.566354962866968089e-04
6.675549810674698834e-04
6.572662818866304574e-04
7.815657218888745397e-04
4.680174105921539062e-04
2.881665724384699628e-03
9.820854333728054695e-04
7.801353084537058797e-04
1.203909836273158764e-03
5.400916697574989489e-04
1.144626574725066516e-03
6.955935806313713176e-04
1.569359147518091697e-03
6.886605827727584461e-04
3.817466379715592347e-04
3.927481455395057412e-04
9.435379294283189645e-04
8.883762273755135656e-04
3.293364103830082349e-04
8.987133345437456648e-04
1.153936083030836484e-03
1.393151806950168386e-03
7.173651419540106938e-04
7.040297016425402970e-04
4.930668905826565696e-04
7.360439460789285505e-04
6.792531374439371959e-04
1.215621515621560919e-03
6.828725899148203925e-04
1.619365374192149052e-03
4.460994774365951271e-04
9.358545326867623911e-04
4.660738094536382402e-04
7.540720818893535335e-04
7.690256853634457957e-04
8.049684529392861021e-04
7.434920858644714602e-04
1.102199176832094861e-03
2.931479821678383284e-04
1.778921257387349863e-03
4.655632506251765920e-04
2.166146320804722934e-03
1.661171736102023651e-03
3.070307555375016142e-04
5.854308203444078115e-04
2.677899169791715054e-03
1.554962486551999873e-03
7.277557237336999916e-04
1.007224350475699600e-03
6.287036150949539080e-04
5.761854481656877207e-04
7.153454672576403921e-04
4.888735396407901902e-04
3.560960091337090619e-04
5.298445589961117870e-04
6.040389611957010414e-04
7.597260256550216828e-04
4.755527713523351576e-04
7.399672278064271629e-04
7.897424501847693070e-04
5.631779001925834444e-04
2.932104670654286168e-04
1.951912852717402856e-03
9.440180893402400943e-04
1.699113307652275542e-03
5.993693118337780788e-04
1.331774565676713783e-03
9.392970137204836954e-04
5.929640536215335066e-04
6.474708311620220539e-04
1.677186639369842875e-03
1.250824520186817872e-03
6.863784864396704115e-04
8.546762023179145518e-04
3.961392428435491940e-04
1.199247418837422500e-03
6.491631027082620528e-04
5.213532591002612189e-04
2.374267654717769204e-04
4.376079714241603636e-04
1.520301712890240924e-03
2.468638519649680486e-03
9.617490624336932220e-04
6.503602353612721390e-04
1.261763987375675525e-03
4.284679169419193414e-04
6.444996361059242111e-04
2.254707280503621524e-03
4.644919876219364709e-04
1.020463116740913476e-03
1.116470310203219280e-03
1.587981686150475875e-03
8.726874957612992291e-04
8.176040418632385572e-04
4.103892122847465750e-04
9.462454451870893051e-04
1.120793711779588097e-03
8.807422576481450114e-04
5.210793168873534102e-04
1.473816921926444229e-03
6.434471586871972877e-04
1.156078366836889911e-03
3.867947183289909452e-04
2.583667394549540820e-04
7.948494019711043303e-04
5.494316768690505736e-04
1.501002896736112861e-03
3.587562555386265600e-04
5.475580165760690404e-04
3.843317840830254664e-04
8.321375182464214090e-04
1.402786372315929439e-03
9.073600988326691128e-04
5.614747375361444194e-04
6.947070011734357261e-04
2.603020017937507976e-03
6.149030732837434173e-04
1.268491205200552576e-03
4.263541184397053540e-04
4.590668497893965645e-04
5.264504944161506285e-04
9.864998972035957624e-04
4.143877212429786456e-04
6.026299504984640410e-04
1.855346775465211047e-03
4.778813347878566042e-04
1.422421229854324261e-03
1.389185022331364434e-03
2.788298537794846668e-03
9.553126449871338424e-04
5.744556706395503778e-04
6.097109785946526472e-04
7.039532103107083022e-04
9.070581337132183151e-04
9.337062150746611730e-04
2.125860404186840117e-04
5.225266582053085529e-04
9.655267255067682399e-04
6.617999498921725392e-04
4.169687703610974868e-04
5.269030562722824135e-04
5.861325450349838930e-04
9.129203958811995742e-04
1.007795417068774397e-03
1.483702844412906289e-03
6.743781226069666800e-04
1.366205495527553562e-03
4.546759981100855007e-04
4.861856481113206144e-04
1.422421229854324261e-03
7.670412100312483513e-04
3.287910712761896929e-04
5.934303846533712633e-04
9.582490801758592174e-04
6.225148880182184308e-04
8.732060069752008678e-04
1.240644256868699436e-03
1.012093684313013090e-03
4.634045746874436260e-04
2.255248119838645091e-04
1.422421229854324261e-03
2.316883087578964096e-03
7.282751422564917587e-04
4.931560459523753881e-04
3.843114105623299834e-04
7.282156306167065791e-04
7.546832646439381904e-04
1.042743824419875044e-02
4.450857454137152483e-04
1.744349569496441181e-03
5.234250255220101750e-04
1.384762266972098393e-03
6.036569121560049662e-04
6.022494364965727326e-04
7.145174288608835628e-04
5.082253442319141935e-04
4.005239732212858010e-04
8.604137081413712560e-04
5.622253631257627133e-04
6.724469730056268539e-04
1.084483749626548787e-03
8.775122848699927177e-04
2.573331911604464649e-04
5.718366637623063407e-04
7.814941537392605620e-04
6.667194300214088600e-04
5.323949491279435014e-04
3.118852361230239813e-03
6.119712728580257782e-04
8.427642619297637640e-04
1.159427150103856411e-03
8.895320558315471292e-04
7.959715274282410822e-04
1.640369279102988579e-03
4.750435362966648717e-04
6.522935241127814652e-04
7.276224388263790232e-04
1.211400077776239072e-03
4.948459661950874210e-04
1.054555368178755267e-03
9.185201222092770216e-04
5.022412051775690042e-04
1.695716557868962721e-03
1.554698294920047342e-03
5.386166137566896850e-04
4.775419010260730890e-04
4.603599338303040198e-04
5.475947584575352640e-04
9.363160866915700179e-04
4.571058292611999323e-04
3.222146448811171772e-03
2.279017000814403547e-04
8.759801065919255517e-04
9.380147235696930210e-04
3.539444610050279595e-04
4.674011045764625539e-04
7.546774440276329517e-04
6.879381855549088123e-04
1.399878801801012970e-03
1.176602943240115471e-03
1.419858415497469951e-03
9.896711402096677879e-04
3.434442424603428054e-04
1.819371441618439266e-03
5.173420637669659452e-04
1.200985296561882156e-03
5.203012606297250818e-04
1.115715876252449919e-03
9.137264399212899476e-04
2.734188377678092711e-04
1.044662550839788734e-03
3.452692055008258734e-04
1.064416025739526282e-03
9.381623999226267876e-04
1.428266655311428253e-03
6.377888017497797659e-04
1.508678668304466296e-03
1.447853555767099690e-03
3.158068889416314239e-04
7.293437604576981413e-04
6.500760546651644049e-04
5.491549396642293962e-04
2.230236187934209722e-04
4.808639709287798603e-04
4.851228128673466702e-04
1.205821762067465705e-03
9.832303374476985582e-04
1.008535687882007722e-03
3.950482330477310183e-04
6.831841568538006559e-04
7.664734095988414353e-04
6.440472510304608720e-04
4.755340926289900946e-04
1.222711116360675025e-03
1.951912852717402856e-03
5.933972662064176517e-04
8.085847376107246649e-04
9.548583863451993742e-04
4.400364653249951561e-04
1.266851111189978276e-03
1.471500656270464122e-03
5.820586173374373441e-04
9.118749263407803594e-04
5.360979250398607105e-04
8.655208792055189837e-04
1.386379527656911954e-03
3.961501924372862193e-04
2.148576780444318244e-03
5.233339846592288940e-04
5.886721481003542910e-04
5.848906301215628031e-04
7.071935781885570942e-04
4.143408723576944030e-04
9.740017384455904297e-04
2.031052896187952178e-03
2.447977680827034992e-03
4.498553592289922373e-04
1.916463239478415591e-03
1.107597359648558209e-03
6.193485972278918493e-04
2.151620122388002865e-03
6.864053265501246807e-04
5.831281979208786112e-04
2.798472399813246403e-04
4.015582652645849761e-04
4.176101247346640662e-04
5.200827456981008687e-04
6.203681103190665383e-04
2.899642437435444222e-04
4.418526141320810834e-04
6.850427785163320940e-04
1.448044860220647429e-03
3.403935465964495581e-03
8.936989119369695769e-04
6.599846160447856748e-04
1.420863754642297727e-03
1.612546278136331966e-03
1.372002614778137239e-03
8.335816646622790050e-04
4.003884912269242116e-04
4.474825770300024270e-03
3.698117765228001088e-04
3.263677882219200130e-04
1.139230521484017400e-03
1.293356525840921216e-03
8.355046598435520193e-04
5.227067687364229942e-04
1.756389623894311558e-03
4.800172695933647309e-04
9.782978202093398339e-04
9.527582707255623576e-04
1.290833654183425657e-03
3.664613943591271683e-04
5.133166901775667798e-04
4.379001491835486713e-04
8.920807572988175786e-04
6.424824423703821797e-04
3.368564487707458401e-04
7.288963904219919725e-04
1.260680226356220793e-03
2.517020792165210619e-03
1.165332275341168311e-03
8.171087543051494670e-04
5.018111373950199594e-04
8.681423774786737766e-04
1.839632794463736017e-03
4.714693689565091386e-04
8.499727764443864870e-04
9.643379403416362699e-04
9.809927048745239585e-04
1.952062071421209509e-03
1.024511617058405976e-03
6.377481164472756977e-04
1.138459221502430632e-03
2.505416275479084532e-04
9.750133875334283592e-04
8.438206796335301265e-04
2.617990603823487031e-04
1.157617997063597158e-03
1.003265234273370814e-03
7.645800095394863355e-04
7.030143016748623521e-04
9.271284309931149400e-04
3.416481028527138192e-04
5.027578964733715001e-04
3.364995407569891864e-04
7.090017089291221226e-04
5.140977175817737672e-04
1.157557524312806960e-03
8.429708930725244220e-04
4.411753061360410271e-04
2.134970080548832718e-03
8.357925288121896990e-04
4.684495250070060905e-04
6.380254124359465784e-04
5.785837079399113641e-04
2.888042390004296172e-04
9.638312975421702185e-04
8.265486433122514257e-04
3.094235812662977036e-04
1.579620887026812574e-03
1.332341791829211482e-03
5.397965441788503578e-04
6.084291294057275193e-04
4.066089605738901582e-04
5.773320526611801663e-04
2.064126275127137547e-03
4.240132547158511071e-04
8.487808048543609351e-04
9.093744935403085677e-04
9.970576469087990765e-04
9.527468268987725197e-04
5.344578721711260201e-04
8.722998432985288719e-04
9.130166510198568395e-04
5.393855926156252735e-04
6.312346629851468653e-04
9.585186528905507595e-04
6.569509604491246407e-04
1.788798019666095656e-03
1.543048253075656774e-03
1.278031519975754079e-03
1.613289012791434534e-03
1.478482850984995075e-03
3.830435362351954196e-04
3.790880442968761984e-04
1.648723134268626975e-03
1.431337791096089001e-03
4.287254752655698725e-04
5.649562099541401497e-04
4.513349155347219947e-04
3.920229987414258332e-04
1.139032111288473337e-03
4.720845574684519905e-04
1.122101517249098936e-03
6.599016150584375131e-04
6.079034081967393463e-04
1.409662234146753963e-03
3.293639184303225140e-04
4.303597702359717413e-03
5.632534813118171124e-04
8.192762943351719791e-04
5.254084498338480085e-04
7.786422419423863353e-04
2.917447894193460041e-04
4.074004418625475099e-04
3.881273220346538187e-04
2.654409067940988274e-04
1.335686418108401842e-03
4.802157100773034163e-04
3.394604778882612229e-04
4.243571038354744421e-04
5.728502945330074319e-04
7.071935781885570942e-04
3.433893599230326637e-04
1.730103277378028728e-03
5.842118040813137469e-04
1.702493373882791716e-03
3.771416785250057127e-04
4.447448751304782389e-04
1.472348447254076065e-03
1.381262156303772947e-03
5.743224751490209803e-04
6.630861316227313913e-04
4.652425689580512880e-04
2.930443256054703831e-04
3.033751510191894378e-04
2.907459904602807091e-04
3.721208495281015465e-04
2.732969878451450602e-04
4.672238089735087957e-04
7.478271020934105021e-04
3.721399981232718685e-04
8.500715668340117891e-04
5.856833904191356428e-04
1.567108494488945016e-03
7.822246590959215954e-04
1.267915652206871727e-03
5.620311258564956352e-04
6.811631594082150727e-04
5.718288356643526317e-04
7.988730320256217038e-04
3.735487764775074441e-03
4.455878333526002528e-04
3.505803922644012667e-04
9.493265572210617294e-04
1.191963640232393887e-03
1.042743824419875044e-02
1.164604645402259921e-03
6.744711373725513232e-04
1.159994028952071772e-03
7.520514290609850916e-04
3.512424350437481219e-03
3.031497529421280329e-04
4.800774339064866735e-04
6.713224121566345806e-04
1.205919357008973123e-03
8.905803472906395797e-04
1.445131708645585244e-03
7.288289094361668314e-04
6.404380031037585795e-04
5.865133279794765720e-04
1.291790170456761028e-03
1.381262156303772947e-03
3.988928336468626707e-04
3.588948328501033458e-03
4.918588512265591704e-03
4.330539169762283227e-04
1.642010024198608349e-03
1.246586260910379071e-03
6.527307523313688811e-04
3.931342870577595144e-04
3.435523197757884076e-03
5.161108197816865074e-04
7.351171618968691500e-04
5.295811413037318418e-04
7.663359871315315050e-04
7.725352994103797111e-04
7.820234920232602051e-04
7.369818644079520606e-04
2.503531119230173289e-03
2.050009465007816313e-03
5.525999674499583328e-04
4.836241680969696234e-03
9.190824558955710709e-04
2.694301275887694925e-04
4.838183313451845341e-04
8.904825432593896795e-04
5.179333564058986525e-04
1.620876570195854335e-03
1.303675784778739839e-03
2.508297092727428536e-04
9.895165998620055175e-04
1.321932767571703084e-03
2.123846472326689893e-03
4.929136724614636717e-04
7.515681285638814218e-04
3.857946118061081754e-04
5.723124102682316649e-04
9.669375509043464084e-04
3.534631773056887919e-03
4.752578305337267330e-04
1.326635064351445016e-03
7.605651748630977904e-04
4.384381276588849609e-03
1.739323395066746545e-03
4.739273515829210519e-04
5.933540093630738314e-04
1.028042812494411005e-03
1.091689670124970342e-03
7.072057218274766183e-04
9.684178031967141708e-04
7.484284633654290182e-04
1.266105542531647003e-03
1.810145595821501278e-03
5.059517053819967717e-04
1.597158175304787611e-03
4.754036944708551191e-04
4.655242562000110594e-04
3.106459423714459786e-04
1.002321094581023813e-03
4.698573731268883931e-04
1.231249598508606189e-03
3.399610062267183663e-04
4.029261232940017554e-04
6.892622877031345926e-04
4.465087895354557059e-04
1.963078420610113624e-03
6.426615404675644662e-04
9.299128946213694675e-04
8.485467180283660839e-04
2.821656678694301900e-04
1.658513572251791440e-03
2.341731359762646864e-03
1.860524725287348961e-03
5.133766303661628722e-04
6.196978954104764500e-04
1.258399836688374723e-03
3.766707233924517992e-03
4.049322705516901467e-04
5.639936361626878957e-04
1.860488847431252977e-03
1.102838292792601661e-03
9.076094686851055677e-04
1.540154421380292597e-03
2.989332152814402552e-03
1.175922250513948162e-03
9.786088324249845802e-04
1.179002459568596244e-03
1.919296557304233167e-03
5.885927900487723666e-04
2.012483742769066979e-03
2.573331911604464649e-04
4.300192140376436377e-04
3.427622974280485893e-04
7.322454878764446135e-04
3.175236221682147908e-04
6.117355515180631764e-04
8.185234130662544152e-04
1.064695700648689075e-03
7.911271852283945560e-04
3.389048742041797773e-03
7.304691739492589434e-04
5.003966604634734741e-04
8.812957195106910831e-04
1.844876122934288468e-03
4.977589525376684794e-04
7.457892377897191874e-04
3.809576212943319076e-03
9.063397041289884435e-04
6.938524706119970822e-04
3.957848537399181609e-04
8.568150420816063491e-04
3.851948265665431823e-04
9.537719392011254679e-04
5.593245873706343546e-03
7.029108017724066196e-03
1.100205399606007505e-03
1.333059253265330519e-03
3.782179386853416151e-04
5.919469819666389569e-04
3.831500745868453967e-04
5.119095318132055143e-04
7.205581462834795194e-04
9.874813923042293721e-04
5.905482206690405335e-04
2.879908512341783724e-04
5.135887136517106868e-04
4.248082648248284509e-04
3.624509270760783953e-04
3.734987009284296798e-03
1.326635064351445016e-03
6.718283648867563003e-04
3.831235108732249334e-04
7.731621806943325247e-04
7.502333742843570862e-04
5.046776458810031197e-04
2.819765971828500171e-03
1.105171703958196918e-03
5.216044392577296384e-04
5.642070148548994834e-04
2.515498402318108858e-04
5.675417936313154705e-04
9.895165998620055175e-04
6.447968899972544941e-04
2.144850952148942818e-03
3.978827314702893512e-04
1.036714354099182696e-03
9.326779885348074253e-04
6.918554905336888727e-04
3.498765880654631827e-04
2.899642437435444222e-04
5.661738199515116378e-04
4.857379046543514912e-03
6.566047232937941925e-04
2.834523295271620339e-03
4.893725218982734751e-04
4.360340124828773279e-04
3.498765880654631827e-04
8.342101091527442946e-04
5.067255526522966179e-04
5.219745682607118426e-04
6.237471516940341952e-04
3.360854273510414003e-04
4.414686845910822098e-04
8.035684239608319917e-04
1.972740090895337868e-03
1.112602894061081324e-03
1.224137956861004852e-03
4.827154500384600458e-04
2.532789219306805705e-04
1.444553229467056363e-03
9.705853191354504254e-04
3.487505102971159713e-04
4.531703179528640967e-04
7.001968271652987555e-04
2.230738418826284757e-03
3.928719457759260948e-04
7.399098328473239497e-04
7.430897635972452762e-04
6.879381855549088123e-04
2.047417134993591552e-03
7.436929139241732186e-04
5.514960079180420425e-04
5.133987050074895414e-04
4.644919876219364709e-04
3.136386879338819329e-04
1.892659197481389409e-03
1.193654984580513412e-03
1.496734036427012230e-03
4.330539169762283227e-04
