6.723219212059157240e-04
8.583855315492394406e-04
3.695524883134050534e-04
5.715909777659289532e-04
6.678646866701106388e-04
3.311674659928851711e-04
2.528368441238197477e-03
8.156062964631789758e-03
2.649228700817836488e-03
1.646486169486029985e-03
1.968118281445390902e-03
3.596413346646163941e-04
8.781786722653351631e-04
1.650493141617755122e-03
3.629353846204548908e-04
6.171348645290044600e-04
3.301146994429953341e-04
7.425249689795510510e-04
8.570705357521535023e-04
4.789879320673180209e-04
5.216466069583137544e-04
8.166607817812435600e-04
3.369494727790323888e-03
8.734516939319581430e-04
5.017475102250700718e-04
5.573145398290439310e-04
8.466756051185603694e-04
7.769961045898344729e-04
2.238007469669321854e-03
4.656701463735736946e-04
2.982492592094061605e-04
1.380021834209266924e-03
1.093152743392024383e-03
1.193377906931121371e-03
7.917588782649634047e-03
4.193128522139839246e-04
3.969689712549506907e-04
4.560316045480309645e-03
2.881444117986938294e-04
1.166838373495809921e-03
1.816027537644074883e-03
3.943909323399822872e-04
7.300379911593340813e-04
4.078666763391529241e-04
4.683633508971384550e-04
4.492579712682155928e-04
7.616563386585016191e-04
1.245344902835040244e-03
3.941333088931002959e-04
5.744596766009776477e-04
1.158598631524907505e-03
4.989654975890471999e-04
6.042144254397183384e-04
3.798852805715348087e-04
2.939299945257558676e-03
5.658599187946328690e-04
4.438547083533560429e-04
4.095337159720919000e-04
2.828602825260736748e-04
3.166815428906769926e-04
1.448180098500338395e-03
1.083927420462841998e-03
1.167540267639635828e-03
4.460571075587328911e-04
7.287104619955162054e-04
1.193873303230177539e-03
1.245344902835040244e-03
2.269476687171086832e-03
8.019444210129538474e-04
2.608392418416010132e-04
9.304731302377381927e-03
6.310440765528377294e-04
3.505601439167406442e-04
7.579964377941620724e-04
5.640178481171790161e-04
6.673130897716818407e-04
1.992928455455371048e-03
2.124940623878605970e-03
6.839469370608956215e-04
5.195063679096239726e-04
3.840910603935829629e-04
1.454035559112529068e-03
2.449940231347704292e-03
3.577703477109463702e-03
1.829147586585395209e-03
1.706646880598402822e-03
4.639965483052803505e-04
4.989248226610349789e-04
6.049582562295734243e-04
1.664884798872122472e-03
3.794036035331162238e-04
5.103601711988477001e-04
7.928949370818355645e-04
6.920430719811968695e-04
4.003302454105712158e-04
5.317463988623225522e-04
1.728759206592133659e-03
3.711718390611790444e-04
7.860735601350141979e-04
1.273051800491522331e-03
7.309688967533511808e-04
5.076012732037003252e-04
1.838505004338216028e-03
7.502078271229615071e-04
8.633937575425719175e-04
4.046447818461059343e-04
9.585368099787155679e-04
1.717001102931286875e-03
3.027129236960545517e-04
3.439396084078463213e-04
5.830108040287296798e-04
1.114955174646435274e-03
5.635264158113102544e-04
1.077464256399521172e-03
5.443129348045492276e-04
6.259619730401320492e-04
5.810511108344317650e-04
6.371807284357911732e-04
3.507894860922218180e-04
6.343856060783766189e-04
1.355163443448792601e-03
5.589174158348353448e-04
2.275591432299744110e-04
1.469531385732395293e-03
5.916471765409552983e-04
7.102641274882536254e-04
1.584871904137848857e-03
5.896120605816318472e-03
6.090066809409905952e-04
5.416391917610792472e-04
2.492803914222546332e-04
4.274601990741342425e-04
1.120006329651334221e-03
4.199105939328158510e-03
7.773712473804375404e-04
5.229468349530551992e-04
1.686766424964518353e-03
1.243122041094662546e-03
9.098300899899553016e-04
7.705506885334904767e-04
4.887587433428335201e-04
9.061772572396485084e-04
5.554525550516181730e-04
5.386359414906509392e-04
5.931815332792959644e-04
1.552103746596073799e-03
9.730156429451217647e-04
2.224633511210211047e-03
2.179664257357472566e-03
6.632645041849470451e-04
5.999390166185072058e-04
5.120072042822229521e-04
1.683758787633204143e-03
4.676736154855768855e-04
6.898901092762184687e-04
8.925952912920273249e-04
3.479176108146961278e-04
6.935343905671814517e-04
4.403848491308072705e-04
1.664884798872122472e-03
4.643918863275251331e-04
4.083209427761704501e-03
5.791622033937153177e-04
1.337110655756960963e-03
1.199534342401683109e-03
2.327588603217419167e-04
7.066846915118164081e-04
9.651575879975684029e-04
1.044176548874835081e-03
1.131190079520905502e-03
8.719183595975940615e-04
7.029606331057589854e-04
8.429320232984936810e-04
3.469580193929835510e-04
3.385664653435946554e-04
8.331509731953010969e-04
4.319318550364580132e-04
9.618274158466980648e-04
6.226954022750371071e-04
1.918220969151964621e-03
1.130909332866506314e-02
1.074549434546606978e-03
9.761601066110494208e-04
2.049983704763185324e-04
1.381421018701830964e-03
4.895070259157023379e-04
2.736669940052173207e-04
1.376230738294467650e-03
8.811282092607193323e-04
1.174105067260582461e-03
7.788484459111986525e-04
1.598689643617137376e-03
8.941657303522856362e-04
1.587552498217745809e-03
3.239042983514210097e-04
9.153597446025683263e-04
4.788006390437789229e-04
1.030028246795456357e-03
6.778372290532968733e-04
7.142369706477940576e-04
7.390685305438583633e-04
8.694395509367478913e-04
2.739149056572502509e-03
6.772604664337338173e-04
1.078830486107201390e-03
4.907326040742069056e-04
5.092005363840269470e-04
5.255372105694749085e-04
1.251279425299865527e-03
7.910471724580078528e-04
5.188918295844041585e-04
4.951664791504774418e-04
2.494237070929238996e-04
4.144672744330574025e-04
1.837729370306779349e-03
4.309511018344594859e-04
1.771411048227506269e-03
1.177913000055138019e-03
8.419299399984980347e-04
2.650982362867282632e-04
3.840910603935829629e-04
4.430346633065535369e-04
1.051811504049543575e-03
7.545916208954297827e-04
2.219121431541207830e-03
2.939917834421634443e-03
9.080917350986819885e-04
1.270788009227269248e-03
5.933480994320820866e-04
6.366949695484132744e-04
8.665894575319646465e-04
2.127731341369168503e-03
6.183912161277202489e-04
1.372955876458549973e-03
3.854638107440993568e-04
3.102856620663285063e-04
2.747086027593799245e-04
7.477361021839139298e-04
4.231139546025615211e-04
2.253837763660588613e-03
9.150652462214740445e-04
1.918218913943294923e-03
7.168624931088316216e-04
6.333516132267924667e-04
5.804679826506147248e-04
3.549307476578920776e-04
9.920688957546599292e-04
3.770251602968635813e-04
7.442133276411347885e-04
4.639965483052803505e-04
8.875562834515298913e-04
9.977505690536977653e-04
1.149037824233821057e-03
8.197603568070487706e-03
4.166966044485818812e-04
3.316586412167332222e-04
1.116936031813154121e-03
6.562047793353833038e-04
7.996454252195419558e-04
6.873660145646042071e-04
1.546529041928525368e-03
2.398462163818106292e-04
3.739060781912411009e-04
1.071315691573776095e-03
6.515788410485885088e-04
1.195293633952665587e-03
1.388888177738466538e-03
7.251440103948911600e-04
7.219403910381014386e-04
7.418600226092203790e-04
3.525437121159066367e-04
4.398011536213762801e-04
2.747023904922041510e-04
1.698706332572454082e-03
4.680042266021891616e-04
5.920311182092067703e-04
1.041482107845496247e-03
1.465466734491571851e-03
1.374214194074949809e-03
5.517571213742767820e-04
7.757161590327273874e-04
2.375516853421793184e-04
5.605406253633758804e-04
1.059406648338550748e-03
9.000919368881324378e-03
6.366949695484132744e-04
8.208673129970261648e-04
1.712870808552007483e-03
3.949965886473519967e-04
1.097014485679431673e-03
5.685177462319926942e-04
6.588502913141812151e-04
4.323900679188468149e-04
9.274154257421072687e-04
9.944083000415348140e-04
7.917588782649634047e-03
8.071307001375919781e-04
5.010138625718939254e-04
5.958342341130327263e-04
1.445620401985551725e-03
8.795018855758433233e-04
7.471991840015157786e-04
1.442328538163519273e-03
3.316586412167332222e-04
7.386375834782249331e-04
9.713612075378637517e-04
6.656854771914119890e-04
1.637449516020367301e-03
4.085252037402558635e-04
8.789369079844424910e-04
6.878363248965521995e-04
5.092501270870102318e-04
1.871602013460600894e-03
8.233167906592248758e-04
1.260179463339260999e-03
3.823409411641105695e-04
6.099638279101761125e-04
9.297598283924169999e-04
8.476361102361893449e-04
4.886073743741985859e-04
9.950765192115662225e-04
2.506171800452901082e-04
8.580814850278699855e-04
7.419958716310163464e-04
1.709165554724360967e-03
2.846398931695708848e-03
3.256792305126651591e-04
3.554941707639313513e-04
7.690309187293619840e-04
1.061532736716989294e-03
5.301082216677536520e-04
6.170924457261808653e-04
5.884845582380953018e-04
1.250185281519477229e-03
4.512050059928839106e-04
5.188215330619356689e-04
4.952534173889501946e-04
3.514889773885433158e-04
9.880237567043642991e-04
7.340012157008847472e-04
1.608921015075862352e-03
8.840069121201493815e-04
6.392073768362250196e-04
4.310271795917560225e-04
6.259619730401320492e-04
3.250902923805637089e-04
5.629368473214511675e-04
4.777446904788448345e-04
1.192743903971111522e-03
3.980694634109133482e-04
6.184906665590245243e-04
1.134967551932432881e-03
2.144883470063701711e-03
4.565020517055366225e-04
7.279384075049240331e-04
1.015553229991637049e-03
8.313669665283643373e-04
9.557170396384441361e-04
1.928099324263680969e-03
1.310983679728831537e-03
5.747648366246608945e-04
3.427823352396308946e-04
7.556764371694316704e-04
5.732416262427425004e-04
1.381876895800000782e-03
1.208679025804810592e-03
5.561521537668708427e-04
2.719169660648198595e-04
1.652841036792189033e-03
4.362239520435460638e-04
3.838911217910105189e-04
1.143378962866829253e-03
5.330490709056101171e-04
6.170314348354098482e-04
3.358294848087760775e-04
5.022177818998416459e-04
1.874898674556409271e-03
8.676494920768243425e-04
3.531823520683223115e-04
6.153232882304407935e-04
8.012397728244820662e-04
1.203323138063115694e-03
8.067352802894659468e-04
7.281699830863450507e-04
8.776118869530995454e-04
5.890299948269876349e-04
4.324951986432219600e-04
1.045413790466042910e-03
4.091925778199370883e-04
6.019484961767387378e-04
1.351689844516629040e-03
1.964815461577760353e-03
1.097844175091346099e-03
1.602269017471491400e-03
9.640748212962196037e-04
3.716902571762817765e-04
3.852359269774060699e-04
7.295963586855220380e-04
8.261934704116865149e-04
9.540459435425443797e-04
3.800068790255927190e-04
4.536098445858647871e-04
6.701300514841294692e-04
8.248891811146089699e-04
1.261893382275709827e-03
1.133920804130224280e-03
6.745116122281992694e-04
1.001515622914270643e-03
8.408497581545345536e-04
5.329101526064014115e-04
1.161447111705957548e-03
1.613296136011228496e-03
3.739060781912411009e-04
1.275885281083495061e-03
1.064048897003064438e-03
6.215422110716385673e-04
9.316000751433612444e-04
9.790112008180962104e-04
2.948478438798619221e-04
1.232604280866990898e-03
4.423046492234957361e-04
4.518935364498105275e-03
1.100312647861085300e-03
6.991938826825171106e-04
1.172198387195132457e-03
5.933983017377544378e-04
1.895177176432723308e-03
1.040691247372074486e-03
2.141479753903242304e-03
8.097760735964084884e-04
1.060473735351995803e-03
8.600252062879491181e-04
2.361238312714249339e-04
7.733245052665586655e-04
1.116107787125400529e-03
5.956237236429854720e-04
7.058370061986738234e-03
2.248005598276754441e-04
9.674893037487390310e-04
7.949322495428836829e-04
6.590376897026620738e-04
1.030089906695753942e-03
4.362131178328426239e-04
2.134450309445618411e-03
3.834535961514282066e-04
1.677662623400545715e-03
2.008561782783168000e-03
5.336109519178161738e-04
7.376118448812685668e-04
6.093841792452347897e-04
3.100763691113498873e-04
1.684444400189232774e-04
1.217019446530180193e-03
3.194057929182066071e-04
4.754157503516262388e-04
5.705634678969093198e-04
8.264324797523285668e-04
3.627415400578600608e-04
2.144831241076436846e-03
4.426441975555262041e-04
1.112313524310456787e-03
3.646197314350773278e-04
3.076159762808065921e-04
2.761022095793048319e-04
1.111982274377216334e-03
1.766904637806838291e-03
1.179350435826189824e-03
1.338811475655725825e-03
3.809087868735768281e-04
1.189376450722915389e-03
3.448334473842024159e-03
9.410185261701298817e-04
8.728622074236383433e-04
3.867372225679820098e-04
5.165566516510197367e-03
3.248471179207719039e-04
5.104049989486370269e-04
8.384445821064940131e-04
6.545145616516289885e-04
1.023538041375541066e-03
2.404599556560185357e-04
5.165566516510197367e-03
5.974029104560390352e-04
3.863767391965597722e-04
9.787276803837911734e-04
2.418821068160653914e-04
4.855315448397782576e-04
1.036335071171554751e-03
1.310830069813775662e-03
1.167384006849102708e-03
2.046190533982277914e-03
1.006758381463465375e-03
7.222360136520984556e-04
7.412197363402727108e-04
6.059323394973471603e-03
6.682392738877281947e-04
6.056738577417165609e-04
1.829147586585395209e-03
6.152776551740633424e-04
7.262519015883535855e-04
7.212321864539532248e-04
3.932555202223705676e-04
5.088808071021061431e-04
2.602228160072800876e-04
3.274085923855165692e-04
6.832866588102003667e-04
1.612750346928851566e-03
8.479685826415283905e-04
7.054719368271899832e-04
4.272990580984990100e-04
6.236935672369805107e-04
1.804379571344195965e-03
8.248125640571439456e-04
1.067458975275289859e-03
4.965216415763669964e-04
2.693004884143305154e-03
4.023987786915750797e-04
6.460611686182021578e-04
3.641705944373701816e-04
5.029630534075593424e-04
9.919735345355897797e-04
8.820774961779272953e-04
1.004411591845285430e-03
2.016316747277379934e-03
4.283619572146067189e-04
4.229388498971260193e-04
7.864845266831521154e-04
9.404476875901932953e-04
1.111611400985917843e-03
2.854522709637055244e-04
7.163620046075185868e-04
5.731725523721979427e-04
4.423046492234957361e-04
2.672921709122921602e-04
3.059540366531545157e-04
5.362185668825097734e-04
2.635224343846360919e-04
1.469531385732395293e-03
3.697121134978327279e-04
3.900213982594063545e-04
6.237128052346715924e-04
6.878933923137598968e-04
4.773495725719402319e-04
1.476748082075035303e-03
7.707387360673378105e-04
3.984785613033598188e-04
1.078942889161224302e-03
4.765694815310719443e-04
1.326405192391697093e-03
7.233752146444252318e-04
5.323340634939646189e-04
1.218436096057267434e-03
9.144650771599760475e-04
4.079797614735593291e-04
6.339501225642449811e-04
8.600590097084867677e-04
1.092536078709213264e-03
4.299041278175462022e-04
5.492023748446248944e-04
7.670912327701681762e-04
4.850492461585514795e-04
5.897361639282838091e-04
3.628430704590445864e-04
2.487717229002340928e-04
2.270525985620787911e-03
9.458567278997548127e-04
1.548955876029693528e-03
6.458201168142320816e-04
6.819253457143464739e-04
1.445620401985551725e-03
7.252315379301859733e-04
2.398089308452669172e-03
4.758065711933888160e-04
4.118174155468086917e-04
5.947241401489287375e-04
1.145477623101796285e-03
6.122381516006469414e-04
3.129465602775468322e-04
1.679741666425685906e-03
5.475509892743793752e-04
9.820863346498625787e-04
2.593462859717920056e-03
1.559067577380026737e-03
8.996109263317718287e-04
6.167593202381168758e-04
7.733245052665586655e-04
5.068108545302687108e-04
7.205611568193991427e-04
5.683966601653561755e-04
4.359965699275348714e-04
1.296323587301119245e-03
1.817247623985558018e-03
4.749902645051184958e-04
1.444301096505786050e-03
6.590376897026620738e-04
1.836306967861860758e-03
5.027726940751437845e-04
1.123546547003016240e-03
5.654584503962961249e-04
3.321016646388516157e-04
8.099521516785922800e-04
4.964187029597686178e-04
6.639000575251423472e-04
6.159558917265336043e-04
3.689287861105001402e-03
6.665566090952278200e-04
9.126350697943143905e-04
1.092165152047012977e-03
1.545128272425943562e-03
9.865640714234464714e-04
7.580309805563874206e-04
6.842001511599397510e-04
9.532639657118399060e-04
1.159923168606277798e-03
2.658489377341939045e-04
5.444040032789612639e-04
4.708730146761756557e-04
5.493692100406910757e-04
1.271177687932926407e-03
9.885695674913116612e-04
1.371107848873952999e-03
3.760554765647268396e-04
3.033517443931694688e-03
4.328394656200243288e-04
1.127764154318891716e-03
1.000169295373647604e-03
4.320592839675878793e-04
3.153837371420683319e-04
3.640318553001912517e-04
7.364763805506136050e-04
1.445095157298195059e-03
7.309623099263770282e-04
5.107298637537634146e-04
4.313717981010660842e-04
7.471442266494547797e-04
3.980363301250302807e-04
5.310448211608574578e-04
8.869795172748544398e-04
6.071961393816626296e-04
4.419514654213146042e-04
5.563014145069784767e-04
1.322062552492573543e-03
1.140164565304587147e-03
5.646861720254412083e-04
1.291826964888534348e-03
6.122331857005697264e-04
1.216785998616120310e-03
7.484390779730629509e-04
9.454400795563084551e-04
1.198197750106294156e-03
5.999390166185072058e-04
1.201005891939279811e-03
6.890603289998207875e-04
5.355717596807631599e-04
4.736538334957484265e-04
2.610017358802315507e-04
5.347698783897194023e-04
3.592630021289793581e-04
1.044300674418018569e-03
1.268734547062403285e-03
1.021719818568354952e-03
1.268303147186889551e-03
3.760554765647268396e-04
5.509238585040487045e-04
8.600207492740749365e-04
3.891845460100551955e-03
1.310002781735016128e-03
3.174102629110608269e-04
1.451605222641494776e-03
4.801503295527087328e-04
9.582812594321194052e-04
2.618604281735666117e-03
5.629368473214511675e-04
3.531823520683223115e-04
7.714342442312083778e-04
8.540572048446753734e-04
8.941155353399969554e-04
6.806977258394964359e-04
7.931080705447329749e-04
7.286559337411064978e-04
5.588235472148412155e-04
5.204501906100887946e-04
5.000024092150365728e-04
4.561041993752645981e-04
1.546250669306206259e-03
5.355385886053410163e-04
8.461918279774442459e-04
1.209229781132657288e-03
7.098841963583206981e-04
8.381162272013812677e-04
3.448334473842024159e-03
8.476077780171829097e-04
2.901481749747957212e-04
7.804483434741559022e-04
5.415306140992980251e-04
9.129578346328449815e-04
6.964110933483341325e-04
7.557691672535357761e-04
7.570310732284146749e-04
1.392727980503367588e-03
3.873770677152042676e-04
1.916899081363872140e-03
9.968866887242915694e-04
1.992928455455371048e-03
8.197603568070487706e-03
5.237439746407820517e-04
2.290166921955325615e-03
1.545128272425943562e-03
2.443801730719762262e-03
1.193177330712386422e-03
5.402576724740808028e-04
1.096653354502389417e-03
5.787364995539911062e-04
3.018852038058427540e-04
5.551477127783549775e-04
7.596366274849552201e-04
7.780125944540743077e-04
6.621604925257676367e-04
6.449915341777568561e-04
6.989504652232908207e-04
1.092032162278878645e-03
4.279117864412963659e-04
3.798852805715348087e-04
1.094947152154873747e-03
1.062769581785485756e-03
7.819202039694718789e-03
1.207266900009668596e-03
2.943348611586937488e-03
2.046295096151536878e-03
2.948478438798619221e-04
1.692242444879956276e-03
2.807896456920431008e-03
5.768723893265434183e-04
9.374159609950130949e-04
1.097597129678529052e-03
5.715440006277744183e-04
7.604531493622323449e-04
7.903457796103954694e-04
4.467630921899491203e-04
6.981060222516494032e-04
9.977505690536977653e-04
7.177183447847234514e-04
6.517698150771079803e-04
1.738133860204368452e-03
1.644395922735848985e-03
9.216403378008491878e-04
4.713202477407688246e-04
8.965587469534151265e-04
1.545128272425943562e-03
1.389041887229570775e-03
8.103493991301021545e-04
9.982209541126200406e-04
4.310750484693163446e-04
8.633937575425719175e-04
6.701888870114078474e-04
3.408454087453523912e-04
4.518488296551047907e-04
3.726861224970027240e-04
1.441154080204415855e-03
2.600455520804373366e-04
8.651011448824385761e-04
9.384896853446322070e-04
2.384746807196715807e-03
3.934214687208803865e-04
5.507342274990800019e-04
8.947859772267933477e-04
3.376915661963605757e-03
1.468509514907382577e-03
7.378437260944601273e-04
1.989567222514632833e-03
6.232130924673285645e-04
6.794526399906387036e-04
3.181546604471975452e-04
4.255447646318737446e-04
4.356769540913595952e-04
1.152650013642923452e-03
1.263507762073882816e-03
2.970609927856974336e-04
2.132525919077434950e-03
1.057101157392943691e-03
1.061738587119385882e-03
1.150220805853576769e-03
1.282599257676031272e-03
1.094342260707127645e-03
7.045505020990976185e-04
1.041107189285709386e-03
1.416527751024464730e-03
3.795194134679629209e-04
8.363554856405217182e-04
4.061245027275911675e-04
4.738166486247632797e-04
6.082741295619640328e-04
6.254867143291058165e-04
6.545145616516289885e-04
3.109866440050832771e-04
1.099368213610179548e-03
5.328964454035768020e-04
8.384398563666436814e-04
8.475676735949365815e-04
5.531277212910593695e-04
5.210897104324721529e-04
1.217019446530180193e-03
1.145427733469882347e-03
7.462077758084709926e-04
6.609736001521435058e-04
7.707196298360316413e-04
2.963794415232518680e-04
6.663327738413844748e-04
7.016923713879509540e-04
8.079888080342209579e-04
1.052673902913139285e-03
1.207781031535730843e-03
5.987669045023675694e-04
3.847662800810950712e-04
5.011469343262752590e-04
7.021964966231742083e-04
6.959111173735486097e-04
7.108035126114027385e-04
2.046295096151536878e-03
5.419633246433621212e-04
2.210244954334283354e-04
1.004411591845285430e-03
6.567994442172300686e-04
8.467564912800362329e-04
6.184177287473088206e-04
2.960977570693855507e-03
7.925360534277565115e-04
1.083991188937122102e-03
1.006334234237378847e-03
4.064774858859068448e-04
4.479486890300721897e-04
4.079797614735593291e-04
1.915284795147922936e-04
1.330537359801021134e-03
5.511165148104514707e-04
1.012006386807935698e-03
6.920430719811968695e-04
3.542446170160033726e-04
5.874041377833047603e-04
7.378437260944601273e-04
7.930594567283427926e-04
1.171461709588878918e-03
7.111895661003021438e-04
2.241607449510655105e-04
6.909125678221888058e-04
1.366008543197991948e-03
5.317463988623225522e-04
4.418937212988497559e-04
4.716558111384731443e-04
7.150235639898668135e-04
1.246314184544489168e-03
1.773185106530077116e-03
5.310448211608574578e-04
7.391384391894151654e-04
9.194735023449884933e-04
4.498776528103605671e-04
4.393190905872968051e-04
3.043522573010091418e-04
8.342095293587476271e-04
1.048145368590395945e-03
7.681013266876476203e-04
8.228180426090314376e-04
7.341106097220990393e-04
7.309688967533511808e-04
6.420306739933663576e-04
7.345916273957527965e-04
5.605234710714877529e-04
6.369083414668449744e-04
4.894921938830226011e-04
5.128642807459738058e-04
3.749044181054725128e-04
7.033149567283600778e-04
6.065715660349796064e-04
2.851110320777512099e-04
5.476855318722787620e-04
3.858353808577727907e-04
4.283527406903533518e-04
1.114290967849194437e-03
9.917750074335067965e-04
1.142274266309685656e-03
9.768017522656109296e-04
3.146870608419930285e-04
1.047364881303838782e-03
5.817991011720813777e-04
9.311691826465584966e-04
6.562255748691303526e-04
6.745292837171905755e-04
5.119359046769028729e-04
5.336109519178161738e-04
6.051725695906202875e-04
8.875562834515298913e-04
4.468448913439460870e-04
9.080660344882504880e-04
8.197603568070487706e-03
1.428525315337069758e-03
5.575297120450247975e-04
3.230515165009639950e-04
7.210692102185005566e-04
1.980427529981678325e-04
5.561521537668708427e-04
1.033595372347181733e-03
6.068122453723156498e-04
8.898506707676200229e-04
3.798852805715348087e-04
8.134985523521608185e-04
1.924949020519274069e-04
1.013213240309061283e-03
1.486605965253077989e-03
4.618421543502395808e-04
3.161371189132399038e-04
9.258228488250009290e-04
6.482486647035673932e-04
6.442487877338573532e-04
2.162108751544483155e-03
4.267823688681300046e-04
4.181109895208846849e-03
2.340455611430565270e-04
1.469531385732395293e-03
4.130567883888438705e-04
6.152655879294862762e-04
5.922501795114177778e-04
8.994361723504446654e-04
7.201043183645850767e-04
2.548266804661543979e-03
5.461434560928422237e-04
1.581860107735849792e-03
3.178056850556668675e-04
2.293415396365231038e-03
1.792040977270389999e-03
1.064048897003064438e-03
4.641652874853363707e-04
1.450164190648909734e-03
1.116719819882073216e-03
1.538687432007066359e-03
2.614930926437961296e-04
4.385866234198797708e-04
2.480858608145001653e-03
7.957561621501909547e-04
5.661984122896199408e-04
3.798476129206266845e-04
6.992406046578193181e-04
1.578494946777369125e-03
2.672921709122921602e-04
7.451919923516444081e-04
8.826058333150966790e-04
3.397153876663584152e-04
4.209753157606088226e-04
1.760948379971438889e-03
2.505748012509300369e-03
7.322269207984293590e-04
2.280114857792259284e-03
3.814309191925012877e-04
3.063814365279631403e-03
9.954934248196658456e-04
3.799398475724752940e-04
5.024747094945259968e-04
4.733113715615305350e-04
5.847809890235867916e-04
5.180242989508857063e-04
1.451450731226009176e-03
6.421909211683159450e-04
1.170146260911984239e-03
3.486847157516662532e-04
5.882345809659525167e-04
5.301621759615239267e-04
5.090337865306710950e-04
6.947043803095968384e-04
4.184278885155963542e-04
7.582058515884223604e-04
3.478110548637213754e-04
8.100682333282425204e-04
2.452066782327858019e-03
4.655367449042575358e-04
4.894921938830226011e-04
6.108583879281647821e-04
7.737667937504839107e-04
3.619484112855362386e-04
1.531602779274991721e-03
6.506033505460804764e-04
2.866211238913739722e-04
1.254961039600725010e-03
8.122715140153565806e-04
9.244021365815323832e-04
7.712565910751769793e-04
7.484004958609213106e-04
1.727240750618661740e-03
2.344811165171972918e-03
6.285744414481390192e-04
2.932787608538459274e-03
2.056828723415694230e-03
4.479486890300721897e-04
7.648010437334036831e-04
7.500359327037587611e-04
9.154196858702939345e-04
3.976829913166688942e-04
8.161228112085529849e-04
9.434551686287861181e-04
2.712746379955372107e-04
7.106347027576439884e-04
1.535760961346319554e-03
