2.376030440683340203e+04
2.386761453851013721e+04
2.300517134180316862e+04
2.378146612161866506e+04
2.399220320484841795e+04
2.385108859019091324e+04
2.408389244747452176e+04
2.277309943049533467e+04
2.406425893674403414e+04
2.313262570894598684e+04
2.295792512725599954e+04
2.356812482181449741e+04
2.299880101446875415e+04
2.321826909209131554e+04
2.392782540225185949e+04
2.363791510382130582e+04
2.306631574952627125e+04
2.265233228508922912e+04
2.372085814503898291e+04
2.395235051588695205e+04
2.404915196830726927e+04
2.404069035155692836e+04
2.294794991839932482e+04
2.351589921342608795e+04
2.409643881220139156e+04
2.340385669881530339e+04
2.343572749293045854e+04
2.388542659479299255e+04
2.390683205453535993e+04
2.342571554562164602e+04
2.382189874389112811e+04
2.380813366600319932e+04
2.383112234890269610e+04
2.410081294992750918e+04
2.388422215502944164e+04
2.406955363759448664e+04
2.339697679298794174e+04
2.410285980271435983e+04
2.350448273396834702e+04
2.226815241270390834e+04
2.390593423368735603e+04
2.373146521407688488e+04
2.328769938953128803e+04
2.392335141398108681e+04
2.372209692252524110e+04
2.326024847073768979e+04
2.285031627859277796e+04
2.405673366346722833e+04
2.339881461874146044e+04
2.320371333111028798e+04
2.349846394179320487e+04
2.372722209478005243e+04
2.223119446846329083e+04
2.321900127011518634e+04
2.374267464744302924e+04
2.409273168601474754e+04
2.402922067422948021e+04
2.360038969510534662e+04
2.159250780270462565e+04
2.169477883369651317e+04
2.391535459360672394e+04
2.381350788049223411e+04
2.251206764371604368e+04
2.337022046080364817e+04
2.393371526010629168e+04
2.297714433884297614e+04
2.324093065978180312e+04
2.224138818253451609e+04
2.379766059459188546e+04
2.354505170026252017e+04
2.350015399972211890e+04
2.284629703262084513e+04
2.350354442595590808e+04
2.393868466184325735e+04
2.374046444186405279e+04
2.278627958948181549e+04
2.343341940317737317e+04
2.275266723270206421e+04
2.331042032733164888e+04
2.397005981330070063e+04
2.345894424874962715e+04
2.391978884096205365e+04
2.367958120589589817e+04
2.384553236868793465e+04
2.366235150403874286e+04
2.347403130775738464e+04
2.408585839208940888e+04
2.355593984150033066e+04
2.410386377319573512e+04
2.368617069137400904e+04
2.389630027592139959e+04
2.399366171385307462e+04
2.406227584953975747e+04
2.364965349394698205e+04
2.387376149680530580e+04
2.373321254898248662e+04
2.363036913521998213e+04
2.328506016311281928e+04
2.393710272373657062e+04
2.338671410775185723e+04
2.396952405641652877e+04
2.393996795499764994e+04
2.298931404215072689e+04
2.400526928836607112e+04
2.374038309552667488e+04
2.360915235440283868e+04
2.376082346475987652e+04
2.353621430836219952e+04
2.394914939766783937e+04
2.288434902048896765e+04
2.380237915240246366e+04
2.379385740727296798e+04
2.389649720101311323e+04
2.296172651885775485e+04
2.376647937985617318e+04
2.339729145423852606e+04
2.363461841087368157e+04
2.388122526463537361e+04
2.392343495368712320e+04
2.385104885351396661e+04
2.389630027592139959e+04
2.327048689649312291e+04
2.377190212059133410e+04
2.403450888052360460e+04
2.402332351809911779e+04
2.363963623858838400e+04
2.368107775585392665e+04
2.264710277421726278e+04
2.282884718461447119e+04
2.347348853448333466e+04
2.356134648354891397e+04
2.280350646724336912e+04
2.357796991997602890e+04
2.355139445996717404e+04
2.353092589134311856e+04
2.359290729502533577e+04
2.317638505556278687e+04
2.366029392377258773e+04
2.306011023963984189e+04
2.382274074486660174e+04
2.362926550037107518e+04
2.331721154434079290e+04
2.336694761452338571e+04
2.367825327621729957e+04
2.331288835764666146e+04
2.398533476060239263e+04
2.406837131865528136e+04
2.321020793948864593e+04
2.389298422697997012e+04
2.401665274911468805e+04
2.391568813544068689e+04
2.371768763988537103e+04
2.403782773463938065e+04
2.345547556460163469e+04
2.403280386548682509e+04
2.401254915580689703e+04
2.354057779779033081e+04
2.339305014854166075e+04
2.390920182548354933e+04
2.226197076855212799e+04
2.384635500051556301e+04
2.299075628654669345e+04
2.153095378195236117e+04
2.391057031208738044e+04
2.393918649677652138e+04
2.295868965406975622e+04
2.399624955817136288e+04
2.406239835942777427e+04
2.398875598655355498e+04
2.400195777044440911e+04
2.389630027592139959e+04
2.370400623333027033e+04
2.250725633893476697e+04
2.249123793975741864e+04
2.385205665135084928e+04
2.370701027304509626e+04
2.398959852822941684e+04
2.376829170224184054e+04
2.388960948040338553e+04
2.330269385475085437e+04
2.394788991012582846e+04
2.374896298259701143e+04
2.345438553006291477e+04
2.349340776212464334e+04
2.390998751290454311e+04
2.372490407490872167e+04
2.357520105903760850e+04
2.367359159955912037e+04
2.279662303269903350e+04
2.366989074611651813e+04
2.186852529191947178e+04
2.311743035724714719e+04
2.393962400534257176e+04
2.317853620512186171e+04
2.299681161969636378e+04
2.291357458637558739e+04
2.367002008852585641e+04
2.406958836210685331e+04
2.356256738575314375e+04
2.311351624632785024e+04
2.301249138329281777e+04
2.341003011681279168e+04
2.408797302029564526e+04
2.327972787064328804e+04
2.384726408037990041e+04
2.323717048902562965e+04
2.376537295697635636e+04
2.369077284353868163e+04
2.396817978442859021e+04
2.325077489863374285e+04
2.407495457952053039e+04
2.275391514372297388e+04
2.335743626544302242e+04
2.383981652027270684e+04
2.270742048915105624e+04
2.396257505249174210e+04
2.386385903319941281e+04
2.353634180793853739e+04
2.269586286652180206e+04
2.360009096140905967e+04
2.400239668003852421e+04
2.236777680044578301e+04
2.200954762903381925e+04
2.349422955975745936e+04
2.400166158019029535e+04
2.328815963273026864e+04
2.382895402844497221e+04
2.262620751049203682e+04
2.309029395118897082e+04
2.383042750617152706e+04
2.153464150455739946e+04
2.312832271366782879e+04
2.306572061669946561e+04
2.393114702527939517e+04
2.296801561706730718e+04
2.311475714326259913e+04
2.388654109727372997e+04
2.373273284986805811e+04
2.379341646951201983e+04
2.371586603940701752e+04
2.352616396247202647e+04
2.406816797536261583e+04
2.326217206242780594e+04
2.373725983256814652e+04
2.374672268580440141e+04
2.359444926589561874e+04
2.375236334728436123e+04
2.379222591353447569e+04
2.376181573190930430e+04
2.402214809513230284e+04
2.401742373896361823e+04
2.222040545580187973e+04
2.343185612149576627e+04
2.346735043636976116e+04
2.252785732283791003e+04
2.317269703347884570e+04
2.387191929536101088e+04
2.361526263469258265e+04
2.391236196881310025e+04
2.373518034486002216e+04
2.352616396247202647e+04
2.393907268897173344e+04
2.351974340037270304e+04
2.314520031543926234e+04
2.259955996966577368e+04
2.339304102544442503e+04
2.341604007079236908e+04
2.292237972339241242e+04
2.391455682656507270e+04
2.399142541719145811e+04
2.361249914882782105e+04
2.378033675650129226e+04
2.335975860361532250e+04
2.394809999317365146e+04
2.251282950421254645e+04
2.248888523848040859e+04
2.321176929099909466e+04
2.389132001573342495e+04
2.245604687600921898e+04
2.347666257448661054e+04
2.239863540394758820e+04
2.181914879779528565e+04
2.406239891658945271e+04
2.270978313698099373e+04
2.331857251270928464e+04
2.409141138980299729e+04
2.374623314272228163e+04
2.356819031293786611e+04
2.286122443529352313e+04
2.364127745388189942e+04
2.393309184749862470e+04
2.372769082214272566e+04
2.318979485179569019e+04
2.333149674680627504e+04
2.410352698606085323e+04
2.395959017132078952e+04
2.410974708092498258e+04
2.341701881188575862e+04
2.394563393922593968e+04
2.310434729008687646e+04
2.389545784620549239e+04
2.410534976615533742e+04
2.382599038850982470e+04
2.219225655583079424e+04
2.396296670655111666e+04
2.408547554026794023e+04
2.213134856618223785e+04
2.357481240231504489e+04
2.368644466737703624e+04
2.406035015148453022e+04
2.401600677711833487e+04
2.327728014099303255e+04
2.252844387930635276e+04
2.382057302198456455e+04
2.284392117710033563e+04
2.381022688188192114e+04
2.353514110658348727e+04
2.399444370748510119e+04
2.402070153310777823e+04
2.202448290244890086e+04
2.335255046327713353e+04
2.389846701280835259e+04
2.397534527258550224e+04
2.332401085493932987e+04
2.348075302529796318e+04
2.403680686119199527e+04
2.190261777456586424e+04
2.395299302071982311e+04
2.360616929516677192e+04
2.364555956435592088e+04
2.376166929453495322e+04
2.387354877788279919e+04
2.287889561655858051e+04
2.275391514372297388e+04
2.411168680715327355e+04
2.380147853760678845e+04
2.404771997100275621e+04
2.317021797455109845e+04
2.387729449837209904e+04
2.347884864879253291e+04
2.404299423273042339e+04
2.390300392775319051e+04
2.403800960757028224e+04
2.373738850781625661e+04
2.343412385814011577e+04
2.344437569304300268e+04
2.353339651011003298e+04
2.269010832955671867e+04
2.335046762510603730e+04
2.298037648011949932e+04
2.258221974042546208e+04
2.331455510006743862e+04
2.333969208467177305e+04
2.358084761844913373e+04
2.300196649503216395e+04
2.238985553579474799e+04
2.359691429110374156e+04
2.401180033702968649e+04
2.401594985315069789e+04
2.357693924645726293e+04
2.397453130217579746e+04
2.404408974280887196e+04
2.394805574284669274e+04
2.319012215015090987e+04
2.404900222273192412e+04
2.357891543424801785e+04
2.400717653154815343e+04
2.402478020525924512e+04
2.395235051588695205e+04
2.375592426613498537e+04
2.372053479149538180e+04
2.389545784620549239e+04
2.345209906234485243e+04
2.399366171385307462e+04
2.306856185632425331e+04
2.410792483574150538e+04
2.265429771153368347e+04
2.383770426621450679e+04
2.261485455539339091e+04
2.369075522532781179e+04
2.400028394921735162e+04
2.325868474225726823e+04
2.364965349394698205e+04
2.264941481790865510e+04
2.382337354586656875e+04
2.314092099508790125e+04
2.353243193436900037e+04
2.364752256732317983e+04
2.395202517968293978e+04
2.394563393922593968e+04
2.373842504140767051e+04
2.390181989159175282e+04
2.388918998021141670e+04
2.297962248528265627e+04
2.406854350698096823e+04
2.353503662593341869e+04
2.398233070572819270e+04
2.360676958921996629e+04
2.379523291220471219e+04
2.371688640459091403e+04
2.405368994451074468e+04
2.378088467668281373e+04
2.280209818309604452e+04
2.365402863050246378e+04
2.293152554277248055e+04
2.318615838161790089e+04
2.302270095335955921e+04
2.376889494243571608e+04
2.211915145395103900e+04
2.339625142224341471e+04
2.406401869963214631e+04
2.382177861538421712e+04
2.369900323447367555e+04
2.337584163007485040e+04
2.244730986251766080e+04
2.261127802884772245e+04
2.250803367314873321e+04
2.401211919519293951e+04
2.367427611157155479e+04
2.400664916992913641e+04
2.366676628260286088e+04
2.285881403992745618e+04
2.388969309917565988e+04
2.294723895396863736e+04
2.347502477409246058e+04
2.318425444981631153e+04
2.297590332174268769e+04
2.396327319865502068e+04
2.363702777835102461e+04
2.403821442011704858e+04
2.392802210405430378e+04
2.352883254418804427e+04
2.213927784063374202e+04
2.395221665049445073e+04
2.283937251876438677e+04
2.382503762907536293e+04
2.401090713851592591e+04
2.346981411420768563e+04
2.270157067948101758e+04
2.387445293900302204e+04
2.302659749745868248e+04
2.230882952800844578e+04
2.397654171405329544e+04
2.351161515227898781e+04
2.410691614917593688e+04
2.304280575654931454e+04
2.304602320513587620e+04
2.309005262088326708e+04
2.386951822347803318e+04
2.401249051106575644e+04
2.376288510168791981e+04
2.379508914512581759e+04
2.351660566627639128e+04
2.326621443980319600e+04
2.380781029397443490e+04
2.345566349916503532e+04
2.392802786062285668e+04
2.315134418707005534e+04
2.405278356164956858e+04
2.300495023410682552e+04
2.367339973465227376e+04
2.333928008020384732e+04
2.331524054673813589e+04
2.296007602313147436e+04
2.373219230732724100e+04
2.347438646091603732e+04
2.229764638100086086e+04
2.246252450836561911e+04
2.403137629823062889e+04
2.331512671506853076e+04
2.258929136288423615e+04
2.322698179975375024e+04
2.322828705373645789e+04
2.366239597668482020e+04
2.406324015173828957e+04
2.332052955778800242e+04
2.299812242710651844e+04
2.304602320513587620e+04
2.288552404218495940e+04
2.301260573965014191e+04
2.403647587058558565e+04
2.411186181002852754e+04
2.275456894402018588e+04
2.280747725175812957e+04
2.354528364681380481e+04
2.348906601487969601e+04
2.343650500817914872e+04
2.228094006136131793e+04
2.341701881188575862e+04
2.406958836210685331e+04
2.261319822877502156e+04
2.194145272236276651e+04
2.358156694220443023e+04
2.344189823288447951e+04
2.398569392282466288e+04
2.210922260894421561e+04
2.359459817998051585e+04
2.379284957122401102e+04
2.359101855482987230e+04
2.300192348398334434e+04
2.389840930224452313e+04
2.407139371499045228e+04
2.343987455690752540e+04
2.390609062723728493e+04
2.393081130823064086e+04
2.297393090192669479e+04
2.330650903986730191e+04
2.319793414369650054e+04
2.255916968922870728e+04
2.305529259184438342e+04
2.315173218817857560e+04
2.389683828104486747e+04
2.339457372409448726e+04
2.327869651923240599e+04
2.135839432000138186e+04
2.305828536108280969e+04
2.362251451767030449e+04
2.292018716589102405e+04
2.350591841895235848e+04
2.375231324654250056e+04
2.222893308831228569e+04
2.371514364876953550e+04
2.310133383288871119e+04
2.389560101670434233e+04
2.331611139954708779e+04
2.363085704334128604e+04
2.229279367816801459e+04
2.390791016170660077e+04
2.355617439128444312e+04
2.389427116082389693e+04
2.309766538896507336e+04
2.362797683207853697e+04
2.403647587058558565e+04
2.355515827971446561e+04
2.395828357496342505e+04
2.360839669114911885e+04
2.371478828709826485e+04
2.305249565186860855e+04
2.400993077953863758e+04
2.312037191877597434e+04
2.300074314054018760e+04
2.392335141398108681e+04
2.343393579997402048e+04
2.280584908750694012e+04
2.329656287177300692e+04
2.410140981191536775e+04
2.269282698392199018e+04
2.322283495224640865e+04
2.389951036416617353e+04
2.373838603025995326e+04
2.323480914205813315e+04
2.342155454165709671e+04
2.372015037391479927e+04
2.363069160652469145e+04
2.402713406537573610e+04
2.390032410043630807e+04
2.366179084177608092e+04
2.300715591552588012e+04
2.376649626064157928e+04
2.262448536523778967e+04
2.261319822877502156e+04
2.377667614338208296e+04
2.376363413773817229e+04
2.281386646466550519e+04
2.362410104471395607e+04
2.278005507287498040e+04
2.309156519191062762e+04
2.342291546300560003e+04
2.349648132440395420e+04
2.393710272373657062e+04
2.379588578479511852e+04
2.396374910614507098e+04
2.363647533914556698e+04
2.315668227217481763e+04
2.394414153874426484e+04
2.387477932938465528e+04
2.192570702676925430e+04
2.265959496023003521e+04
2.299773587932430019e+04
2.338850126333698427e+04
2.389630027592139959e+04
2.404003133713624993e+04
2.335562803517905559e+04
2.374008768214299926e+04
2.318859415561209607e+04
2.305204097004303549e+04
2.348911583183723997e+04
2.392061062703665448e+04
2.246095419920045242e+04
2.312610368093151192e+04
2.388918998021141670e+04
2.339200564346112878e+04
2.355575118241517339e+04
2.348112855593942004e+04
2.395930341463445438e+04
2.408762581049438450e+04
2.156096774039199954e+04
2.383814888628932385e+04
2.270157067948101758e+04
2.400250421581163391e+04
2.392748701078421436e+04
2.346358145605850950e+04
2.387699782707952909e+04
2.365302437174745864e+04
2.325879040392571551e+04
2.297227342020881042e+04
2.386102918227178452e+04
2.409532756217261340e+04
2.391900480179449369e+04
2.299329347425388914e+04
2.384569545437059787e+04
2.371407816496111627e+04
2.333311655153900574e+04
2.411192171114787561e+04
2.293826473276950856e+04
2.397745161173265660e+04
2.390041572201625604e+04
2.347238648876282241e+04
2.387969663711599424e+04
2.401172168582027007e+04
2.406816797536261583e+04
2.318771078380293693e+04
2.403614806082033465e+04
2.372115190048492514e+04
2.394415811420696991e+04
2.336238399643979210e+04
2.239370480799572397e+04
2.406087776551856223e+04
2.354083598891115253e+04
2.350180781155958903e+04
2.342495115882454411e+04
2.350025478732869669e+04
2.374145060312918940e+04
2.408547474307665107e+04
2.395290576966516528e+04
2.246201449485180274e+04
2.394241410820636156e+04
2.320855633636194398e+04
2.276864372356202148e+04
2.393609677516144802e+04
2.350986260494923044e+04
2.330491952002615653e+04
2.296299915632157354e+04
2.022151603792309834e+04
2.251366973749892350e+04
2.354827916938619455e+04
2.297203904803092519e+04
2.396088787886616410e+04
2.259717448616585898e+04
2.371444637954477002e+04
2.182267415477947361e+04
2.370784187764054514e+04
2.286482596254976306e+04
2.303169754792699678e+04
2.325276937726665346e+04
2.353564610897494640e+04
2.377512492071640372e+04
2.356738555123600963e+04
2.281124469753575249e+04
2.380310863989344580e+04
2.321092374069754442e+04
2.388015179266363339e+04
2.369931087401196783e+04
2.300707961003592209e+04
2.397776392791611943e+04
2.390834001988323507e+04
2.219738436270117381e+04
2.401784268959138717e+04
2.362802687383278680e+04
2.397108443551677556e+04
2.394734445278388375e+04
2.376714168256998164e+04
2.371747241017053602e+04
2.345257360965233966e+04
2.372211847343207410e+04
2.218710478407902701e+04
2.376698045806221489e+04
2.394795970465931168e+04
2.366433892514598847e+04
2.188984246701525262e+04
2.299876188337821804e+04
2.395071001754632744e+04
2.371228806341125528e+04
2.404309946073979518e+04
2.383867644668911817e+04
2.378652951937250327e+04
2.329522014125862552e+04
2.373217116697187885e+04
2.242386551516032341e+04
2.351183699227642137e+04
2.396381013571353833e+04
2.350429445721642696e+04
2.329000597374468634e+04
2.355466562165236610e+04
2.338225826114132360e+04
2.386665688060806860e+04
2.291359436709951115e+04
2.072566027142784878e+04
2.396421226365598704e+04
2.237091381345616901e+04
2.401403255883695601e+04
2.367609228383141817e+04
2.325440274274041440e+04
2.374148100782667461e+04
2.333422338247827793e+04
2.327198891064470808e+04
2.304081032379672251e+04
2.283310360557043168e+04
2.392579282516597596e+04
2.372487094484103000e+04
2.406022273747850704e+04
2.338572153080044154e+04
2.367993858194282075e+04
2.349353395701261616e+04
2.211562483360147962e+04
2.402576819758665806e+04
2.334450138101264019e+04
2.395215060877020733e+04
2.400410171028504919e+04
2.325871219518621001e+04
2.347737865572002192e+04
2.376361841210232524e+04
2.318073212290013180e+04
2.337684604931729336e+04
2.374038309552667488e+04
2.326117968975241456e+04
2.352966330905997165e+04
2.247924992599917823e+04
2.407559306294921771e+04
2.236583329095171939e+04
2.360509772602558587e+04
2.377900714479465387e+04
2.346582030671648681e+04
2.313291453499571071e+04
2.252041784797471701e+04
2.398920780899018428e+04
2.374346542705887623e+04
2.411160560794914272e+04
2.373321254898248662e+04
2.314745230030104722e+04
2.396730654876394692e+04
2.400228339414345828e+04
2.314531454180409128e+04
2.365743194997492901e+04
2.279168437362607074e+04
2.223097513940353747e+04
2.399213868872002786e+04
2.374304096660826690e+04
2.283310253941978590e+04
2.404019192311743609e+04
2.354682949654554614e+04
2.367339973465227376e+04
2.318781450590106761e+04
2.401439935476509345e+04
2.264503255426133546e+04
2.402667347534670262e+04
2.372193645925441160e+04
2.333743816040431557e+04
2.357371195388930937e+04
2.341054403452850602e+04
2.408655520261734273e+04
2.363096439256564190e+04
2.297954835212272155e+04
2.398695472816352049e+04
2.294336399628411527e+04
2.387957455982883766e+04
2.307438317637702130e+04
2.185572404928792093e+04
2.205269934388026741e+04
2.236322231565737457e+04
2.358659761109152169e+04
2.365956271094056137e+04
2.288578782378992764e+04
2.323387013156520334e+04
2.253785701610644537e+04
2.351726453081122963e+04
2.386210591610769916e+04
2.367610817683275673e+04
2.405110836867299804e+04
2.409489351056507439e+04
2.381498162994837548e+04
2.359368409688462634e+04
2.399131028729008540e+04
2.377686382718317691e+04
2.383511408018413931e+04
2.397759376170154064e+04
2.331475392198181362e+04
2.231395651010135771e+04
2.355528102453794418e+04
2.408135473683702730e+04
2.404667227374377399e+04
2.330373607911038562e+04
2.287019299275951926e+04
2.313501410741646032e+04
2.288915677040126320e+04
2.348905642857693601e+04
2.381213829769169024e+04
2.278024665740029741e+04
2.349861560312388247e+04
2.263681834636849089e+04
2.410044093425810934e+04
2.284101007919505355e+04
2.386102048567846941e+04
2.396250303960359452e+04
2.372164209030618440e+04
2.382226450272271904e+04
2.195318006537374094e+04
2.240449422993099142e+04
2.320210256593416125e+04
2.173634263820338674e+04
2.394119062368049708e+04
2.268812627768195671e+04
2.166544428418198004e+04
2.367607127840759858e+04
2.391343677392258905e+04
2.391544631749869586e+04
2.386518556336637630e+04
2.408180413866298477e+04
2.248875112120171980e+04
2.294184702368051512e+04
2.375940241006128417e+04
2.312704501218750374e+04
2.382075667859031819e+04
2.357499869236077211e+04
2.250780805792241154e+04
2.315161354998893876e+04
2.328105568978145675e+04
2.363461718877332896e+04
2.395581778692125954e+04
2.158033465953063569e+04
2.352883254418804427e+04
2.374145060312918940e+04
2.383460683332291956e+04
2.368516650273563573e+04
2.377132966091186972e+04
2.388857686018165987e+04
2.336616235330967902e+04
2.381984630944804667e+04
2.285490395091800383e+04
2.329869462999629468e+04
2.287417723195657163e+04
2.336101774936064612e+04
2.378863029369611831e+04
2.191180240241063439e+04
2.390719911548219170e+04
2.372739292706148990e+04
2.384837049095728435e+04
2.390389347884597737e+04
2.391760111437872547e+04
2.333686167019433924e+04
2.369023247306656413e+04
2.403585576259096342e+04
2.384174854792768019e+04
2.321259211991431584e+04
2.329084524598439384e+04
2.373379311446813517e+04
2.284241393288015752e+04
2.394240972991560557e+04
2.401896882488528354e+04
2.249387461144052941e+04
2.268989946344661075e+04
2.308126824277940614e+04
2.373208533426258873e+04
2.380118239206606086e+04
2.365289670584064152e+04
2.391009268744304791e+04
2.367749491992284311e+04
2.406317782805630486e+04
2.330098048876797839e+04
2.361664142133672431e+04
2.379137831296705917e+04
2.390472564004811284e+04
2.330093188077719242e+04
2.311431452066516067e+04
2.345914219369192870e+04
2.389101314525205089e+04
2.346735043636976116e+04
2.403965118777837779e+04
2.375725114394933553e+04
2.278203960064820421e+04
2.383839173484069397e+04
2.287878411079472426e+04
2.392704356563998590e+04
2.193226955490235559e+04
2.407353826302346715e+04
2.348908422660817450e+04
2.349846922119952796e+04
2.370692468970154005e+04
2.398241446480314698e+04
2.254470531331468374e+04
2.316262425646232441e+04
2.407779751913561267e+04
2.263855536116256189e+04
2.402748324020744622e+04
2.321736938731492410e+04
2.342768645974266838e+04
2.191529343611239892e+04
2.409424013549645315e+04
2.397364798857183632e+04
2.349912623614146287e+04
2.312755035313926055e+04
2.300604786754554516e+04
2.380937994422865813e+04
2.308427895822016944e+04
2.384565948375327571e+04
2.349899812823920365e+04
2.311628448863619997e+04
2.201131549562406144e+04
2.397808843391348637e+04
2.324751724602369723e+04
2.275934393197789905e+04
2.376703328666959715e+04
2.327972787064328804e+04
2.297203904803092519e+04
2.338780191325893247e+04
2.220357178074513286e+04
2.394990502084518812e+04
2.260190877314672980e+04
2.217553225828780705e+04
2.383935018558091178e+04
2.284436590256660929e+04
2.324592556931281433e+04
2.367180471603590559e+04
2.272458627732989771e+04
2.364180202128217206e+04
2.339709535929786580e+04
2.306577110279918634e+04
2.313630632952180531e+04
2.359752148883903283e+04
2.311152976124674024e+04
2.290442129867916810e+04
2.354620150756341172e+04
2.337684604931729336e+04
2.312132824050619820e+04
2.362712715183715045e+04
2.311385126383960960e+04
2.405597946886495629e+04
2.371799559886755014e+04
2.260945347142158425e+04
2.381345156156142184e+04
2.308042321247281507e+04
2.153054485762617696e+04
2.340593619612897601e+04
2.182629941407265869e+04
2.372559062672814252e+04
2.385676460846309783e+04
2.193820769705126804e+04
2.368403243895238120e+04
2.404912645829007306e+04
2.369740589659909892e+04
2.320056992094520319e+04
2.373146531646418589e+04
2.381880005693039129e+04
2.371407816496111627e+04
2.398526223966037287e+04
2.408265794228385494e+04
2.318681544033268801e+04
2.391236196881310025e+04
2.386633550988789648e+04
2.221368330293702456e+04
2.403658721959218383e+04
2.366476819557530325e+04
2.322869008540159848e+04
2.315660477060489575e+04
2.396771969921074924e+04
2.375498840169427785e+04
2.402185867106481965e+04
2.311628448863619997e+04
2.379466605810050896e+04
2.381000531563141703e+04
2.398919585716067377e+04
2.408322670255844059e+04
2.177534383510031330e+04
2.345247398403861007e+04
2.354021344414984196e+04
2.380054300900308590e+04
2.265551659650837973e+04
2.347936407711578795e+04
2.083933159671605608e+04
2.404852574142569938e+04
2.322080208824367946e+04
2.388717815827621598e+04
2.270424961696770333e+04
2.401596090176888902e+04
2.405105417798698181e+04
2.381973872994418707e+04
2.409279180740880111e+04
2.379898730026937847e+04
2.206214274243171531e+04
2.277087753793064985e+04
2.352413752958699843e+04
2.357603186569539685e+04
2.398233070572819270e+04
2.285826286990196968e+04
2.375236334728436123e+04
2.340799255000487028e+04
2.395098554153079385e+04
2.383980806431660312e+04
2.343042556195012367e+04
2.366476737946576759e+04
