2.020157507789944066e+04
2.006697384253126074e+04
2.057258978021956864e+04
2.070054656718028127e+04
1.980821921302694318e+04
2.052374145132648118e+04
2.070450015897553385e+04
2.042594826289491539e+04
2.030839059550635284e+04
2.041566936819686453e+04
2.043830556134412473e+04
2.071139892818468070e+04
2.037534236370484359e+04
2.006443058991757061e+04
2.038528937273634438e+04
2.040185318322060994e+04
2.055230400876451677e+04
2.051052074808258476e+04
2.037544320924863132e+04
1.856841102024506108e+04
2.052376789063147953e+04
2.049946272022284757e+04
2.012175116333647020e+04
2.005396230821098288e+04
2.071494217289534936e+04
2.064052383960514271e+04
2.065957381289085606e+04
2.025190171029417252e+04
2.059906871274558216e+04
2.027515277977251753e+04
2.017091304168608985e+04
2.033333519948523463e+04
2.064279437181328103e+04
2.060090301750657454e+04
2.001025366369934636e+04
2.044280294386538662e+04
2.042263390635557880e+04
2.016256276686471392e+04
2.028667675145991234e+04
2.067538408287167113e+04
2.068773399825416709e+04
2.052353912129347736e+04
2.064057161160874603e+04
2.054243457290131482e+04
2.068593935951460298e+04
2.016217087653964700e+04
2.043916236006586405e+04
2.059776866273096675e+04
2.036581575557285760e+04
1.970955364781408207e+04
2.015045866440763348e+04
2.044621334171844865e+04
2.001340982947043813e+04
1.999464809893515485e+04
1.969971743711794988e+04
2.052506159704465972e+04
1.994852864059662534e+04
2.065625226655288498e+04
2.028178771929915456e+04
2.029027000390323155e+04
2.039855620618297689e+04
2.071881568832738776e+04
2.038597730746006710e+04
1.963595736095050233e+04
1.943080708217951178e+04
2.061927634634127389e+04
2.030210533851039145e+04
2.065496513369957029e+04
1.966171916369380779e+04
1.993630011982466021e+04
1.984792671912672449e+04
2.035006484209461996e+04
2.063415013406799335e+04
2.014975605713606637e+04
1.986646512123469802e+04
2.001183267190638799e+04
2.028729605625629119e+04
2.053698920301534599e+04
2.049222692931181518e+04
2.013852854278206723e+04
2.021999014548271225e+04
1.993347990359283722e+04
2.019953477046296757e+04
2.004941545950185537e+04
2.054488679788916488e+04
2.064920083014458214e+04
1.981718871579730330e+04
2.037306660287925479e+04
2.063033178215942462e+04
2.068594279690862095e+04
2.038463030341734702e+04
2.070866012229059197e+04
2.058098019645128807e+04
2.037770902297211796e+04
2.071971218495002540e+04
1.956268098565266700e+04
2.071961033143023815e+04
2.029988811869666824e+04
2.019527178616034871e+04
2.059395666077516944e+04
2.071888192812966372e+04
2.016959255100137671e+04
1.975949650589058365e+04
1.952654962240611712e+04
2.065443310250170907e+04
1.987621435868707340e+04
2.069319399887395048e+04
2.069175141732167322e+04
1.973364720654210396e+04
2.019057802043728589e+04
2.054723599842900148e+04
1.965382624650352227e+04
2.053478694355613698e+04
2.027586658096731480e+04
1.932790074571028163e+04
2.040299920865066088e+04
2.067449277027750213e+04
2.067293257794804958e+04
2.059798428591175616e+04
2.040540678490623759e+04
2.058045763561876447e+04
2.043480531634460203e+04
2.010141820538457614e+04
2.057276878540086545e+04
2.009992377881046923e+04
2.071814358813121726e+04
1.926274603830075284e+04
2.050472938842358053e+04
2.003837728217860422e+04
1.999536886111244894e+04
2.016485265085845822e+04
2.064106025867199423e+04
2.067643683768034316e+04
2.021647138712825108e+04
2.068856261629406072e+04
2.040377986662655530e+04
2.062063905303565116e+04
2.051560391387354684e+04
2.050375969862462807e+04
2.070010585146821904e+04
2.039638482579060656e+04
2.061584426960728888e+04
2.059902430717723473e+04
2.031126959075970808e+04
2.022007181575698633e+04
2.062410523436855874e+04
2.059389928852891171e+04
2.060755409382111975e+04
2.043476929525398737e+04
2.070740267764361124e+04
2.063618807298209140e+04
1.995724544880556641e+04
2.025079660571586646e+04
2.023622301990465348e+04
2.067927279755998461e+04
2.064901700035048270e+04
2.066131328578742614e+04
2.062106742354737798e+04
2.007919544305824820e+04
2.055499278004184816e+04
2.022152285479108832e+04
2.061115938840367016e+04
1.880016601534061920e+04
1.908079785506102053e+04
2.043068924888529727e+04
2.019723043863251951e+04
1.980545649219480765e+04
2.010718183137845335e+04
2.058893535171994881e+04
1.979560433126604403e+04
2.065734243283670003e+04
2.049289596304939187e+04
2.059332216238135879e+04
2.042386187229080315e+04
2.069300663627747053e+04
2.054436894974548341e+04
2.015170145614710418e+04
2.071518199669515161e+04
2.040565911241322101e+04
2.068064880542870378e+04
2.029459458287352027e+04
2.056031467160357352e+04
1.920749360545123272e+04
2.007470109380392387e+04
2.070535179991074256e+04
1.994535996117574541e+04
2.047846144114326671e+04
2.016476039341896831e+04
2.058670330145293701e+04
2.003864075697927183e+04
2.056320846061142583e+04
2.030831128131057994e+04
2.053698920301534599e+04
2.047860197394882198e+04
2.061695855785939420e+04
2.002067199829825404e+04
2.041386864398010948e+04
2.056506961816776311e+04
2.069819242732209750e+04
1.952478669580834685e+04
2.045455705094631412e+04
2.069168095904234360e+04
1.991405155829911382e+04
2.007919544305824820e+04
2.064328833389286592e+04
2.050544715795900993e+04
2.070934283018584392e+04
2.047096773326685434e+04
2.068003904519558637e+04
2.018102611272816284e+04
2.026911777551421255e+04
2.022693321294571433e+04
2.067699785647569661e+04
2.061970159019931816e+04
2.042424028991933301e+04
2.001179785532069218e+04
2.053698920301534599e+04
1.917314281572043546e+04
2.026487276852445575e+04
2.022682413036792423e+04
2.068328692135800884e+04
2.071689441712872940e+04
2.054037507346850907e+04
2.042789341528576188e+04
2.025846265534363556e+04
2.003013359410130215e+04
2.037535906065529707e+04
2.067567548200564488e+04
2.056530601785730323e+04
1.972120409149899933e+04
2.030291209700544641e+04
2.069947676069824229e+04
2.041453394006317467e+04
2.032892517579261767e+04
1.986400941052840062e+04
2.018601872362550785e+04
1.992961481230419668e+04
2.030823052459827522e+04
1.998827415918062616e+04
2.060183181609729945e+04
2.071560410632131243e+04
2.054463087801863730e+04
2.067557474453554096e+04
2.049889074370348681e+04
2.053221567154262812e+04
1.880016601534061920e+04
2.062616689688982660e+04
1.971083667691013397e+04
2.029712080643034642e+04
1.978373884497445033e+04
2.047652225296378310e+04
2.033304609294402690e+04
2.028903877600621490e+04
2.034215184175769173e+04
2.056554911230127254e+04
2.062915214336766439e+04
2.071829171074082115e+04
2.067926445152132510e+04
2.056653132240414561e+04
2.035623584634058716e+04
2.034875630678613379e+04
2.031142349036836094e+04
2.054905021147517982e+04
2.009660140066664462e+04
2.003465088039555485e+04
1.995411830143028055e+04
2.045426062499221734e+04
2.052421387066182433e+04
2.020949087025198969e+04
2.018242500374982046e+04
2.036725438888512144e+04
2.053283758100793784e+04
2.047778121794179606e+04
2.065884553989845153e+04
2.027393798022073679e+04
2.068547734137764928e+04
2.021623000049698021e+04
2.015051252024123460e+04
2.010718183137845335e+04
1.938860174530370568e+04
2.026839976415162164e+04
2.001490004564828632e+04
1.970214599216137140e+04
2.035569278285240580e+04
2.061407094327708546e+04
1.962530580139370068e+04
2.050159245704951900e+04
2.036744502291296158e+04
2.014787149737898289e+04
2.041308875386693035e+04
1.883438007880634905e+04
2.063834099661844084e+04
1.982693324561357804e+04
1.956829520523887913e+04
2.044067780779911845e+04
2.044357120740976461e+04
2.020687058358970899e+04
2.057996117512744240e+04
2.060080966857687235e+04
2.053375276786947143e+04
2.070678943032545067e+04
2.049679495408160074e+04
2.063341639179599952e+04
2.014475852310979462e+04
1.993301826422145677e+04
2.060451093402348488e+04
2.040735068822295216e+04
1.968245701102033854e+04
2.054873445866243128e+04
1.917314281572043546e+04
2.057991605817663367e+04
2.059178995282368851e+04
2.064942714398351382e+04
2.064997302095125997e+04
2.072048530619856319e+04
2.052024436654641249e+04
2.042804686520809628e+04
2.070731380010480643e+04
1.981745427558078882e+04
2.065652991507105253e+04
2.057944503396350046e+04
2.071617326124332249e+04
2.036555645887048740e+04
2.065383974000272428e+04
2.049979274399756105e+04
2.071675058590195113e+04
1.999464809893515485e+04
2.070895409459216899e+04
2.061292808758991669e+04
2.068989269223973679e+04
1.975958916958457485e+04
2.046811724005260112e+04
2.035660801203073788e+04
2.070475937259947386e+04
1.998255693543510642e+04
2.018435588628569531e+04
2.019893624733917386e+04
2.071872073206284767e+04
2.057595977530775781e+04
2.003903568531120982e+04
2.033165815272553300e+04
1.990363946447800845e+04
1.964147136582644453e+04
2.046263104813526297e+04
2.035189657867826099e+04
2.070217496311140712e+04
2.049853236575426126e+04
1.868263614498404422e+04
2.070441381556498891e+04
2.002750433739348227e+04
2.028649819529471279e+04
1.987651389350774116e+04
1.997945090906667610e+04
1.967923417108238209e+04
2.046132285403464630e+04
2.048759018539403769e+04
2.061489396735371702e+04
2.020580055280075248e+04
2.019769207490110421e+04
2.002769733916293626e+04
1.984069426736238893e+04
2.035013462907566282e+04
2.069572919540450312e+04
2.057347500296110957e+04
2.047927619185093499e+04
1.952654962240611712e+04
2.063883126123653710e+04
2.045563567787460488e+04
2.005990331656513445e+04
2.017959001782588166e+04
1.999727408434488098e+04
1.958018518180329193e+04
2.071266306210512266e+04
1.996304177255547984e+04
2.012175116333647020e+04
2.055090300632694925e+04
2.014634282351578804e+04
2.055505748213348488e+04
2.055105145437877945e+04
2.058514236083551077e+04
2.046461482770200382e+04
2.069542776436838176e+04
2.047663900005322284e+04
1.997432921564353455e+04
2.015087142457311347e+04
2.048964469925578669e+04
2.040391238500361214e+04
1.996345967343534357e+04
2.045870010079120402e+04
2.059537461310873914e+04
2.070590186430028189e+04
2.056700375924619584e+04
2.012762076056383739e+04
2.046364214333156633e+04
2.024028903716028435e+04
2.044099709194946990e+04
1.975612332867898294e+04
2.053206838459356004e+04
2.071007850601847531e+04
2.064732326057715545e+04
1.992135261378401992e+04
2.043790991635365208e+04
2.037224957364949296e+04
2.054046612118687699e+04
2.014975605713606637e+04
2.039579001647087716e+04
2.045279755446199124e+04
1.938978773380104758e+04
2.070448738096358284e+04
2.067265190519734824e+04
1.985828302112255187e+04
2.044968483280290093e+04
2.051171978630348167e+04
2.048202662863300793e+04
2.006737238828450427e+04
2.008476651253701129e+04
2.018621792370639014e+04
2.032611329747029959e+04
2.053383149330320884e+04
2.028866210334218340e+04
2.043844416883513986e+04
1.989807144107974818e+04
2.060404857445001107e+04
2.068588015013523909e+04
1.979850533245987390e+04
2.062448077546969944e+04
2.062207984641818621e+04
2.053084549143278855e+04
2.005125726349506294e+04
2.060755409382111975e+04
2.010392584350499237e+04
1.997024480241910351e+04
2.062372499223395789e+04
2.069305990823733009e+04
2.016858444750389754e+04
2.022090781782101112e+04
2.061322872957691288e+04
2.049317835702851153e+04
1.989155488520322979e+04
2.069509391927828619e+04
2.042814558935633249e+04
2.072006057832862280e+04
2.029898226710611198e+04
2.006771473343390971e+04
2.060714371124335594e+04
1.986974665806109624e+04
2.021908257902684636e+04
2.069836169911257093e+04
1.976521230376354652e+04
2.049412546141862549e+04
1.990951593235300243e+04
2.038108774336040733e+04
2.058309337704620702e+04
2.022946823003961254e+04
2.058690081923639445e+04
2.061117681726172304e+04
1.928712891615164699e+04
2.033628180787868041e+04
2.017859715513545598e+04
2.036313758115120072e+04
2.050827550340228481e+04
2.008557940492586204e+04
2.067390617922946331e+04
2.016858444750389754e+04
2.037722279391304255e+04
2.065440626884977974e+04
2.005271177823209291e+04
2.051615500005004651e+04
2.069439153645902115e+04
2.017994351560300129e+04
1.942439475528713956e+04
2.063863942299550399e+04
2.043506156136535719e+04
2.065939215947112461e+04
2.057890707973640019e+04
2.020209914664151802e+04
2.064996824975848358e+04
2.045416931967960772e+04
2.051801897528869813e+04
2.056758444607220008e+04
2.067804587510582860e+04
2.055197551859209852e+04
1.987267815150102251e+04
2.066226153744533076e+04
2.032648683410415833e+04
2.039166288561293914e+04
2.045065349398562830e+04
1.937974261948200365e+04
1.957274303185701501e+04
2.060296643413822312e+04
2.046017629050797041e+04
2.067560057377997873e+04
2.049438912621833515e+04
2.070581086767886154e+04
2.064157152021324873e+04
1.936317962994052505e+04
1.952478669580834685e+04
1.961820559881623922e+04
2.033353679816075601e+04
1.977998908784203741e+04
2.064063638907107088e+04
1.991816981310576739e+04
2.040391238500361214e+04
1.991762436950918345e+04
1.972346866996089375e+04
2.065345097856624488e+04
2.022381458750655293e+04
2.071436206685161596e+04
2.061795015478873393e+04
2.070916664762481741e+04
2.061486579176757732e+04
2.070763567422643609e+04
2.069535548038639536e+04
2.047162992002119063e+04
2.071701163698220626e+04
2.067598372578864655e+04
1.987488520425450406e+04
1.970221138991508997e+04
2.015759222985336601e+04
1.987957838001482014e+04
1.949730767086573178e+04
2.070888563872801024e+04
2.051315657822840512e+04
2.049737076275021536e+04
2.056469479258493084e+04
2.046508497527023064e+04
2.041281406136402802e+04
2.067575941196428175e+04
2.067746973330626133e+04
2.028665873304787601e+04
2.013721225612580383e+04
1.993732973968886290e+04
2.030226781964360998e+04
2.046541841333071352e+04
1.987817413794064123e+04
1.964387307883912581e+04
2.033724465606753438e+04
1.974686601966405215e+04
2.051250678286261973e+04
2.070504720116874159e+04
2.013092469469308344e+04
2.062595707789210428e+04
2.071342307626048932e+04
1.931969799592110576e+04
2.021940736816679782e+04
2.058690081923639445e+04
2.068328692135800884e+04
2.041308875386693035e+04
2.068300614582900380e+04
1.934411219273941606e+04
1.943038559745987368e+04
2.014560518595532994e+04
1.964592853622231996e+04
2.059797948468097456e+04
2.065677630349754691e+04
1.980766488850926908e+04
1.944088571530946137e+04
2.064826771954595097e+04
1.966625659960523626e+04
2.059616323698046108e+04
1.993012891991632932e+04
2.067016666967190395e+04
2.062810010174145282e+04
2.058470189718784968e+04
2.069856885258149487e+04
2.032235152444160485e+04
2.072004656807953870e+04
2.052706225926753905e+04
1.969027441223965798e+04
2.027096536143804406e+04
2.056381100655304181e+04
2.068217414265427215e+04
2.059902430717723473e+04
2.024000491661407068e+04
1.956424838171902593e+04
1.998911459939658744e+04
2.002099261126923375e+04
1.992825142431558561e+04
1.992394246053493407e+04
2.067675881610307260e+04
2.024745707705479072e+04
2.051818573875116635e+04
2.039128262325163087e+04
2.027176058155206920e+04
1.990976941531831835e+04
2.030724560840073173e+04
2.071207732381756432e+04
2.039654976233320849e+04
2.042694668768651172e+04
1.940137798562173703e+04
2.029145436829065147e+04
2.061309919370531497e+04
2.054353052772181763e+04
2.042689664999186425e+04
2.061490388133718079e+04
2.003804983545124560e+04
2.044809869258242907e+04
1.915409866776441777e+04
2.045745536317002916e+04
1.993868642073159936e+04
2.044196682006084666e+04
2.060299479612271170e+04
1.979438371909278067e+04
2.010128277312792125e+04
2.023955304418069863e+04
2.008239798937380692e+04
2.071859494513451500e+04
2.047483139996105092e+04
2.029026651859527556e+04
2.041917807109822024e+04
2.044213764728412934e+04
2.007656290458946751e+04
1.952654962240611712e+04
2.040401172244993722e+04
1.877711410109741701e+04
1.980693978918196080e+04
2.044308719826564629e+04
2.060426354931002061e+04
2.069017693982893616e+04
2.011302513832178374e+04
2.069006483638336795e+04
2.053957409515740073e+04
1.966365516180106351e+04
2.030724560840073173e+04
2.064920083014458214e+04
2.021993989706673528e+04
1.855358905855541889e+04
2.043079173708313465e+04
2.053173509821716289e+04
1.888167166731398902e+04
1.990168377920508283e+04
2.039001501610825289e+04
2.057431305406218598e+04
2.015199844468423180e+04
2.016619272627612372e+04
2.046420391279213072e+04
2.062077162672449049e+04
2.045358595529191371e+04
2.063097963905011784e+04
1.909729306600623386e+04
2.050648142425733022e+04
2.068431052590750187e+04
1.945519016701752116e+04
1.980964149660785915e+04
2.049752539703221555e+04
2.052252812997944420e+04
2.063434235569378870e+04
1.994164781686816423e+04
2.056477365798526444e+04
2.063422373141812204e+04
2.037981487967332214e+04
2.057211900785458784e+04
2.053698920301534599e+04
2.068949736120028319e+04
2.001876405836366030e+04
2.071859031921391579e+04
2.025811847013177248e+04
2.061795015478873393e+04
2.045415996806860130e+04
1.976630359129807039e+04
2.044128540120847902e+04
2.071888192812966372e+04
2.012908944545753548e+04
2.070036650407314301e+04
2.055014395081013936e+04
2.064487630084643024e+04
2.042927217191106320e+04
1.979411178826082687e+04
2.019771581324383442e+04
2.056280624874977366e+04
2.009491252613531105e+04
2.065421964844393369e+04
2.068598831137728121e+04
2.038388764109274052e+04
2.063055161766368110e+04
2.006880697628870985e+04
2.054375824449025095e+04
2.051629339803973562e+04
2.061783733691980888e+04
2.027793643716201041e+04
2.035342758079812120e+04
2.064891612390506270e+04
2.070064374971237703e+04
2.052710373100438665e+04
2.033765250724804355e+04
1.982440977114906855e+04
2.071682282400276745e+04
2.065136888779682340e+04
2.051950948473565950e+04
2.065101582221560238e+04
2.045662946415956321e+04
1.978301056028232779e+04
2.066021884664841855e+04
2.068684832977924452e+04
2.011549540732007881e+04
2.062448077546969944e+04
2.022775406198440032e+04
2.034399731732856526e+04
2.059023239620236200e+04
2.036102103932928731e+04
2.052117587021096188e+04
2.069132738175520353e+04
2.069141218126237436e+04
2.059801081378605522e+04
2.058353065079539374e+04
2.044359150918256637e+04
2.051296840662808609e+04
2.040209694466477595e+04
2.029073742690296785e+04
2.022335347870733312e+04
2.013310522922706878e+04
2.043458751127561845e+04
2.060130887566657475e+04
2.025126312118470014e+04
2.036850773925716567e+04
1.995254756517912756e+04
2.037356894475396984e+04
2.014348903045403495e+04
1.992835989367937509e+04
2.065216812790925906e+04
1.968317546708528971e+04
1.940978877502020623e+04
1.992924927632182516e+04
2.045665294170059497e+04
2.017268046070533819e+04
1.954046125752453736e+04
2.046049139470887167e+04
2.059659838278023017e+04
1.992825142431558561e+04
1.906014019294695390e+04
2.043863217409604113e+04
2.045375444311284809e+04
2.048741212092297792e+04
2.056412727073223869e+04
2.040811925505400723e+04
2.049770104040495789e+04
2.060212046796590221e+04
2.001330758710388545e+04
2.054252143586672173e+04
2.068358504149305008e+04
2.024789996832140605e+04
1.999132060734099286e+04
2.047272947741083408e+04
1.978433527386221613e+04
2.044234023295521183e+04
1.910131740457611158e+04
2.069503048310830854e+04
2.070158987592875565e+04
2.053300191065320541e+04
1.912520829677852453e+04
2.068773399825416709e+04
2.043292528105263045e+04
2.014975605713606637e+04
2.071070351796179239e+04
2.062221583183021721e+04
2.058690081923639445e+04
2.036014380863370025e+04
2.067229664961411618e+04
1.906531081557209836e+04
2.062450198441832617e+04
2.005184746670510503e+04
2.046901613761217595e+04
2.025773619953044908e+04
2.054674375191400759e+04
2.043209608988384571e+04
2.050024027885400574e+04
2.007450658879117327e+04
2.068551411578188345e+04
2.000398585618552170e+04
2.069691589603425382e+04
2.001853975880527287e+04
2.024075717989921031e+04
2.070116039136649488e+04
1.925121047868953974e+04
2.060820144558163156e+04
2.014629882934225679e+04
2.014975605713606637e+04
2.059465981499505870e+04
2.053698920301534599e+04
2.042230239154209994e+04
2.039424613188559306e+04
2.071070351796179239e+04
2.030262620343367234e+04
2.009321261319826226e+04
2.067818466319794243e+04
2.048399921073007863e+04
2.060755409382111975e+04
2.057589237363385473e+04
2.039429891862375371e+04
2.037620626649734186e+04
2.051142036459897645e+04
1.988888249389243720e+04
1.994995978330240177e+04
1.983050481946455693e+04
2.066666653548672184e+04
2.047476928592730837e+04
2.041719885152085772e+04
2.062465217755614140e+04
1.974789456545945723e+04
2.049000665165051396e+04
2.026386763616533426e+04
1.993911537747863622e+04
2.068430859443431109e+04
1.999204366535056761e+04
2.066578003693805294e+04
2.066452140108674939e+04
1.948548780096018527e+04
2.064212337179443421e+04
2.066423838634711865e+04
2.033381573261028097e+04
2.053022123414109228e+04
1.979631270053435946e+04
2.001299372558853429e+04
2.032376404955394537e+04
2.013778367218471976e+04
2.059483182390533329e+04
1.959193537129692413e+04
1.996817085091388435e+04
2.068547734137764928e+04
2.019205048212228576e+04
2.058599739795997448e+04
2.040404200414402294e+04
2.011274479621695355e+04
2.039459291188098723e+04
2.048856205103975299e+04
1.952478669580834685e+04
2.072060711565725069e+04
2.045809686063412300e+04
2.058504710547399009e+04
2.039030297395872185e+04
1.992380994354939321e+04
2.067900286117360884e+04
2.066544524775572063e+04
2.009531082435814096e+04
1.992469137693083758e+04
2.056552529553081331e+04
2.057449432286607407e+04
2.054493848548605092e+04
2.067936281561974829e+04
2.070369567702766653e+04
1.979403551030352537e+04
1.978386412608291357e+04
2.071448089987081767e+04
2.070447744144902390e+04
2.053683085467907586e+04
2.007228789430995676e+04
2.038017692007841833e+04
2.066052587611118724e+04
2.003132474233595349e+04
2.066926373860407330e+04
2.035711053342621381e+04
2.003683960124546138e+04
2.036271469852630980e+04
2.064722163502437979e+04
2.037859484236150092e+04
1.877711410109741701e+04
2.037835945526641808e+04
2.058248218872365396e+04
2.034506860381468505e+04
2.022383811729434456e+04
2.065056702872935421e+04
2.010392584350499237e+04
2.041587610042138840e+04
2.067413216554715473e+04
1.991902631139438017e+04
2.069504475491089761e+04
2.043253613027317624e+04
2.071932730154406818e+04
2.063948990428955585e+04
2.004558787914002460e+04
1.991817790621412860e+04
2.021396643254777882e+04
2.007003224166283690e+04
2.054374261387616934e+04
2.043039738538106758e+04
1.992657627844228409e+04
2.051029141405419432e+04
2.055419750618174294e+04
1.961763539460541506e+04
1.901175030167478326e+04
2.009417595804407756e+04
2.036524530797424450e+04
1.991891254334858240e+04
2.063883126123653710e+04
2.064689814986402780e+04
2.030458927178460726e+04
2.054260375109455345e+04
2.028996137622201786e+04
2.066647848226304268e+04
2.054252143586672173e+04
2.021200206336636256e+04
2.044128540120847902e+04
2.051250477004040658e+04
2.035297907157316149e+04
2.012477065416023834e+04
1.998786985077724239e+04
2.066051879208974060e+04
2.056239934236362387e+04
2.055924834789181477e+04
1.934438676651531568e+04
2.065972076647789072e+04
2.039979493453743635e+04
1.996032839445681020e+04
1.964651419220479511e+04
2.071014443930110065e+04
2.053698920301534599e+04
1.972787266100651323e+04
2.043387589197274792e+04
2.022588130543749867e+04
2.060396875771259147e+04
2.038490210900109378e+04
2.058361969981800212e+04
2.016275581489195611e+04
1.894542649087804966e+04
1.993751863241546380e+04
2.055327489480224904e+04
2.071021478138580278e+04
1.993890199698791184e+04
2.026754044507561412e+04
2.036800657445561956e+04
2.060895498370033238e+04
1.953803857359115500e+04
2.065193192048195851e+04
2.009764867050421162e+04
2.066410978805215927e+04
2.005802016522395570e+04
2.044609496681843302e+04
2.039394327171857003e+04
2.051101656418523271e+04
1.981111220348509960e+04
2.052356179455758320e+04
2.071743608805550684e+04
2.015530317027556157e+04
2.035880133696462872e+04
2.059914350440967974e+04
1.957323378901354226e+04
2.037142954537896730e+04
2.006442724467745938e+04
2.003901329705667013e+04
2.057823620349993871e+04
2.047652225296378310e+04
2.029909286268088908e+04
2.018621792370639014e+04
1.939471981866080750e+04
2.051915570543313879e+04
2.066919807555798616e+04
2.041415600980744057e+04
2.048709584249376712e+04
2.049380759530599244e+04
2.071363634992463267e+04
2.052590710735982066e+04
1.996905654660566142e+04
2.067643683768034316e+04
2.063667413324440713e+04
2.066199711958046464e+04
2.061322664608812920e+04
2.071716940046062155e+04
2.054663084836318012e+04
2.025811847013177248e+04
1.966625659960523626e+04
2.041147514400476939e+04
2.050441522695465392e+04
2.057316000904661632e+04
2.020330343148173415e+04
2.032584320836187908e+04
2.048894159856942133e+04
2.050083047564394292e+04
2.048759018539403769e+04
2.056521091698585951e+04
2.043734276818752551e+04
2.063009361722352332e+04
2.069815503118609558e+04
1.970906089272881218e+04
2.056781142768832797e+04
2.057112278088982566e+04
2.043277924027137851e+04
2.066367474905633571e+04
2.061896660699351196e+04
2.025972588663073839e+04
2.060766930544374918e+04
2.044029063350211800e+04
2.035597737047174451e+04
2.070799778889335721e+04
1.984583995631833022e+04
2.051180491654795696e+04
2.051744432392980161e+04
2.068989269223973679e+04
2.063222789526592169e+04
1.965654312318110897e+04
2.033361025910531316e+04
2.007729596797685736e+04
2.040988408283927492e+04
2.067303231731732376e+04
2.030970559445160325e+04
2.000826113639922914e+04
1.938114472133904565e+04
2.071210156142288179e+04
2.067814681557657968e+04
2.068147701661284373e+04
2.070667473104430246e+04
