9.004808995143914217e+03
8.943691884875064716e+03
9.016294278514958933e+03
8.995809833485702256e+03
8.974725739193296249e+03
8.974206601254012639e+03
8.991182920613551687e+03
8.991064208589241389e+03
8.969779944357902423e+03
9.019073322725764228e+03
9.019629542542597846e+03
9.021297198469295836e+03
9.017905609196213845e+03
9.012881878214669996e+03
9.027610564456410430e+03
9.010607513181084869e+03
9.025464193215164414e+03
9.013338578409546244e+03
8.991983045279725047e+03
9.006948355598437047e+03
9.005020297078017393e+03
8.984526996703407349e+03
8.991456626021736156e+03
8.964228852333995746e+03
8.983752552207188273e+03
9.020059956861485261e+03
9.019297638897103752e+03
9.006970217703274102e+03
9.002191337785910946e+03
9.026845202896318369e+03
8.968723254736974923e+03
8.960619398644079411e+03
9.030800545673018860e+03
9.020311143973895014e+03
9.025997272507092930e+03
9.026785782452918284e+03
8.933220915568948840e+03
8.981929198985340918e+03
9.015838732946873279e+03
8.998783268279183176e+03
8.950214047752902843e+03
9.012770289361957111e+03
8.963640618205339706e+03
8.904185673663494526e+03
9.011706928711832006e+03
8.992654880228992624e+03
8.994805059823454940e+03
9.009962393668778532e+03
8.978923348381755204e+03
9.029715269415260991e+03
8.917355476827944585e+03
9.009787362764980571e+03
9.004229469562116719e+03
8.985692542804712502e+03
9.010011031908628865e+03
9.021346915766722304e+03
8.924148470766092942e+03
9.017763630842860948e+03
8.975698416271330643e+03
8.957333790926593792e+03
8.890683812026079977e+03
8.986940258875885775e+03
8.952470523198811861e+03
8.981460885567992591e+03
8.978433669087393355e+03
8.999517044646938302e+03
9.022379083502375579e+03
9.003320516384203074e+03
9.024855774453253616e+03
8.969256452458746935e+03
8.956657209958606472e+03
9.021676624304887810e+03
9.013817970406484164e+03
9.004468582365489056e+03
9.030800545673018860e+03
8.913881266500249694e+03
9.028822039927294099e+03
9.011929324463928424e+03
8.956204399528387512e+03
9.013552618764002546e+03
8.985796668997700181e+03
8.921436426684369508e+03
9.017839171736884964e+03
8.998805561297671375e+03
8.993813895055109242e+03
9.017329746233532205e+03
9.011962485030231619e+03
9.028645719098612972e+03
9.015948294312656799e+03
8.985958060894248774e+03
9.008517797212989535e+03
8.943874752335288576e+03
9.009901244555652738e+03
9.009643232845866805e+03
9.010819520859080512e+03
8.965836900028585660e+03
9.004255746136277594e+03
9.001018957238959047e+03
8.976926185037744290e+03
9.006574937329080058e+03
9.031359215396578293e+03
8.982174772226733694e+03
9.019491026057874478e+03
9.000334495096847604e+03
8.948432566653944377e+03
8.954242674899731355e+03
9.022232445304629437e+03
8.977921319326667799e+03
8.928172796329574339e+03
8.951561313736774537e+03
8.954585154964035610e+03
9.015548434888376505e+03
9.025612886618040648e+03
9.009317582815101559e+03
9.005318491518451992e+03
8.975986011718710870e+03
8.999956356325601519e+03
8.969793640828993375e+03
9.007634701717743155e+03
9.020269401344197831e+03
9.019202554490895636e+03
8.926051094083097269e+03
8.941224068570283634e+03
8.935870133711023300e+03
8.974105156274365072e+03
9.024962809712418675e+03
8.984628172462453222e+03
8.937302797061471210e+03
9.004811020564757200e+03
8.951256618517938477e+03
8.995392186037364809e+03
8.989079225709170714e+03
9.015508913530675272e+03
9.013680985588596741e+03
8.997831523750011911e+03
9.014668090467064758e+03
9.019253279991016825e+03
9.019933784591670701e+03
9.017366662724978596e+03
8.978073322618767634e+03
8.996618427962090209e+03
8.949033378520955011e+03
9.020522688469538480e+03
9.017959583271996962e+03
8.953779602000471641e+03
9.026383421556067333e+03
9.021544302773236268e+03
9.024656497555857641e+03
8.959334659578817082e+03
9.018950533269862717e+03
8.965047323033755674e+03
9.015713298393397054e+03
8.913238282942869773e+03
9.010640541181646768e+03
9.029315729625066524e+03
9.006053162145590250e+03
8.993246214375576528e+03
8.964057194020762836e+03
9.017148852374848502e+03
8.919928009145502074e+03
8.950987851624116956e+03
9.005678650896792533e+03
8.950933104269410251e+03
8.984977704280308899e+03
8.971803663695451178e+03
9.028109782117864597e+03
8.977563630008016844e+03
9.024371013957796094e+03
9.009156585977740178e+03
8.963891011765725125e+03
8.990519164180110238e+03
9.030822666103747906e+03
9.026804330000330083e+03
8.899683183938081129e+03
9.020282624442326778e+03
8.983144399286120461e+03
9.017780560798526494e+03
8.978243110752811845e+03
9.015212096850942544e+03
8.974356291774247438e+03
8.979539828014450904e+03
9.007270071279755939e+03
9.018413178310931471e+03
8.958236589990419816e+03
8.958669780273330616e+03
9.021718787029265513e+03
9.001980106933815478e+03
9.017362503016529445e+03
9.018543967034038360e+03
8.945537965018964314e+03
9.012421903464541174e+03
8.990445619974378133e+03
9.022244711664670831e+03
8.983057019514020794e+03
9.018330743433907628e+03
8.991870789347491154e+03
9.004673227440780465e+03
8.989171901195188184e+03
9.002630414783474407e+03
8.995007430019433741e+03
9.000140438053798789e+03
8.918599605794206582e+03
8.997940863961208379e+03
9.026450776142208269e+03
9.016521027105576650e+03
8.982145986695060856e+03
9.011515452192459634e+03
8.988429841925453729e+03
8.965677974306547185e+03
8.960012861536075434e+03
9.029590211571417967e+03
8.979774793545868306e+03
8.929439358632413132e+03
8.963162359096180808e+03
8.975700786192777741e+03
8.977443442536983639e+03
8.955271609315617752e+03
9.024943637677635706e+03
9.029857460601902858e+03
9.025751390840798194e+03
9.012670457202842954e+03
9.010988362611802586e+03
9.005813595495661502e+03
9.014997371059613215e+03
9.007231179114538463e+03
9.026170763751584673e+03
9.004078472797678842e+03
9.022877487231909981e+03
8.904959292785384605e+03
9.011689049184837131e+03
9.023003374836345756e+03
9.031290312432742212e+03
9.019904213329460617e+03
8.994092572916084464e+03
8.991438901506584443e+03
9.022002362222607189e+03
8.954223984539836238e+03
9.009622533784111511e+03
8.987010691546956878e+03
8.938698152209530235e+03
8.979676838750519892e+03
8.981874889640193942e+03
9.001457041254241631e+03
9.015298980736488375e+03
8.963793279594072374e+03
8.981016269717372779e+03
9.025313982558485804e+03
9.002384128881209108e+03
8.961030400810861465e+03
9.016458991860545211e+03
8.996274217770971518e+03
8.917355476827944585e+03
8.999465653997396657e+03
8.897136412246780310e+03
8.951806498463625758e+03
9.013193902416494893e+03
9.023860785179280356e+03
9.022561702175484243e+03
9.021965183053785950e+03
8.958621760126810841e+03
9.023950953266401484e+03
8.984367926812932637e+03
9.029452908602175739e+03
9.031096299152985011e+03
8.998487619572606491e+03
9.014154626099258167e+03
9.014259868765117062e+03
8.954871369833390418e+03
8.961837894824497198e+03
9.022541533955254636e+03
9.017185357826552718e+03
9.028865889047141536e+03
8.969245733497396941e+03
8.927352857851874433e+03
8.991678559058025712e+03
9.022654438766439853e+03
9.011897473908757092e+03
9.029634199647131027e+03
8.971568561306765332e+03
8.991420212022807391e+03
8.974220865164656061e+03
9.028915060869518129e+03
8.992120884959735122e+03
9.011441803857071136e+03
8.936721536775872664e+03
8.999939483799391382e+03
8.954501602004669621e+03
9.014302293142298367e+03
8.964723646720431134e+03
9.028734945036021600e+03
9.000456740515401179e+03
9.024249547093044384e+03
9.022244711664670831e+03
9.025006991166083026e+03
8.991833094373332642e+03
9.006072711477587291e+03
8.987150382080464624e+03
9.022048161581791646e+03
8.993306539502029409e+03
9.027362534054052958e+03
8.914325903284328888e+03
8.936639538322719091e+03
9.018487927385331204e+03
9.030111757260481681e+03
9.027976012335180712e+03
8.995183332975604571e+03
9.011704867737764289e+03
9.002248691188757221e+03
8.990089374279552430e+03
9.031052555124215360e+03
8.996618427962090209e+03
8.992935889596690686e+03
9.012265874057622568e+03
8.997614636793134196e+03
8.929738286111070920e+03
9.023357749449995026e+03
8.999024964671121779e+03
9.007575897686236203e+03
9.023053872090968071e+03
8.991011149222033055e+03
9.013627572710111053e+03
9.022782593289590295e+03
8.940272303407444269e+03
8.997104950841712707e+03
9.024466263018215614e+03
8.996185762663282731e+03
8.963436225353283589e+03
9.028818216118996133e+03
9.022102113177921638e+03
8.982491752207539321e+03
9.015262570631395647e+03
8.993155786625662586e+03
8.913685692671806464e+03
8.995392186037364809e+03
8.988227241494110785e+03
8.947207322806845696e+03
8.964753592858849515e+03
8.996797610607349270e+03
9.019406901732701954e+03
9.002643085763262206e+03
9.019916488994713291e+03
9.027111004989805224e+03
9.013163721885946870e+03
9.001752303675762960e+03
9.021148752548031553e+03
9.025677808090351391e+03
8.984547734991001562e+03
9.013990579758545209e+03
8.951966728796551251e+03
9.011979556747406605e+03
9.000252793933446810e+03
8.984771717922832977e+03
8.941158498044527732e+03
9.029722087831894896e+03
9.026232442685155547e+03
8.992080884499044259e+03
9.007380905017327677e+03
9.004893365312884271e+03
8.990263757282700681e+03
9.008908894591435455e+03
8.957652845437409269e+03
8.995166941827299524e+03
9.028910837227131196e+03
9.019960629557799621e+03
9.028324171710139126e+03
9.005813595495661502e+03
9.015968980747866226e+03
9.006297449170278924e+03
9.028394703849418875e+03
9.011417243606105330e+03
8.963557216394157876e+03
9.012109038204258468e+03
8.979296213668276323e+03
9.029610653736104723e+03
9.020424153758183820e+03
9.022671329754402905e+03
9.001696033183952750e+03
9.028179317402420565e+03
9.023978090511056507e+03
9.020955354969559266e+03
9.017970801785097137e+03
9.019693581101082600e+03
8.990429821450739837e+03
9.028213247637770110e+03
8.991175762072409270e+03
9.022193423298156631e+03
9.022067327120195841e+03
9.017695391181507148e+03
9.014251450003681384e+03
8.985607165541219729e+03
8.965976961580927309e+03
8.951162583109733532e+03
9.025380195250141696e+03
8.981369491404659129e+03
9.003714299557192135e+03
8.969729728072617945e+03
8.971994285796788972e+03
8.992295360154166701e+03
8.961629979680252291e+03
9.002246596210241478e+03
9.011892501392150734e+03
8.998706999015845213e+03
9.006272653700689261e+03
8.919284627940118298e+03
8.982342332583793905e+03
9.005730830109769158e+03
9.024171599115665231e+03
9.014042595771088600e+03
9.023795488535273762e+03
8.970716105231425900e+03
8.955648650775885471e+03
9.023175788289165212e+03
8.982666195681928002e+03
8.991833094373332642e+03
9.024067804779535436e+03
9.015757011529743977e+03
9.017898809561309463e+03
8.950258580381423599e+03
9.009683677271466877e+03
8.988135530137838941e+03
8.965219755780839478e+03
8.991959253135362815e+03
8.972055826551164500e+03
9.027188580504724086e+03
8.992704575980049412e+03
8.957271185882904319e+03
9.017033214689614397e+03
8.990929949701690930e+03
8.983735069735117577e+03
9.019419224960614883e+03
9.029590211571417967e+03
8.999674377676856238e+03
9.031454238580925448e+03
9.017762513795127234e+03
8.962049002307612682e+03
8.984911829156535532e+03
9.026947008281986200e+03
9.020270440908201635e+03
9.006508173855876521e+03
9.010152138570976604e+03
9.028004077989207872e+03
8.978259951219371942e+03
9.024695256258692098e+03
8.917480802504253006e+03
9.025850969390839964e+03
8.987531003681247967e+03
8.969384361700278532e+03
8.953536663179853349e+03
8.965016805083441795e+03
8.953586704182338508e+03
8.962429971627632767e+03
8.981536993432388044e+03
8.966272433308789914e+03
9.014622606430180895e+03
8.997675630864547202e+03
9.030682018307290491e+03
9.007936956822537468e+03
9.029429964725903119e+03
9.022658478165978522e+03
9.001928643278029995e+03
9.028971982892808228e+03
8.974178362950746305e+03
8.975026916117256405e+03
8.983124065520965814e+03
9.011943457811928965e+03
9.016405235894710131e+03
9.010931721494154772e+03
8.996202256431517526e+03
8.987948710575215955e+03
8.973555094125928008e+03
8.925390308988422476e+03
8.988124265056583681e+03
9.018228945195593042e+03
8.973810436462150392e+03
8.925762084027921446e+03
9.005160426078940873e+03
8.988680712692914312e+03
9.001910642960256155e+03
8.981087318379368298e+03
8.988437393281272307e+03
8.979219068355887430e+03
9.009654702655057918e+03
9.014144892009540854e+03
8.998375574932511881e+03
8.962776483682449907e+03
8.898782701602076486e+03
9.001957959922327063e+03
9.021650554710231518e+03
9.010289076064529581e+03
8.988365780753321815e+03
9.024850726995548030e+03
9.009654702655057918e+03
8.965182168707829987e+03
8.946794187434312335e+03
9.027309578129063084e+03
8.991196513379727548e+03
9.027969896760774645e+03
8.996800081802470231e+03
9.006953881761322918e+03
8.967925553717057483e+03
8.990648428054646502e+03
9.020540080450171445e+03
8.980054743478169257e+03
8.988365780753321815e+03
9.030368626857434720e+03
8.916913694747574482e+03
8.985827643384502153e+03
8.957220729648950510e+03
9.002647682596965751e+03
9.019962643816508717e+03
8.900501549094627990e+03
8.940272303407444269e+03
9.012993756935991769e+03
9.010392142934402727e+03
8.953473398404190448e+03
8.980370309795318462e+03
9.019343728789561283e+03
8.953024193659979574e+03
9.031297366907831019e+03
8.953614136635635077e+03
8.980288822735274152e+03
8.989335760371348442e+03
9.008573778436486464e+03
8.981354578491895154e+03
8.935403159199995571e+03
9.024766502959049831e+03
8.994972577163463939e+03
9.023447215284171762e+03
9.011630531631597478e+03
9.004011409162445489e+03
8.993812710746640732e+03
8.959134061663644388e+03
9.022138709525512240e+03
8.985474620669328942e+03
9.025556178665030529e+03
8.996736342932777916e+03
8.999563841644918284e+03
8.954242674899731355e+03
9.007480913255749329e+03
8.999803512055499596e+03
9.023889988148635894e+03
8.980628066373818001e+03
9.022598843675024909e+03
8.947854182308010422e+03
9.026106064635168877e+03
9.028447721936214293e+03
9.011734658498800854e+03
9.014796814087441817e+03
9.010813364318077220e+03
9.000978523379319086e+03
9.023710496983869234e+03
9.012470928111619287e+03
8.965976961580927309e+03
9.023222642483009622e+03
9.015511207052524696e+03
9.028515923932043734e+03
8.957762439495898434e+03
8.927663632704503470e+03
8.970870086650531448e+03
9.008009652937273131e+03
9.026910880067915059e+03
9.024731720252093510e+03
8.947559989630792188e+03
9.013425484564222643e+03
8.985754135085393500e+03
9.020790973908580781e+03
8.985629746671222165e+03
9.009278263764039366e+03
8.919985128391634134e+03
8.994305619995762754e+03
8.998381043987765224e+03
9.030376196426943352e+03
9.005038181260739293e+03
8.953394288332394353e+03
9.007034720214145636e+03
9.005210626500775106e+03
8.980367382047272258e+03
9.013674083343514212e+03
9.031300639732055060e+03
9.021599293076120375e+03
8.985673839833394595e+03
9.017653498960604338e+03
8.961289389718385792e+03
9.022590692553556437e+03
8.924148470766092942e+03
9.024995113261426013e+03
8.989704734148217540e+03
8.963943400989814108e+03
8.959787395699497210e+03
8.984620383101097104e+03
9.023069433512000614e+03
9.023248114861260547e+03
8.970123298654205428e+03
9.017236163209290680e+03
9.002271113879531185e+03
9.015538351198229066e+03
9.005513570881301348e+03
9.012406793400727111e+03
9.012833853081609050e+03
8.958042752633271448e+03
9.006450833537470317e+03
9.023876180254152132e+03
8.920800125674019000e+03
9.029607393190755829e+03
9.010923421123650769e+03
9.025323097138167213e+03
8.965680246510513825e+03
9.028416866145882523e+03
8.976773467027869629e+03
9.023569311566956458e+03
9.026338316304707405e+03
9.001872560338035328e+03
9.010351038951501323e+03
8.981932293151679914e+03
9.019712396486087528e+03
8.991763339237248147e+03
8.997877689234610443e+03
8.983589318044934771e+03
9.002114254356656602e+03
9.026743921202994898e+03
9.009905174524921676e+03
8.996220097448760498e+03
8.911004228446605339e+03
9.017622105650581943e+03
9.006452159810409285e+03
8.991284881976956967e+03
9.028402058536770710e+03
8.954810155712357300e+03
9.009043917749793764e+03
9.020397347739588440e+03
8.931965874686475217e+03
9.007359510666443384e+03
9.003444095095466764e+03
8.971464889338916691e+03
9.026275104236538027e+03
9.002246721273500953e+03
8.958420318127844439e+03
8.992457038194805136e+03
9.017139191281121384e+03
8.992283239656611840e+03
8.932133505755571605e+03
8.985629829455554500e+03
8.906916943194366468e+03
9.029376248195170774e+03
9.026128165662392348e+03
9.014716127857653191e+03
8.980563589914676413e+03
8.975463026855966746e+03
8.980557039727355004e+03
9.007698154255120244e+03
9.026016742022373364e+03
8.968957633111798714e+03
8.954661220032188794e+03
9.008394492764700772e+03
8.984561500108182372e+03
9.000570447505509946e+03
8.948286948246264728e+03
8.915937456069341351e+03
9.001585188181503327e+03
9.003979033620882547e+03
9.026108698007959902e+03
8.985720623582865301e+03
8.983996580559347422e+03
9.016544487803112133e+03
9.029813746013205673e+03
8.998721543135863612e+03
9.025013012932606216e+03
9.016663314084740705e+03
8.971275497942195216e+03
9.012761779519081756e+03
8.946228012897883673e+03
9.009787362764980571e+03
8.931066144231737781e+03
8.985692542804712502e+03
9.013782881697237826e+03
8.982470260175497970e+03
8.983513626228432258e+03
9.021796572304820074e+03
8.987246617648264873e+03
9.029913251818103163e+03
9.028293063920153145e+03
8.982342332583793905e+03
8.982041894989997672e+03
8.959142131802171207e+03
8.974848010146375600e+03
9.004423414669257909e+03
9.002486261837571874e+03
9.004878539653116604e+03
9.025023217814676173e+03
8.939210445658429308e+03
9.008925286814943320e+03
9.012599986959856324e+03
9.005670481687044230e+03
9.000180039358361682e+03
9.023275577693855666e+03
8.995973268925930824e+03
8.969506592275594812e+03
9.027554800165056804e+03
8.974668997838318319e+03
9.025554338456593541e+03
8.981906463285833524e+03
9.013135939303863779e+03
9.013324758313941857e+03
9.027289733378891469e+03
8.954223984539836238e+03
9.023836670972959837e+03
8.979575464455552719e+03
9.001206842237292221e+03
9.028721828993257077e+03
9.005069081102546988e+03
8.934308579425633070e+03
9.017034984787867870e+03
9.020713183365727673e+03
9.016441819190893511e+03
9.009291274234332377e+03
9.002920364595323917e+03
9.004844397375993140e+03
8.921543190692127610e+03
8.975243845657434576e+03
8.977857203687721267e+03
9.026998057408827663e+03
8.901215000432703164e+03
9.012109038204258468e+03
9.007249647643106073e+03
8.958627922036410382e+03
8.943080564795794999e+03
9.024659558029712571e+03
8.965935111506712929e+03
9.026361972672701086e+03
9.022993940432392264e+03
9.023552828166442850e+03
9.012276811311674464e+03
9.012622485960902850e+03
9.030253815270865744e+03
8.954980005693607382e+03
9.001099365392523396e+03
8.979505334795479939e+03
8.999360086802258593e+03
9.020424153758183820e+03
8.945642702653172819e+03
9.012670457202842954e+03
9.030226203724398147e+03
8.982141151646226717e+03
8.969525438787550229e+03
8.962023039147265081e+03
9.014622606430180895e+03
8.964894741083633562e+03
8.992582195659309946e+03
9.006097375659112004e+03
9.006906764748897331e+03
8.978282481125304912e+03
9.020857463101096073e+03
9.018198522373288142e+03
9.006115138353039583e+03
9.003135153865379834e+03
8.968177758762647500e+03
9.002027793431565442e+03
9.019939836982526685e+03
8.978032061928790426e+03
8.974250222892078455e+03
8.991602645631472114e+03
9.023066158159579572e+03
9.001760769380036436e+03
9.030800545673018860e+03
9.011584603716828497e+03
9.025833145539811085e+03
8.992588652831651416e+03
9.008138565030812970e+03
9.018652961442980086e+03
9.022391988851777569e+03
9.029398788161770426e+03
9.022536325743800262e+03
8.983057019514020794e+03
8.985881628709837969e+03
9.017552756167257030e+03
8.928693947670915804e+03
8.960870625175659370e+03
9.029179707522605895e+03
8.999027707884833944e+03
8.920077098855399527e+03
9.012597591759558782e+03
9.023471234654574801e+03
8.983253425763681662e+03
9.001965892845495546e+03
9.009111573471020165e+03
8.989109327183326968e+03
8.971988289157898180e+03
8.969213175869037514e+03
9.015480376673200226e+03
8.979053400362488901e+03
9.004579921315544198e+03
8.988662226398981147e+03
9.021034218516288092e+03
9.012711141144403882e+03
9.026411688106345537e+03
8.982397759307099477e+03
9.001090679547702166e+03
9.020923865376813410e+03
9.022597336477792851e+03
8.975197446253503585e+03
9.029256336989526972e+03
9.026584443228814052e+03
8.980054743478169257e+03
9.015060879829648911e+03
9.009275586085728719e+03
9.023178146763420955e+03
8.849879533090741461e+03
8.941952332229124295e+03
9.026789284287873670e+03
9.011689049184837131e+03
9.017507290193478184e+03
8.981659062485494360e+03
8.951523247159226230e+03
8.999702160067039586e+03
8.938956964842414891e+03
8.997943881624096321e+03
8.998109365336171322e+03
8.961738960282642438e+03
9.019395811212572880e+03
8.976213548102803543e+03
9.021610292893125006e+03
9.008999452253498021e+03
9.015248745235025126e+03
8.885698172250753487e+03
9.016198577730181569e+03
8.998042327548526373e+03
8.995940780447199359e+03
9.025103253579402008e+03
9.028818216118996133e+03
8.964638733312860495e+03
8.982129726336343083e+03
8.987771982080615999e+03
9.019907722081978136e+03
9.010422418916465176e+03
8.981604690783853584e+03
9.028317775812691252e+03
8.960034667593336053e+03
9.028645719098612972e+03
9.029166549940815457e+03
8.961370504887354400e+03
8.994891826133143695e+03
8.983385773238860565e+03
9.007087304458191284e+03
9.019458241782213008e+03
8.989656010728283945e+03
9.007345569599621740e+03
8.975104046811171429e+03
9.012399891354236388e+03
8.976773467027869629e+03
8.980403034253173246e+03
9.011283846117778012e+03
8.981358191471123064e+03
8.992186990781436180e+03
9.003021766429579657e+03
8.981219311096025194e+03
8.995186300977229621e+03
9.019924421626221374e+03
9.029741451398584104e+03
8.945609441993734436e+03
9.025095711692389159e+03
9.011573555771405154e+03
9.003094330326814088e+03
9.011962173910069396e+03
9.008925286814943320e+03
9.000625275207918094e+03
8.997614636793134196e+03
9.015690858408783242e+03
9.028100922200257628e+03
9.028899276024658320e+03
9.014276986442153429e+03
9.010116359817749981e+03
8.960696985355079960e+03
8.959500271090366368e+03
8.922664860669347036e+03
9.029761994139002127e+03
8.995110073777666912e+03
9.003752586681119283e+03
9.025712509165035954e+03
9.004078028182817434e+03
9.015076392534479965e+03
8.992638926664143582e+03
8.983576379910571632e+03
8.918494900981202591e+03
9.014992326753430461e+03
8.886279492935515009e+03
9.006644698740181411e+03
9.029640590175675243e+03
8.966951170240319698e+03
8.985323451117976219e+03
9.012846772884959137e+03
9.005308686568789199e+03
8.961134730483609019e+03
9.017462551502640054e+03
9.003606468407360808e+03
9.027165410576983049e+03
9.022999334242516852e+03
9.008450859867592953e+03
8.956370820132688095e+03
9.018692966382370287e+03
8.993886478270369480e+03
9.002760077416194690e+03
8.976828722713033130e+03
8.924893575836202217e+03
9.023606906093675207e+03
9.004352090159178260e+03
8.946977776694311615e+03
8.979674882162047652e+03
9.009335352162182971e+03
8.966143354206391450e+03
8.936507871454097767e+03
8.949584098580628051e+03
9.001359760085009839e+03
9.024527009657815142e+03
8.981942801715580572e+03
9.027273789875969669e+03
9.028711235598579151e+03
9.026297342820671474e+03
8.988595996324747830e+03
8.906017872883745440e+03
8.989255825045165693e+03
9.017443730266339116e+03
9.005187997099030326e+03
9.007477015971746368e+03
8.975839747840742348e+03
8.998973312303267448e+03
9.006106449784896540e+03
9.021037606665120620e+03
8.991740014286140649e+03
9.004731897686657248e+03
9.001444440840701645e+03
8.989650790169333050e+03
8.984629652066058043e+03
8.987924876217473866e+03
9.002511528140839800e+03
8.995881305166376478e+03
8.990749770400991110e+03
8.992626054132782883e+03
9.000991137432702089e+03
9.023805804839064876e+03
9.012173500440254429e+03
9.011912972782840370e+03
9.029253356475752298e+03
9.018339454389129969e+03
9.003850264425787827e+03
9.012707971272508075e+03
8.968097947182477583e+03
8.998690621107974948e+03
8.946216782692132256e+03
8.996884182163297737e+03
9.014053439772149432e+03
9.020809944217269731e+03
8.998194242227424184e+03
9.008918254720421828e+03
9.026371116876964152e+03
8.992017173877915411e+03
9.015283886665398313e+03
9.020414743188439388e+03
9.022856881945364876e+03
8.953294310166531432e+03
9.001696033183952750e+03
8.989161704345386170e+03
8.956140514603221163e+03
9.011022191497686435e+03
9.012210831184029303e+03
9.002215904483855411e+03
9.025940475625913678e+03
8.995392231590521988e+03
8.974663952987553785e+03
8.949527473199039378e+03
8.995809497781465325e+03
8.925390308988422476e+03
9.015819090645714823e+03
8.954621197503667645e+03
8.987610671694552366e+03
9.018727773052200064e+03
8.958370104318830272e+03
8.983261763078593503e+03
9.026275104236538027e+03
8.972785624659340101e+03
9.018983585744766970e+03
8.956079608876369093e+03
8.985398425855648384e+03
8.914325903284328888e+03
9.015548434888376505e+03
9.028213247637770110e+03
8.992975635215969305e+03
8.972377004414598559e+03
8.994972577163463939e+03
8.986011234127587159e+03
9.018340089021474341e+03
8.981646483011620148e+03
8.947796414588734478e+03
9.028012777680645740e+03
9.027811786367625245e+03
8.952667746201634145e+03
9.004517141305888799e+03
8.957355479801035472e+03
9.021383874541479599e+03
8.988493799570418560e+03
9.014777373318695027e+03
