2.386942643540945573e+04
2.340793772705256197e+04
2.393540496969499873e+04
2.211732578697791905e+04
2.368895294927540090e+04
2.376055792145643500e+04
2.383850535921526171e+04
2.247068191367908730e+04
2.110467564249524366e+04
2.231997404966954127e+04
2.283689002338821228e+04
2.299639634658868090e+04
2.215658279659529580e+04
2.331628164954313252e+04
2.296413848350650369e+04
2.263919005432686026e+04
2.348133097179728065e+04
2.387440412449395080e+04
2.208375099581350878e+04
2.432628343005973147e+04
2.178160377996276657e+04
2.190361243215305149e+04
2.177462233103092149e+04
2.411699750733871042e+04
2.115919128973722763e+04
2.307782462118574404e+04
2.422449946488331261e+04
2.257268896477221642e+04
2.155363379332667682e+04
2.400890812453697072e+04
2.362328516728685645e+04
2.230678854637345648e+04
2.279712374405312221e+04
2.324134038539572066e+04
2.316273303961989950e+04
2.213052781580968440e+04
2.219574414431612604e+04
2.111654706611403162e+04
2.196786157663578706e+04
2.300282688986291396e+04
2.328436827680406714e+04
2.273817700950491781e+04
2.267521487788000013e+04
2.255942321688128504e+04
2.298532439309055553e+04
2.415795344469991687e+04
2.337326756974388991e+04
2.359385820248199525e+04
2.264111204584983716e+04
2.266944818678237061e+04
2.415952363944972603e+04
2.368541456983095122e+04
2.287204552682913709e+04
2.382220938781767472e+04
2.417053905065613071e+04
2.352008034475972090e+04
2.306750133945353082e+04
2.410811862682628998e+04
2.209816141490541122e+04
2.196363792096564066e+04
2.385792254565370240e+04
2.291094099893822568e+04
2.253603640930073743e+04
2.199826215212556417e+04
2.217839301316081037e+04
2.407572702785741058e+04
2.322295650613999169e+04
2.052289017075344600e+04
2.369179049791074431e+04
2.421427826553511841e+04
2.429264458935663424e+04
2.224363236492974102e+04
2.420719362622435074e+04
2.183656884874490788e+04
2.204000933997376706e+04
2.194601087517235283e+04
2.336100005880145181e+04
2.199211366612383426e+04
2.405209490192311569e+04
2.202360378958964066e+04
2.430092355191554452e+04
2.229630894182887278e+04
2.202886147115712811e+04
2.346380974776947551e+04
2.155491926280292682e+04
2.185180334629250137e+04
2.263654018558065218e+04
2.302471592206235437e+04
2.286897493260427291e+04
2.253129360360369901e+04
2.224026507630417836e+04
2.349569814546185808e+04
2.325860411147072591e+04
2.239641765528207907e+04
2.357502936309182041e+04
2.283426515748081147e+04
2.383129063039927860e+04
2.284785275290926438e+04
2.365119999964414819e+04
2.340718018322729040e+04
2.364275664284885715e+04
2.349304402932945959e+04
2.389011941794461382e+04
2.244310408186913628e+04
2.301935023150614506e+04
2.389609378961526818e+04
2.282543989473041074e+04
2.387440412449395080e+04
2.178583944546441126e+04
2.274326022190422373e+04
2.180322485501525807e+04
2.269800557215853769e+04
2.414635549665872168e+04
2.314653560815748642e+04
2.203638827739625049e+04
2.410345149775748723e+04
2.350021718577520369e+04
2.343383216792566964e+04
2.257509038342597341e+04
2.379265537588284496e+04
2.423565029234561371e+04
2.367718135815596179e+04
2.266741283745050532e+04
2.303257621616046890e+04
2.198382469091841631e+04
2.132325422277783218e+04
2.195805659388475397e+04
2.208436432646964749e+04
2.409042884733198662e+04
2.398349476074396443e+04
2.348853129545529373e+04
2.234185796889293852e+04
2.413684548258775249e+04
2.384556198244179541e+04
2.309289164580661236e+04
2.430022637804209080e+04
2.186515751016708600e+04
2.312457459230659515e+04
2.406746746843287474e+04
2.066439382388744707e+04
2.354310544178566488e+04
2.380892557697279699e+04
2.184080011031691538e+04
2.379068785102012043e+04
2.212337360730611181e+04
2.310391321585644619e+04
2.390815126621255331e+04
2.372774766799091230e+04
2.331270303193137079e+04
2.017504701367241069e+04
2.307673724628265336e+04
2.291420285480878010e+04
2.217841353740375416e+04
2.287150232221388796e+04
2.364476324554049279e+04
2.139731739435200507e+04
2.299942743002844873e+04
2.305320794254685097e+04
2.348257933039471754e+04
2.246014864498234965e+04
2.385142940907731463e+04
2.133956090516064432e+04
2.340954692732929834e+04
2.417420702022487239e+04
2.206806839806097560e+04
2.195859632351333494e+04
2.235960351363727386e+04
2.391668382227647089e+04
2.369870637574466309e+04
2.239908560245577610e+04
2.283310322727839957e+04
2.345067297395944843e+04
2.197003400886775125e+04
2.099450267422704201e+04
2.361067666200216263e+04
2.283083619756010012e+04
2.348628933328638232e+04
2.204626335183869014e+04
2.213198749523277729e+04
2.334297832670440403e+04
2.241840618089896452e+04
2.298051278262890264e+04
2.420654328179679578e+04
2.379797586556396709e+04
2.396594500323344619e+04
2.240125693101325669e+04
2.285327172945475468e+04
2.286885405309313137e+04
2.330298521429738685e+04
2.186409164991580838e+04
2.201302867575738492e+04
2.228016164376892266e+04
2.323932566852575837e+04
2.257630752439900243e+04
2.024984468372000993e+04
2.268775752988958993e+04
2.430141109416109975e+04
2.000261221918822048e+04
2.003147322958637233e+04
2.344266431872996691e+04
2.261425210855443947e+04
2.347208733476848647e+04
2.252739695389051485e+04
2.409468416460863227e+04
2.289683289827025874e+04
2.200164644663286526e+04
2.233838102832345976e+04
2.003617687583128281e+04
2.364604680403216480e+04
2.339217006371187017e+04
2.260789641307535931e+04
2.353511127734898037e+04
2.394526187908140491e+04
2.128068787666737990e+04
1.908833297192065947e+04
2.181445266386877847e+04
2.265196872199960853e+04
2.266630793142956099e+04
2.300765931002104844e+04
2.355088739647722832e+04
2.128692129629846022e+04
2.219122434437186166e+04
2.184604609574755887e+04
2.260714730586095902e+04
2.202107240378316055e+04
2.413395284117008487e+04
1.979000674671434535e+04
2.404113739948948205e+04
2.361145591704389153e+04
2.336411369464764357e+04
2.352021577882568818e+04
2.209704435157718763e+04
2.375722169606652460e+04
2.293543925669220334e+04
2.313044484311231281e+04
2.224838821435248974e+04
2.388566298558831113e+04
2.245887587127496954e+04
2.254170327569840447e+04
2.187180646768786391e+04
2.274587463693815516e+04
2.258757443055431941e+04
2.415154193014188786e+04
2.416852862414424817e+04
2.338830440075951265e+04
2.187833120463989690e+04
2.283317489237175687e+04
2.301458379946458808e+04
2.231075551270474534e+04
2.180362499163834946e+04
2.213772321936031949e+04
2.356427706317907359e+04
2.328118873397620700e+04
2.426415791560495563e+04
2.301115901735158695e+04
2.273073216631080504e+04
2.208614169782652607e+04
2.412049710741198942e+04
2.405884677960187764e+04
2.430112169546816585e+04
2.403870161353915682e+04
2.271503109055683308e+04
2.380097562029100663e+04
2.313065360710008099e+04
2.200263553310294083e+04
2.429313035261306504e+04
2.295984309478261275e+04
2.395937212252731479e+04
2.231997404966954127e+04
2.266985800334703163e+04
2.329757091493197004e+04
2.228016164376892266e+04
2.209359627379290760e+04
2.146792203268522280e+04
2.249269985386500412e+04
2.204654389383226589e+04
2.401661716283032729e+04
2.273598613530233706e+04
2.313462075118625944e+04
2.291944433455898616e+04
2.371333831424357049e+04
2.413040452830065260e+04
2.251869387472602830e+04
2.248351184323515918e+04
2.178776007989911886e+04
2.169191414764162619e+04
2.359936530509841032e+04
2.304279834482220394e+04
2.231181036058889731e+04
2.229939756134009440e+04
2.408401514256414885e+04
2.355362592329210020e+04
2.276486029215100643e+04
2.351029954886243286e+04
2.310442672611529633e+04
2.370892784491785642e+04
1.960936763240553410e+04
2.245836294167113374e+04
2.408027750342777290e+04
2.377135557743010213e+04
2.141533991566020632e+04
2.258376934366603746e+04
2.247283349203239050e+04
2.424348960149362392e+04
2.201951507866793327e+04
2.212226118587126621e+04
2.341465628671272862e+04
2.228562036432326204e+04
2.237923517977337542e+04
2.409915437613552422e+04
2.383225314733506457e+04
2.248801042537731701e+04
2.248282229302697669e+04
2.228142718771779255e+04
2.271003738274079660e+04
2.278987716355441444e+04
2.314505212765004399e+04
2.374542239078036073e+04
2.328655495835871989e+04
2.371232256815252549e+04
2.162687764337298722e+04
2.350513915285657276e+04
2.379797586556396709e+04
2.302920466597183986e+04
2.394892649830647861e+04
2.199038540855029350e+04
2.242379522610670028e+04
2.394668049169159713e+04
2.264992780759991729e+04
2.348664906989508745e+04
2.216070124401328576e+04
2.291420285480878010e+04
2.411813823712563681e+04
2.313044484311231281e+04
2.416203555389436588e+04
2.213539664654220542e+04
2.160857037558483717e+04
2.228161610223886237e+04
2.254508422061311649e+04
2.207342732577087008e+04
2.229135016457525126e+04
2.282311079499553307e+04
2.230952691934549148e+04
2.240917864687084511e+04
2.320131604921344842e+04
2.307239958176879372e+04
2.325269994522344496e+04
2.237923517977337542e+04
2.408119556617498529e+04
2.281831157057206656e+04
2.259593774587244116e+04
2.402758756844700110e+04
2.126468895595848880e+04
2.273145040691736358e+04
2.216011979492341561e+04
2.187038733429563217e+04
2.323543767818009292e+04
2.305358325017155585e+04
2.320067050677305451e+04
2.269525072938152152e+04
2.243593126290652071e+04
2.249850892952640061e+04
2.414166035470870338e+04
2.307155639182444429e+04
2.294904948282012629e+04
2.098696829135889129e+04
2.273472630474210018e+04
2.409875856781602488e+04
2.268249139335576183e+04
2.186359970917762257e+04
2.285178032316279496e+04
2.426252882072710418e+04
2.334665625617793194e+04
2.270309949150572356e+04
2.000054134579679157e+04
2.183655844269859153e+04
2.379020200224176733e+04
2.288725362567531192e+04
2.243313420824008062e+04
2.394402629793212691e+04
2.300610596106486264e+04
2.324461921690674717e+04
2.212264370880450588e+04
2.416916517763388038e+04
2.140655063644683833e+04
2.085184490349149200e+04
2.387440412449395080e+04
2.258574816155389635e+04
2.372980115966995072e+04
2.215078160578179450e+04
2.422766491749458146e+04
2.327325243687506372e+04
2.116565745322672956e+04
2.260392379097910816e+04
2.249472924682109078e+04
2.210925308875461997e+04
2.409222261595580494e+04
2.330135114403218904e+04
2.261778980085248986e+04
2.202083756596971580e+04
2.315256383486775667e+04
2.403048393708101867e+04
2.268835633758844779e+04
2.294904948282012629e+04
2.188737522859081218e+04
2.418368107839153890e+04
2.377135557743010213e+04
2.404042681524610089e+04
2.377632569484208943e+04
2.306287189663486060e+04
2.241967551095616727e+04
2.303222212498149747e+04
2.355218219026264342e+04
2.210443941436868408e+04
2.377004887083158610e+04
2.251522105925661890e+04
2.247283353947782598e+04
2.233421974231571949e+04
2.340713269509985548e+04
2.356357860915942729e+04
2.192124924439078313e+04
2.351658709946032832e+04
2.248315074077943063e+04
2.413055041249230999e+04
2.317658776929789747e+04
2.249563774145807474e+04
2.230566281601183073e+04
2.323212154220402590e+04
2.258430084685184192e+04
2.326773901114165346e+04
2.255624246760762253e+04
2.143959700014611008e+04
2.283013609014217582e+04
2.416185392672118542e+04
2.240129899178380583e+04
2.376206034114643262e+04
2.407376875815302628e+04
2.433409248985791783e+04
2.187756029289376966e+04
1.989724478711470874e+04
2.418879431726795883e+04
2.269618717234331416e+04
2.371087691276305122e+04
2.368730765828425501e+04
2.183675458276060090e+04
2.110362003971938975e+04
2.371259294750322442e+04
2.367057698747978429e+04
2.399142221472942401e+04
2.418564394756610272e+04
2.373567964070297239e+04
2.232193349704518914e+04
2.188627039833781964e+04
2.342032526720563328e+04
2.357083009317807955e+04
2.146792203268522280e+04
2.430914975067894920e+04
2.282691163343422522e+04
2.202031820823915405e+04
2.201394701729870940e+04
2.200172513600584716e+04
2.425687700562931423e+04
2.316903562640192831e+04
2.410852756628744464e+04
2.256837295004270709e+04
2.006323920146272576e+04
2.275281869090948021e+04
2.394175015213029474e+04
2.287702219527565831e+04
2.187728517583646681e+04
2.406346655671214103e+04
2.418180000591403223e+04
2.235497751015575705e+04
2.384055978132271775e+04
2.320836779793752430e+04
2.375717292315910890e+04
2.200653783730982104e+04
2.306127087698571268e+04
2.228617792836812441e+04
2.343950800094384613e+04
2.337537468486365833e+04
2.207293329397995694e+04
2.356157543002933380e+04
2.308239117214564976e+04
2.420541811156174663e+04
2.374537055623398555e+04
2.263108951659734885e+04
2.232609051732521402e+04
2.247058059554654028e+04
2.336188895327620776e+04
2.304325316903107887e+04
2.222460499454505771e+04
2.389031815120245665e+04
2.190865982350190097e+04
2.240979495549433341e+04
2.142875732896917179e+04
2.264899697060928884e+04
2.204817007990734783e+04
2.119213285676644227e+04
2.351834992027123371e+04
2.143919336110768927e+04
2.308493366550759674e+04
1.960936763240553410e+04
2.325409650569258156e+04
2.293708996544475303e+04
2.212319825881006909e+04
2.365940667516881149e+04
2.323067036960998303e+04
2.252004847290138059e+04
2.282921098879253623e+04
2.385792254565370240e+04
2.253694349005574986e+04
2.410329944602810065e+04
2.170415763029002846e+04
2.224054259739786721e+04
2.259936419419322920e+04
2.312270325425206101e+04
2.235661790566873242e+04
2.266929087380359852e+04
2.199739428750049774e+04
2.412876045249615345e+04
2.009120057491930493e+04
2.276486029215100643e+04
2.216149595162287005e+04
2.309143313794591813e+04
2.380695654119132087e+04
2.321254930398441138e+04
2.376778796424827669e+04
2.301458379946458808e+04
2.185317817737693258e+04
2.222035088862595876e+04
2.260368775659603853e+04
2.214779730152259799e+04
2.110822624641107177e+04
2.301935023150614506e+04
2.355398887285717865e+04
2.243665444074867992e+04
2.281531900432009206e+04
2.318116543511590498e+04
2.183955357330829065e+04
2.418058251859706434e+04
2.157616450309307038e+04
2.331739743303291107e+04
2.186838815753051313e+04
2.285327172945475468e+04
2.341039135469853136e+04
2.189485964424656413e+04
2.200231016319652917e+04
2.357052191714582295e+04
2.241676873407044332e+04
2.431076753788407223e+04
2.258246149086299920e+04
2.388289431982059250e+04
2.279133992369806947e+04
2.139859685332645677e+04
2.215610499050449653e+04
2.350925360467017526e+04
2.324440468136487834e+04
2.302624041374499939e+04
2.276078840524383486e+04
2.230397369615285061e+04
2.362416262123908018e+04
2.198368589810874983e+04
2.182267194986968389e+04
2.214938300421934764e+04
2.388942007604135506e+04
2.150262095685867098e+04
2.227091266764976899e+04
2.222582157622462910e+04
2.287152010132836585e+04
2.063104589632833085e+04
2.200405764479642676e+04
2.234131067543820609e+04
2.327839077679752882e+04
2.244006011204621973e+04
2.259436461011166466e+04
2.364017326870630131e+04
2.360142819116586179e+04
2.307304011234756399e+04
2.335653591846872587e+04
2.274491253764071007e+04
2.416826366825677906e+04
2.419445122669641569e+04
2.245099198586991770e+04
2.253887253840757330e+04
2.424971300535925548e+04
2.345645105301315198e+04
2.297049000196359339e+04
2.399779127779090049e+04
2.190876058853597351e+04
2.349029822907964990e+04
2.195376097099334584e+04
2.283536263554061952e+04
2.264459330297367342e+04
2.248494545151095735e+04
2.197035354308934257e+04
2.308543640272954144e+04
2.307737984925400087e+04
2.261344020442586407e+04
2.185940487432745795e+04
2.390411361287446198e+04
2.413189744264883848e+04
2.425203116448513538e+04
2.197633610179087918e+04
2.283113472531812295e+04
2.381699456665357502e+04
2.382375083148451449e+04
2.202360378958964066e+04
2.331690140633820192e+04
2.301763056929511004e+04
2.361016380532638505e+04
2.254178213943095398e+04
2.000633124511518690e+04
2.362261184578526445e+04
2.342111589184204058e+04
2.184795545399288312e+04
2.177656227798330292e+04
2.275098501455433870e+04
2.270451501043968892e+04
2.359256996794559018e+04
2.368809746052815535e+04
2.428031874979104396e+04
2.232065453004845040e+04
2.410514262341788344e+04
2.305250077315662929e+04
2.140393320061676422e+04
2.357102593506965059e+04
2.311778262631533653e+04
2.245765565886908007e+04
2.420012866711759489e+04
2.214219895202846601e+04
1.946983575758052029e+04
2.188293642394937342e+04
2.364970478069383898e+04
2.386215543640934993e+04
2.282400491668627001e+04
2.317072534003205510e+04
2.217500248672776070e+04
2.346515292011280690e+04
2.260426167326662107e+04
2.355533550551583903e+04
1.979763960414403118e+04
2.234537873286230024e+04
2.360687771337281811e+04
2.281747917742260688e+04
2.427017098437835011e+04
2.263304310324321705e+04
2.205949068290739888e+04
2.225770141266345672e+04
2.203144845399124097e+04
2.360208041554080410e+04
2.326138460865132947e+04
2.236575030262179644e+04
1.990043371005560766e+04
2.357171702114542495e+04
2.382002460777468877e+04
2.307677773480216274e+04
2.263368701426494226e+04
2.160145894517472698e+04
2.256459843816322973e+04
2.361936150592459671e+04
2.330287656984739442e+04
2.217445161465397541e+04
2.425903372862719698e+04
2.254170327569840447e+04
2.329529289536180659e+04
2.292826639167360190e+04
2.304155400448512955e+04
2.404584141543047372e+04
1.989724478711470874e+04
2.243526022783270673e+04
2.397763371326786364e+04
2.270027224468404165e+04
2.206844268637276036e+04
1.953431993090046308e+04
2.350114334998899722e+04
2.262584607711284480e+04
2.236705092390045684e+04
2.255126469185845417e+04
2.232286142528560595e+04
2.226200658508164634e+04
2.341375424899431528e+04
2.426092188019518289e+04
2.384556198244179541e+04
2.319284287840875186e+04
2.181780539276546915e+04
2.286203676777908186e+04
2.368730765828425501e+04
2.199131974700215505e+04
2.415084652421538703e+04
2.260813156605727636e+04
2.302202594769368443e+04
2.187885585078163422e+04
2.215652527490723151e+04
2.114390057895484642e+04
2.269937513394995040e+04
2.241264658799906465e+04
2.315125355955984560e+04
2.258574816155389635e+04
2.280373914974520812e+04
2.195928588330855928e+04
2.181755842889833730e+04
2.269914094014192233e+04
2.314850392269433723e+04
2.339862269093828218e+04
2.221766621462025432e+04
2.283447413953879004e+04
2.406316454874796545e+04
2.285149084253987530e+04
2.400139189413551867e+04
2.356602381566647819e+04
2.341754825942050957e+04
2.429738763524885508e+04
2.176328162093214632e+04
1.993978933516676625e+04
2.313704360739433105e+04
2.306519489554474421e+04
2.361067666200216263e+04
2.388918011477090840e+04
2.426066355693072546e+04
2.344802271924536399e+04
2.211262415936129401e+04
2.253783193050300906e+04
2.344204070605164452e+04
2.221374983613919903e+04
2.286511071410141449e+04
2.406316454874796545e+04
2.382895947708219319e+04
2.224113200275377312e+04
2.317158441413388209e+04
2.219625649687555415e+04
2.339137693727182341e+04
2.248251052031811196e+04
2.319538874928255973e+04
2.252389824039999075e+04
2.373954494724853066e+04
2.277229608433561953e+04
2.416185392672118542e+04
2.398321749204345542e+04
2.390587277096143225e+04
2.263423793989327896e+04
2.336677216094284813e+04
2.426251829222248853e+04
2.202007738987377161e+04
2.427440764367604061e+04
2.422210351629746219e+04
2.410378726180688682e+04
2.003147322958637233e+04
2.252647499112054720e+04
2.375962231619839440e+04
2.216332033650647645e+04
2.181116606795200278e+04
2.432412259491766963e+04
2.243848810799843704e+04
2.392619726285439901e+04
2.275107741900034307e+04
2.400192442310068873e+04
2.258465208623011858e+04
2.220160533084104100e+04
2.383292980157004422e+04
2.308120696587958446e+04
2.350897861590035609e+04
1.879680476714142060e+04
2.194360951754883718e+04
2.311730125447726459e+04
2.361755506222943950e+04
2.047931963102814188e+04
2.247843988038233874e+04
2.254250686700623191e+04
2.235582417005076786e+04
2.194637429798173980e+04
2.203214124092340717e+04
2.289775446401196677e+04
2.329128058073043212e+04
2.334040837335112519e+04
2.279211553705459301e+04
2.241828644966032516e+04
2.350526024041523851e+04
2.101204523537666682e+04
2.383368609479834777e+04
2.405389502924388944e+04
2.370119792704580323e+04
2.012904620645910109e+04
2.396374541731011050e+04
2.362016079437202279e+04
2.296112954050202461e+04
2.373305054019690579e+04
2.196189910445471469e+04
2.420708187072900182e+04
2.337976681525238018e+04
2.276593233644847714e+04
2.403051331497024148e+04
2.377400194916223336e+04
2.371674087056885764e+04
2.409868970824281496e+04
2.413055041249230999e+04
2.190151519901815846e+04
2.287337105767604589e+04
2.427912181865992898e+04
2.209311765169032151e+04
2.284695196194068558e+04
2.395833628244930878e+04
2.431643137686106638e+04
2.274637937779285858e+04
2.424040221769420896e+04
2.263919961002651326e+04
2.332624278360377139e+04
2.202838806869017935e+04
2.211417849767168809e+04
2.249811065157875419e+04
2.291265519637553734e+04
2.198725697497461442e+04
2.198439692963613925e+04
2.339157956897187250e+04
2.178838986118647881e+04
2.252270632244346416e+04
2.202143869522199020e+04
2.268494136319834797e+04
2.367031661043795975e+04
2.350165505141869289e+04
2.303222212498149747e+04
2.374988649254676056e+04
2.217787603761725768e+04
2.146792203268522280e+04
2.243070550120811095e+04
2.321647644125452280e+04
2.215574174776662403e+04
2.224373286704906423e+04
2.312579481486143777e+04
2.429462476041625268e+04
2.085775288917227590e+04
2.419289534205792370e+04
2.302246777836872207e+04
2.315012636875524549e+04
2.334531397439642387e+04
1.920126575566509928e+04
2.336364330919207714e+04
2.265996513890547430e+04
2.276994762309367434e+04
2.308294594883879108e+04
2.202852877307331801e+04
2.337208163008381598e+04
2.217341883759006305e+04
2.305092285240446654e+04
2.281326099723886000e+04
2.244807379823870724e+04
2.394245240999968519e+04
2.223666953727946020e+04
2.178950743664069159e+04
2.343374856489371814e+04
2.261072905534935853e+04
2.191409452054315625e+04
2.405267409617162775e+04
2.358916975567955888e+04
2.317892042723381019e+04
2.338439474820774194e+04
2.226056371669174405e+04
2.206438697625811255e+04
2.196471525898522304e+04
2.226466623675230585e+04
2.175610909158097638e+04
2.295462000909335256e+04
2.286976537452301272e+04
2.406426298686512746e+04
2.406940890234593098e+04
2.322685647730252094e+04
2.196189910445471469e+04
2.379133764208712455e+04
2.355774085056686090e+04
2.315466089658280180e+04
2.231583191548488685e+04
2.035048286445307167e+04
2.195723940180484715e+04
2.365425725093542860e+04
2.184725438938425941e+04
1.861354770959070083e+04
2.412061125594703481e+04
2.428559896187802588e+04
2.376719047342010526e+04
2.398653670457541375e+04
2.333135837764101234e+04
2.310068226415210302e+04
2.299525151263362568e+04
2.288371093328960342e+04
2.306697467004115970e+04
2.378614297386245744e+04
2.312085482620052790e+04
2.353871546926638621e+04
2.311346224973321659e+04
2.295320990456499931e+04
2.353887475134546912e+04
2.260537755470363118e+04
2.209067187523384928e+04
2.325271743735020573e+04
2.300709897802561318e+04
2.396115286674847812e+04
2.223604399197721796e+04
2.379868833402593009e+04
2.215134640740130635e+04
2.268718522255103744e+04
2.350739378146071613e+04
2.356091791072011983e+04
2.264396540278952671e+04
2.196181127719624783e+04
2.242114037709414697e+04
2.425924011999690993e+04
2.290019468540599701e+04
2.228880534240857378e+04
2.283317489237175687e+04
2.171459087763869684e+04
2.227511860455002534e+04
2.380261480889110680e+04
2.363752631066560571e+04
2.242860314611145077e+04
2.334867990866656692e+04
2.396289975643634170e+04
2.185153726345442192e+04
2.350667531615771804e+04
2.257686150760621240e+04
2.203931724813986148e+04
2.327062621710668100e+04
2.419100269645718436e+04
2.414150771545021780e+04
2.259641908074353705e+04
2.282763695700177050e+04
2.183999482112313854e+04
2.026058531678510553e+04
2.210121577514983073e+04
2.237026512468713918e+04
2.222517418138875291e+04
2.366269476695380945e+04
2.300213378024092162e+04
2.332174014561220611e+04
2.309340825987246717e+04
2.414627038286617972e+04
1.969231861347927043e+04
2.265554262280550029e+04
1.867596687704477881e+04
2.310133927842921548e+04
2.254612886861269726e+04
2.366335920646252998e+04
2.270463653590597096e+04
2.360034972495174952e+04
2.432397195686835039e+04
2.244076732185266883e+04
2.251547696293986883e+04
2.363622000119242875e+04
2.189638942383062385e+04
2.308908307651172072e+04
2.376375131358698491e+04
2.426388367996106172e+04
2.359046386742767572e+04
2.256269204611472378e+04
2.417174275949045114e+04
2.408531974084077228e+04
2.106290586367470678e+04
2.371343781134831079e+04
2.373194467312789129e+04
2.220160533084104100e+04
2.279845358966585627e+04
2.275252991786737766e+04
2.399818864797286369e+04
2.318386423403223307e+04
2.356209814732089217e+04
2.404851524995749060e+04
2.278754563619758119e+04
1.862288717123752940e+04
2.227314616017054141e+04
2.371383542652006872e+04
2.251574003711192927e+04
2.429191828041679037e+04
2.222008516842349491e+04
2.258276068395512630e+04
2.315325312049178683e+04
2.390871418128271034e+04
1.911976416019937460e+04
2.273952082606318436e+04
2.233000043223256216e+04
2.206818510717985555e+04
2.054438153126592078e+04
2.143292363340078373e+04
1.947783955110295938e+04
2.251574003711192927e+04
2.225645043819052808e+04
2.199372951758464114e+04
2.186977321841019148e+04
2.310448806916099420e+04
2.217408235877155312e+04
2.213895786026128189e+04
2.171426706404790457e+04
2.322066124605044752e+04
2.382453428204534430e+04
2.416826366825677906e+04
2.386095381870080746e+04
2.397120649908191626e+04
2.189416243948662304e+04
2.174243659170778847e+04
2.272303381235440611e+04
2.300973495487443870e+04
2.418701267121317142e+04
