1.547206172056675496e+04
1.537749800938096632e+04
1.550445742579508988e+04
1.472535009198515763e+04
1.551769153340350749e+04
1.528605088372799037e+04
1.391840746568103350e+04
1.545130600092776513e+04
1.471304644668971014e+04
1.469305112410285619e+04
1.544512515575428188e+04
1.557150911300635926e+04
1.540536875906210844e+04
1.523937264700922969e+04
1.530342120642264490e+04
1.525177347403881140e+04
1.548125302701021064e+04
1.479966924775149528e+04
1.536620071436666149e+04
1.460275042291734826e+04
1.545223087951854541e+04
1.472535009198515763e+04
1.391840746568103350e+04
1.558268989978411082e+04
1.555979022313394671e+04
1.525587733958003446e+04
1.547955951457061019e+04
1.534006297519812688e+04
1.530554823722414221e+04
1.553035091242190902e+04
1.544949382288046036e+04
1.541753787447480499e+04
1.472535009198515763e+04
1.491652673420751307e+04
1.543788085771922670e+04
1.391840746568103350e+04
1.550860869244514834e+04
1.553035091242190902e+04
1.554765487035327533e+04
1.530342120642264490e+04
1.544122322092257127e+04
1.554733807603214700e+04
1.540114620451332121e+04
1.545354488333872177e+04
1.543911959729728733e+04
1.472535009198515763e+04
1.518401632475760925e+04
1.391840746568103350e+04
1.545349912722834233e+04
1.554802999590595755e+04
1.472535009198515763e+04
1.462019251072337647e+04
1.510411078401051418e+04
1.391840746568103350e+04
1.536836937739608584e+04
1.539787036497347617e+04
1.515141541416199470e+04
1.553035091242190902e+04
1.544341882877825810e+04
1.551423750343995562e+04
1.548417717453841942e+04
1.472535009198515763e+04
1.552090385649159907e+04
1.551728081989945167e+04
1.391840746568103350e+04
1.545779500592312979e+04
1.556366903046437073e+04
1.533845098394335218e+04
1.536677857656340530e+04
1.530342120642264490e+04
1.552047900715973628e+04
1.557468186297426291e+04
1.391840746568103350e+04
1.544452763635666270e+04
1.534231370068426804e+04
1.555117099169440189e+04
1.534477774010324720e+04
1.546812338356767759e+04
1.460275042291734826e+04
1.556588385470207504e+04
1.555872135556149988e+04
1.544041377978677338e+04
1.391840746568103350e+04
1.530307724132052317e+04
1.528878501236175725e+04
1.556338071931685408e+04
1.526569549336037198e+04
1.550595871574661396e+04
1.553035091242190902e+04
1.544975038827522803e+04
1.535759404064012779e+04
1.538877124064091186e+04
1.551905342707873933e+04
1.535111151925917875e+04
1.469305112410285619e+04
1.551110663664532149e+04
1.553035091242190902e+04
1.532029555912651813e+04
1.530342120642264490e+04
1.524178603673032376e+04
1.539700931379531721e+04
1.532371205253236803e+04
1.490531092261269805e+04
1.391840746568103350e+04
1.552968524074377819e+04
1.553035091242190902e+04
1.530342120642264490e+04
1.545402968640708968e+04
1.529787755205836220e+04
1.550836476907749602e+04
1.553967364521482341e+04
1.372431459124477988e+04
1.472535009198515763e+04
1.556239023059094689e+04
1.550802733339931365e+04
1.557442206985010489e+04
1.536360598886932712e+04
1.557700817547635415e+04
1.554109946398894681e+04
1.553035091242190902e+04
1.545027552228615241e+04
1.526303183425081625e+04
1.391840746568103350e+04
1.548578930306821167e+04
1.553722316681692973e+04
1.536121613894980328e+04
1.528313382625595659e+04
1.547473352400158001e+04
1.547284803981648110e+04
1.530342120642264490e+04
1.527172231865817230e+04
1.525266289162916291e+04
1.555406082562681149e+04
1.391840746568103350e+04
1.546989305334605160e+04
1.546773841492456631e+04
1.532524917972990806e+04
1.555057343208627208e+04
1.530342120642264490e+04
1.509168978421622887e+04
1.558361633956576043e+04
1.536717808007605709e+04
1.554484109615198759e+04
1.391840746568103350e+04
1.553035091242190902e+04
1.479966924775149528e+04
1.460275042291734826e+04
1.549427482044626049e+04
1.557034148104009364e+04
1.459457073561547077e+04
1.535697328850299164e+04
1.535877653433511114e+04
1.525519219061116928e+04
1.412167991512245499e+04
1.547576610957956291e+04
1.557131126826779291e+04
1.472535009198515763e+04
1.550018950377270812e+04
1.391840746568103350e+04
1.192386475088122825e+04
1.550038125846862567e+04
1.554068994262046181e+04
1.520554954075802016e+04
1.558241527472775306e+04
1.541274104615097167e+04
1.558026550237443371e+04
1.472535009198515763e+04
1.391840746568103350e+04
1.552453699248097655e+04
1.558232094973945277e+04
1.544201608931500778e+04
1.557196587556229497e+04
1.518082437473668688e+04
1.542173259559753569e+04
1.528604024472909805e+04
1.553035091242190902e+04
1.542636904919636800e+04
1.524595788138426178e+04
1.530342120642264490e+04
1.554312904582086594e+04
1.472535009198515763e+04
1.546438908055810680e+04
1.552018876571574765e+04
1.391840746568103350e+04
1.510263754559701374e+04
1.530342120642264490e+04
1.547769825644498451e+04
1.540655717367869329e+04
1.558304361008521664e+04
1.553828144402132421e+04
1.530027272059488314e+04
1.557735293537913822e+04
1.472535009198515763e+04
1.514209943787018165e+04
1.521842944297451322e+04
1.556605797300763516e+04
1.530448756329607568e+04
1.391840746568103350e+04
1.542236036025246904e+04
1.439874639623559415e+04
1.521799744334903880e+04
1.472535009198515763e+04
1.551838804539768898e+04
1.557091757456396772e+04
1.391840746568103350e+04
1.543803410787802022e+04
1.538766290730064065e+04
1.536252178739921874e+04
1.318770795355221162e+04
1.557830959080365574e+04
1.464702270010090433e+04
1.545980893702203321e+04
1.472535009198515763e+04
1.554624542370312156e+04
1.546566137729711591e+04
1.535543987951223062e+04
1.535983408476768636e+04
1.541745045696347006e+04
1.544411514182997780e+04
1.543650227097933566e+04
1.532916548379399683e+04
1.540122639761991559e+04
1.472535009198515763e+04
1.521857756555876585e+04
1.553035091242190902e+04
1.550860156562266820e+04
1.549178585744115298e+04
1.548678388798239394e+04
1.540042953658603074e+04
1.551577763960751872e+04
1.555744629626736423e+04
1.547246642945525127e+04
1.551598473420015762e+04
1.491652673420751307e+04
1.511854142736819813e+04
1.391840746568103350e+04
1.558080891371397593e+04
1.524561499372877370e+04
1.545022523626887414e+04
1.536519929064178177e+04
1.522469290774882757e+04
1.538469423701132655e+04
1.478015181137893887e+04
1.557003173007078294e+04
1.398220129372116571e+04
1.553035091242190902e+04
1.530342120642264490e+04
1.539376998050479051e+04
1.539073463990419805e+04
1.538219970910687698e+04
1.538899521081531930e+04
1.547886156277658847e+04
1.552222579969722392e+04
1.554771446042064781e+04
1.472535009198515763e+04
1.375553125016815829e+04
1.554984306360645496e+04
1.548764226659852829e+04
1.555680568399120602e+04
1.546623585360272773e+04
1.520763546857360416e+04
1.391840746568103350e+04
1.192386475088122825e+04
1.549005577438380715e+04
1.557162278414352841e+04
1.457574439338148477e+04
1.544319376051827749e+04
1.552882826303412730e+04
1.548939888423727643e+04
1.445674499610177918e+04
1.532490332248690174e+04
1.461379872517591684e+04
1.543595100939672921e+04
1.550427660113924139e+04
1.391840746568103350e+04
1.541208663437952782e+04
1.527565717810454407e+04
1.558429759286428089e+04
1.433651293826902292e+04
1.530342120642264490e+04
1.552758477090659289e+04
1.472535009198515763e+04
1.548979688538157643e+04
1.554818104861064421e+04
1.538337380268991910e+04
1.551773836668342301e+04
1.391840746568103350e+04
1.192386475088122825e+04
1.516456648214135203e+04
1.479541977930930079e+04
1.472535009198515763e+04
1.555942172565581859e+04
1.391840746568103350e+04
1.508603454034161041e+04
1.555252902791786983e+04
1.548356171940270178e+04
1.553035091242190902e+04
1.530342120642264490e+04
1.550575545067791609e+04
1.535917575359501643e+04
1.528548855085942705e+04
1.553035091242190902e+04
1.533483875599691237e+04
1.530342120642264490e+04
1.416118335989238039e+04
1.528937066348627559e+04
1.537191345493353765e+04
1.459457073561547077e+04
1.477311993977364546e+04
1.556654790400217098e+04
1.548496817463412481e+04
1.552011503241201535e+04
1.557877292864032279e+04
1.391840746568103350e+04
1.553637783308197140e+04
1.547693554463466171e+04
1.553035091242190902e+04
1.551722807646684305e+04
1.547390644004345450e+04
1.538697094192649274e+04
1.533718176760328060e+04
1.554666897209158014e+04
1.519437517052998192e+04
1.553035091242190902e+04
1.433651293826902292e+04
1.548563564862915155e+04
1.530342120642264490e+04
1.545662858544508163e+04
1.479966924775149528e+04
1.460275042291734826e+04
1.555902637618066547e+04
1.533270271791290179e+04
1.554073921516245719e+04
1.538931546655448255e+04
1.530996495138135651e+04
1.391840746568103350e+04
1.540415008216327442e+04
1.553035091242190902e+04
1.491799887869569102e+04
1.542759116386099413e+04
1.543352223780581153e+04
1.543795225972750450e+04
1.192386475088122825e+04
1.529325714061561303e+04
1.519023507212697768e+04
1.545671653927761145e+04
1.542586562348722509e+04
1.530342120642264490e+04
1.542883720362060194e+04
1.528253841272887257e+04
1.519774017583755813e+04
1.554055249538813769e+04
1.548653749337971021e+04
1.375553125016815829e+04
1.391840746568103350e+04
1.554809556959844122e+04
1.547808096424433097e+04
1.525540669994651944e+04
1.545693400072769509e+04
1.553035091242190902e+04
1.551484530706246369e+04
1.540062678393890019e+04
1.391840746568103350e+04
1.526420885383211498e+04
1.556808375341273313e+04
1.551099166704606432e+04
1.556938517763569689e+04
1.554932842538973637e+04
1.550901724239097712e+04
1.547364392701394900e+04
1.550523324399343801e+04
1.554871898716767646e+04
1.554458049551560362e+04
1.548581635597621789e+04
1.556902029281357136e+04
1.545423409085101594e+04
1.549949986096374232e+04
1.553035091242190902e+04
1.526027352498708024e+04
1.544658116512317793e+04
1.531422085026756395e+04
1.552357319133506826e+04
1.551843169913700331e+04
1.555322098137109424e+04
1.548803263721803341e+04
1.472535009198515763e+04
1.534103607240745077e+04
1.557115953979626283e+04
1.391840746568103350e+04
1.548380847882834496e+04
1.557507843303592017e+04
1.522903958815134683e+04
1.545020994523322952e+04
1.557414428787447650e+04
1.472535009198515763e+04
1.375553125016815829e+04
1.551565573412585218e+04
1.557928625332214324e+04
1.553035091242190902e+04
1.419656516514786745e+04
1.540747201958469122e+04
1.546367423806776605e+04
1.557940086740846164e+04
1.472535009198515763e+04
1.531807463453406308e+04
1.557873641152617347e+04
1.549879084219718970e+04
1.557737206084722493e+04
1.553063229627834698e+04
1.556770028436535904e+04
1.472535009198515763e+04
1.548020476941202287e+04
1.551123900401732499e+04
1.391840746568103350e+04
1.547569550891867584e+04
1.555368186987704212e+04
1.540196828204751910e+04
1.553035091242190902e+04
1.548646739757657815e+04
1.540064373376294498e+04
1.548324845110571550e+04
1.557519654382615954e+04
1.472535009198515763e+04
1.514805637203908918e+04
1.557371200395125015e+04
1.556450184041451939e+04
1.542173822218840724e+04
1.553035091242190902e+04
1.545671653927761145e+04
1.557043729856845857e+04
1.547919781960931323e+04
1.472535009198515763e+04
1.391840746568103350e+04
1.192386475088122825e+04
1.547835110973430710e+04
1.553035091242190902e+04
1.550898367936412251e+04
1.522023969955590292e+04
1.539089317631178164e+04
1.514570199967067492e+04
1.556365720071631586e+04
1.542757048438672064e+04
1.472535009198515763e+04
1.548956063543766322e+04
1.391840746568103350e+04
1.552280442985161244e+04
1.545000834173072872e+04
1.465627952240429113e+04
1.553035091242190902e+04
1.536099825908112143e+04
1.499855914316111375e+04
1.557907331947143393e+04
1.523792062493812591e+04
1.526427567038832603e+04
1.472535009198515763e+04
1.373785150099419661e+04
1.545515699140957258e+04
1.552653294303084658e+04
1.531283621371941808e+04
1.554725388087306965e+04
1.550829044874290594e+04
1.555953900228473503e+04
1.555104314895632706e+04
1.391840746568103350e+04
1.545494348618816548e+04
1.555075759977456619e+04
1.558319652076208331e+04
1.553035091242190902e+04
1.537379631042292385e+04
1.552972169378103354e+04
1.547974512344503819e+04
1.472535009198515763e+04
1.375553125016815829e+04
1.553307402548133177e+04
1.391840746568103350e+04
1.540279388877671954e+04
1.553035091242190902e+04
1.530342120642264490e+04
1.516537455719952231e+04
1.538578644432945657e+04
1.541450687557775746e+04
1.472535009198515763e+04
1.557519779724093678e+04
1.391840746568103350e+04
1.553681544809398110e+04
1.524503608071596682e+04
1.548373848186182477e+04
1.557702800280319752e+04
1.538058544054942831e+04
1.556485753941793155e+04
1.472535009198515763e+04
1.518671322707882973e+04
1.375553125016815829e+04
1.527468272329190768e+04
1.391840746568103350e+04
1.554029542604952439e+04
1.551746490069870924e+04
1.527799172848602211e+04
1.543947560896456162e+04
1.553035091242190902e+04
1.545416568443772303e+04
1.453209527066581541e+04
1.540848243294845997e+04
1.558229316045125597e+04
1.553035091242190902e+04
1.554932940584715288e+04
1.432055868091051525e+04
1.530342120642264490e+04
1.545309872474943222e+04
1.523057354116744500e+04
1.488305811322787849e+04
1.553028301649064815e+04
1.536851551030421433e+04
1.472535009198515763e+04
1.543883401551923816e+04
1.469305112410285619e+04
1.553035091242190902e+04
1.556880172708344617e+04
1.543693318942706173e+04
1.543266488799016042e+04
1.540472542075323327e+04
1.535969301335176533e+04
1.472535009198515763e+04
1.373785150099419661e+04
1.391840746568103350e+04
1.551887006321724402e+04
1.530584283567386774e+04
1.519310392472170861e+04
1.543016681282268655e+04
1.551902354292211749e+04
1.555982405461898452e+04
1.550427660113924139e+04
1.546513518491526156e+04
1.391840746568103350e+04
1.534467133837726215e+04
1.530342120642264490e+04
1.492306474359693675e+04
1.553354851515667178e+04
1.557525480017550399e+04
1.532027164783929220e+04
1.551706309869340657e+04
1.472535009198515763e+04
1.548386274848236462e+04
1.540646569733420620e+04
1.523807336578151262e+04
1.533275666853187067e+04
1.547737004659932791e+04
1.543702727031760332e+04
1.433651293826902292e+04
1.555568878421939371e+04
1.552076350754970554e+04
1.472535009198515763e+04
1.557589232768083639e+04
1.391840746568103350e+04
1.544164498287458264e+04
1.548844177696753286e+04
1.547722954178055807e+04
1.558316402805218604e+04
1.521858398411912458e+04
1.527829912151127246e+04
1.556725182090142152e+04
1.472535009198515763e+04
1.548009250928009533e+04
1.364842846162836940e+04
1.552146014122099950e+04
1.508341365873164978e+04
1.500144516744518296e+04
1.555153242495737686e+04
1.479966924775149528e+04
1.505456378818761004e+04
1.537840008953784309e+04
1.472535009198515763e+04
1.541395307919023799e+04
1.555979022313394671e+04
1.547056369367373554e+04
1.551312342001008255e+04
1.540994345120728576e+04
1.541974767490746672e+04
1.542661414718248670e+04
1.479966924775149528e+04
1.475056757607445434e+04
1.547692732429307580e+04
1.555774644980927405e+04
1.545279862510882595e+04
1.375553125016815829e+04
1.391840746568103350e+04
1.539164246598192403e+04
1.547204436356228507e+04
1.556970182901074804e+04
1.535143113720646215e+04
1.527086890986378057e+04
1.553258277659885789e+04
1.472535009198515763e+04
1.530844888194763735e+04
1.555284468940109036e+04
1.444665342608376523e+04
1.522625378400254340e+04
1.548849001245417276e+04
1.524294604061681457e+04
1.553035091242190902e+04
1.544066449667442976e+04
1.472535009198515763e+04
1.428260880189352793e+04
1.501347036058134654e+04
1.555756278771704092e+04
1.535348853740558116e+04
1.541623124772609299e+04
1.532072855904978132e+04
1.479966924775149528e+04
1.460275042291734826e+04
1.555157193642875609e+04
1.553313035259971730e+04
1.545638689256460202e+04
1.471676045855747543e+04
1.547639939706462792e+04
1.472535009198515763e+04
1.391840746568103350e+04
1.544180034745392550e+04
1.552884281047487639e+04
1.553035091242190902e+04
1.532771844171890552e+04
1.472535009198515763e+04
1.557335566065028252e+04
1.534485065083173868e+04
1.391840746568103350e+04
1.543112129648833979e+04
1.553035091242190902e+04
1.433651293826902292e+04
1.531643074662352046e+04
1.530342120642264490e+04
1.538390231266098453e+04
1.553279577681989394e+04
1.372431459124477988e+04
1.547256125826038806e+04
1.548397455733886818e+04
1.555906787958526729e+04
1.553035091242190902e+04
1.556174836094290367e+04
1.535816758704093991e+04
1.557092024441285685e+04
1.557967914181442939e+04
1.532569505095519708e+04
1.543951778196586019e+04
1.319142070648630397e+04
1.460025376189377312e+04
1.558387834017124987e+04
1.391840746568103350e+04
1.541660011612054041e+04
1.553255561932265118e+04
1.553035091242190902e+04
1.548666625502427632e+04
1.543879460301419385e+04
1.472535009198515763e+04
1.538254177962651920e+04
1.529478269921850188e+04
1.551656362946354420e+04
1.556287937887613225e+04
1.465855909133032037e+04
1.516282410814973809e+04
1.553035091242190902e+04
1.558175280173476131e+04
1.527565299776035499e+04
1.554217201380617189e+04
1.550870961771828115e+04
1.391840746568103350e+04
1.550940452606118561e+04
1.537583431436942010e+04
1.553035091242190902e+04
1.551530404143115084e+04
1.543261089559846550e+04
1.555613491706301647e+04
1.541576045567660185e+04
1.546988063543956741e+04
1.530671309972818199e+04
1.468381486936280271e+04
1.541559276301116006e+04
1.472535009198515763e+04
1.548157542157071475e+04
1.531954288884348534e+04
1.553035091242190902e+04
1.542399735015598344e+04
1.551536476274763299e+04
1.532919734302745928e+04
1.556925333283701184e+04
1.553035091242190902e+04
1.555385669162984414e+04
1.551571468171844754e+04
1.550866610940973260e+04
1.549873290447049294e+04
1.531770572643341075e+04
1.558400506681206753e+04
1.418606689794114027e+04
1.472535009198515763e+04
1.555188955723040817e+04
1.379960570484800155e+04
1.557162186524380922e+04
1.459615951355962898e+04
1.524388051370981884e+04
1.529893536482261698e+04
1.557266332346159288e+04
1.545576334157252495e+04
1.472535009198515763e+04
1.391840746568103350e+04
1.548916119622612678e+04
1.550932407242437512e+04
1.553035091242190902e+04
1.552705703537683621e+04
1.555765335527776915e+04
1.542362170570054332e+04
1.540691165520699724e+04
1.535697571601149684e+04
1.543046078582977498e+04
1.552957202727706681e+04
1.472535009198515763e+04
1.545123529415436860e+04
1.375553125016815829e+04
1.513883530783208334e+04
1.391840746568103350e+04
1.535671156294677712e+04
1.248912134015756237e+04
1.550514898330751930e+04
1.550193219030159707e+04
1.552057954448073360e+04
1.521781709093502650e+04
1.552536624587978440e+04
1.501347036058134654e+04
1.391840746568103350e+04
1.548745901340537057e+04
1.532154174638656696e+04
1.544824296918967048e+04
1.555506165180024618e+04
1.530585037775992168e+04
1.552933252392212671e+04
1.391840746568103350e+04
1.549978901342652898e+04
1.555608670572207848e+04
1.533160396937358746e+04
1.553657654091519908e+04
1.548971843109550173e+04
1.532570142670336281e+04
1.538250854872403943e+04
1.545010277867010336e+04
1.537339873779517075e+04
1.552565134361092169e+04
1.534425605707408067e+04
1.391840746568103350e+04
1.545060484398966764e+04
1.469305112410285619e+04
1.542089333655573500e+04
1.555059393392295715e+04
1.472535009198515763e+04
1.425715434972859657e+04
1.391840746568103350e+04
1.553035091242190902e+04
1.556489402677743601e+04
1.556060074582753259e+04
1.530342120642264490e+04
1.540883664488993236e+04
1.554856093425797553e+04
1.515089238020059020e+04
1.430276773232804953e+04
1.472535009198515763e+04
1.523888053043605214e+04
1.534918028321894963e+04
1.540991819609563754e+04
1.553035091242190902e+04
1.557981772296213421e+04
1.530342120642264490e+04
1.543190845502764932e+04
1.549791118928552714e+04
1.546984167428754154e+04
1.472535009198515763e+04
1.546259744982843222e+04
1.391840746568103350e+04
1.557605583949000356e+04
1.542879054187240399e+04
1.553035091242190902e+04
1.556249676446528611e+04
1.538889194298522489e+04
1.433651293826902292e+04
1.537362519307617731e+04
1.472535009198515763e+04
1.547605532209662124e+04
1.543084507919277530e+04
1.529322357297294730e+04
1.555632882310288005e+04
1.553035091242190902e+04
1.530342120642264490e+04
1.546074422691901964e+04
1.528203242671755288e+04
1.542344432892502664e+04
1.535910627163929894e+04
1.535697965042958094e+04
1.472535009198515763e+04
1.491652673420751307e+04
1.555899043473017628e+04
1.553035091242190902e+04
1.530342120642264490e+04
1.546696528944255624e+04
1.540591840153444900e+04
1.541932481860301414e+04
1.555935020905842612e+04
1.529311094315566334e+04
1.553174148157625677e+04
1.556444261261428619e+04
1.539936310610431428e+04
1.391840746568103350e+04
1.556704224272812280e+04
1.532344400203406622e+04
1.547998568606064691e+04
1.429850614831966777e+04
1.541809215500723258e+04
1.472535009198515763e+04
1.537202388561699081e+04
1.478543634879171441e+04
1.391840746568103350e+04
1.551776842742173721e+04
1.553035091242190902e+04
1.433651293826902292e+04
1.530342120642264490e+04
1.556183248157367052e+04
1.553313035259971730e+04
1.548328170381973359e+04
1.551563633072233097e+04
1.522392113953715489e+04
1.546944858557766383e+04
1.546129126433952479e+04
1.553558111893839305e+04
1.546840024320263001e+04
1.556408713912946041e+04
1.472535009198515763e+04
1.540878158577003887e+04
1.546782322095184099e+04
1.554961065315496126e+04
1.391840746568103350e+04
1.554454745941827605e+04
1.551125978698461768e+04
1.533170105079985296e+04
1.530342120642264490e+04
1.555129482852016372e+04
1.472535009198515763e+04
1.391840746568103350e+04
1.556079127139923003e+04
1.535505613833698590e+04
1.553198936335929648e+04
1.538664977582748907e+04
1.528372191257051236e+04
1.553464997829642562e+04
1.536873550169781447e+04
1.555853272013461537e+04
1.557984658717783168e+04
1.556363137476224983e+04
1.554034729483026604e+04
1.537830661788761608e+04
1.555578659905397217e+04
1.391840746568103350e+04
1.552236752397702730e+04
1.553035091242190902e+04
1.530342120642264490e+04
1.554012390620226506e+04
1.510850062619006712e+04
1.556059458160059148e+04
1.554896862760527074e+04
1.391840746568103350e+04
1.555380429984134389e+04
1.537733605887997328e+04
1.553035091242190902e+04
1.554940408699353247e+04
1.552712209069505843e+04
1.530342120642264490e+04
1.546546196345378303e+04
1.491652673420751307e+04
1.508192642212796090e+04
1.391840746568103350e+04
1.541733680768879822e+04
1.532426919785536120e+04
1.521074262593360618e+04
1.554954178030655748e+04
1.523377941012374868e+04
1.553035091242190902e+04
1.554699841945662047e+04
1.472535009198515763e+04
1.391840746568103350e+04
1.542236036025246904e+04
1.431613121233451238e+04
1.553035091242190902e+04
1.530342120642264490e+04
1.555920047186238116e+04
1.555223618447149420e+04
1.525928615174002880e+04
1.555506612377712736e+04
1.538534404520447242e+04
1.534215955048675823e+04
1.558196723532354372e+04
1.527198725847019887e+04
1.553408455728385161e+04
1.558328913046266825e+04
1.472535009198515763e+04
1.513332960553244448e+04
1.391840746568103350e+04
1.548602102230757373e+04
1.547769917536754838e+04
1.554403930977288292e+04
1.472535009198515763e+04
1.552656508763732018e+04
1.548152061342731758e+04
1.531653667183489233e+04
1.516577369053338043e+04
1.553035091242190902e+04
1.530342120642264490e+04
1.555721795879278034e+04
1.554058434057808881e+04
1.472535009198515763e+04
1.555213187361586279e+04
1.546225778879120480e+04
1.391840746568103350e+04
1.557997479158449460e+04
1.524227040674312957e+04
1.553035091242190902e+04
1.547722902790530861e+04
1.538533923809916087e+04
1.540239574961125254e+04
1.558086183780962710e+04
1.480585257381693918e+04
1.472535009198515763e+04
1.556547407457755980e+04
1.391840746568103350e+04
1.530034253609498046e+04
1.555677917897309089e+04
1.553035091242190902e+04
1.533846236703591239e+04
1.541998047017347562e+04
1.472535009198515763e+04
1.555345519356102704e+04
1.554455735019051826e+04
1.551284463142970890e+04
1.554854880266817781e+04
1.552602441503872069e+04
1.550497435895931085e+04
1.541130842269203640e+04
1.558447940630513767e+04
1.553321766081826172e+04
1.472535009198515763e+04
1.530633916122896517e+04
1.557230521780764866e+04
1.552018876571574765e+04
1.391840746568103350e+04
1.528844836572368877e+04
1.524503608071596682e+04
1.516807746817091174e+04
1.543469063722979809e+04
1.549331362009066106e+04
1.542841169253651969e+04
1.546214258718415658e+04
1.547367826724240877e+04
1.549992380810562281e+04
1.545635504968168243e+04
1.552046487530630839e+04
1.555797171681412874e+04
1.554875229362928440e+04
1.558370199834993582e+04
1.543724850792125289e+04
1.556212078978788668e+04
1.541417007694219501e+04
1.472535009198515763e+04
1.548934188496067509e+04
1.552435750684247978e+04
1.539462790719702753e+04
1.529925230023421864e+04
1.557284135561352014e+04
1.472535009198515763e+04
1.543359909361790596e+04
1.557452554303632132e+04
1.391840746568103350e+04
1.535626629588370633e+04
1.550291314143436102e+04
1.526151158430164105e+04
1.553035091242190902e+04
1.531822615983041214e+04
1.548215834957858169e+04
1.536480396459328767e+04
1.470986626954584608e+04
1.537552591545096948e+04
1.554775971753701197e+04
1.546259744982843222e+04
1.525817393139143860e+04
1.553035091242190902e+04
1.542362458622799386e+04
1.554650174325354601e+04
1.549326870181708728e+04
1.550038125846862567e+04
1.557313345291348196e+04
1.552220713455769874e+04
1.535304404975883153e+04
1.553035091242190902e+04
1.491799887869569102e+04
1.530342120642264490e+04
1.382251902639226682e+04
1.549199661597539853e+04
1.525562451753045752e+04
