9.227806077953646309e+03
9.311280693266808157e+03
9.402151035630324259e+03
9.307608202692399573e+03
9.293116526151568905e+03
9.402674439833182987e+03
9.234989471572644106e+03
9.381929913724421567e+03
9.391859929966827622e+03
9.350610974173267095e+03
9.357986223633513873e+03
9.395662098952008819e+03
9.335418204842670093e+03
9.390384187880135869e+03
9.387010569735064564e+03
9.211440022928538383e+03
9.316028933280884303e+03
9.364495954971363972e+03
9.209061794706256478e+03
9.182593358301297485e+03
9.305374165570161495e+03
9.310177619230102209e+03
9.369493608612398020e+03
9.239318354923538209e+03
9.250612183536532029e+03
9.182093064724014766e+03
9.398208874722493420e+03
9.384575829504854482e+03
9.275901356865226262e+03
9.258252779600550639e+03
9.392333142876061174e+03
8.992319978829160391e+03
9.391795454202416295e+03
9.351239526568722795e+03
9.246546487927153066e+03
9.361405519484069373e+03
9.378937925902937423e+03
9.267475127027772032e+03
9.308232283163635657e+03
9.308101274209289841e+03
9.342076698018467141e+03
9.348897080786024162e+03
9.382043453302492708e+03
9.371675444605469238e+03
9.293977345924409747e+03
9.339801975382151795e+03
9.393632114724990970e+03
9.159652998946598018e+03
9.385725968925922643e+03
9.399194148503807810e+03
9.345056849002599847e+03
9.299106581512383855e+03
9.224515839423722355e+03
9.336233979336808261e+03
9.353065450549191155e+03
9.307011885931520737e+03
9.398573891071049729e+03
9.373663227991266467e+03
9.325558183170891425e+03
9.333318944231665228e+03
9.263972371851134085e+03
9.320465856990031170e+03
9.381130406602984294e+03
9.358397903247687282e+03
9.366324563249150742e+03
9.369211764386127470e+03
9.251954568640550860e+03
9.239572137872040912e+03
9.393771689384657293e+03
9.316322168181683082e+03
9.359138382297003773e+03
9.203499120848317034e+03
9.367406078304464245e+03
9.391126960862175110e+03
9.390209778462574832e+03
9.351596469696458371e+03
9.240284838958948967e+03
9.317671701809393198e+03
9.346311690564631135e+03
9.368799148116970173e+03
9.319226922030658898e+03
9.372017051212360457e+03
9.386682076488401435e+03
9.274933147002519036e+03
9.175531956723514668e+03
9.383916988427356046e+03
9.391591514491005000e+03
9.297490135660373198e+03
9.380788288652543997e+03
9.323829330064545502e+03
9.342812958918690128e+03
9.307823138701271091e+03
9.231910988278417790e+03
9.311676354964691200e+03
9.380109304668916593e+03
9.367880053008597315e+03
9.343725375767779042e+03
9.375726784268552365e+03
9.347113205611041849e+03
9.289400541266604705e+03
9.070049744230425858e+03
9.346150658278491392e+03
9.222994645792650772e+03
9.179781669211319240e+03
9.382610267632506293e+03
9.402595570550576667e+03
9.301511032691565561e+03
9.399203149748107535e+03
9.212651711563157733e+03
9.373818432039892286e+03
9.351360201942668937e+03
9.375826069180271588e+03
9.394293011328500143e+03
9.256992218670799048e+03
9.386666294149983514e+03
9.155019172820375388e+03
9.390870018459865605e+03
9.388976584372150683e+03
9.373411802126656767e+03
9.184180744264385794e+03
9.368742257213913035e+03
9.344865839371679613e+03
9.224428359405759693e+03
9.226667669971577197e+03
9.068650603954069084e+03
9.376540279788650878e+03
9.157969695972633417e+03
9.394871730147639028e+03
9.259495505553328258e+03
9.271081053416661234e+03
9.203499120848317034e+03
9.252451130610987093e+03
9.389591289688278266e+03
9.343710101913473409e+03
9.374877035168176008e+03
9.393930951374106371e+03
9.253921477295367367e+03
9.385518655931531612e+03
9.317933277556527173e+03
9.373348950647239690e+03
9.250485237631215568e+03
9.380806199499493232e+03
9.280840444236966505e+03
9.376363080054721650e+03
9.380095832772436552e+03
9.284907758391373136e+03
9.393481317057283377e+03
9.370658394556288840e+03
9.395412887838921961e+03
9.288289257043383259e+03
9.375751909731730848e+03
9.380726422102619836e+03
9.370009807715296120e+03
9.324771998591846568e+03
9.354693758171999434e+03
9.372014857391071928e+03
9.350932377959021323e+03
9.025469419281307637e+03
9.378251713031551844e+03
9.308514057018852327e+03
9.302555285236579948e+03
9.232534098555002856e+03
9.399883338668065335e+03
9.368957305858777545e+03
9.354819341087924840e+03
9.366919060788792194e+03
9.351140468576119019e+03
9.266601515851947624e+03
9.383943591462066252e+03
9.380435747143095796e+03
9.383701668011797665e+03
9.336261470731984446e+03
9.301686976236165719e+03
9.277656779353563252e+03
9.399915650725393789e+03
9.294321959300859817e+03
9.277957978606629695e+03
9.290032585884906439e+03
9.275004098343366422e+03
9.252383700104215677e+03
9.347253980914207204e+03
9.400227685633302826e+03
9.400526402065153889e+03
9.302214727810631302e+03
9.357777324123419021e+03
9.349227509594711591e+03
9.304567192773411080e+03
9.340544625039508901e+03
9.315154222590330392e+03
9.380612834848916464e+03
9.215541419792556553e+03
9.385667431309399035e+03
9.373732108414504182e+03
9.246508344309590029e+03
9.380000608363101492e+03
9.394893841990035071e+03
9.147580144607920374e+03
9.127145920731776641e+03
9.290835015189384649e+03
9.321716878365245066e+03
9.388337686509974446e+03
9.260912036793182779e+03
9.399699122763113337e+03
9.355238718832231825e+03
9.355199610627783841e+03
9.398792174567181064e+03
9.372284087797286702e+03
9.378167767615537741e+03
9.330014247289307605e+03
9.384143648436907824e+03
9.231126135884034738e+03
9.331187662196607562e+03
9.394238956215036524e+03
9.177526193893245363e+03
9.367834135201161189e+03
9.342154393517488643e+03
9.328916265748561273e+03
9.088219688210283493e+03
9.390126410374528859e+03
9.395690096210733827e+03
9.351018018729751930e+03
9.391015381755732960e+03
9.369558493063075730e+03
9.388016668088128426e+03
9.377808898719342324e+03
9.368296714133472051e+03
9.270475720451982852e+03
9.279279444120375047e+03
9.402687784029676550e+03
9.377271974510002110e+03
9.379931974964905748e+03
9.301676506096624507e+03
9.331837623214167252e+03
9.321292752615205245e+03
9.327685988360855845e+03
9.366524134828847309e+03
9.394016603266909442e+03
9.384463453711017792e+03
9.376447565594573462e+03
9.350613040252315841e+03
9.381869615850968330e+03
9.392693414530271184e+03
9.319018538624628491e+03
9.390422939805479473e+03
9.403007545142725576e+03
9.399721250036773199e+03
9.379114498947248649e+03
9.361911642114859205e+03
9.401881691812268400e+03
9.367218949054828045e+03
9.389492693436552145e+03
9.348406309721380239e+03
9.383546603258804680e+03
9.391036152958333332e+03
9.387490659336139288e+03
9.345107307237023633e+03
9.362301835986336300e+03
9.325435950525798035e+03
9.352168594007162028e+03
9.269013405645020612e+03
9.287966121847588511e+03
9.209668334004190910e+03
9.346861449946391076e+03
9.231055955228273888e+03
9.329911651817998063e+03
9.306699495069098703e+03
9.386964638849622133e+03
9.393377803602397762e+03
9.383820547962235651e+03
9.319368401126310346e+03
9.353509970304365197e+03
9.401922563412723321e+03
9.398832280541340879e+03
9.320019371665004655e+03
9.339437077993970888e+03
9.344180667136361080e+03
9.375618061806486367e+03
9.371558289531207265e+03
9.385561165434624854e+03
9.350001445101572244e+03
9.356164386686188664e+03
9.386937738455337239e+03
9.349957602165190110e+03
9.291307924606275265e+03
9.365852572731744658e+03
9.308430441759221139e+03
9.391671544975430152e+03
9.270155883850722603e+03
9.236825152458259254e+03
9.256240016327388730e+03
9.403111708462040042e+03
9.382213919718427860e+03
9.299910430761616226e+03
9.398882732915275483e+03
9.297290789140735797e+03
9.377097418376304631e+03
9.316263464774212480e+03
9.325966726333332190e+03
9.327201139780894664e+03
9.351355566082642326e+03
9.338864480378360895e+03
9.358196185537253768e+03
9.366638640653454786e+03
9.345884943509174263e+03
9.255701686213657013e+03
9.378209487738846292e+03
9.116772015979962816e+03
9.358397903247687282e+03
9.280238663877238650e+03
9.345578731218180110e+03
9.396002738480337939e+03
9.288155798567979218e+03
9.394995145658564070e+03
9.371781051380783538e+03
9.321415080041286274e+03
9.371982661156313043e+03
9.264411927007160557e+03
9.349465381596372026e+03
9.295547353022049720e+03
9.341126402677551596e+03
9.339548582055645966e+03
9.381017180590521093e+03
9.258498083222344576e+03
9.268571678424774291e+03
9.363216154506990279e+03
9.291500947132848523e+03
9.276435304473436190e+03
9.392155208245158065e+03
9.298410710352631213e+03
9.391076940151182498e+03
9.393609783111052820e+03
9.350520217491024596e+03
9.345473434615352744e+03
9.352771873142661207e+03
9.223276937419759633e+03
9.391078191005692133e+03
9.389051048101984634e+03
9.395040806551041896e+03
9.241517740866680469e+03
9.399746744228790703e+03
9.382834816598890029e+03
9.245742652018670924e+03
9.401502610854413433e+03
9.275056667214934350e+03
9.339175631547759622e+03
9.367885559729116721e+03
9.352793077069738501e+03
9.309096839555835686e+03
9.243137953733788891e+03
9.341988511908084547e+03
9.383196767092493246e+03
9.377683435064405785e+03
9.331705513859373241e+03
9.383831061996610515e+03
9.258929626964480121e+03
9.290563641124987043e+03
9.399561452188536350e+03
9.385466563475121802e+03
9.286077478351015088e+03
9.399515685849632064e+03
9.322522057382029743e+03
9.344759144292160272e+03
9.209353548551493077e+03
9.403025994275667472e+03
9.388294894797736561e+03
9.374545417096345773e+03
9.361803442299684320e+03
9.367207373933904819e+03
9.337291094997781329e+03
9.364872836769067362e+03
9.277021892860248045e+03
9.400130701050034986e+03
9.332455945303066983e+03
9.278510303498827852e+03
9.220370022484643414e+03
9.332952302018711634e+03
9.092895554119495500e+03
9.328104954154405277e+03
9.298849199445463455e+03
9.313034224426530272e+03
9.401117287273196780e+03
9.192765435185525348e+03
9.256488239599453664e+03
9.398804615661347270e+03
9.400894905853947421e+03
9.271347554653726547e+03
9.365848291708534816e+03
9.285239458657033538e+03
9.380693857707499774e+03
9.361676970244056065e+03
9.395757005595898590e+03
9.400363464577863851e+03
9.267351650437414719e+03
9.286253373699424628e+03
9.374656924036573400e+03
9.400641165950095456e+03
9.402857482845372942e+03
9.329620518042513140e+03
9.363715049087748412e+03
9.398476065077358726e+03
9.310177619230102209e+03
9.266135776321480080e+03
9.250060494134429973e+03
9.343710101913473409e+03
9.388658873497806781e+03
9.301324606225407479e+03
9.352462927257573028e+03
9.263651930554731734e+03
9.129764657508083474e+03
9.240541128071634375e+03
9.372804469565287945e+03
9.307385645469445080e+03
9.208710691969674372e+03
9.363023722906207695e+03
9.314880568772714469e+03
9.371256266741511354e+03
9.388908397793347831e+03
9.320564493325618969e+03
9.336444686716407887e+03
9.365933634727094613e+03
9.356160231471008956e+03
9.331387599753168615e+03
9.254284995536556380e+03
9.314265043368894112e+03
9.325950778953076224e+03
9.321339775680122330e+03
9.368393860409301851e+03
9.209043379341466789e+03
9.343255923282818912e+03
9.361570721807733207e+03
9.391372406539159783e+03
9.336419020006855135e+03
9.318679712559371183e+03
9.372069031282084325e+03
9.376146462633179908e+03
9.350190828668128233e+03
9.398988925300087431e+03
9.373919634902966209e+03
9.363711217223166386e+03
9.304085480920313785e+03
9.268396433936048197e+03
9.260891946007690422e+03
9.349627562343139289e+03
9.396650628013423557e+03
9.297580494010499024e+03
9.350124705338455897e+03
9.207910722932076169e+03
9.400277303748676786e+03
9.291156963762219675e+03
9.365813519064455249e+03
9.227376956222302397e+03
9.372580439639932592e+03
9.306556166776590544e+03
9.179371058687256664e+03
9.394405446777906036e+03
9.402821666513365926e+03
9.220405177034537701e+03
9.352824668358227427e+03
9.374727652198338546e+03
9.277240979139469346e+03
9.292014267730166466e+03
9.345056849002599847e+03
9.226997759871412200e+03
9.311680072345718145e+03
9.346128422012296141e+03
9.361289110253168474e+03
9.378170900981967861e+03
9.351012617333240996e+03
9.396845707831382242e+03
9.358611500354951204e+03
9.352490299597280682e+03
9.309566655634587732e+03
9.381608879149955101e+03
9.389868152746937994e+03
9.381086903194447586e+03
9.251355418806044327e+03
9.302024162369423721e+03
9.127392401765742761e+03
9.393192877883107940e+03
9.330489705968790076e+03
9.342758871710482708e+03
9.313016534456506633e+03
9.292139706921563629e+03
9.378760580353122350e+03
9.234272606769027334e+03
9.379347246636531054e+03
9.330568136959151161e+03
9.328400053020070118e+03
9.342075578130727081e+03
9.228638802011135340e+03
9.379931974964905748e+03
9.220951692471997376e+03
9.370009807715296120e+03
9.392105897934850873e+03
9.116772015979962816e+03
9.335119249544388367e+03
9.326923483486230907e+03
9.338596868736507531e+03
9.151492246813935708e+03
9.334403585872449185e+03
9.328157387531327913e+03
9.355265889121565124e+03
9.292256953412488656e+03
9.398167093523166841e+03
9.400441294720129008e+03
9.314938155396910588e+03
9.394466972203357727e+03
9.362291693074879731e+03
9.353180193634743773e+03
9.336229844732946731e+03
9.377501851231534602e+03
9.265242601419711718e+03
9.388137701136556643e+03
9.373157412299680800e+03
9.323458655769540201e+03
9.396650628013423557e+03
9.346780236449660151e+03
9.398900566194686689e+03
9.386113810627501152e+03
9.372637098119314032e+03
9.163841150502481469e+03
9.364499019719736680e+03
9.254159656772906601e+03
9.385531687459046225e+03
9.301264982595097536e+03
9.395056836584808480e+03
9.358970837400036544e+03
9.353274759295112744e+03
9.348759654387728006e+03
9.304161248966278436e+03
9.383911904472097376e+03
9.356135780823940877e+03
9.289659897738820291e+03
9.319018538624628491e+03
9.249873352428585349e+03
9.287051532863801185e+03
9.379639473399209237e+03
9.264291894445002981e+03
9.307181199134556664e+03
9.381882234993208840e+03
9.334901504043675232e+03
9.332547532054302792e+03
9.316944807484534977e+03
9.234946571102878806e+03
9.294617326899173349e+03
9.150338874970448160e+03
9.209573012820897929e+03
9.291623361375344757e+03
9.390552100684433753e+03
9.238893190270404375e+03
9.303407828433384566e+03
9.269136664957095491e+03
9.386715901495426806e+03
9.266665670400008821e+03
9.375394563772464608e+03
9.386134767835948878e+03
9.294740376078441841e+03
9.376869741260146839e+03
9.396506934511386135e+03
9.233475350658325624e+03
9.345914980952518818e+03
9.397277608257109023e+03
9.375635138768586330e+03
9.375646248420162010e+03
9.328511288781886833e+03
9.301718022231463692e+03
9.313460548241913784e+03
9.285239458657033538e+03
9.378120415867548218e+03
9.400329670914596136e+03
9.321348643594170426e+03
9.303116070737200062e+03
9.398746308883853999e+03
9.121804335765762517e+03
9.185732653231654695e+03
9.338959140410752298e+03
9.342625321521803926e+03
9.364336949774145978e+03
9.152499918928748230e+03
9.377657824870329932e+03
9.271408750751887055e+03
9.367706340158485546e+03
9.180226486252005998e+03
9.320247632062215416e+03
9.251125319412267345e+03
9.390668593193979177e+03
9.341695837997693161e+03
9.364031381172304464e+03
9.366878977915775977e+03
9.336584764714771154e+03
9.387921898130176487e+03
9.285918543977990339e+03
9.401741690077373278e+03
9.353495786835599574e+03
9.327138388543697147e+03
9.342968083954572649e+03
9.233332322420674245e+03
9.332433776443042007e+03
9.394396252749667838e+03
9.363963717720436762e+03
9.345260289014458976e+03
9.393986342058586160e+03
9.243268632138522662e+03
9.369854734350230501e+03
9.193317978509416207e+03
9.288016258408952126e+03
9.372433109863854042e+03
9.380068107284925645e+03
9.367207373933904819e+03
9.365935742398916773e+03
9.327524837926985128e+03
9.388799072479121605e+03
9.334224348923873549e+03
9.251125319412267345e+03
9.180555536566414958e+03
9.402055946046570170e+03
9.394915966678154291e+03
9.312620500062370411e+03
9.368521257970289298e+03
9.398770064954169356e+03
9.383482653046825362e+03
9.343655047140440729e+03
9.304514378288371518e+03
9.358777361231435862e+03
9.306678802530102985e+03
9.402821666513365926e+03
9.291000828631693366e+03
9.365882577467655210e+03
9.359693016989142052e+03
9.331667617410923413e+03
9.328223138251416458e+03
9.312485785198934536e+03
9.376644785230842899e+03
9.285399715222236409e+03
9.349868543425012831e+03
9.341338719288087304e+03
9.367678556768867566e+03
9.179042543986101009e+03
9.219360473225229725e+03
9.376555669319342996e+03
9.307385645469445080e+03
9.310264208976072041e+03
9.319541659242855530e+03
9.353647541880331119e+03
9.316347016634690590e+03
9.391486998337615660e+03
9.297702200187744893e+03
9.358363806540988662e+03
9.279890282141263015e+03
9.368363401048512969e+03
9.263280270287506937e+03
9.261063931689463061e+03
9.390176086452731397e+03
9.309393454539595041e+03
9.354137960162175659e+03
9.346162908241693003e+03
9.381301730118937485e+03
9.215045432263326802e+03
9.382205529716704405e+03
9.400462330556842062e+03
9.331750101233315945e+03
9.323841850544431509e+03
9.382234445981841418e+03
9.378559040108675617e+03
9.277475647703662617e+03
9.360256948415835723e+03
9.278986319500963873e+03
9.275963287252681766e+03
9.274840360308649906e+03
9.162024591834655439e+03
9.385903036974619681e+03
9.291531882002198472e+03
9.362225508863750292e+03
9.335149214321245381e+03
9.392390619146997778e+03
9.259555384145633070e+03
9.344619083259894978e+03
9.401536877880800603e+03
9.398865019689237670e+03
9.391503258869475758e+03
9.322734522094415297e+03
9.390926606786231787e+03
9.385919187020235768e+03
9.382999620198634148e+03
9.334762246487618540e+03
9.243521338392283724e+03
9.379474275459750061e+03
9.277903123358195444e+03
9.389970231649011112e+03
9.396132871354710005e+03
9.280404325611127206e+03
9.371267993955889324e+03
9.311412830499526535e+03
9.206056892146967584e+03
9.310455639885569326e+03
9.336545972550877195e+03
9.357443681525999637e+03
9.174155026804501176e+03
9.340092398394663178e+03
9.250603279294931781e+03
9.369849175838913652e+03
9.382776598047754305e+03
9.402966986185141650e+03
9.375758310576731674e+03
9.333363798010932442e+03
9.401180249448270843e+03
9.321339775680122330e+03
9.266377976389454489e+03
9.307898942759204147e+03
9.314738785980538523e+03
9.328157387531327913e+03
9.368206885105977562e+03
9.390604114552377723e+03
9.287437277636130602e+03
9.242368125533052080e+03
9.158787944369436445e+03
9.340217789519776488e+03
9.371238369049675384e+03
9.342946924359875993e+03
9.347481692812585607e+03
9.376499856543545320e+03
9.261578677656241780e+03
9.295449837845653747e+03
9.401094541830419985e+03
9.210438552443683875e+03
9.349340129097885438e+03
9.330976447757637288e+03
9.338106820507908196e+03
9.386605776787655486e+03
9.336758059724485065e+03
9.227610727890330963e+03
9.349243356735152702e+03
9.312537339299957239e+03
9.331252704227606955e+03
9.299500762816578572e+03
9.349630449628435599e+03
9.310630559244240430e+03
9.250817280231884070e+03
9.386682648744656035e+03
9.392709570395827541e+03
9.396678036892928503e+03
9.318849607984931936e+03
9.277164890527783427e+03
9.371052987327306255e+03
9.385985646499520954e+03
9.378610911681134894e+03
9.128401867069944274e+03
9.258996568265285532e+03
9.377675697353732176e+03
9.346511325156192470e+03
9.392968906925609190e+03
9.224490698512872768e+03
9.219454801793193838e+03
9.400588765702799719e+03
9.366528035813144015e+03
9.390668593193979177e+03
9.328666453236843154e+03
9.261497224978827944e+03
9.166709627576799903e+03
9.247873783408329473e+03
9.390270156806229352e+03
9.082752593818824607e+03
9.174767192435176185e+03
9.307011885931520737e+03
9.399801643614249770e+03
9.328866476492461516e+03
9.204465772694453335e+03
9.336586597636549413e+03
9.272070334173040465e+03
9.252038957181199294e+03
9.279143864686355300e+03
9.242102880546330198e+03
9.240380502894931851e+03
9.344567682113111005e+03
9.316339865517107683e+03
9.363664493968701208e+03
9.317102822753658984e+03
9.340652834531472763e+03
9.043775017094483701e+03
9.398645431821378224e+03
9.152039330425470325e+03
9.343128546491538145e+03
9.315433058223117769e+03
9.302668205383539316e+03
9.373907680166479622e+03
9.373176729119273659e+03
9.397949198878779498e+03
9.345884943509174263e+03
9.380922587022218067e+03
9.399086013881251347e+03
9.380773766227584929e+03
9.250350873906401830e+03
9.375275155035931675e+03
9.352236479322316882e+03
9.342003028118519069e+03
9.168513607058059279e+03
9.238740337622866718e+03
9.058307283254092908e+03
9.341407260359297652e+03
9.394097975689763189e+03
9.118960027817982336e+03
9.279296322608121045e+03
9.260912036793182779e+03
9.209769299474537547e+03
9.203959177221086065e+03
9.307011885931520737e+03
9.379639473399209237e+03
9.397945430520361697e+03
9.363234029834813555e+03
9.296997701841070011e+03
9.257257793728165780e+03
9.298095410890569838e+03
9.399020848728479905e+03
9.388831901535175348e+03
9.258824365440281326e+03
9.389091906680869215e+03
9.368153366752152579e+03
9.343516438812310298e+03
9.352940115247023641e+03
9.139957449810701291e+03
9.350367448497199803e+03
9.349510114424781932e+03
9.396693032722458156e+03
9.116455443981463759e+03
9.343366246905239677e+03
9.311720205932091631e+03
9.315007540894981503e+03
9.320761186122301297e+03
9.386711190894351603e+03
9.349034577220347273e+03
9.154123842607023107e+03
9.372636675349280267e+03
9.130305298243501966e+03
9.285084423604816038e+03
9.383191041549131114e+03
9.308942320721271244e+03
9.356849897559555757e+03
9.235446800916861321e+03
9.373690286806948279e+03
9.180110069556489179e+03
9.266403327549287496e+03
9.390926606786231787e+03
9.399155471139909423e+03
9.400161505341860902e+03
9.107774736291696172e+03
9.390396046156185548e+03
9.281561579039043863e+03
9.401672606662419639e+03
9.351192654964832400e+03
9.270777673005159158e+03
9.321739132951897773e+03
9.331705513859373241e+03
9.323632931122569062e+03
9.342337882768819327e+03
9.340269539946075383e+03
9.383721156366271316e+03
9.296468512688246847e+03
9.386640238080703057e+03
9.302988939481967464e+03
9.274299538456889422e+03
9.398365396843892086e+03
9.257410885330813471e+03
9.383726094209088842e+03
9.358857010367675684e+03
9.367930601333140658e+03
9.365959776036403127e+03
9.287711730364382674e+03
9.379726182311402226e+03
9.398502974966431793e+03
9.386355936957366794e+03
9.296092138644991792e+03
9.349309419308279757e+03
9.352228532514989638e+03
9.401650209898554749e+03
9.387750060490918258e+03
9.318641761097351264e+03
9.372027017523734685e+03
9.376837799079617980e+03
9.378090495505546642e+03
9.369689644577816580e+03
9.275824881302967697e+03
9.392718384077912560e+03
9.329581047468796896e+03
9.375809985212004904e+03
9.325502348491661905e+03
9.222307365551228941e+03
9.279505198453236517e+03
9.288391395696042309e+03
9.371435696878794261e+03
9.220469427183543303e+03
9.394303969860749930e+03
9.392317451823048032e+03
9.384662524748007854e+03
9.288491563365902039e+03
9.288391395696042309e+03
9.383323912234500312e+03
9.343543916930615524e+03
9.397953040638058155e+03
9.357824318321672763e+03
9.372274304921145813e+03
9.360776423029999933e+03
9.246779979726168676e+03
9.366281048724922584e+03
9.197686087943093298e+03
9.332343144762635347e+03
9.384319750685372128e+03
9.396132871354710005e+03
9.401303614438700606e+03
9.310418641744732668e+03
9.353184099090833115e+03
9.389700729646545369e+03
9.300095146119776473e+03
9.280999215192954580e+03
9.396770850932536632e+03
9.342150079624327191e+03
9.300331184804026634e+03
9.249261102995496913e+03
9.130746000373033894e+03
9.325073240497124061e+03
9.387878035083940631e+03
9.208710691969674372e+03
9.391978279589357044e+03
9.395347950035118629e+03
9.308143734702516667e+03
9.250084874926202247e+03
9.350612522365119730e+03
9.376125010365949493e+03
9.315081801352747789e+03
9.378759635942213208e+03
9.367396696126677853e+03
9.202762684911216638e+03
9.303684855344788957e+03
9.363956466694551636e+03
9.074477201347905066e+03
9.274137717913881716e+03
9.385183003130474390e+03
9.285327603248964806e+03
9.378090495505546642e+03
9.396103279211250992e+03
9.142998284324081396e+03
9.389647492558584418e+03
9.278406640827774027e+03
9.365200151090728468e+03
9.333667578694166878e+03
9.214977125298824831e+03
9.219454801793193838e+03
9.235403732950282574e+03
9.397649211050509621e+03
9.358921697324387424e+03
9.247856805269948381e+03
9.318175304418044107e+03
9.350664297513463680e+03
9.347285883170337911e+03
9.206802580724863219e+03
9.370928831603747312e+03
9.090152188760119316e+03
9.401331426210803329e+03
9.306669900299151777e+03
9.362793775247253507e+03
9.400870346944459016e+03
9.338298257058062518e+03
9.076355924351526482e+03
9.385282969977775792e+03
9.351508057402690611e+03
9.178421598848130088e+03
9.385334015447777347e+03
9.324152528565427929e+03
9.331923061613384561e+03
9.397474322450296313e+03
9.397236762028460362e+03
9.368152614536045803e+03
9.348922719573936774e+03
9.203499120848317034e+03
9.349105100874150594e+03
9.320761186122301297e+03
9.357858329550948838e+03
9.365754010807955638e+03
9.350223662448879622e+03
9.344348059545958677e+03
9.392453281482856255e+03
9.391030084743119005e+03
9.238637047942251229e+03
9.373309800175633427e+03
9.326992465759145489e+03
9.344912684583217924e+03
9.399801643614249770e+03
9.326518119676495189e+03
9.144714647540073202e+03
9.351985125665345549e+03
9.370938869975409034e+03
9.364101583813655452e+03
9.304185855151092255e+03
9.323094705307526965e+03
9.374451894758440176e+03
9.249146192114581936e+03
9.398242196100864021e+03
9.327883948428398071e+03
9.351585228960921086e+03
9.334224348923873549e+03
9.256098418558551202e+03
