7.913893660187880414e+03
7.202134663947509580e+03
8.060984673672221106e+03
7.709233500282944988e+03
7.893714808661661664e+03
7.277940792548482023e+03
8.058434617638203235e+03
7.831362759073394955e+03
8.064968337397639516e+03
8.032809763492056845e+03
7.981605023807525868e+03
7.969222387015739514e+03
7.831362759073394955e+03
7.643495339246039293e+03
8.139392350508434902e+03
7.931290475388640516e+03
7.572325037341376628e+03
7.966106081521589658e+03
7.768745662909698694e+03
8.176395822969304390e+03
8.165546294698450765e+03
8.153932412600972384e+03
8.060984673672221106e+03
8.033513358518258428e+03
7.969550616408791029e+03
7.736172923871032253e+03
7.871147719434686223e+03
7.851499308224082597e+03
7.969129207264737488e+03
8.057723291517967482e+03
8.131594957955318932e+03
8.170586712008046561e+03
8.104929803856469334e+03
7.931558910453541102e+03
8.049565437411118182e+03
7.984767043867098437e+03
7.804485255196502294e+03
8.153253911481087925e+03
8.072828775388191389e+03
7.858258920893576033e+03
7.695767943305505469e+03
8.153932412600972384e+03
7.924433341771678897e+03
7.982121435420905073e+03
8.060984673672221106e+03
7.951713346186626040e+03
8.075431841775556677e+03
8.095075596778811814e+03
8.102730985732989211e+03
8.106664994628043132e+03
7.588511233983483180e+03
7.850275350711312967e+03
7.277940792548482023e+03
7.993033337215894790e+03
8.077155749150603697e+03
7.632095328368935952e+03
7.782841271937471902e+03
7.896889054179951927e+03
8.134038959352426900e+03
7.936618809549579964e+03
7.887214076276669402e+03
7.794562377478617236e+03
8.060984673672221106e+03
7.908622052622999945e+03
8.168573930612440563e+03
7.993033337215894790e+03
8.133259024788791066e+03
7.865873948648441001e+03
8.019932361699529793e+03
7.873757770012256515e+03
7.887214076276669402e+03
8.127911966393568946e+03
8.101118863132071965e+03
8.071436156192994531e+03
7.544671220769971114e+03
8.145594619951403729e+03
8.148854836990049080e+03
8.145219239203417601e+03
7.831362759073394955e+03
8.077506884847703986e+03
8.118679075372244370e+03
8.115073997826065352e+03
8.135530388195764317e+03
7.981605023807525868e+03
7.912814206729734906e+03
8.040258554652849853e+03
7.890980408352014820e+03
7.643495339246039293e+03
8.071757971641767654e+03
8.173589763143051641e+03
8.057316331535661448e+03
8.125538019033874662e+03
8.123218133631974524e+03
8.071436156192994531e+03
7.365160457116709949e+03
7.446548394169337371e+03
8.096751275598713619e+03
8.147851019528787219e+03
8.014049004920373591e+03
7.865759597106783986e+03
8.109369562500440225e+03
7.850275350711312967e+03
7.891199250440913602e+03
7.319304482431602082e+03
7.805031988141367037e+03
8.168573930612440563e+03
7.981605023807525868e+03
8.096751275598713619e+03
7.658262570672271977e+03
8.087467768844262537e+03
8.096530647797078018e+03
8.060984673672221106e+03
7.870021409260250948e+03
7.706913737529635910e+03
7.905935992200035798e+03
7.961907401338792624e+03
8.042422716612722070e+03
7.815472205418919657e+03
8.087467768844262537e+03
8.160883200889715226e+03
7.900651731560939879e+03
8.059073353384561415e+03
8.077341602838819199e+03
7.931558910453541102e+03
8.135530388195764317e+03
8.171862763391731278e+03
8.096751275598713619e+03
7.893360084656831532e+03
7.993192062217642160e+03
7.906439152826917052e+03
7.952239130839208883e+03
7.854654172110402214e+03
8.124691426299509658e+03
7.870021409260250948e+03
8.140505207055465689e+03
8.139219710664977356e+03
8.156094519348344875e+03
7.829402207191082198e+03
7.993033337215894790e+03
7.831362759073394955e+03
8.096530647797078018e+03
8.082117222670134652e+03
8.075431841775556677e+03
8.020388918079293035e+03
7.903117730611638763e+03
8.013592912608669394e+03
7.219644313234928632e+03
7.936618809549579964e+03
8.092358526436314605e+03
7.742540193431189437e+03
7.271072700172615441e+03
8.166266597199866737e+03
8.060984673672221106e+03
8.132037488704846510e+03
8.135530388195764317e+03
8.168573930612440563e+03
7.634605115346462298e+03
8.157461412199891129e+03
8.134797857929192105e+03
7.782841271937471902e+03
7.505770814605382839e+03
8.060984673672221106e+03
7.653192701672263865e+03
8.068438169779360578e+03
7.679248081982536860e+03
8.077506884847703986e+03
8.087933666423289651e+03
7.936618809549579964e+03
7.980348223708493606e+03
8.054639317927212687e+03
7.887214076276669402e+03
8.001124635125884197e+03
8.088288376554804017e+03
7.799086347352172197e+03
7.726594018644032076e+03
7.634605115346462298e+03
7.941929270333802378e+03
7.906439152826917052e+03
8.026578543949111918e+03
7.898229952778116058e+03
8.073239544668545932e+03
8.060984673672221106e+03
7.969376362070325740e+03
7.920892899202926856e+03
7.993075367102343080e+03
8.016158932371261471e+03
7.830993202520299747e+03
7.937806342110236073e+03
7.899648392752399559e+03
7.925366089301398461e+03
7.887214076276669402e+03
8.060984673672221106e+03
7.969376362070325740e+03
7.981605023807525868e+03
8.096751275598713619e+03
8.042422716612722070e+03
7.646692652886084943e+03
7.906439152826917052e+03
7.782841271937471902e+03
8.133420891535797637e+03
7.861244599671412288e+03
7.644101646913461082e+03
7.978653606996201233e+03
7.850275350711312967e+03
7.907392122833440226e+03
8.060984673672221106e+03
8.010752741264434917e+03
7.922431402752866234e+03
8.176389416393363717e+03
8.096751275598713619e+03
7.887214076276669402e+03
7.845371121380611839e+03
8.128675176739638118e+03
7.725976515476366330e+03
8.168573930612440563e+03
7.981605023807525868e+03
8.038516688035800144e+03
7.912814206729734906e+03
8.131582727810216056e+03
7.643495339246039293e+03
8.127911966393568946e+03
7.928398420106330377e+03
8.106818718453406291e+03
8.158212178939467776e+03
8.041722833719692062e+03
7.975329448979389781e+03
7.785748993447637076e+03
7.505219205170604255e+03
8.169313213863636520e+03
8.084261061337178944e+03
7.850275350711312967e+03
8.119508971133208433e+03
7.387625194228949113e+03
7.774588647543164370e+03
8.065181740844545857e+03
8.149505477092109686e+03
7.782841271937471902e+03
8.153072299998868402e+03
7.702773143430013079e+03
8.088282757758562184e+03
8.096617905145099940e+03
8.034727012720286439e+03
8.060984673672221106e+03
8.104361972856700959e+03
7.799086347352172197e+03
8.075431841775556677e+03
7.875536853214128314e+03
8.031990676488609097e+03
8.168573930612440563e+03
7.981605023807525868e+03
7.887214076276669402e+03
8.060984673672221106e+03
7.453625840803148094e+03
8.045791266535878094e+03
8.110082153781217130e+03
7.461090153125531288e+03
8.019090871105212500e+03
7.782841271937471902e+03
8.087933666423289651e+03
8.131117873267849063e+03
7.658396317710618860e+03
7.974052004831995873e+03
7.850275350711312967e+03
7.489983252808064208e+03
8.088288376554804017e+03
7.799086347352172197e+03
7.672499814845560650e+03
7.813450078373366523e+03
8.054076445227543445e+03
8.095075596778811814e+03
7.876272748754686290e+03
8.148854836990049080e+03
7.878246246873117343e+03
8.058218712689849781e+03
8.177138946407138064e+03
7.895486516082656635e+03
7.806166673033641928e+03
7.998710587302857675e+03
7.858258920893576033e+03
8.036386577168048461e+03
7.850275350711312967e+03
8.162035104685747683e+03
8.036437356045765227e+03
7.981605023807525868e+03
8.096751275598713619e+03
8.068320189212467085e+03
8.018575369735497588e+03
7.643495339246039293e+03
8.081196681874387650e+03
7.436937547370213906e+03
7.887214076276669402e+03
8.158205329185473602e+03
8.144249622968248332e+03
7.277940792548482023e+03
7.687133991902375783e+03
7.981605023807525868e+03
7.912814206729734906e+03
8.175650617923755817e+03
7.818199135597536042e+03
7.929181044457664939e+03
8.130854978620493057e+03
8.122672043645698977e+03
7.821103092200096398e+03
8.018911874010711472e+03
7.981605023807525868e+03
8.097010259434253385e+03
7.635260373636327131e+03
7.943425935833282892e+03
7.985524593985628599e+03
8.121590857037058413e+03
8.036038090405433650e+03
8.138969978963067661e+03
8.032524621804247545e+03
7.924433341771678897e+03
7.981605023807525868e+03
7.770912170211567172e+03
8.103186185388229205e+03
8.094378241150850954e+03
7.888965704005264342e+03
7.643495339246039293e+03
7.853360800403560461e+03
7.881710346698225294e+03
7.741902719550719667e+03
7.966193860847817632e+03
8.049565437411118182e+03
7.964549102161685369e+03
7.643495339246039293e+03
8.164834995003840049e+03
7.874575880255375523e+03
8.080549646196432150e+03
7.887214076276669402e+03
7.393520341306047158e+03
8.075431841775556677e+03
8.051194442893923224e+03
8.152810769325277761e+03
7.421373811313988881e+03
8.031314179834645984e+03
7.807903706879233141e+03
7.819797301393127782e+03
7.955386029769304514e+03
7.854654172110402214e+03
7.987635491652466044e+03
8.164369636341755722e+03
7.793249340698302149e+03
7.981605023807525868e+03
7.912814206729734906e+03
8.078849336042797404e+03
8.027766718394204872e+03
8.131582727810216056e+03
8.115647965748190472e+03
8.135318515324557666e+03
7.967765455646979717e+03
7.743019176316483936e+03
8.168573930612440563e+03
8.096751275598713619e+03
8.123754168276811470e+03
8.087467768844262537e+03
8.071757971641767654e+03
8.137782516128152565e+03
7.636345217171887271e+03
7.886954508657199767e+03
7.978653606996201233e+03
8.096751275598713619e+03
7.635260373636327131e+03
8.014049004920373591e+03
8.064455221422398608e+03
8.059127107126120791e+03
8.049956625545914903e+03
7.925366089301398461e+03
7.858258920893576033e+03
8.034294430956587348e+03
7.995589547177448367e+03
7.890796535074692656e+03
8.164369636341755722e+03
7.864604566375037393e+03
7.637190604294592958e+03
7.809127028200461609e+03
7.957057994676251838e+03
7.906439152826917052e+03
7.831362759073394955e+03
8.048269360653681360e+03
7.673196032395389921e+03
8.056322776826847075e+03
8.066080260461615580e+03
8.132355451984403771e+03
8.033643439043555190e+03
8.158212178939467776e+03
7.990470891260075405e+03
8.101399546374616875e+03
8.168573930612440563e+03
8.060984673672221106e+03
7.851828049103311969e+03
7.836605348973132095e+03
7.818736027562646996e+03
7.835298060446649288e+03
8.006123446614332352e+03
7.782841271937471902e+03
8.004323263488877274e+03
8.084894258493690359e+03
7.925366089301398461e+03
7.605404279950831551e+03
8.001124635125884197e+03
8.058787318692880945e+03
7.987981396977846998e+03
7.975443973744762843e+03
7.494668060358415460e+03
8.096751275598713619e+03
8.161901181301731413e+03
7.926059125475083420e+03
7.646695470072625540e+03
8.145313270064581047e+03
7.989294025104194588e+03
8.149819580157684868e+03
7.981605023807525868e+03
8.040258554652849853e+03
8.147047089044805034e+03
8.152486291473333040e+03
7.957057994676251838e+03
8.087467768844262537e+03
7.643495339246039293e+03
8.000698673262012562e+03
8.034128707670315634e+03
8.162844692871978623e+03
8.075431841775556677e+03
7.906154057246108096e+03
7.967103220778676587e+03
7.840876783315111425e+03
8.161901181301731413e+03
7.690858554561280471e+03
7.673231372133303921e+03
8.056322776826847075e+03
8.141184527539726332e+03
8.070415513763109630e+03
8.168873139684612397e+03
8.012308506898848464e+03
7.847306381992989373e+03
7.782841271937471902e+03
7.924875186641536857e+03
7.713079670866593915e+03
7.950315714297466911e+03
7.850275350711312967e+03
8.124691426299509658e+03
7.965059903856295932e+03
8.144249622968248332e+03
8.139250702157371052e+03
8.119757582918940898e+03
7.863172382658986862e+03
8.143899657366836436e+03
7.993033337215894790e+03
7.874723841660913422e+03
7.741902719550719667e+03
8.060984673672221106e+03
8.143401694443257838e+03
8.009755601625342024e+03
8.096751275598713619e+03
7.324195322177904018e+03
7.384515783768340953e+03
7.806166673033641928e+03
7.782841271937471902e+03
7.976718084704703870e+03
8.060984673672221106e+03
7.726594018644032076e+03
8.175773084624365765e+03
7.813598058248800044e+03
8.000565899935065318e+03
7.995856273347651040e+03
7.667401934468348372e+03
7.912814206729734906e+03
7.884126470729946050e+03
8.085153954757359315e+03
8.165965433457978179e+03
7.485744981334508338e+03
8.075431841775556677e+03
7.975443973744762843e+03
8.168573930612440563e+03
8.028742140865651891e+03
8.088552843585211122e+03
7.954617268556823547e+03
7.771689557153798887e+03
8.000329100405175268e+03
7.887214076276669402e+03
7.850275350711312967e+03
7.951669106491717685e+03
8.012013935158265667e+03
7.821103092200096398e+03
7.653192701672263865e+03
7.943251748749517901e+03
7.643495339246039293e+03
7.903117730611638763e+03
7.851499308224082597e+03
7.887214076276669402e+03
8.093189005905837803e+03
8.050143231494555039e+03
7.981605023807525868e+03
8.096751275598713619e+03
8.118116738915896349e+03
8.108122906509374843e+03
7.722326049043447711e+03
7.914933452165249037e+03
8.087933666423289651e+03
7.887214076276669402e+03
8.060984673672221106e+03
7.799086347352172197e+03
7.816542810489559997e+03
8.116932400561480790e+03
7.961763163878905289e+03
7.655905216756918890e+03
7.917351135251193227e+03
7.808193416154873375e+03
8.037283989181247307e+03
7.887214076276669402e+03
8.031990676488609097e+03
8.096751275598713619e+03
8.100851990579563790e+03
7.922625992512633275e+03
8.102329708964868587e+03
7.718374839060234081e+03
7.862798901721365837e+03
7.831362759073394955e+03
7.643495339246039293e+03
7.596264787456528211e+03
8.060984673672221106e+03
8.131463607782144209e+03
8.170609008718145560e+03
7.851828049103311969e+03
8.168573930612440563e+03
7.981605023807525868e+03
8.096751275598713619e+03
7.917137760935803271e+03
8.097010259434253385e+03
8.006395248640114914e+03
7.850275350711312967e+03
8.082608887162946303e+03
7.460091337872760050e+03
8.108500894747029633e+03
8.096016520415440027e+03
8.020388918079293035e+03
8.147047089044805034e+03
7.811493515124446276e+03
8.105058451267055716e+03
7.850275350711312967e+03
7.816391261876008684e+03
8.105937746518407039e+03
8.104929803856469334e+03
7.926073858489240592e+03
7.456658982055597335e+03
7.981605023807525868e+03
8.151684317418170394e+03
8.106664994628043132e+03
7.858413380807553040e+03
7.648899860826157237e+03
7.776306427727529808e+03
7.850275350711312967e+03
7.819665514473445910e+03
8.040247596448745753e+03
8.160696400319889108e+03
8.116932400561480790e+03
8.168573930612440563e+03
8.132454402011377169e+03
7.634605115346462298e+03
7.794642163656230878e+03
7.574836541775700425e+03
8.073239544668545932e+03
7.799086347352172197e+03
7.743019176316483936e+03
8.165634391005588441e+03
7.981605023807525868e+03
8.096751275598713619e+03
7.893360084656831532e+03
7.878246246873117343e+03
7.987384996665617109e+03
7.900656867194401457e+03
8.096751275598713619e+03
7.678387449472936169e+03
7.722326049043447711e+03
8.019090871105212500e+03
7.755442902589414189e+03
8.071284134858043217e+03
8.127073305813887600e+03
8.141852005651931904e+03
8.130854978620493057e+03
7.887214076276669402e+03
7.891199250440913602e+03
7.813450078373366523e+03
7.933543899681547373e+03
8.110082153781217130e+03
7.496884535421908367e+03
7.643495339246039293e+03
7.780552005588488100e+03
8.057934503030194719e+03
7.887214076276669402e+03
7.673277391308219194e+03
7.919327350812884106e+03
7.850275350711312967e+03
7.478318697327168593e+03
8.133065050299922405e+03
8.168573930612440563e+03
7.836605348973132095e+03
8.145594619951403729e+03
7.684378243846241276e+03
7.741902719550719667e+03
8.060984673672221106e+03
8.144249622968248332e+03
7.816542810489559997e+03
8.096016520415440027e+03
7.913777568517108193e+03
7.969380903867991037e+03
7.952627381105024142e+03
7.831362759073394955e+03
7.643495339246039293e+03
7.887214076276669402e+03
7.850275350711312967e+03
8.001723481706192615e+03
7.758220644343768981e+03
8.075431841775556677e+03
7.743019176316483936e+03
8.168573930612440563e+03
8.142938797358330703e+03
7.634605115346462298e+03
7.840115148771177701e+03
7.340352668905160499e+03
7.908622052622999945e+03
7.860693533227092303e+03
7.981605023807525868e+03
7.942454610665213295e+03
8.156094519348344875e+03
7.965086218375367935e+03
7.902151141187673602e+03
7.831362759073394955e+03
8.081850587122960860e+03
7.673196032395389921e+03
7.887214076276669402e+03
8.060984673672221106e+03
8.065461499938764064e+03
7.961763163878905289e+03
7.896333187539015853e+03
8.096751275598713619e+03
7.510785503181778950e+03
8.013202003688460536e+03
8.087467768844262537e+03
7.887214076276669402e+03
8.001723481706192615e+03
8.007778879126619358e+03
8.071436156192994531e+03
7.793249340698302149e+03
8.104759000288277093e+03
7.492349488932085478e+03
7.831362759073394955e+03
8.139392350508434902e+03
7.999824737137375450e+03
7.873703357042384596e+03
7.684183711996772217e+03
8.168282913366426328e+03
8.014049004920373591e+03
7.982796807387922854e+03
8.127844600897772580e+03
8.076051293412499945e+03
8.165740043103347489e+03
8.053265351939017819e+03
8.013673432300288368e+03
8.060984673672221106e+03
7.922431402752866234e+03
7.683047082984264307e+03
8.026443551768670659e+03
8.096016520415440027e+03
8.168573930612440563e+03
7.981605023807525868e+03
7.863172382658986862e+03
8.087467768844262537e+03
7.831362759073394955e+03
7.850275350711312967e+03
7.891199250440913602e+03
7.967765455646979717e+03
7.981605023807525868e+03
7.903673608645146487e+03
8.164015616357122781e+03
7.969222387015739514e+03
7.984361913807118981e+03
7.643495339246039293e+03
7.857049160323445903e+03
7.870021409260250948e+03
7.940387084293053704e+03
8.135530388195764317e+03
7.997147481372251605e+03
8.023087592244241932e+03
8.049246779916243213e+03
8.097010259434253385e+03
8.125704651141042632e+03
8.136916002004076290e+03
7.901864594465326263e+03
8.138969978963067661e+03
8.096530647797078018e+03
8.042400429402100599e+03
8.060984673672221106e+03
8.108033597204233047e+03
8.120389404702274078e+03
8.000565899935065318e+03
8.045791266535878094e+03
8.069570809762373756e+03
8.168573930612440563e+03
7.887214076276669402e+03
7.672499814845560650e+03
8.168573930612440563e+03
7.981605023807525868e+03
7.957826237262647737e+03
7.741248534538231070e+03
7.831362759073394955e+03
7.643495339246039293e+03
8.004323263488877274e+03
7.922202504495483481e+03
8.130854978620493057e+03
8.042400429402100599e+03
8.060984673672221106e+03
8.106173331994978071e+03
7.981605023807525868e+03
8.096751275598713619e+03
7.959348530712299180e+03
7.922625992512633275e+03
8.143899657366836436e+03
8.083715318192824270e+03
7.850275350711312967e+03
8.042400429402100599e+03
8.018323790329162875e+03
8.005735449047466318e+03
8.075431841775556677e+03
8.168573930612440563e+03
7.915824273828988225e+03
8.087467768844262537e+03
8.127244936308756223e+03
8.015711164476293561e+03
8.011521562889338384e+03
8.128675176739638118e+03
7.924433341771678897e+03
8.060984673672221106e+03
8.001723481706192615e+03
8.162844692871978623e+03
7.799086347352172197e+03
7.930393166105685850e+03
7.981605023807525868e+03
7.903673608645146487e+03
8.096617905145099940e+03
8.104436651354884816e+03
7.850275350711312967e+03
8.170194808082939744e+03
8.102730985732989211e+03
8.168573930612440563e+03
7.981605023807525868e+03
8.087467768844262537e+03
8.013461537105322350e+03
7.643495339246039293e+03
7.994954924954639864e+03
8.139250702157371052e+03
8.096751275598713619e+03
8.097010259434253385e+03
8.102329708964868587e+03
7.874243731272439618e+03
7.865759597106783986e+03
7.906439152826917052e+03
7.421373811313988881e+03
7.874575880255375523e+03
8.130854978620493057e+03
7.374468731364268024e+03
8.060984673672221106e+03
8.164369636341755722e+03
7.361080473385287405e+03
7.830823199120679419e+03
7.981605023807525868e+03
8.139219710664977356e+03
8.102329708964868587e+03
8.133259024788791066e+03
8.060984673672221106e+03
7.994826708073824193e+03
8.000565899935065318e+03
8.096016520415440027e+03
7.981605023807525868e+03
7.987038555313603865e+03
7.878246246873117343e+03
7.643495339246039293e+03
7.616751594333745743e+03
8.077111357357630368e+03
8.026435107378288194e+03
8.016915935425230600e+03
8.119508971133208433e+03
8.096016520415440027e+03
7.878246246873117343e+03
8.081850587122960860e+03
7.643495339246039293e+03
7.804839723141253671e+03
7.931946011634792740e+03
7.847588226507092259e+03
8.006395248640114914e+03
8.164369636341755722e+03
7.716559103347512973e+03
7.956432553479619855e+03
8.029420653424878765e+03
7.973865505123834737e+03
7.806166673033641928e+03
7.976718084704703870e+03
8.112628334671882840e+03
7.886176338060214221e+03
7.887214076276669402e+03
7.913836101763158695e+03
7.505770814605382839e+03
8.028267301782946561e+03
8.060984673672221106e+03
8.130728177254480215e+03
7.940387084293053704e+03
8.149819580157684868e+03
8.119508971133208433e+03
7.752913028669804589e+03
7.887214076276669402e+03
7.870021409260250948e+03
8.102329708964868587e+03
7.976909759855836455e+03
8.087380951545365861e+03
8.094378241150850954e+03
8.150076312281088576e+03
8.057723291517967482e+03
7.977660184480403586e+03
7.911344008816424321e+03
7.648899860826157237e+03
7.925538259422025476e+03
7.850275350711312967e+03
7.706913737529635910e+03
7.713842693048092769e+03
7.941810167744101818e+03
8.080846705269570521e+03
7.964306023009155979e+03
7.684807537947008313e+03
8.157215956568530601e+03
8.060984673672221106e+03
8.020388918079293035e+03
8.096751275598713619e+03
8.161656153565607383e+03
7.815472205418919657e+03
7.643495339246039293e+03
7.934459445838692773e+03
7.899040714638305872e+03
8.131694441733804524e+03
8.057934503030194719e+03
8.060984673672221106e+03
7.653192701672263865e+03
7.991959597910510638e+03
8.168573930612440563e+03
8.119583642128438441e+03
7.831362759073394955e+03
8.081850587122960860e+03
8.037283989181247307e+03
7.690858554561280471e+03
7.996374829532137483e+03
7.588511233983483180e+03
8.127911966393568946e+03
8.098177679307013022e+03
8.117676521121168662e+03
7.821103092200096398e+03
7.978830917090944240e+03
7.981605023807525868e+03
7.618315930453494730e+03
7.968260790019042361e+03
7.943425935833282892e+03
7.773219052300985823e+03
8.042400429402100599e+03
8.060984673672221106e+03
7.725915846415968190e+03
7.743019176316483936e+03
8.168573930612440563e+03
7.904666598520546358e+03
7.865759597106783986e+03
8.108122906509374843e+03
7.643495339246039293e+03
7.922372660715045640e+03
8.073149700536261662e+03
8.079247533007935999e+03
7.815472205418919657e+03
7.972377337102821912e+03
7.695930165434115224e+03
7.643495339246039293e+03
7.870617999971073004e+03
7.903117730611638763e+03
7.687842744109309024e+03
7.887214076276669402e+03
7.580747666343308083e+03
8.042400429402100599e+03
8.168573930612440563e+03
7.878186854595401201e+03
7.917570584835821137e+03
7.975089212747399870e+03
7.856283711693976329e+03
8.106664994628043132e+03
7.831362759073394955e+03
7.887214076276669402e+03
7.741902719550719667e+03
7.319304482431602082e+03
7.813450078373366523e+03
8.168573930612440563e+03
8.143899657366836436e+03
7.831362759073394955e+03
8.171345345084490873e+03
7.838642110829177000e+03
7.643495339246039293e+03
7.989502266119209708e+03
8.088288376554804017e+03
7.769151331633657719e+03
7.878186854595401201e+03
7.912814206729734906e+03
7.643495339246039293e+03
8.155697769112864989e+03
7.795226972875531828e+03
7.757134879267590804e+03
7.903920110060116713e+03
7.850275350711312967e+03
7.758220644343768981e+03
8.168573930612440563e+03
8.171862763391731278e+03
7.981605023807525868e+03
8.096751275598713619e+03
7.815472205418919657e+03
8.139392350508434902e+03
7.782437617179934932e+03
7.722105716111714173e+03
7.971426079204529742e+03
7.962430177641141199e+03
8.060984673672221106e+03
8.010752741264434917e+03
7.813450078373366523e+03
8.168573930612440563e+03
7.722812580402078311e+03
8.171916165304502101e+03
8.149505477092109686e+03
8.087933666423289651e+03
7.887214076276669402e+03
8.060984673672221106e+03
8.020388918079293035e+03
8.168573930612440563e+03
7.981605023807525868e+03
8.097010259434253385e+03
7.957207107864049249e+03
7.643495339246039293e+03
8.006123446614332352e+03
8.050823805963012092e+03
7.803089742787933574e+03
8.174788874381160895e+03
7.908622052622999945e+03
8.176805387230427186e+03
8.102329708964868587e+03
7.613174273204986093e+03
7.865759597106783986e+03
8.154938583709918021e+03
7.439682369783525246e+03
7.831362759073394955e+03
7.887214076276669402e+03
7.850275350711312967e+03
7.530979580609022378e+03
8.167510804881962031e+03
7.931182859318700139e+03
8.077341602838819199e+03
8.013741060879741781e+03
8.135530388195764317e+03
8.072343447479245697e+03
8.006787100481780726e+03
8.034128707670315634e+03
8.143854761247502211e+03
8.053519569222630707e+03
7.981605023807525868e+03
7.975089212747399870e+03
8.090698450089402286e+03
7.869450283326073986e+03
7.384515783768340953e+03
7.643495339246039293e+03
7.995540932631040960e+03
7.887214076276669402e+03
7.706913737529635910e+03
8.110828337785076656e+03
7.831362759073394955e+03
8.108122906509374843e+03
8.071757971641767654e+03
8.139392350508434902e+03
7.932448339908818525e+03
7.884951990733610728e+03
7.782841271937471902e+03
7.850275350711312967e+03
7.946442391635239801e+03
8.042400429402100599e+03
7.819665514473445910e+03
8.168573930612440563e+03
7.981605023807525868e+03
7.952100423667890936e+03
7.926059125475083420e+03
7.791244008908613978e+03
7.782841271937471902e+03
7.850275350711312967e+03
8.032524621804247545e+03
8.168573930612440563e+03
7.981605023807525868e+03
8.004394061276738285e+03
7.643495339246039293e+03
7.806166673033641928e+03
7.925366089301398461e+03
7.959494101101807246e+03
7.989887800559969037e+03
