1.929027041951197278e-04
2.994993185040428015e-04
5.738670252755487299e-04
1.978290081459772799e-04
5.393810313906504056e-04
4.758390135418629255e-04
1.943777740350363149e-04
6.035377972226856720e-04
3.622020508412348671e-04
2.860288288365046036e-04
5.682893084393598072e-04
6.089609519512231145e-04
4.084640786208164386e-04
6.166511941220895665e-04
4.866752076329678919e-04
7.185315956053384958e-04
3.502899658135214369e-04
4.491627549787419790e-04
1.823304841216973179e-04
4.597924393114863231e-04
6.073425007366425529e-04
2.073177555021096514e-04
2.566365945319098963e-04
3.174562651248185067e-04
3.270839276432319629e-04
3.523038591720594435e-04
6.799820901155496618e-04
3.891737959254566010e-04
4.420108254469964589e-04
6.061745792552520684e-04
1.993800978753499200e-04
3.338654307138936715e-04
4.481687618183247145e-04
9.045858490497060440e-04
5.222311711706646188e-04
2.721575482982312296e-04
4.154808493344133735e-04
2.912872134953916042e-04
2.603760871191647896e-04
3.500351990054084033e-04
3.155939341289449576e-04
3.175197881423629984e-04
4.254872751050093574e-04
3.461743303400635001e-04
2.337553961019475342e-04
4.418138443177604480e-04
2.517412239316711535e-04
1.711924879823062129e-01
3.686514191684980932e-04
3.458150369153067710e-04
4.666198567032848500e-04
5.524956471047539654e-04
3.018454903689984665e-04
2.289576789577063922e-04
3.673881776300053363e-04
4.562153223371344640e-04
4.192546948744181319e-04
5.631700907081933338e-04
4.783404418051145782e-04
2.542591239016637290e-04
2.819838706063577580e-04
3.838751647627573586e-04
5.060556042830573415e-04
9.210470376035449856e-04
9.796065976894628626e-04
3.838043018826157071e-04
3.623834113381840848e-04
1.995678587732318838e-04
5.595608490078325323e-04
6.345711515280382789e-04
3.183742367534519242e-04
5.541959960072377882e-04
2.012228978076228210e-04
1.952209689405868544e-04
5.949747391161320804e-04
3.372610739762778439e-04
2.914352589344710773e-04
7.644827986573351749e-04
4.686512524089690474e-04
6.346287048866091881e-04
5.545348240202337478e-04
2.073177555021096514e-04
2.966812119069500773e-04
7.313436631518380974e-04
6.830324557221520475e-04
4.351482852565809450e-04
3.757141747429683333e-04
3.788172444461884313e-04
4.530777138551470582e-04
4.827441617985190930e-04
4.757594853896524858e-04
7.069279804684908911e-04
6.174686220166955607e-04
7.160975988764044795e-04
3.606411183708592622e-04
4.313221784233031925e-04
2.586936450755132947e-04
3.382257266634662650e-04
3.682466501247985842e-04
2.331537427738364918e-04
3.381607127876941582e-04
6.583501463807780660e-03
3.787222932235774281e-04
7.715201967023614703e-04
4.009678295458214779e-04
2.728889681977263041e-04
7.410266599259833151e-04
1.743790972965805200e-04
2.822571860870269774e-04
2.507517753236608625e-04
3.281257302208097294e-04
3.059466079427025989e-03
4.462828414750330389e-04
3.584938443495062584e-04
6.530221666200367340e-04
1.154993368854904251e-02
5.258112991227975467e-04
3.746407092941460184e-04
5.245161699481507359e-03
2.104279690584848878e-04
3.936769219745797199e-04
2.250246630827517301e-04
3.951490770816284276e-04
6.501907897454167751e-04
6.899388623903366258e-04
6.740054435527714251e-04
5.777446988573856339e-04
4.067403390939183620e-04
7.056551934940785264e-04
3.591725370806675335e-04
6.555273459084376766e-04
9.168497734369334936e-04
5.314576882328416385e-04
3.147487668034744520e-04
3.668797214072984500e-04
2.458906082762803299e-04
3.513757192997521558e-04
8.798759983108148889e-04
2.763913986400796767e-04
2.781424460983730794e-04
2.482346265379200786e-04
8.660864838674559377e-04
3.816489496873096978e-04
4.151183740545132399e-04
2.883340120466878196e-04
6.259684308713465983e-04
6.300163770567770299e-04
4.580987672476675163e-04
4.727236940980832970e-04
8.973438205556823113e-04
4.859824190992803822e-04
3.334379075801580127e-04
2.617543973000056672e-04
2.597312321187531707e-04
5.007210012458359867e-04
2.566645264235742005e-04
2.747420621837375087e-04
1.670914233059158250e-03
4.870236401672024536e-04
7.746700051156209070e-04
2.785737812469063642e-04
3.926345077945976527e-04
1.786012753408060835e-04
1.585502125442462325e-03
1.071762901249762728e-03
4.960749831039504548e-04
7.644827986573351749e-04
4.723114397275998168e-04
5.090177250824451036e-04
2.225097738570570415e-04
3.593355566119069708e-04
3.046976005097716154e-04
2.187450043835825070e-04
2.579848764975113998e-04
5.263798097356937487e-04
5.195528787264934271e-04
2.701914882700651968e-04
1.655755784207400480e-03
4.347888504597354842e-04
3.315368576342464491e-04
4.626859158601708032e-04
3.173029371770602321e-04
2.796370731741477369e-04
2.552001625093769095e-04
3.891737959254566010e-04
5.038261795231791700e-04
3.484086685128300834e-04
2.227445149439908842e-04
6.722387651038453206e-04
2.553918052249100736e-04
3.288345801256607422e-04
1.869588878804994097e-04
3.452634737025193803e-04
3.735996008476623808e-04
2.817252585968275762e-04
6.268092713963943803e-04
3.936429142570015225e-04
3.409980323586894214e-04
3.027875126449118179e-04
6.805651910116723539e-04
4.688669880656523743e-04
3.870077278583341812e-04
3.394727580097051936e-04
4.636272850491821593e-04
2.009797497611188327e-04
3.735996008476623808e-04
3.634230317052279408e-04
9.086406178274399796e-04
2.776851321316323043e-04
5.001498098773995982e-04
2.666402461737849244e-04
2.325076360932849394e-04
2.143121629484652990e-04
6.070695373825678179e-04
2.398328584255744560e-04
2.446220596511560885e-04
3.571286923734489521e-04
3.975305145608816937e-04
6.639585576215445081e-04
5.201511954007580207e-04
2.776887857397817802e-04
5.251633526355005931e-04
3.625521882919837649e-04
2.544311341590252016e-04
5.421425480540142949e-04
4.537756519653527560e-04
5.269848197277886672e-04
2.377290566801840924e-04
4.014663206375289600e-04
3.827502515102205885e-04
8.443021892703051661e-04
2.205077498572925189e-04
3.563985285223488907e-04
4.067545946785709830e-04
5.314576882328416385e-04
7.238493363746126676e-04
3.156810364720936306e-04
2.589090745921710196e-04
1.029908839359910087e-03
4.188009388168333980e-04
1.912841645367498568e-03
3.297239965312671471e-04
8.696748186392749130e-03
4.095170883962620740e-04
6.253946533915296117e-04
6.346308843095582655e-04
7.170963759636062420e-04
1.057017780677837202e-03
4.036128672538023799e-04
3.296713478926792049e-04
3.593355566119069708e-04
3.635057376207543223e-04
6.177391141391580477e-04
5.755082300260973109e-04
3.590138436675542610e-04
8.171817350216328000e-04
2.796370731741477369e-04
2.784213937617919946e-04
2.303049649532380510e-04
5.020671129453027712e-04
1.726375233254172695e-04
5.692020123044607164e-04
3.774025727470948577e-04
4.986089427526787599e-04
3.111396723602522082e-04
2.844939136805793578e-04
4.550524152911814956e-04
4.402356916005228113e-04
3.308993234928769671e-04
3.027776248098671525e-04
3.622604002853384493e-04
7.715201967023614703e-04
6.305375526787619384e-04
3.698735306176267694e-04
1.896783379144851667e-04
3.962174687652647012e-04
3.392909255563501293e-03
2.653695727344910723e-04
5.996445132405114203e-02
3.922038043076256407e-04
3.985967375059004561e-04
3.114243703846911572e-04
1.544825358252068133e-02
4.793137227503199704e-04
4.993303562308971889e-04
3.800507649568417344e-04
5.206575679468491633e-04
2.327008950789887290e-04
8.120939817883403560e-04
3.711876927498937266e-04
5.885148684992379644e-04
5.175976022026900153e-04
2.132849168162939712e-04
3.494343316056136572e-04
2.567376967351809886e-04
8.167669857600748243e-04
3.319584145449437098e-04
3.921946316536969643e-04
3.788172444461884313e-04
2.317390042019466367e-04
2.428891044941346839e-04
5.107942435017792486e-04
2.192791451292989448e-04
6.431930401176395905e-04
2.993869639636427505e-04
2.491276852919865979e-04
4.599421482810515764e-04
4.330575818788982932e-04
5.266832735065185523e-04
4.635605825721957388e-04
7.785036032655996349e-04
4.756557538830705114e-04
3.637853803531176412e-04
5.199137582414483554e-04
2.765867251478431915e-04
4.641468203891988193e-04
3.468081341429072218e-04
3.358683176829049019e-04
6.395591369118296858e-04
3.368169416335917198e-04
3.398622109304911382e-04
1.332668088384035728e-03
6.702791151661738334e-02
5.265895452352665996e-04
6.274290237565704814e-04
4.166296043546216976e-04
4.795169303415240149e-04
5.679433158269560659e-04
5.244815389133068110e-04
8.386510454287415426e-04
3.193334138339871931e-04
2.338823711744088870e-03
4.320310970888790211e-04
4.059549160548346180e-04
3.168398277830139216e-04
7.317937700039983933e-04
6.259684308713465983e-04
4.731305905724207650e-04
3.891778512269872714e-04
2.682676497379939693e-04
2.908669440493780894e-04
3.977269378586666972e-04
2.828990535972107385e-04
4.467968535573267163e-04
3.717897909167130642e-04
5.339704233237667049e-04
3.126914052517167108e-04
3.385400611170874324e-04
4.050182896974538959e-04
3.506883077148995552e-04
3.637853803531176412e-04
3.793493582348151467e-04
3.218536342056204573e-04
4.953118181629223007e-04
2.995458551398020881e-04
4.613659753660849213e-04
7.728649907022856758e-04
4.835544373717564595e-04
7.716419068614307781e-04
3.728394103194314531e-04
7.519667866868905062e-04
6.196525175353499119e-04
1.062822081809914904e-03
6.104108533682903442e-04
3.226461635772508120e-04
3.484086685128300834e-04
4.130376140935316642e-04
4.600578857236926216e-04
4.489093835261229095e-04
3.071659386943081872e-04
1.574364882304351513e-03
4.455657128569212588e-04
4.586968444235760126e-04
2.633498684366746608e-03
1.519037901641640247e-03
4.113166966935435714e-04
8.586907103578108290e-04
3.906412615567535804e-04
4.159397835966206314e-04
4.222391478205810055e-04
4.168499066769804084e-04
2.646407640842345370e-04
3.215675977139867371e-04
6.601596042880119967e-04
2.546389795322853179e-04
3.477536916086396775e-04
3.061597594817503515e-04
1.842803013018573966e-04
3.592456635032210683e-04
4.210439466938105976e-04
6.593585797191344302e-04
4.846089673064900402e-04
2.935774288365262377e-04
7.353331517082288939e-04
2.627658642291272632e-04
3.443063968002431688e-04
7.142137436867356751e-04
4.863898431250804886e-04
3.065035117431902118e-04
3.705392719840189903e-04
4.415849506926328182e-04
4.157086842616145310e-04
3.328043992887759484e-02
3.439792206518004956e-04
6.259950850087363369e-04
2.468598161836000997e-03
2.470542254189272004e-04
8.124191165142383500e-04
3.591654189734245790e-04
4.641190023411984489e-04
3.445081269559615742e-04
5.269288790236720688e-04
5.680697223332014300e-04
2.847435160463621172e-04
4.727848818293950059e-04
4.696690690233053331e-04
4.897676138402156385e-04
3.410931720838229894e-04
6.876424449975688776e-04
3.116940534234559812e-04
2.678988177574260945e-04
4.687171188698731512e-04
3.976438807440512454e-04
5.050363145833113802e-04
2.852793713943659894e-04
6.146598356832988583e-04
6.446341856268131233e-04
4.051954101674166454e-04
6.321030443864787208e-04
2.205944765267786308e-04
4.876366696439997069e-04
1.912026448598071172e-04
7.222310456542592808e-03
2.596570855313515844e-04
3.610032639605250272e-04
2.165023842927376414e-04
4.179821378937969775e-04
8.520766998945307914e-04
3.208851253269017715e-04
3.844202878676785426e-04
2.971382564268184863e-04
3.596880335963775679e-04
4.810471846701699613e-04
4.961365443111956115e-04
2.161341803170548407e-04
6.378595906113206527e-04
3.163324297457932653e-04
5.109376775024401535e-04
4.239797068183820904e-04
3.936429142570015225e-04
3.091598055729367391e-04
2.574142586127433881e-04
1.023883005667429371e-03
4.486030209565750179e-04
6.104231152064871655e-04
2.512229278470963023e-04
3.071629697280834617e-04
5.668584157937941971e-04
4.184510270095537416e-04
3.528018512439578896e-04
1.929027041951197278e-04
4.314855657126935476e-04
2.602055972302539733e-04
1.961138933763582534e-04
2.984511731485383463e-04
5.652623545737512972e-04
5.235175458899116521e-04
7.380595309540657640e-04
4.317115867084205492e-04
5.007853056229507856e-04
6.408992205191858154e-04
3.880084166578494061e-04
3.059687048557679315e-04
2.277930847071722178e-04
7.779070263721905550e-04
3.891778512269872714e-04
4.187960042263519952e-04
2.903762092899138088e-04
4.272572834328709833e-04
5.011853680192025892e-04
5.784675704302326069e-04
3.196370337905003484e-04
3.574469960152919235e-04
3.564338845182526082e-04
3.597488302211351244e-04
4.424141629980674322e-04
8.386510454287415426e-04
6.043062566730492266e-04
4.109027728688538126e-04
3.692658943066797861e-04
5.368566968055858311e-04
2.186119453785043652e-03
5.357955819141124254e-04
3.015300569617661362e-04
3.844046305466310501e-04
4.142603530383193980e-04
5.665499958254161189e-04
2.368172687137380075e-04
3.448007206602323686e-04
3.295068892194445232e-04
3.259859030399827880e-04
6.266569334465107999e-04
2.697547404049138449e-04
5.023806872859950135e-04
8.200182294210620580e-04
3.233992700153022026e-04
5.437614453043663251e-04
2.952865794012468344e-04
4.403484284181942779e-04
2.265143041423736464e-04
6.504398651775929229e-04
9.983711991263023201e-04
4.947959634575743769e-04
3.197096025316995536e-04
2.545432975197804378e-04
4.261832538757755542e-04
4.597919526995753467e-04
4.275980969381156373e-04
3.303415536882756760e-04
5.544363876594453995e-04
2.558625532236446674e-04
6.319846748500720229e-04
5.407159716825856192e-04
4.115244680325848281e-04
5.491206757214059679e-04
5.293388656708886706e-04
6.937218629798835249e-04
4.944869718526897226e-04
2.725528758524717278e-04
5.890569799169534815e-04
3.220066513679130642e-04
2.657442859280877341e-04
2.455115135807966120e-04
8.007213614497383104e-04
2.512229278470963023e-04
4.113166966935435714e-04
3.893229686095914569e-04
3.326290760422218658e-04
3.262022454093701173e-04
4.929966648700468161e-04
3.592149717969938486e-04
5.627952056852463360e-04
4.731160735477770688e-04
5.096823463580559682e-04
6.166511941220895665e-04
5.208879135475727017e-04
7.228662280946250704e-04
7.051501072687846577e-04
3.320420193782011413e-04
2.317482102941687883e-04
6.152148613295339505e-04
3.411895226355324967e-04
4.095737037282610386e-04
9.141296068045909112e-04
3.708766628581751596e-04
5.601974824659316978e-04
2.857654667471659269e-04
7.779632651050713641e-04
2.967392878010001196e-04
3.758096296463990993e-04
3.267668579365480119e-04
6.980288188463306450e-04
2.468598161836000997e-03
6.700107146100951283e-04
4.940032575099895891e-04
6.377929476766820531e-03
6.194099470383907608e-04
2.663133325576106910e-04
7.778182885588698315e-04
4.953986958393151799e-04
5.304994691592106442e-04
3.910685861447957897e-04
1.829761452985082014e-04
4.918657732172928947e-04
3.310899193731373677e-04
5.548029417863783400e-04
3.632659076081258477e-04
1.234765332678768078e-03
3.891778512269872714e-04
1.197164344236105894e-03
8.800593212128310578e-04
3.431443960114954395e-04
6.069513160654777147e-04
3.998076240250318051e-04
4.914925170064058432e-04
3.746407092941460184e-04
4.437173726468464797e-04
2.340567619489058353e-04
3.742416089427327559e-04
5.068368976005022640e-04
2.971382564268184863e-04
2.819838706063577580e-04
5.003314989703779459e-04
2.816509654849342313e-04
3.477669600073450529e-04
8.854318563078029860e-04
5.087728699343219531e-04
7.563954291423450162e-04
1.972179940882316459e-04
5.127710588350394613e-04
1.164424555227865478e-03
3.903581714380431698e-04
2.529962572349245113e-04
3.353049975153481817e-04
4.670201726121945684e-04
3.263894174345129085e-04
4.068853832028260838e-04
5.133360313401683951e-04
2.211555991585423123e-04
2.687323958823339552e-04
4.842967623979208902e-04
4.087866956099995728e-04
5.898595517035326629e-04
3.210535574368169384e-04
8.889471743686223632e-04
4.517815136523190868e-04
2.908726055899208914e-04
1.177352325344550778e-03
3.423496820593312532e-04
2.706523330116762313e-02
4.842967623979208902e-04
4.146559797019650005e-04
5.507398094141730156e-04
4.939694000244650770e-04
4.020638606261746307e-04
3.946500580360718497e-04
4.466822767013100886e-04
3.907624790730035544e-04
2.495236827514838514e-04
4.710936695814287793e-04
2.670832608412699607e-04
3.796420274061045887e-04
7.340727702225533814e-04
5.050363145833113802e-04
7.639770243566271690e-04
1.012953445591504697e-03
3.633658992278520532e-04
4.125459317893831208e-04
4.002423643054724340e-04
1.978884681280132821e-04
4.928638216077407862e-04
1.234113630549555675e-02
3.915884671195711108e-04
4.110382505380035011e-04
9.200047998468426037e-04
1.143063518386354610e-03
3.103599724453658918e-04
5.258111745814302018e-04
2.633498684366746608e-03
6.364118989431358881e-04
2.542804293515973642e-04
4.709884411806059749e-04
5.221266780289888923e-04
4.362555794123317834e-04
1.818117883823667526e-04
4.125365301248983202e-04
4.727156085719732138e-04
3.156325652720745807e-04
4.726182992556090157e-04
2.037207866943074159e-04
9.181936806022462016e-04
3.798689751335932873e-04
3.804455074874591542e-04
6.006165162517365609e-04
3.276594642425770536e-04
4.413221854994804822e-04
4.324164535520083705e-04
6.883162788071524665e-03
4.086264632730809087e-04
2.634268801712954752e-04
5.092944389828320522e-04
5.919177968031501171e-04
5.540913308980679975e-04
3.895164854285666084e-04
4.693780953989021613e-04
2.786845342985272054e-04
4.622262854053288622e-04
4.073119718263330477e-04
3.913151982228685018e-04
4.676647691198146709e-04
1.786705144035475581e-04
5.980631733002563302e-04
5.344915458852307925e-04
8.854318563078029860e-04
4.629448487476974677e-04
7.343488591889255285e-04
2.488142001486443825e-04
9.621761479731897812e-03
4.621224613647807213e-04
4.594233018946103126e-04
3.258939209588792045e-04
7.574052431300248509e-04
6.684953707490610790e-04
2.544115621678096593e-03
2.565256781250787287e-04
3.753712743687393112e-04
3.302337510214157189e-04
2.873889636252741596e-04
4.438241797916040203e-04
3.817720263377244309e-04
5.459666950564166614e-04
3.601261048931004996e-04
4.730217010860941372e-04
6.215314076525278730e-04
2.979931619147416829e-04
9.621761479731897812e-03
4.130934470656287224e-04
4.838017171980027670e-04
4.959996745699777904e-04
4.928210557914868310e-04
3.367405310077379210e-04
4.173464414788119210e-04
1.506018576750845980e-02
8.956671860840212732e-03
4.260064656943130142e-04
4.936422126302166848e-04
4.155002716968207114e-04
6.647401416415163683e-04
4.374943879767465103e-04
4.269642408459600920e-04
1.308080275302753344e-03
5.058852615310138311e-04
5.070414623018888950e-04
4.621316514817848712e-04
6.401682761924261215e-04
2.480221534567403482e-04
2.598407528002502566e-04
2.357682883392410705e-04
3.536288551547954830e-04
3.906283626072758718e-04
5.433086304914078310e-04
2.551672603196378534e-04
2.883340120466878196e-04
3.188104271468617640e-04
4.230544018190964613e-04
3.365589119066895768e-04
5.726327002688512630e-04
3.273058281130266224e-04
2.213254669837095949e-04
5.355365621110827002e-04
2.208242512356171883e-04
3.648165097745161771e-04
1.109681135456857268e-03
3.745710106844141575e-04
5.009705745023742716e-04
5.960178472567399278e-04
3.392836551936155728e-04
3.139542065214445004e-04
1.999637597846336419e-04
5.115132961029992230e-04
2.886627438192308943e-04
3.166272998058154708e-04
4.794321944940547727e-04
4.643655101595159265e-04
2.141438072127202497e-04
5.521194486647027248e-04
4.293974335148377681e-03
7.109311660968371718e-04
3.192622758387634045e-04
5.675148365096665225e-04
5.360445071736478660e-04
6.110045674666448072e-04
4.575335525988582044e-04
3.627049990886925166e-04
2.634199732684510548e-04
2.570730075150750118e-04
1.052095841119375175e-03
6.028864940675765244e-04
2.240251159411308659e-04
5.133360313401683951e-04
4.375742621608224377e-04
2.098407696369082511e-04
6.415436216950303697e-04
2.911358592332974511e-04
4.073039476531394726e-04
4.327852972531791406e-04
2.458676599901156554e-04
3.065193365167216038e-04
3.064856833803158813e-04
4.195064069554310963e-04
3.966732087901290679e-04
2.753501057621270814e-04
3.926528084291965319e-04
5.521330142910850329e-04
4.046080519193885334e-04
4.069347430226254864e-04
8.380590622826727737e-04
3.891778512269872714e-04
6.457931675521843412e-04
2.793906303816791141e-04
3.521932784040850985e-04
2.553082343643444893e-04
7.619057435728009923e-04
5.456625442467250876e-04
2.676490347693282162e-04
2.571222780633185549e-04
2.804734982844627866e-04
3.147328539104224821e-04
2.766828085924624009e-04
3.320426741668664871e-04
4.135538906373865302e-04
2.567175404894647098e-04
2.792494598192678625e-04
3.836688337086246385e-04
2.052436883040657345e-04
3.731296435915604551e-04
3.205932117770009227e-04
1.197164344236105894e-03
3.088768112510359410e-04
1.816623886207436277e-04
5.513038166766102933e-04
3.059466079427025989e-03
4.918657732172928947e-04
4.730217010860941372e-04
4.175497998801610991e-04
6.194099470383907608e-04
6.666845661260732822e-04
3.847098861487206517e-04
7.084804833179001804e-04
5.574492337723296279e-04
2.947755375888433914e-04
6.505243792013928146e-04
6.105969249217863297e-04
3.651600898563322887e-04
3.826332728781947656e-04
6.384227282245787637e-04
3.241514544778832316e-04
3.050264084092785266e-04
4.291342170484819586e-04
7.532262644276892325e-04
6.193474592814636817e-04
1.978983035826337308e-04
3.801224008197638714e-04
2.688645398194437633e-04
3.153977388029399168e-04
9.086406178274399796e-04
2.711176452562329663e-04
3.684326136019392501e-04
3.898244702893654341e-04
1.821344570453074449e-03
1.601141100620232655e-02
4.535202165919800907e-04
3.406533169146712696e-04
4.206650770643013634e-04
3.228073769845710757e-03
3.978898578157212453e-04
3.129963838263628471e-04
6.174135503252083969e-04
2.483101069093333413e-04
1.777769044783930206e-04
4.932418078499102880e-04
2.422288283073017480e-04
7.829323819258844370e-04
3.270097794088648807e-04
1.161711818170039481e-03
7.380595309540657640e-04
2.172247226958261355e-04
3.784878864432902413e-04
4.290044807395885736e-04
9.147236963828055773e-04
3.438545881769191617e-04
3.526687540185685491e-04
8.679867706528250366e-04
4.856892641291721789e-04
4.303732780347140747e-04
7.519667866868905062e-04
1.173183882688628521e-03
3.437712487785895112e-04
8.295620126066863623e-04
4.172777767238571305e-04
2.015737179092983908e-04
3.244232732546628280e-04
3.747481050858474105e-04
6.173400243192094829e-04
4.085344358693616018e-04
2.802548335661309052e-04
3.894402279724369469e-04
6.921333203104062864e-04
6.230938427532068660e-04
4.039261543137429174e-04
1.099797019605903720e-03
5.318746590978150595e-04
7.384930970312757062e-04
4.115244680325848281e-04
3.431085664821325871e-04
3.519465228203006238e-04
1.745026444369160825e-03
9.891055040620862302e-04
5.570616928580783903e-04
5.653441590767155182e-04
1.836661136241522687e-04
3.729446259750992284e-04
4.516736649721724158e-04
4.575335525988582044e-04
3.216896022300991796e-04
7.990835500478832374e-04
2.366258431238484799e-04
4.994689621588292629e-04
4.466220612158749602e-04
1.030660469876034865e-03
5.188085208331020669e-04
2.561687532552966019e-04
3.993607828341241015e-04
2.455115135807966120e-04
8.331787702588112259e-04
3.556579983527912250e-04
5.258132899662279784e-04
9.145553995041343651e-04
3.019927947993127949e-04
6.174593174301769771e-04
4.224291942889474424e-04
6.287156340727434890e-04
6.908564971711359665e-04
4.133712893130981605e-04
3.008048548309007284e-04
3.949967758529319734e-04
3.906663943707060845e-04
5.407159716825856192e-04
2.280695345858971843e-04
3.680093657937517134e-04
8.062271411079747693e-04
5.314195860513392820e-04
5.465980143395401079e-04
5.797270896460203580e-04
4.286212888806451146e-04
2.579562319363540475e-03
3.891778512269872714e-04
7.046607749167129028e-04
4.324520621959527058e-04
2.185131229293008396e-04
4.701836156409984068e-04
6.139009621661476596e-04
3.529841762478677343e-04
1.269123816204956526e-03
3.113082217928967604e-04
3.122521489585609856e-04
4.323030304627119270e-04
3.986822602034181947e-04
4.603729779290957917e-04
1.352983967751376308e-03
5.433965452245459850e-04
1.599599109274198140e-03
5.092217478259515769e-04
4.525602764509564367e-04
4.478817662969590638e-04
4.125636591736725283e-04
3.788918092371875291e-04
6.446341856268131233e-04
6.323232487698423557e-04
4.661307108935992881e-04
1.043057740098470368e-03
2.001111746118516930e-04
4.489167866888820022e-04
1.858189516610252135e-04
3.281406076032571356e-04
3.256458851445169305e-04
3.542017642785500668e-04
4.026703713745480220e-04
7.129436966490384315e-04
3.869844724030276051e-04
5.620662843768910221e-04
3.461604845096724874e-04
1.785162066012211128e-04
5.513038166766102933e-04
6.818333840765455943e-04
3.710371948256128418e-04
2.280850849038867055e-04
2.161341803170548407e-04
3.698735306176267694e-04
5.695826589863260203e-04
7.886541528121263035e-04
3.930068678012814073e-04
9.803217847362622264e-04
3.353049975153481817e-04
4.334567935411656444e-04
4.938088629889879821e-04
5.402457003683692723e-04
4.979388404494931647e-04
3.042049955151298886e-04
3.454916502482706635e-04
3.481966114162942738e-04
7.779070263721905550e-04
5.609406592171744524e-04
1.885164690611402529e-04
2.610813461729181062e-04
4.550271133223439055e-04
1.855277109588262358e-04
6.064597203127661956e-04
6.253853601980002494e-03
5.368593883213468570e-04
3.059466079427025989e-03
3.084042634707977204e-04
6.089609519512231145e-04
2.811822302085541432e-04
7.962709173398680937e-04
1.926603032890977741e-03
6.104353934967654376e-04
1.837125587041524115e-03
2.468598161836000997e-03
3.230956289693047217e-04
