3.462322607125506977e-04
6.195132994869100192e-04
6.766706650048073899e-04
5.897625863131298512e-04
4.245798097340127667e-04
1.271473864734087031e-03
9.147907605378086896e-04
1.203825675386707011e-03
7.011210946784284795e-04
5.311338153574761281e-04
3.107394613748624274e-03
9.169458343846574599e-04
5.405020805358955486e-04
5.822326271384168457e-04
1.385858303521956712e-03
5.302041926983898455e-04
8.479659260660358166e-04
1.238197371142734727e-03
6.944641806645793225e-04
8.990761772528878867e-04
6.363874330900691012e-04
1.214642968093694771e-03
7.932850335996467382e-04
1.451934149822371950e-03
8.552982732157993727e-04
1.042027578878979531e-03
1.313729206619681242e-03
2.358085920363328734e-03
8.319537282744482020e-04
1.068686493128732625e-03
1.096529679374923889e-03
6.788063112937531502e-04
7.894751121187565390e-04
8.229267412590002273e-04
9.367814601887343700e-04
1.043136119522313551e-03
4.726830559667545063e-04
2.803479488584271345e-03
1.529216106463142681e-03
8.958432037276667977e-04
4.759605786782696263e-04
5.172223530104897793e-04
9.657341813780448469e-04
5.428215220147854280e-04
1.169901892072018786e-03
1.743922521769748898e-03
7.068360953640686044e-04
1.521336359884844884e-03
4.427961901068742196e-04
1.184831601012333556e-03
6.186523786768779662e-04
1.533218829581821027e-03
3.941066421434801783e-04
1.185309664081734106e-03
7.462030955708311673e-04
8.191511600927778520e-04
1.095113273107396930e-03
5.694339184260106389e-04
1.161986400935157305e-03
1.908847350399280312e-03
9.547189280657074166e-04
9.468005761571513142e-04
6.953299985021278327e-04
1.850050222505048893e-03
8.420206186029553916e-04
1.409699373441630635e-03
8.978792314116210670e-04
7.115226838964482841e-04
7.622899256951687179e-04
6.127530523075649157e-04
6.008959470285660806e-04
6.722630873745483356e-04
7.749540469271035950e-04
7.036456836447708149e-04
8.896871552797967330e-04
9.568494976913663767e-04
7.855146584344880993e-04
1.867231218121546878e-03
7.834450989867308311e-04
4.704866329966619714e-04
8.858397095068841530e-04
5.811986526087747473e-04
6.870472069856486562e-04
8.140612932933670616e-04
1.847465601943004080e-03
2.311124499540717289e-03
6.368835505283180088e-04
5.558837585194354846e-04
3.782107708223423422e-04
7.581503123457783346e-04
4.590973316743806676e-04
3.232540628927833750e-03
9.321700781329525422e-04
7.519820332588227768e-04
6.357183864531179476e-04
6.327891356366420299e-04
2.088438862806506983e-03
1.150554717593597854e-03
1.274028416590552168e-03
5.908013414794171820e-04
9.201817988139105852e-04
2.139022998424801574e-03
7.158075514049544105e-04
1.013845220428777859e-03
8.323219951404568166e-04
7.782687968796751310e-04
9.971163574729884245e-04
2.008822864082942736e-03
7.754804652441625807e-04
9.437337740455443340e-04
1.248394796736711871e-03
6.816653767167937458e-04
1.350489268331619150e-03
1.041466357646005482e-03
1.064471377025838061e-03
1.395702647417202498e-03
8.002191667304312363e-04
6.877826259879592317e-04
1.010506423339854049e-03
5.903769442451425658e-04
8.650734308587703768e-04
7.154175301114048440e-04
5.594854950389829785e-04
6.396844645662050138e-04
4.099564766565437198e-04
3.170013062563192211e-03
4.440996386087343525e-04
6.970869895844636083e-04
7.089083040800397495e-04
6.310945558560990092e-04
9.533662840729602295e-04
7.854027703445151058e-04
1.025382079249672175e-03
6.375439636167912509e-04
7.462030955708311673e-04
9.505398208249094807e-04
1.063153645457375973e-03
1.387978647974083459e-03
2.375867427396233678e-03
1.423163449701397073e-03
7.928055559410957269e-04
1.262518792969152814e-03
7.156616456777422069e-04
9.981641846251102911e-04
9.043905538631655423e-04
7.730356260204846244e-04
5.276795626271892775e-04
1.127645398933869482e-03
2.163371278662805375e-03
6.715965181614576415e-04
4.980716882474202052e-04
1.149572306040949708e-03
3.710421089192380249e-04
1.458461153246617742e-03
3.421795150972249070e-03
6.173108985610312833e-04
5.272350140778037314e-04
6.936354029401575402e-04
5.981923162253557913e-04
7.249835826605397241e-04
1.297835673596257552e-03
1.571440915868886710e-03
7.928456587209987841e-04
4.039042109434578653e-04
1.200495768432728030e-03
6.999514531552168900e-04
1.094863570162383408e-03
6.203201105006686707e-04
1.002314573851678442e-03
4.198946364872367513e-04
1.409821711069448235e-03
8.275363253124918151e-04
7.569502617826998417e-04
9.653530333602008441e-04
1.155178541708686783e-03
8.323770095024163535e-04
7.456054229273021078e-04
4.852599461019511604e-04
9.937411133700607604e-04
8.229724196541389611e-04
7.648368220716980073e-04
9.001977621643532639e-04
7.485772519701379499e-04
7.384474894866337744e-04
7.667932755860586277e-04
1.084341490438262869e-03
8.047936676997333302e-04
1.513139018665087638e-03
8.094101015558676556e-04
1.119053033050187215e-03
6.850260199746902338e-04
1.041594707604445811e-03
1.784997472988337488e-03
2.201899897814012588e-03
9.205775482546959881e-04
1.094174230548990981e-03
1.665398999849659455e-03
1.188000882622127982e-03
5.994044497450810166e-04
8.767230628826926933e-04
7.896568978417628677e-04
5.817623307271288340e-04
5.892753258184077339e-04
8.741663643661865338e-04
6.496459123700732818e-04
4.704866329966619714e-04
6.435692587000600489e-04
9.135190013650020847e-04
1.166576112174345014e-03
8.805026706176316510e-04
6.449408426608741179e-04
8.662641208496992245e-04
7.935156249151390125e-04
9.295588978162887955e-04
9.205775482546959881e-04
1.396548026213771014e-03
1.723860428751929812e-03
9.035114896973071895e-04
1.375092665120603626e-03
7.082946543746705985e-04
1.298832116710709654e-03
1.025382079249672175e-03
6.234625069992572217e-04
1.442431304707246943e-03
5.423008747281431174e-04
1.291384178465241304e-03
1.218052084444953050e-03
1.048050668920928654e-03
9.926547553570895261e-04
3.040604298084688146e-03
9.395253671365197271e-04
9.099095781569137070e-04
7.732397089355880779e-04
6.991595169728834257e-04
7.495444639380974576e-04
1.410447425518318284e-03
9.000979110759621624e-04
1.278510478607041865e-03
5.196070305498842919e-04
1.337429415954942153e-03
6.325577940213117627e-04
1.827450995119910514e-03
1.068412063316541167e-03
7.047479592151040815e-04
4.906891026904124792e-03
6.974213626018738090e-04
6.547362766664471855e-04
6.753455637359873000e-04
7.352792251933064176e-04
7.206659812495378944e-04
4.714698346841760738e-04
1.306860160295895881e-03
6.588170116694309561e-04
9.410345173792702749e-04
1.372641735083048216e-03
8.972010978169736280e-04
1.585207160040722364e-03
7.035172565744156510e-04
1.094781630887053502e-03
1.193879914907565844e-03
1.284501685820001009e-03
1.353101066307352621e-03
9.745922315306173060e-04
7.409205001321823598e-04
7.887546027395089289e-04
8.998393017964983163e-04
6.276507083722125549e-04
7.601502173474803097e-04
2.869960450546984987e-04
6.675334616211721622e-04
7.143573135604057130e-04
1.868636396602128867e-03
5.311548267521331614e-04
8.485268505793645919e-04
9.253847664508253485e-04
6.867813108743506994e-04
7.112824570215285159e-04
9.211845997967848523e-04
9.140452059999868654e-04
7.330023989925308139e-04
8.313805169682895188e-04
7.039993568974592516e-04
1.319815080918034216e-03
5.638218389097045561e-04
1.125230184357182148e-03
8.338766246766043857e-04
7.655856060041578209e-04
1.505962849311378183e-03
1.388840240315269330e-03
5.536949977449441476e-04
6.401984116717103100e-04
6.500414383407276129e-04
1.237636061983920892e-03
6.357183864531179476e-04
1.471688133796781673e-03
8.767230628826926933e-04
4.447595565464381416e-04
9.295435687885968568e-04
5.822326271384168457e-04
5.672721555881599358e-04
6.925484978806793626e-04
2.311044464670730225e-03
1.041245617636354275e-03
9.979759257486211111e-04
8.642357271731499098e-04
1.063380489901727746e-03
2.044581577810077738e-03
7.547925548614208132e-04
1.449834470013548152e-03
9.423606726350611988e-04
2.368153770830232555e-03
8.186606280463858652e-04
3.232540628927833750e-03
1.727236621847532501e-03
8.596129141647895983e-04
9.921380613051116425e-04
1.258398433802806375e-03
1.036349597097385201e-03
7.658627103560759026e-04
6.332015406982888879e-04
1.172627813409409794e-03
4.651287227279460486e-03
6.330726468237661379e-04
7.855587006170085306e-04
1.052985111544067374e-03
7.480620204468009038e-04
1.624829327544203292e-03
1.072038413814910707e-03
1.305754890194250027e-03
8.964746432881924316e-04
8.208468300636090689e-04
7.955189884985427269e-04
6.104335550511041063e-04
7.063279851601229420e-04
3.992266251856817910e-04
7.162147842816457685e-04
1.436392005110184939e-03
5.887821232797153630e-04
8.238611281539129968e-04
3.063461462777578373e-03
6.922984437035892150e-04
5.159542860074321476e-04
3.631293764806622394e-03
7.527817138143637387e-04
6.780790614167142138e-04
7.507968879320333190e-04
6.060414674252864991e-04
1.161503221699413963e-03
8.131387083626208725e-04
1.129904770510586475e-03
1.358944992331371972e-03
1.559032872914354858e-03
7.436754353250471256e-04
7.633737318715369232e-04
4.790578899345690890e-04
7.015067182258793391e-04
6.267169819720363804e-04
1.141044837301203327e-03
4.498850313235798720e-04
9.505398208249094807e-04
8.275363253124918151e-04
6.557802004992105633e-04
8.192307335474955342e-04
5.715083249022019076e-04
1.041594707604445811e-03
7.411606749666135646e-04
7.667778392990772397e-04
2.996242744148583555e-03
9.099640243078763267e-04
1.163229970886018715e-03
8.160189418243750598e-04
4.912584606373774764e-04
4.602495615226865613e-04
4.431189733396190765e-04
1.318154665818976976e-03
1.177268555971918221e-03
1.376405961825658431e-03
1.471622820393713805e-03
9.789080461405277184e-04
1.857271366637221199e-03
1.842585898196877434e-03
1.350308832560604810e-03
6.424392902060655245e-04
8.518472227293772368e-04
6.317410781388814412e-04
9.647012785329440966e-04
1.628994447798278854e-03
7.243612645532359522e-04
1.366051252958196344e-03
8.174300320024267081e-04
7.099382187272400063e-04
1.366679664607163341e-03
1.538605957838094394e-03
1.141084189450670755e-03
7.988853286183972974e-04
6.869373925395504382e-04
4.099564766565437198e-04
1.071588105461438248e-03
5.173637133149305194e-04
1.112856726807543361e-03
6.930273768425593587e-04
6.357610247013802509e-04
1.037486325850952348e-03
8.427407632378293000e-04
7.599991213744140177e-04
8.688872380056162368e-04
3.740893448412093824e-04
2.720617988402261773e-03
7.923403215612844289e-04
3.094478773082541025e-03
7.046651451683635936e-04
1.449712487550273510e-03
1.151509931953066581e-03
6.575118182480868545e-04
4.759572302097582084e-04
4.987327835575728783e-04
7.828619936001603033e-04
6.674070865680187736e-04
5.194236201136868307e-04
1.160754424650671350e-03
6.882131768355917618e-04
7.953403248947948359e-04
4.644718931590181995e-04
2.323721948429343688e-03
1.439327507852139042e-03
8.463769590618325841e-04
5.845702381777482170e-04
8.185662640796195636e-04
6.850893849459864906e-04
6.090827413298318792e-04
9.301420490542022280e-04
8.247197566200103677e-04
9.043139892100273813e-04
1.274130072999980247e-03
8.782543607379840510e-04
6.134133407422930409e-04
5.747084771791142023e-04
3.891485646502021597e-04
1.227446529758772532e-03
7.825484532458831972e-04
1.469368256991837075e-03
7.868794189310555215e-04
5.589186948047719216e-04
9.173513186792503667e-04
9.688504298780446691e-04
6.441744784818077395e-04
1.203825675386707011e-03
6.307554719207707867e-04
1.187814755277925632e-03
1.159367772256061956e-03
8.927025525473262450e-04
9.889659270074424493e-04
5.255461339529590757e-04
7.308797950244361836e-04
1.560341395709775088e-03
1.216764443452740410e-03
9.658446013316668516e-04
5.851609962117122320e-04
4.454819890210169522e-04
7.601058318410896771e-04
9.400458816189044293e-04
1.402271753834351785e-03
9.510716546033787201e-04
2.008822864082942736e-03
1.178026485113984560e-03
3.757549735589626213e-04
7.558465046774217200e-04
6.389337260791921620e-04
1.524333315801111501e-03
8.938949238385056990e-04
7.125460639378955506e-04
5.743819031299631775e-04
7.150459286878559821e-04
6.087886341167963707e-04
5.782125655278792320e-04
1.169379598335974638e-03
1.302530833913203125e-03
2.858141613186946772e-03
7.942593235602061477e-04
5.708738197341816376e-04
5.823930688609123664e-04
1.216060404767273445e-03
7.775430708064554313e-04
6.044320540330563657e-04
1.030205204718005318e-03
1.925321657459721017e-03
1.024160805693211671e-03
4.177619051588899422e-03
3.846091901268217333e-04
9.641073059358945280e-04
8.081221191290231462e-04
9.079093420356663209e-04
6.560619710252249548e-04
1.749185724170100294e-03
1.568006600704461477e-03
5.464526930242275286e-04
5.775260715551436188e-04
1.295040011271437683e-03
6.205585827776237970e-04
1.082361145755175291e-03
5.303564064156961839e-04
1.085502924384734247e-03
1.078623419803332630e-03
4.094807542904791331e-04
1.129176185881202322e-03
9.425447076212558825e-04
8.402071541811572493e-04
3.318148493456969227e-03
6.806952815491344169e-04
6.071265587594119363e-04
7.475688728431650366e-04
8.662641208496992245e-04
3.816496655002475928e-04
4.687672004142953274e-04
4.548409388340929620e-04
1.936227628162324457e-03
8.633778762907675123e-04
5.785165511333020295e-04
5.932615137554860538e-04
5.430037108553440080e-04
9.364030834653836247e-04
7.591493658689882958e-04
1.546800418077948431e-03
1.817734256238046726e-03
7.428665632391994334e-04
1.464065572379500638e-03
8.688525655991647615e-04
6.245696327486402162e-04
3.944860386131981869e-04
5.399477312264259121e-04
9.620024260717523115e-04
9.702835248143264982e-04
1.889514345574546967e-03
6.665148157516176180e-04
7.816297737187674882e-04
6.565066426009405097e-04
6.036016299706543605e-04
4.593925450478764973e-04
5.492141533028832090e-04
1.820123846541653063e-03
5.379660160568680398e-04
1.467621434492174344e-03
5.130040013581133387e-04
1.095611444517616533e-03
1.527706209081430323e-03
6.384926143601685851e-04
6.037753681480853389e-04
1.175125149788951379e-03
5.575763531547347877e-04
7.882670255544087885e-04
1.306468654722470982e-03
6.375799239764311623e-04
6.428271498434758469e-04
8.211220567253484613e-04
6.958423010642373523e-04
2.752403891397392152e-03
9.688950448261069099e-04
1.058366962723994746e-03
9.502018049588731221e-04
5.393053460237203249e-04
1.206589237000366480e-03
6.032854415686096476e-04
7.324591506686954851e-04
5.235684940241841631e-04
2.026922375278584262e-03
7.427295654417974662e-04
6.952292563353696048e-04
1.022051453716102615e-03
5.558540782601801775e-04
5.785165511333020295e-04
8.994254965558175436e-04
9.540827653414330010e-04
5.704808958680738975e-04
1.022079860920399597e-03
9.530428862229359385e-04
4.875159808682163988e-04
1.360295237265354579e-03
2.894164815635424069e-03
8.136944316934429343e-04
3.268309218711419693e-03
9.620024260717523115e-04
1.142470928400959873e-03
5.885480317155264082e-04
8.717604391057140988e-04
6.739737512393010384e-04
1.009187469960107220e-03
5.264677279749035294e-04
1.045693922902533575e-03
5.549193329506630972e-04
7.896298320448068850e-04
9.303821300886119718e-04
1.322890356013448716e-03
1.180673155633480418e-03
6.064561445155934030e-04
1.247051606846580687e-03
8.282912192869725746e-04
9.925446413056944646e-04
1.140175680212832674e-03
9.107918434358078588e-03
1.058622735736606353e-03
8.659952482683578494e-04
1.232651885621809801e-03
2.299786745492895992e-03
7.264399937611460203e-04
9.190777162426001920e-04
1.147782164304895830e-03
8.729695596644083738e-04
6.933663474109697314e-04
6.552403877769955943e-04
1.679052636050882641e-03
1.062134865377969105e-03
5.549585260440099282e-04
7.067258648866917318e-04
4.832756564912945641e-04
9.231290921438273624e-04
7.613252616704709692e-04
8.442631778431512746e-04
1.366051252958196344e-03
6.163108889149796149e-04
1.414248265999625432e-03
9.940587599989475932e-04
7.094232925737729758e-04
1.858018969471273785e-03
7.899010102365213457e-04
6.399913719447946443e-04
9.981641846251102911e-04
1.006765938389314564e-03
1.059700613568047506e-03
5.272582746436726715e-04
6.932246707602191665e-04
7.536329531038854848e-04
1.145109237640392014e-03
7.477061851753291719e-04
6.150930517610280141e-04
6.166781413918962992e-04
9.826754007629440093e-04
1.060106277118989977e-03
1.038041124598070323e-03
1.067506145528281667e-03
1.362335345537458130e-03
6.770446799095453496e-04
5.345295862092463513e-04
1.843371777937918192e-03
5.750894934716647717e-04
1.701044700527614729e-03
7.606564126091488499e-04
1.646037433910045632e-03
7.799160501224172487e-04
8.968661242644642394e-04
3.071991851065615595e-03
6.834253910114923732e-04
6.662414549907362017e-04
5.428215220147854280e-04
1.097351091824796780e-03
5.222908609173779844e-04
2.858141613186946772e-03
9.723994620567848537e-04
2.375867427396233678e-03
7.903976740197777911e-04
1.628310018637726562e-03
6.091551566061211963e-04
1.125468227241245914e-03
9.300706440863130021e-04
1.227285173331729880e-03
9.296108847846598026e-04
1.641144487536727549e-03
9.641073059358945280e-04
7.439468107410662908e-04
8.320566014183495467e-04
1.001564024087273769e-03
1.532789574766789831e-03
1.228633632457954089e-03
5.862494330739983790e-04
1.037660860705475136e-03
7.789305026969014101e-04
4.166598315327985601e-04
6.560959339996162406e-04
4.176552523721473349e-04
6.352219333762808284e-04
7.186757323233579874e-04
4.713855789978901065e-04
6.131731458031753658e-04
7.178391017639690602e-04
1.225320188527283857e-03
6.469447843605259565e-04
4.370450214740107214e-04
7.105448740467609856e-04
7.698690727409105827e-04
7.308992183917301794e-04
1.216541692504726760e-03
4.018390936944766828e-04
1.209915878761566328e-03
1.013581054654564672e-03
1.597329015684094194e-03
5.645980850025955969e-04
9.652750835275138207e-04
5.146365721878444792e-04
6.280500445568790256e-04
1.456871295192394391e-03
9.356306323666265228e-04
1.088747889778116356e-03
7.330042079255653193e-04
9.955534375291608378e-04
8.342588169506535501e-04
5.071846997340359467e-04
1.954054022004485681e-03
6.280500445568790256e-04
6.683695776527112924e-04
4.163843217119788374e-04
1.396136551026782224e-03
1.121247006208098184e-03
5.806374618125728334e-04
2.352790098348438771e-03
1.038269098493606367e-03
9.983611850926203939e-04
6.626205294576758848e-04
6.674941015661169834e-04
7.084711860102807599e-04
8.315001634797983742e-04
7.515386566404823852e-04
5.672869253434817058e-04
7.547589116706016543e-04
8.076219909908708642e-04
8.178116340585661701e-04
7.598922621931256853e-04
1.469270780363738857e-03
1.067967636580495960e-03
9.035114896973071895e-04
1.230107658051173046e-03
1.010272776906460165e-03
6.154825669463884772e-04
1.216451501805960187e-03
8.408586136157035961e-04
6.384926143601685851e-04
7.775787276412768909e-04
9.010248145274726492e-04
7.685591626336376074e-04
4.599234207776584787e-04
8.442286453993963968e-04
5.934498798781780377e-04
3.642573498233216155e-04
1.752966102185240637e-03
1.440240932269104112e-03
2.235831496269408570e-03
2.874275870897444792e-04
8.782543607379840510e-04
7.749107300622158330e-04
6.647985543342295337e-04
1.105773277064396598e-03
5.986260968514452640e-04
8.335035558652593990e-04
5.604429039074131915e-04
1.678573486913186464e-03
9.531676731646840329e-04
9.401503140656089713e-04
9.055865105822545353e-04
1.024714993837673102e-03
6.144455909381879534e-04
6.660933395286639533e-04
5.624636670273257602e-04
5.618849254447414723e-04
7.307071560621247394e-04
6.268251158922212921e-04
8.895281062292476190e-04
3.957302360035831659e-04
9.637268976992663036e-04
1.083471484249333254e-03
1.481543563359005158e-03
9.419589572690850818e-04
9.847025090883700441e-04
1.513400524252141296e-03
7.857387163487931274e-04
1.532789574766789831e-03
5.506061958943422310e-04
7.878641456249268213e-04
5.693626665128808176e-04
2.829906516074570319e-03
1.958605460915655884e-03
5.480680510607875136e-04
1.409794373024945155e-03
1.089297955613124577e-03
7.562948146351660935e-04
1.038269098493606367e-03
8.315001634797983742e-04
1.822134251287260741e-03
1.460132570912840710e-03
8.671149017845778849e-04
1.060779614304335457e-03
8.767615146283947933e-04
8.107624942461803602e-04
8.577120579245308980e-04
3.635318675095624598e-03
6.122614813420193145e-04
1.582814993915547617e-03
7.427782877912971230e-04
8.797991132270949199e-04
1.817385068465159894e-03
8.040802384221334758e-04
5.747240552985626938e-04
4.606666897377970798e-04
5.940669820303366884e-04
7.747102731510247626e-04
8.115530004945544981e-04
1.044399604611634521e-03
1.125777009574319967e-03
7.164004872876320778e-04
7.112824570215285159e-04
4.118940167842230428e-04
1.494428482194122424e-03
8.217834719196771397e-04
3.675017655847380785e-03
1.114778087810596547e-03
5.657287323318774741e-04
7.747102731510247626e-04
4.709525169549928238e-04
8.890986387521914976e-04
5.185623662694603718e-04
1.438455446686891194e-03
5.685626297151363676e-04
5.183041237566749686e-04
6.842007150339825868e-04
5.572765096793141568e-04
9.265993262924936309e-04
1.059868767551769373e-03
1.708981804087155191e-03
1.324891497802570565e-03
1.023511134601014531e-03
3.712992800739325352e-04
6.423302789724838783e-04
7.628601740924602533e-04
6.211443662887010993e-04
5.972143110953684244e-04
7.606564126091488499e-04
7.799647572139983874e-04
3.375268580180120479e-04
5.120593707079188275e-04
1.295087004066816216e-03
8.727405828157339292e-04
1.439373807821774619e-03
1.426922919258517570e-03
8.199331090486826389e-04
6.429845507601634775e-04
9.790288306515246199e-04
8.761186037202458362e-04
9.205775482546959881e-04
3.359642706045859288e-03
3.616476105379974799e-04
3.536669969374452876e-04
6.793050697436883115e-04
9.736571022144493125e-04
1.057272692975558606e-03
3.631293764806622394e-03
6.181820968307288715e-04
6.855049613564181661e-04
1.821864261106616442e-03
1.592133642763288908e-03
5.704424619538818290e-04
8.323770095024163535e-04
1.409699373441630635e-03
4.615825118816368360e-04
6.130542092576745858e-04
1.017340575325880944e-03
2.019149575586820858e-03
1.325511200376687385e-03
1.311034942450055481e-03
1.013038129477027366e-03
1.016219373166987825e-03
2.554892278525581085e-03
8.323770095024163535e-04
1.254455477156822324e-03
9.081477481943052215e-04
1.084976898549137956e-03
6.824028846123448861e-04
6.684619111761586898e-04
8.675947259144423411e-04
6.122951618974299291e-04
6.325995537209302922e-04
9.570107972268779382e-04
3.944860386131981869e-04
4.502607799719325968e-04
5.017828161903786170e-04
9.776423079423208692e-04
9.131292431573975830e-04
8.173172816708608110e-04
6.759741573680290655e-04
6.522352275129711689e-04
7.249765393844312227e-04
6.645246644781076240e-04
1.465943944495104456e-03
7.620026377951616414e-04
1.189091953011774941e-03
8.727787540374923282e-04
8.000820562792719613e-04
8.656899326417461654e-04
8.834023744575230774e-04
1.531155763033681351e-03
1.034693284287054559e-03
1.278075398680508356e-03
1.197918170524861232e-03
1.015355817066495529e-03
1.037016848935084536e-03
1.374541847723669214e-03
1.280092301060501651e-03
7.501799659947979478e-04
3.604480789650913852e-03
6.615821108713223998e-04
1.104143478300994435e-03
6.400184962612715618e-04
5.379628906547752028e-04
1.280581602426383988e-03
2.688159448813861371e-03
8.927426949817601548e-04
8.524619449888952904e-04
1.124361372324783571e-03
5.647849904732965120e-04
3.097127614210905310e-04
8.586120667880844199e-04
3.657507851858887737e-04
8.535033902120878245e-04
6.897803009719652044e-04
7.600833474198521577e-04
7.099679305741681120e-04
6.882294439721116245e-04
7.757131701634609362e-04
1.300516970693812481e-03
6.948697416489768011e-04
7.732397089355880779e-04
2.019149575586820858e-03
9.170511835875356892e-04
1.261943233337124758e-03
7.251206490372652264e-04
9.363834855285606577e-04
1.344130028626602845e-03
7.907918933448890558e-04
1.074836713312062215e-03
6.428271498434758469e-04
7.025226867522849430e-04
5.120651145016250029e-04
7.246021718653938501e-04
8.682465557926970570e-04
6.201385876934700650e-04
6.449408426608741179e-04
6.203841381845852767e-04
6.728678529867574603e-04
5.753159265970824452e-04
1.368095114889200528e-03
7.034666483181934316e-04
6.199349137480940526e-04
4.454163834519684934e-04
5.345171229081518418e-04
6.748002010829079510e-04
1.527706209081430323e-03
4.630791380724958491e-04
1.123053985345034023e-03
7.591017479395078356e-04
7.495355852775183571e-04
5.507084355908657995e-04
7.062865573855775601e-04
6.087839498466868747e-04
1.243198864752199798e-03
5.900481125795039054e-04
3.414045202077609412e-04
5.976621420318836480e-04
1.019754497740950772e-03
6.485024004650427653e-04
6.216858042588056799e-04
5.998909421509756755e-04
3.811013443660544531e-04
5.517690516666206571e-04
1.260165323065135564e-03
7.968007736015140802e-04
6.842007150339825868e-04
1.046329588536553182e-03
7.582763951149028205e-04
6.196216093877028380e-04
2.044531555384655405e-03
9.641073059358945280e-04
5.887821232797153630e-04
1.972169686655173004e-03
9.650648401735926595e-04
7.475085601790684145e-04
1.407024284303985727e-03
2.294176332846755567e-03
1.401507816141037317e-03
7.944973395632633781e-04
1.938378043138284327e-03
1.368573927790554768e-03
9.147907605378086896e-04
5.530442555722014627e-04
7.295231486714063912e-04
1.792589351369380237e-03
7.512882507435892157e-04
1.206589237000366480e-03
1.043006731163099218e-03
1.749185724170100294e-03
5.280216106290804403e-04
5.095025636092491168e-04
6.976553516840626641e-04
5.531458349372813180e-04
6.229468464412757757e-04
