5.296342856572999703e-04
1.886548028453060048e-03
4.362762653398836185e-04
3.825631804925396320e-04
5.183953808915383070e-04
5.215429264530035622e-04
4.683912283110090095e-04
4.199414997088540586e-04
1.844524965921742060e-03
5.192159104440899732e-04
2.167133343663259215e-03
6.011690187590384071e-04
2.278725081251504331e-03
6.362002910916444553e-04
3.803997841601357657e-04
3.098989915081580950e-04
3.039254186125472696e-04
4.566384659754732555e-04
3.637223017712243539e-04
7.906138484084323896e-04
5.339088964538833866e-04
5.581847230151665978e-04
3.656224610824579846e-04
4.883636561377265213e-04
6.757816376061325783e-04
1.949782216570120075e-03
2.335361938983948800e-04
4.961364013981858431e-04
1.089448772302337339e-03
5.878131507444392476e-04
5.638777351782035341e-04
1.182302890161957909e-03
2.803505677297939060e-03
8.640916183381811043e-04
1.464834666928468325e-03
7.105835359026103568e-04
6.418527715614508449e-04
2.884600436438013410e-04
5.340444095313596823e-04
6.858624562381157282e-04
5.156714119003379376e-04
6.673983647329190336e-04
7.902681431780256456e-04
8.332293618047428505e-04
1.001509722886404202e-03
7.105835359026103568e-04
6.208265831409096871e-04
2.736758923273894671e-04
8.486431466131501679e-04
1.470810125450616387e-03
5.812836031023799243e-04
3.483449127489088738e-03
4.917256214282029895e-04
8.448186211137292435e-04
5.218368831331589644e-04
3.198039578436581904e-04
4.898609866068507441e-04
2.691916987842520818e-03
5.916330557026700616e-04
3.557180974819393890e-04
5.273256448460808023e-03
2.518474094075302057e-04
2.008237268890016372e-02
2.947980345598055166e-04
6.386426143953560178e-04
3.730885303693103625e-04
1.097791870574495177e-03
7.105835359026103568e-04
7.845368552299968046e-04
6.798694870628861631e-04
3.830329595018545441e-04
2.815873029142025369e-04
7.287875288359991349e-04
5.475286147136655289e-04
5.795551463949041643e-04
7.357525953863190216e-04
1.062699820309732533e-03
1.015747195959750167e-03
2.467989154897992621e-04
6.630196467278392939e-04
5.158848187072735073e-04
6.480866394320614196e-04
1.737301614042379566e-03
2.933209829789474427e-04
4.686639674621618373e-04
4.735285097117926541e-04
3.271697746325744321e-04
2.260399008154213699e-04
5.433861360330977412e-04
2.938622758213605291e-04
8.782275326541537277e-04
6.931219480256706547e-04
8.107382601935662122e-04
8.087666524634550512e-04
3.626963009232957473e-04
4.594962086028006078e-04
3.832940120963415132e-04
2.903374389915695992e-04
7.312563217066474393e-04
2.907891396396640460e-04
7.349958070473622132e-04
1.021537072211913628e-03
3.742036605715267131e-04
5.377177144861856580e-04
7.588673755301460254e-04
1.093372277721994280e-03
2.246156689080958981e-03
6.562962351695031263e-04
4.166905898537348629e-04
3.560130641584333729e-03
1.067136734144642860e-03
6.399629926293813565e-04
9.640447330802106316e-04
3.471370009793808766e-04
4.328777939176052373e-04
4.292990899788428553e-04
5.490115818159908585e-04
3.974960048213836933e-04
8.328697282199023187e-04
3.403827912244282612e-03
2.819218975827377091e-04
6.119874755056959421e-04
1.259633183655537413e-03
4.578383715389147224e-04
1.883697919145559509e-03
9.940086362636481061e-04
5.673818598623975870e-04
2.938050036243565651e-03
4.429554508463017827e-04
3.217451482666031136e-04
1.372750041822228895e-03
4.585129561929492592e-04
7.535431920651402323e-04
4.468693447650618975e-04
6.741381455083782573e-04
1.654153962566253053e-03
9.612305455320543012e-04
8.362358697712256967e-04
3.389339916617242288e-04
7.179448441139025649e-04
1.372750041822228895e-03
9.843142432645010133e-04
8.168624394837224311e-04
5.187953957743893446e-04
2.893831888992545189e-04
5.048276534310746667e-04
3.061936308248244115e-04
1.021360908011905919e-03
2.865645742051155329e-04
6.279194843990244758e-04
2.913976012052392267e-04
4.059106648106406692e-04
1.925781438702519515e-03
2.697926152127138699e-04
3.455388966148432409e-04
8.203078279543636435e-04
4.027486509405880802e-04
5.112454277215953535e-04
5.468809552697959054e-04
3.340254711352103815e-04
7.886530917871375146e-04
1.167834268627923481e-03
5.034732608149585474e-04
7.165716681339373301e-04
3.998475989416155375e-04
3.992920158019235021e-04
8.781235054515948261e-04
3.074384506334877122e-04
1.144063617396308625e-03
1.179000705295753151e-03
2.801528359975540439e-03
2.048528580911250074e-03
3.818341135612407641e-04
1.944117745365639850e-03
4.269310938309700890e-04
6.446695768595284105e-04
3.464147861721769673e-04
6.955345560726593126e-04
8.947875932932999833e-04
8.237911370631781230e-04
4.177665052824161931e-04
2.506020657618500099e-04
4.254903649691682706e-04
2.445969888650921173e-03
1.461485786244054019e-03
7.179448441139025649e-04
8.938949353762265645e-04
4.745322919801979976e-04
6.406555937080888339e-04
8.755732049748284930e-04
6.286159949649468802e-03
9.369192418512882698e-04
5.513777655537494384e-04
3.074068190432879214e-04
3.966313064975165938e-04
1.713438823690762239e-02
7.370406192381864481e-04
1.236634946318155258e-03
3.300283912834183452e-03
3.009560598436360245e-04
5.785501429749033420e-04
5.623441483418661294e-04
2.864645710332926459e-04
1.318510601436087082e-03
2.897813323251322796e-04
5.870027166416221182e-04
3.903755975444535764e-04
2.833650823962782176e-04
1.040952804752184532e-03
1.237965945880563270e-03
7.108503294502547957e-04
7.689954050901345785e-04
1.210860053383816699e-03
1.034775836425222417e-03
6.669909344334209490e-04
5.504783851411976583e-04
2.299981637674985285e-03
8.393031156691546039e-04
3.270207701282684177e-04
2.713362636111947275e-04
3.766795000591929366e-04
5.327355592343722447e-04
2.954830918753903555e-04
3.808513120327275945e-04
5.018090667797163928e-04
3.722640836587185419e-04
5.113516798008953214e-04
7.667062062688028475e-04
5.385313095995291439e-04
7.213788388691344793e-04
3.312794419267980992e-03
5.716677511083949770e-04
2.284866239760648121e-02
7.551046305677038863e-04
5.697740393418964907e-04
1.002767731093147504e-03
1.132471147184970937e-03
3.933457361811691080e-04
6.731538126209325778e-04
7.911687602777519668e-04
2.721886763729231950e-03
2.013316797920553652e-03
4.329118435331704676e-04
4.706048299818549547e-04
7.711443434494833458e-04
3.188519984440568570e-04
2.868392610904634270e-04
4.173342788629259142e-04
3.672255143738100336e-04
7.916442903896624963e-04
6.060166855438972773e-04
8.353929650702472546e-04
8.123594941174292839e-04
8.510857741050110092e-04
2.208544792953546793e-03
5.336175976207933576e-04
5.467053590861476213e-04
5.964089644148528680e-04
1.185443864246739712e-03
3.531888049557235982e-04
2.674047299450308876e-03
6.915427844304219453e-04
4.039640385739615537e-04
7.826198841528473130e-04
2.338377224526480298e-03
3.139244616706396364e-04
4.177592654057465569e-04
8.484804176585858653e-04
2.656231247593641553e-03
1.713438823690762239e-02
1.432297063667048106e-03
3.336477908972252195e-04
5.273256448460808023e-03
2.782949486478798165e-04
1.010054474280589658e-03
4.366712188117615910e-04
6.902303295307853732e-04
3.712431101945043964e-04
6.537274184264378098e-04
7.299513553299006533e-04
6.139766448756481254e-04
2.071470751173908401e-03
2.180365679348720480e-04
1.558364904192806365e-03
2.425050244396242439e-04
3.445507471158545335e-04
4.609654751291789227e-04
4.844255536436061372e-04
3.767620430974491616e-04
9.607887485940296100e-04
4.154105645679812952e-04
1.530849026740710699e-03
4.440538261634005557e-02
1.085122089734310690e-03
7.972411291962749544e-04
1.338228277857958547e-03
2.018948597553883555e-03
3.743033582078855379e-04
6.762264753327532334e-04
7.557768266454876257e-04
5.803560798110988898e-04
6.794401746416097810e-04
3.285293821294556129e-04
3.919489324355461286e-04
4.671137488459988396e-04
2.703965370194674734e-04
1.495129796051168766e-03
1.713438823690762239e-02
1.689975620793141746e-03
6.781425907681062687e-04
1.309199957500078613e-03
1.721736684921589249e-03
2.872791443103510345e-04
6.883393088835382647e-04
8.286763366205543262e-04
2.099915058348613642e-03
6.720877021843974647e-04
6.440699544009248706e-04
1.666614557797298007e-03
1.215641533671488238e-03
6.204296911772438352e-04
3.511189757462891952e-04
2.691916987842520818e-03
1.093372277721994280e-03
6.899939502482697927e-04
8.341673727248021105e-04
2.703965370194674734e-04
3.232622618259536006e-04
6.709332960250473247e-04
9.527433767131807596e-04
5.358648357389370846e-04
7.786919472909548546e-04
7.097711496480945802e-04
8.649267412820095362e-04
6.562962351695031263e-04
1.232376163560971712e-03
4.192224284410065414e-04
3.850381574782969318e-04
5.451755269584055786e-04
3.300283912834183452e-03
1.760844505153977366e-03
4.328617293461787629e-04
6.877540841003534737e-04
8.369715696271695909e-04
3.807203572983631785e-04
6.297417313609669732e-04
6.537274184264378098e-04
5.441856752763960881e-04
6.235025693845967169e-04
5.511176573814136840e-04
9.923543647974023343e-04
4.169301214054941997e-04
4.274997905351885473e-04
2.980059898710167555e-04
3.664749983734539381e-04
3.006528388127210991e-04
2.194430756025561851e-03
3.773737989651145745e-04
5.295842472188938381e-04
6.708122435665393474e-04
4.080244773733607798e-04
2.668473084616967386e-04
1.124819076889469610e-03
4.749566520607345198e-04
1.385346812948681219e-03
2.603960591585830126e-04
2.620220647007991273e-04
4.039822605181634611e-04
5.238889441761063540e-04
3.038988536523713215e-04
4.337692242077750403e-04
3.597764316067247176e-04
2.518078196057186094e-03
4.639092587421178799e-04
5.385949645508238560e-04
7.353239754838169530e-04
4.207247994555482354e-04
4.957125027142204442e-04
6.013432905260381826e-04
1.123900490651792358e-03
5.951484985458316669e-04
3.771338481775952521e-04
3.021633484421355374e-04
1.179218989654556978e-03
7.095322075595158215e-04
1.925781438702519515e-03
3.386606939891688797e-04
1.404931609398787397e-03
1.651707092509303908e-03
2.426373243507644556e-04
3.108596191939372528e-04
4.089391420671698051e-04
2.510703280675752151e-04
4.271177393855804549e-04
1.882426294527185604e-03
3.139562921359003778e-04
8.080966544903936399e-04
5.439834884604163737e-04
5.240147320841383747e-04
3.222413091521950752e-04
1.275366733703598094e-03
3.558978864578957331e-04
5.080121339975734139e-04
3.570482120307075539e-04
9.681412311142133242e-04
7.487764846127686847e-04
3.173352688491602974e-04
1.327012276423355803e-03
4.152981578509068591e-04
1.127988911962335200e-03
3.530239675184812910e-04
3.424139303656300389e-04
6.397582522851856177e-04
9.086044948676796342e-04
4.226918811824135450e-04
3.511795812462292820e-04
3.827008956767716068e-04
8.097364896897080817e-04
7.911687602777519668e-04
4.050640988715710424e-04
8.005347939543603622e-04
5.773600880513819018e-04
1.617197533874725583e-03
3.387196035186931038e-04
4.870864896741193052e-04
2.367744794036664025e-04
4.602190504032168577e-04
2.625344822953599305e-04
6.860050636718505093e-04
6.835314668161737413e-04
3.003241465332158792e-04
9.120297403312955815e-04
2.347787849097067447e-03
8.343505544434105413e-04
8.176181438548103244e-04
3.415747290097268050e-04
2.818023881892709804e-04
4.628101618540859832e-04
5.151168509270849039e-04
2.477431380014622842e-04
5.741458404009766462e-04
2.311089910653813158e-04
1.493802917438689492e-03
1.921888675911143313e-03
1.925781438702519515e-03
4.862707299432500138e-04
1.030689539334021668e-03
3.803485904488108547e-04
7.331310850224036528e-04
5.056870749466731065e-04
3.967414197875474848e-04
4.031917303997574497e-04
3.471496429229666480e-04
3.503098526496781131e-04
1.737301614042379566e-03
1.014852097478782323e-03
1.100312728144567636e-03
3.191477651827104192e-04
1.227467787507271514e-03
8.067264315340859316e-04
5.493868725191407201e-04
5.192980239381556713e-04
7.637272496654378068e-04
1.182277634817899877e-03
3.188519984440568570e-04
2.779590235835640156e-04
8.998612116664554770e-04
4.187374478027003832e-04
3.196859831268875703e-04
6.712276275340087412e-04
3.384974217379378074e-04
5.634197999236515222e-04
4.722301517645813946e-04
5.401054197395404677e-04
9.867383537128507007e-04
7.902681431780256456e-04
5.812857325907845466e-04
2.404699618099623293e-03
3.086659621985481192e-04
4.425776586822843762e-04
5.228215812745274542e-04
7.631139821349534934e-04
3.159156034659657834e-04
4.071165092279505071e-04
7.637272496654378068e-04
3.270703339346698441e-04
7.770261842899666392e-04
1.274845598600992270e-03
3.506573112595513775e-04
2.315337554421192760e-03
8.143805660131833365e-04
4.178319116119204096e-04
3.507248053564231637e-04
6.322606402334049686e-04
7.520113685010352622e-04
2.334189754938220413e-03
8.142934680262839658e-04
3.300283912834183452e-03
6.631809904221290519e-04
6.957053169598862016e-04
2.363660554614633908e-04
6.694412013823350729e-04
1.021360908011905919e-03
4.659267878620610434e-04
5.692869813666970097e-04
7.077484522743309565e-04
5.511176573814136840e-04
2.195906267808700745e-04
8.457122348241048054e-04
7.463743467071333329e-04
6.295361309454505392e-04
4.559849182468682350e-04
5.187953957743893446e-04
8.257595289234667853e-04
8.343505544434105413e-04
5.403263161337924737e-04
5.523620991449339429e-04
7.105835359026103568e-04
3.251829400916771162e-04
4.358751429185149778e-04
8.431778484968322244e-04
3.073815872892866636e-04
2.208544792953546793e-03
4.676402117870218545e-04
5.673135475488184139e-04
4.198248338365731503e-04
6.745691645889586446e-03
3.911687602300777892e-04
6.805728662612857416e-04
3.005859082031317117e-03
3.186561096090108933e-04
3.874059425049881803e-04
2.013316797920553652e-03
5.687175850071699273e-04
3.264648196192288746e-04
3.501432998758578947e-04
1.084383800919064321e-03
4.606628952389085329e-04
1.775860839854396514e-03
2.968171475602019598e-04
3.644232952057669533e-04
2.981394902205592411e-04
1.514011770894467188e-03
6.482264549709951338e-04
1.300950285658137922e-03
1.295078549227378925e-03
3.551426372935268926e-04
1.830829139678896451e-03
2.356255150755280138e-04
6.022180293762730745e-04
5.163379649384395491e-04
2.620220647007991273e-04
3.077256798833281426e-04
3.878896509350562762e-04
2.335542928389062751e-04
2.210574273621292000e-04
6.562962351695031263e-04
4.063939303278609827e-04
5.579693735285704437e-04
2.608824673377183154e-04
4.849826931157437946e-04
7.402812040723463381e-04
5.297553122282247463e-04
6.828610614358315671e-04
4.074518176841109311e-04
1.011178489527789996e-03
3.772431259607182891e-04
1.814173114003577499e-03
8.645760732266567642e-04
5.155655383129973150e-04
1.779111731680537226e-03
4.294395216562370797e-04
6.340925658369007175e-04
4.536505584290610174e-04
3.699676705071269431e-03
2.917462715172639215e-04
6.584936690951120105e-04
3.871711450765316469e-03
3.540933457134367592e-04
7.186149633890645018e-04
4.036519873733620417e-04
3.909991011489298367e-04
4.668491062862406885e-04
6.689641756247907255e-04
4.536021285235634264e-04
5.370457544998783654e-04
5.551207882737448735e-04
1.191539295458720346e-03
5.287526327495548550e-04
3.463744151316696415e-04
2.758832070195699313e-04
3.132313178264685091e-04
9.265103801025882570e-04
3.529069740071638758e-04
7.693908014904680742e-04
2.767671049766509358e-04
3.405936668387999819e-04
1.084926957230703069e-03
1.177149283964944821e-03
9.216002200353324691e-04
6.703581645207793999e-04
6.710660226839876112e-04
4.001528692086868248e-04
1.137381466534130581e-03
7.565710497796984202e-04
2.699009613036314464e-03
1.445627179440717820e-03
2.475990631256041758e-04
6.319499759138599545e-04
1.746936728740686000e-04
8.782275326541537277e-04
9.216104362592668917e-04
4.169301214054941997e-04
4.056873578271071447e-04
9.082790984912291789e-04
8.645760732266567642e-04
5.331043201366102114e-04
3.197797545247079202e-04
5.788327922910991999e-04
7.837761280851302014e-04
8.291882720372952681e-04
1.446528130519307044e-03
2.762246074444108966e-04
3.509094028481688833e-04
5.657223729795143007e-04
2.443904690960550601e-04
3.607793923890020783e-04
1.072270632967142409e-03
2.866016615040757349e-04
3.469862039537050273e-04
9.256986666736196018e-04
7.478421860804728349e-04
2.906186042755224438e-04
7.196041687838752128e-04
1.080027062575077395e-03
5.709819573590583760e-04
1.930542808784444083e-03
3.759523590290828120e-04
1.698929590383187497e-03
6.917755102474323556e-04
3.874376387689311115e-04
1.084937385308090566e-03
6.720096369633532605e-04
1.817634546853979464e-03
6.137818826144686912e-04
3.108782820309654226e-04
3.033554285640906807e-04
1.420005124719618756e-03
2.335361938983948800e-04
6.213175206095010667e-04
2.801528359975540439e-03
4.154269377186545599e-04
8.883038440844840669e-04
2.581535170382746685e-04
1.713438823690762239e-02
4.448880926708836622e-04
7.056845975215293677e-04
3.224936356088005949e-04
1.276491382003505041e-03
4.313679863732706511e-04
5.999970758862632108e-04
3.322856709165180689e-04
9.601788718279976069e-04
4.718637437645448445e-04
3.627873797126140477e-04
8.694252175990894137e-04
3.704389221542735752e-04
7.135217746242927166e-04
3.126902586831921253e-04
1.754248100967657330e-03
7.244144515962198851e-04
2.195349564999568375e-04
8.582532592867564642e-04
1.024238402258890492e-03
4.707843972986624722e-04
5.957713178073001555e-04
1.614204778226274164e-03
7.268195126172458196e-04
3.970050966117874970e-04
4.532412386186938751e-04
1.925781438702519515e-03
1.926695691192725204e-03
3.702639337672733715e-04
2.297408888709316719e-04
1.642831037242758986e-03
1.898827188462680858e-03
7.902681431780256456e-04
2.928792550017224956e-04
2.656273129699618461e-04
1.713438823690762239e-02
2.474361059721012866e-03
5.834392144243380355e-04
4.981024977176067622e-04
4.897746232505347354e-04
6.400201901737945058e-04
5.623638267113121149e-04
1.651707092509303908e-03
4.139630999575690494e-03
2.773336467929204334e-04
5.333967792303161235e-04
4.107177840605432209e-04
6.720096369633532605e-04
4.807922203400585501e-04
4.396024269133061218e-04
4.593477708180083042e-04
2.763467761378379317e-04
3.612626645925308541e-04
7.934938712550956711e-04
5.599209565096172720e-04
4.362936667611640542e-04
2.844274171445355676e-04
3.650390816331202932e-04
5.534074136092744433e-04
5.717731994608727612e-04
1.100017355671318578e-03
1.948776697310732910e-04
8.557147145341696117e-04
4.625673759670808098e-04
2.445969888650921173e-03
3.930935545798509129e-04
4.049184093297571977e-04
6.544036257858229164e-04
9.652571705488067035e-04
1.132471147184970937e-03
1.771981279825094466e-03
5.028840836263591928e-03
1.133018995184107824e-03
6.659445830735825998e-04
2.557477608971710789e-04
4.733726926316245880e-04
1.335622394500560325e-03
1.050085128675295543e-03
4.318098389280262896e-04
3.712734701515161694e-04
1.223579966236118923e-03
6.300253950296064512e-04
5.180312281361759263e-04
3.088790845981958209e-04
5.814696660052680105e-04
1.282732816203699432e-03
2.778411059873392105e-04
4.403890422201214567e-04
3.436775127458192424e-04
2.458226636245390887e-04
3.333150294286911898e-04
3.108250273247041106e-04
6.418347391335979491e-04
1.021360908011905919e-03
2.775029868673834399e-04
2.642861059438477941e-04
5.901211037537659786e-04
4.255924371340495151e-03
7.244233954836392340e-03
4.624397510678589836e-04
4.790401704072513736e-04
7.782880335921119747e-04
5.808932559588992272e-04
9.044910434909172450e-04
4.695782409794047887e-04
4.920506449358597696e-04
5.728948680926257853e-04
3.885866972598632464e-04
7.188192822862484030e-04
6.294516902072744193e-04
2.135015135987818318e-03
6.244407785807823972e-04
7.772293322291169877e-04
3.204751910187945562e-04
3.572302429414477682e-04
5.066544862426300812e-04
3.007712883361629672e-04
6.401213932316936325e-04
1.925781438702519515e-03
4.794433614760255143e-04
7.186202624043494438e-04
2.340520205449058387e-03
4.278727551053969781e-04
9.139168512066638255e-04
6.416684381245506058e-04
1.038745065090958221e-03
6.077635226694308359e-04
2.945083972576787584e-04
3.487668408034940771e-04
4.460885255099367023e-04
4.182183075550845218e-04
7.484862232126002343e-04
3.956234232455914639e-04
6.652504660272840799e-04
7.902681431780256456e-04
3.710039047439180884e-04
1.309199957500078613e-03
7.117734861147143087e-04
1.854562079572550726e-03
4.388017360302079212e-04
1.131749008307539588e-03
5.091412283626084011e-04
4.288331057558521470e-04
4.674820264945803681e-03
3.504160033852770717e-04
1.717637509479004714e-03
9.086875567210885365e-04
2.911720397842301332e-04
2.315389506206259797e-03
5.329984946719401508e-04
3.501432998758578947e-04
6.382834219722727850e-04
9.002204974863635975e-04
7.235807656468982389e-04
3.473108022843535690e-04
4.292359843619854569e-04
3.493061688842474810e-04
1.676217919304629411e-03
4.591814883191071219e-04
3.568435255898053191e-04
4.360228911428773663e-04
3.706227780951358792e-04
4.224060066196612612e-04
1.061519828710938548e-03
4.139630999575690494e-03
3.495347136362014339e-04
4.493850545089556254e-04
2.963550382729102767e-04
3.509094028481688833e-04
4.441606154367214719e-04
5.370044790750305112e-04
5.712739364716936654e-04
3.669252439866278184e-04
3.917373909561297409e-04
1.179159957617509531e-03
3.375165661252282380e-04
1.083125293949134885e-03
3.615028464074729548e-04
7.551504183518685607e-04
4.089391420671698051e-04
3.282122873309281826e-04
6.272918176428250638e-04
3.470323213678636835e-04
4.102996198016828334e-04
1.464834666928468325e-03
3.645377905702096213e-04
2.592664221049053035e-04
6.364417581525233601e-04
5.177305878858898085e-04
3.468775639697044256e-04
1.403915087553204207e-03
5.940168474690570065e-04
1.899779319420760552e-03
1.068703502948167112e-03
2.721409376428643185e-04
2.709012037023599256e-04
2.815466316169645995e-04
7.136751404184610249e-04
4.272552837538013543e-04
6.640653444341836813e-04
4.112525477817113471e-04
1.542136064852630412e-02
4.735893728251617564e-04
9.555653815288961666e-04
2.455027757100440317e-04
7.814642485655223835e-04
4.709669825799559471e-04
1.776705790550204027e-03
5.417685036193797951e-04
1.776679077218974463e-03
2.104423057891636052e-04
8.087528498662755914e-04
9.561021735334256002e-04
1.299609859273985046e-03
3.426495390722009322e-04
2.959255256536647439e-04
5.916033131214253884e-04
4.695086082643649744e-04
3.282629544977832300e-04
2.347787849097067447e-03
1.240904586019216582e-03
2.208544792953546793e-03
3.594717745790584873e-04
4.630536331916975334e-04
4.160247105150500016e-03
5.297167972131630598e-04
3.340338908932803360e-04
3.057022467820512098e-04
6.579728126518426777e-04
3.962523208264933966e-04
1.450073724651448513e-03
5.230151558413661172e-04
7.731739628559039946e-04
1.192248497294362943e-03
4.585884765484448647e-04
5.424811677165125925e-04
4.234324351885812511e-04
8.555068887956722781e-04
2.459208650080887612e-04
3.688205472524928971e-04
7.865232353401845327e-04
5.116836018931073763e-04
8.188638715662718143e-04
1.351722430819287659e-03
4.671780647733180620e-04
9.725953168034836551e-04
2.588853041805071024e-04
4.301571626590046686e-04
6.524304872776088464e-04
1.146517387896388296e-03
3.644315846225416964e-04
2.582998489438720433e-04
4.194624187714374522e-04
1.315594206051190007e-03
5.576831850654161236e-04
3.454292721906655306e-04
2.421973666144830602e-04
8.143011938554708690e-04
6.839908935060336898e-04
6.856726918893368567e-04
1.063489024291776200e-03
3.383561703877422701e-04
2.485427488187715635e-04
2.919690144562250584e-04
4.609425265537397303e-04
8.671898129346008012e-04
5.209617632368745413e-04
1.457673984257077575e-03
1.038438456323606540e-03
4.031917303997574497e-04
2.488233181760920944e-04
2.065230306042107819e-03
7.163399832635423915e-04
4.747120811459617129e-04
2.523361019664194325e-03
1.318510601436087082e-03
1.632611614667006054e-03
7.637272496654378068e-04
6.449153717847085597e-03
1.142163280749412075e-03
1.038449215988538135e-03
8.056990790965950491e-04
4.535086267867149599e-04
2.847478745846856681e-04
2.334189754938220413e-03
6.703479203162520913e-04
3.173733287575305562e-04
1.186156855762902440e-03
8.418599435306752801e-04
2.065230306042107819e-03
4.970546837050176517e-04
5.682762671139809365e-04
7.225571859745128899e-04
2.103007323823757792e-03
3.350932948276814862e-04
3.992920158019235021e-04
1.291229914235463450e-03
8.315622645276697254e-04
3.161783062570970690e-04
4.907485748950704031e-04
2.177868723979823099e-04
1.877492819313333894e-03
5.422944796034198265e-04
7.887132488605001551e-04
4.636890797274975380e-04
4.672044785696382175e-04
1.653158449251526554e-04
4.255924371340495151e-03
7.363297202959464540e-04
7.637272496654378068e-04
3.583187750315539565e-04
7.715213663832468224e-04
4.415617173170397337e-04
5.199928888514566755e-04
3.786655972585474495e-04
2.106830447860480275e-04
5.313737236645620001e-04
4.766647688955246852e-04
3.331275033910766092e-04
6.651550775106987706e-04
7.134188915063150111e-04
9.155048569762661362e-04
3.923216276171969286e-04
5.574842595026455183e-04
5.322081682216044498e-04
3.813002553218305707e-04
1.158138126099208945e-03
8.006893479222840183e-04
7.609533753163777794e-04
4.042172145734527653e-04
9.124181190942747162e-04
7.124636361889328997e-04
6.237652255433864595e-04
1.005555004965867335e-03
1.974952391816991646e-04
7.659304458945677494e-04
7.072471717320687103e-04
3.977613692114056998e-04
7.906043937963931536e-04
2.807299826942360045e-04
5.051048580104896234e-04
5.666208729891040671e-04
2.800586494112627966e-04
7.217356193748636134e-04
1.364957288337619815e-03
5.658591936953409531e-04
