2.446818925612938745e-04
4.103261372007395132e-04
4.650963198914871807e-04
3.028499982702721098e-04
1.837307738066249439e-03
5.744302500277878760e-04
3.594086365068804314e-04
7.936184460682124816e-04
8.929311406711056432e-04
1.797078245851180690e-03
5.590308587886461730e-04
5.764442640998413466e-04
1.242694840900469833e-03
3.354916071377714174e-04
4.247763465662576527e-04
2.094437425583155839e-04
3.326752474835518222e-04
5.453087495778632032e-04
5.078665834374502001e-04
4.167054218325670482e-04
1.833027651683039440e-03
1.675108910439063572e-03
7.980368911014859091e-04
1.601779618782479852e-04
3.099623214897176036e-04
6.434311737898128084e-04
8.509750714726833660e-04
2.685466598870331432e-03
7.120486060084759957e-04
1.496711951345221746e-03
5.023338736798782164e-04
1.313051280895829358e-03
3.735273130028260945e-04
5.446351846664387354e-04
7.591998234351114445e-04
3.195080726638727803e-04
7.653101658953391897e-04
1.114948426972038392e-03
1.714886466082022904e-03
2.179409526744893136e-03
1.111494076024459061e-03
4.567895580884444155e-04
2.294978407589830791e-04
2.193501167925505577e-03
1.554002948402946095e-03
6.898809706479436688e-04
5.024218998361618203e-04
1.244553251726930338e-03
1.123331490054005821e-03
1.487750401800591203e-03
8.473930618730776210e-04
1.333880873471864244e-03
5.882780018261949241e-04
3.807349822905837567e-04
4.165817395276879631e-04
1.439729993358582075e-03
6.755708577629207078e-04
5.375400895286543265e-04
1.894578880498853576e-03
5.322703556716012726e-04
1.341868934935254833e-03
1.919204315734119714e-03
2.709344797521186384e-04
4.858190724270496194e-04
1.377903660250644202e-02
1.158000924703955293e-03
1.386904880321725890e-03
4.091081261872085099e-04
3.315978914419297576e-04
5.401226711703242638e-04
5.315274356398442049e-03
3.598326950761613317e-03
9.553570279724469443e-04
2.701739931863022387e-03
2.611356041228184610e-04
1.154948679578508310e-03
9.562257989512512948e-03
1.008443465007476027e-03
5.293932830377755814e-04
2.964751330610412264e-04
1.090882202347388460e-03
5.885470166042720223e-04
4.521974294373795849e-04
2.582845304001165666e-03
2.269292150086520859e-04
2.999005619905481990e-04
3.269015666126025982e-03
8.297175775932482929e-04
1.125355977799553106e-03
5.276639164955423738e-04
1.255939559050446748e-03
1.482131462074153709e-03
3.314333368891093381e-04
3.035055714191232565e-04
3.750711064166952673e-04
3.720249914289636313e-03
7.683759032838353856e-04
1.680472246070910305e-03
9.344358254683098703e-04
2.885796312399934523e-04
3.712336939757000407e-04
9.446652599100722201e-04
6.099945720329145137e-04
2.621164674340265097e-03
8.282172377113546308e-04
1.730084863535069194e-03
1.238530028645353940e-03
7.427015636977153668e-04
7.125940251043646470e-04
9.480638173325772354e-04
5.192362583293901740e-04
1.037323269940560073e-03
8.047820248036583477e-04
5.770352791619879533e-04
1.081228697123192339e-03
1.870854143136378971e-03
3.638414614122680957e-04
5.641220244832629823e-04
9.126567494683678712e-04
5.143611317712166661e-03
1.252259881428017738e-03
9.284956854101947396e-04
1.614625440789494272e-03
9.511108815974578159e-04
3.766056210628407125e-04
1.370822796256345203e-03
3.717191329472072352e-04
3.546637943293468346e-04
5.866531311779698762e-04
1.434374757433728347e-03
1.344067208469847726e-03
4.477784271952374852e-04
5.287001344137597482e-04
1.795663421392867509e-03
7.173145597038587101e-04
7.461468698665536196e-04
3.711360355856227651e-04
1.545465506229285260e-03
5.757258063971700890e-04
4.228279898835602020e-03
6.155669114927388250e-04
2.367833885854438917e-04
6.554604827010312345e-04
8.812539338557508943e-04
7.249342078725187809e-04
3.369676665719641031e-04
7.152442885152546269e-04
1.001270277584697050e-03
3.573647054758496565e-04
5.935391900937781991e-04
3.937450982895839696e-03
6.767217443187262564e-04
1.898624859748579093e-04
3.851121823359772716e-04
1.174758738895434560e-03
1.692755249793572976e-03
6.807327755787166744e-04
9.799206285774782720e-04
1.085249267047839724e-03
6.931848754969990173e-04
1.133639946031300694e-03
1.319862722524275857e-03
7.799818314527440146e-04
1.571944050984497472e-03
2.661692820160922041e-03
6.078798143001697997e-04
8.534568911538136611e-04
1.515701405642775820e-03
5.753105608752541109e-04
4.085736373589499257e-04
8.216352924681773109e-04
1.298075736873326993e-03
8.745466216971659957e-04
7.013167556362223274e-04
9.513653897689212631e-04
5.894448623660078490e-03
1.403345699810721811e-03
1.425142989536130455e-03
2.172669211001022546e-03
4.466960222835283825e-04
6.953781096905071882e-04
3.983559128718552867e-04
1.238860069235473088e-03
1.490416131874455416e-03
3.853848848750967616e-04
1.294562007524149459e-03
6.573443235441829005e-04
2.050486218342437573e-04
9.014196190316142547e-04
4.468788338467987375e-04
5.232686704976996983e-04
8.419826192187995165e-04
8.626366850238497775e-04
9.126954168501847297e-04
4.524429238815467352e-04
4.745226616891822955e-04
5.652882475151849422e-04
6.982731095057676408e-04
1.692755249793572976e-03
4.094315825521720057e-04
1.356438121654517147e-03
3.350085063366864207e-04
3.925605031277001693e-04
1.023947809926640824e-03
6.256591752714792771e-04
5.530086904026441409e-04
8.295849593112616851e-04
5.419796008258256654e-04
2.947426441127781066e-04
2.556967178763348576e-03
7.645204122653799072e-04
5.909229378799764993e-04
9.662357480052909207e-04
3.063474989239250686e-04
4.378179265321077772e-04
7.903790879687691128e-04
3.390944134837631414e-04
1.685353601978136070e-03
2.559870164849631889e-04
1.414337611758194769e-03
3.002906694701207107e-04
9.250085277065412835e-04
1.387272138710675265e-03
2.756392701075068312e-04
1.865769801789301597e-03
5.949211849474353962e-04
7.357383615598845662e-04
1.472052848629843650e-03
4.707777206381588155e-04
3.527740419420745768e-04
4.756070348792729337e-04
5.636930151054947479e-04
1.990403381931696736e-03
1.403864872993921186e-03
1.103002912452059501e-03
5.596492688022034314e-04
2.122363494011837454e-04
2.926117376989202548e-04
2.971091794349068108e-04
4.748558820418254220e-04
1.236416221306945373e-03
3.059060745331833851e-04
1.021744357241328094e-03
7.056627700121246129e-04
2.794506717948575794e-04
2.958874297554818468e-04
3.364232165786303834e-04
4.264722320887017241e-04
1.000753118237373944e-03
2.626546628187059664e-03
2.725307124137865949e-04
8.137567429851495391e-04
8.502369661129139354e-04
1.921542692164828750e-03
1.183402971138298315e-03
9.398517673512799681e-04
8.280049337052866132e-04
6.285494905427336599e-04
1.761817313133723752e-03
1.134661835910335658e-03
1.075883975113321170e-03
4.094614911978455970e-04
4.942640752831861618e-04
6.075030637532338263e-04
1.491111508234227098e-03
5.240376176400765454e-04
5.132456000895376956e-04
1.036677130096183130e-03
8.170211817788001520e-04
6.730217437504250637e-04
7.658877476683896915e-04
4.422567508482035743e-04
3.105246830540853631e-04
7.185280630625826784e-04
2.543141328231189363e-04
4.717865568371434242e-04
1.926729952208276655e-04
5.867079227342436197e-04
9.283758798335739991e-04
3.481409928150149707e-04
2.064642096799025172e-03
3.299270363715501816e-04
1.483623679136286807e-03
1.836246446533750659e-03
6.939401721870263424e-04
9.333704595148396886e-04
1.277648420800639711e-03
1.172214402325308250e-03
6.517144866465495161e-04
7.748371534319291711e-04
3.070724815728105767e-04
7.784483160729371897e-04
4.051481209319642896e-04
2.599842229459792091e-03
3.738684459822301152e-04
9.470741143577267448e-04
1.657631063995083876e-03
3.102139268673412254e-04
2.680611291313160071e-03
1.152592614984699693e-03
4.847174243934892243e-04
1.019260458564370418e-03
3.721771464706270338e-04
2.030964915048994650e-04
9.747380790484543641e-04
3.036405155072310186e-04
8.166246074339311234e-04
4.829479423621092001e-04
1.989827327366999396e-03
3.016395165517431957e-04
1.104127145092958584e-03
2.521303698692090858e-04
8.784262883422446887e-04
1.519988351725620095e-03
6.754671941871549790e-04
1.080753967684780015e-03
4.068131462142011295e-04
3.757376730763787144e-04
5.860585655483350294e-04
1.299244144202852964e-03
5.422924793221023994e-04
5.541829550504839700e-04
2.974577324884942250e-03
4.338355173453363662e-04
1.573933704919532918e-03
5.524061295049949132e-04
5.558384089855524695e-04
6.593170607285618037e-04
4.125661628175952963e-04
9.369007177312743207e-04
2.977627269939761134e-03
1.020245762134456158e-03
6.351811172793678196e-04
3.784570702167604781e-04
7.330578193275907569e-04
1.260639464095100054e-03
1.064482357255598210e-03
3.285846939134336414e-04
7.958501113674994968e-04
4.769611111165172760e-04
1.079709783621899235e-03
7.062423487798399077e-04
5.541490203188431619e-04
2.704320543216385143e-03
3.378043865347052106e-04
1.878377484105396046e-03
1.515701405642775820e-03
8.300282890776447585e-04
4.668780543899783047e-04
3.599740487340494493e-04
6.887323410734686813e-04
5.941496360089608625e-04
5.639427749584976579e-04
7.171321117562538729e-04
8.721301502608209705e-04
8.841398176739330515e-04
9.942133673372459922e-04
6.999162749609839657e-04
3.603368895766521419e-04
1.793192028604175057e-04
1.529118519004295153e-03
2.718611322800348310e-04
8.165910823866661490e-04
7.007255561786980644e-04
1.981084599457354992e-03
4.499956512306284144e-04
3.709918506341013372e-04
3.701711109250894680e-03
5.724511530657434280e-04
5.847603714502448355e-04
4.473000257552331546e-04
1.316963253000167245e-03
6.045339519598818883e-04
5.909796794604714422e-04
2.685783802529970068e-04
7.920012316890770714e-04
9.989642743890815232e-04
1.296020394916281258e-03
4.036480208121952782e-04
4.280295951811233712e-04
3.757621230913698045e-04
1.008171798561708059e-03
1.103310074316446151e-03
4.109362423353670889e-04
6.441447191561603270e-04
1.326262568652932829e-03
4.708767273542831494e-04
3.469190398875221623e-04
7.486034403302090643e-04
1.735265795480883362e-03
2.804136603608731616e-04
6.002250364203334581e-04
5.991702831731608074e-04
2.442400210359281596e-04
1.001049115451220798e-03
5.827288179665345881e-04
9.604670771313726912e-04
1.293154720386620500e-03
1.913638765100523413e-04
3.900153648486671867e-04
6.753966800511819078e-04
9.454408908308182657e-04
5.132388087185455351e-04
1.018490634783064588e-03
3.483367979014802729e-04
2.416903306481974596e-04
7.313867097200878143e-04
4.638480925082147334e-04
1.149108784163355807e-03
5.264776746350228890e-04
1.131739791401682564e-03
1.769429013077258124e-03
1.029567499904467543e-03
4.403317127097144024e-04
6.754221274634430788e-04
6.490970507286330550e-04
4.320581569446192770e-04
8.161765997202024810e-04
7.576458791940110385e-04
8.251021138881481278e-04
2.923522540076767175e-04
5.375432761983066571e-04
8.807911833710882965e-04
6.101670046576088266e-04
7.173756197724629738e-04
8.237727528209794507e-04
6.630258905330445795e-04
1.301511493508023280e-03
2.319750426957385063e-04
5.613250504193028441e-04
7.039212310367782893e-04
3.712336939757000407e-04
5.407817683538119428e-04
1.299333700496040902e-03
5.258320581934958693e-04
1.001049115451220798e-03
1.134716377702737382e-03
3.272216560675895568e-03
4.911834412075947271e-04
5.101583586943878078e-04
1.145876178987745514e-03
5.955739130801456296e-04
6.126570398964016791e-04
7.518758702596132701e-03
8.310404148740162299e-04
4.809458292024525075e-04
4.562513777561316795e-04
5.226828768612111443e-04
4.578004555691237809e-04
6.369804937980379309e-04
6.824439819853399649e-04
2.104025625945415544e-03
4.500979879591497624e-04
1.346151636359746440e-03
1.853659601178085734e-03
1.844472927896525236e-03
8.282172377113546308e-04
7.675974989426017150e-04
3.818309292256719350e-04
3.699988643172611173e-04
1.242998735749721714e-03
3.905549212832670563e-04
5.538072087264486873e-04
5.843615394294063466e-04
7.584307588144955465e-04
4.055202155632032265e-04
3.253771550356256257e-04
1.674794619908488973e-03
6.711292444486763797e-04
3.991625953136487435e-04
1.707897992095745721e-03
1.893034412214143715e-03
5.941496360089608625e-04
9.961491870149172170e-04
2.543312417104023459e-04
7.304794991034513005e-04
5.628967154943549656e-04
5.480499678142542993e-04
1.289133896031487972e-03
5.060268837869096731e-04
8.075201376867743560e-04
1.020245762134456158e-03
1.552830397791662076e-03
6.067164037696232961e-04
7.373900028000933676e-04
4.957397754543385777e-04
3.637346531224276659e-04
8.624832079175519250e-04
2.781728816690910667e-04
1.045772285106800733e-03
5.337424608419209663e-04
1.356131300413178711e-03
6.406050834830139418e-04
2.973166269362517169e-04
5.415126274810937385e-04
8.431860125048893772e-04
6.608820044517079969e-04
1.169612168874220809e-03
8.002324432017151332e-04
1.781337365155417560e-02
7.145482190998301468e-04
5.946359673839255030e-04
7.567750109898496594e-04
3.945336463415386385e-04
6.932481567560053529e-04
3.768172204466741469e-04
2.301158621932684965e-04
2.172058743993700997e-03
9.780107542430491706e-04
4.031816827883022035e-04
4.651838726667215269e-03
6.499111608578965341e-04
1.064802819040860634e-03
2.031056605029556237e-03
5.990270412453787717e-04
1.304683875332445691e-03
1.108472671678379902e-03
3.944380010003031324e-04
4.147632294532459674e-04
9.584055212717332642e-03
3.597480508882405195e-04
2.450814893542084451e-03
8.155713171756406388e-04
3.776325250018826578e-04
1.046802430314343942e-03
1.623599184524730007e-03
6.462982426313701933e-04
8.205247576653662035e-04
3.037479138797142988e-04
4.614122449534931647e-04
4.966252686377348831e-04
3.802559864674624822e-04
5.708003650476842434e-04
4.574195473803501183e-04
6.191134532315105020e-04
6.831647207954862251e-04
7.178140537004054460e-04
7.927537257701610827e-04
4.514700476450012653e-04
6.315661000026533654e-04
9.011916645852881399e-04
2.866319447611101381e-04
2.449670659403205795e-03
6.533667812989895404e-04
7.121541086804593790e-04
9.068919317586529279e-04
4.656663034868365153e-04
4.203636941134487252e-04
7.567830428815040334e-04
1.332969135192817048e-03
5.921093665491907994e-04
1.139337772705714333e-03
4.229331862225823419e-04
5.932838808914396578e-04
1.265963646700845159e-03
1.413892686777661794e-03
7.013971296838590087e-04
1.176509624881539153e-03
2.067910632931014084e-03
9.577591097422829452e-04
7.366979667557902465e-04
5.143818206089385012e-04
2.641141512904842358e-03
1.087170677131925984e-03
6.865351928239114051e-04
1.013928481148946518e-03
1.092522278160933591e-03
1.397074561032484027e-03
5.701130463603536203e-04
8.579664263623054243e-04
4.686799555672741284e-04
3.180184216114728289e-04
1.244094135717151986e-03
9.301582154814312491e-04
3.991820725857334398e-03
5.010186181755038343e-04
2.062896869243221554e-04
1.341493355236545717e-03
3.875609520905900791e-04
6.072434026603543188e-04
6.831320309759450395e-04
4.487380401134798786e-04
4.827350284198823655e-04
1.060433040925449827e-03
2.215969647276533241e-04
4.045248319718782360e-04
2.058897014769831262e-03
4.568345810278001294e-04
5.190823002641430052e-04
1.347093682244515384e-03
1.122062263040474010e-03
5.377897150619404291e-04
3.803374109271933290e-04
6.195178024176882688e-04
3.220359188736919543e-04
1.238860069235473088e-03
1.374756179881473847e-03
7.144424877912145672e-04
6.029075722597052999e-04
2.319912447639346960e-03
3.099623214897176036e-04
4.422552856123650980e-04
9.475396249261884432e-04
6.623126603182089359e-03
8.441156476254330901e-04
4.675825103497984153e-04
1.035611805465998670e-03
2.840411111433817836e-04
1.507513521980150114e-03
1.140848545403212039e-03
9.408021179790022415e-04
4.770695446248396344e-04
5.157020942966043147e-04
2.334427370223103343e-04
5.706723606050637543e-04
2.651071769884971382e-03
5.473039542244189509e-04
5.343835567785067998e-04
2.970125805272692387e-03
9.180940084358740110e-04
1.703787192926088743e-03
2.976785475533547023e-03
2.447129292657521408e-04
5.180153016942661741e-04
1.298581627122413935e-03
6.488043140579838330e-04
3.046615730385851322e-04
5.616639026411478133e-04
2.710646892470290853e-04
5.609448563614440660e-04
7.423872888844942940e-04
1.024517712916669238e-03
7.418451815028366146e-04
2.135996716646936921e-03
1.072282719203549719e-03
3.604891912323042675e-04
3.702911009704278424e-04
6.336617258527173311e-04
7.238116698726844347e-04
1.148493890635145709e-03
1.000872003221382452e-03
1.294516766427541120e-03
1.273645892325950659e-03
1.271005816841691257e-03
4.210747429394710254e-04
5.876017350917016888e-04
1.432909668690858333e-03
9.930419360426232488e-04
6.249442795792672879e-04
1.675751081998766564e-03
8.081886555843679825e-04
9.474172674819831630e-04
1.652050160195382960e-03
4.955912693547938732e-04
6.581314663578879129e-04
7.070241822013082931e-04
6.120379368811264525e-04
3.330138748059733363e-03
5.978325977748751366e-04
3.948196733689068871e-04
5.685677466200916722e-04
2.184828315726515015e-03
6.839558803028125038e-04
2.524253859732054602e-04
3.482963506749691524e-04
5.076777136080394114e-04
4.098888554209976164e-04
7.074358618914750388e-04
1.136942133204636284e-03
1.975851966499278002e-03
6.086615201561997208e-04
6.906448417756592918e-04
1.402090023502136152e-03
3.945336463415386385e-04
2.692990600330666504e-04
2.796846077159951356e-04
7.177009426577482358e-04
1.484717281197166444e-03
3.847225797292543959e-04
4.062472516730632373e-04
4.739913879188988760e-04
3.917159808359518456e-04
2.796846077159951356e-04
3.383413504265334721e-04
1.024813734820530665e-03
8.733881060850214387e-03
3.143726565351624789e-03
4.328959268280975405e-04
5.439550030906450820e-04
6.587190281444928056e-04
1.547409181730387707e-03
1.823788124815603181e-03
3.466574638677560535e-04
5.045172285174268859e-04
1.706909157086262995e-03
2.911713526602784834e-04
8.536953827645433861e-04
6.427604023472997157e-04
2.388369158784453463e-03
3.354283291333553098e-04
1.078371766107665214e-03
2.959772262056845028e-04
4.127544545144088968e-04
1.063982489387131506e-03
8.167576900661913499e-04
3.802214441025018963e-03
6.672347012016823864e-04
1.221849824631496663e-03
3.982059125693251196e-04
9.606600035008940270e-04
3.411686806449473969e-04
4.528194613040608979e-04
5.231704584873274159e-04
1.861285248167699347e-04
4.495200615932308606e-04
6.754221274634430788e-04
5.157766855785393765e-04
7.700284575913964903e-04
5.008279791829490461e-04
1.040792691094604523e-03
2.804136603608731616e-04
1.048462282728325782e-03
1.050884649971868621e-03
2.333369247759021266e-03
4.857855041227837449e-04
4.879884406568545563e-04
9.178544305644599109e-04
1.001571575819310998e-03
3.850616556114953414e-04
7.028962166536256500e-04
5.830261680938693880e-04
3.472298485022227532e-04
1.735313609736328097e-03
6.804769417044821429e-04
1.487750401800591203e-03
1.099801143305689875e-03
4.868347349128589836e-04
1.072643686303775172e-03
1.189261738849940915e-03
1.849937029544306954e-03
4.289750163483608213e-04
3.554277402924840628e-04
3.433462103098065864e-04
9.641715891178749206e-04
4.320581569446192770e-04
5.108186397009715704e-04
5.398151504486308101e-03
6.488043140579838330e-04
1.167271952644163098e-03
8.130201575904676039e-04
2.275293704740294614e-03
1.221225506467226492e-03
6.512125973033483549e-04
4.865867944824788351e-04
5.062153510522146051e-04
7.651208231219902654e-04
1.077591058222994924e-03
1.123331490054005821e-03
4.770159015544034103e-04
8.734780133296621502e-04
4.167485968193957585e-04
6.693895456791377780e-04
6.588558360294188366e-04
1.614659007724218893e-03
3.389364031230871800e-04
1.455418349361752408e-03
1.255690025207420414e-03
5.526440864942123218e-04
1.781337365155417560e-02
2.375089296772589943e-03
6.924459346533165223e-04
6.371396549142835028e-04
6.622541600845079654e-04
6.955816236020066420e-04
8.040734670810291114e-04
7.610531037186822221e-04
1.445891981710098126e-03
4.911590780680320919e-04
4.974122401732823315e-04
7.817049419840888577e-04
1.885221338089637091e-03
1.061074601152997132e-03
3.939305919167042543e-04
1.002106960807744133e-03
2.863394824579341556e-04
1.107311032726664623e-03
2.046636230704185905e-03
6.766593766170793476e-04
4.403455971006825097e-04
7.846045147426859191e-04
9.456347485178380908e-04
7.740507703209702911e-04
1.729454945728784408e-03
5.965505210474587048e-04
3.177946126551898045e-04
3.559480801369123795e-04
4.089313379954292440e-04
2.191093083270356182e-03
1.051762688760793331e-03
1.010600813639708296e-03
5.073892191821127978e-04
1.129587519229528119e-03
6.225031279953085247e-04
1.843865212779905978e-03
1.069953098901915527e-03
1.054813404233353102e-03
3.840786218386483815e-04
5.695636308410498977e-04
6.614873432782974886e-04
7.862651702541720560e-04
8.734241178700077315e-04
9.915932355403806343e-04
1.395847718057895669e-03
1.109286811921369673e-03
6.311206261986458763e-04
1.574266259175149604e-03
3.149936478351187861e-04
7.298381997293511281e-04
7.569868238493721513e-04
6.393401408839015105e-04
1.787343022996098780e-03
1.293201534110334852e-03
8.545270169182840473e-04
4.642963997479173321e-04
1.848597294614558444e-03
1.354493792964125368e-03
3.377272242008184065e-04
5.365514031938228585e-04
9.577591097422829452e-04
4.694475942347079963e-04
4.591322104332334008e-04
2.864493577229551883e-04
1.313051280895829358e-03
8.525059230648757667e-04
1.134822491157340234e-03
1.175265843670810720e-03
1.059565763371186518e-03
2.014308764276542742e-04
1.120568009732399737e-03
1.539689419187597295e-03
9.420105115516074585e-04
6.106698077134074332e-04
5.667506830174326308e-04
4.089576157825259304e-04
7.437277725111495754e-04
1.223848316110528415e-03
5.625449490452086310e-04
1.011665524364517435e-03
1.377903660250644202e-02
6.848256873356183428e-04
1.205572539739478179e-03
3.469130852736920963e-03
8.077393243118455258e-04
1.104493236516888334e-03
1.111253481716695593e-03
3.044757411628080078e-04
1.002826144158761599e-03
9.588564977746605843e-04
6.983362283454008865e-04
5.217668123332573279e-03
3.996412488499642940e-04
5.375678354584433917e-04
5.074802566616371880e-04
2.517461131613953594e-04
6.687586386153644572e-04
1.233218585422592682e-03
3.085113541184685178e-04
7.190632952333541857e-04
4.496070744989847062e-04
4.209253513901121567e-04
9.835493053568981989e-04
1.759535572430100288e-03
9.823380618564048986e-04
3.566445171573406426e-04
1.179752926786220525e-03
6.687688179131888152e-04
1.633995987871135003e-03
3.644189382403180454e-04
1.405273667823707861e-03
3.784425421168080344e-04
1.252259881428017738e-03
5.488007654483839344e-04
5.971155612053013649e-04
8.866650911939776307e-04
6.934140873619646121e-04
2.369172173944492121e-04
3.093600259013662250e-03
7.242571747282860540e-04
4.236066438508237129e-04
2.334058645510432020e-04
5.120312608429814687e-04
7.177009426577482358e-04
1.050308819442972693e-03
8.787108724070449286e-04
8.253028707150470268e-04
1.528203745831965962e-03
3.782562582495185496e-04
4.903112530337252681e-04
9.243772694605583481e-04
8.616268777886810365e-04
2.146620334062650497e-03
7.456543059675940343e-04
9.329388172511051324e-04
2.545876072287908709e-04
5.179481114165615865e-04
2.722798002013017047e-04
4.160494186879463876e-04
3.265934574046557861e-04
9.989642743890815232e-04
5.798701883305773866e-04
5.275289213923581169e-04
3.397768413391413886e-04
3.862771133453429600e-04
6.303733338184798474e-04
4.003161547325809764e-04
4.957553830874142885e-04
6.396266711365546608e-04
4.669991587837657096e-04
2.970125805272692387e-03
5.481893361758215883e-04
8.979343086590399221e-04
2.958874297554818468e-04
9.151476402435462744e-04
6.154923520773218680e-04
1.022451391341023998e-03
4.957397754543385777e-04
3.804466844551399139e-04
9.906931852981081931e-04
1.789117068588850319e-04
2.335665020827959806e-03
7.872662112314194075e-04
7.062423487798399077e-04
6.270644712794200965e-04
6.662928189806727446e-04
1.135090141228850937e-03
6.956216376613886436e-04
8.772073896845796002e-04
1.248566813199103323e-03
5.076660438556690295e-04
5.300431163355229279e-04
3.863679725810115315e-04
9.231802539343991233e-04
2.353538782718557357e-04
6.652076870767390524e-04
5.143194779035239984e-04
7.464597068744789708e-04
5.101223558827175071e-04
4.022016450674420420e-04
5.838008516129715355e-04
3.682775943070468508e-04
3.863679725810115315e-04
3.754125776811152271e-04
4.575671769215362101e-04
7.092467254495274549e-04
4.338235245846567027e-04
3.410015029961533111e-04
1.429675000601133335e-03
8.038433153988185477e-04
8.888539326204572023e-04
1.812014324673085538e-03
5.669578760999654556e-04
6.960759747646519087e-04
5.966554433515059786e-04
2.542325476333286410e-03
1.179752926786220525e-03
7.706741100166376738e-04
6.771065132596422714e-04
1.273618265969095721e-03
1.025327255341907913e-03
1.642775631706626426e-03
9.280072085933906145e-04
7.949742133469094160e-04
6.787081009767529814e-04
7.738020823641319828e-04
1.123408882084309243e-03
3.287974233121138535e-04
8.502819848988106598e-04
5.476590074976750433e-04
4.330805995498769969e-04
1.480947735248910402e-03
2.645684022946127780e-03
6.131838078918059719e-04
4.897206919107668747e-04
4.391271006076084382e-04
1.598245049276100218e-03
7.357782833763339830e-04
9.253196739705357070e-04
2.758201391958152730e-04
3.381889817695639833e-04
4.965147253785020393e-04
1.426014235714075616e-03
7.534835820405878142e-04
3.915029066926163930e-04
1.305339728626662239e-03
7.844090839225449294e-04
3.345691892711610826e-04
1.667240504962927330e-03
1.263872027636653251e-03
3.553468091930442048e-04
5.724511530657434280e-04
