2.352944673288203010e-03
1.921012313048953016e-03
1.309185924986471568e-03
1.854090309264947714e-03
1.335998983667824195e-03
6.430874767504192848e-04
6.143280029611551153e-04
9.676444921061234635e-04
3.652066278325776742e-04
3.845188670488419377e-04
7.377711336260285580e-04
6.906323848903539063e-04
6.259781618746423958e-04
6.388449036968805225e-04
4.647181639748581921e-04
8.187882894256299279e-04
1.736185837120389399e-04
1.134713161061677534e-03
1.338660267604183151e-03
8.206738630238602289e-04
7.472199089882987236e-04
3.965193777540679948e-03
2.940559552151012336e-04
8.326472773970985085e-04
4.484116874784671255e-04
3.831049152321797536e-04
1.357260933318611956e-03
6.242791009202330443e-04
1.013524686987907555e-03
6.059558939322866279e-04
8.994297358904077304e-04
4.811789179146299593e-04
5.528782678366776695e-04
5.418461246835172161e-04
5.109902316766382806e-04
1.774160030583230930e-03
1.169799900618303688e-03
2.984721022472006536e-04
2.374684547459325981e-04
6.039701710078497054e-04
4.678692548140171519e-04
6.828313734622208468e-04
2.935581834250334220e-03
1.255938673641097394e-03
3.023728456451591200e-04
4.130924310475884596e-04
4.201693204879497316e-04
1.039781122539959555e-03
1.072972643003856485e-03
4.603737026618225960e-03
7.044470475002236705e-04
7.758597418272665525e-04
3.643352514021573662e-04
6.796620691822941561e-04
8.245926521983620167e-04
6.039980661497223232e-04
7.914396885253293171e-04
5.657197846887893240e-04
7.567234221272895562e-04
8.134378197532727206e-04
1.213808143476755898e-03
4.825364406480784317e-03
1.287564783235398136e-03
1.824112006573354620e-03
1.833587693437646517e-03
1.644045522609486948e-03
2.648476832274500054e-04
3.393878945386699935e-04
4.034031153432197057e-03
9.192605636599330502e-04
6.730400793754509484e-04
1.088659934775312779e-03
2.818975020712330328e-04
2.285511658681534553e-04
7.145195707267047681e-04
3.454155226406217111e-04
7.940946732165884503e-04
1.056905167552529487e-03
8.900892063723295396e-04
5.998436164900552633e-04
1.138903116513412771e-03
2.529104484754512907e-04
1.433649263494573330e-03
1.032126988676969684e-03
1.678287229643410285e-03
5.710258783580184419e-04
7.795827694683159052e-04
8.757281172688776479e-04
3.530839076023989105e-04
9.061396746732631449e-04
1.161637411641907279e-03
4.370692878331915686e-03
8.904456539912535299e-04
5.003890383982810379e-04
4.356000833100148826e-04
8.784374866834985043e-03
2.403116084759885046e-04
3.005765473512609851e-04
4.126626393424209435e-03
4.536723664572883587e-04
1.812227487982404344e-04
1.694365320940304041e-03
5.835625505050585655e-04
1.083776636166354024e-03
2.963653307137183320e-04
4.744522845353830380e-04
1.324630757233272215e-03
9.878639721454065582e-04
1.016353666230467934e-03
1.177094761095966906e-03
3.157388686910649685e-04
5.467775195464851792e-04
2.484520761167622791e-04
1.399544409847592675e-03
8.877383766116238350e-04
2.787521949110783291e-04
7.142428132407312906e-04
9.553402180515674141e-04
3.416867674989269420e-04
1.036599402247811259e-03
6.325367774896540956e-04
9.567138797259856211e-04
5.107244972583051138e-04
1.484667575021839667e-03
4.227865341874863735e-04
2.207037051848233407e-03
1.313707994412578219e-03
1.418521683009659742e-03
4.499592263622717472e-04
6.394326488444663278e-04
3.439719148317877339e-04
5.176171394264541615e-04
5.295823551603079686e-04
2.567264567265129492e-03
1.035816719188044788e-03
3.522241463799193561e-04
3.263426599275211313e-04
9.173625905934532825e-04
6.433051753315575895e-04
1.542849289881332913e-03
1.193372491662471856e-03
1.487690141061799457e-03
9.483280560394522852e-04
4.859130969815857745e-04
8.867692819051056297e-04
2.911061036142798767e-04
5.738109033078576688e-04
5.473088688660843713e-04
9.374192608282611071e-04
2.969177378793022592e-04
1.164253995109352201e-03
7.090810914083066742e-04
5.746387083607801174e-04
4.985406882880510405e-03
9.061055142848034767e-04
4.828983909327530175e-04
4.852695215573004728e-04
3.475494993067166890e-04
8.673277363991957305e-04
6.352426376026366504e-04
3.221996960488520290e-03
4.307098981997265494e-04
1.453675580846623596e-03
4.974850782570837404e-04
5.917571413493254119e-04
1.475754398799740755e-03
7.678584856477739008e-04
7.670367139563614989e-04
6.932434125246772494e-04
4.407978496822421966e-04
5.987904979270362773e-04
6.635723424468403841e-04
7.222668137101077033e-04
9.439750024587241972e-04
6.556559270941552395e-04
5.144216374950760610e-03
7.686975227726897640e-04
6.027032120245601329e-04
1.549328484961529041e-03
5.409337239417723667e-04
1.362104307952760780e-03
1.800179965700607863e-03
4.412199746388956504e-04
1.222709691583497710e-03
7.787270823134993325e-04
3.872357025621456011e-04
1.628385525606013129e-03
8.499212233803679238e-04
8.366864186665952125e-04
4.317912710103061018e-04
1.442178594130570819e-03
3.934357837013914647e-04
5.498102658366523562e-04
1.151478506067663953e-03
2.624405817297528168e-04
4.872723097631846321e-04
4.861832664529469497e-04
5.290076386149576400e-04
3.091517390756357833e-04
2.195537771983137256e-04
5.679880445354823547e-04
6.467606561193519048e-04
9.658234241645354034e-04
2.752426719883801207e-04
1.356902808028872870e-03
2.912811883372192195e-03
4.636966788121655355e-04
6.500735320687228832e-04
1.039369357791062676e-03
1.709898508715671428e-03
2.944074311734594059e-04
8.045973482215840493e-04
9.709104737556901272e-04
3.486329761334960062e-04
3.976133320611977690e-04
5.280672887308720132e-04
7.919090076001348601e-04
6.922817023225447336e-04
8.235391639691185331e-04
3.017736440280033381e-03
7.377711336260285580e-04
5.715250755463756067e-04
1.582533404552614832e-03
5.955614648579146252e-04
1.231445261114240105e-03
1.001933131284958806e-03
6.013196121476847627e-04
8.803313067664897450e-04
3.776424451253816228e-04
3.039317561359036876e-04
7.596881352884772608e-04
6.596130375637308547e-04
5.656329225557559046e-04
3.923894190605011845e-04
1.911002051189723220e-03
8.247853524990573669e-04
2.583472465186860238e-04
7.733764062682802918e-04
3.123003646022467247e-04
1.025002049614282202e-03
1.453566363336282388e-03
7.011542968389998347e-04
3.308003171968524388e-03
2.643868573986656121e-03
3.345710407252597859e-04
4.898150027836480937e-04
5.415366730458701355e-04
1.819846037887789224e-03
6.706366670801730632e-04
1.305519296484496019e-03
1.048498877439182865e-03
4.389060183738331374e-04
9.416648747429786151e-04
1.128348982159936217e-03
4.264527784962037155e-04
9.808505072736453060e-04
9.294084445735754929e-04
1.526965608255311272e-03
8.129370646430316089e-04
5.110597534797396615e-04
5.758936585867216809e-04
1.875766963718705381e-03
6.748322114669703378e-04
7.180763388822832384e-04
2.111166390036221027e-03
3.355941956208225861e-04
2.700894960984303542e-03
7.659379344645358707e-04
7.559016837722557338e-04
3.469456557950549580e-04
3.298096247193182408e-04
7.104089417564014245e-04
6.466585456084444255e-04
1.312391446438264169e-03
9.126045799861156856e-04
6.254480737490779362e-04
4.192212353446224285e-04
5.357367909526648906e-04
7.485133786561140590e-03
4.038693621464116055e-04
1.372823887827963720e-03
1.113505514012704889e-03
2.084438945545231720e-04
4.052897507856227308e-03
7.335607742559202993e-04
8.455210829532418346e-04
2.434580905614739440e-03
2.085257331282032705e-03
4.372309505305756769e-04
1.514825006922905634e-03
3.185247090368110989e-03
2.968059536146726621e-04
2.830873853140452191e-04
1.385139918382361120e-03
1.392525087229686941e-03
2.286484918207541228e-04
6.345523902089758410e-04
9.523432948237519182e-04
1.585636376026198537e-03
8.129370646430316089e-04
1.589833248338806898e-03
8.574364725647591829e-04
1.669096813977166390e-03
4.206633075918017953e-04
6.090970224443257620e-04
4.908327522259278881e-04
2.261768085424612634e-03
1.090574180834283282e-03
5.326981928971866826e-04
1.245790575975543610e-03
3.092213060377553991e-04
1.580712632701760517e-03
6.139433474784405931e-04
1.225753676465664733e-03
3.010397941280857888e-04
1.409520581559497434e-03
9.795011724333281891e-03
7.997283682684431768e-04
4.211498514141351064e-04
8.081427352595543876e-04
1.622484930266807589e-03
6.924410713683451729e-04
8.282269936277816651e-04
7.724616624091383945e-04
4.871370673486047831e-04
9.409283380944632883e-04
8.363500977259431422e-04
4.280982644622212938e-04
4.251629038234627745e-04
6.353584491142219787e-04
4.546634473660778920e-04
6.042777919869653366e-04
3.245587276629592036e-04
6.028463207624206203e-04
4.192572694717305480e-04
6.292188085570104812e-04
2.037418719726292061e-03
4.054967916179445168e-04
8.293347593365405163e-04
4.559522960502176265e-04
1.184381956704882175e-03
1.077378353649314623e-03
1.216037523735673210e-03
8.117084168548899768e-04
2.111166390036221027e-03
3.639563723261227015e-04
1.501770398193234823e-03
1.346439731869365081e-03
1.425701065023425151e-03
1.014244985468496386e-03
4.677840212222375148e-04
4.751313270313523582e-04
9.451028821236449277e-04
4.081222016893708998e-04
4.952094199762235383e-04
8.055374402244317193e-04
8.983045146899343867e-04
1.043512992628231910e-03
1.665412494266235374e-03
6.999581151811778371e-04
1.138903116513412771e-03
2.344637310926198960e-03
7.525959045732286048e-04
9.871486028409123641e-04
5.030090926257626454e-04
2.315702058528404557e-03
2.016116117741459954e-04
1.374252106087482618e-03
3.399005312236095134e-03
1.093303814940684059e-03
7.356232008611703890e-04
5.420412958672789694e-04
5.033706149844296464e-04
8.357107151006516873e-04
3.205149022423226164e-04
4.377966594323928133e-04
1.131037624330766007e-03
9.089033820346832616e-04
5.198681303468827460e-04
5.874642709723234624e-04
3.379498740507162844e-04
2.186735050747885475e-03
3.967848938583524760e-04
4.103427610371387750e-03
1.558771610312952331e-03
2.440330197241750651e-04
6.956932378348494117e-04
3.048251895259290723e-04
4.118685076369515280e-03
7.877201781088660889e-04
2.227353632431469882e-04
5.701837516222102572e-04
1.276366403269447265e-03
7.881993064451866702e-04
7.795765908159584716e-04
4.092774550023202092e-04
3.591818918888126707e-04
2.147057160650398758e-04
6.955278567298051919e-04
7.695454717140694494e-04
2.147518846981239220e-03
7.596146666529296184e-04
6.241982793619120376e-04
4.317602043285026850e-04
2.977577610669835360e-03
1.906082898394424090e-03
5.466812828132657865e-04
7.670367139563614989e-04
8.215846246459767481e-04
2.798867927253539598e-03
5.758497499819808380e-04
6.610844027725705464e-04
9.035265035969344263e-04
9.144112483398066831e-04
5.114357526605755461e-04
1.984520124731949521e-04
3.791353737069393711e-04
4.241799464232638207e-04
1.431544256272864130e-03
5.601761291612652452e-04
2.533381871589499381e-04
7.150020518486549905e-04
6.124677253775440578e-04
7.387676904725136743e-04
5.172222065288924198e-04
3.591443323093696806e-04
1.770474712664543227e-03
2.608347207913162824e-03
8.106924697061255666e-04
7.222958279242831358e-04
7.080502817032317039e-04
1.509992347857499030e-03
8.515027458610648255e-04
7.347115642245648356e-04
6.621629657281398115e-04
1.091109267701537416e-03
3.657352659621257028e-04
1.581111054532100902e-03
3.161122299609336081e-04
6.737515764735850076e-04
6.200830793506960500e-04
7.674070925442369288e-04
1.274492973958149490e-03
1.310591685702213816e-03
3.165292266431315809e-04
7.831105292145445302e-04
1.010056642850703287e-03
3.781646691320587417e-04
1.477527869310109754e-03
1.167686394865520300e-03
3.806885020265591158e-04
4.560296310089136801e-03
3.892837217112891262e-04
6.430348744344583376e-04
1.327287885157188560e-03
6.066287085373443626e-04
7.553516850831058305e-04
1.205974122085996325e-03
1.904366426423001945e-03
9.374118988128727356e-04
5.913629663136800137e-04
5.172021200831961258e-04
7.332252071750787427e-04
1.141083632575887489e-03
9.134406934116155166e-04
9.828918569914570254e-04
4.603737026618225960e-03
3.420431095469555908e-04
1.608662120313254004e-03
6.931511446289630261e-04
6.656251342234021252e-04
1.068367355804213320e-03
1.353242468058835123e-03
3.656339985075460967e-04
4.418912716196607112e-04
9.243128227459895515e-04
4.602156145470980356e-04
2.149406571030384300e-04
1.035533156782378035e-03
6.866811405116422188e-04
4.778924102251493663e-04
4.166858962846694474e-04
1.038725755215072445e-03
3.231870725994829413e-02
2.037619472001421517e-03
1.807301186613195906e-03
7.041725821734379090e-04
3.137771846092957334e-04
4.228915483418317395e-04
5.035804037019288738e-04
3.596487404534489014e-03
5.930314245230456716e-04
5.153385635930825270e-03
9.673758834434826757e-04
1.837625767498373515e-03
1.287050952611952731e-03
9.547746863775467352e-04
2.521072249617559765e-03
4.823570984632440041e-04
2.326556790246114283e-04
4.627193464589358669e-04
5.968352999281459998e-04
4.317602043285026850e-04
6.564312935605951752e-04
3.863122707580438444e-04
2.951871009543834481e-04
5.893977353528074767e-04
5.392265547069085164e-04
3.502317641010783099e-04
3.733652774913364010e-04
1.098459940440063478e-03
3.830755652857343739e-04
1.035708044605378186e-03
4.108194299872757502e-04
5.122358921249985401e-04
2.426894675458023901e-03
7.181918822284563816e-04
4.694004649252965836e-04
2.168265377656946463e-04
2.126643032111837604e-03
1.277356625573092784e-03
8.513245144324140760e-04
2.997812525424688656e-04
5.770078242690756696e-04
7.520669996829757419e-04
3.420431095469555908e-04
5.494232467276188598e-04
1.085571680149686373e-03
9.861917679296198277e-04
6.667382172978515318e-04
1.254015345554580644e-03
5.544131809905071063e-04
7.432647940458691951e-04
8.877383766116238350e-04
2.420995361001189450e-03
3.368200723939578003e-03
2.039458845917420382e-03
3.649269058707760782e-04
1.865261297841083613e-03
4.710879998528355768e-03
3.472213557223574284e-04
2.021276094074845806e-03
7.435038042474332578e-04
5.574167776868012725e-04
5.343786221552660658e-04
3.156204780339419078e-03
2.056809949380344893e-03
1.216230932344579581e-03
8.285508577926791731e-04
4.413526336615891275e-04
3.028895502978943633e-04
8.732407253650429409e-04
5.358562523663825935e-04
6.674088016022789978e-04
6.645095533429378528e-04
4.916030972308559240e-04
4.243832356051949867e-04
4.340358778580520800e-04
1.569655529122792768e-03
1.305836766073853548e-03
3.734512534212587088e-04
5.757919598235297686e-04
1.477832397073846997e-03
5.468689168624256587e-04
4.547993953918499921e-04
6.436210183176993907e-04
5.442178848710099584e-04
9.126045799861156856e-04
8.323001697913916773e-04
8.673277363991957305e-04
3.742979129655661001e-04
8.196524323162344928e-04
4.584267961023341794e-04
3.892837217112891262e-04
1.291784070609804493e-03
8.222292320860622328e-04
6.575430359620808773e-04
4.471390420559142958e-04
7.419940822119356618e-04
5.424150724269195811e-04
3.064200380442646892e-04
4.781221359365156118e-04
7.697735962089659496e-04
3.933396448117699876e-04
1.566697662204189195e-03
1.009183887831512604e-03
6.287921352171199239e-04
9.400154047364240543e-04
9.975455499519176282e-04
2.267935643576602224e-04
1.156465815574753966e-03
4.026031212149612667e-04
4.810375927909679196e-04
1.337035074693779680e-03
3.553635930055311603e-04
4.103427610371387750e-03
8.391698627266892026e-04
3.404851100746676055e-04
4.441581922160323689e-04
2.983784192998928972e-04
4.485359600439527161e-04
6.430348744344583376e-04
1.558402177006108520e-03
1.247319286567164735e-03
5.223412493531796571e-04
8.043187341629621330e-04
6.289282271632826030e-04
2.542558043100511325e-03
4.731643879549660430e-04
1.581211509807261195e-03
6.277576009885067363e-04
3.979006253197012069e-04
2.372127222775818108e-04
7.296538223666269732e-04
1.033896742675891132e-03
7.960087662742451869e-04
4.313511033795931239e-03
9.293180294975841122e-04
1.380706944658504623e-03
6.435100651710710376e-04
7.373615756808682810e-04
9.980900320025005643e-04
8.194299569772084055e-04
1.443241854959647187e-03
1.092862688139954958e-03
7.288210242901084924e-04
1.030846331773689227e-03
5.405286910671325273e-04
9.077279068846644695e-04
4.579305939979322229e-04
8.628777243459571965e-04
4.136265031488985762e-04
5.180152008354685150e-04
5.653761415665360841e-04
4.769350127611927102e-04
4.107094415574455426e-04
5.216395684169470399e-04
2.041765636267068348e-04
1.000606042581231314e-03
1.543572538319750646e-04
1.940819537109980068e-04
1.043821175669024798e-03
1.620012081828511516e-03
2.834305799853562794e-03
6.916433730208698671e-04
8.672556598008571149e-04
1.170638464810861345e-03
6.338804296358050913e-04
3.912855086025790029e-04
2.715313187732422504e-03
1.221458388043761539e-03
9.183511293366694974e-04
1.065460233901960579e-03
2.298610956103346319e-04
3.913333770114287512e-04
7.328348686303030185e-04
3.773471559936348836e-04
3.118021547703726457e-04
2.237869948071592990e-03
6.723795012094537903e-04
3.229220006375746921e-04
3.609483843087571138e-04
4.257316445307531439e-04
1.001256798028376735e-03
5.717809916415703218e-04
6.156599477943812361e-04
3.105165232633108098e-03
5.806719554823624443e-04
4.482249510823678061e-04
3.464977289850288897e-03
5.375691291917479055e-04
4.253234841224678292e-04
7.844308185562846262e-04
2.921647120499650820e-04
4.989885000794675417e-04
2.897261948166002677e-04
2.720875019081151792e-04
9.036926042224680596e-04
2.983784192998928972e-04
8.008001820052656258e-04
1.257481324734048425e-03
4.733987597417567937e-04
5.827016679792391182e-04
4.092153069516883419e-04
4.918783906352243180e-04
1.152490373188823315e-03
8.676927819369141840e-04
1.726349376184278242e-03
3.765535902199007427e-04
3.986250008368503366e-04
9.348852074147939901e-04
5.053232689776823716e-04
4.298593109724634293e-04
8.485677659310146255e-04
4.847906612438017101e-04
5.638289744849628261e-04
1.644045522609486948e-03
6.085140468284530027e-04
5.037446222317247839e-04
4.481279086863114588e-04
4.565657750504652440e-04
2.687757335774958439e-03
6.558162039347626695e-04
1.443241854959647187e-03
6.575430359620808773e-04
8.616783461350133915e-04
1.114402689602408177e-03
1.110083416254443013e-03
1.006751586939223092e-03
9.463800081668567602e-04
5.819005279563266558e-04
1.465307696837241450e-03
1.550964664236753002e-03
7.636939417040442468e-04
1.715881521021244045e-04
9.664217120249237987e-04
5.916360896394034152e-04
3.004470102849515116e-04
2.466310563403233342e-04
2.509387849657398984e-04
6.653478965579907693e-04
4.985292071929725739e-04
1.174535795076144451e-03
1.117527973272285568e-03
1.205385673070455931e-03
4.008757867540978779e-04
7.869511263430889123e-04
7.252170022029613434e-04
5.118963282647276489e-04
6.185545338810626232e-04
2.021053744117836878e-03
1.232441774968254635e-03
7.066838155317121993e-04
9.293073570758079256e-04
2.021276094074845806e-03
9.155182839568492843e-04
4.654218358428034328e-04
2.191698361708079891e-03
8.222292320860622328e-04
4.209878479837022994e-04
3.858964229419728866e-04
7.075889720646162890e-04
2.080901595737285475e-03
6.831631278589827107e-04
9.860988430038092594e-04
1.283515662537883543e-03
5.315702064008315198e-04
2.101024812409298798e-04
1.837308010929196954e-03
9.637355134315043039e-04
1.022242698010941610e-03
3.742979129655661001e-04
2.906201739618462362e-04
7.788673625015407566e-04
1.332710540549811697e-03
5.582293480561370102e-04
5.188210551335202926e-04
1.184117394222206684e-03
7.381683191920301043e-04
1.020786603256786844e-03
6.117997336385557232e-04
7.478128504800669483e-04
8.465262127597461333e-04
2.566991629959856219e-04
4.822826719577749058e-04
1.830329406638286308e-03
3.681918921779622853e-04
5.813297449963196299e-04
5.859978798906122959e-04
4.312745005399341988e-04
3.415387665135482804e-04
1.584421296355109209e-03
1.105633823220042011e-03
7.296538223666269732e-04
7.978381351118107780e-04
8.761135655472003037e-04
6.025982737302848372e-04
8.672556598008571149e-04
1.407433793634387843e-03
3.808752797739002019e-04
1.224617370023319603e-03
1.799032053749730900e-03
5.148912534036579345e-04
8.771943501175293468e-04
1.404828869448231403e-03
1.348489649202546563e-03
4.263653693790131634e-04
6.714088840340499227e-04
5.255953275586240083e-04
4.956246125872303555e-04
3.089889356903905153e-04
9.207893302983464904e-04
3.426275655262052628e-04
3.157388686910649685e-04
3.957921145762552297e-04
1.011269539620622028e-03
1.700718715522743204e-03
9.206904182766643312e-04
5.668853230409974259e-04
1.190215463472345248e-03
5.807661693464550743e-04
7.125277709915576151e-04
7.976549380298847414e-04
1.023921104784704036e-03
1.655342132001112049e-03
8.444793678038219889e-04
3.819681622210160249e-04
6.278739702433212702e-04
3.548447962450713023e-03
1.123632237511975425e-03
7.373615756808682810e-04
3.275700515119086805e-04
3.982852626285018579e-04
2.162064990372141501e-03
3.843904821576297646e-04
6.016905436512817555e-04
1.046117517509054327e-03
1.818222562340977583e-03
4.645584360464296019e-04
2.994857613177612709e-04
4.228751691677430386e-04
4.304806367435749250e-04
4.180435916125766318e-04
4.689762904703393027e-03
3.703406595829640741e-04
3.877360386814186527e-04
9.293475984695180473e-04
1.301016868592019165e-03
9.297671219627947530e-04
5.254574428774396984e-04
3.047921756556278114e-04
1.114047742783026663e-03
4.653689908763899660e-04
4.429092698765615932e-04
4.087073438990143160e-04
2.912331619242228449e-04
7.976300294508177798e-04
4.873442679262671791e-04
4.269643871907238732e-04
8.227099806199571165e-04
2.572449754992760891e-04
6.244564237580038516e-04
8.912752847266213699e-04
2.447158952241697554e-04
4.286109481526169168e-04
1.935328529769154591e-03
9.374192608282611071e-04
1.661127524213719614e-03
9.972810196573248485e-04
1.498483327592435924e-03
7.361590257065543002e-04
7.596146666529296184e-04
1.523697232926132230e-03
2.105199191074882785e-03
3.659198825693593692e-04
1.498483327592435924e-03
5.403270601397611780e-04
4.392741907969910224e-04
7.233567339764607499e-04
8.840708728855161845e-04
5.500412464676262842e-04
4.993627163259900005e-04
3.184040759476105013e-04
6.024311653369049261e-04
7.164534801597921901e-03
7.530139980240890124e-04
5.037446222317247839e-04
4.057566311869296636e-04
6.047912305189545416e-04
1.133785843474549755e-03
9.300594392109167753e-04
4.256053194746525314e-04
3.808973117448515543e-04
2.547630157331425178e-03
1.175306072617338668e-03
5.228722204321031982e-04
1.216603016233487556e-03
5.479160599384687563e-04
8.344597074658057336e-04
3.416130105551099514e-04
4.200089409177420845e-04
5.799327255951760825e-04
5.356106894204870107e-04
2.524301664326850103e-04
6.861577755979557163e-04
1.137993152730931322e-03
1.090574180834283282e-03
1.077913050173546963e-03
1.191329934040636805e-03
8.050700922328982547e-04
1.029208871101803527e-03
1.519281238892863537e-03
7.536576123476169736e-04
5.550046492531409423e-04
9.540632891133762547e-04
4.699050295699175946e-04
9.282123285682219831e-04
4.620718506757647893e-04
1.788645245580978028e-03
1.077136365552682331e-03
9.306792303798691645e-04
8.610334650200869794e-04
5.701189078652755702e-04
6.828313734622208468e-04
1.482076535100580088e-03
4.418423838481425232e-04
2.180291708950107821e-03
1.491131190323173594e-03
3.828449317651966516e-04
3.763116891021872547e-04
4.772248687026851410e-04
4.430674063060129064e-03
6.598607292370273865e-04
7.964792634545864907e-04
4.269411438763265603e-04
1.002108162202798971e-03
1.177341243586663144e-03
6.867461597764787373e-04
3.317771738204799330e-04
1.141185509282792443e-03
1.016689548866340706e-03
7.921162879020816677e-04
2.776809873786936561e-04
1.330462948611760678e-03
8.069999151870825603e-04
6.266875151593720959e-04
8.920493138823473158e-04
1.423725032605555009e-03
5.791959600051460296e-04
1.138954424239453861e-03
7.111789984545719779e-04
9.512424734514184077e-04
7.986389686626326964e-04
7.053816059109465665e-04
8.599975561522658820e-04
9.199028612797687529e-04
1.435945201038501271e-03
2.442061027418235253e-04
1.365670382303078986e-03
6.214844396029940363e-04
4.531334279103433759e-04
3.221996960488520290e-03
9.451028821236449277e-04
7.296538223666269732e-04
6.829126191313786894e-04
5.893977353528074767e-04
1.138686802925798413e-03
5.947881898259675107e-04
1.757673217166958043e-04
4.794768021835155245e-04
3.047921756556278114e-04
9.291997250705924527e-04
6.189130957460579072e-04
4.813769257629610756e-04
5.001242489738208464e-04
9.655534865189070465e-04
1.621738895389484734e-03
5.838962775591534848e-04
6.349280426257632604e-04
1.425095401230460235e-03
2.228417041204745676e-03
1.453566363336282388e-03
1.718926727293266371e-03
2.389099861021017068e-03
5.213679141396037600e-04
1.112209931729530405e-03
2.844513795139200370e-04
1.549321424243647145e-03
9.589419137856715260e-04
1.478908639396466027e-03
2.575030806797644171e-03
3.551599736119330649e-04
4.624774221318921964e-04
2.026790197404686016e-03
5.514599468383656533e-04
6.720879590339836609e-04
3.636538818760279008e-04
1.964135762194188506e-03
6.887145730992229103e-04
3.502317641010783099e-04
1.241566566741653761e-03
5.551965408431066163e-04
9.871486028409123641e-04
1.267608150885878807e-03
4.774169266628633434e-04
5.284449086164258978e-04
8.079442389741257544e-04
1.303221350523424112e-03
6.166862845622851641e-04
5.350413719413235408e-04
4.778924102251493663e-04
5.639692726871895542e-04
6.314247119662787970e-04
4.745386732582549077e-04
9.521658459580572284e-04
4.227865341874863735e-04
7.768387184664299772e-04
1.109911154416423542e-03
2.385609587287311896e-04
5.011793853454281269e-04
