1.126654713873233050e+04
1.062849499734661731e+04
1.104026700262101986e+04
1.129021667600501678e+04
1.132947931288210384e+04
1.128232334529692525e+04
1.123562022595033523e+04
1.127375829768566291e+04
1.180214631143121187e+04
1.156885267023031338e+04
1.129121066400434938e+04
1.164305599471151982e+04
1.140914955790511885e+04
1.124170509894709903e+04
1.132529742925435858e+04
1.100997434341922417e+04
1.127807614647443916e+04
1.122925126277961681e+04
9.676112418074726520e+03
1.128236251543952676e+04
1.109747970477092531e+04
1.178762943837527382e+04
1.106702850791948731e+04
1.184929854105332379e+04
1.044315110842053400e+04
1.162984904087928953e+04
1.078956245100141678e+04
1.152579663338334649e+04
1.027757935066305436e+04
1.056131093241434064e+04
1.177326436177187134e+04
1.134415362966359680e+04
9.777134359381656395e+03
1.064087881590938196e+04
1.107444899368285405e+04
1.132139033588537495e+04
1.176656088990580974e+04
1.127367063670302923e+04
1.153298951179863434e+04
1.053450357436091508e+04
1.078804056636069436e+04
1.149639914088464502e+04
1.143436372982700595e+04
1.028567376153228179e+04
1.099107611405967873e+04
1.125689080250463849e+04
1.185527322067723253e+04
1.129021667600501678e+04
1.014469379017566825e+04
1.097148801446940342e+04
1.168782000088476707e+04
1.172120941774067614e+04
1.178042362620972563e+04
1.089920377088755595e+04
1.178722050683665839e+04
1.180694416638118855e+04
1.182207165453228299e+04
1.074466847093678371e+04
1.166133052840774144e+04
1.127048241930163204e+04
1.183366704706111341e+04
1.160733561181816549e+04
1.167252043986300851e+04
1.060450036444226862e+04
1.169566392810978869e+04
1.133436186719734178e+04
1.174417887707870250e+04
1.173848456390115462e+04
1.109747970477092531e+04
1.091857332878692432e+04
1.092006073416285653e+04
1.126259691937259413e+04
1.157772396463863333e+04
1.137710168427825556e+04
1.179847802822474478e+04
1.096484324305335576e+04
1.073063843154580718e+04
1.172588241433235271e+04
1.025562865048434287e+04
1.161740711411570373e+04
1.167990005947993996e+04
1.172759984537616401e+04
1.157695726752291375e+04
1.113344820978957614e+04
9.938586280214061844e+03
1.168281328179571210e+04
1.091454005513219272e+04
1.126105612355789890e+04
1.155183645353243992e+04
1.100150307474065266e+04
1.181121031275202768e+04
1.127382522546929431e+04
1.091404386414817600e+04
1.094748676919020363e+04
1.123490775285054588e+04
1.143258142381879952e+04
1.177454214491114362e+04
1.178135994955901333e+04
1.177668795029548346e+04
1.184308634616874770e+04
1.131913905565470304e+04
1.178518912172031378e+04
1.178495128800054772e+04
1.052904711309668710e+04
1.065789392630565271e+04
9.380324606492111343e+03
1.142675151766681665e+04
1.166274339425381368e+04
1.056979419025649258e+04
1.085178829194281934e+04
1.184145813097200516e+04
1.131690899683346470e+04
1.155379402069468415e+04
1.054376698168028815e+04
1.140648135409757924e+04
1.161249869250122356e+04
1.163294662932288338e+04
1.175795321598697774e+04
1.148900144532325066e+04
1.102361148167107785e+04
1.179936264858278082e+04
1.142802804030166590e+04
1.145219266762856205e+04
1.040795709164397158e+04
1.155896161636427496e+04
1.122658734140596607e+04
1.142899303847351985e+04
1.110955033449279654e+04
1.148433130088683538e+04
1.160663978847685030e+04
1.099934495345522737e+04
1.086350367347123756e+04
1.050256732121950154e+04
9.445018503505376430e+03
1.134317861339597039e+04
1.170299934577477688e+04
1.157387500715658825e+04
1.062500925492365968e+04
1.184293239644322239e+04
1.078634107490789029e+04
1.164521430012455858e+04
1.144330431820984268e+04
1.168168417774095542e+04
1.153323679956904562e+04
9.800296624637649074e+03
1.177200787840843805e+04
1.083753376618742550e+04
1.176513717917913345e+04
1.180029750755774694e+04
1.163707893986998533e+04
1.158565024616641313e+04
1.126979383666916146e+04
1.147137623803917268e+04
1.119870815648112512e+04
1.179220757200684420e+04
1.102964381760899778e+04
1.106698160257715426e+04
1.146197832385448055e+04
1.175480054126128016e+04
1.121275716003617708e+04
1.039805996849674739e+04
1.106647366642813904e+04
1.140063026667610757e+04
1.142928555797518675e+04
1.183430128122001588e+04
1.173968815854492641e+04
1.149442753739689215e+04
1.140878460626593005e+04
1.165623624617809583e+04
1.132139033588537495e+04
1.162141597701106912e+04
1.049087552845818573e+04
1.144689764762076084e+04
1.124427828606414914e+04
1.179664203766708306e+04
1.097191660563215191e+04
1.136631084747182285e+04
1.069306829652962551e+04
1.113242456604515974e+04
1.180109994285779976e+04
1.158565024616641313e+04
1.179029630661818010e+04
1.171203102205128016e+04
1.149127392218643945e+04
1.174822073844150145e+04
1.085182333976421796e+04
9.727693498055250529e+03
1.132276584320447364e+04
1.091132901254249191e+04
1.138495695529781369e+04
1.184504834274846507e+04
1.117666683096041015e+04
1.166136842542719751e+04
1.088912606209342448e+04
1.051074563009284611e+04
1.173376708926149877e+04
1.143561510187712338e+04
1.124703221682989169e+04
1.169251853119983025e+04
1.179888865302112390e+04
1.136452918292255708e+04
1.173834586283679710e+04
1.147996186048958589e+04
1.057606480621949777e+04
1.079202306642861004e+04
1.145088550329017926e+04
1.001318956267133035e+04
1.159309417522379954e+04
1.181155744886144021e+04
1.140531337317698853e+04
1.169357853839957534e+04
1.126922857863041463e+04
1.053929076689719113e+04
1.065523449726510444e+04
1.164523766548376079e+04
1.166236879959692487e+04
1.077799175528968408e+04
1.134797056399336543e+04
1.165762895339779061e+04
1.094718865317570089e+04
1.146528450307450112e+04
1.107257682421520258e+04
1.179595070887474321e+04
1.159063691004979410e+04
1.179133928446310529e+04
1.092017841428114480e+04
1.053223176316465469e+04
1.089302433338661649e+04
1.093544514716933736e+04
1.143812933387514931e+04
1.148680765819475346e+04
1.157909035959205721e+04
1.165948442891372179e+04
1.124604619490903497e+04
1.183163158484945234e+04
1.165714319204663843e+04
1.152680395895577203e+04
9.316828371925810643e+03
1.061827411732776454e+04
1.112445958480288391e+04
1.170568400333685531e+04
1.077910989580778732e+04
1.104222057134116403e+04
1.128572664784598055e+04
1.155379402069468415e+04
1.170352510288912526e+04
1.013088220063047083e+04
1.182386071822589292e+04
1.117426955213729707e+04
1.072431635180379089e+04
1.094988209131849362e+04
1.068822819168140268e+04
1.181871797057577714e+04
1.119238520946713470e+04
1.122431291164192953e+04
1.126254202266073480e+04
1.062146435988772100e+04
1.101001620197868760e+04
1.138056545672268840e+04
1.020881620535026559e+04
1.136929423745582608e+04
1.012867529282517353e+04
1.171451791995500753e+04
1.174018584997239668e+04
1.070436407836551734e+04
1.168955927041323957e+04
1.182337781199926030e+04
1.090822052012615131e+04
1.063243097530369050e+04
1.124726173634809311e+04
1.165173761865883716e+04
1.105536556760224994e+04
1.151892687122202551e+04
1.088239326249278929e+04
1.062510851104731046e+04
1.102857524131197351e+04
1.089489462647379332e+04
1.094316216543715018e+04
1.121763976885922602e+04
1.006403719619286494e+04
1.065510854505103998e+04
1.121772648547587050e+04
1.181520577866336134e+04
1.128043773021486049e+04
1.147751640807898366e+04
1.184279932874923361e+04
1.185188673350225690e+04
1.183783320449148232e+04
1.058353961170262482e+04
1.090739801792492290e+04
1.152859906446864079e+04
1.113811936252992746e+04
1.154843006309148404e+04
1.181042095405070359e+04
1.108502268967219061e+04
1.154362400876775064e+04
1.077164974664533293e+04
1.098162522355424699e+04
1.178732687874567091e+04
1.090305523573368919e+04
1.165207335764908566e+04
9.727942796114450175e+03
1.158086487559734633e+04
1.169394075976590284e+04
1.173118706988443228e+04
1.168059376235162199e+04
1.059458603526498337e+04
1.105440910790324415e+04
1.142283920198471606e+04
1.156257577045926155e+04
1.044875772434135069e+04
1.148994055875771301e+04
1.178357663715751005e+04
1.153817618530395703e+04
1.069023088332900261e+04
1.180338970789794439e+04
1.182191798239465788e+04
1.141343708100063486e+04
1.140961158019316281e+04
1.105915937770755045e+04
1.174990605842270088e+04
1.074021639355698790e+04
1.132968027927408184e+04
1.097246511964673482e+04
1.178728705442693172e+04
1.147956462771344195e+04
9.985614528950021850e+03
1.154122393192057280e+04
1.114359062373564666e+04
1.087755659849271069e+04
1.140557184078078717e+04
1.123018537103441122e+04
9.952452004735274386e+03
1.059932660991974262e+04
1.177429263060462108e+04
1.133927564532068573e+04
1.104570232890520856e+04
1.123954248008357172e+04
1.076449467165854003e+04
1.010690909497649409e+04
1.181604270725916285e+04
1.184511070836938961e+04
1.152965174295503311e+04
1.099734178408127445e+04
1.169355018857947289e+04
1.118041371323269959e+04
9.702854992270895309e+03
1.118329650961654988e+04
1.076843420497110128e+04
1.175849828532241008e+04
1.178774084128545110e+04
1.174692154236163333e+04
1.122937765101035257e+04
1.184742430117701224e+04
1.139559383642648027e+04
1.084323002088450085e+04
1.142899303847351985e+04
1.157609598310272850e+04
1.016050251695401312e+04
1.087571964428327556e+04
1.130969514434341181e+04
1.116608075758437553e+04
9.908896538683713516e+03
1.114458558878045369e+04
1.135562137593141961e+04
1.152791430828370358e+04
1.174619990186102586e+04
1.079080258897807107e+04
1.173616343523546675e+04
1.076092755324141945e+04
1.170564232736325175e+04
1.167394158159964354e+04
1.136899269730240849e+04
9.818691142230314654e+03
1.128309291430389203e+04
1.158905529480221230e+04
1.093131833281589206e+04
1.046303307425682215e+04
1.116860429744850990e+04
1.164336526378576855e+04
1.147662323543153980e+04
1.029385109880079472e+04
1.045040029995840086e+04
1.164817884329164735e+04
1.042517406261494762e+04
1.101232141393006168e+04
1.066068062453661696e+04
1.118268171441933737e+04
1.146497444807641295e+04
1.110456725439223737e+04
1.154711282411132197e+04
1.158569489241125484e+04
1.105881853112715544e+04
1.077134190180552469e+04
1.070774872711190619e+04
1.103452449573424019e+04
1.144711675072076832e+04
1.100651513707462436e+04
1.145828278931870955e+04
1.142008469616462389e+04
1.047388961874670531e+04
1.140105051690475193e+04
1.176160873651441216e+04
1.184298441593651114e+04
9.934092218023073656e+03
1.040919671514194124e+04
1.162452146089057533e+04
9.714581057821969807e+03
1.064432855505407497e+04
1.152014853437985948e+04
1.140394603705808913e+04
1.172653832466216409e+04
1.160051801211323800e+04
1.146230406787362153e+04
1.062146435988772100e+04
1.119435319925917065e+04
1.157353962973620764e+04
1.121103242343099191e+04
1.167055196537030497e+04
1.173118645694731276e+04
1.138033625047272108e+04
1.162858082418197409e+04
1.183939215714317652e+04
1.171196000468373677e+04
1.134961037180463791e+04
1.096282044734905867e+04
1.126523242506997849e+04
9.416752720727617998e+03
1.159086896516918569e+04
1.089901420399521339e+04
1.123639839499132358e+04
1.168978204396384899e+04
1.078912099689514616e+04
1.112743501876705523e+04
1.175931778850159571e+04
1.084541803394009548e+04
1.118765542667804220e+04
1.090960586781368693e+04
1.061636051964867875e+04
1.096875538322451212e+04
1.003042112574335260e+04
1.171693969108052261e+04
1.144825363150302655e+04
1.156208486787183028e+04
1.143179436918570173e+04
1.026837980411759781e+04
1.093556376345559693e+04
1.049443595825304328e+04
1.137173344699581867e+04
1.147382353114134457e+04
1.089920377088755595e+04
1.094968493389608193e+04
1.140761485476058078e+04
1.090008424831244338e+04
1.148816988023204249e+04
1.165145618152187490e+04
1.167856223989407954e+04
1.146925951627698487e+04
1.116707776791439028e+04
1.077958291027166342e+04
1.127926065143495543e+04
1.150172724826253034e+04
1.041774772941555784e+04
1.155780075095161010e+04
1.166345036840060493e+04
1.163559510108687027e+04
1.121661259080027594e+04
1.079419217368514182e+04
1.115557138254043275e+04
1.165203404821210643e+04
1.044857912019232754e+04
1.080956497277911330e+04
1.174652047891891561e+04
1.176680407903214837e+04
1.120108490369080027e+04
1.078642804975753461e+04
1.159223296856796514e+04
1.168176907767640296e+04
1.053002634990318984e+04
1.006569088495250253e+04
1.024691424149510203e+04
1.162609599189479195e+04
1.128868506667105612e+04
1.142225345772167202e+04
1.116042248213193307e+04
1.122289383604645627e+04
1.138741469228321148e+04
1.168679032946737607e+04
1.115132598655734910e+04
1.057548615128480014e+04
1.170137969869672997e+04
1.179021648571340120e+04
1.093131833281589206e+04
1.125763814779064160e+04
1.155487145749125557e+04
1.183949473412116276e+04
1.101585641720036438e+04
1.178762943837527382e+04
1.175087988349955413e+04
1.171575055089730813e+04
1.181613270546376771e+04
1.146065547173948653e+04
1.141848768153739911e+04
1.162694799481197151e+04
1.085390618737943805e+04
1.173434775658046965e+04
1.128469891279099102e+04
1.173744495407181967e+04
1.160046197102581937e+04
1.140621306956089757e+04
1.125394888399953197e+04
1.181871797057577714e+04
1.045743893802239472e+04
1.148913048449344205e+04
1.150228865014280382e+04
1.003124010053537677e+04
1.138015545316693533e+04
1.149958702742191963e+04
1.165427990434295316e+04
1.093378370064260162e+04
1.128957107827949221e+04
1.164662630458774220e+04
1.096763459581929783e+04
1.085941158963931230e+04
1.142991893260930374e+04
1.106790932505805904e+04
1.130631175304837234e+04
1.064618164811871793e+04
1.084375268215438700e+04
1.150894289971764192e+04
1.159718469531971095e+04
1.102550030995408815e+04
1.134887338931441809e+04
1.160034991915332830e+04
1.175188060476621285e+04
1.125259699822122639e+04
1.077431565762184255e+04
1.179829065016203094e+04
1.124798544682853753e+04
1.141219119366908853e+04
1.155606725778191321e+04
1.130177135669330346e+04
1.179875942234180184e+04
1.098599203793335619e+04
1.167317449874162776e+04
1.185599011459106259e+04
1.149957672071058369e+04
1.069822495771110334e+04
1.155384316289844719e+04
1.071662473207516632e+04
1.168565425532032168e+04
1.115522357362786715e+04
1.147886458839900297e+04
9.852335235934539014e+03
1.053043175369043456e+04
1.114360950370895625e+04
1.120160820059688558e+04
1.104758707988025344e+04
1.185077038737124531e+04
1.021083126305702899e+04
1.153110349470139772e+04
1.137238850219242340e+04
1.172417905170383892e+04
1.103797797220357097e+04
1.062146435988772100e+04
9.880726037916552741e+03
1.180562315937513995e+04
1.161240959711913820e+04
1.171412968486630052e+04
1.065959857143156842e+04
1.109243351738859565e+04
1.144676219922455130e+04
1.179467777848658079e+04
1.159175496370191468e+04
1.171343565649621451e+04
1.143179436918570173e+04
1.035288517232651975e+04
1.138767527909187629e+04
1.098674561304516465e+04
1.140057634691642306e+04
1.177884965079780523e+04
1.136801311054122016e+04
1.159695357296281327e+04
1.109882201629354677e+04
1.042517406261494762e+04
1.155119071648893441e+04
1.127651009691952459e+04
9.629310004010465491e+03
1.173167734693178136e+04
1.172657097813293512e+04
1.177299907510898265e+04
1.141086027698450744e+04
1.169281722212783643e+04
1.109788609663876559e+04
1.178121925623507195e+04
1.149374230556583097e+04
1.129223464318660263e+04
1.169443057531232080e+04
1.163464306963647141e+04
1.101767421221085897e+04
1.143924657640267105e+04
1.159758271416568823e+04
1.079987023727505948e+04
1.123463591575435203e+04
1.165284430544532188e+04
1.065791161655983160e+04
1.046573810833680909e+04
1.182484218243026953e+04
1.145690188658112129e+04
1.119540317182859508e+04
1.163390954022704864e+04
1.145044026924009995e+04
1.067539446387504904e+04
1.164027771947560177e+04
1.090902475089972722e+04
1.156955779366162824e+04
1.184952065254560512e+04
1.140107766815053219e+04
1.037254897648973929e+04
1.173924600296492281e+04
1.157913244595319156e+04
1.131097039588676125e+04
1.160663978847685030e+04
1.124472919156044190e+04
9.859708662316723348e+03
1.115072296451470538e+04
1.168771541921317839e+04
1.150835711774540687e+04
1.122997290409316338e+04
1.063924340364700402e+04
1.166753356277792773e+04
9.713165551184887590e+03
1.101653935336240647e+04
1.180419456832868855e+04
1.055163714212369268e+04
1.162037931369998478e+04
1.095331956254467514e+04
1.176562933700286521e+04
1.134903474046271731e+04
1.132866544830635939e+04
1.162881452130026810e+04
1.146065547173948653e+04
1.123365986451836761e+04
9.928850790966420391e+03
9.803907194403493122e+03
1.185491581267926449e+04
1.117460650616914427e+04
1.141336693944236140e+04
1.137256942711690681e+04
1.165572161271344157e+04
1.175277795898471959e+04
1.112968879536111490e+04
1.148673821561083969e+04
1.132078792200700627e+04
1.114543807140188619e+04
1.095863800479280690e+04
1.180381717344538993e+04
1.106994354173872853e+04
1.119622067050660553e+04
1.028290926452053463e+04
1.043585295448183388e+04
1.137331195162980657e+04
1.113045293811732881e+04
1.056299700255367316e+04
1.113287144680251004e+04
9.832169342104058160e+03
1.152799580158776189e+04
1.165439126846179352e+04
1.091319373726678532e+04
1.114274964580447340e+04
1.172930158790506539e+04
1.154312469358752969e+04
1.180085615878800127e+04
1.146213758741282072e+04
1.169166229287093665e+04
9.706741460832326993e+03
1.139868980488740635e+04
1.137509870304284050e+04
1.162532798472456670e+04
1.158129205798470866e+04
9.780113035708491225e+03
1.103807872096433493e+04
1.151473561981587773e+04
1.132549997901151983e+04
1.071591775901392612e+04
1.180177885322878865e+04
9.689588685542690655e+03
1.160692825048064333e+04
1.040427117141974486e+04
1.173238885739497891e+04
1.103279550691228178e+04
1.157458159755953238e+04
1.168467424709515217e+04
1.084862287701274545e+04
1.161249869250122356e+04
1.170875248797413224e+04
1.155418842915742061e+04
1.076843420497110128e+04
1.113943123940356782e+04
1.180199854225849776e+04
1.173058580954660465e+04
1.117101465777643170e+04
1.178498880315736460e+04
1.163200947145448845e+04
1.113685070966697640e+04
1.037876575115143351e+04
1.144263898783187324e+04
1.150737818956805677e+04
1.176061617875052980e+04
1.165491014663055830e+04
1.138743881434646391e+04
1.062012688228523984e+04
1.086985832910849058e+04
1.125279421957319573e+04
1.097966265558995292e+04
1.148060949242118295e+04
1.173744495407181967e+04
1.112792261496160791e+04
1.112035805458644609e+04
1.147041839746879850e+04
1.174479171301160386e+04
1.165426538237513159e+04
1.178868705579197194e+04
1.126775776950057480e+04
1.184965700016724077e+04
1.152702165525079909e+04
1.091024007045374310e+04
1.183603006478551833e+04
1.100567663365966291e+04
1.154921933832281502e+04
1.174107987457331001e+04
1.160400428473150532e+04
9.908896538683713516e+03
1.140914955790511885e+04
1.106005399689559999e+04
9.663312406026718236e+03
1.082303729885587381e+04
1.094175906857516384e+04
1.110181764353579638e+04
1.057141154573714084e+04
1.125975086123987239e+04
1.144157694247506879e+04
1.125271898476200840e+04
1.181528492404179633e+04
1.142083158747339621e+04
1.182692809970284543e+04
1.181248405621482016e+04
1.180115589646238186e+04
1.147975132846901033e+04
1.151486912205140470e+04
1.156668523017139887e+04
1.032893243957383311e+04
1.058018420941590193e+04
1.179809916046955914e+04
9.150256708704393532e+03
1.165485819828472086e+04
1.094065714499601381e+04
1.168948232192075375e+04
1.125119898047749302e+04
1.185187441075778406e+04
1.060985095019168511e+04
1.184145813097200516e+04
1.154957416961190029e+04
1.149713764340090347e+04
1.065510854505103998e+04
9.463857006287887998e+03
1.090960078732656984e+04
1.065662623358848032e+04
1.038455231963994083e+04
1.102718188678083061e+04
1.118634842798436512e+04
1.134428549014297096e+04
1.032045412992773527e+04
1.176093215201830753e+04
1.106757935023814207e+04
1.168762642853216312e+04
1.155620747539492186e+04
1.166579447722874465e+04
1.099848401633323374e+04
1.033424344575608484e+04
1.137309209550258493e+04
1.180473437398761234e+04
1.176707792480373610e+04
1.088557193060258578e+04
1.128184686675406192e+04
1.175419150478226948e+04
1.126533986540250953e+04
1.150974904040106776e+04
1.185644513389229905e+04
1.164918935088228136e+04
1.138383375306860216e+04
1.114496077699667512e+04
1.180659106181705647e+04
1.160924907771114340e+04
1.111841889586373145e+04
1.091144881905872717e+04
1.143462197753783039e+04
1.141343708100063486e+04
1.129440835725665784e+04
1.169634792385236869e+04
1.064337299010927381e+04
1.173610011326869426e+04
1.015034145265804727e+04
1.108845458033042996e+04
1.168125680493663094e+04
1.117621700969360609e+04
1.115194076374262295e+04
1.139842160856695955e+04
9.992490519961344035e+03
1.114919588007484890e+04
1.175504207506092644e+04
1.152834985698197852e+04
1.148336427963335882e+04
1.041820131708756162e+04
1.050996161945990389e+04
1.137719866343179456e+04
1.044501167827889185e+04
1.179487432321980305e+04
1.139488745724345608e+04
1.107979714148198036e+04
1.139689189997469839e+04
1.149465178097138596e+04
1.050052792670016061e+04
1.097444272617673232e+04
1.174701059016634281e+04
1.174200634918506876e+04
1.109746250273858459e+04
1.164137059271995531e+04
1.060976400126148110e+04
1.103352198976638647e+04
1.184064797586314671e+04
1.182900338121737514e+04
1.030885146782501033e+04
1.075357502096427197e+04
1.171328506604142785e+04
1.185512571097905675e+04
1.068505878932767700e+04
1.094849343706163199e+04
1.115204018563402315e+04
1.060793089631112889e+04
1.100345216100746438e+04
1.157755764978953448e+04
1.082906118373980462e+04
1.154100002582784145e+04
1.052669483021328597e+04
1.100733904854078355e+04
1.114304912121281814e+04
1.143224259374361100e+04
1.088401323596597831e+04
1.159659463578055693e+04
1.168431050113213132e+04
1.130721127914755925e+04
1.096771336029189479e+04
1.150214618441462153e+04
1.155135831548709757e+04
1.059504322831468744e+04
1.147137623803917268e+04
1.171196000468373677e+04
1.179477206471543104e+04
1.115093313565630524e+04
1.153107518332671680e+04
1.161914674050937901e+04
1.175471813960067448e+04
1.170311335410891843e+04
1.164012589442460012e+04
1.179323980699240565e+04
1.182201112983544772e+04
1.097789839411032517e+04
1.185509567983491070e+04
1.114776026830554110e+04
1.081810934401574741e+04
1.167429457969847681e+04
1.183627872182505052e+04
1.170296157829854201e+04
1.153444035119638284e+04
1.088404682345973561e+04
1.155724881362540691e+04
1.167554539532492890e+04
1.099811307269684039e+04
1.161088712692654371e+04
1.160400428473150532e+04
1.162114811106767593e+04
1.145938325045002784e+04
1.161000751842599493e+04
1.046369795233763398e+04
1.177651696935382279e+04
1.182942414517105135e+04
1.182405730485922686e+04
1.013709919305576113e+04
1.180961286032218050e+04
1.119234407816720341e+04
1.085510350783874492e+04
1.141503138411268446e+04
1.015876948336979331e+04
1.113963411781314971e+04
1.127220355533310976e+04
1.184832826144583305e+04
1.178245648499298295e+04
1.168047348228689225e+04
1.164481221135308624e+04
1.180571972768462365e+04
1.029385109880079472e+04
1.166014617969872779e+04
1.040268644956916432e+04
1.151576671088542571e+04
1.163632496297722173e+04
1.175419150478226948e+04
1.112340700797603131e+04
1.155597363277932527e+04
1.129800053175333051e+04
1.066557206795047387e+04
1.113740945334936987e+04
1.029640651032049209e+04
1.118655698762612155e+04
1.034163020898199466e+04
1.171418408834348156e+04
1.091013680017250590e+04
1.125741866676681821e+04
1.146197832385448055e+04
1.156482886861696170e+04
1.158755247839315234e+04
1.184401696315579284e+04
1.151449233211419596e+04
1.169095271982472332e+04
1.165404495272824352e+04
1.146329228739941573e+04
1.113880131663472275e+04
1.127327021934807635e+04
1.148060949242118295e+04
1.164817884329164735e+04
1.126135657227563206e+04
1.179907497927993609e+04
1.184472687401325311e+04
1.173017271528907440e+04
1.158948197554511353e+04
1.084444989913136305e+04
1.178549385795391026e+04
1.177190570637259043e+04
1.152811696131501230e+04
1.174749370237168114e+04
1.172441770293457375e+04
1.058383610199495706e+04
1.004386015105065235e+04
1.145742641954034298e+04
1.168274704086447855e+04
1.176329946130510325e+04
1.113782810357167000e+04
1.121230653289374823e+04
1.130826380822660576e+04
1.104288458205166171e+04
1.167122533389429555e+04
1.036327686411812101e+04
1.091123511785692244e+04
1.178973254803175587e+04
1.173817318337245888e+04
1.027431235994301278e+04
1.139962370119560001e+04
1.101550663739284937e+04
1.149633727284745692e+04
1.131194527348831616e+04
1.181613270546376771e+04
1.139689189997469839e+04
1.184705336030889521e+04
1.106856126780851991e+04
9.946606526916715666e+03
1.153917569717737206e+04
1.120111363693742533e+04
1.147477232905763412e+04
1.118839996100596545e+04
1.138751552703615198e+04
1.116761026626362582e+04
1.130177135669330346e+04
1.184208505658031754e+04
1.104212521187353923e+04
1.151532563977503742e+04
1.178709857185344299e+04
1.170673385151185357e+04
1.151357979077665550e+04
1.022786741838193120e+04
1.103393586452197269e+04
1.162422460934747505e+04
1.108482605841169789e+04
1.110377799880615203e+04
9.860683334297093097e+03
1.118534737295360537e+04
1.026097079125165874e+04
1.179900150464678518e+04
1.161295523467868043e+04
1.005399248215396801e+04
1.152778746736326502e+04
1.164566214684164697e+04
1.129405839591032782e+04
1.160924907771114340e+04
1.151392033106602503e+04
1.010019453926519054e+04
1.162294282857766848e+04
1.071013118731427676e+04
1.101420451772603701e+04
9.965133029557631744e+03
1.125376587569475305e+04
