1.045142235467407045e+04
9.890174208617385375e+03
1.027188037703495320e+04
1.037776470180574688e+04
9.708228537987868549e+03
1.042076910476687408e+04
1.048960518920012692e+04
1.008406084722210289e+04
1.040573686767410254e+04
1.041198727006909394e+04
9.635242080610642006e+03
1.038385756203926576e+04
1.049181883563166048e+04
1.050737886039770092e+04
1.027265833338768789e+04
1.041586924740975519e+04
1.022672373638168028e+04
1.029048766410094504e+04
1.029513623985514278e+04
9.800825896446594925e+03
1.042374604009263567e+04
1.041464675918937064e+04
1.033968488644860008e+04
9.046645539658784401e+03
8.817348450843424871e+03
1.038326191553878016e+04
9.572070354980161937e+03
1.000476238900929457e+04
1.013664480378126973e+04
1.034122359426148614e+04
1.048169103790861845e+04
9.840337654157638099e+03
1.038000398337382649e+04
1.005876152197657939e+04
1.033104796187270040e+04
1.040031592509321854e+04
9.146607047683301062e+03
1.011213327639361523e+04
1.011699767799019537e+04
9.918606393814763578e+03
1.012038538417056407e+04
9.928591781024115335e+03
9.958060328422669045e+03
1.016990489905564391e+04
1.005876152197657939e+04
9.973849843523526943e+03
1.053711870852545326e+04
9.785928855629786995e+03
1.031382384721491690e+04
1.014437770522788924e+04
1.013706249438289524e+04
1.005069798529920809e+04
9.723517485493715867e+03
1.014189855590673687e+04
9.904245740104062861e+03
1.051211852807355172e+04
1.035305032414895322e+04
1.035425524837999910e+04
1.027918463387524935e+04
1.022017928122170633e+04
1.015182711887482583e+04
1.019381252781835246e+04
1.048506918239689548e+04
1.043124547283631182e+04
1.029827682427673790e+04
1.050972162813063551e+04
1.052156936229595522e+04
1.007590559793192733e+04
1.026763869480434369e+04
1.033685985341736159e+04
1.051074997868644095e+04
1.014510266313015927e+04
1.011572524898235497e+04
1.046006330283945317e+04
1.006607116140065409e+04
1.051937394029575080e+04
1.021555996699380921e+04
1.049894467145328235e+04
1.028738069380713205e+04
1.048553110865068084e+04
1.034399317930089819e+04
1.049196081390060499e+04
1.013793917546997363e+04
1.037378949907543756e+04
1.035707988622964331e+04
9.963801880462659028e+03
1.052602630977235276e+04
1.022720054230162168e+04
9.923670670538205741e+03
9.420655225342645281e+03
1.047983659943558087e+04
1.019495413823455237e+04
1.036951618029192650e+04
1.023008054442307548e+04
1.036352005636161630e+04
9.688480365474861173e+03
9.578297045337567397e+03
1.043828312831182302e+04
1.019519049274029021e+04
1.045943208189407051e+04
1.001670669837042442e+04
1.038301477792899095e+04
9.758201833525887196e+03
1.001218888565615453e+04
1.007638743720675120e+04
9.712273684245668846e+03
1.020812695169410654e+04
1.018192452628603314e+04
1.031972518775739809e+04
1.007553780730329891e+04
1.051473830798147173e+04
1.036221497614604414e+04
9.101204429206189161e+03
1.033227047233669509e+04
1.050455694236645468e+04
9.928887211838420626e+03
1.037977046827894083e+04
1.038634804271018584e+04
9.616289679546596744e+03
9.937241701381346502e+03
9.461798853616961424e+03
9.133364587163763645e+03
1.009533189087687788e+04
9.645273509634336733e+03
1.045684269121123725e+04
1.032754412800333921e+04
1.009518964622561180e+04
1.045513485383013358e+04
1.029323061577726912e+04
1.007208986714129605e+04
1.023460384350859022e+04
1.006400225560336185e+04
9.895662492860796192e+03
1.001654099877697627e+04
1.013389415455832932e+04
1.030310748430220701e+04
1.033349967310921420e+04
1.049824207625596864e+04
9.771390449255723070e+03
1.024457248730222818e+04
1.026860159961111276e+04
1.041864946968528966e+04
9.872394521205798810e+03
1.043510116991005998e+04
9.932628079241761952e+03
1.001262736753340869e+04
9.594320369522209148e+03
8.979054326654464603e+03
1.027537391180676968e+04
1.016550005719620094e+04
8.863587778000553953e+03
1.029768401788906704e+04
1.048825288757019734e+04
9.815212989130393908e+03
9.884070149435705389e+03
1.034551846290588037e+04
1.022727162878838499e+04
1.020141480741271153e+04
1.053012268755086552e+04
1.053098763297194273e+04
9.559870050959896616e+03
1.024458557856379048e+04
1.038632273242821793e+04
9.531185392874125682e+03
1.047210533982093693e+04
1.038788378134804225e+04
1.002101984902022377e+04
1.053304471436783570e+04
9.397776226812795358e+03
1.028619078941547923e+04
1.028647128590932516e+04
1.037029655863366861e+04
9.776882087077290635e+03
1.004941961286208061e+04
9.491570661924663000e+03
9.986772369179043380e+03
1.027901677522831233e+04
1.048579901378061732e+04
1.001349430610475065e+04
1.026223109964141622e+04
9.404956277822248012e+03
1.050480349502997342e+04
1.033557575116107728e+04
9.728177058052944631e+03
1.045899303536798470e+04
1.003481435648840852e+04
1.043649522417727712e+04
1.037635307236122935e+04
1.010260872941993875e+04
1.022204006866562850e+04
1.042111410676700143e+04
1.023710472984344779e+04
1.038959894720394368e+04
9.333057288641390187e+03
1.012701213845602615e+04
1.053493407099602700e+04
9.549897740296933989e+03
9.788149580599514593e+03
1.023457001847510219e+04
1.022594817978522042e+04
1.037361769116349387e+04
1.006059285029469902e+04
1.034976629268357829e+04
1.018228539698683926e+04
1.001203201506451660e+04
1.017988806080618087e+04
1.038203375404598046e+04
9.839630068101989309e+03
1.045927847126014240e+04
1.046603562993352716e+04
9.006337187320277735e+03
9.626308228994199453e+03
1.032900433374708518e+04
1.033507265664777879e+04
1.010148871467938261e+04
1.022999762439555343e+04
1.043652977502287104e+04
1.015974402043304508e+04
1.051390094742370093e+04
1.040646358795538981e+04
1.017514104939230128e+04
1.023991400558713212e+04
1.033663629226600278e+04
9.153306820831214281e+03
8.918315032293481636e+03
1.035660300807073691e+04
1.050455694236645468e+04
1.047729810210075448e+04
9.826888067058789602e+03
9.397989176898801816e+03
9.808711411271677207e+03
1.038416839137543866e+04
9.832183507235135039e+03
1.033972357467528491e+04
9.828787095462583238e+03
9.637902847310046127e+03
1.011485317342059170e+04
9.373415425206838336e+03
8.214135734453800978e+03
1.014404802991114775e+04
1.020396914854541137e+04
1.048639114583114315e+04
9.503198268463751447e+03
1.033102011644294726e+04
9.910350600688692793e+03
9.774174258972067037e+03
1.021970112144729501e+04
1.023812185500617124e+04
9.800144898432334230e+03
1.052887273999299941e+04
1.011042204462855261e+04
8.864865633617884669e+03
9.009316423017895431e+03
9.901870990354495007e+03
1.006281889600889372e+04
1.043649522417727712e+04
1.028647437977759182e+04
1.046218102028108842e+04
1.024106959826082311e+04
1.006582312558374178e+04
1.028180455113157223e+04
1.048339382144584852e+04
1.041464675918937064e+04
1.012325455287010845e+04
1.044389271167790685e+04
9.967085661332848758e+03
1.044784030238525520e+04
9.927843574158012416e+03
1.004478662079663627e+04
9.894717898336517464e+03
1.046245450047191662e+04
1.022757473919057884e+04
1.045868459119748150e+04
1.048255720930521602e+04
1.010461497461294857e+04
1.047217998091794652e+04
1.050693922216186911e+04
9.995722415051528515e+03
9.097821960153160035e+03
9.706823548542302888e+03
1.012003912415466402e+04
9.500052762769617402e+03
1.044715484681840462e+04
1.009565291572510250e+04
1.005519502045989429e+04
1.025175293252598931e+04
9.472872027845896810e+03
9.689718891665155752e+03
1.031049619121790238e+04
1.016746572692866175e+04
9.534055734601977747e+03
9.888111509314308933e+03
9.979555438603136281e+03
9.635951501601657583e+03
8.987139265339666963e+03
1.004532737764635749e+04
1.010273450960373339e+04
9.773087925732663280e+03
1.052200871524311151e+04
1.049753727003374843e+04
9.275465575661006369e+03
1.054015871414712456e+04
9.482191757785774826e+03
1.005690026630400644e+04
9.633440462610054965e+03
1.030035601926589698e+04
1.043708297057304299e+04
1.002170413248641853e+04
1.050969960736735447e+04
1.033401316315632721e+04
1.020396914854541137e+04
1.008912869164069707e+04
9.930734842392736027e+03
9.401684389739053586e+03
1.011172848145477474e+04
9.836944168250331131e+03
1.040611402421951425e+04
1.011604194198554251e+04
1.051668037607768565e+04
1.036986859692267535e+04
1.006242527613168568e+04
1.030015329908707645e+04
1.053006748359737139e+04
1.034142333795089507e+04
1.041903354294403289e+04
9.251358129588978045e+03
9.866330967534096999e+03
9.946047203321997586e+03
9.827840764727068745e+03
8.837152438935938335e+03
1.041810977479357098e+04
1.003326486084361022e+04
1.051473830798147173e+04
9.930106160871519023e+03
1.014611675815444323e+04
9.002041596783650675e+03
1.047007171606978227e+04
1.024940634430857608e+04
1.013412437236526421e+04
1.050127256781864344e+04
1.017359813495859635e+04
1.018186052516485506e+04
9.832165650997816556e+03
1.018952533946383846e+04
1.032114900136605502e+04
9.898280324140319863e+03
1.015920086160528444e+04
9.525771428720861877e+03
1.023541193225375355e+04
1.035955076530831866e+04
1.021076652481856945e+04
1.053759124158752275e+04
1.024440986617546696e+04
1.001396443991861088e+04
1.051580662192010277e+04
1.032121167503512697e+04
1.053082845754044502e+04
9.776255545573989366e+03
1.041378339287450217e+04
9.860702525875847641e+03
1.000249540515152512e+04
1.007981059477145391e+04
1.016361036351843541e+04
9.672294107520905527e+03
1.025491281311887542e+04
1.008949402752051355e+04
9.961513745060303336e+03
1.052726830963399516e+04
1.045340732157578896e+04
1.031137687553393880e+04
9.560137126537023505e+03
1.019197432630732874e+04
1.018463469828312191e+04
1.044841699450904161e+04
1.034108550671370904e+04
1.046740239977973943e+04
9.669716386908527056e+03
1.000407051370360386e+04
1.039944247189341331e+04
1.025037930585629329e+04
9.552112846515969068e+03
1.045766258583716990e+04
1.026087513171064711e+04
1.038326191553878016e+04
1.043689634267618021e+04
9.951157584749602393e+03
1.052385801461608389e+04
9.987583254340790518e+03
1.022404803229402751e+04
1.033287432727889245e+04
9.281220143077922330e+03
9.975108163407126995e+03
1.006181408444660337e+04
9.290383194276142603e+03
9.643877835948984284e+03
1.032906600386354694e+04
1.010480821829035267e+04
1.002165452890476081e+04
1.019176498772922423e+04
9.375506391603219527e+03
9.877962294899927656e+03
9.732833977468108060e+03
1.039408266543717218e+04
1.050298368145019776e+04
1.031759008846226789e+04
1.018634864876821848e+04
1.031102696194675082e+04
9.503441904774676004e+03
1.002382952993478102e+04
9.787910046145305387e+03
9.766650418808765608e+03
9.430366789090392558e+03
1.053844748585718480e+04
1.043395173779213110e+04
1.026363104989745079e+04
1.043510116991005998e+04
1.018192452628603314e+04
9.541602371652377769e+03
9.884857964131437257e+03
9.960065945061944149e+03
1.020601285741529500e+04
1.053136007366634294e+04
1.039796505939921371e+04
9.946821908704692760e+03
1.026742737576208674e+04
1.027783429072185754e+04
1.011377199250307604e+04
1.049476407836043654e+04
1.007351236442292793e+04
1.020351428323591063e+04
1.037210921396679805e+04
1.044968270264235070e+04
1.024139505953600747e+04
1.041202597283866817e+04
9.101627994524480528e+03
9.743714737347245318e+03
1.045344607547084343e+04
1.039721890108002481e+04
9.497398860414836236e+03
9.763998564815927239e+03
1.024318103236219940e+04
9.787530448417575826e+03
1.016135210668860236e+04
9.594314655065691113e+03
1.043510116991005998e+04
1.048517277924469636e+04
1.045613622581760137e+04
1.052574520681257127e+04
1.054026953155039155e+04
9.890122625739379146e+03
1.028963283219841105e+04
1.043510116991005998e+04
1.035022586509434586e+04
9.780697915841512440e+03
1.003884708886946282e+04
1.036780360072355506e+04
1.009621643687929100e+04
9.959184759129771919e+03
1.023814519093425042e+04
1.014956561491655339e+04
9.185045946478954647e+03
9.605940643356832879e+03
1.016273578880128116e+04
1.039572822995908973e+04
1.048601309097404192e+04
9.647925930501325638e+03
9.773087925732663280e+03
1.004306920730576167e+04
1.006485610704757892e+04
9.589210497794472758e+03
8.567573075417647487e+03
9.920353513671605469e+03
1.025459364803917015e+04
1.035482258518009621e+04
1.030286259678616989e+04
9.890259607561183657e+03
1.051662560333488727e+04
1.043668489481587676e+04
9.673472381264362411e+03
1.013090318002239292e+04
1.021014159021831438e+04
1.007217783861870703e+04
1.046011076256376327e+04
8.867935053708646592e+03
1.039409992987041551e+04
9.996568643337110188e+03
1.050305275565284865e+04
1.042748589574911966e+04
1.020698790907984585e+04
9.714371661454260902e+03
9.873291166155679093e+03
9.810948672057533258e+03
1.048526601126336027e+04
1.026446258069720352e+04
1.052988923209510540e+04
1.008892183122823189e+04
9.707608165323017602e+03
9.763998564815927239e+03
1.043856631193744397e+04
9.707433771889558557e+03
1.008719007543244152e+04
9.708333189585697255e+03
1.029010794199895099e+04
8.983628586062186514e+03
1.043463986552125789e+04
9.340166685303982376e+03
9.535261901139656402e+03
1.029842279390377371e+04
9.791100347755611438e+03
1.017373436139672594e+04
1.025418592188355251e+04
9.474772057029178541e+03
1.040193718376866309e+04
1.018518585683455240e+04
1.018089641291282533e+04
9.992982536157905997e+03
1.041112638014036202e+04
1.033143071419225816e+04
1.030902559022437163e+04
9.373415425206838336e+03
9.660278330299563095e+03
1.017611237061257998e+04
9.903983461378502398e+03
1.043206940945939823e+04
1.027141770181404900e+04
1.027766541284693267e+04
1.030532292796808179e+04
1.048775302474468117e+04
9.745435394147592888e+03
1.008636710825539558e+04
1.031159632315134877e+04
1.030471182424807557e+04
1.043165812646112317e+04
1.039363155023802756e+04
8.656236809790874759e+03
1.044234975508435309e+04
1.034669015817765830e+04
9.531280299715839647e+03
9.868208550691013443e+03
1.009243073670850936e+04
1.012727861259154633e+04
1.040204297747852252e+04
1.022773204951157823e+04
1.030840202523420157e+04
1.027111331511355820e+04
1.052611861500262239e+04
1.053596978894973290e+04
1.042176011446066877e+04
1.045112938013187340e+04
9.703262129937655118e+03
1.028730648938441482e+04
1.038992114621162182e+04
9.740222314351509340e+03
1.038453630652902575e+04
1.039735334384915041e+04
1.000407051370360386e+04
1.048839111928950297e+04
1.025601466662255189e+04
1.043912735351121046e+04
9.231316162746134069e+03
9.654295401393495922e+03
1.053762492208042568e+04
9.331802662844203951e+03
9.834087211663998460e+03
8.961288075702923379e+03
1.007852770206785135e+04
9.639655178552633515e+03
1.052182192097778170e+04
1.049671646030345983e+04
1.023269662186326605e+04
1.007999128309935077e+04
1.003285398458680902e+04
1.050057216408304157e+04
1.037659242570980496e+04
9.498626304216011704e+03
1.003114723491304176e+04
1.035964673720106293e+04
1.041709459274291657e+04
9.579993982589692678e+03
1.036715187721450638e+04
9.097564491197730604e+03
1.013315750117532662e+04
9.549874516222516831e+03
1.048367506997936289e+04
1.012175478153579206e+04
1.031497146775739930e+04
1.048947713802043290e+04
1.024460183032022178e+04
9.687855127743678167e+03
1.039580913750590116e+04
9.969529586146978545e+03
1.008820114090153766e+04
9.664608390670004155e+03
1.019528230939031710e+04
1.026002614109271599e+04
1.028857148370519826e+04
1.000235533309754828e+04
9.989606800340185146e+03
1.008642764839371557e+04
9.796823150453743438e+03
1.035982543133358558e+04
1.035233019283990870e+04
9.170069589994807757e+03
9.935476780545259317e+03
1.017988806080618087e+04
1.040281943040718033e+04
1.043759397852161055e+04
1.017805540691017450e+04
9.974421154208959706e+03
1.048040099405961155e+04
9.577320724032178987e+03
1.051277706824046800e+04
1.045167998309028917e+04
1.046627119784270872e+04
9.868803894390413916e+03
9.801122554188685172e+03
1.037378980002354547e+04
1.050737886039770092e+04
1.049775364244094635e+04
1.022500711390067590e+04
1.042807711911632941e+04
1.031002776665937745e+04
1.048747261816334685e+04
1.009036452061500313e+04
1.048497967795258955e+04
9.211726777743477214e+03
1.052748357845042483e+04
1.030769502179066694e+04
1.045532954150552177e+04
1.042695700121584741e+04
9.963469941355866467e+03
9.974084346236842975e+03
9.992182604299547165e+03
1.025248570512587321e+04
1.019011272184923473e+04
1.052193287753534605e+04
1.016798224017135362e+04
1.043199719687378456e+04
1.032575083547365102e+04
1.026070291653207823e+04
9.696519263174415755e+03
9.436027822712630950e+03
1.053488486905772879e+04
1.031042908364303366e+04
1.034943516997975166e+04
9.192086340368423407e+03
9.142162976721963787e+03
1.052887273999299941e+04
8.878002394299304797e+03
9.963877160964580980e+03
1.035013623786619246e+04
1.029002020338723923e+04
1.025943839018892868e+04
1.006692264326846998e+04
1.038395239912400939e+04
1.049547124423713103e+04
9.870571206132861334e+03
1.029292067263075478e+04
9.394625928424331505e+03
1.032319061775550290e+04
1.027584556897817311e+04
1.038145565486418491e+04
1.053270390666138155e+04
1.047640876061738163e+04
9.044876053534906532e+03
1.052818691169475096e+04
1.039896399475140788e+04
1.031033724505054670e+04
9.576294450809356931e+03
1.035251275697988603e+04
1.050139256350473079e+04
1.018595097460332545e+04
9.309388734033320361e+03
9.884070149435705389e+03
9.746894544530347048e+03
9.970963029224583806e+03
1.015903106172654225e+04
9.755462301362731523e+03
1.021370249870979023e+04
9.816127312947064638e+03
1.043862576591648212e+04
9.444326860363107699e+03
9.861192980117639308e+03
1.000563147549062705e+04
9.701239666940393363e+03
1.045379412537579628e+04
9.720632345729080043e+03
1.007814898498363982e+04
1.039023862279920650e+04
9.557701768079261456e+03
9.701535945660716607e+03
1.046447913944650463e+04
1.009756598873015901e+04
1.032766371734348286e+04
1.037118520183748115e+04
1.014313413915850469e+04
1.030626611208945360e+04
1.034306548045199997e+04
1.046351989140418300e+04
1.026595826642871543e+04
9.560275915316313331e+03
1.048844090973139464e+04
9.032887221399430928e+03
9.806187299267108756e+03
9.969165489435972631e+03
1.048367506997936289e+04
1.050021739825910845e+04
1.037111058250594760e+04
1.049516722503644087e+04
8.367082451169531851e+03
1.036687931555998148e+04
1.013262287019610267e+04
1.043659268098047505e+04
1.041683712570426542e+04
9.771373187004737701e+03
1.025460566128236860e+04
1.026947772622837692e+04
9.781752037813141214e+03
1.050086587024254550e+04
9.779390657044357795e+03
1.042124914218716731e+04
1.022220111821128012e+04
9.940250062345377955e+03
1.053242584273442844e+04
1.029768247517092277e+04
1.053785862280347283e+04
1.053527757389016188e+04
1.049753727003374843e+04
1.017588970861515918e+04
1.052258108780533985e+04
1.004845324217277084e+04
9.932628079241761952e+03
9.866329521735595335e+03
1.007329767192785584e+04
1.032205428759304777e+04
1.025329680690337773e+04
1.027597265537836756e+04
1.007464376591757355e+04
9.743797645199159888e+03
1.048293585146313671e+04
1.045356380719004301e+04
1.027554673272867149e+04
1.051434861135650499e+04
1.051604461696474391e+04
1.020223084434193333e+04
9.635951501601657583e+03
1.010854886719466231e+04
1.014941059699470679e+04
1.008437388494701736e+04
1.043773991025917712e+04
9.372348472877429231e+03
1.009567642463845732e+04
1.044798298707516733e+04
9.683620580316322958e+03
1.007774732552559544e+04
1.010332006579558401e+04
9.955476498656262265e+03
9.635951501601657583e+03
1.038203677815240371e+04
1.051735796170804679e+04
1.013544847777231553e+04
9.742603220617886109e+03
1.042950447914658980e+04
1.011172848145477474e+04
1.009138088323342163e+04
9.031108827934094734e+03
1.025491281311887542e+04
1.012915074074997574e+04
1.018551942994671117e+04
1.040744629143262136e+04
9.010211942520330922e+03
1.015113014509743152e+04
1.034849750990237590e+04
1.031769075706752301e+04
1.000098031572137916e+04
9.106903413607989933e+03
1.046770279226702041e+04
9.024888094522048050e+03
1.026710220423232749e+04
1.036921061426184315e+04
1.051610185995077336e+04
1.043097204904570572e+04
9.970963029224583806e+03
9.272826693790364516e+03
1.045676870643044094e+04
9.323263797837455058e+03
9.633539309134095674e+03
9.572131863448184959e+03
1.012513721306468142e+04
1.014381083401369506e+04
1.022636869500085231e+04
9.891298286508179444e+03
1.005519502045989429e+04
1.046622681906589605e+04
1.052746827126331664e+04
1.015920086160528444e+04
1.045851118823549223e+04
1.011635861315429429e+04
1.047997620573203130e+04
9.842411520631439998e+03
1.024177634076003596e+04
1.002023959963766356e+04
9.829041135750241665e+03
1.029002020338723923e+04
1.028801937645550242e+04
9.234111413958195044e+03
9.507451065697310696e+03
9.974531100193189559e+03
9.914045298989291041e+03
1.000143321155343801e+04
9.648431636326662556e+03
1.007314739374412238e+04
9.904575898109620539e+03
1.024738177001631993e+04
9.950419967073490625e+03
9.791845129339217237e+03
1.006865586672361314e+04
1.000857021700269433e+04
8.634425161352606665e+03
9.211652030199251385e+03
1.049296560463600872e+04
9.610129740003327242e+03
1.026686232415156155e+04
9.858083408411774144e+03
9.428960644378279540e+03
1.044512699108419474e+04
1.046780981579250147e+04
9.892558842142087087e+03
1.052797834757015153e+04
1.000751187989828941e+04
1.013672226406966729e+04
1.043040708540773994e+04
9.921162325261619117e+03
1.047640876061738163e+04
9.819237283375630795e+03
8.926265054417817737e+03
1.035446745983517030e+04
1.045445773178281888e+04
1.006002679986996191e+04
9.165094711587240454e+03
9.672598384502067347e+03
1.033686080147286521e+04
9.429069966816827218e+03
9.998202597968735063e+03
9.672471163421707388e+03
1.036608303493330095e+04
1.035916671678475177e+04
1.052678760801987119e+04
1.007406894516020475e+04
9.647120872738529215e+03
1.034061212953550421e+04
1.047948771371824841e+04
1.028260767249278069e+04
1.031497146775739930e+04
1.009879081930545181e+04
1.036425929599802475e+04
9.234417858982575126e+03
1.044148595676677542e+04
1.042516216529632402e+04
1.017678803116865492e+04
1.020494035611716390e+04
1.042111410676700143e+04
1.043304757673287168e+04
9.599888697051848794e+03
1.043579152990564216e+04
1.042076910476687408e+04
9.558443779439256105e+03
1.044227278815257159e+04
1.033304279064143157e+04
9.874783472003091447e+03
1.051117363810977986e+04
1.051473830798147173e+04
9.983835248317911464e+03
9.373009788847550226e+03
9.033679819715898702e+03
9.955303887717180260e+03
9.203117205992206436e+03
1.029639641701744767e+04
9.523910581876079959e+03
1.051388332523805730e+04
9.976939205817583570e+03
9.615687576381918916e+03
9.860026622392826539e+03
1.032376597801010939e+04
1.010325596911764296e+04
1.044833823613543427e+04
1.008135093369117749e+04
9.163642883189291751e+03
9.502056234774643599e+03
9.607295960901457875e+03
1.042541574579502230e+04
1.031064363184241483e+04
9.828460619437275454e+03
1.044627847425901928e+04
9.128741778460404021e+03
1.034960576633809978e+04
9.774174258972067037e+03
1.035970725733675863e+04
1.050538853842015669e+04
1.029018006937639075e+04
1.031581115368422797e+04
9.383983545324685110e+03
1.026149856739116512e+04
9.501292306680108595e+03
1.005876152197657939e+04
9.348884088224423976e+03
9.158943722329258890e+03
9.607295960901457875e+03
1.028907023306771953e+04
1.029495859511733215e+04
1.040974973307077744e+04
1.030002983287459392e+04
1.041503935410365739e+04
1.032952255740735745e+04
1.012298092022893616e+04
9.801541515059008816e+03
1.030280380007504937e+04
9.944140401352160552e+03
9.745021391763979409e+03
1.009684983168664621e+04
1.052917104688779000e+04
1.037912846152373459e+04
9.725926663013517100e+03
9.475340146956119497e+03
9.571383349156567419e+03
1.049397525971315918e+04
1.028096478777515222e+04
1.051597475156814653e+04
1.018353117436047251e+04
1.023406394952077972e+04
9.705574864984731903e+03
1.035088962022804117e+04
1.007770183910653213e+04
1.052448831913785034e+04
9.752109953837149078e+03
9.719883371326148335e+03
9.607134173607575576e+03
1.005602034992474364e+04
1.008562186113773714e+04
9.335580039411208418e+03
9.705614791107904239e+03
9.733243299779887820e+03
1.042670181781717110e+04
1.029161156957659114e+04
1.003218720559647045e+04
1.026764287996651547e+04
1.011399967917553658e+04
9.992886351900418958e+03
9.755646707468786190e+03
9.709592398462620622e+03
1.003429232679965935e+04
1.003821441991396023e+04
1.048770157967612249e+04
8.853882378081330899e+03
9.386219044807698083e+03
1.045344607547084343e+04
9.255013763436192676e+03
1.026072676701163800e+04
1.044779441644864164e+04
9.112867262184101492e+03
9.834902377722833990e+03
1.022164120670659031e+04
1.041220223194890968e+04
9.746894544530347048e+03
9.972830741401387058e+03
9.185765716201794930e+03
1.033428679225852102e+04
1.053183202271227128e+04
1.042645781160771730e+04
1.018356754034747246e+04
1.003848639945098330e+04
9.442821333796000545e+03
1.025459364803917015e+04
1.039226075662151561e+04
1.010041545297452103e+04
1.024720049200263020e+04
1.041288951847858152e+04
1.010576709359601591e+04
1.028488587257497056e+04
1.023541193225375355e+04
1.013015050943467213e+04
1.050060781679564025e+04
9.251891559567173317e+03
1.044000926855475518e+04
1.032421091697786142e+04
1.053070400578209592e+04
1.032816431504877983e+04
1.000793460753096588e+04
1.045365927081111295e+04
9.982673848144630028e+03
1.015595540572034224e+04
1.048030526186874340e+04
9.772194994880299419e+03
1.053635679902711126e+04
9.383399674592441443e+03
9.944209194044626202e+03
1.044641705419882055e+04
1.047064724083202236e+04
1.051109523113232353e+04
1.048369557121315665e+04
