5.231359714217085743e-04
1.700557738410810146e-04
2.087640032456037405e-03
1.467636699108330282e-03
4.496979767987687566e-04
3.699807252818598032e-04
4.706828730026740479e-04
6.027106415097253402e-04
2.007515033879390693e-04
3.072745793228654084e-04
7.297180152210362052e-04
4.742351196226719996e-04
8.009303802367509842e-04
6.730653375730878988e-04
5.906731903796613638e-04
1.276917896011665714e-03
5.969307772951130053e-04
1.274794644391478863e-03
5.789793990525723185e-04
3.579726848918235059e-04
2.728456120834488337e-04
2.130718828447782792e-03
7.609753443675098747e-04
2.731011855052079148e-04
5.016060374034432253e-04
8.986656053019412629e-04
4.722079057363488103e-04
5.340248596825735231e-04
4.856470893544754456e-04
8.851575329528865981e-04
1.443401733512520661e-03
2.662192954056992120e-03
1.287862318468965470e-03
6.919583101031050914e-04
7.455640755418310294e-04
4.568093923515396818e-04
4.032848279352180612e-04
1.977497253295447920e-03
2.512833503309043546e-04
4.338385744648468696e-04
5.330005565213339529e-04
5.389625611718831940e-04
8.281286006468664695e-04
2.352301714508106979e-03
1.529446680551094923e-03
1.224008893680603649e-03
9.864290746876708000e-04
1.276833957527379005e-03
5.734943472900238008e-04
2.862091242765267291e-04
1.668941200072510383e-03
5.070820049940964530e-04
4.399312047526572796e-04
3.000973910732205024e-04
3.219791098678921430e-04
4.302275143878625855e-04
1.550899162384725789e-03
5.640605455661823085e-04
6.808353418098616336e-04
3.740616323365872483e-04
4.624016148539503938e-04
2.444938532507031975e-04
5.676812109851641286e-04
1.240498693111065538e-03
6.150046350424926214e-03
8.924852089668880006e-04
3.484833447789588076e-03
7.161175149488595423e-04
5.924088398137299484e-04
6.199372556347195395e-04
4.267338502243374896e-04
2.776432747497826559e-04
2.137651892692657603e-03
5.292566619402736200e-04
2.844236282775656176e-04
4.930852675873741197e-04
1.287803412805534889e-03
2.503955834170862576e-03
4.275237719901900553e-04
1.712615526969354669e-03
1.791043702689920983e-03
7.225933795387515539e-04
1.211137950523909733e-03
2.073046454220093279e-04
1.642893060395936766e-04
6.588162632556086125e-04
6.945580351321796768e-04
3.494942887043733944e-04
2.961850681892792912e-03
4.046381669382979537e-04
9.484319385283302610e-04
8.367897331580551002e-04
6.473118151269878495e-04
1.381784971547151590e-03
5.561266740873526630e-04
7.056404056816180728e-04
3.031230907525023330e-04
8.840857338433926859e-04
1.088838377578815178e-03
2.652662145685340061e-04
3.305303173901193896e-04
4.964763098821821244e-04
1.018203283267607364e-03
4.923415169389136394e-04
4.488964980143041726e-04
1.348092860396820367e-03
7.497072083521934185e-04
7.622789020370169350e-04
9.300857597283013027e-04
5.810260575593973560e-04
2.982514974003112342e-04
2.899660505925119591e-04
7.483360962673309656e-04
2.363462668279411611e-03
8.104240740871728301e-04
3.352588964995304897e-04
1.192297582520073776e-03
1.579689800089817105e-03
1.367911766040419766e-03
3.288162419756846650e-04
3.267038115574827481e-04
8.370661870432794362e-04
7.378273579769429377e-04
4.350626581242427685e-04
4.773504349364778129e-04
3.606628839673482506e-04
1.238428218981410013e-03
2.731011855052079148e-04
1.930039840905888471e-03
8.934955545809789143e-04
8.969168467435392061e-04
1.346615600483662151e-03
6.898464193856899485e-04
9.260517141297142400e-04
8.369478725803199516e-04
1.190519411542984279e-03
3.644684148948935682e-04
2.896647041684019975e-04
2.627922481832816793e-04
9.379855883865253867e-04
5.732507333565234862e-03
4.501422476079490649e-04
6.594205484199998140e-04
7.327880741758515011e-04
5.064039441191632704e-04
3.740712456467962157e-04
6.940909168181877377e-04
6.406954632493513588e-04
4.561967386329550053e-04
8.003611993556923035e-04
2.156161773508334829e-03
1.239871073120999301e-03
1.944232083315041576e-02
2.223146698858686587e-04
4.208043310264774337e-04
3.230230906729300751e-04
8.587529791700736432e-04
5.059347940824324976e-04
9.133562357091178476e-04
3.714086926538531027e-04
4.334823329832339302e-04
3.347545205849774565e-04
6.236964554411093863e-04
4.122059485390604087e-04
1.086231574751974314e-03
5.632719275887239710e-03
4.998588313729672656e-04
5.244707298685930517e-04
3.561813005192457620e-03
4.772906637543728684e-04
6.239937851155504672e-04
1.433469293593637507e-04
5.945074436494259852e-04
1.502597668856274450e-03
4.280443286308979766e-04
1.977219475764919760e-03
2.087640032456037405e-03
1.124393672276875235e-03
1.344197853395878370e-03
4.538837821974927894e-04
1.030051642831231315e-03
5.642747564232035050e-04
7.659936269265914472e-04
8.323854755360753001e-04
6.210386542647114991e-04
2.981601507623983928e-04
2.477390116737246926e-03
4.298246383172910968e-04
2.010523701731532374e-04
7.623271145762468542e-04
1.950487150501297720e-03
2.077293462214839937e-04
4.279650193560015424e-04
4.930057236299290090e-04
6.216429442969994765e-04
4.662089481553250521e-04
3.902220779659625895e-04
4.493456032206607879e-04
9.347268296315024757e-04
4.958584306121868127e-04
4.843298475451303007e-04
6.826350566112775273e-04
2.658013897701878305e-04
6.354540601508749812e-04
5.932358765004436306e-04
3.689443432520968409e-04
9.203512220965723864e-04
4.883154273599294706e-04
2.207031571964742798e-04
2.480637647315984940e-04
2.158301817281485600e-04
1.547079807961051177e-03
8.383043773299709818e-04
9.373508238796234753e-04
1.353514830856750260e-03
4.786481910432957413e-04
8.439837508763843718e-04
8.332201858439386216e-04
1.090306741975400262e-03
1.059909255769834286e-03
3.830288500740080312e-03
1.258447992906131224e-03
4.355369762845658706e-04
5.627115201047318792e-04
8.020127190747781878e-04
6.094125216719139312e-04
6.600216917531225589e-04
2.022405160587997883e-03
4.352906473578566256e-04
1.087537293429722976e-03
1.728186614817867886e-03
5.903124931512651130e-04
1.365496776688128423e-03
1.255879755415238719e-03
6.229142209503373646e-04
4.466720758323522878e-04
3.518253127483001309e-04
5.421709916494953964e-04
6.445217966736019842e-04
4.448162505623324972e-04
5.649535516166382006e-04
1.153243942705284254e-03
7.988338652451162101e-04
4.158385339228494264e-04
7.811362469058593695e-03
3.068439366334146023e-04
3.098783427511617389e-04
4.801958811641302070e-04
1.206452290714568089e-03
1.844964531137866046e-03
9.389026887289786101e-04
7.897528418551760755e-04
9.338108849408458412e-04
5.257993778975424397e-04
1.191223539705560776e-03
6.137490356694076839e-03
3.570733337058464452e-04
1.351332763912261800e-03
3.499700883441633228e-04
1.731983154780325582e-03
2.317779163427130182e-03
1.534957924665328018e-03
1.685139117409204749e-03
4.552946875238926571e-04
6.593597008494494257e-04
3.689443432520968409e-04
5.804408245309410205e-04
1.950591805883359015e-04
3.754541818257075398e-04
6.322608809519892487e-04
7.358168076328668646e-04
1.794120985462999791e-03
2.333665660151770717e-04
1.815790131512094686e-04
3.055310218851638193e-04
5.182005671398642790e-04
6.596631043569717431e-04
3.138594359253860577e-04
7.355656852078708936e-04
1.651546024202355661e-03
9.525954184074575349e-04
5.663682079184467104e-04
6.969652346487115050e-04
5.816287645276102146e-04
1.241158705158576080e-03
1.577745322361257885e-04
4.865883332114413328e-04
5.020348762798097254e-04
6.359275239381228118e-04
4.855070528096259064e-04
1.482393910574153440e-03
3.515054021251388548e-04
1.679297270345290810e-03
4.466279038092718407e-04
3.528753437273518642e-04
5.451132904479431048e-04
2.016172571589421297e-03
6.836283309625976407e-04
1.758660473597886600e-03
6.193313887571434305e-04
4.208043310264774337e-04
5.135379494790065936e-04
3.643639709109333050e-03
3.907222880991704193e-04
1.185155938721928117e-03
4.200487101582067772e-04
5.621544234727630799e-04
3.172740645010589926e-04
2.909705758770546671e-03
3.874347414189996852e-04
1.038342766811536401e-03
5.621765074139346060e-04
3.723577871868513200e-04
3.739769025757449768e-04
1.683196373747455378e-03
1.366405379947645618e-03
1.149270143939102153e-03
5.875220098486754134e-04
2.852183689673780864e-04
4.592381319036018070e-04
6.272148880029545506e-04
4.618963505718739365e-04
4.396295230058175569e-04
1.385459921012444171e-03
3.704119181256364051e-04
8.138098070335210389e-04
4.907665885329197831e-04
9.759702151392959674e-04
6.696325699873858237e-04
3.186279758495773437e-04
4.871982112270015946e-04
6.317659304119402613e-04
2.743313282737052565e-04
5.161853159108446354e-04
2.002746828816141279e-03
5.732335375203409869e-04
6.997165341834062427e-04
3.899945252183937400e-04
7.440038895429641622e-04
5.709964654154212017e-04
7.871348544076655924e-04
4.505783130584794572e-04
5.674226432492812493e-04
9.913040814068974256e-04
9.103841722773974021e-04
5.027007397034649518e-04
6.002533807058736464e-04
1.495872690008693065e-03
6.989790410300056366e-04
8.290790074272231516e-04
1.009944050732967990e-03
4.122059485390604087e-04
1.002928611288422377e-03
4.227362471657934197e-04
2.830567251043812778e-04
5.536433549646109118e-04
7.414604636989331927e-04
5.589404987198880442e-04
6.382159502100780753e-04
4.478352559503893525e-04
3.275318214579148656e-04
3.941319537362348289e-04
7.025748151751220376e-04
5.547242085518661351e-04
2.473341781163971610e-03
4.396379396122354491e-04
1.190150696942711937e-03
1.247879692957611780e-03
6.725131040011195823e-04
1.015811049295471495e-03
5.323928935048974787e-04
3.115928222662321754e-04
2.087640032456037405e-03
7.125325585159429003e-04
2.811712410267633625e-04
5.238546995744689135e-04
3.886691443035743677e-04
4.667424356622532598e-04
7.301851165536764896e-04
1.330579019687588935e-03
1.731029127924171938e-03
5.580287950473503469e-04
2.970907280571155888e-04
3.959385807915225984e-04
6.845366938561180895e-04
3.155779447843372896e-04
1.137776990492425991e-03
2.546729340855537552e-03
5.689854753104067438e-04
9.447322514447782952e-04
8.686904988156199728e-04
5.330005565213339529e-04
7.928568990057161025e-04
4.421122854595236793e-04
3.969928000639939337e-04
6.425495386167280045e-04
2.137651892692657603e-03
9.000134497805158552e-04
5.726137937442315031e-04
2.392431000878083615e-03
2.495932506034163759e-04
6.008359945032685579e-04
3.902656626588001652e-04
5.206921234882558704e-04
3.832245170523259649e-04
7.433433985319155184e-04
5.289299445954355385e-04
1.550899162384725789e-03
3.454439014470476153e-04
9.713464731802552796e-04
6.809851896734269751e-04
1.211810162637477284e-03
6.458394104345402441e-04
4.580244195640348999e-04
2.239528642172363207e-03
6.575384323691668828e-04
6.939767950720442807e-03
2.833572597096715518e-04
2.194508539944510939e-03
3.412656215067497579e-04
2.983063693658499446e-04
1.056100974120762273e-03
7.317337631589455795e-04
2.164708017214441674e-03
6.722941110866463219e-04
5.667472464152844853e-04
2.730827855996152665e-04
1.382124088192752563e-03
7.749563315373577191e-04
4.692796262959313667e-04
1.496749053503079480e-03
8.462762668651278419e-04
6.478324248526826437e-04
3.205942289705951431e-04
1.306229713598311198e-03
1.518200338320103851e-03
9.161024799935783228e-04
4.032848279352180612e-04
1.346615600483662151e-03
2.074287553166731784e-03
1.134342396959995029e-03
1.727498806983662023e-03
8.800030174385301907e-04
1.736239546445363015e-03
3.758056439095786277e-03
6.018946309118214377e-04
4.935771794947960145e-04
5.747304133238347610e-04
6.736499169738079888e-04
7.701384134664513619e-04
6.896945915799764393e-04
4.064804205270126512e-04
2.809495270607252604e-04
1.650302538624539043e-03
2.874551280946777490e-03
1.232773729937230393e-03
1.758256913784036427e-03
1.708918004700250631e-03
9.988530172547998697e-04
2.137405931925124083e-03
3.111035674499703870e-04
2.589651596617482845e-04
9.664524855423198063e-04
1.655478986429547361e-03
7.390340204720136910e-04
1.962438171507249589e-04
1.808705333455426544e-03
9.436866584499623099e-04
6.410381505031781954e-04
4.312000803162555095e-04
1.404201207344673652e-03
5.033708831248633313e-04
7.824994639217177500e-04
2.502493761761564366e-04
4.821220801023414458e-03
2.654731986355806511e-03
1.409168770703892121e-03
1.055307895573732481e-03
8.713770170214247450e-04
4.262685501202933755e-03
2.066985288893409978e-03
5.903124931512651130e-04
4.677904197741438765e-04
4.486961525170021217e-04
4.331729786800128505e-04
9.231440560988649026e-04
2.812095034606956431e-04
6.880947238082530141e-04
3.390678142523434729e-04
9.396196960285861568e-04
5.330005565213339529e-04
6.262735554350873542e-04
1.056151991101198688e-03
5.654090776868071896e-04
6.948693286763922214e-03
5.485077502233859630e-04
1.187373614981674340e-03
1.006252893696505269e-03
8.851554671970862393e-04
9.964013735909754872e-04
9.876303375815271603e-04
6.035355638687669869e-04
6.619794078846158794e-04
5.124439091584600094e-04
3.868220524106939394e-04
9.727046996683108267e-04
1.016717770506524784e-03
1.247879692957611780e-03
4.110465106040019859e-04
9.094604926118351768e-04
4.341461740347256500e-04
1.501330839898277385e-03
5.721455134954681835e-04
4.677115998657316808e-04
2.197831595077405996e-04
4.621150629313536262e-04
2.971718094182053036e-04
2.715825845676449711e-04
7.231082170972515013e-04
6.211044835563276105e-04
3.596596003166301937e-04
3.263370288004555672e-04
3.949232333916902378e-04
5.766496447794747541e-04
1.472592659445731526e-03
1.295235749010171427e-03
5.523750196256401119e-04
1.047409095051401659e-03
1.309604927945740016e-03
8.427289680267639445e-04
1.217584604436791704e-03
2.653046610106282927e-04
1.053842078263709245e-03
2.119825894289238243e-03
4.490549915674367206e-04
8.096195816601137662e-04
6.510804951400287572e-04
5.366873487142986409e-04
8.913704478675670874e-04
8.190464258059117209e-04
6.633190278332335441e-04
5.960223298885927680e-04
6.425400366066995892e-04
1.006669162048263230e-03
6.147226911912959850e-04
1.945767262830404298e-03
5.607484531242987354e-04
8.437475227755157452e-04
3.139503970672168163e-03
6.082449029167054594e-04
3.768137285705309308e-04
4.800204291429112586e-04
6.311157520035393185e-04
3.476110755248561744e-04
6.506500929106156291e-04
6.882751400311819820e-04
8.341103114690556200e-04
6.348030102000376193e-04
5.357371514235250830e-04
3.735100728145301962e-04
2.490584801300022109e-03
7.358168076328668646e-04
5.289323825883869394e-04
3.731303289046600724e-04
2.218275619902668389e-04
5.721455134954681835e-04
5.497939161838525518e-04
6.173721338978225550e-04
6.465764142743339604e-02
3.471805459928128034e-04
3.195674242732710144e-04
7.766835715812220407e-04
6.109781469858536953e-04
8.975632210279080921e-04
1.546869398866011162e-03
1.179237670224152516e-03
5.799320280282884744e-04
1.781100898802468304e-03
6.132191013072335693e-04
5.977034401796026131e-04
4.963380824611939371e-04
4.901037782789319491e-04
2.093358970656779370e-03
7.411437485408205704e-04
5.190185582611540980e-04
7.020610851080576718e-04
3.979546444969650791e-04
2.508847829768868229e-04
6.808741835054806001e-04
7.221299347711703648e-04
4.438128255864681932e-04
3.197532665810781075e-04
1.295689534599992138e-03
4.389994755608218717e-04
3.852325479309390657e-04
6.349191668722256295e-04
2.305281570746391291e-03
5.346943586204267037e-04
4.581334610380795118e-04
5.073799030028112739e-04
3.126957406025198359e-04
6.391398380671341846e-04
4.677904197741438765e-04
8.288986629500926136e-04
6.185169549959571500e-04
7.758820562126333802e-04
7.330344267990952269e-04
5.584539984699335652e-04
8.330460241371996644e-04
3.871538561541611819e-04
6.383168447874159029e-04
1.289676075830780691e-03
4.591267474731728433e-04
4.482743614630748828e-04
1.278829774845589374e-03
3.657493863250024899e-04
8.858408932056249579e-04
3.187643648955842068e-04
5.244707298685930517e-04
6.619816976889576765e-04
3.174094213525360288e-04
8.678896778430762087e-04
5.721455134954681835e-04
5.227534221094620086e-04
8.844066778372515134e-04
3.776956136869024511e-04
6.501065493245671836e-04
9.272186498087427826e-04
3.351462560512813937e-04
4.798101220080230878e-03
1.178285251762508029e-03
3.895400305014065905e-03
3.708210891507570869e-03
3.054976997495048195e-04
1.111437904619611916e-03
3.423745230424530975e-04
6.583243750260658195e-04
3.197461816918617788e-03
1.535913661949430027e-03
2.351736897478922718e-04
5.799073048963032488e-04
3.049805550675048146e-04
3.849274063577050493e-04
4.290364326347206815e-04
1.064452406410151429e-03
3.215899333890191790e-04
1.453786163300632229e-03
1.140122782556385935e-03
1.022960820014231706e-03
1.706040220288678388e-03
5.087821650039420912e-04
3.501480345214092729e-04
1.153243942705284254e-03
5.112532514537965114e-04
6.358387268875664204e-04
4.353377035533264336e-04
1.235377462768131934e-03
4.123457520726265570e-04
1.018268951725692737e-03
4.698955293405236299e-04
3.580839173647513626e-04
5.663624067847776791e-04
9.555355755139041977e-04
5.519839342205087093e-04
3.977868405187990003e-04
3.761237067872961874e-04
4.465615681746854101e-04
4.610486575017846067e-04
2.765215829618835122e-03
1.897255313033235869e-03
2.249441898028120914e-04
1.059530394560879128e-03
4.643239254229658986e-04
5.392846793945095182e-04
2.141550477193749182e-04
4.699090997568513423e-04
2.088663879119787860e-04
3.440457971962588928e-04
4.349870207655776402e-04
4.763965541951931787e-04
9.266628254192271893e-04
1.728186614817867886e-03
5.182421981983887206e-04
2.390905566444682473e-04
1.143687126802565412e-03
1.711263440367138565e-03
5.236999148634447409e-04
7.917780591733557033e-04
5.599096835787676285e-04
6.956669480167330987e-04
7.798317456420304685e-04
2.950509641368882080e-04
4.559754959752807674e-04
4.766713118195470343e-04
8.253438228223550395e-04
2.430638205705827420e-04
7.739544593197576674e-04
9.318813094105618056e-04
9.051620091233593401e-04
1.323214102756248463e-03
8.425935331111720572e-04
9.477804219937797188e-04
1.764781260111148104e-03
1.793204283624459053e-03
8.400359066609139249e-04
6.399754781401091955e-04
1.972604266026871953e-04
7.033062669322969092e-04
2.959518376170767453e-04
1.141713850776854061e-03
5.493708110488260609e-04
2.871868661170898164e-04
1.300513753480236640e-03
5.452220215757996348e-03
7.194077532396665276e-04
2.844385837730992812e-04
6.092800001711436110e-04
3.810638953269253446e-04
1.028622457966227744e-03
1.394809567765495969e-03
5.215999350746689314e-04
3.557830950936942903e-04
7.065545173915350769e-04
6.847923338046705763e-04
4.237678842876410742e-04
6.542088369397616168e-04
4.200487101582067772e-04
5.708890849439398913e-04
2.122537980068259049e-04
5.504137975750741582e-04
1.170539608858253266e-03
6.509056247936695089e-04
4.743285693903157019e-04
3.905773578101897595e-04
3.322733676119538526e-04
1.988430909537566588e-03
1.776683571927998055e-03
3.445682978204776554e-04
1.328940794074355124e-03
8.168636525392220134e-04
3.753405278805719853e-04
5.800265577843892939e-04
1.748169658424850387e-03
5.880368099247253828e-04
4.765534657827122074e-04
6.553447020764630255e-04
6.426347504323776973e-04
4.216377038744562674e-04
2.240512401219633964e-03
5.537390436500193953e-04
3.534784431729131411e-04
7.368863809166852031e-04
7.843685826146522917e-04
4.285967468115818146e-04
6.955907649421816993e-04
1.811233673976970571e-03
6.153640203520027155e-04
5.725016529411431016e-04
5.908073871051706689e-04
6.841917950976674021e-04
7.766835715812220407e-04
8.467680628106381141e-04
1.529437822169663758e-03
7.625706244895563788e-04
7.454942819340796807e-04
3.235106924238407016e-04
3.653626546333680648e-04
5.654115686955966209e-04
2.086889853242007622e-03
1.788782059436700616e-03
1.046576285606585274e-03
1.500312024499044026e-03
5.385104875023473750e-04
1.055732319369869507e-03
2.746927212837020822e-04
3.047007695284369372e-04
1.379512029638659096e-04
4.008750503445393282e-04
7.689816230059148307e-04
2.189339290110467874e-04
1.257306713888667934e-03
6.933826997710805821e-04
1.030649713639385451e-03
7.488941986198922917e-04
1.204393677159440500e-03
2.368603435920188776e-03
4.111027271959614288e-04
1.204615560883596755e-03
3.342226754121257093e-04
1.453994754851977269e-03
5.832957325689733154e-04
1.210549116282322096e-03
7.508177219966633877e-04
9.969439282281106120e-04
9.176197145104622414e-04
3.338245874816522275e-04
1.331478764255444175e-03
1.020215266311547565e-03
4.144469366252505121e-04
4.611460088821647580e-04
1.588605790156118365e-03
5.403775347078455804e-04
5.296063020165406397e-04
2.202740223566211511e-04
8.903381580591502534e-04
5.892280913447056883e-04
2.286337852371715413e-04
7.577137243652517281e-04
5.357235115596648478e-04
6.461929466659691078e-04
1.546869398866011162e-03
1.023158843545225131e-03
5.130475080413927913e-04
3.542498557380027594e-04
8.132631171599529049e-04
6.648871630606748451e-04
7.856040919580967044e-04
3.007198392993748644e-04
3.415435293225955538e-04
6.638512375050290145e-04
3.423147203617871778e-04
9.338108849408458412e-04
3.938679057245337320e-04
3.641113400784234001e-04
7.619382701374766056e-04
4.583572942083156986e-04
3.295748114602661816e-03
3.555328258572982756e-04
8.363288278626651454e-04
8.071062619381254126e-04
2.738172872139311162e-04
7.303312101869787951e-04
7.862363362098454987e-04
3.734544417898303108e-04
6.316917679385360921e-04
9.344469506469441035e-04
4.432014596531474678e-04
1.697170739081704490e-03
8.479060501766931459e-04
1.117812407840457949e-03
3.354660725415867543e-04
8.255131629881358414e-04
7.090063792523575810e-04
3.813711962479196939e-04
8.267947033342630623e-04
7.236695275527283084e-04
1.055307895573732481e-03
4.796783698392108352e-04
2.392820495990768785e-03
3.260310907787964904e-04
4.795514330161414879e-04
3.496794460059352385e-04
5.194778154040005733e-04
8.029330704985589541e-04
1.394176667945829298e-03
5.668610016166257710e-04
3.507993802898406338e-04
5.351226294833638349e-04
4.370737311394971522e-04
3.251904762354945028e-04
8.348591808844052975e-04
2.596226904076937101e-03
3.215899333890191790e-04
4.913906128653619445e-04
8.241951595944397744e-04
7.900303186571203812e-04
2.882553162922382880e-04
3.601173134664090690e-03
4.005802861491802413e-04
8.496154075570395113e-04
8.676010317073636936e-04
3.580839173647513626e-04
1.844749957612273894e-04
3.570300489304413386e-04
1.247818611001313277e-03
5.081983028864530761e-04
3.897174376189475723e-04
4.178799057230356490e-04
1.453786163300632229e-03
1.559688581394907958e-02
1.009263140636538483e-03
7.586330991399291073e-04
1.073172840102314812e-02
3.965277487760830548e-04
4.919973503308174012e-04
5.207112763938922390e-04
4.352906473578566256e-04
2.207074827747986803e-04
5.648795011919281392e-04
4.308129764029791750e-04
7.344196381546063508e-04
7.297180152210362052e-04
8.234233942469352217e-04
2.770799351148821288e-04
3.372892980633542741e-04
4.423390631595021860e-04
1.061950282877040675e-03
4.352131089054571303e-04
1.195952205564686059e-03
5.574560956540426399e-04
2.259451057745350379e-04
1.685139117409204749e-03
4.657269396118984524e-04
7.205235400976949065e-04
7.368863809166852031e-04
5.067043338197163007e-04
2.428543541062757715e-04
5.351990918111030823e-04
3.545124597089206937e-04
1.406981859293967435e-03
4.943650105058799938e-04
7.017278194973516556e-03
6.296627418247987629e-04
5.370077185489763316e-04
7.056370008691059551e-04
9.817528285688530837e-04
3.815541267734565188e-04
8.200051835724701116e-04
9.588745053914147750e-04
3.080240410106188415e-04
4.199978559910541045e-04
3.297658506255031789e-04
7.235935161704758504e-04
3.372892980633542741e-04
7.073284590009529292e-04
1.684636022167400066e-03
8.105093948367762856e-04
8.223720274451928533e-04
1.926096180827859873e-04
9.669259932213682043e-04
5.310348742894822806e-04
7.075415952528495145e-04
3.596298641460981931e-04
4.174419098661800694e-04
4.190126241747494490e-04
7.733375507237922252e-04
1.453786163300632229e-03
2.651259189410085267e-03
4.909890147805022866e-04
4.898849824144834234e-04
1.535540912295124813e-03
1.185026596910987700e-03
4.081986822615210663e-04
3.452900518804663901e-04
3.376341170690367699e-04
1.134529975888197732e-03
3.767166730497476922e-04
4.804309294750508602e-04
6.636286336294620327e-04
1.087015222839554087e-03
2.773031729643730438e-03
2.717728440837324203e-04
6.304008031393696070e-04
1.464789627550660504e-03
7.373827637612492001e-04
1.675108243734556648e-03
2.771340091008811339e-04
5.882067881458822971e-04
6.780711423576221437e-04
1.099840092029003924e-03
6.648871630606748451e-04
4.581705140980940508e-04
2.638536804829596117e-03
4.348520503206663112e-04
5.450024813153597986e-04
2.891158232590606398e-04
3.441515306991987846e-03
1.043039836942291458e-03
5.605435878637649808e-04
8.091984242184114976e-04
4.367483763099357813e-04
9.396218413871687807e-04
2.830944871068896110e-04
6.274287027527140643e-04
6.666754262397723554e-04
2.058904858752882679e-04
3.485596906857972056e-04
8.058511979053101584e-03
1.498736632965639616e-03
5.065276194586628561e-04
1.098627377961991806e-03
2.917648200128439544e-03
4.778728020512681279e-04
7.643496188250030639e-04
8.307774886820502858e-03
2.698249405668780147e-04
9.827960555623131873e-04
3.998970625173689096e-04
2.385366966636137816e-04
5.701262996159717992e-04
1.345057199044137489e-03
3.611656774438233033e-04
3.987502448230782217e-04
1.849708857431892235e-03
5.292566619402736200e-04
2.014699056322370816e-03
2.590388014976769391e-04
1.368013181494089894e-03
3.712626451969987707e-04
5.493360766057895153e-04
