7.805412709733184602e+04
8.755450149185046030e+04
9.873802079018343647e+04
9.391948136136637186e+04
7.968116979035285476e+04
9.791791253098675224e+04
6.693418839681407553e+04
6.996978710302324907e+04
9.283297909660804726e+04
5.125720578321458743e+04
8.511377356786647579e+04
6.981173311728028057e+04
6.962103212030678696e+04
9.718106333995521709e+04
6.645427353655188926e+04
4.038729850227987481e+04
8.670690494816981663e+04
9.861575064756722713e+04
8.288807519840975874e+04
8.987025555949444242e+04
8.989120370875514345e+04
8.798623668914027803e+04
9.596721992591359594e+04
9.315476475632481743e+04
9.711349805281191948e+04
9.464278444394859252e+04
9.163856545668841864e+04
9.815130172672893968e+04
9.986267537016652932e+04
5.278842227196570457e+04
7.305942884993601183e+04
6.358586853546852944e+04
7.729193571015450289e+04
8.851158375569932105e+04
9.377274322799466609e+04
9.823354162854763854e+04
8.150555547046840366e+04
8.566566986607496801e+04
4.712870089757190726e+04
9.874626584035460837e+04
7.968830472477516741e+04
9.487998247034462111e+04
9.665156044914301310e+04
9.425883434326063434e+04
8.270336720431942376e+04
8.757287250029509596e+04
8.737531829894096882e+04
6.585697495354486455e+04
8.742620246663161379e+04
9.895584172907420725e+04
9.426029798454068077e+04
1.039672252791257488e+05
1.057404596718642424e+05
9.487777532981142576e+04
9.986578746400562522e+04
9.999189927702104615e+04
9.726579567618135479e+04
9.994295201530470513e+04
3.232002701139384590e+04
8.507052245070844947e+04
8.310789068051232607e+04
8.887713973163551418e+04
5.430470691930036992e+04
7.471010186883367714e+04
9.376638003237840894e+04
9.274337229240477609e+04
7.749769902149582049e+04
9.571750879224533855e+04
9.514275926297981641e+04
8.629991368253408291e+04
7.593351750213475316e+04
7.249424493609719502e+04
9.870785056864279613e+04
9.785659437872658600e+04
6.473176834334243176e+04
7.323609544675926736e+04
6.598126803007347917e+04
7.601632610887996270e+04
7.484830092885550403e+04
9.757752719967730809e+04
6.492244162895416230e+04
9.685190193097385054e+04
7.425655254598884494e+04
9.968976567938183143e+04
7.474060472593719896e+04
1.081599355659517605e+05
8.324151857318934344e+04
8.662562670706528297e+04
7.902262913807634322e+04
8.453603298340190668e+04
9.609412659561593318e+04
5.357411668031055160e+04
9.990298313786341168e+04
9.352486509538204700e+04
9.674324241285165772e+04
8.026411580171210517e+04
8.184315714172837033e+04
8.536460452914549387e+04
9.853563382654164161e+04
9.907380545215097663e+04
7.332268959224531136e+04
9.922498570688361360e+04
9.173153543026540137e+04
8.726880512184547842e+04
6.522786040989393223e+04
9.507033019301659078e+04
8.514071170498189167e+04
1.001386293087131053e+05
8.910347138856125821e+04
8.215787039384055242e+04
7.204603842102915223e+04
9.970065068637330842e+04
6.096943146212039574e+04
9.629981456150297890e+04
6.069894785375463834e+04
6.201627068353560026e+04
7.055221330397558631e+04
9.266515908899709757e+04
9.855471210091222019e+04
8.642334282215446001e+04
8.345103498970899091e+04
8.925476479318074416e+04
9.315362008448151755e+04
9.909881361984759860e+04
9.608968979528798081e+04
8.351035346541892795e+04
7.727158612670206639e+04
9.965658805939710874e+04
9.919132204952383472e+04
9.925337346195717691e+04
5.125312052806915744e+04
9.519170428859860112e+04
6.856370412075535569e+04
9.284713414386204386e+04
8.052423800734824908e+04
8.367449182485580968e+04
5.140680819938516652e+04
8.770936059344631212e+04
9.973466637302868185e+04
8.308902124845959770e+04
8.425562503559497418e+04
9.006322858649150294e+04
6.970690562033970491e+04
9.590623601333408442e+04
7.588099108268598502e+04
7.293540926552235032e+04
7.749769902149582049e+04
9.061125577672253712e+04
7.928074148085770139e+04
7.417734240817486716e+04
6.868615004273467639e+04
6.756496501579080359e+04
9.521372586617307388e+04
6.542183475551254378e+04
9.094727824564839830e+04
1.037624162558521639e+05
6.358449324822147173e+04
7.287672326369759685e+04
1.096908508645596012e+05
9.713412566819302447e+04
9.447691899961336458e+04
9.977517159312580770e+04
7.716210745630066958e+04
9.297823394348732836e+04
9.599409490008729335e+04
8.833235430313227698e+04
6.619419092229221133e+04
8.867247335162393574e+04
8.344867513705232705e+04
7.726943386750806530e+04
9.686939956151724618e+04
8.899203842110950791e+04
8.264964223098692310e+04
7.517895066290191608e+04
7.857619349806486571e+04
9.998768265686018276e+04
9.745776323080969451e+04
9.738217214836181665e+04
7.062218480414571241e+04
8.960662926310005423e+04
9.769236470069525240e+04
5.358710503789323411e+04
9.268848499263597478e+04
8.808148885415817495e+04
8.265452237270234036e+04
9.743848687576163502e+04
9.957075093406495580e+04
9.209434976447776717e+04
7.767361782816200866e+04
7.905208741735490912e+04
9.958758436069915479e+04
1.000795136163564312e+05
8.975257046229032858e+04
7.735274826241332630e+04
9.919937941047160712e+04
6.362946352557292994e+04
1.031846774289600289e+05
9.393738683544108062e+04
7.494398845458081632e+04
9.429585938216694922e+04
5.511418375782931253e+04
8.294882308380426548e+04
9.372430817749591370e+04
6.265105933764362999e+04
8.756155216489535815e+04
9.528055622309540922e+04
9.606895800030366809e+04
9.813747178877959959e+04
9.998271932873023616e+04
9.255273440403056156e+04
3.507396146166769176e+04
9.863755389402645233e+04
9.771700948521967803e+04
9.953029497802974947e+04
1.096259816845891328e+05
9.426318943796482927e+04
7.341467438477015821e+04
8.715182100365334190e+04
6.447677230362455157e+04
9.262815503706612799e+04
9.121669004361880070e+04
7.556050248780955735e+04
9.338819700504407228e+04
9.647625086038529116e+04
6.780868176151040825e+04
5.843848629633672681e+04
9.096016476154670818e+04
8.148214275826187804e+04
9.892182919700158527e+04
5.614337030720557959e+04
6.999227725146189914e+04
1.038940032292126707e+05
9.997485279641387751e+04
9.270212157960793411e+04
9.006322858649150294e+04
5.192453018745673035e+04
8.235950167107522429e+04
6.396237992991442297e+04
7.357328776428302808e+04
8.930732919646996015e+04
8.334493163230034406e+04
8.800868850308640685e+04
8.805165926701760327e+04
9.078487325829407200e+04
9.114102112412487622e+04
9.918348766684248403e+04
8.874618098984511744e+04
9.913345782163539843e+04
7.978872989318660984e+04
6.196234097758904682e+04
6.358586853546852944e+04
9.638671849757105520e+04
8.830145492196452687e+04
9.150107396010500088e+04
7.734065078453333990e+04
8.192085971584680374e+04
8.758270990503880603e+04
9.802224351860233583e+04
9.920736449288770382e+04
6.093255299061539699e+04
8.300192508132802323e+04
6.395938171608262928e+04
9.933605631519385497e+04
9.173153543026540137e+04
8.945681883420841768e+04
9.865969443996433984e+04
5.253873664086240024e+04
9.675241802235694195e+04
9.707845971829247719e+04
9.960290900839044480e+04
6.475795188696388504e+04
8.467914551123317506e+04
9.986999163039370615e+04
8.616378701875852130e+04
9.903071919351526594e+04
6.727205683776762453e+04
5.128127320860001782e+04
8.535151846659528383e+04
7.019490342474059435e+04
9.893074212822526169e+04
6.340755769465309277e+04
9.928009045750748191e+04
9.764340194206179876e+04
8.377899289094349660e+04
1.041306266064271767e+05
8.907553275443054736e+04
7.718554282749020786e+04
8.391595067854186345e+04
8.627534579728911922e+04
7.064959464666935673e+04
4.926422423376693041e+04
8.975729247690191551e+04
8.307821495193224109e+04
7.412619973363105964e+04
7.390345291252709285e+04
7.434988081181072630e+04
6.660403642703294463e+04
9.727725147791374184e+04
9.386246930272925238e+04
9.767046954498418199e+04
7.321972379783548240e+04
9.923752023660317354e+04
7.553974758630020369e+04
9.608968979528798081e+04
9.952847079331644636e+04
9.449895308568817563e+04
6.381932641846279148e+04
6.009304172030121117e+04
6.575544798230064043e+04
8.782454013681957440e+04
7.421808767582957807e+04
6.995791074157750700e+04
5.909365552622148971e+04
6.522781766523949773e+04
9.079993394112995884e+04
4.018541065287368110e+04
9.276105204500145919e+04
9.583082076192535169e+04
6.465237828773744695e+04
8.822698905895779899e+04
8.778481822365701373e+04
9.858419150839095528e+04
9.052428284930325754e+04
9.284713414386204386e+04
9.853563382654164161e+04
5.140680819938516652e+04
7.268336199429708358e+04
8.419220270957042521e+04
9.852890153647206898e+04
6.981670002150051005e+04
6.612483225498363026e+04
7.709936780474519765e+04
7.563903877857730549e+04
9.508079062800691463e+04
7.938937039961690607e+04
8.329586019581809524e+04
1.018630381423851213e+05
9.948220230477316363e+04
9.684917182320378197e+04
9.910891949528084660e+04
9.020320215843392361e+04
8.538664892906699970e+04
8.899203842110950791e+04
9.946554146945591492e+04
8.440249451341349049e+04
7.607703490783397865e+04
9.420260974188393448e+04
9.815667350691846514e+04
8.216899752806882316e+04
6.185588385720061342e+04
9.637757417913600511e+04
1.052104675935123087e+05
9.268848499263597478e+04
9.429721224457507196e+04
7.068552054367636447e+04
7.863022714525742049e+04
6.872571726825919177e+04
9.537342494241196255e+04
8.953764097548673453e+04
7.140392996168798709e+04
8.352157456314429874e+04
9.870124856761988485e+04
7.841215408501458296e+04
7.934294026002586179e+04
9.694118546728750516e+04
9.129097755419054010e+04
6.827464976282324642e+04
9.784581225927347259e+04
9.869126205257418042e+04
6.805437391020258656e+04
9.343005417735131050e+04
8.610918643996022001e+04
7.709936780474519765e+04
6.757245086596673355e+04
9.767228830989926064e+04
7.101629819986382790e+04
6.539978097749326844e+04
5.209668954358369228e+04
7.062848727688172949e+04
9.927689703010604717e+04
6.708999983693809190e+04
8.688797102082303900e+04
8.070450428391319292e+04
9.862479204396494606e+04
6.254954091720104771e+04
9.796905842173629208e+04
8.490023452449173783e+04
9.765131144906838017e+04
8.919774194997483573e+04
9.481289084736071527e+04
9.367571337275675614e+04
9.145079897986541619e+04
1.006306923561978183e+05
8.490597283490555128e+04
7.513251915593697049e+04
1.039426219973864499e+05
9.411340367464207520e+04
8.983514701816189336e+04
9.841766569467679074e+04
9.909316306763027387e+04
9.837072865392993845e+04
7.452272726090189826e+04
9.544215100467567390e+04
9.626617159592635289e+04
9.296740165260063077e+04
9.244736274565430358e+04
4.266967790037923260e+04
8.697488987576770887e+04
8.239005918561974249e+04
9.928474024650025240e+04
6.682741338929413178e+04
9.766657094455181505e+04
6.187235939856014011e+04
8.045295335870316194e+04
7.178270777020872629e+04
9.631251829776405066e+04
7.126572035588663130e+04
6.685041815134529315e+04
7.200635949386426364e+04
7.974632441423890123e+04
4.883151591362708132e+04
9.601482770087059180e+04
7.759316104144668498e+04
8.646827516075635504e+04
6.552800087454973982e+04
9.816300799023701984e+04
8.065076438067467825e+04
9.725026130488571653e+04
9.376573003803068423e+04
9.787433152209334366e+04
3.953011747767587076e+04
7.997267739886289928e+04
1.071159882717936416e+05
9.567467254800749652e+04
6.907579676002904307e+04
9.597118004265950003e+04
8.398245406674650440e+04
1.016422840551258851e+05
9.338819700504407228e+04
7.489748319000411720e+04
6.677360522780730389e+04
9.912398611580587749e+04
9.047708552657025575e+04
6.022278253529034555e+04
9.955263975797050807e+04
6.180034169234496221e+04
4.005365153097971779e+04
8.846069728831920656e+04
8.662574360780009010e+04
9.219720305090681359e+04
6.591387110358290374e+04
6.069894785375463834e+04
8.193790213369163394e+04
6.790620319108267722e+04
6.381932641846279148e+04
9.762515778566729568e+04
3.562850459685879468e+04
5.571447571902719937e+04
8.748786032774506020e+04
6.996964955527342681e+04
4.329350278955935210e+04
4.081436631025929091e+04
6.475272571976296604e+04
7.223094076090304588e+04
8.978450981385166233e+04
9.549073929187683098e+04
9.141729599664769194e+04
9.084286030008802481e+04
9.932352162706483796e+04
7.725512927888306149e+04
9.786840858982701320e+04
9.857460851290494611e+04
8.274334481599293940e+04
7.458534478626349301e+04
7.729663954660219315e+04
5.174366469771987613e+04
9.155266562572539260e+04
1.000073285517702316e+05
9.663236709492969385e+04
1.055690562357055460e+05
8.039190073947237397e+04
9.785043644099742232e+04
6.172259013456543471e+04
9.732471915252198232e+04
9.848276382953354914e+04
1.000356193825298251e+05
9.484475490167831595e+04
9.572389692668305361e+04
9.879975136291807576e+04
9.997620613725745352e+04
9.864883721870007867e+04
8.899203842110950791e+04
8.696648386185514391e+04
7.471010186883367714e+04
6.620874218635311991e+04
9.812713185041646648e+04
6.656924873470982129e+04
4.673601829119890317e+04
9.911566158741580148e+04
8.149141222399355320e+04
9.314933029068670294e+04
9.766657094455181505e+04
6.542629270936683315e+04
4.699194136337361851e+04
9.521372586617307388e+04
1.068596594082398369e+05
9.139430699029377138e+04
8.854750092928370577e+04
9.281869739621218469e+04
9.945994675635843305e+04
6.895120291369859478e+04
6.012056204263984546e+04
9.722762449349355302e+04
9.813266548297849658e+04
7.335274915352593234e+04
9.670280223786916758e+04
6.763720880662722629e+04
1.025869456208101328e+05
6.911610215425219212e+04
5.883958861972597515e+04
7.733547104917241086e+04
9.528970027656348248e+04
9.226768623646988999e+04
6.735268702432361897e+04
9.725351364455542353e+04
6.803565348046812869e+04
8.020401466718163283e+04
9.961358318679204967e+04
9.315130548234158778e+04
9.883106643117319618e+04
6.632569192890013801e+04
7.462993560482210887e+04
5.701872036224263138e+04
9.879696037418361811e+04
6.033380423356350366e+04
6.804357784907189489e+04
6.780868176151040825e+04
8.705667756063635170e+04
8.978450981385166233e+04
6.043986245436800527e+04
9.020287326960983046e+04
6.219812480639176647e+04
7.435527885312082071e+04
8.746880877557248459e+04
8.754467668428432080e+04
9.604196100587343972e+04
8.268056234973522078e+04
9.755019609533865878e+04
9.016611632459635439e+04
9.887654619112749060e+04
7.037690111443970818e+04
9.905908719368303719e+04
7.837789165815910383e+04
6.953288614952169883e+04
6.485793537140480476e+04
6.617504359634031425e+04
9.059848019983059203e+04
8.549575822643718857e+04
7.616322572665924963e+04
8.116981032296572812e+04
7.972315789454961487e+04
6.095972464374113770e+04
7.959677658117022656e+04
7.773035167495449423e+04
8.432815128213449498e+04
6.896948815311426006e+04
1.039332958260318410e+05
8.858349207842790929e+04
9.655834924811670498e+04
9.359324836517764197e+04
9.304462869607683388e+04
9.608132388614995580e+04
9.173153543026540137e+04
7.535209228462648753e+04
6.081081844571611873e+04
8.764214090946716897e+04
9.715919856388717017e+04
1.075993832307496923e+05
9.381356050833417976e+04
9.371949098810578289e+04
9.933605631519385497e+04
1.086190224599281355e+05
6.717482772035359812e+04
8.475505652237992035e+04
6.956407790251373081e+04
9.260231804433961224e+04
7.848333216304918460e+04
8.514426394137548050e+04
8.149290220267315453e+04
9.738217214836181665e+04
3.371303630586958025e+04
8.868129260602022987e+04
7.346739068545165355e+04
5.192453018745673035e+04
5.739983841488090548e+04
9.051164212538476568e+04
9.386586979419107956e+04
8.754449067749612732e+04
9.061125577672253712e+04
1.051465709862122894e+05
3.246192175609670448e+04
9.666380414885880600e+04
9.635799481802103401e+04
6.561489421447461064e+04
7.486698189679739880e+04
9.031992058825978893e+04
7.150897057863319060e+04
9.759179929011718195e+04
9.057578405680689320e+04
9.961985083315202792e+04
9.615415191085556580e+04
7.353571149507079099e+04
6.820905437332761358e+04
9.861280797183413233e+04
9.413568671195494244e+04
1.000256936683319946e+05
8.332105282816968975e+04
7.798224984158744337e+04
6.527536689973889588e+04
6.258477585209981044e+04
9.990829300876721391e+04
8.065653486581004108e+04
9.192714056277649070e+04
7.666712427436445432e+04
8.114913751752508688e+04
1.081421108371934242e+05
8.124291264966470771e+04
7.717915555735591624e+04
9.780048136801704823e+04
9.839752297196596919e+04
9.110008855748080532e+04
9.506464483465626836e+04
7.958430390451075800e+04
7.740287694344401825e+04
6.503388335324652144e+04
8.851832074558551540e+04
8.217718723441538168e+04
8.151916580789173895e+04
7.928040008339913038e+04
1.007481562805660506e+05
8.930770542109991948e+04
7.206502484779496444e+04
7.541468612752237823e+04
7.877667057780986943e+04
1.002033065399722982e+05
9.747478531240034499e+04
9.625791679735507932e+04
6.740568105458833452e+04
9.732462300876057998e+04
8.300741453039896442e+04
7.066675237566874421e+04
9.763686716533325671e+04
7.203291242734195839e+04
8.315561730581782467e+04
9.514401356560671411e+04
6.559967078706707980e+04
7.570961812996699882e+04
9.429323318858687708e+04
8.039332652866601711e+04
6.716547793531099160e+04
9.838938664760488609e+04
8.403081507503543980e+04
9.638671849757105520e+04
9.526233633243908116e+04
6.606548407904949272e+04
9.965801915332370845e+04
9.890545873086988286e+04
6.540013389741838182e+04
4.950536415413598297e+04
9.366718041113244544e+04
8.726880512184547842e+04
5.784076700217461621e+04
6.537175218628171569e+04
8.710655277840445342e+04
1.060924681669002894e+05
8.989459128778231388e+04
9.296740165260063077e+04
7.667347563731842092e+04
9.537651154456155200e+04
9.953462711157371814e+04
9.574281466211544466e+04
9.891201260516257025e+04
7.112771790467824030e+04
9.674535744177478773e+04
8.665883527858258458e+04
6.539978097749326844e+04
9.327736737226112746e+04
9.757057800298536313e+04
8.632677603980395361e+04
5.719662993273830216e+04
6.483091895221991581e+04
6.125652979466560646e+04
9.380442394926087582e+04
8.895054957927596115e+04
9.970122083353661583e+04
8.133603443830610195e+04
9.762275308963864518e+04
9.892969811338053842e+04
9.961134643399163906e+04
1.089478302577780123e+05
9.960154055378817429e+04
1.000472654114915349e+05
1.008844379710931680e+05
8.548866221961252450e+04
6.423844386259570456e+04
1.001598623095256335e+05
4.159177719218707352e+04
9.511407257501386630e+04
6.529296608293051395e+04
9.103638032392172317e+04
8.385031215059879469e+04
9.621042466642703221e+04
9.077532433190777374e+04
5.800960753182897315e+04
9.873948415094923985e+04
9.277164762100920780e+04
8.845908309714117786e+04
6.949531569468516682e+04
7.798224984158744337e+04
8.748903320350027934e+04
7.484030278725878452e+04
9.515023429183448025e+04
6.542629270936683315e+04
9.140823398888549127e+04
1.043560066336001328e+05
7.601632610887996270e+04
6.417839133844986645e+04
9.641569691265463189e+04
6.059717769506127661e+04
4.776061704293544608e+04
9.985313113152637379e+04
9.775437622889659542e+04
6.903999726048509183e+04
9.993075509042797785e+04
9.184688029666630609e+04
7.997214909947021806e+04
7.572357205154698750e+04
6.690132669800642179e+04
6.609620109292209963e+04
8.385320572811382590e+04
6.678465510811888089e+04
8.061630648566782475e+04
1.018630381423851213e+05
9.338819700504407228e+04
9.972006664579818607e+04
8.782454013681957440e+04
9.657236697662445658e+04
9.966772497875872068e+04
8.837239691731067433e+04
6.658934758290182799e+04
9.944162379648764909e+04
8.682406086269325169e+04
9.651508336786544533e+04
8.864685008506714075e+04
8.332105282816968975e+04
7.194820268082559051e+04
8.829154926185523800e+04
7.175505695250378631e+04
7.437913903910205408e+04
5.807616563279394904e+04
9.921172090900260082e+04
9.073542994605032436e+04
6.395938171608262928e+04
8.569528007369168336e+04
7.466105483589120558e+04
1.001469263528767624e+05
9.995987049043308070e+04
7.060061645683085953e+04
6.695148532927050837e+04
8.023762450692719722e+04
5.920380996854884870e+04
8.198165899380631163e+04
7.504744125582356355e+04
3.543343862636731501e+04
9.871569184119255806e+04
9.312137179434178688e+04
9.985118212178899557e+04
9.975983802965981886e+04
8.197229959826915001e+04
8.264554757363822137e+04
9.757067139838998264e+04
9.587369630885212973e+04
6.264101400679227663e+04
6.750139184724898951e+04
9.714473620840199874e+04
8.914506155002414016e+04
5.856785986814204807e+04
9.944903226830835047e+04
9.987627288362954278e+04
8.502697687287525332e+04
6.737427211232997070e+04
9.123924162353413703e+04
4.292108150199059310e+04
9.718081093439801771e+04
9.606222352822108951e+04
4.899443231533651124e+04
7.379027206207891868e+04
8.056151970397018886e+04
8.414081037487460708e+04
8.478452337019935658e+04
7.430829581244345172e+04
7.851779713067156263e+04
9.743293065402592765e+04
7.158401942802994745e+04
8.071772686503763543e+04
9.762508521872134588e+04
9.211184628007207357e+04
6.593507273616922612e+04
6.653296992791462981e+04
6.347388098922310019e+04
7.851779713067156263e+04
9.815288477312798204e+04
6.289194868767623120e+04
9.556601392217344255e+04
5.906332724170241272e+04
1.001742148228580336e+05
9.908450742288406764e+04
7.540889031455646909e+04
9.969254660670431622e+04
8.826807253869342094e+04
8.990382507888606051e+04
9.880952178030779760e+04
9.743019065488177876e+04
9.674497333490353776e+04
7.590862664543722349e+04
4.192083523444191087e+04
9.472388103717842023e+04
9.717148739175224910e+04
7.104171185403443815e+04
6.240968534820363857e+04
9.636802882005403808e+04
7.138617933279844874e+04
9.667943171323875140e+04
7.249942590628887410e+04
6.777610683521440660e+04
1.000351183404335607e+05
6.761248218250309583e+04
7.325128057622454071e+04
9.635788693645036255e+04
8.290761193134491623e+04
7.035375705372913217e+04
6.423844386259570456e+04
7.740279765547627176e+04
9.941133609824557789e+04
6.560147121798561420e+04
9.022817954023618950e+04
8.612815144314881763e+04
6.791821018223447027e+04
8.577460582669914584e+04
6.769125162031692162e+04
9.905027071338919632e+04
8.682711449054833793e+04
8.151115341639296093e+04
9.221163238529193040e+04
6.075586516234820738e+04
9.348347346758580534e+04
7.772370509122544900e+04
8.535711842466249072e+04
5.115054736723335373e+04
5.951809867654385016e+04
7.523277183043149125e+04
7.311703662954429456e+04
9.795908343372518721e+04
9.281213451134190836e+04
6.643485447383628343e+04
9.942592813675175421e+04
9.043636705688267830e+04
8.733663046084658708e+04
3.730393339070406364e+04
7.355763813786969695e+04
6.209417717338780494e+04
5.911986283673963771e+04
6.873667484483776207e+04
8.153382785340437840e+04
1.021677303295255115e+05
9.001095812849141657e+04
6.344628098786052578e+04
7.236466142675479932e+04
1.001386784357670840e+05
1.044218665470041742e+05
8.921111416088092665e+04
7.230812518951336097e+04
7.532077034632899449e+04
7.717915555735591624e+04
6.754059192869592516e+04
9.598060962511433172e+04
6.781100587265842478e+04
7.258781540105050954e+04
5.413538896337971528e+04
8.329140198649447120e+04
8.903185379352555901e+04
9.659103664530006063e+04
8.760832899557831115e+04
6.245751473899617122e+04
9.975468740996239649e+04
8.999569135752951843e+04
9.744294674275351281e+04
8.276984313175904390e+04
8.279413769146807317e+04
8.060007442465773784e+04
9.073542994605032436e+04
8.236426024960962241e+04
8.923148729741470015e+04
9.113161309641574917e+04
5.730708446469228511e+04
7.777840479801161564e+04
7.198151901945061400e+04
9.798805064207526448e+04
9.408366887095964921e+04
7.490517407411316526e+04
7.805412709733184602e+04
1.002565882052045345e+05
8.092167763229869888e+04
7.716559481936341035e+04
7.355256521724713093e+04
4.195524549305569235e+04
9.639498065584842698e+04
8.113424034502872382e+04
5.768528221436629974e+04
9.652266219178368920e+04
8.009174526689603226e+04
8.525122806122052134e+04
4.441535993347370095e+04
5.554475606119451550e+04
8.994504552595577843e+04
9.468250055574323051e+04
9.993331985876447288e+04
8.355899648677634832e+04
6.490773075765728572e+04
6.720490998652893177e+04
9.908160991947047296e+04
8.594872673509230663e+04
5.885370599537777161e+04
6.431005130326696963e+04
6.376329558670768893e+04
7.757585829902043042e+04
1.010894019828252349e+05
1.002654445153860288e+05
8.761360041470573924e+04
9.261991546076441591e+04
1.095045256419154903e+05
9.220151989342844172e+04
7.523277183043149125e+04
7.671641774177724437e+04
9.805449940381194756e+04
9.328583191418602655e+04
9.685786190684269241e+04
1.042015883823378681e+05
6.180034169234496221e+04
6.087759351770564535e+04
8.591093089047327521e+04
1.022620055863621674e+05
6.777610683521440660e+04
4.778496677409578842e+04
9.057171116503782105e+04
9.009145431580970762e+04
9.168000612409856694e+04
6.974404121967645187e+04
7.775646686550311279e+04
9.951301030389123480e+04
1.095799559707947919e+05
9.197167198428338452e+04
8.041515770137404616e+04
9.425883434326063434e+04
7.246407712355624244e+04
8.658671241159764759e+04
8.598372760573054256e+04
9.360242638651643938e+04
8.758026733592573146e+04
9.244076279693860852e+04
9.127618477788647579e+04
3.668758998017571139e+04
7.390446731726326107e+04
9.206428013762117189e+04
9.577096994067741616e+04
8.164735015391759225e+04
6.971102417450840585e+04
8.841009331962245051e+04
9.687319415943801869e+04
5.078063999610607425e+04
9.045245458743201743e+04
9.675894640128589526e+04
6.606718967139927554e+04
8.910020850302914914e+04
6.665085165577687440e+04
7.937859687352438050e+04
7.780954064772484708e+04
9.807419099461773294e+04
7.751227422372864385e+04
9.593499099833304354e+04
9.364900580680232088e+04
5.198623615973635606e+04
9.515023429183448025e+04
7.534244220864689851e+04
9.163501475780036708e+04
8.118570890188550402e+04
5.128134111778660008e+04
1.088646128658443340e+05
8.666328463153315533e+04
8.391141242923471145e+04
