5.338518885221622884e+06
5.374508456466174684e+06
5.299627415011195466e+06
5.332041256342350505e+06
4.974465430131050758e+06
5.204867063744176179e+06
5.303410289663292468e+06
5.036727795344766229e+06
5.312584395123738796e+06
5.367720320061154664e+06
5.221584387574085966e+06
5.255201089727062732e+06
5.190096943602056243e+06
5.184395626754978672e+06
5.013978136347126216e+06
5.305512778920081444e+06
5.323720524744307622e+06
5.031877744675932452e+06
5.229288205018825829e+06
5.120533591938693076e+06
4.965284414975935593e+06
5.254300715785890818e+06
5.080944572326718830e+06
5.257726859550900757e+06
5.274217899591375142e+06
5.231079009549571201e+06
5.293430486083108932e+06
5.225180815816557966e+06
5.065551233280477114e+06
5.339256536050308496e+06
5.210648996966172010e+06
5.300401590576281771e+06
5.024450013288976625e+06
5.366835142159026116e+06
5.350543854059982114e+06
4.760414166177865118e+06
5.357714791564737447e+06
5.252685905079117045e+06
5.328691772059544921e+06
5.147916437042213045e+06
5.317444538904009387e+06
5.204937647759337910e+06
5.279984631156492978e+06
5.165161611561628990e+06
5.314228217552342452e+06
5.147029928212093189e+06
5.320024708307866938e+06
5.363222377948621288e+06
5.368356212086448446e+06
4.966987944124775939e+06
5.305535315287814476e+06
5.161315668838873506e+06
5.122554972477663308e+06
5.146311396431446075e+06
5.370688668167247437e+06
5.360724051977695897e+06
5.121204417713169940e+06
5.315481520564625040e+06
5.262323628082448617e+06
5.208984949708544649e+06
5.314258767043867148e+06
4.552122756749442779e+06
5.182783903692772612e+06
5.324022573102671653e+06
5.317243277928059921e+06
5.192535181264270097e+06
5.232755102077648975e+06
5.201503480357177556e+06
5.311188598858872429e+06
5.150074765249926597e+06
5.372368799849612638e+06
4.905028148019164801e+06
5.353661673527517356e+06
5.309019484865219332e+06
5.298032282758818008e+06
5.209652674971437082e+06
5.038182019068470225e+06
5.367223130926830694e+06
5.302964494083784521e+06
5.369396026125594042e+06
5.369139444695387036e+06
4.852319067745609209e+06
4.882062136083923280e+06
5.314754455057667568e+06
5.374439441223437898e+06
5.169865165947917849e+06
5.303981016433822922e+06
5.242868850812112913e+06
5.297840083659990691e+06
5.279877728017433546e+06
5.041597955153523013e+06
5.221584387574085966e+06
5.251211749491050839e+06
4.857801774459033273e+06
5.333699012440673076e+06
5.250707362486845814e+06
4.915709277841595933e+06
4.803731915983701125e+06
5.096628922067629173e+06
5.347587630207751878e+06
5.366568025807565078e+06
5.296416836889666505e+06
5.233503479264516383e+06
4.993488358677030541e+06
5.371117348968112841e+06
5.301217290583524853e+06
5.245091607815385796e+06
5.013895375199723989e+06
5.316553664347248152e+06
4.948977149572560564e+06
5.323657239343201742e+06
5.043089828918350860e+06
5.173710046239952557e+06
5.153437056134350598e+06
5.320312077283311635e+06
5.369989642369778827e+06
5.356595543578723446e+06
5.054971911086141132e+06
5.328691772059544921e+06
5.211223063900660723e+06
5.216659626658847556e+06
4.845894588227546774e+06
4.909357433544674888e+06
5.373816657396379858e+06
5.326795773228476755e+06
5.158679276671194471e+06
5.279960245860544965e+06
5.163218318655191921e+06
5.302087702131447382e+06
5.072394061084456742e+06
5.297806197448967025e+06
5.257160772858818993e+06
5.265529054267995059e+06
5.285082881124923006e+06
5.338724570326733403e+06
5.363466181617802940e+06
5.373287647507476620e+06
4.895627974222608842e+06
5.367111470537442714e+06
5.363222377948621288e+06
5.221584387574085966e+06
5.373656151015699841e+06
5.174057410492793657e+06
5.030790642614805140e+06
5.324182172610393725e+06
5.244058272877352312e+06
5.254708237691223621e+06
5.312897512665485963e+06
4.879640765485981479e+06
5.364511409874760546e+06
5.253485288267939351e+06
4.876829108924563974e+06
5.269197676355108619e+06
5.136190648580227979e+06
5.280234313328614458e+06
5.334468548515100032e+06
4.918731629345240071e+06
5.305939569100442342e+06
5.002240498473189771e+06
5.176700995288144797e+06
5.315531768876475282e+06
5.358625638895938173e+06
5.284350769777275622e+06
5.255997692935564555e+06
5.301937188396658748e+06
5.254568486925866455e+06
4.911071375808022916e+06
5.257133740285603330e+06
4.837851635737298056e+06
5.309161079945256934e+06
5.369555657029128633e+06
5.119729558196792379e+06
5.298675415815107524e+06
5.253180327375745401e+06
5.362313484357956797e+06
5.282833622378249653e+06
5.071234303255623206e+06
5.197713636279401369e+06
5.195620465818955563e+06
5.355576840303049423e+06
4.929850515670783818e+06
5.368205446709608659e+06
5.223121431217176840e+06
5.367919156275298446e+06
5.293027063420655206e+06
5.359123296490528621e+06
5.364143068178688176e+06
5.017885582801375538e+06
5.248383444119055755e+06
5.124193192085452378e+06
4.992612166077008471e+06
5.364323274180958979e+06
5.222869534847707488e+06
5.305512778920081444e+06
5.364849880601950921e+06
5.301213667933248915e+06
5.312228387209560722e+06
5.226375748744766228e+06
5.333516798526966013e+06
5.259246656206013635e+06
5.335537494448316284e+06
4.953560644008127972e+06
5.292598985097556375e+06
5.222206368573632091e+06
5.359378756330125965e+06
5.351086317246289924e+06
5.056276234188212082e+06
4.988560448457505554e+06
5.337471946355972439e+06
4.944879842841331847e+06
4.989887307657072321e+06
5.357662336622102186e+06
5.299904798330411315e+06
5.143829960360403173e+06
5.350138229532957077e+06
5.204584142974345945e+06
5.262364178862441331e+06
5.260353010812563822e+06
5.157602795741087757e+06
5.196694542026188225e+06
5.315531768876475282e+06
4.993488358677030541e+06
5.158424516226030886e+06
5.260185514396203682e+06
5.040913762304152362e+06
5.290668397891751491e+06
5.274072130636655726e+06
5.247467941128161736e+06
5.314302545170731843e+06
4.840814007807303220e+06
5.347116246362012811e+06
5.255502089872249402e+06
5.146658276539095677e+06
5.327378467418214306e+06
5.097203602867649868e+06
5.336543344112024643e+06
5.050580743444212712e+06
5.062234432667909190e+06
4.965900979278317653e+06
5.122342184077901766e+06
5.292598985097556375e+06
5.226759514884861186e+06
5.308716661951332353e+06
4.942946408909564838e+06
5.294967965068358928e+06
5.338959485767312348e+06
5.195620465818955563e+06
5.287614641118713655e+06
5.264266293787237257e+06
5.365558926321847364e+06
5.035868169141898863e+06
5.358813228157900274e+06
5.262022169680721126e+06
5.353830899484673515e+06
5.182783903692772612e+06
5.184051642836188897e+06
5.345661879943345673e+06
4.960685169551201165e+06
5.361364751907069236e+06
5.129321278371591121e+06
5.329978147013993002e+06
5.250466073117188178e+06
5.183322709281592630e+06
5.039741394229818135e+06
5.063971322580050677e+06
5.225335720270184800e+06
5.298887122736690566e+06
5.227437758309762925e+06
5.285377401008510962e+06
5.365146339503387921e+06
5.120136161683220416e+06
5.264177710978785530e+06
5.306821049050394446e+06
5.371759109739431180e+06
5.364015514663526788e+06
5.301408089713423513e+06
5.270850910620386712e+06
5.343472559426402673e+06
5.355836555051551200e+06
5.093594449678034522e+06
5.364716075027549639e+06
5.275333513036780059e+06
5.362825562639604323e+06
5.236326186488450505e+06
5.350218992893645540e+06
4.946912373014549725e+06
5.258483539488790557e+06
5.311807428330392577e+06
5.236395460401509888e+06
5.290474161306878552e+06
5.064377936321547255e+06
5.221251168224699795e+06
5.235326850607463159e+06
5.354692927669104189e+06
5.308437535748383962e+06
5.066033217845669016e+06
5.286930713432713412e+06
5.182136257393871434e+06
5.057334814022294246e+06
5.227350497709373012e+06
5.184015896197347902e+06
4.969405507441772148e+06
5.140697611691612750e+06
5.151104715800677426e+06
5.335105245741460472e+06
5.303048888828370720e+06
5.161033910126483068e+06
5.045887411404155195e+06
5.132587697951953858e+06
5.306196155922156759e+06
5.181959236132989638e+06
5.059875821539386176e+06
5.334853745128184557e+06
5.350059457604050636e+06
5.373010141386622563e+06
5.327407857026251964e+06
5.147890230743005872e+06
5.258158521773673594e+06
4.999350962722548284e+06
5.072894407108163461e+06
5.264177710978785530e+06
5.178957613341124728e+06
5.102695578594967723e+06
4.891267299583822489e+06
5.294035060958063230e+06
5.316709765662905760e+06
5.360244539581673220e+06
5.140187689994368702e+06
5.114794523622445762e+06
5.350038870478785597e+06
5.188810777185356244e+06
5.279742181376433000e+06
5.355470866591407917e+06
5.359829727222617716e+06
4.987369196532665752e+06
4.995983494153114967e+06
5.143149890147840604e+06
5.089528222279307432e+06
5.069412945191920735e+06
5.190971412670169026e+06
5.260529773589976132e+06
5.255013173776404932e+06
5.093657086857086979e+06
5.350459804739603773e+06
5.363673937172621489e+06
5.366145697303341702e+06
4.930005514493119903e+06
5.065379525298008695e+06
5.254195872437689453e+06
5.359588040218156762e+06
5.188810777185356244e+06
5.232910452037294395e+06
5.363227680119063705e+06
5.222691703167054802e+06
5.362268031863992102e+06
5.226719926970925182e+06
5.324439992855722085e+06
5.305712412799634039e+06
5.374890875648356974e+06
5.324990183666900732e+06
5.250507982659485191e+06
5.257833730864084326e+06
5.248877781429341063e+06
5.184767355170483701e+06
5.211465848900791258e+06
5.319861260478269309e+06
5.072605715779943392e+06
5.360532755342623219e+06
5.158919805542814545e+06
5.205621486994815990e+06
5.134191215817361139e+06
5.133153967639138922e+06
5.300600701468763873e+06
5.325398032122850418e+06
5.310442998948241584e+06
5.331424280638852157e+06
5.151853458275904879e+06
5.196290379063997418e+06
5.117910109515935183e+06
5.158170126170461066e+06
5.053995445555514656e+06
5.254231276249363087e+06
5.373434543473523110e+06
5.162687430398034863e+06
5.303661868959952146e+06
5.170191447689147666e+06
5.323992256654272787e+06
4.915072421760773286e+06
5.363318232118290849e+06
5.328762755575484596e+06
5.370624415860765614e+06
5.365937504768978804e+06
5.372237124934852123e+06
5.186609721542138606e+06
5.024450013288976625e+06
5.035076341362138279e+06
5.317624798998525366e+06
4.892566349152822979e+06
5.148822605580817908e+06
5.229027809909785166e+06
5.349934169208761305e+06
5.308437535748383962e+06
5.248877781429341063e+06
5.373082345938572660e+06
5.185154079918743111e+06
5.320747439693287946e+06
5.173775506312977523e+06
5.192878050757547840e+06
5.314980446983308531e+06
5.357260997299017385e+06
5.064377936321547255e+06
5.179482735725416802e+06
5.257440393324840814e+06
4.976211350943268277e+06
5.256851502735104412e+06
5.373755219950133003e+06
4.842979820963525213e+06
4.932209276513272896e+06
5.181839754062089138e+06
4.988623255561762489e+06
5.004438708856448531e+06
5.114765852717455477e+06
5.329434738364535384e+06
5.361796019258588552e+06
5.339267143732981756e+06
5.335099850680842996e+06
5.350643731377696618e+06
5.347270122919316404e+06
5.375564683468154632e+06
5.082182792462313548e+06
5.200242548494738527e+06
5.170902561818163842e+06
5.127763557155122980e+06
5.225989851157858968e+06
5.209408844277887605e+06
5.181480704533403739e+06
5.257862559683637694e+06
5.289035029021208175e+06
5.370968420358575881e+06
5.313320256350172684e+06
5.329340106962624937e+06
5.261881227009529248e+06
5.249222700165308081e+06
4.998783954914719798e+06
5.344121063135867007e+06
5.351257061154080555e+06
5.369580638939620927e+06
5.334508835789782926e+06
5.366588947252318263e+06
5.340543218174044043e+06
5.198820972234136425e+06
5.365637620217564516e+06
4.986876870796157978e+06
5.322952334488843568e+06
5.213639974293085746e+06
5.227477109407346696e+06
5.249412623366852291e+06
5.196416083425026387e+06
5.360913047705603763e+06
5.275548097305026837e+06
5.048316147904028185e+06
5.310442998948241584e+06
5.188810777185356244e+06
5.341220651260290295e+06
4.986493534088733606e+06
5.356453585952616297e+06
5.278748541382880881e+06
5.062820443896885030e+06
5.213800057551436126e+06
5.302087702131447382e+06
5.137195633077647537e+06
5.183921928868484683e+06
5.160679938470875844e+06
5.349457620830139145e+06
5.354401390642800368e+06
4.982867224188486114e+06
5.347118091373994015e+06
5.320144734906669706e+06
5.099043336087420583e+06
5.212201053389636800e+06
5.312027065825004131e+06
5.198593675617750734e+06
5.301085195097398944e+06
5.249749224998676218e+06
5.340023399621154182e+06
5.318883882237625308e+06
5.234695520294979215e+06
5.233955762955622748e+06
4.709944342588568106e+06
5.303652227199148387e+06
5.308270003711487167e+06
5.156634653412542306e+06
5.311096704221566208e+06
5.050510869045916013e+06
5.353745030859687366e+06
5.363937361294900067e+06
5.270291103458007798e+06
5.345630423174669966e+06
5.094092313708963804e+06
5.288517814337873831e+06
5.307477148099265061e+06
5.355113659069605172e+06
5.216463114648752846e+06
5.302787016667411663e+06
5.276715417719152756e+06
5.333161069308048114e+06
5.234058798835181631e+06
5.309033278161461465e+06
5.209080539467692375e+06
5.303986897945092991e+06
5.171824496547009796e+06
5.131832703236818314e+06
4.981187529326735064e+06
5.293102131138381548e+06
5.102839326747978106e+06
5.205778288840268739e+06
5.310659051122436300e+06
5.361990268173497170e+06
5.339974060535592027e+06
5.212293555706669576e+06
5.345057856519537978e+06
5.282710577880241908e+06
5.160457336009046994e+06
4.998744401553485543e+06
5.331077171074518934e+06
5.211465848900791258e+06
5.338535838470611721e+06
5.288698481179142371e+06
5.227366288524209522e+06
5.353225534532800317e+06
5.233389234439496882e+06
5.283430560792947188e+06
5.321054443309860304e+06
5.324022573102671653e+06
5.212248252341184765e+06
5.200546127743664198e+06
5.111503660623184405e+06
5.168870077293082140e+06
5.263987699247874320e+06
5.242144352837926708e+06
4.940775069204492494e+06
4.992612166077008471e+06
5.291470762527249753e+06
5.248793774620350450e+06
5.132166625525158830e+06
5.357722658727821894e+06
5.202656326647631824e+06
5.215321976680576801e+06
5.258483539488790557e+06
5.231554628228990361e+06
5.220215844973988831e+06
5.367583996573348530e+06
5.100310903579690494e+06
5.105708986528572626e+06
4.980326674997966737e+06
5.291520469153873622e+06
5.374790313250867650e+06
5.202333137325630523e+06
5.192928752215364948e+06
5.364549027914901264e+06
5.322965585943924263e+06
5.320747940715850331e+06
5.208113893714766018e+06
5.253814039211789146e+06
5.305393400587180629e+06
5.327948418774647638e+06
5.182299207485438325e+06
5.332384723321770318e+06
5.198107832470503636e+06
5.123779513932494447e+06
4.962097741128815338e+06
5.137257374734992161e+06
5.345544170233382843e+06
5.337340059412254952e+06
5.138982538303985260e+06
5.305348107405704446e+06
5.144629963517255150e+06
5.114464177603946999e+06
5.171543330010094680e+06
5.179405518002027646e+06
5.238934996480165049e+06
5.347350817592903972e+06
5.075675348682329990e+06
5.294210257364811376e+06
5.296312161735200323e+06
5.201468684916452505e+06
5.295309231368688866e+06
5.341270592341959476e+06
5.281456212281914428e+06
5.184799573909210972e+06
5.078644024056919850e+06
5.326715627785499208e+06
5.351870455580271780e+06
5.341049710614713840e+06
5.297855099436819553e+06
5.333727885386617854e+06
5.080073328784668818e+06
5.220257680648425594e+06
5.181730729061145335e+06
5.335801954324421473e+06
5.143897111062175594e+06
4.901192217262608930e+06
5.364612268276661634e+06
5.002987056654716842e+06
5.322807570102770813e+06
5.365748539054050110e+06
5.115889302177552134e+06
5.200000648587107658e+06
4.986267410462972708e+06
5.250163242312890477e+06
5.265395777734678239e+06
4.908201569225358777e+06
5.195053624254222959e+06
5.264395902622530237e+06
5.248492435315434821e+06
5.123805000549325719e+06
5.096604063274741173e+06
4.894430706033137627e+06
5.375048178758189082e+06
5.137260434408769943e+06
5.008648941711792722e+06
5.336345399402002804e+06
5.076168156385217793e+06
4.747144411468726583e+06
5.273817070714319125e+06
5.184319013715772890e+06
5.293287722113808617e+06
5.301084346554866061e+06
5.107849146108542569e+06
5.242146168320158496e+06
5.362211876083534211e+06
5.361661596562854014e+06
5.118864274887444451e+06
5.282896870714950375e+06
5.052431140086378902e+06
5.226760804989381693e+06
5.280855844875022769e+06
5.022366127607016824e+06
5.369709252648687921e+06
5.049193311331879348e+06
5.027090980193859898e+06
5.197605727067954838e+06
5.244058760971853510e+06
5.099165138754609972e+06
5.332887320836862549e+06
5.278352973958134651e+06
5.294065508177140728e+06
5.320218006706781685e+06
5.336402742632128298e+06
5.371873495589809492e+06
5.221812650602692738e+06
5.233714671019631438e+06
5.273087209626652300e+06
5.370986343410814181e+06
5.360922845377911814e+06
5.279779271695846692e+06
5.203185614833433181e+06
5.275695971407611854e+06
5.109134078221759759e+06
5.163633272377686575e+06
5.339810381296620704e+06
5.293312218159640208e+06
5.298514693021690473e+06
5.005498256230040453e+06
5.307933382650194690e+06
5.357161116623664275e+06
5.332651032100016251e+06
5.057334814022294246e+06
5.190092737234904431e+06
4.945508628757501021e+06
5.328204261216934770e+06
4.993488358677030541e+06
5.129643081569176167e+06
4.971812283807236701e+06
5.223892022470779717e+06
5.284829168660699390e+06
5.114124476342520677e+06
5.314584547584409826e+06
5.366203535049846396e+06
5.369612623292766511e+06
5.021892917105431668e+06
5.359061591147858649e+06
5.363113908890821040e+06
5.313873777151180431e+06
5.332087429399556480e+06
5.202333137325630523e+06
5.287900724971893243e+06
5.130673377667892724e+06
5.001147909592259675e+06
5.195311591395559721e+06
5.350553840351551771e+06
5.355281539852500893e+06
5.087970581954974681e+06
5.055770608222544193e+06
5.264387689678096212e+06
5.316803628319846466e+06
5.374141173258032650e+06
5.017560774986701086e+06
5.325626447835635394e+06
5.361786688836114481e+06
5.363868930957690813e+06
5.002782183925402351e+06
5.002470383259790950e+06
4.901210431625055149e+06
5.071696322076961398e+06
5.279286564247502014e+06
4.881239105077192187e+06
5.065122565234174952e+06
5.348623885601044632e+06
5.171192430710231885e+06
5.290631140259440988e+06
5.320747940715850331e+06
5.162208669772988185e+06
5.310442998948241584e+06
5.306728912275521085e+06
5.331888313611092046e+06
5.140474756835376844e+06
5.341435140065088868e+06
5.364579094028197229e+06
5.022118019826990552e+06
5.160457336009046994e+06
5.263553502043318935e+06
5.349518852446490899e+06
5.179574688964062370e+06
5.290807047750391997e+06
5.048016715909532271e+06
5.048265291595354676e+06
5.221691334698189050e+06
5.154340704061646014e+06
5.366717541608264670e+06
5.171823329380375333e+06
5.346934748160621151e+06
5.371399963836472481e+06
5.182232191124296747e+06
5.350291665014319122e+06
5.329897902694836259e+06
5.275695971407611854e+06
4.987337650041625835e+06
5.278352973958134651e+06
5.071079827339683659e+06
5.295410026390307583e+06
4.907326304514917545e+06
5.355154059962944128e+06
4.917253074381642044e+06
5.295430765181360766e+06
5.102387472074089572e+06
5.137260434408769943e+06
5.116900911234518513e+06
5.017370451060010120e+06
5.278138593456589617e+06
5.295410026390307583e+06
5.354320546177350916e+06
5.245033186820700765e+06
5.331888313611092046e+06
5.160040612840817310e+06
5.312704305828811601e+06
5.247333277764364146e+06
5.314784330616177060e+06
5.347270122919316404e+06
5.344917621322168037e+06
5.367003197876710445e+06
5.339465742664832622e+06
5.160457336009046994e+06
5.136405209005954675e+06
5.373926147344470024e+06
5.310266137782911770e+06
5.295303529869273305e+06
5.006804808376657777e+06
5.310642101406889036e+06
5.089040153056330048e+06
5.358778203225448728e+06
5.179994693470430560e+06
5.245033186820700765e+06
5.188810777185356244e+06
5.304600487130869180e+06
5.034535344155919738e+06
4.861170415795011446e+06
5.175018268131500110e+06
5.262649701970282942e+06
5.340858308048691601e+06
5.366397420499559492e+06
5.268936736328189261e+06
5.187863813669125549e+06
5.359521384999878705e+06
5.325810006706360728e+06
5.277505499094922096e+06
5.003506297382398508e+06
5.243166599176181480e+06
5.027607348632112145e+06
5.116550880533321761e+06
4.948785193324636668e+06
5.196891349549664184e+06
5.048316147904028185e+06
5.106186267024908215e+06
4.538810367559798993e+06
5.318069903492966667e+06
5.305614823367532343e+06
5.333506208002794534e+06
5.297961589480271563e+06
5.245771836950819939e+06
5.114765852717455477e+06
5.353510359000697732e+06
5.145178726781850681e+06
5.022118019826990552e+06
5.083979411690632813e+06
5.032682286000403576e+06
5.324537812120340765e+06
5.367349875639147125e+06
5.375557144646262750e+06
5.086245298232564703e+06
5.364831777427667752e+06
5.332623229424137622e+06
5.361094099563280120e+06
5.323496325429425575e+06
5.362913794465494342e+06
5.022010594590969384e+06
5.140700565918656997e+06
5.278352973958134651e+06
5.304804018253168091e+06
5.367720320061154664e+06
5.275994726991405711e+06
5.344809822889275849e+06
5.334119758378666826e+06
5.298611635064696893e+06
5.304685807577792555e+06
5.076800627896366641e+06
5.364306577480148524e+06
5.359237614330330864e+06
5.344953248786279000e+06
5.125387046208616346e+06
5.134191215817361139e+06
5.256648135554389097e+06
5.062565495195021853e+06
5.223477627357353456e+06
5.080672338560970500e+06
5.245170326888164505e+06
5.164200303271356970e+06
5.230363021409884095e+06
5.148683360445789993e+06
4.899741066009304486e+06
5.364143068178688176e+06
4.930080732370065525e+06
5.141562991180840880e+06
5.120069544107356109e+06
5.335004362698235549e+06
5.105034187445869669e+06
5.158227105919606052e+06
5.229274807580077089e+06
5.275660921131622046e+06
4.800356399959115312e+06
5.332284004363440908e+06
5.215013716583158821e+06
5.265320514860341325e+06
5.074850460317501798e+06
5.182783903692772612e+06
5.145178726781850681e+06
5.161664714146102779e+06
5.307933382650194690e+06
5.218112514206994325e+06
5.088966614620903507e+06
5.329775624518115073e+06
5.370955961711749434e+06
5.349822680816233158e+06
5.144210601274526678e+06
5.288229223187419586e+06
5.325798421932421625e+06
4.944684268674257211e+06
5.073080381981894374e+06
5.301209462381678633e+06
5.262983023481264710e+06
5.258559474047210999e+06
5.251427582139912061e+06
5.338129929314721376e+06
5.263770927495327778e+06
4.779219104901641607e+06
5.068496785548536107e+06
5.329434738364535384e+06
5.339339459199942648e+06
5.278556219339129515e+06
5.008022008782951161e+06
5.136002525344157591e+06
5.233065708406001329e+06
4.968303691077046096e+06
5.351360900248161517e+06
5.303214459197132848e+06
4.997630405578790233e+06
5.295142919312932529e+06
5.222910522328736261e+06
5.260008571306846105e+06
5.366846864326201379e+06
5.318581890154466964e+06
5.200479570633662865e+06
5.345220403674148023e+06
5.065792808817430399e+06
5.016375047854390927e+06
5.241824805596586317e+06
5.215321976680576801e+06
5.036727795344766229e+06
5.161865406398914754e+06
5.250334707617672160e+06
5.307325670776829123e+06
5.331522130070238374e+06
4.999753852517401800e+06
4.794879389926709235e+06
5.292281031677340157e+06
5.188470043071329594e+06
5.049537995497668162e+06
5.289791386716248468e+06
5.039461899263584986e+06
5.082259870348582044e+06
5.358815891858553514e+06
5.125693532345062122e+06
5.216944072849159129e+06
5.252607362646151334e+06
5.337433976776755415e+06
5.279729900873323902e+06
5.367150273162688129e+06
5.103527370026078075e+06
5.021597558959526941e+06
4.983144650885064155e+06
5.258642236059874296e+06
5.108672827667535283e+06
5.360212652647500858e+06
5.234533013166831806e+06
5.257818543253691867e+06
5.096886761849624105e+06
5.290102864114195108e+06
5.250165746444248594e+06
5.109248494691364467e+06
5.041476908688529395e+06
5.041236737113254145e+06
5.088547610253208317e+06
5.246249873802486807e+06
5.353924838761073537e+06
5.209729373242717236e+06
5.320376100132024847e+06
5.285690932383306324e+06
5.330769956777039915e+06
5.372748249086115509e+06
5.349379046022652648e+06
4.918133970473985188e+06
5.354681528910778463e+06
4.870495373066381551e+06
5.237580915009115823e+06
5.238247765408664010e+06
4.770184064998512156e+06
5.015481133202525787e+06
5.114113490592488088e+06
5.339218704648354091e+06
5.329897902694836259e+06
5.041422207262479700e+06
5.358813228157900274e+06
5.369139444695387036e+06
5.187312251501046121e+06
5.293389337694395334e+06
5.250465325853549875e+06
5.355078874609427527e+06
5.160443075470505282e+06
5.366658162877983414e+06
5.301032016983989626e+06
5.129749640449443832e+06
5.329013323920985684e+06
5.319901615166520700e+06
5.286571854343350977e+06
5.156405006325662136e+06
5.338128832059822045e+06
5.149298912870893255e+06
5.126483083975615911e+06
5.232973148969766684e+06
5.159788295459505171e+06
5.248475254800914787e+06
5.373115479746877216e+06
4.987445215042869560e+06
5.274787578233291395e+06
5.348563947755203582e+06
5.037801326816160232e+06
5.298558547657312825e+06
5.053492309779283591e+06
4.983357459041929804e+06
5.125564761418090202e+06
5.159504249970501289e+06
5.332284004363440908e+06
5.364323274180958979e+06
5.346343905182646587e+06
5.308604958459415473e+06
5.332415033343844116e+06
5.280191641220498830e+06
5.252762275977780111e+06
5.080153398815236986e+06
4.935356586542579345e+06
5.221584387574085966e+06
5.342969971258538775e+06
5.372755713517890312e+06
5.350543854059982114e+06
5.333794221024616621e+06
5.145444944795484655e+06
5.326715627785499208e+06
5.283323719188421965e+06
5.328503629742312245e+06
5.311846777768754400e+06
