3.467722214693822898e+06
3.490021385654695332e+06
3.511633614903196692e+06
3.506853666322912090e+06
3.510530521466271020e+06
3.494160260905881412e+06
3.481437908177113626e+06
3.482396760343548842e+06
3.513412389627779368e+06
3.496772745367579162e+06
3.473996903283827938e+06
3.480066458395481575e+06
3.511325654360595159e+06
3.504559755464954767e+06
3.509650784193168860e+06
3.499420856271550525e+06
3.508815414383736439e+06
3.514390710058396216e+06
3.489765965157101862e+06
3.502537466646867339e+06
3.496182566922785714e+06
3.512199345330346376e+06
3.484702720153676346e+06
3.490219656096356455e+06
3.505142486127020326e+06
3.483545653875702992e+06
3.497324109427309595e+06
3.502469198133363388e+06
3.493633323020885698e+06
3.493394786698653828e+06
3.512132495491308626e+06
3.497965666710556485e+06
3.498138391719953157e+06
3.508534154037146829e+06
3.482710540521867573e+06
3.507493257157050073e+06
3.508311704997097142e+06
3.514251022449790500e+06
3.506191723824359942e+06
3.494860605518754572e+06
3.467722214693822898e+06
3.485037666435209569e+06
3.497287904046034906e+06
3.487859183614742476e+06
3.513083782563808374e+06
3.502001549192063045e+06
3.512586036489595659e+06
3.513620814270926174e+06
3.512477031801758800e+06
3.494565692189508583e+06
3.507190262144695036e+06
3.491748907535715494e+06
3.504383974387849681e+06
3.483850009180529043e+06
3.509108353980642743e+06
3.508093664758129045e+06
3.491927806292515248e+06
3.478837841049966868e+06
3.503494316253984813e+06
3.481430502045442350e+06
3.504045108490013517e+06
3.497660640234631952e+06
3.493473058781584725e+06
3.507480662823713850e+06
3.501041601019719150e+06
3.511032539236415178e+06
3.492484255621635355e+06
3.513123514090866782e+06
3.508204802726759575e+06
3.507115556362401694e+06
3.498831400970499031e+06
3.512764305631044786e+06
3.498976777907077689e+06
3.513381610329243354e+06
3.502047601595728658e+06
3.514111461519925855e+06
3.513051289436310530e+06
3.506736339228082914e+06
3.498140970102386083e+06
3.504861673819155432e+06
3.487461952862046659e+06
3.509816551572923549e+06
3.481117189649074338e+06
3.493051873707444873e+06
3.503672870289348532e+06
3.504276766037808731e+06
3.506565526108092628e+06
3.503967338899615221e+06
3.481240217456577346e+06
3.498171654554261360e+06
3.506706746705338359e+06
3.492753953805812169e+06
3.505269527784597594e+06
3.512253258362164255e+06
3.479980044120071456e+06
3.503984958444709424e+06
3.488398001782703679e+06
3.500792852348602843e+06
3.501894010012776591e+06
3.511032539236415178e+06
3.508016884430871345e+06
3.495370280314237811e+06
3.487283183980249334e+06
3.513367402439133264e+06
3.514181525738900062e+06
3.498885908539085649e+06
3.502024046528415754e+06
3.506165302863797639e+06
3.504507623476270121e+06
3.507391683310610242e+06
3.513778512266038917e+06
3.480920610422661994e+06
3.509816551572923549e+06
3.508919655424639583e+06
3.507219157310560346e+06
3.509042738125649281e+06
3.511072667001864407e+06
3.498400575506364461e+06
3.507196755776594393e+06
3.504891694558526389e+06
3.500686878825867083e+06
3.478252323142653797e+06
3.493032295084548183e+06
3.504822299823483918e+06
3.506711710928847548e+06
3.499120542603561655e+06
3.484330521364759188e+06
3.484149239635145292e+06
3.503463380265822634e+06
3.510645017343756743e+06
3.499431580073244404e+06
3.483798816896017175e+06
3.494479664814099204e+06
3.508098859800294507e+06
3.506896570076099597e+06
3.514346589851358905e+06
3.509089010243288241e+06
3.512646443488162942e+06
3.482039680831894744e+06
3.503630196178312879e+06
3.501194057091350667e+06
3.504203459594506770e+06
3.489010665698236320e+06
3.504174012329829857e+06
3.485632418842581566e+06
3.510530521466271020e+06
3.508312056412669830e+06
3.498077404332458507e+06
3.510114960304702632e+06
3.484187701304020360e+06
3.503964173991347663e+06
3.494959102974489331e+06
3.510729368005854078e+06
3.473021583832144272e+06
3.479649580275841057e+06
3.506846722775264643e+06
3.478928198596399277e+06
3.479359518560865428e+06
3.509548442136630882e+06
3.510410253152316436e+06
3.506061245446621440e+06
3.513573870891073719e+06
3.507225750383737963e+06
3.492929201961267740e+06
3.514224599219372030e+06
3.468975218824823387e+06
3.506819393668068573e+06
3.490715827522632200e+06
3.485190621754657477e+06
3.501661778522001579e+06
3.507808860074003227e+06
3.499453847598881461e+06
3.510080385849553626e+06
3.509083726916374639e+06
3.507379002431679051e+06
3.511528897275985684e+06
3.512253296460584737e+06
3.496541611315818503e+06
3.464713731818774715e+06
3.504599579446092248e+06
3.504930163733596448e+06
3.493421304765634239e+06
3.504909763376005925e+06
3.495017696247656830e+06
3.506857532731355634e+06
3.486951000917429104e+06
3.498794454799712636e+06
3.472242067640227731e+06
3.500483511918055359e+06
3.507674743997718208e+06
3.495327508746641688e+06
3.493019468888985459e+06
3.500501192551601212e+06
3.508965733091137372e+06
3.501146452692527324e+06
3.507346052659089677e+06
3.504039399496989325e+06
3.512007219476280268e+06
3.512559479484012350e+06
3.511879390677291900e+06
3.494544663371734787e+06
3.501121942745427135e+06
3.507812916464534122e+06
3.514091848767000251e+06
3.493353494294659700e+06
3.513461032060065772e+06
3.512789205941988621e+06
3.509756199233962223e+06
3.506123144199818838e+06
3.499514106148181017e+06
3.491541262818152085e+06
3.510812913445013110e+06
3.514205600542029366e+06
3.489857739398553502e+06
3.493167375854522455e+06
3.507696845837906003e+06
3.471969447681117803e+06
3.511100349447633140e+06
3.495646216441635508e+06
3.512432570189410821e+06
3.508550072719513904e+06
3.514281588749160059e+06
3.504585498759758659e+06
3.514413258128902875e+06
3.473954133354293182e+06
3.493681362564599141e+06
3.496800368802180514e+06
3.513539210836259183e+06
3.505890675245448947e+06
3.513022777522713877e+06
3.510034663954435848e+06
3.513137956241744570e+06
3.506384008551297709e+06
3.512778227230940480e+06
3.505213722502595279e+06
3.505298472291274928e+06
3.508721069347464014e+06
3.511631970926174428e+06
3.494475097261721734e+06
3.513046838964675087e+06
3.513897206630856730e+06
3.500624273834588937e+06
3.511499019322426058e+06
3.507121405281895306e+06
3.507885808353410102e+06
3.509786603618778754e+06
3.498687533844775520e+06
3.504890330658318941e+06
3.513484084851061925e+06
3.510418669518158771e+06
3.495047549687061924e+06
3.508958560105122626e+06
3.501977638237359468e+06
3.499275754435698967e+06
3.513236705454057548e+06
3.491966351225713268e+06
3.502002175365814008e+06
3.503123587265329435e+06
3.494400803000410087e+06
3.480562287231628317e+06
3.509382412350374274e+06
3.513810952237986494e+06
3.504288862396025099e+06
3.511915842994198669e+06
3.508992714633043855e+06
3.504975140553272329e+06
3.502378827756480314e+06
3.513403930607181974e+06
3.488964180230977945e+06
3.499082771214862354e+06
3.504404351730599999e+06
3.493032295084548183e+06
3.489994664316139650e+06
3.493907565493041649e+06
3.495446370078543201e+06
3.499755026709495112e+06
3.486612784941090271e+06
3.490108246970583685e+06
3.511878416892682668e+06
3.509517369301498868e+06
3.494437220888739452e+06
3.514255150087291375e+06
3.494135805223066825e+06
3.511323694875777233e+06
3.479496398792108521e+06
3.499755026709495112e+06
3.505107064546898007e+06
3.490245050325328019e+06
3.513476421642801724e+06
3.510937920419020578e+06
3.482899951021148823e+06
3.476189663556593005e+06
3.504538242894931231e+06
3.504544724372960627e+06
3.507751229675537907e+06
3.502568188489445020e+06
3.502480551653358620e+06
3.496547251276346389e+06
3.488878388938038144e+06
3.482475469466574956e+06
3.510833078430594411e+06
3.481928685187627096e+06
3.500510178442378528e+06
3.511037534962104633e+06
3.510544458529025316e+06
3.503430096237042919e+06
3.504800438617600128e+06
3.507892307287073694e+06
3.502365335726890713e+06
3.508607267492746934e+06
3.507011901474263519e+06
3.490905713263439946e+06
3.493617639593544882e+06
3.497458259420594200e+06
3.496855268309332430e+06
3.509101771144845523e+06
3.506093535642350558e+06
3.509444442887263373e+06
3.504364879113232717e+06
3.513698985790015198e+06
3.489832760632033460e+06
3.483447447599458043e+06
3.489717054915979970e+06
3.503696149502744898e+06
3.498088727747243829e+06
3.510700331192701589e+06
3.511285392643359024e+06
3.497970266904924065e+06
3.499813943010864314e+06
3.502514882668205071e+06
3.470484040227828547e+06
3.491436680141577963e+06
3.504068780370970722e+06
3.475625777492118999e+06
3.509122054658576846e+06
3.507708935827773530e+06
3.484895383609600365e+06
3.514139208622606937e+06
3.483033124762682244e+06
3.497740151807460934e+06
3.485921862013188191e+06
3.508322526188489515e+06
3.505420155087436549e+06
3.508008549590020441e+06
3.488351867423489224e+06
3.513700328451629728e+06
3.492032655271752737e+06
3.493602168782704975e+06
3.494917167244813871e+06
3.490148605627031066e+06
3.480386431868916377e+06
3.509428255345149431e+06
3.511206660023133736e+06
3.492918429555737413e+06
3.508285963246929459e+06
3.503693104181408882e+06
3.487277579765840434e+06
3.499452223212189041e+06
3.489148273557789624e+06
3.512887421721545048e+06
3.499090213864577003e+06
3.506964252799963113e+06
3.493663683528959285e+06
3.511401557045884430e+06
3.503457107312134001e+06
3.513772768864853773e+06
3.512359716645085718e+06
3.505780289701299276e+06
3.509081743252772838e+06
3.509193605843321886e+06
3.507908902972739190e+06
3.496347455817353912e+06
3.504851132494001184e+06
3.509098207376462407e+06
3.513570136114115827e+06
3.486703582905913703e+06
3.501950521389100235e+06
3.501385259837994352e+06
3.493211426911345683e+06
3.511456463650127873e+06
3.500224370774807408e+06
3.503780503111153375e+06
3.504036983061975800e+06
3.505256831439688336e+06
3.502886424496404827e+06
3.511788276780755725e+06
3.488400539781877771e+06
3.477331634641080163e+06
3.512863909669950604e+06
3.504923730978587177e+06
3.505139957062860485e+06
3.493032295084548183e+06
3.506733845808085985e+06
3.506492250064230990e+06
3.514217970722413156e+06
3.510598785519868135e+06
3.512721514025420882e+06
3.513581922200105619e+06
3.504617675421561580e+06
3.507284569833056070e+06
3.500718001475675497e+06
3.481937139209364541e+06
3.506133900963225402e+06
3.483693914242290892e+06
3.511145591833422892e+06
3.509181911266121548e+06
3.505667222271640319e+06
3.495550129799111746e+06
3.501824414816075936e+06
3.498201429202454630e+06
3.497338867520114407e+06
3.511439185539589263e+06
3.505843658397695515e+06
3.492988727254685014e+06
3.478149822423775215e+06
3.512102540742767975e+06
3.512508984997995198e+06
3.495347135150963906e+06
3.511784273340900894e+06
3.500338214159103576e+06
3.494754184375748970e+06
3.495423748715884984e+06
3.501225337767808698e+06
3.506264176475905348e+06
3.487481119291030336e+06
3.509082118187078740e+06
3.504452649167451076e+06
3.514320268716543913e+06
3.512833103802668862e+06
3.489897387440509629e+06
3.503829612208242528e+06
3.499629922826814931e+06
3.505245094887738582e+06
3.499866854075227398e+06
3.510673029040792957e+06
3.503935814251489472e+06
3.510945573227361776e+06
3.512228453970916569e+06
3.514221886871619150e+06
3.499744307721616700e+06
3.490906859432419762e+06
3.448036222269013990e+06
3.510752749718578067e+06
3.514029879735492170e+06
3.513143502438986208e+06
3.486618251814078074e+06
3.505026305966117419e+06
3.513747364748668857e+06
3.507007668433271348e+06
3.508368161877463106e+06
3.492091924489081837e+06
3.506273595301047433e+06
3.514184822941956110e+06
3.505247759754521772e+06
3.499126266469381284e+06
3.512388440841908567e+06
3.484454756164795253e+06
3.499308283107190393e+06
3.503468055515897926e+06
3.503423312648152933e+06
3.507355577682913747e+06
3.493518353430662770e+06
3.507429216127398890e+06
3.506904611570171546e+06
3.507608916058446281e+06
3.511435542087688576e+06
3.501398166015759110e+06
3.506629763674207032e+06
3.503534225534405559e+06
3.501187040462281555e+06
3.488525701760130003e+06
3.488409920617745258e+06
3.488909424835423939e+06
3.503882236752155703e+06
3.505724635523811448e+06
3.509291908528765664e+06
3.500656813565373421e+06
3.494763327868395485e+06
3.504817175564808771e+06
3.497872785516954027e+06
3.492925474133198150e+06
3.507424718406924978e+06
3.513810952237986494e+06
3.479180331354604103e+06
3.512170353766220622e+06
3.502774998041494749e+06
3.513470064313608687e+06
3.490048812253644224e+06
3.507906947905631270e+06
3.498581167669884395e+06
3.511765961314261425e+06
3.507466204481513239e+06
3.512386928234419320e+06
3.504780615820182487e+06
3.508149670869471505e+06
3.505339173720948398e+06
3.510686074695348274e+06
3.484022217611041851e+06
3.508470713622357696e+06
3.509121187482812908e+06
3.481893545534339733e+06
3.509924024251489900e+06
3.496236890113689937e+06
3.514245172931164503e+06
3.513194325709430035e+06
3.495196982295684516e+06
3.510407547540439758e+06
3.506430136550989468e+06
3.506065085855354089e+06
3.508518591195087414e+06
3.511473446655928157e+06
3.507499895421231631e+06
3.513940582665627822e+06
3.489010665698236320e+06
3.511118866125965491e+06
3.493911686562289484e+06
3.480571985363403335e+06
3.505253671521430835e+06
3.509912712723316159e+06
3.506410217004038393e+06
3.512068862939094193e+06
3.512228453970916569e+06
3.494846046683938242e+06
3.495755448516151868e+06
3.493745878784864210e+06
3.508517639638774097e+06
3.495317359542729333e+06
3.493762532651006710e+06
3.466636458627888933e+06
3.508104138938782737e+06
3.512160851703884080e+06
3.473996903283827938e+06
3.501398166015759110e+06
3.509282739176524803e+06
3.509966562593006995e+06
3.485403492205815390e+06
3.490313875780166592e+06
3.485448797149679624e+06
3.488366973958909512e+06
3.512753914314237889e+06
3.478425773960147984e+06
3.502363917894363869e+06
3.471560482484501787e+06
3.508363133561539464e+06
3.493166470100142527e+06
3.487528956718610600e+06
3.481003530552237760e+06
3.506299798711564392e+06
3.511097727611556649e+06
3.504490918647978455e+06
3.504593396621322725e+06
3.505174162734615617e+06
3.511299440137126017e+06
3.508070665847961791e+06
3.494610942447704263e+06
3.513287399225368630e+06
3.502343736838170327e+06
3.475239812067998108e+06
3.503951526985461824e+06
3.503883732538903598e+06
3.470634687150231097e+06
3.511473056472997647e+06
3.487317901152414735e+06
3.514072071380666923e+06
3.485374646996386349e+06
3.509248639070345089e+06
3.510359092441983987e+06
3.492004014966588467e+06
3.497676027578199282e+06
3.488406536681542639e+06
3.496761895668565761e+06
3.473167067761414684e+06
3.477440225368739106e+06
3.491987061923606321e+06
3.513188461466883309e+06
3.504001173203811049e+06
3.503817151210901327e+06
3.504667442083199974e+06
3.502613651085489430e+06
3.511807518749152310e+06
3.508866971258495934e+06
3.488743839684894308e+06
3.511833979130401276e+06
3.503645540797243826e+06
3.513282561845185701e+06
3.490745819688482676e+06
3.511364291292813141e+06
3.509397754389217123e+06
3.510186717556073330e+06
3.513048788984573912e+06
3.490613793755738996e+06
3.489125728372896090e+06
3.502494357271132059e+06
3.511206660023133736e+06
3.456674370563311502e+06
3.490783706413063686e+06
3.513695448254700750e+06
3.478016532017383259e+06
3.503933491191901267e+06
3.511058494768017903e+06
3.479160932490466163e+06
3.504874371925547719e+06
3.497795822677894495e+06
3.487375791239586193e+06
3.513261731190602295e+06
3.494759377735189628e+06
3.482360033412512392e+06
3.513479680147549137e+06
3.512499374561570119e+06
3.504005450528377667e+06
3.513949153847511858e+06
3.503717200827398337e+06
3.513634091924235690e+06
3.514143111927461345e+06
3.504174012329829857e+06
3.483829999329885002e+06
3.490247818560044281e+06
3.504715062460712157e+06
3.502639043346242979e+06
3.505489564652875531e+06
3.510196827305130661e+06
3.498513883821375668e+06
3.504370803324353416e+06
3.501478483568184078e+06
3.508104138938782737e+06
3.500539023557970766e+06
3.511060137651642784e+06
3.497324891075800173e+06
3.502157136495082639e+06
3.495246454338656738e+06
3.505365627677301876e+06
3.508000413411820307e+06
3.510876666798813734e+06
3.512003978522925172e+06
3.499291523014133796e+06
3.481293367674147245e+06
3.511137203905197792e+06
3.503417180777834728e+06
3.499636111700426321e+06
3.514308415927117225e+06
3.511780983837432228e+06
3.507660486074660905e+06
3.513204812280144077e+06
3.487498686112127267e+06
3.506133717564246617e+06
3.509570337658915669e+06
3.511719420196448453e+06
3.499482152532919310e+06
3.502881693596224766e+06
3.489984197858201340e+06
3.493317363681691699e+06
3.503806765921350569e+06
3.508479014393901452e+06
3.508577877422089688e+06
3.504311396170758642e+06
3.462297830341216177e+06
3.484889382323089056e+06
3.514420753906067926e+06
3.493565979461843614e+06
3.510286701852999628e+06
3.508322526188489515e+06
3.511569220245948527e+06
3.492013180207225028e+06
3.509831526680001058e+06
3.472203489828920923e+06
3.495422301416890696e+06
3.504811049865213223e+06
3.498499831723235082e+06
3.494293069231771864e+06
3.509844210059292614e+06
3.496160948793726508e+06
3.508477218880357221e+06
3.498802582645100541e+06
3.489574911067970097e+06
3.476761904850090388e+06
3.510957537996236235e+06
3.488358113949754741e+06
3.480891957948093303e+06
3.503246665086718276e+06
3.480536198765813839e+06
3.512960145352906547e+06
3.492867470620214008e+06
3.498083374989732634e+06
3.512478086177449673e+06
3.511816385007898323e+06
3.495667401087877341e+06
3.510489420416357927e+06
3.514315573518524878e+06
3.476161323045115918e+06
3.504569551011754200e+06
3.482186267330072355e+06
3.512068862939094193e+06
3.505215133939723484e+06
3.501189453486259095e+06
3.512706403976388276e+06
3.510361191123075318e+06
3.513361876217897516e+06
3.511263714412152302e+06
3.513294807210529689e+06
3.511184665405436885e+06
3.490590597415507305e+06
3.471491511719475966e+06
3.504628423343220726e+06
3.502098072220347822e+06
3.512413295363895595e+06
3.497144982770380564e+06
3.511614769759876654e+06
3.502171133132214658e+06
3.496944457625479437e+06
3.490206349110228475e+06
3.512444230508373585e+06
3.502331385621181689e+06
3.505840505396793596e+06
3.493899240273375064e+06
3.505332519215539098e+06
3.490837906035401858e+06
3.508881633039173670e+06
3.510739527496057097e+06
3.488615032351095229e+06
3.507478311431429349e+06
3.478252323142653797e+06
3.509495841051607393e+06
3.508163629418381490e+06
3.507094183288934641e+06
3.482227368534409441e+06
3.496268805732879322e+06
3.489073604555152357e+06
3.506129376276473515e+06
3.502471871671135072e+06
3.509890456488553900e+06
3.507467699727975763e+06
3.472425021147713531e+06
3.510413362027418334e+06
3.495622603040631860e+06
3.488840829926154576e+06
3.507808741818900220e+06
3.511797971850814763e+06
3.495773894017321989e+06
3.493711595311451703e+06
3.491616871825346258e+06
3.508479014393901452e+06
3.507238445611374453e+06
3.510892808302810416e+06
3.488660551090776455e+06
3.510880606177701149e+06
3.490157428471488412e+06
3.493423825311990455e+06
3.505766923827759922e+06
3.490993991895950865e+06
3.480739059697583318e+06
3.495450109859467484e+06
3.507134515242366586e+06
3.509747632755614351e+06
3.511012661461204756e+06
3.513477540059729014e+06
3.457417322086636443e+06
3.506648458237626124e+06
3.490313875780166592e+06
3.509139595894236118e+06
3.493130084876566194e+06
3.513418134216521867e+06
3.490303407462155446e+06
3.498058997828367166e+06
3.483526870825330727e+06
3.513225741651188582e+06
3.505226294128463138e+06
3.508000805902179796e+06
3.500960978305915371e+06
3.514446238252022304e+06
3.505927865465756040e+06
3.511655927656576037e+06
3.505763188801147975e+06
3.507120584881366696e+06
3.499299400126671419e+06
3.513514897456360050e+06
3.491573767377760261e+06
3.497343368402651045e+06
3.485546887072322890e+06
3.511085693530547898e+06
3.496045688223375008e+06
3.511695470432556700e+06
3.503290899150318466e+06
3.488299077950075269e+06
3.486465048478221055e+06
3.497686899503294844e+06
3.503420634309946094e+06
3.481768312878137454e+06
3.508993124660054222e+06
3.514409669805013575e+06
3.500910332910161000e+06
3.494355689580529463e+06
3.496033699781736359e+06
3.494460636569396593e+06
3.497143880609038286e+06
3.513493494837282691e+06
3.506491024703740142e+06
3.512975813847219571e+06
3.512301314847019967e+06
3.502529791600318160e+06
3.510679813537625596e+06
3.511949683218364604e+06
3.512274278257251717e+06
3.500808772208792623e+06
3.491840203945720568e+06
3.494481506559753790e+06
3.498740422410040163e+06
3.507639236995408777e+06
3.511630699192753993e+06
3.513266899476963095e+06
3.504260481814619154e+06
3.509469358917423058e+06
3.486133248325781431e+06
3.507207402434763964e+06
3.502762557157875970e+06
3.504250222101449035e+06
3.484895383609600365e+06
3.495478599588787649e+06
3.509030758160010912e+06
3.512131095772520173e+06
3.511420083774683066e+06
3.503661893694337457e+06
3.507573655390442349e+06
3.503103210347166751e+06
3.502799041227246169e+06
3.495558388530588709e+06
3.496811272054344416e+06
3.514247919329269323e+06
3.500021760927779600e+06
3.492355921674650628e+06
3.511780409480929375e+06
3.495960145091221668e+06
3.506636643882558215e+06
3.502893115694966167e+06
3.473670986176214647e+06
3.510169187885846011e+06
3.488330174271851312e+06
3.508109794448263012e+06
3.504607286421567202e+06
3.508307745758743025e+06
3.499350227751814295e+06
3.480100296864826698e+06
3.502647881345531438e+06
3.505104564014966600e+06
3.483013429735005368e+06
3.500686915144809522e+06
3.495755448516151868e+06
3.498024806611838751e+06
3.477440098217404447e+06
3.508389177162193693e+06
3.490254499675618950e+06
3.453107023259441368e+06
3.489876692212147638e+06
3.509627409876282327e+06
3.484317521514791064e+06
3.510383356638397090e+06
3.487103158040535636e+06
3.510637080562549643e+06
3.506844290601501241e+06
3.508004141598883085e+06
3.509388751974466257e+06
3.511990262909376994e+06
3.495283687385163270e+06
3.511589025051991921e+06
3.507524554196980782e+06
3.497481443500279449e+06
3.482298956057632808e+06
3.501412109926179051e+06
3.502949008338385262e+06
3.504630930396378040e+06
3.511682903974465560e+06
3.512528038521544077e+06
3.486157835374478716e+06
3.505218015243018046e+06
3.492931022532608826e+06
3.504305227117956616e+06
3.501080507660861127e+06
3.504390885158870835e+06
3.496773268717010040e+06
3.500836439322734717e+06
3.511343726989739109e+06
3.513133868513109162e+06
3.510364451968615409e+06
3.507285725363034289e+06
3.487819814683768898e+06
3.511266798800823279e+06
3.512485940062550362e+06
3.500796280446497258e+06
3.491634480042279232e+06
3.506062378286727238e+06
3.511546373835000675e+06
3.505988570213499013e+06
3.514302335940601304e+06
3.486608379949294031e+06
3.491596154906654730e+06
3.499321285608073696e+06
3.492164072493329179e+06
3.494152247392135207e+06
3.502970640151096508e+06
3.501534147607539780e+06
3.502548050779106561e+06
3.488694508805135265e+06
3.507884953341095708e+06
3.513151790721468627e+06
3.506343381032001227e+06
3.510596234476488549e+06
3.498448696091836784e+06
3.507029851530833635e+06
3.493133967006836087e+06
3.498695268620175775e+06
3.500358142781643197e+06
3.511780983837432228e+06
3.511379016580818687e+06
3.511025078458926640e+06
3.495402561266256496e+06
3.490352354264420923e+06
3.511936788404669147e+06
3.514207699446121696e+06
3.508012682517976034e+06
3.506452324396682903e+06
3.484046178751814645e+06
3.513568114228744525e+06
3.514409089425257407e+06
3.493792835476982407e+06
3.495446370078543201e+06
3.510700331192701589e+06
3.513207642348731868e+06
3.466872107540450990e+06
3.508000950545071624e+06
3.473670986176214647e+06
3.507792571829296649e+06
3.507085483211276587e+06
3.507848556435065810e+06
3.508083619170424528e+06
3.510349890164095443e+06
3.513418134216521867e+06
3.503053173480467871e+06
3.493627311400282197e+06
3.505506089048568159e+06
3.500355456572278868e+06
3.502641288300953805e+06
3.512680960164951161e+06
3.502790525600042660e+06
3.508313296266565099e+06
3.500749198755817022e+06
3.507466204481513239e+06
3.502495013459230773e+06
3.501437507576769218e+06
3.500358953693903983e+06
3.496243159092260525e+06
3.510694264578480273e+06
3.484426605301479809e+06
3.487461952862046659e+06
3.507379465536872856e+06
3.510180385493888520e+06
3.507466204481513239e+06
3.510915343706150539e+06
3.497691388047413900e+06
3.501071912935549393e+06
3.511889869033056777e+06
3.495388931910934858e+06
3.501275989440073259e+06
3.505795105642130133e+06
3.507688078932317439e+06
3.507121405281895306e+06
3.511537530391955748e+06
3.510686074695348274e+06
3.509602695030265022e+06
3.502908409520242829e+06
3.496243159092260525e+06
3.506486690754804760e+06
3.513245206916841213e+06
3.510767943710431457e+06
3.506047782974811271e+06
3.512664701017930172e+06
3.497967263911191374e+06
3.508628243734539486e+06
3.495821333636483178e+06
3.506891281408956740e+06
3.499101389942124486e+06
3.502421849109181669e+06
3.510282693728993181e+06
3.484871301586395130e+06
3.503592100950012915e+06
3.511602160077627748e+06
3.499444589798623230e+06
3.496022595441421494e+06
3.508928911935200915e+06
3.506031907619248610e+06
3.507513523896145169e+06
3.492611765440395568e+06
3.503828060876150150e+06
3.470647642406211700e+06
3.482651836892562453e+06
3.513431679779662285e+06
3.501575497942273505e+06
3.510333395182034001e+06
3.511710890913425945e+06
3.479359518560865428e+06
3.509862401060535572e+06
3.494761217612898443e+06
