4.330937771524993703e+06
4.119367230056682602e+06
4.274708789894135669e+06
4.219036909184216522e+06
4.234843683695392683e+06
4.305286299621975049e+06
4.125087093612083234e+06
4.048937469843144529e+06
4.220737032919788733e+06
4.301573107405106537e+06
4.225144444618871436e+06
4.318945944509895518e+06
4.307680290730558336e+06
4.140884732269214466e+06
4.322989243668726645e+06
4.073036132292583585e+06
4.248369059477286413e+06
4.289967958163518459e+06
4.299353038308844902e+06
4.211981103821358643e+06
4.317245643829508685e+06
4.217658820650581270e+06
4.228680951054935344e+06
4.313493269968090579e+06
4.278079114953794517e+06
4.323081939250256866e+06
4.236646933223029599e+06
4.122638410357163288e+06
4.247359104533200152e+06
4.207165229276923463e+06
4.105446537581485230e+06
4.272236187974550761e+06
4.327929789176027291e+06
4.094336689965885598e+06
4.114699474059042521e+06
4.214113539642829448e+06
4.183879550426018424e+06
4.202401138310318813e+06
4.089240229029310867e+06
4.282554251606468111e+06
4.093374411840319633e+06
4.277415382227149792e+06
4.038556375411626883e+06
4.243185211046701297e+06
4.246311571633417159e+06
4.140788920113955624e+06
4.300554418929001316e+06
4.134297610460498370e+06
4.330511824271694757e+06
4.309348150544541888e+06
4.271812268930062652e+06
4.220916245751178823e+06
4.302545204597464763e+06
4.205277187054703012e+06
4.273800071780868806e+06
4.312305885730428621e+06
4.136975371503895614e+06
4.305976498746102676e+06
4.137518874958380591e+06
4.135832219047729392e+06
4.135027640217691660e+06
4.153706205881197006e+06
4.209931842944785021e+06
4.290609577328583226e+06
4.212459935015058145e+06
4.312764037094068713e+06
4.123357176642396022e+06
4.143101580838207155e+06
4.327314604024666362e+06
4.092710040250760037e+06
4.075916343055294361e+06
4.320170975825751200e+06
4.195270667937724851e+06
4.320692113952624612e+06
4.231712927610346116e+06
4.310444773743131198e+06
4.174239858526797500e+06
4.281907379735951312e+06
4.309106756579190493e+06
4.158655204750501551e+06
4.177136698505991139e+06
4.275623141215928830e+06
4.133964564570672810e+06
4.305952452336907387e+06
4.263895016226895154e+06
4.246141393848057836e+06
4.306299671891308390e+06
3.962286049620113801e+06
4.184733487271140330e+06
4.134736441864701454e+06
4.072183411772038788e+06
4.249231706274027005e+06
4.325101320375039242e+06
4.146505142491039820e+06
4.298795884842406027e+06
4.217274788598484360e+06
4.191717755086281337e+06
4.231886475016487762e+06
4.185539510042862967e+06
4.123604048305146862e+06
4.232978276544799097e+06
4.209349655337426811e+06
4.262682063013929874e+06
4.208571443328099325e+06
4.122468907167593949e+06
4.111911606233763508e+06
4.243309944816796109e+06
4.292796411546675488e+06
4.126559262035699561e+06
4.264979615561285056e+06
4.173723739818179980e+06
4.265883707869312726e+06
4.020141608684386127e+06
4.322552429198779166e+06
4.188650472558331676e+06
4.244982345173279755e+06
4.240551901526461355e+06
4.149697911269801669e+06
3.856144429684554692e+06
4.131159387070217170e+06
3.947311566388037987e+06
4.257767884715126827e+06
4.223421037099200301e+06
4.189340001596520189e+06
4.272953466039691120e+06
4.225140698894174770e+06
4.227854040574116632e+06
4.315736890473416075e+06
4.285857615793936886e+06
4.172359605191943236e+06
4.231954839382951148e+06
3.941394858489907347e+06
4.325286925599593669e+06
4.329988299708444625e+06
4.268521539748011157e+06
4.232479846965569071e+06
4.190126117277613841e+06
3.921282591323425062e+06
4.160077891353809275e+06
4.096040295136579778e+06
4.206718395162560046e+06
4.308953692777688615e+06
4.125797316906829830e+06
4.325586480757750571e+06
4.267821420288416557e+06
4.158338403960568830e+06
4.227821542015438899e+06
4.213367258148131892e+06
4.305952452336907387e+06
4.083609604138078168e+06
4.252246225124920718e+06
4.306131367264430970e+06
4.210807592808754183e+06
4.258717305248841643e+06
4.321958138579574414e+06
4.330663024040890858e+06
4.275460637479458936e+06
4.277001606800554320e+06
4.145231161228121258e+06
3.924882150690201670e+06
4.274497897245277651e+06
4.239085967642208561e+06
4.327029050850385800e+06
4.249908704456390813e+06
4.220286805188568309e+06
3.957070421994717326e+06
4.269642996731218882e+06
4.189991820985204540e+06
4.324247622322647832e+06
4.199207639743934385e+06
4.166920934860487934e+06
4.310499229757123627e+06
4.310863680359874852e+06
4.318105630029429682e+06
4.188819075937815011e+06
4.099966873459575232e+06
4.274615997996146791e+06
4.240821758156880736e+06
4.317165829910521396e+06
4.135358688347523101e+06
4.310110786924988963e+06
4.296486894118482247e+06
4.216983876896652393e+06
4.038835459126847796e+06
4.302768836871820502e+06
4.291135001683544368e+06
4.258800542585452087e+06
4.260282565983884037e+06
4.279167887507166713e+06
4.160909909860269632e+06
4.294342752267979085e+06
4.188116956243661698e+06
4.234363402024762705e+06
4.200948281736432575e+06
4.142305933474579360e+06
3.973148411713833921e+06
4.246745728245463222e+06
4.220169568397567607e+06
4.328711569434583187e+06
4.103865944186995737e+06
4.278225617964461446e+06
4.152554121451864019e+06
4.195046680237711407e+06
4.323792238285398111e+06
4.180343614523604047e+06
4.324247622322647832e+06
4.184565178838166408e+06
4.235967361901578493e+06
4.291889436104016379e+06
4.215931732191796415e+06
4.270527899590414017e+06
4.197524935482860543e+06
4.207929452405960299e+06
3.831850917531789280e+06
4.325930248780932277e+06
4.266368980491317809e+06
4.137673901650707237e+06
4.116531400267141871e+06
4.210326706027224660e+06
4.320314038560210727e+06
4.274497897245277651e+06
4.248451463302197866e+06
4.302360125692414120e+06
4.241699338402362540e+06
4.232461915786895901e+06
4.112887722596871201e+06
4.191717755086281337e+06
4.331218531429256313e+06
4.071003828770627268e+06
4.161918323724932037e+06
4.246172778771904297e+06
3.982818688035110943e+06
4.063688843371724710e+06
4.076219461897074711e+06
4.222802019115854055e+06
4.185945512995393947e+06
4.262080496288888156e+06
4.332811798499340191e+06
4.332463719462766312e+06
4.108918088643994648e+06
4.268003448461788706e+06
4.190981050050564576e+06
3.737307970404321793e+06
3.916135619978610892e+06
4.154870416841818951e+06
4.256091497314647771e+06
3.974129593610756565e+06
4.210802236851880327e+06
4.315273078520976007e+06
4.144609625131651759e+06
4.264420289253594354e+06
4.194272780533104669e+06
4.111596727031315677e+06
4.216632577695393935e+06
4.103993999165925663e+06
4.210807592808754183e+06
4.188514251182874665e+06
4.307330716089065187e+06
4.329179706479620188e+06
4.289865309344550595e+06
4.261064829166521318e+06
4.277589435358745046e+06
4.256091497314647771e+06
3.944744301292475779e+06
4.193605137734151445e+06
4.130626423717459664e+06
4.103881535780761391e+06
4.247727664879928343e+06
4.331829675322767347e+06
4.324247622322647832e+06
4.264091191455455497e+06
4.237700705143493600e+06
4.315718458973333240e+06
4.312545108615571633e+06
4.221412592131580226e+06
4.257619449241762049e+06
4.223726952794451267e+06
4.256497572248087265e+06
4.214616262789846398e+06
4.243349990230434574e+06
4.187072262233822607e+06
4.256286985761739314e+06
4.315552014864169993e+06
4.267439205079136416e+06
4.245165067783495411e+06
4.203546847755963914e+06
4.233141526966016740e+06
4.233214630690077320e+06
4.303459253068081103e+06
4.252095650516523980e+06
3.779064725011358969e+06
4.207319930070092902e+06
4.015352913146510720e+06
4.232914613524494693e+06
4.191717755086281337e+06
4.259679270548051223e+06
4.202461526911549270e+06
4.301982285932362080e+06
4.288410592252730392e+06
4.195037914392247796e+06
4.172388960014683660e+06
4.169773902359051630e+06
4.309875795550256968e+06
4.191717755086281337e+06
4.311112683371948078e+06
3.918487904551156797e+06
4.297841388538318686e+06
4.319200805037076585e+06
4.036442830109519418e+06
4.142349401511619333e+06
4.022056840833325870e+06
4.254199783289324492e+06
4.144594662768478040e+06
4.291303306623667479e+06
4.148855984148253687e+06
4.210807592808754183e+06
4.221083850178854540e+06
4.301434410346889868e+06
3.960853933455679566e+06
4.320565779936272651e+06
4.263965454993111081e+06
4.324075462038175203e+06
4.327029050850385800e+06
4.197584101668236777e+06
4.224301196347679943e+06
4.244702851735521108e+06
4.287992014198346063e+06
4.313385145959334448e+06
4.275619132524948567e+06
4.247865600752252154e+06
4.332118559094304219e+06
4.317399627324166708e+06
4.330333828489273787e+06
3.962458241553019732e+06
4.274122946842846461e+06
4.100315384819798637e+06
4.317949733843944967e+06
4.318491483212246560e+06
4.281152160111699253e+06
4.327359850554052740e+06
4.285113020572828129e+06
4.283627525553797372e+06
4.159479437103104778e+06
4.004924355416654609e+06
4.291688933534428477e+06
4.195747888514295220e+06
4.286449061191711575e+06
4.079339409711746965e+06
4.020833046373640187e+06
4.331065711269673891e+06
4.304781802476165816e+06
4.159841655859044287e+06
4.299334652984090149e+06
4.305779082786475308e+06
4.121269072797525674e+06
4.165250559361812659e+06
4.282389046359785832e+06
4.289769494179006666e+06
4.031473864843971096e+06
4.298610876551099122e+06
4.214822944886283018e+06
4.205551839676014148e+06
4.316196585882603191e+06
4.140584265735546127e+06
4.292212962574187666e+06
4.068640148624570575e+06
4.304857497864581645e+06
4.287165983350558206e+06
3.899554569665945601e+06
4.278507223938908428e+06
3.739056567483990453e+06
4.141491401229189709e+06
4.324853635046113282e+06
4.194470550461729988e+06
4.314117725272115320e+06
4.302966026431910694e+06
4.238254248636391014e+06
4.088604834407573100e+06
4.122494558439710177e+06
4.243866019640874118e+06
4.296652357591396198e+06
3.970142813784539234e+06
4.213902652922144160e+06
4.320979895105532371e+06
4.312651277831047773e+06
4.298990225029181689e+06
4.283442202881772071e+06
4.312706763222393580e+06
4.167646401556966826e+06
4.246694436762539670e+06
4.286215627054461278e+06
4.322331872045886703e+06
4.315535886198047549e+06
4.331343385079828091e+06
4.211828754923359491e+06
4.233132118342062458e+06
4.244838544906759635e+06
3.948169550989222713e+06
4.302447812873275019e+06
4.305952452336907387e+06
4.307917262490628287e+06
4.271309357488732785e+06
3.996708598450964317e+06
4.328744511302027851e+06
4.316569695742089301e+06
4.119135150050081313e+06
4.233687539371548221e+06
4.170348254062002059e+06
4.208335733267826028e+06
4.332362724562373012e+06
4.256728592906882055e+06
4.120356481746238656e+06
4.295039946508067660e+06
4.319597320077154785e+06
4.063811421160853934e+06
4.247359104533200152e+06
4.223878741567528807e+06
4.241733525096655823e+06
4.118688260037058499e+06
4.249156494524707086e+06
4.063797115381692071e+06
4.306683937768174335e+06
4.321590217485354282e+06
4.303019755371401086e+06
4.320194853346231394e+06
4.330122369402061217e+06
4.202104870455922559e+06
4.271273193972756155e+06
4.151888112714933697e+06
4.088690867926242296e+06
4.011506200077623595e+06
4.290282796207434498e+06
4.316176686101248488e+06
4.328346760267719626e+06
4.246104060671012849e+06
4.210243631972846575e+06
4.238170663406141102e+06
4.205619321057469584e+06
4.270937038284793496e+06
4.322962634015095420e+06
3.900663472218438983e+06
4.199674952988334000e+06
4.164569571163430810e+06
3.971492173376153223e+06
4.302133509424762800e+06
4.186582758171099238e+06
4.150801574771274813e+06
4.020696517720969394e+06
4.321631943998998962e+06
4.331358781131139956e+06
4.080453538388915826e+06
4.170806817832964472e+06
4.142454598685232457e+06
4.314699375114658847e+06
4.163931693324619438e+06
4.151982800204235595e+06
4.188355373598165810e+06
4.225010782152894884e+06
4.211699761089447886e+06
4.295797806127106771e+06
4.310179220529571176e+06
4.315935541877337731e+06
4.148384266173467506e+06
4.253265229403335601e+06
4.307284641292632557e+06
4.332713948748166673e+06
4.114172571161830332e+06
4.289346713321014307e+06
4.209656936080287211e+06
4.160155391232232098e+06
4.097695739049956203e+06
4.308519835970023647e+06
4.301576764691717923e+06
4.242053786386405118e+06
4.331205016344343312e+06
4.266752647152855992e+06
4.250615742346739396e+06
4.304453843748347834e+06
4.240258350527152419e+06
4.302878469824456610e+06
4.273813269918308593e+06
3.908361151750362478e+06
4.150445054815771058e+06
4.132050697625067085e+06
3.976133248852732591e+06
4.282859190107655711e+06
4.095967302400598302e+06
4.187798727506610565e+06
4.266244677102589048e+06
3.809121302186250221e+06
4.302176425355887040e+06
4.305781119448203593e+06
4.325528309496134520e+06
4.104192983708423562e+06
4.216494502003582194e+06
4.250136665190149099e+06
4.241883040355876088e+06
4.168462164058736991e+06
4.131574640653647948e+06
4.262084847043962218e+06
4.312180177283082157e+06
4.268003448461788706e+06
4.185948511099594645e+06
4.123877230180219281e+06
4.278319818118190393e+06
4.315837656770568341e+06
4.327378162982331589e+06
4.332178119571888819e+06
4.179298556142675690e+06
4.271515314448600635e+06
4.214800885942994617e+06
4.220930785132263787e+06
4.210807592808754183e+06
3.976133248852732591e+06
4.092654162317523267e+06
4.312939301990809850e+06
4.302519407782085240e+06
4.275866920294934884e+06
4.184060475962402299e+06
4.034713556641538162e+06
4.281767151013347320e+06
4.270760579484304413e+06
4.287879912765229121e+06
4.079563076274631545e+06
4.178922862588172778e+06
4.311239466568293981e+06
4.274287648668697104e+06
4.310766194308262318e+06
4.315961471375908703e+06
4.290895043908989988e+06
4.188204362451633438e+06
4.302545204597464763e+06
4.219080928115066141e+06
4.261381414789645001e+06
4.282931200208980590e+06
4.241233873006816022e+06
4.155759722078438848e+06
4.321104484008265659e+06
4.315605523380348459e+06
4.114219816365324426e+06
4.138525352400842123e+06
4.300467005911278538e+06
4.179793804856057279e+06
4.261381414789645001e+06
3.957439432309816126e+06
4.106171334502417129e+06
4.319677972512792796e+06
4.207165229276923463e+06
4.305952452336907387e+06
4.322983704423458315e+06
4.302985198126750998e+06
4.237398017146745697e+06
4.152170967086592223e+06
4.324527135261381045e+06
4.100389751857931260e+06
4.212053074601577595e+06
4.156402190994745120e+06
4.026918308268831577e+06
4.255001206638589501e+06
4.195558217202104628e+06
4.106655850224759430e+06
4.244878648534842767e+06
4.274716054924181662e+06
4.249565052533966489e+06
4.229130466209911741e+06
3.860560229562014807e+06
4.219042575553989038e+06
4.298409656802227721e+06
3.777091711145046167e+06
3.867377915395006537e+06
4.226605107892630622e+06
4.271676651987206191e+06
4.331312544568045996e+06
4.314442103296117857e+06
4.110878912877730094e+06
4.137518874958380591e+06
4.306750553937907331e+06
4.328936410195626318e+06
4.305952452336907387e+06
4.278394353428591043e+06
4.220771837718424387e+06
4.323109920542680658e+06
4.271309357488732785e+06
4.305286299621975049e+06
4.034796070989217609e+06
4.272282542712699622e+06
4.271132654483683407e+06
4.290505222490378655e+06
4.119349685123411939e+06
4.295595123625681736e+06
4.061205248054370284e+06
4.148522264937369619e+06
4.072035629083501175e+06
4.322986971597117372e+06
4.261888144604375586e+06
4.313697175303247757e+06
4.263207317622503266e+06
4.002739371766583528e+06
4.295844520384249277e+06
4.263931302110020071e+06
4.282543320480630733e+06
4.299918302203723229e+06
4.262560013857485726e+06
4.044293589477625675e+06
3.739056567483990453e+06
4.241341041173436679e+06
4.134176592744271737e+06
4.251080835616528057e+06
4.326089913225485012e+06
4.233344020040972158e+06
4.307917262490628287e+06
4.148983221197179519e+06
3.941776337212613784e+06
4.189507835637921002e+06
4.067757263290459290e+06
4.286074152936834842e+06
4.329929239538077265e+06
4.309619013735250570e+06
4.228254872640697286e+06
4.325663152547392994e+06
4.210356738565833308e+06
4.294633759938700125e+06
4.167118046328135300e+06
4.209374110258799978e+06
4.259068497356444597e+06
4.319985659817757085e+06
4.242452521028161980e+06
4.332713948748166673e+06
4.331660769573159516e+06
4.120104205909071956e+06
4.137067474367117975e+06
4.142184255436168052e+06
4.132050697625067085e+06
4.100410215732447803e+06
4.234006097087216564e+06
4.316814036315853707e+06
4.191717755086281337e+06
4.127245692268071696e+06
4.292185541362124495e+06
4.290357017933662049e+06
4.251744444465870038e+06
4.205317689055480063e+06
4.330131887166692875e+06
4.266596732673509046e+06
4.307075411241360009e+06
4.044896681892326567e+06
4.294439273423427716e+06
4.315291290089342743e+06
4.307101002430866472e+06
4.321656438698928803e+06
4.094980684272786602e+06
4.164254716149944346e+06
4.302545204597464763e+06
4.219679601753101684e+06
4.129389977164258249e+06
4.256673185448156670e+06
4.240864535225307569e+06
4.321673814314169809e+06
4.282878378709128127e+06
4.143208541341180913e+06
4.287592381144961342e+06
4.248190632601346821e+06
4.280669355540514924e+06
4.254841637821443379e+06
4.313375531295261346e+06
3.960853933455679566e+06
4.287902130996668711e+06
4.242452521028161980e+06
4.181990396285571158e+06
4.305952452336907387e+06
3.953731318935467862e+06
4.265770290286212228e+06
4.146672130917388946e+06
4.278079114953794517e+06
4.074580178533104248e+06
4.197390724781209603e+06
4.305119542613714933e+06
4.147314963807955850e+06
4.202882328402799554e+06
4.271064870211104862e+06
4.251286743947276846e+06
4.131166781948700547e+06
4.187289558886020444e+06
4.330758234178207815e+06
4.257619449241762049e+06
4.160205728902968578e+06
3.878358206192143727e+06
4.313246491364032030e+06
4.328104866628445685e+06
4.144826716604436282e+06
4.255808761237955652e+06
4.140299771942947060e+06
4.252352230030484498e+06
4.331369523644597270e+06
3.850435724943697918e+06
4.317128693599656224e+06
4.104381584517996758e+06
4.091448712799474131e+06
4.127378723578028847e+06
4.325379200458221138e+06
4.307917262490628287e+06
4.245287975846416317e+06
4.316316817839567550e+06
4.268370726714609191e+06
4.305952452336907387e+06
4.003482116364317946e+06
4.197507711369675584e+06
4.308927794316310436e+06
4.116158791646530852e+06
4.286613476740816608e+06
4.171902283520132303e+06
4.257767884715126827e+06
4.316309571710537188e+06
4.108918088643994648e+06
4.300384374033863656e+06
4.180861336677270941e+06
4.286977215012433007e+06
4.211785109433327802e+06
4.286373634264931083e+06
4.237709868757474236e+06
4.325923651090617292e+06
4.218958503858567216e+06
4.324000929242577404e+06
4.182224179632388987e+06
4.272236187974550761e+06
4.182824806719555520e+06
4.274744220854476094e+06
4.306919636612006463e+06
3.919297191149783786e+06
4.318362771342979744e+06
4.171343272140866145e+06
4.247221120488522574e+06
4.205161936987788416e+06
4.210807592808754183e+06
3.873085693986936472e+06
4.203115099673362449e+06
4.109027143380902242e+06
4.256673185448156670e+06
4.128688740092522465e+06
4.326465814570047893e+06
4.249519985927511938e+06
4.306963559896873310e+06
4.245356014973346144e+06
4.001333118677421007e+06
4.063811421160853934e+06
4.279565261448609643e+06
4.166281750999471638e+06
4.159316941783441231e+06
4.221654765060857870e+06
4.137008321604354773e+06
4.308626243298326619e+06
4.171996575949773658e+06
4.300464831521840766e+06
4.250312360858011991e+06
4.329650460244605318e+06
4.299571508543236181e+06
4.327750281388457865e+06
4.307911114670421928e+06
4.261691273866494186e+06
4.064510328882662114e+06
4.295908614108323120e+06
4.246183419357524253e+06
4.207542142175126821e+06
4.162117650468265172e+06
4.250838296863060445e+06
4.251441917806941085e+06
4.284628228158578277e+06
4.153550168180406559e+06
4.284032019854379818e+06
4.077452483377994038e+06
4.316467472784274258e+06
4.286672640487230383e+06
4.192015880610194057e+06
4.324836973911968991e+06
4.301558612803597935e+06
4.282141445774394087e+06
4.263518490255920216e+06
4.303356157005431131e+06
4.203615868338155560e+06
4.205343929882750846e+06
4.120713209828227758e+06
4.158345086976092774e+06
4.301251863611876033e+06
4.191717755086281337e+06
4.330835501430685632e+06
4.329875051769683138e+06
4.132462568928184919e+06
4.206619913825147785e+06
4.304696654797975905e+06
4.282484112979911268e+06
3.991161572837224230e+06
4.290903389663256705e+06
4.203959430241586640e+06
4.238134561121022329e+06
4.261141220694076270e+06
4.178747597214261070e+06
4.300960072207830846e+06
3.938260572478952818e+06
4.328711246999761090e+06
4.203608243121572770e+06
4.240879709784150124e+06
4.288577875874169171e+06
4.322989243668726645e+06
4.220742026949414983e+06
4.279569281767020002e+06
4.269267168249685317e+06
4.290139957206238993e+06
4.316608134322877042e+06
4.295528634477623738e+06
4.254743037993727252e+06
3.873085693986936472e+06
4.228788371644892730e+06
4.303735390193354338e+06
4.055272615602814592e+06
4.328967115957089700e+06
4.172636698052272201e+06
4.157670013784198556e+06
4.211481071354152635e+06
4.038866478959599975e+06
4.009800712609197944e+06
4.190608575750082266e+06
4.207026114834888838e+06
4.181159366053053178e+06
4.274775571275260299e+06
4.275950186059195548e+06
3.749752329584942665e+06
4.280707487101262435e+06
4.204246622453583404e+06
4.305952452336907387e+06
4.323338204137832858e+06
4.154217080217292998e+06
4.313375531295261346e+06
4.167320235180156305e+06
4.210960843623592518e+06
4.174401483309166972e+06
4.256091497314647771e+06
4.272400119724780321e+06
4.158833782240581699e+06
4.322989243668726645e+06
4.226088551674081944e+06
4.132511087198785972e+06
4.316814036315853707e+06
4.255279779084928334e+06
4.012708049597746693e+06
4.274573960825146176e+06
4.263518490255920216e+06
4.217385259175402112e+06
4.326684680122156627e+06
4.309892855777932331e+06
4.329627541640724055e+06
4.076854312898174860e+06
4.142454598685232457e+06
4.079033425106671173e+06
4.086226700889393687e+06
4.107204088426578324e+06
4.194048516934635118e+06
4.066720237798277754e+06
4.071628016275838949e+06
4.280766672779885121e+06
4.171372052980410401e+06
4.197768786000113003e+06
4.124252630961594172e+06
4.221815028797522187e+06
4.075080502904765308e+06
4.324234327015149407e+06
4.294033597903293557e+06
3.939661963333333377e+06
4.083609604138078168e+06
4.226776516557545401e+06
4.282351911563999951e+06
4.222802019115854055e+06
4.239706278353845701e+06
4.293681119945232756e+06
4.283226714292455465e+06
4.203337456410128623e+06
4.183610843141061254e+06
4.294911214683995582e+06
4.325308167715010233e+06
4.133734122188458219e+06
4.243769709142347798e+06
4.241961423545705155e+06
4.131655684860864654e+06
4.169135232087699231e+06
4.278079114953794517e+06
4.246104060671012849e+06
4.280602266888923012e+06
4.081897128270061687e+06
4.263181135374276899e+06
4.149033966635168064e+06
4.328936410195626318e+06
4.316967353908670135e+06
4.287592381144961342e+06
4.224870156158214435e+06
4.193379327093929052e+06
4.263533444521312602e+06
4.176707053993620910e+06
4.324012394760963507e+06
4.329630951706845313e+06
4.250004347680194303e+06
4.209045606002524495e+06
4.256498442702399567e+06
4.218958503858567216e+06
4.309948798278436065e+06
4.120713209828227758e+06
4.284364781793082133e+06
4.244576924254726619e+06
4.124194602433149703e+06
4.311297894082096405e+06
4.251342110679372214e+06
4.163887625089070294e+06
4.234914975864632055e+06
4.127249358377128839e+06
3.948922786985741928e+06
4.262013837219355628e+06
4.219923456814602017e+06
4.082705018198075239e+06
4.314332254518015310e+06
4.091943420904492028e+06
4.278321497698194347e+06
4.250004347680194303e+06
4.301294457646885887e+06
4.307917262490628287e+06
4.254670234118616208e+06
4.209349655337426811e+06
4.208770245215062052e+06
4.096082763663370162e+06
4.306158478708341718e+06
4.222578582096256316e+06
4.181541601034524385e+06
4.006448727216570172e+06
4.276769473204045556e+06
4.264600769488283433e+06
4.309733822991952300e+06
4.097277238232713658e+06
4.301471741602635942e+06
4.175325010007683188e+06
4.216133833540160209e+06
4.268795842633192427e+06
3.966481742888295557e+06
4.314431435241044499e+06
4.189925900659219362e+06
4.081821430555108469e+06
4.267575734362240881e+06
4.008197524717424065e+06
4.196793306459303014e+06
4.270920734160446562e+06
4.308916250093643554e+06
3.821216194143040106e+06
4.258527694497544318e+06
4.187190326709107962e+06
4.331558120593485422e+06
4.131887156229380984e+06
4.223323106935476884e+06
4.252782240381434560e+06
4.179793804856057279e+06
4.189752549296894111e+06
4.307510180104348809e+06
3.987665853567928076e+06
4.314277117275575176e+06
4.056375074132767506e+06
4.183890021973997355e+06
4.171599468043353409e+06
3.774214826651720330e+06
4.314595250802774914e+06
4.133784964151839726e+06
4.309485015702002682e+06
4.321735113431630656e+06
4.329179706479620188e+06
4.315844773917237297e+06
4.272453641198912635e+06
4.233475250018961728e+06
4.315463125650774688e+06
4.296672633899797685e+06
4.277415382227149792e+06
4.315606739389391616e+06
4.271309357488732785e+06
4.227513126690315083e+06
4.283699122209381312e+06
4.273047118546599522e+06
4.131574640653647948e+06
4.275460637479458936e+06
4.203026338772195391e+06
4.267513374720880762e+06
4.184214890119253658e+06
4.125593552807564382e+06
4.185799352600173093e+06
4.211098098406291567e+06
4.263495579388916492e+06
4.030873710886784829e+06
4.284834203318168409e+06
4.059799709077676758e+06
4.167618228347252589e+06
4.226088551674081944e+06
4.257861368974184617e+06
4.309381868915262632e+06
4.173639111880731769e+06
4.265283206527181901e+06
4.301354464359547943e+06
4.248786765641684644e+06
4.232855108244951814e+06
