1.434911797311005065e-03
5.624184729369263779e-05
1.517919371260267707e-03
6.359655208658965839e-04
1.385206502170773001e-03
3.153439038841980915e-03
4.332224045533989527e-04
1.016986245826672275e-03
8.797286615549870922e-04
3.384005508053940106e-04
1.270210047415321584e-03
2.127193865093905678e-03
1.752551777336998134e-03
1.357235048634828842e-03
2.218768163417836423e-03
3.304855310390987532e-04
1.320488191269035636e-03
6.447397413592637679e-04
5.709341989031019348e-04
2.552224953684544711e-04
6.702611722465345390e-04
4.439389923983236242e-04
2.675314951812760370e-03
6.107282794051979236e-04
5.433173797959175641e-04
8.871699371618214968e-04
1.302539304260440971e-03
8.987576225802365246e-04
9.041765575951519335e-04
4.428094018044926813e-04
9.710421525795148636e-04
5.624184729369263779e-05
4.140437879159050531e-04
4.256814438062725674e-04
5.962754103857400992e-04
1.486449023984382552e-03
3.183540802935847912e-03
5.267543974585249056e-04
4.019537901130560689e-04
1.574294223273852756e-04
1.539237321375753640e-03
5.624184729369263779e-05
2.641517341724195942e-04
1.360485563422489472e-03
7.408186073594865643e-04
3.762197047155898763e-04
8.592329493023608163e-04
5.990269392631484939e-04
3.631666200128778974e-04
9.099176444639989810e-04
2.303099389246280153e-05
1.269698942487428907e-03
1.230948100732279444e-03
7.784212490208710419e-04
2.003904951470852772e-04
5.011211311959953537e-04
6.106108703804016867e-04
1.574294223273852756e-04
8.142837938415577658e-04
1.066688833940124519e-03
5.411097225352655719e-04
4.366721675606104430e-04
1.458505215497326929e-03
6.283186734891571274e-04
7.248219341810971210e-04
5.450588668318821642e-04
3.533944439213904630e-03
5.569584275431844252e-04
6.839933807099344253e-04
7.900675335876153728e-04
2.325939055480383266e-03
6.087094478878689666e-04
5.889316464836529636e-04
1.087554150683046894e-03
7.148461067840281187e-04
6.095456552800028590e-04
7.644869155809176642e-03
3.190897246264214147e-04
7.787235753608517811e-04
1.134545492275164413e-04
5.236484668287855193e-04
6.408386570787657664e-04
7.211813273026413621e-04
5.723622980206025980e-03
3.848044159402764001e-04
1.361037696637238618e-03
9.995755506518593392e-04
9.941355548614913291e-04
6.018125971686047850e-04
8.415533245206183698e-04
5.624184729369263779e-05
5.800331574901310518e-04
7.494959947617207833e-04
3.953791512706638115e-04
1.574294223273852756e-04
3.265391382313524021e-04
9.048568703759650922e-04
4.620378923279408077e-04
5.293476424898120028e-04
2.251565837691686222e-04
9.463164835188579791e-04
5.624184729369263779e-05
6.022460960484161486e-04
5.075706523484872345e-04
1.707772069600205136e-03
3.726353409253177745e-04
1.222669185394803168e-02
7.039033198904556766e-04
3.459621708707010033e-04
3.977695880590568730e-04
5.624184729369263779e-05
1.681824486236610603e-03
3.433942871668416424e-04
2.197673481748545384e-03
7.211813273026413621e-04
4.676676368414755028e-04
1.702377105784269292e-03
4.148865197337877437e-04
4.040145595385481020e-04
5.230191003393200788e-04
4.928900295879696126e-04
4.963580366617070024e-04
1.861587917952433734e-03
7.211813273026413621e-04
8.174072625803155932e-04
1.706571561008466613e-04
1.255840560378028306e-03
8.433886394857611482e-04
4.056035749910364861e-04
5.767523955410072114e-04
5.624184729369263779e-05
2.759561163639479356e-04
2.528510807118762105e-04
9.941355548614913291e-04
2.869867748695368410e-04
4.363135574543903421e-04
2.563917500009264654e-03
1.101039849564471127e-03
3.997668597067608799e-04
6.748221914095647910e-04
1.121275100078777216e-03
5.624184729369263779e-05
3.711637979163614934e-04
7.211813273026413621e-04
7.743316623745220492e-04
1.369660610656081232e-03
1.184145367707261287e-03
7.472363713650558665e-04
9.941355548614913291e-04
4.818780169971406029e-04
7.917483840361614830e-04
2.504187092056103358e-03
5.646257136558613171e-04
7.422010900280965814e-04
7.211813273026413621e-04
4.470957947089340776e-04
2.780873527526503820e-04
1.255198013902425989e-03
6.620932157750499458e-04
1.540324606259531326e-03
2.761970870710137005e-04
3.753663549905056026e-04
1.658606555173769935e-04
4.894215786510106546e-04
1.806109571429361643e-04
7.509748123652167182e-04
1.109618701049484022e-03
6.591257270244627563e-04
1.001692021873507987e-03
5.618767118459503480e-04
2.303099389246280153e-05
6.172063398157038141e-04
3.274366098830542833e-04
6.046710642311530414e-04
5.025963535531542117e-04
2.528510807118762105e-04
2.411574852087447734e-04
8.576224946532331377e-04
5.211857375791873609e-04
9.941355548614913291e-04
4.960995210828559633e-04
4.615710576469756561e-04
2.395041312881424425e-04
1.228466743055446056e-03
1.071230638939008745e-03
3.193563479681604290e-03
3.863254344664255355e-04
3.860154182073403419e-03
7.803990462424114640e-04
3.586959904898478764e-04
5.624184729369263779e-05
2.725766130473196826e-04
6.107282794051979236e-04
7.211813273026413621e-04
1.620688298708856598e-03
5.636775688107636311e-04
9.525386705800145378e-04
3.837926095059529660e-04
1.574294223273852756e-04
3.880348262498132432e-04
5.970992374675426761e-02
6.799911789366796166e-04
2.616634973351586024e-04
3.862103582411109876e-04
7.330529176890591709e-04
8.968247024458517614e-04
4.729438505153402595e-04
9.203083096622782398e-04
6.386092290582059397e-04
3.957716836851130830e-04
5.624184729369263779e-05
7.211813273026413621e-04
2.235045632184120331e-04
4.057646224498249457e-04
1.658606555173769935e-04
9.941355548614913291e-04
2.729215552583737561e-04
8.934778907802397698e-04
3.171452774589776278e-04
6.414738936503919025e-04
2.303099389246280153e-05
1.727285245044489752e-03
5.695240494665843294e-04
6.473039839975564024e-04
9.227124606835083879e-04
7.455296259833523766e-04
9.397833375398988338e-04
5.784910359840312807e-04
6.800236563682683080e-04
2.772657640956096561e-04
4.928900295879696126e-04
2.303099389246280153e-05
2.964788932809205089e-04
6.311779188499868926e-04
8.118140673381365894e-04
3.762197047155898763e-04
1.220924189420904710e-03
4.885059318262107830e-04
1.052717959516076508e-03
4.910440219737045907e-04
5.624184729369263779e-05
5.054054128907920895e-04
2.399753850818930954e-04
1.081943344765035238e-03
3.181543941279817763e-03
2.988841665341726486e-04
5.088728407173280597e-04
7.568736083286186278e-04
1.217610189631588473e-03
9.941355548614913291e-04
4.928900295879696126e-04
3.762197047155898763e-04
1.490401225025273294e-03
6.671863185265221666e-04
2.357077394242939900e-03
1.706571561008466613e-04
1.226538940367430082e-03
1.860492371879440268e-03
1.142559420340946534e-03
4.729927070013504632e-04
1.040189143390381557e-03
6.436012639326492207e-04
6.716354485796541783e-04
1.658606555173769935e-04
4.614672985256785881e-04
6.280776835516786900e-04
5.782537441604730785e-04
7.059740420238659955e-04
9.941355548614913291e-04
7.514334196465896403e-04
9.491834300713902122e-04
5.624184729369263779e-05
3.253150214161162879e-04
7.516812589667377312e-04
8.995182897442672914e-04
5.388043942813129346e-04
1.056748008121703762e-03
2.657339492299487516e-03
6.797275574894736175e-04
6.716354485796541783e-04
1.668744937120617217e-03
2.545141955336432688e-03
6.283588852457896263e-04
9.330877190445827519e-04
9.306560483600414234e-04
1.531895179118365887e-03
6.644659844839461219e-04
9.941355548614913291e-04
1.784326004948065319e-03
3.818462929655484436e-04
2.303099389246280153e-05
9.463164835188579791e-04
1.020995087870613365e-03
1.193825244412374809e-03
6.697530674250694706e-04
6.373963490049439030e-04
5.011731434831406731e-04
3.236895105588408618e-04
2.491155504532680388e-04
2.914549909150024581e-03
7.355407567988007326e-04
2.303099389246280153e-05
9.770178500204450365e-04
1.013708001177501556e-03
7.211813273026413621e-04
4.241772026917237310e-04
8.433886394857611482e-04
8.572323172110091769e-04
9.053494356994695128e-04
8.265519222825689141e-04
5.624184729369263779e-05
8.108489285931380110e-04
5.450588668318821642e-04
9.941355548614913291e-04
8.267681093300518168e-04
3.622979653258338937e-04
4.623326715556903745e-04
1.255014942970413168e-03
1.709991244681491980e-03
9.986274493674225910e-04
1.399800501506748545e-03
4.851653762763359027e-04
2.357077394242939900e-03
1.056748008121703762e-03
1.727285245044489752e-03
1.909071693300789369e-04
7.622314919362180394e-04
9.941355548614913291e-04
4.488960811657116906e-04
8.934778907802397698e-04
5.246544266633612662e-04
3.588785226162565607e-04
3.711637979163614934e-04
4.340901898477422761e-04
3.773531153426445376e-04
1.083534296067402078e-03
1.220627096613948999e-03
9.420044845085386248e-04
1.574294223273852756e-04
6.065710934319693860e-04
4.928900295879696126e-04
6.537235901218873798e-04
5.624184729369263779e-05
2.662808152757743319e-04
5.030566144342486952e-04
3.683757684878526681e-04
9.941355548614913291e-04
7.833302053767035415e-04
5.150679758749026086e-04
2.048576645115520768e-03
1.391568418728220211e-03
1.434911797311005065e-03
5.624184729369263779e-05
1.399800501506748545e-03
3.247320532563467547e-04
7.006015404509760959e-04
1.692283113201186427e-03
3.271106022974560809e-04
4.242295100977843043e-04
8.924481024745494666e-04
5.063130958657268040e-04
5.624184729369263779e-05
1.543554199001584675e-03
9.877216698903667005e-04
7.147815642165973246e-04
2.919830480811648086e-04
1.793951050011955307e-03
9.073205074230578700e-04
6.308336446192670593e-04
1.966608987373768581e-03
2.303099389246280153e-05
4.337652752773615253e-04
7.036687458033944777e-04
4.062882988060290026e-04
4.089775679337512813e-04
9.330877190445827519e-04
3.538190216460825044e-04
9.941355548614913291e-04
8.693741292516047681e-04
7.509748123652167182e-04
4.928900295879696126e-04
8.165449353649210365e-04
7.211813273026413621e-04
4.694275809850735441e-04
3.039013651006299780e-03
1.156063614014131566e-03
1.549974877118979631e-03
4.139035179081463527e-04
3.977259636360187768e-04
6.443994828776197607e-04
4.928900295879696126e-04
2.132569648018687713e-03
1.193825244412374809e-03
7.211813273026413621e-04
2.235045632184120331e-04
1.427915762444909161e-03
1.029284589226027447e-03
3.232627509053651732e-03
1.180543496377202406e-03
3.411985078167098745e-04
2.220342048360913947e-03
4.498501314124243172e-02
7.057696896969871013e-04
2.350744710534706690e-03
1.183849371133153128e-03
7.291191333312910727e-04
2.528510807118762105e-04
6.148565327665258791e-04
1.192001755224005553e-03
9.908426624490923509e-04
4.928900295879696126e-04
2.303099389246280153e-05
9.463164835188579791e-04
8.204389488673407595e-04
5.038003132414645537e-04
5.830666810726829827e-04
1.017726704232794306e-03
1.706914101215714760e-03
9.941355548614913291e-04
1.574294223273852756e-04
5.411097225352655719e-04
3.755383714580784568e-04
1.016468445405646365e-03
8.475369927318632647e-04
4.488050477312401131e-04
2.857602562815487676e-03
5.767523955410072114e-04
1.237455977684508374e-03
3.752457828785069928e-04
2.772657640956096561e-04
4.928900295879696126e-04
4.575106344713028637e-04
8.090311141606927126e-04
7.211813273026413621e-04
1.086139439889079227e-03
3.439091424916314939e-04
9.452036241559874565e-04
6.681548902498720983e-04
9.312117927948959607e-04
1.574294223273852756e-04
4.928900295879696126e-04
7.147815642165973246e-04
7.211813273026413621e-04
2.662808152757743319e-04
4.515671742747563505e-04
4.728547670122639607e-04
8.433886394857611482e-04
9.941355548614913291e-04
4.232774800322477906e-04
8.094674654683753443e-04
7.644723124687446535e-04
7.211813273026413621e-04
1.222669185394803168e-02
4.818780169971406029e-04
7.679262118175254805e-04
5.086168926710578787e-04
1.291545440446345908e-03
9.311815079793395828e-04
6.818039396166430954e-04
4.289639190500051861e-04
4.928900295879696126e-04
5.624184729369263779e-05
8.147775183163446329e-04
2.118531049956557440e-03
5.323920361620930897e-04
7.211813273026413621e-04
1.106954747442812342e-03
6.369574204615073608e-04
2.239786477784864256e-04
9.941355548614913291e-04
1.289909148792189181e-03
6.180460166276763659e-04
9.420869172242205859e-04
4.755176151635563328e-04
3.044287557467933590e-04
3.229542189325750024e-04
4.211597133942963792e-04
3.308401043721195052e-04
7.504056389586640776e-04
3.629843756221975233e-04
2.303099389246280153e-05
8.629871270724348868e-04
4.730596986636211639e-04
4.329819236245873826e-04
1.222669185394803168e-02
8.995499039608721150e-04
4.444492272192649145e-04
3.331937827524369435e-04
4.319749123586298428e-04
3.855788754203745105e-04
4.928900295879696126e-04
2.303099389246280153e-05
4.615710576469756561e-04
3.378714805404201774e-04
1.070336494508997410e-03
6.857958414936109063e-04
1.347646233200349960e-03
5.269511783860695913e-04
7.737156541493851736e-04
4.969563990550796744e-04
2.303099389246280153e-05
5.624184729369263779e-05
5.411097225352655719e-04
6.446569175214646912e-04
9.855947884885407455e-04
3.762197047155898763e-04
7.240884297350228590e-04
1.399412601572079529e-03
1.658606555173769935e-04
9.244580990610405842e-04
2.303099389246280153e-05
5.624184729369263779e-05
3.582921181940931267e-03
5.390431107836934259e-04
1.579342093487429242e-03
9.941355548614913291e-04
5.442186558197782166e-04
1.155958740588185511e-03
9.382833481766109573e-04
7.276645367543762340e-04
1.322032526330129982e-03
4.650879057787192690e-04
4.717258192505801228e-04
9.330900080701637041e-04
1.320294260971172258e-03
9.941355548614913291e-04
5.010373714786678888e-04
2.232906196140850682e-04
9.666040183895721226e-04
2.772657640956096561e-04
5.433648822794883565e-04
5.083510131889335459e-04
7.211813273026413621e-04
9.730848371374858875e-04
6.962529496537701867e-04
9.941355548614913291e-04
8.934778907802397698e-04
3.180639172216347382e-04
3.554017175746752790e-04
4.431432010329379727e-04
2.303099389246280153e-05
1.668744937120617217e-03
8.924541463449034168e-04
6.107282794051979236e-04
7.342396150938141275e-04
3.582005196672585312e-04
1.042640088190351566e-03
7.452859902988434072e-04
6.411104099223634886e-04
3.938782148687217858e-04
5.624184729369263779e-05
1.873614059085243000e-03
4.585375953289706546e-04
1.402275077903603843e-03
6.107282794051979236e-04
7.211813273026413621e-04
3.679723330666811619e-04
3.748344124450387303e-04
3.527567060490358823e-04
1.259544281405886252e-03
5.411097225352655719e-04
5.781908788267940170e-04
3.716222718754636032e-04
6.716354485796541783e-04
3.110548124846514509e-04
3.752279416717720843e-04
5.957534644826262705e-04
3.081538458782149409e-04
1.775196211427935641e-03
2.147351241205617579e-03
5.624184729369263779e-05
3.104019555017303346e-04
6.702309476840319011e-04
3.683757684878526681e-04
1.574294223273852756e-04
1.000169966895075695e-03
8.934778907802397698e-04
6.018663748360435521e-04
3.509572248256167225e-04
5.844791997517646614e-04
6.032497417254217885e-04
6.671706149591881971e-04
6.664263341040896826e-04
3.295473593328817762e-04
8.797286615549870922e-04
8.743748216029805561e-04
1.574294223273852756e-04
8.934778907802397698e-04
3.028302038686436944e-03
8.919121046549833773e-04
2.303099389246280153e-05
1.033146905906793351e-03
1.559881249578396519e-03
9.680646885885820212e-04
4.207731678733417379e-04
8.722772002137756499e-04
9.070168235040505051e-04
4.056035749910364861e-04
5.106219758924281224e-04
5.176590156062439024e-04
4.928900295879696126e-04
1.937431870928175374e-03
2.225102172901760253e-03
7.211813273026413621e-04
1.418175353324769216e-03
6.446785752487157236e-04
8.261549257406584522e-04
4.019537901130560689e-04
7.840839300552066580e-04
1.574294223273852756e-04
1.633384123737769257e-03
1.290153182848613684e-03
4.801793466877170660e-04
1.939281952141625040e-03
6.716354485796541783e-04
9.941355548614913291e-04
2.896971774967722728e-04
1.415886075026855703e-03
5.163242872851304434e-04
4.346589510755065832e-04
4.928900295879696126e-04
1.726329610170517599e-03
2.852684659868283683e-04
1.022165841517451434e-03
4.460514773251795335e-04
3.408200974820558269e-04
6.234038876325121098e-04
2.528510807118762105e-04
9.941355548614913291e-04
4.398415699507312563e-04
5.624184729369263779e-05
4.210675941031704261e-04
2.815421562394131941e-04
9.941355548614913291e-04
1.002893543452727408e-03
1.533132013840828207e-03
2.357359159324998784e-03
1.274788276416434236e-03
6.610256910138776094e-04
6.970678554734336708e-03
2.303099389246280153e-05
5.594326846737154076e-04
2.961500897732853381e-04
7.211813273026413621e-04
7.410812930418142182e-04
5.367462700430686903e-04
5.744452688885062211e-04
1.151388554354415171e-03
1.574294223273852756e-04
8.635803871932035743e-04
4.928900295879696126e-04
2.303099389246280153e-05
6.150469773886129213e-04
3.568842977759576667e-04
6.786747804201349703e-04
2.658333496394159421e-03
6.214034666250805618e-04
1.199166400290030713e-03
6.539463795397351198e-04
5.688975817812107292e-04
4.449690768485077292e-04
1.861587917952433734e-03
9.829847343270335398e-04
5.616773758522989463e-04
3.066247602785324828e-04
4.117000638595167197e-04
2.307234660687431760e-04
1.608015643240595519e-03
2.254030228099586277e-03
1.196816778248950379e-03
5.624184729369263779e-05
9.444613956702330778e-04
4.540631003101941714e-04
5.107482155826928612e-04
2.510264062631008784e-03
1.177969593559585228e-03
5.278115165083277450e-04
5.741928991174830021e-04
7.113029579798813224e-04
5.547016318055781247e-04
8.591666736954593027e-04
7.211813273026413621e-04
7.551047264368994979e-04
3.877983651792205381e-04
9.941355548614913291e-04
1.270068567824398026e-03
5.214487837656248690e-04
7.316550594858738012e-04
6.316909757183606722e-04
4.108765712429962797e-04
2.303099389246280153e-05
8.356089830446092022e-04
4.849439780401748308e-04
7.211813273026413621e-04
1.092092151554875006e-03
7.034328942072090758e-04
1.457040161859670790e-03
1.244311550472791380e-03
9.941355548614913291e-04
3.232627509053651732e-03
3.027125322506007445e-03
4.638485324637325511e-04
5.446326727089934082e-04
6.433555022888177120e-04
4.460516101477896489e-04
4.469574654384610439e-04
9.941355548614913291e-04
1.574294223273852756e-04
6.828002838641024797e-04
4.356776810257036517e-03
3.109490599884254594e-03
6.197925878474297825e-04
2.303099389246280153e-05
1.460390425212762348e-03
6.927471344004709633e-04
7.946435371598478941e-04
2.528510807118762105e-04
1.104406468781023165e-03
1.399592744833343073e-03
2.449180662545069284e-04
4.928900295879696126e-04
2.577619509481656585e-04
4.875802293927921326e-04
1.089392918884355115e-03
5.389368667599112993e-04
5.615379259251320051e-04
2.449180662545069284e-04
1.489312677073270728e-03
3.166417859338909423e-03
8.425763858472524147e-04
6.226225123096622250e-04
3.058595693671722383e-03
1.119421887407524201e-03
4.258805615073361873e-04
3.068854920802708587e-04
1.574294223273852756e-04
1.588223937358311782e-03
4.457221323948621218e-04
4.482658895937604638e-04
1.319937442509461559e-03
4.928900295879696126e-04
2.303099389246280153e-05
3.312093184865830004e-03
6.990026092181773161e-04
4.719401659542609242e-04
4.329623241168745673e-04
9.941355548614913291e-04
1.408322334094542659e-03
7.863304438466821658e-03
1.042875648491214686e-03
4.928900295879696126e-04
7.195438713683332882e-04
9.088336480412986329e-04
1.183849371133153128e-03
1.727285245044489752e-03
1.398554622366321269e-02
5.077258334330738516e-04
4.524164164932199849e-04
5.107482155826928612e-04
1.170051184068524822e-03
3.718883577431906194e-03
1.288952595147986125e-03
1.056748008121703762e-03
5.069506416661766169e-04
1.658606555173769935e-04
8.592889944848127945e-04
1.574294223273852756e-04
2.524045439034911659e-03
2.716096272146177213e-04
3.716358277480126993e-04
3.532344084840831604e-04
3.841294926481192201e-04
6.367254635573079769e-04
5.827997505743378725e-04
8.229232763928639267e-04
5.612608676996620706e-04
2.691670233502598832e-04
4.449446670678329518e-04
8.898450333263767083e-04
1.109158721417493948e-03
2.303099389246280153e-05
5.624184729369263779e-05
3.443631695406625787e-04
7.985208016293480170e-04
3.902899192232615173e-04
6.641193475062925292e-04
5.085150614943432200e-04
9.875200106402122133e-04
3.815504677171602265e-04
1.287063349234190577e-03
1.013708001177501556e-03
3.711637979163614934e-04
7.211813273026413621e-04
1.913265592216830194e-03
2.320932707817911431e-04
1.042715253743306363e-03
7.568736083286186278e-04
4.494725970282363874e-04
1.043779335326763206e-03
8.263568242196191920e-04
6.167143521153096520e-04
7.081727066535944406e-04
1.681051826588172071e-03
3.206645450549526336e-04
5.597616784700881450e-04
3.162086661466111310e-04
3.527567060490358823e-04
6.839933807099344253e-04
7.129328304536171118e-04
9.115256669987757080e-04
4.928900295879696126e-04
1.054508648072578466e-03
7.211813273026413621e-04
1.557211813508765528e-03
6.364075363693619779e-04
1.151914419493582859e-03
9.694263849357807449e-04
4.225570078589468374e-04
1.667662972205514972e-03
1.105817541256329294e-03
4.928900295879696126e-04
1.355249447606598698e-03
3.433942871668416424e-04
1.668744937120617217e-03
7.592978095037070455e-04
2.889394404662617207e-03
1.095189945321212470e-03
3.679723330666811619e-04
5.817636280226320608e-04
6.702524523298482523e-04
1.453732007647252304e-03
7.213377479604284655e-04
9.954211974850166438e-04
7.211813273026413621e-04
1.093342138330308765e-03
4.064797924931454979e-04
7.233554935661080845e-04
2.528510807118762105e-04
4.023478145519568112e-04
8.362497290867335412e-03
2.303099389246280153e-05
3.988770457552328914e-04
1.472760215279687781e-03
3.813170183292893616e-04
1.658606555173769935e-04
8.797286615549870922e-04
8.596728279867554574e-04
2.855112222781637683e-03
1.019011446990431870e-03
6.038137609100628503e-04
4.751390385615533295e-04
1.668744937120617217e-03
1.093361114061698613e-03
3.445032500394842531e-04
3.209472159444957669e-04
5.916216128025530248e-04
1.127915865629788069e-03
3.593993982363363694e-04
7.948516672927449962e-04
8.880209916415039359e-04
1.410532597721338285e-03
2.275951610951043244e-03
5.280928797017759137e-04
1.540324606259531326e-03
9.807979173235992915e-04
5.185708316989643546e-03
1.189537225108372107e-03
7.332436065899992179e-04
2.126484629399992728e-03
5.316186846633273125e-04
7.211813273026413621e-04
2.020618886857667666e-03
9.941355548614913291e-04
3.232627509053651732e-03
1.719342593044546853e-03
3.919645776900714147e-04
2.772657640956096561e-04
1.022359378802758069e-03
1.303534323193842421e-03
8.078678723210528300e-04
1.187265297670378212e-03
5.695240494665843294e-04
2.958627080445864837e-04
4.064642869052820739e-04
9.758725323580424386e-04
5.502398600764627423e-04
5.597616784700881450e-04
3.645493612739838553e-04
1.952628917237907678e-03
7.824269125918107337e-04
2.823757038695504790e-03
3.900204711033993833e-04
2.025988486080449163e-03
6.018317133405102961e-04
4.917680532578413456e-04
1.259488935510899446e-03
5.874236219886205508e-04
5.324408505614893145e-04
1.574294223273852756e-04
2.932947325374050712e-04
4.928900295879696126e-04
9.551074406388353850e-04
5.624184729369263779e-05
8.710166231023299972e-04
1.970976228460916569e-03
3.072159911566114780e-03
7.531626811565536161e-04
1.509420558787511520e-03
6.440685986117197911e-04
7.229977048327945223e-04
2.303099389246280153e-05
5.624184729369263779e-05
1.597741473145808519e-03
7.147815642165973246e-04
7.898951304215774943e-04
1.727285245044489752e-03
7.240843130049665110e-04
6.822162382374010814e-04
3.836329131726587079e-04
4.765861942606011291e-04
4.928900295879696126e-04
2.303099389246280153e-05
4.575706012985221211e-04
7.211813273026413621e-04
5.158832649853844045e-04
8.989387631394733314e-04
3.295632259412953520e-04
1.259544281405886252e-03
4.176450787102630965e-04
4.563175013289239327e-04
2.303099389246280153e-05
4.767099554355062299e-04
5.152593061691221809e-04
4.036768528577765365e-04
7.852597314838337481e-04
1.658606555173769935e-04
3.145863682025373071e-04
9.735495975411777650e-04
1.121779428025095450e-03
1.007892248473153327e-03
1.271683960856205380e-03
5.133038740700686040e-04
7.211813273026413621e-04
3.524676264081272716e-04
2.212544250005029636e-04
4.825282627435992558e-04
7.537547252298898480e-04
2.985045753839064278e-04
1.102847406861692890e-03
6.740847463356861025e-04
5.624184729369263779e-05
6.813115598701240941e-04
1.424772934091725991e-03
3.440408007761918221e-04
4.499281898113732087e-04
9.941355548614913291e-04
3.285900031106323265e-04
6.839933807099344253e-04
2.699264823536919587e-04
7.489690105630925467e-04
4.928900295879696126e-04
4.369362950311362487e-03
4.742689310053039577e-04
3.553196717607169219e-04
1.191782588112150080e-03
5.130507582172236280e-04
4.484024397824522973e-04
9.986274493674225910e-04
1.994174162377052809e-03
5.397972171210734622e-04
2.908944224368364712e-04
8.333755936109867772e-04
7.354643942692890013e-04
5.010252842028176329e-04
2.941942042303584913e-04
5.215979538139749053e-04
7.455296259833523766e-04
9.941355548614913291e-04
5.775831752105219834e-04
3.735750344089371500e-03
8.506179125917199841e-04
4.928900295879696126e-04
1.557082356914531781e-03
5.472307996161149702e-04
7.211813273026413621e-04
4.869827000573311764e-04
3.791150729847801303e-04
3.992247497717272327e-04
9.941355548614913291e-04
7.564650637044620634e-04
8.592329493023608163e-04
6.716354485796541783e-04
4.124236796664789459e-04
4.107188706987569297e-04
9.941355548614913291e-04
7.504056389586640776e-04
8.934778907802397698e-04
1.773072464640489598e-04
3.687658899557876447e-03
5.431588390413986077e-04
