3.706662405826701237e-04
5.532968194851130110e-04
5.801172288994424801e-04
3.154673578824821606e-04
9.033821544906399988e-04
6.035289564349270112e-04
4.679721158189675194e-04
1.556270776933517570e-02
6.329389124950387212e-04
9.574966697793534619e-04
1.202439567760383004e-03
4.049970977114913354e-04
7.148707147549780141e-04
5.426099912964007545e-04
1.153350140051446820e-03
1.028528277451518265e-03
1.121460406711268735e-03
2.115516788678754260e-03
8.949904991591424268e-04
4.635455668812464743e-04
3.255019732920846898e-03
1.010191349390856435e-03
4.867855049698357442e-04
1.065210988413823256e-03
1.026907936925988913e-03
7.386439537475477171e-04
1.204453616946289923e-03
6.027442323057176322e-04
3.181146033674511460e-04
4.948995120056640280e-04
9.127086316836894361e-04
4.544909569349571583e-04
4.795802936726155353e-04
7.884846414059680465e-04
1.094249615172348221e-03
3.706220894668962700e-04
1.693146344724403510e-03
2.208709906818365730e-03
8.496858600037362824e-04
1.438780252494045817e-03
2.882984187677644261e-04
6.050074665140166156e-04
5.199559457091274418e-04
1.163526858977560969e-03
9.189584604107903232e-04
5.461801427614588556e-04
3.053971049542445176e-04
4.551096712569938736e-04
1.531508897427452665e-03
4.105938229161657156e-04
9.365285537060990401e-04
7.717659237609239770e-04
1.073933116719954237e-03
6.695191823433349143e-04
1.079750279415410278e-03
4.192928545977591325e-04
1.212654761119025737e-03
1.293673230748669262e-03
9.639169975940489179e-04
1.060234313495665801e-03
8.987513801101503202e-04
8.383053981922687810e-04
5.687559986833221276e-04
7.982156772994671761e-04
1.033681679825213754e-03
2.494868713352951708e-03
6.253919994232850057e-04
1.208632240146706406e-03
5.488104262871844243e-04
1.452889691227706760e-03
4.847596970416514746e-04
2.654994716395665810e-04
5.578397860084396195e-04
6.768636733204219744e-04
4.915401158338156837e-04
3.907085395540778219e-04
8.062797736165665556e-04
1.850880385044791250e-03
8.944289930766051704e-04
1.164050630009369133e-03
9.528140497383467576e-04
3.124397260840212822e-03
1.077648841815853631e-03
2.093115132666339224e-04
3.540326293878803018e-04
1.083436066725852612e-03
7.289813551816362374e-04
1.030829852114582054e-03
8.536754546906650306e-04
1.162363039852880352e-03
4.258572798438686443e-04
6.282383349456295389e-04
3.440710242164857430e-04
1.298978836607086887e-03
3.859584043909884080e-04
2.548090546888252383e-03
6.305271059236751885e-04
8.748276319316305094e-04
6.743779411413386741e-04
4.955364354579000789e-04
1.191879438637981044e-03
7.002541906208061212e-04
5.260793589274252594e-04
9.135420899662186544e-04
7.875376297531905051e-04
3.694670689496798465e-04
6.042422620520996983e-04
5.164566945450969893e-04
5.808785584967634348e-04
1.212094077915996503e-03
2.190843852079352432e-03
1.850880385044791250e-03
7.739686178990548256e-04
1.395180598845776774e-03
9.145593167244180782e-04
3.278775371731516277e-04
5.876883666596722979e-04
1.252386042632881247e-03
9.064706221365160643e-04
1.969191487607463431e-03
6.388869653079057341e-04
2.542903951663440980e-04
5.250328169259226713e-04
7.744043922779106966e-04
5.424526203796580350e-04
1.643062077922375405e-03
3.737778804632598049e-04
2.763302411907124544e-04
9.093970531290621788e-04
8.351515361771251738e-04
5.072877397066392945e-04
7.617231854335468387e-04
8.259844479082146260e-04
3.701931234555308438e-04
5.433698229260124166e-04
1.711660707201105450e-03
1.922892006304009879e-03
3.594304734577525098e-03
8.327379907744016010e-04
2.665603273218819427e-03
5.117951942964506749e-04
8.413404921838379480e-04
6.450926185880516547e-04
1.071775580138526916e-03
2.041409572386122979e-03
4.209123117987308886e-04
8.948726775687656414e-04
1.178155994916611944e-03
6.246046171346460781e-04
4.318104170238892445e-04
4.173300462129899682e-04
2.013032758014828526e-03
8.071096925845787449e-04
1.125890716945385488e-03
1.713875075790719741e-03
1.248466908452760225e-03
1.159598226133636521e-03
1.258031020533821338e-03
2.370580848019762383e-04
9.878886594389044411e-04
5.397074931976830530e-04
4.662863533602432478e-04
4.123637506204841266e-04
1.350721963863232540e-03
1.359673508604717848e-03
9.533506888396237403e-04
8.167994148501848007e-04
1.298666091438036583e-03
4.706753256863604649e-04
8.615606510624931273e-04
1.774462851002332059e-03
7.909131535143861750e-04
3.211415630791706320e-04
1.176504750042948631e-03
4.311910919520625402e-04
3.714856683012881275e-04
1.380149576672939655e-03
4.475730875824825996e-04
1.127588361827486056e-03
7.790887128527992965e-04
3.905644036822922206e-04
1.472160143430820524e-03
7.744043922779106966e-04
9.752965755287310717e-04
9.423738236911509154e-04
1.100445057076812920e-03
2.357108857560077323e-03
9.906020676883437945e-04
1.847983302743194103e-03
7.420518333361344468e-04
3.741474493808909728e-04
1.223598351759207919e-03
4.703171237465065212e-04
7.391156095964294742e-04
6.441780858580801322e-03
4.484189112549970399e-04
7.086025550348144580e-04
8.429282499408526867e-04
9.510916564155480479e-04
1.643062077922375405e-03
3.815277672833091490e-04
6.532684450645596767e-03
4.675017547879745756e-04
2.175263630221795953e-03
7.207150244975283823e-04
8.774105922608816310e-04
1.635387072326092896e-03
8.193822419496119393e-04
1.388994627077056029e-03
2.966039812996913889e-03
1.003238666725107895e-03
3.988529565591919859e-04
7.382108433732421145e-04
6.599101746196475065e-04
3.260648601543915046e-03
9.707407149071947423e-04
6.765650345245448555e-04
3.139615990450208075e-04
7.867583983474003449e-04
8.318398440129445110e-04
7.187204549492128003e-04
3.856680285384800995e-04
2.175263630221795953e-03
4.929424893644339693e-04
3.423574229165629373e-04
6.445228071353011068e-04
9.412898381992321293e-04
5.509689826575583926e-04
1.198401176674781989e-03
4.400790003728648919e-04
7.333029851928884449e-04
4.518050378801305661e-04
9.722806087027904918e-04
5.488104262871844243e-04
7.051360581832200481e-04
1.922892006304009879e-03
1.650580532242311004e-03
9.260919655806724732e-04
7.431744752814176125e-04
4.777574724264532498e-04
1.506830688434003833e-03
1.839059465619910126e-03
6.343311173611838362e-04
9.826375854651116844e-04
8.205428974258262027e-04
5.021695268053282110e-04
2.945082864176687908e-04
9.065931937918592131e-04
5.532883864874911864e-04
2.865181876102669643e-03
6.406352631703844322e-04
4.045228772931176416e-04
5.632308937889352919e-04
1.012848910749064276e-03
7.320387990563418865e-04
6.492797420584250174e-04
4.161900233839168576e-04
1.696872149840665577e-03
4.307597773901974221e-04
4.548218717278662711e-04
3.162316223896030707e-03
2.513624982827913565e-03
7.207150244975283823e-04
6.451841374689020739e-04
1.213950730729821152e-03
5.354414662372742641e-04
1.028528277451518265e-03
6.978278407298292184e-04
6.526224507418339942e-04
5.080737677898664387e-03
1.227385057985483710e-03
6.293589234582793552e-04
2.798802724800452378e-04
1.150347464428145812e-03
9.410280893833508761e-04
2.093891942791029775e-03
7.669879944917688906e-04
8.030022614292206453e-04
5.363996954157216560e-04
7.903544754168209847e-04
4.473520643404393167e-04
6.480196972201222438e-04
1.177625873147483421e-03
5.342256765370926664e-04
3.975790246567226368e-04
1.699769464434251103e-03
7.254490137262683581e-04
1.367067705387754305e-03
2.665603273218819427e-03
8.725129568851339385e-04
3.184573662688430177e-04
5.222028357035074118e-04
1.462993433017740043e-03
7.559355604000127498e-04
3.809911937078894217e-04
4.493843918724788056e-03
6.825585400404266499e-04
1.005032972097500473e-03
3.242280107535058602e-04
1.441955738512597620e-03
4.173300462129899682e-04
4.568200267136838708e-04
6.754537792522835897e-04
8.606239695709789811e-04
6.471003378465689255e-04
4.515271661042251166e-04
1.677149592083294243e-03
1.109691322041428787e-03
8.513885364459001940e-04
5.839853858387902526e-04
6.263046248009141847e-04
3.192583203557844873e-04
8.932971710420937192e-04
4.265332222760287364e-04
5.031861475034976952e-03
1.388875440741465378e-03
3.996491027257084955e-04
1.225037561002584666e-03
8.429802003543387066e-04
1.036709870988666198e-03
3.055057251604121021e-04
2.511267626864483469e-04
3.162316223896030707e-03
9.228421906208451701e-04
1.028919931165682856e-03
5.818719956223615455e-04
8.183672438762313499e-04
5.338769605906545142e-04
6.649950624706397031e-04
1.105936796195473772e-03
2.077084883033402784e-03
4.311910919520625402e-04
1.167010869002666493e-03
5.151964369542780904e-04
3.835321176788625448e-04
1.822612723445778691e-03
4.391121295540216106e-04
8.974925580051393336e-04
6.455219720842813712e-04
5.236007445678412349e-04
4.594387215842747011e-04
5.632613831375693188e-04
4.386336665861643720e-04
4.358313134838266473e-04
7.900830561763128599e-04
6.567896380306081265e-04
1.546483024262631373e-03
6.314887130010010501e-04
1.425074012273111696e-03
1.132392197700184209e-03
1.074151324593871281e-03
1.014948787114109243e-03
5.012981985194771804e-04
1.087849835062867487e-03
5.615469829174765844e-04
5.908225573496553220e-04
1.064587382203666804e-03
1.912506430142648945e-03
5.363167393101296154e-04
7.957364601820733413e-04
5.969723262105902000e-04
6.191188632377633795e-04
4.347627964585840847e-04
5.213934806966018676e-04
3.591725704142181342e-04
1.213763985834339807e-03
3.513234948234323480e-04
3.494098951322275248e-04
2.722700374253574844e-04
1.441207497283016536e-03
1.033769302429555928e-03
6.354402887829296723e-04
1.622894803080146813e-03
5.909259743057712188e-04
5.416701832314537281e-04
7.965989237964428036e-04
7.595011458233414574e-04
6.763326500439810745e-04
7.297643102928933097e-04
3.962545713740101895e-04
5.937751778844807451e-04
6.675980937541705924e-04
1.400343088276317970e-03
6.763326500439810745e-04
5.003098473755834353e-04
9.064126100268782901e-04
1.100581231130630258e-03
4.592299726678481919e-04
1.620888652258993794e-03
1.146928785026840375e-03
7.791547090160357708e-04
1.345178422014574804e-03
5.441566193387224097e-04
5.174480268317916678e-04
6.964755185145644033e-04
9.323259268354538651e-03
4.597288320313081228e-04
7.123195184691319881e-04
3.933916172464672510e-04
4.272347587904619100e-04
3.675695645174488361e-04
4.902171848865662747e-04
3.329871034533097500e-04
1.149395783977582393e-03
4.274705798245996276e-04
6.928324509908994613e-04
7.615064947919839792e-04
4.214222550508556707e-04
1.113402580644646178e-03
1.300101354366680001e-03
9.960554389749451832e-04
3.846516563848598907e-04
6.862890690470276186e-04
6.939331907355130889e-04
4.900068141386120738e-04
9.634904645005428533e-04
9.052235946165617482e-04
5.683539491023080958e-04
7.733377102279988344e-04
2.687477967026770474e-03
5.471486883691436013e-04
6.738423160513914555e-04
9.271177283650570500e-04
7.918783060533035600e-04
5.407199542869434638e-04
1.517296616066411002e-03
2.449671808925445019e-04
8.694236573143371023e-04
8.205559784622100655e-04
1.569347018384727784e-03
5.970513748543504300e-03
8.913711797577457581e-04
1.372797024971508838e-03
1.775577357115086172e-03
2.806957245423704586e-04
1.061103805490176601e-03
3.639751506935566972e-04
4.929854751391776063e-04
1.738737934246605606e-03
7.666218388506849772e-04
5.863313899784037848e-04
1.269813144764145394e-03
4.895230511729884359e-04
1.083308539907595685e-03
4.079119632786512941e-04
1.241770417442552643e-03
1.258975981066504579e-03
7.862362974605612270e-04
1.075073638781362181e-03
5.530731420661774613e-04
3.810870984908625524e-04
5.083575884194378204e-04
4.460453476917080012e-04
7.303147869666918191e-04
4.358313134838266473e-04
5.064491393085557552e-04
2.682694995389559630e-03
3.215775361668645697e-04
6.265349348485105491e-04
4.347954192136200624e-04
4.173300462129899682e-04
1.915645595952649317e-03
5.564705045215883423e-04
1.730836737275270485e-03
1.513795323019968700e-03
1.379596300136096392e-03
6.458848982439974098e-04
4.346840514723308065e-04
1.801120056415627399e-03
1.418773861045061115e-03
4.173459383397888547e-04
1.503827803920506018e-03
6.338466334632275948e-04
6.091176140933685524e-04
5.167669413459664461e-04
6.219242272841546491e-04
5.354234466517675869e-04
3.443560310619028135e-04
1.166126760429488443e-03
4.984479762364012407e-04
1.515638916512277454e-03
4.594387215842747011e-04
1.632899182553092590e-03
4.391514364521799363e-04
7.219821134077229101e-04
2.154774448646228600e-03
8.227741298657397645e-04
2.354712592337796558e-03
8.277765256869632632e-04
5.122240344548390813e-04
1.154637081118364220e-03
7.966358219109047518e-04
4.230974990162009110e-04
8.098610492360922442e-04
1.635348605987306352e-03
6.774725196209124140e-04
1.055004221637688248e-03
8.462067231735621127e-04
3.283047556425393917e-04
5.784270742436047096e-04
5.355185867901207436e-04
1.356290136047448060e-03
8.089135764896773642e-04
9.707259781092408184e-04
1.457406892208419191e-03
2.961456657548274516e-04
4.885047867659436920e-04
4.703466391593757751e-04
9.408151525190661807e-04
6.442066240849951943e-04
2.088659872708518387e-03
6.620700562713272876e-04
7.538411682006654129e-04
9.267678891100878530e-04
1.462966958502550773e-03
2.980612326816261550e-04
9.353167884244674782e-04
1.052136177020315463e-03
1.745437367011570731e-03
9.011581652179690739e-04
6.388869653079057341e-04
4.412810464551184171e-04
1.067653825218718450e-03
7.379109691062989401e-04
9.956618663341067817e-04
1.232035322870538062e-03
4.933051249679820151e-04
2.457410592762770008e-03
1.272926696985529583e-03
1.378403007679821889e-03
3.854762867052923675e-04
1.068594124157022087e-03
6.152953875684142888e-04
8.343261491786452743e-04
1.506764557818321979e-03
1.447667023865286404e-03
3.741726969443469959e-04
1.997503309262173028e-03
1.330344102772395643e-03
3.069511864733693533e-03
7.618182765280782573e-04
4.005438193446236189e-04
2.174865201211192024e-03
9.953700647680396515e-04
5.576124878239626216e-04
3.825212071417820043e-04
5.615054998663272703e-04
5.892718136077355895e-04
4.936533531391302815e-04
1.430240976471069091e-03
6.489809035706217092e-04
1.062642981997639381e-03
8.619255682767749602e-04
4.364848382833175482e-04
2.319706276734437387e-03
6.228642322019526441e-04
1.011547873610327318e-03
5.812812326637270500e-04
7.774358243333007699e-04
2.629392471322862176e-03
1.858974215537565877e-03
9.938590229423558461e-04
2.457913919036920289e-03
2.826133822513909400e-04
7.154219670856708149e-04
1.260317573402619388e-03
4.721177358746581174e-04
9.825204948565159722e-04
8.477725739190209234e-04
1.100581231130630258e-03
6.699243299295159094e-04
3.851167747710308124e-03
2.695568195230832118e-03
2.127497885904093469e-03
4.246436228034446603e-04
3.513259009420102198e-03
5.867178348476657706e-04
1.204305502682841448e-03
3.824839224994620174e-03
1.026163088423423173e-03
4.217653099484228283e-04
4.899211027329320118e-04
4.892798092924256249e-04
1.159348321580713596e-03
3.834111409502939227e-04
8.661550145564778395e-04
3.048871779661553507e-03
4.943751135139818741e-04
8.398954897627868661e-04
1.172927889299044167e-03
9.620802999828042537e-04
1.173558678262049066e-03
2.612685914063027099e-03
8.781524413625512067e-04
9.789850575561351298e-04
3.098621040688953696e-04
2.952848411111072373e-03
3.555764065463679394e-04
2.001152706290065461e-03
7.009098511822159589e-04
6.601979153059915444e-04
1.003109152814448887e-03
9.674905353775830816e-04
2.173802050975598595e-03
7.005678726172982198e-04
3.373399273802271670e-04
9.118016920747785145e-04
8.408690500184682649e-04
8.165536324811410555e-04
6.602457773399785781e-04
6.681709851214228529e-04
2.737286829299154104e-04
4.542554870102157179e-04
3.179177916344968591e-04
4.165084457524265106e-04
4.599850069520859826e-04
6.989837769315486362e-04
8.803683485836799041e-04
4.635836699260080561e-04
1.772628489689594047e-03
1.094912301326162341e-03
4.583825313899097934e-04
4.499839559036754332e-04
9.764519738320006411e-04
8.608451788054072773e-04
9.250649745846320363e-04
8.927126920700425910e-04
6.034105678181626853e-04
7.193496527948945157e-04
6.635368798466692065e-04
8.528933190078999242e-04
9.724317359448565430e-04
7.333029851928884449e-04
1.383921510547103922e-03
2.201905929962134575e-04
1.108760977687060952e-03
4.239178673976154313e-04
9.658374550734706489e-04
6.591558844922227635e-04
6.279428813166811323e-04
1.314593858048691312e-03
6.601441540819062920e-04
4.222199394560129733e-04
1.084011208735595824e-03
7.323802708465471534e-04
6.002443552085725111e-04
1.064430900392572023e-03
4.677256675166298057e-04
1.567570326705571785e-03
3.582188741138255406e-03
8.157617807901572718e-04
7.049460379273776245e-04
5.860884159653415070e-04
9.795680113244514646e-04
5.463834670355979155e-04
2.302238887383725383e-03
9.880905315600750985e-04
1.161712518726746961e-03
5.550831535335313182e-04
3.848962002735595322e-04
5.014926509862157548e-04
6.137527995717021031e-04
3.317310424738256032e-04
1.597673427902512010e-03
3.000320132997650116e-03
1.932974909478678413e-03
9.372411171301302550e-04
6.549803336027310453e-04
6.066887785630765062e-04
5.191766061453013687e-04
1.001510164124547880e-03
4.484838399798065853e-04
6.336006044513466193e-04
7.894792254713285055e-04
1.251999744193871842e-03
7.248536223955778053e-04
3.031443331056302474e-04
5.607658213051637053e-04
1.022104033089378484e-03
5.732761704861105310e-04
1.331415589455917092e-03
2.291028028583367519e-03
5.041070671387956658e-04
2.879748603135780043e-04
4.356957416069095579e-04
9.502788608762440274e-04
2.318169194918843351e-03
2.543785332938249899e-04
1.388875440741465378e-03
4.333588135800392287e-04
1.041183952858861905e-03
1.385414679419598016e-03
7.900830561763128599e-04
6.927330948592628698e-04
3.357498338277371494e-04
2.006496867098540296e-04
6.492797420584250174e-04
7.617650545696655947e-04
9.114974063555363959e-04
5.496652781380891289e-04
1.506764557818321979e-03
5.424526203796580350e-04
9.707407149071947423e-04
1.333773421358064228e-03
3.420148912291254067e-04
5.810245430049892522e-04
1.515400094426914718e-03
4.760306782921839295e-04
6.363676439033166127e-04
5.191180072699841472e-04
3.948977946420484083e-04
2.463741412534016257e-03
1.449223722230074925e-03
7.207150244975283823e-04
1.047522335500588198e-03
4.745281920947301449e-04
1.991775263557514671e-03
1.212654761119025737e-03
2.164757982844691276e-03
9.232207816757940014e-03
7.227301466887084760e-04
6.945745818319758224e-04
2.064567030857044141e-03
3.443560310619028135e-04
1.049312311267143515e-03
1.016413731507948047e-03
1.096448740494847598e-03
4.665836653366743875e-04
8.663284623155198278e-04
1.596349119865087202e-03
2.239155375470048333e-03
1.357769558001376432e-03
7.490264147558970201e-04
8.645907581184324392e-04
4.844887771162707346e-04
6.441780858580801322e-03
5.043981970272545150e-04
4.350124399177506397e-04
9.383945118238200354e-04
4.925578705293767951e-04
4.577677970442971364e-04
1.868604628867901168e-03
1.132545638829075569e-03
2.022699708766221259e-03
7.248013279721440870e-04
5.396690226583873186e-04
8.031854117986489882e-04
6.946551899165294116e-04
1.045672412738960291e-03
1.181769314607656815e-03
1.345650105955057980e-03
3.145292631539046155e-04
9.087350945168611678e-04
5.431572395992557501e-04
5.783295743479621330e-04
4.128681849525611246e-04
1.350721963863232540e-03
5.259628780015194061e-04
7.721273034252692331e-04
1.085073892987799358e-03
9.200939662413916680e-04
5.355185867901207436e-04
8.842083627184141575e-04
4.350124399177506397e-04
8.573310856088344964e-04
1.481176509966381253e-03
5.305355026099483999e-04
4.047630034812801925e-04
8.496858600037362824e-04
1.505192726947025394e-03
9.756999095047446400e-04
3.549086666622902836e-04
8.688593798154656831e-04
4.639843384982023089e-04
6.195789930335387228e-04
1.035385725858608457e-03
7.094050045619334881e-04
3.382904319064300425e-04
3.269433987997161272e-04
8.157848318472016432e-04
6.111626215047129837e-04
3.897137104533713453e-04
8.729717790999691647e-04
4.920713841659935710e-04
3.264415749343784943e-04
4.750198922442408662e-04
3.426589253772934808e-04
8.506801974674956229e-04
1.261930723669791058e-03
7.726383803622141350e-04
7.415440489219021335e-04
8.673035214195296645e-04
5.342256765370926664e-04
8.268860224229919410e-04
7.516824884890901514e-04
1.426627921761408711e-03
3.324433925243075200e-04
1.847037977238422503e-03
8.532184116098983891e-04
3.126408552353525123e-03
8.016720612216939653e-04
7.571157288429371116e-04
2.865805007756889664e-04
4.845987477956796379e-04
1.268907154089650435e-03
5.458467969845320856e-04
1.076972670805410610e-03
1.510567566868010417e-03
5.516856326876379583e-04
4.581681284191025630e-04
7.251710824979718190e-04
1.622894803080146813e-03
6.881644635730572264e-04
6.365523482927514919e-04
1.990190192179622664e-03
7.891856101043847379e-04
5.925143121018119907e-04
1.099541210117901914e-03
2.401923067812824185e-04
1.047383553961566760e-03
2.807499039371926918e-03
6.252054552198022712e-04
8.856886495416586673e-04
3.778268246043408620e-04
8.134586860184370204e-04
1.065267742742246780e-03
4.357021733818683754e-04
2.645063775329371683e-04
4.073164584842034713e-04
7.060935235718954510e-04
2.330647267164871316e-03
1.068267379219888695e-03
7.049460379273776245e-04
8.350318019148008069e-04
2.034011120511217824e-03
3.329871034533097500e-04
8.492860913720001216e-04
4.346840514723308065e-04
1.025925991144992699e-03
4.107703820635258082e-04
9.042366406252573714e-04
5.890483311728999779e-04
3.700540457453514948e-04
4.208866239976742055e-04
1.269388198316193312e-03
8.227686050141740483e-04
6.986627138952672964e-04
1.370282276466882167e-03
7.435768058923005082e-04
1.257111697293989685e-03
2.236379915739371196e-03
1.317601025618034228e-03
6.769483782811665067e-04
8.135739676191495713e-04
9.907733373066751267e-04
9.195322674424947227e-04
5.003979072419757453e-04
2.681780929052119018e-03
8.971852520905030911e-04
1.024534306420601905e-03
1.223891575092287331e-03
5.130266732476944412e-04
1.224466239462252337e-03
1.270259455334276939e-03
4.777243514795942989e-04
8.716400713716802905e-04
9.898365843880156407e-04
1.366182937517782230e-03
3.900314737876245234e-04
1.997503309262173028e-03
4.915401158338156837e-04
6.913645202166932664e-04
8.479596642187222505e-04
3.966170318556467970e-04
3.554770875915458719e-04
8.884799989568417959e-04
1.469824038341069903e-03
6.880037515494875390e-04
1.420551541079405821e-03
2.839797444159406327e-04
3.288804090527570347e-04
2.463741412534016257e-03
1.094909387084911029e-03
9.265648942709216922e-04
2.966039812996913889e-03
7.327064737880771995e-04
1.122048646196785590e-03
1.169275221970754062e-03
8.258323256872632679e-04
2.511007590522720237e-04
6.625701009680189059e-04
7.855279919243886039e-04
9.249353138288564499e-04
2.241321928086848804e-03
4.026372741148143033e-04
8.834227573249264298e-04
6.962857027090122277e-04
1.220606356949590276e-03
2.755858877430460781e-04
7.374609008722359709e-04
6.339275648986770475e-04
3.706662405826701237e-04
2.733943876396188223e-03
2.035316880198292412e-03
1.098156779242950420e-03
9.022081297553681718e-04
2.201905929962134575e-04
1.038046920219402999e-03
9.781416863511957927e-04
9.427174852280171971e-04
6.662514765129845355e-04
8.160994408510928617e-04
2.170707016628605195e-03
7.797088087302126228e-04
6.488906473009130142e-04
9.925735121729924518e-04
4.303362085032836704e-04
1.116600192766040471e-03
1.433084001413624476e-03
6.676820346048106163e-04
2.807499039371926918e-03
3.173660968165825528e-04
1.558286166619122885e-03
7.982156772994671761e-04
5.137209627109947524e-04
5.113355392054830207e-04
1.635348605987306352e-03
2.375447082987129036e-03
5.438224658390214492e-04
3.224111130275561054e-04
5.984967765279183664e-04
3.927012983669115470e-04
4.119619242854798808e-04
6.763326500439810745e-04
9.833184734058298977e-04
1.547192918651929235e-03
8.111018265049797435e-04
9.877395955502658517e-04
1.338085724062747619e-03
1.615503758480542383e-03
2.907108322491498177e-04
1.041183952858861905e-03
5.199559457091274418e-04
4.655063815287835264e-04
6.989347424018328399e-04
3.655233419622199646e-04
2.164757982844691276e-03
2.326146306881746433e-03
1.016413731507948047e-03
7.477080918190392739e-04
1.357769558001376432e-03
3.809108965425221714e-04
3.349403789935567950e-04
4.901733933706056180e-04
5.819010422647446666e-04
1.013250676773033709e-03
1.070636036413414195e-03
1.928346333468168279e-03
8.925506391563359145e-04
1.118788371988961453e-03
3.658294048859139910e-04
3.985759970439229803e-04
5.517708052963193584e-04
4.845987477956796379e-04
6.619046764313222479e-04
2.536914778885469390e-04
5.462136097325357657e-04
1.648993956130528774e-03
6.870163318612727658e-04
1.335192559352895185e-03
4.447722867394703463e-04
4.915581922155804872e-04
6.399964432490300257e-04
9.287698365725954560e-04
9.132316121390514959e-04
1.191615934734579921e-03
4.265525228553486621e-04
6.324862886416379639e-04
4.039213408394172478e-04
3.997222374753477961e-04
6.298160174885178517e-04
8.016392324997473600e-04
4.444966966086191036e-04
1.227955278626263746e-03
3.198138975811193026e-04
1.332441472548435892e-03
1.534484242758984811e-03
1.038575791926713791e-03
2.114868795986209887e-03
1.118788371988961453e-03
6.017723349866670787e-04
3.897137104533713453e-04
9.285222938725563738e-04
1.765976161882780232e-03
2.487692137656709497e-03
9.533077270345778577e-04
6.939331907355130889e-04
1.176126992630917127e-03
6.490566575171732638e-04
1.096429577044888111e-03
