5.782335023970565369e-02
5.782379880682103623e-02
5.782406415727033705e-02
5.782373667872557632e-02
5.782401570001768909e-02
5.782421497627400486e-02
5.782425168712623104e-02
5.782404702456570011e-02
5.782405858660358972e-02
5.782384905281033605e-02
5.782380544382895171e-02
5.782420127212627159e-02
5.782380512175713805e-02
5.782357373472382656e-02
5.782332828327643726e-02
5.782406415727033705e-02
5.782310942645792207e-02
5.782420023851789215e-02
5.782421497627400486e-02
5.782323163010651135e-02
5.782421592878420058e-02
5.782406520414631879e-02
5.782402896185069585e-02
5.782332828327643726e-02
5.782338151828117501e-02
5.782387703521540967e-02
5.782353148928402742e-02
5.782416670195666963e-02
5.782425168712623104e-02
5.782404702456570011e-02
5.782380544382895171e-02
5.782357373472382656e-02
5.782423991229827809e-02
5.782346866714308670e-02
5.782401570001768909e-02
5.782368302308027452e-02
5.782418892160604007e-02
5.782425168712623104e-02
5.782323163010651135e-02
5.782405858660358972e-02
5.782380544382895171e-02
5.782340015209606887e-02
5.782357373472382656e-02
5.782375813244375329e-02
5.782406415727033705e-02
5.782415848028153726e-02
5.782425093364619573e-02
5.782420023851789215e-02
5.782421497627400486e-02
5.782345547553117970e-02
5.782380544382895171e-02
5.782360165217245718e-02
5.782406415727033705e-02
5.782338151828117501e-02
5.782387703521540967e-02
5.782368302308027452e-02
5.782328578649011119e-02
5.782398940222083228e-02
5.782397865692893990e-02
5.782393874413099821e-02
5.782421592878420058e-02
5.782357373472382656e-02
5.782379880682103623e-02
5.782406415727033705e-02
5.782338151828117501e-02
5.782395553245593678e-02
5.782429872995564768e-02
5.782418602199919377e-02
5.782323163010651135e-02
5.782405858660358972e-02
5.782421592878420058e-02
5.782339663361261289e-02
5.782376411666780014e-02
5.782338151828117501e-02
5.782387703521540967e-02
5.782425168712623104e-02
5.782323163010651135e-02
5.782384905281033605e-02
5.782397865692893990e-02
5.782393874413099821e-02
5.782413069675487738e-02
5.782335023970565369e-02
5.782405587197111951e-02
5.782406520414631879e-02
5.782357373472382656e-02
5.782379880682103623e-02
5.782431506186778980e-02
5.782418303131625636e-02
5.782401570001768909e-02
5.782421497627400486e-02
5.782380544382895171e-02
5.782357373472382656e-02
5.782379880682103623e-02
5.782373667872557632e-02
5.782414957871781502e-02
5.782431187907193654e-02
5.782345547553117970e-02
5.782422063823397518e-02
5.782404702456570011e-02
5.782415988018006769e-02
5.782413069675487738e-02
5.782377459628289251e-02
5.782357373472382656e-02
5.782423991229827809e-02
5.782406415727033705e-02
5.782338151828117501e-02
5.782387703521540967e-02
5.782368302308027452e-02
5.782394527496262371e-02
5.782345547553117970e-02
5.782380544382895171e-02
5.782420324310119653e-02
5.782357373472382656e-02
5.782379880682103623e-02
5.782361868864903387e-02
5.782398087882367754e-02
5.782387703521540967e-02
5.782368302308027452e-02
5.782421497627400486e-02
5.782307665468641722e-02
5.782380544382895171e-02
5.782405587197111951e-02
5.782384532576938241e-02
5.782413076021189480e-02
5.782423991229827809e-02
5.782388751599580601e-02
5.782338151828117501e-02
5.782387703521540967e-02
5.782421497627400486e-02
5.782365401440588137e-02
5.782380544382895171e-02
5.782406520414631879e-02
5.782318371915763644e-02
5.782379880682103623e-02
5.782418637731649019e-02
5.782406415727033705e-02
5.782291357893372397e-02
5.782418045754089686e-02
5.782345547553117970e-02
5.782275396539873769e-02
5.782380544382895171e-02
5.782383459267891046e-02
5.782357373472382656e-02
5.782379880682103623e-02
5.782361868864903387e-02
5.782338151828117501e-02
5.782387703521540967e-02
5.782368302308027452e-02
5.782421497627400486e-02
5.782415732929986618e-02
5.782380544382895171e-02
5.782341928417424060e-02
5.782391069699066577e-02
5.782366821940913143e-02
5.782338151828117501e-02
5.782387703521540967e-02
5.782421497627400486e-02
5.782425168712623104e-02
5.782404702456570011e-02
5.782399172562870115e-02
5.782380544382895171e-02
5.782405587197111951e-02
5.782406520414631879e-02
5.782423991229827809e-02
5.782431506186778980e-02
5.782373667872557632e-02
5.782387703521540967e-02
5.782368302308027452e-02
5.782421497627400486e-02
5.782345547553117970e-02
5.782421592878420058e-02
5.782405587197111951e-02
5.782383951905790964e-02
5.782379880682103623e-02
5.782406415727033705e-02
5.782404370851587649e-02
5.782425018973796904e-02
5.782363312534015420e-02
5.782405858660358972e-02
5.782384905281033605e-02
5.782380544382895171e-02
5.782433360412330553e-02
5.782423782954178304e-02
5.782339663361261289e-02
5.782406415727033705e-02
5.782389283175027456e-02
5.782383313267995539e-02
5.782431187907193654e-02
5.782401117240523747e-02
5.782421497627400486e-02
5.782380544382895171e-02
5.782377641650057049e-02
5.782433985511244157e-02
5.782406415727033705e-02
5.782338151828117501e-02
5.782387703521540967e-02
5.782431187907193654e-02
5.782345547553117970e-02
5.782431158342402067e-02
5.782420444327775882e-02
5.782380544382895171e-02
5.782420127212627159e-02
5.782318371915763644e-02
5.782423991229827809e-02
5.782338151828117501e-02
5.782368302308027452e-02
5.782420023851789215e-02
5.782323163010651135e-02
5.782405858660358972e-02
5.782402113946706612e-02
5.782420324310119653e-02
5.782357373472382656e-02
5.782357798226120393e-02
5.782406415727033705e-02
5.782338151828117501e-02
5.782350142435409290e-02
5.782421497627400486e-02
5.782345547553117970e-02
5.782425168712623104e-02
5.782425747431800545e-02
5.782421592878420058e-02
5.782357373472382656e-02
5.782341928417424060e-02
5.782338151828117501e-02
5.782401570001768909e-02
5.782420023851789215e-02
5.782397865692893990e-02
5.782399172562870115e-02
5.782414709344785297e-02
5.782424126264570918e-02
5.782380544382895171e-02
5.782357373472382656e-02
5.782406415727033705e-02
5.782387703521540967e-02
5.782399349826487095e-02
5.782421497627400486e-02
5.782345547553117970e-02
5.782427389695261183e-02
5.782389280032866619e-02
5.782405858660358972e-02
5.782356446973870023e-02
5.782379880682103623e-02
5.782379755646806230e-02
5.782406415727033705e-02
5.782338151828117501e-02
5.782368302308027452e-02
5.782421497627400486e-02
5.782383528465132039e-02
5.782373334482152766e-02
5.782323163010651135e-02
5.782413069675487738e-02
5.782318371915763644e-02
5.782330274028608941e-02
5.782387703521540967e-02
5.782380699800437895e-02
5.782349138791907650e-02
5.782323163010651135e-02
5.782405858660358972e-02
5.782384905281033605e-02
5.782397865692893990e-02
5.782356446973870023e-02
5.782402589630701584e-02
5.782357373472382656e-02
5.782423991229827809e-02
5.782406415727033705e-02
5.782401570001768909e-02
5.782355396516866697e-02
5.782345547553117970e-02
5.782323163010651135e-02
5.782384905281033605e-02
5.782380544382895171e-02
5.782424910941456192e-02
5.782373667872557632e-02
5.782387703521540967e-02
5.782425168712623104e-02
5.782363336289104983e-02
5.782351143885024192e-02
5.782353221783263775e-02
5.782395018348651661e-02
5.782395169016604775e-02
5.782380544382895171e-02
5.782357373472382656e-02
5.782379880682103623e-02
5.782420864101835145e-02
5.782406415727033705e-02
5.782329025882269879e-02
5.782392417622851666e-02
5.782383678233539437e-02
5.782399349826487095e-02
5.782416033702021674e-02
5.782380544382895171e-02
5.782357373472382656e-02
5.782379880682103623e-02
5.782406415727033705e-02
5.782338151828117501e-02
5.782387703521540967e-02
5.782368302308027452e-02
5.782421497627400486e-02
5.782323163010651135e-02
5.782384905281033605e-02
5.782380544382895171e-02
5.782357373472382656e-02
5.782375813244375329e-02
5.782406415727033705e-02
5.782338151828117501e-02
5.782402409239853491e-02
5.782325578356534157e-02
5.782421497627400486e-02
5.782345547553117970e-02
5.782406600562965682e-02
5.782371590695184471e-02
5.782423991229827809e-02
5.782406415727033705e-02
5.782414957871781502e-02
5.782368302308027452e-02
5.782421497627400486e-02
5.782346040849917906e-02
5.782323163010651135e-02
5.782405858660358972e-02
5.782384905281033605e-02
5.782380544382895171e-02
5.782415287911247398e-02
5.782402896185069585e-02
5.782379880682103623e-02
5.782417794126078203e-02
5.782406415727033705e-02
5.782329025882269879e-02
5.782401570001768909e-02
5.782431187907193654e-02
5.782323163010651135e-02
5.782380544382895171e-02
5.782420324310119653e-02
5.782426582994568132e-02
5.782357798226120393e-02
5.782406415727033705e-02
5.782432673402425338e-02
5.782414957871781502e-02
5.782421497627400486e-02
5.782425168712623104e-02
5.782323163010651135e-02
5.782380544382895171e-02
5.782318319024842140e-02
5.782406415727033705e-02
5.782328925795705843e-02
5.782338151828117501e-02
5.782368302308027452e-02
5.782418045754089686e-02
5.782345547553117970e-02
5.782422063823397518e-02
5.782323163010651135e-02
5.782421592878420058e-02
5.782420324310119653e-02
5.782423991229827809e-02
5.782406415727033705e-02
5.782338151828117501e-02
5.782387703521540967e-02
5.782368302308027452e-02
5.782434517827035603e-02
5.782345547553117970e-02
5.782425168712623104e-02
5.782279434546774843e-02
5.782333822939385304e-02
5.782379880682103623e-02
5.782376411666780014e-02
5.782401570001768909e-02
5.782368302308027452e-02
5.782416781645242920e-02
5.782345547553117970e-02
5.782425168712623104e-02
5.782389280032866619e-02
5.782380544382895171e-02
5.782402896185069585e-02
5.782423991229827809e-02
5.782431506186778980e-02
5.782338151828117501e-02
5.782387703521540967e-02
5.782345547553117970e-02
5.782425168712623104e-02
5.782405858660358972e-02
5.782384905281033605e-02
5.782380544382895171e-02
5.782420127212627159e-02
5.782318371915763644e-02
5.782423991229827809e-02
5.782406415727033705e-02
5.782338151828117501e-02
5.782387703521540967e-02
5.782368302308027452e-02
5.782404702456570011e-02
5.782405858660358972e-02
5.782406520414631879e-02
5.782413076021189480e-02
5.782379880682103623e-02
5.782376411666780014e-02
5.782338151828117501e-02
5.782435546869470200e-02
5.782323163010651135e-02
5.782405858660358972e-02
5.782385777863412873e-02
5.782433778524447010e-02
5.782421592878420058e-02
5.782357373472382656e-02
5.782390695422535976e-02
5.782406415727033705e-02
5.782375643472617566e-02
5.782387703521540967e-02
5.782368302308027452e-02
5.782421497627400486e-02
5.782345547553117970e-02
5.782425168712623104e-02
5.782380544382895171e-02
5.782434102557683364e-02
5.782424056219816894e-02
5.782366975094643119e-02
5.782381187553516100e-02
5.782406415727033705e-02
5.782347281979044462e-02
5.782387703521540967e-02
5.782368302308027452e-02
5.782289418173405804e-02
5.782376951080453464e-02
5.782377459628289251e-02
5.782357373472382656e-02
5.782341928417424060e-02
5.782406415727033705e-02
5.782367234698178315e-02
5.782368302308027452e-02
5.782421497627400486e-02
5.782404702456570011e-02
5.782433974303588520e-02
5.782411829793629443e-02
5.782341928417424060e-02
5.782406415727033705e-02
5.782411390487070951e-02
5.782421497627400486e-02
5.782345547553117970e-02
5.782425168712623104e-02
5.782420782445389651e-02
5.782366572602651300e-02
5.782397865692893990e-02
5.782380544382895171e-02
5.782295545615032117e-02
5.782357373472382656e-02
5.782423991229827809e-02
5.782406415727033705e-02
5.782338151828117501e-02
5.782368302308027452e-02
5.782404702456570011e-02
5.782365267329623443e-02
5.782399172562870115e-02
5.782413069675487738e-02
5.782387086828347234e-02
5.782408339145377052e-02
5.782357373472382656e-02
5.782379880682103623e-02
5.782393561212101352e-02
5.782373667872557632e-02
5.782387703521540967e-02
5.782353148928402742e-02
5.782383528465132039e-02
5.782421592878420058e-02
5.782301277167559150e-02
5.782375813244375329e-02
5.782376411666780014e-02
5.782329025882269879e-02
5.782368302308027452e-02
5.782421497627400486e-02
5.782345547553117970e-02
5.782333658456702274e-02
5.782323163010651135e-02
5.782383459267891046e-02
5.782357373472382656e-02
5.782379880682103623e-02
5.782338151828117501e-02
5.782387703521540967e-02
5.782407946564144252e-02
5.782432883663140427e-02
5.782368664374821360e-02
5.782384905281033605e-02
5.782397865692893990e-02
5.782421592878420058e-02
5.782357373472382656e-02
5.782338151828117501e-02
5.782401570001768909e-02
5.782368302308027452e-02
5.782389253147604546e-02
5.782425168712623104e-02
5.782389280032866619e-02
5.782405858660358972e-02
5.782384905281033605e-02
5.782382936413217600e-02
5.782357373472382656e-02
5.782423991229827809e-02
5.782376411666780014e-02
5.782387703521540967e-02
5.782345547553117970e-02
5.782404797049731093e-02
5.782323163010651135e-02
5.782405858660358972e-02
5.782315814123011044e-02
5.782380544382895171e-02
5.782357373472382656e-02
5.782379880682103623e-02
5.782376411666780014e-02
5.782338151828117501e-02
5.782421497627400486e-02
5.782345547553117970e-02
5.782410517470666644e-02
5.782405858660358972e-02
5.782315814123011044e-02
5.782380544382895171e-02
5.782396044403353974e-02
5.782357373472382656e-02
5.782379880682103623e-02
5.782338151828117501e-02
5.782387453467088129e-02
5.782386238069740086e-02
5.782404892981249378e-02
5.782397865692893990e-02
5.782361980357399178e-02
5.782380544382895171e-02
5.782407889482073238e-02
5.782318371915763644e-02
5.782379880682103623e-02
5.782387703521540967e-02
5.782421497627400486e-02
5.782425168712623104e-02
5.782404702456570011e-02
5.782399045278534266e-02
5.782397865692893990e-02
5.782380544382895171e-02
5.782315113623595626e-02
5.782357373472382656e-02
5.782423991229827809e-02
5.782406415727033705e-02
5.782338151828117501e-02
5.782387703521540967e-02
5.782413579462597486e-02
5.782421497627400486e-02
5.782345547553117970e-02
5.782380544382895171e-02
5.782357373472382656e-02
5.782372632787502464e-02
5.782373667872557632e-02
5.782368302308027452e-02
5.782421497627400486e-02
5.782345547553117970e-02
5.782425168712623104e-02
5.782404702456570011e-02
5.782413152470564088e-02
5.782380544382895171e-02
5.782394807244278789e-02
5.782406520414631879e-02
5.782434102557683364e-02
5.782379880682103623e-02
5.782406415727033705e-02
5.782338151828117501e-02
5.782391433172712203e-02
5.782325578356534157e-02
5.782434517827035603e-02
5.782391898023244575e-02
5.782315113623595626e-02
5.782424056219816894e-02
5.782379880682103623e-02
5.782398087882367754e-02
5.782418045754089686e-02
5.782345547553117970e-02
5.782406666413739127e-02
5.782384905281033605e-02
5.782395018348651661e-02
5.782380544382895171e-02
5.782357373472382656e-02
5.782379880682103623e-02
5.782406415727033705e-02
5.782329025882269879e-02
5.782387703521540967e-02
5.782355286592651133e-02
5.782420023851789215e-02
5.782421497627400486e-02
5.782334596671545590e-02
5.782415644622519724e-02
5.782402896185069585e-02
5.782423991229827809e-02
5.782406415727033705e-02
5.782338151828117501e-02
5.782368302308027452e-02
5.782394527496262371e-02
5.782416670195666963e-02
5.782344629968370897e-02
5.782425168712623104e-02
5.782380544382895171e-02
5.782412289067129230e-02
5.782379880682103623e-02
5.782414665537120857e-02
5.782406415727033705e-02
5.782338151828117501e-02
5.782355396516866697e-02
5.782420023851789215e-02
5.782421497627400486e-02
5.782425168712623104e-02
5.782380544382895171e-02
5.782315113623595626e-02
5.782318371915763644e-02
5.782423991229827809e-02
5.782329025882269879e-02
5.782383678233539437e-02
5.782421497627400486e-02
5.782345547553117970e-02
5.782425168712623104e-02
5.782333469227929346e-02
5.782380544382895171e-02
5.782423991229827809e-02
5.782406415727033705e-02
5.782388043106036213e-02
5.782338151828117501e-02
5.782404702456570011e-02
5.782399045278534266e-02
5.782399172562870115e-02
5.782395018348651661e-02
5.782414709344785297e-02
5.782386583340407699e-02
5.782377459628289251e-02
5.782390695422535976e-02
5.782338151828117501e-02
5.782368302308027452e-02
5.782381504505886005e-02
5.782307665468641722e-02
5.782384905281033605e-02
5.782397865692893990e-02
5.782399172562870115e-02
5.782380544382895171e-02
5.782357373472382656e-02
5.782379880682103623e-02
5.782406415727033705e-02
5.782427929985768655e-02
5.782338151828117501e-02
5.782387703521540967e-02
5.782368302308027452e-02
5.782380699800437895e-02
5.782425168712623104e-02
5.782384532576938241e-02
5.782379880682103623e-02
5.782406415727033705e-02
5.782338151828117501e-02
5.782387703521540967e-02
5.782355286592651133e-02
5.782394527496262371e-02
5.782345547553117970e-02
5.782401787407219496e-02
5.782415543562054172e-02
5.782396648063768685e-02
5.782357373472382656e-02
5.782379880682103623e-02
5.782406415727033705e-02
5.782395039158425010e-02
5.782414957871781502e-02
5.782368302308027452e-02
5.782334596671545590e-02
5.782425168712623104e-02
5.782323163010651135e-02
5.782428839026262923e-02
5.782357373472382656e-02
5.782358569901782652e-02
5.782379880682103623e-02
5.782406415727033705e-02
5.782373667872557632e-02
5.782387703521540967e-02
5.782394527496262371e-02
5.782329866732695278e-02
5.782425168712623104e-02
5.782421592878420058e-02
5.782425921173094119e-02
5.782357373472382656e-02
5.782406875403221791e-02
5.782379755646806230e-02
5.782406415727033705e-02
5.782401570001768909e-02
5.782350142435409290e-02
5.782386149399040831e-02
5.782421497627400486e-02
5.782382936413217600e-02
5.782425921173094119e-02
5.782339663361261289e-02
5.782379880682103623e-02
5.782406415727033705e-02
5.782338151828117501e-02
5.782387703521540967e-02
5.782368302308027452e-02
5.782394527496262371e-02
5.782345547553117970e-02
5.782380544382895171e-02
5.782434102557683364e-02
5.782379880682103623e-02
5.782391069699066577e-02
5.782338151828117501e-02
5.782387703521540967e-02
5.782420007074666468e-02
5.782420544605888779e-02
5.782323163010651135e-02
5.782405858660358972e-02
5.782356446973870023e-02
5.782405587197111951e-02
5.782401540088447089e-02
5.782379880682103623e-02
5.782406415727033705e-02
5.782383313267995539e-02
5.782368302308027452e-02
5.782351742495869806e-02
5.782421497627400486e-02
5.782416670195666963e-02
5.782306159094849352e-02
5.782379880682103623e-02
5.782376411666780014e-02
5.782401570001768909e-02
5.782426655011703442e-02
5.782421497627400486e-02
5.782345547553117970e-02
5.782307665468641722e-02
5.782405858660358972e-02
5.782384905281033605e-02
5.782380544382895171e-02
5.782420127212627159e-02
5.782357373472382656e-02
5.782379880682103623e-02
5.782406415727033705e-02
5.782338151828117501e-02
5.782431187907193654e-02
5.782345547553117970e-02
5.782422063823397518e-02
5.782323163010651135e-02
5.782406520414631879e-02
5.782379880682103623e-02
5.782366313311129713e-02
5.782427811473714319e-02
5.782421497627400486e-02
5.782345547553117970e-02
5.782425168712623104e-02
5.782323163010651135e-02
5.782384905281033605e-02
5.782402113946706612e-02
5.782421592878420058e-02
5.782387086828347234e-02
5.782379880682103623e-02
5.782406415727033705e-02
5.782338151828117501e-02
5.782387703521540967e-02
5.782431187907193654e-02
5.782433811111697269e-02
5.782421497627400486e-02
5.782345547553117970e-02
5.782380544382895171e-02
5.782357373472382656e-02
5.782427687859931914e-02
5.782338151828117501e-02
5.782325578356534157e-02
5.782351742495869806e-02
5.782425168712623104e-02
5.782420782445389651e-02
5.782405858660358972e-02
5.782384905281033605e-02
5.782380544382895171e-02
5.782383459267891046e-02
5.782357373472382656e-02
5.782379880682103623e-02
5.782387703521540967e-02
5.782368302308027452e-02
5.782394527496262371e-02
5.782345547553117970e-02
5.782425168712623104e-02
5.782307665468641722e-02
5.782372854176168198e-02
5.782310942645792207e-02
5.782401570001768909e-02
5.782355286592651133e-02
5.782435497738039332e-02
5.782427380342414214e-02
5.782345547553117970e-02
5.782425168712623104e-02
5.782323163010651135e-02
5.782384905281033605e-02
5.782421592878420058e-02
5.782379880682103623e-02
5.782415699544788540e-02
5.782383313267995539e-02
5.782387703521540967e-02
5.782431187907193654e-02
5.782416670195666963e-02
5.782349138791907650e-02
5.782323163010651135e-02
5.782397865692893990e-02
5.782380544382895171e-02
5.782357373472382656e-02
5.782359479039423517e-02
5.782406415727033705e-02
5.782387703521540967e-02
5.782368302308027452e-02
5.782421497627400486e-02
5.782345547553117970e-02
5.782421878762662032e-02
5.782406666413739127e-02
5.782306159094849352e-02
5.782357373472382656e-02
5.782424056219816894e-02
5.782406415727033705e-02
5.782338151828117501e-02
5.782401570001768909e-02
5.782421497627400486e-02
5.782345547553117970e-02
5.782323163010651135e-02
5.782385609410704841e-02
5.782380544382895171e-02
5.782402896185069585e-02
5.782379880682103623e-02
5.782431051247619025e-02
5.782338151828117501e-02
5.782387703521540967e-02
5.782368302308027452e-02
5.782421497627400486e-02
5.782345547553117970e-02
5.782425168712623104e-02
5.782384532576938241e-02
5.782423991229827809e-02
5.782406415727033705e-02
5.782401168491803356e-02
5.782387703521540967e-02
5.782368302308027452e-02
5.782355020112783794e-02
5.782345547553117970e-02
5.782333658456702274e-02
5.782307665468641722e-02
5.782380544382895171e-02
5.782357373472382656e-02
5.782417794126078203e-02
5.782329025882269879e-02
5.782368302308027452e-02
5.782394527496262371e-02
5.782345547553117970e-02
5.782398940222083228e-02
5.782323163010651135e-02
5.782417063459503737e-02
5.782380544382895171e-02
5.782318371915763644e-02
5.782413076021189480e-02
5.782379880682103623e-02
5.782394781476912771e-02
5.782387703521540967e-02
5.782368302308027452e-02
5.782420023851789215e-02
5.782282255014510597e-02
5.782394644994573452e-02
5.782380544382895171e-02
5.782420127212627159e-02
5.782318371915763644e-02
5.782375813244375329e-02
5.782376411666780014e-02
5.782387703521540967e-02
5.782361806907904134e-02
5.782421497627400486e-02
5.782345547553117970e-02
5.782425168712623104e-02
5.782380544382895171e-02
5.782405587197111951e-02
5.782402896185069585e-02
5.782379880682103623e-02
5.782338151828117501e-02
5.782387703521540967e-02
5.782403980570220703e-02
5.782333469227929346e-02
5.782397865692893990e-02
5.782395018348651661e-02
5.782413995461734013e-02
5.782318371915763644e-02
5.782318319024842140e-02
5.782376411666780014e-02
5.782338151828117501e-02
5.782387703521540967e-02
5.782368302308027452e-02
5.782368610712129708e-02
5.782416670195666963e-02
5.782425168712623104e-02
5.782380544382895171e-02
5.782318371915763644e-02
5.782392251146763196e-02
5.782338151828117501e-02
5.782387703521540967e-02
5.782368302308027452e-02
5.782421497627400486e-02
5.782345547553117970e-02
5.782425168712623104e-02
5.782323163010651135e-02
5.782421592878420058e-02
5.782318371915763644e-02
5.782379880682103623e-02
5.782406415727033705e-02
5.782338151828117501e-02
5.782368302308027452e-02
5.782421497627400486e-02
5.782416670195666963e-02
5.782422063823397518e-02
5.782323163010651135e-02
5.782356446973870023e-02
5.782406520414631879e-02
5.782318319024842140e-02
5.782406415727033705e-02
5.782398087882367754e-02
5.782387703521540967e-02
5.782431187907193654e-02
5.782416670195666963e-02
5.782333658456702274e-02
5.782323163010651135e-02
5.782380544382895171e-02
5.782357373472382656e-02
5.782392251146763196e-02
5.782338151828117501e-02
5.782387453467088129e-02
5.782368302308027452e-02
5.782421497627400486e-02
5.782425168712623104e-02
5.782420782445389651e-02
5.782398147455134613e-02
5.782413995461734013e-02
5.782357373472382656e-02
5.782379880682103623e-02
5.782394781476912771e-02
5.782418303131625636e-02
5.782387703521540967e-02
5.782368302308027452e-02
5.782345547553117970e-02
5.782404702456570011e-02
5.782405858660358972e-02
5.782356446973870023e-02
5.782423494883255632e-02
5.782394406093592509e-02
5.782369988155085239e-02
5.782379880682103623e-02
5.782406415727033705e-02
5.782387703521540967e-02
5.782350142435409290e-02
5.782420023851789215e-02
5.782421497627400486e-02
5.782375371614485726e-02
5.782412289067129230e-02
5.782423991229827809e-02
5.782417794126078203e-02
5.782387703521540967e-02
5.782368302308027452e-02
5.782351742495869806e-02
5.782421497627400486e-02
5.782275396539873769e-02
5.782404702456570011e-02
5.782412374604790906e-02
5.782379880682103623e-02
5.782406415727033705e-02
5.782388043106036213e-02
5.782338151828117501e-02
5.782401570001768909e-02
5.782368302308027452e-02
5.782429872995564768e-02
5.782421497627400486e-02
5.782345547553117970e-02
5.782380544382895171e-02
5.782295545615032117e-02
5.782357373472382656e-02
5.782379880682103623e-02
5.782376411666780014e-02
5.782338151828117501e-02
5.782387703521540967e-02
5.782325578356534157e-02
5.782421497627400486e-02
5.782425168712623104e-02
5.782367558965452459e-02
5.782357373472382656e-02
5.782423991229827809e-02
5.782333214673980593e-02
5.782372632787502464e-02
5.782375643472617566e-02
5.782387703521540967e-02
5.782368302308027452e-02
5.782421497627400486e-02
5.782425168712623104e-02
5.782279434546774843e-02
5.782420127212627159e-02
5.782415287911247398e-02
5.782314769865917747e-02
5.782406415727033705e-02
5.782432673402425338e-02
5.782372014418116213e-02
5.782368302308027452e-02
5.782334596671545590e-02
5.782375533057514116e-02
5.782380544382895171e-02
5.782420127212627159e-02
5.782357373472382656e-02
5.782423991229827809e-02
5.782418637731649019e-02
5.782406415727033705e-02
5.782382418749064390e-02
5.782376285476255318e-02
5.782368302308027452e-02
5.782421497627400486e-02
