5.782299089909354040e-02
5.782321125080807506e-02
5.782224766271567423e-02
5.782292731469000635e-02
5.782325625368717192e-02
5.782312841011977983e-02
5.782323510797632293e-02
5.782321831198905526e-02
5.782307879600549066e-02
5.782307884594180269e-02
5.782310774984701640e-02
5.782319128038143630e-02
5.782317669136168015e-02
5.782288783775760971e-02
5.782251979029578992e-02
5.782309997195785034e-02
5.782319554547260543e-02
5.782319026803729722e-02
5.782312069812871325e-02
5.782262980162374000e-02
5.782271689056944775e-02
5.782294845783203519e-02
5.782276168629715829e-02
5.782325560016997323e-02
5.782315558470185746e-02
5.782324768628098466e-02
5.782295708721302274e-02
5.782265841476055823e-02
5.782317929234698228e-02
5.782211250533146607e-02
5.782322645260597194e-02
5.782276621631153579e-02
5.782317335858312701e-02
5.782317665474653867e-02
5.782270422636701102e-02
5.782295708721302274e-02
5.782318586712222042e-02
5.782289427086124978e-02
5.782311548841541360e-02
5.782267044406126655e-02
5.782315462119794192e-02
5.782282418713601685e-02
5.782311416929826475e-02
5.782315376918047145e-02
5.782266240984666739e-02
5.782319554547260543e-02
5.782235870162975855e-02
5.782302558839018392e-02
5.782295708721302274e-02
5.782285885190713293e-02
5.782322318090196700e-02
5.782285113895684059e-02
5.782319128038143630e-02
5.782287081737484680e-02
5.782322160371383690e-02
5.782301544794550552e-02
5.782312841011977983e-02
5.782314648780326194e-02
5.782294269635661343e-02
5.782302468752582858e-02
5.782271832914998716e-02
5.782319128038143630e-02
5.782325142970008713e-02
5.782295813980764532e-02
5.782300567868001867e-02
5.782297171846340067e-02
5.782276418343991475e-02
5.782302213201036267e-02
5.782293661443124733e-02
5.782299597974714656e-02
5.782295617096451512e-02
5.782325855458277097e-02
5.782284167675197373e-02
5.782263627736591860e-02
5.782270291155114372e-02
5.782297009458835235e-02
5.782302531378760713e-02
5.782307147534211655e-02
5.782323863129955333e-02
5.782317771320542171e-02
5.782322645260597194e-02
5.782284167675197373e-02
5.782306344303078660e-02
5.782279279826449403e-02
5.782314460905842168e-02
5.782321434632468893e-02
5.782269855307388406e-02
5.782285885190713293e-02
5.782318569706336453e-02
5.782310954714123263e-02
5.782310293535446177e-02
5.782318543769358887e-02
5.782314648780326194e-02
5.782295813980764532e-02
5.782262980162374000e-02
5.782282251678978052e-02
5.782318586712222042e-02
5.782317516182005485e-02
5.782289533373984047e-02
5.782307147534211655e-02
5.782299089909354040e-02
5.782286020620192035e-02
5.782281764228316967e-02
5.782300184491104278e-02
5.782296608429730866e-02
5.782284188011037329e-02
5.782302558839018392e-02
5.782295708721302274e-02
5.782325235775363781e-02
5.782309557543899303e-02
5.782295617096451512e-02
5.782252142521974309e-02
5.782279572941358137e-02
5.782295813980764532e-02
5.782320071516195564e-02
5.782237738121531745e-02
5.782295708721302274e-02
5.782322637508470475e-02
5.782318569706336453e-02
5.782302531378760713e-02
5.782314455450403290e-02
5.782293324085871489e-02
5.782320336257942839e-02
5.782279344564895951e-02
5.782284865154288522e-02
5.782314518669856573e-02
5.782256025418223977e-02
5.782294269635661343e-02
5.782285885190713293e-02
5.782323750785711702e-02
5.782325304483175443e-02
5.782288065547648570e-02
5.782284167675197373e-02
5.782325560016997323e-02
5.782282581234252788e-02
5.782295708721302274e-02
5.782318569706336453e-02
5.782284264510791777e-02
5.782325628751512625e-02
5.782293464644536196e-02
5.782317669136168015e-02
5.782311416929826475e-02
5.782275122893205943e-02
5.782265079463112800e-02
5.782313976175473824e-02
5.782271484191565947e-02
5.782250483773468397e-02
5.782311447089512335e-02
5.782311100941353588e-02
5.782285885190713293e-02
5.782278463391167522e-02
5.782315462119794192e-02
5.782316157035063270e-02
5.782267593563523989e-02
5.782284167675197373e-02
5.782317456275773426e-02
5.782289224972365915e-02
5.782300184491104278e-02
5.782306698689362867e-02
5.782319554547260543e-02
5.782319128038143630e-02
5.782314780986369529e-02
5.782313987179946158e-02
5.782322645260597194e-02
5.782311416929826475e-02
5.782288783775760971e-02
5.782221042199496563e-02
5.782306698689362867e-02
5.782259714191070876e-02
5.782289685059760487e-02
5.782312595374970721e-02
5.782297632625390399e-02
5.782315376918047145e-02
5.782323401628153281e-02
5.782290063345500719e-02
5.782312841011977983e-02
5.782316802903531006e-02
5.782314518669856573e-02
5.782280903198645794e-02
5.782318569706336453e-02
5.782297771980791923e-02
5.782320731809914571e-02
5.782255717772877973e-02
5.782312914097112455e-02
5.782273343570254465e-02
5.782280704412456895e-02
5.782321935465374596e-02
5.782319646697144100e-02
5.782302531378760713e-02
5.782250013430493413e-02
5.782289640608882092e-02
5.782264093472949673e-02
5.782294845783203519e-02
5.782306344303078660e-02
5.782325560016997323e-02
5.782307733459685073e-02
5.782318700159658209e-02
5.782321434632468893e-02
5.782307879600549066e-02
5.782285885190713293e-02
5.782314455450403290e-02
5.782270498965612349e-02
5.782297438790988398e-02
5.782323401628153281e-02
5.782306698689362867e-02
5.782318605148563384e-02
5.782312841011977983e-02
5.782283602877449913e-02
5.782306304338156316e-02
5.782285885190713293e-02
5.782273543785125536e-02
5.782256180720340977e-02
5.782265079463112800e-02
5.782286543564930936e-02
5.782306927476659614e-02
5.782309997195785034e-02
5.782321928635234670e-02
5.782303158391975673e-02
5.782280177880430583e-02
5.782307733459685073e-02
5.782271807390395452e-02
5.782276004708000738e-02
5.782275459015047414e-02
5.782300654899011350e-02
5.782292731469000635e-02
5.782309997195785034e-02
5.782309745788406785e-02
5.782276168629715829e-02
5.782235870162975855e-02
5.782322637508470475e-02
5.782279007871464482e-02
5.782294981848147553e-02
5.782314780986369529e-02
5.782321831198905526e-02
5.782309203667138076e-02
5.782318569706336453e-02
5.782290079496710256e-02
5.782289475340679497e-02
5.782260132320505425e-02
5.782283423014489276e-02
5.782317929874179752e-02
5.782306927476659614e-02
5.782289685059760487e-02
5.782320071516195564e-02
5.782318569706336453e-02
5.782302531378760713e-02
5.782272912218480720e-02
5.782289475340679497e-02
5.782315983121544267e-02
5.782303684717442216e-02
5.782310831416950792e-02
5.782322005861356695e-02
5.782295813980764532e-02
5.782262980162374000e-02
5.782295708721302274e-02
5.782324987209065681e-02
5.782296872534208043e-02
5.782283905998076429e-02
5.782303251042494874e-02
5.782276934841913685e-02
5.782284552328130489e-02
5.782284167675197373e-02
5.782188983127407866e-02
5.782291344751666617e-02
5.782309824388508213e-02
5.782245259166643447e-02
5.782279279826449403e-02
5.782271581027895180e-02
5.782318569706336453e-02
5.782317929234698228e-02
5.782319128038143630e-02
5.782314780986369529e-02
5.782317669136168015e-02
5.782241371327852264e-02
5.782317335858312701e-02
5.782259862065701472e-02
5.782314518669856573e-02
5.782320546648192505e-02
5.782301323249899871e-02
5.782325938125271875e-02
5.782273880373939301e-02
5.782298999413153229e-02
5.782318156039049223e-02
5.782319554547260543e-02
5.782274383650611027e-02
5.782302558839018392e-02
5.782295708721302274e-02
5.782265306877062971e-02
5.782321586055025331e-02
5.782320805047906631e-02
5.782310774984701640e-02
5.782278879546451367e-02
5.782265079463112800e-02
5.782323401628153281e-02
5.782312651695063754e-02
5.782241371327852264e-02
5.782320071516195564e-02
5.782283602877449913e-02
5.782285885190713293e-02
5.782318569706336453e-02
5.782253015848981548e-02
5.782317456275773426e-02
5.782325685511459368e-02
5.782310293535446177e-02
5.782283848497157819e-02
5.782319026803729722e-02
5.782235870162975855e-02
5.782297326941474719e-02
5.782316466776585284e-02
5.782310128324200105e-02
5.782296988582290298e-02
5.782320731809914571e-02
5.782284167675197373e-02
5.782234435448531384e-02
5.782309997195785034e-02
5.782241371327852264e-02
5.782272309103522745e-02
5.782325560016997323e-02
5.782278726271396219e-02
5.782271581027895180e-02
5.782306271546586857e-02
5.782317735608764886e-02
5.782316857118438569e-02
5.782259190963866952e-02
5.782290063345500719e-02
5.782299888381151748e-02
5.782276060073217316e-02
5.782315558470185746e-02
5.782321831198905526e-02
5.782295708721302274e-02
5.782321125080807506e-02
5.782311416929826475e-02
5.782312766406631777e-02
5.782258209714036257e-02
5.782312914097112455e-02
5.782318396386854076e-02
5.782298877456094888e-02
5.782225643761171319e-02
5.782322582648891096e-02
5.782323907863902435e-02
5.782315462119794192e-02
5.782275459015047414e-02
5.782317669136168015e-02
5.782318156039049223e-02
5.782317456275773426e-02
5.782312841011977983e-02
5.782318543769358887e-02
5.782295869446510417e-02
5.782295813980764532e-02
5.782235870162975855e-02
5.782315462119794192e-02
5.782288783775760971e-02
5.782246114105339674e-02
5.782323171398649764e-02
5.782324164667014543e-02
5.782312914097112455e-02
5.782305843217812324e-02
5.782314518669856573e-02
5.782297326941474719e-02
5.782271581027895180e-02
5.782319654015048715e-02
5.782321340556179773e-02
5.782264093472949673e-02
5.782316402655657273e-02
5.782311187321272083e-02
5.782309824388508213e-02
5.782318038892957091e-02
5.782274118362631943e-02
5.782295708721302274e-02
5.782294269635661343e-02
5.782325304483175443e-02
5.782315822396884297e-02
5.782294893059918006e-02
5.782283544615412357e-02
5.782321813192274618e-02
5.782257721731064865e-02
5.782277483835474019e-02
5.782318927073387682e-02
5.782295813980764532e-02
5.782269587385963083e-02
5.782273880373939301e-02
5.782322337017142128e-02
5.782288065547648570e-02
5.782323401628153281e-02
5.782319554547260543e-02
5.782312841011977983e-02
5.782276168629715829e-02
5.782320071516195564e-02
5.782271581027895180e-02
5.782277871372472344e-02
5.782270383397879188e-02
5.782272987977947476e-02
5.782318605148563384e-02
5.782295708721302274e-02
5.782285885190713293e-02
5.782289191091358888e-02
5.782322466651025616e-02
5.782277846785205400e-02
5.782321199369057363e-02
5.782325935158165453e-02
5.782216653832632225e-02
5.782285113895684059e-02
5.782316599848065508e-02
5.782322645260597194e-02
5.782251979029578992e-02
5.782311495622853570e-02
5.782292087068185288e-02
5.782281010010977690e-02
5.782309824388508213e-02
5.782298112978327687e-02
5.782310650962126791e-02
5.782310774984701640e-02
5.782304082189317074e-02
5.782312766406631777e-02
5.782318604584407717e-02
5.782306622799920914e-02
5.782300130173047281e-02
5.782273301570731161e-02
5.782295708721302274e-02
5.782318569706336453e-02
5.782275122893205943e-02
5.782251979029578992e-02
5.782311924462373021e-02
5.782309824388508213e-02
5.782314959843666557e-02
5.782318396386854076e-02
5.782280494035217655e-02
5.782321831198905526e-02
5.782285885190713293e-02
5.782302531378760713e-02
5.782300998555221783e-02
5.782264239501218317e-02
5.782275517640109164e-02
5.782304782427568485e-02
5.782257921204232709e-02
5.782193279498407112e-02
5.782307147534211655e-02
5.782268109935852218e-02
5.782284129395616479e-02
5.782284160522108141e-02
5.782317669136168015e-02
5.782275122893205943e-02
5.782317028462011926e-02
5.782314648780326194e-02
5.782312914097112455e-02
5.782239815266725091e-02
5.782290818128631160e-02
5.782318569706336453e-02
5.782284553513389325e-02
5.782289475340679497e-02
5.782240578993262659e-02
5.782316599848065508e-02
5.782288783775760971e-02
5.782318605148563384e-02
5.782312914097112455e-02
5.782269855307388406e-02
5.782295708721302274e-02
5.782285885190713293e-02
5.782318569706336453e-02
5.782320306618962680e-02
5.782216881152602017e-02
5.782314494138207639e-02
5.782318525454987340e-02
5.782271052155614488e-02
5.782262980162374000e-02
5.782285051702493184e-02
5.782317929234698228e-02
5.782293868161038353e-02
5.782325628751512625e-02
5.782322097748189560e-02
5.782311416929826475e-02
5.782312315786788948e-02
5.782289247706264013e-02
5.782322040170718297e-02
5.782295708721302274e-02
5.782318569706336453e-02
5.782294733971843348e-02
5.782297510439200067e-02
5.782295284176375283e-02
5.782320655988739538e-02
5.782301343207862931e-02
5.782288783775760971e-02
5.782312315786788948e-02
5.782300184491104278e-02
5.782309997195785034e-02
5.782294845783203519e-02
5.782313341449074606e-02
5.782321831198905526e-02
5.782275068612863222e-02
5.782290079496710256e-02
5.782306711731893811e-02
5.782285113895684059e-02
5.782284552328130489e-02
5.782295693249395185e-02
5.782288783775760971e-02
5.782281586992286254e-02
5.782317335858312701e-02
5.782259862065701472e-02
5.782315558470185746e-02
5.782295708721302274e-02
5.782279667571341847e-02
5.782279857789406063e-02
5.782310831416950792e-02
5.782295168580553479e-02
5.782306344303078660e-02
5.782295813980764532e-02
5.782320071516195564e-02
5.782325560016997323e-02
5.782302531378760713e-02
5.782325938125271875e-02
5.782285113895684059e-02
5.782310791250104554e-02
5.782315662880252449e-02
5.782319554547260543e-02
5.782271190610884654e-02
5.782273343570254465e-02
5.782321918940969141e-02
5.782301553001820832e-02
5.782282251678978052e-02
5.782268545961765510e-02
5.782251264537775770e-02
5.782282418713601685e-02
5.782325304483175443e-02
5.782282803177628272e-02
5.782288065547648570e-02
5.782219773278128583e-02
5.782300481076003973e-02
5.782318605148563384e-02
5.782219681977854298e-02
5.782273343570254465e-02
5.782276731670908665e-02
5.782253198799725685e-02
5.782291930990385298e-02
5.782269524436960129e-02
5.782308875205626614e-02
5.782314405588085543e-02
5.782320306618962680e-02
5.782257986318259380e-02
5.782284553513389325e-02
5.782289475340679497e-02
5.782299089909354040e-02
5.782275459015047414e-02
5.782267787834605155e-02
5.782306344303078660e-02
5.782271052155614488e-02
5.782293755466252905e-02
5.782321831198905526e-02
5.782307879600549066e-02
5.782277871372472344e-02
5.782324987209065681e-02
5.782284620216390780e-02
5.782265079463112800e-02
5.782319554547260543e-02
5.782314648780326194e-02
5.782317335858312701e-02
5.782279279826449403e-02
5.782316764738394677e-02
5.782262980162374000e-02
5.782321831198905526e-02
5.782316466776585284e-02
5.782293755466252905e-02
5.782318396386854076e-02
5.782302558839018392e-02
5.782309203667138076e-02
5.782294549318918453e-02
5.782325938125271875e-02
5.782301922801250105e-02
5.782307334660896636e-02
5.782298618654081734e-02
5.782297269994972344e-02
5.782285113895684059e-02
5.782322645260597194e-02
5.782277692769582922e-02
5.782283247239168589e-02
5.782241371327852264e-02
5.782295813980764532e-02
5.782288246745058424e-02
5.782282864188789673e-02
5.782295708721302274e-02
5.782318569706336453e-02
5.782310762127014503e-02
5.782291930205710195e-02
5.782300184491104278e-02
5.782266240984666739e-02
5.782318605148563384e-02
5.782309053563323975e-02
5.782321831198905526e-02
5.782271581027895180e-02
5.782320805047906631e-02
5.782324640584433906e-02
5.782314780986369529e-02
5.782301616885963252e-02
5.782322645260597194e-02
5.782299003790287995e-02
5.782325923121962863e-02
5.782324164667014543e-02
5.782294011375642417e-02
5.782293755466252905e-02
5.782302558839018392e-02
5.782295708721302274e-02
5.782302891848740967e-02
5.782313987179946158e-02
5.782311416929826475e-02
5.782292407838598991e-02
5.782312893331052750e-02
5.782276060073217316e-02
5.782318569706336453e-02
5.782294549318918453e-02
5.782289427086124978e-02
5.782289249087171901e-02
5.782317295772350374e-02
5.782282418713601685e-02
5.782275339065508224e-02
5.782295073939806851e-02
5.782228374787032332e-02
5.782295579224924070e-02
5.782311356710487238e-02
5.782262980162374000e-02
5.782295708721302274e-02
5.782277871372472344e-02
5.782321996223305921e-02
5.782297771980791923e-02
5.782317669136168015e-02
5.782317735608764886e-02
5.782311569057790868e-02
5.782310762127014503e-02
5.782264093472949673e-02
5.782312893331052750e-02
5.782275517640109164e-02
5.782257043670010338e-02
5.782243800235367659e-02
5.782253015848981548e-02
5.782300775646452562e-02
5.782288783775760971e-02
5.782311165559695515e-02
5.782306344303078660e-02
5.782280390067267434e-02
5.782261148385914318e-02
5.782314518669856573e-02
5.782285885190713293e-02
5.782323164463298165e-02
5.782322645260597194e-02
5.782270562167468597e-02
5.782309413447181412e-02
5.782257043670010338e-02
5.782308948186022646e-02
5.782271778639690857e-02
5.782283647402913784e-02
5.782315558470185746e-02
5.782320546648192505e-02
5.782317669136168015e-02
5.782276633354599404e-02
5.782316857118438569e-02
5.782270562167468597e-02
5.782261491484731730e-02
5.782312841011977983e-02
5.782317335858312701e-02
5.782313998837611269e-02
5.782321586055025331e-02
5.782292189430336682e-02
5.782310774984701640e-02
5.782320075969090561e-02
5.782265986586970774e-02
5.782302908479709791e-02
5.782293755466252905e-02
5.782240217474481081e-02
5.782295708721302274e-02
5.782285885190713293e-02
5.782274468946883850e-02
5.782272912218480720e-02
5.782295617096451512e-02
5.782288783775760971e-02
5.782265986586970774e-02
5.782312315786788948e-02
5.782322166783354644e-02
5.782221235697694584e-02
5.782295708721302274e-02
5.782285885190713293e-02
5.782314405588085543e-02
5.782284553513389325e-02
5.782295617096451512e-02
5.782277902760468713e-02
5.782308138422796728e-02
5.782317669136168015e-02
5.782288783775760971e-02
5.782308651093580332e-02
5.782312841011977983e-02
5.782325161724100049e-02
5.782297989343077038e-02
5.782240847055267197e-02
5.782285113895684059e-02
5.782289247747879335e-02
5.782292585709296329e-02
5.782266799273197422e-02
5.782289395848835833e-02
5.782284188011037329e-02
5.782278113291243471e-02
5.782321831198905526e-02
5.782309393962993538e-02
5.782310502886586767e-02
5.782309902148956293e-02
5.782264159372670076e-02
5.782300184491104278e-02
5.782310513221271264e-02
5.782323887620656466e-02
5.782314648780326194e-02
5.782276168629715829e-02
5.782299577737162050e-02
5.782288386796902158e-02
5.782295708721302274e-02
5.782239252069430735e-02
5.782290436041448434e-02
5.782314780986369529e-02
5.782325245982940232e-02
5.782314648780326194e-02
5.782308948186022646e-02
5.782295708721302274e-02
5.782277871372472344e-02
5.782318569706336453e-02
5.782317516182005485e-02
5.782295617096451512e-02
5.782310656316305697e-02
5.782284167675197373e-02
5.782306345073602583e-02
5.782277483835474019e-02
5.782282908142684363e-02
5.782314648780326194e-02
5.782295813980764532e-02
5.782310463799554545e-02
5.782310502886586767e-02
5.782285113895684059e-02
5.782285015358648583e-02
5.782322645260597194e-02
5.782317534590453167e-02
5.782254150580595775e-02
5.782267819173009249e-02
5.782319554547260543e-02
5.782268418127091414e-02
5.782233900154309936e-02
5.782289597654921565e-02
5.782321170384009668e-02
5.782277902760468713e-02
5.782282418713601685e-02
5.782314780986369529e-02
5.782275253777914570e-02
5.782257721731064865e-02
5.782322166783354644e-02
5.782286098357651560e-02
5.782325560016997323e-02
5.782321831198905526e-02
5.782318474987613310e-02
5.782318604584407717e-02
5.782288956657587187e-02
5.782309824388508213e-02
5.782235870162975855e-02
5.782321790439969023e-02
5.782304707036510505e-02
5.782317929234698228e-02
5.782298618654081734e-02
5.782289592542513845e-02
5.782304965745711789e-02
5.782256180720340977e-02
5.782263395986107779e-02
5.782310293535446177e-02
5.782318605148563384e-02
5.782267091837639539e-02
5.782302558839018392e-02
5.782295708721302274e-02
5.782285885190713293e-02
5.782318283253291835e-02
5.782322072554259285e-02
5.782323401628153281e-02
5.782319554547260543e-02
5.782312914097112455e-02
5.782320071516195564e-02
5.782240938546365228e-02
5.782314518669856573e-02
5.782320546648192505e-02
5.782295708721302274e-02
5.782312844537992880e-02
5.782275750387147473e-02
5.782312315786788948e-02
5.782266957449973960e-02
5.782269524436960129e-02
5.782285885190713293e-02
5.782324981858430468e-02
5.782318751267986889e-02
5.782295154977279417e-02
5.782322606063265702e-02
5.782291915848791763e-02
5.782318156039049223e-02
5.782220337310675640e-02
5.782304782427568485e-02
5.782325466631969835e-02
5.782288646435210927e-02
5.782286340240658240e-02
5.782265841476055823e-02
5.782270727332003424e-02
5.782289427086124978e-02
5.782325938125271875e-02
5.782293975728924895e-02
5.782322645260597194e-02
5.782319554547260543e-02
5.782320734348012081e-02
5.782235074393068941e-02
5.782295708721302274e-02
5.782310502886586767e-02
5.782318569706336453e-02
5.782294549318918453e-02
5.782289475340679497e-02
5.782279007871464482e-02
5.782271689056944775e-02
5.782288783775760971e-02
5.782322872176728912e-02
5.782302142320731170e-02
5.782256111511795138e-02
5.782267570169642712e-02
5.782306737231754368e-02
5.782296780680505621e-02
5.782288636501821399e-02
5.782300505757527465e-02
5.782318605148563384e-02
5.782314648780326194e-02
5.782314959843666557e-02
5.782295813980764532e-02
5.782313025212582058e-02
5.782295708721302274e-02
5.782289427086124978e-02
5.782310951045818714e-02
5.782294621710123983e-02
5.782316857118438569e-02
5.782296945226482465e-02
5.782283247239168589e-02
5.782294845783203519e-02
5.782308000362869349e-02
5.782252267618025188e-02
5.782295813980764532e-02
5.782301553001820832e-02
5.782318569706336453e-02
5.782322466651025616e-02
5.782265283047854226e-02
5.782302847888012853e-02
5.782288783775760971e-02
5.782241371327852264e-02
5.782321434632468893e-02
5.782295708721302274e-02
5.782302531378760713e-02
5.782289427086124978e-02
5.782294272649000921e-02
5.782311733658143660e-02
5.782276682664770628e-02
5.782317735608764886e-02
5.782320731809914571e-02
5.782301553001820832e-02
5.782288386796902158e-02
5.782295708721302274e-02
5.782308875205626614e-02
5.782276418343991475e-02
5.782320306618962680e-02
5.782303341999481261e-02
5.782273880373939301e-02
5.782285113895684059e-02
5.782267835587363847e-02
5.782319610528910414e-02
5.782289774446491143e-02
5.782290100466304372e-02
5.782306927476659614e-02
5.782289395848835833e-02
5.782309824388508213e-02
5.782295813980764532e-02
5.782300998555221783e-02
5.782314780986369529e-02
5.782291738637023587e-02
5.782282803177628272e-02
5.782315376918047145e-02
5.782310061988214789e-02
5.782259714191070876e-02
5.782306344303078660e-02
5.782317497058587358e-02
5.782252647569203347e-02
5.782276802027253026e-02
5.782253825130984071e-02
5.782284380316018990e-02
5.782285885190713293e-02
5.782301135878879089e-02
5.782274468946883850e-02
5.782260132320505425e-02
5.782292890684080644e-02
5.782275611649854291e-02
5.782302705498192086e-02
5.782316288566145823e-02
5.782297632625390399e-02
5.782271689056944775e-02
5.782292407838598991e-02
5.782310293535446177e-02
5.782325308737738812e-02
5.782276168629715829e-02
5.782272309103522745e-02
5.782325560016997323e-02
5.782306737269214680e-02
5.782282200608963862e-02
5.782289053547159940e-02
5.782319765399601685e-02
5.782290661972609713e-02
5.782301553001820832e-02
5.782277871372472344e-02
5.782318569706336453e-02
5.782323490197805588e-02
5.782301982265530826e-02
5.782321586055025331e-02
5.782315936390944322e-02
5.782288783775760971e-02
5.782312152525791171e-02
5.782319554547260543e-02
5.782270645418556565e-02
5.782321831198905526e-02
5.782310502886586767e-02
5.782318569706336453e-02
5.782289165288222871e-02
5.782246760961325810e-02
5.782310293535446177e-02
5.782305276359367419e-02
5.782317335858312701e-02
5.782319026803729722e-02
5.782325560016997323e-02
5.782278606022556861e-02
5.782271581027895180e-02
5.782281322056552486e-02
5.782318569706336453e-02
5.782287677486096927e-02
5.782285113895684059e-02
5.782325268640652743e-02
5.782322645260597194e-02
5.782294500281159183e-02
5.782270562167468597e-02
5.782319554547260543e-02
5.782308892376203380e-02
5.782318396386854076e-02
5.782320306618962680e-02
5.782289427086124978e-02
5.782285015358648583e-02
5.782284167675197373e-02
5.782270562167468597e-02
5.782306345073602583e-02
5.782228664936232831e-02
5.782227534384523637e-02
5.782285885190713293e-02
5.782320789443354259e-02
5.782322466651025616e-02
5.782317516182005485e-02
5.782285305876902481e-02
5.782307200650686763e-02
5.782302558839018392e-02
5.782295708721302274e-02
5.782285885190713293e-02
5.782317516182005485e-02
5.782325628751512625e-02
5.782320805047906631e-02
5.782288636501821399e-02
5.782287933780526357e-02
5.782275459015047414e-02
5.782248722837828037e-02
5.782303369180664954e-02
5.782256663267851260e-02
5.782322398488547177e-02
5.782285885190713293e-02
5.782289475340679497e-02
5.782260132320505425e-02
5.782322323308815293e-02
5.782320322330045115e-02
5.782286079551557378e-02
5.782271726530145706e-02
5.782248491939578905e-02
5.782299181509142211e-02
5.782321983898137951e-02
5.782300073697593107e-02
5.782317665474653867e-02
5.782295708721302274e-02
5.782277871372472344e-02
5.782318569706336453e-02
5.782278463391167522e-02
5.782295693249395185e-02
5.782314648780326194e-02
5.782282477329248049e-02
5.782295708721302274e-02
5.782224178035806628e-02
5.782311586623210820e-02
5.782321586055025331e-02
5.782288792235905361e-02
5.782309330056256691e-02
5.782305086330750965e-02
5.782321125080807506e-02
5.782312893331052750e-02
5.782318605148563384e-02
5.782296074324576318e-02
5.782253264880678201e-02
5.782318569706336453e-02
5.782221824517698450e-02
5.782321854311561760e-02
5.782325947081544404e-02
