1.259635407244835414e-01
1.259641666213198175e-01
1.505482019539903238e-01
1.294677464129648514e-01
1.377708555160953308e-01
1.454128715310026854e-01
1.360488136540211335e-01
1.415533987434102192e-01
1.455793482039441644e-01
1.459270013041211178e-01
1.369426471353625552e-01
1.350708839558624752e-01
1.432490553957608270e-01
1.465359857159478918e-01
1.484354011012412600e-01
1.159524409289935248e-01
1.398562761429265611e-01
1.451616204496908868e-01
1.287051101593275348e-01
1.462038397336336004e-01
1.288355538885340712e-01
1.286126591414724629e-01
1.477279405678465218e-01
1.418397799475398791e-01
1.202978408591206666e-01
1.168929717065286672e-01
1.503255177733765213e-01
1.492784930002575283e-01
1.162462097128185989e-01
1.396852211140121591e-01
1.244320617750771102e-01
1.366375800138913965e-01
1.496271765708014345e-01
1.460743194234188913e-01
1.438957280184082754e-01
1.401651928454133444e-01
1.504786007385395252e-01
1.483251223940113550e-01
1.345503462836381559e-01
1.418306400664919031e-01
1.403362286015042149e-01
1.476550882972863521e-01
1.439663517509401913e-01
1.391903789745086439e-01
1.352839317680881170e-01
1.455683726987062054e-01
1.480545072921728433e-01
1.407870637171247941e-01
1.485528627392508905e-01
1.474797277130089346e-01
1.469786450241746534e-01
1.477004507389912402e-01
1.372152980187246740e-01
1.463713515567805490e-01
1.358776294676258267e-01
1.415911076795244583e-01
1.489957949677173654e-01
1.424358016097543866e-01
1.504546103496659237e-01
1.415489325984244096e-01
1.412735297339788865e-01
1.426331056400727548e-01
1.304641350531737520e-01
1.460812124618058316e-01
1.433312784986325306e-01
1.370243472244794258e-01
1.382157062385542812e-01
1.493705859410487391e-01
1.400550310078605976e-01
1.442676224169777144e-01
1.301369715493378432e-01
1.326397608844136211e-01
1.464581721933377878e-01
1.318718265769783793e-01
1.118311834829608664e-01
1.459909540518330440e-01
1.505188906133486382e-01
1.464355008396827640e-01
1.479801820814151125e-01
1.430409116439104178e-01
1.408174816550105402e-01
1.474961912227049921e-01
1.503123764034834109e-01
1.286409520978002152e-01
1.248282128508475808e-01
1.505539406730547758e-01
1.473309126382512935e-01
1.471101216349272045e-01
1.226582839142900117e-01
1.381564278330640050e-01
1.448215494635447242e-01
1.264672475589754819e-01
1.482567527996908607e-01
1.467816684419334938e-01
1.367617694567245801e-01
1.493755166060550532e-01
1.495707699914742561e-01
1.133783123757230171e-01
1.483835484873536059e-01
1.449584239698516464e-01
1.452664340056860348e-01
1.466204467948994949e-01
1.458392406573434941e-01
1.374238028135654210e-01
1.306481641999893417e-01
1.355193415254128397e-01
1.361612401806546468e-01
1.505296141176538927e-01
1.396524380932146481e-01
1.296842284308736271e-01
1.331982225743937875e-01
1.473506755329291873e-01
1.452833365523414355e-01
1.499707809421554350e-01
1.375927207021899468e-01
1.364290060810354754e-01
1.413098233094943756e-01
1.346187669908166240e-01
1.504758468979328634e-01
1.490290343688017716e-01
1.429039105720620872e-01
1.416572396240927401e-01
1.390929467008596154e-01
1.419135756728094888e-01
1.468146150929379445e-01
1.309230825608851956e-01
1.310818140473118953e-01
1.404053784334786670e-01
1.410946146728807304e-01
1.302815933938310522e-01
1.474541460724888564e-01
1.442729213290250279e-01
1.425286980750277988e-01
1.344986994967586613e-01
1.499768948813987868e-01
1.479016740367397886e-01
1.462707477797097200e-01
1.431446064423627096e-01
1.264194357545159741e-01
1.402094128857271360e-01
1.236745772684785111e-01
1.429681947820040377e-01
1.480901719700028485e-01
1.394450874757890979e-01
1.411266728554765038e-01
1.367622243732831422e-01
1.401469122786295485e-01
1.486839733933760788e-01
1.237801106733407569e-01
1.392346168367190884e-01
1.488746842504026502e-01
1.347804516292988308e-01
1.361704205618824437e-01
1.304693596141708045e-01
1.491555643425118427e-01
1.469441549282932413e-01
1.413323524654798158e-01
1.487811850448389484e-01
1.376481333951932173e-01
1.464506103165082729e-01
1.419413031268837166e-01
1.489724379347392713e-01
1.466514808915154733e-01
1.492204580680030757e-01
1.363401697344934493e-01
1.345451915240878649e-01
1.420894665425533610e-01
1.272341774293638539e-01
1.501487217109153394e-01
1.442366185800282308e-01
1.144960745725550344e-01
1.427276400403366674e-01
1.486233032475205995e-01
1.424584277791920983e-01
1.442742635191364142e-01
1.507916181029801961e-01
1.293771375289997638e-01
1.472509338914630428e-01
1.390178473295748951e-01
1.184922711843879040e-01
1.488594153383044905e-01
1.470206552078460738e-01
1.486368319887400036e-01
1.365534888546409142e-01
1.489762857906166416e-01
1.329893781555777643e-01
1.456218395521021447e-01
1.351615102695281068e-01
1.438188244042490349e-01
1.413098233094943756e-01
1.449581861865238686e-01
1.399480838577535080e-01
1.088866142807094761e-01
1.336915516025138362e-01
1.369146761794389766e-01
1.470392917033236102e-01
1.493328355345053260e-01
1.437685065657788031e-01
1.312488443259196558e-01
1.403044684490342420e-01
1.432322285464459888e-01
1.492205459919480892e-01
1.394175965008474516e-01
1.389880764833190119e-01
1.353235035065246394e-01
1.503111018983993852e-01
1.508213891952208396e-01
1.351594488206103728e-01
1.398673322324465174e-01
1.382740215633059544e-01
1.504038259024927104e-01
1.454615196424114409e-01
1.428022462625422317e-01
1.135639278899302773e-01
1.340013579608110295e-01
1.379894312269919487e-01
1.395707278930499728e-01
1.495300963803218308e-01
1.431799882477559627e-01
1.419544874110134358e-01
1.341939039704095893e-01
1.387415659206653884e-01
1.237726439968218350e-01
1.494756343428765288e-01
1.422176754597402060e-01
1.453746388077767626e-01
1.471841237547369396e-01
1.503431898543156897e-01
1.310782972483515163e-01
1.260324428607713654e-01
1.489128631756500842e-01
1.428907721164322520e-01
1.199739581693150536e-01
1.494857104255167546e-01
1.244608073477953547e-01
1.493218761808295103e-01
1.509141456055422270e-01
1.489238409115027362e-01
1.365059379093824521e-01
1.457700122715743507e-01
1.437276809758240848e-01
1.233590397634172497e-01
1.451608031363861295e-01
1.420128627681675193e-01
1.454330878722696896e-01
1.377202430339787564e-01
1.232023052426672038e-01
1.489195149250173156e-01
1.352949629510102891e-01
1.332102406934413952e-01
1.427714639326497781e-01
1.375726149600901282e-01
1.416216114726966679e-01
1.448550173451079726e-01
1.290589263965115085e-01
1.452123969484978017e-01
1.488382737424053248e-01
1.384657690528425522e-01
1.503786333460436775e-01
1.483493456655660681e-01
1.301854788284307340e-01
1.503106312170052472e-01
1.505253285985786449e-01
1.490840099042995692e-01
1.318196933510215052e-01
1.375479081632485223e-01
1.480043150843565469e-01
1.455457092048014767e-01
1.397744803655458501e-01
1.316065843565946136e-01
1.433820101277769599e-01
1.481715367693092478e-01
1.402533060705838941e-01
1.216460452764024369e-01
1.193242308479165181e-01
1.298155658475695917e-01
1.489506460966943391e-01
1.468543138262011771e-01
1.303572855072057946e-01
1.396898215564527090e-01
1.488880059135290479e-01
1.232924406218415536e-01
1.416569689996041159e-01
1.470027758175336541e-01
1.195834793958133191e-01
1.367622243732831422e-01
1.319954867934073350e-01
1.481681112769189512e-01
1.447688095730348679e-01
1.400606312634801454e-01
1.505181362794936750e-01
1.405613069452582853e-01
1.492205459919480892e-01
1.427014702206197694e-01
1.428588946757345934e-01
1.417006649804964658e-01
1.497318665914366687e-01
1.373984108119092051e-01
1.415094901655999104e-01
1.423966710711268568e-01
1.073328066547856174e-01
1.474551539667529332e-01
1.356815944206686275e-01
1.503400937571301721e-01
1.420093696699204489e-01
1.362178770676612527e-01
1.370683508797426731e-01
1.487060990190082477e-01
1.176713807171804183e-01
1.461143521771497700e-01
1.306677087027914297e-01
1.403317397339466921e-01
1.201407052496680505e-01
1.265410680873736704e-01
1.491752386404897879e-01
1.447713231979995685e-01
1.484775220100942872e-01
1.271298831178648558e-01
1.473347064556977670e-01
1.505336244405036106e-01
1.260118636695763683e-01
1.494344980961822555e-01
1.469990702646380987e-01
1.453275179861813482e-01
1.248423542897960231e-01
1.499768948813987868e-01
1.451616204496908868e-01
1.437776559370722573e-01
1.217111376239615739e-01
1.436578178217129687e-01
1.411905600459275600e-01
1.458387295887603186e-01
1.272189730125409257e-01
1.435532427734039773e-01
1.329260588131824516e-01
1.388304023621369787e-01
1.508213891952208396e-01
1.478617660277154189e-01
1.479007360007699168e-01
1.457572740737359540e-01
1.500400134308493283e-01
1.478387685230615756e-01
1.353375880271605880e-01
1.395885301984087223e-01
1.328363632766869362e-01
1.352585690100737426e-01
1.491222374826957631e-01
1.260132878201031814e-01
1.425846239032433904e-01
1.408722493892969052e-01
1.422850864665932413e-01
1.499964063300945616e-01
1.388270115386275871e-01
1.474221996123867007e-01
1.442701562937642734e-01
1.456871001879583849e-01
1.121710292762477246e-01
1.289392519906695234e-01
1.395772804282764401e-01
1.386379301484851334e-01
1.475952581863907986e-01
1.492707344422530003e-01
1.424731883652828879e-01
1.391433269702959663e-01
1.492571421175379887e-01
1.308456433744407676e-01
1.484529646305936534e-01
1.446310738044474520e-01
1.445842534964735804e-01
1.367622243732831422e-01
1.343954694001690819e-01
1.470385489825231651e-01
1.508937659964826039e-01
9.020233281121355084e-02
1.480273825180697111e-01
1.456789241903882204e-01
1.488205109426803674e-01
1.477630839028217236e-01
1.439183367151961046e-01
1.479742653144133224e-01
1.500437059408666896e-01
1.373908686820478064e-01
1.435062740381456980e-01
1.486618041098665133e-01
1.368257071247662715e-01
1.135920438527214249e-01
1.399321510517754497e-01
1.477371043780517368e-01
1.111288633153220545e-01
1.482751883315820418e-01
1.453582518039502613e-01
1.441387585130892435e-01
1.438103721558523507e-01
1.356250521685416488e-01
1.065322412513114020e-01
1.395707278930499728e-01
1.282899165435604227e-01
1.472674660320835716e-01
1.488818399456846020e-01
1.486038022500327238e-01
1.467610215872003354e-01
1.325973423325600975e-01
1.490698173440320462e-01
1.361671754615982055e-01
1.206541687866206358e-01
1.494344980961822555e-01
1.369417118309582682e-01
1.470468756069230054e-01
1.455401490659171682e-01
1.295836930220072292e-01
1.475070069492829261e-01
1.362254521848545730e-01
1.464651468720981897e-01
1.140271968389188623e-01
1.283303614810472615e-01
1.446867005748113388e-01
1.442896936544179054e-01
1.500411665212531553e-01
1.458205138541934232e-01
1.309469650670743168e-01
1.406347088045348803e-01
1.476355613387118348e-01
1.421121712912715163e-01
1.357960745536504199e-01
1.423572096477805360e-01
1.289844861383915853e-01
1.439703667837181345e-01
1.385094303026509210e-01
1.282744725019672183e-01
1.406951967126917613e-01
1.457719820974235359e-01
1.337815076803424430e-01
1.259635407244835414e-01
1.391011976212272461e-01
1.161094292303603698e-01
1.478929187253873734e-01
1.449373395064658676e-01
1.431799882477559627e-01
1.464487084181580467e-01
1.345437044891122369e-01
1.439408579561464174e-01
1.389733352797448418e-01
1.483813376100048820e-01
1.324630055514494920e-01
1.403925510694780665e-01
1.462257454147175284e-01
1.469493393729970898e-01
1.412127872554420072e-01
1.308530418133595219e-01
1.342742341683069440e-01
1.415457076721834961e-01
1.452664864641524667e-01
1.178030294065078865e-01
1.267580784581426867e-01
1.455656527309940051e-01
1.432815513679961683e-01
1.449078408657776817e-01
1.460971230082344641e-01
1.125182129678318765e-01
1.441297680651262014e-01
1.469455344183882572e-01
1.489640298804093266e-01
1.451346177241019664e-01
1.470091719768164829e-01
1.395707278930499728e-01
1.484002812964978490e-01
1.481552390136802178e-01
1.467483400068074761e-01
1.484449637424502810e-01
1.503821179360074201e-01
1.365650422299059530e-01
1.414042361105206091e-01
1.418950355881332670e-01
1.213239819212579007e-01
1.480544973277539977e-01
1.383510758955859288e-01
1.400582149250128305e-01
1.486937115617019689e-01
1.378445927800492077e-01
1.503462405724413642e-01
1.343245946187262563e-01
1.234668175112622057e-01
1.327647536182517685e-01
1.102411393041440452e-01
1.489018060466353877e-01
1.486805840919727950e-01
1.432491488211353470e-01
1.425656775881721516e-01
1.466872336268252031e-01
1.372938248053437449e-01
1.383617388358633071e-01
1.488128381623365915e-01
1.505603226703092767e-01
1.405234059578238381e-01
1.292529989675813562e-01
1.443404980231429713e-01
1.461666076794702895e-01
1.327884840169859526e-01
1.424173154054627632e-01
1.373037655773071963e-01
1.322696710157874322e-01
1.383906254037526318e-01
1.330552722260228138e-01
1.420562544744216615e-01
1.450056547445771060e-01
1.400636576729720195e-01
1.407678192283747798e-01
1.505062595666733505e-01
1.379509815476371581e-01
1.450157676851377697e-01
1.484877936976799206e-01
1.466199796103208053e-01
1.470193731152191485e-01
1.343954694001690819e-01
1.454984389233668629e-01
1.507249581845493958e-01
1.361694133623915781e-01
1.492239164213965963e-01
1.508480813537801390e-01
1.413979033641930283e-01
1.477735538258967973e-01
1.188696212536261565e-01
1.379434761670798038e-01
1.316211031378861640e-01
1.268926990242185138e-01
1.491908270220012045e-01
1.408217027312024250e-01
1.494093728421314327e-01
1.481579250596275765e-01
1.332996646465547663e-01
1.491868293156691783e-01
1.424081757568178563e-01
1.326318004262213857e-01
1.389749819894698091e-01
1.417221951942047864e-01
1.487415149068712084e-01
1.457387449424749071e-01
1.337175670300485841e-01
1.464163775636120324e-01
1.202797384076136900e-01
1.483982585154770828e-01
1.449628548468489819e-01
1.394175965008474516e-01
1.485976081277129990e-01
1.420128627681675193e-01
1.508047231579959513e-01
1.298273013831556799e-01
1.421585191579135543e-01
1.376006114514286838e-01
1.461853252384189839e-01
1.504040983896320072e-01
1.395740715679002764e-01
1.381112337573550952e-01
1.259119312589441486e-01
1.430127909574239187e-01
1.485774558438236470e-01
1.475265504661807947e-01
1.326911644221872022e-01
1.399021637515355243e-01
1.257296672799345094e-01
1.479130234611904793e-01
1.439214403316576574e-01
1.428070904125945395e-01
1.203368905294313201e-01
1.237390809489182231e-01
1.470092174742720637e-01
1.502832225630496288e-01
1.455925039896905360e-01
1.229101806053120582e-01
1.338337708046932473e-01
1.415974215494706367e-01
1.441476675642894278e-01
1.455462775457008195e-01
1.378329668211227543e-01
1.453219601289806873e-01
1.351615102695281068e-01
1.492421054210832376e-01
1.431070853422656275e-01
1.465967389852085301e-01
1.506542510213055019e-01
1.496263983528902108e-01
1.408869100929097395e-01
1.458392406573434941e-01
1.467349445899375215e-01
1.198401943441708278e-01
1.445842534964735804e-01
1.444890752755897123e-01
1.457366876623765184e-01
1.482212094958225979e-01
1.492025945179628332e-01
1.483982585154770828e-01
1.444975933096158127e-01
1.477279405678465218e-01
1.509133165006792954e-01
1.492200468429374371e-01
1.485406214977444406e-01
1.456932067069501568e-01
1.448930613318246130e-01
1.447815111729885973e-01
1.425656775881721516e-01
1.461283898680014737e-01
1.468812200625499165e-01
1.445488413641491943e-01
1.368891146987583352e-01
1.465347726581312238e-01
1.327712522221096425e-01
1.397555702114087195e-01
1.377159260088921255e-01
1.489864196146861719e-01
1.219419122336235228e-01
1.380779874354348957e-01
1.492889131649601797e-01
1.502936432675853751e-01
1.262648849374347626e-01
1.435253740755656759e-01
1.468275349686402609e-01
1.404125778118252288e-01
1.466207747170541476e-01
1.365516481445213370e-01
1.430136598725310626e-01
1.432322285464459888e-01
1.488130451196075787e-01
1.453891872852436928e-01
1.443431561122104356e-01
1.442384462451119509e-01
1.402352938560624263e-01
1.440520020889843600e-01
1.457242754623377656e-01
1.314045970981967959e-01
1.185527136087271005e-01
1.331054253841441881e-01
1.462543912719135308e-01
1.441244289040085336e-01
1.490596760595995218e-01
1.503366392023827436e-01
1.459741718430191126e-01
1.477920220806653862e-01
1.365707468204224728e-01
1.358607526021811951e-01
1.378355756083141648e-01
1.293719839741760136e-01
1.441056988727096866e-01
1.376681308814970139e-01
1.448701477417549954e-01
1.389895027985341147e-01
1.418322822897842839e-01
1.455425111235042479e-01
1.459904477894873598e-01
1.480842592202542274e-01
1.492479885135227224e-01
1.506336457044793742e-01
1.476001403275815360e-01
1.435952133092400218e-01
1.428538718500064753e-01
1.493880248375059894e-01
1.231143745944254381e-01
1.454870845362055964e-01
1.326636132149552061e-01
1.414975700440100348e-01
1.453782062360962635e-01
1.394349531114720264e-01
1.420128627681675193e-01
1.371589766584629944e-01
1.369694494436964616e-01
1.400606478177644498e-01
1.478932098317850552e-01
1.370334975345810780e-01
1.502813703925243161e-01
1.458643372021933837e-01
1.491761849897806635e-01
1.329298041942431063e-01
1.383053285294620349e-01
1.504947765134898863e-01
1.242956431756016000e-01
1.453554897876592478e-01
1.497452634090452872e-01
1.354090198634914921e-01
1.307665841840470189e-01
1.400545536559976989e-01
1.492250182771687750e-01
1.405291501361396467e-01
1.418883079807212733e-01
1.462344851794274703e-01
1.427094317023531456e-01
1.488382737424053248e-01
1.471059934057445673e-01
1.499125873376128681e-01
1.227455509358765656e-01
1.402352938560624263e-01
1.435916539498169886e-01
1.248275783928762261e-01
1.283919998891135394e-01
1.399922864333786876e-01
1.486618041098665133e-01
1.233206440613100752e-01
1.377264312579520866e-01
1.480419550702293807e-01
1.221178934633562335e-01
1.494749919308526742e-01
1.446063911366909926e-01
1.490859045104400427e-01
1.466918597859901696e-01
1.434574583745223675e-01
1.445671513228009852e-01
1.486676519770777083e-01
1.429849440906861002e-01
1.507607925877338106e-01
1.501111349840435205e-01
1.457222294737180457e-01
1.486355469596724876e-01
1.435379697064705917e-01
1.227767253990048879e-01
1.463724382720226758e-01
1.213239819212579007e-01
1.363843610942200857e-01
1.480439943812224268e-01
1.271298831178648558e-01
1.477920220806653862e-01
1.221974681597434997e-01
1.506973257697040158e-01
1.434492289691168820e-01
1.088058669782866333e-01
1.455116246886268283e-01
1.361471681470371453e-01
1.487317434425436402e-01
1.318159978762879769e-01
1.413198524296622183e-01
1.338830941579544354e-01
1.475268029531784097e-01
1.501548775316918494e-01
1.379122865416309851e-01
1.442325132903036766e-01
1.439281244827040340e-01
1.335697035503121410e-01
1.166937179486538939e-01
1.452505028873282145e-01
1.483342051109514670e-01
1.504219457804511495e-01
1.496372592595373585e-01
1.506920659099308946e-01
1.121638035985082354e-01
1.495815682956946613e-01
1.427537160817205220e-01
1.340284500148555269e-01
1.223352552077917044e-01
1.477285858733059509e-01
1.407472663821143777e-01
1.497912060033199932e-01
1.117664237476041073e-01
1.486618673640021648e-01
1.377195982194127921e-01
1.454896260908185301e-01
1.338830941579544354e-01
1.434126580949187379e-01
1.485716732854477362e-01
1.383706159734061636e-01
1.461484736320189104e-01
1.502036922009403197e-01
1.443502170655323602e-01
1.406679506884893349e-01
1.213168221719201634e-01
1.451708985409468355e-01
1.287745789519991468e-01
1.394175965008474516e-01
1.249484630820038994e-01
1.462973832023923282e-01
1.445164209449355808e-01
1.271897977911915778e-01
1.405450108685313559e-01
1.426247144548462853e-01
1.114960256228409302e-01
1.225458117892048171e-01
1.118789347465623668e-01
1.438913012428174876e-01
1.354223027729695994e-01
1.243066038220215636e-01
1.494673696276687946e-01
1.253867543110633309e-01
1.369110717688040157e-01
1.462269094856520346e-01
1.302250817126154314e-01
1.454168684359077313e-01
1.440665426662266768e-01
1.463087255806680420e-01
1.447233506458786845e-01
1.480564101573682290e-01
1.321901190320138864e-01
1.415457076721834961e-01
1.443409151714405980e-01
1.456455946489251807e-01
1.228599609837041085e-01
1.490859045104400427e-01
1.372415673707535477e-01
1.499354610918646191e-01
1.446531983878203143e-01
1.327707707948430627e-01
1.084449585855128267e-01
1.434425453577794218e-01
1.483667070061514826e-01
1.454832462468513554e-01
1.343716695374699288e-01
1.463535286032978389e-01
1.427714639326497781e-01
1.387493531268197411e-01
1.102411393041440452e-01
1.364392118688680378e-01
1.452436224256420105e-01
1.253867543110633309e-01
1.254648285631090321e-01
1.211336076300318226e-01
1.139785970495420520e-01
1.419413031268837166e-01
1.299095087568932771e-01
1.455090564929058528e-01
1.309366346899458744e-01
1.456980420690099087e-01
1.437179963094269708e-01
1.442697713576568674e-01
1.355609409873699822e-01
1.438825206584232186e-01
1.407113823960934595e-01
1.501187548597646138e-01
1.486850246716570068e-01
1.379439382728699925e-01
1.385529106612071737e-01
1.464509799270147794e-01
1.439867222733179075e-01
1.307858966426138081e-01
1.409010821725341089e-01
1.486943606990370759e-01
1.385258222957028995e-01
1.426764258737596991e-01
1.252128624093757081e-01
1.450387148317021646e-01
1.300381893531538657e-01
1.323928504624873048e-01
1.473703623184193512e-01
1.474522033786487829e-01
1.459027776971696111e-01
1.224481370109001127e-01
1.214766418810120374e-01
1.394134492425529448e-01
1.316606208873714601e-01
1.262429923859963443e-01
1.507270110162942101e-01
9.766148728847556804e-02
1.502185322145859758e-01
1.481713675865601321e-01
1.423688444317494639e-01
1.426027891226529509e-01
1.503241321244152551e-01
1.420604117453062032e-01
1.379182395806227146e-01
1.472281559566127329e-01
1.459780240006820218e-01
1.463836938578240432e-01
1.507586386716109894e-01
1.488926467250076824e-01
1.479476044381093924e-01
1.373103987780516233e-01
1.459184106506274115e-01
1.489011075496430025e-01
1.497974325238584647e-01
1.354555791538392950e-01
1.399598894924505843e-01
1.358168832607118404e-01
1.485292626765028490e-01
1.493154809821277129e-01
1.478125382012175637e-01
1.304237726034055966e-01
1.372880276491505458e-01
1.117158864075734476e-01
1.473270114871710612e-01
1.355147878357369773e-01
1.324630055514494920e-01
1.294637996431159399e-01
1.496525807461374646e-01
1.480863973250603205e-01
1.212287148127664527e-01
1.366054170317906880e-01
1.236193346730856679e-01
1.494408835246525402e-01
1.474849270943841550e-01
1.298232354685323331e-01
1.485911591237001061e-01
1.213545889877384737e-01
1.401656042643299183e-01
1.250119640924611808e-01
1.476633734136943432e-01
1.435409875032282456e-01
1.429022633126316444e-01
1.473521785678341967e-01
1.375516891119334395e-01
1.474350549665875143e-01
1.461393541361917514e-01
1.447847509244048758e-01
1.425656775881721516e-01
1.471963507292010920e-01
1.428159899971664648e-01
1.455925039896905360e-01
1.474551539667529332e-01
1.389733352797448418e-01
1.333849583025969454e-01
1.368259748574337520e-01
1.491908270220012045e-01
1.258783986809649258e-01
1.485692617034266305e-01
1.498525471607441151e-01
1.406291089563816155e-01
1.178987752080306456e-01
1.378123138584050056e-01
1.281850579468973850e-01
1.252128624093757081e-01
1.507950243326192374e-01
1.400713289481386736e-01
1.384467518845954315e-01
1.415533987434102192e-01
1.292283316241734092e-01
1.504796572809389277e-01
1.204423417966661303e-01
1.463892897137505644e-01
1.262508737382306290e-01
1.495490746572321339e-01
1.416389737212061239e-01
1.223014948954627146e-01
1.377562676711049927e-01
1.398372906836941043e-01
1.475331145473572081e-01
1.399640127595738193e-01
1.405625715784599161e-01
1.236193346730856679e-01
1.474019356014714122e-01
1.454849003621935255e-01
1.463179515272476638e-01
1.475304866643547819e-01
1.262285756154068739e-01
1.439530807497551024e-01
1.432628623593347750e-01
1.294668127458389606e-01
1.436960075367928191e-01
1.474246110430317835e-01
1.490178474854708668e-01
1.452728768885619137e-01
1.188905531316985786e-01
1.465042035714671786e-01
1.506963479114430959e-01
1.485885655632947222e-01
1.426247144548462853e-01
1.353049796645043601e-01
1.380155464663244402e-01
1.367709143351033552e-01
1.473263663281790814e-01
1.488579795909096559e-01
1.360383294209775717e-01
1.315399000193521462e-01
1.504419709233482116e-01
1.428865618220829803e-01
1.433031747462799044e-01
1.439446872560072033e-01
1.352596566308100212e-01
1.429039105720620872e-01
1.469857043005379227e-01
1.388649687551215262e-01
1.499888434081594613e-01
1.481518067359903490e-01
1.369635744344472050e-01
1.260122479327489275e-01
1.466087703203363124e-01
1.351681591531472548e-01
1.391513046722544500e-01
1.327980221249369930e-01
1.508897970848523395e-01
1.413902237820197638e-01
1.283303614810472615e-01
1.350050825464065296e-01
1.377449957750372378e-01
1.463113650476934591e-01
1.369510929212608141e-01
1.480492725376852670e-01
1.486676519770777083e-01
1.507249581845493958e-01
1.404919491588969283e-01
1.260631756499411282e-01
1.430020953683441287e-01
1.334102272539930412e-01
1.334801413401847103e-01
1.498491213760948515e-01
1.434617326445668251e-01
1.337184748293740177e-01
1.384530499661780489e-01
1.422542826176619313e-01
1.379434761670798038e-01
1.209977477375981658e-01
1.374090731283778288e-01
1.371027020097221050e-01
1.380404677564614491e-01
1.482666253787707500e-01
1.289850481144478311e-01
1.341346215727696467e-01
1.438310803840029406e-01
