5.782461934801318149e-02
5.782503720458984087e-02
5.782447697927679819e-02
5.782475166801842592e-02
5.782500057275478944e-02
5.782439882049002222e-02
5.782484435883324114e-02
5.782441321649949006e-02
5.782455601051354060e-02
5.782418256542906643e-02
5.782484301972558305e-02
5.782442217513478894e-02
5.782382239291524589e-02
5.782436969353854650e-02
5.782428273342082869e-02
5.782503932538325675e-02
5.782398486915088509e-02
5.782449687769594671e-02
5.782471257933753661e-02
5.782486192703364253e-02
5.782481556904794928e-02
5.782416498635738200e-02
5.782395037138690630e-02
5.782450303613527465e-02
5.782501884276983195e-02
5.782449687769594671e-02
5.782442241423756124e-02
5.782493398561641684e-02
5.782408755657975075e-02
5.782395761094268061e-02
5.782355995549440936e-02
5.782504271390238870e-02
5.782450274196818812e-02
5.782473153168822544e-02
5.782425671556026825e-02
5.782468637183554860e-02
5.782452602929155638e-02
5.782494515383378858e-02
5.782409091953125829e-02
5.782480571631336275e-02
5.782491003333953272e-02
5.782448764150625170e-02
5.782479465328614621e-02
5.782473153168822544e-02
5.782484096632646564e-02
5.782463582660617163e-02
5.782330543708785742e-02
5.782439882049002222e-02
5.782356195237405017e-02
5.782495359636569132e-02
5.782477498728532533e-02
5.782455610913796173e-02
5.782497948282804001e-02
5.782464365060668854e-02
5.782454884583903415e-02
5.782489398332400776e-02
5.782390186628325046e-02
5.782385847427866377e-02
5.782503130154124926e-02
5.782387879409255083e-02
5.782441036755706087e-02
5.782475398450664938e-02
5.782466796198575815e-02
5.782482855244493181e-02
5.782333217006653536e-02
5.782462964967240854e-02
5.782505193428393031e-02
5.782492331489727522e-02
5.782454143731333152e-02
5.782424905461933107e-02
5.782481539370447343e-02
5.782423763457468502e-02
5.782441036755706087e-02
5.782439614469323669e-02
5.782455374679768001e-02
5.782398797920880462e-02
5.782484435883324114e-02
5.782449687769594671e-02
5.782441321649949006e-02
5.782368960914388567e-02
5.782412261674949039e-02
5.782437440560379144e-02
5.782470324060576955e-02
5.782450274196818812e-02
5.782468638531967908e-02
5.782501930053249306e-02
5.782390186628325046e-02
5.782386786176129528e-02
5.782504095901525726e-02
5.782472632491988951e-02
5.782485083098458378e-02
5.782431991548876715e-02
5.782444021057640826e-02
5.782504075559410234e-02
5.782423784039369269e-02
5.782489269718664449e-02
5.782485994723782219e-02
5.782485388378973135e-02
5.782370758333163496e-02
5.782409091953125829e-02
5.782437440560379144e-02
5.782399159134528344e-02
5.782478106660383921e-02
5.782359805119013929e-02
5.782484877348012531e-02
5.782463150032044613e-02
5.782387580074782596e-02
5.782440701314441045e-02
5.782486994296850286e-02
5.782427451961492937e-02
5.782431991548876715e-02
5.782452916784361352e-02
5.782468638531967908e-02
5.782425671556026825e-02
5.782404896284750601e-02
5.782501884276983195e-02
5.782485388378973135e-02
5.782490634562358067e-02
5.782471257933753661e-02
5.782428274217752545e-02
5.782494636575617741e-02
5.782431809923199717e-02
5.782497948282804001e-02
5.782488741032117824e-02
5.782422043524292066e-02
5.782504075559410234e-02
5.782390186628325046e-02
5.782445953808572348e-02
5.782469336972689833e-02
5.782491252833632522e-02
5.782481539370447343e-02
5.782479250415919342e-02
5.782435427466284250e-02
5.782433987571168610e-02
5.782427365122821961e-02
5.782378625607086098e-02
5.782468637183554860e-02
5.782505349299608965e-02
5.782412678492132585e-02
5.782409091953125829e-02
5.782412778073620085e-02
5.782488741032117824e-02
5.782484674121336071e-02
5.782427365122821961e-02
5.782424771169308864e-02
5.782402832762605083e-02
5.782452602929155638e-02
5.782465703310420146e-02
5.782441321649949006e-02
5.782469618184209181e-02
5.782439987646910418e-02
5.782457414343331048e-02
5.782484991143876929e-02
5.782427365122821961e-02
5.782470344559828557e-02
5.782465703310420146e-02
5.782506443938210949e-02
5.782455601051354060e-02
5.782374175795343407e-02
5.782490304982218499e-02
5.782448103829752883e-02
5.782455870937874831e-02
5.782390938322591600e-02
5.782503236445778183e-02
5.782465218419105546e-02
5.782416710472955412e-02
5.782467774355059403e-02
5.782478903866863917e-02
5.782502523442074882e-02
5.782476519895304867e-02
5.782484301972558305e-02
5.782504271390238870e-02
5.782383193173813718e-02
5.782458056120426404e-02
5.782488741032117824e-02
5.782491457025877579e-02
5.782463582660617163e-02
5.782424771169308864e-02
5.782491252833632522e-02
5.782479388651193264e-02
5.782454341622987604e-02
5.782490500354893481e-02
5.782457414343331048e-02
5.782497449343008272e-02
5.782402944785844379e-02
5.782472474563525588e-02
5.782486583586478324e-02
5.782425671556026825e-02
5.782385847427866377e-02
5.782485994723782219e-02
5.782479250415919342e-02
5.782450274196818812e-02
5.782500242478708086e-02
5.782466796198575815e-02
5.782482855244493181e-02
5.782378625607086098e-02
5.782463768026871453e-02
5.782497889863549845e-02
5.782426729660211651e-02
5.782465703310420146e-02
5.782461934801318149e-02
5.782499568020645769e-02
5.782483201884838775e-02
5.782475398450664938e-02
5.782448103829752883e-02
5.782487676059254456e-02
5.782483245828414636e-02
5.782423784039369269e-02
5.782468327822448684e-02
5.782439882049002222e-02
5.782484301972558305e-02
5.782439536887892806e-02
5.782448103829752883e-02
5.782473153168822544e-02
5.782432798779842120e-02
5.782439614469323669e-02
5.782337158135819610e-02
5.782454143731333152e-02
5.782501627748859452e-02
5.782463485090566513e-02
5.782481556904794928e-02
5.782502182684751135e-02
5.782488741032117824e-02
5.782459711726033874e-02
5.782479249014498002e-02
5.782467871782516478e-02
5.782429037581464371e-02
5.782440804958303981e-02
5.782396309243337251e-02
5.782454742723068530e-02
5.782416790340273727e-02
5.782437440560379144e-02
5.782450274196818812e-02
5.782472692126623681e-02
5.782433987571168610e-02
5.782483096319272764e-02
5.782460362891199412e-02
5.782478584540678979e-02
5.782502663974012358e-02
5.782471161821149674e-02
5.782491851677556971e-02
5.782504271390238870e-02
5.782391601527164804e-02
5.782459602422433675e-02
5.782466316464382472e-02
5.782455740890438123e-02
5.782424771169308864e-02
5.782501884276983195e-02
5.782413318235941208e-02
5.782411613836711817e-02
5.782481556904794928e-02
5.782431991548876715e-02
5.782441036755706087e-02
5.782488741032117824e-02
5.782475579696673418e-02
5.782473153168822544e-02
5.782498736227307395e-02
5.782407376696326040e-02
5.782402832762605083e-02
5.782472632491988951e-02
5.782450995696600260e-02
5.782383193173813718e-02
5.782497948282804001e-02
5.782478637240592856e-02
5.782381589119590243e-02
5.782444695196789497e-02
5.782502081672299260e-02
5.782393974688453120e-02
5.782453548173979718e-02
5.782477712147265914e-02
5.782450995696600260e-02
5.782503927507494368e-02
5.782484991143876929e-02
5.782478637240592856e-02
5.782438067564471540e-02
5.782463582660617163e-02
5.782492049512764909e-02
5.782489326950715491e-02
5.782387879409255083e-02
5.782418943397785865e-02
5.782503927507494368e-02
5.782490500354893481e-02
5.782485992540876973e-02
5.782371397588223494e-02
5.782490310634619268e-02
5.782495082951635834e-02
5.782490099127618466e-02
5.782356195237405017e-02
5.782435255220313985e-02
5.782488212070857614e-02
5.782484169975387472e-02
5.782439536887892806e-02
5.782455610913796173e-02
5.782484300583570769e-02
5.782372991317745459e-02
5.782480370560889177e-02
5.782487676059254456e-02
5.782504684171875520e-02
5.782492438308014376e-02
5.782469336972689833e-02
5.782439904296232669e-02
5.782490500354893481e-02
5.782395037138690630e-02
5.782488741032117824e-02
5.782487676059254456e-02
5.782486101241175735e-02
5.782455740890438123e-02
5.782501930053249306e-02
5.782497889863549845e-02
5.782465218419105546e-02
5.782442217513478894e-02
5.782457414343331048e-02
5.782481242017728507e-02
5.782504490724151014e-02
5.782491401777774265e-02
5.782420670502119026e-02
5.782469336972689833e-02
5.782474247533804512e-02
5.782434020148554538e-02
5.782486499164673360e-02
5.782487251128769212e-02
5.782464078330473017e-02
5.782483201884838775e-02
5.782475393566094413e-02
5.782427365122821961e-02
5.782465218419105546e-02
5.782448408690855912e-02
5.782399037782297302e-02
5.782492331489727522e-02
5.782493022869319987e-02
5.782485584959079494e-02
5.782450274196818812e-02
5.782500242478708086e-02
5.782484096632646564e-02
5.782457610864752406e-02
5.782475889376255396e-02
5.782439614469323669e-02
5.782501884276983195e-02
5.782465703310420146e-02
5.782419052106120561e-02
5.782355995549440936e-02
5.782449860084254434e-02
5.782437482236144066e-02
5.782490108735596768e-02
5.782488741032117824e-02
5.782498736227307395e-02
5.782482646053134501e-02
5.782413318235941208e-02
5.782455601051354060e-02
5.782434020148554538e-02
5.782490500354893481e-02
5.782487241565224811e-02
5.782451430964872380e-02
5.782483245828414636e-02
5.782500838538796872e-02
5.782408758766477419e-02
5.782462556726481601e-02
5.782412678492132585e-02
5.782455601051354060e-02
5.782436983811457126e-02
5.782484301972558305e-02
5.782482746002279295e-02
5.782466864875382417e-02
5.782506983047609045e-02
5.782479249014498002e-02
5.782491401777774265e-02
5.782468692801366605e-02
5.782465703310420146e-02
5.782494881877922599e-02
5.782455601051354060e-02
5.782439904296232669e-02
5.782490500354893481e-02
5.782501273535739506e-02
5.782472324987598944e-02
5.782502663974012358e-02
5.782407376696326040e-02
5.782505305665121276e-02
5.782447821836085577e-02
5.782449687769594671e-02
5.782389711635162188e-02
5.782450995696600260e-02
5.782412778073620085e-02
5.782488741032117824e-02
5.782481242017728507e-02
5.782429604813649204e-02
5.782463582660617163e-02
5.782469959716061980e-02
5.782407895242611812e-02
5.782389562557551516e-02
5.782461560935986400e-02
5.782484169975387472e-02
5.782420431155885221e-02
5.782497948282804001e-02
5.782500242478708086e-02
5.782427365122821961e-02
5.782425671556026825e-02
5.782497889863549845e-02
5.782482986121961765e-02
5.782367745748294430e-02
5.782508170711188333e-02
5.782395109129967459e-02
5.782450274196818812e-02
5.782469812589596803e-02
5.782419566268249406e-02
5.782472474563525588e-02
5.782468638531967908e-02
5.782501575491555412e-02
5.782486369735976434e-02
5.782508170711188333e-02
5.782492693513556492e-02
5.782504869661390240e-02
5.782475109449107531e-02
5.782503694887256018e-02
5.782432610372043036e-02
5.782466796198575815e-02
5.782482855244493181e-02
5.782463768026871453e-02
5.782506948238845534e-02
5.782415358387309190e-02
5.782466818069523229e-02
5.782464889796736646e-02
5.782466864875382417e-02
5.782450274196818812e-02
5.782395037138690630e-02
5.782452959789634306e-02
5.782491401777774265e-02
5.782445953808572348e-02
5.782385847427866377e-02
5.782506219368425265e-02
5.782465703310420146e-02
5.782484301972558305e-02
5.782446586717265857e-02
5.782488372437279145e-02
5.782503694887256018e-02
5.782483921650652392e-02
5.782424743143689538e-02
5.782468638531967908e-02
5.782444127909272535e-02
5.782504095901525726e-02
5.782472632491988951e-02
5.782487251128769212e-02
5.782482855244493181e-02
5.782489398332400776e-02
5.782489269718664449e-02
5.782415358387309190e-02
5.782434020148554538e-02
5.782497310179152139e-02
5.782503439633758513e-02
5.782459063493085305e-02
5.782424400518963725e-02
5.782465256626174999e-02
5.782428988028434635e-02
5.782497449343008272e-02
5.782420670502119026e-02
5.782499182347139444e-02
5.782492438308014376e-02
5.782385847427866377e-02
5.782486369735976434e-02
5.782478698476915813e-02
5.782466571736645522e-02
5.782494293653619999e-02
5.782457414343331048e-02
5.782488741032117824e-02
5.782481242017728507e-02
5.782463582660617163e-02
5.782468011325343771e-02
5.782498057910132050e-02
5.782393449274358943e-02
5.782398797920880462e-02
5.782393301950221332e-02
5.782484301972558305e-02
5.782439987646910418e-02
5.782458056120426404e-02
5.782427372414548905e-02
5.782507108425036235e-02
5.782492438308014376e-02
5.782439614469323669e-02
5.782479388651193264e-02
5.782461013769653324e-02
5.782476733348076992e-02
5.782462423095232479e-02
5.782382239291524589e-02
5.782501776043504765e-02
5.782502378383010816e-02
5.782473153168822544e-02
5.782490089915359732e-02
5.782390186628325046e-02
5.782471652080115043e-02
5.782507148324363133e-02
5.782492297752074573e-02
5.782439904296232669e-02
5.782502182684751135e-02
5.782506983047609045e-02
5.782481242017728507e-02
5.782378625607086098e-02
5.782476816876108705e-02
5.782504150816528132e-02
5.782426729660211651e-02
5.782410444567005758e-02
5.782451255324013578e-02
5.782504271390238870e-02
5.782383193173813718e-02
5.782382239291524589e-02
5.782452959789634306e-02
5.782472474563525588e-02
5.782407376696326040e-02
5.782506219368425265e-02
5.782491952914346756e-02
5.782493302015693365e-02
5.782484421350399251e-02
5.782504869661390240e-02
5.782490500354893481e-02
5.782443652898099085e-02
5.782432798779842120e-02
5.782482217149472609e-02
5.782502663974012358e-02
5.782424771169308864e-02
5.782439882049002222e-02
5.782501884276983195e-02
5.782494515383378858e-02
5.782481539370447343e-02
5.782420431155885221e-02
5.782492857274833253e-02
5.782481242017728507e-02
5.782428273342082869e-02
5.782500838538796872e-02
5.782503236445778183e-02
5.782439882049002222e-02
5.782506219368425265e-02
5.782495259802818144e-02
5.782481556904794928e-02
5.782450274196818812e-02
5.782473153168822544e-02
5.782479249014498002e-02
5.782478106660383921e-02
5.782472632491988951e-02
5.782446356784179398e-02
5.782497560458499386e-02
5.782496546223969691e-02
5.782489618573856405e-02
5.782491003333953272e-02
5.782450274196818812e-02
5.782452959789634306e-02
5.782466316464382472e-02
5.782459711726033874e-02
5.782493961435157537e-02
5.782385847427866377e-02
5.782462964967240854e-02
5.782439505132005303e-02
5.782389711635162188e-02
5.782422586806659770e-02
5.782431991548876715e-02
5.782506983047609045e-02
5.782475398450664938e-02
5.782429928408280850e-02
5.782472474563525588e-02
5.782491457025877579e-02
5.782483969151551439e-02
5.782478584540678979e-02
5.782390186628325046e-02
5.782487251128769212e-02
5.782501429889493061e-02
5.782476096848544744e-02
5.782468638531967908e-02
5.782367745748294430e-02
5.782508170711188333e-02
5.782419052106120561e-02
5.782474647647323218e-02
5.782451696996508683e-02
5.782508194356181241e-02
5.782472942292336826e-02
5.782383193173813718e-02
5.782476096848544744e-02
5.782486101241175735e-02
5.782506597616209054e-02
5.782455870937874831e-02
5.782429037581464371e-02
5.782490099127618466e-02
5.782426729660211651e-02
5.782465703310420146e-02
5.782455610913796173e-02
5.782480359859333563e-02
5.782412533486028239e-02
5.782502611509407475e-02
5.782473153168822544e-02
5.782428273342082869e-02
5.782483245828414636e-02
5.782495082951635834e-02
5.782481886679362304e-02
5.782385847427866377e-02
5.782408125128324361e-02
5.782480370560889177e-02
5.782439580376687316e-02
5.782427365122821961e-02
5.782424771169308864e-02
5.782467521403998612e-02
5.782485994723782219e-02
5.782465703310420146e-02
5.782415358387309190e-02
5.782455601051354060e-02
5.782442217513478894e-02
5.782479250415919342e-02
5.782441036755706087e-02
5.782466316464382472e-02
5.782483096319272764e-02
5.782485962834500726e-02
5.782463768026871453e-02
5.782424771169308864e-02
5.782465703310420146e-02
5.782442241423756124e-02
5.782481539370447343e-02
5.782488741032117824e-02
5.782507007767548335e-02
5.782472324987598944e-02
5.782460362891199412e-02
5.782489398332400776e-02
5.782498736227307395e-02
5.782385847427866377e-02
5.782448010062073152e-02
5.782492164904581844e-02
5.782486770808270560e-02
5.782441036755706087e-02
5.782480419699380370e-02
5.782489326950715491e-02
5.782484435883324114e-02
5.782449687769594671e-02
5.782439505132005303e-02
5.782455601051354060e-02
5.782389562557551516e-02
5.782495203350622448e-02
5.782487251128769212e-02
5.782442217513478894e-02
5.782371709080341704e-02
5.782450274196818812e-02
5.782488741032117824e-02
5.782484657057893052e-02
5.782503811880347622e-02
5.782366305032186210e-02
5.782487198182703625e-02
5.782492049512764909e-02
5.782450995696600260e-02
5.782442217513478894e-02
5.782400353655986480e-02
5.782482217149472609e-02
5.782471652080115043e-02
5.782503349162934625e-02
5.782486192703364253e-02
5.782463150032044613e-02
5.782485140099911242e-02
5.782489266284754348e-02
5.782494293653619999e-02
5.782463421012327964e-02
5.782484512123572951e-02
5.782478637240592856e-02
5.782390938322591600e-02
5.782489269718664449e-02
5.782504246258374225e-02
5.782427439557333293e-02
5.782449687769594671e-02
5.782495253011725456e-02
5.782450995696600260e-02
5.782431991548876715e-02
5.782484300583570769e-02
5.782501940844111954e-02
5.782474392655491402e-02
5.782423894681918558e-02
5.782481886679362304e-02
5.782460111915842943e-02
5.782415808711702243e-02
5.782413318235941208e-02
5.782490563678306661e-02
5.782479250415919342e-02
5.782452705421141370e-02
5.782463768026871453e-02
5.782481587465305994e-02
5.782404896284750601e-02
5.782367745748294430e-02
5.782411613836711817e-02
5.782479698803202200e-02
5.782380557943116867e-02
5.782430624331810765e-02
5.782420431155885221e-02
5.782472474563525588e-02
5.782478637240592856e-02
5.782504684171875520e-02
5.782495511414596084e-02
5.782468011325343771e-02
5.782404896284750601e-02
5.782471161821149674e-02
5.782494515383378858e-02
5.782422509700663182e-02
5.782455957374020572e-02
5.782480639090475938e-02
5.782429604813649204e-02
5.782492049512764909e-02
5.782448010062073152e-02
5.782449687769594671e-02
5.782454742723068530e-02
5.782411613836711817e-02
5.782471104281010355e-02
5.782495092385062790e-02
5.782490881587275949e-02
5.782395037138690630e-02
5.782488741032117824e-02
5.782465794123876901e-02
5.782478106660383921e-02
5.782474662528414022e-02
5.782504095901525726e-02
5.782426729660211651e-02
5.782393301950221332e-02
5.782416790340273727e-02
5.782395109129967459e-02
5.782488741032117824e-02
5.782483395746830512e-02
5.782473153168822544e-02
5.782429604813649204e-02
5.782475889376255396e-02
5.782381589119590243e-02
5.782494515383378858e-02
5.782455601051354060e-02
5.782426110757188376e-02
5.782377651887461723e-02
5.782449860084254434e-02
5.782484300583570769e-02
5.782493981179613607e-02
5.782432798779842120e-02
5.782429604813649204e-02
5.782490310634619268e-02
5.782356195237405017e-02
5.782440255121505668e-02
5.782486770808270560e-02
5.782490500354893481e-02
5.782447697927679819e-02
5.782432798779842120e-02
5.782427365122821961e-02
5.782463582660617163e-02
5.782390186628325046e-02
5.782469336972689833e-02
5.782426729660211651e-02
5.782465703310420146e-02
5.782487251128769212e-02
5.782437440560379144e-02
5.782382239291524589e-02
5.782503694887256018e-02
5.782481242017728507e-02
5.782479527883827020e-02
5.782491457025877579e-02
5.782501930053249306e-02
5.782495082951635834e-02
5.782404896284750601e-02
5.782355995549440936e-02
5.782382239291524589e-02
5.782466796198575815e-02
5.782485710568337212e-02
5.782370460062076500e-02
5.782468011325343771e-02
5.782356913414926636e-02
5.782426729660211651e-02
5.782441321649949006e-02
5.782410444567005758e-02
5.782504869661390240e-02
5.782503927507494368e-02
5.782412778073620085e-02
5.782447697927679819e-02
5.782459602422433675e-02
5.782502444767437244e-02
5.782503811880347622e-02
5.782429604813649204e-02
5.782463582660617163e-02
5.782463768026871453e-02
5.782439904296232669e-02
5.782431991548876715e-02
5.782459602422433675e-02
5.782498947722149174e-02
5.782333217006653536e-02
5.782385847427866377e-02
5.782472500535308646e-02
5.782435255220313985e-02
5.782387580074782596e-02
5.782452928281280047e-02
5.782495092385062790e-02
5.782419566268249406e-02
5.782468638531967908e-02
5.782425671556026825e-02
5.782476816876108705e-02
5.782385847427866377e-02
5.782441321649949006e-02
5.782461013769653324e-02
5.782415358387309190e-02
5.782492297752074573e-02
5.782477498728532533e-02
5.782492565444757177e-02
5.782441036755706087e-02
5.782487676059254456e-02
5.782478584540678979e-02
5.782504095901525726e-02
5.782435255220313985e-02
5.782416402347236722e-02
5.782398844065241017e-02
5.782387580074782596e-02
5.782478872187253593e-02
5.782437482236144066e-02
5.782508031766507572e-02
5.782402944785844379e-02
5.782472474563525588e-02
5.782469111277897811e-02
5.782457417881954609e-02
5.782421748878339984e-02
5.782471257933753661e-02
5.782476519895304867e-02
5.782475109449107531e-02
5.782371709080341704e-02
5.782457414343331048e-02
5.782435427466284250e-02
5.782466796198575815e-02
5.782491457025877579e-02
5.782482855244493181e-02
5.782463582660617163e-02
5.782492049512764909e-02
5.782439882049002222e-02
5.782441156537505844e-02
5.782441036755706087e-02
5.782436969353854650e-02
5.782488741032117824e-02
5.782478637240592856e-02
5.782455870937874831e-02
5.782408050924514598e-02
5.782495082951635834e-02
5.782402832762605083e-02
5.782388713265936009e-02
5.782486770808270560e-02
5.782489232534044482e-02
5.782441036755706087e-02
5.782488741032117824e-02
5.782472324987598944e-02
5.782463582660617163e-02
5.782465218419105546e-02
5.782501884276983195e-02
5.782398797920880462e-02
5.782455025166283180e-02
5.782437440560379144e-02
5.782506983047609045e-02
5.782386786176129528e-02
5.782469336972689833e-02
5.782491252833632522e-02
5.782494515383378858e-02
5.782463262242196200e-02
5.782456138359969022e-02
5.782398335986182331e-02
5.782429790653279000e-02
5.782495092385062790e-02
5.782464078330473017e-02
5.782420431155885221e-02
5.782483201884838775e-02
5.782490310634619268e-02
5.782477328266862060e-02
5.782444329911286263e-02
5.782438174079270604e-02
5.782409091953125829e-02
5.782410444567005758e-02
5.782439987646910418e-02
5.782502640659842319e-02
5.782484096632646564e-02
5.782426729660211651e-02
5.782441321649949006e-02
5.782411613836711817e-02
5.782501922816991879e-02
5.782434020148554538e-02
5.782429570754007292e-02
5.782483147150807579e-02
5.782481556904794928e-02
5.782485584959079494e-02
5.782475166801842592e-02
5.782472474563525588e-02
5.782429604813649204e-02
5.782390186628325046e-02
5.782490835178373534e-02
5.782485236770441156e-02
5.782441321649949006e-02
5.782432974842267870e-02
5.782486770808270560e-02
5.782442217513478894e-02
5.782459602422433675e-02
5.782457610864752406e-02
5.782477175449768358e-02
5.782482646053134501e-02
5.782469336972689833e-02
5.782506219368425265e-02
5.782492331489727522e-02
5.782457286188078666e-02
5.782485083098458378e-02
5.782431991548876715e-02
5.782480246008980806e-02
5.782429928408280850e-02
5.782483245828414636e-02
5.782492438308014376e-02
5.782465218419105546e-02
5.782495253011725456e-02
5.782454143731333152e-02
5.782457665480096598e-02
5.782486770808270560e-02
5.782455708163647401e-02
5.782492857274833253e-02
5.782435427466284250e-02
5.782481242017728507e-02
5.782463582660617163e-02
5.782494322338413428e-02
5.782507451853122205e-02
5.782439882049002222e-02
5.782426729660211651e-02
5.782481539370447343e-02
5.782479250415919342e-02
5.782439580376687316e-02
5.782491401777774265e-02
5.782497889863549845e-02
5.782469336972689833e-02
5.782445913812429839e-02
5.782492857358110389e-02
5.782497560458499386e-02
5.782412770681794045e-02
5.782487251128769212e-02
5.782503927507494368e-02
5.782383193173813718e-02
5.782450274196818812e-02
5.782502611509407475e-02
5.782449670558188759e-02
5.782468638531967908e-02
5.782477175449768358e-02
5.782444329911286263e-02
5.782491252833632522e-02
5.782454341622987604e-02
5.782488741032117824e-02
5.782478637240592856e-02
5.782429604813649204e-02
5.782488240574108762e-02
5.782474628596030730e-02
5.782476108722647834e-02
5.782491252833632522e-02
5.782370758333163496e-02
5.782440119877006734e-02
5.782400233971647652e-02
5.782473586767443441e-02
5.782415662524148514e-02
5.782390186628325046e-02
5.782468011325343771e-02
5.782398797920880462e-02
5.782435255220313985e-02
5.782411613836711817e-02
5.782452017870569339e-02
5.782483992441926623e-02
5.782484301972558305e-02
5.782391020505003865e-02
5.782497948282804001e-02
5.782488741032117824e-02
5.782507108425036235e-02
5.782468011325343771e-02
5.782482986121961765e-02
5.782415808711702243e-02
5.782446372891617004e-02
5.782433137858049299e-02
5.782450995696600260e-02
5.782464078330473017e-02
5.782490500354893481e-02
5.782475803534753434e-02
5.782463582660617163e-02
5.782487943240668254e-02
5.782481886679362304e-02
5.782385847427866377e-02
5.782381589119590243e-02
5.782465703310420146e-02
5.782484301972558305e-02
5.782483201884838775e-02
5.782503811880347622e-02
5.782429037581464371e-02
5.782408758766477419e-02
5.782398797920880462e-02
5.782494515383378858e-02
5.782492331489727522e-02
5.782441321649949006e-02
5.782470577793931421e-02
5.782485083098458378e-02
5.782491646325832457e-02
5.782466864875382417e-02
5.782441036755706087e-02
5.782429928408280850e-02
5.782466796198575815e-02
5.782455870937874831e-02
5.782463671901504759e-02
5.782426729660211651e-02
5.782469959716061980e-02
5.782479250415919342e-02
5.782493981179613607e-02
5.782427365122821961e-02
5.782445953808572348e-02
5.782426729660211651e-02
5.782491952914346756e-02
5.782507148324363133e-02
5.782413318235941208e-02
5.782492857358110389e-02
5.782497560458499386e-02
