1.471239018746209987e-04
5.311192989898598564e-07
3.375794295782574578e-07
2.500686073676613717e-05
5.452100341857907739e-04
1.762244008390477843e-05
5.291703976455824964e-07
2.898529058746081638e-05
1.719538877950049359e-04
1.531483940363043158e-05
1.565891363569849222e-04
4.204784989020118337e-05
3.375794295782574578e-07
2.674569275148912009e-06
1.520802619971994389e-05
2.508070339823565060e-05
5.517203699434944069e-06
4.090497540756179540e-04
2.454591937040034215e-06
4.132466558170940244e-05
5.311192989898598564e-07
7.319241082800238506e-06
5.049178672829319716e-05
2.684440379970967122e-06
4.865570083133518282e-06
4.078124544381892491e-06
1.329350048099850251e-04
6.917601839149912184e-06
5.082777422620532428e-06
2.185883064901071940e-03
4.573835779608315797e-06
7.319241082800238506e-06
1.675825592583170315e-06
2.124150394880633776e-04
4.204784989020118337e-05
7.098630513927302495e-03
2.684440379970967122e-06
1.773625544652329775e-04
2.095477201536176740e-03
3.634516866464563773e-06
7.319241082800238506e-06
3.375794295782574578e-07
3.581795917654992966e-07
4.037689848519225490e-04
3.103986198579132398e-05
1.530224308889291103e-04
4.865570083133518282e-06
1.637749412875711839e-04
4.078124544381892491e-06
4.365868953837517044e-05
4.573835779608315797e-06
2.872852846071099247e-05
5.311192989898598564e-07
6.584727787653063178e-05
3.375794295782574578e-07
9.744145978440375117e-06
3.581795917654992966e-07
2.004471622823405269e-05
5.452100341857907739e-04
1.046574122660827999e-01
3.709472272354656441e-05
1.633364949585376798e-04
1.675825592583170315e-06
6.651094953024276337e-06
5.716218947981990990e-04
5.852736676628463238e-06
3.719688036295889732e-06
5.452100341857907739e-04
2.826975641846492964e-04
6.184575772378438866e-04
3.349614315547171979e-07
1.675825592583170315e-06
3.581795917654992966e-07
4.488667676043742774e-05
2.066082626388727518e-04
1.105550114800708285e-03
3.634516866464563773e-06
7.720641103898853697e-05
5.046744852391287173e-05
1.531483940363043158e-05
2.921773083044425611e-05
3.248566664712402376e-05
9.472912920940551140e-05
1.675825592583170315e-06
2.875700016841578719e-04
7.290812997479546691e-05
6.318096496642744116e-04
9.681138571498171534e-05
1.520802619971994389e-05
9.706075954820943925e-05
3.349614315547171979e-07
5.311192989898598564e-07
7.319241082800238506e-06
1.675825592583170315e-06
6.918691617591047130e-05
3.928000370499694496e-05
3.103986198579132398e-05
1.267156556810998536e-02
2.674521216950106632e-05
3.921174915967756431e-04
1.886027925007436462e-02
5.311192989898598564e-07
2.074708764463273423e-04
1.077988732564214117e-05
3.175273616085072439e-03
9.419262341949220956e-06
2.674569275148912009e-06
5.452100341857907739e-04
4.090497540756179540e-04
2.625954638898675615e-05
1.675825592583170315e-06
6.399218788907759135e-04
3.427373668629897703e-04
1.291843574120059668e-06
2.684440379970967122e-06
2.405514286709627212e-04
1.097945734008399761e-03
2.004471622823405269e-05
1.520802619971994389e-05
8.000549513110239886e-06
4.573835779608315797e-06
3.349614315547171979e-07
5.311192989898598564e-07
1.291843574120059668e-06
1.024252673633745727e-05
1.520802619971994389e-05
1.779599164824655492e-05
2.111780144274291778e-05
8.126058734419114047e-06
1.382770922612308944e-07
2.148052506969741048e-03
4.798618408169424338e-06
5.311192989898598564e-07
5.796766709516931824e-04
1.675825592583170315e-06
6.651094953024276337e-06
1.899451167556868235e-06
1.291843574120059668e-06
3.581795917654992966e-07
2.067706322482604469e-04
3.349614315547171979e-07
3.110005016421091804e-03
1.345306063804793247e-05
1.520802619971994389e-05
2.111780144274291778e-05
5.452100341857907739e-04
4.090497540756179540e-04
2.454591937040034215e-06
5.291703976455824964e-07
1.707528216369466655e-03
1.495516443128380247e-03
4.217126650116376392e-04
5.571576052386367339e-04
4.883368230035396349e-05
3.448574417288538616e-04
3.722501001179368446e-05
2.004471622823405269e-05
3.452068115046167204e-05
6.437460624192036856e-06
1.167728356826241201e-04
5.311192989898598564e-07
3.172363961799705672e-05
2.684440379970967122e-06
3.581795917654992966e-07
2.674569275148912009e-06
5.862262793731103739e-05
5.452100341857907739e-04
2.715358938622740355e-05
1.861925481302792589e-05
1.144434329837031772e-05
3.349614315547171979e-07
1.053010019047632262e-04
1.020666914068604569e-04
2.684440379970967122e-06
2.067706322482604469e-04
6.918691617591047130e-05
4.090497540756179540e-04
6.460886420108125257e-04
2.326540884228786726e-06
4.078124544381892491e-06
3.349614315547171979e-07
3.136544344330318822e-04
1.019661075677240781e-03
1.899451167556868235e-06
2.684440379970967122e-06
5.517203699434944069e-06
2.387683679852987216e-05
8.586701110560163695e-05
3.736187871906281521e-05
2.898529058746081638e-05
3.375794295782574578e-07
1.520802619971994389e-05
2.095477201536176740e-03
1.134902349677626397e-03
1.861925481302792589e-05
1.382770922612308944e-07
2.258767592357980821e-04
4.365868953837517044e-05
4.306977290846644539e-03
5.082777422620532428e-06
2.921773083044425611e-05
2.514863439715265844e-06
2.507033446688179836e-05
1.675825592583170315e-06
6.651094953024276337e-06
3.047469028313361120e-05
7.202551926085450475e-05
3.581795917654992966e-07
2.674569275148912009e-06
1.520802619971994389e-05
2.872852846071099247e-05
1.430566187604300670e-04
1.675825592583170315e-06
1.178791185624778132e-03
1.063975191306793768e-05
2.385111127591204346e-04
2.674569275148912009e-06
2.272489878551133468e-04
2.608886258578823128e-02
4.060096707426480572e-06
1.055324922123439070e-05
1.671318647582663471e-04
5.311192989898598564e-07
6.651094953024276337e-06
8.428062118200867604e-05
1.314592759119250919e-04
2.674569275148912009e-06
4.916457402442643873e-06
3.015714988624457540e-04
2.884888224538180085e-05
5.571576052386367339e-04
1.899451167556868235e-06
8.183589400910467636e-06
3.514144883115629043e-05
9.988228395700902637e-03
5.517203699434944069e-06
5.452100341857907739e-04
4.090497540756179540e-04
4.762749997460706791e-05
6.278048808597334294e-07
1.064922827832609320e-05
2.368844960176505823e-02
6.651094953024276337e-06
3.172363961799705672e-05
7.258836936077825127e-04
8.120913611054350514e-05
7.118149054304849944e-04
5.452100341857907739e-04
4.916457402442643873e-06
3.634516866464563773e-06
3.349614315547171979e-07
2.771017368567553290e-06
5.311192989898598564e-07
7.319241082800238506e-06
1.164782842588194741e-05
2.674569275148912009e-06
1.520802619971994389e-05
2.508070339823565060e-05
4.129573928250794280e-05
2.095477201536176740e-03
2.514863439715265844e-06
3.985011688408440143e-06
7.319241082800238506e-06
9.867133061064465975e-05
3.172363961799705672e-05
5.202028812097118536e-04
1.200915911425535572e-05
1.024252673633745727e-05
3.223238331532716984e-04
2.508070339823565060e-05
3.349614315547171979e-07
7.319241082800238506e-06
6.939367824164945271e-05
5.202028812097118536e-04
3.581795917654992966e-07
8.850345910472131087e-05
3.103986198579132398e-05
5.452100341857907739e-04
4.090497540756179540e-04
1.382770922612308944e-07
1.307600619303941154e-03
1.996776723167805145e-05
7.319241082800238506e-06
2.166672910684229545e-03
4.799052227581696443e-06
2.674569275148912009e-06
1.250874323919635815e-03
7.481665131411500795e-03
4.865570083133518282e-06
4.365868953837517044e-05
3.349614315547171979e-07
7.638021924975082184e-06
6.651094953024276337e-06
3.995843432389636039e-03
4.765714999816909246e-05
4.786243562604806196e-05
2.508070339823565060e-05
5.517203699434944069e-06
4.090497540756179540e-04
3.634516866464563773e-06
5.484451716983005135e-05
1.239646195249082808e-03
1.899451167556868235e-06
3.375794295782574578e-07
2.684440379970967122e-06
5.891791112859659683e-06
7.580877749639993932e-04
1.500717490968654774e-04
9.731322884278628986e-04
1.401230478787829359e-01
3.349614315547171979e-07
1.675825592583170315e-06
6.651094953024276337e-06
4.028830636230645244e-05
1.899451167556868235e-06
3.375794295782574578e-07
3.248468757748455469e-04
4.616186476039970912e-05
3.581795917654992966e-07
6.477672310712504519e-05
9.954416501614226503e-04
5.311192989898598564e-07
1.252199269843494965e-02
1.063975191306793768e-05
4.935084904634233797e-04
7.128133013399538787e-05
1.024252673633745727e-05
1.520802619971994389e-05
6.998883813841305125e-05
5.517203699434944069e-06
1.976807787546110609e-05
1.675825592583170315e-06
1.041715710918876417e-03
4.799052227581696443e-06
4.297473779156590380e-03
2.674569275148912009e-06
4.490948646733551944e-04
5.297381264440099687e-04
2.508070339823565060e-05
2.089501872407461657e-04
2.489835903029015960e-04
1.899451167556868235e-06
1.291843574120059668e-06
1.748839276905575914e-04
7.195445269939803766e-04
3.251009137703506736e-05
9.706075954820943925e-05
6.164699444251646150e-04
3.634516866464563773e-06
5.496264423562610170e-03
2.771017368567553290e-06
6.651094953024276337e-06
1.019661075677240781e-03
4.243189266957876778e-04
2.684440379970967122e-06
9.765855018128136514e-03
2.674569275148912009e-06
2.025736779673622742e-02
3.634516866464563773e-06
1.382770922612308944e-07
2.489835903029015960e-04
3.349614315547171979e-07
1.893126395885787877e-04
2.228567359509778213e-04
2.858568266818272471e-03
5.939469835714786608e-03
1.532606136945436970e-06
5.644929777850766356e-04
3.581795917654992966e-07
9.981380146735877609e-05
5.311192989898598564e-07
1.899451167556868235e-06
2.474542359742374709e-05
1.258439175164465483e-04
2.508070339823565060e-05
5.517203699434944069e-06
4.090497540756179540e-04
3.634516866464563773e-06
1.144434329837031772e-05
2.898529058746081638e-05
4.573835779608315797e-06
2.514863439715265844e-06
5.311192989898598564e-07
9.637237641926322314e-04
3.375794295782574578e-07
1.345306063804793247e-05
2.674569275148912009e-06
5.517203699434944069e-06
8.360756113369035084e-03
6.994066604563259869e-05
4.643972941229169049e-04
6.651094953024276337e-06
5.632761931237656694e-05
3.375794295782574578e-07
2.684440379970967122e-06
3.581795917654992966e-07
1.158921139928150154e-05
3.634516866464563773e-06
1.406815339916537145e-04
1.382770922612308944e-07
1.028380726124869396e-03
5.311192989898598564e-07
7.319241082800238506e-06
9.692437475995520108e-05
2.674569275148912009e-06
1.520802619971994389e-05
3.103986198579132398e-05
8.226679651787601735e-05
6.994066604563259869e-05
9.733940684494120775e-06
1.235413601608387224e-04
6.651094953024276337e-06
9.744145978440375117e-06
4.555264503773724698e-06
1.219104433587387196e-02
4.037689848519225490e-04
4.480783440623764373e-03
4.865570083133518282e-06
1.382770922612308944e-07
1.907991509749555007e-03
2.490217719548968897e-05
6.125130704088361730e-04
6.651094953024276337e-06
1.087598671959817817e-03
4.665575700806659677e-05
1.900602568050694036e-04
1.520802619971994389e-05
2.053406355305263534e-04
2.095477201536176740e-03
4.655065675811679085e-04
6.330747517886907254e-03
6.338805629677800009e-05
1.024252673633745727e-05
5.517203699434944069e-06
1.134902349677626397e-03
4.916457402442643873e-06
1.307748450160281951e-03
6.877640648434517821e-07
7.212223880029196028e-04
5.082777422620532428e-06
3.349614315547171979e-07
5.040856819812893758e-05
3.375794295782574578e-07
1.665757863221953143e-04
3.581795917654992966e-07
1.024252673633745727e-05
1.146539317647020037e-04
2.508070339823565060e-05
4.090497540756179540e-04
1.139614131409360690e-04
3.349614315547171979e-07
5.216367060797434110e-04
2.139114626662447246e-05
5.760762829453106460e-04
1.439500232242228945e-04
9.021398246413653966e-06
3.618879478378611222e-03
3.187866870404542524e-04
1.851059972688908509e-05
1.519168610373835778e-04
6.006448495836936565e-04
2.352764460133359664e-04
1.175625424609319107e-04
3.238546725104215953e-03
1.761243473636526060e-03
3.375794295782574578e-07
2.123513417417113863e-05
2.674569275148912009e-06
1.399456325350935469e-04
5.452100341857907739e-04
1.899451167556868235e-06
5.331355455251117481e-03
2.308869838218807177e-05
3.722501001179368446e-05
5.517203699434944069e-06
5.452100341857907739e-04
6.163583298311595734e-04
2.025736779673622742e-02
3.634516866464563773e-06
1.861925481302792589e-05
3.349614315547171979e-07
1.736158129243310080e-03
1.331672406317559838e-04
1.369543906659746388e-03
3.581795917654992966e-07
1.900602568050694036e-04
2.674569275148912009e-06
1.151240290050865476e-03
9.286467663980972056e-04
9.980089381880465210e-06
1.899451167556868235e-06
3.375794295782574578e-07
9.692437475995520108e-05
1.038878392688880426e-05
1.520802619971994389e-05
2.088198493630270759e-04
2.095477201536176740e-03
5.046744852391287173e-05
3.148657313658283392e-03
6.877640648434517821e-07
2.037331750811392066e-06
7.319241082800238506e-06
1.675825592583170315e-06
3.141047606630238611e-05
3.632222705449417144e-04
1.020521180325027841e-03
6.278048808597334294e-07
2.898529058746081638e-05
1.851059972688908509e-05
4.365868953837517044e-05
8.383998719673406246e-06
7.319241082800238506e-06
2.074708764463273423e-04
7.068178530179611632e-03
3.375794295782574578e-07
9.419262341949220956e-06
5.760762829453106460e-04
6.998883813841305125e-05
2.095477201536176740e-03
2.715358938622740355e-05
4.643972941229169049e-04
7.319241082800238506e-06
6.651094953024276337e-06
6.920898599785403453e-05
1.087598671959817817e-03
1.291843574120059668e-06
5.891791112859659683e-06
3.248812351086567164e-03
1.108927486057713748e-04
5.517203699434944069e-06
7.319241082800238506e-06
6.584727787653063178e-05
4.607240888263914078e-05
3.581795917654992966e-07
9.988228395700902637e-03
2.004471622823405269e-05
6.064390632251924658e-03
4.090497540756179540e-04
1.919635092827958313e-05
1.719538877950049359e-04
2.741216714021116850e-03
6.134482856758205905e-05
1.532606136945436970e-06
2.684440379970967122e-06
3.581795917654992966e-07
2.335771720614955615e-04
1.636678303568710343e-04
8.415327747837242443e-04
3.634516866464563773e-06
2.193997457998519271e-05
1.771455125961570072e-05
5.311192989898598564e-07
1.235413601608387224e-04
3.375794295782574578e-07
1.029044362902142455e-04
2.674569275148912009e-06
1.520802619971994389e-05
4.129573928250794280e-05
4.090497540756179540e-04
4.060096707426480572e-06
8.780111101760015076e-05
7.319241082800238506e-06
1.675825592583170315e-06
1.623471589701110237e-04
8.496800415365880895e-04
3.375794295782574578e-07
8.388537420438728538e-05
9.744145978440375117e-06
1.139936478025903390e-05
6.477672310712504519e-05
1.028380726124869396e-03
3.349614315547171979e-07
2.355282775007345143e-05
1.675825592583170315e-06
3.333699677178369748e-05
2.674569275148912009e-06
4.618613489360419411e-04
4.559287958081019443e-02
4.090497540756179540e-04
4.182034461059701750e-06
3.349614315547171979e-07
4.641433935404074468e-05
5.311192989898598564e-07
2.330354450783407539e-04
1.899451167556868235e-06
2.684440379970967122e-06
2.264103435816307254e-04
6.714018969224959821e-04
6.557055954700004817e-03
1.114980085707105960e-02
2.074708764463273423e-04
1.204884867257296826e-03
7.378588387296594912e-04
1.520802619971994389e-05
2.111780144274291778e-05
1.691770143683625144e-05
3.634516866464563773e-06
1.382770922612308944e-07
4.078124544381892491e-06
2.055978755778270560e-05
1.554658206547475773e-05
7.319241082800238506e-06
2.352764460133359664e-04
1.899451167556868235e-06
2.825334828437465681e-02
2.684440379970967122e-06
3.581795917654992966e-07
1.187967125089219993e-04
7.084149402277108848e-04
7.481665131411500795e-03
7.319241082800238506e-06
1.675825592583170315e-06
6.651094953024276337e-06
3.800983728289206143e-05
5.716218947981990990e-04
1.532606136945436970e-06
1.077709662912753003e-04
1.900602568050694036e-04
8.000549513110239886e-06
6.998883813841305125e-05
8.769408352468156028e-05
1.554658206547475773e-05
2.037331750811392066e-06
1.053010019047632262e-04
6.651094953024276337e-06
1.372183642734942218e-03
2.684440379970967122e-06
1.024252673633745727e-05
4.858815752970107866e-04
2.193997457998519271e-05
4.573835779608315797e-06
7.601016738340472952e-05
8.937872645344639407e-04
5.939469835714786608e-03
1.255042264082621299e-05
9.744145978440375117e-06
4.889712717225155322e-05
5.385847285122538457e-03
1.762244008390477843e-05
3.634516866464563773e-06
4.573835779608315797e-06
3.159165270757104582e-05
5.311192989898598564e-07
6.651094953024276337e-06
3.375794295782574578e-07
3.581795917654992966e-07
2.674569275148912009e-06
5.452100341857907739e-04
8.126058734419114047e-06
4.865570083133518282e-06
1.899451167556868235e-06
2.303766627204445125e-03
2.684440379970967122e-06
2.674569275148912009e-06
5.452100341857907739e-04
2.193997457998519271e-05
1.382770922612308944e-07
1.851059972688908509e-05
1.499104742619305911e-03
9.706382931732154061e-06
3.349614315547171979e-07
3.486387475612743713e-03
2.730991652317494613e-04
2.296855712914320287e-04
1.767374505227019071e-04
1.623471589701110237e-04
1.899451167556868235e-06
3.375794295782574578e-07
2.684440379970967122e-06
3.192814005941326216e-05
5.812817940894347314e-03
1.675825592583170315e-06
9.867133061064465975e-05
3.375794295782574578e-07
2.684440379970967122e-06
3.103986198579132398e-05
3.373487805836048299e-05
3.634516866464563773e-06
1.397950972098016392e-05
1.719538877950049359e-04
2.514863439715265844e-06
5.311192989898598564e-07
1.675825592583170315e-06
6.651094953024276337e-06
3.800983728289206143e-05
5.202028812097118536e-04
2.684440379970967122e-06
4.619285125019138155e-03
1.024252673633745727e-05
1.520802619971994389e-05
2.771017368567553290e-06
1.633364949585376798e-04
6.651094953024276337e-06
1.481625697999260907e-03
1.532606136945436970e-06
5.517203699434944069e-06
1.625316591422513654e-02
2.674521216950106632e-05
3.634516866464563773e-06
4.865570083133518282e-06
1.658394691409287576e-05
1.053010019047632262e-04
1.675825592583170315e-06
6.651094953024276337e-06
1.048487097532782228e-02
4.490948646733551944e-04
2.111780144274291778e-05
3.452068115046167204e-05
3.634516866464563773e-06
5.291703976455824964e-07
3.349614315547171979e-07
7.319241082800238506e-06
5.910186392687212769e-05
1.899451167556868235e-06
3.047469028313361120e-05
1.520802619971994389e-05
1.636678303568710343e-04
8.567365814879967720e-03
3.481501303181054607e-05
1.719538877950049359e-04
2.037331750811392066e-06
7.319241082800238506e-06
2.806527997137512709e-04
5.452100341857907739e-04
4.182034461059701750e-06
3.634516866464563773e-06
1.204260681652171658e-04
1.382770922612308944e-07
1.457308311029131311e-03
9.706382931732154061e-06
2.148052506969741048e-03
1.415411898350184706e-03
2.037331750811392066e-06
1.899451167556868235e-06
1.272849177175634783e-04
8.683193756560261413e-06
8.342100940288694317e-05
2.454591937040034215e-06
3.634516866464563773e-06
4.865570083133518282e-06
1.495516443128380247e-03
4.641433935404074468e-05
5.311192989898598564e-07
1.675825592583170315e-06
6.651094953024276337e-06
1.800011400615326648e-02
3.375794295782574578e-07
8.481200120819285069e-04
8.856872741957603749e-06
2.674569275148912009e-06
3.349614315547171979e-07
2.535469708295961209e-03
2.037331750811392066e-06
5.484451716983005135e-05
3.327716872034584746e-05
3.375794295782574578e-07
5.963554466902044432e-05
4.465980320354645951e-04
6.918691617591047130e-05
1.258679904081717003e-04
5.525587022181324692e-03
2.037331750811392066e-06
7.319241082800238506e-06
6.651094953024276337e-06
1.899451167556868235e-06
4.799052227581696443e-06
3.581795917654992966e-07
5.099412800193180379e-04
5.319297814274075858e-04
1.449756986227176796e-02
2.872852846071099247e-05
5.311192989898598564e-07
7.319241082800238506e-06
6.202150903457201870e-04
5.040856819812893758e-05
6.651094953024276337e-06
4.204784989020118337e-05
2.684440379970967122e-06
1.294577007111823597e-04
6.918691617591047130e-05
3.532670682895630685e-04
3.581795917654992966e-07
2.674569275148912009e-06
4.526620298457975698e-05
3.103986198579132398e-05
5.380140249745339045e-04
2.500686073676613717e-05
5.452100341857907739e-04
4.682385462225102006e-04
2.454591937040034215e-06
2.771017368567553290e-06
7.319241082800238506e-06
3.375794295782574578e-07
2.508070339823565060e-05
5.517203699434944069e-06
6.164699444251646150e-04
4.090497540756179540e-04
3.836919697450505738e-05
2.072339443315157886e-03
1.139614131409360690e-04
5.311192989898598564e-07
6.651094953024276337e-06
5.930681212157530189e-04
1.061521927711941992e-04
5.517203699434944069e-06
2.145073983741725422e-05
1.879396857748636036e-04
1.167260168099420324e-05
1.719538877950049359e-04
1.531483940363043158e-05
1.530307005817900398e-05
1.064922827832609320e-05
1.675825592583170315e-06
3.995843432389636039e-03
1.752037064507377416e-05
2.684440379970967122e-06
7.088276011850017187e-04
1.520802619971994389e-05
1.449756986227176796e-02
5.673305797781806966e-05
9.160055093801882937e-05
7.319241082800238506e-06
6.651094953024276337e-06
8.834763127212448509e-05
2.972832774731289118e-04
2.247595388284539305e-03
1.077709662912753003e-04
5.891791112859659683e-06
3.581795917654992966e-07
1.520802619971994389e-05
3.248566664712402376e-05
5.311192989898598564e-07
7.138809230314118988e-04
1.899451167556868235e-06
2.684440379970967122e-06
7.195445269939803766e-04
2.073835996151821893e-04
1.520802619971994389e-05
6.998883813841305125e-05
5.517203699434944069e-06
3.516461895408224639e-05
2.489835903029015960e-04
1.675825592583170315e-06
1.899451167556868235e-06
3.137095458258581243e-02
1.520802619971994389e-05
1.010033607594196470e-04
2.111780144274291778e-05
3.280661455394232994e-03
2.715358938622740355e-05
3.865506851922050481e-05
5.311192989898598564e-07
7.319241082800238506e-06
1.675825592583170315e-06
4.799052227581696443e-06
2.800700418617156715e-03
3.581795917654992966e-07
9.681138571498171534e-05
2.500686073676613717e-05
2.095477201536176740e-03
3.349614315547171979e-07
7.319241082800238506e-06
1.675825592583170315e-06
6.596825194936670276e-04
1.077988732564214117e-05
2.684440379970967122e-06
1.529334246476162862e-04
1.439500232242228945e-04
5.452100341857907739e-04
6.844679462899011925e-05
1.605298302976038448e-05
1.430566187604300670e-04
1.675825592583170315e-06
1.751282311044963604e-04
6.071427639426705387e-05
4.890632385727157038e-04
3.581795917654992966e-07
6.918691617591047130e-05
9.982139037612953938e-05
1.484532741739033579e-04
3.349614315547171979e-07
8.383998719673406246e-06
1.336599284663478879e-04
4.880544283612227134e-04
8.935630806408027121e-03
3.581795917654992966e-07
8.850345910472131087e-05
8.000549513110239886e-06
1.010033607594196470e-04
5.517203699434944069e-06
3.110005016421091804e-03
9.472912920940551140e-05
5.311192989898598564e-07
3.504351182968731804e-04
8.183589400910467636e-06
1.900602568050694036e-04
2.674569275148912009e-06
1.520802619971994389e-05
5.517203699434944069e-06
4.060096707426480572e-06
9.160475412560966843e-05
5.311192989898598564e-07
1.098264039732741674e-03
1.675825592583170315e-06
2.722816284363327021e-03
2.166672910684229545e-03
8.313987724068927433e-05
4.549670163836875073e-04
1.373275902235842217e-04
2.674569275148912009e-06
3.349614315547171979e-07
7.319241082800238506e-06
3.327716872034584746e-05
2.509074682606864939e-04
6.686285962185591384e-05
1.291843574120059668e-06
2.684440379970967122e-06
4.490948646733551944e-04
1.258679904081717003e-04
8.044223420255368351e-03
3.349614315547171979e-07
5.311192989898598564e-07
1.675825592583170315e-06
1.899451167556868235e-06
5.852736676628463238e-06
9.318172993344497369e-05
1.176873710588499093e-05
2.073835996151821893e-04
1.520802619971994389e-05
5.517203699434944069e-06
7.574004099727232560e-05
7.319241082800238506e-06
6.651094953024276337e-06
1.899451167556868235e-06
1.200915911425535572e-05
7.119166635832803848e-04
1.520802619971994389e-05
4.330983581690003376e-05
8.126058734419114047e-06
1.376257675140784946e-03
2.489835903029015960e-04
1.336599284663478879e-04
5.092739673502805138e-05
5.851389400185217022e-04
6.686285962185591384e-05
3.375794295782574578e-07
6.621016811246168679e-05
1.520802619971994389e-05
1.206533143078932277e-04
2.500686073676613717e-05
3.327716872034584746e-05
3.193131835654835436e-05
2.023775251094364278e-03
1.222272722699849871e-05
1.314592759119250919e-04
1.369543906659746388e-03
3.722723686690021083e-04
4.037689848519225490e-04
8.182680374363241263e-03
3.634516866464563773e-06
1.178382160019916386e-05
5.542920809189347047e-04
9.836584746836015553e-03
3.550374376793497900e-05
2.684440379970967122e-06
1.116432609674894140e-04
9.988228395700902637e-03
2.674569275148912009e-06
1.520802619971994389e-05
4.129573928250794280e-05
2.514863439715265844e-06
1.675825592583170315e-06
1.899451167556868235e-06
3.427373668629897703e-04
3.375794295782574578e-07
3.581795917654992966e-07
9.981380146735877609e-05
8.000549513110239886e-06
5.862262793731103739e-05
5.452100341857907739e-04
2.489835903029015960e-04
2.514863439715265844e-06
3.423453293046238555e-05
2.121389689259989579e-04
5.796766709516931824e-04
1.899451167556868235e-06
3.375794295782574578e-07
2.684440379970967122e-06
1.900602568050694036e-04
1.242918687548502643e-04
1.675825592583170315e-06
6.651094953024276337e-06
1.291843574120059668e-06
3.581795917654992966e-07
2.674569275148912009e-06
5.452100341857907739e-04
4.090497540756179540e-04
3.654861220894472932e-05
2.193997457998519271e-05
3.353083896651328265e-06
