8.474339327959448990e-06
2.737502272034965340e-06
2.975671363713261811e-03
2.997655231712921233e-05
7.606251282404531851e-05
1.214370331120869076e-04
1.255557059213498884e-05
1.962218176732648670e-06
6.586707398026656889e-06
3.913415160278300303e-02
1.840555008568005956e-06
3.130293222913325659e-05
3.990221310316987994e-04
2.657553332813237485e-06
1.788113116810154843e-06
1.287319014280302403e-04
3.700945405249572018e-05
3.158978211432027380e-05
3.529460818378372374e-06
5.008306277826386592e-03
1.404277358309477540e-06
2.973171724907683507e-03
3.130293222913325659e-05
1.463751433377242993e-05
1.223259888279249965e-05
8.041662356384190265e-06
1.397372435859962837e-05
6.308770904772775909e-05
6.586707398026656889e-06
9.611562490935304475e-06
4.001256242750703129e-04
2.226696340928649583e-04
2.409970287194405187e-04
1.050231096651727848e-03
1.854119241447306858e-06
1.255557059213498884e-05
5.264230515380541092e-05
7.349144555355653486e-06
3.902126031339874391e-04
5.742795275671573678e-05
8.985471902342063796e-06
2.904835021975426396e-03
4.505156957817101120e-05
2.016704874853336268e-05
3.673951664974513340e-03
1.221225275868478876e-04
6.883628936539380478e-04
3.230269768687738064e-06
2.821260424775862022e-05
1.575038574335890817e-04
1.863852618610490445e-05
3.130293222913325659e-05
3.109371803855031193e-05
1.328177797368370813e-04
1.854119241447306858e-06
3.481892373119349106e-04
1.800279420836285857e-04
2.698431178205363232e-06
5.008306277826386592e-03
5.492204864284136109e-04
1.051213306565969773e-05
1.821660869037736369e-04
3.541776452702109150e-04
1.343521549937952138e-04
1.387527199994052391e-05
2.352863208779240004e-04
1.788113116810154843e-06
2.184587782504754380e-05
1.796111513682716347e-04
4.472282507882389659e-05
3.663611407931826659e-04
3.130293222913325659e-05
2.758712615129634265e-04
7.574537931250661655e-05
1.048701459627284089e-05
1.800237288330605820e-05
9.488406862451551592e-05
1.214370331120869076e-04
6.244952208789767388e-03
1.606309310224867380e-04
1.840555008568005956e-06
6.752825373976909396e-04
3.541776452702109150e-04
4.206630050659975930e-06
1.025329022718335413e-03
5.614467992329415484e-06
1.667002103740219542e-04
1.800576424760012883e-04
5.169684534612655543e-05
2.422342228841192074e-02
3.228266989488909951e-05
1.821660869037736369e-04
1.840555008568005956e-06
1.685156513412879103e-06
1.071725515673648438e-05
1.023459597070677087e-05
1.358423517963086011e-05
3.554627841194082580e-04
1.446472394097244528e-06
7.317383062353138064e-05
4.994828348714483408e-05
3.698473293100128234e-04
1.223259888279249965e-05
1.862494403623080183e-04
8.102902046406934219e-03
9.084030105962223687e-05
5.389932678943256707e-03
3.788232116552975380e-04
1.287319014280302403e-04
3.700945405249572018e-05
2.119258586375545115e-05
2.575132393664818350e-04
1.463751433377242993e-05
1.223259888279249965e-05
1.836470164560798785e-04
7.230976881953517043e-06
3.252917814960803186e-04
5.479983797886486168e-05
1.255557059213498884e-05
3.039655795502825011e-04
3.080345299416834980e-05
8.243399700888037072e-07
4.517049692879740322e-04
3.357484571717965538e-06
3.130293222913325659e-05
4.206630050659975930e-06
7.230976881953517043e-06
8.256162004985841975e-05
9.484584667024407434e-06
1.640628511353970615e-05
2.961108489313552216e-05
3.130293222913325659e-05
1.913655277068261482e-05
1.800237288330605820e-05
3.817579196672980393e-06
6.228085276509394115e-04
9.484584667024407434e-06
1.533271094337042089e-04
1.854119241447306858e-06
4.071192086041576323e-05
1.073871988740108707e-05
7.395994336027652020e-04
3.022355136574776519e-05
1.223259888279249965e-05
1.862494403623080183e-04
3.817579196672980393e-06
6.883180606941413822e-04
9.084030105962223687e-05
1.112134478139328953e-05
2.008141304908262121e-05
8.985471902342063796e-06
3.809942920601321493e-03
1.343521549937952138e-04
2.278728488419005157e-03
1.894755195594866450e-04
1.355537736975939234e-03
4.789722281697827446e-04
4.566403108887267387e-03
4.864066080625933981e-06
3.324438877179914514e-02
2.479290792529062472e-06
1.840555008568005956e-06
2.226696340928649583e-04
1.223259888279249965e-05
8.519696026654851039e-06
1.461531513903199255e-04
7.455100007981977702e-06
6.586707398026656889e-06
3.784753879614313429e-04
2.075510055584727618e-05
2.226696340928649583e-04
3.315486670208548682e-04
4.206630050659975930e-06
1.170104174284443692e-04
3.252917814960803186e-04
5.748978278710896016e-04
1.504893224340799226e-06
6.586707398026656889e-06
8.098765810361670926e-06
1.829477302637209707e-03
6.406952880961324444e-05
1.223259888279249965e-05
4.420619904941104454e-04
7.149928729020089361e-05
6.450878088498829960e-03
3.188515258543118502e-04
1.374565821967907268e-03
1.336012207674194818e-02
3.074163094458601839e-04
8.848465610772562279e-06
8.985471902342063796e-06
3.997086509395892610e-04
6.228085276509394115e-04
9.580872626298384941e-05
1.673071297881381912e-06
2.075510055584727618e-05
1.400356252799325567e-02
1.002111277942692924e-03
2.994225702108353434e-04
7.602619317089699880e-07
1.073871988740108707e-05
4.974634179353061179e-04
2.926975780941079770e-04
1.374992360645160719e-05
3.109371803855031193e-05
7.143101512521192920e-05
4.092556144319055528e-04
8.066169031521714479e-05
2.905824269804961705e-05
1.265985767178666368e-03
1.863852618610490445e-05
1.223259888279249965e-05
6.371567866409779524e-06
1.901066449929225688e-04
8.041662356384190265e-06
1.062935863714263969e-04
1.884125145278087035e-03
1.685156513412879103e-06
2.258141389650442684e-04
1.417967043925516103e-05
1.840555008568005956e-06
4.719111126290422370e-06
1.752941243381280428e-05
6.900758128268999264e-04
3.481892373119349106e-04
1.107167505617374886e-05
1.711759451477538034e-05
1.922268042432269321e-05
7.009017830896229623e-05
1.028194423942231487e-04
1.239042187027789889e-04
3.130293222913325659e-05
1.018662951771814613e-04
1.223259888279249965e-05
8.041662356384190265e-06
3.429076541172986175e-04
1.420370516687004721e-05
1.830888380416697409e-02
2.665116565386046659e-06
2.529623225912574938e-04
8.985471902342063796e-06
1.223259888279249965e-05
4.351311702776181657e-06
3.817579196672980393e-06
4.675559331122693287e-06
1.107167505617374886e-05
1.252382621146935086e-05
1.296174929022436543e-04
9.604104004966907717e-05
2.365891464527186260e-04
8.243399700888037072e-07
6.752825373976909396e-04
4.206630050659975930e-06
3.314601417010084043e-05
3.817579196672980393e-06
8.307849457486265354e-07
1.107167505617374886e-05
2.806618442561320472e-04
4.419301821642447301e-06
5.304576803216022422e-03
1.840555008568005956e-06
3.004575424185559397e-04
3.163149846263045833e-04
4.791058385037553086e-05
2.807119624816202855e-04
8.519696026654851039e-06
9.084030105962223687e-05
1.080597795103669691e-02
1.374565821967907268e-03
4.387093092676769691e-04
4.206630050659975930e-06
4.330714618222764940e-05
7.230976881953517043e-06
1.060989482891459243e-05
1.911809738466858577e-05
1.978679842717990083e-05
2.746369116367411174e-04
3.402659392754034998e-07
1.798693063981482952e-03
2.830844180159521365e-05
7.662715786729752156e-04
2.231604982513682217e-05
3.109371803855031193e-05
8.519696026654851039e-06
1.533271094337042089e-04
1.255557059213498884e-05
2.805312522287154841e-03
2.068456738714653884e-03
1.568288737028958357e-05
2.853158616298659276e-05
8.985471902342063796e-06
6.232209304598474754e-04
4.001256242750703129e-04
4.974634179353061179e-04
5.983932194507423155e-05
1.461531513903199255e-04
1.345466410313903117e-05
1.049014724391294747e-05
1.358815857870245144e-04
3.074163094458601839e-04
8.243399700888037072e-07
7.230976881953517043e-06
1.043548151743159045e-04
4.757718340295524107e-06
3.074163094458601839e-04
2.501858680177924000e-04
1.197824966844548523e-05
5.739953831187262739e-05
2.953743880882764145e-05
6.864301008243443966e-06
2.968696535227845128e-05
1.223259888279249965e-05
1.048701459627284089e-05
6.900758128268999264e-04
8.041662356384190265e-06
5.389932678943256707e-03
4.275295573959256317e-05
3.331564826534426642e-05
4.472282507882389659e-05
1.475939787782793106e-03
8.195100081636763243e-05
2.226696340928649583e-04
2.492904979321047349e-05
1.214370331120869076e-04
8.307849457486265354e-07
1.606309310224867380e-04
7.986320148855626218e-07
4.182814549845692418e-05
9.590081020352718983e-06
1.002111277942692924e-03
6.735908455886116772e-06
8.243399700888037072e-07
6.752825373976909396e-04
3.315486670208548682e-04
4.505156957817101120e-05
8.519696026654851039e-06
1.246425134468993022e-03
1.962218176732648670e-06
2.184587782504754380e-05
4.182814549845692418e-05
2.479290792529062472e-06
9.165790474736381331e-04
4.206630050659975930e-06
7.606251282404531851e-05
1.854119241447306858e-06
8.154802176438208448e-05
4.472282507882389659e-05
2.263711148771865782e-05
1.197824966844548523e-05
3.402659392754034998e-07
2.479290792529062472e-06
2.226696340928649583e-04
2.931170924885131445e-05
5.089115590698593431e-05
8.307849457486265354e-07
2.704016347940529433e-05
1.636167746192509478e-03
5.225586616158908103e-05
1.173105832382706406e-03
3.015513899507449801e-04
1.901066449929225688e-04
3.752995320361580015e-06
3.229577645907641875e-05
9.875413053009606023e-05
7.149928729020089361e-05
2.258141389650442684e-04
7.548411453959012770e-06
1.048004463177902476e-04
7.332238541479045016e-04
2.274620750304915567e-05
4.014907251306858637e-05
6.596381552945355204e-04
3.130293222913325659e-05
6.299688045395240420e-04
5.614467992329415484e-06
8.093748171721042010e-05
7.743997282352780732e-06
1.123606470602584546e-03
9.875413053009606023e-05
1.952685703359779935e-03
1.051213306565969773e-05
3.721766711550311777e-05
2.409970287194405187e-04
5.112311382296590270e-05
1.123606470602584546e-03
7.011478522023524997e-06
2.971177296641533795e-04
1.656642202912102051e-04
2.905824269804961705e-05
1.374565821967907268e-03
1.840555008568005956e-06
4.206630050659975930e-06
1.223259888279249965e-05
1.123165983064124433e-05
2.546190318184215237e-04
6.952900917814282614e-04
3.230269768687738064e-06
2.627801693260333122e-05
1.398136148490990681e-03
5.406034860089670537e-06
3.130293222913325659e-05
2.931170924885131445e-05
8.735435985457779451e-05
1.214370331120869076e-04
1.255557059213498884e-05
1.457628213777094778e-05
1.095095396920610017e-03
1.252382621146935086e-05
3.408886426087704476e-03
2.247930644148146001e-02
3.162555570280145887e-05
2.931170924885131445e-05
5.614467992329415484e-06
6.358201888247600212e-05
3.181067470451574982e-05
7.417477796827298491e-05
2.926789184719315013e-06
1.023459597070677087e-05
1.433444526661509927e-02
4.276510394725943848e-04
8.126838951439085664e-04
1.404277358309477540e-06
4.351311702776181657e-06
2.591758597227337567e-04
1.255557059213498884e-05
1.463354722280075291e-05
8.739062335005806648e-03
3.359983469593674890e-06
1.126175693133739022e-05
1.533460213877153142e-05
1.821660869037736369e-04
2.388354107386208083e-03
1.603733075521486290e-04
4.206630050659975930e-06
2.492904979321047349e-05
4.420619904941104454e-04
9.084030105962223687e-05
4.857994228132436709e-06
2.568256165029480725e-05
6.080222634021528998e-04
1.198900846303507881e-05
3.997086509395892610e-04
7.861538793046545263e-04
1.285775058424442687e-05
1.337925288021038668e-04
1.385410728873736220e-03
5.153566622150631844e-04
7.011478522023524997e-06
2.157298095732385599e-04
8.413816190899433591e-05
7.619194272231532108e-05
3.752995320361580015e-06
1.884125145278087035e-03
2.840011979815185207e-06
7.986320148855626218e-07
2.264814700826735271e-04
1.002111277942692924e-03
1.485721702442909138e-03
5.089427760893328886e-05
8.286315781077832447e-04
7.802438375139288652e-06
6.922305115540992968e-05
1.343521549937952138e-04
1.506118669791934015e-05
8.041662356384190265e-06
1.962218176732648670e-06
2.249923487488140106e-04
2.967825902463392592e-06
6.733888812890018692e-03
5.203472074880598523e-05
8.243399700888037072e-07
2.838272857876170899e-03
2.448651624305801973e-04
8.786593499849700191e-05
8.041662356384190265e-06
6.480080614551225868e-05
3.074172718232628877e-04
2.157298095732385599e-04
1.504893224340799226e-06
5.340605944716516826e-03
4.974634179353061179e-04
8.041662356384190265e-06
3.244255332281229909e-04
5.389932678943256707e-03
8.904168652798612107e-04
3.822844851431865908e-06
3.074163094458601839e-04
1.603731849103514121e-04
4.543625426857086077e-06
3.440634459770632243e-05
7.802438375139288652e-06
1.821660869037736369e-04
1.944875268898325687e-04
1.884125145278087035e-03
2.615701590326755930e-06
8.961380098134227501e-06
1.374565821967907268e-03
4.419301821642447301e-06
5.340605944716516826e-03
8.848465610772562279e-06
1.669742695649909794e-04
3.522467215338046919e-03
4.102005964742938082e-05
2.698431178205363232e-06
1.173105832382706406e-03
1.524851843735171736e-05
2.676238844943810801e-05
1.130134631513652148e-06
2.835171711064764298e-04
3.937303735046219789e-05
3.663611407931826659e-04
8.243399700888037072e-07
1.167166102403442475e-05
8.041662356384190265e-06
2.732289966823295843e-05
3.822844851431865908e-06
4.436401949958625570e-05
9.399066923214269981e-03
5.410920135274141767e-04
5.406034860089670537e-06
1.943472499169922318e-03
1.669742695649909794e-04
2.492904979321047349e-05
1.944875268898325687e-04
9.580872626298384941e-05
1.263385356591329930e-03
1.673071297881381912e-06
5.343812538934142840e-03
1.126024776196732192e-05
3.485570941102196209e-05
3.844810185144433793e-03
1.102839639839278189e-05
4.226600330628913957e-04
1.738751358984143324e-05
1.688417421243110380e-04
9.580872626298384941e-05
4.287367286190930482e-06
3.014820812808823995e-05
3.956182936746261542e-05
2.665116565386046659e-06
1.073871988740108707e-05
2.019819776132854392e-04
4.719111126290422370e-06
1.463751433377242993e-05
6.468352813464177881e-06
1.504893224340799226e-06
1.389810396873906451e-01
1.197824966844548523e-05
3.007775563558363232e-05
5.920274290752138241e-05
7.802438375139288652e-06
9.360699990909894836e-06
2.699107317949145786e-05
4.810564599272178961e-06
1.800237288330605820e-05
2.409970287194405187e-04
1.307145403761265099e-03
2.361858237765970423e-04
6.724212351756994220e-05
2.840011979815185207e-06
2.479290792529062472e-06
4.286997715401159176e-04
1.840555008568005956e-06
3.130293222913325659e-05
1.432693078877646405e-04
3.984590778794453391e-04
8.041662356384190265e-06
6.228085276509394115e-04
1.238237950447768554e-03
1.884125145278087035e-03
3.162555570280145887e-05
3.663611407931826659e-04
4.689688384134667667e-03
1.463751433377242993e-05
3.017629405762372390e-05
1.430790738604648940e-04
1.374992360645160719e-05
3.785528360234693556e-04
7.230976881953517043e-06
3.690882804302821459e-05
1.821660869037736369e-04
8.368148560189555499e-05
4.211161185740649798e-04
3.752995320361580015e-06
9.611562490935304475e-06
1.023459597070677087e-05
1.420370516687004721e-05
3.831968940161681961e-06
1.173105832382706406e-03
5.203472074880598523e-05
1.840555008568005956e-06
3.130293222913325659e-05
4.791058385037553086e-05
6.468352813464177881e-06
3.252241816412286307e-04
1.541628899055447676e-04
6.063109722514959535e-06
2.075510055584727618e-05
4.784770587420051767e-04
7.809077357890761612e-05
7.845026985408796181e-04
2.226696340928649583e-04
1.649641350791617410e-03
2.270163494487071362e-04
1.096948879277999275e-04
1.606309310224867380e-04
2.619720999959321872e-05
1.952685703359779935e-03
1.313939215013147286e-04
2.905824269804961705e-05
6.232209304598474754e-04
8.243399700888037072e-07
2.226696340928649583e-04
2.012652513699833188e-04
2.189714600020097038e-05
1.910395608687942573e-05
3.817579196672980393e-06
2.184587782504754380e-05
2.546054541649409313e-04
6.733888812890018692e-03
3.663611407931826659e-04
6.253807438640443962e-04
8.243399700888037072e-07
2.657553332813237485e-06
4.842161422357134690e-05
3.659633450827026534e-05
1.534479292972549570e-02
2.546190318184215237e-04
4.675559331122693287e-06
6.244952208789767388e-03
1.863852618610490445e-05
3.663611407931826659e-04
3.001579321772205249e-05
2.997655231712921233e-05
4.810564599272178961e-06
5.983932194507423155e-05
1.469408989821095702e-03
8.041662356384190265e-06
6.468352813464177881e-06
1.884125145278087035e-03
6.596381552945355204e-04
6.752825373976909396e-04
6.863616021636529221e-05
8.041662356384190265e-06
3.817579196672980393e-06
6.228085276509394115e-04
1.214370331120869076e-04
1.685156513412879103e-06
3.927640807164551354e-05
1.504893224340799226e-06
3.162555570280145887e-05
9.360699990909894836e-06
1.465549128457375370e-05
4.528036812962547039e-05
3.054066895108580601e-04
1.652673105331719391e-05
3.240748725619411455e-04
2.953743880882764145e-05
5.460721572544721247e-04
8.179180295033596464e-06
4.286997715401159176e-04
6.253807438640443962e-04
4.206630050659975930e-06
2.746558109815647858e-04
1.060989482891459243e-05
3.481892373119349106e-04
1.504893224340799226e-06
6.586707398026656889e-06
4.273697681477540435e-04
1.800279420836285857e-04
1.026768697381604937e-05
2.226696340928649583e-04
1.123165983064124433e-05
3.544664461611081441e-05
2.182373188717228406e-04
8.307849457486265354e-07
1.740864510549750406e-05
1.374565821967907268e-03
4.613819271500277895e-03
3.074163094458601839e-04
1.223259888279249965e-05
9.454945600184636880e-05
1.506656508288570768e-05
8.378328496087281759e-05
7.500360210137124305e-05
1.248113679817999333e-06
3.440634459770632243e-05
8.516829554141110885e-04
4.028515121753575818e-05
2.682387445811414557e-05
3.997086509395892610e-04
4.974634179353061179e-04
3.130293222913325659e-05
7.766954776716015357e-06
7.574537931250661655e-05
9.270869111532325417e-04
2.111101911981687102e-04
9.875413053009606023e-05
7.011478522023524997e-06
2.788948598995432109e-03
2.985546581679747681e-06
3.721766711550311777e-05
8.041662356384190265e-06
4.184639128906859993e-04
7.986320148855626218e-07
1.568107049100097477e-03
3.158978211432027380e-05
6.567946034780339703e-04
3.562458143507632436e-04
3.128734468123612234e-04
2.166512819427964930e-03
2.226696340928649583e-04
7.863667306744563093e-04
1.343521549937952138e-04
8.519696026654851039e-06
6.228085276509394115e-04
3.244255332281229909e-04
1.214370331120869076e-04
1.119247440285853767e-01
1.763090635996425630e-05
2.479290792529062472e-06
3.121398729112861287e-03
4.807324112297755716e-06
3.130293222913325659e-05
7.766954776716015357e-06
5.544892387446099715e-06
8.041662356384190265e-06
4.675559331122693287e-06
3.074163094458601839e-04
2.414560146370932955e-04
2.702856313772331138e-05
4.206630050659975930e-06
2.492904979321047349e-05
8.044590210390604578e-04
1.088899560338963025e-04
9.484584667024407434e-06
3.244255332281229909e-04
1.884125145278087035e-03
6.063109722514959535e-06
1.107167505617374886e-05
8.243399700888037072e-07
2.510061898155112114e-05
4.426926327516385838e-04
3.752995320361580015e-06
3.659633450827026534e-05
1.854119241447306858e-06
1.044948684963948162e-03
1.606309310224867380e-04
3.331564826534426642e-05
7.501490276470166782e-05
3.169936559368094855e-05
4.286997715401159176e-04
7.766954776716015357e-06
8.786593499849700191e-05
5.988493426758516146e-05
1.123606470602584546e-03
2.546190318184215237e-04
1.504893224340799226e-06
8.346600347511600468e-04
2.788948598995432109e-03
4.235708575250203729e-03
1.404277358309477540e-06
3.130293222913325659e-05
2.270163494487071362e-04
3.752995320361580015e-06
5.988493426758516146e-05
1.461531513903199255e-04
7.149928729020089361e-05
1.256550372391562580e-02
1.457628213777094778e-05
4.517049692879740322e-04
1.343521549937952138e-04
3.583495129675242459e-04
1.884125145278087035e-03
2.647635080749730432e-03
2.381357403433906876e-05
2.041827199802206429e-03
1.126024776196732192e-05
5.203472074880598523e-05
6.596548807847308218e-06
4.223696277397251853e-05
1.404277358309477540e-06
2.975671363713261811e-03
5.138485189169528107e-06
7.574537931250661655e-05
1.939630143715372307e-04
1.161519809227474706e-02
5.406034860089670537e-06
3.590233416615221074e-05
3.440634459770632243e-05
1.051213306565969773e-05
3.663611407931826659e-04
4.974634179353061179e-04
8.213433737911165079e-05
3.817579196672980393e-06
6.938831485319915671e-04
2.282435811534842124e-05
1.392544172216273965e-04
1.233340206159241241e-03
2.422342228841192074e-02
2.196945680060146538e-02
3.315486670208548682e-04
1.223259888279249965e-05
2.324275163359677474e-02
2.840011979815185207e-06
2.157298095732385599e-04
3.607926656651456017e-05
2.788322911375046374e-04
1.374565821967907268e-03
3.074163094458601839e-04
8.985471902342063796e-06
4.974634179353061179e-04
3.022355136574776519e-05
1.341935460509586023e-03
3.556153564276386136e-05
8.735435985457779451e-05
1.267908346933299103e-05
7.011478522023524997e-06
9.961720241377350533e-05
1.570309527992516012e-03
6.232209304598474754e-04
3.130293222913325659e-05
9.594015760877764665e-04
1.854119241447306858e-06
6.063109722514959535e-06
1.504893224340799226e-06
1.565874067249927240e-02
2.184587782504754380e-05
1.358423517963086011e-05
2.788948598995432109e-03
8.474339327959448990e-06
1.821660869037736369e-04
4.226600330628913957e-04
5.138485189169528107e-06
4.341733894686246737e-05
1.368567394973439809e-04
4.675559331122693287e-06
2.157298095732385599e-04
6.586707398026656889e-06
4.813940426789606319e-05
8.242679220714771427e-05
6.406952880961324444e-05
2.492904979321047349e-05
8.041662356384190265e-06
3.056562361900552548e-05
2.926789184719315013e-06
8.897359885445682570e-03
2.274620750304915567e-05
1.358423517963086011e-05
1.729581015257201579e-02
2.806631533106885320e-04
4.842161422357134690e-05
5.690899226911713102e-05
1.513968496832249146e-04
1.664556535684907476e-05
1.653941004357197334e-02
3.230269768687738064e-06
6.080222634021528998e-04
1.330340838803008948e-06
1.173105832382706406e-03
1.084087235553457345e-04
5.497873913778886648e-06
1.731471860397945054e-04
3.817579196672980393e-06
2.615701590326755930e-06
6.586707398026656889e-06
1.252382621146935086e-05
3.074163094458601839e-04
1.197824966844548523e-05
3.440634459770632243e-05
4.014907251306858637e-05
1.821660869037736369e-04
6.532336651443407542e-05
5.488492551326051090e-05
1.123165983064124433e-05
1.653873753091755121e-03
8.041662356384190265e-06
7.230976881953517043e-06
9.488406862451551592e-05
9.539126703732998510e-04
7.802438375139288652e-06
3.541776452702109150e-04
1.062195897843332359e-04
2.492904979321047349e-05
4.857994228132436709e-06
2.314108026577842679e-05
8.131107550961271039e-06
3.285516222732927957e-04
2.797692877177863609e-04
4.864066080625933981e-06
9.912958794757524461e-06
8.519696026654851039e-06
8.307849457486265354e-07
1.795933293117126780e-05
3.041461748917914090e-04
3.509254137205902084e-04
2.648586924055561535e-04
3.402659392754034998e-07
1.798693063981482952e-03
4.651193976816404699e-05
8.118887325812327942e-05
6.596381552945355204e-04
9.937978543776780204e-04
1.169793660502904811e-04
6.308770904772775909e-05
1.952685703359779935e-03
7.195798811478833126e-05
3.074163094458601839e-04
2.500557935931228338e-05
1.024817753297351577e-04
5.539744465866980914e-06
3.663611407931826659e-04
1.840555008568005956e-06
2.226696340928649583e-04
3.466335883731483250e-05
3.130293222913325659e-05
2.997655231712921233e-05
2.926975780941079770e-04
1.343521549937952138e-04
3.752995320361580015e-06
9.912958794757524461e-06
3.357484571717965538e-06
2.657553332813237485e-06
8.749664933380085991e-04
1.255557059213498884e-05
5.856971229925991374e-06
3.158978211432027380e-05
1.374565821967907268e-03
4.273697681477540435e-04
2.389086304915932302e-05
1.198900846303507881e-05
1.551719523971960453e-03
2.682450189490827720e-04
9.426415179964668222e-04
3.817579196672980393e-06
5.738252266858090422e-04
3.230269768687738064e-06
4.813940426789606319e-05
2.140652265272041579e-04
9.663351521306373824e-06
4.974634179353061179e-04
1.127275215036467647e-03
1.800237288330605820e-05
9.316650123650010908e-04
1.066280393131711825e-03
1.397372435859962837e-05
7.986320148855626218e-07
8.066169031521714479e-05
7.501490276470166782e-05
1.420370516687004721e-05
2.394860410813864045e-05
1.285775058424442687e-05
1.944875268898325687e-04
8.256162004985841975e-05
2.732289966823295843e-05
8.290513719439242561e-04
3.074163094458601839e-04
3.167911297301731336e-04
1.874948359684856423e-04
3.440634459770632243e-05
4.974634179353061179e-04
1.022409602659511842e-04
3.817579196672980393e-06
9.580872626298384941e-05
1.854119241447306858e-06
7.149928729020089361e-05
1.673071297881381912e-06
5.856971229925991374e-06
1.023459597070677087e-05
2.498804076011818728e-06
1.738751358984143324e-05
6.468352813464177881e-06
6.228085276509394115e-04
9.875413053009606023e-05
4.675559331122693287e-06
7.986320148855626218e-07
1.911809738466858577e-05
3.074163094458601839e-04
1.922268042432269321e-05
8.031232129781176385e-03
7.845026985408796181e-04
4.505214595879473653e-06
2.492904979321047349e-05
4.675559331122693287e-06
1.533271094337042089e-04
1.214370331120869076e-04
1.884125145278087035e-03
2.615701590326755930e-06
4.704552583796349561e-04
2.059697741653885965e-03
7.802438375139288652e-06
3.663611407931826659e-04
8.243399700888037072e-07
2.226696340928649583e-04
3.357484571717965538e-06
3.130293222913325659e-05
7.766954776716015357e-06
7.619194272231532108e-05
3.659633450827026534e-05
8.519696026654851039e-06
