1.892127326196667942e-03
6.449024349382700104e-04
5.287023694695166479e-04
8.256833114344588854e-05
2.121650124406468190e-05
2.635250277390174312e-05
3.567948352139671313e-06
2.500951717862852498e-06
3.062918063815611328e-06
1.119665905622066590e-04
4.099702264854096842e-05
1.794737605254133055e-07
3.605806161866790484e-06
1.242676130153881229e-03
6.207078214489770542e-07
3.925133903961115335e-06
1.844309889748008645e-04
1.073399325920480607e-05
1.461249093388017597e-05
1.104769906218110528e-04
4.099702264854096842e-05
1.794737605254133055e-07
1.442351724144557389e-03
5.616817963595720173e-06
2.852431563377036637e-07
1.180947654611123704e-05
2.635250277390174312e-05
1.073091395742245319e-05
4.180457669029482366e-04
7.383083842226481836e-05
1.794737605254133055e-07
4.062320256411679874e-06
1.236124141942802955e-04
3.925133903961115335e-06
3.253362035598090000e-04
3.637292573864384023e-05
3.930880158947393800e-06
3.757203506643299514e-06
3.410306726580815309e-05
2.447951114533572329e-06
1.174585496709828067e-06
3.969672148685935218e-05
1.794737605254133055e-07
5.604138455220943451e-04
6.148127735413190607e-04
1.242676130153881229e-03
2.852431563377036637e-07
2.635250277390174312e-05
8.312233894740103438e-07
7.383083842226481836e-05
2.167105628974438924e-02
3.605806161866790484e-06
4.062320256411679874e-06
2.852431563377036637e-07
1.180947654611123704e-05
1.211027455699480413e-05
9.018589921620610139e-07
3.933118011615845182e-05
6.859539223123450110e-05
9.619200171087944083e-06
5.336282132135743671e-04
5.850586813874144362e-04
1.794737605254133055e-07
1.342225097872437644e-03
5.428338118526870346e-06
2.852431563377036637e-07
1.211027455699480413e-05
9.018589921620610139e-07
3.567948352139671313e-06
2.500951717862852498e-06
8.638111975873012573e-05
1.233494198045395748e-04
5.399786683293637132e-07
3.782109071348372947e-06
4.062320256411679874e-06
1.441327937428278074e-04
9.018589921620610139e-07
3.567948352139671313e-06
7.383083842226481836e-05
1.018032145472103623e-06
8.638111975873012573e-05
1.866770300970426281e-06
1.633359161404084229e-05
6.207078214489770542e-07
5.006580281523502864e-05
1.211027455699480413e-05
2.687859801315802154e-06
8.312233894740103438e-07
5.104945468254639546e-03
3.757203506643299514e-06
1.608969472097455947e-05
1.794737605254133055e-07
1.866770300970426281e-06
1.211027455699480413e-05
1.962469545437906518e-06
7.764736474083609272e-06
1.018032145472103623e-06
2.093986396638265220e-05
1.653625356895858432e-05
1.919253813221650627e-07
5.063432107028851799e-04
4.099702264854096842e-05
1.794737605254133055e-07
7.121573182044296063e-07
3.638365192064239525e-06
6.656613384701016187e-05
2.635250277390174312e-05
9.018589921620610139e-07
2.500951717862852498e-06
1.018032145472103623e-06
1.174585496709828067e-06
4.099702264854096842e-05
1.633359161404084229e-05
2.852431563377036637e-07
6.812558098431821529e-03
3.567948352139671313e-06
8.312233894740103438e-07
7.383083842226481836e-05
2.093986396638265220e-05
1.396839901339211364e-03
2.103554338820739673e-05
5.399786683293637132e-07
4.697958451875296645e-06
2.852431563377036637e-07
9.542511013885805098e-05
1.018032145472103623e-06
1.143082251570914617e-04
1.713126174519581901e-05
8.176037177690348600e-06
1.567180607282326905e-05
1.174585496709828067e-06
1.053090173065600061e-03
7.121573182044296063e-07
1.866770300970426281e-06
3.925133903961115335e-06
7.764736474083609272e-06
9.619200171087944083e-06
1.130481428683623084e-05
1.513491251514457445e-06
2.716149885709299012e-05
3.969672148685935218e-05
4.099702264854096842e-05
1.866770300970426281e-06
5.428338118526870346e-06
2.852431563377036637e-07
3.609835438707630377e-04
2.687859801315802154e-06
3.567948352139671313e-06
1.411224106401301472e-05
7.383083842226481836e-05
3.905305053654123122e-07
5.598806234153236088e-04
3.782109071348372947e-06
2.852431563377036637e-07
6.663944417347364662e-05
1.211027455699480413e-05
3.062918063815611328e-06
8.793243421345826405e-05
3.757203506643299514e-06
5.008318845994689890e-06
4.099702264854096842e-05
5.598806234153236088e-04
2.678671134331019773e-05
1.633359161404084229e-05
3.925133903961115335e-06
1.211027455699480413e-05
8.312233894740103438e-07
2.088827317558738551e-04
1.130481428683623084e-05
1.567180607282326905e-05
3.969672148685935218e-05
5.850586813874144362e-04
3.605806161866790484e-06
6.207078214489770542e-07
9.018589921620610139e-07
4.245486121935152706e-05
7.383083842226481836e-05
3.062918063815611328e-06
3.715025709672818179e-04
6.427655456893686947e-03
1.174585496709828067e-06
4.529319077480250264e-04
7.937864224329207487e-06
4.062320256411679874e-06
2.274036302026276931e-03
2.852431563377036637e-07
1.086527040740323686e-04
9.018589921620610139e-07
4.202476229869037128e-04
1.612682936370595475e-05
3.969672148685935218e-05
1.794737605254133055e-07
4.062320256411679874e-06
3.893461130429552410e-05
3.925133903961115335e-06
2.635250277390174312e-05
1.962469545437906518e-06
3.567948352139671313e-06
8.312233894740103438e-07
2.043587289458648378e-03
8.638111975873012573e-05
1.794737605254133055e-07
7.121573182044296063e-07
2.678671134331019773e-05
5.428338118526870346e-06
5.094615974390123922e-06
1.211027455699480413e-05
5.121845216406713735e-05
8.312233894740103438e-07
7.383083842226481836e-05
2.103554338820739673e-05
4.099702264854096842e-05
5.348190394599649757e-06
5.428338118526870346e-06
2.635250277390174312e-05
9.018589921620610139e-07
3.567948352139671313e-06
7.383083842226481836e-05
5.201674904731533929e-04
9.619200171087944083e-06
3.969672148685935218e-05
1.794737605254133055e-07
1.458662208544852829e-04
7.121573182044296063e-07
2.221870743822053229e-05
1.633359161404084229e-05
2.852431563377036637e-07
3.925133903961115335e-06
1.211027455699480413e-05
3.567948352139671313e-06
1.089545385646856874e-04
8.638111975873012573e-05
1.090195489569841969e-05
1.866770300970426281e-06
2.852431563377036637e-07
1.180947654611123704e-05
2.390610929125196182e-02
1.014120788948020407e-02
3.567948352139671313e-06
2.500951717862852498e-06
8.638111975873012573e-05
4.062320256411679874e-06
5.094615974390123922e-06
6.359432381569248244e-05
4.061470391156129698e-05
8.312233894740103438e-07
3.062918063815611328e-06
9.619200171087944083e-06
3.757203506643299514e-06
1.919253813221650627e-07
3.925133903961115335e-06
7.352333839354934907e-04
9.018589921620610139e-07
7.754966422776499320e-05
1.193143978229346422e-05
2.221394865699430506e-04
1.018032145472103623e-06
9.619200171087944083e-06
8.074954645977381630e-05
1.513491251514457445e-06
5.399786683293637132e-07
3.868889295336800944e-03
2.635250277390174312e-05
9.018589921620610139e-07
2.983297404901645838e-04
7.383083842226481836e-05
2.818342594934027708e-05
3.935584562321358866e-07
2.931122993624193972e-05
2.958242414991362054e-04
7.744053158528134165e-06
4.099702264854096842e-05
3.900409325414826561e-06
1.458662208544852829e-04
7.121573182044296063e-07
4.062320256411679874e-06
1.633359161404084229e-05
6.199088308420431594e-06
1.211027455699480413e-05
9.018589921620610139e-07
2.014547380986449199e-04
1.636501407079553718e-05
5.846166880475504983e-06
2.852431563377036637e-07
3.925133903961115335e-06
2.687859801315802154e-06
3.567948352139671313e-06
9.854065419924726624e-05
7.383083842226481836e-05
1.396839901339211364e-03
3.802326237380901093e-05
4.099702264854096842e-05
1.866770300970426281e-06
7.896553512943416667e-06
3.925133903961115335e-06
1.211027455699480413e-05
1.286192430680213885e-05
8.312233894740103438e-07
1.018032145472103623e-06
1.057837953455565316e-04
2.387394354689314078e-05
3.969672148685935218e-05
3.905305053654123122e-07
3.782109071348372947e-06
6.207078214489770542e-07
4.670543861334555094e-04
1.734229435597424993e-04
2.687859801315802154e-06
7.764736474083609272e-06
9.600012392347679545e-06
4.099702264854096842e-05
1.566324965217338796e-03
4.062320256411679874e-06
6.461091231292551541e-05
3.394901739994182000e-06
1.162417708488948940e-03
1.211027455699480413e-05
9.018589921620610139e-07
3.567948352139671313e-06
1.018032145472103623e-06
1.174585496709828067e-06
8.638111975873012573e-05
5.616817963595720173e-06
6.207078214489770542e-07
4.949506523096112651e-03
1.962469545437906518e-06
4.061470391156129698e-05
2.591850757647499285e-05
1.018032145472103623e-06
1.513491251514457445e-06
3.969672148685935218e-05
1.458662208544852829e-04
5.428338118526870346e-06
2.852431563377036637e-07
8.453103955468909455e-05
1.399520311418166283e-04
2.353419908202329910e-05
7.764736474083609272e-06
7.383083842226481836e-05
3.062918063815611328e-06
1.174585496709828067e-06
3.969672148685935218e-05
4.099702264854096842e-05
1.794737605254133055e-07
5.598806234153236088e-04
2.852431563377036637e-07
3.925133903961115335e-06
1.211027455699480413e-05
2.166351349373964093e-05
1.018032145472103623e-06
4.099702264854096842e-05
3.363460439861458429e-02
2.849754329976014256e-05
3.276751339642453324e-04
9.018589921620610139e-07
1.238510206571448761e-04
7.383083842226481836e-05
1.018032145472103623e-06
4.031000968610302937e-03
1.396839901339211364e-03
1.174585496709828067e-06
7.937864224329207487e-06
8.580202292528600736e-07
2.733581314857164873e-04
1.211027455699480413e-05
4.245486121935152706e-05
3.062918063815611328e-06
1.104769906218110528e-04
3.935584562321358866e-07
1.513491251514457445e-06
3.969672148685935218e-05
5.348190394599649757e-06
1.342225097872437644e-03
2.678671134331019773e-05
1.788434551333305169e-03
2.852431563377036637e-07
1.962469545437906518e-06
3.567948352139671313e-06
1.018032145472103623e-06
1.713126174519581901e-05
4.099702264854096842e-05
4.968090557758362436e-06
1.342225097872437644e-03
8.580202292528600736e-07
6.663944417347364662e-05
8.005205762766267729e-04
7.383083842226481836e-05
3.062918063815611328e-06
3.935584562321358866e-07
1.567180607282326905e-05
1.589876284582152652e-04
8.638111975873012573e-05
4.099702264854096842e-05
3.901754031935611498e-04
1.053090173065600061e-03
7.121573182044296063e-07
3.464904143217865126e-05
1.172880850932996407e-04
9.307474420014783304e-05
9.018589921620610139e-07
3.905305053654123122e-07
5.846166880475504983e-06
1.866770300970426281e-06
2.852431563377036637e-07
4.246548656427203555e-03
2.635250277390174312e-05
8.492038900230205686e-05
7.383083842226481836e-05
2.414109885507080832e-05
2.867690996762263978e-04
6.870876334803521351e-06
8.020975725739504583e-03
1.233494198045395748e-04
1.794737605254133055e-07
9.755825688250552191e-06
1.866770300970426281e-06
5.428338118526870346e-06
3.886441222754451414e-04
5.356255852216978931e-04
3.567948352139671313e-06
9.928620525287155103e-06
4.099702264854096842e-05
5.598806234153236088e-04
1.939892620363669468e-02
5.428338118526870346e-06
2.852431563377036637e-07
1.211027455699480413e-05
1.073091395742245319e-05
7.764736474083609272e-06
7.383083842226481836e-05
1.794737605254133055e-07
5.616817963595720173e-06
5.006580281523502864e-05
2.661693902229793151e-05
1.073399325920480607e-05
7.383083842226481836e-05
1.018032145472103623e-06
4.331348539063881039e-06
3.757203506643299514e-06
3.410306726580815309e-05
9.928620525287155103e-06
7.121573182044296063e-07
3.144245894190524116e-06
1.399520311418166283e-04
9.018589921620610139e-07
1.073399325920480607e-05
8.176037177690348600e-06
1.567180607282326905e-05
2.447951114533572329e-06
1.780128030662653382e-05
5.598806234153236088e-04
2.678671134331019773e-05
5.428338118526870346e-06
3.643470362891641377e-05
3.567948352139671313e-06
1.385421102720055947e-03
1.018032145472103623e-06
1.511572751678210304e-05
1.919253813221650627e-07
2.958242414991362054e-04
6.707855545005175736e-04
5.616817963595720173e-06
5.428338118526870346e-06
2.852431563377036637e-07
1.211027455699480413e-05
1.962469545437906518e-06
7.764736474083609272e-06
8.312233894740103438e-07
1.018032145472103623e-06
7.935823497491137978e-06
3.278761189832908742e-05
3.969672148685935218e-05
3.605806161866790484e-06
1.866770300970426281e-06
8.500260314783958206e-06
9.018589921620610139e-07
7.764736474083609272e-06
1.847815352068180375e-04
2.221394865699430506e-04
1.104769906218110528e-04
6.663944417347364662e-05
1.399520311418166283e-04
9.018589921620610139e-07
8.312233894740103438e-07
3.062918063815611328e-06
2.093986396638265220e-05
4.331348539063881039e-06
3.757203506643299514e-06
3.520807621517276810e-03
1.434067295308140644e-06
7.121573182044296063e-07
1.866770300970426281e-06
6.832885219577022884e-02
3.643470362891641377e-05
1.962469545437906518e-06
3.567948352139671313e-06
2.500951717862852498e-06
1.461249093388017597e-05
3.759668424082951373e-05
3.757203506643299514e-06
5.850586813874144362e-04
6.461091231292551541e-05
7.754966422776499320e-05
7.383083842226481836e-05
1.018032145472103623e-06
3.935584562321358866e-07
1.919253813221650627e-07
1.434067295308140644e-06
8.130865703449776340e-06
2.229004796820283853e-06
3.969672148685935218e-05
5.399786683293637132e-07
1.458662208544852829e-04
1.866770300970426281e-06
2.852431563377036637e-07
1.180947654611123704e-05
9.028447630268593654e-05
1.073399325920480607e-05
8.312233894740103438e-07
9.619200171087944083e-06
2.573621574558059960e-06
1.866770300970426281e-06
5.428338118526870346e-06
2.852431563377036637e-07
5.875357339549655208e-04
2.301153198039697999e-05
7.383083842226481836e-05
9.619200171087944083e-06
3.098866695693678263e-04
4.331348539063881039e-06
1.233494198045395748e-04
3.905305053654123122e-07
2.852431563377036637e-07
5.006580281523502864e-05
1.772735869591211214e-03
1.073091395742245319e-05
8.312233894740103438e-07
1.251011894052341715e-03
1.130481428683623084e-05
1.513491251514457445e-06
7.584058106148755985e-05
8.638111975873012573e-05
3.905305053654123122e-07
5.428338118526870346e-06
9.018589921620610139e-07
8.312233894740103438e-07
4.359637796255652967e-03
3.757203506643299514e-06
1.567180607282326905e-05
4.176380369703267939e-07
1.262590194632759455e-01
1.794737605254133055e-07
8.580202292528600736e-07
1.211027455699480413e-05
3.933118011615845182e-05
9.619200171087944083e-06
1.396839901339211364e-03
3.410306726580815309e-05
1.919253813221650627e-07
3.415754731975723536e-03
2.103554338820739673e-05
3.969672148685935218e-05
5.399786683293637132e-07
1.511729168414385803e-03
6.207078214489770542e-07
8.453103955468909455e-05
1.441327937428278074e-04
9.241228694163770938e-05
1.342774976803905911e-03
1.977893050902417187e-05
1.174585496709828067e-06
4.099702264854096842e-05
5.616817963595720173e-06
6.207078214489770542e-07
1.168961314688041458e-04
2.635250277390174312e-05
2.156691416122087299e-02
8.312233894740103438e-07
1.643097565007539012e-04
1.281855109567341111e-02
1.589876284582152652e-04
3.969672148685935218e-05
2.274036302026276931e-03
1.803513080009257842e-05
1.211027455699480413e-05
6.359432381569248244e-05
3.261460987739252140e-04
1.122162085484857021e-05
2.716945092221779382e-03
2.088983904777693860e-06
8.638111975873012573e-05
5.616817963595720173e-06
3.394901739994182000e-06
3.925133903961115335e-06
1.211027455699480413e-05
9.018589921620610139e-07
8.312233894740103438e-07
1.130481428683623084e-05
1.919253813221650627e-07
2.958242414991362054e-04
1.458662208544852829e-04
4.265571147227104867e-05
1.223818073910078847e-04
2.635250277390174312e-05
2.687859801315802154e-06
1.059706076603687499e-04
1.284001304429864402e-04
8.176037177690348600e-06
2.754936503168832346e-06
8.457076489814883968e-02
1.174585496709828067e-06
1.548340806693802515e-02
1.233494198045395748e-04
5.428338118526870346e-06
4.093875250058383966e-06
7.011129593811458343e-05
9.018589921620610139e-07
2.818342594934027708e-05
6.773201293198541145e-04
1.098705336330182974e-05
3.969672148685935218e-05
4.099702264854096842e-05
1.458662208544852829e-04
3.605806161866790484e-06
4.051560778120509056e-04
7.764736474083609272e-06
3.062918063815611328e-06
9.619200171087944083e-06
2.564340790173324906e-04
2.995032002831736050e-03
4.099702264854096842e-05
3.619561103584080286e-05
5.598806234153236088e-04
4.062320256411679874e-06
8.580202292528600736e-07
3.925133903961115335e-06
2.976510359942199338e-04
2.500951717862852498e-06
9.619200171087944083e-06
1.396839901339211364e-03
1.174585496709828067e-06
3.969672148685935218e-05
4.099702264854096842e-05
5.616817963595720173e-06
7.383083842226481836e-05
3.062918063815611328e-06
1.588220819873732148e-05
3.757203506643299514e-06
3.410306726580815309e-05
1.157532991329530796e-03
1.794737605254133055e-07
5.428338118526870346e-06
2.635250277390174312e-05
1.962469545437906518e-06
1.123298065430562232e-03
2.189883014909045460e-03
9.619200171087944083e-06
1.868651887562821148e-02
5.356031639405171418e-05
2.447951114533572329e-06
4.661246644267524712e-03
4.099702264854096842e-05
3.144245894190524116e-06
3.925133903961115335e-06
3.567948352139671313e-06
2.301153198039697999e-05
2.043587289458648378e-03
2.068203049192252402e-05
3.757203506643299514e-06
5.774305979169168693e-07
4.099702264854096842e-05
3.905305053654123122e-07
1.866770300970426281e-06
1.295868099209826593e-04
4.841179281001455238e-06
3.925133903961115335e-06
1.211027455699480413e-05
1.073399325920480607e-05
8.312233894740103438e-07
7.383083842226481836e-05
2.496595055703878033e-04
4.099702264854096842e-05
1.866770300970426281e-06
3.925133903961115335e-06
1.211027455699480413e-05
1.530614547241640613e-05
5.121845216406713735e-05
4.484796757649340930e-03
1.018032145472103623e-06
3.930880158947393800e-06
3.969672148685935218e-05
6.449024349382700104e-04
1.794737605254133055e-07
1.053090173065600061e-03
3.393526688406794549e-05
1.211027455699480413e-05
3.790655221814639118e-04
8.312233894740103438e-07
7.383083842226481836e-05
1.018032145472103623e-06
3.969672148685935218e-05
1.866770300970426281e-06
5.428338118526870346e-06
3.294158594481561464e-04
3.925133903961115335e-06
8.459993283842882428e-04
4.061470391156129698e-05
3.860836756851911307e-04
2.221394865699430506e-04
4.471822159094141153e-05
1.181339095847843985e-03
1.794737605254133055e-07
5.256874785675296445e-03
2.852431563377036637e-07
2.635250277390174312e-05
1.962469545437906518e-06
7.764736474083609272e-06
8.312233894740103438e-07
7.383083842226481836e-05
3.062918063815611328e-06
5.399786683293637132e-07
1.866770300970426281e-06
2.852431563377036637e-07
1.211027455699480413e-05
1.962469545437906518e-06
1.030779490431006195e-04
7.383083842226481836e-05
1.728310828892625102e-05
2.093986396638265220e-05
3.872090568684913737e-03
4.099702264854096842e-05
5.399786683293637132e-07
2.346742295933424566e-02
7.121573182044296063e-07
3.165187966457221486e-05
8.580202292528600736e-07
3.925133903961115335e-06
2.635250277390174312e-05
3.567948352139671313e-06
7.383083842226481836e-05
1.810558689931760293e-02
1.306840780073518712e-02
4.062320256411679874e-06
2.400183779495476807e-04
7.896553512943416667e-06
1.180947654611123704e-05
3.643470362891641377e-05
8.312233894740103438e-07
7.383083842226481836e-05
1.272322836777403329e-04
6.424375436388226646e-06
1.458662208544852829e-04
5.428338118526870346e-06
1.223818073910078847e-04
2.635250277390174312e-05
1.962469545437906518e-06
7.764736474083609272e-06
7.383083842226481836e-05
1.018032145472103623e-06
9.619200171087944083e-06
3.278761189832908742e-05
3.969672148685935218e-05
5.399786683293637132e-07
3.464904143217865126e-05
5.428338118526870346e-06
4.841179281001455238e-06
1.211027455699480413e-05
9.018589921620610139e-07
5.403764689870627856e-05
7.383083842226481836e-05
9.679046882861310128e-06
3.969672148685935218e-05
7.121573182044296063e-07
5.616817963595720173e-06
1.633359161404084229e-05
3.925133903961115335e-06
1.211027455699480413e-05
1.962469545437906518e-06
7.383083842226481836e-05
5.512203530230397265e-05
3.969672148685935218e-05
2.573621574558059960e-06
5.428338118526870346e-06
8.312233894740103438e-07
1.951534397438192811e-03
4.289409213576096148e-06
1.653625356895858432e-05
1.567180607282326905e-05
2.284265755144719668e-06
3.415754731975723536e-03
6.449024349382700104e-04
1.764190374225957023e-02
4.062320256411679874e-06
5.428338118526870346e-06
2.852431563377036637e-07
3.567948352139671313e-06
3.610286123122847385e-02
2.093986396638265220e-05
2.088983904777693860e-06
3.258472270011931951e-06
1.065187032872443040e-03
4.099702264854096842e-05
5.428338118526870346e-06
2.852431563377036637e-07
5.784351925119267726e-03
2.115240373410012657e-04
1.193143978229346422e-05
1.251011894052341715e-03
2.093986396638265220e-05
3.935584562321358866e-07
1.280075659360849480e-05
3.905305053654123122e-07
1.264890903431320057e-03
8.500260314783958206e-06
3.279733376305305338e-04
3.643470362891641377e-05
1.530614547241640613e-05
1.396839901339211364e-03
3.935584562321358866e-07
8.176037177690348600e-06
2.387394354689314078e-05
5.063432107028851799e-04
1.804758200409629920e-03
7.791606185685708366e-05
8.580202292528600736e-07
1.211027455699480413e-05
9.018589921620610139e-07
3.567948352139671313e-06
3.127866716927713464e-04
7.383083842226481836e-05
3.485076370116625428e-03
3.969672148685935218e-05
1.458662208544852829e-04
5.520577291194463977e-03
1.261614765684144282e-05
9.018589921620610139e-07
1.655044851011645802e-04
2.088983904777693860e-06
9.699617215184989176e-06
8.888080705390451371e-04
6.870876334803521351e-06
1.181339095847843985e-03
1.794737605254133055e-07
3.632106642632525195e-02
4.062320256411679874e-06
5.428338118526870346e-06
2.852431563377036637e-07
1.211027455699480413e-05
1.271727824283356472e-03
2.221394865699430506e-04
4.509171153384531093e-05
3.969672148685935218e-05
1.233494198045395748e-04
6.616356312845293611e-05
4.062320256411679874e-06
2.852431563377036637e-07
3.925133903961115335e-06
3.643470362891641377e-05
9.018589921620610139e-07
8.312233894740103438e-07
4.529319077480250264e-04
1.794737605254133055e-07
1.866770300970426281e-06
6.207078214489770542e-07
3.925133903961115335e-06
3.643470362891641377e-05
3.330510715206822328e-04
4.061470391156129698e-05
7.576538284695450061e-05
3.062918063815611328e-06
6.130198019732744849e-03
2.221870743822053229e-05
8.580202292528600736e-07
1.180947654611123704e-05
2.635250277390174312e-05
7.383083842226481836e-05
1.018032145472103623e-06
8.074954645977381630e-05
8.176037177690348600e-06
5.774305979169168693e-07
2.411340155144348855e-03
4.099702264854096842e-05
3.905305053654123122e-07
4.156558636705676304e-06
1.866770300970426281e-06
5.428338118526870346e-06
6.843860105102646588e-05
1.180947654611123704e-05
1.441327937428278074e-04
1.962469545437906518e-06
5.428338118526870346e-06
6.207078214489770542e-07
1.011755549540305221e-03
9.018589921620610139e-07
1.744319148408892848e-03
1.018032145472103623e-06
4.331348539063881039e-06
8.176037177690348600e-06
1.513491251514457445e-06
5.774305979169168693e-07
3.969672148685935218e-05
3.605806161866790484e-06
6.199088308420431594e-06
1.734229435597424993e-04
3.567948352139671313e-06
2.986796699061770172e-04
2.093986396638265220e-05
5.774305979169168693e-07
1.434067295308140644e-06
8.130865703449776340e-06
2.387394354689314078e-05
2.573621574558059960e-06
3.605806161866790484e-06
1.866770300970426281e-06
3.925133903961115335e-06
2.635250277390174312e-05
1.962469545437906518e-06
1.302197347718918059e-03
5.814527476179161313e-04
1.993762270647333928e-06
1.233494198045395748e-04
1.794737605254133055e-07
1.529163400541280098e-03
5.841740439609209302e-05
2.050516514556523315e-03
9.273884805219609990e-05
2.093986396638265220e-05
3.935584562321358866e-07
6.437236936533624132e-04
4.314707905721391430e-06
5.531086568827431771e-05
3.969672148685935218e-05
1.233494198045395748e-04
4.062320256411679874e-06
7.011129593811458343e-05
2.635250277390174312e-05
8.625612429609870197e-04
8.312233894740103438e-07
1.018032145472103623e-06
3.801373067701284067e-03
1.119031656454691666e-02
1.458662208544852829e-04
9.405868885640239485e-02
9.018589921620610139e-07
4.245486121935152706e-05
8.312233894740103438e-07
1.018032145472103623e-06
2.867690996762263978e-04
3.757203506643299514e-06
4.176380369703267939e-07
4.099702264854096842e-05
1.794737605254133055e-07
6.207078214489770542e-07
2.733581314857164873e-04
3.567948352139671313e-06
7.383083842226481836e-05
2.093986396638265220e-05
8.908466029178670415e-05
1.919253813221650627e-07
8.888080705390451371e-04
3.704977549119916128e-03
1.794737605254133055e-07
2.221495008688677199e-04
5.428338118526870346e-06
4.093875250058383966e-06
1.180947654611123704e-05
1.211027455699480413e-05
1.286192430680213885e-05
7.764736474083609272e-06
2.707364410322132906e-04
9.928620525287155103e-06
3.969672148685935218e-05
1.233494198045395748e-04
3.905305053654123122e-07
6.097880617280977689e-02
1.130872519357985407e-04
8.580202292528600736e-07
9.018589921620610139e-07
4.245486121935152706e-05
7.383083842226481836e-05
3.394901739994182000e-06
3.925133903961115335e-06
8.312233894740103438e-07
7.383083842226481836e-05
9.619200171087944083e-06
1.098705336330182974e-05
3.757203506643299514e-06
2.115506362508550860e-06
2.958242414991362054e-04
8.130865703449776340e-06
1.794737605254133055e-07
3.605806161866790484e-06
2.221870743822053229e-05
1.633359161404084229e-05
2.852431563377036637e-07
3.925133903961115335e-06
3.643470362891641377e-05
9.018589921620610139e-07
1.396839901339211364e-03
8.164590949905424337e-05
