4.190241142773238252e-07
4.035432380043796005e-05
2.390077337959627396e-06
6.359424915523888169e-05
1.016127335994767813e-04
3.535597005796833631e-03
6.638621814817705271e-06
1.844920951434381777e-06
9.213948489979384407e-06
1.140820288949660027e-05
5.082257583256415595e-05
9.299221222518743596e-05
1.550456749906150953e-05
6.638621814817705271e-06
1.289107283732653687e-05
1.233235751863286859e-04
1.146050214287949648e-05
5.502857416188405512e-06
1.140820288949660027e-05
1.396704373211905142e-04
6.910707267049474519e-07
2.723996289876179496e-04
2.969318869586798422e-05
2.154529974037144532e-04
1.064190918842534988e-06
7.073880160925354877e-06
8.904679105476146829e-07
2.457186513160495219e-07
8.550813046428254731e-05
5.569286025667219333e-04
4.190241142773238252e-07
5.542237496671126781e-06
2.399398284667459379e-04
4.568742366108895627e-05
2.457186513160495219e-07
1.835997953766906981e-06
1.348307127795056741e-04
5.829259368675292595e-07
5.100319087938521396e-05
2.993997136001035932e-03
4.869120163713679551e-06
2.390077337959627396e-06
1.154627699491870048e-06
1.828714947623270802e-05
3.671232110573233870e-02
8.904679105476146829e-07
1.599979025093744238e-05
3.804638898423516930e-07
5.829259368675292595e-07
2.853729648904428182e-06
5.510682437407558322e-07
2.297751453024758636e-07
2.723996289876179496e-04
4.035432380043796005e-05
1.009986710221196317e-05
3.651952373340720128e-07
1.236353155867280399e-05
1.064190918842534988e-06
1.293992290024848139e-06
8.057106089316774092e-06
2.777004984739655220e-05
6.950279089485593011e-06
3.651952373340720128e-07
1.236353155867280399e-05
9.452375640432372772e-05
1.303357326606468053e-06
7.625444666745803853e-03
9.970129788224944535e-06
1.471162516480291366e-06
4.810416044107742486e-06
1.204747714974222644e-02
2.390077337959627396e-06
5.306870869422645574e-07
1.844920951434381777e-06
3.757923593143691073e-05
2.457186513160495219e-07
4.596168443206735286e-05
4.146925587949044318e-06
2.492097423795411269e-07
3.393783806407172902e-06
5.510682437407558322e-07
2.297751453024758636e-07
1.838848314502797067e-06
4.035432380043796005e-05
4.568404110230841087e-06
1.835997953766906981e-06
1.698409726667835017e-04
5.569286025667219333e-04
2.492097423795411269e-07
1.751546231108171321e-04
7.869192632029249417e-05
1.048863188224119101e-05
6.950279089485593011e-06
5.306870869422645574e-07
7.073880160925354877e-06
3.161224396281119533e-06
1.844920951434381777e-06
2.005793545420286685e-05
3.159629067762517146e-06
1.084121239681036232e-04
2.102415969567934523e-06
2.214417711310846085e-05
2.390077337959627396e-06
4.598033763184898945e-05
4.568404110230841087e-06
7.073880160925354877e-06
3.249118847608956357e-06
4.401474997363795014e-05
7.410122679824938517e-07
2.890505665176798869e-05
5.082257583256415595e-05
1.809753336220121451e-04
2.969318869586798422e-05
1.232002694583663690e-05
8.904679105476146829e-07
2.815212843782942051e-04
1.621677051770639667e-05
5.829259368675292595e-07
4.852694522446612909e-06
6.340572088382614399e-06
1.345894969632380362e-05
4.650206860145879805e-04
4.190241142773238252e-07
2.214417711310846085e-05
5.542237496671126781e-06
1.216941690143660999e-03
2.684243302845890837e-04
2.315706052445539754e-07
3.346932210962063952e-04
2.667998665122849678e-06
2.391320795276524690e-05
4.035432380043796005e-05
2.722901175043430445e-05
1.236353155867280399e-05
1.149414810250198177e-03
7.073880160925354877e-06
4.810416044107742486e-06
1.062291988886635261e-06
3.159629067762517146e-06
7.364653877491742981e-04
1.550456749906150953e-05
7.567105765828834859e-06
4.568404110230841087e-06
1.064190918842534988e-06
4.232606762533634194e-03
7.073880160925354877e-06
3.436028622027553802e-05
2.118844232851104938e-06
1.844920951434381777e-06
2.457186513160495219e-07
6.645828642267691830e-04
3.179152559008987188e-04
9.452375640432372772e-05
5.813853550089418174e-05
1.844920951434381777e-06
1.803520378384047428e-04
8.904679105476146829e-07
7.315564352414362760e-04
2.667998665122849678e-06
3.625506784850315346e-05
6.910707267049474519e-07
2.297751453024758636e-07
2.214417711310846085e-05
2.390077337959627396e-06
3.651952373340720128e-07
1.236353155867280399e-05
7.073589269354332790e-06
9.717851804494978942e-05
4.810416044107742486e-06
3.907735523142903865e-06
5.398656539751199297e-06
7.869192632029249417e-05
4.190241142773238252e-07
2.214417711310846085e-05
1.550456749906150953e-05
4.568404110230841087e-06
1.064190918842534988e-06
1.232002694583663690e-05
2.457186513160495219e-07
5.829259368675292595e-07
2.723996289876179496e-04
2.169343917309250757e-04
1.566391915982272290e-05
1.009986710221196317e-05
5.306870869422645574e-07
1.154627699491870048e-06
1.216941690143660999e-03
4.821011370148759237e-04
4.810416044107742486e-06
1.293992290024848139e-06
2.427317981079919144e-03
3.834022142453815806e-06
2.390077337959627396e-06
5.306870869422645574e-07
1.016226041965117202e-06
6.956384515689754868e-06
2.457186513160495219e-07
2.667998665122849678e-06
4.039521512798759664e-05
4.146925587949044318e-06
7.869192632029249417e-05
1.009986710221196317e-05
1.602625299487534051e-06
1.154627699491870048e-06
7.073589269354332790e-06
2.789043628889159297e-05
3.539954158349985572e-03
7.073880160925354877e-06
4.821011370148759237e-04
8.858898520074079408e-02
2.297751453024758636e-07
5.306870869422645574e-07
1.236353155867280399e-05
5.813853550089418174e-05
3.249118847608956357e-06
1.189436007610038265e-04
1.621677051770639667e-05
3.159629067762517146e-06
5.569286025667219333e-04
1.396704373211905142e-04
5.510682437407558322e-07
2.415432722541241070e-02
3.273439506947997815e-06
2.214417711310846085e-05
1.236353155867280399e-05
8.313518209447792002e-06
1.289107283732653687e-05
8.904679105476146829e-07
2.667998665122849678e-06
3.125231032449473982e-07
7.869192632029249417e-05
1.819973808978457206e-04
9.452375640432372772e-05
1.844920951434381777e-06
1.621677051770639667e-05
1.062291988886635261e-06
2.853729648904428182e-06
3.962353445355686880e-06
2.993997136001035932e-03
1.140820288949660027e-05
5.082257583256415595e-05
1.574458460958374703e-02
4.190241142773238252e-07
2.214417711310846085e-05
2.390077337959627396e-06
2.684243302845890837e-04
1.016226041965117202e-06
1.844920951434381777e-06
1.293992290024848139e-06
2.667998665122849678e-06
6.910707267049474519e-07
1.178342799315548403e-02
2.777004984739655220e-05
2.390077337959627396e-06
4.033134527744914894e-04
2.111006296125792441e-05
2.248297216743263147e-06
2.985384151624555140e-04
5.757933270712140568e-06
5.006383623490597874e-05
5.082257583256415595e-05
1.655902690041429273e-02
1.236353155867280399e-05
7.073880160925354877e-06
1.303357326606468053e-06
1.844920951434381777e-06
4.810416044107742486e-06
1.599979025093744238e-05
2.457186513160495219e-07
2.343785190161444456e-04
5.082257583256415595e-05
1.550456749906150953e-05
9.452375640432372772e-05
8.999545570142389317e-02
3.757923593143691073e-05
8.904679105476146829e-07
1.599979025093744238e-05
3.804638898423516930e-07
1.621677051770639667e-05
5.569286025667219333e-04
3.615786256423119890e-03
4.190241142773238252e-07
5.407149238346606540e-04
1.009986710221196317e-05
5.306870869422645574e-07
1.303357326606468053e-06
4.810416044107742486e-06
1.319336481849120880e-04
1.679916699566319784e-05
9.583069706392259731e-05
2.297751453024758636e-07
2.660658322596364325e-03
2.214417711310846085e-05
3.651952373340720128e-07
2.315706052445539754e-07
1.599979025093744238e-05
2.667998665122849678e-06
3.159629067762517146e-06
5.502857416188405512e-06
3.709100263047460091e-07
9.696230429711490489e-06
1.048863188224119101e-05
4.701714889609196610e-06
1.232002694583663690e-05
2.111006296125792441e-05
3.804638898423516930e-07
7.476612669220103697e-05
2.493331664866534188e-06
1.348547059614537071e-05
1.908601260519444563e-03
5.510682437407558322e-07
4.190241142773238252e-07
3.911038447895149933e-04
4.701714889609196610e-06
2.969318869586798422e-05
7.073589269354332790e-06
4.401474997363795014e-05
2.457186513160495219e-07
1.751546231108171321e-04
3.339408422476628837e-06
6.910707267049474519e-07
2.777004984739655220e-05
1.009986710221196317e-05
1.236353155867280399e-05
7.567105765828834859e-06
5.813853550089418174e-05
3.249118847608956357e-06
4.810416044107742486e-06
1.599979025093744238e-05
4.596168443206735286e-05
8.616077228227644717e-06
2.777004984739655220e-05
1.009986710221196317e-05
1.236353155867280399e-05
4.568404110230841087e-06
7.073880160925354877e-06
1.809042018233231283e-06
8.261236901218131352e-05
4.810416044107742486e-06
1.425006805280209198e-04
5.082257583256415595e-05
2.297751453024758636e-07
2.777004984739655220e-05
1.602625299487534051e-06
5.066976163771658845e-06
1.064190918842534988e-06
1.232002694583663690e-05
4.821011370148759237e-04
6.956384515689754868e-06
3.875236520959698017e-04
2.297751453024758636e-07
1.009986710221196317e-05
1.602625299487534051e-06
1.550456749906150953e-05
1.154627699491870048e-06
1.064190918842534988e-06
9.452375640432372772e-05
7.073880160925354877e-06
3.415853662697556985e-05
1.471162516480291366e-06
7.869192632029249417e-05
4.190241142773238252e-07
2.214417711310846085e-05
2.390077337959627396e-06
5.542237496671126781e-06
3.651952373340720128e-07
1.236353155867280399e-05
4.209767251475726203e-05
1.958186264469686003e-04
3.880026453584109605e-05
4.100333007013275220e-04
1.353608049770289954e-04
1.740221661819825417e-03
1.154627699491870048e-06
1.016226041965117202e-06
8.904679105476146829e-07
1.599979025093744238e-05
4.596168443206735286e-05
2.853729648904428182e-06
3.159629067762517146e-06
4.035432380043796005e-05
3.651952373340720128e-07
1.236353155867280399e-05
4.765262858591774319e-05
3.436028622027553802e-05
1.471162516480291366e-06
4.810416044107742486e-06
8.904679105476146829e-07
3.575705616426643764e-05
1.621677051770639667e-05
2.578002413117157481e-03
1.009986710221196317e-05
1.550456749906150953e-05
1.154627699491870048e-06
9.452375640432372772e-05
1.303357326606468053e-06
2.315706052445539754e-07
1.844920951434381777e-06
1.599979025093744238e-05
2.457186513160495219e-07
2.121082425081065824e-04
1.860114327634191267e-04
1.009986710221196317e-05
1.787793266142568124e-06
6.638621814817705271e-06
9.452375640432372772e-05
4.033134527744914894e-04
1.844920951434381777e-06
4.555890238131610724e-03
8.958890274612031255e-06
5.510682437407558322e-07
4.190241142773238252e-07
6.950279089485593011e-06
1.236353155867280399e-05
1.056470949295784599e-05
1.064190918842534988e-06
1.289107283732653687e-05
1.232002694583663690e-05
3.436028622027553802e-05
5.016657215104041454e-04
5.510682437407558322e-07
1.008346827382218195e-06
1.819973808978457206e-04
2.390077337959627396e-06
1.572325602559573174e-05
1.550456749906150953e-05
7.073589269354332790e-06
3.464897923383833492e-05
5.569286025667219333e-04
5.389915893051165452e-07
5.510682437407558322e-07
5.542237496671126781e-06
1.236353155867280399e-05
1.154627699491870048e-06
7.073589269354332790e-06
9.452375640432372772e-05
1.828714947623270802e-05
8.904679105476146829e-07
1.835997953766906981e-06
1.469506695753035894e-04
4.190241142773238252e-07
4.035432380043796005e-05
3.651952373340720128e-07
1.550456749906150953e-05
6.638621814817705271e-06
1.216941690143660999e-03
7.073880160925354877e-06
1.303357326606468053e-06
3.436028622027553802e-05
1.803520378384047428e-04
1.550456749906150953e-05
6.638621814817705271e-06
9.452375640432372772e-05
1.289107283732653687e-05
1.303357326606468053e-06
1.507869170194301746e-04
2.370924070802015579e-05
3.338018135957341166e-05
1.469506695753035894e-04
1.062291988886635261e-06
5.510682437407558322e-07
4.190241142773238252e-07
2.777004984739655220e-05
1.009986710221196317e-05
7.073589269354332790e-06
1.064190918842534988e-06
1.232002694583663690e-05
3.436028622027553802e-05
1.471162516480291366e-06
4.810416044107742486e-06
4.619456061660047702e-05
2.214417711310846085e-05
1.154627699491870048e-06
4.568404110230841087e-06
1.064190918842534988e-06
9.452375640432372772e-05
2.315706052445539754e-07
8.904679105476146829e-07
2.457186513160495219e-07
3.159629067762517146e-06
5.510682437407558322e-07
4.650206860145879805e-04
4.869120163713679551e-06
4.849123263866017683e-04
3.834022142453815806e-06
1.009986710221196317e-05
3.651952373340720128e-07
2.969318869586798422e-05
1.056470949295784599e-05
6.638621814817705271e-06
6.910707267049474519e-07
2.777004984739655220e-05
2.390077337959627396e-06
5.306870869422645574e-07
3.925742975414548525e-05
2.969318869586798422e-05
1.154627699491870048e-06
7.073880160925354877e-06
3.436028622027553802e-05
4.810416044107742486e-06
5.510682437407558322e-07
5.082257583256415595e-05
4.100333007013275220e-04
3.339000349585217098e-07
2.777004984739655220e-05
1.566391915982272290e-05
1.009986710221196317e-05
3.651952373340720128e-07
1.236353155867280399e-05
4.568404110230841087e-06
5.082257583256415595e-05
2.390077337959627396e-06
2.998207783136600402e-03
4.568404110230841087e-06
7.073880160925354877e-06
1.232002694583663690e-05
2.111006296125792441e-05
1.835997953766906981e-06
5.829259368675292595e-07
2.837082535066364473e-04
5.510682437407558322e-07
1.484178785293258605e-02
1.192738464958957665e-03
2.214417711310846085e-05
1.016127335994767813e-04
9.452375640432372772e-05
5.813853550089418174e-05
2.684243302845890837e-04
4.640806183781488324e-04
4.810416044107742486e-06
4.529090206973195771e-06
2.214417711310846085e-05
6.950279089485593011e-06
9.737223724392785065e-06
3.163307158708288721e-06
1.835997953766906981e-06
1.062291988886635261e-06
3.832534806242966123e-04
1.140820288949660027e-05
3.709100263047460091e-07
6.910707267049474519e-07
3.339000349585217098e-07
4.190241142773238252e-07
6.950279089485593011e-06
3.651952373340720128e-07
1.154627699491870048e-06
1.064190918842534988e-06
8.904679105476146829e-07
1.599979025093744238e-05
5.829259368675292595e-07
4.598033763184898945e-05
1.232002694583663690e-05
1.471162516480291366e-06
1.434290964626852128e-05
1.621677051770639667e-05
1.040468451971647784e-04
5.502857416188405512e-06
2.993997136001035932e-03
3.125231032449473982e-07
1.352336048299187854e-05
2.297751453024758636e-07
3.834022142453815806e-06
8.588744148759223929e-02
3.651952373340720128e-07
1.016127335994767813e-04
4.568404110230841087e-06
5.813853550089418174e-05
2.118844232851104938e-06
1.471162516480291366e-06
1.293992290024848139e-06
1.281465644025485580e-02
2.390077337959627396e-06
1.154627699491870048e-06
3.179152559008987188e-04
1.011598752948269733e-04
5.406529125871183545e-05
4.810416044107742486e-06
2.457186513160495219e-07
2.958675475141640462e-03
1.434290917244384882e-05
2.169343917309250757e-04
1.550456749906150953e-05
7.073589269354332790e-06
8.313518209447792002e-06
9.452375640432372772e-05
5.406529125871183545e-05
2.315706052445539754e-07
8.904679105476146829e-07
1.314983166651443225e-04
1.835997953766906981e-06
4.529090206973195771e-06
4.035432380043796005e-05
6.950279089485593011e-06
3.651952373340720128e-07
1.236353155867280399e-05
5.066976163771658845e-06
7.073589269354332790e-06
1.064190918842534988e-06
1.369771266595877760e-05
8.904679105476146829e-07
7.869192632029249417e-05
3.273439506947997815e-06
1.009986710221196317e-05
1.550456749906150953e-05
1.154627699491870048e-06
1.289107283732653687e-05
6.763492086163578839e-05
4.810416044107742486e-06
8.904679105476146829e-07
4.667452733634043049e-04
5.510682437407558322e-07
3.339000349585217098e-07
4.190241142773238252e-07
2.777004984739655220e-05
5.542237496671126781e-06
2.852925371199022733e-06
1.787793266142568124e-06
1.289107283732653687e-05
1.303357326606468053e-06
7.861446351542717478e-05
6.910707267049474519e-07
3.339000349585217098e-07
4.035432380043796005e-05
6.950279089485593011e-06
1.602625299487534051e-06
1.154627699491870048e-06
4.568404110230841087e-06
1.898699372954634843e-03
1.471162516480291366e-06
4.810416044107742486e-06
5.082257583256415595e-05
3.273439506947997815e-06
2.169343917309250757e-04
2.998207783136600402e-03
1.303357326606468053e-06
1.232002694583663690e-05
1.507869170194301746e-04
1.471162516480291366e-06
4.810416044107742486e-06
3.842632959573536936e-05
5.082257583256415595e-05
4.190241142773238252e-07
2.214417711310846085e-05
1.009986710221196317e-05
1.550456749906150953e-05
1.334366033982333844e-04
8.147678253273977605e-06
1.835997953766906981e-06
1.069744747467836021e-04
2.058268436608816653e-05
4.190241142773238252e-07
1.236353155867280399e-05
9.452375640432372772e-05
1.289107283732653687e-05
1.303357326606468053e-06
1.232002694583663690e-05
4.810416044107742486e-06
8.025710108221886449e-03
2.005793545420286685e-05
5.757933270712140568e-06
1.566391915982272290e-05
1.009986710221196317e-05
3.651952373340720128e-07
1.303357326606468053e-06
1.507869170194301746e-04
2.315706052445539754e-07
1.471162516480291366e-06
1.599979025093744238e-05
3.804638898423516930e-07
1.835997953766906981e-06
5.510682437407558322e-07
5.082257583256415595e-05
3.339000349585217098e-07
2.777004984739655220e-05
1.236353155867280399e-05
1.154627699491870048e-06
1.835997953766906981e-06
2.853729648904428182e-06
1.378394450613985536e-07
4.609919111631270025e-06
2.400993491017838505e-04
5.082257583256415595e-05
2.777004984739655220e-05
2.969318869586798422e-05
1.154627699491870048e-06
1.064190918842534988e-06
1.879849555841450780e-04
1.303357326606468053e-06
4.509963363437769705e-06
1.599979025093744238e-05
5.510682437407558322e-07
1.048863188224119101e-05
6.950279089485593011e-06
1.787793266142568124e-06
7.073589269354332790e-06
8.246563442246640182e-05
9.213948489979384407e-06
1.623552526567276222e-01
3.832534806242966123e-04
2.837082535066364473e-04
2.723996289876179496e-04
2.214417711310846085e-05
6.950279089485593011e-06
3.568862532772258098e-05
1.064190918842534988e-06
9.452375640432372772e-05
8.904679105476146829e-07
2.457186513160495219e-07
4.146925587949044318e-06
3.159629067762517146e-06
5.510682437407558322e-07
4.869120163713679551e-06
3.834022142453815806e-06
2.540927414147046200e-04
1.154627699491870048e-06
6.638621814817705271e-06
7.073880160925354877e-06
2.204453476493985209e-03
8.904679105476146829e-07
9.213948489979384407e-06
5.510682437407558322e-07
3.339000349585217098e-07
3.273439506947997815e-06
4.645907734052997866e-04
4.701714889609196610e-06
7.073589269354332790e-06
9.737223724392785065e-06
3.436028622027553802e-05
4.401474997363795014e-05
6.956384515689754868e-06
2.427317981079919144e-03
4.999579615468651567e-02
1.574099662503585981e-04
6.950279089485593011e-06
1.602625299487534051e-06
1.236353155867280399e-05
1.154627699491870048e-06
1.064190918842534988e-06
7.073880160925354877e-06
2.315706052445539754e-07
6.910707267049474519e-07
9.108521486573427361e-02
2.297751453024758636e-07
2.214417711310846085e-05
1.009986710221196317e-05
1.602625299487534051e-06
1.787793266142568124e-06
4.568404110230841087e-06
7.073880160925354877e-06
1.507869170194301746e-04
5.510682437407558322e-07
2.936516544552542074e-03
1.456981217573314984e-04
2.777004984739655220e-05
2.390077337959627396e-06
5.306870869422645574e-07
3.285535520297782632e-04
1.154627699491870048e-06
6.790639586818001099e-04
1.064190918842534988e-06
2.297751453024758636e-07
2.169343917309250757e-04
1.048863188224119101e-05
4.568404110230841087e-06
1.064190918842534988e-06
6.577907720701299012e-03
8.116918146624534547e-05
1.303357326606468053e-06
2.111006296125792441e-05
6.688767360322797048e-06
6.910707267049474519e-07
2.214417711310846085e-05
6.950279089485593011e-06
5.306870869422645574e-07
3.925742975414548525e-05
1.236353155867280399e-05
3.008739562023560144e-04
1.879849555841450780e-04
3.436028622027553802e-05
2.111006296125792441e-05
3.339000349585217098e-07
1.048863188224119101e-05
3.651952373340720128e-07
2.969318869586798422e-05
4.568404110230841087e-06
7.073880160925354877e-06
8.147678253273977605e-06
2.667998665122849678e-06
1.062291988886635261e-06
4.694756219827816122e-03
5.082257583256415595e-05
1.795014635783686115e-06
5.306870869422645574e-07
1.236353155867280399e-05
5.066976163771658845e-06
4.568404110230841087e-06
1.839264147611077021e-04
1.289107283732653687e-05
1.303357326606468053e-06
1.293992290024848139e-06
6.910707267049474519e-07
4.035432380043796005e-05
2.390077337959627396e-06
6.638621814817705271e-06
1.232002694583663690e-05
1.844920951434381777e-06
4.401474997363795014e-05
1.599979025093744238e-05
2.457186513160495219e-07
4.146925587949044318e-06
5.510682437407558322e-07
4.190241142773238252e-07
2.214417711310846085e-05
2.046338722931252165e-03
1.602625299487534051e-06
9.452375640432372772e-05
7.073880160925354877e-06
1.303357326606468053e-06
3.436028622027553802e-05
2.315706052445539754e-07
1.838848314502797067e-06
1.819973808978457206e-04
1.048863188224119101e-05
5.542237496671126781e-06
6.638621814817705271e-06
7.073880160925354877e-06
1.146050214287949648e-05
1.599979025093744238e-05
1.371478542794680595e-06
4.852694522446612909e-06
4.190241142773238252e-07
2.777004984739655220e-05
1.236353155867280399e-05
1.787793266142568124e-06
7.073880160925354877e-06
1.303357326606468053e-06
1.471162516480291366e-06
4.810416044107742486e-06
8.904679105476146829e-07
1.314983166651443225e-04
4.619456061660047702e-05
8.616077228227644717e-06
1.595260634028676516e-02
1.236353155867280399e-05
1.154627699491870048e-06
7.073589269354332790e-06
1.232002694583663690e-05
8.904679105476146829e-07
4.146925587949044318e-06
3.860605077712573700e-06
5.510682437407558322e-07
6.950279089485593011e-06
1.550456749906150953e-05
4.568404110230841087e-06
8.116918146624534547e-05
1.303357326606468053e-06
1.621677051770639667e-05
5.829259368675292595e-07
3.832534806242966123e-04
3.125231032449473982e-07
5.510682437407558322e-07
2.390077337959627396e-06
5.306870869422645574e-07
1.550456749906150953e-05
6.829777307430304613e-05
9.452375640432372772e-05
1.303357326606468053e-06
1.471162516480291366e-06
5.197685769333615867e-05
1.599979025093744238e-05
4.190241142773238252e-07
2.777004984739655220e-05
6.950279089485593011e-06
3.651952373340720128e-07
7.567105765828834859e-06
3.406208966643099962e-04
8.116918146624534547e-05
1.303357326606468053e-06
1.232002694583663690e-05
3.574767331173942696e-05
2.102415969567934523e-06
4.190241142773238252e-07
4.035432380043796005e-05
1.016127335994767813e-04
5.406529125871183545e-05
2.315706052445539754e-07
1.844920951434381777e-06
4.596168443206735286e-05
2.853729648904428182e-06
3.832534806242966123e-04
8.316427742852997365e-03
2.214417711310846085e-05
5.542237496671126781e-06
1.787793266142568124e-06
9.452375640432372772e-05
1.232002694583663690e-05
4.401474997363795014e-05
8.904679105476146829e-07
3.804638898423516930e-07
8.025710108221886449e-03
5.510682437407558322e-07
2.390077337959627396e-06
1.009986710221196317e-05
3.285535520297782632e-04
6.638621814817705271e-06
2.315706052445539754e-07
1.471162516480291366e-06
8.057106089316774092e-06
2.005793545420286685e-05
5.829259368675292595e-07
5.510682437407558322e-07
4.650206860145879805e-04
3.651952373340720128e-07
1.550456749906150953e-05
3.436028622027553802e-05
1.471162516480291366e-06
1.293992290024848139e-06
1.599979025093744238e-05
1.078313424912150198e-06
5.710784831734980814e-06
5.510682437407558322e-07
5.082257583256415595e-05
3.925742975414548525e-05
3.436028622027553802e-05
2.315706052445539754e-07
3.593092814428223877e-05
1.567455887672968430e-04
3.447629792313122566e-06
4.875907611952998329e-03
1.835997953766906981e-06
5.407149238346606540e-04
2.390077337959627396e-06
1.016127335994767813e-04
7.073589269354332790e-06
1.289107283732653687e-05
3.437426079862030255e-05
8.904679105476146829e-07
5.829259368675292595e-07
3.962353445355686880e-06
3.464897923383833492e-05
5.082257583256415595e-05
4.035432380043796005e-05
3.163897503667769968e-03
1.471162516480291366e-06
8.904679105476146829e-07
2.958675475141640462e-03
6.688767360322797048e-06
3.159629067762517146e-06
5.569286025667219333e-04
1.378394450613985536e-07
7.869192632029249417e-05
1.796091686119837376e-05
4.035432380043796005e-05
1.787793266142568124e-06
6.638621814817705271e-06
9.452375640432372772e-05
1.303357326606468053e-06
3.436028622027553802e-05
2.118844232851104938e-06
1.471162516480291366e-06
2.777004984739655220e-05
2.390077337959627396e-06
5.542237496671126781e-06
1.787793266142568124e-06
5.343692179775721149e-04
7.073880160925354877e-06
1.303357326606468053e-06
1.471162516480291366e-06
8.586288402546793722e-04
8.904679105476146829e-07
5.510682437407558322e-07
5.082257583256415595e-05
1.916114284913348744e-05
4.035432380043796005e-05
1.024475049637134930e-04
1.064190918842534988e-06
6.318431978198215358e-03
1.018189934470681938e-05
3.436028622027553802e-05
1.058894707250248454e-05
5.510682437407558322e-07
4.035432380043796005e-05
8.999545570142389317e-02
1.844920951434381777e-06
4.810416044107742486e-06
8.904679105476146829e-07
3.097988384745778076e-03
4.146925587949044318e-06
5.757933270712140568e-06
7.762554682074074806e-03
5.510682437407558322e-07
2.777004984739655220e-05
2.004801612087125150e-05
1.303357326606468053e-06
2.684243302845890837e-04
1.471162516480291366e-06
8.904679105476146829e-07
3.804638898423516930e-07
2.667998665122849678e-06
8.550813046428254731e-05
