9.921652469434800723e-07
6.105374653931262439e-04
1.737082265247574320e-04
1.346242218340405309e-05
1.754915639588289407e-04
5.766573167733233434e-04
1.289116650906835289e-05
1.503639745481268663e-05
4.153732531690203705e-05
8.746873249395429608e-07
9.921652469434800723e-07
5.683746429480531588e-04
1.105564362476259852e-05
2.788266638500972111e-04
2.214551943888944937e-05
1.527805232029385832e-06
1.871202596217868171e-06
6.643675631809526499e-03
4.068878377657780105e-04
5.625428671746314849e-03
7.228873688605368065e-04
1.527805232029385832e-06
1.306491310515716015e-04
2.648730011458277715e-06
2.492119569921806027e-06
1.866342346254270482e-03
6.630899264178104734e-03
3.649287420777716053e-06
5.321181230659475999e-07
1.996880526489366783e-03
9.921652469434800723e-07
1.422371416152141575e-04
8.662487588971152521e-05
8.330673871863084035e-05
7.381386069464719899e-06
2.049896903729616504e-05
2.977775115435210757e-06
6.481180611004954465e-07
2.864296905494879172e-04
2.799411315680129154e-05
1.737082265247574320e-04
1.503899905911266902e-04
7.381386069464719899e-06
2.214551943888944937e-05
3.705482465747466270e-04
1.527805232029385832e-06
3.527010597044791073e-07
1.049503049735674601e-06
2.600236900325413199e-04
1.637109926557569190e-05
9.921652469434800723e-07
7.296055355538433025e-05
3.298089840636684295e-07
6.492973298706744643e-06
2.214551943888944937e-05
1.527805232029385832e-06
1.642393865109673589e-03
3.324536804077432354e-07
2.094253098973107921e-02
2.995291056909866207e-05
1.174820701759829321e-05
5.366195577923541958e-04
3.298089840636684295e-07
1.136557510641578834e-05
3.985266496139990532e-05
3.431335113509743025e-06
1.105564362476259852e-05
2.214551943888944937e-05
4.094879220013476262e-06
1.059708978918325441e-03
4.358393968178586006e-05
6.430929284269143499e-07
4.924426712239377696e-03
7.686697091400027234e-05
1.519147769702153348e-03
1.558088789131790628e-05
5.321181230659475999e-07
2.915136790766063336e-04
3.691666610616146102e-04
9.039328671006949411e-06
3.776928631072473907e-05
7.296055355538433025e-05
3.298089840636684295e-07
3.985266496139990532e-05
1.155019452144858414e-04
6.185295266469258710e-04
4.510334161991681637e-04
3.324536804077432354e-07
3.052500579825930054e-06
6.678132889259966947e-06
2.806621879594938321e-02
3.985266496139990532e-05
9.978301712261967066e-06
5.243077791359847385e-07
1.871202596217868171e-06
3.527010597044791073e-07
1.503639745481268663e-05
7.985835645684263997e-06
1.637109926557569190e-05
1.424169744550474217e-05
7.312084354387977134e-05
3.298089840636684295e-07
3.749318771734469913e-03
5.243077791359847385e-07
1.803648334889309190e-04
3.931454190496112139e-02
3.324536804077432354e-07
5.437279928911875962e-04
1.503639745481268663e-05
4.871551037434330273e-05
7.296055355538433025e-05
1.986077667762961834e-03
6.015520911518999518e-07
3.985266496139990532e-05
6.689330611273782044e-06
9.978301712261967066e-06
1.803648334889309190e-04
1.527805232029385832e-06
2.315689203825639547e-05
3.375292331282011496e-06
1.395509306329137293e-05
7.312084354387977134e-05
3.431335113509743025e-06
1.105564362476259852e-05
1.408319822300752940e-05
2.214551943888944937e-05
3.231563375692614104e-06
2.435606148292244577e-04
1.527805232029385832e-06
1.576360455798287092e-04
1.503899905911266902e-04
1.945237890040508969e-05
4.191311375246706836e-04
5.559742538210202321e-05
2.492119569921806027e-06
3.527010597044791073e-07
1.106270343406319870e-02
5.321181230659475999e-07
2.513367837304461084e-04
4.871551037434330273e-05
7.296055355538433025e-05
2.877357717808162190e-05
1.105564362476259852e-05
3.119027239091501770e-05
3.226728144387688434e-04
2.977775115435210757e-06
8.121592021015108884e-04
3.448089041213116138e-05
2.648730011458277715e-06
4.669028835614767058e-05
1.422371416152141575e-04
7.312084354387977134e-05
3.985266496139990532e-05
4.830821482240216192e-05
1.945237890040508969e-05
1.022105680852637749e-06
2.731677829001215719e-04
6.481180611004954465e-07
3.527010597044791073e-07
1.503639745481268663e-05
2.727434899765564399e-04
2.061141144890210348e-03
1.945380423838805224e-03
6.015520911518999518e-07
9.978301712261967066e-06
3.715301681885264679e-03
3.872384737974973105e-05
2.835715873035652565e-05
1.171441930478673340e-03
8.355315148697660982e-06
5.687469168846890960e-05
1.105564362476259852e-05
2.629334392388512080e-04
1.898294369452250662e-04
5.437279928911875962e-04
2.296567178953536764e-02
1.372586904789486681e-03
3.574983470390224902e-05
5.321181230659475999e-07
4.632278599245866907e-02
9.921652469434800723e-07
1.422371416152141575e-04
6.430929284269143499e-07
3.995364853615704110e-04
9.978301712261967066e-06
7.049120175610075825e-05
1.953431451379318275e-05
3.846509102078597654e-04
9.380160576378750490e-06
2.648730011458277715e-06
4.893514070813287403e-06
8.330673871863084035e-05
1.022105680852637749e-06
1.126941980088021873e-04
1.527805232029385832e-06
2.841528114484977228e-04
5.139069006015541162e-04
2.648730011458277715e-06
2.835715873035652565e-05
5.437279928911875962e-04
1.128136904209775049e-03
8.209730181693266271e-04
1.105564362476259852e-05
3.294836056848385363e-05
1.396632021420003006e-03
6.557901974569918594e-06
1.222351401767989584e-05
3.324536804077432354e-07
3.052500579825930054e-06
4.178855160026718700e-06
2.487844027338830826e-05
6.105374653931262439e-04
3.298089840636684295e-07
3.985266496139990532e-05
3.431335113509743025e-06
2.439022045875096094e-05
3.422383561612645826e-05
7.999252123022895138e-04
1.637109926557569190e-05
4.068878377657780105e-04
7.296055355538433025e-05
1.986077667762961834e-03
3.259046438993304200e-03
3.985266496139990532e-05
1.408319822300752940e-05
1.404565597505551093e-04
1.209718104324312461e-03
6.557901974569918594e-06
7.499683227734613329e-04
3.324536804077432354e-07
9.921652469434800723e-07
1.417425534174966998e-03
4.830636022051039728e-05
3.298089840636684295e-07
1.737082265247574320e-04
6.015520911518999518e-07
3.431335113509743025e-06
9.978301712261967066e-06
5.243077791359847385e-07
1.803648334889309190e-04
4.893514070813287403e-06
6.670478938404294459e-04
1.105564362476259852e-05
1.022105680852637749e-06
1.527805232029385832e-06
3.527010597044791073e-07
6.781325787740989782e-04
1.637109926557569190e-05
2.075873520903143351e-06
4.858693391815392388e-04
3.423733366053322811e-05
1.417425534174966998e-03
3.298089840636684295e-07
6.015520911518999518e-07
2.877357717808162190e-05
9.978301712261967066e-06
1.022105680852637749e-06
1.281707788204192018e-05
1.969702214046789327e-05
2.492119569921806027e-06
2.192769438217306014e-05
7.083083898564828665e-04
1.737082265247574320e-04
1.105564362476259852e-05
1.754915639588289407e-04
7.095732526415868139e-04
1.724314306068260917e-04
8.502093062115604661e-05
2.799411315680129154e-05
5.685734502178625323e-06
9.921652469434800723e-07
1.422371416152141575e-04
1.737082265247574320e-04
2.844617664913221672e-05
4.521997921437974680e-04
6.524475422061509723e-04
2.185811123510629419e-03
1.045273816145654957e-03
3.527010597044791073e-07
5.437279928911875962e-04
2.631017173325249370e-05
7.296055355538433025e-05
7.312084354387977134e-05
3.298089840636684295e-07
3.769410748510712724e-05
3.985266496139990532e-05
1.105564362476259852e-05
1.754915639588289407e-04
6.557901974569918594e-06
2.977775115435210757e-06
3.414116769408055631e-05
1.422371416152141575e-04
3.985266496139990532e-05
2.185532471025136957e-05
2.648730011458277715e-06
2.492119569921806027e-06
7.688433464313789833e-05
4.766904323349462633e-04
4.068878377657780105e-04
4.008357142567803656e-06
4.773649552172545366e-06
7.312084354387977134e-05
3.298089840636684295e-07
3.985266496139990532e-05
6.689330611273782044e-06
9.978301712261967066e-06
2.214551943888944937e-05
1.281707788204192018e-05
9.789586315639540217e-06
1.002933520850398091e-03
3.298089840636684295e-07
7.125718861658068303e-06
9.978301712261967066e-06
1.803648334889309190e-04
6.557901974569918594e-06
7.640915608060478673e-05
3.324536804077432354e-07
2.799411315680129154e-05
5.437279928911875962e-04
5.685734502178625323e-06
9.921652469434800723e-07
7.296055355538433025e-05
5.243077791359847385e-07
2.214551943888944937e-05
1.026341063249685930e-02
5.685734502178625323e-06
2.513367837304461084e-04
2.075873520903143351e-06
2.854089711150908373e-05
4.858693391815392388e-04
6.118327089475442040e-04
4.147423783770988394e-05
7.381386069464719899e-06
1.527805232029385832e-06
3.846509102078597654e-04
3.324536804077432354e-07
2.799411315680129154e-05
1.214956051991028020e-05
1.297884806264392398e-05
4.068878377657780105e-04
1.507821098070832877e-04
1.264009498885613559e-03
7.312084354387977134e-05
2.767373078846459856e-06
1.945237890040508969e-05
9.823147957864356364e-05
3.324536804077432354e-07
5.321181230659475999e-07
4.793839814692022911e-06
4.979278764673394117e-06
1.422371416152141575e-04
1.737082265247574320e-04
1.713938126530400443e-03
3.431335113509743025e-06
2.629334392388512080e-04
4.847881578062767207e-04
1.269647829689776466e-05
2.648730011458277715e-06
1.347609638962455123e-05
3.562020937378059990e-04
9.921652469434800723e-07
4.830821482240216192e-05
1.105564362476259852e-05
2.977775115435210757e-06
3.052500579825930054e-06
2.799411315680129154e-05
6.877129961599233383e-07
4.068878377657780105e-04
5.321181230659475999e-07
2.460564973559884773e-03
1.050892777992244297e-04
7.296055355538433025e-05
6.476878924027016293e-04
2.986183070876226981e-04
1.945237890040508969e-05
5.243077791359847385e-07
3.363841855092690350e-04
2.648730011458277715e-06
5.685734502178625323e-06
2.413532411860791428e-04
6.105374653931262439e-04
7.312084354387977134e-05
3.824184056261655603e-06
6.015520911518999518e-07
1.754915639588289407e-04
6.557901974569918594e-06
3.892042352143213775e-05
6.481180611004954465e-07
6.111380362615243405e-06
5.437279928911875962e-04
1.422371416152141575e-04
3.064107906082552246e-03
3.431335113509743025e-06
9.978301712261967066e-06
2.214551943888944937e-05
3.324536804077432354e-07
3.052500579825930054e-06
4.178855160026718700e-06
1.059708978918325441e-03
1.637109926557569190e-05
5.683746429480531588e-04
6.015520911518999518e-07
3.431335113509743025e-06
5.655922989354422079e-06
2.977775115435210757e-06
1.222514608207744861e-05
2.648730011458277715e-06
2.492119569921806027e-06
2.799411315680129154e-05
1.059708978918325441e-03
9.921652469434800723e-07
9.978301712261967066e-06
6.557901974569918594e-06
2.799411315680129154e-05
7.564931355145740506e-03
1.503639745481268663e-05
1.492941655656697462e-04
1.108941807420161607e-05
2.805362344003621967e-04
5.321181230659475999e-07
9.921652469434800723e-07
3.298089840636684295e-07
6.557901974569918594e-06
1.527805232029385832e-06
3.448089041213116138e-05
2.799411315680129154e-05
6.877129961599233383e-07
5.437279928911875962e-04
1.049503049735674601e-06
9.817605713011632023e-04
6.430929284269143499e-07
1.078288019662184153e-03
6.161505929846488661e-05
5.243077791359847385e-07
1.943917608950492275e-04
2.328946087325914910e-05
3.464368067015420887e-04
1.871202596217868171e-06
1.363190799297607882e-04
5.346185885346142579e-03
2.910501302944187548e-04
5.683746429480531588e-04
3.127579628085528154e-04
1.945237890040508969e-05
1.803648334889309190e-04
3.231563375692614104e-06
1.871202596217868171e-06
3.324536804077432354e-07
6.877129961599233383e-07
4.068878377657780105e-04
7.296055355538433025e-05
3.431335113509743025e-06
5.243077791359847385e-07
2.214551943888944937e-05
2.629334392388512080e-04
1.517952553911841996e-04
6.433098922175949476e-04
6.678132889259966947e-06
5.904625197637148118e-03
5.685734502178625323e-06
1.422371416152141575e-04
6.015520911518999518e-07
3.985266496139990532e-05
3.431335113509743025e-06
9.978301712261967066e-06
1.527805232029385832e-06
3.324536804077432354e-07
4.064077724254336874e-04
6.877129961599233383e-07
5.617640822792688716e-04
4.389367328865981162e-05
5.683746429480531588e-04
2.123856912634323395e-04
5.243077791359847385e-07
6.557901974569918594e-06
8.497321266749086749e-03
3.052500579825930054e-06
2.799411315680129154e-05
1.049503049735674601e-06
2.915136790766063336e-04
5.128851491725988675e-05
7.312084354387977134e-05
1.506244356643872699e-04
3.431335113509743025e-06
1.105564362476259852e-05
1.022105680852637749e-06
1.527805232029385832e-06
3.846509102078597654e-04
6.481180611004954465e-07
3.527010597044791073e-07
6.430929284269143499e-07
3.985266496139990532e-05
3.431335113509743025e-06
2.670829570387921030e-04
5.243077791359847385e-07
3.130998579071074067e-05
6.738923446407849016e-03
2.799411315680129154e-05
3.527010597044791073e-07
7.611880323709053445e-05
9.921652469434800723e-07
3.589266606263261301e-04
6.015520911518999518e-07
2.986183070876226981e-04
2.068737346109677285e-04
5.243077791359847385e-07
1.241428700651317062e-03
1.387464192527313302e-04
4.128422248355871621e-05
7.560898779803568105e-05
7.693293112193803104e-05
6.015520911518999518e-07
8.209730181693266271e-04
9.978301712261967066e-06
5.243077791359847385e-07
2.214551943888944937e-05
2.629334392388512080e-04
1.871202596217868171e-06
1.321204811257184541e-05
2.492119569921806027e-06
9.921652469434800723e-07
3.298089840636684295e-07
3.729535230960206223e-03
6.015520911518999518e-07
3.985266496139990532e-05
2.157174384532447751e-04
6.161505929846488661e-05
1.600141401781642264e-03
1.871202596217868171e-06
3.448089041213116138e-05
7.312084354387977134e-05
2.877357717808162190e-05
2.214551943888944937e-05
7.725191089818081710e-06
4.389473178795576941e-03
2.799411315680129154e-05
4.094879220013476262e-06
1.049503049735674601e-06
1.637109926557569190e-05
4.482720785466540973e-07
9.921652469434800723e-07
1.939677853098396507e-02
1.547342949332662448e-04
4.563200314642011667e-04
1.945237890040508969e-05
2.214551943888944937e-05
5.038189292028884682e-05
1.871202596217868171e-06
2.610750089315191751e-03
7.152594182524235675e-06
9.921652469434800723e-07
7.296055355538433025e-05
7.312084354387977134e-05
3.298089840636684295e-07
3.985266496139990532e-05
6.306454798626536179e-04
7.835361365555351502e-04
6.481180611004954465e-07
2.492119569921806027e-06
7.985835645684263997e-06
9.921652469434800723e-07
5.981075359759229979e-04
8.452525092294499096e-03
1.503899905911266902e-04
9.978301712261967066e-06
2.322691129159876579e-04
1.527805232029385832e-06
3.543108075735275689e-05
5.437279928911875962e-04
8.355315148697660982e-06
3.985266496139990532e-05
8.479817499548004262e-03
2.670829570387921030e-04
1.092870617715105470e-05
1.116213274547952644e-05
6.877129961599233383e-07
7.024988851700263289e-04
2.077377101566744641e-03
7.856324661313498299e-05
1.637109926557569190e-05
9.921652469434800723e-07
8.337579366750759446e-03
2.052892479422727709e-04
1.871202596217868171e-06
2.799411315680129154e-05
6.877129961599233383e-07
5.437279928911875962e-04
1.637109926557569190e-05
2.513367837304461084e-04
9.039328671006949411e-06
1.718302690554893679e-05
1.422371416152141575e-04
7.312084354387977134e-05
6.015520911518999518e-07
1.155019452144858414e-04
3.448089041213116138e-05
3.324536804077432354e-07
9.767784017637868492e-05
1.637109926557569190e-05
4.068878377657780105e-04
1.233450589640428419e-04
6.021662393757323513e-04
1.346242218340405309e-05
2.471939822428993380e-05
1.803648334889309190e-04
6.481180611004954465e-07
2.648730011458277715e-06
3.848433952694199186e-06
1.049503049735674601e-06
1.449872320931900845e-04
9.921652469434800723e-07
5.683746429480531588e-04
1.719894623600604988e-03
2.052892479422727709e-04
6.557901974569918594e-06
1.222351401767989584e-05
2.085682575100030259e-04
2.799411315680129154e-05
1.545472799210504598e-05
2.341374698158701589e-05
8.488766168578328400e-03
6.430929284269143499e-07
3.729535230960206223e-03
6.689330611273782044e-06
9.978301712261967066e-06
1.022105680852637749e-06
2.435606148292244577e-04
6.481180611004954465e-07
3.527010597044791073e-07
5.437279928911875962e-04
7.296055355538433025e-05
3.298089840636684295e-07
1.713938126530400443e-03
1.527805232029385832e-06
2.648730011458277715e-06
2.799411315680129154e-05
1.049503049735674601e-06
1.108941807420161607e-05
1.637109926557569190e-05
1.257500947549796776e-05
9.921652469434800723e-07
3.298089840636684295e-07
3.985266496139990532e-05
9.978301712261967066e-06
6.006688914097551088e-05
4.455836340849402542e-04
6.557901974569918594e-06
2.977775115435210757e-06
1.397484207336907298e-04
3.375292331282011496e-06
5.308431866017352025e-05
1.450131504317371715e-05
3.521314579009786339e-02
6.015520911518999518e-07
1.075501012945930760e-03
3.431335113509743025e-06
2.068737346109677285e-04
5.243077791359847385e-07
2.214551943888944937e-05
3.231563375692614104e-06
2.785864858181979185e-05
7.296055355538433025e-05
3.298089840636684295e-07
3.431335113509743025e-06
1.105564362476259852e-05
1.408319822300752940e-05
6.557901974569918594e-06
2.977775115435210757e-06
1.871202596217868171e-06
2.648730011458277715e-06
8.460397134541998779e-03
6.015520911518999518e-07
1.105564362476259852e-05
4.825712341049168738e-04
1.527805232029385832e-06
3.892042352143213775e-05
2.085682575100030259e-04
3.324536804077432354e-07
8.000033035558680276e-04
5.437279928911875962e-04
1.422371416152141575e-04
7.312084354387977134e-05
3.298089840636684295e-07
1.325234978252814336e-05
4.147423783770988394e-05
2.977775115435210757e-06
2.415400487499946066e-03
6.877129961599233383e-07
5.437279928911875962e-04
1.288731920059541652e-02
9.921652469434800723e-07
1.303914791235702766e-02
8.737257986760106360e-04
6.430929284269143499e-07
1.401349847081554907e-05
2.123856912634323395e-04
8.354841881222375944e-05
9.860771605713589420e-05
3.448089041213116138e-05
3.324536804077432354e-07
1.417425534174966998e-03
1.746360193152249766e-05
6.015520911518999518e-07
3.106334196094779070e-04
1.803648334889309190e-04
6.590669435831479856e-05
3.312708100798976841e-05
3.448089041213116138e-05
3.324536804077432354e-07
2.648730011458277715e-06
1.229577679042618712e-05
1.422371416152141575e-04
2.781861756464320493e-03
3.431335113509743025e-06
1.754915639588289407e-04
6.557901974569918594e-06
1.871202596217868171e-06
2.799411315680129154e-05
3.166445601699457435e-01
1.108941807420161607e-05
6.476878924027016293e-04
3.985266496139990532e-05
2.214551943888944937e-05
2.977775115435210757e-06
1.189453424269544611e-04
4.321247773702360383e-04
2.799411315680129154e-05
1.049503049735674601e-06
3.080871729489606742e-04
2.444712961060540798e-02
2.192769438217306014e-05
1.422371416152141575e-04
8.330673871863084035e-05
1.558088789131790628e-05
5.437279928911875962e-04
5.685734502178625323e-06
4.482720785466540973e-07
5.321181230659475999e-07
2.513367837304461084e-04
4.793839814692022911e-06
1.422371416152141575e-04
2.730965865612747801e-05
2.214551943888944937e-05
2.437538933417658594e-04
6.557901974569918594e-06
1.871202596217868171e-06
6.522190457266063639e-05
1.528496402036124400e-05
3.527010597044791073e-07
5.437279928911875962e-04
9.985791098385686146e-06
6.105374653931262439e-04
1.281707788204192018e-05
4.321247773702360383e-04
2.461110078137053805e-02
4.482720785466540973e-07
4.793839814692022911e-06
6.578649390641546792e-06
7.236600382093738805e-06
2.437594649510103795e-05
9.921652469434800723e-07
1.737082265247574320e-04
1.105564362476259852e-05
1.022105680852637749e-06
4.321247773702360383e-04
6.044052701944252893e-05
2.648730011458277715e-06
1.503639745481268663e-05
7.155137046508424823e-05
7.985835645684263997e-06
1.986077667762961834e-03
5.549990946349118081e-04
2.049896903729616504e-05
2.977775115435210757e-06
3.324536804077432354e-07
2.648730011458277715e-06
3.527010597044791073e-07
1.035621074346991532e-04
2.207790409813141757e-04
1.637109926557569190e-05
1.141717948403795784e-04
1.417425534174966998e-03
6.015520911518999518e-07
7.715595720189758096e-05
6.248612188908164895e-04
3.231563375692614104e-06
1.241830664900867519e-04
6.738923446407849016e-03
1.400710819275200467e-04
6.481180611004954465e-07
7.125718861658068303e-06
1.003774353127167185e-04
9.978301712261967066e-06
5.243077791359847385e-07
1.092447160899853633e-03
4.128422248355871621e-05
1.037770842413720358e-04
1.637109926557569190e-05
4.482720785466540973e-07
5.565416882733331124e-05
1.792070120735655568e-04
5.683746429480531588e-04
1.130043546951787601e-05
3.985266496139990532e-05
9.978301712261967066e-06
5.243077791359847385e-07
2.539202447946058996e-04
1.558088789131790628e-05
2.255702160966917801e-03
6.481180611004954465e-07
9.921652469434800723e-07
3.985266496139990532e-05
1.803648334889309190e-04
3.444472835449780826e-04
2.629334392388512080e-04
1.139836648152823748e-02
3.527010597044791073e-07
1.583707286687198619e-04
1.049503049735674601e-06
7.592508122835428010e-03
3.627069703262430405e-05
7.083083898564828665e-04
1.136557510641578834e-05
3.431335113509743025e-06
1.105564362476259852e-05
1.354670956713157791e-03
2.492119569921806027e-06
5.437279928911875962e-04
4.133168599347741574e-04
4.068878377657780105e-04
6.015520911518999518e-07
3.244763241484187880e-05
5.589346356829491764e-04
2.977775115435210757e-06
3.324536804077432354e-07
2.164065763948220741e-02
1.049503049735674601e-06
2.928483004362357977e-04
5.685734502178625323e-06
1.940556135883144870e-04
9.921652469434800723e-07
1.422371416152141575e-04
6.564153604970343874e-04
2.214551943888944937e-05
1.527805232029385832e-06
1.871202596217868171e-06
3.448089041213116138e-05
9.789586315639540217e-06
1.528496402036124400e-05
3.527010597044791073e-07
9.854166413386615878e-03
8.452525092294499096e-03
3.985266496139990532e-05
1.105564362476259852e-05
6.480827289787060869e-04
3.448089041213116138e-05
3.052500579825930054e-06
5.355508523898249633e-05
3.231342445230952262e-05
1.503639745481268663e-05
7.296055355538433025e-05
7.312084354387977134e-05
1.737082265247574320e-04
3.985266496139990532e-05
3.231563375692614104e-06
1.871202596217868171e-06
7.985835645684263997e-06
1.216700849254242968e-04
1.637109926557569190e-05
8.746873249395429608e-07
9.921652469434800723e-07
5.366195577923541958e-04
6.430929284269143499e-07
1.022105680852637749e-06
2.435606148292244577e-04
3.527010597044791073e-07
1.059708978918325441e-03
1.610958635880468948e-03
2.854089711150908373e-05
1.520060288132738663e-02
2.642856260968668510e-04
3.298089840636684295e-07
6.015520911518999518e-07
4.830821482240216192e-05
1.105564362476259852e-05
6.557901974569918594e-06
3.324536804077432354e-07
5.213222934618511132e-05
2.799411315680129154e-05
3.527010597044791073e-07
1.737082265247574320e-04
1.105564362476259852e-05
5.713130248304169618e-04
2.214551943888944937e-05
1.161368602657395448e-04
6.475442404124074356e-05
8.746873249395429608e-07
3.531888270963193803e-06
9.039328671006949411e-06
2.854089711150908373e-05
7.310337107748628681e-04
1.945237890040508969e-05
1.761391546179586634e-05
1.923404220033119252e-04
1.527805232029385832e-06
3.324536804077432354e-07
2.648730011458277715e-06
3.527010597044791073e-07
6.994405645575561793e-05
1.049503049735674601e-06
1.163752044507896819e-03
3.298089840636684295e-07
3.431335113509743025e-06
9.978301712261967066e-06
2.214551943888944937e-05
2.629334392388512080e-04
1.871202596217868171e-06
2.799411315680129154e-05
5.437279928911875962e-04
1.503639745481268663e-05
6.137660073651266207e-05
1.422371416152141575e-04
6.689330611273782044e-06
5.243077791359847385e-07
3.231563375692614104e-06
1.558088789131790628e-05
2.019542182529915646e-05
3.892042352143213775e-05
6.877129961599233383e-07
5.437279928911875962e-04
9.921652469434800723e-07
7.312084354387977134e-05
7.434738739232241366e-06
6.015520911518999518e-07
1.506244356643872699e-04
3.294836056848385363e-05
2.513325171414516150e-05
3.052500579825930054e-06
6.877129961599233383e-07
5.906113758640750669e-05
4.893514070813287403e-06
3.985266496139990532e-05
5.243077791359847385e-07
3.130998579071074067e-05
2.837651520757241428e-04
3.448089041213116138e-05
3.324536804077432354e-07
3.052500579825930054e-06
1.108941807420161607e-05
7.172270184386862020e-04
4.722381057547081137e-03
6.015520911518999518e-07
1.105564362476259852e-05
2.648730011458277715e-06
6.678132889259966947e-06
5.437279928911875962e-04
2.341374698158701589e-05
6.101737334423243311e-04
4.068878377657780105e-04
8.491906627434640098e-06
1.229577679042618712e-05
1.737082265247574320e-04
1.105564362476259852e-05
2.049896903729616504e-05
6.481180611004954465e-07
2.799411315680129154e-05
3.527010597044791073e-07
3.192824453307868514e-05
1.004483351718674142e-05
1.381619123123273757e-05
7.296055355538433025e-05
6.430929284269143499e-07
6.015520911518999518e-07
3.985266496139990532e-05
4.730019215322145442e-04
3.439628583845398102e-05
6.557901974569918594e-06
1.527805232029385832e-06
5.132848211219914194e-05
3.736629173693502072e-06
9.921652469434800723e-07
3.589266606263261301e-04
3.985266496139990532e-05
3.431335113509743025e-06
6.433098922175949476e-04
7.152594182524235675e-06
3.527010597044791073e-07
1.737160861599579135e-04
3.566681889574306835e-04
4.482720785466540973e-07
7.296055355538433025e-05
8.662487588971152521e-05
5.243077791359847385e-07
1.754915639588289407e-04
1.527805232029385832e-06
1.576360455798287092e-04
1.871202596217868171e-06
2.799411315680129154e-05
5.437279928911875962e-04
8.746873249395429608e-07
