1.166884504731658229e-07
6.448698956035137738e-08
6.842693473588525085e-08
5.966621087383500307e-05
3.727800077638486107e-05
1.618548492332964363e-04
3.338060545668817836e-06
4.834340935506475277e-05
3.920146131228256781e-03
6.651086522638668356e-05
1.166884504731658229e-07
6.842693473588525085e-08
3.486419798175475300e-05
8.703041923696519981e-08
1.122363739314213908e-04
4.834340935506475277e-05
6.797078885774851271e-04
4.141441865884392228e-04
1.759554087963803755e-03
2.184315182037700723e-05
2.303411561832393976e-03
2.760371322888600218e-05
1.869676523878426554e-04
6.842693473588525085e-08
2.847722945536252214e-05
2.775124287805225847e-04
2.220929742291027594e-04
2.034269492084529816e-04
2.791698562837787863e-07
9.737105225207799263e-04
1.166884504731658229e-07
4.034413289257814464e-03
6.842693473588525085e-08
1.369987239081985682e-04
8.703041923696519981e-08
4.834340935506475277e-05
3.228185375289224345e-03
1.322632875355815032e-04
6.000400627722516584e-06
8.517499008488185622e-04
2.364960565133451581e-04
1.361725702868579356e-04
6.842693473588525085e-08
8.703041923696519981e-08
3.602020639440963742e-05
5.847690112161430567e-06
1.763237581412212284e-04
1.993189122702205250e-04
6.785559665777012542e-06
1.124434994304652873e-02
2.929920314801659229e-05
3.489064514662152793e-04
9.976521905152205651e-05
6.842693473588525085e-08
5.765881670637941709e-04
3.548254964658684076e-05
1.498542696408255558e-04
2.276311796045485896e-05
3.379449506876452958e-02
4.404325384825788156e-03
1.166884504731658229e-07
1.064509296121869134e-05
6.448698956035137738e-08
6.842693473588525085e-08
2.139212080253408772e-04
8.703041923696519981e-08
5.261873148832687738e-03
4.834340935506475277e-05
1.993189122702205250e-04
1.589025823211989556e-04
1.664501843002221503e-03
6.448698956035137738e-08
1.706468308365747969e-05
1.369987239081985682e-04
8.703041923696519981e-08
6.388088883891399408e-03
7.636071513757460537e-03
4.834340935506475277e-05
6.561835195449222365e-05
5.377227634303032673e-04
2.209499179820951121e-04
2.005523160562081150e-04
1.837084282925974699e-04
6.161145837195424388e-06
1.116024322396606827e-04
6.660894820890777765e-05
2.791698562837787863e-07
2.171107370437817466e-05
1.562488908691934035e-07
3.362950891108524231e-05
1.166884504731658229e-07
9.051643428250107256e-05
6.443150291779176910e-04
6.448698956035137738e-08
4.946839214606888054e-06
1.508515296210007940e-02
2.276311796045485896e-05
4.865129142677638657e-05
4.264375968895401346e-03
3.596918438091577827e-04
1.026182156240466557e-05
3.897183725022811563e-03
8.410517383989502688e-04
4.673708504501612412e-05
8.461270900636927623e-05
1.835258581053702642e-04
4.834340935506475277e-05
1.771757366982612157e-04
4.590635943533780431e-04
2.800261137081282593e-04
6.448698956035137738e-08
6.842693473588525085e-08
2.743975363150857210e-04
1.035068597440865542e-03
9.551562881664436872e-07
7.778967195450181668e-05
2.694476437217056773e-05
6.761030248270607102e-04
5.471677115700556462e-05
1.079293931364973041e-04
1.042263374101614574e-04
5.508095078347248789e-04
3.029072241835813369e-03
9.769427495564830019e-05
9.536542498336869964e-06
9.226246156407243073e-04
2.791698562837787863e-07
1.152115922400516424e-04
3.919101553671813710e-07
1.562488908691934035e-07
1.166884504731658229e-07
6.448698956035137738e-08
1.694800099624761344e-03
8.703041923696519981e-08
1.867664307649332048e-05
6.505287116943964493e-06
6.063825904854093680e-03
6.812019384511067404e-04
5.728057170748073607e-03
2.791698562837787863e-07
6.888792926549957120e-05
6.448698956035137738e-08
3.427640915714345307e-04
8.289233677031348116e-06
6.842693473588525085e-08
2.443315001388252951e-05
3.422184781981309231e-04
8.703041923696519981e-08
3.003649218276070009e-06
1.114349859969444993e-05
4.561119627300867020e-05
1.166884504731658229e-07
3.328108221502947093e-05
3.702486385660149287e-06
9.463130951728405873e-04
6.653424802675727548e-04
8.024613714131556292e-04
1.265308681545390310e-04
6.619133053560721639e-05
2.573714670300286227e-05
6.842693473588525085e-08
9.295782732104584305e-05
3.379999348165540818e-05
4.827681234843705254e-04
8.703041923696519981e-08
4.834340935506475277e-05
1.864503848248389383e-04
2.434921101739616006e-05
2.451122796547511458e-04
3.919101553671813710e-07
5.596719366369971578e-06
1.657774973822201360e-03
8.201304433002102028e-04
2.034201301698296395e-06
8.703041923696519981e-08
4.834340935506475277e-05
1.265732244229721452e-04
1.154642059755585240e-03
2.785180008466197634e-05
2.791698562837787863e-07
1.064509296121869134e-05
3.982341891806047982e-05
8.289233677031348116e-06
6.842693473588525085e-08
5.941202944703634820e-05
1.187092089411887098e-04
4.834340935506475277e-05
1.854347203020243254e-04
2.661796597830819969e-05
3.046350118557359971e-04
6.448698956035137738e-08
6.842693473588525085e-08
8.703041923696519981e-08
8.838281114880686664e-07
1.193118571292317229e-03
4.368663904980390030e-05
2.661796597830819969e-05
7.143075850836173683e-03
4.498996359484336131e-05
2.845012017689305811e-03
2.433811914298889757e-05
1.166884504731658229e-07
7.177695382167829550e-05
3.029072241835813369e-03
1.345127409742120304e-05
7.506851145720132788e-07
9.588572738841812831e-05
8.703041923696519981e-08
6.650857966126447956e-06
1.210704648074484486e-04
1.166884504731658229e-07
3.528674291187949206e-06
1.315529888892201342e-03
6.448698956035137738e-08
1.867664307649332048e-05
2.301243112044082254e-04
6.000400627722516584e-06
1.352524859741139306e-03
1.156621884611945447e-04
1.644650775517056223e-05
2.375834819915752786e-05
5.181525880163826781e-04
5.957143717284964094e-06
1.308793031559995899e-05
5.071575202776342850e-04
6.448698956035137738e-08
3.982341891806047982e-05
6.842693473588525085e-08
1.990762977508085901e-04
4.141441865884392228e-04
1.166884504731658229e-07
9.417182636003684467e-04
9.536542498336869964e-06
1.075695364897283200e-04
4.834340935506475277e-05
1.500594530299894660e-04
5.418413631514744540e-03
2.791698562837787863e-07
4.041954976179447552e-03
3.563998529225270674e-04
1.166884504731658229e-07
1.526704853935633831e-03
1.190995810032586258e-04
6.845118163930944094e-06
2.348368404372416774e-04
6.537033241126930633e-05
8.703041923696519981e-08
2.556414559752327311e-05
1.042788130665407752e-03
1.419920732350652478e-04
4.448937583486032308e-04
1.166884504731658229e-07
6.845118163930944094e-06
2.843948662796735795e-04
3.881270397301991984e-05
2.034201301698296395e-06
8.703041923696519981e-08
9.187012577894170494e-04
3.956770561089954606e-05
3.073236193549611691e-04
6.448698956035137738e-08
6.842693473588525085e-08
3.110111544236407525e-05
3.338060545668817836e-06
1.540004290090821952e-04
1.468203761425286276e-03
3.279855931214107484e-04
9.185837213517758623e-06
1.112645880403651746e-05
1.562488908691934035e-07
8.187985147964754233e-06
1.166884504731658229e-07
7.769542516951401549e-04
1.917075621091739818e-06
6.842693473588525085e-08
2.310661729961410667e-05
7.900793070589127293e-05
1.429073644446472536e-05
9.758182812197503274e-04
4.834340935506475277e-05
1.166884504731658229e-07
2.799948979627528097e-04
6.448698956035137738e-08
4.980026174393207476e-05
8.703041923696519981e-08
3.670031725820481223e-05
4.834340935506475277e-05
2.987892388513778462e-04
1.012365241222030945e-04
1.913931907608902811e-04
7.881013977617784116e-06
1.166884504731658229e-07
3.974018180939568076e-04
8.556610459185325860e-05
6.448698956035137738e-08
8.236080308049463278e-06
2.458366420460151311e-04
3.486419798175475300e-05
8.703041923696519981e-08
4.219137514772943972e-05
2.392206395352411202e-04
7.404623326317736872e-04
7.578892650344438617e-05
2.760371322888600218e-05
1.122151911315973338e-04
6.842693473588525085e-08
5.315430585532430162e-03
6.913075894771707436e-05
3.605889646584808190e-04
5.256125760773073391e-04
4.056902012629557915e-05
2.458648350187867763e-03
1.190995810032586258e-04
6.448698956035137738e-08
6.842693473588525085e-08
4.834340935506475277e-05
3.746251734373730368e-04
1.199337212346375970e-04
5.598753693658370043e-06
1.006310985256644905e-05
9.229498333295384877e-05
3.653777555002544336e-03
6.842693473588525085e-08
1.973537182003574572e-03
7.275050688220239615e-04
3.110111544236407525e-05
7.356864689035629403e-04
2.273990826430654960e-04
1.361270255684898366e-04
2.800002481325641131e-04
1.113867111517140655e-05
6.379737270159438511e-05
4.585037167350355671e-06
2.224403158941034284e-04
1.389039049230971845e-04
1.780238769603397476e-05
1.006310985256644905e-05
3.919101553671813710e-07
2.579005927517872455e-07
3.100420190239491883e-05
2.586834133653476595e-06
7.986107277528952449e-05
1.706468308365747969e-05
5.413317545178292900e-05
1.261719801120794173e-03
4.870074197145396748e-04
3.978655019678345971e-03
1.988356874117323163e-04
3.818145477763682243e-04
6.174726612772471392e-04
7.708627436401527776e-03
6.448698956035137738e-08
6.842693473588525085e-08
6.247424310691480583e-05
2.531009144817616468e-06
6.650857966126447956e-06
2.661796597830819969e-05
2.694476437217056773e-05
1.025231745058926538e-04
2.540455448736511399e-05
1.166884504731658229e-07
9.417182636003684467e-04
9.467931141489413028e-04
6.448698956035137738e-08
4.946839214606888054e-06
5.654658950573445602e-04
6.507121498460291531e-04
2.531009144817616468e-06
2.149508781026266563e-05
7.703309685237396754e-04
1.166884504731658229e-07
3.173379572549689235e-04
6.929580303587315623e-05
8.212572040509606521e-06
9.551562881664436872e-07
7.703309685237396754e-04
6.226276708671234098e-04
1.012079889520521895e-04
1.535769738852645712e-03
8.305192315632065059e-03
8.435016689421894831e-06
4.931831441932845589e-02
6.448698956035137738e-08
6.842693473588525085e-08
8.703041923696519981e-08
4.585037167350355671e-06
4.834340935506475277e-05
9.423369945963992744e-02
7.602249870687913244e-06
1.265925742144930999e-05
1.550561041313953611e-04
1.361725702868579356e-04
1.322372097418560188e-04
6.448698956035137738e-08
4.441189375140037858e-04
9.551562881664436872e-07
4.834340935506475277e-05
1.991064188053037840e-03
8.210270513647019864e-04
7.580074862343954938e-03
4.605241228676157914e-04
6.448698956035137738e-08
7.506851145720132788e-07
1.016472721513995043e-04
1.420899659504753425e-04
1.771095905336259949e-05
4.834340935506475277e-05
9.803729544773621897e-05
3.710374095047587755e-04
3.302338462711105690e-03
1.166884504731658229e-07
1.042263374101614574e-04
1.000839558710689371e-03
6.842693473588525085e-08
2.310661729961410667e-05
8.703041923696519981e-08
7.642235641288732989e-05
2.668079563184020536e-03
1.092713484185891100e-04
2.579005927517872455e-07
6.647116278874954276e-05
7.506851145720132788e-07
8.703041923696519981e-08
4.772866397081894124e-04
1.500594530299894660e-04
2.791698562837787863e-07
2.665757212318190742e-04
1.410710937552328440e-04
1.112645880403651746e-05
1.265925742144930999e-05
3.393502063167780034e-06
6.373100581386543541e-04
3.654380263176907771e-05
2.977535048341055889e-03
7.506851145720132788e-07
3.065668588179470966e-03
1.706468308365747969e-05
2.101156890327608912e-04
3.956770561089954606e-05
5.304971535522983982e-07
4.056902012629557915e-05
1.166884504731658229e-07
1.837084282925974699e-04
2.502689249951631982e-04
1.867902384012039350e-04
4.528227006237362553e-05
2.656185593185340102e-05
1.579444965545884509e-03
1.974757433729709343e-06
1.771757366982612157e-04
1.912608696082912822e-05
3.091692696396032959e-05
4.946839214606888054e-06
8.845579605806250942e-06
1.117756811348652322e-04
6.226276708671234098e-04
2.276311796045485896e-05
6.442420594254527611e-05
5.749811873977154174e-04
1.156621884611945447e-04
1.166884504731658229e-07
6.842693473588525085e-08
1.486873053458436597e-05
9.551562881664436872e-07
3.342109529096777467e-04
4.834340935506475277e-05
2.661796597830819969e-05
2.748570068913932054e-04
2.791698562837787863e-07
5.444468217026739729e-04
3.902863968678920720e-06
6.448698956035137738e-08
1.745461850398272218e-03
1.706468308365747969e-05
1.081070050644009421e-05
8.703041923696519981e-08
3.816020368168717184e-05
1.951186869712118882e-04
1.523309597859314770e-04
2.791698562837787863e-07
2.586834133653476595e-06
1.818669143289199054e-04
6.842693473588525085e-08
1.579444965545884509e-03
1.429073644446472536e-05
5.424520512053079141e-04
5.403608244396209716e-03
1.024952047211013319e-04
2.908923405925703206e-04
2.220929742291027594e-04
3.154345191073433085e-05
1.166884504731658229e-07
1.355966683574938089e-03
6.107429214663736379e-04
2.291418883752970037e-03
6.448698956035137738e-08
8.289233677031348116e-06
6.842693473588525085e-08
9.551562881664436872e-07
4.834340935506475277e-05
5.594797285427910108e-05
6.973126691153772624e-05
5.315430585532430162e-03
8.703041923696519981e-08
4.834340935506475277e-05
1.123558017172436195e-03
2.297518628635465807e-05
1.245477370705415354e-04
1.909686372704998711e-05
2.484982193335331387e-05
3.660321373289247702e-05
3.155261765731318981e-03
3.902863968678920720e-06
6.669220523832435988e-05
6.842693473588525085e-08
7.689974274307483440e-04
8.703041923696519981e-08
1.648925272756769731e-03
2.220192198638970462e-03
3.919101553671813710e-07
8.390928202930780441e-03
6.940692610000651595e-04
9.976521905152205651e-05
8.455000762242163707e-06
8.703041923696519981e-08
6.650857966126447956e-06
1.665613270569382470e-04
1.445396133282873341e-04
2.694476437217056773e-05
1.771757366982612157e-04
4.561119627300867020e-05
1.217138405430640870e-03
3.511868839071055577e-05
1.746401327545875370e-04
4.576756555362858532e-03
7.645700649625493980e-05
5.234758014476746353e-04
2.791698562837787863e-07
2.562698626855946545e-05
3.919101553671813710e-07
1.166884504731658229e-07
6.448698956035137738e-08
3.492976841567050875e-06
8.703041923696519981e-08
1.440313006590088695e-04
2.791698562837787863e-07
3.919101553671813710e-07
2.579005927517872455e-07
1.562488908691934035e-07
2.268746925549335096e-05
2.041251915055951187e-06
1.320775912881370700e-03
6.842693473588525085e-08
6.379737270159438511e-05
4.834340935506475277e-05
1.012079889520521895e-04
2.286634957878917211e-05
2.220929742291027594e-04
1.059235372742440515e-04
1.224391155737102509e-05
3.634145633316136315e-06
1.089920066615474015e-04
8.703041923696519981e-08
4.394166037572525388e-06
5.098927651237377128e-05
3.504506996657635876e-02
2.748570068913932054e-04
1.500783725312792270e-02
2.406216876667301445e-04
3.614821585521363866e-03
1.420499168164187850e-03
3.061090434394005610e-04
6.448698956035137738e-08
6.842693473588525085e-08
7.275050688220239615e-04
5.315430585532430162e-03
4.443028364296600064e-06
4.585037167350355671e-06
6.650857966126447956e-06
4.834340935506475277e-05
6.842693473588525085e-08
3.486419798175475300e-05
3.727800077638486107e-05
1.867664307649332048e-05
7.632082139270292232e-04
3.857805694519033930e-04
4.700593303905107874e-05
5.524049435988013276e-05
3.969223260447854278e-04
1.878637473307141585e-05
5.596719366369971578e-06
1.166884504731658229e-07
7.778885524363920046e-04
8.154134049939636250e-06
2.337749936713902959e-05
3.486419798175475300e-05
8.703041923696519981e-08
3.956770561089954606e-05
1.145169798201212119e-02
2.791698562837787863e-07
1.140216740672724597e-05
1.968059369997983074e-03
1.166884504731658229e-07
6.448698956035137738e-08
6.842693473588525085e-08
3.687096482569842217e-04
6.336175431182897860e-03
4.353152299580147905e-04
6.631913643788258728e-04
5.302263373674564149e-04
1.550561041313953611e-04
3.916140366223380860e-03
6.842693473588525085e-08
9.551562881664436872e-07
1.910184683661069792e-06
5.302263373674564149e-04
5.942555793896918989e-05
2.791698562837787863e-07
4.484390923634608457e-03
1.006310985256644905e-05
6.448698956035137738e-08
1.761901331444034195e-05
2.139212080253408772e-04
8.703041923696519981e-08
1.429073644446472536e-05
2.439099769930153506e-04
6.561835195449222365e-05
6.482586366938098430e-04
2.791698562837787863e-07
4.498996359484336131e-05
1.906468785631224277e-03
2.695873532522122980e-05
9.503120489706154227e-06
1.122151911315973338e-04
6.842693473588525085e-08
4.834340935506475277e-05
2.748570068913932054e-04
5.861625426226047160e-03
3.992352466548754609e-04
2.791698562837787863e-07
1.166884504731658229e-07
2.221656671709008735e-05
6.448698956035137738e-08
6.842693473588525085e-08
1.081070050644009421e-05
8.703041923696519981e-08
2.556414559752327311e-05
2.061822897422881714e-05
3.342109529096777467e-04
4.865129142677638657e-05
9.837625211097530097e-04
7.090064645104846909e-05
2.743681307045300743e-06
7.506851145720132788e-07
1.035229410898614753e-03
1.950422679666705616e-04
1.618234383036924306e-03
6.147843421514139189e-04
4.645361388452437729e-04
2.791698562837787863e-07
1.166884504731658229e-07
6.448698956035137738e-08
8.410517383989502688e-04
6.801496479667821279e-04
8.703041923696519981e-08
4.834340935506475277e-05
1.110439434591927723e-03
1.179588338927669292e-04
2.845012017689305811e-03
2.683510069067746173e-05
2.247410542045765727e-05
6.140946431891528175e-03
1.667558347023711377e-05
6.842693473588525085e-08
8.703041923696519981e-08
4.834340935506475277e-05
4.406092262217238173e-05
3.179797767761781283e-04
9.132186027837921674e-03
3.905687903606487864e-06
8.196238943205848553e-05
2.120785655339630954e-04
1.814177888020587878e-04
4.689124834826936041e-06
5.565414683932483103e-05
1.605116857546559552e-03
1.472107745485097703e-04
1.461197699885930044e-03
5.337796077287590944e-04
2.120154666169680145e-03
1.166884504731658229e-07
1.299224224436473449e-04
1.171356357925550876e-03
6.448698956035137738e-08
6.842693473588525085e-08
7.188931851570468838e-04
7.681930914161256227e-07
4.834340935506475277e-05
4.542842250375774969e-04
1.704161406589975816e-04
1.566406728043202498e-04
1.166884504731658229e-07
2.760371322888600218e-05
6.842693473588525085e-08
8.703041923696519981e-08
5.789896497930471266e-03
4.436473160448518182e-05
2.661796597830819969e-05
2.748570068913932054e-04
8.794041574356450855e-05
9.282944218949761212e-05
1.119741455812428002e-03
6.842693473588525085e-08
2.337749936713902959e-05
4.834340935506475277e-05
6.071793656022694960e-04
6.919097536537073859e-05
1.988356874117323163e-04
1.388056643376617153e-04
1.596498882585188378e-04
1.217138405430640870e-03
6.842693473588525085e-08
5.315430585532430162e-03
8.703041923696519981e-08
1.296987903566870327e-05
5.304971535522983982e-07
4.506107230336046379e-05
2.206117816230442888e-04
9.255674927814102379e-05
4.196414335452611092e-04
7.147387105633625707e-05
6.842693473588525085e-08
8.703041923696519981e-08
4.834340935506475277e-05
6.561835195449222365e-05
2.748570068913932054e-04
1.737247055323145294e-03
1.438345303601296934e-04
3.066354043816520852e-02
2.791698562837787863e-07
2.573202917712834130e-05
9.976521905152205651e-05
6.842693473588525085e-08
6.708604562195839317e-03
2.310661729961410667e-05
3.702486385660149287e-06
4.394166037572525388e-06
4.585037167350355671e-06
1.209087167845652842e-04
6.552952019907863949e-05
5.779112764438714463e-04
1.166884504731658229e-07
3.173751088638995061e-04
1.277176807902843425e-05
8.703041923696519981e-08
9.193690318390306925e-05
7.681930914161256227e-07
1.243053073773942897e-02
1.898904103518434200e-04
2.276311796045485896e-05
3.155261765731318981e-03
1.166884504731658229e-07
3.447304173576673210e-04
6.742947924419081461e-06
1.217138405430640870e-03
6.842693473588525085e-08
8.703041923696519981e-08
5.008422550169266702e-05
3.073183860659107515e-03
2.634745380534843947e-05
4.910291652279640462e-04
6.448698956035137738e-08
8.818072286691708067e-04
6.095904471891919093e-06
9.803729544773621897e-05
6.754044004434474335e-03
2.694476437217056773e-05
1.287240180149586306e-02
4.442940520849167005e-03
2.540455448736511399e-05
1.166884504731658229e-07
9.282944218949761212e-05
1.916421809534334228e-04
1.216036878208033621e-03
2.800002481325641131e-04
1.743999454326463641e-04
4.156005179144615398e-05
1.562488908691934035e-07
3.100420190239491883e-05
7.518736838921475513e-03
3.661017352448996690e-05
1.867664307649332048e-05
1.467900647479057456e-02
9.803729544773621897e-05
2.957627859908900270e-04
7.356864689035629403e-04
7.190277380928606060e-04
5.570485692881636851e-04
1.183323253245910557e-04
5.876132861278667610e-05
2.041251915055951187e-06
1.298045868773366510e-04
6.448698956035137738e-08
8.978921208149305035e-05
1.755350717872597227e-04
2.337749936713902959e-05
1.974757433729709343e-06
2.642144945150959583e-03
6.525645888981771933e-04
6.482586366938098430e-04
7.986107277528952449e-05
5.703809876177755626e-05
3.741435085414929321e-05
1.095227364959864939e-02
4.574301346746187906e-05
5.212394586731203467e-05
2.764556321446642189e-05
5.302263373674564149e-04
3.457964729142489878e-03
4.396022004033909816e-06
3.700659904344111772e-05
1.667558347023711377e-05
6.842693473588525085e-08
8.703041923696519981e-08
1.429073644446472536e-05
3.653692255659415672e-04
3.395219903381415890e-04
4.834340935506475277e-05
8.955844518505793825e-05
1.913931907608902811e-04
4.963527056864430890e-06
9.013199038412004864e-04
1.224077909948389665e-05
8.843368007696058089e-03
8.678679808592210240e-05
8.670898518435107144e-03
4.834340935506475277e-05
3.119752984633829897e-05
1.067681035599634120e-04
2.954682780280209727e-04
1.166884504731658229e-07
1.181696430267272695e-04
8.618454060843860334e-06
6.842693473588525085e-08
9.551562881664436872e-07
6.650857966126447956e-06
3.195911619563825330e-04
6.516870624958378199e-05
1.152115922400516424e-04
2.579005927517872455e-07
1.166884504731658229e-07
6.448698956035137738e-08
5.096102067317367350e-06
4.129964886607412127e-04
8.703041923696519981e-08
4.970396634492002530e-03
5.392748264191878169e-04
6.660894820890777765e-05
2.791698562837787863e-07
3.919101553671813710e-07
1.420499168164187850e-03
1.166884504731658229e-07
7.304573055203407020e-06
2.778168972530176096e-04
3.164441165700561604e-04
6.161145837195424388e-06
8.703041923696519981e-08
1.630380248818155599e-03
6.886208680343665301e-04
8.718466754996148085e-04
5.957143717284964094e-06
1.203628565889729305e-05
6.842693473588525085e-08
6.002935567629663312e-05
8.703041923696519981e-08
4.834340935506475277e-05
3.623935957576966183e-04
1.185563562894660373e-04
2.579557530962550953e-04
2.177715428402263956e-04
2.375834819915752786e-05
9.137248536696421187e-04
4.243665742385657378e-04
1.548561918634291101e-01
1.166884504731658229e-07
6.842693473588525085e-08
6.464639646209557582e-06
4.834340935506475277e-05
6.913075894771707436e-05
2.619535394435807107e-05
1.052278765215341203e-04
6.448698956035137738e-08
8.703041923696519981e-08
4.834340935506475277e-05
9.718514157712609828e-04
3.031278200186556665e-04
9.510425453584983027e-04
3.919101553671813710e-07
6.124753669773549203e-06
1.755201237566063693e-05
3.350837289072496256e-05
6.448698956035137738e-08
6.262009858779819685e-05
1.324386446736967610e-03
3.119752984633829897e-05
1.957449033559413760e-04
2.791698562837787863e-07
1.361270255684898366e-04
1.265925742144930999e-05
2.901296055216600483e-05
4.271417289728715637e-05
6.842693473588525085e-08
1.122115029160110280e-04
2.310661729961410667e-05
8.703041923696519981e-08
3.342109529096777467e-04
5.302263373674564149e-04
3.541687066517365391e-06
2.184315182037700723e-05
1.586125011294985465e-05
4.056902012629557915e-05
3.974018180939568076e-04
2.695873532522122980e-05
2.446839062684147799e-05
6.842693473588525085e-08
8.703041923696519981e-08
2.764556321446642189e-05
4.834340935506475277e-05
5.973797299065543336e-05
2.694476437217056773e-05
5.596719366369971578e-06
1.473361211532567386e-05
5.071575202776342850e-04
6.448698956035137738e-08
8.703041923696519981e-08
9.758182812197503274e-04
4.834340935506475277e-05
1.153815750833740814e-04
1.898904103518434200e-04
2.567845001317298399e-04
7.326480348472114840e-05
1.510530416918328630e-05
6.842693473588525085e-08
2.310661729961410667e-05
8.703041923696519981e-08
1.056398452843267691e-04
4.477723498932142422e-03
8.794041574356450855e-05
7.190277380928606060e-04
1.378405414503744777e-02
3.528674291187949206e-06
2.445648942569427810e-03
5.472210642945972317e-05
1.122151911315973338e-04
6.842693473588525085e-08
2.928314541573813143e-04
8.703041923696519981e-08
2.714012967911126270e-03
6.124753669773549203e-06
2.579005927517872455e-07
3.606320326022990387e-03
9.503120489706154227e-06
6.842693473588525085e-08
2.149508781026266563e-05
2.549897968237178555e-04
5.304971535522983982e-07
4.834340935506475277e-05
1.764171697775292766e-04
1.718028869597102467e-04
5.784543488984564058e-04
1.166884504731658229e-07
1.255628048963250345e-04
3.694630881264328510e-04
6.448698956035137738e-08
1.429770601003586871e-04
6.650857966126447956e-06
1.277994587168485453e-03
2.791698562837787863e-07
1.032753600430537372e-04
1.738627314626406167e-04
1.166884504731658229e-07
6.448698956035137738e-08
2.310661729961410667e-05
1.393327418805130228e-05
1.500594530299894660e-04
4.686105579080762813e-03
8.631365664013822010e-04
1.750015250446092848e-05
3.919101553671813710e-07
4.693962674732283700e-04
3.700340247431926823e-03
1.166884504731658229e-07
7.506851145720132788e-07
8.703041923696519981e-08
6.016369864142538344e-06
7.642235641288732989e-05
2.791698562837787863e-07
2.044162575312029491e-04
3.720582991653079586e-04
5.753453101307506173e-04
