1.764663349300356559e-06
2.244804818857948229e-06
9.331775458912710269e-07
1.084447679845278528e-06
1.526632644803932527e-05
3.721515604055530345e-06
1.104383529639924543e-04
2.840085097862567447e-03
1.288047146178263418e-05
4.531641293676797666e-06
1.764663349300356559e-06
7.543147277898778309e-05
6.076811044770838766e-06
1.088338957788292661e-04
1.200593284001056846e-02
2.353876098323205005e-05
4.413884392382886002e-05
7.122034187224480020e-06
7.718730557865423651e-05
9.187853090074725026e-05
2.067217283612065356e-03
1.084447679845278528e-06
2.223530066979466106e-05
2.544105961209742507e-04
1.868100365051674627e-06
5.967712850384244931e-06
6.107647103210824867e-06
1.412810749468684183e-05
1.251230589408330873e-02
2.848380594228693208e-05
2.189687879227375817e-05
1.642341297393422024e-03
1.203607203675095193e-05
6.457646121802171422e-05
4.319556665599590502e-05
4.692178666016087754e-06
1.012626848805953622e-05
8.380277287492051645e-04
2.953391697041666663e-04
3.210219762858448255e-05
2.189687879227375817e-05
3.319011399084823206e-04
3.429981179142244574e-07
5.240594813098331533e-05
3.599587114983497237e-04
1.719576202526346392e-03
4.531641293676797666e-06
1.205712986303498304e-06
2.896543003837518098e-04
1.666240489854135809e-03
1.084447679845278528e-06
6.865894456818241018e-07
3.721515604055530345e-06
3.113175426125668722e-05
5.267505487751846843e-06
8.533186214914108704e-06
1.201111690271226910e-04
2.848380594228693208e-05
8.599486595719054496e-07
2.994228024251552768e-06
2.049698658018389314e-03
2.244804818857948229e-06
3.429981179142244574e-07
2.992786802969675254e-05
3.721515604055530345e-06
2.224456283899336434e-05
4.531641293676797666e-06
1.171075041672053549e-04
5.844765600222005808e-03
6.780584907501678983e-05
1.164227843872287341e-05
1.084447679845278528e-06
5.627369282520963776e-04
1.561389618342795419e-04
1.314602453495650207e-06
1.279354654894055126e-04
4.646615366278017807e-05
1.012626848805953622e-05
4.444043777484149821e-05
4.435936354967319993e-04
1.073382803536306046e-04
2.012129102615490064e-02
1.656354123914446580e-05
2.255757567582699954e-05
5.074770942973635509e-07
9.270831147944390239e-04
1.288047146178263418e-05
4.719166976827795634e-04
8.180077404098526472e-06
4.531641293676797666e-06
6.123567270825491394e-06
6.348768789635130993e-06
5.024386306038170977e-03
2.505097001389056357e-05
4.445904182610336744e-05
4.389420857229554265e-04
2.848380594228693208e-05
4.242481321471450005e-05
1.833312547889064345e-05
1.210670340493277441e-05
7.543147277898778309e-05
4.319556665599590502e-05
7.443196699258756380e-04
1.394617937587077509e-05
3.974449040753105069e-06
2.287372573886336971e-05
9.270831147944390239e-04
5.992574799848194265e-03
7.975280755865030245e-04
4.745328633333447852e-05
3.442087911171036624e-06
2.244804818857948229e-06
1.258576405990177416e-05
6.277763957932660217e-07
7.069885642440774335e-04
6.194585150627470143e-05
2.848380594228693208e-05
3.429601282319751782e-04
1.401197822183741955e-03
4.469015638922973776e-06
1.829612749683065401e-03
2.950773735024550715e-06
2.223530066979466106e-05
4.319556665599590502e-05
1.073382803536306046e-04
6.865894456818241018e-07
1.191196465447455326e-02
4.531641293676797666e-06
1.710048007550219330e-04
3.745011277513588736e-04
6.865894456818241018e-07
1.334944394052892764e-03
1.210670340493277441e-05
1.598283663213718574e-03
2.240115881182235349e-05
1.601202523501871384e-05
1.866517429170722471e-05
1.321795163976326089e-06
8.698952811564690697e-07
2.316211617122444766e-04
7.096392547249097849e-05
2.950773735024550715e-06
4.413884392382886002e-05
2.068609161996586292e-04
3.210219762858448255e-05
4.251055502295484641e-05
1.872775975779701965e-04
5.179098726003770374e-04
1.397196029337193770e-03
4.104701671935172421e-04
1.931237016815575769e-03
2.647379341754021510e-04
3.538996315484334711e-04
4.714165981967597770e-06
6.277763957932660217e-07
3.599587114983497237e-04
9.899123069702796311e-06
7.122034187224480020e-06
8.180077404098526472e-06
4.456811940033389985e-06
1.764663349300356559e-06
2.719021411928912815e-04
1.538709283246261382e-03
7.543147277898778309e-05
7.319833739808659269e-06
2.857656472322761740e-06
9.098359631198735947e-03
4.989440696901932818e-06
8.195925361521440669e-05
3.721515604055530345e-06
2.285407480640730993e-05
5.428850053133942597e-04
6.076811044770838766e-06
2.869665485628297399e-05
8.180077404098526472e-06
4.531641293676797666e-06
3.702145250190683710e-04
9.879510952899290925e-05
2.939183415381155251e-05
3.779371285472490750e-06
3.742731060322041642e-03
2.244804818857948229e-06
5.357405857073640337e-03
3.599587114983497237e-04
7.122034187224480020e-06
2.848380594228693208e-05
4.456811940033389985e-06
1.700575619070288021e-05
1.502310810739819382e-04
2.037695528889476443e-05
1.144741212455252998e-05
4.141505002854145702e-06
2.335436274905614880e-05
3.721515604055530345e-06
1.721283136747345580e-02
1.252045427853960591e-05
2.279240769483352176e-05
7.797738652264504384e-07
1.807366319854772959e-04
8.180077404098526472e-06
4.953179606018361678e-05
7.909118266155662155e-05
3.375326149826305279e-05
4.692178666016087754e-06
1.868100365051674627e-06
1.629954014994299016e-05
4.251055502295484641e-05
4.689078498601857671e-04
5.945529871197571998e-05
6.166140314306258613e-03
9.687773973834437353e-04
2.129287181092859998e-03
1.166589241909798658e-05
5.375663351024604925e-04
2.275729202595187527e-06
2.135514857646440945e-05
6.865894456818241018e-07
1.012626848805953622e-05
2.016628495226627073e-05
2.287372573886336971e-05
2.275729202595187527e-06
8.486619663958045988e-06
3.599587114983497237e-04
2.848380594228693208e-05
3.838789781235193944e-04
4.531641293676797666e-06
1.772163041761491351e-02
9.977078293346721923e-05
2.550633942518623978e-02
5.364221751978034275e-03
2.244804818857948229e-06
1.960168395013614053e-06
2.950773735024550715e-06
4.319325207172626004e-04
7.337414784367334994e-06
6.277763957932660217e-07
6.194585150627470143e-05
3.599587114983497237e-04
8.496825835536352784e-05
3.210219762858448255e-05
1.048959875101848453e-02
2.647379341754021510e-04
6.348768789635130993e-06
1.016743642978620290e-03
3.599587114983497237e-04
1.629954014994299016e-05
1.103296600983891701e-06
4.435936354967319993e-04
4.251055502295484641e-05
1.565501669026422165e-04
9.687773973834437353e-04
2.275729202595187527e-06
1.868100365051674627e-06
2.335436274905614880e-05
1.672006461819149974e-06
1.033510498127879294e-03
7.122034187224480020e-06
5.380955354963460951e-04
7.116392880730910107e-04
4.531641293676797666e-06
2.244804818857948229e-06
3.608828860132941638e-05
1.084447679845278528e-06
2.353467886910438358e-04
5.594133638853799669e-06
4.692178666016087754e-06
3.721515604055530345e-06
1.412810749468684183e-05
2.848380594228693208e-05
8.180077404098526472e-06
3.429981179142244574e-07
1.903837351512378653e-06
4.989440696901932818e-06
1.629954014994299016e-05
9.093029941817210677e-04
2.224456283899336434e-05
7.436694944187613454e-02
4.531641293676797666e-06
4.456811940033389985e-06
3.595472556002302089e-02
1.164227843872287341e-05
1.077106492325769979e-03
6.076811044770838766e-06
8.553050367996777232e-05
3.567997318792343616e-06
1.672006461819149974e-06
5.091014006807785071e-07
1.065277774871143540e-04
2.848380594228693208e-05
4.456811940033389985e-06
1.536262867523971459e-05
1.145707844286029611e-05
1.084447679845278528e-06
3.138701967074193980e-05
2.791833244241040662e-03
4.692178666016087754e-06
1.252045427853960591e-05
8.533186214914108704e-06
2.536170533923387625e-03
5.187900186486796988e-04
3.709199478668882867e-06
2.244804818857948229e-06
3.138701967074193980e-05
6.865894456818241018e-07
6.107647103210824867e-06
1.205712986303498304e-06
4.456811940033389985e-06
3.693222546494688823e-04
1.013321915138826179e-04
2.147619956886756462e-05
3.429981179142244574e-07
1.084447679845278528e-06
1.198482058055038053e-03
3.138701967074193980e-05
2.931311614795314730e-03
4.714165981967597770e-06
1.526632644803932527e-05
3.599587114983497237e-04
6.107647103210824867e-06
1.288047146178263418e-05
3.319011399084823206e-04
2.244804818857948229e-06
7.337414784367334994e-06
4.714165981967597770e-06
3.721515604055530345e-06
1.672006461819149974e-06
4.789410105372336502e-05
7.828657213742870396e-05
1.792823198184379093e-05
5.198168721758505148e-04
5.679496098748367620e-06
2.223530066979466106e-05
5.689936441721028039e-05
1.394617937587077509e-05
8.533186214914108704e-06
1.187066137504969032e-02
1.288047146178263418e-05
1.616029801802520700e-04
4.251055502295484641e-05
1.840125358991613093e-05
3.442087911171036624e-06
3.756962631236382909e-04
4.319325207172626004e-04
2.275729202595187527e-06
1.868100365051674627e-06
1.656354123914446580e-05
1.561241786608932609e-04
7.242026355527224997e-04
2.240115881182235349e-05
1.024386577202984797e-05
1.164227843872287341e-05
4.745066591381225281e-05
9.331775458912710269e-07
2.950773735024550715e-06
2.135514857646440945e-05
1.414555262282807043e-05
1.412810749468684183e-05
2.840085097862567447e-03
1.288047146178263418e-05
1.311323438751704796e-05
1.764663349300356559e-06
8.728680812457076388e-03
3.429981179142244574e-07
3.899483172602875814e-04
1.656354123914446580e-05
2.217041975998120863e-04
2.848380594228693208e-05
8.453249088352695739e-04
1.067559043181429219e-05
2.174365849734394491e-04
1.868520907500646142e-05
3.429981179142244574e-07
4.435210985199476773e-05
3.616885730234121511e-05
8.533186214914108704e-06
2.848380594228693208e-05
7.068714088605214559e-03
1.210670340493277441e-05
1.710048007550219330e-04
2.392482987011762541e-02
4.745066591381225281e-05
5.828512585151239198e-04
2.950773735024550715e-06
3.558156182474596114e-06
1.020436238927289140e-04
3.617524374327927741e-06
3.438301780264991364e-02
1.833312547889064345e-05
4.531641293676797666e-06
3.107284477267510431e-04
2.134642866905691130e-05
1.084447679845278528e-06
6.348768789635130993e-06
9.098359631198735947e-03
6.194585150627470143e-05
1.288047146178263418e-05
2.848380594228693208e-05
3.550382267562411149e-05
4.531641293676797666e-06
3.779371285472490750e-06
3.366109606864331647e-06
3.249481070944144467e-03
1.084447679845278528e-06
1.676973240510955991e-04
1.314602453495650207e-06
1.253150410532327115e-05
3.599587114983497237e-04
8.533186214914108704e-06
4.435936354967319993e-04
2.953391697041666663e-04
4.266274496051230408e-02
1.960168395013614053e-06
2.016628495226627073e-05
9.983377125778549236e-05
5.179098726003770374e-04
4.456811940033389985e-06
6.647188148373231454e-05
2.462179074498950298e-04
2.339638961910505144e-06
2.994228024251552768e-06
9.331775458912710269e-07
5.375663351024604925e-04
1.308357117634379460e-04
2.099218897980937519e-04
3.257238244161393985e-05
1.419226031086511398e-03
8.180077404098526472e-06
1.137777022396818286e-04
4.033620151357286861e-03
1.700575619070288021e-05
3.709199478668882867e-06
6.092670977142294712e-03
1.278654477727666934e-05
6.865894456818241018e-07
1.412810749468684183e-05
1.334944394052892764e-03
8.180077404098526472e-06
7.070925783705421454e-05
3.696889107084202721e-05
8.599486595719054496e-07
2.950773735024550715e-06
3.138701967074193980e-05
4.649982630564790812e-06
1.699500560773194169e-02
6.865894456818241018e-07
3.599587114983497237e-04
7.828657213742870396e-05
2.724759434231554416e-06
8.385818632654240155e-04
4.242481321471450005e-05
1.286878160099682244e-04
2.275729202595187527e-06
2.643436586052075072e-05
1.974970760709061218e-03
1.833312547889064345e-05
1.205712986303498304e-06
2.617492353408819045e-04
5.990434842912518159e-06
3.228779480075533777e-03
3.095369346143703648e-05
3.429981179142244574e-07
2.647379341754021510e-04
2.950773735024550715e-06
8.986720965130137718e-06
1.868100365051674627e-06
5.091014006807785071e-07
2.224456283899336434e-05
3.550382267562411149e-05
7.546931770887887754e-05
9.902717262471545157e-05
6.478853616479575200e-04
5.792130436652394461e-05
1.500646231056344641e-05
4.141505002854145702e-06
1.012626848805953622e-05
1.174235394031376959e-05
6.116982319067422096e-06
7.122034187224480020e-06
8.180077404098526472e-06
6.016136660186684887e-03
9.687773973834437353e-04
9.331775458912710269e-07
2.478387794497359693e-03
1.073382803536306046e-04
9.667815431787010253e-06
7.718730557865423651e-05
6.957680519048953498e-04
1.840079787718806848e-04
4.728862476543664248e-03
5.990434842912518159e-06
1.868520907500646142e-05
3.429981179142244574e-07
8.404053139377643629e-05
2.353467886910438358e-04
1.258576405990177416e-05
6.076811044770838766e-06
9.248414728043838915e-04
1.868100365051674627e-06
1.088338957788292661e-04
1.805272852453574869e-04
3.429981179142244574e-07
2.185905772679377218e-05
2.223530066979466106e-05
3.091478481588501190e-05
3.721515604055530345e-06
2.624252421619375011e-02
4.435936354967319993e-04
8.180077404098526472e-06
3.693222546494688823e-04
4.699867192913519294e-03
5.313005592523313636e-06
1.166589241909798658e-05
3.429981179142244574e-07
1.084447679845278528e-06
6.273935518250095848e-04
3.138701967074193980e-05
1.868100365051674627e-06
1.012626848805953622e-05
1.523180918205994374e-03
2.396295819315152561e-04
4.823186385695355324e-05
1.164227843872287341e-05
7.543147277898778309e-05
3.083408230344684238e-04
4.319556665599590502e-05
1.942393482831244328e-03
1.314602453495650207e-06
3.599587114983497237e-04
5.028440001820795835e-05
3.974449040753105069e-06
3.709199478668882867e-06
3.319011399084823206e-04
3.651916861830208777e-02
2.330652027898832393e-04
5.074770942973635509e-07
3.282594099316811726e-04
8.453249088352695739e-04
4.531641293676797666e-06
1.210670340493277441e-05
2.339638961910505144e-06
5.679496098748367620e-06
3.249950585839800145e-06
1.526632644803932527e-05
3.721515604055530345e-06
3.673303898547023078e-04
4.377081343724540725e-05
3.718226908529640340e-04
3.975424296819550924e-05
7.394882632029385616e-02
8.477284374769393982e-05
1.628034265199234106e-05
4.319556665599590502e-05
2.103611842377398652e-04
6.129924207972229418e-04
4.692178666016087754e-06
3.721515604055530345e-06
2.312023429050564030e-03
7.122034187224480020e-06
2.693191486793086904e-03
8.380226768793536812e-04
7.340244178146301476e-05
8.781150818698198743e-05
9.371076774003337070e-06
2.131853195097207297e-05
3.257238244161393985e-05
3.441105468577435473e-05
1.137777022396818286e-04
4.531641293676797666e-06
1.067559043181429219e-05
2.457420356734703791e-06
7.096392547249097849e-05
1.084447679845278528e-06
3.393541312557659794e-03
5.267505487751846843e-06
7.149413190708657549e-05
5.091014006807785071e-07
1.583051822191031924e-04
1.649323738995198108e-04
6.771050748377154547e-05
2.524504219648937824e-04
3.844676598375213395e-06
3.599587114983497237e-04
4.377081343724540725e-05
1.311323438751704796e-05
1.440687014245266057e-04
4.311696403619664743e-05
3.200462847240461843e-05
1.433925246268898698e-06
4.925656232685774122e-04
1.492998198226883456e-06
4.593792461721945587e-03
2.245240711286352291e-06
1.778266462721790977e-04
3.150190097288698370e-05
2.857656472322761740e-06
1.868100365051674627e-06
1.526632644803932527e-05
6.678441127594170494e-05
3.599587114983497237e-04
1.672006461819149974e-06
1.984617753573270316e-05
7.543147277898778309e-05
6.076811044770838766e-06
5.817463433410995392e-05
1.012626848805953622e-05
3.113175426125668722e-05
1.595138068858144461e-04
7.797738652264504384e-07
6.720136108271146424e-04
7.122034187224480020e-06
3.709199478668882867e-06
1.966812721526575540e-03
7.096392547249097849e-05
6.443367605718267293e-05
1.171151581813121846e-04
4.319325207172626004e-04
3.280321353595068532e-05
4.790514791446681740e-05
3.721515604055530345e-06
5.091014006807785071e-07
1.764663349300356559e-06
2.719021411928912815e-04
4.319556665599590502e-05
1.314602453495650207e-06
6.865894456818241018e-07
1.301066463481032227e-03
2.346277894868424932e-04
4.877537503816018784e-03
1.399251335851760692e-04
1.012964782352025178e-05
2.244804818857948229e-06
3.429981179142244574e-07
1.084447679845278528e-06
3.160488091468581252e-05
8.986720965130137718e-06
6.076811044770838766e-06
6.865894456818241018e-07
3.721515604055530345e-06
7.706512855184045917e-05
8.496825835536352784e-05
8.781150818698198743e-05
7.389490055853539319e-04
1.868100365051674627e-06
8.982658627426235234e-03
4.893412906841164423e-04
3.974449040753105069e-06
1.802573523946576089e-04
3.429601282319751782e-04
1.473482067358624324e-02
1.601202523501871384e-05
7.096392547249097849e-05
6.865894456818241018e-07
8.195925361521440669e-05
1.608785398612940290e-04
2.279240769483352176e-05
4.435936354967319993e-04
4.456811940033389985e-06
7.414747816153815715e-04
1.026832052896296078e-05
1.041863983301087549e-03
1.487070786182398117e-05
2.223530066979466106e-05
1.523180918205994374e-03
1.656354123914446580e-05
7.718730557865423651e-05
1.210670340493277441e-05
1.096920082446954972e-05
3.184349678870029474e-04
1.459383380386841894e-03
8.599486595719054496e-07
3.249481070944144467e-03
1.931237016815575769e-03
3.429981179142244574e-07
3.786504691098797112e-03
3.249950585839800145e-06
1.694822202351873067e-04
4.790514791446681740e-05
1.200593284001056846e-02
2.279240769483352176e-05
6.301428980024612221e-04
1.516313250572508525e-03
3.319011399084823206e-04
6.398443295263462954e-04
1.164227843872287341e-05
9.852395548860160186e-05
6.277763957932660217e-07
3.599587114983497237e-04
2.206869518908861357e-05
8.533186214914108704e-06
8.180077404098526472e-06
9.331775458912710269e-07
4.714165981967597770e-06
2.135514857646440945e-05
8.533186214914108704e-06
2.848380594228693208e-05
2.224456283899336434e-05
4.039294455907112757e-04
4.104701671935172421e-04
2.032962729654731954e-04
4.642528704082793872e-05
2.640911489571025773e-03
4.714165981967597770e-06
3.818148241492148058e-06
3.721515604055530345e-06
8.533186214914108704e-06
8.496825835536352784e-05
2.346277894868424932e-04
4.531641293676797666e-06
7.375311480150158628e-04
5.604595228690228406e-05
1.764663349300356559e-06
2.049698658018389314e-03
1.209660694053487631e-03
4.912511616982313594e-04
5.375663351024604925e-04
9.667815431787010253e-06
1.842059259629317126e-04
3.599587114983497237e-04
2.131853195097207297e-05
2.346277894868424932e-04
1.764663349300356559e-06
1.166589241909798658e-05
3.429981179142244574e-07
4.989440696901932818e-06
1.012626848805953622e-05
8.977136566195534028e-06
1.413189464402895721e-03
4.311749265372872252e-03
9.510442261649174793e-04
4.531641293676797666e-06
2.245240711286352291e-06
2.209087789086229287e-03
3.138701967074193980e-05
2.353467886910438358e-04
2.953391697041666663e-04
2.875796890730004203e-04
2.174365849734394491e-04
2.769226334718550252e-04
1.797297422553316068e-04
8.403427555461093722e-05
3.429981179142244574e-07
8.404053139377643629e-05
1.253150410532327115e-05
1.526632644803932527e-05
5.091014006807785071e-07
4.456811940033389985e-06
2.743436920338593072e-05
8.599486595719054496e-07
1.039135927186801326e-04
2.994228024251552768e-06
2.449538860390732854e-03
2.795942476024942532e-05
4.141505002854145702e-06
1.656354123914446580e-05
8.935530244717934895e-05
7.718730557865423651e-05
6.862064114255659073e-06
8.629382354532219232e-03
4.531641293676797666e-06
1.096920082446954972e-05
1.278654477727666934e-05
1.960168395013614053e-06
1.447178109824316715e-04
2.225474038914594506e-05
4.692178666016087754e-06
3.721515604055530345e-06
3.214864464891257329e-04
1.976828005759458367e-04
1.629954014994299016e-05
2.932406435150597662e-04
2.226528903567723543e-04
2.244804818857948229e-06
3.429981179142244574e-07
2.950773735024550715e-06
2.938321517207132243e-05
3.923462778917528870e-02
4.692178666016087754e-06
3.818148241492148058e-06
3.721515604055530345e-06
1.103296600983891701e-06
3.084792188915139356e-05
1.278654477727666934e-05
6.348768789635130993e-06
4.692178666016087754e-06
6.865894456818241018e-07
8.533186214914108704e-06
1.445617942431253215e-03
2.848380594228693208e-05
8.180077404098526472e-06
5.439517910674795172e-04
5.679496098748367620e-06
7.349912502250428858e-03
2.244804818857948229e-06
1.274280461315923209e-04
5.624309635800307217e-06
4.319556665599590502e-05
9.786378870672852971e-05
7.706512855184045917e-05
4.435936354967319993e-04
2.224456283899336434e-05
1.424404233932583582e-04
1.676973240510955991e-04
4.714165981967597770e-06
6.865894456818241018e-07
8.219454309495513589e-04
1.792823198184379093e-05
3.005413357530889458e-06
3.208045708132250293e-04
2.224456283899336434e-05
8.091093191105733825e-05
2.244804818857948229e-06
5.809155405331607562e-04
7.337414784367334994e-06
8.412964816170225794e-04
1.314602453495650207e-06
1.659469617583248999e-02
2.287372573886336971e-05
3.837818938346060252e-04
4.531641293676797666e-06
1.205712986303498304e-06
4.146578474887114489e-04
1.523180918205994374e-03
2.383104315872713061e-05
5.175310506957670040e-05
1.629954014994299016e-05
9.510442261649174793e-04
1.751310290459764376e-03
1.596445557087518199e-03
4.456811940033389985e-06
1.103788188686642691e-02
2.244804818857948229e-06
1.960168395013614053e-06
2.449538860390732854e-03
3.844676598375213395e-06
2.960824969990766408e-05
5.962010051479047596e-04
1.523180918205994374e-03
2.287372573886336971e-05
7.718730557865423651e-05
6.299945210505097449e-04
6.038461384210666062e-03
9.331775458912710269e-07
1.274280461315923209e-04
3.818148241492148058e-06
3.599587114983497237e-04
1.629954014994299016e-05
9.270831147944390239e-04
1.511188072399510807e-02
4.531641293676797666e-06
1.261905102746298348e-05
3.429981179142244574e-07
1.734272769876790546e-04
4.692178666016087754e-06
2.656152582001141457e-04
8.533186214914108704e-06
1.288047146178263418e-05
2.880308055424686043e-04
2.030507472605356514e-04
4.531641293676797666e-06
8.091093191105733825e-05
3.429981179142244574e-07
8.781150818698198743e-05
4.714165981967597770e-06
1.279354654894055126e-04
1.721595168502197248e-03
2.833166266152987683e-05
1.446739258387560317e-04
3.113205748220839418e-04
5.965191254924256947e-04
8.549011705689945833e-06
1.084447679845278528e-06
3.996491871272583722e-04
6.865894456818241018e-07
5.091014006807785071e-07
4.435936354967319993e-04
3.441105468577435473e-05
2.848380594228693208e-05
1.237214783997562281e-04
4.531641293676797666e-06
2.182068670585118528e-04
3.721515604055530345e-06
2.383104315872713061e-05
8.958981840995295732e-04
7.122034187224480020e-06
1.068330697476778602e-04
2.420567559391565453e-06
2.994228024251552768e-06
9.931902254397956525e-04
3.779371285472490750e-06
9.086559909710774721e-03
2.244804818857948229e-06
4.745066591381225281e-05
8.781150818698198743e-05
2.135514857646440945e-05
6.865894456818241018e-07
1.976828005759458367e-04
1.412810749468684183e-05
4.955374766834090387e-03
4.531641293676797666e-06
1.068330697476778602e-04
2.321550754921180321e-05
3.138701967074193980e-05
6.076811044770838766e-06
6.277763957932660217e-07
2.135514857646440945e-05
3.567997318792343616e-06
1.792823198184379093e-05
1.288047146178263418e-05
7.122034187224480020e-06
9.627062971713260886e-04
2.244804818857948229e-06
1.960168395013614053e-06
1.084447679845278528e-06
1.868100365051674627e-06
3.113175426125668722e-05
2.287372573886336971e-05
9.990806759867332330e-04
6.862064114255659073e-06
7.126735188942137688e-05
1.496934453964286196e-04
2.492624832475453934e-06
1.073382803536306046e-04
6.678441127594170494e-05
1.100234464203612354e-04
2.848380594228693208e-05
4.242481321471450005e-05
8.091093191105733825e-05
1.068330697476778602e-04
5.990434842912518159e-06
1.939224318810262056e-05
5.624309635800307217e-06
1.676973240510955991e-04
8.986720965130137718e-06
1.253150410532327115e-05
9.728009608245313436e-06
1.526632644803932527e-05
7.149413190708657549e-05
1.994986230837839699e-04
5.074770942973635509e-07
4.435936354967319993e-04
8.254829611823287657e-05
2.275729202595187527e-06
6.865894456818241018e-07
3.721515604055530345e-06
3.599587114983497237e-04
1.792823198184379093e-05
1.427091352600342710e-03
1.431211121390567895e-03
2.848380594228693208e-05
1.231732571266977933e-05
1.764663349300356559e-06
1.960168395013614053e-06
1.868100365051674627e-06
2.335436274905614880e-05
4.171188665195774050e-05
1.629954014994299016e-05
1.427091352600342710e-03
7.681521111590306839e-04
8.499802315059607405e-04
1.250179143572961793e-05
5.624309635800307217e-06
6.809917428746226423e-03
2.028093514429953000e-05
8.808245650775407441e-04
1.332833893755702975e-03
4.456811940033389985e-06
8.091093191105733825e-05
7.916043116695642130e-06
8.599486595719054496e-07
1.440687014245266057e-04
2.285407480640730993e-05
3.319011399084823206e-04
8.254829611823287657e-05
1.960168395013614053e-06
3.538996315484334711e-04
1.134611185978041774e-03
1.385813436968251575e-04
3.721515604055530345e-06
1.288047146178263418e-05
2.848380594228693208e-05
2.924188227794070834e-05
7.096392547249097849e-05
1.166589241909798658e-05
3.429981179142244574e-07
3.599587114983497237e-04
9.236933514506226537e-05
8.180077404098526472e-06
6.862064114255659073e-06
8.091093191105733825e-05
4.114221978397118767e-05
1.240185560633385621e-02
6.865894456818241018e-07
4.413884392382886002e-05
1.100234464203612354e-04
4.531641293676797666e-06
1.067559043181429219e-05
5.945529871197571998e-05
2.945845960177180599e-04
8.599486595719054496e-07
2.994228024251552768e-06
