4.541634042701466915e-05
2.671547765716891397e-04
2.518967013404424696e-07
2.136874909553853843e-06
4.433426500645321975e-06
2.527293748867930553e-05
1.464282213934766527e-05
9.722526869226735089e-06
8.385585086694660490e-05
1.079494669695412985e-05
4.043884978957293638e-06
5.752077707859505249e-05
2.518967013404424696e-07
5.404050748390294782e-05
6.578550173350289701e-05
1.792372202311130348e-05
1.545982844249134711e-05
1.109964319093405738e-04
3.527957171750398878e-06
2.012104641612932494e-06
1.710276019714614272e-06
8.541731579852553666e-04
9.916056880072830526e-06
6.847475587412259028e-04
2.756228241256816565e-05
1.367436773215810224e-05
1.830877597504704420e-03
4.176816344181410285e-06
8.969963242972215048e-06
1.637890354753434067e-04
1.969775588541217333e-04
2.738210108010944222e-06
1.863690150751711502e-04
5.065641698162942565e-05
8.489374035216273268e-06
8.385585086694660490e-05
1.332624664630244963e-04
3.433156461632953780e-06
2.269674982736336814e-05
2.652721915924593360e-04
4.541634042701466915e-05
5.752077707859505249e-05
1.510927305493649593e-05
5.277256146757760985e-06
1.385543732786050154e-05
2.298345582200468640e-03
5.425545894899033798e-05
2.880825165377402038e-04
5.842142536710446842e-06
2.534714230398590209e-06
7.575324472004999152e-07
4.521145761059829077e-05
2.518967013404424696e-07
5.212322902071709566e-04
8.149888496727901449e-06
3.253257865389599356e-06
1.109964319093405738e-04
4.875295549882461359e-06
2.900487294885149055e-03
1.074354458670289873e-05
4.521145761059829077e-05
6.756264596677272205e-06
8.910965203250115598e-04
4.433426500645321975e-06
1.154265845689246274e-04
1.668507198738566750e-05
9.722526869226735089e-06
6.815580932155214519e-05
2.216219291926125375e-03
5.794023717782289775e-05
1.652359875614774479e-06
8.541731579852553666e-04
5.836300884105010144e-05
9.105903882838576159e-04
3.933115536732535384e-06
7.597457219812037556e-05
3.457510048391654440e-06
1.829298564501211928e-06
4.117361569498485200e-04
6.602039874463340311e-05
4.521145761059829077e-05
1.621491079682157977e-04
2.132097023122033592e-05
7.642923083016517252e-06
9.443699984199451954e-07
2.756228241256816565e-05
5.917734587749985822e-05
6.628376973570357408e-06
7.134188778545837323e-06
6.705325504075174657e-03
2.449218440770040792e-06
4.433426500645321975e-06
1.154265845689246274e-04
1.376760305943510080e-05
4.132117486538953417e-06
9.645207936841827915e-07
4.011813066454392044e-05
1.173055716485873963e-04
2.136879200625951849e-05
2.827845052262807960e-04
7.575324472004999152e-07
5.752077707859505249e-05
1.452885282542227359e-04
4.433426500645321975e-06
1.706225514389694999e-05
1.334055804228509369e-04
1.355057713175876202e-06
1.008355571227323802e-04
1.435998681536091468e-04
2.153372711945167285e-04
2.024462525475246471e-05
4.521145761059829077e-05
1.863690150751711502e-04
1.418021495509490065e-06
1.385543732786050154e-05
3.400996069251993994e-05
8.093686610041377170e-06
1.332624664630244963e-04
3.253257865389599356e-06
4.677305915300658382e-04
7.222758150217870174e-04
8.925270129091668102e-07
6.021775325339299897e-05
1.688224723351365903e-05
9.443699984199451954e-07
9.645207936841827915e-07
1.475384171015906238e-03
5.371438482433471209e-06
5.208326534972675540e-06
8.969963242972215048e-06
2.684147206993144635e-06
1.344235270522009696e-06
4.433426500645321975e-06
7.437182618183347027e-06
3.445764167656829071e-05
2.756228241256816565e-05
1.493684440164619819e-04
7.129009286340654490e-06
8.969963242972215048e-06
5.187150003027501038e-05
7.575324472004999152e-07
4.541634042701466915e-05
1.688224723351365903e-05
1.940725662734963910e-05
5.940718420524202480e-04
2.756228241256816565e-05
1.679100268570909429e-04
8.110511822657351991e-07
1.015695067981932378e-05
1.578716122758500699e-05
5.752077707859505249e-05
5.023448308622206586e-03
1.398593030586853014e-05
6.018185893994613153e-05
1.712214071860093223e-05
1.944542323164834388e-06
5.371438482433471209e-06
2.418279199139553113e-03
6.226062022027027373e-05
6.398731923037969142e-04
8.240262753370794177e-06
5.752077707859505249e-05
4.753700085035201237e-04
8.093686610041377170e-06
5.060990913998428103e-06
3.620720479181438711e-05
2.269674982736336814e-05
1.548849769106508793e-06
1.539094200252784806e-05
4.066732453684106084e-05
7.575324472004999152e-07
1.522347242937560326e-03
1.271139157755769857e-06
8.541731579852553666e-04
1.779319638569597147e-05
2.136874909553853843e-06
9.395314688627607778e-05
1.334055804228509369e-04
2.022004186261444784e-06
6.819449947328270486e-06
1.218571935009156622e-02
1.376760305943510080e-05
1.237889533733979586e-03
6.906654613634252216e-05
1.020761971971878492e-04
4.117361569498485200e-04
3.708243115521753469e-05
2.534714230398590209e-06
3.114246306316505108e-06
4.347201547097482762e-06
5.803195115398958387e-06
4.541634042701466915e-05
4.621107117117067729e-04
3.844970233963693976e-05
8.725090591414305809e-06
2.885069488389696395e-04
1.079494669695412985e-05
2.880825165377402038e-04
1.829298564501211928e-06
2.291170845378064785e-03
7.575324472004999152e-07
4.019637398290852289e-04
4.482860490908460126e-06
4.588071230157154121e-05
9.722526869226735089e-06
2.756228241256816565e-05
1.541760257610991482e-05
4.066732453684106084e-05
9.190256217799071205e-06
4.300685266057200861e-06
7.575324472004999152e-07
4.541634042701466915e-05
4.521145761059829077e-05
5.404050748390294782e-05
1.706225514389694999e-05
1.281943693264080109e-04
2.376868449291938315e-05
2.180628054955537068e-07
7.129009286340654490e-06
5.882348889007050835e-04
9.509940631245254050e-06
4.521145761059829077e-05
5.212322902071709566e-04
6.021775325339299897e-05
1.357047971873480028e-03
3.288263102820309178e-06
2.022004186261444784e-06
1.793066491541776513e-05
2.479685604557773228e-04
8.969963242972215048e-06
7.575324472004999152e-07
1.969775588541217333e-04
5.212322902071709566e-04
6.021775325339299897e-05
9.443699984199451954e-07
7.707830111981672674e-05
9.645207936841827915e-07
2.756228241256816565e-05
2.022004186261444784e-06
4.880745156429611668e-05
9.509940631245254050e-06
7.321686531961880571e-04
8.975381114868488848e-05
2.408023414591142146e-04
7.707830111981672674e-05
2.880825165377402038e-04
1.539094200252784806e-05
8.969963242972215048e-06
1.994359226395376030e-05
5.244963247227446036e-03
6.456242005295859078e-04
2.518967013404424696e-07
2.238402859436747151e-04
2.527293748867930553e-05
9.371450130535691713e-06
2.756228241256816565e-05
1.944542323164834388e-06
1.545982844249134711e-05
1.109964319093405738e-04
2.650773325780521171e-05
6.751211695986322195e-05
2.825414237596229413e-06
3.820622592859724284e-04
8.725090591414305809e-06
2.376868449291938315e-05
2.012104641612932494e-06
8.969963242972215048e-06
2.534714230398590209e-06
1.213482774652524843e-06
2.885643586369974974e-06
8.505605623083152482e-06
4.541634042701466915e-05
5.404050748390294782e-05
1.883633468694468336e-05
7.215089746856556089e-05
4.482860490908460126e-06
7.642923083016517252e-06
9.443699984199451954e-07
1.204262111912061267e-04
9.645207936841827915e-07
8.925270129091668102e-07
6.021775325339299897e-05
1.309810347363103129e-05
7.707830111981672674e-05
6.795892715597535538e-06
2.375422703060699366e-04
2.180628054955537068e-07
4.117361569498485200e-04
2.259473292870178360e-05
8.969963242972215048e-06
4.541634042701466915e-05
4.521145761059829077e-05
4.462473103073830182e-04
5.415539984821704393e-06
2.298374416137985508e-04
3.933115536732535384e-06
7.707830111981672674e-05
8.385585086694660490e-05
7.590708567831683197e-04
1.595856772750282661e-06
1.077794556439933736e-05
6.958646816566306067e-06
4.514113722799804212e-05
1.712214071860093223e-05
7.437182618183347027e-06
9.722526869226735089e-06
1.793066491541776513e-05
2.819082225800066243e-03
2.012104641612932494e-06
3.708243115521753469e-05
2.555295532033327079e-03
4.614080563980001187e-05
1.668507198738566750e-05
5.887226839267861244e-06
5.208326534972675540e-06
1.672609478293181773e-06
2.900487294885149055e-03
4.451742922877840101e-06
2.153372711945167285e-04
4.300685266057200861e-06
1.385543732786050154e-05
2.535448733011559763e-05
4.505784937040738605e-04
9.722526869226735089e-06
5.460604459537819234e-03
2.012104641612932494e-06
8.969963242972215048e-06
1.108077825980172248e-05
2.409979409313845432e-03
2.740529710160753139e-06
6.958646816566306067e-06
6.755911000569561965e-06
6.578550173350289701e-05
3.650012332614779609e-05
1.278508014336036960e-05
2.180628054955537068e-07
4.117361569498485200e-04
2.012104641612932494e-06
1.444036470830636519e-03
5.056794109903108364e-06
4.433426500645321975e-06
1.385543732786050154e-05
6.575788040050139041e-05
5.060768616617435748e-06
1.079494669695412985e-05
5.208326534972675540e-06
1.717225484954759612e-06
2.012104641612932494e-06
4.422231681014511187e-06
2.740529710160753139e-06
1.759501001582788503e-06
5.404050748390294782e-05
3.401885011742553110e-04
5.836300884105010144e-05
1.418021495509490065e-06
9.443699984199451954e-07
6.578550173350289701e-05
9.645207936841827915e-07
1.225082095190592033e-05
2.880825165377402038e-04
4.541634042701466915e-05
2.671547765716891397e-04
3.319518630886924568e-06
1.385543732786050154e-05
1.557184202053526123e-03
8.215404034756316738e-06
4.777697847897882893e-05
2.756228241256816565e-05
8.991668919149575474e-07
1.079494669695412985e-05
7.679412486684468486e-05
7.707830111981672674e-05
1.881786038374615242e-06
1.320202848937340376e-05
8.969963242972215048e-06
2.153372711945167285e-04
2.740529710160753139e-06
3.830690409704742272e-06
4.396393580135819659e-05
5.488207139868375717e-03
4.541634042701466915e-05
7.222758150217870174e-04
4.433426500645321975e-06
9.068422659572112395e-05
6.328359442826544511e-04
1.565573296535490181e-03
5.187281713026495534e-06
1.453417367255556288e-05
1.699719478045484377e-05
7.965344997479706584e-07
2.518967013404424696e-07
3.452340404511872082e-05
9.162137028488959232e-05
4.482860490908460126e-06
2.760828216462527483e-04
1.765982048971526256e-06
2.012104641612932494e-06
8.969963242972215048e-06
4.451742922877840101e-06
3.314157876503594700e-07
5.142551905434802370e-06
2.518967013404424696e-07
7.891352433351065938e-05
6.578550173350289701e-05
8.991668919149575474e-07
1.793066491541776513e-05
4.117361569498485200e-04
8.969963242972215048e-06
4.226670838226032610e-05
1.994359226395376030e-05
5.404050748390294782e-05
6.213574330219588159e-06
4.433426500645321975e-06
1.154265845689246274e-04
7.707830111981672674e-05
9.645207936841827915e-07
2.756228241256816565e-05
9.540998342602349187e-07
4.117361569498485200e-04
1.283106770671548134e-05
1.778062554160646583e-03
2.518967013404424696e-07
6.055549002019230617e-03
6.755911000569561965e-06
2.527293748867930553e-05
8.935692725003495311e-06
2.661176556661206402e-05
3.253257865389599356e-06
2.180628054955537068e-07
1.015695067981932378e-05
6.985872143980352122e-04
4.521145761059829077e-05
8.925270129091668102e-07
5.404050748390294782e-05
3.820622592859724284e-04
2.627409864481216142e-04
2.671252593802393917e-06
4.433426500645321975e-06
2.749742938077826254e-03
1.034391821353047056e-04
7.575324472004999152e-07
1.218571935009156622e-02
4.521145761059829077e-05
6.213574330219588159e-06
1.398492663036176864e-01
9.722526869226735089e-06
1.793066491541776513e-05
1.595856772750282661e-06
2.216219291926125375e-03
2.052142924882345573e-05
2.684147206993144635e-06
1.418021495509490065e-06
1.635932656039928914e-04
6.815580932155214519e-05
1.042939342764497961e-05
1.829298564501211928e-06
7.987692743591992409e-05
3.179617143002855739e-05
1.259522371119011289e-03
6.742973670284429285e-04
5.404050748390294782e-05
2.449218440770040792e-06
6.021775325339299897e-05
5.887226839267861244e-06
6.815580932155214519e-05
4.054504427883596183e-03
2.880825165377402038e-04
1.927732563457306347e-03
1.074354458670289873e-05
7.987692743591992409e-05
4.541634042701466915e-05
2.518967013404424696e-07
9.703091262384995288e-06
3.650012332614779609e-05
1.717225484954759612e-06
2.012104641612932494e-06
1.798823330309102999e-05
2.153372711945167285e-04
4.422231681014511187e-06
6.803628686952716432e-04
4.019637398290852289e-04
1.710276019714614272e-06
5.277256146757760985e-06
8.149888496727901449e-06
7.707830111981672674e-05
6.578550173350289701e-05
2.022004186261444784e-06
2.167582542914688775e-04
2.374888286595455145e-01
7.987692743591992409e-05
3.308174811800956199e-04
7.437182618183347027e-06
1.334055804228509369e-04
1.793066491541776513e-05
3.643847677475645633e-06
8.969963242972215048e-06
7.468326122195482857e-04
3.314157876503594700e-07
1.908610335214014895e-04
1.602887461511820402e-04
1.969775588541217333e-04
5.404050748390294782e-05
1.712214071860093223e-05
6.881824982175085208e-06
2.022004186261444784e-06
2.087597526172372663e-03
2.375422703060699366e-04
2.012104641612932494e-06
8.969963242972215048e-06
7.748625609506667176e-05
1.271139157755769857e-06
9.283305234019490916e-06
4.433426500645321975e-06
6.018185893994613153e-05
1.706225514389694999e-05
9.645207936841827915e-07
3.771438350674778716e-05
1.927732563457306347e-03
1.375390433879833872e-05
9.190256217799071205e-06
5.185711137630352834e-06
8.093686610041377170e-06
3.242083706193167407e-04
2.756228241256816565e-05
3.580867944813124847e-05
1.278508014336036960e-05
8.110511822657351991e-07
1.025277519856288358e-02
2.153372711945167285e-04
3.830690409704742272e-06
4.058690429238271579e-05
5.752077707859505249e-05
2.518967013404424696e-07
8.910965203250115598e-04
3.540178436230125345e-05
2.718689603133285283e-06
1.635932656039928914e-04
1.944542323164834388e-06
2.661176556661206402e-05
6.819449947328270486e-06
4.043884978957293638e-06
2.671547765716891397e-04
2.825414237596229413e-06
1.863690150751711502e-04
1.907755466625941140e-04
7.651708137658869789e-06
9.645207936841827915e-07
6.815580932155214519e-05
2.756228241256816565e-05
2.648884020352236841e-05
2.684147206993144635e-06
5.752077707859505249e-05
9.443699984199451954e-07
5.060768616617435748e-06
1.334055804228509369e-04
7.155559437243100012e-06
3.457509264374297839e-05
5.208326534972675540e-06
8.110511822657351991e-07
4.176816344181410285e-06
8.568386093707035939e-05
1.448387540717322436e-06
5.950070467144803375e-06
4.614080563980001187e-05
8.725090591414305809e-06
6.707853260885535719e-06
1.470035097951697442e-04
2.180628054955537068e-07
7.797144170087307784e-05
2.534714230398590209e-06
4.541634042701466915e-05
4.482860490908460126e-06
7.707830111981672674e-05
9.722526869226735089e-06
9.171209247254553628e-05
1.717225484954759612e-06
2.188136839322079466e-05
2.534714230398590209e-06
9.190256217799071205e-06
8.142905801106398744e-07
7.575324472004999152e-07
4.541634042701466915e-05
1.779319638569597147e-05
5.098309828313543764e-05
9.068422659572112395e-05
3.933115536732535384e-06
1.079494669695412985e-05
3.253257865389599356e-06
2.534714230398590209e-06
5.377221920287777253e-05
4.019637398290852289e-04
1.418021495509490065e-06
3.614561073927471642e-04
6.707853260885535719e-06
1.792372202311130348e-05
4.777697847897882893e-05
1.723960916530153926e-06
5.842142536710446842e-06
5.794023717782289775e-05
1.900780060539892515e-04
4.521145761059829077e-05
9.038209777647457453e-04
3.890263234465142809e-05
6.815580932155214519e-05
3.457509264374297839e-05
1.672609478293181773e-06
7.987692743591992409e-05
2.534714230398590209e-06
1.213482774652524843e-06
2.885643586369974974e-06
4.521145761059829077e-05
3.319518630886924568e-06
3.158020583049752917e-05
6.286514986836611875e-05
3.933115536732535384e-06
7.707830111981672674e-05
2.545341873939775185e-05
1.367436773215810224e-05
1.578716122758500699e-05
2.667096293458455153e-06
5.060990913998428103e-06
1.042939342764497961e-05
2.619754746516981996e-05
6.790777089422266742e-06
5.460604459537819234e-03
8.969963242972215048e-06
9.190256217799071205e-06
1.908610335214014895e-04
3.605339690669743559e-04
4.991121910594331548e-04
1.927817808684994909e-03
4.132117486538953417e-06
7.707830111981672674e-05
9.645207936841827915e-07
3.580867944813124847e-05
1.173055716485873963e-04
1.349855970505799007e-05
1.015695067981932378e-05
1.074274112486024464e-04
5.173142131969942284e-03
5.142551905434802370e-06
4.541634042701466915e-05
4.433426500645321975e-06
1.154265845689246274e-04
6.707853260885535719e-06
7.707830111981672674e-05
1.723960916530153926e-06
3.650012332614779609e-05
3.253257865389599356e-06
1.793066491541776513e-05
9.068422659572112395e-05
2.049730969651391828e-04
9.443699984199451954e-07
5.060768616617435748e-06
4.496426462913271255e-05
2.022004186261444784e-06
3.527957171750398878e-06
1.208508560009560751e-02
2.012104641612932494e-06
7.797144170087307784e-05
3.308174811800956199e-04
3.346045189584907319e-06
1.016643886687565158e-04
3.771438350674778716e-05
1.320202848937340376e-05
2.052142924882345573e-05
1.444036470830636519e-03
4.092889191499478059e-05
1.850248836099399597e-04
2.980811598323745146e-06
1.371011834984209876e-05
5.404050748390294782e-05
5.581439676164298702e-03
7.155559437243100012e-06
6.614764866482073890e-05
2.417572390540167514e-05
2.929926264467695679e-06
1.471153489269715455e-03
2.495842549662379158e-04
5.685030187283872643e-04
4.541634042701466915e-05
2.518967013404424696e-07
5.950070467144803375e-06
1.688224723351365903e-05
9.443699984199451954e-07
9.645207936841827915e-07
1.822436406003008426e-04
5.842142536710446842e-06
4.117361569498485200e-04
2.153372711945167285e-04
1.969775588541217333e-04
4.019637398290852289e-04
5.404050748390294782e-05
1.621491079682157977e-04
2.059832547531916555e-04
2.666705221759661966e-04
9.722526869226735089e-06
5.917734587749985822e-05
1.927732563457306347e-03
2.192019322642766989e-05
9.509940631245254050e-06
1.969775588541217333e-04
9.443699984199451954e-07
9.722526869226735089e-06
8.215404034756316738e-06
1.611127118463157645e-03
2.269674982736336814e-05
1.595856772750282661e-06
1.015695067981932378e-05
7.531673096294735166e-05
5.752077707859505249e-05
2.518967013404424696e-07
5.212322902071709566e-04
4.433426500645321975e-06
9.645207936841827915e-07
4.777697847897882893e-05
7.564864719486784957e-04
3.253257865389599356e-06
1.679100268570909429e-04
5.460604459537819234e-03
4.541634042701466915e-05
6.258507874863448572e-04
4.433426500645321975e-06
1.385543732786050154e-05
1.376760305943510080e-05
1.706225514389694999e-05
9.645207936841827915e-07
9.395314688627607778e-05
6.819449947328270486e-06
4.117361569498485200e-04
2.518967013404424696e-07
2.449218440770040792e-06
1.662424685850411423e-03
1.385543732786050154e-05
9.443699984199451954e-07
3.050260827680512186e-04
5.371438482433471209e-06
1.778133511664946868e-05
1.493684440164619819e-04
9.544589030043169325e-07
2.671547765716891397e-04
2.518967013404424696e-07
4.753700085035201237e-04
4.514113722799804212e-05
2.406535785606096734e-05
9.395314688627607778e-05
2.648884020352236841e-05
1.793066491541776513e-05
1.010667996931547790e-04
7.318189588181333075e-05
5.752077707859505249e-05
5.836300884105010144e-05
3.156470928539942180e-03
1.464282213934766527e-05
1.332624664630244963e-04
9.544589030043169325e-07
1.619424848195786344e-03
7.531673096294735166e-05
1.578716122758500699e-05
2.885643586369974974e-06
2.684147206993144635e-06
5.752077707859505249e-05
4.753700085035201237e-04
3.933115536732535384e-06
6.328359442826544511e-04
9.722526869226735089e-06
1.778133511664946868e-05
1.595856772750282661e-06
1.205556838385298836e-04
6.602039874463340311e-05
5.803195115398958387e-06
4.541634042701466915e-05
5.752077707859505249e-05
2.410943388796522239e-04
6.076379467360064519e-03
9.363167377472824196e-03
3.933115536732535384e-06
9.137675169013384719e-04
6.578550173350289701e-05
8.489374035216273268e-06
4.433426500645321975e-06
7.922550938747276899e-06
7.707830111981672674e-05
4.777697847897882893e-05
2.666061355313612888e-05
1.020761971971878492e-04
9.544589030043169325e-07
1.002720127895512653e-01
2.012104641612932494e-06
1.909908746188242093e-04
4.541634042701466915e-05
5.752077707859505249e-05
5.404050748390294782e-05
7.132542612712245702e-04
4.514113722799804212e-05
1.668507198738566750e-05
2.406535785606096734e-05
2.063346236273702406e-06
4.982027301907736478e-05
6.602039874463340311e-05
1.969775588541217333e-04
7.891352433351065938e-05
3.933115536732535384e-06
1.533022141605049397e-04
1.334055804228509369e-04
1.058629084729161070e-05
2.387291538184575183e-03
2.633831433339348248e-05
2.885643586369974974e-06
1.654076246446174216e-03
2.671547765716891397e-04
2.449218440770040792e-06
1.398593030586853014e-05
3.066676061722151161e-06
1.154265845689246274e-04
4.482860490908460126e-06
9.443699984199451954e-07
1.334055804228509369e-04
3.771438350674778716e-05
4.117361569498485200e-04
5.803195115398958387e-06
4.521145761059829077e-05
1.385543732786050154e-05
4.484892937102336126e-06
1.706225514389694999e-05
6.707853260885535719e-06
7.707830111981672674e-05
9.722526869226735089e-06
8.604230864823091596e-05
6.795892715597535538e-06
7.575324472004999152e-07
1.832221287304519998e-03
7.707830111981672674e-05
2.756228241256816565e-05
4.606978618307082363e-04
1.672609478293181773e-06
1.927732563457306347e-03
2.650773325780521171e-05
2.534714230398590209e-06
2.153372711945167285e-04
7.506575400270118839e-04
1.643469671730474202e-01
3.844970233963693976e-05
7.891352433351065938e-05
1.239455837963502715e-04
1.671904070977704715e-03
1.094442352405644287e-05
1.332624664630244963e-04
5.371438482433471209e-06
1.778133511664946868e-05
7.575324472004999152e-07
1.385543732786050154e-05
7.785491907416947424e-03
1.412894715271062453e-05
3.022244600868289376e-05
3.457510048391654440e-06
1.793066491541776513e-05
2.180628054955537068e-07
4.176816344181410285e-06
8.969963242972215048e-06
5.142551905434802370e-06
2.612179389196348997e-02
4.521145761059829077e-05
1.621491079682157977e-04
1.723960916530153926e-06
1.152625240732585603e-05
2.216219291926125375e-03
2.012104641612932494e-06
8.997274422159269290e-06
1.578716122758500699e-05
4.541634042701466915e-05
3.491079016270216308e-03
9.722526869226735089e-06
4.496426462913271255e-05
3.346045189584907319e-06
5.371438482433471209e-06
4.117361569498485200e-04
2.188136839322079466e-05
7.531673096294735166e-05
2.534714230398590209e-06
4.541634042701466915e-05
2.518967013404424696e-07
9.283305234019490916e-06
9.443699984199451954e-07
4.384775348889105042e-04
2.165691807086141216e-04
1.366679012515124771e-05
9.190256217799071205e-06
2.964461847809750404e-04
3.830690409704742272e-06
2.518967013404424696e-07
5.950070467144803375e-06
2.671252593802393917e-06
1.385543732786050154e-05
8.093686610041377170e-06
5.189341688088382345e-05
8.215404034756316738e-06
2.756228241256816565e-05
1.595856772750282661e-06
4.660706625497708887e-03
8.120269203129021470e-04
1.671904070977704715e-03
9.722526869226735089e-06
4.698688366810175270e-05
5.210055657228400937e-03
6.602039874463340311e-05
1.942414896082663028e-05
2.153372711945167285e-04
5.099547379061031543e-04
5.340157637520795335e-06
4.541634042701466915e-05
2.671547765716891397e-04
4.462473103073830182e-04
4.960644734395971907e-05
1.779319638569597147e-05
2.718689603133285283e-06
7.891352433351065938e-05
9.513614176074710791e-05
9.443699984199451954e-07
3.445764167656829071e-05
1.068551752242097655e-03
5.020316563654011156e-06
6.559182183929171850e-05
7.901401995910115180e-04
2.756228241256816565e-05
7.220731992724152212e-03
1.723960916530153926e-06
1.793066491541776513e-05
2.525951150187091869e-05
8.794105583906865653e-05
4.043884978957293638e-06
4.541634042701466915e-05
4.521145761059829077e-05
3.826203161117421622e-04
4.132117486538953417e-06
5.060768616617435748e-06
1.334055804228509369e-04
2.022004186261444784e-06
9.540998342602349187e-07
4.117361569498485200e-04
2.684147206993144635e-06
1.271139157755769857e-06
7.794848731386686729e-04
6.018185893994613153e-05
4.000007442550941941e-03
9.395314688627607778e-05
3.650012332614779609e-05
1.173055716485873963e-04
8.110511822657351991e-07
4.117361569498485200e-04
7.575324472004999152e-07
4.521145761059829077e-05
5.404050748390294782e-05
1.509048341443757629e-03
5.415539984821704393e-06
6.286514986836611875e-05
4.132117486538953417e-06
7.707830111981672674e-05
2.545341873939775185e-05
1.434140085870491688e-04
7.575324472004999152e-07
1.015287871733744135e-03
2.518967013404424696e-07
7.707830111981672674e-05
1.881786038374615242e-06
8.969963242972215048e-06
2.534714230398590209e-06
1.465150326940146665e-05
1.525741565394174784e-03
3.314157876503594700e-07
5.752077707859505249e-05
1.344235270522009696e-06
7.707830111981672674e-05
2.885069488389696395e-04
8.991668919149575474e-07
1.793066491541776513e-05
1.140280747283404367e-02
4.176816344181410285e-06
1.578716122758500699e-05
1.444036470830636519e-03
4.541634042701466915e-05
1.759501001582788503e-06
3.443520182883273457e-03
9.443699984199451954e-07
7.707830111981672674e-05
9.371450130535691713e-06
5.009518896977261044e-05
1.942414896082663028e-05
8.142905801106398744e-07
4.821848283286422394e-05
2.455631238391461739e-03
1.197675211576944808e-04
1.907755466625941140e-04
3.130583311155259722e-05
8.935692725003495311e-06
9.722526869226735089e-06
1.793066491541776513e-05
2.180628054955537068e-07
4.122464711985832677e-05
1.074274112486024464e-04
