5.407181027929492428e-07
7.401313613312774449e-05
8.627282338668925375e-04
1.101517944530472056e-03
2.772300244878548323e-05
1.221795110109818094e-03
1.218945026041320249e-05
6.356514914318775488e-06
1.685969609558595275e-02
2.104815018936017853e-04
1.055155857913180225e-04
1.205974175715612481e-03
2.363979347891374339e-04
1.033068225131573590e-03
3.759155257868343133e-03
5.046466852825518858e-03
5.022248677592198757e-05
3.591422941526500575e-05
8.948352961917403715e-04
1.211216485068648211e-04
9.164776971628300570e-05
3.956370488847309869e-05
1.404446103063966980e-07
7.713273632195751406e-06
2.506406133489901943e-04
6.586886958679927646e-06
8.359329548812317076e-05
5.956443936582584071e-05
8.761265518832534729e-05
7.382995997246898177e-04
2.775759326390894494e-04
1.404446103063966980e-07
7.713273632195751406e-06
1.574874911213931992e-05
3.242618749457801654e-04
1.221795110109818094e-03
6.470003326806073281e-07
7.866398330354932488e-06
2.189806675523772343e-05
5.862934468074200748e-05
2.290027300934347585e-05
1.427421283546839769e-03
4.006438310423366235e-04
2.153852799072218771e-05
5.096122087432217087e-05
5.846592497255439147e-04
4.005152163933732145e-04
6.356514914318775488e-06
7.866398330354932488e-06
6.856544826633691029e-05
2.116929280499023198e-05
2.326886005435496035e-03
1.285962955515713296e-02
8.583858846491011546e-05
3.943521877244095253e-04
3.727994422291275832e-03
3.391378057250012877e-05
8.202161038891347931e-07
5.841537760648072685e-05
8.963752468119907761e-05
3.544525785626222365e-04
1.404446103063966980e-07
8.967553980122399489e-05
2.230310734686774982e-05
6.470003326806073281e-07
1.038806415186222426e-04
5.085723164191191352e-03
2.106946484265970630e-06
7.637211163052505612e-04
3.801210612177444848e-05
3.480414252945047564e-05
1.180750176687409383e-04
3.112631894061111421e-03
3.627812887743454276e-05
6.099351180196687251e-05
2.153852799072218771e-05
1.127275095073361087e-04
3.380678466942549647e-04
1.918850935907741924e-04
2.866326353102635588e-07
2.577565323834181968e-06
7.794802580221700744e-04
7.120455500851611786e-06
2.256553861376906905e-05
5.320130836356712139e-04
6.356514914318775488e-06
2.709607607720441666e-02
1.987508550898782239e-04
7.511527447766368952e-05
4.393388939065398003e-05
2.247464740340167442e-04
8.201728332689563379e-05
2.429066696560320507e-04
4.894369234049351619e-06
1.531148190999377309e-03
9.098944596399844255e-05
2.709368145894665465e-03
2.421950143489289794e-06
2.009872006097409623e-05
8.054248405451139111e-06
2.290619874408275582e-05
7.794802580221700744e-04
5.210735243562905281e-03
1.404446103063966980e-07
5.155826463863609176e-06
5.656199932473251872e-05
5.875432939262600896e-05
1.309047316150022019e-06
1.956256448606777601e-05
1.427274127492969818e-03
5.407181027929492428e-07
3.759354561133725872e-04
1.404446103063966980e-07
7.902696281637670069e-05
2.242558920187996999e-04
9.364982990513347322e-06
2.739715733904594312e-04
2.534060428237258676e-04
7.995770477594164085e-06
1.351429447718948309e-06
1.823113487801335958e-04
2.409832911706767417e-04
1.505791801380662596e-06
6.013391927136590466e-04
1.614073586923213773e-05
5.397110633334837516e-06
3.591422941526500575e-05
6.356514914318775488e-06
6.276281950402381668e-04
3.390697036608250311e-04
5.916474322775642711e-04
5.064632331754529782e-04
4.775975831313105605e-04
2.328332699107783099e-05
7.861237545749155263e-06
2.961621470253492398e-04
3.398592125569856355e-03
3.940873597819647962e-04
4.628203513653342521e-04
6.470003326806073281e-07
8.386822767517567630e-06
6.142268486633346673e-03
1.020525648595154789e-03
8.359329548812317076e-05
1.650696315664959340e-04
1.221795110109818094e-03
1.670117942980836904e-04
6.179821693716768330e-03
3.290496435140421430e-05
4.025185185523795815e-06
8.470005016612189557e-04
1.824574351191522075e-04
2.349438262985517340e-04
8.202161038891347931e-07
4.165976196528691595e-05
5.956443936582584071e-05
2.356616771317488253e-06
1.947929016864220081e-04
1.309047316150022019e-06
3.367308726303098490e-06
2.884479600724598511e-05
3.486571792396203715e-04
3.591422941526500575e-05
9.969517669609009536e-06
1.587037629003399406e-03
2.866326353102635588e-07
4.299247451216719226e-04
4.666066471941040519e-05
1.351429447718948309e-06
5.844710919466143120e-04
2.396326127504071263e-06
2.466897258249371296e-05
1.286285181256317540e-03
1.309047316150022019e-06
5.872222958820331008e-06
1.841637104718653792e-05
5.651928050944814846e-04
1.560512297167147806e-05
2.730156747909652864e-05
4.879061013829320996e-06
1.846647751487728254e-04
2.200753521244185138e-05
8.944685843052920188e-04
6.200382658834897875e-05
1.701732733918109516e-04
1.346619538008834657e-04
4.455902710994795565e-04
5.956443936582584071e-05
2.356616771317488253e-06
1.777178900721945840e-04
8.296493113546472625e-05
2.775759326390894494e-04
7.713273632195751406e-06
5.155826463863609176e-06
6.816230483731554866e-05
3.454780738981523829e-04
7.644809650924282813e-05
2.224540018253157452e-04
1.543708653707317279e-06
5.634171373108824753e-04
7.035875361430034584e-04
1.729496066138923511e-04
8.172557971848694617e-04
2.958927981162658041e-04
1.221795110109818094e-03
4.645868038482531796e-05
7.677064851888696024e-05
2.435052529159267886e-04
6.629332387754326099e-06
1.663515182650523950e-04
3.345536098179565333e-06
6.651881312567356829e-06
1.404446103063966980e-07
2.884479600724598511e-05
1.221795110109818094e-03
1.316292275644223566e-05
6.411251958641288828e-05
3.957053034339483983e-05
7.322978556170930985e-05
1.158620119234336342e-03
7.120455500851611786e-06
2.414807675525531443e-04
1.489709988765293299e-05
3.522666899604994374e-04
8.596366600818374632e-05
6.084016092688358541e-04
1.218945026041320249e-05
6.356514914318775488e-06
6.614557574171592942e-04
2.484998877729315168e-05
2.400203982177406386e-05
4.074467776543875554e-04
6.064482408527133854e-06
1.793658257538059513e-04
1.221795110109818094e-03
9.765013025780175263e-05
4.052775743284695725e-03
1.101980308565388725e-04
2.247261085101026463e-05
1.093542734842401854e-03
1.319910043862081378e-03
8.024235685058461298e-06
7.713273632195751406e-06
1.395463908256438157e-04
2.484434575421723824e-04
9.718434172282479756e-05
3.695472545964665397e-04
6.356514914318775488e-06
4.474437333193763107e-04
6.470003326806073281e-07
4.468074503421191933e-04
8.642557954963476933e-04
1.657814535287289125e-04
2.007324907279988552e-03
5.155826463863609176e-06
1.454010307212639109e-04
1.593056679499281958e-03
3.367308726303098490e-06
2.433268727675600915e-03
1.352448855654693283e-05
2.116929280499023198e-05
3.941821786687875842e-04
7.123609809170635483e-05
8.943193811407557569e-05
4.339159358009056500e-02
2.036523012878376632e-04
2.247261085101026463e-05
1.305837562301371060e-03
2.356616771317488253e-06
6.176909194845062786e-05
1.483715635920387468e-05
6.064482408527133854e-06
7.151453789601553682e-05
2.203061414261245289e-04
7.558716115599176978e-04
6.065489572824378696e-05
6.470003326806073281e-07
1.922449177759993748e-04
1.309047316150022019e-06
3.367308726303098490e-06
1.367012527458069269e-04
1.314385879979108364e-02
3.267431103213250991e-04
2.558992740995700513e-05
8.024235685058461298e-06
1.647255739461436557e-04
9.454458025151056370e-04
8.202161038891347931e-07
1.897806809894826454e-06
2.780985475245706035e-05
2.836899611654820701e-06
2.396326127504071263e-06
7.713273632195751406e-06
2.070914258489438709e-03
2.747513153892750795e-04
8.202161038891347931e-07
4.455902710994795565e-04
4.235300107714296523e-06
2.247683240856869057e-03
1.536217331957879725e-02
1.440565927017139526e-05
1.227717363593249173e-03
3.864107011832989592e-05
1.259058442600183899e-04
1.544482219493074123e-03
5.746339094099159691e-05
1.401824574706428362e-03
3.963795388968152818e-04
4.296485782765991084e-04
3.883176169281584746e-03
3.345536098179565333e-06
6.651881312567356829e-06
6.146618175966035269e-06
8.019438327747374911e-07
7.713273632195751406e-06
5.155826463863609176e-06
4.894369234049351619e-06
3.681721481568041516e-04
8.202161038891347931e-07
1.846470875426947525e-03
8.024235685058461298e-06
2.583859910018452828e-04
5.096122087432217087e-05
1.655169899954729888e-04
1.812756244368069240e-04
3.907030378608212519e-04
6.470003326806073281e-07
1.718807977593796209e-04
1.813001933314656528e-04
1.980951164400037313e-03
4.927293891446657284e-04
1.211441399781839588e-05
1.087079036443168922e-03
1.404446103063966980e-07
5.075041274792997789e-05
2.884479600724598511e-05
6.376133683404006970e-04
9.368043328893623542e-06
7.178709631177309701e-06
1.335889073779338090e-05
1.979678710952913418e-04
2.396326127504071263e-06
5.241807116896590138e-05
4.053670634526131827e-04
2.042148937637765314e-03
4.223394436149423704e-05
3.380678466942549647e-04
6.356514914318775488e-06
6.470003326806073281e-07
5.872222958820331008e-06
2.669252777081478154e-04
1.406614396600701920e-04
2.866326353102635588e-07
1.737955101424958765e-02
9.465594151682150481e-05
6.756859612181754550e-05
1.158620119234336342e-03
5.333462443331511498e-05
1.649937360597453705e-06
2.873626520120497596e-06
5.155826463863609176e-06
4.645868038482531796e-05
3.367613379046515760e-05
3.695472545964665397e-04
4.455902710994795565e-04
3.249337538003972247e-04
2.389497373854735339e-03
6.470003326806073281e-07
1.040593194265376033e-04
1.043129824774511336e-03
4.206648743454468567e-05
1.477463703770357305e-05
1.221795110109818094e-03
1.905461762466500138e-05
8.054248405451139111e-06
3.145253429197095597e-03
2.987289918808416246e-03
7.601110717971818445e-06
6.228997591372342215e-05
3.656974685145375015e-05
1.404446103063966980e-07
1.292118335853296486e-04
1.016826785061388603e-05
8.232190245840970534e-04
7.039657985235644099e-04
5.106006925552039914e-04
6.314780725534123755e-05
1.351429447718948309e-06
2.322050965265344159e-05
1.397442526345980731e-03
2.231514166492593360e-05
6.140717132373887423e-04
2.463067509737861791e-06
1.081369461408886352e-03
8.576893129410706473e-04
5.464928855204121902e-04
2.523103648387221758e-05
5.956443936582584071e-05
1.224085218787764246e-04
2.451046691399385025e-01
2.668808812260796491e-05
7.080426175001316060e-06
4.894369234049351619e-06
1.443455883097965098e-04
1.825416600774298751e-04
6.470003326806073281e-07
5.365416933100524604e-04
1.699182866354481247e-03
1.179427807990214397e-05
1.980951164400037313e-03
5.065387390968538494e-05
5.155826463863609176e-06
7.364741457250721830e-05
5.237303355830040140e-04
4.554697952268146953e-04
8.202161038891347931e-07
1.335889073779338090e-05
4.715662565306813860e-05
5.402354578786427232e-05
5.956443936582584071e-05
2.290619874408275582e-05
2.230386748848678271e-04
1.477463703770357305e-05
8.761265518832534729e-05
9.005248279983611178e-06
6.761307466409621032e-04
4.435830928514930126e-05
7.803154295078236204e-06
3.367308726303098490e-06
2.646571824328427012e-05
4.099239620068407391e-03
7.485309717604582522e-05
7.120455500851611786e-06
7.713273632195751406e-06
6.604877011244468781e-04
7.101703399948378515e-05
7.062241824164601717e-04
3.515935522238878940e-05
5.470454328466538285e-04
1.179427807990214397e-05
2.836899611654820701e-06
4.535455698896835483e-05
1.193470287576877943e-04
1.701865203695301942e-04
2.042148937637765314e-03
6.356514914318775488e-06
2.899787734640048905e-03
6.470003326806073281e-07
6.629332387754326099e-06
7.803154295078236204e-06
7.120455500851611786e-06
3.545282420681116538e-04
3.075806527936155289e-05
7.713273632195751406e-06
5.155826463863609176e-06
3.705045564576279517e-03
9.394765560358498118e-04
1.040885054624579646e-04
4.588622170038787187e-04
2.813237618071488627e-06
3.370629502862862346e-06
5.065387390968538494e-05
1.150518925936082045e-05
3.483053070534800473e-05
8.923637924640948820e-05
1.016260283987980488e-04
3.695472545964665397e-04
1.309047316150022019e-06
5.508695350333922655e-05
2.106946484265970630e-06
1.844544033037987972e-04
4.367116358940344775e-04
8.972971708974088797e-04
3.650844822734957730e-04
2.312466062710674761e-03
6.470003326806073281e-07
2.905060621664277455e-03
1.309047316150022019e-06
1.294214704016952849e-02
3.360375665615397082e-03
3.581581514357320864e-04
6.946913685142142546e-04
2.890660067400403362e-05
2.444252015177061053e-04
2.618828047830520055e-04
1.614073586923213773e-05
1.421736949685800970e-03
2.543662029522829738e-04
2.908844568283397935e-04
1.845872294250059094e-05
5.407181027929492428e-07
1.228984027497272060e-03
5.330554463065834310e-04
6.924035386761526927e-04
2.771907377348001474e-03
7.746789627379677281e-06
2.084487982969286093e-04
1.285962955515713296e-02
9.005248279983611178e-06
7.032620606889066758e-06
7.713273632195751406e-06
1.390811243014357379e-03
2.506513714026350559e-04
2.136112019576273777e-04
6.064482408527133854e-06
1.489709988765293299e-05
7.422363267028871418e-04
6.511502565051668391e-03
8.202161038891347931e-07
1.543708653707317279e-06
9.295992402315335064e-05
1.413485964668551850e-05
3.859137345923761721e-06
2.583859910018452828e-04
5.322092891678709223e-04
4.894369234049351619e-06
3.654382146527594141e-05
1.066255320765154566e-03
2.470814789777637166e-04
1.697554780481699821e-04
5.407181027929492428e-07
9.921209328631287662e-05
4.775975831313105605e-04
9.723562317534100813e-06
1.965218900639901329e-04
3.137203902463881676e-05
2.827037379711656016e-04
1.110642965375222723e-04
8.054248405451139111e-06
6.510226204523402371e-05
7.713273632195751406e-06
4.028509371124700412e-04
2.849824286101881182e-02
1.221795110109818094e-03
2.843009558697977279e-04
9.765013025780175263e-05
1.391808097511695787e-03
5.535203432732088485e-04
1.075474779853878050e-02
1.528926778111858479e-03
1.186920549280491777e-04
7.950486606929503498e-04
2.759930024091902367e-04
6.174134568813839955e-04
7.080426175001316060e-06
7.944937734295459309e-06
1.099725143734602744e-03
9.005248279983611178e-06
6.057372298975275332e-05
6.889606098120001215e-04
4.957452278574825746e-04
1.192295190386938319e-03
6.146618175966035269e-06
1.404446103063966980e-07
1.381399266523861309e-03
8.202161038891347931e-07
7.866398330354932488e-06
1.105886813120486744e-05
3.494578725164092323e-04
3.342356389188737005e-04
1.989901661443215170e-04
1.468193817619572160e-04
3.544213235040316688e-04
1.450429058058319641e-04
2.913822779738326147e-04
2.987927750563113753e-04
2.925354493621911377e-04
2.242558920187996999e-04
1.309047316150022019e-06
2.672958899729563874e-03
2.348422721571275624e-04
3.890685858069410138e-06
2.303591046892735207e-04
5.155826463863609176e-06
1.380730922078634464e-04
3.695376981733102038e-04
5.956443936582584071e-05
2.419085437653766815e-04
1.519917532365170593e-05
1.309047316150022019e-06
1.049368040557190594e-03
5.065387390968538494e-05
1.000218093931690074e-04
1.221795110109818094e-03
1.704990127780960541e-04
8.507485167614698110e-06
7.665438066732829228e-04
8.379898280585846432e-03
3.801503093099009724e-05
7.770423005242067620e-05
1.166354527129054498e-04
1.072350200057384793e-04
2.275130834144794677e-04
1.092841345144415950e-02
3.654382146527594141e-05
1.221795110109818094e-03
2.138062223549496983e-04
1.476974428210682446e-04
5.578008138767785859e-05
4.509027603027171606e-05
3.894148651422167456e-04
1.008373636471290294e-03
2.017924053340181163e-03
3.939985193609654257e-04
2.203292091195734008e-06
2.182734457788290000e-04
2.647281958291903647e-04
2.058171783995480647e-03
3.858904880568469917e-05
6.356514914318775488e-06
1.771320813567788687e-05
6.146618175966035269e-06
2.463067509737861791e-06
1.232433636546960117e-03
2.371345726077502881e-05
6.441182911317160266e-06
2.704268526697104348e-04
1.587037629003399406e-03
2.267076056489156861e-04
3.341150751400309791e-04
6.261447077380933376e-05
7.827050287662855722e-05
8.024235685058461298e-06
6.099351180196687251e-05
1.465804405244369116e-04
4.964829574894966732e-04
3.750265186326457378e-05
2.363013500220633215e-04
6.470003326806073281e-07
2.137499185056579822e-04
1.424384738183782414e-06
1.153983697949447287e-05
3.627812887743454276e-05
2.616497242362592090e-04
8.161886265911308548e-06
4.688280881488191405e-05
4.170478892271478957e-04
4.170800867895624325e-05
8.901217038350455954e-03
2.318146422440935626e-03
1.468970556103732939e-04
4.584863332754026511e-06
5.867178665213569876e-05
2.060186081876822756e-05
2.257512752160989889e-04
4.965359601917717573e-05
1.609886174095781454e-04
1.221795110109818094e-03
4.520016901551521010e-04
6.470003326806073281e-07
4.218217118959035673e-04
2.768334331089411429e-03
1.150493314470990742e-03
4.693567502661368657e-02
5.139500848924160106e-04
5.561865646484580940e-05
7.059271692470023372e-05
1.841637104718653792e-05
7.650771330350753267e-04
5.695287814183033542e-04
5.613159294997158860e-05
7.688330876373750751e-05
9.171957809921339093e-06
2.631633042486406865e-05
4.220331976241854517e-05
6.326163483063634494e-05
1.188706523106593713e-05
6.470003326806073281e-07
1.845669070970148290e-02
5.671718005117472707e-05
1.823113487801335958e-04
1.062252576400046474e-04
1.605162843399059180e-03
1.390811243014357379e-03
9.093060517407662103e-05
5.487905827716682040e-03
4.064570137690560331e-04
8.582161236525171779e-05
2.895688906166563208e-05
2.500969192686558246e-04
1.186920549280491777e-04
1.340267311465800275e-04
8.024235685058461298e-06
1.833193938673445935e-04
3.215349223716183181e-06
6.412632006336749463e-05
1.114834592040088564e-05
6.356514914318775488e-06
9.005248279983611178e-06
3.367308726303098490e-06
7.120455500851611786e-06
2.469657918926083766e-04
2.059673993822172273e-04
4.554697952268146953e-04
4.539108470784671397e-05
1.761902544661072555e-05
3.695472545964665397e-04
2.107646795833924660e-04
1.568029819527013146e-05
3.367308726303098490e-06
5.831103222488841854e-05
2.043159136730172878e-04
1.160736155748103211e-04
1.734403020708166223e-04
5.065387390968538494e-05
2.035182599944260521e-04
9.958846105147897996e-06
4.255867279662402811e-04
4.235300107714296523e-06
6.470003326806073281e-07
1.558163509382193323e-03
4.785757903446168782e-05
3.618373403034224164e-05
2.084487982969286093e-04
6.940305533443012547e-05
4.211076701552593483e-04
8.202161038891347931e-07
2.564098225788665440e-04
2.852076756603914550e-04
9.005248279983611178e-06
2.145314285817177325e-04
2.594374087287708297e-04
1.987071506017563060e-04
1.045466211283803707e-03
1.221795110109818094e-03
7.294095963001311078e-04
9.005248279983611178e-06
2.669119259836380672e-04
6.233385776515716235e-04
2.306711290454328014e-05
9.164776971628300570e-05
2.951456517848898616e-04
3.445894017989783699e-05
1.277485517380240849e-06
2.165425862658501175e-04
6.470003326806073281e-07
1.120678547925841776e-04
2.521061503303273846e-04
1.143253494355325403e-02
5.187444826210786675e-03
7.120455500851611786e-06
7.713273632195751406e-06
4.150984446865674921e-04
3.060748488631037070e-04
2.208552689602568970e-04
1.018601547244200341e-04
2.027904925242630965e-06
6.470003326806073281e-07
1.309047316150022019e-06
9.272510953789881577e-04
4.965278621430571388e-05
1.064064972585802702e-04
1.507809709842083100e-04
2.334312830084695595e-04
2.618828047830520055e-04
4.894369234049351619e-06
6.064482408527133854e-06
1.701865203695301942e-04
1.221795110109818094e-03
7.445068220937508521e-05
9.991777625720898976e-06
6.001258326422221972e-05
6.699760695779346381e-04
2.494692259874249382e-06
7.677064851888696024e-05
1.579781091948919336e-03
2.106946484265970630e-06
6.597269036462292881e-05
2.866326353102635588e-07
2.282325365201103007e-04
7.198985799672885611e-04
5.638172764629081077e-05
1.785517095133737654e-05
7.120455500851611786e-06
3.893968629276208898e-06
7.713273632195751406e-06
1.056471124819788636e-03
5.329362280459972552e-04
5.487905827716682040e-03
9.005248279983611178e-06
1.424384738183782414e-06
7.284397164875062840e-05
1.614073586923213773e-05
6.064482408527133854e-06
6.698578760543159438e-05
3.108763075176835687e-05
1.365770154484608791e-03
4.160919083061683952e-04
5.956443936582584071e-05
5.121404963673439415e-04
6.001233270242062041e-05
1.134403211202689236e-04
7.120455500851611786e-06
9.278235292050967739e-05
3.890685858069410138e-06
4.456330305700264031e-04
5.243512221684197561e-03
1.189783350597624747e-03
9.723562317534100813e-06
2.811952055054689047e-04
5.407181027929492428e-07
6.483702914265826282e-04
8.583858846491011546e-05
8.043822327418560314e-05
1.489709988765293299e-05
1.218945026041320249e-05
3.291014668933329610e-04
1.508600473691407194e-03
1.408515662685573240e-03
7.058075888122214469e-04
6.540477424602238838e-04
8.024235685058461298e-06
6.171964336988072048e-04
2.794961973183611694e-05
1.574874911213931992e-05
3.417233810779046863e-04
5.464928855204121902e-04
2.913822779738326147e-04
9.221419538238709258e-04
2.347377540958817555e-03
2.577565323834181968e-06
2.594374087287708297e-04
2.349453517854692116e-04
4.164191953737120125e-04
3.681721481568041516e-04
1.965218900639901329e-04
1.897948419409548960e-06
4.235300107714296523e-06
8.646407359658201221e-05
3.955461568468965382e-05
7.349390978509205002e-04
8.616307671195450534e-05
3.270398016540437629e-04
1.025254979815471562e-02
1.411928729335420295e-05
6.412632006336749463e-05
1.066386206517565389e-05
2.376901821439372580e-04
7.208843446091844551e-05
1.165715989964922241e-04
1.029136595864137892e-04
5.550472454986778376e-04
7.120455500851611786e-06
5.400129721965746206e-06
1.404446103063966980e-07
5.359189139638612185e-04
1.667005713918838809e-03
1.076973478937306105e-04
1.455886952009903404e-03
7.178709631177309701e-06
4.927293891446657284e-04
1.295777317365535346e-04
2.396326127504071263e-06
3.917107167720456631e-04
5.237303355830040140e-04
1.467710584951953865e-05
8.507485167614698110e-06
5.956443936582584071e-05
4.208684566090355715e-06
2.106946484265970630e-06
4.040426696724818746e-04
7.713273632195751406e-06
7.123609809170635483e-05
6.368406606401358935e-05
1.579052044968684611e-05
6.059630373920230160e-04
2.373332018456293619e-05
6.470003326806073281e-07
2.579633319010210744e-05
3.840700882787951957e-03
7.713273632195751406e-06
1.688211455701988739e-03
2.254537077530079179e-04
4.731939962306615580e-04
1.221795110109818094e-03
8.986284793667251097e-05
5.956443936582584071e-05
3.383891051847552763e-05
1.201788350524987475e-04
4.279814759318437747e-05
2.836899611654820701e-06
6.099446036372931047e-04
1.948791875030731749e-03
3.020691657101013186e-04
9.171957809921339093e-06
4.961872949046914174e-04
8.024235685058461298e-06
2.782247596462237234e-05
5.147228049058980460e-05
3.077733420576618268e-04
2.889162395901255162e-03
3.944196221056656364e-06
5.090158377487018215e-04
7.468051009660909081e-03
1.025692213701933893e-03
6.356514914318775488e-06
1.911469456404162013e-05
5.155705761005440992e-05
1.841637104718653792e-05
3.624929726201513009e-07
1.846647751487728254e-04
5.407181027929492428e-07
3.445894017989783699e-05
1.574874911213931992e-05
9.368043328893623542e-06
1.529315313798447517e-04
6.356514914318775488e-06
5.938523901775564617e-04
3.683901357860822632e-05
6.450584549302254687e-06
7.120455500851611786e-06
1.286420470301608624e-05
1.604657135186331315e-03
2.583859910018452828e-04
2.215088649113702878e-04
8.202161038891347931e-07
2.390841342092840432e-04
1.461675317703571304e-04
3.776823911907609030e-05
9.797541852759383070e-05
1.798588202155158660e-04
3.157019052409874133e-04
7.284397164875062840e-05
5.487905827716682040e-03
4.438606729002222734e-04
1.234510677584635613e-04
2.008686656934693376e-05
1.672941388700205866e-04
3.048619334188045100e-03
3.023782364222208957e-04
7.120455500851611786e-06
2.755605274978385386e-04
1.605247508595267214e-03
2.461793209111229948e-03
3.891525381070745449e-06
8.774681844274492869e-04
6.009061679056152024e-04
1.309047316150022019e-06
2.028206657240272143e-04
1.937109575888592953e-05
1.560074398861312900e-04
3.133195026283092262e-05
3.956370488847309869e-05
4.894369234049351619e-06
5.096122087432217087e-05
9.368043328893623542e-06
6.243800091267281093e-05
1.221795110109818094e-03
4.842950124514079440e-04
2.985867397511178826e-04
2.265375240959125727e-05
3.956370488847309869e-05
6.722690631781072740e-05
6.178487501439241343e-04
4.699932825684829951e-03
7.080426175001316060e-06
7.994614083979247748e-03
1.296245289572293567e-03
9.083312564132739290e-04
1.145601825365251836e-03
1.057289385704101172e-05
5.407181027929492428e-07
1.839103950898124482e-04
7.207476986419418356e-03
7.713273632195751406e-06
2.794961973183611694e-05
3.002277372289268668e-03
8.202161038891347931e-07
5.841537760648072685e-05
1.003236157241642492e-04
6.909975183848156483e-05
5.407181027929492428e-07
9.087636459594654282e-04
8.296493113546472625e-05
4.781138969495042613e-04
4.163684212799238912e-04
2.577915445596554649e-05
1.171339836358817354e-04
3.077733420576618268e-04
4.158490387095715952e-05
3.372341621454665587e-05
3.562638211055945423e-04
4.390373011670674721e-05
2.043409751525738550e-04
3.319388568466998674e-03
1.315391964819352839e-03
5.956443936582584071e-05
1.633837153125222100e-03
9.005248279983611178e-06
3.390697036608250311e-04
9.879375167225166467e-05
6.648975680775739278e-05
1.614049663813527769e-05
6.223314058065757362e-05
9.877091571072930758e-05
4.894369234049351619e-06
9.232670236858390653e-04
1.631790726152734176e-04
3.093343410264888440e-05
7.074669420008335304e-05
