4.786950225486556308e-06
1.424870035578520554e-03
6.805638209258755048e-05
6.745222884462561286e-05
1.517163253702746452e-06
3.384059847621538864e-06
1.594772982691813174e-04
8.521994574511220709e-06
8.288805766755846574e-06
6.869421490574910243e-03
1.228381707367990871e-05
4.486309445849041469e-07
4.786950225486556308e-06
2.363259144801793318e-03
9.547405688880835062e-08
6.745222884462561286e-05
1.517163253702746452e-06
3.384059847621538864e-06
8.521994574511220709e-06
1.213960844773715950e-02
2.685157415924825867e-07
4.486309445849041469e-07
4.786950225486556308e-06
3.080792388753624184e-04
4.932964344882781414e-06
9.547405688880835062e-08
9.390631292260319927e-05
1.390410287391767412e-04
2.802127300531051288e-06
6.805638209258755048e-05
2.685157415924825867e-07
5.565515208530206169e-04
1.695138096136702879e-03
2.076295587838029103e-06
2.537882331998307534e-05
1.670813265351214197e-04
6.745222884462561286e-05
1.517163253702746452e-06
8.521994574511220709e-06
3.328657036340351981e-05
2.685157415924825867e-07
3.757030838298167498e-06
4.486309445849041469e-07
4.786950225486556308e-06
1.111530601922050321e-04
9.547405688880835062e-08
6.732086520083606362e-03
6.805638209258755048e-05
2.937959876234704881e-04
6.745222884462561286e-05
2.373209655516407416e-05
4.786950225486556308e-06
1.654182845080259107e-05
1.017095881514641547e-05
1.113390507444887051e-05
6.805638209258755048e-05
8.576295124576623487e-05
8.521994574511220709e-06
8.288805766755846574e-06
2.414523765242410037e-04
4.486309445849041469e-07
8.471753388203463785e-04
3.112901703925070526e-04
4.786950225486556308e-06
1.654182845080259107e-05
9.547405688880835062e-08
2.802127300531051288e-06
6.805638209258755048e-05
6.745222884462561286e-05
7.809019937236623811e-05
2.425002870227359678e-05
5.565515208530206169e-04
1.035255901177676422e-05
4.786950225486556308e-06
9.547405688880835062e-08
6.805638209258755048e-05
2.235557222104260218e-05
6.745222884462561286e-05
1.517163253702746452e-06
3.384059847621538864e-06
6.231720857037743345e-05
9.547405688880835062e-08
1.646181571747457883e-05
6.805638209258755048e-05
6.745222884462561286e-05
1.517163253702746452e-06
2.132548941773351747e-03
3.130478202033037938e-05
1.247521236146380544e-05
8.518162128921659502e-04
2.685157415924825867e-07
1.767119570670121177e-05
1.035255901177676422e-05
9.390631292260319927e-05
6.805638209258755048e-05
3.588486205860590833e-02
1.517163253702746452e-06
3.384059847621538864e-06
6.899928689949215432e-04
3.244863608920793601e-05
2.685157415924825867e-07
4.486309445849041469e-07
4.786950225486556308e-06
8.125932131765199585e-06
9.547405688880835062e-08
1.022871601450477813e-04
6.805638209258755048e-05
2.646604236247463628e-05
3.379290584916972591e-06
6.745222884462561286e-05
2.685157415924825867e-07
4.486309445849041469e-07
4.786950225486556308e-06
9.547405688880835062e-08
3.433905035860976198e-03
6.805638209258755048e-05
6.745222884462561286e-05
6.553738946531579819e-05
3.384059847621538864e-06
1.022990092319596509e-03
1.539640162656119772e-05
4.504692064188580125e-05
4.486309445849041469e-07
4.786950225486556308e-06
9.547405688880835062e-08
6.745222884462561286e-05
4.520486162463220711e-05
1.517163253702746452e-06
3.384059847621538864e-06
8.521994574511220709e-06
2.685157415924825867e-07
4.556810041018391922e-04
4.486309445849041469e-07
1.111530601922050321e-04
9.547405688880835062e-08
1.017095881514641547e-05
1.411622757979975461e-04
6.745222884462561286e-05
3.305856835962330258e-05
1.247521236146380544e-05
2.685157415924825867e-07
9.547405688880835062e-08
7.643291533478244193e-02
6.805638209258755048e-05
9.797008070814995002e-06
6.745222884462561286e-05
3.305856835962330258e-05
1.517163253702746452e-06
1.532580820648175033e-03
2.856321161316552012e-04
2.685157415924825867e-07
1.576835307062898555e-04
4.786950225486556308e-06
9.547405688880835062e-08
6.805638209258755048e-05
6.745222884462561286e-05
1.517163253702746452e-06
3.384059847621538864e-06
8.576295124576623487e-05
1.690503901186278751e-04
2.685157415924825867e-07
4.786950225486556308e-06
9.547405688880835062e-08
6.805638209258755048e-05
2.209383917700588900e-04
6.745222884462561286e-05
1.517163253702746452e-06
3.384059847621538864e-06
4.031126457556222730e-04
7.772802719714244461e-03
4.786950225486556308e-06
9.547405688880835062e-08
3.395819124649828661e-03
6.805638209258755048e-05
3.384059847621538864e-06
1.634435582005921159e-03
8.521994574511220709e-06
2.849788990639644186e-05
1.298586703134495924e-05
3.328657036340351981e-05
2.685157415924825867e-07
1.390161975129124096e-04
4.486309445849041469e-07
9.547405688880835062e-08
6.732086520083606362e-03
6.805638209258755048e-05
6.660841359176821125e-06
1.848921159446987456e-02
1.293802704488947089e-04
1.517163253702746452e-06
2.685157415924825867e-07
1.035255901177676422e-05
4.786950225486556308e-06
9.547405688880835062e-08
6.745222884462561286e-05
1.517163253702746452e-06
3.384059847621538864e-06
1.586318926024974556e-03
1.277660541920845952e-02
8.521994574511220709e-06
4.486309445849041469e-07
4.786950225486556308e-06
7.778113644952752356e-03
2.076295587838029103e-06
9.547405688880835062e-08
6.745222884462561286e-05
2.719174231751825504e-04
3.384059847621538864e-06
2.466695091798115744e-04
3.328657036340351981e-05
2.685157415924825867e-07
4.786950225486556308e-06
9.547405688880835062e-08
2.558694769252589689e-05
1.813703536925319207e-04
6.805638209258755048e-05
1.517163253702746452e-06
3.384059847621538864e-06
2.019128017279815977e-05
1.048890143479720240e-05
2.685157415924825867e-07
4.486309445849041469e-07
4.786950225486556308e-06
9.547405688880835062e-08
9.384752283826980910e-04
6.745222884462561286e-05
4.733657386140809812e-04
3.384059847621538864e-06
2.680069114316728018e-06
3.331483597778966618e-03
2.425002870227359678e-05
3.757030838298167498e-06
4.786950225486556308e-06
3.320045957781298483e-04
9.547405688880835062e-08
6.805638209258755048e-05
6.745222884462561286e-05
1.517163253702746452e-06
3.384059847621538864e-06
8.521994574511220709e-06
2.685157415924825867e-07
7.686874359692886594e-04
5.523599254136902191e-04
4.486309445849041469e-07
4.786950225486556308e-06
4.932964344882781414e-06
6.805638209258755048e-05
8.504826870416062939e-07
6.745222884462561286e-05
1.517163253702746452e-06
2.685157415924825867e-07
4.486309445849041469e-07
6.540901691487222306e-05
5.645301726804397892e-05
6.745222884462561286e-05
1.517163253702746452e-06
3.384059847621538864e-06
8.521994574511220709e-06
3.328657036340351981e-05
1.726914504772533027e-02
3.757030838298167498e-06
4.486309445849041469e-07
1.098863292475909040e-02
4.786950225486556308e-06
9.547405688880835062e-08
6.805638209258755048e-05
6.745222884462561286e-05
1.517163253702746452e-06
3.384059847621538864e-06
1.594772982691813174e-04
2.685157415924825867e-07
3.274392510144130365e-06
4.486309445849041469e-07
4.786950225486556308e-06
3.080792388753624184e-04
9.547405688880835062e-08
1.390410287391767412e-04
2.604530329836411088e-04
6.745222884462561286e-05
3.384059847621538864e-06
1.228381707367990871e-05
2.142977954236060555e-05
4.486309445849041469e-07
9.547405688880835062e-08
6.732086520083606362e-03
6.442611639787162970e-05
6.805638209258755048e-05
6.745222884462561286e-05
4.520486162463220711e-05
1.517163253702746452e-06
2.685157415924825867e-07
4.486309445849041469e-07
4.786950225486556308e-06
1.390410287391767412e-04
6.805638209258755048e-05
6.745222884462561286e-05
4.520486162463220711e-05
2.719174231751825504e-04
1.517163253702746452e-06
3.384059847621538864e-06
6.196240235218495127e-06
4.486309445849041469e-07
4.786950225486556308e-06
9.547405688880835062e-08
4.880283581450707396e-05
1.517163253702746452e-06
2.856321161316552012e-04
8.521994574511220709e-06
3.328657036340351981e-05
2.263812592044972484e-04
2.685157415924825867e-07
4.786950225486556308e-06
3.045060746819394995e-02
4.312946246492377111e-05
9.547405688880835062e-08
3.395819124649828661e-03
3.705635532491764750e-04
6.805638209258755048e-05
1.517163253702746452e-06
1.298586703134495924e-05
2.685157415924825867e-07
4.486309445849041469e-07
4.786950225486556308e-06
2.203148998821178322e-06
6.805638209258755048e-05
4.115411513818180635e-06
6.745222884462561286e-05
3.384059847621538864e-06
8.521994574511220709e-06
8.288805766755846574e-06
2.685157415924825867e-07
2.584952835385866772e-04
4.486309445849041469e-07
4.786950225486556308e-06
9.547405688880835062e-08
8.504826870416062939e-07
6.745222884462561286e-05
1.517163253702746452e-06
3.384059847621538864e-06
8.521994574511220709e-06
2.685157415924825867e-07
5.565515208530206169e-04
2.142977954236060555e-05
3.112901703925070526e-04
9.547405688880835062e-08
1.017095881514641547e-05
1.022871601450477813e-04
6.805638209258755048e-05
1.517163253702746452e-06
3.384059847621538864e-06
2.685157415924825867e-07
4.486309445849041469e-07
4.786950225486556308e-06
1.111530601922050321e-04
9.547405688880835062e-08
1.017095881514641547e-05
6.805638209258755048e-05
2.937959876234704881e-04
6.745222884462561286e-05
1.517163253702746452e-06
3.387546606824469323e-04
2.489902894095785907e-04
4.486309445849041469e-07
9.547405688880835062e-08
2.558694769252589689e-05
6.745222884462561286e-05
3.305856835962330258e-05
1.517163253702746452e-06
3.384059847621538864e-06
8.521994574511220709e-06
2.685157415924825867e-07
4.779319860971182124e-03
2.142977954236060555e-05
4.486309445849041469e-07
9.547405688880835062e-08
6.805638209258755048e-05
3.328509960259547947e-06
6.745222884462561286e-05
1.517163253702746452e-06
7.809019937236623811e-05
2.217441335420154876e-03
4.486309445849041469e-07
4.786950225486556308e-06
9.547405688880835062e-08
6.805638209258755048e-05
4.572424829645396066e-02
3.132868974512283827e-02
1.517163253702746452e-06
3.384059847621538864e-06
1.966526231964191523e-04
5.565515208530206169e-04
4.486309445849041469e-07
4.786950225486556308e-06
6.805638209258755048e-05
6.745222884462561286e-05
1.517163253702746452e-06
3.384059847621538864e-06
8.521994574511220709e-06
3.328657036340351981e-05
1.452067934083814665e-03
2.685157415924825867e-07
5.193179029803044226e-05
4.786950225486556308e-06
9.547405688880835062e-08
2.802127300531051288e-06
6.805638209258755048e-05
6.745222884462561286e-05
1.517163253702746452e-06
3.384059847621538864e-06
8.521994574511220709e-06
2.685157415924825867e-07
2.142977954236060555e-05
4.020261170400610956e-03
1.390161975129124096e-04
4.486309445849041469e-07
9.547405688880835062e-08
3.395318998833213276e-05
6.660841359176821125e-06
6.745222884462561286e-05
2.207928402625770566e-04
2.685157415924825867e-07
4.486309445849041469e-07
2.203148998821178322e-06
2.558694769252589689e-05
1.171815662135042529e-04
3.379290584916972591e-06
6.745222884462561286e-05
1.517163253702746452e-06
2.506334035385598784e-03
2.398434163048157619e-04
4.486309445849041469e-07
4.786950225486556308e-06
3.080792388753624184e-04
2.706620172654000792e-05
1.654182845080259107e-05
2.356613713226583286e-03
9.547405688880835062e-08
6.805638209258755048e-05
6.745222884462561286e-05
3.500989518008406791e-05
2.685157415924825867e-07
4.486309445849041469e-07
1.576835307062898555e-04
4.786950225486556308e-06
7.984005808389239614e-06
1.111530601922050321e-04
9.547405688880835062e-08
6.745222884462561286e-05
1.517163253702746452e-06
3.384059847621538864e-06
2.685157415924825867e-07
4.486309445849041469e-07
4.786950225486556308e-06
1.205720188675650159e-03
4.517972316300320618e-02
2.450553075096765371e-02
1.301542438016152735e-05
6.805638209258755048e-05
1.517163253702746452e-06
2.078763486367350873e-03
2.685157415924825867e-07
4.486309445849041469e-07
4.786950225486556308e-06
6.805638209258755048e-05
6.745222884462561286e-05
2.719174231751825504e-04
1.517163253702746452e-06
3.384059847621538864e-06
3.328657036340351981e-05
1.518734589078444279e-05
3.757030838298167498e-06
4.486309445849041469e-07
6.805638209258755048e-05
5.645301726804397892e-05
2.789933095913105991e-04
6.745222884462561286e-05
1.517163253702746452e-06
3.384059847621538864e-06
2.856321161316552012e-04
8.521994574511220709e-06
2.685157415924825867e-07
1.783390432967371739e-03
1.067241089265047981e-02
4.786950225486556308e-06
3.325632600770132589e-06
1.171815662135042529e-04
1.517163253702746452e-06
3.384059847621538864e-06
2.466695091798115744e-04
8.521994574511220709e-06
2.685157415924825867e-07
2.447210265395125279e-05
1.390161975129124096e-04
4.486309445849041469e-07
4.786950225486556308e-06
1.592714760920278620e-05
3.395318998833213276e-05
6.805638209258755048e-05
6.745222884462561286e-05
1.517163253702746452e-06
2.685157415924825867e-07
4.706095646084034671e-04
4.486309445849041469e-07
4.786950225486556308e-06
2.558694769252589689e-05
6.745222884462561286e-05
1.517163253702746452e-06
1.966526231964191523e-04
3.328657036340351981e-05
8.043421941383947974e-06
2.685157415924825867e-07
4.486309445849041469e-07
7.953923270867478408e-05
4.786950225486556308e-06
9.547405688880835062e-08
6.732086520083606362e-03
6.805638209258755048e-05
6.745222884462561286e-05
1.293802704488947089e-04
1.517163253702746452e-06
2.685157415924825867e-07
4.786950225486556308e-06
7.984005808389239614e-06
6.805638209258755048e-05
6.745222884462561286e-05
1.517163253702746452e-06
1.978245858764591733e-02
5.962649955723679221e-04
5.008152719895206037e-03
3.328657036340351981e-05
4.486309445849041469e-07
4.786950225486556308e-06
9.547405688880835062e-08
6.805638209258755048e-05
3.085744036422611528e-03
2.719174231751825504e-04
1.517163253702746452e-06
3.384059847621538864e-06
8.521994574511220709e-06
3.328657036340351981e-05
2.685157415924825867e-07
8.471753388203463785e-04
4.786950225486556308e-06
9.547405688880835062e-08
6.732086520083606362e-03
6.554449802003961899e-06
6.745222884462561286e-05
1.517163253702746452e-06
8.521994574511220709e-06
3.328657036340351981e-05
1.228381707367990871e-05
4.486309445849041469e-07
9.541685350931006164e-06
8.471753388203463785e-04
5.900405072904338442e-04
9.547405688880835062e-08
6.805638209258755048e-05
6.745222884462561286e-05
1.517163253702746452e-06
3.384059847621538864e-06
2.685157415924825867e-07
4.486309445849041469e-07
1.017095881514641547e-05
6.805638209258755048e-05
2.719174231751825504e-04
1.517163253702746452e-06
3.384059847621538864e-06
2.672874677019995021e-05
8.521994574511220709e-06
1.298586703134495924e-05
4.486309445849041469e-07
4.786950225486556308e-06
2.802127300531051288e-06
9.797008070814995002e-06
6.745222884462561286e-05
3.500989518008406791e-05
4.479640090559643129e-03
8.521994574511220709e-06
3.328657036340351981e-05
4.948167342640323076e-04
2.685157415924825867e-07
4.486309445849041469e-07
9.547405688880835062e-08
6.745222884462561286e-05
1.532580820648175033e-03
4.393698512914101517e-03
8.521994574511220709e-06
3.328657036340351981e-05
3.124426792642831605e-03
8.288805766755846574e-06
3.309893485957111063e-05
4.486309445849041469e-07
7.411620528747573777e-04
4.786950225486556308e-06
9.547405688880835062e-08
3.325632600770132589e-06
6.805638209258755048e-05
2.025778573471374931e-04
4.815690885271910540e-03
1.517163253702746452e-06
1.440362775246032615e-04
5.419642851801100697e-03
4.486309445849041469e-07
4.786950225486556308e-06
6.805638209258755048e-05
6.745222884462561286e-05
6.553738946531579819e-05
1.517163253702746452e-06
8.521994574511220709e-06
3.328657036340351981e-05
2.685157415924825867e-07
4.486309445849041469e-07
3.080792388753624184e-04
9.547405688880835062e-08
3.328509960259547947e-06
6.745222884462561286e-05
4.880283581450707396e-05
1.467522582343431907e-02
4.158653886836365630e-04
3.384059847621538864e-06
2.685157415924825867e-07
5.565515208530206169e-04
5.193179029803044226e-05
9.547405688880835062e-08
3.395819124649828661e-03
6.805638209258755048e-05
4.115411513818180635e-06
5.837317646657404343e-04
6.745222884462561286e-05
1.517163253702746452e-06
2.685157415924825867e-07
4.486309445849041469e-07
4.786950225486556308e-06
7.984005808389239614e-06
6.805638209258755048e-05
6.745222884462561286e-05
1.517163253702746452e-06
3.384059847621538864e-06
2.408849261831742895e-05
1.817903901377619993e-02
2.685157415924825867e-07
6.231720857037743345e-05
4.486309445849041469e-07
8.471753388203463785e-04
3.160388240590466797e-04
4.786950225486556308e-06
9.547405688880835062e-08
3.433905035860976198e-03
6.805638209258755048e-05
6.745222884462561286e-05
2.685157415924825867e-07
4.486309445849041469e-07
9.547405688880835062e-08
2.625815860276368573e-04
1.572007548287035830e-03
6.805638209258755048e-05
9.537700344512578163e-05
3.384059847621538864e-06
4.325981665933022169e-05
1.048890143479720240e-05
2.685157415924825867e-07
4.706095646084034671e-04
4.486309445849041469e-07
4.786950225486556308e-06
9.547405688880835062e-08
1.670813265351214197e-04
2.802127300531051288e-06
6.805638209258755048e-05
6.745222884462561286e-05
1.517163253702746452e-06
2.685157415924825867e-07
3.274392510144130365e-06
1.993126949027718836e-03
4.486309445849041469e-07
4.786950225486556308e-06
3.433905035860976198e-03
6.745222884462561286e-05
3.384059847621538864e-06
4.598932943084568792e-03
8.521994574511220709e-06
1.228381707367990871e-05
4.786950225486556308e-06
9.547405688880835062e-08
3.433905035860976198e-03
5.645301726804397892e-05
1.450395965674190074e-02
1.517163253702746452e-06
3.384059847621538864e-06
4.393698512914101517e-03
4.230069128409126429e-06
2.685157415924825867e-07
4.486309445849041469e-07
9.547405688880835062e-08
3.395819124649828661e-03
6.805638209258755048e-05
2.968223643800208325e-02
1.517163253702746452e-06
3.384059847621538864e-06
2.466695091798115744e-04
3.474256211798309904e-04
2.685157415924825867e-07
4.486309445849041469e-07
4.786950225486556308e-06
9.547405688880835062e-08
1.411622757979975461e-04
6.805638209258755048e-05
6.745222884462561286e-05
1.796158507994108703e-04
1.517163253702746452e-06
3.384059847621538864e-06
2.685157415924825867e-07
2.006919821652491007e-05
1.035255901177676422e-05
4.786950225486556308e-06
9.547405688880835062e-08
3.395819124649828661e-03
2.732347357837237842e-05
6.745222884462561286e-05
1.517163253702746452e-06
3.384059847621538864e-06
2.685157415924825867e-07
4.486309445849041469e-07
4.786950225486556308e-06
3.080792388753624184e-04
1.328815253972145895e-04
1.517163253702746452e-06
3.384059847621538864e-06
8.521994574511220709e-06
3.328657036340351981e-05
7.212976696978427296e-05
4.486309445849041469e-07
4.786950225486556308e-06
4.616832594382086485e-03
1.313540962485594999e-04
1.517163253702746452e-06
2.333583403818621088e-03
4.901064859596190350e-04
8.521994574511220709e-06
2.849788990639644186e-05
1.298586703134495924e-05
4.786950225486556308e-06
7.778113644952752356e-03
3.395819124649828661e-03
6.805638209258755048e-05
2.994161951911771804e-05
6.745222884462561286e-05
1.517163253702746452e-06
3.384059847621538864e-06
5.962649955723679221e-04
2.014114973462545661e-04
2.685157415924825867e-07
4.486309445849041469e-07
4.786950225486556308e-06
1.111530601922050321e-04
9.547405688880835062e-08
2.604914180332049828e-02
6.805638209258755048e-05
6.660841359176821125e-06
6.745222884462561286e-05
3.384059847621538864e-06
1.327704629013285874e-04
2.006919821652491007e-05
4.486309445849041469e-07
1.576835307062898555e-04
4.786950225486556308e-06
1.176873433524310037e-05
6.660841359176821125e-06
2.994161951911771804e-05
6.745222884462561286e-05
1.517163253702746452e-06
4.556810041018391922e-04
4.786950225486556308e-06
9.547405688880835062e-08
6.805638209258755048e-05
6.745222884462561286e-05
1.517163253702746452e-06
3.384059847621538864e-06
8.521994574511220709e-06
2.220620022891161649e-04
3.328657036340351981e-05
2.685157415924825867e-07
4.486309445849041469e-07
4.786950225486556308e-06
9.547405688880835062e-08
3.395318998833213276e-05
6.745222884462561286e-05
1.517163253702746452e-06
3.384059847621538864e-06
1.430504811274581399e-04
2.625640893627934395e-05
2.685157415924825867e-07
2.217441335420154876e-03
4.486309445849041469e-07
4.786950225486556308e-06
2.706620172654000792e-05
9.547405688880835062e-08
1.017095881514641547e-05
4.172493740731910588e-04
6.805638209258755048e-05
3.926882024612704373e-04
4.786950225486556308e-06
7.984005808389239614e-06
9.547405688880835062e-08
1.414583874743075877e-02
6.745222884462561286e-05
1.517163253702746452e-06
3.384059847621538864e-06
8.521994574511220709e-06
3.328657036340351981e-05
3.431011901912414414e-03
2.685157415924825867e-07
1.266857110508094134e-03
4.786950225486556308e-06
6.805638209258755048e-05
2.646604236247463628e-05
6.745222884462561286e-05
3.384059847621538864e-06
6.358853580168589634e-03
2.856321161316552012e-04
4.091828445558588686e-05
2.685157415924825867e-07
5.565515208530206169e-04
3.757030838298167498e-06
4.486309445849041469e-07
4.786950225486556308e-06
9.547405688880835062e-08
2.558694769252589689e-05
6.745222884462561286e-05
7.300734628249454759e-03
1.517163253702746452e-06
7.137660117247786285e-05
2.489902894095785907e-04
4.486309445849041469e-07
7.040791463544982150e-04
1.809065330003171643e-02
6.745222884462561286e-05
1.517163253702746452e-06
3.384059847621538864e-06
8.521994574511220709e-06
8.351157655926173947e-05
2.685157415924825867e-07
4.486309445849041469e-07
4.786950225486556308e-06
9.547405688880835062e-08
6.805638209258755048e-05
8.504826870416062939e-07
6.745222884462561286e-05
1.517163253702746452e-06
3.384059847621538864e-06
8.521994574511220709e-06
2.685157415924825867e-07
4.556810041018391922e-04
1.576835307062898555e-04
4.786950225486556308e-06
9.547405688880835062e-08
5.542234194625721838e-03
6.745222884462561286e-05
3.384059847621538864e-06
8.521994574511220709e-06
3.328657036340351981e-05
2.685157415924825867e-07
5.565515208530206169e-04
3.757030838298167498e-06
4.504692064188580125e-05
4.486309445849041469e-07
4.786950225486556308e-06
9.547405688880835062e-08
1.408294595974200476e-04
6.745222884462561286e-05
4.132264964724076904e-05
2.685157415924825867e-07
4.486309445849041469e-07
4.786950225486556308e-06
9.547405688880835062e-08
6.805638209258755048e-05
1.924094348384595315e-04
1.517163253702746452e-06
1.693084577266982453e-04
8.521994574511220709e-06
3.328657036340351981e-05
2.685157415924825867e-07
2.489902894095785907e-04
2.142977954236060555e-05
1.035255901177676422e-05
4.786950225486556308e-06
9.547405688880835062e-08
6.805638209258755048e-05
6.745222884462561286e-05
3.384059847621538864e-06
3.992375136573386002e-04
2.685157415924825867e-07
5.565515208530206169e-04
4.786950225486556308e-06
9.547405688880835062e-08
6.805638209258755048e-05
2.029051745112478780e-02
1.517163253702746452e-06
3.384059847621538864e-06
2.408849261831742895e-05
8.521994574511220709e-06
2.685157415924825867e-07
4.486309445849041469e-07
4.786950225486556308e-06
1.017095881514641547e-05
9.390631292260319927e-05
6.745222884462561286e-05
1.517163253702746452e-06
3.384059847621538864e-06
9.269686893185910504e-04
1.366876836947959663e-03
2.685157415924825867e-07
4.786950225486556308e-06
9.547405688880835062e-08
6.805638209258755048e-05
6.745222884462561286e-05
1.517163253702746452e-06
3.384059847621538864e-06
5.205237231409475169e-05
8.521994574511220709e-06
3.328657036340351981e-05
4.486309445849041469e-07
4.786950225486556308e-06
1.600583091760990882e-04
6.805638209258755048e-05
6.745222884462561286e-05
2.508288522609565755e-05
1.517163253702746452e-06
3.384059847621538864e-06
8.521994574511220709e-06
2.858566895168512985e-03
4.486309445849041469e-07
4.786950225486556308e-06
9.547405688880835062e-08
1.411622757979975461e-04
6.805638209258755048e-05
6.745222884462561286e-05
3.384059847621538864e-06
4.230069128409126429e-06
8.521994574511220709e-06
2.347734618987957350e-02
4.786950225486556308e-06
4.312946246492377111e-05
9.547405688880835062e-08
6.805638209258755048e-05
7.359113581782448848e-04
6.745222884462561286e-05
1.517163253702746452e-06
3.384059847621538864e-06
2.408849261831742895e-05
2.625640893627934395e-05
2.685157415924825867e-07
4.786950225486556308e-06
6.805638209258755048e-05
3.085744036422611528e-03
1.517163253702746452e-06
3.384059847621538864e-06
4.254645949266665559e-05
1.247521236146380544e-05
8.521994574511220709e-06
3.328657036340351981e-05
4.504692064188580125e-05
4.486309445849041469e-07
4.786950225486556308e-06
4.426728716032773264e-02
6.805638209258755048e-05
6.745222884462561286e-05
1.517163253702746452e-06
3.384059847621538864e-06
8.521994574511220709e-06
3.328657036340351981e-05
6.196240235218495127e-06
4.486309445849041469e-07
4.786950225486556308e-06
9.547405688880835062e-08
6.805638209258755048e-05
1.499388283657521724e-04
6.745222884462561286e-05
1.147955556028167588e-02
1.525704119667186005e-03
3.474256211798309904e-04
2.685157415924825867e-07
4.486309445849041469e-07
1.168608803837552256e-05
7.778113644952752356e-03
4.932964344882781414e-06
6.805638209258755048e-05
6.745222884462561286e-05
3.384059847621538864e-06
1.665127284211815348e-04
8.521994574511220709e-06
4.706095646084034671e-04
2.060197135863208810e-06
4.486309445849041469e-07
1.168608803837552256e-05
3.080792388753624184e-04
9.547405688880835062e-08
4.517972316300320618e-02
3.958004654340789574e-02
6.805638209258755048e-05
2.209383917700588900e-04
