8.997805610541162328e-04
4.011378591949966489e-04
7.142612470797692938e-04
5.937424019351039825e-04
7.431194167438390751e-04
6.566132314469638178e-04
4.768500808858445886e-04
1.399268718411157773e-03
6.876466252727549957e-04
2.467899145513758989e-04
4.947721388713613357e-04
7.448413092693191313e-04
4.097099707569670703e-04
1.310830161383729538e-03
6.443256831925850327e-04
6.889316284598817315e-04
5.220014804565458778e-04
2.241938774862604379e-03
6.127310374924511320e-04
3.951038669790403186e-04
1.951025544258909103e-03
6.005644033077990954e-04
1.182724178817110222e-03
3.644802324186171769e-03
7.006445856023845592e-04
5.288764987593286065e-04
1.637327825383139059e-03
6.107143845924420346e-04
7.604392872744681177e-04
1.450378776513301790e-03
4.764736074631387543e-04
6.974129934449043670e-04
4.951382027702574008e-04
4.800322034587902083e-04
1.127559709223665456e-03
1.442344047075885208e-03
8.081716474908850166e-04
6.087509399616770943e-04
4.017540440246417230e-04
5.582135800374735677e-04
4.554984581185106103e-04
7.035962564303085368e-04
1.968661099309125181e-03
6.202230890244992941e-04
5.678265129600568173e-04
4.156968241111227806e-04
8.386542326810600585e-04
3.915213345097355926e-04
3.683713699866074192e-04
2.377991020241000154e-03
8.474480616044108034e-04
5.288090756019339861e-04
8.339082794502777635e-04
5.341004106558511471e-04
1.781793751223819311e-03
4.893752095745421919e-04
1.146528733390268394e-03
4.237472103619081571e-04
8.820411438717598498e-04
3.919482659628768665e-04
6.196057171093540634e-04
1.191874940808392448e-03
6.964523782283422743e-04
5.432795561753809514e-04
1.272617991697875487e-03
1.414224571254588071e-03
1.266189109394339971e-03
3.253837821217064278e-04
1.690134563266033896e-03
5.362923501229819928e-04
3.671675080698588983e-03
8.873934541100985838e-04
1.094717177295744101e-03
4.096858099192737020e-04
1.800679229202349066e-03
3.982074832743039074e-04
8.373381137255866448e-04
4.338177333741457240e-04
1.049048561806334434e-03
1.452158910219512444e-03
4.985743036542649278e-04
9.050005880746187208e-04
6.478715261180179171e-04
6.488966463701736822e-04
9.995255493181383084e-04
6.377808495002342719e-04
6.460226665104736596e-04
1.072686960939604360e-03
1.259174731757199380e-03
1.037270888003117729e-03
6.702738438015205021e-04
4.654748020819225902e-04
4.022682819979688722e-04
6.132577826976924390e-04
2.762635656530373299e-04
1.358897290479379452e-03
6.157963206283496600e-04
1.284259302427702507e-03
1.013797658109599894e-03
4.027274331291098570e-04
9.691658400812608711e-04
1.059411716317587397e-03
5.289342592372940676e-04
6.028858904673221105e-04
5.521917156971757308e-04
1.183957693674559872e-03
6.319468653081139909e-04
1.652091843818896330e-03
1.124608339391259702e-03
9.029356915229156452e-04
5.546189178017999410e-04
7.595235639492372562e-04
1.467436459648596443e-03
5.218115752183926205e-04
4.864291670167416649e-04
5.982672693552895746e-04
7.019600102871030459e-04
7.605041148714027088e-04
6.228448252319269572e-04
9.222291415750167882e-04
6.719591808988097884e-04
1.118098947009395477e-03
4.022682819979688722e-04
4.199221803622415626e-04
4.001795440524006427e-04
1.477823047005097368e-03
1.608980376330803631e-03
1.365879295077870956e-03
3.227998006862474716e-04
2.204412281638558607e-03
2.071412112106504541e-03
9.050005880746187208e-04
1.911472705020641474e-03
6.667410035107640453e-04
4.308895560760822628e-04
9.180835055340371429e-04
2.914435435965191841e-03
8.193627220379136366e-04
4.747908545672646077e-04
3.064360993169640409e-04
9.691658400812608711e-04
1.012599734211798224e-03
7.675307626109092009e-04
7.004939971129277645e-04
3.394069711738692931e-04
1.127979924825945083e-03
1.212700799531811783e-03
1.056056197552494857e-03
3.370362880676515231e-04
6.545109061150899358e-04
4.134554148423738498e-04
6.128063028371674801e-04
1.286572839587461770e-03
3.654652446881521575e-04
6.322603024617115411e-04
7.743735517618205531e-04
7.435912519895796369e-04
5.563786813207000038e-04
3.022051366868119316e-04
8.398826139742266231e-04
7.663593804843104934e-04
1.463314243826621718e-03
1.001543915179416329e-03
3.285562389473355811e-04
8.200059324801064293e-04
1.200726039238885195e-03
6.626952635827290314e-04
1.068019106198438628e-03
5.826241946250856982e-04
2.330791927409947366e-04
4.956673627687160910e-04
9.876755860763520873e-04
8.689813350707876376e-04
6.991529831989017193e-04
7.181944000112621936e-04
6.772029816586144346e-04
1.311309168180925001e-03
5.110584607976638048e-04
1.087448498975259305e-03
1.275250849856774922e-03
3.117233626570687331e-03
1.662971116852881822e-03
6.074035636925858390e-04
8.598384225368049458e-04
4.807231091288954395e-04
1.615038001953891540e-03
3.965694900435074994e-04
5.345205572604659876e-04
1.295448425048224090e-03
8.946477970198315772e-04
7.432318723283195096e-04
5.182496461862640342e-04
8.319716613642277403e-04
3.434163291039179253e-04
1.031941875893086554e-03
1.356706254808201940e-03
4.552569117766805439e-04
4.413883429848370612e-04
3.879510227070681453e-04
1.123453083263188830e-03
8.233012253367607766e-04
8.281672269398253176e-04
1.713362960585482426e-03
2.391940922411037260e-03
8.697153047728209841e-04
3.556745990418505175e-04
1.068887349156800613e-03
6.997771078259982982e-04
1.075322793812512117e-03
1.723021877800253853e-03
5.342968817154700265e-04
6.559218721787019382e-04
9.880011927045795773e-04
4.520363260440703299e-04
4.268416644448385744e-04
1.062107912180424362e-03
2.157237262951812451e-03
4.693393833209669685e-04
6.193503234726584466e-04
3.864301780187037261e-04
4.635644220707271865e-04
7.065626967368747804e-04
6.135580522997578909e-04
8.977323811449375952e-04
1.047564175558442093e-03
1.770006146316060146e-03
4.026372623572294887e-04
1.424303579009698721e-03
1.125599456390627027e-03
1.604682270546091676e-03
6.171157069778636243e-04
8.231500693076192459e-04
2.751025725706726199e-04
8.926500454086829309e-04
8.151171032775432783e-04
9.922459496457265282e-04
6.106746179071532478e-04
3.981130081740556857e-04
7.408961014508456651e-04
7.161996545712147680e-04
7.918693597416020169e-04
8.544727147832439874e-04
7.449786469061491813e-04
9.484832158187585542e-04
6.197508729780466970e-04
3.098380227811837941e-03
4.308460505741500395e-04
4.020896896087406032e-03
4.913427011197641064e-04
7.603616652355380760e-04
6.800053585041323243e-04
5.601146693021587372e-04
1.901070318366360711e-04
1.809101022259284501e-03
3.134466719323991462e-04
5.713658065318056450e-04
1.017296931179107996e-03
1.169441869115666601e-03
4.904809743213411162e-04
8.521463441619465777e-04
1.779943897466859269e-03
1.143320138262710712e-03
1.284106475276785295e-03
5.266688375680909397e-04
1.761197025673868349e-03
9.803110534390322654e-04
9.186546800332073479e-04
5.176762784743804994e-04
4.265283228078791886e-03
5.108522453012910060e-04
2.265849880481904735e-03
2.271200102877601098e-03
4.404155928567864402e-04
7.075841140767757291e-04
5.310676244959066771e-04
6.085024106167683661e-04
5.342606201039489270e-04
9.783356764034942948e-04
7.274321550302349304e-04
4.446886863720669251e-04
5.113035604558639627e-04
5.419487202822353272e-04
1.124301881302302046e-03
8.689813350707876376e-04
1.309489328980052020e-03
1.335774935803097198e-03
5.093351904518106550e-04
8.225899292138821439e-04
1.296073308043728129e-03
4.292765836989516685e-04
1.760317649935250108e-03
7.112946656942964636e-04
3.441070607651717747e-04
1.203796501884623086e-03
6.282356718498881059e-04
1.280810107159917723e-03
9.276485912630505568e-04
2.732877990409937532e-03
1.118675189507116344e-03
1.193624190155726785e-03
9.353235558743883517e-04
1.040466432192480462e-03
5.705895832220881725e-04
6.106746179071532478e-04
5.687366106419029527e-04
3.345682143420496829e-03
5.710096785404986715e-04
8.800708897537415452e-04
4.283507138917408376e-04
1.539248547855495350e-03
1.649271674908126244e-03
2.281263766580162149e-03
3.240594927296237804e-04
4.947721388713613357e-04
5.384590422537512003e-04
7.652023611812924309e-04
5.485747800172967618e-04
3.918065123759947367e-04
1.594801259788956914e-03
1.467542577347357704e-03
6.360456895525783529e-04
9.469262182967327478e-04
1.676009827639967200e-03
5.872840824130088006e-04
1.037021967968393540e-03
8.519147442290929059e-04
7.775167232674405279e-04
5.037143501252206411e-04
8.522323816308917865e-04
8.219140523978642372e-04
1.224857025928341708e-03
6.673445060305655940e-04
1.543120100437553929e-03
9.487156268687028200e-04
1.089860645714331618e-03
9.173783284980139988e-04
6.180659117554453390e-04
9.754439876592061473e-04
1.163312862858187574e-03
3.610312826459417465e-04
6.678606190054622773e-04
4.196913218891319165e-04
5.571425169935263853e-04
9.571992225711764904e-04
8.414873428056870780e-04
6.409708364891486022e-03
1.186798555092644352e-03
1.462511688307639073e-03
1.616815765390849837e-03
6.439995776097765488e-04
4.770473785939105364e-04
9.682680120187903616e-04
1.608817451700637197e-03
4.441667760863003299e-04
7.495413165555372612e-04
3.474888809605562040e-04
1.475185793077303650e-03
4.079244965578703356e-04
6.828328781571218597e-04
6.022094295155135764e-04
1.152915811408357838e-03
1.567229031366501255e-03
8.489586356960398877e-04
4.600953743671616115e-04
1.433560727076759866e-03
8.326450475067524596e-04
8.845176002121162570e-04
2.169371254608625215e-03
1.156040202488346942e-03
7.194233505615435119e-04
7.831434241078194265e-04
1.177863034146305271e-03
1.259241574223830080e-03
2.004797238297268639e-03
1.448247558910492052e-03
1.576120900356538755e-03
5.855153982767825329e-04
3.284424976835095540e-04
5.290347400180853881e-04
3.681836507222516989e-04
1.149003882119647079e-03
5.275585113592812193e-04
4.963027289084995372e-04
1.561785506522790504e-03
1.191874940808392448e-03
5.524622509090185889e-04
7.625122824160299271e-04
3.977527174740383420e-03
5.519598170154125507e-04
5.722199033044043709e-04
5.304804655804076178e-04
8.288705365682391647e-04
3.686995769889613310e-04
1.195372916551991306e-03
1.039060354841134844e-03
1.029687340083830938e-03
9.757840379323300681e-04
1.191220519141800291e-03
4.885954283769554157e-04
1.051257528882393495e-03
5.142764428207154603e-04
2.068230957226461185e-03
9.215276170100402840e-04
1.078509885945703149e-03
2.991243783784902199e-04
9.479431607735585566e-04
8.800038716712854691e-04
1.013130026714867404e-03
2.398272741424214299e-04
5.250285083364926659e-04
9.151549895802531904e-04
2.199266235843929523e-03
1.465143585435465428e-03
9.255328757741670140e-04
1.280346689618180834e-03
1.017296931179107996e-03
2.007280248365657643e-03
6.991931249063986723e-04
9.984785188054269133e-04
5.997812172188404312e-04
1.107241406346402401e-03
7.739834595983584005e-04
6.177156254977924678e-04
9.019587455645376381e-04
1.080862234135432105e-03
9.830888458994971671e-04
8.614263956861294667e-04
5.631533445167986006e-04
4.898188382704625303e-04
1.928745998082050540e-03
1.029739528869640141e-03
1.530767282867563509e-03
7.842303812238352869e-04
7.639392945590477721e-04
5.445469585549686086e-04
1.908209361430315484e-03
5.106173487866036507e-04
1.748667502812324302e-03
1.932695744131933705e-03
3.753629323365371452e-04
6.812782004769138292e-04
4.793186835780386366e-03
1.358600763293448367e-03
4.306775135988444672e-04
2.364447824394229087e-03
3.274468692250769616e-04
1.027580711586326698e-03
1.672271429218269347e-03
5.910859200671819301e-04
7.246134763396981909e-04
5.715498189154288216e-04
2.167102681784939013e-03
1.964438891955874386e-03
5.786234652255681449e-04
2.933650970972206929e-04
1.308105411298705976e-03
1.343875961728675014e-03
7.049120878019940039e-04
5.806916775267330008e-04
1.729657546133558628e-03
3.165959383492308096e-04
2.606605760835605358e-04
9.830888458994971671e-04
1.486610406665494219e-03
2.770803717958439296e-03
1.354108086350193840e-03
1.030717343525595344e-03
8.368278270001998234e-04
7.405062672533967551e-04
5.273108966096374649e-04
5.099413013822526796e-04
2.222755605481564496e-03
5.248062444402575889e-04
7.393014333720062921e-04
4.013110454611644082e-04
5.530713467990436153e-04
5.330727307217343093e-04
6.436792297149772661e-04
1.595663136828933586e-03
7.251832696449169759e-04
1.761695154374328179e-03
3.449556242872844989e-04
5.166006206573308486e-04
7.401891279986288780e-04
1.473531716989154826e-03
4.934286422829996461e-04
6.479699477776001927e-04
7.820614090168844000e-04
5.514405519455646033e-04
2.377991020241000154e-03
7.675307626109092009e-04
6.197508729780466970e-04
1.015958804369461411e-03
4.669290915125936061e-04
9.410703420229906725e-04
6.000445580267976114e-04
6.989917356506767038e-04
3.585260503774952145e-04
1.442326080112928512e-03
6.731412134420646258e-04
7.460916197750142378e-04
7.577582552214501797e-04
1.094717177295744101e-03
1.340783110574880321e-03
1.972983256593608108e-03
1.184023781349232470e-03
7.137472288523936687e-04
4.906450828702353618e-04
1.010015927140406724e-03
1.075375394565020138e-03
8.617043318366631030e-04
1.494189838058097462e-03
7.743838768868534011e-04
6.649477917793627114e-04
3.199858655042458620e-04
6.608541686331303533e-04
6.669730893985972072e-04
8.011246997984119902e-04
5.886388094115996457e-04
2.331306937351856293e-03
4.863808147215658347e-04
1.010378080132159732e-03
2.088167871255782512e-03
8.351327034660617011e-04
3.641387263839876974e-04
1.423448304764028151e-03
4.995679233866083015e-04
9.191088219060854778e-04
1.313231553529757610e-03
6.428087328954475935e-04
1.770425974604490377e-03
3.659837704212704087e-04
6.702310114300559854e-04
4.947721388713613357e-04
9.529237419350026356e-04
3.773974815309677337e-04
8.206697096154841027e-04
3.786722941441020697e-04
5.329085251558764820e-04
1.036780058705680458e-03
2.240182693503348782e-03
4.488791961388731108e-04
5.173113587650719119e-04
4.832071418739051854e-04
1.160685840955898943e-03
5.128597537390428094e-04
7.049120878019940039e-04
7.217109999741103251e-04
2.195059737829474673e-03
1.715254571514439113e-03
8.260036442144240605e-04
6.430459151408659396e-04
6.277644158141040169e-04
5.817814332218320707e-04
7.591836618451062524e-04
1.554817945429447842e-03
1.716042310905992012e-03
3.246139438016064382e-04
6.008138993479604246e-04
4.530772615495895755e-04
7.381502933970673008e-04
6.007308796238866990e-04
6.500523647260953840e-04
7.156973440451358612e-04
1.142806155669701638e-03
5.008927012966552569e-04
3.488289949401315588e-04
6.022554514936680811e-04
1.374747792405918824e-03
9.477486897288986628e-04
6.013771085716646241e-04
1.106432702647453751e-03
5.576470980598811607e-04
1.057161807401249196e-03
1.077427080783028863e-03
3.437797553559617230e-03
5.731368470197764978e-04
3.015197922069957881e-04
5.269466942447324819e-04
5.922066803089049824e-04
1.081084889767476012e-03
5.820546360142397901e-04
1.133416937500212381e-03
5.467166635149644767e-04
3.198524743821934391e-04
6.071736071700268439e-04
7.482506652476808356e-04
6.732588570311626554e-04
3.531949362028143080e-04
2.729127570997505383e-03
9.170748697232640381e-04
3.502146400247557138e-03
6.774846206496934302e-04
1.228274032942658052e-03
5.949917453778919051e-04
6.215913868195739904e-04
5.807557971287308262e-04
1.231162365860625704e-03
5.161586868341193780e-04
5.770326151412161772e-04
4.315577431623430810e-04
2.548880533177038657e-04
2.871686754432152631e-03
5.856957916416925293e-04
5.943991774418264356e-04
1.407814395206060222e-03
1.105229536784794889e-03
6.080075704856523515e-04
1.880703477053948924e-03
8.237300419245038559e-04
6.028858904673221105e-04
2.173006581147341083e-03
8.590428574811812944e-04
1.037576790250550451e-03
4.987231117182268619e-04
9.485789340686362914e-04
8.312439899276732099e-04
1.219159000572245851e-03
3.179873263517808864e-03
9.210032053062978865e-04
3.469093250451929186e-04
2.997384437527157806e-03
5.603064642953712454e-04
6.425888446809587852e-04
5.208263306494453817e-04
5.552111058142312995e-04
7.915700530219932753e-04
5.244912156817278792e-04
1.417798799997062797e-03
8.136103373809910758e-04
1.439424332579088313e-03
8.300027256088163448e-04
2.240182693503348782e-03
3.201031265800817244e-04
5.030481388314176879e-04
6.644781552441201070e-04
1.128701085747459880e-03
1.223933663265128766e-03
4.910382186607968255e-03
1.070382222170376211e-03
6.316280875135333846e-04
1.760781056022910594e-03
5.172004908528121669e-04
3.898788092663441735e-04
7.104654814840972435e-04
1.640994558425697613e-03
1.010117242080739398e-03
9.590787887784811517e-04
6.450022376558462714e-04
1.176345804217388945e-03
1.542364864996884294e-03
2.387637769112133535e-03
4.576689765015737169e-04
1.530402291874092321e-03
9.772068532895301744e-04
6.682374682153338196e-04
2.658048376669637416e-03
5.068555133009170280e-04
2.089563608268417416e-03
8.595673617387098332e-04
2.599289774935015424e-04
9.041254210412961014e-04
1.856213055551327647e-03
5.396497051913067260e-04
4.460358906546024326e-04
2.790497223643913140e-03
6.976152639437813901e-04
6.730179694348181578e-04
6.048408790188833329e-04
8.870784402625550569e-04
6.229989510460502223e-04
5.218115752183926205e-04
4.643947489977909532e-04
1.526631861238322710e-03
1.237006955847083254e-03
1.145684144873364285e-03
7.877104614366881811e-04
8.869982059903259866e-04
3.026189975011941069e-04
1.517985955527698756e-03
7.336594269375211474e-04
2.385346642012293149e-03
4.202366101960017383e-04
1.087841654911555741e-03
6.451335574826472762e-04
8.866447419119179857e-04
1.187117356275272425e-03
9.006577245471122147e-04
1.971329142516051441e-03
1.835168280189366586e-03
6.263936796757185298e-04
1.149190715405030159e-03
4.783409689016780773e-04
1.068597664985451376e-03
8.525653155060091293e-04
4.205907664332623683e-03
1.393844905692190068e-03
1.783201015531086283e-03
2.565215330160812348e-03
1.004045716605160479e-03
1.301182248252527379e-03
7.449786469061491813e-04
1.296559594543702327e-03
2.358377102133882557e-03
1.363172024940638915e-03
8.322607473155963723e-04
1.068056342854968978e-03
4.712789732550088078e-04
8.363514553802375764e-04
7.011538268147071273e-04
9.003045264288454938e-04
5.099413013822526796e-04
4.793405712697075658e-04
8.846534789786393051e-04
7.051459393817798406e-04
4.259164294518906404e-04
1.094848300686184330e-03
1.226190940190100736e-03
6.996903042638098844e-04
4.276741777869911957e-04
1.196831884215016724e-03
1.741905881054184877e-04
5.657110415744682520e-04
7.049120878019940039e-04
4.769246662864348144e-04
7.177129688529966522e-04
1.634386140035680359e-03
1.133046680835348352e-03
1.428048145383043182e-03
6.924525008972635303e-04
4.498732523708894255e-04
9.382290975863986568e-04
1.014854091788959826e-03
5.936316688257928806e-04
3.588621356692265523e-04
8.005611466489776645e-04
3.080826750927962224e-04
1.077359988035604026e-03
9.893827840067044143e-04
1.604314619274357185e-03
1.326748161723658760e-03
8.201967884180693617e-04
5.466699668172753882e-04
1.360996056046343732e-03
8.240434865138889604e-04
7.427059670786671178e-04
1.051135402192405381e-03
4.208804288946564934e-04
1.928420662508240242e-03
6.384358930803492793e-04
1.972983256593608108e-03
5.901878629655913939e-04
7.284463286707021975e-04
5.062317530758027144e-03
4.302890775266502875e-04
1.689730600283252540e-03
4.600953743671616115e-04
8.735610321501243803e-04
8.013597112920242726e-04
6.778105655869027689e-04
8.788843647803171958e-04
8.447464696913230047e-04
2.992384331117589787e-03
1.816742094133571043e-03
1.478940016228840523e-03
6.521549036130221393e-04
8.526862839961422101e-04
5.943991774418264356e-04
4.874367816019151340e-04
6.859812740159520767e-04
1.152915811408357838e-03
6.074035636925858390e-04
9.394682202921404842e-04
5.843167824568531966e-04
6.542799794738099082e-04
5.359513660068203431e-04
2.145551845163979482e-03
1.373791785118613643e-03
8.204877012467592890e-04
1.011144191403486655e-03
3.259002412974663573e-03
2.149674378569588727e-03
1.895689545940272471e-03
9.179868646670987474e-04
9.725686478689117738e-04
8.657144859171114109e-04
2.132374442101924329e-03
2.116435904894721932e-03
9.085634034012618661e-04
8.013631212194251546e-04
1.183294745752385291e-03
7.171132444279459993e-04
3.398604190680320006e-04
5.909382622426419349e-04
3.169263272018404184e-04
6.554718765979136415e-04
5.395668448307119024e-04
2.592136363211596634e-04
1.123593812235761059e-03
6.728488052410137128e-04
1.339589913965172178e-03
1.216363777016004526e-03
4.698113839725487351e-04
9.351340197983388667e-04
6.671454628944123184e-04
7.719272461232939975e-04
8.167462923877884902e-04
4.181491883629020502e-03
4.275445169068989282e-04
7.194233505615435119e-04
9.081375282226402659e-04
1.269757614507044038e-03
1.304454635610192547e-03
1.448686890936499950e-03
4.243879412962507712e-04
5.325400533688369855e-04
6.277327077882578939e-04
4.288112897306101340e-04
4.322884638796136141e-04
9.583467229649266428e-04
1.154141129103653136e-03
1.027964330860048695e-03
3.980518578227442220e-04
7.424547701386023353e-04
5.136467623420802858e-04
7.004939971129277645e-04
1.038260088234322026e-03
2.579261551343826290e-03
1.289878148702600959e-03
5.218115752183926205e-04
6.555402158935893847e-04
2.021370478909587098e-03
6.968783045442413383e-04
2.012360510442551872e-03
5.293923602894460125e-04
4.903825405175323525e-04
8.267742540095586760e-04
5.071651266002883719e-04
4.480138034426076727e-04
8.671150872665307069e-04
6.487024949828563763e-04
5.436176735285690002e-04
2.416515476379855858e-03
4.349235960557263519e-04
7.659004251763403383e-04
1.101237226230676039e-03
1.015095195609849862e-03
2.148514598628876743e-03
6.185367445642334441e-04
6.008138993479604246e-04
7.170371453791812540e-04
1.154467760281530824e-03
4.765790121529153169e-04
4.292219567093833485e-04
3.253528108675485600e-04
1.000143803079826159e-03
8.006565260811459445e-04
8.570497566441255283e-04
7.982456579100031136e-04
9.980622794514228038e-04
1.014735285436827936e-03
9.190571802465339864e-04
1.487566036487008789e-03
1.306701218793749134e-03
3.038944205601883195e-03
1.467436459648596443e-03
2.418834575518114417e-03
9.410703420229906725e-04
1.010786707983361236e-03
4.033140928068486264e-04
1.337013013119336740e-03
8.270027074612103495e-04
3.287773232915659218e-04
1.948525429113767303e-03
4.487517123180341473e-04
3.679538058070231234e-04
1.015545805103079549e-03
7.723100489707794818e-04
4.904809743213411162e-04
1.757262838853106439e-03
5.571440408034361276e-04
1.023376199391079489e-03
1.051667099687096305e-03
1.296548295015219083e-03
2.148514598628876743e-03
2.309423958506666950e-03
3.901037798302121125e-04
9.901362355856156532e-04
6.807768132362598161e-04
9.889102948787359751e-04
9.359940301939751383e-04
4.344097541501846507e-04
1.561785506522790504e-03
4.277673096494287778e-04
1.800679229202349066e-03
7.189869145329900449e-04
1.872289613111656134e-03
2.937703042639880184e-03
6.722893561256453173e-04
8.138647364776144342e-04
5.427025239316168913e-04
1.057232003093110800e-03
7.631570544544485305e-04
4.580750026294720602e-04
1.411869749880614909e-03
9.509575263524442648e-04
3.728587345585338995e-04
4.986817324758987873e-04
9.575602288348981743e-04
2.554716240989369364e-03
1.207052899763006197e-03
1.001036020778894951e-03
9.349891007472987438e-04
3.472251482373778816e-04
2.283215229828995142e-03
8.931781241828399068e-04
7.054961897675803483e-04
1.124608339391259702e-03
1.186798555092644352e-03
1.428534557013292445e-03
1.118404339473750035e-03
9.203355875773796451e-04
5.171648245418552278e-04
1.930663520539216979e-03
1.037021967968393540e-03
1.381731528591996754e-03
7.665729227725055208e-04
8.872888875074078086e-04
1.942936813803866885e-03
9.179724813657434614e-04
6.584388702762552625e-04
8.649791734391225340e-04
8.516962779962070941e-04
2.252159900693734979e-03
6.409192756484311578e-04
1.227747194022918995e-03
8.694665772423146571e-04
9.062146503990262158e-04
1.820205491004804610e-03
6.520422877892770308e-04
8.793269639113754583e-04
1.432486587177249924e-03
1.062542176765524180e-03
7.425592406043809860e-04
6.694816321662056501e-04
7.597359598164444118e-04
6.231543191628753859e-04
7.410151590349555936e-04
2.802705249672385150e-04
6.008348250921398620e-04
1.196617483796511396e-03
4.022330288774769573e-04
1.215928116430460559e-03
6.444123572506120371e-04
6.881167399921039526e-04
5.877710205476606399e-04
5.393847766822573112e-04
1.191955999637069703e-03
6.778105655869027689e-04
5.193302579319932855e-04
5.396368292215521223e-04
1.339813698190986391e-03
1.866792192084155803e-03
4.155271813321221772e-04
5.295306705474732076e-03
3.841890391378584312e-04
7.181944000112621936e-04
8.778272171154794272e-04
7.387955241392810124e-04
3.810477649162727636e-04
6.113923082552495496e-04
1.051667099687096305e-03
7.185468013256610196e-04
2.271814684621781613e-03
2.340638306430472063e-03
4.155444192383381686e-04
9.835438248785527502e-04
7.412998946787988791e-04
4.169448397431506511e-04
2.319470323375858768e-03
8.156355289785426023e-04
9.156899225369315252e-04
8.741114132942202518e-04
9.941802634355412834e-04
3.579804928719192061e-04
1.107706171082688132e-03
5.319102292029761732e-04
2.498427457060944327e-03
2.617978931214231999e-03
1.390184994208326381e-03
6.176200099618411789e-04
6.101365692160529283e-04
7.159362434976402614e-04
1.514625828228776923e-03
3.098380227811837941e-03
4.676040752172081036e-04
9.479431607735585566e-04
4.731522693386752904e-04
6.785162862460022634e-04
1.199865788303493058e-03
