3.690162910071343567e-04
8.593283699950933973e-04
3.060405008465064570e-04
7.432289152202000478e-04
1.098836533590954795e-03
5.202643263711226101e-04
3.531595774635114412e-04
6.095086356905553499e-04
6.159838834475291763e-04
4.948616013382790618e-04
1.715589673524069636e-03
9.918991357725423768e-04
8.133561757760579851e-04
1.080480946597701247e-03
3.126140543187011338e-04
8.230668320797843163e-04
5.888054543041168661e-04
1.489142054215277823e-03
8.953169347719800407e-04
6.830053009163926988e-04
3.887300980664885235e-04
2.381085239682872307e-03
1.103507519929121557e-03
1.065217497651617211e-03
3.140261622515567183e-04
7.668996701634250021e-04
4.271347971899139284e-04
5.244996060442697755e-04
2.821572661700786234e-03
6.173599322676645920e-04
1.023819634647458749e-03
6.039565542664297390e-04
5.608543736105594353e-04
1.145484116010992912e-03
6.678415748794215914e-04
9.354662671581955545e-04
2.681457692137809569e-04
4.248988775991510074e-04
1.727862464374181183e-03
9.612670738829050265e-04
6.553926184956613459e-04
1.105608022142747166e-03
2.889401448782215700e-04
6.206937968063892981e-03
4.949897176072489465e-04
3.726781730138310571e-04
6.808966501211596595e-04
4.114098765634437963e-04
1.077813638389795402e-03
5.289534125004429800e-03
3.666224599390394785e-04
6.238122990247512052e-04
7.965372134149818067e-04
8.144247080984338451e-04
1.372323818241139503e-03
2.628142522041427643e-04
1.015680849634573342e-03
3.000313818858289013e-03
3.475349276574000437e-04
7.738236026836200045e-04
3.939558178315969751e-03
5.053038001757677918e-04
1.189868379971850600e-03
3.916847703886851360e-04
7.114389450336752307e-04
7.295991306794745576e-04
4.635570055929954343e-04
4.076329473709055227e-04
6.852738030734669078e-04
1.000646007533668785e-03
6.407437341522790502e-04
1.524687034441680675e-03
4.030537704894044011e-03
9.092067077455142894e-04
2.670361251416172388e-04
6.086095745252728152e-04
5.966903495839103030e-04
4.427827660150687218e-04
1.639395049873804827e-03
4.158892346741193996e-04
4.435597031483198968e-04
1.662537009241640612e-03
3.034591870439136787e-04
4.496319337121916352e-04
1.014685735195274864e-03
3.647891838427206896e-04
1.021139997397009502e-03
6.136531885678294567e-04
5.697214116146082042e-04
5.142194342678073739e-04
1.973529815691227578e-03
3.696524470202945233e-04
2.532316245653711841e-04
5.202643263711226101e-04
1.122127544447285540e-03
1.436127715490119125e-03
3.760097929594922962e-04
7.267379140647083416e-04
6.248812951175146098e-04
3.333169318758131736e-04
4.475695284714185191e-04
3.772087141843365318e-04
1.015680849634573342e-03
1.346952605718101980e-03
7.042253075686438941e-04
1.087952697626387967e-03
7.053964525941163258e-04
4.950564457659085722e-04
1.679843189716573489e-03
1.398510465786331975e-03
1.025281857000559342e-03
2.176951148028974815e-03
2.628142522041427643e-04
1.575532455497519841e-03
9.362575681096151417e-04
9.573487665623436676e-04
1.438630411542806981e-03
4.366208800116406835e-04
6.348307558067542780e-04
4.865293540911843555e-04
2.632277342061036755e-04
6.190828380495263334e-04
5.123255522464694725e-04
1.263347702866990472e-03
4.271109180329104010e-04
5.307729346434915006e-04
1.183747075815769429e-03
1.873123124385908016e-03
4.930912368509761954e-04
4.677199896670879847e-04
9.469503823834007732e-04
1.511641142738050746e-03
4.061588905568123725e-04
2.770136715859327519e-04
4.626702832412313998e-04
2.671939055109642889e-03
4.393114593244449163e-04
1.878026673928129102e-03
4.475335755856101115e-04
1.305149375523997988e-03
6.625870980686010547e-04
7.979127267352817757e-04
2.647409593979342148e-04
3.572789326071805992e-04
6.740044935750601294e-04
1.015680849634573342e-03
3.512760899549271631e-04
3.872473269227371599e-04
7.545022521313492127e-04
9.794911764506035630e-04
2.035902713627574159e-03
6.904332884901857956e-04
3.342139089360249499e-04
4.197780221144943634e-04
2.463671963596327473e-03
1.751651750655755773e-03
8.173949848876989983e-04
3.312165101610248697e-04
1.225434124998409265e-03
7.872443226519836761e-04
3.264573789651015363e-04
5.321590374897815006e-04
5.754499429991367975e-04
9.723514369895103204e-04
3.309248669201354689e-04
4.127568368353616026e-04
1.528945741866788357e-03
4.397094846500894708e-04
2.301614749342718088e-03
5.807947356819756620e-04
3.661558874780041243e-04
7.230090089747104494e-04
3.317258455159511439e-04
8.975091126507106151e-03
4.030537704894044011e-03
8.292664796067665718e-04
2.366001283128023585e-03
3.608645408994274814e-04
4.785402011558875291e-04
3.207446061692357684e-04
3.393481176569383521e-03
1.029255561026681679e-03
7.429969113412513782e-04
1.007962608646162817e-03
4.631464000047134347e-04
1.149437963901769715e-03
2.516571450816032507e-03
5.771972204302481613e-04
3.380461710504972751e-04
7.265853965265679521e-04
6.195931730507771469e-04
1.270588672982893167e-03
1.117312052337356316e-03
1.236641556602491440e-03
1.416215492681392176e-03
8.321758803157314373e-04
3.801185492524311702e-04
5.814997570229296642e-04
1.099003814086688558e-03
2.531289819529469395e-04
7.917581720134074692e-04
9.290542837177026645e-04
8.611926124148925514e-04
7.456491930677532206e-04
4.665589696496416140e-04
7.463505186905841984e-04
5.511604975802329590e-04
1.149718287842740622e-03
5.383464272839577668e-04
3.444159759328346750e-03
3.803106833183196481e-04
6.754448495101021081e-04
5.222380482740327304e-04
5.879742214417802825e-04
1.339952711547704811e-03
3.160228091701362818e-03
4.177513504859184509e-04
1.665067539979336528e-03
1.260969247639786520e-03
8.640161639570503047e-04
3.758859254126160681e-04
4.853134311949813796e-04
5.434731747190568686e-04
1.240209466939531024e-03
2.883027974798677245e-04
4.179980027623634090e-04
3.059522137212025879e-03
6.672829084057671110e-04
7.264646705173347053e-04
2.443382096392947463e-03
8.669343733184436268e-04
4.220811505461504560e-04
1.288362764199297954e-03
1.191540833310164626e-03
4.955292172478146595e-04
1.726957320980166593e-03
7.252770780120971908e-04
2.880357658229546879e-03
7.767808945204863558e-04
5.675035155613492727e-04
3.433661619222159837e-04
4.764856659841549386e-04
7.302463975859270050e-04
6.108089517507860489e-04
6.304494877976156084e-04
1.019319302834737623e-03
3.786192984917772088e-04
8.338211969763082007e-04
2.432395075265087413e-04
3.894715425751579373e-04
8.589130081216239188e-04
8.820489235650506854e-04
6.709237647687700404e-04
3.521057421526967916e-04
8.717468061975783798e-04
5.287484292988157888e-04
4.815885915022023321e-04
4.194457594585738894e-04
2.954215971329821424e-04
1.059056999497204029e-03
6.870687682442613809e-04
4.447339386724219077e-04
3.890609456034962131e-04
1.103003336171195234e-03
6.784352426513315555e-04
1.366544152270165579e-03
3.900337894582458706e-04
1.349914484409298282e-03
3.755030871806329731e-03
3.898772010745190763e-04
2.366243187450412910e-03
1.100322059137618996e-03
3.730961338076054109e-04
5.058741127890343126e-04
4.732887491219602504e-04
4.356262825616582005e-04
4.514086586026361172e-04
7.345015679628621053e-04
4.670543700642563155e-04
9.319766870977751021e-04
2.346559863128033253e-03
5.867756586643666384e-04
1.090466776374598079e-03
1.235688582932618386e-03
8.764482412181043508e-04
3.348725024239944999e-04
1.539219617338016084e-03
2.139606392967692301e-03
1.096765669163848010e-03
4.197951500150508795e-04
1.280279805068231750e-03
4.861903507969203260e-04
1.653102393703458116e-03
4.455921677814179624e-04
1.807555788230496251e-03
2.513512974919380658e-04
6.304377675258064423e-04
1.149718426381924220e-03
3.184420359295314293e-04
1.118458194964730684e-03
8.785660124745387671e-04
3.892217082156823127e-04
3.747558819381635576e-04
4.805838013851447435e-04
7.805287244460546369e-04
4.531249507030391953e-04
5.890163435689443850e-04
2.667452913726901169e-04
4.458941930475302830e-04
4.264448862479163068e-04
6.696392337600090474e-04
6.886317838739005638e-04
4.996476753833417909e-04
1.154628975573259537e-03
9.200481174007180780e-04
5.136489183826083637e-04
8.451751394596415190e-04
9.915569082279021649e-04
9.185915867975041026e-04
7.956744522374942100e-04
5.677237329636072470e-04
2.440897518129895357e-04
6.331664812227119632e-04
9.106113091187614849e-04
1.034973157829651921e-03
5.757707675271260279e-04
7.770825162876358102e-04
5.703339402654042899e-04
6.314411629430345544e-04
5.231305965703944441e-04
2.138834129752293593e-03
6.804443655184592423e-04
6.438442763681759273e-04
1.185632696646972579e-03
5.727557501996205112e-04
6.670689663194557043e-04
6.739429578549230564e-04
3.363395385230981373e-04
3.567564486321907614e-04
4.229369521917609900e-04
9.290806082895664919e-04
4.422105826973237244e-04
2.411128111647662753e-04
6.773584776700621165e-04
3.292954530850981509e-04
4.535991950679095302e-04
4.452982520111620516e-04
1.021520182807831526e-03
8.920038624576582869e-04
1.481964644371475343e-03
6.259021969686892010e-04
5.249744919396257458e-04
6.551124495674573835e-04
3.769494067180821314e-04
4.260215154153072824e-04
3.258799122051651387e-04
7.520659278362423024e-04
3.440002511961088487e-04
3.188009721617513252e-04
2.807250966561532484e-04
7.007148716788747650e-04
8.969121300080793151e-04
6.708757009503905347e-04
3.201881929689104410e-04
4.097521998744835985e-04
8.970766746173491945e-04
9.661435255153688877e-04
3.561359342588780747e-03
6.257544680184675811e-04
4.890409354608698383e-04
6.208090137004667036e-04
2.945145639171728382e-04
8.839675109474951853e-04
2.077840519268276450e-03
7.063719530036856407e-04
2.481020700346614049e-03
3.269804381640534566e-03
6.431346357444182220e-04
7.736813717496689386e-04
6.899230570208654068e-04
4.165377498380305613e-04
2.293839305243568097e-04
2.781796711989998217e-03
1.290235511593666338e-03
8.798864652173822749e-04
3.876280569649240932e-04
1.494167457974714163e-03
6.225201047307317870e-04
1.846138244571846271e-03
2.652974601079892566e-04
7.028381484787113226e-04
7.615059811571571425e-04
3.730961338076054109e-04
5.733556675728237366e-04
5.576180088592218006e-04
8.186106862198866841e-04
3.981943466335806066e-04
3.058305901110231016e-03
6.625847139307294463e-04
4.095619623402183820e-04
5.362408363534438595e-04
7.763448906270315353e-04
6.625870980686010547e-04
7.109577994237002143e-04
6.077908153024364369e-04
5.799834076861171313e-04
4.144000205334037431e-04
6.225201047307317870e-04
7.690616111503516001e-04
4.084178506454028070e-04
1.714053582163972082e-03
3.555111312759760161e-04
9.948722070989976171e-04
8.690569334583919583e-04
1.085086878282172981e-03
3.760097929594922962e-04
5.890163435689443850e-04
3.423755013234212668e-04
6.941218880287795432e-04
3.929898075292462181e-04
1.172192225390437936e-03
1.060520286640344832e-03
4.902867113701804688e-04
4.412696617089597001e-04
7.748666969340170388e-04
7.123041128149410666e-04
1.332426657005908498e-03
5.083089549665597813e-04
1.782243343666754321e-03
2.770116289263761691e-04
1.765588431527212411e-03
1.886947665680581117e-03
3.419097530384895248e-04
5.821227210658173196e-04
1.351845431123296091e-03
6.809599105692545158e-04
4.280474880626900652e-04
1.180696966513674609e-03
5.106548372622834097e-04
1.240119605536446970e-03
2.791610754741478875e-03
1.440494075224698495e-03
1.156750616900758784e-03
2.851853732042012408e-04
1.642301490333493517e-03
1.070324671878861459e-03
9.554482934228906033e-04
1.286158814700710026e-03
7.543173635431841715e-04
3.527320389897950319e-04
9.904469390192090390e-04
2.446915496418792710e-04
1.021787805273650842e-03
7.177931126721769171e-04
1.338510556156095356e-03
5.539620933239427234e-04
6.913943421364784512e-04
2.278674540281839730e-03
1.699789622132700118e-03
1.082218904004752591e-03
6.349156484029674962e-04
3.457678578382499500e-03
8.701273253901689641e-04
3.378136440345936697e-03
3.280967211077922153e-03
1.062049750072007566e-03
2.843117592562122999e-04
6.583640231615387004e-04
1.111188723176306098e-03
9.754074039013742271e-04
3.319377052305451620e-04
1.204885329556057080e-03
2.832370296688731378e-04
1.869973353486166154e-03
4.042648461960873124e-04
1.358336739439387026e-03
6.996669920649900998e-04
7.555138516657760716e-04
8.939649638290462184e-04
9.195559057450398022e-04
9.873071066441951957e-04
5.951765179666659725e-04
2.979862573351529996e-04
4.038737369549297122e-04
3.145526576126483702e-04
4.106335019324072418e-04
9.251156894121316662e-04
6.033712495846456011e-04
6.249452442564461382e-04
3.822704763249704443e-04
5.557984660277765160e-04
1.029282943971957746e-03
4.455921677814179624e-04
4.107893973874582262e-04
3.222852994032905909e-03
8.270057434331178157e-04
3.314969938006817477e-04
6.534611205808759423e-04
5.587403503609988465e-04
6.194077860691199391e-04
6.675536228845064353e-04
5.020449410647969367e-04
4.487802302604205627e-04
3.769494067180821314e-04
5.639784953535054201e-04
2.367135842325832594e-04
5.595343299411187918e-04
3.160676676777128221e-04
2.954006736176011767e-04
5.988080681380633782e-04
1.111756170688804222e-03
5.738853777725616036e-04
8.955649393089849288e-04
7.777927697953630022e-04
1.232670884219878903e-03
7.983252240492610344e-04
1.005423144567007534e-03
5.026569943736377720e-04
6.070681495455674398e-04
5.099007865793929624e-04
4.772071186642985480e-04
3.864752137257215303e-04
2.562413252079096351e-04
3.436612000124736506e-03
1.329332099264279215e-03
5.523015908988308928e-04
8.133918619923941355e-04
8.792054293105146376e-04
2.090972580317347531e-03
3.121749122981709069e-03
8.669343733184436268e-04
5.383866424715844697e-04
4.731381367413050286e-04
1.194480707081441726e-03
7.831523917035486783e-04
3.033597579926827878e-04
2.308368786205035848e-03
5.081350531606679787e-04
8.487010873956664326e-04
6.048153790361595304e-04
4.526260310304689653e-04
5.954310569078009527e-04
6.169551240435210918e-04
8.039821852196693151e-04
5.544714608824395912e-04
6.338473771799319183e-04
2.317441204428631954e-03
7.296931911514132826e-04
1.064243553174617964e-03
3.316233857299916415e-04
7.655887881322171384e-04
4.551269152734415432e-04
4.731381367413050286e-04
1.391760162025247735e-03
5.512033949847467340e-04
8.179875254688967479e-04
3.494269645345471874e-04
6.491815837310324546e-04
1.783370587036625307e-03
2.588571928897711802e-03
6.583226504156336001e-04
6.020895529921752596e-04
5.801060463557896956e-04
5.545767794628641374e-04
5.673956250848014634e-04
4.200508886381677624e-04
5.437475976335412464e-03
7.601727671646402520e-03
4.250488124044658842e-04
1.141102212871389528e-03
3.269429641270479338e-03
1.109495735054757135e-03
5.774516007736506468e-04
2.251855787225455919e-03
5.181294510100481953e-04
2.111572041773814370e-03
9.005828311729834447e-04
6.791864563647639300e-04
5.982890610241417984e-04
1.071402775402386992e-03
1.054902384812701375e-03
9.771362591552608130e-04
9.478344550448863665e-04
9.362575681096151417e-04
4.474045359567238134e-04
5.757579971036190557e-04
2.845386040932277845e-04
2.994520342471317337e-04
3.408327503998065128e-03
5.617977353375050269e-04
3.577344379201950753e-04
3.271330072518612345e-04
3.448274081246010332e-04
6.758684355992561430e-04
1.281452875936637224e-03
1.340120699485114128e-03
3.344281990182281709e-04
3.148656546616705135e-03
5.092916904642337886e-04
2.998422066118907703e-04
1.637364296098048951e-03
1.466515437713184541e-03
9.135071416838125031e-04
1.418303180267207727e-03
2.169357140937431660e-03
4.357568231764544979e-04
4.561071591751943220e-04
4.754307224387565971e-04
7.767808945204863558e-04
1.060770143997959115e-03
8.077254759196574388e-04
5.642786748602303957e-04
9.137472108891684514e-04
4.927162769381454067e-04
5.271720434896254347e-04
3.043087279019717362e-03
8.037263928297099999e-04
4.179980027623634090e-04
2.546789673423935688e-04
1.498579424382421666e-03
6.186502777679954478e-04
8.549388796974166562e-04
9.975344097223283382e-04
7.844388780210918540e-04
5.816952187161061189e-04
7.853987763898132024e-04
2.296452613050986320e-03
1.011951763652672431e-03
2.659092230071783618e-04
4.205964702184745866e-04
6.846527858238926146e-04
2.298769082128516647e-03
9.739851753133233403e-04
3.623181761795218002e-04
6.615475543820395835e-04
8.100939502745081820e-04
9.825960429437551828e-04
8.361287316550463375e-04
6.792109753841440827e-04
7.209348589825125128e-04
8.680380872710678807e-04
4.848261610457716038e-04
6.317510912396177847e-03
1.208868387154391757e-03
1.298929905339044500e-03
1.703731541684519717e-03
2.300836496803510770e-03
8.164092397287663885e-04
4.871139101995147270e-04
2.820757089835383398e-04
8.027902936278905055e-04
1.255334477912895333e-03
5.119532404024449085e-04
7.180338494389471070e-04
5.880661198914145489e-04
2.089214747110105868e-04
1.081461233599069916e-03
4.228887140564114785e-03
1.955276376208929176e-03
1.160213747526786130e-03
1.397321031146023891e-03
2.933838198607939800e-04
2.075117996811052558e-03
2.444852960395189770e-04
3.739360148631871842e-04
2.454016541927374882e-04
1.064243553174617964e-03
4.083458103315383146e-04
4.787339935222781860e-04
5.031573083203887044e-04
1.123470451084677968e-03
1.099409513437066494e-03
3.151760476874992055e-04
1.046130010522589677e-03
5.579769346503507792e-04
6.599957690343826421e-04
1.149437963901769715e-03
6.234181288542565156e-04
5.995360411367167686e-04
6.088343108908225720e-04
1.788998955959454152e-03
7.387699956867199366e-04
5.734928513185452714e-04
4.164791169707693147e-04
1.067830765171021244e-03
2.632664672452924345e-04
3.022128926795479131e-03
1.245912013967183591e-03
5.350516483819867022e-04
4.028907548904768834e-04
1.799256161733508693e-03
5.033166303682685061e-04
5.536915324698454864e-04
2.298769082128516647e-03
6.132865701757121962e-04
5.446808886376194045e-04
3.964565568556873212e-04
5.282383094861435200e-04
2.965243304160216330e-04
8.649189580072868914e-04
9.454182696891277535e-04
4.907284148678929233e-04
2.832370296688731378e-04
8.220901159984928593e-04
2.033410410016030494e-03
8.081965369001751012e-04
1.415214637872108574e-03
6.760329196832544872e-04
3.636577449725863641e-04
5.163996775387827420e-04
2.878179641007333283e-04
1.378558743783915097e-03
8.142207474300955112e-04
3.633242587505930475e-04
9.942576536127105229e-04
3.959368902936053294e-04
7.614152127945981183e-04
7.706780826347296894e-04
3.443741851489753544e-04
5.026569943736377720e-04
1.029330292478149297e-03
6.241939844845197224e-04
7.647582841459672114e-04
8.661544955636808589e-04
8.500260456796029322e-04
5.342725867902367587e-04
9.125709429700356321e-04
7.993020100058958501e-04
7.670984963881707138e-04
4.891102130299113766e-04
4.069138632355212386e-03
4.808253843676236041e-04
6.795953396941501563e-04
1.912285362803307041e-03
2.288078998039492931e-04
5.773392648623579130e-04
2.493359552014548768e-03
7.978842892759074878e-04
4.635570055929954343e-04
5.675035155613492727e-04
3.397602184058066098e-04
2.197879070577856298e-03
3.105104781071600976e-04
1.069848860991063581e-03
1.318967028974574142e-03
4.664293832574990632e-04
4.114490613638658277e-03
8.564386975638216487e-04
7.983255574510469228e-04
3.893132711113099064e-04
8.443052004755383522e-04
1.715589673524069636e-03
1.452588827186857738e-03
1.290250173756450798e-03
5.944494727792252065e-04
2.708583030033257324e-04
2.139606392967692301e-03
6.225759544208889955e-04
6.503228213754966422e-04
5.987312062375793392e-04
1.050975714440110370e-03
1.095446185730032185e-03
3.042829282345085829e-04
5.317683719406182327e-04
4.296022472425821588e-04
2.141904808534655599e-04
9.131121897834110950e-04
1.074125882082206315e-03
2.874775151791957462e-03
1.586319775648144768e-03
6.705814298218770470e-04
4.191665716934880729e-04
1.502138744199297540e-03
1.071031153181561902e-03
4.476417482693728742e-04
4.812061043142085571e-04
7.433964249779228704e-04
4.311721604487176915e-04
6.429428279945297031e-02
9.105433015371965652e-04
4.124891870968264086e-04
3.358502457099689234e-04
4.587875202753560516e-04
6.962701103824135230e-04
3.562366065960063770e-03
2.442031893976290020e-04
1.683282316384684214e-03
1.979740670953771074e-03
3.446456452621305972e-04
2.747672263922871670e-04
1.100885267970098599e-03
9.591356650673095582e-04
6.931791123402330753e-04
5.501963030329015897e-04
3.896079070445797299e-04
1.250939442169538788e-03
3.632713047328474886e-04
5.658821005169637581e-04
5.114885732201617050e-04
4.027846995116323185e-04
1.425672091934684048e-03
3.349927369306176725e-03
4.699335732717915977e-04
8.684858298434011388e-04
2.615751823254712917e-04
8.095300848897030513e-04
1.119381342900680311e-03
2.032192622569410027e-03
3.587591308538808435e-04
1.454447024724406321e-03
7.412801831764463190e-04
4.253249280082907458e-04
3.685830256762366000e-04
8.202131117846691698e-04
1.016853754347986924e-03
5.231305965703944441e-04
5.226889368894620551e-04
2.470577804778412590e-03
4.045907768219908214e-04
1.312949461763526391e-03
1.671002444845301428e-03
1.007962608646162817e-03
4.361459925573496575e-04
5.446808886376194045e-04
6.909621728415901503e-04
5.680127734123088150e-04
3.880328616025041470e-04
9.706210830200844757e-04
2.369426945284323904e-03
6.791864563647639300e-04
9.386203840906569935e-04
3.348849653892268120e-04
3.390793836613074735e-04
7.940970202246602815e-04
6.353233037492619917e-04
4.367310132830205609e-04
4.010041682026967234e-04
4.509241473654993686e-04
5.932460808135712940e-04
7.111028052574749382e-03
7.265503064638215115e-04
3.650398478240949999e-04
6.463125070305718398e-04
5.604441586542928313e-04
5.917733110791338885e-04
2.399757581834363813e-04
8.504433973417144244e-04
4.970366265952131778e-04
3.936668438303452607e-04
2.577148015420408032e-03
7.831544958668680643e-04
1.053825618524156359e-03
2.288078998039492931e-04
1.637530012654662796e-03
8.060495977661880909e-04
4.561071591751943220e-04
7.155384262890450171e-04
4.552369766434423643e-04
1.000854518121703984e-03
1.030897522412455546e-03
5.807041661271098191e-04
4.068374023438804969e-04
1.943782672998366472e-03
4.345283559383747787e-03
7.851329399884173074e-04
3.659163247306253491e-04
6.160843015774633384e-04
7.430773004119086474e-04
2.885107789451854402e-04
1.656412049998665917e-03
5.030888309215602412e-04
4.599816521254743206e-04
8.332885057209825147e-04
3.738976698018765484e-04
1.311313018873405591e-03
3.400708746173913030e-04
6.749600892670628736e-04
6.288194024277803064e-04
5.658821005169637581e-04
1.677675614324505762e-03
3.259888294094543488e-04
5.879884071462468473e-04
6.977357147482318462e-04
2.262840728238305500e-03
7.120369985263662847e-04
4.333008885181108814e-04
3.670236889121839853e-04
8.852578952544703540e-04
3.943811903955259687e-04
6.544291078020505895e-04
2.147555622752731104e-03
5.809866844634624947e-04
1.199381506874900574e-03
3.771218206024446753e-04
1.290235511593666338e-03
6.843730494104878015e-04
3.979024449468569736e-04
3.542539286328526466e-04
5.977920527800117912e-04
3.545801997084559458e-04
9.247897991607189087e-04
2.597034637018592624e-03
6.993749910149476244e-04
6.152667549767844865e-04
3.191283127416998447e-03
3.837742774339377772e-04
4.645719755938034368e-04
1.097759627560350709e-03
5.070162052794475191e-04
3.455152342387132389e-04
2.435369562546241034e-04
4.027683500822075435e-04
4.050696561462465285e-04
2.180740526353524590e-03
9.283858530929289766e-04
8.218660348164285841e-04
4.978262756143709937e-04
4.664552229266206908e-04
8.057911617425356351e-04
4.117148500596430464e-04
5.898195128068165404e-04
5.753821001144713339e-04
4.261646341035413570e-04
7.199641316397091366e-04
4.742626082473845139e-04
1.964584127737889832e-03
8.062645066501915314e-04
3.787871862273829108e-04
4.326036240195092340e-04
9.028169343906053326e-04
8.785660124745387671e-04
1.180153901908486238e-03
7.223646224236644460e-04
4.255583848698324357e-04
3.950225257926253406e-04
5.207610647687653397e-04
6.132865701757121962e-04
4.027846995116323185e-04
1.152571600492298051e-03
6.070681495455674398e-04
1.174273644622535672e-03
1.364376437030439442e-03
1.159195792398257270e-03
4.403185416767172421e-04
7.501528152559388445e-04
8.332714792346397224e-04
5.005476042957978126e-04
4.750038206586043241e-04
4.773378302084203351e-04
6.581919452137466016e-04
1.031933651198459157e-03
1.064448526285388490e-03
1.857546133635946343e-03
7.131291044023305940e-04
4.739746443400514198e-04
4.417753676678605034e-04
8.592001278672927768e-04
1.778360029058642959e-03
1.571330168620137073e-03
7.498158779569779817e-04
2.051943847956088241e-03
9.463387622152077440e-04
7.134026373747979306e-04
5.333387233414057160e-04
5.171722926569254824e-04
2.237163112737351051e-03
2.897709745423950370e-04
2.493029212196171563e-03
3.584150043671794185e-04
5.625257912835503193e-04
7.348933766889685637e-04
1.169305709551488352e-03
4.214651396243513509e-04
2.226055882118083769e-04
5.708897287159037971e-04
3.413172740853915883e-04
2.242697284330821405e-04
3.958007424911221591e-04
1.096076929118175274e-03
3.664573429877786325e-04
2.614706639073369589e-04
7.959205139201855784e-04
4.186648483874676066e-04
4.314308175231820796e-04
5.177556844055106883e-03
2.577148015420408032e-03
1.070729853758407586e-03
2.036992085892428642e-03
9.131531161438803104e-04
1.120611022437285192e-03
4.867384196368774530e-04
6.655298969562336697e-04
4.931944340398898259e-04
8.932514834615916865e-04
1.378558743783915097e-03
4.980384506715958715e-04
6.489977828562044568e-04
3.180564598382697758e-04
1.083463503537573187e-03
7.359187766896385045e-04
