1.470850923666741255e+04
1.605626511268619288e+04
1.525329825808984970e+04
1.595469330865855954e+04
1.434708166588866698e+04
1.539900669315321466e+04
1.505173479154468441e+04
1.597226870236018840e+04
1.595754050296436799e+04
1.580302412662878123e+04
1.465322344047012484e+04
1.536438695575397287e+04
1.616801920234985300e+04
1.499972087016119258e+04
1.616184336248958061e+04
1.561896752433259462e+04
1.581160665527212223e+04
1.532279011839554005e+04
1.542414184012897385e+04
1.584579095015428538e+04
1.594875723199469576e+04
1.496057790506054334e+04
1.544128520865043902e+04
1.618690405368240681e+04
1.576345361104593212e+04
1.621544630652569685e+04
1.509334691104577360e+04
1.583636209204398438e+04
1.612840167429705434e+04
1.558394528890206857e+04
1.619653660583959390e+04
1.542993238568107699e+04
1.583086777556990091e+04
1.576360597184710423e+04
1.602398563254472174e+04
1.612592377238713743e+04
1.552686464459883973e+04
1.618019113253084652e+04
1.502718938016858920e+04
1.596830419626595722e+04
1.453134589938787576e+04
1.540550227012752111e+04
1.626036713108259210e+04
1.598739419492828711e+04
1.614987995132963624e+04
1.618593919382314198e+04
1.521672060014837552e+04
1.586561269965901374e+04
1.585212669841396928e+04
1.602385504389511334e+04
1.577708999804730774e+04
1.610082809506140620e+04
1.582936921076513499e+04
1.603009526440939953e+04
1.614924870418311366e+04
1.440287837884826877e+04
1.589134460274110461e+04
1.488237574074065560e+04
1.606584067919202425e+04
1.616404781543001991e+04
1.590149728532725749e+04
1.617903052511368151e+04
1.504822693620806240e+04
1.495367523317796440e+04
1.598739419492828711e+04
1.624736864791963308e+04
1.562665628012410525e+04
1.527717506615485036e+04
1.534972225105654979e+04
1.611575927927511475e+04
1.586590469942821437e+04
1.485163275309972596e+04
1.609375688992641881e+04
1.579694064169830563e+04
1.558912470277675675e+04
1.567340167357901009e+04
1.590062708615749580e+04
1.555365504785585290e+04
1.558931591019109692e+04
1.624031613968530655e+04
1.556617679795580261e+04
1.621842695082850514e+04
1.591373213537956690e+04
1.567163659744219876e+04
1.621077998789203593e+04
1.600482354985364509e+04
1.565575838552891764e+04
1.483696638263257410e+04
1.622075278852832344e+04
1.539992953246708203e+04
1.490583148246973724e+04
1.603667335084493970e+04
1.593630364507144986e+04
1.617659411610595635e+04
1.609003689466736978e+04
1.546138605877167720e+04
1.599362018211336544e+04
1.620529032542568348e+04
1.619732828196253831e+04
1.537314911005199247e+04
1.571182207444739834e+04
1.550803441562740772e+04
1.534290133309386692e+04
1.549302569286915423e+04
1.487734048641940899e+04
1.603716806925672427e+04
1.609106375381903126e+04
1.567083009595915973e+04
1.487933401861530729e+04
1.553985837845592323e+04
1.388281133105958907e+04
1.623114741531537766e+04
1.623834590602893149e+04
1.570602129242300180e+04
1.622899439936292038e+04
1.518401639285179954e+04
1.574001414017653588e+04
1.497865584881350514e+04
1.424037467830350397e+04
1.566900331703405391e+04
1.614211771265996140e+04
1.613781667521301461e+04
1.604569462838413165e+04
1.603590864946573856e+04
1.606028185462882539e+04
1.477291507859966077e+04
1.536025527723559935e+04
1.593885169569028403e+04
1.626600207235470589e+04
1.599077697574260856e+04
1.591749053636693861e+04
1.561858367825140704e+04
1.585646336590136343e+04
1.567230417692824813e+04
1.549579706150466882e+04
1.628299855343635136e+04
1.613071828376573649e+04
1.565311409188460311e+04
1.377873684812947795e+04
1.599507846653858542e+04
1.574805146832533137e+04
1.598605512103327601e+04
1.509984070000833162e+04
1.590644289492048483e+04
1.608042751023655728e+04
1.529662022638724738e+04
1.499841488073213259e+04
1.589758677454612553e+04
1.423395525351923061e+04
1.628086658905385775e+04
1.601483453583424853e+04
1.578104862435844916e+04
1.534133418995393913e+04
1.619565722832386746e+04
1.599617196271982175e+04
1.604491861695023726e+04
1.602054666879943579e+04
1.611620878772454853e+04
1.612104984202879314e+04
1.605566132920902965e+04
1.560789948118991197e+04
1.520119982720995176e+04
1.548419466708910295e+04
1.492151698150657467e+04
1.581638801770379359e+04
1.626577524776687642e+04
1.469672898217608599e+04
1.563070750513088933e+04
1.607193851733580050e+04
1.573873758481710502e+04
1.534578461008776321e+04
1.606215642264583403e+04
1.482419881801066367e+04
1.611724190605310832e+04
1.567189168765076465e+04
1.609864506687600078e+04
1.474383030092752597e+04
1.627752091739022399e+04
1.476590565764309395e+04
1.592158375170032377e+04
1.626349105041716757e+04
1.627403886254271492e+04
1.623311224332631537e+04
1.564182385513871486e+04
1.611760599733053095e+04
1.607012433746420720e+04
1.610988700330196662e+04
1.578630138018448088e+04
1.597787916059050440e+04
1.623007363917598377e+04
1.616667177221188103e+04
1.520007710509315439e+04
1.588887007276687473e+04
1.616291021175798960e+04
1.516392516808857181e+04
1.492198468200739626e+04
1.520339123427678169e+04
1.614387290499560186e+04
1.595884656383407673e+04
1.492652249923361524e+04
1.621679919140049242e+04
1.611177612548557408e+04
1.442780752950885289e+04
1.585993406116964434e+04
1.579319134153762570e+04
1.543143761125274614e+04
1.627707097610464189e+04
1.550991599800395488e+04
1.625522249500443650e+04
1.512861839107468404e+04
1.525329825808984970e+04
1.617216784917213772e+04
1.519880995627219818e+04
1.514317132582884369e+04
1.526849415204383331e+04
1.595349657053821284e+04
1.587545772714760460e+04
1.570038286011807941e+04
1.608092468681365972e+04
1.549667115972083957e+04
1.627093859779316335e+04
1.605589501915771325e+04
1.604536401202248271e+04
1.554396656961934059e+04
1.562131555050606403e+04
1.601605835702717195e+04
1.580643327616545139e+04
1.621762101808272928e+04
1.628138409309409326e+04
1.552373728012711399e+04
1.595469330865855954e+04
1.525129331315826676e+04
1.618535588617335816e+04
1.509265230336155582e+04
1.594526196313592664e+04
1.564859357931815066e+04
1.592698252399134253e+04
1.605914216951773415e+04
1.566900331703405391e+04
1.604531969702334209e+04
1.525329825808984970e+04
1.626939665436200085e+04
1.548823466412693961e+04
1.626709574795515073e+04
1.619338546899804714e+04
1.484095013840406500e+04
1.615043906314947526e+04
1.521605882917667623e+04
1.526288421023904266e+04
1.615983525977528188e+04
1.585087094398723639e+04
1.470790787074484615e+04
1.624999500363658080e+04
1.485323902052745507e+04
1.600996121866479371e+04
1.549905214724926736e+04
1.440287837884826877e+04
1.498219646853196900e+04
1.610011589821391317e+04
1.594443730966916701e+04
1.609397897514670876e+04
1.567230417692824813e+04
1.562153242621568279e+04
1.582203469084970675e+04
1.579283442927185752e+04
1.618992141740762236e+04
1.544528566159968432e+04
1.601436631022775691e+04
1.599821880180238622e+04
1.603619594784049332e+04
1.611685867289578891e+04
1.589275069804355371e+04
1.503254475057825948e+04
1.597322132257536032e+04
1.510193326214348781e+04
1.605787666585156876e+04
1.529093267688090054e+04
1.613456591278473570e+04
1.589804092222059990e+04
1.620273454614886032e+04
1.628299855343635136e+04
1.616058823692533042e+04
1.607693583660546392e+04
1.598561839350076116e+04
1.537882889139741928e+04
1.604429161467306039e+04
1.538684691420534182e+04
1.602940610160048709e+04
1.616290218727229876e+04
1.604792361771560900e+04
1.599169715303320481e+04
1.473563216651314724e+04
1.586357866515506248e+04
1.621229597808151266e+04
1.616584124036926369e+04
1.496057790506054334e+04
1.495084737394246986e+04
1.508122100011276052e+04
1.622796956699746079e+04
1.513745199922055326e+04
1.593903902791724613e+04
1.535628917774349065e+04
1.586981079512376164e+04
1.599167139161902742e+04
1.593824583537080252e+04
1.495381940467823733e+04
1.619906158168789625e+04
1.536335335697864139e+04
1.575807472624904949e+04
1.623200621168771977e+04
1.628345802049728627e+04
1.576294686285080206e+04
1.607911639301969080e+04
1.608818553837896252e+04
1.576690446748728027e+04
1.538099425373539816e+04
1.619781746767134609e+04
1.599935951939088045e+04
1.607327492424854609e+04
1.612589150391397561e+04
1.599455633335361745e+04
1.549675073679621710e+04
1.569967762100709842e+04
1.619035502369545065e+04
1.604949211102591471e+04
1.623918546442875231e+04
1.621337778760997389e+04
1.552032339138835232e+04
1.444569398238072245e+04
1.588553795587024433e+04
1.529388990015143281e+04
1.557267294599141678e+04
1.599786560630009444e+04
1.620119000799330206e+04
1.598868940707944239e+04
1.562246565476567775e+04
1.591453677433459598e+04
1.603941752123121660e+04
1.389719428262710244e+04
1.605512782393885391e+04
1.527418091099129197e+04
1.583731961895301538e+04
1.623349522080443603e+04
1.468313636499752101e+04
1.612629223532922879e+04
1.593065057877713843e+04
1.606643900907351417e+04
1.514929820089896020e+04
1.602015965517890800e+04
1.537736667159966601e+04
1.452333191755656480e+04
1.589237072945604268e+04
1.598617544035596620e+04
1.627240185564980857e+04
1.544128520865043902e+04
1.585326972358045168e+04
1.561756409938013712e+04
1.614987995132963624e+04
1.538996784934581228e+04
1.620989272165823058e+04
1.624560215201112987e+04
1.609653727097742012e+04
1.415339795054325623e+04
1.627257321425636837e+04
1.561870919383095497e+04
1.548541653694045999e+04
1.610440642321971973e+04
1.621755570908703703e+04
1.574687921458045821e+04
1.558706725197922788e+04
1.627476345563975701e+04
1.610412773188994470e+04
1.544128520865043902e+04
1.554845913442028541e+04
1.605511255207993054e+04
1.623375710646449443e+04
1.529968709289714570e+04
1.543934319034849977e+04
1.597169594875840085e+04
1.542685269447515748e+04
1.627662987686173801e+04
1.459006786435788308e+04
1.584470998516548752e+04
1.615545520826285792e+04
1.590011803523062554e+04
1.540125122759131409e+04
1.600092088761855848e+04
1.608417669018328161e+04
1.533622028675327419e+04
1.614698872551224304e+04
1.612155816261477230e+04
1.582033824246997574e+04
1.598901011124326033e+04
1.621381124499863290e+04
1.554247289799016471e+04
1.581910396415014111e+04
1.616685339616312012e+04
1.552701868277148242e+04
1.548890369929124245e+04
1.497068269095664255e+04
1.561333123074162722e+04
1.553893052752862422e+04
1.626684784333110656e+04
1.605397848767743017e+04
1.603179233013172779e+04
1.608973015614317774e+04
1.611429244959770040e+04
1.596985937577519871e+04
1.540420378576101939e+04
1.593993002362618972e+04
1.620171899792898148e+04
1.587777436036650215e+04
1.606575587627347522e+04
1.402741197163844663e+04
1.586510749719524028e+04
1.516464900440618476e+04
1.618890160695131271e+04
1.617788018678029403e+04
1.426514722321248337e+04
1.436181762804119717e+04
1.626348148251965176e+04
1.575292680502506482e+04
1.588408476305634940e+04
1.612090382884656537e+04
1.531364726091392549e+04
1.560115774538052574e+04
1.608571853145958812e+04
1.620643928760722520e+04
1.591604257756962033e+04
1.598930723926757673e+04
1.485341079435021857e+04
1.510432545604616280e+04
1.541343564294215321e+04
1.529168884867763154e+04
1.593326830005791817e+04
1.599043098353478854e+04
1.558569366835772416e+04
1.479995134902553946e+04
1.618269487027241848e+04
1.620193448021846234e+04
1.615524769910117902e+04
1.590819648056194637e+04
1.593513338919644775e+04
1.556131496891784082e+04
1.627231006143221566e+04
1.501171695079862184e+04
1.611326645109940728e+04
1.578317362544843672e+04
1.494881309472873181e+04
1.626064051219310568e+04
1.623452609988678887e+04
1.535351757350907428e+04
1.603346618734839649e+04
1.591215290225526587e+04
1.595195377246762473e+04
1.618339000472825865e+04
1.513045233414766699e+04
1.598680180497032052e+04
1.626988656120713495e+04
1.573933305488814585e+04
1.626349105041716757e+04
1.610897453879887689e+04
1.586254573922195050e+04
1.554108154272857246e+04
1.580627541300180928e+04
1.587750277863525298e+04
1.417548577542586463e+04
1.617497210361739417e+04
1.458748826092563468e+04
1.620776427748494280e+04
1.536971944577587419e+04
1.345523887578793983e+04
1.531543127039346291e+04
1.624453337988755993e+04
1.491906935863291801e+04
1.601680269114737166e+04
1.356182672529494448e+04
1.567202874712334778e+04
1.584699029776382304e+04
1.612380924241707180e+04
1.571182207444739834e+04
1.577691674020808205e+04
1.492652249923361524e+04
1.611054203601899280e+04
1.621755570908703703e+04
1.608969252852568206e+04
1.582721346857715253e+04
1.589041979718328366e+04
1.607464762680104286e+04
1.382756903729469559e+04
1.609013413592946745e+04
1.561834402304712421e+04
1.581144312535497193e+04
1.595697214061162958e+04
1.595368468584269249e+04
1.594356979159231560e+04
1.613530307081694264e+04
1.628609795745021802e+04
1.568880449343791952e+04
1.608650626910765459e+04
1.577163945010796306e+04
1.609423773770614753e+04
1.555969862690619266e+04
1.623444938789371372e+04
1.581910396415014111e+04
1.533083140769802958e+04
1.595195377246762473e+04
1.615155254213460648e+04
1.504964022351866151e+04
1.585180808408071789e+04
1.623268573485368870e+04
1.475853480702663910e+04
1.552718585625405285e+04
1.552590288691862952e+04
1.591777036908931404e+04
1.532664580428448971e+04
1.605429880034457892e+04
1.626005347435139265e+04
1.608954625110646339e+04
1.623803096977271161e+04
1.445670315730854418e+04
1.569967762100709842e+04
1.628343224179551544e+04
1.565947882294600277e+04
1.572889027180524499e+04
1.358024149068639963e+04
1.575513882259145248e+04
1.569467520315924776e+04
1.590004133282074326e+04
1.605044414386895005e+04
1.394886616640517968e+04
1.582797750320205887e+04
1.611931233923743275e+04
1.592214226476885960e+04
1.458153646223762917e+04
1.502087881579645727e+04
1.625133588271444023e+04
1.581784867006434433e+04
1.619218584490111425e+04
1.605553116740072437e+04
1.516830003269522967e+04
1.578013259914829177e+04
1.616688738589598506e+04
1.541637819393582140e+04
1.478081811725369153e+04
1.605760506431584145e+04
1.594526196313592664e+04
1.579798049191507926e+04
1.592693730181964929e+04
1.611428716317561702e+04
1.616320800626837445e+04
1.603252197401920421e+04
1.620189854165537508e+04
1.609225779278071423e+04
1.591857685900323122e+04
1.461655337763392163e+04
1.567626790728863853e+04
1.610838364342778914e+04
1.615430612552911771e+04
1.561301616696945712e+04
1.611087784908162030e+04
1.531631845247572528e+04
1.571002741376229460e+04
1.566610776271714349e+04
1.497668553409733431e+04
1.484967496860543542e+04
1.615452443441046125e+04
1.558394528890206857e+04
1.500602870988076211e+04
1.481381039499120925e+04
1.584525933373057524e+04
1.491422724276492954e+04
1.497186698917998910e+04
1.536656946206166685e+04
1.539900669315321466e+04
1.539447057091761235e+04
1.608457226797792828e+04
1.588046147689909412e+04
1.523250686720805606e+04
1.592046773214343739e+04
1.575205758268920545e+04
1.623962105298820461e+04
1.580621989378229773e+04
1.600564429062320232e+04
1.559541454473707381e+04
1.614078112796502865e+04
1.619422343810937855e+04
1.581620245031722152e+04
1.546138605877167720e+04
1.535679554902882592e+04
1.497738461553866728e+04
1.613915583399929528e+04
1.612987674329132096e+04
1.576332200252713301e+04
1.422643707114506105e+04
1.383479937447011434e+04
1.595067851958828396e+04
1.530278300589168794e+04
1.621013075652522639e+04
1.573156888267279282e+04
1.576470233420848854e+04
1.549840898404453765e+04
1.621964742812886107e+04
1.491660478232883543e+04
1.606435811116544573e+04
1.608214818288777315e+04
1.499538850182709393e+04
1.581250513385088379e+04
1.592194924095999158e+04
1.554069084789415683e+04
1.616667177221188103e+04
1.604484372285282370e+04
1.622709196611219886e+04
1.602795047835007790e+04
1.566445184734562281e+04
1.606749819478520294e+04
1.623271662295614624e+04
1.624051902629363758e+04
1.604165878720270121e+04
1.529830269406611660e+04
1.587874218467118953e+04
1.527367554257652955e+04
1.625424341527110300e+04
1.570044527687526897e+04
1.568083363442247719e+04
1.599479544522750984e+04
1.615908912773832708e+04
1.575826744737034460e+04
1.577985647751546639e+04
1.607786138119935640e+04
1.623659288905581161e+04
1.613331134345527244e+04
1.589504004742736470e+04
1.529368586569052241e+04
1.624387021552920851e+04
1.540125122759131409e+04
1.535658869372696245e+04
1.584054786018022969e+04
1.614810242282047147e+04
1.627976571714709826e+04
1.604744004721997226e+04
1.567123173582212985e+04
1.622789526748154458e+04
1.545451446658963687e+04
1.593326830005791817e+04
1.388743561704669992e+04
1.613963120936369342e+04
1.626523409472245112e+04
1.592698252399134253e+04
1.620732571783860294e+04
1.596568146560062451e+04
1.598386135332956474e+04
1.522338187764448230e+04
1.620165860108522065e+04
1.620122725420814095e+04
1.575444386521027263e+04
1.554529584525775863e+04
1.569967761673413588e+04
1.578630138018448088e+04
1.595165342386124394e+04
1.601203126957176028e+04
1.587391006834656218e+04
1.488620277302935938e+04
1.613663084897315457e+04
1.509762322767477781e+04
1.622468608833397411e+04
1.550024464662670107e+04
1.458273880916563940e+04
1.607690199921417661e+04
1.558507399989163059e+04
1.579319134153762570e+04
1.561845426910165406e+04
1.541084554022925295e+04
1.569410039869264074e+04
1.601082384746504977e+04
1.624157643162978093e+04
1.532538190802978534e+04
1.496923040039261105e+04
1.406154653237217281e+04
1.384952331981456518e+04
1.453151898169590095e+04
1.564098288526281613e+04
1.376965050707024238e+04
1.624157643162978093e+04
1.530278300589168794e+04
1.541352605984285037e+04
1.624541949374991054e+04
1.605705908438087499e+04
1.523448431593296846e+04
1.549930728428096154e+04
1.577168178716519833e+04
1.626488885659045991e+04
1.627287982348677542e+04
1.556945854789039186e+04
1.577256573389725054e+04
1.620543507635777132e+04
1.568965758949029077e+04
1.566235071110517856e+04
1.491949755236486453e+04
1.608703969335368129e+04
1.585668850399728944e+04
1.590809022761880624e+04
1.607612395532468508e+04
1.595651745685403876e+04
1.609067214630650960e+04
1.605967667985274784e+04
1.483077174576938523e+04
1.604588077123986295e+04
1.626015879491091255e+04
1.624272446132293408e+04
1.598458583760953297e+04
1.600822277830456369e+04
1.585350369302213403e+04
1.607026927771831834e+04
1.490583148246973724e+04
1.504219271803203264e+04
1.528295564824515350e+04
1.619536539229922528e+04
1.584697880899895608e+04
1.592780395300694727e+04
1.581925791477024723e+04
1.569379945337210665e+04
1.625832709705462912e+04
1.609848119306608714e+04
1.560013654360429791e+04
1.606291876530158697e+04
1.527717506615485036e+04
1.601332478115315462e+04
1.492652249923361524e+04
1.604060880048594117e+04
1.585705089986893654e+04
1.545584823827457694e+04
1.501733969682922179e+04
1.619197531815867114e+04
1.533140747318212561e+04
1.608091913026682778e+04
1.574875622904602278e+04
1.601202530656997260e+04
1.590286565675002930e+04
1.434699640028830618e+04
1.569681164215626814e+04
1.602275742503663787e+04
1.628178046591924431e+04
1.598512105064136995e+04
1.516024504891791548e+04
1.487734048641940899e+04
1.552754736165303257e+04
1.576649498436846989e+04
1.562198133256601614e+04
1.613625450482933047e+04
1.524384592247492583e+04
1.560462945963001766e+04
1.598588755275958101e+04
1.613019048509940149e+04
1.518292957505892628e+04
1.612417141687702679e+04
1.559093195161594303e+04
1.488172689926271596e+04
1.523936871019630416e+04
1.402933858911075004e+04
1.599933189599605430e+04
1.582246992335217510e+04
1.605400452419371686e+04
1.551131407056327407e+04
1.595754050296436799e+04
1.618218868018521061e+04
1.539596592233199226e+04
1.604068509724702199e+04
1.612780373207018238e+04
1.498434503627083541e+04
1.619334590640595343e+04
1.610498436307311022e+04
1.616321538660214537e+04
1.524280907141381067e+04
1.620587570060408689e+04
1.617010525152434093e+04
1.624828825867794694e+04
1.423235999679228189e+04
1.532537912717247673e+04
1.601732923070256584e+04
1.545366671431420764e+04
1.616501838997135565e+04
1.614186502338384707e+04
1.588189705655959915e+04
1.546660481772045750e+04
1.556706957062313813e+04
1.613625450482933047e+04
1.616125661645728178e+04
1.599761521710573288e+04
1.623099704480794389e+04
1.336227970256933986e+04
1.540204283994477373e+04
1.611857578443625789e+04
1.556873639589080631e+04
1.603030335784212002e+04
1.561952688311244674e+04
1.607089842791920819e+04
1.611778938128360460e+04
1.525528299410167529e+04
1.465944644162468830e+04
1.537843243271193205e+04
1.619522469130643549e+04
1.596812182152813511e+04
1.620727233145172613e+04
1.584515648153719849e+04
1.613022121505958239e+04
1.540125122759131409e+04
1.367367581307948058e+04
1.605549520969362129e+04
1.533380617920045734e+04
1.611589197905947367e+04
1.572038858829280798e+04
1.616291021175798960e+04
1.537677475367912120e+04
1.618233503509410366e+04
1.623791254353087061e+04
1.609307390638301877e+04
1.549426919639451626e+04
1.546905455004913529e+04
1.626523409472245112e+04
1.592472563721408733e+04
1.624774497124248410e+04
1.602703898332649442e+04
1.611687900271367835e+04
1.603378812414063759e+04
1.600291576627825998e+04
1.599479544522750984e+04
1.612733857814576186e+04
1.614740160616437424e+04
1.569343009588378482e+04
1.624354908423821325e+04
1.550960019769249448e+04
1.591615111888373940e+04
1.519753669050850294e+04
1.536423004052291799e+04
1.576262302906119294e+04
1.606242056507463349e+04
1.625075106815376057e+04
1.607621541574499861e+04
1.398932935916573842e+04
1.579104832840121708e+04
1.607707068250058182e+04
1.619035502369545065e+04
1.610402990903645514e+04
1.605739882894923358e+04
1.610199191940268247e+04
1.461127311355473284e+04
1.600833124687826057e+04
1.620944516318398382e+04
1.578104862435844916e+04
1.503110798273660475e+04
1.628603976921162212e+04
1.562914224346091032e+04
1.535786383206714163e+04
1.543672078319786306e+04
1.607162592871621018e+04
1.534809712843842135e+04
1.543188571872865214e+04
1.503755742395104062e+04
1.557969399211070777e+04
1.602953223455711122e+04
1.578997207669618365e+04
1.579845965592568609e+04
1.613318701678267098e+04
1.536303578697275771e+04
1.619483057550816193e+04
1.570661771277800290e+04
1.526039338095016865e+04
1.604908004284909839e+04
1.624139748761266128e+04
1.503617858597211307e+04
1.528789550958923064e+04
1.591628137086223251e+04
1.623390828425176005e+04
1.548448617655841190e+04
1.613839211144474211e+04
1.533795560544827822e+04
1.467003220435478397e+04
1.624215404033637606e+04
1.599552518274858812e+04
1.606022606439689116e+04
1.477235592346472367e+04
1.626730707330777295e+04
1.601526151202122855e+04
1.582827558063286779e+04
1.505770342937178430e+04
1.532840988010300498e+04
1.608931118256360423e+04
1.597005228362825619e+04
1.609995639120047963e+04
1.599901621554282974e+04
1.603848630446316565e+04
1.491691537805462940e+04
1.625663645516806355e+04
1.628256272360691037e+04
1.513108654782280610e+04
1.542195163958273042e+04
1.551646413939155536e+04
1.618679545375246744e+04
1.552362502480900002e+04
1.474706620651058620e+04
1.541776737351986048e+04
1.610851748657284770e+04
1.614157840455089718e+04
1.580302412662878123e+04
1.506195199106041036e+04
1.488484324494803695e+04
1.607036565417563361e+04
1.537485178510936930e+04
1.581717956693204724e+04
1.610177824222311210e+04
1.488350050927107077e+04
1.579701841232375591e+04
1.603009526440939953e+04
1.622734507873425900e+04
1.625679855195825439e+04
1.623976730694017533e+04
1.598883148884589900e+04
1.528740164268268563e+04
1.555779933928244645e+04
1.521518211520690238e+04
1.626984975391816079e+04
1.547017641632864979e+04
1.425417012069234625e+04
1.568868388875724486e+04
1.413900436248182268e+04
1.611428716317561702e+04
1.613137683991356971e+04
1.572300061102607469e+04
1.561790089266062932e+04
1.622695570061152102e+04
1.520622343896007442e+04
1.553646016427011637e+04
1.593556666691045393e+04
1.535453936788419742e+04
1.373482567229575216e+04
1.480611563958773331e+04
1.583680332980853200e+04
1.602796142127714666e+04
1.516823907509955097e+04
1.623311224332631537e+04
1.617583802849705353e+04
1.617145653738561487e+04
1.550355154151797615e+04
1.609159467118510292e+04
1.474496701372519965e+04
1.604073400207756822e+04
1.616562718983525338e+04
1.574064244027047243e+04
1.626203841227948033e+04
1.544196908205237014e+04
1.445286689292156916e+04
1.370049572992829962e+04
1.419964229239786800e+04
1.607860640719832372e+04
1.556471892373300398e+04
1.614290583751619488e+04
1.614698872551224304e+04
1.558953885346430616e+04
1.590150976760907724e+04
1.561262707389217030e+04
1.526298760901427340e+04
1.519827340617073969e+04
1.583251809447093547e+04
1.605967667985274784e+04
1.621049404428462367e+04
1.596659656754100979e+04
1.616299905344726358e+04
1.623282761918748656e+04
1.623735182786464429e+04
1.605982626317102586e+04
1.622074252753923793e+04
1.610601924204353782e+04
1.595991450243090003e+04
1.550147491325588635e+04
1.608952489732468894e+04
1.465105945178057300e+04
1.601813325113806422e+04
1.581217272153621161e+04
1.515502785504618623e+04
1.555578534415089416e+04
1.592934396848510005e+04
1.518050124520398458e+04
1.549784553815646359e+04
1.623282761918748656e+04
1.549426919639451626e+04
1.513079989391160052e+04
1.557148800234319788e+04
1.444034843714602175e+04
1.490876224970473049e+04
1.453972220058332277e+04
1.598898929760311694e+04
1.541809396830796686e+04
1.559374104399445787e+04
1.569306495954905949e+04
1.594641103713074881e+04
1.586292689475619773e+04
1.569967761673413588e+04
1.628298619879934995e+04
1.614853930291180586e+04
