3.665495679714664387e-04
5.107533184380735111e-04
7.864780189438242254e-04
1.041973275654824562e-03
1.171912210133055701e-03
4.788045750782932456e-04
3.038233378676993075e-04
9.372982847259753647e-04
1.637806641358231178e-03
4.708687379527571075e-04
1.359729691129149629e-03
5.420099485982559154e-04
1.313540919495179409e-03
3.974648197164323609e-04
3.447604250287659793e-04
9.999457909590205029e-03
1.189141860011419831e-03
4.404864102940697938e-04
7.334731319596855858e-04
4.562952004462843074e-04
3.459344774613263337e-04
1.243738748469015156e-03
2.869761600760130306e-04
9.786780568620645059e-04
3.707392600369760851e-04
1.261411606372337150e-03
6.264618078216968285e-04
8.801352950298647849e-04
1.073438650585358282e-03
3.104304215414133150e-04
1.345259230269255177e-03
3.625490165519593892e-04
4.289278924657812441e-04
5.155202299038602696e-04
1.627918530431788236e-03
1.639043599220591516e-03
3.817363930368085790e-03
1.029571745250159719e-03
7.139158093038910175e-04
1.041560963033867464e-03
3.414035588562960898e-04
2.827184580048987955e-03
1.937677040746899624e-03
7.320928002186907323e-04
5.176822026138227411e-04
3.373480629815923362e-04
3.777609987386176208e-04
5.513711487526823081e-04
6.265431151002783970e-04
3.023829681215201449e-04
4.134182005284150314e-04
8.113127628672871499e-04
6.477193598391787956e-04
3.707392600369760851e-04
7.036213225870819156e-04
6.985061940361606166e-04
6.992574632153716625e-04
4.835198346567069392e-04
5.378998200979778028e-04
1.272945212559555830e-03
6.356946361241881715e-04
3.937958696471771940e-04
8.644924908811332841e-04
1.161352890839191521e-03
4.393715140238730319e-04
1.321230953328911533e-03
3.703889148939698605e-04
4.102305590594720907e-04
5.800447637437720471e-04
5.296294136853188506e-03
4.364253502483702880e-04
1.987593775308527620e-03
2.811397978660595365e-04
6.423480141925596134e-04
5.924493962255124617e-04
1.193080886042941066e-03
5.578039935747086718e-04
2.702913627981226303e-04
3.087560378070237704e-04
9.873912924125711598e-04
4.463326876856203848e-04
6.290818329961302743e-04
4.290142780135371278e-04
4.279801926902139422e-04
1.324948183372105098e-03
8.466726458986130509e-04
7.668087742098252720e-04
2.720422711030899641e-03
1.871717570849609942e-03
5.786957917293957497e-04
8.363560541777222178e-04
1.242606243795493174e-03
7.194557522651779139e-04
5.050052160629098534e-04
1.166993586046302265e-03
1.386479883211202968e-02
5.450553523135451099e-04
5.690255561026271846e-04
8.166787258918097037e-04
8.300071376181412854e-04
1.940017113002380066e-03
5.653740171396851770e-04
3.619888036395700831e-04
5.185533570572544706e-04
3.131410131403942793e-04
4.688981341812111002e-04
5.633188340564215194e-04
4.610165334674170699e-04
6.137151630928541378e-04
6.460540461592211578e-04
5.662305735095236490e-04
6.357332037347120232e-04
2.394449563117330697e-04
5.687435312899956396e-04
1.649055867922824938e-03
2.567164294199874566e-04
6.266729231326143967e-04
7.425712166673016429e-04
2.420233725933655948e-04
1.630377228035515295e-03
1.061876197659887165e-03
6.715248694603880757e-04
5.001472911268360112e-03
7.413724496947042336e-04
5.800397011388709959e-04
4.435619087759743720e-04
3.828035064898861381e-04
3.528119885064193184e-04
6.597577253251906077e-04
1.353340865347474201e-03
1.205603774236564153e-03
1.059956945405036944e-03
6.883059038191276712e-04
4.922732503114798713e-04
6.020930115249418591e-04
2.808788101755162235e-04
5.677919062235655887e-04
4.757666787522332090e-04
6.815833264131482619e-03
9.876346271643801460e-04
7.789022651931693355e-04
3.713362660648581305e-04
3.168702563829274414e-04
5.453485941835884776e-04
5.795802637239989147e-04
7.407759144420504507e-04
2.391972908788033130e-03
1.076788755580041206e-03
2.784389575630230942e-03
1.156298341194709686e-03
1.293381314542836353e-03
6.696726575691610769e-04
3.247435445994368945e-04
1.053636911525784045e-03
1.288331224574135311e-03
6.447146532795411476e-04
3.640250878975689148e-04
9.830322249775539506e-04
4.919498639579444541e-04
5.924755214328931421e-04
3.162582305905153575e-04
3.482763348587608479e-04
4.083467462394342563e-04
6.619147770342372929e-04
7.201422809936980406e-04
3.530743775340065946e-04
4.046407941335666879e-04
1.176622599630404139e-03
4.916284277573870504e-04
4.586770146132301677e-04
4.601123517494195105e-04
2.982809003296548475e-04
1.179741783998013204e-03
6.152907764221588784e-04
6.853018910796596346e-04
8.264194142898235876e-04
1.115253021161969173e-03
1.303746504451739219e-03
1.057563054285362526e-03
9.111704035583574049e-04
3.350082469867892310e-04
7.389745735229409336e-04
3.585362638765538109e-04
8.498341042850227241e-04
1.589860616424496748e-03
9.312026355431358114e-04
3.880274211069064966e-04
4.298459380829590111e-04
1.269148351109801280e-03
5.915538731855581262e-04
1.247168033789542883e-03
6.823675475800836197e-04
6.345181398448014685e-04
1.158974510944975464e-03
4.924923867152683965e-04
1.651026751479304664e-03
4.922169510814777523e-04
6.705602017059061589e-04
5.185374486531913255e-04
1.375982066200060611e-03
7.691728401230447411e-04
1.781919012694266075e-03
6.452286147425906771e-04
2.501507129122003924e-04
8.177296844350859760e-04
2.563870770381140602e-03
6.970645867481117461e-04
9.963375510622337391e-04
1.039886432982694035e-03
2.275124669953124124e-03
1.154842506094835852e-03
4.502404123349625868e-04
8.678471125909307604e-04
1.214591779675203197e-03
1.070217032638931098e-03
4.452208385720235841e-04
3.690720797490593184e-04
3.534690629045521022e-03
1.714404462132057983e-03
1.249975911892401174e-03
2.350879991193123564e-04
2.052744752113200830e-04
9.476472125698894543e-04
6.315000203797304637e-04
9.303784604767854341e-04
6.885140142784361688e-04
2.175446604250836583e-03
8.740922846224931419e-04
1.039638752624645829e-03
1.167124955725819301e-03
9.391859617716653884e-04
3.536621984984339526e-03
4.989900740849774561e-04
1.766582175523707379e-03
6.266729231326143967e-04
9.039609649138065015e-04
5.490715194965564922e-04
1.264335610524135916e-03
4.429810895485714723e-04
3.629350790101783307e-04
6.888561200434498502e-04
7.576849914151750041e-04
4.910512347692567135e-04
5.031448470656393846e-04
6.652752075130223932e-04
1.067180276340478967e-03
1.920728460887766555e-03
1.302419653416337503e-03
5.506128658945493330e-04
1.334030985359158138e-03
2.454445127318808685e-03
6.495032584249770067e-04
3.482763348587608479e-04
1.039999243461292361e-03
4.484480029036503018e-04
9.478842016413310942e-04
7.454141436371798570e-04
7.120632323633696234e-04
5.599073872928107820e-04
5.999253289871645098e-04
7.809445046934178044e-04
6.814026800340911103e-04
5.950104746979984491e-04
1.001729021735604233e-03
3.131410131403942793e-04
5.347789964802446413e-04
1.582832935971762714e-03
1.266690181443141114e-03
4.174521763987146055e-04
9.166143727476086609e-04
2.457791972140814865e-03
2.072185943850817641e-03
1.534764963062285612e-03
3.114431696224938999e-04
6.136564420486887448e-04
4.992152343731002563e-04
1.319537711360535765e-03
7.714959623590375917e-04
1.494819423690268729e-03
9.718110034614273760e-04
6.015194333917684485e-04
2.819739243366997704e-04
9.244759823832851943e-04
6.044068390187298584e-04
3.655197468461527060e-04
1.148541027260543534e-03
1.996423129286337486e-03
5.786957917293957497e-04
1.318725198414232068e-03
8.294527643685842147e-04
2.862213907461262879e-04
5.979261648073410946e-04
4.348207592031700448e-04
2.167996892862304108e-04
8.902955624880232134e-04
1.375982066200060611e-03
1.252874005011214709e-03
6.443335287774954595e-03
6.923657469924066402e-04
7.712814941264878451e-04
5.367406638296694709e-04
3.003474412139843638e-04
1.087860655508243344e-03
1.461728528188656253e-03
5.375773940593576473e-04
3.209706633508361867e-04
2.021876770410121690e-03
2.482801016996587598e-04
9.024890496937811252e-04
9.873829813495172466e-04
6.316130566516397040e-04
3.111434992330694340e-04
5.744273296082332524e-04
7.692985317919548384e-04
2.646856141960208294e-03
1.667076640931681184e-03
5.918482114286647937e-04
1.131806482609551455e-03
7.166970724090371801e-04
7.766647750105112142e-04
7.299472779044798064e-04
3.387783621135579716e-04
4.846235225545027052e-04
2.487488588218860820e-04
6.686892199895909774e-04
8.208809326329306964e-04
6.750339270794197561e-04
8.684762453589334446e-04
4.314266347721652231e-04
1.865290977568040106e-03
5.981101731106062578e-04
6.429438264263439033e-04
8.794824727785338853e-04
5.899081199288176269e-04
3.828728911470195427e-04
8.439535411048105238e-04
3.274552759964362509e-04
1.083202095015652804e-03
1.302419653416337503e-03
9.923638821100447434e-04
6.302402279126160904e-04
9.272637709238433197e-04
2.595350919174232995e-03
1.919861339185893268e-04
3.425324692044022664e-04
1.144517181479968483e-03
5.218702263862342108e-04
2.791242803910388439e-04
1.946238196008345713e-04
6.605081205393003013e-04
8.960190080942276140e-04
7.672180033165557555e-04
9.315837299329110316e-04
2.523898546347518555e-03
2.315541272491663356e-04
9.025073905270589170e-04
1.402008088783275597e-03
3.130828269225450415e-04
1.006027197368624315e-03
2.477153630563558892e-04
9.872525851114591616e-04
8.405251797890653156e-04
6.078643154367137022e-04
5.860660334890833555e-04
4.094819710080444832e-04
6.405512652312983501e-04
3.344954714343861867e-04
1.340037850600716250e-03
2.142625212107950993e-03
3.704271213311204937e-04
2.082965088455752695e-03
1.339300253825442951e-03
3.707392600369760851e-04
2.986381802077205951e-04
6.551412275331659546e-04
4.501919099034070826e-04
5.118430632145011235e-04
2.671986405234018543e-03
7.867623529964056384e-04
4.541833290446790211e-04
1.154842506094835852e-03
4.543009381063205926e-03
6.710424590932501272e-04
2.619855591464690411e-04
1.718248901280824406e-03
6.710883013165166826e-04
2.917318824642305738e-03
5.765913134796546652e-04
1.533057712746620400e-03
9.747097527163723404e-04
3.564354240853019758e-04
5.962585444852217843e-04
2.005369132716035112e-03
5.237966918191899182e-04
1.054999816930448676e-03
5.763127814295294221e-04
4.448175384037331300e-04
1.215045006979681040e-03
9.100760925964303119e-04
5.377164745368257816e-04
4.956182057477978922e-04
1.744461557922133074e-03
5.312484037150400941e-03
5.255565959403925682e-04
2.347727879909820435e-04
2.691558921535335599e-03
1.443370370636821824e-03
4.366918800883907385e-04
6.992792550345189187e-04
6.405883296371295364e-04
4.519529681304362639e-04
6.210652778102043834e-04
8.542118452586617942e-04
7.687986633417128379e-04
4.404957957613064076e-04
7.992600022289164750e-04
8.697796914636187794e-04
1.065064062407961509e-03
6.742616156177128409e-04
9.110913100075604702e-04
1.068986730101848404e-03
5.895993513026644801e-04
5.701291525236520767e-04
3.673636805575903708e-04
7.842136546246737715e-04
7.363209596296776396e-04
7.418272875212486963e-04
1.101020046828638053e-03
3.397956522135380008e-04
6.393595445106206631e-04
1.359422125482378499e-03
3.000953138559828213e-04
2.558849217656157179e-03
4.286302309371634836e-04
1.636321147000282432e-03
1.246484374597826893e-03
3.205049984556151629e-04
6.325301570719841799e-04
1.546478736810678010e-03
3.744382284887724940e-04
4.561975462982440920e-04
4.639675862799241563e-04
3.400857359689652489e-04
1.269601443424711422e-03
4.857515750308690362e-04
1.200974030009804372e-03
7.865896483215400895e-04
8.528281299799536945e-04
9.278387048105225018e-04
3.364934713923565645e-04
1.252610789294990833e-03
3.270614565818219565e-04
2.573871622711220841e-03
2.769954494055312756e-04
3.877301207445322411e-04
1.185531235791493620e-03
1.172399176876302417e-03
7.721635239017017246e-04
8.801352950298647849e-04
1.214591779675203197e-03
1.696249541278148105e-03
1.323455953893092627e-03
3.512344188027587133e-04
3.523467211795411791e-04
5.194026507762507412e-03
4.970005507784424313e-04
4.176852280149831388e-04
1.524684127017877011e-03
8.094189964492121050e-04
6.491545534324291017e-04
1.019390376343069348e-03
3.131410131403942793e-04
3.589929374133252215e-04
5.922089777205893782e-04
7.399034577522151275e-04
3.855761739005489049e-04
5.690255561026271846e-04
1.266690181443141114e-03
7.639738186752858054e-04
6.265663681977780980e-04
2.036759444850613722e-04
4.173313175000269268e-04
5.308846504220017613e-04
8.447031609768189311e-04
5.418126295578905424e-04
6.470990375941602533e-04
4.889124922296051497e-04
1.460357452444687202e-03
3.164453648930837899e-04
1.524684127017877011e-03
7.194557522651779139e-04
4.800362258578542117e-04
8.924271134897073226e-04
1.488141205012190934e-03
7.703019367424669434e-04
5.990733289806567238e-04
4.755297964861485323e-03
2.739587976404163610e-03
3.235482767642926900e-04
4.937090542785322429e-04
4.456418522455237569e-04
7.624938566436060324e-04
4.578020125178665638e-04
5.292539409192667998e-04
6.175926217274899446e-04
3.744756100798991242e-04
1.229907223990190897e-03
6.215757281198916072e-04
1.537229536862180779e-03
1.988536402042911065e-03
5.817246878217290865e-04
4.053842065282056771e-04
9.346336251973447759e-04
2.641302495088332521e-04
2.349470460560896916e-03
3.334406292018095297e-04
1.098176889142802757e-03
1.950337577124068708e-03
3.952163769819322077e-04
3.004438792800739996e-04
5.920776035569156985e-04
8.465885457679441905e-04
3.116182020023253998e-04
1.740652107963294422e-03
3.591257047158761314e-03
4.935742513216271254e-04
5.396956215237642875e-04
8.544551629514616272e-04
4.231303357803045716e-04
5.563650286931229273e-04
1.416255514943783088e-03
5.337913551807674326e-04
4.580316250281564754e-04
1.351061394550710218e-03
1.569631721397555559e-03
7.048543047364374571e-04
4.307575253648016664e-04
4.780911257135265981e-04
7.296341722489780484e-04
1.144265178282056214e-03
2.108805140751276140e-03
6.811496729500628958e-04
1.719225505909350010e-03
1.464817399937476134e-03
6.135334608959254650e-04
5.987895938112133788e-04
1.194611332451921398e-03
2.481769011604722814e-03
8.247694353916330563e-04
4.455768063055976923e-04
2.888753284017362127e-04
3.209006334772966000e-04
2.925250820158618978e-04
3.317848153303903404e-04
2.594728892071259665e-04
1.761984806041244894e-03
4.438641106829431483e-04
6.110031945079398563e-04
7.000026026556213947e-04
9.755844174741195533e-04
1.235513243975817346e-03
1.443275297426106687e-03
1.073805527077289308e-03
6.874132669664904721e-04
3.915491022975505181e-04
3.244316242157503378e-03
4.079525753782271597e-04
3.472153393869176056e-04
1.337084698772718176e-03
3.095478924180693702e-04
3.660183115191055600e-04
1.131329280355420448e-03
9.686416444884250960e-04
3.924410721227587773e-03
3.099680427337690898e-04
5.718245318016947683e-04
7.034928227074440602e-04
8.989458887020057099e-04
2.699126679636157616e-04
1.063391378551266407e-03
3.647821899363840221e-04
3.497398562968268010e-04
2.530466813410804953e-04
8.601810234847138579e-04
1.030389904405181216e-03
1.156695758832816147e-03
3.584535090374949082e-03
3.274324634818373873e-04
4.028460973640625789e-03
5.160548110087417742e-04
1.130157852393870021e-03
5.806496709652622223e-04
7.685896296817706702e-04
6.325301570719841799e-04
4.858647611523844159e-04
4.754933745783042559e-04
3.223672115199195253e-04
1.381446388990118911e-03
8.881513742456459762e-04
5.336598102329393562e-04
3.003474412139843638e-04
5.233074537312471094e-04
6.037061524159151446e-04
2.875366733042641204e-03
5.786379613898187842e-04
4.262775129721846660e-04
1.422819101734324604e-03
5.336379865035115839e-04
8.038917880120215664e-04
4.416728608526755435e-04
6.149507073227723601e-04
4.998670299746809167e-04
4.095649363921901980e-04
1.259270943109225965e-03
4.339333857219246230e-04
1.525849804944185220e-03
3.045620067557475749e-04
4.685870072735816576e-04
7.015654209466323918e-04
2.091602727015096585e-04
8.430069248634312678e-04
7.552851035866284951e-04
4.620374356601416915e-04
9.244759823832851943e-04
1.608687991881900753e-03
7.577918511190608183e-04
6.257493834804773959e-04
4.741596522525459039e-04
3.882574139713201476e-04
1.001172771108637489e-03
6.379832312071940766e-04
4.283348301869189883e-04
3.744415008852957933e-04
5.939328325846236723e-04
1.170527316814867725e-03
7.782489128599799286e-04
1.236827197759021637e-03
3.036228291679507994e-04
7.155852020576293363e-04
2.699276983087747946e-03
2.454445127318808685e-03
3.485401704457360777e-04
1.173023324906991753e-03
2.284449349240307546e-04
8.533196515827057120e-04
4.615633384432964040e-04
3.791082955157974721e-03
1.131917062826505796e-03
5.188919936948388186e-04
2.489604283159271066e-03
6.506816568118060744e-04
9.121947024216884832e-04
2.656814619182838754e-04
1.179740410284698662e-03
5.063526364635307026e-04
5.331878149881131993e-04
2.004681680084891525e-03
2.238072794975887007e-03
1.025501506204832235e-03
1.164027036768734095e-03
7.602726597434244843e-04
3.530010956692812845e-04
7.838708049892937442e-04
7.721769465507705588e-04
1.411667069744789718e-03
8.127096985592721689e-04
6.659228765358416943e-03
5.244184544235801649e-04
2.038367835621150530e-03
7.491258432108354728e-04
7.409837449192589439e-04
8.785098327171910739e-04
2.093325173736781952e-03
1.414415311278976583e-03
6.551412275331659546e-04
6.563107508874476076e-04
1.322002044627772687e-03
6.351035914800474838e-04
7.353459066983790166e-04
5.891511818505882963e-04
6.080771591904807292e-04
1.175164475159208664e-03
5.056206320218780033e-04
6.399940976930223579e-04
1.206665929657049253e-03
5.959615966042165454e-04
7.232676375947942214e-04
3.687367564192322515e-04
5.191067938513205899e-04
8.983722417299349347e-04
7.230967306488148916e-04
1.198621132691449166e-03
4.578460440849080673e-04
9.177175504457376785e-04
5.289938180782729387e-04
1.819259065444939552e-03
1.368548794973528659e-03
1.381670572252852299e-03
7.596015405443901124e-04
4.295634937685514844e-04
6.157717634590205956e-04
1.102423540921092151e-03
5.646094047190346405e-04
1.510820219480904763e-03
8.999801189956798319e-04
4.685023139739092441e-04
5.939022539571492485e-04
2.546462392217273621e-03
1.528423258794533220e-03
7.483248462279070562e-04
3.713362660648581305e-04
8.711056359188296952e-04
1.790268027606851725e-03
1.795295190075986771e-03
5.946046349446937069e-04
8.537752040341142334e-04
6.712262631835197099e-04
4.428081719845866127e-04
8.999505420528132807e-04
4.720736255069232128e-04
3.826201229773862149e-04
6.976839287468354547e-04
1.670842926804076050e-03
1.252229482004864509e-03
1.357280206964510839e-03
1.654381002374645526e-03
9.214373213416845922e-04
1.672672149737837195e-03
9.344160383805458995e-04
8.506950067923496140e-04
1.042600164188791766e-03
4.888254807251326845e-04
3.707392600369760851e-04
8.194696113259450224e-04
6.345181398448014685e-04
9.082335162060895277e-04
4.074285450448049059e-04
4.209069559239490724e-04
4.712051474585765738e-03
7.243329414446890826e-04
6.084993118080693573e-04
6.286919080982197915e-04
1.692805247372742000e-03
1.042469117790464960e-03
3.085014188546835010e-04
3.104251916868240439e-04
7.793804226638074723e-04
8.777196908992502492e-04
1.280392586478261126e-03
2.187972707149174825e-04
1.071156021463088616e-02
5.133779508777825198e-04
5.767315938315435405e-04
3.422681701281481787e-04
5.153909491031837507e-04
2.031646625523140896e-03
1.006196513386804856e-03
5.278000300624390104e-04
4.545834732499983745e-04
4.102305590594720907e-04
1.130157852393870021e-03
1.267681169619299828e-03
9.777464066443814026e-04
5.306257105616897377e-04
2.633365839310347384e-04
1.603567896418709848e-03
5.990307996866604942e-04
8.676850966905690554e-04
7.888648305812255568e-04
4.603321275035567950e-04
3.129301790516025926e-04
1.270920646820489783e-03
8.724505775426197231e-04
5.035655626316260566e-04
1.165662513760222334e-03
4.808884805317171812e-04
3.764633842119498026e-04
3.589929374133252215e-04
2.740732129874883806e-04
2.512064187974396732e-04
3.398034422611424885e-04
1.180473155704158360e-03
5.350600640191071440e-04
4.302031174683046020e-04
4.288162128359036276e-04
2.741986732467110912e-03
4.299589844367159887e-04
1.104805763488099285e-03
5.963098115414725313e-04
8.586067855461436893e-04
1.910265595988677213e-03
2.469520589746518335e-03
1.102460307399305865e-03
6.136332785516130208e-04
5.466151794463662648e-04
8.921437651428571402e-04
1.619883908674413838e-03
5.709277022181498840e-04
5.344419143182695077e-04
6.805794698458222458e-04
1.059551858431998818e-03
6.363465655249427207e-04
3.559480396371025477e-04
1.285318414978735974e-03
7.284774006128994601e-04
9.369642584949145836e-04
2.512711923440032603e-04
5.314416546075692235e-04
3.524177132839998415e-04
7.026362330093513693e-04
4.654544562350651548e-04
9.417869110034455442e-04
4.152527818686509468e-04
6.029125530741754778e-04
5.264291483391127192e-04
1.713643641056908232e-03
8.466830185777214851e-04
9.134982110532783705e-04
2.222672326012022255e-03
2.056110843673126035e-03
1.798936328519287189e-03
6.025220706150811404e-04
9.571239343848160930e-04
4.827379011807752499e-04
4.930826184779217016e-04
5.633188340564215194e-04
7.483757084849138735e-04
2.862558690804215770e-04
2.215814519171350420e-03
2.514870351882182785e-04
6.690116500903382866e-04
1.667204177803114501e-03
1.300969843496269270e-03
1.394057926960215596e-03
1.293363384950966567e-03
5.159808435466053727e-04
4.798610143688487135e-04
6.330029789119723379e-04
4.561344250955174013e-04
1.367379589262831619e-03
3.468101981858497194e-03
5.705363468032296484e-04
1.252804962413052404e-03
9.511513104273510485e-04
4.049891125262626351e-04
3.531978698730555582e-04
7.419520858092375779e-04
1.040540733407493328e-03
2.222672326012022255e-03
8.737479132157631228e-04
4.811449459241115274e-04
5.413051394267517826e-04
7.958573132026673267e-04
4.630975999016631638e-04
3.683489220793632261e-04
3.305849459388491467e-04
4.746587699037218113e-04
4.934052605581319651e-04
4.496990344506976846e-04
1.579493485262705409e-03
4.916784727738522437e-04
4.268518376403510799e-04
1.576712499983482212e-03
4.043951353600825109e-04
1.133154034114295956e-03
1.561893191998367254e-03
8.211418825732491340e-04
9.317619869850717138e-04
9.619408738393032130e-04
3.746781812856765648e-03
5.546667631420908531e-04
7.100576940962329041e-04
2.821915780548436793e-04
5.686580003376686841e-04
3.588503704579723173e-04
5.253431570607725379e-04
3.283764649416912279e-04
5.163589513707372543e-04
1.916972900735834521e-03
7.922845183788285563e-04
6.476528115305107318e-04
6.096088386982116648e-04
1.017012387551994917e-03
4.811029150377034479e-04
1.950337577124068708e-03
5.625589607306288441e-04
5.714778534534583265e-04
6.793244713363600544e-04
3.354836257790907365e-04
1.187626612514627996e-03
4.827156955204411968e-04
3.485101487710885997e-03
8.876154274642985686e-04
3.283764649416912279e-04
7.385919064481202617e-04
1.552085309271276480e-03
9.796451599527156943e-04
9.428744526169702831e-04
4.890606238915095640e-04
1.457567254430050269e-03
7.479622986225803504e-04
8.758161864526418103e-04
1.038768514188699674e-03
4.811185758327671431e-03
3.870892937243781192e-04
1.745061466115976120e-03
7.175091051280312439e-04
4.156429033857279073e-04
2.274298040466716901e-03
5.377092256172377131e-04
5.919529993597528019e-04
1.581006941563553722e-03
4.339333857219246230e-04
2.329544574679023351e-03
1.759581640445082029e-03
9.184304695280240188e-04
4.309415686532882552e-04
3.209706633508361867e-04
6.704082657632438186e-04
1.615476709105926993e-03
1.846381850580327113e-03
9.177769695788495297e-04
7.550264543652562528e-04
3.022374441094448708e-04
1.571931691603355033e-03
7.783347635715677287e-04
1.010251004553453739e-03
7.624938566436060324e-04
1.130834109081647193e-03
1.722281372173038467e-03
1.128406460182130883e-03
3.440987298497031189e-04
6.802740695417813441e-03
8.583115749645074850e-04
3.295153167289681991e-04
9.242662829000354054e-04
7.487946122650067067e-04
6.742674731779730278e-04
5.933494149395406947e-04
7.889603430573658349e-04
4.811185758327671431e-03
9.261207395965824398e-04
6.481589852641886189e-04
5.194026507762507412e-03
5.749806348099770464e-04
5.370256518885689525e-04
4.140709724951592693e-04
7.765513119033786663e-04
2.870483241707379434e-03
5.651922600512289830e-04
2.837682495162628465e-04
9.886798654552126069e-04
2.500530844201457052e-04
9.184304695280240188e-04
4.523889603201036226e-04
3.276612382837273637e-04
9.387328037397091839e-04
4.440064881479400833e-04
6.034528761791194736e-04
3.695989601056151900e-04
5.617256988141792725e-04
6.686979188194344887e-04
5.724722800746717645e-04
5.629986860643403134e-04
9.708683891894953578e-04
2.370977126653383421e-02
1.058900677939934214e-03
1.409527149844862692e-03
7.015654209466323918e-04
5.363656661847320721e-04
7.708193633382648098e-04
4.350303444948468612e-04
4.505795944505712838e-04
6.533413932944473479e-04
8.621073862395198370e-04
1.295573779283312743e-03
5.345504517803282727e-04
6.287391633076152729e-04
2.291963719679900903e-03
3.045620067557475749e-04
9.353937900512974621e-04
6.096088386982116648e-04
1.007433370874845878e-03
2.971438383128396487e-03
3.320472129386361528e-04
8.255468526983617081e-04
6.453681712483679217e-04
5.567853475529776792e-04
3.729209512226192274e-04
2.534201061605913761e-03
7.836513030770222554e-04
6.735792695722858225e-04
1.059314721893052282e-03
5.837368579888667581e-04
9.364710075796558965e-04
5.580703355951079385e-04
8.322574049118534878e-04
1.430501112892919660e-03
8.313442038424838278e-04
2.299950462879928222e-03
