6.434105189268876711e+04
6.504225527041808527e+04
9.026639628467784496e+04
7.865509234219156497e+04
9.789171983838462620e+04
7.145621757888657157e+04
7.908264550609787693e+04
7.614466593807769823e+04
6.582453368164485437e+04
6.693796231679421908e+04
6.680015291841721046e+04
6.844259787623515876e+04
6.847418903761972615e+04
7.070472021142848826e+04
7.792312996838660911e+04
7.291642359242720704e+04
9.052874312136259687e+04
8.100578093434286711e+04
9.574545249190731556e+04
6.791343222836429777e+04
7.598104832383232133e+04
8.550605087631032802e+04
7.485573251770011848e+04
6.494944370601326955e+04
6.243072620973154699e+04
6.735906844628782710e+04
6.641369346337302704e+04
6.658487267360718397e+04
1.151951285430641583e+05
8.512871533122015535e+04
4.408721870853432483e+04
7.540686176976717252e+04
7.273737030387141567e+04
7.423555618917073298e+04
7.724876214381969476e+04
4.654291163027589209e+04
9.691362275678412698e+04
7.855077515008534829e+04
7.035552675828432257e+04
7.801707745007768972e+04
6.757530445996613707e+04
7.140550960473615851e+04
6.901488873772496299e+04
6.532668773432990565e+04
5.404016137116558093e+04
6.471819169602539478e+04
7.106079526425583754e+04
6.929956222577903827e+04
6.995885060077969683e+04
6.803723016402793291e+04
8.575729893082896888e+04
8.245708119540072221e+04
7.211205212438761373e+04
7.724013152568676742e+04
7.751843002028718183e+04
6.694406834482947306e+04
6.543617508417383215e+04
6.753695752936652570e+04
7.688815675393729180e+04
4.954137548737003817e+04
7.168430668294297357e+04
7.252223118022512062e+04
7.965599070377809403e+04
7.897737086086538329e+04
8.005005693276437523e+04
7.601731799910622067e+04
6.594786314029342611e+04
8.200988917611644138e+04
6.690017998175861430e+04
8.491310455611566431e+04
7.546673097482699086e+04
7.216999770249369612e+04
8.854993013435380999e+04
7.884260233389129280e+04
6.691101591327744245e+04
9.290683372187198256e+04
6.960306878043478355e+04
7.456059018628239573e+04
7.126415480304716039e+04
8.970632424630271271e+04
8.521812961097244988e+04
7.094199831236456521e+04
7.298756636150876875e+04
6.730915799196007720e+04
5.799320061641158100e+04
6.614344149615411879e+04
7.116906811562157236e+04
6.962648025471772416e+04
6.816156690156317200e+04
8.121474798249827290e+04
8.892208132182224654e+04
9.407088961888609629e+04
5.817448194830654393e+04
5.980151023089935916e+04
8.480372283351629449e+04
8.709373848480974266e+04
9.177741228175275319e+04
8.418707217874002527e+04
6.936640595350258809e+04
8.716702664249975351e+04
8.351157030225958442e+04
7.154943524654603971e+04
6.457239567508981418e+04
6.611290526868069719e+04
6.392656041036255920e+04
6.688074224334093742e+04
8.500490796435788798e+04
7.227186340296930575e+04
7.313698684067800059e+04
7.019365028470773541e+04
8.265605506566968688e+04
4.084180604965829843e+04
7.175014251271092508e+04
6.730294248033444455e+04
7.600688709728047252e+04
7.921446789816299861e+04
6.925489176311771735e+04
8.206354743616373162e+04
6.873080786469196028e+04
8.049582814286321809e+04
7.116313377195110661e+04
7.553281305155919108e+04
9.596582832035356842e+04
6.665690037089074031e+04
6.173609596142037481e+04
7.353350777112331707e+04
3.924404134606192383e+04
7.346059890081522462e+04
8.391835518498795864e+04
8.120584669261246745e+04
8.828918832529372594e+04
9.003023286779843329e+04
7.927387471686741628e+04
6.756466504748452280e+04
7.930090561028334196e+04
7.148306415159985772e+04
6.532374167853016115e+04
7.391341766099509550e+04
8.805549813319694658e+04
7.650344766972024809e+04
7.140350807777489536e+04
6.895086883909122844e+04
7.275527235237577406e+04
6.783101184343259956e+04
7.753903191353005241e+04
8.230466404271341162e+04
4.020876087404194550e+04
7.560818823496866389e+04
7.892034599015908316e+04
4.599602307428727363e+04
4.730942305682582082e+04
7.311419813181638892e+04
7.097720933695152053e+04
6.907712516594796034e+04
9.596855962907684443e+04
7.419562224486026389e+04
9.251611995298039983e+04
8.501588827902068442e+04
6.786214030937603093e+04
8.117760953437723219e+04
4.868852361025637219e+04
9.511180563785122649e+04
7.051429344157740707e+04
8.086395936976509984e+04
7.517409140407928498e+04
6.530575684403890045e+04
7.488547118578216759e+04
8.225621661127368861e+04
4.979255347322058515e+04
6.799800442202291742e+04
8.493601650048367446e+04
6.591212636642754660e+04
9.019215169752626389e+04
3.373747246649627050e+04
8.081699660434958059e+04
7.680650993608649878e+04
7.981620631097114529e+04
8.393410682155842369e+04
6.969622540074342396e+04
8.731753525204616017e+04
9.452220271486519778e+04
6.972981209938249958e+04
5.011309265974079608e+04
7.439754867990239291e+04
9.497543397961436131e+04
9.160562133804235782e+04
8.653847121340308513e+04
6.517325377550643316e+04
7.393398072401872196e+04
6.298734707746145432e+04
9.302899018252690439e+04
8.943904363282470149e+04
7.882785488260046986e+04
1.046106744052627473e+05
7.658613986047418439e+04
6.576411764330252481e+04
7.489340951002362999e+04
9.464496237806623685e+04
5.235190015831899655e+04
9.749040115336693998e+04
8.778653782892502204e+04
9.029229627988752327e+04
7.035194639003879274e+04
5.952912637566259946e+04
8.935772976654734521e+04
6.633695290434156777e+04
7.013815898466923682e+04
7.741710038831160637e+04
8.454112089023679437e+04
9.854600989514058165e+04
6.887688561562854738e+04
7.594779904300266935e+04
9.119557022264525585e+04
8.320120933076465735e+04
7.283477525112027070e+04
5.354647004814806132e+04
6.863375996488434612e+04
7.814771276986507291e+04
8.455022722512901237e+04
8.243269461993948789e+04
9.839592445964536455e+04
6.629876870865715318e+04
7.475259913567327021e+04
6.925480364748094871e+04
4.520943067885458731e+04
8.982176600183690607e+04
8.648680675158844679e+04
6.900602035219462414e+04
8.793930738913740788e+04
7.532455542789377796e+04
6.756045096043382364e+04
7.256491716225062555e+04
6.858753994440559472e+04
9.908246209613005340e+04
6.681263307777435693e+04
7.660465686983133492e+04
8.016746589602690074e+04
9.022855713050562190e+04
6.799187306945837918e+04
9.099392755589137960e+04
9.011936773858104425e+04
8.866198880391224520e+04
9.257515948040065996e+04
6.825476803316891892e+04
6.589870550753250427e+04
6.934101961680733075e+04
3.122399430696230047e+04
7.693655354491873004e+04
8.217765131673803262e+04
7.001864053317297657e+04
4.614782765997615206e+04
3.559581101336520805e+04
6.997068770928178856e+04
8.895960793374998320e+04
7.405423266928658995e+04
8.763351516799289675e+04
8.434160666057583876e+04
6.725845077928519459e+04
6.533325852288185706e+04
8.104561208195456129e+04
7.243151304831365997e+04
8.759094157566525973e+04
7.760591039641220414e+04
7.509667907687601110e+04
8.160390379587351345e+04
7.735960783066891599e+04
7.590673738845506159e+04
7.828899052005568228e+04
9.620329735499995877e+04
9.470009187156033295e+04
6.206702861182522611e+04
7.748864493008998397e+04
7.978850121490431775e+04
6.680421084258903284e+04
7.196418250992386311e+04
9.735859750279880245e+04
6.816213313684311288e+04
9.253404478006920544e+04
8.938023186069805524e+04
7.662906788970872003e+04
7.983328581601631595e+04
6.590438526937691495e+04
5.533299654443446343e+04
7.037015037041215692e+04
7.117024981054359523e+04
1.178952106376523298e+05
9.443046929599870055e+04
9.678353563269814185e+04
7.976698729492981511e+04
9.118206651263269305e+04
5.366251769668702764e+04
8.067299038838336128e+04
7.528439157170894032e+04
6.513498472958173079e+04
7.524561197473907669e+04
7.757978124807353015e+04
8.836557593459017517e+04
6.595455393898165494e+04
6.664110222734014678e+04
6.914327636356347648e+04
7.820172229581930151e+04
6.647994139783942956e+04
8.628535108334204415e+04
9.367465627715771552e+04
7.773175197489069251e+04
1.043139603923093673e+05
7.484770338753960095e+04
8.216221042716255761e+04
8.047419603050642763e+04
9.134624854193069041e+04
8.495367287786105589e+04
8.391400255143486720e+04
8.526593457905342802e+04
7.434434200935193803e+04
9.747997420810551557e+04
7.097310884239304869e+04
6.742973499842446472e+04
4.427971165551878221e+04
7.138386268504567852e+04
7.288980639433758915e+04
9.711546344397049688e+04
7.350627303449777537e+04
7.278426950034585025e+04
7.964352784651303955e+04
1.050529530668692460e+05
8.495442340275351307e+04
9.352636281184756081e+04
6.477750504281130998e+04
6.559442559852453996e+04
7.146595981740033312e+04
4.706633599011803744e+04
6.680745115773928410e+04
8.383523064569117560e+04
7.108915916514507262e+04
8.001686386802086781e+04
6.561720859870096319e+04
9.499484077210216492e+04
7.406139064124017023e+04
6.458473396879928623e+04
8.370151388542939094e+04
5.821765407610523835e+04
7.697717870737153862e+04
1.150046273358071339e+05
6.911009940615642699e+04
8.528865996123455989e+04
7.782504703566577518e+04
9.015146582944213878e+04
9.380607476251178014e+04
6.680931362031392928e+04
8.600204059514113760e+04
1.088225017061792751e+05
1.102568509730212099e+05
8.427879778839727805e+04
5.210255238418840599e+04
8.549744064419454662e+04
7.546003481836568972e+04
6.967177311244611337e+04
8.142319482077991415e+04
7.568946028828740236e+04
7.034411437276467041e+04
7.695426884421528666e+04
7.672557060456553882e+04
8.905383209517279465e+04
6.772627934545135940e+04
9.501106659663138271e+04
1.006697918307133950e+05
8.659313680824551557e+04
9.045273330128178350e+04
5.095740681349431543e+04
9.711356065850408049e+04
8.743925466652739851e+04
8.989348788063223765e+04
5.287077720169387612e+04
7.580240549313907104e+04
7.325245089561837085e+04
6.948889457754111208e+04
9.262683502031446551e+04
6.631476747279020492e+04
5.891493356297507125e+04
8.469353066498311819e+04
9.505683551783465373e+04
6.754493533590160951e+04
9.287077331148451776e+04
6.139961309018065367e+04
9.210668972895645129e+04
8.092274068031011848e+04
9.754336578502491466e+04
7.186805761159089161e+04
9.773700458090381289e+04
7.008910913344052096e+04
8.016999046171158261e+04
7.420723596217858722e+04
8.030188452026947925e+04
7.711115052446079790e+04
7.084695782698015682e+04
7.073504996787749405e+04
5.809375580731511582e+04
8.666471389439614723e+04
7.233387450422144320e+04
6.203982272171561635e+04
6.655852582985129266e+04
6.318367619421650306e+04
1.046875608828385593e+05
6.746535128219171020e+04
6.829923882404838514e+04
6.896163512084381364e+04
6.763175996728074097e+04
7.143176584052608814e+04
9.758755617012392031e+04
7.825452044267747260e+04
4.902515938806422491e+04
8.952584683383318770e+04
7.469648775357932027e+04
8.025260344182956032e+04
8.080510965763508284e+04
8.140011370943732618e+04
9.336312011333410919e+04
6.264550745880742033e+04
7.684570810812342097e+04
6.055434412189346767e+04
7.097799969133429113e+04
7.822306805710116168e+04
6.893958708815486170e+04
6.936857165275761508e+04
7.631319226660126878e+04
5.656435622636977496e+04
9.737799689933533955e+04
8.196760989930566575e+04
7.180404519319906831e+04
6.534361518731767865e+04
9.124921972116848337e+04
7.007396942585066427e+04
7.817093531257257564e+04
5.888058589767591184e+04
8.826815497266279999e+04
8.841765735296753701e+04
9.140362954343196179e+04
7.610450031937679159e+04
6.215350965503186308e+04
6.535598179239925958e+04
9.483307543918072770e+04
5.180268189437027468e+04
8.013469994583319931e+04
5.738424574868576019e+04
8.972543147765334288e+04
6.672385448220031685e+04
7.638476012906385586e+04
9.634006969135698455e+04
9.239507562980895455e+04
7.021865755235502729e+04
6.613389597602759022e+04
6.904480524993567087e+04
7.343709654954957659e+04
7.030519469588377979e+04
8.982830027730148868e+04
6.881033132632113120e+04
9.435888206590927439e+04
7.248051310526400630e+04
9.418003279729089991e+04
8.856103760327202326e+04
9.154088744734662760e+04
7.855769074739971256e+04
6.685934736978063302e+04
6.944147419722333143e+04
4.105803039754062047e+04
7.619951724128483329e+04
7.048965613605706312e+04
6.765556163454675698e+04
6.780307743291488441e+04
8.403599138869275339e+04
8.602466137947569950e+04
6.894757345748513762e+04
8.141023408368224045e+04
7.015572521052960656e+04
9.487364436243388627e+04
7.420515397569349443e+04
7.769153508049008087e+04
7.162011270629415230e+04
8.915902506175926828e+04
6.533597539881069679e+04
6.547705364415098302e+04
7.953877065134340955e+04
7.831306495822299621e+04
5.673565786275520077e+04
9.244297366389057424e+04
8.673304270264788647e+04
7.338997689202158654e+04
7.179017307277352666e+04
7.164509086098639818e+04
9.030610230708523886e+04
7.664545602125780715e+04
7.393786463861777156e+04
7.509533363418118097e+04
4.527583504379394435e+04
9.122111107779193844e+04
6.573845402411666873e+04
8.978639351016892761e+04
7.541747971947606129e+04
8.160278532449361228e+04
6.928746742278207967e+04
9.759908831025056134e+04
6.489772813816362759e+04
6.823589197648639674e+04
6.356521123632361559e+04
8.464288054152356926e+04
4.373080539547790249e+04
9.381491140209620062e+04
9.056006635390147858e+04
8.120295106912108895e+04
4.573898994068100001e+04
4.884619532035758311e+04
8.487769794279152120e+04
7.716990232001073309e+04
7.206299393852059438e+04
8.725247151960607152e+04
8.859992047210813325e+04
7.640298689977065078e+04
7.392614670115568151e+04
7.830692716416988696e+04
8.636348786975460825e+04
7.322937269689718960e+04
7.774342099193566537e+04
9.916332984168833354e+04
6.604522322400166013e+04
4.437855969109057332e+04
9.658402162343393138e+04
6.984448402209865162e+04
8.707628918890467321e+04
5.688807371461515868e+04
4.325347194567249971e+04
8.928094483222985582e+04
6.523415490379260882e+04
9.173527473199383530e+04
8.395641166630058433e+04
6.865522859113207960e+04
6.964008273390211980e+04
3.336200606719176722e+04
5.208400279114996374e+04
8.476819061204056197e+04
8.657447769500275899e+04
6.642832492431858554e+04
8.606973473853932228e+04
7.724054306085118151e+04
6.660867380189629330e+04
8.534945346989082464e+04
7.436346205046390241e+04
7.243312080497239367e+04
6.811101414620880678e+04
7.334629361790868279e+04
8.248845981729154300e+04
7.531875820725469384e+04
6.865150115002368693e+04
6.948654773874046805e+04
1.008024840309883002e+05
7.318114614585148229e+04
1.051744231734145287e+05
6.595882811061499524e+04
6.916445641558767238e+04
6.800043886770161043e+04
6.203227478573282133e+04
7.639006683290905494e+04
7.937377832759877492e+04
6.751536113703198498e+04
9.477480322627647547e+04
7.440593314281164203e+04
8.550446353676497529e+04
6.786933412705305091e+04
7.627685752348382084e+04
9.320254063759835844e+04
8.627886445287115930e+04
8.990062609633937245e+04
8.003656653657363495e+04
8.061138573668782192e+04
9.173733519955018710e+04
6.940333295478677610e+04
7.665857744504016591e+04
7.901557840816063981e+04
7.830516947908508882e+04
7.465838221831961710e+04
7.772696223575274053e+04
9.867444142314050987e+04
6.678678413069473754e+04
1.243660300104359776e+05
8.824059632998546294e+04
7.270633759091663524e+04
7.059259190473333001e+04
7.436136429285763006e+04
8.135756189987871039e+04
8.148071459037475870e+04
7.328725540618512605e+04
6.441200420628792926e+04
8.069918031244269514e+04
8.401537541638489347e+04
7.993505652399797691e+04
7.430311867549369344e+04
7.445618307084879780e+04
9.651408314038468234e+04
9.813351169925653085e+04
9.554298249278617732e+04
8.029399920514084806e+04
3.777184588681758760e+04
7.331166125964243838e+04
6.627034230554713577e+04
7.048047262004208460e+04
9.418267554955255764e+04
8.968144343364094675e+04
6.961516456060334167e+04
9.878230056776363926e+04
7.852625874686615134e+04
8.375366016920348920e+04
7.538144473652805027e+04
6.771530330084548041e+04
6.983234321650974744e+04
6.447305015888230992e+04
6.814126061623939313e+04
6.880650611776288133e+04
8.258564226848185353e+04
7.265858776145214506e+04
6.424823808989912504e+04
8.751580436412472045e+04
6.414606544521288015e+04
8.503670318375297938e+04
6.678453287699526118e+04
5.811124657535120059e+04
8.936304377165478945e+04
9.469395463486376684e+04
7.904342565464922518e+04
5.402470524866037158e+04
9.562487767931155395e+04
6.640304997492065013e+04
8.088958501148530922e+04
6.169600928550699609e+04
7.398137032963139063e+04
6.909540695308068825e+04
9.080828952484544425e+04
6.115184444359759073e+04
9.370365273703036655e+04
8.300868067304823489e+04
8.763285556286771316e+04
8.619377699656593904e+04
9.746164696217076562e+04
5.219045717980875634e+04
9.918879256218820228e+04
7.017319992907426786e+04
6.623826942170194525e+04
6.986576212802466762e+04
8.748043152919349086e+04
9.813870792849159625e+04
5.948485385890739417e+04
5.411665415480096271e+04
9.208069964830816025e+04
6.326190507434959000e+04
6.704221474399506405e+04
8.293780050410200784e+04
8.035863806523078529e+04
6.327758535672539438e+04
8.411230970605141192e+04
9.406377558934608533e+04
8.318330827905178012e+04
7.246575677245845145e+04
6.795963052090529527e+04
5.413871930906407215e+04
7.084564936120572384e+04
9.397401662208199559e+04
6.668303213991108350e+04
9.043110611570591573e+04
1.074929311504022771e+05
6.698116095467795094e+04
9.785157186980034749e+04
7.452331061892365688e+04
6.374818888357587275e+04
6.798147605664905859e+04
9.269844622882448311e+04
6.685635698247127584e+04
9.456134330350066011e+04
7.285311921156915196e+04
7.187148684363866050e+04
6.942282763736968627e+04
6.420792969972491119e+04
6.843065769964076753e+04
9.140616192504273204e+04
9.718584007355755602e+04
7.897759667091860319e+04
6.854447781216226576e+04
7.799176340317397262e+04
7.747419359594932757e+04
9.099363198576057039e+04
8.573903174053512339e+04
7.570205630958177790e+04
6.913867774318750890e+04
7.703609298909679637e+04
7.989305831932205183e+04
7.463837227197070024e+04
7.826459138348040869e+04
7.458612146311414836e+04
9.015904439334786730e+04
7.022409047755430220e+04
8.347590821412131481e+04
8.938579781472012110e+04
7.133093834249374049e+04
4.443739155354593822e+04
4.625329110100830439e+04
6.688222392190175015e+04
7.214536703561643662e+04
1.098365844945887075e+05
7.555857367131912906e+04
6.714254967043401848e+04
8.364672384515849990e+04
6.557663650418425095e+04
9.662922948309805361e+04
7.388564969924784964e+04
6.593210318769171136e+04
7.837742041068059916e+04
7.564368820561915345e+04
7.454986407734532258e+04
7.331914774054203008e+04
8.749780831028075772e+04
6.492842979337892029e+04
9.621911692336811393e+04
8.112173288370454975e+04
6.560504355573673092e+04
6.997681632878219534e+04
7.943947644530881371e+04
9.799650323334662244e+04
5.528700879253150197e+04
7.050708214724622667e+04
6.896021240731951548e+04
9.477602431740044267e+04
9.398002477813219593e+04
8.362766748976605595e+04
7.216346552704511851e+04
7.217281407241216220e+04
7.086753464570442156e+04
7.433692669782979647e+04
4.289082570546833449e+04
8.012324712600425119e+04
6.741338911606566398e+04
7.572738806698670669e+04
9.351633096894306072e+04
7.683788081850692106e+04
5.642130045643712219e+04
8.317122849538577429e+04
9.319625986553715484e+04
9.476079787104846037e+04
6.770991072118844022e+04
6.541269699276049505e+04
9.156035356632128241e+04
8.729283400030987104e+04
7.697104432034002093e+04
7.688271453521741205e+04
7.199941764958508429e+04
7.264421041467523901e+04
8.896466739116197277e+04
8.198066013296435995e+04
7.868303791002817161e+04
9.251957740774238482e+04
9.466151037069474114e+04
7.843688865387553233e+04
6.965849992134168861e+04
4.699089728212052432e+04
9.947433522134143277e+04
6.535059962737907335e+04
8.525956392716315167e+04
9.631249953747105610e+04
9.335864373641395650e+04
9.234666639174487500e+04
6.513478740660611220e+04
6.744924741059703229e+04
7.771107893263468577e+04
7.845024223542917753e+04
9.184911340075038606e+04
6.640147797055685078e+04
9.656587714618412429e+04
7.342224414189904928e+04
7.760145227366796462e+04
7.456780937790464668e+04
6.474425679373289313e+04
8.092351412078792055e+04
6.956712096885908977e+04
8.671666992481963825e+04
8.706928956799631123e+04
7.767135414128335833e+04
9.280588437848530884e+04
8.284857293286274944e+04
7.467566058947525744e+04
6.767472486767423106e+04
7.075447724358702544e+04
9.947719377628520306e+04
6.772186357528800727e+04
6.966056962950532034e+04
9.876629770582802303e+04
7.891195676035137149e+04
6.982458012575747853e+04
9.848560198001284152e+04
6.712272927484316460e+04
6.327307616948664509e+04
8.227578694161077146e+04
7.311812467288759944e+04
6.668401268276455812e+04
4.491644477344087500e+04
6.972221992697856331e+04
6.844364623645198299e+04
7.262572698505430890e+04
7.922399447490996681e+04
7.724946081249631243e+04
7.631923159084918734e+04
9.337014150338621403e+04
8.104051925683541049e+04
7.582381695696437964e+04
8.831106776242541673e+04
7.660101318814724800e+04
9.215600884607752960e+04
8.012861933073337423e+04
6.461030657879638602e+04
5.966285289306242339e+04
6.595653270901282667e+04
8.746857290527549048e+04
8.596926817612641025e+04
6.939590833375419606e+04
7.524609384169160330e+04
8.843519896457805589e+04
6.518037206055005663e+04
7.586923025352126569e+04
6.519955560057181719e+04
1.002248796077603620e+05
5.687203457567773148e+04
5.682480100914826471e+04
9.810319855889104656e+04
7.746389631519127579e+04
6.759773492637363961e+04
6.536530077624083788e+04
8.851919359414828068e+04
7.947929745712970907e+04
7.343929143188534363e+04
9.376010870637431799e+04
9.340149623827540199e+04
9.268040806399627763e+04
3.857654837756121560e+04
6.708758266536267183e+04
8.680174636560109502e+04
7.218562450602061290e+04
9.729239349579768896e+04
6.974065052841362194e+04
8.354412113867812150e+04
7.634953195514870458e+04
6.737844180325540947e+04
6.825556771764309087e+04
8.947829381040263979e+04
7.850383970532947569e+04
7.617981153434289445e+04
7.948107171570009086e+04
9.799053656301260344e+04
7.808579966003216396e+04
6.571190318170872342e+04
7.238361538143375947e+04
6.114721876525642438e+04
6.766403420708495833e+04
6.590634943568755989e+04
6.620769191384011356e+04
6.251730812203042296e+04
4.016321371751560218e+04
7.082476526646624552e+04
7.259608500327925140e+04
9.079509484652306128e+04
8.303705873028273345e+04
9.082696513463517476e+04
9.074174093996758165e+04
6.764517896687485336e+04
8.032074638771559694e+04
7.074876122156933707e+04
9.115270988275730633e+04
9.579532013141554489e+04
6.762568753540655598e+04
7.402679885652208759e+04
6.607569186317728600e+04
6.817338079395386740e+04
9.218160160368935612e+04
6.674172095484563033e+04
7.005671239974374475e+04
6.956149743752031645e+04
7.030790119271125877e+04
6.545688049159122602e+04
7.180581605664560630e+04
5.568476063093728590e+04
6.538037251948137418e+04
8.191350702968508995e+04
9.212211670477373991e+04
7.441559692734481359e+04
7.414883333657964249e+04
7.881137369124752877e+04
8.773726510146229703e+04
8.805986847653645964e+04
6.911632538532267790e+04
6.414844590641254763e+04
6.510416411918274389e+04
7.929235294420059654e+04
9.604261270231293747e+04
7.890191309063039080e+04
7.111191585261108412e+04
8.055254432477810769e+04
9.208517104354838375e+04
6.802025562873996387e+04
6.752600841500809474e+04
9.808692895819942350e+04
7.289618729682866251e+04
9.596600784873781959e+04
6.613094724130298709e+04
6.382128917497095972e+04
7.596790637305316341e+04
6.613909655955698690e+04
6.499115432643397799e+04
7.025616377903243119e+04
6.257272234319513518e+04
4.940934960402804427e+04
9.036694029152971052e+04
9.297618287917309499e+04
6.689460183379022055e+04
6.937884749851362722e+04
6.942792113724898081e+04
6.550463986029674561e+04
6.779949461733603675e+04
3.828131948498604470e+04
7.061065115886587591e+04
5.951752743183663551e+04
6.650735459115811682e+04
7.606031750182341784e+04
7.545970533343673742e+04
7.069207794756973453e+04
8.510122109508376161e+04
6.956339654412501841e+04
8.440018366144846368e+04
8.458572325708299468e+04
7.481446352529134310e+04
9.793037062743895513e+04
7.356537119962215365e+04
6.556117583866353380e+04
8.294185501345664670e+04
8.787772590829907858e+04
7.794331858447294508e+04
8.575000883678840182e+04
6.909849478521145647e+04
8.572137149510353629e+04
7.718663261238695122e+04
9.226735521763055294e+04
6.925865374139825872e+04
6.548459617855780380e+04
7.034322153140882438e+04
8.077510050787184446e+04
6.679468690482131205e+04
6.905585513573930075e+04
6.693349734066883684e+04
6.330732328789902385e+04
8.552645122536006966e+04
8.478314368232191191e+04
9.288496141230061767e+04
9.609768881753023015e+04
6.584072134580876445e+04
6.359646619063292019e+04
6.982756982047423662e+04
9.008703200323166675e+04
7.150083530481225171e+04
6.171242229569047777e+04
9.206694549866144371e+04
8.050544734307804902e+04
6.678855551791972539e+04
8.620244122043029347e+04
6.742821330433295225e+04
9.943303777874411026e+04
7.210255157302532461e+04
7.338715927105605078e+04
7.203499557578974054e+04
7.768645832785425591e+04
8.123512889404817543e+04
5.626938516742020875e+04
6.605961381736349722e+04
8.611952534505190852e+04
8.533203989926497161e+04
9.017224525866728800e+04
8.227645644177687063e+04
9.144769500451466592e+04
9.135248363642657932e+04
7.073816390686045634e+04
7.897762820225924952e+04
6.754740529123660235e+04
6.818071356515737716e+04
8.960240392980365141e+04
8.572452008809240942e+04
8.297806293042308243e+04
7.771993689912630362e+04
8.624306440895929700e+04
1.001759511796356383e+05
8.260330483735709277e+04
5.969581978874916967e+04
9.209712401036305528e+04
9.681981228079010907e+04
3.943080758288833749e+04
7.102831144479270733e+04
6.937482265847020608e+04
6.480314926497898705e+04
6.753309851352796250e+04
