6.970982738792703363e-04
6.570447627411929795e-04
1.074660035899450798e-03
3.696577550450393101e-04
7.293923937753792053e-04
4.040958010797095516e-04
7.860621867105516657e-04
4.944867600096981147e-04
2.758927925744287428e-04
3.257171196434579543e-04
5.449020293009277814e-04
6.510919444263232967e-04
3.043685708172813652e-04
1.295720498639518336e-03
1.298785552230726859e-03
1.946305634745735852e-04
7.606482577941316896e-04
2.479859968687733382e-04
2.752647944186088574e-04
5.129679344657591365e-04
4.550691684985200985e-04
7.398262897131800556e-04
4.370601843772723674e-04
6.752482109352455448e-04
7.723945616773180778e-04
1.251118520367845396e-04
1.385929084446094043e-04
6.627688562775438733e-04
6.073323686297549002e-04
3.115233231760735949e-04
3.101690863902499388e-04
7.078086149327296114e-04
6.040284175308007842e-04
7.473996682114924768e-04
3.246216959613000184e-04
4.510933737781718487e-03
4.674614763811533991e-04
4.243098495857566647e-04
3.908309448583721494e-04
4.380160584828092550e-04
7.128300997875541053e-04
3.914548365438655472e-04
3.220155427143947318e-04
5.452379867952399876e-04
3.950350471691255541e-03
6.088257549088936559e-04
3.199801277812882997e-04
7.844243767084234983e-04
4.350401862004210575e-04
2.644417816190011011e-04
1.862263746899328045e-03
1.385929084446094043e-04
2.919875168360787712e-04
4.601100714970899437e-04
7.510024964016369896e-04
1.518109639823156821e-03
7.920672204398222435e-04
4.193064310837744035e-04
2.796079841430249621e-04
1.870144307283984461e-04
1.251118520367845396e-04
3.033958124979022151e-03
5.415374087223241359e-04
2.472389869438853995e-03
3.861886868699822609e-04
3.055946370435456538e-03
3.345806357069190835e-04
3.172805496353890394e-04
1.435981127456309198e-03
1.316579588223816240e-03
3.306360556041720205e-04
1.385929084446094043e-04
3.368899279123691026e-03
1.846841799112900525e-03
1.140820184335972556e-03
2.620345726826604272e-04
2.243514850757812127e-03
1.248506912534814994e-03
1.203676775831566403e-03
2.235590107988963827e-04
6.210496578077309574e-04
3.757734908367644979e-04
4.601100714970899437e-04
8.095294319396652630e-04
8.812378246947799067e-04
2.808349774008801628e-04
4.019604714300299762e-04
5.367198687477318019e-04
3.196388507057530931e-04
4.347455058091945494e-04
2.551148076278502005e-04
5.372599213098231373e-04
3.985651592705307679e-04
1.367341210989076253e-03
6.518785923421316656e-04
2.832691589632284433e-03
3.000725100167586125e-04
6.963377481838956950e-04
8.483604018497021030e-04
4.079509180415868378e-04
5.486073318144949352e-04
1.109032248278225483e-03
2.046727438401374586e-03
9.018072954124434432e-04
2.658542912532806980e-03
3.152745580693908198e-04
3.300963456084938011e-04
2.666307070481185805e-04
2.333464434389843152e-04
7.473996682114924768e-04
3.270521920551009744e-04
4.795361015681951769e-04
3.975818074685070840e-04
1.040629874134059571e-03
3.951201178058021124e-04
9.265269587336241730e-04
4.552109041545632858e-04
2.472389869438853995e-03
2.254262714127923937e-04
5.604907078357411606e-04
4.381389872622637742e-04
1.048650675963272265e-03
1.251118520367845396e-04
3.922454324404046075e-04
9.807110867507784317e-04
9.538528667913472904e-04
4.052777595363349361e-03
2.526950818665827324e-04
3.498093461881423053e-04
1.608942351413502822e-03
2.070852542991465355e-03
7.760402739126633608e-03
7.675014650926023120e-04
1.032167521418007362e-03
7.894733445925704697e-04
1.295720498639518336e-03
5.274421234675562026e-04
4.207316069807111704e-04
3.809305071433034535e-04
3.256181634243404785e-04
6.893059718840450047e-04
1.148350859456018962e-03
3.782569149446486276e-04
3.201922619480011725e-04
6.935615256979422993e-04
1.295720498639518336e-03
7.293923937753792053e-04
3.216317130364555743e-04
6.300739813790641507e-04
3.565173225906859773e-04
2.699813115195131338e-03
8.198983606433358357e-04
4.034106784102314087e-04
7.920672204398222435e-04
1.664342248847452922e-04
3.565173225906859773e-04
2.447613754343249282e-04
1.985760952190975307e-04
1.287700545005212042e-04
9.123206074619977972e-04
2.321152567252834486e-03
7.760402739126633608e-03
6.874612039008265582e-04
3.503508261097030836e-04
1.683668388193976673e-03
3.363789139593244791e-04
6.309035712591388838e-04
3.044269139927639626e-04
7.531045429539468764e-04
5.834404124458504332e-04
1.198250094108962473e-03
3.238310536758918124e-04
4.852419457745297897e-04
8.219234169837711995e-04
3.430640706938342167e-04
2.069649542845338787e-03
3.972764712635630676e-04
9.648689565072256571e-04
2.513931796040394149e-04
2.653482200092762539e-04
4.830173086734419231e-04
1.458604939953957614e-03
2.769589584066005708e-02
4.870140851566976347e-04
3.190613884947720918e-04
7.738941353678494310e-04
1.591921945468519062e-03
2.898028051197358828e-03
4.046531377860990890e-04
3.826137592347230148e-04
4.007747667951913704e-04
5.595541058570706978e-04
2.000910187749088524e-04
3.508450510106869051e-04
4.520666207420102477e-04
9.122011546242263626e-04
6.310302294969210137e-04
3.002432300724085039e-04
4.706265572530154095e-04
4.512047033212980367e-04
2.796370716628229802e-04
4.508594686330689972e-04
1.355615216444095404e-03
3.272757769545502028e-04
2.666307070481185805e-04
1.045203372667572340e-03
2.525659660565404870e-04
3.937851139280258250e-04
2.398995065996224827e-04
2.423761836049305603e-04
2.956342020370462411e-04
3.006457670359100401e-04
4.920153752995275100e-04
5.114674298257609626e-04
3.968401545171230298e-04
8.689147283963017526e-04
7.325545349080955261e-04
3.212655466371081860e-04
3.494915346447475331e-04
5.610099046852309260e-04
1.073337094776084279e-03
4.530158366535775531e-04
1.875839901597460774e-03
4.988424306726547573e-04
4.650258715953431952e-03
2.788011221362182560e-04
8.194131488020959262e-04
1.117113747604980833e-03
9.813448491171577592e-04
6.439898659960796188e-04
1.988846555449366683e-04
1.188686382239565083e-03
1.021128982126796392e-03
4.996525315946934555e-04
4.052777595363349361e-03
2.759422835341653144e-03
1.755831182044452661e-03
1.040229859554537293e-03
3.572226520684253811e-04
4.141413152460918495e-04
7.398262897131800556e-04
2.041568586546782180e-04
4.508594686330689972e-04
5.071013248770257081e-04
2.786689949565998928e-04
3.062847770349249937e-04
4.990911741407585717e-04
1.472561647370342714e-03
8.683434430667175824e-04
7.842653901124174405e-04
1.163660863808302836e-03
3.235343133361349207e-04
3.292335456176106730e-04
1.336480046383506761e-03
2.606503505154545721e-04
2.234010355593948091e-04
1.808340569042925922e-03
6.834465937766378727e-04
2.219013054849364890e-04
1.801364151107088933e-04
3.581133525900764576e-04
7.815251753628325816e-04
1.839022353597307574e-04
1.988846555449366683e-04
3.837891312986228473e-04
1.910600846247205106e-04
1.823772888735441340e-03
3.526571891152502423e-04
3.474539467901311893e-03
1.126573482267419647e-03
4.498793006553980186e-04
3.610088161385142567e-04
1.988846555449366683e-04
3.398318419162530421e-04
4.650258715953431952e-03
4.646273765938237882e-04
5.755781993121382835e-04
4.099591268627187854e-03
4.980813875062630163e-04
6.400881859122464551e-04
5.875871356214426621e-04
7.087799368118058484e-04
6.595997016398708057e-03
1.295720498639518336e-03
5.073856965199935454e-03
2.194689347586100141e-04
1.782589264552533097e-03
4.839334602061625421e-04
2.351659646975149537e-03
2.560429592592154083e-04
3.219154486937601898e-04
1.251118520367845396e-04
1.385929084446094043e-04
4.938250164041079263e-04
1.204572348229852180e-03
1.295720498639518336e-03
3.706744224312052104e-03
1.046057236799099186e-03
2.667294294172384761e-04
3.301806031203123864e-04
3.789718296074097610e-04
7.954889820632222042e-04
1.870675089579799336e-03
3.198610945220064930e-04
8.226444537797176658e-04
2.875037154334937942e-04
9.395857101243455540e-04
4.175998898893480801e-04
6.308552603270780809e-04
2.236500924401978727e-04
1.171324167347474483e-03
5.704383114356533510e-04
3.504732548327527358e-04
1.152400001547995928e-03
3.896910987035730992e-04
4.237636020611592648e-03
9.846447932334951789e-04
4.770533710706547953e-04
5.201489474459207712e-04
4.148657110580931495e-04
5.052754514078659645e-04
7.398262897131800556e-04
3.822286833564854662e-04
9.718545569677742788e-04
3.004136814524748238e-04
4.868004553463882141e-04
3.792711525039563843e-04
1.417812893661549341e-02
3.568403946765550880e-04
3.006271657138149915e-03
4.102695339991152155e-04
1.988846555449366683e-04
1.449866719634916720e-03
3.706744224312052104e-03
7.473996682114924768e-04
3.597922171076956997e-04
6.722902679561626590e-04
3.208804097046881487e-04
2.943431344149427423e-04
2.832691589632284433e-03
3.061999016820174087e-04
3.990833168118273697e-04
6.290897892565640694e-04
1.783597602837561817e-03
7.538767644546117037e-04
4.556427930297860711e-04
3.810468383675663520e-04
4.176677390259384112e-04
2.015130969444695053e-03
7.987680039858643119e-04
3.522698166460814313e-04
7.907647344832388842e-04
9.577918809205389263e-04
2.202599410895508445e-04
7.301713948766976915e-04
4.429190431748223386e-04
7.688730630758422880e-04
2.482089937433319595e-04
1.835446709867069820e-04
2.221277604631538430e-04
3.610088161385142567e-04
1.059540633159167548e-03
1.972357322419030813e-03
3.596196462029676959e-03
3.894506503864120510e-04
8.744667575096559805e-04
2.343825545356706310e-03
6.335777766729882611e-04
2.264306341148245450e-04
1.109119579072117721e-03
1.781152810009372766e-03
1.988846555449366683e-04
6.094154901405002137e-04
4.912319688295927259e-03
4.538660161859645395e-03
5.987405077321914177e-04
4.578139682796981231e-04
2.521170397824826562e-03
8.872997093906905344e-04
3.010545377233262419e-04
6.141983184119990686e-04
8.851879485604339289e-04
9.022856439563646438e-04
3.565173225906859773e-04
2.813790696958218718e-04
2.195490344525916667e-04
3.108412863720478887e-04
8.840133557452389389e-04
3.083648176616562986e-03
7.748516272929945785e-04
7.765847677656136485e-04
2.808577030909402568e-04
4.716707454138354088e-04
4.044005027800990932e-04
4.650258715953431952e-03
5.589140366439966298e-04
1.898566464339703646e-04
1.184233955962381334e-03
2.089848801358651527e-04
2.008369013068269965e-04
5.271149385084660053e-04
2.237366892492266091e-04
2.742871074878518558e-04
3.610088161385142567e-04
3.302536443222895573e-04
6.481931676895327571e-04
3.682749488751452097e-04
4.650258715953431952e-03
1.719411139547078870e-03
9.331159313429619392e-04
4.616210161836073011e-04
3.152356640151378234e-04
4.111526553149304902e-04
1.333134731515350606e-03
2.887964996795990935e-04
3.610088161385142567e-04
7.349621104752943057e-04
8.457634531734142943e-04
3.593800250780775996e-04
3.572671383201403688e-04
7.398262897131800556e-04
5.309434461756037081e-04
9.280126632458156680e-04
9.018072954124434432e-04
2.674250044635675993e-04
9.033275846409106547e-04
6.125947079366310258e-04
4.427125142690007016e-04
6.774824304098012000e-03
4.989890107518525630e-04
7.398262897131800556e-04
2.015249045990357508e-04
1.988846555449366683e-04
2.816744317667160087e-04
4.894612067086556804e-04
9.538528667913472904e-04
1.556970987169890505e-03
2.347224853498569368e-04
3.502858901588631088e-04
9.231942999361188130e-04
1.251118520367845396e-04
2.283068568261899473e-04
4.137311368166052728e-04
9.536900972984107411e-04
3.927950725408289032e-04
4.099591268627187854e-03
9.679258180610283285e-04
9.286974192763626816e-04
9.219478566698112616e-04
7.590882823692547080e-04
7.393183376965403123e-04
8.522111187228941084e-04
8.360509306458905037e-04
4.187547370254086627e-04
3.120454826024963210e-03
6.696772340527639214e-03
5.278252521338825613e-04
2.225677204046286773e-04
2.014421611483546704e-04
1.242587262764631526e-03
2.979597993634973624e-04
3.058539248377768640e-04
7.423861880691640189e-04
5.315292496999096065e-04
1.245285329894849340e-03
3.395787419911943370e-04
9.499183427526198056e-04
6.571391222858131466e-04
2.140886026341758466e-03
2.269197174957052513e-04
3.201554683468507494e-04
1.518109639823156821e-03
3.964718833508119183e-03
4.298119027077693696e-04
1.281107197312712363e-04
4.678910157639848541e-04
2.095770939075015829e-04
8.895565457116770243e-04
2.719826490961631976e-04
3.620044299082377241e-04
3.046872759879927050e-04
7.393183376965403123e-04
7.108582267987942392e-04
1.019871580313624080e-03
2.148611206025059024e-04
3.706744224312052104e-03
1.023886739484795557e-03
2.159049651109127676e-03
1.537576768077786619e-03
6.656940548854672511e-04
3.349656413991563371e-04
7.482125705332639144e-04
1.120564126251555543e-03
9.538528667913472904e-04
2.472389869438853995e-03
2.712939282592836542e-04
5.691222776098804267e-04
1.762039121116713196e-03
3.509572914447308648e-04
3.155527125636257025e-04
5.321205645396517555e-04
5.419006926670513194e-04
1.385929084446094043e-04
6.753304412506474846e-04
3.492086934867261010e-04
3.201864789948173076e-04
7.473996682114924768e-04
1.455770138916789641e-03
9.992574081382024111e-04
1.128999315641046391e-03
5.847436198084561684e-04
2.180191312134741825e-03
2.178182675404130217e-04
6.875766618305093059e-04
6.567191845146413574e-04
1.832273229981643903e-03
2.646582644837956657e-03
6.471734531753090382e-04
4.890610507368898944e-04
4.351057967922699970e-04
2.742871074878518558e-04
3.502783051587019469e-04
5.858050368566432861e-04
1.296842060499897066e-03
1.294848814591819915e-03
2.000910187749088524e-04
1.915758331127060277e-04
5.306518822088847603e-04
5.458920011161340650e-04
7.157552629498913467e-04
3.445796166326273603e-03
4.280194795533611286e-04
2.643404881659698938e-04
1.988846555449366683e-04
2.822510114068211987e-04
6.522870501198833795e-04
1.295720498639518336e-03
2.167066231298291437e-04
4.069880509552830706e-04
3.752786638068787619e-04
3.199293198293072255e-03
3.284198695319103293e-04
1.458604939953957614e-03
2.876375218127668731e-03
2.049448408919612953e-04
5.023378274401294873e-04
5.905210080305563561e-04
1.881233982855187161e-03
2.526950818665827324e-04
4.912859898175545763e-04
2.742871074878518558e-04
4.847308511242164638e-04
4.553215153220617831e-04
3.935523872665984304e-04
9.239315166974480797e-04
7.473996682114924768e-04
3.397397720118638682e-04
3.039814271761177638e-04
3.761009923325852786e-04
7.118382703058049850e-04
6.928897492465517635e-04
3.610088161385142567e-04
2.152319689708663206e-03
3.279208581480490855e-04
3.323282682898911784e-04
5.988320180276694065e-04
2.832691589632284433e-03
4.216070463278362109e-04
3.826137592347230148e-04
7.181837714923647352e-04
3.153422936352719987e-04
1.166942025214590638e-03
2.909786781486625555e-04
5.197181541238860523e-03
2.848122679870354265e-03
7.042121629260583455e-04
4.721058218572338596e-04
9.021832185248576923e-04
1.636872971053274185e-03
1.178081870556478778e-03
1.167121284217428152e-03
3.854231728357656911e-04
4.301105485621272958e-04
1.945704293741128187e-04
1.759032611065351965e-04
7.842653901124174405e-04
7.660842463112077505e-04
6.077072008744460654e-04
6.144042361457760374e-04
8.817022765698296965e-04
8.193538217739925909e-04
3.946137223764018443e-04
6.228384454687540227e-04
7.920672204398222435e-04
4.650258715953431952e-03
4.374526277293410673e-04
6.870229826338563597e-04
3.088714311008955459e-04
6.471500719989836886e-04
2.221200113507784386e-04
3.060789491324207622e-04
2.576826617750415760e-04
3.171176092977064250e-04
6.967968965295013141e-04
3.198972596294496432e-04
3.325393765727763479e-04
3.706744224312052104e-03
1.254290548128068894e-03
9.409067763812062118e-04
7.751819705335049118e-04
4.412403344603377047e-04
4.241805236692347872e-04
3.984464689022501442e-04
1.080028817524438791e-03
4.094484624395806883e-04
2.791838947247973031e-04
1.109119579072117721e-03
3.504608774964113917e-03
2.259441417793001637e-04
4.076092483715227505e-04
1.666926924403974968e-04
3.445796166326273603e-03
4.293460617548663493e-04
1.289968230804617070e-04
2.922141699277489599e-04
1.385929084446094043e-04
6.713762111847390796e-04
6.849951279950532330e-04
1.238712956109588740e-03
8.033447444035711179e-04
1.288336181627050970e-04
1.251118520367845396e-04
9.018133202520722640e-04
2.273100031070062605e-04
2.457239144710488443e-04
2.807789160221854869e-04
7.589261911074336340e-04
1.010192510035190549e-03
6.950737087631724377e-04
7.036557577367002873e-04
1.553476584380405860e-03
3.593373594053698235e-04
1.741678679856890379e-03
3.400633874660863830e-04
2.779288550059446652e-04
4.412691499887200588e-04
1.799127284711471279e-04
3.251244109612785025e-04
2.845687791419823404e-04
2.832691589632284433e-03
2.763655191700983382e-04
3.383177390168720915e-04
3.984464689022501442e-04
3.570246228346012790e-04
1.980817573208059636e-04
3.905725564279459829e-04
5.912078149405593230e-04
6.583594570864716080e-04
2.832691589632284433e-03
3.155998945259019307e-04
3.780399156380849284e-04
8.206327346572459122e-04
7.794610582855075612e-04
3.848541931305033553e-04
1.295720498639518336e-03
1.442803825637092169e-02
2.241295852938156655e-03
2.973724823004273636e-04
3.608475443319198936e-04
6.418284291502705449e-04
1.073337094776084279e-03
4.850150238680753234e-03
4.564861278110858588e-04
2.989343179393443343e-04
3.073498075927986258e-04
1.483256353171581027e-03
9.960017625386678904e-04
2.667294294172384761e-04
1.774740361970150813e-03
3.778414005101070295e-04
2.239411126942812236e-04
8.927950334678844352e-04
3.259464413139384360e-03
1.251118520367845396e-04
1.414824783574869559e-03
6.616299455056403114e-04
7.301713948766976915e-04
1.224090976841261469e-03
4.013955758373231116e-04
2.003400741741137060e-03
7.799857425994043527e-04
1.518109639823156821e-03
2.794633001618362813e-04
5.504396028828931371e-04
5.987065802731102258e-04
3.104113701788302308e-03
1.386804798429723106e-03
3.565173225906859773e-04
3.030389936386110013e-04
4.842126089058098660e-04
2.940831792075743406e-04
6.190637438990831670e-04
5.445116874711797197e-04
1.295720498639518336e-03
7.176939461907366974e-04
4.069880509552830706e-04
2.515520856643678449e-04
4.234300224544165032e-04
5.219744387680693223e-04
3.264393281684655292e-04
4.941013435399411145e-04
1.988846555449366683e-04
4.827559035400180005e-04
3.008226391805851022e-04
7.473996682114924768e-04
1.550071483977147726e-03
4.455341577298128062e-04
7.192805115108103636e-04
3.826137592347230148e-04
5.129679344657591365e-04
3.925088902927347878e-04
6.113557233786996638e-04
3.811123264214758065e-04
1.251118520367845396e-04
5.047750647601647375e-04
4.969556268372490003e-03
4.006044486136214021e-03
2.119746376886394695e-04
1.027644440178444992e-03
5.942189293015882456e-04
6.032793396208135364e-04
2.897944511419362650e-04
1.530876616789870722e-03
1.126938513348036243e-03
9.815061312832250046e-04
4.571759238896720549e-04
7.192805115108103636e-04
6.641075464531201022e-04
4.103984147834004669e-04
1.211593267318567414e-03
3.610088161385142567e-04
2.321152567252834486e-03
1.251118520367845396e-04
3.264787758934893235e-04
6.530030143112640698e-04
5.396063046328190621e-04
1.045203372667572340e-03
5.642380501443223974e-04
5.268358376103546856e-04
2.590596708357686224e-04
6.896944046346722588e-04
5.326566764260656089e-04
1.988846555449366683e-04
6.616299455056403114e-04
9.538528667913472904e-04
4.801092961264963647e-04
4.231006968436661964e-04
2.667294294172384761e-04
8.481298587689775712e-04
2.365874050561609927e-04
1.486696573830619981e-03
7.082740337341074692e-04
4.101479330652675484e-04
7.887450439462431132e-04
2.897944511419362650e-04
8.365426839868952621e-03
5.394372156156880972e-04
2.458783239294282498e-04
1.902149529212924844e-04
1.295720498639518336e-03
9.002935716440314080e-04
1.041860898164308040e-03
1.295720498639518336e-03
3.077261265066887790e-04
4.369852805892778099e-04
2.513342489272076528e-04
7.301713948766976915e-04
2.521170397824826562e-03
1.844742427434148695e-04
5.975922047648558758e-04
4.352658696925683964e-04
6.565011866337608359e-04
2.566318864218812665e-04
3.069767447488781103e-04
2.702930403886640476e-04
5.563330225129254443e-04
3.506792333736832878e-04
2.832691589632284433e-03
1.069256095521038978e-03
3.406340061340493012e-04
6.907458413628484112e-04
5.136670269960573942e-04
2.133177341538337098e-03
5.147801415931469848e-04
8.295037669836945356e-04
1.912838586074839576e-04
2.457239144710488443e-04
2.104683201616801584e-04
1.786499275151498143e-03
4.640842574529246175e-04
1.602528469736973259e-03
4.454561707317633611e-04
2.478362987590179895e-04
4.482043748603599907e-04
3.892374253826437827e-04
6.774824304098012000e-03
2.713235191171977051e-04
8.209591726437681083e-04
4.168068747652942520e-04
3.766910658663039633e-04
6.929078851092185416e-04
2.965942023184095977e-04
3.006457670359100401e-04
1.385929084446094043e-04
7.582890150516129408e-04
5.524565351284203060e-04
1.045203372667572340e-03
2.941893849980999542e-04
2.210607912942524379e-03
6.466775897086234201e-04
4.187503223927593670e-04
1.598195763288009575e-03
7.490669176066315754e-04
3.262688252159423466e-04
1.295720498639518336e-03
1.842428322035354451e-03
4.031866929846653503e-04
1.399580200654793006e-03
8.042899883572348372e-04
1.835446709867069820e-04
1.324128090536071849e-03
3.787435118239937393e-04
5.413563300758043612e-04
3.872023589107951918e-04
4.458623733400496792e-04
2.783662069441135900e-04
1.723836526184315649e-04
6.675288614057055779e-04
5.076340668629124222e-04
4.544276015571974787e-04
1.824779598659337929e-03
7.398262897131800556e-04
5.674381500966467788e-04
2.046727438401374586e-03
6.139999534700596884e-04
7.027246223278354803e-04
3.983625719639852670e-04
6.143529766161996697e-04
4.388533941317254196e-04
2.148819809960761384e-03
2.745597138713123898e-04
1.988846555449366683e-04
3.322265787342701697e-04
2.484223641210239015e-04
1.079642706677683616e-03
4.650258715953431952e-03
4.634019418086861644e-04
3.809297922943625072e-04
4.461255550074839970e-04
3.535452447326009693e-04
1.793396030926943134e-03
1.988846555449366683e-04
5.521529320389725664e-04
1.985610243120748263e-04
9.011674326124812385e-04
2.027147076558889630e-04
3.874301220570610413e-04
1.224090976841261469e-03
3.857748124354366034e-04
6.286614643546783836e-04
3.413022764876889512e-04
6.040284175308007842e-04
1.905515202100700961e-03
3.303146839763028420e-02
5.367198687477318019e-04
8.109719091896803143e-04
5.943969806789698536e-04
3.792711525039563843e-04
4.842126089058098660e-04
2.681070518771718424e-04
3.946203143514807042e-04
5.916106161929865102e-04
4.065721552565079635e-04
4.969556268372490003e-03
5.193121371328752230e-04
8.026497797594680465e-04
5.498550708026736468e-04
1.188147327540205536e-03
1.177885231031253633e-03
8.840133557452389389e-04
4.795361015681951769e-04
4.055954760604968184e-04
9.863759889043946256e-04
6.617718362039549463e-04
5.118559520500457578e-04
2.828666792499789071e-04
1.600039941178174174e-03
5.284049452176228182e-04
1.295720498639518336e-03
7.262056659768065291e-04
1.988846555449366683e-04
1.763290112491360234e-03
5.267592848953443112e-04
5.904009716286962679e-04
3.043685708172813652e-04
5.190903069892131762e-04
7.842653901124174405e-04
1.037094908676297091e-03
9.649347503505854590e-04
4.977503700917857050e-04
6.648240823424483468e-04
9.538528667913472904e-04
3.274881966317347314e-04
2.788980930213056904e-04
8.741544867580268441e-03
4.956025931577576552e-04
1.737461036119991586e-03
2.604423494059822809e-04
4.519967629530959648e-04
2.728181431709004036e-04
1.281161201890905531e-03
2.182739563796538048e-03
5.512752554037000843e-04
1.015197949600493092e-03
3.303146839763028420e-02
5.160220885703033136e-04
1.907817235782372596e-04
2.124538072573865679e-04
4.444592138451080384e-04
1.124667705431987548e-03
7.398262897131800556e-04
1.840642863635339648e-04
5.482193376951787498e-04
9.022856439563646438e-04
4.020918088409420688e-04
2.496811621700171309e-04
2.181590060334664743e-04
5.730126242412549552e-04
4.604257584673920661e-04
3.791504452190082807e-04
3.082718897965405292e-04
7.938089342844822580e-04
5.676231665452644059e-04
3.621412737297260748e-04
3.161832382808795567e-04
2.584433740837663155e-04
5.559909529844481038e-04
6.301648475296711249e-04
3.399136126166757139e-04
6.295750327844942514e-04
6.120515149651467634e-04
1.761970319129889904e-03
1.032167521418007362e-03
4.601100714970899437e-04
3.646093677136535852e-04
9.807110867507784317e-04
9.538528667913472904e-04
7.301713948766976915e-04
2.181396301571109878e-04
5.235753895018982647e-04
9.072850443825732168e-04
7.905968400242991074e-04
1.988846555449366683e-04
4.361331050655828682e-04
2.675717991870373794e-03
1.535634981251190133e-04
7.473996682114924768e-04
1.494563755189267859e-03
1.764712891065905401e-03
1.785618022801481453e-04
9.546597052226184297e-04
4.403707825046164828e-04
5.244081387375660024e-04
3.020127572867662216e-04
9.538528667913472904e-04
1.170872852425782406e-03
3.236657765351747570e-04
1.116791893123094369e-03
4.813185778882592743e-04
3.842231005744879712e-04
4.616210161836073011e-04
4.762369148884197960e-04
9.616841333326866647e-04
2.918082111167759254e-04
1.556970987169890505e-03
5.314633446912176568e-04
1.295720498639518336e-03
7.254591847160974738e-04
3.688449814308126032e-03
7.536463938577234135e-04
1.099491884014184738e-03
2.663619897518793109e-04
2.351417476313164435e-03
7.141744898010847107e-04
3.706744224312052104e-03
3.759353356635858866e-04
6.286614643546783836e-04
3.995827911969083881e-04
1.647676571101141412e-04
1.818213614282103213e-03
