9.797891799511069741e-04
3.601379882555890821e-04
1.930794325665605160e-03
1.679272542864438614e-03
3.653145710675396031e-04
4.893848225340373436e-04
5.230137592648340713e-04
1.054193376678076027e-03
6.355023651379887754e-04
9.924458324890624971e-04
1.703742413740891000e-03
7.302519344972665822e-04
6.417902094315358543e-04
1.131983340305421897e-03
6.576176464617646423e-04
5.879138139632422060e-04
9.763098071628598454e-04
3.958851252692569987e-04
1.242309551988704562e-03
6.321345263299039388e-04
5.912282871854879131e-04
3.296673717987047818e-03
4.179782790584934374e-04
1.308291623840327541e-03
8.441013454199564059e-04
3.009713049937618075e-03
3.460496602715887804e-04
1.879489022662463732e-03
5.179940913037436737e-04
2.516237716848677801e-03
7.302544822415476438e-04
6.976757563140287971e-04
1.048365046265938016e-03
2.659482461520659702e-04
1.228159585744066466e-03
5.260421830052587362e-04
8.009901969763861705e-04
1.083447146841174605e-03
5.247870055727278009e-04
4.588385235169066892e-03
4.874319153570669748e-04
6.194637249548085338e-04
5.002588898303666782e-04
8.042525468998013623e-04
8.167188718568106198e-04
8.669885956717858369e-04
4.681949828464437814e-04
7.355132261684760135e-04
3.701989333217073222e-04
4.054511713234547170e-03
3.457246522301503670e-04
1.323876846741442025e-03
7.495134294543612241e-04
1.092967811181574413e-03
7.055451072312013709e-04
2.506410070721477434e-03
4.023499926377199928e-04
1.031236251704086438e-03
7.250552088789652882e-04
5.413728375449420715e-04
5.450423387892858271e-04
6.536465376410096435e-04
3.085473236248006761e-04
2.763585845977016672e-04
3.484426375421199765e-04
3.878712688051749779e-04
1.215635328452371487e-03
8.950202462124239901e-04
6.742682383989248443e-04
8.727775177811415664e-04
6.207546473491660794e-04
2.509092165726468124e-04
2.770473440259582556e-03
7.957530339872387597e-04
9.906019065914219678e-04
5.264688430210358880e-04
3.045512719798448495e-03
3.240953929443441024e-03
2.523228005839803223e-04
4.261069622015414685e-04
5.761247821799925575e-04
5.268350874992142746e-04
5.069526148029320552e-04
1.422587496846822912e-03
4.110025231282331075e-04
6.284683889470859923e-04
2.645325485075828266e-04
3.580720262574425654e-03
1.272922173231674347e-03
8.229824083305404842e-04
2.142356280415991417e-03
2.705537438310919723e-04
1.621149520849881134e-03
2.858923397097429676e-04
9.350576355310846700e-04
1.148981704874445795e-03
9.018419259712198537e-04
6.171457114003197708e-04
5.017962760415219884e-04
8.726329698923414920e-04
4.844014704579034008e-04
3.143384871269623007e-04
6.221502350111878356e-04
5.927151770911559276e-04
6.663450868231001866e-04
2.812543368795184092e-04
5.628140514279889517e-04
8.706997976521394953e-04
3.156751834157076921e-03
3.045512719798448495e-03
5.342863719274836302e-04
4.608762644199959190e-04
5.590183369305760973e-04
3.625532132841170893e-04
5.764805333057198807e-04
8.575752233626037641e-04
2.898939224286565565e-03
1.502895442211484413e-03
4.120317745609179401e-04
8.356045704103837396e-04
9.446573597330677752e-04
4.574772222505897015e-04
7.592622459973121700e-04
8.441013454199564059e-04
5.400651596108722082e-04
1.160922172882277066e-03
1.144342867488215175e-03
6.555831902231575936e-04
4.735696136499984018e-04
9.987470449137633797e-04
7.487728122044284753e-04
1.892465712289339783e-03
5.976123295993269677e-04
4.920745814629738039e-04
3.048565547537353498e-04
1.079325974577269700e-03
6.770443214480806283e-04
1.068563829329788458e-03
3.756552474645585230e-04
5.681586085591990498e-04
6.657709101040951583e-04
2.778811247571131736e-04
6.365953195775260086e-04
8.894956217790408190e-04
5.676141056508834720e-04
6.550358777965514757e-04
6.339984844627199242e-04
9.900319076972502030e-04
1.199321422538544455e-03
9.334119966988412833e-04
5.303966465655814925e-04
8.816941423729447377e-04
2.221314047921447900e-03
6.168906323025496585e-04
8.624476490899225627e-04
5.457782194123512618e-04
5.398192892023597356e-04
1.632813625490170178e-03
4.634244557144368763e-04
4.633935661804508706e-04
1.141445914186165400e-03
1.810009896782786929e-03
9.362183042239397143e-04
8.693693151566213306e-04
6.483523949373232306e-04
5.571221605003085289e-04
5.544774942321470130e-04
1.181983496028304317e-03
5.482732422430330876e-04
7.028458514839826168e-04
9.766885590168329027e-04
1.084139379464717700e-03
7.060088761912562075e-04
8.003342051215475532e-04
2.687323400638199408e-03
7.021401920098125325e-04
3.812410413088759614e-04
8.795654936281468344e-04
5.621331348098845349e-04
3.545438171686823002e-04
1.618061845797335013e-03
1.970707567355550597e-04
6.569572914661022354e-04
9.157694133497403747e-04
4.532368079043743499e-04
1.051235875447521523e-03
9.384999337395416065e-04
5.721196199112711352e-04
1.129103753248863681e-03
1.298456267008805606e-03
6.939233118429860483e-04
1.076615271064439291e-03
4.093240867541398688e-04
4.550674546329146739e-04
7.630782937294935692e-04
3.853626656550886544e-04
4.896917621778132650e-04
4.031548636522998730e-04
6.362981128833463187e-04
5.358677331960288309e-04
5.037710250682547351e-04
3.253863730632526445e-04
4.918367223092611753e-04
5.815602531081092959e-04
5.041712870597956199e-04
3.120662102831034336e-04
5.905370354757112639e-04
1.399386504986643723e-03
6.567438081873876697e-04
5.900707922862404595e-04
7.324440102346537916e-04
3.756520348658859768e-04
5.442409015055675505e-04
3.176025874612536330e-04
7.791221841016684113e-04
8.328808551531780143e-04
3.757264681954009065e-04
2.319354947747178947e-03
5.888543911354166818e-04
1.153467341809133115e-03
2.619935856392628572e-04
7.159676835337858581e-04
1.499144658323170497e-03
9.661057122084175473e-04
2.335350400469896753e-03
5.376576831905223626e-04
9.938616916016678252e-04
8.723338665840484280e-04
3.075862077242775498e-03
4.763624047639625583e-04
5.468723290982082166e-04
1.412623199026370692e-03
2.189530213927893491e-03
2.827509387495697932e-04
6.263860264623728096e-04
6.356505211405272986e-04
3.592437050426025634e-04
8.783783259615814826e-04
1.713708868977911097e-03
7.287531496540285971e-04
2.323499032470814803e-04
8.255336774159937815e-04
4.980585179485602426e-04
4.791075740509981892e-04
1.305987656566871607e-03
4.503515988986288624e-04
5.708734182733331318e-04
6.414382750826028894e-04
4.067152733084479065e-04
4.269502870516288934e-03
5.577568246721548552e-04
6.004897972837056931e-04
5.150981534375317439e-04
5.698084850645896132e-04
1.025652448261728895e-03
1.102495567407069110e-02
7.362545411378256183e-04
8.929464753007258998e-04
4.122613604029209695e-04
5.892800741806436928e-04
6.196199082086130969e-04
6.180027382591416277e-04
5.724735245994465576e-04
1.917850912147588604e-03
6.963562919380745977e-04
5.015223438573900580e-04
9.227216516214892337e-04
4.580078802919796853e-04
8.549610772172527764e-04
9.314878523377537016e-04
4.566362194326986385e-04
3.687121043191173529e-04
7.778845528160138398e-04
3.831786130200342264e-04
4.068790273481062529e-03
1.201815753153990737e-03
8.772530784724812646e-04
5.800449964090460299e-04
8.358644004745444415e-04
1.164364386985115157e-03
1.337564850189630356e-03
4.830306138721187888e-04
1.930794325665605160e-03
6.370326802729182327e-04
5.133475966038376654e-04
3.683524999704321473e-04
1.878917709538887627e-03
8.742703080791175722e-04
5.921508643919005596e-04
6.094060125102595919e-04
8.575675076827833426e-04
2.016703836958026654e-03
7.372503141587484444e-04
5.339161524900152460e-04
5.744185384866774911e-04
1.483713380556727192e-03
7.961522918654209951e-04
1.146176018070943449e-03
5.715964736386587369e-04
1.242332337964683654e-03
4.356112392101303557e-04
3.676612528302483575e-04
3.369836636250946645e-04
5.575822008332769180e-04
7.528983611896450335e-04
1.026658981820179149e-03
1.207356038468257366e-03
6.688184786549364932e-04
6.956019182076835080e-04
1.409190587930760552e-03
9.881892006955220447e-04
3.321090195649035993e-04
2.115201630794601509e-02
9.201903721238593797e-04
4.628702020426808087e-04
4.248108277980181414e-04
1.102495567407069110e-02
6.120174678263273381e-04
1.948692589529990278e-03
9.489421282752646871e-04
4.688223902116731728e-04
2.370102456644630762e-03
9.661057122084175473e-04
5.571221605003085289e-04
6.019346078733723389e-04
4.089770723553078080e-03
5.695245358022523558e-04
7.304016732953167324e-04
8.860842825485778325e-04
4.663098031653308299e-04
1.523200174704382199e-03
1.473674702680988387e-03
2.466639548049812743e-04
3.775913221518911386e-04
4.147488253155143289e-04
2.368769327765135949e-03
1.037815692719265721e-03
4.606956758521918178e-04
3.431011982532421721e-04
5.304022003262466069e-03
4.814604164128202021e-04
6.706475004376704881e-04
3.784095541685371378e-04
3.871116264081304317e-04
8.783214233054980171e-04
2.182984448665608798e-03
3.305781538456465003e-04
7.693334786713567578e-04
1.068563829329788458e-03
2.769171068428857808e-04
1.263221277105010297e-03
3.996773838020520179e-04
1.246892247481234169e-03
3.839214297589001374e-04
7.261800910561230261e-04
5.121287305527871423e-04
5.293561040661085189e-04
8.342306154331462177e-04
3.009713049937618075e-03
1.547402433474680218e-03
5.362423800644804638e-04
4.625450914072005179e-04
1.612466062988685131e-03
4.168590509652258559e-04
3.408559290331207125e-04
8.075271542672004090e-04
6.334424023262902412e-04
4.449210849800375785e-04
9.758626277154233437e-04
3.280730713664039037e-04
9.611671086049973587e-04
6.674825568589022552e-04
3.690809615920594340e-04
4.351782008021347803e-04
7.538750946898494822e-04
1.662490850759121546e-03
7.951000026622104862e-04
5.104761076591908574e-04
1.228193022894644333e-03
4.068181394934661829e-04
3.041550662198831104e-04
5.430318754961106385e-04
8.371854393423699406e-04
8.680241036000931401e-04
4.982332287227867482e-04
9.714769601836402597e-04
4.355259345447500463e-04
1.190639166192262923e-03
4.300650587658284493e-04
3.632835480189766045e-04
4.112344164807292036e-04
2.707303504690803568e-04
1.021081039966633590e-03
1.110312964134911682e-03
6.379028641279062533e-04
9.535428975157489353e-04
4.693824488479074767e-04
8.869153278822959141e-04
1.494139466345461827e-03
1.642022817384000471e-03
4.522110298023292218e-04
4.391319435960720947e-04
1.347922838167269193e-03
3.049694814090706343e-04
1.048735441686234537e-03
3.576786305138213076e-03
9.876386907142166091e-04
4.685292290844131412e-04
4.744916881446626798e-04
7.383716348643072115e-04
1.467093162514413428e-03
5.587104893962450145e-04
2.909073294411067441e-04
3.136449267013519723e-03
6.716179835665470055e-04
1.836795152564526992e-03
2.551922216361331500e-03
1.075168629683606516e-03
3.018483231924401098e-04
7.462237734064535322e-04
8.786556426227843004e-04
1.413069024250561282e-03
4.838096536000205438e-04
4.004231646938666289e-04
7.372503141587484444e-04
5.367094692370256602e-04
4.058315246346575465e-04
6.525464292241019496e-04
1.442201846908946128e-03
6.377842575191355369e-04
1.903382521298628951e-03
1.910619512664615306e-03
5.114280395384741352e-04
1.005241275235472685e-03
1.040856464276391363e-03
5.725059895053137733e-03
5.487261923860351940e-04
5.473322749537012834e-04
3.853101117975944387e-04
5.066684840957801127e-04
7.271084036553622466e-04
6.869485218010698514e-04
4.545265232402180989e-04
2.021317092843595564e-03
3.275529465137670465e-04
5.680927106297856697e-04
2.578878270790735481e-03
1.267353276895446818e-03
4.356654114815091414e-04
6.507096982032421501e-04
3.678592975595684593e-04
6.278365557900289062e-04
5.837591311076237733e-04
9.441449913529406613e-04
3.601696867320009908e-04
8.048344028167622993e-04
6.400321207951201229e-04
2.199558599968689208e-03
1.284010291203633398e-03
8.001028950557445996e-04
1.132548704790838469e-03
6.463784269394461145e-04
1.170071995554300848e-03
4.572274236128868932e-04
3.210147867858688235e-04
8.016083268766364218e-04
1.040526906365905890e-03
7.177664542351461317e-04
3.580554277956524991e-04
1.712200589826027089e-03
4.827511463959249099e-04
6.113558236928467353e-04
9.502822681405126079e-04
5.367094692370256602e-04
4.921250246144032300e-04
3.372799417978440380e-04
3.851847184438743832e-04
8.940665960035193253e-04
4.813828240399353341e-04
5.613018710209489960e-04
1.471319653042221440e-03
1.836795152564526992e-03
9.925401595035851249e-04
6.476892938187062479e-04
7.432511161834406922e-04
7.226663058504636172e-04
1.591334253429353045e-03
4.305287404610225839e-04
1.298456267008805606e-03
5.096601296280933030e-04
2.971693568397492237e-04
4.203515730792508980e-04
4.319163367335852595e-04
8.321723072171032659e-04
6.212415918149365992e-04
7.177664542351461317e-04
3.720002815850323528e-04
9.232183019601729670e-04
5.050404240691859113e-04
7.878448625913829799e-04
1.731143998139432092e-03
3.012680183819914479e-04
4.270900934441929000e-04
4.596007694470769130e-04
4.420803406781545139e-03
3.869046849361216893e-04
5.569076884459269339e-04
5.508326695486935208e-04
3.161774114184440990e-03
5.717902922302778171e-04
4.168770472933633689e-03
3.508768822791135571e-04
6.807494500355912824e-04
2.768462723206498773e-03
6.800691462428981593e-04
4.583785542196503241e-04
3.006186950461111826e-03
1.214630048110185503e-03
8.858054623346673295e-04
6.656501051906221073e-04
1.263221277105010297e-03
3.671542447190523297e-04
3.127441561038385681e-04
8.450918318679333328e-04
9.484923610902358353e-04
1.312009402577440182e-03
2.830530310857686861e-04
4.541278842250759959e-04
2.230650300532038312e-03
4.673689229516314234e-04
9.755006057529601836e-04
1.478204229354903232e-03
4.264040388616323557e-04
2.448097318273115969e-03
1.296530447148034693e-03
8.685484755052572592e-04
8.069629866856287527e-04
2.339692806288250996e-03
1.201834514255878264e-03
8.038398060830508800e-04
3.478091000314363114e-03
1.174440225129074790e-03
4.927291190862653899e-04
4.280099892627357220e-04
5.191181577154945805e-04
4.645389066432181464e-04
2.666604333876145851e-04
1.667441249952859601e-03
3.390777863061169174e-04
1.369374318737820234e-03
2.200785652012748504e-04
1.581825069929614861e-03
1.241177048243807595e-03
5.316201011714987053e-04
1.121783435881778482e-03
7.166507118225605216e-04
4.768349279416429407e-04
5.264688430210358880e-04
1.895932937214587317e-03
2.237908270355065416e-03
1.006471847295938808e-03
2.860742875815029218e-04
2.379158031020248577e-03
6.094028650114712963e-04
7.156522335806234829e-04
6.605881204735407960e-04
4.580942142648397391e-04
5.189484360220527519e-04
1.215635328452371487e-03
4.791902246916929296e-04
2.725548594038317181e-03
5.297530988453767568e-04
3.561580393009691910e-04
1.021218649128634694e-03
4.599325952292768649e-04
3.213896814924317204e-03
1.605145537310573084e-03
6.652358522641895833e-04
4.705232353272895910e-04
1.279427665225503887e-03
5.294908843836253340e-04
4.680459949701656062e-04
1.662374979767852236e-03
8.494828066329214097e-04
3.511943587152095399e-04
6.387237838067148484e-04
3.162511325475231196e-04
9.360085260508826509e-04
6.911889908256271895e-04
2.947875934476598507e-03
7.947761028290292219e-04
1.358080347937566787e-03
5.343768311223181383e-03
9.592189878797397797e-04
3.542714938872629791e-04
1.574592297365304564e-03
7.177358111498177229e-04
9.071635758149217870e-04
1.076578825904948074e-03
2.005184962972698676e-03
4.205313105881212238e-04
1.392118297838802364e-03
7.724106251091979788e-04
8.222432976675604762e-04
1.543120373325292810e-03
4.936560103462524782e-04
9.201903721238593797e-04
6.232605719693543045e-04
2.918369173283398240e-04
6.458826135961780656e-04
1.033694286935987489e-03
1.490525934695638953e-03
2.605109464504360740e-04
3.514749220025287983e-04
4.665042017104232847e-04
7.564046755905201765e-04
4.606516443547661226e-04
4.645389066432181464e-04
6.897868921140143470e-04
6.751080508862613520e-04
7.763672950132953976e-04
4.844014704579034008e-04
7.145927289994685435e-04
1.162338444898720902e-03
1.427485256228469904e-03
8.356045704103837396e-04
2.752513157167487193e-03
8.643120802969591872e-04
5.129260535673416718e-04
6.977107014994592561e-04
6.581493718254977088e-04
4.757082948088276657e-04
6.913385371167555865e-04
9.071150219622554781e-04
8.047061368046413759e-04
1.308988454218478013e-03
1.161523912629122690e-03
8.367565998552564189e-04
1.228532988901428471e-03
3.198679857196066794e-04
1.141445914186165400e-03
1.708015501302879210e-03
4.481783177734427362e-04
2.379632740738888211e-03
6.194455276989940286e-04
1.083319429132857626e-03
4.000077014042169548e-04
6.739098612362026761e-04
3.482321462131602544e-04
5.697863775042105857e-04
5.239231042921213034e-04
7.644279497458311657e-04
7.322829751000215675e-04
2.311339564465773313e-04
3.742039711532109446e-04
2.392854723861908596e-03
6.494401816611414680e-04
2.843617764835226725e-04
4.117536666015059275e-04
3.216963231331339268e-03
7.020569480146183605e-04
3.458692516095861116e-03
1.024383972467063928e-03
1.632562688484293610e-03
1.077245299844268017e-03
1.371358903944752206e-03
7.135872022389023930e-04
1.181133138744905765e-03
6.502579361905112950e-04
1.894729048327725447e-03
8.686401474830438485e-04
7.445605943944347271e-04
6.483087569555820917e-04
2.457562754728760874e-04
5.809826227561041331e-04
1.469452152568283309e-03
9.279515724007704382e-04
1.591334253429353045e-03
1.564814796889947785e-03
8.007316842222549731e-04
6.840152255766611400e-04
3.283228865449248522e-04
3.956563259049800129e-04
9.263906687225328864e-04
1.122132675059428356e-03
5.343832689418396469e-04
1.148981704874445795e-03
1.149480065743825130e-03
1.190639166192262923e-03
4.145788654560533131e-04
3.327174776144685431e-03
5.385582070604984836e-04
8.361450661391920487e-04
3.807723013744225646e-03
4.300856404058594454e-04
1.276961138683184145e-03
1.100158007722634767e-03
4.577822375692265004e-04
6.391851243298395146e-04
4.121615532233968617e-04
5.587391206436692539e-04
7.538750946898494822e-04
3.669083987335702412e-04
7.677240025688835930e-04
5.753989094623324519e-04
1.643731010968221612e-03
8.540251891036881220e-04
4.756412608438507052e-04
2.460103760920223908e-03
4.741261297290058651e-04
4.003465190826391144e-04
4.152337559788357789e-04
3.063276666881908829e-04
2.608194766497097983e-04
3.848742338914484199e-04
2.708921337927505842e-03
2.415482994648792195e-03
4.127646431404876238e-04
4.669758061089394267e-04
5.214225705603477840e-04
2.736478087443509118e-04
1.241924467194705601e-03
8.238151574713649264e-04
8.928062790275984473e-04
8.624476490899225627e-04
4.584312690459775835e-04
4.733872144882819255e-04
4.385992471527205643e-04
2.580367750098484596e-04
5.568897297931135011e-04
5.232476313404548635e-04
4.181284087235088466e-04
8.998850093545065435e-04
8.357384708785551555e-04
6.006142930529987170e-04
1.319886506668010648e-03
1.761555953536132800e-03
1.854096134273575504e-03
5.269420676999219191e-04
1.181473829983083722e-03
1.986965740307453240e-04
4.372062880292629174e-04
1.635948345765179208e-03
4.647187352241668448e-04
7.635826456074651207e-04
6.410640417892951148e-04
1.789310128529766376e-03
2.710291632195680118e-04
8.183985023850118669e-04
4.389057221185467214e-04
1.095375130759232212e-03
5.419461680150944229e-04
5.624477764370530968e-04
1.211150582698959643e-03
7.021561866188152402e-04
1.170991658983218386e-03
3.481652769650820951e-03
3.870452681165258667e-04
2.231852487864989607e-03
7.739299008782335801e-04
3.359707008203411554e-04
5.701692573713686108e-04
4.986616941266251712e-04
7.998447409494923756e-04
1.688872655194682045e-03
1.102495567407069110e-02
4.345485564492896280e-04
6.210829840810471337e-04
3.866002464416999651e-04
1.817895675620992456e-03
5.994020853160783851e-04
5.324449654073893116e-04
1.664983961360341465e-03
4.121998176719339881e-04
3.099925261357820054e-04
4.866095159828287726e-03
9.426016287537197129e-04
9.311716205617926595e-04
2.862838400690640860e-04
8.196802143932860416e-04
8.324613078363143253e-04
6.470620911342282082e-04
1.051318734608245849e-03
4.075138026357659829e-04
3.594214706123175754e-04
9.696441953878679691e-04
8.483299691214881257e-04
3.968428014751556720e-04
8.974178609205966028e-04
2.439332354355940209e-03
1.514797945002432662e-03
4.432360814349287970e-04
6.589646089581778846e-04
1.295908161994365751e-03
4.570624219734448971e-04
7.541660938972269239e-04
1.100276580222161625e-03
2.161446793590985922e-03
1.148154928469097367e-03
3.035570012436900815e-04
7.886964704346674298e-04
3.478091000314363114e-03
5.245507116145482502e-04
3.451494845384523282e-04
3.560312294370953875e-04
5.285262729743308305e-04
4.503515988986288624e-04
1.786632164745103214e-03
2.712951773225120121e-03
9.333890124857682422e-04
1.471319653042221440e-03
7.058601172933383393e-04
5.573644427253201345e-04
3.199273897128979268e-04
1.349290881257459536e-03
4.355259345447500463e-04
5.003530144107907422e-04
8.638147132380899745e-04
7.165887643473095028e-04
1.409190587930760552e-03
6.384611211950443413e-04
5.202071315066135026e-04
3.039985537091973475e-04
5.161332421882215173e-04
9.595073856716302254e-04
5.123511154918727667e-04
4.300650587658284493e-04
1.033323287152778172e-03
5.967326901806041745e-04
3.722553274172607767e-04
2.247826969937330238e-04
2.404726690088135332e-03
1.469334171357986702e-03
1.973952597459207659e-04
1.014640177682927646e-03
2.184057197225590559e-03
4.056784504134511825e-03
6.891625524639207476e-04
1.941345502432140950e-03
9.206779934952625741e-04
4.964114151820306700e-04
3.809388147581759562e-04
3.613953288733846771e-03
5.177655186466670638e-04
5.531111680262212026e-04
6.456220753829638613e-04
1.048387821623021805e-03
5.433485200031657738e-04
9.144739536604934134e-04
1.040283318524859836e-03
5.381177380378728524e-04
1.029314405179330982e-03
4.815717252143075257e-04
8.168198620249717684e-03
5.180417410510153742e-04
1.591334253429353045e-03
5.408897904822288459e-04
5.668120991789741495e-04
4.861144903879021620e-04
1.429307466866232626e-03
4.787972835213200723e-04
6.966284616568518785e-04
2.903335495788980126e-03
6.441215853103988845e-04
4.906950325373975576e-04
1.847197077642769242e-03
1.591334253429353045e-03
2.349676239733836276e-03
5.330552347497419415e-04
2.151027019823922685e-03
4.102969136146487135e-04
1.970707567355550597e-04
5.394497960238389504e-03
6.839614510845016399e-04
6.893114292640665271e-04
7.904812921175033598e-04
1.909286728607591417e-03
8.646458014522246131e-04
1.005647902573261927e-03
2.518934149235022360e-04
9.611671086049973587e-04
5.121287305527871423e-04
6.040979372846154265e-04
2.090643815877512408e-04
5.054639942101325648e-04
5.408897904822288459e-04
1.319635914619952683e-03
3.045793351214413219e-03
8.576308057771837596e-04
5.413858300244297431e-04
3.610967631026847069e-04
4.812072562273430969e-04
2.552806544592257812e-04
3.956563259049800129e-04
1.150314872471849045e-03
6.447881059272551202e-04
4.081563969383703158e-04
9.565117981432805835e-04
1.163005330526742419e-03
3.308383879800493661e-04
5.188169129465848269e-04
1.470967110046224628e-03
1.348694097272487699e-03
1.200368897544380233e-03
7.693334786713567578e-04
3.504520268043568145e-04
3.719952437819628427e-04
6.603832489949737917e-04
8.992571486099358666e-04
4.703738607393035667e-04
4.778345382216400597e-04
3.561580393009691910e-04
3.697009608048371543e-04
1.315441448377637846e-03
2.222824019991260418e-04
1.865516944891553678e-03
1.267353276895446818e-03
4.265733248234923462e-04
2.474683547838201544e-03
4.428216341611662145e-04
9.264233197517750826e-04
6.561797816494134962e-04
1.090288239266139908e-03
1.522711209377931385e-03
4.255579220327448237e-04
6.631910909436374273e-04
8.732784199090993637e-04
3.311290416285497221e-04
8.359222473850126591e-04
1.988169986362040194e-04
9.497100757649640582e-04
8.005104433555977226e-04
2.746865275663113348e-04
2.127289141255947729e-04
1.242043683492195317e-03
8.433531758298842091e-04
5.248095843751099301e-04
4.139408618076273884e-04
8.358644004745444415e-04
6.347005244842238245e-04
7.218324324545862978e-04
2.168643804244803179e-03
1.027532605175600442e-03
4.921250246144032300e-04
2.036347820846366990e-03
5.747861620996633182e-04
2.029573367762184215e-03
1.085299397108137462e-03
8.416305139903126637e-04
6.915040923698423641e-04
5.431602820070626642e-04
5.536803956494614062e-04
4.532642795167878512e-04
4.018309636176446015e-04
3.346359030931219964e-04
6.402154290911023530e-04
6.664825634060835393e-04
4.035025214246283284e-04
1.159283201851065478e-03
3.232568132975533913e-04
1.439509581499805180e-03
1.899637509081853739e-03
5.104402026465702314e-04
6.569572914661022354e-04
1.419144436537561529e-03
1.382477403178275282e-03
2.735425862288699632e-04
8.982333059817274945e-04
5.187943585027904357e-04
2.828369783073073573e-04
4.663288553994051288e-04
1.125944349606533860e-03
1.395800989261478499e-03
9.238771083975379390e-04
8.503359516110076816e-04
3.513546208245053133e-04
5.145876938448379736e-04
4.333971138367006160e-04
1.079519003587912224e-03
2.792777570169801106e-04
1.511469712098917036e-03
5.118265269822837131e-04
3.783340352015444517e-04
1.810919245295228384e-03
5.731232700030625864e-04
1.037815692719265721e-03
5.889151833509515769e-04
1.211422328617171862e-03
1.349169726224087483e-03
4.925030572719268224e-04
7.668921004939605133e-04
1.446658324440815982e-03
1.268442018065673357e-03
3.596917111428038060e-04
1.201834514255878264e-03
3.996391801088838348e-04
1.576875668175273509e-03
9.073856888734633998e-04
4.829813855662463051e-04
1.985373703651810288e-04
