9.590210813590467751e+02
9.596770206839555613e+02
9.502324814903527113e+02
9.551984667798867576e+02
9.590088588406324561e+02
9.564140985585988801e+02
9.522637459815488228e+02
9.552968709592075811e+02
9.552422054473211119e+02
9.420538077220551259e+02
9.450473662988788419e+02
9.464871102977140254e+02
9.538307887361771691e+02
9.516047288380888176e+02
9.512207329909642795e+02
9.552374148852595681e+02
9.456204739680915736e+02
9.550842602219470336e+02
9.486867984963307663e+02
9.458711886953226440e+02
9.592028945229193369e+02
9.478559556729137512e+02
9.474288002268865512e+02
9.586901516187374455e+02
9.575011485259358324e+02
9.537196106258409145e+02
9.572020978264727091e+02
9.341924826818249130e+02
9.357080320808331635e+02
9.490211862604760427e+02
9.597529061610946428e+02
9.569248787682354305e+02
9.536584438271224826e+02
9.488310309925932415e+02
9.559191510386910977e+02
9.420370558566788759e+02
9.456644691149099344e+02
9.535089246440600164e+02
9.531726740436182581e+02
9.558822484035365505e+02
9.516093037687330707e+02
9.554367265541072811e+02
9.453415396107936886e+02
9.584627233217271396e+02
9.589491865701181723e+02
9.490696578469755877e+02
9.539274157953780104e+02
9.456929900127622659e+02
9.459345137045804677e+02
9.493452448615232697e+02
9.593180093599801239e+02
9.553419162301881897e+02
9.381067942818007168e+02
9.558390032561435419e+02
9.302078225496807136e+02
9.502066868203494323e+02
9.559617298339892386e+02
9.547475581254395820e+02
9.575441562672876898e+02
9.580581534375135107e+02
9.558955177920471442e+02
9.599798130699532521e+02
9.538658408184132895e+02
9.566667809978798687e+02
9.513452383108276535e+02
9.527447268167763923e+02
9.576350572080189067e+02
9.445851587572378776e+02
9.542790271749188378e+02
9.483043115112870964e+02
9.577790750979943368e+02
9.488477104213986877e+02
9.594635401412417650e+02
9.511163285119466764e+02
9.564378534730888077e+02
9.553582613218477491e+02
9.440505832087685576e+02
9.534999628308316915e+02
9.570013918730871865e+02
9.349121607198859465e+02
9.536735389717746330e+02
9.567911558031121331e+02
9.558594214912640155e+02
9.582080667549275859e+02
9.434475639230290653e+02
9.504161616760147808e+02
9.599343230747620055e+02
9.575861082987264581e+02
9.591964101161941016e+02
9.471141221273101110e+02
9.570546586816067247e+02
9.468729647257673605e+02
9.565005685342398465e+02
9.572463039795821942e+02
9.572159235772616057e+02
9.267633177714920976e+02
9.550899841499083323e+02
9.439299980604397433e+02
9.581952141620899965e+02
9.565159024535702201e+02
9.381616873941109134e+02
9.581927738605074865e+02
9.569489213983879381e+02
9.599768208710646604e+02
9.600187396199040677e+02
9.537607107016610826e+02
9.493884451914839246e+02
9.412980698665069212e+02
9.516376746755412341e+02
9.525045674410532683e+02
9.552815652032204525e+02
9.540780933175085465e+02
9.590737882283817726e+02
9.442527095182504127e+02
9.528145305701126517e+02
9.572600307293214428e+02
9.576901674383170757e+02
9.531723418628778290e+02
9.524382624004433637e+02
9.482297189762523431e+02
9.544638378526617544e+02
9.502600029787375888e+02
9.538901970790022915e+02
9.472502599591759918e+02
9.463758687828874372e+02
9.542995802502812239e+02
9.569030056813912779e+02
9.554570081519109408e+02
9.450003470551655482e+02
9.578227265486204942e+02
9.425608426676606086e+02
9.341142963110382880e+02
9.467127025921013228e+02
9.487944502571182284e+02
9.525433877312300410e+02
9.398503108325089670e+02
9.436576186515760583e+02
9.572471754382538620e+02
9.465526031281276573e+02
9.430802762416030873e+02
9.589722742329734047e+02
9.580399680272523710e+02
9.593819516240951089e+02
9.554777892894315983e+02
9.595936411684294853e+02
9.512916849778882806e+02
9.480996566058965982e+02
9.597925619315618633e+02
9.536131598410702281e+02
9.597915721039225900e+02
9.538307887361771691e+02
9.407041829559256030e+02
9.487368977196837250e+02
9.557569802391614076e+02
9.581759035214550977e+02
9.549419060946735272e+02
9.528437912865938415e+02
9.543997801487072365e+02
9.545998481536375948e+02
9.584859326197355358e+02
9.575617655922071663e+02
9.566976957281193563e+02
9.321985606259588621e+02
9.413997871404731086e+02
9.574957540698273988e+02
9.598159185012326589e+02
9.434490035353828716e+02
9.561477038146480254e+02
9.463001423684963811e+02
9.592251993048187160e+02
9.592133242223355865e+02
9.595390909666485868e+02
9.420519622914280262e+02
9.587730084643409327e+02
9.597007531275428391e+02
9.582628464900300287e+02
9.542990766661885118e+02
9.535296524768934887e+02
9.477059204762068703e+02
9.598799411664547279e+02
9.597883371966930781e+02
9.548021675755541082e+02
9.573033118110490705e+02
9.581924202872709202e+02
9.514161972013923787e+02
9.574652043436306030e+02
9.596250658394037600e+02
9.553746004701879428e+02
9.599805600231014751e+02
9.407710600689705416e+02
9.421453164723839109e+02
9.575254243853567004e+02
9.513503917872619695e+02
9.588239350478991128e+02
9.580096902189812909e+02
9.541851212320914328e+02
9.555917554705013117e+02
9.489281749335893892e+02
9.586252829423513049e+02
9.588815772854306942e+02
9.560942471633494506e+02
9.584708813919312433e+02
9.419616904083230793e+02
9.525440636130028906e+02
9.503746639985502043e+02
9.533311372875045890e+02
9.576219038948670459e+02
9.437507956655192629e+02
9.590375558186196940e+02
9.479910147459852396e+02
9.558851350348211326e+02
9.433344689249217936e+02
9.535916890508303823e+02
9.597671501030072250e+02
9.390120970847126500e+02
9.596443208918593655e+02
9.457199461306181547e+02
9.522076518767415791e+02
9.474294982625345938e+02
9.554098015080307960e+02
9.574969614765120696e+02
9.553917148490897944e+02
9.502855893394009854e+02
9.520622504613595538e+02
9.591602779165143602e+02
9.495960694679365588e+02
9.429949560266870776e+02
9.522263709303804262e+02
9.503272840504523629e+02
9.520629582808633131e+02
9.559459116143543724e+02
9.581994605831646368e+02
9.512147054053266402e+02
9.526319768627060967e+02
9.454858702661865664e+02
9.558044301439208539e+02
9.550399670018480265e+02
9.408958487004067592e+02
9.566514150283733215e+02
9.351951425869326613e+02
9.594285359461198368e+02
9.583146040190870281e+02
9.494333871738326707e+02
9.558409366229615216e+02
9.543456423280168792e+02
9.599546647606603074e+02
9.571745720997932949e+02
9.530088794784826405e+02
9.328446446334714892e+02
9.583724245098178471e+02
9.471798962365805892e+02
9.556588096294656225e+02
9.589480374995181364e+02
9.596669017733995588e+02
9.368435509589162393e+02
9.564696601807822844e+02
9.500245946477234611e+02
9.454585794962056298e+02
9.501227040320046626e+02
9.469884125633648182e+02
9.598213298342998314e+02
9.600050669151899001e+02
9.519002176639148729e+02
9.472146747105311988e+02
9.586458265244796166e+02
9.578685184027461901e+02
9.595546939998541802e+02
9.573467078616997696e+02
9.498681048727753478e+02
9.549189069780765067e+02
9.459146758015904197e+02
9.397398378215254979e+02
9.574675805841657166e+02
9.559791986989812358e+02
9.569258952549431569e+02
9.416936911423833863e+02
9.566378159212583796e+02
9.584344288313558309e+02
9.577323483216264322e+02
9.538559492489894183e+02
9.572561662277103096e+02
9.592844403167135852e+02
9.514505477302761847e+02
9.534943621648729959e+02
9.514812157779338122e+02
9.506732830881397831e+02
9.577924831240715093e+02
9.547977187381804924e+02
9.472698996993410674e+02
9.566787845890683002e+02
9.479353585323772222e+02
9.551478742905140962e+02
9.586459997928202483e+02
9.582505334552402019e+02
9.582581985791764509e+02
9.594585630939856173e+02
9.564080138981350956e+02
9.587605599320893361e+02
9.588465483460215637e+02
9.599019028469824661e+02
9.545658398349618210e+02
9.466519532209205181e+02
9.458514824344065346e+02
9.588728139027987254e+02
9.412243197304204614e+02
9.565770226420798963e+02
9.589210947449782907e+02
9.575133469932138723e+02
9.524011741245246867e+02
9.519473653021545942e+02
9.578977299344677476e+02
9.476459232915841540e+02
9.562814294295546915e+02
9.534877205812831562e+02
9.501733915431808555e+02
9.551163869246271361e+02
9.593845473527321701e+02
9.572796110171364035e+02
9.493327742502922320e+02
9.530142999780754280e+02
9.538255269372546081e+02
9.584002510817648499e+02
9.434895965512978364e+02
9.251378005645542544e+02
9.573316358997670932e+02
9.571982368400751966e+02
9.564694730403978156e+02
9.584961409144684694e+02
9.545931111851923561e+02
9.599626311363647346e+02
9.583854080813997598e+02
9.521954345668203814e+02
9.387218213122124553e+02
9.497845864959019764e+02
9.520655835368841053e+02
9.583668897991503854e+02
9.573924534277530256e+02
9.532565432659089311e+02
9.532038085159898628e+02
9.595824629271457979e+02
9.600607010002923971e+02
9.519420719533426336e+02
9.538320167634827840e+02
9.505979221546127746e+02
9.444684219948275086e+02
9.517007981925773947e+02
9.496826403513867945e+02
9.566323298064037317e+02
9.569330589067726578e+02
9.587596831389264480e+02
9.355265538087530786e+02
9.593041654849175757e+02
9.518385013387571689e+02
9.478999074034152272e+02
9.526400394039765160e+02
9.460157129780154719e+02
9.393792073807217093e+02
9.593442139504425086e+02
9.576534218171372004e+02
9.593587392056292629e+02
9.521189959908699620e+02
9.564057726413657292e+02
9.548734505581711574e+02
9.572085528895647712e+02
9.570578418401123599e+02
9.574704939580531118e+02
9.532124604029795591e+02
9.449804322274765127e+02
9.587062094904031255e+02
9.559571324139271837e+02
9.460322714960627764e+02
9.352253645079994158e+02
9.431849567106296490e+02
9.441664230933521367e+02
9.548041112230598628e+02
9.533190190401556947e+02
9.544694700246195680e+02
9.550612687545217341e+02
9.578959585632806011e+02
9.597458364139984042e+02
9.564312934158949702e+02
9.468999921007700777e+02
9.596465987820208738e+02
9.527062081487579235e+02
9.467248125266311263e+02
9.594112698200133309e+02
9.538658408184132895e+02
9.357483467475888119e+02
9.381973519579163394e+02
9.491483188753745708e+02
9.577626226830718679e+02
9.554182702392996589e+02
9.420470795576525234e+02
9.514024981502204810e+02
9.561789146201658696e+02
9.502873967745294976e+02
9.489145142264374044e+02
9.552750255847239487e+02
9.583316862486260561e+02
9.515386037975238196e+02
9.436541901019970737e+02
9.444619810330577820e+02
9.474288002268865512e+02
9.549074064620886020e+02
9.407797669641233824e+02
9.582100068363371292e+02
9.593675944894276881e+02
9.514758231869279825e+02
9.311840516823472171e+02
9.493927141120079796e+02
9.415661133008263732e+02
9.576577729867349262e+02
9.590846996262405355e+02
9.581218709519666845e+02
9.577864810635787762e+02
9.565077285044812925e+02
9.562900331345690574e+02
9.557132738138855075e+02
9.569760907618950796e+02
9.435335289228162310e+02
9.354748473975480465e+02
9.525930100934733673e+02
9.589822446268231033e+02
9.532746975108468632e+02
9.521047689599502064e+02
9.588917582908328541e+02
9.583454464048033969e+02
9.575666679271939756e+02
9.578438813468483204e+02
9.555127828897047948e+02
9.557670431127693291e+02
9.460609953205803322e+02
9.460525730925032803e+02
9.589962546590213606e+02
9.494017878850003171e+02
9.585372841795099248e+02
9.585824933457921588e+02
9.423031643244166844e+02
9.531007231240309920e+02
9.455935366244241322e+02
9.527490674641016994e+02
9.577626226830718679e+02
9.514635703281210226e+02
9.325138737385216245e+02
9.575791912658723959e+02
9.412362717013066913e+02
9.592699763958896710e+02
9.516470835464159563e+02
9.464552322680669931e+02
9.482952792939794335e+02
9.553756826150686265e+02
9.576707972105964473e+02
9.548129453676867797e+02
9.487189764439310693e+02
9.541840798553498644e+02
9.564614161825088559e+02
9.540138743236077516e+02
9.463738628222599800e+02
9.466781445779407704e+02
9.524750476062323514e+02
9.420519622914280262e+02
9.552187761726272583e+02
9.580554309724636823e+02
9.544031804302441060e+02
9.552309784351825783e+02
9.563385881907562407e+02
9.406080761864700435e+02
9.375578781125600472e+02
9.317568399254009819e+02
9.451873154566349058e+02
9.595706072322811906e+02
9.470691634535255616e+02
9.499253800961973866e+02
9.575112559193378274e+02
9.585409872213269864e+02
9.560060984201824112e+02
9.405125940768655255e+02
9.400832732714219446e+02
9.542014445131464981e+02
9.546981324059424878e+02
9.575109702048595182e+02
9.434180272268946510e+02
9.527421456298023941e+02
9.471275857792568331e+02
9.590255539517336274e+02
9.510766036332469184e+02
9.564096834420654432e+02
9.577816129133300365e+02
9.533166917468390693e+02
9.490066842679293586e+02
9.481205688316654232e+02
9.538726498202416906e+02
9.530449019596439939e+02
9.520680778666958304e+02
9.545223169862032364e+02
9.568868815053922390e+02
9.577324267552817219e+02
9.567629285887078368e+02
9.512916849778882806e+02
9.566226204114113898e+02
9.478684273795929585e+02
9.450927875985524906e+02
9.404125788988693557e+02
9.530389427420388984e+02
9.535984015773688043e+02
9.533476495660895580e+02
9.491667504570016263e+02
9.554858326283621182e+02
9.554117140168582409e+02
9.450899977233939353e+02
9.442338042365281581e+02
9.514239848396258594e+02
9.593900783008617736e+02
9.491709504910429587e+02
9.552650621360535297e+02
9.493884451914839246e+02
9.515733419813170713e+02
9.429870030054501058e+02
9.465976634939024734e+02
9.575857965029889556e+02
9.508062183258982714e+02
9.588583909354197203e+02
9.341982024636195092e+02
9.589575571205220967e+02
9.598223892437018776e+02
9.501232762107360941e+02
9.569450614640581989e+02
9.505419729653769991e+02
9.525494666504525867e+02
9.490783874372284572e+02
9.519002176639148729e+02
9.583757133837264064e+02
9.593433265547952260e+02
9.557345823968582863e+02
9.419211048471605636e+02
9.526458967115806900e+02
9.539306053299362702e+02
9.581477454265059350e+02
9.475693468081600486e+02
9.517628768564907205e+02
9.493217451435230032e+02
9.571856304180021198e+02
9.466367917667776055e+02
9.498744540953528031e+02
9.390284634344882306e+02
9.443798686111512097e+02
9.493884451914839246e+02
9.499206385988751435e+02
9.585725203587649048e+02
9.587223080464755185e+02
9.490212325483059885e+02
9.585869015157844615e+02
9.542236011681638956e+02
9.591996370853605640e+02
9.584233751770975687e+02
9.572742952270174328e+02
9.517989301223266239e+02
9.420947153518013693e+02
9.529498104404469814e+02
9.583833274286841970e+02
9.543970185372868400e+02
9.564045269443032566e+02
9.572242047167738974e+02
9.424136674834192036e+02
9.568848039224894819e+02
9.523980735364302745e+02
9.589950965433305328e+02
9.463432453127686586e+02
9.442399370606347020e+02
9.597240059872989377e+02
9.508492304971713338e+02
9.583840565199532193e+02
9.571092528289316306e+02
9.368791371836377948e+02
9.568844533158930972e+02
9.582199093780293424e+02
9.555029064891659800e+02
9.510465060569772504e+02
9.590618010357787853e+02
9.508219443409559517e+02
9.533751599584254564e+02
9.599226084563192671e+02
9.542332248271595745e+02
9.595361240525687663e+02
9.515146545879408677e+02
9.527677217334692159e+02
9.519227267144833604e+02
9.518896343712456201e+02
9.595328734441277447e+02
9.559861084866272449e+02
9.536596283483670504e+02
9.553528489785505826e+02
9.553582613218477491e+02
9.534582932442280025e+02
9.575621213897809412e+02
9.535661879636475078e+02
9.598325385332793758e+02
9.508222363718268753e+02
9.550364321347860823e+02
9.566213604723466233e+02
9.486689790559032645e+02
9.298623064518029651e+02
9.568868815053922390e+02
9.572859834851749383e+02
9.571011074584901053e+02
9.599171557555779373e+02
9.491121902420386505e+02
9.596573108841979547e+02
9.523484616741401396e+02
9.545666884788734023e+02
9.557362112636735674e+02
9.566064571296726626e+02
9.517976460207071341e+02
9.551023756348988627e+02
9.443784032456007935e+02
9.577326969761725195e+02
9.593649079928396759e+02
9.464676999091593643e+02
9.449311793155673058e+02
9.567604615740091276e+02
9.514996278403477845e+02
9.456716010286759229e+02
9.544031804302441060e+02
9.519869807602196943e+02
9.574836508778511188e+02
9.394265286730394564e+02
9.560301455013359373e+02
9.363242869362404690e+02
9.551604762010621243e+02
9.451460360390047981e+02
9.467722183945163579e+02
9.510781797606406371e+02
9.570485131147540869e+02
9.535325471622568330e+02
9.571542404650788285e+02
9.569165096745925894e+02
9.363217144913922994e+02
9.514739388749245563e+02
9.551111293025824125e+02
9.471655246954724134e+02
9.597529061610946428e+02
9.596262875897700724e+02
9.521777871906851942e+02
9.529169257967704425e+02
9.552221431787329493e+02
9.555105040688615645e+02
9.571642168316545849e+02
9.579196239065912550e+02
9.558171419419461472e+02
9.559044386251588321e+02
9.580879175206639502e+02
9.536596283483670504e+02
9.597254756425319329e+02
9.520099967368483931e+02
9.589741868366110111e+02
9.549474104053492738e+02
9.538249315757846034e+02
9.510644330234449626e+02
9.552642824725405717e+02
9.459673888781387632e+02
9.537282983137081374e+02
9.428403124971260922e+02
9.532596561194573042e+02
9.515757826543034525e+02
9.390132365935057805e+02
9.532746975108468632e+02
9.575981472196951927e+02
9.423241240087122605e+02
9.537152386686004775e+02
9.517702381999463341e+02
9.597390494338613962e+02
9.559569829551503517e+02
9.533329651246735921e+02
9.600177383431474709e+02
9.441849582099637246e+02
9.572473595324111102e+02
9.579729024214441324e+02
9.248805914332660905e+02
9.452596898678443722e+02
9.599738129172362733e+02
9.590823764251699686e+02
9.413942798346027985e+02
9.543786686934989802e+02
9.418876140823484775e+02
9.505377144939118352e+02
9.555538490038857162e+02
9.563333209972385021e+02
9.434668007709788071e+02
9.519082664378614709e+02
9.600686887611276461e+02
9.518688700143846972e+02
9.487764564977676400e+02
9.573246041863949358e+02
9.535227618969584000e+02
9.520147843224111739e+02
9.515603573150867760e+02
9.428206713317409822e+02
9.501730474496877150e+02
9.516466977272364147e+02
9.584843767458178263e+02
9.548740936431668160e+02
9.539880494808630829e+02
9.578488051443714539e+02
9.511630814932129852e+02
9.522672923112090757e+02
9.552409643727709181e+02
9.510644330234449626e+02
9.597938262673048939e+02
9.579906284131534449e+02
9.591964101161941016e+02
9.469963338182345751e+02
9.485424542935872978e+02
9.511010744465967264e+02
9.569747333419845745e+02
9.555392275282429182e+02
9.355053754463579025e+02
9.506236056888819803e+02
9.399646987708663346e+02
9.429665834368677224e+02
9.569957712260129483e+02
9.596277122948229135e+02
9.416528794089610983e+02
9.545950974217543035e+02
9.502885256536120551e+02
9.538766999545018734e+02
9.515636760910711018e+02
9.554465845995530344e+02
9.494175913857944806e+02
9.386463007577912094e+02
9.385990634802483328e+02
9.525956988141535930e+02
9.574077562193263020e+02
9.496364205372362903e+02
9.559493063419427017e+02
9.489135059901643672e+02
9.444442498653650091e+02
9.579006478805730467e+02
9.577503463849482159e+02
9.581250422973432705e+02
9.598711544896673331e+02
9.520106174383249709e+02
9.585926115658978688e+02
9.582882970171608576e+02
9.599755760973845327e+02
9.554910586740397775e+02
9.552958768058188070e+02
9.439173952554608604e+02
9.558685904796166142e+02
9.414190056941373541e+02
9.454999270308617270e+02
9.390132365935057805e+02
9.566206767881517408e+02
9.514893378105862212e+02
9.493269803281481245e+02
9.514239848396258594e+02
9.594172923398516559e+02
9.556904899122404231e+02
9.562915147709630901e+02
9.534865245515453580e+02
9.586273955441865837e+02
9.415661133008263732e+02
9.314608248782792543e+02
9.529904484221343637e+02
9.522588478864504395e+02
9.510283430128787359e+02
9.533547221235360212e+02
9.510133543411013761e+02
9.560262103170074397e+02
9.454681404094858408e+02
9.535019078754211250e+02
9.303479477860823863e+02
9.472952533615236916e+02
9.590134150837793641e+02
9.454960834313735631e+02
9.495976750779841495e+02
9.591602779165143602e+02
9.556004729861551823e+02
9.507262792779786196e+02
9.535304749464785345e+02
9.576332127785199191e+02
9.486426499235169558e+02
9.375034596434311425e+02
9.545437805616265905e+02
9.517293580801890585e+02
9.581394888651799420e+02
9.405675710610728402e+02
9.557544067611711398e+02
9.538991090532424550e+02
9.395839104314375163e+02
9.561891919111519655e+02
9.459605255145099818e+02
9.508931270084399330e+02
9.516259322937377192e+02
9.516203573640648301e+02
9.395883089585165635e+02
9.541779660578636140e+02
9.545532950598092157e+02
9.582276863204060646e+02
9.458680240926823899e+02
9.594561365262140953e+02
9.595074853876769794e+02
9.428976833886209761e+02
9.581297204714461486e+02
9.511066218486763546e+02
9.386159522113318872e+02
9.536748449057693051e+02
9.541355503914869587e+02
9.530972430218023419e+02
9.590003589658310830e+02
9.584659894430560598e+02
9.459605255145099818e+02
9.578368600652233908e+02
9.518020200994462812e+02
9.574072718466749166e+02
9.579867193470076927e+02
9.565231774144974679e+02
9.386760687861308270e+02
9.445990622342656025e+02
9.467737613634142235e+02
9.554570081519109408e+02
9.595392969890140193e+02
9.564726435988000048e+02
9.530074610457133986e+02
9.534582932442280025e+02
9.456012105641179915e+02
9.566011850183510887e+02
9.567654513677788373e+02
9.464627755950621122e+02
9.536131598410702281e+02
9.325861550195643304e+02
9.539321341575684983e+02
9.506675045811573455e+02
9.343849601626600361e+02
9.540933679178074271e+02
9.436562194999199846e+02
9.581398939291345869e+02
9.572191901557350775e+02
9.572554772424932708e+02
9.499464323780316590e+02
9.593220435106352397e+02
9.589227192232817742e+02
9.597671501030072250e+02
9.510757263395780683e+02
9.532326521100264927e+02
9.547945969038455587e+02
9.494017878850003171e+02
9.574165275569364439e+02
9.597684795770749133e+02
9.558214328061803826e+02
9.558238309534011705e+02
9.584025971868768465e+02
9.443475901214835631e+02
9.486902927022060794e+02
9.454029546547894824e+02
9.482758990399909180e+02
9.587682944123403104e+02
9.581991206154848442e+02
9.554501426443521268e+02
9.412348988312378424e+02
9.397735275507941424e+02
9.524464537812787057e+02
9.582678233565245591e+02
9.560302998645893240e+02
9.474034277804246358e+02
9.488620910554861894e+02
9.542421293106966687e+02
9.571300485472426089e+02
9.523330614964856977e+02
9.496323625796567285e+02
9.393670168447047217e+02
9.432537740107909485e+02
9.576909146953150866e+02
9.587464279261592992e+02
9.576969201650222203e+02
9.462685667270000067e+02
9.438788612744581314e+02
9.549419060946735272e+02
9.579692758296091597e+02
9.586390874310056915e+02
9.580459226242667228e+02
9.566801572374462239e+02
9.549051225741409326e+02
9.490745073671264436e+02
9.573973686837881587e+02
9.514540138628013892e+02
9.515394777531596446e+02
9.534197000737716508e+02
9.551462385791361385e+02
9.451834622579024199e+02
9.483730819628343625e+02
9.495877702256918838e+02
9.544719975168850397e+02
9.580089033128184610e+02
9.552503508678627213e+02
9.561076059965299692e+02
9.514474915979066054e+02
9.591738910590578371e+02
9.557096767975331204e+02
9.595599983171271106e+02
9.521721054444121819e+02
9.488812097875196514e+02
9.600050669151899001e+02
9.497100417357912647e+02
9.535680355172596592e+02
9.482628795430912305e+02
9.509620804096750817e+02
9.500692235401380685e+02
9.556289619322679982e+02
9.520515617235032551e+02
9.556436724945083370e+02
9.492383918092039039e+02
9.556956387700558935e+02
9.564459828757424020e+02
9.375578781125600472e+02
9.547262923130668923e+02
9.473143319436539969e+02
9.504573770375217237e+02
9.373469326163619826e+02
9.557933256897217689e+02
9.555288147551875682e+02
9.442338042365281581e+02
9.385736005492891536e+02
9.431928201498583348e+02
9.516922540691489303e+02
9.594252020260521476e+02
9.456148422270658784e+02
9.506944107280626213e+02
9.499664609037108676e+02
9.417894863163703576e+02
9.536310186451055415e+02
9.527142101165962913e+02
9.593092814889839701e+02
9.554968469357920640e+02
9.580642239619762677e+02
9.469118254885103170e+02
9.441049498735923180e+02
9.443475901214835631e+02
9.548804345764191339e+02
9.546650647082376508e+02
9.498772011988304484e+02
9.382280710739062215e+02
9.450351065403895063e+02
9.574588391083855186e+02
9.535227618969584000e+02
9.351347418824493616e+02
9.507407783713239269e+02
9.541598332787671097e+02
9.499947045862254527e+02
9.489231192660438410e+02
9.468019192124934307e+02
9.465017600850814006e+02
9.575970731754298413e+02
9.561080950606998385e+02
9.549485316772061196e+02
9.595036741218507359e+02
9.369421841187809150e+02
9.574244313449941046e+02
9.578179137596580404e+02
9.470284471642771678e+02
9.540920288795404076e+02
9.590589444716097205e+02
9.579905835114344654e+02
9.538658408184132895e+02
9.530971147003942860e+02
9.492480867345778961e+02
9.469352909060016827e+02
9.552706117011500737e+02
9.509171740067670271e+02
9.555386685469761687e+02
9.434475639230290653e+02
9.463152726909888770e+02
9.431672876413448421e+02
9.588029784974139602e+02
9.538831351426157426e+02
9.527217322502910974e+02
9.483259294811271047e+02
9.546449918111712805e+02
9.595094199044283414e+02
9.552659992125326198e+02
9.544662526649564143e+02
9.549188199314935446e+02
9.569148234589076765e+02
9.587475362834283032e+02
9.485728380605767143e+02
9.477848327626710443e+02
9.508701790497390220e+02
9.580779085306503475e+02
9.422910688442243554e+02
9.580282223004307980e+02
9.466330164624548615e+02
9.446128903022769236e+02
9.459885947852468462e+02
9.392661090332126150e+02
9.375418975278162179e+02
9.578977367745103493e+02
9.592952865011491212e+02
9.536968000938876457e+02
9.518884274219778945e+02
9.399948317628382028e+02
9.576253883782164849e+02
