1.194905770907413853e+03
1.405649811075994876e+03
1.385380029489644812e+03
1.346523799700620430e+03
1.419771071345825021e+03
1.413980794731285641e+03
1.394268006821899689e+03
1.398781739659961659e+03
1.427216313055659839e+03
1.387334978444989929e+03
1.443718897125997273e+03
1.432529664896260783e+03
1.426904533776669496e+03
1.444841288168637675e+03
1.401736292381201338e+03
1.410039113034801630e+03
1.379576105757320192e+03
1.218630769924670631e+03
1.233615246322052599e+03
1.335642750560733930e+03
1.300288652891189031e+03
1.350999440781781232e+03
1.402496967233606483e+03
1.409658724096960214e+03
1.420839199311619268e+03
1.425573217794267293e+03
1.356532372783046412e+03
1.224882901650009671e+03
1.344393427480352102e+03
1.436939728613506304e+03
1.400387571272488458e+03
1.405185616157386903e+03
1.422252264306147026e+03
1.381408035975079201e+03
1.350604883816200754e+03
1.320797505204805930e+03
1.354699800104595624e+03
1.428237295396894751e+03
1.390980297324255844e+03
1.368464932964505579e+03
1.436996135680941734e+03
1.314582173885839666e+03
1.365492349614786463e+03
1.326726008956020905e+03
1.411743465718910784e+03
1.349454129685778071e+03
1.421583180045715835e+03
1.259655083348091921e+03
1.391159561227841323e+03
1.214586610454008678e+03
1.232434617663877816e+03
1.447874076900601040e+03
1.353133535135123338e+03
1.385373115592517252e+03
1.423470063616707421e+03
1.347091303162849727e+03
1.448752520041761727e+03
1.296276266720512922e+03
1.447185764083610593e+03
1.377699117556504234e+03
1.385280896262625220e+03
1.367568981760358611e+03
1.433967220803079499e+03
1.295875540442032161e+03
1.417253207728735788e+03
1.309932492256458318e+03
1.417944857281627264e+03
1.351227619544816662e+03
1.334039165430531966e+03
1.421130833905197505e+03
1.378855943386814033e+03
1.362055818559260615e+03
1.415726186805626185e+03
1.289540141368627928e+03
1.168373564133604532e+03
1.435202768021017164e+03
1.407948594994094265e+03
1.443228581305816533e+03
1.356448482774416334e+03
1.329354168732479138e+03
1.362055818559260615e+03
1.321107538275365869e+03
1.367251407452857848e+03
1.403510867465661704e+03
1.367075844074279757e+03
1.429006618039760497e+03
1.300064956398342474e+03
1.340309056494616470e+03
1.437235557986957929e+03
1.266317991750042211e+03
1.361761508099060848e+03
1.406021790960963244e+03
1.362215935356220371e+03
1.399929431759003819e+03
1.279853684937510025e+03
1.442863029250497220e+03
1.376778700319759309e+03
1.310947233841693560e+03
1.406200443551610306e+03
1.283303481269914073e+03
1.409588213515161442e+03
1.279004329095323783e+03
1.398489308531577990e+03
1.406638452615685082e+03
1.214868191137286885e+03
1.412804277427402212e+03
1.357702091577893725e+03
1.181165686670865398e+03
1.441995206606318789e+03
1.198153288576503201e+03
1.282794809143885686e+03
1.403460090848804612e+03
1.123151718602568053e+03
1.368641018232783608e+03
1.433013688641430690e+03
1.358859088444484314e+03
1.427334980292864429e+03
1.279103694563867748e+03
1.393677423739765800e+03
1.343185114128920759e+03
1.342784566946086215e+03
1.304678057462228708e+03
1.292125613792100012e+03
1.422728931421682319e+03
1.116282984848219712e+03
1.390452388597867639e+03
1.334308061835364924e+03
1.385236398220936962e+03
1.441237639780411655e+03
1.289777894544250557e+03
1.367568981760358611e+03
1.422835277271188261e+03
1.398062904329280400e+03
1.374253522401046212e+03
1.433962472386019499e+03
1.446184603561591302e+03
1.408688717770368839e+03
1.247140644333782802e+03
1.406638452615685082e+03
1.447239928965727813e+03
1.423752010039757579e+03
1.058613357098462757e+03
1.184270193288402425e+03
1.336548914148328549e+03
1.259793810707915782e+03
1.438762078916885230e+03
1.246245859818111512e+03
1.419650059710880214e+03
1.416607769905680470e+03
1.405515106185578816e+03
1.293025342388985564e+03
1.414769812103885897e+03
1.295271395849043074e+03
1.410940321231646294e+03
1.438630210594081291e+03
1.388797613958070087e+03
1.359095740467314954e+03
1.258348499795777570e+03
1.362660101207283788e+03
1.392761958216354515e+03
1.266964840698997705e+03
1.393685715150657416e+03
1.408748853650178717e+03
1.324352360103651790e+03
1.363050159181204663e+03
1.365609970415733642e+03
1.385702680207478352e+03
1.443298306040827356e+03
1.250226289588487134e+03
1.408611735649564935e+03
1.335428777352038878e+03
1.319006007155790712e+03
1.373887658174780199e+03
1.306958154619410152e+03
1.447807901403466303e+03
1.352197263220450623e+03
1.395687888802679026e+03
1.445913373187329626e+03
1.351391012481906046e+03
1.421933049585315075e+03
1.229842491783088008e+03
1.243429486227413463e+03
1.302713495166042549e+03
1.335105874148659495e+03
1.291103474940458455e+03
1.382122499215052812e+03
1.402615526330643661e+03
1.298774699770450752e+03
1.442539117096942391e+03
1.362628043584798888e+03
1.317619165386676741e+03
1.362747752076861616e+03
1.269518235661395920e+03
1.228386801568861756e+03
1.371254892151721378e+03
1.261267968745454027e+03
1.367691029204916504e+03
1.425354818780695268e+03
1.353022219720984822e+03
1.419033725548260691e+03
1.351506952017907224e+03
1.381191389719711424e+03
1.405330197464782941e+03
1.231097088790653061e+03
1.442033138567187052e+03
1.439152158708164279e+03
1.306417273025886061e+03
1.419970710498611197e+03
1.345230264392540221e+03
1.436652430515196329e+03
1.413917573840048135e+03
1.424140290155275352e+03
1.369721145144288585e+03
1.253232556535803724e+03
1.327595565884438201e+03
1.222966699536103988e+03
1.245251589750046605e+03
1.390960126190894471e+03
1.388055181417251106e+03
1.368842844241724151e+03
1.354835916510582820e+03
1.372388414199066347e+03
1.395412499328508602e+03
1.286946476017406439e+03
1.427181575796669449e+03
1.319295436641440801e+03
1.269211105349513673e+03
1.331301098538793440e+03
1.445788683878578922e+03
1.405332147835950991e+03
1.304434916270687154e+03
1.410650358067200614e+03
1.380859440855831963e+03
1.376424603807154426e+03
1.335013239425029269e+03
1.398489308531577990e+03
1.394750390920574773e+03
1.445162817362773694e+03
1.382480628843654358e+03
1.427423260338831369e+03
1.362439404264187488e+03
1.427561465424325888e+03
1.447485023479783422e+03
1.352008331585342376e+03
1.325199720437346969e+03
1.405347438329303259e+03
1.196834590222783390e+03
1.414826084525900114e+03
1.320950444811207944e+03
1.299683630247003521e+03
1.371138921347563155e+03
1.448129351469459380e+03
1.442664923300585542e+03
1.422458298439466262e+03
1.424438235771577183e+03
1.371155464971249557e+03
1.290226259186278639e+03
1.416964633030795540e+03
1.422660053209493981e+03
1.368561321434119691e+03
1.341787837032542257e+03
1.379406703630847460e+03
1.342246849239075345e+03
1.367649300759422658e+03
1.419681272348520906e+03
1.401978264640923499e+03
1.350034236624133655e+03
1.231262043895681927e+03
1.315048436519865845e+03
1.374951542691290342e+03
1.444260926333653515e+03
1.408879434555929265e+03
1.260396773041249162e+03
1.441801796451772589e+03
1.349055334330295409e+03
1.433568549290560441e+03
1.306417273025886061e+03
1.392512103201511763e+03
1.407848016626183608e+03
1.094145934985296890e+03
1.316159907883061351e+03
1.378076223537311989e+03
1.368479185760606015e+03
1.382711628018369083e+03
1.382201810656684302e+03
1.445762673400870426e+03
1.327594810485396465e+03
1.420792171964299087e+03
1.394802231640952414e+03
1.352803786849069184e+03
1.295382647000178167e+03
1.432141175587947146e+03
1.391949792144141384e+03
1.331380756815950463e+03
1.440658592277860862e+03
1.202162197715023012e+03
1.378479359774649538e+03
1.351484205546441444e+03
1.388434586894925815e+03
1.378160279985845136e+03
1.325435039545156087e+03
1.170309032316965386e+03
1.410326265367552423e+03
1.448172806196926558e+03
1.431790255116253547e+03
1.279903949634310720e+03
1.447566346604336559e+03
1.425416535931083445e+03
1.436177275629266205e+03
1.305561111995141800e+03
1.311260524951348316e+03
1.289720993304624699e+03
1.383782721464493079e+03
1.427897202197690376e+03
1.413756861662350502e+03
1.371918407153499174e+03
1.395021416146759293e+03
1.408847702008132728e+03
1.387263030266596843e+03
1.380267787553408425e+03
1.448583964461523465e+03
1.310751228225253044e+03
1.411835182228640861e+03
1.431498160201249448e+03
1.372631304415391696e+03
1.336328337264513266e+03
1.430408870841194585e+03
1.332122996020141727e+03
1.210160766529475950e+03
1.267389176012274447e+03
1.271563755061075881e+03
1.381584288784907812e+03
1.445769704890701178e+03
1.357802497150617910e+03
1.361475211972810030e+03
1.406892934179697932e+03
1.141122688271542074e+03
1.398392283409297761e+03
1.445605008775579790e+03
1.325982298942529496e+03
1.431900606552806948e+03
1.406248117819797699e+03
1.256820087900369799e+03
1.362438416806429814e+03
1.424160641880266894e+03
1.407254590051214564e+03
1.399864006528112441e+03
1.391969715889479403e+03
1.387656742240126505e+03
1.312725321696419087e+03
1.229418940483674760e+03
1.431498160201249448e+03
1.232434617663877816e+03
1.417286653344335946e+03
1.444120609865405868e+03
1.398632427405179897e+03
1.437487459652235657e+03
1.329373600779337266e+03
1.409339442633086037e+03
1.434707354251477682e+03
1.345978952187343111e+03
1.379428770088440160e+03
1.350643154150131977e+03
1.401285466069434278e+03
1.369568952419243033e+03
1.357932935590216630e+03
1.367509981807693293e+03
1.435068363901040811e+03
1.290484628809973401e+03
1.357950051346302644e+03
1.339859575158653342e+03
1.409046246431922555e+03
1.439244579581464905e+03
1.316281756536875719e+03
1.357895826891285196e+03
1.417164055563719785e+03
1.329418325734551672e+03
1.390304687700170007e+03
1.402887402579438458e+03
1.424939517864731442e+03
1.443830674241767838e+03
1.371581748047053225e+03
1.442311509038660233e+03
1.385506564086675553e+03
1.397300928771974668e+03
1.348891438800845663e+03
1.372802144816354485e+03
1.384323804016913527e+03
1.427886066030778011e+03
1.446786108113171849e+03
1.434852013659456134e+03
1.427595341343117980e+03
1.358989094606955859e+03
1.375204287144503269e+03
1.431108367173371335e+03
1.300962335489347879e+03
1.418473135332399352e+03
1.340309056494616470e+03
1.377003106924407348e+03
1.362211478980261745e+03
1.447736566914351442e+03
1.447159557981723538e+03
1.433773873963154074e+03
1.373127281584808316e+03
1.438628891564174410e+03
1.416732906732241645e+03
1.365002992655571234e+03
1.428786818630183916e+03
1.239435383417800949e+03
1.350975168207184424e+03
1.275244581793698217e+03
1.383065983643119125e+03
1.424843564170363152e+03
1.409901683445502158e+03
1.395362149982345272e+03
1.406638452615685082e+03
1.406293902928531907e+03
1.342557420102550168e+03
1.322260710445681070e+03
1.395737429180152276e+03
1.332204429004799749e+03
1.315997101980365187e+03
1.429724163049270601e+03
1.437425415635168520e+03
1.410521455311290993e+03
1.383992840736721064e+03
1.444913086884499080e+03
1.317810676550793914e+03
1.439027812915826871e+03
1.329514312353316200e+03
1.415547785193927666e+03
1.425420252405917381e+03
1.379885461152688549e+03
1.378136401142419345e+03
1.348462056814332755e+03
1.432587504886026636e+03
1.391781205455423560e+03
1.313316342727758638e+03
1.448224531499932482e+03
1.448887287854572605e+03
1.133382602050944342e+03
1.351389976614665102e+03
1.271975506623931778e+03
1.446371811323511793e+03
1.296612543085149355e+03
1.198570106393454807e+03
1.261414888744108566e+03
1.439862612751111556e+03
1.369031185182471745e+03
1.292973461673412203e+03
1.431439885005281894e+03
1.408246877501163908e+03
1.244102984069671493e+03
1.293391122978754083e+03
1.445751348200514940e+03
1.267151827224609406e+03
1.444496218911887354e+03
1.428015236000479717e+03
1.402955422832364093e+03
1.367231783962987492e+03
1.441855842175859834e+03
1.362771619171762040e+03
1.415470158754063959e+03
1.447867045794337628e+03
1.448172806196926558e+03
1.414870175427714912e+03
1.428222689972811395e+03
1.375174533945382564e+03
1.360589689078278298e+03
1.320561961986390543e+03
1.379982511456668817e+03
1.404672292613582613e+03
1.435727654130259680e+03
1.409569007929987265e+03
1.447884077795531539e+03
1.283769364791957287e+03
1.440611179020046620e+03
1.326622674328150197e+03
1.409043678256203521e+03
1.273951989966163183e+03
1.422972986263655457e+03
1.418911127169779547e+03
1.420136444260279404e+03
1.407498429056925488e+03
1.383335026914820901e+03
1.446037198609537654e+03
1.255150992773257258e+03
1.330310110506305136e+03
1.264884228396582785e+03
1.310483986532240351e+03
1.427526032154070890e+03
1.281123659451038748e+03
1.398707497231593834e+03
1.374639433039405503e+03
1.439775242216509923e+03
1.350600823115169078e+03
1.447131391942897380e+03
1.336656987663401196e+03
1.401801278490127515e+03
1.444341731810150350e+03
1.438074876040084973e+03
1.233839609388379813e+03
1.440369068442163098e+03
1.361475211972810030e+03
1.392307010669603187e+03
1.439027812915826871e+03
1.367189701266874636e+03
1.352696238331272298e+03
1.443113585051870814e+03
1.355675067847314949e+03
1.434910393635036371e+03
1.439984903055571522e+03
1.293366165031655783e+03
1.324744944708630783e+03
1.368064965752309035e+03
1.296196721157570437e+03
1.151997132532686010e+03
1.377003106924407348e+03
1.413037998060156042e+03
1.376303841374862714e+03
1.359449720171906165e+03
1.361029709416739479e+03
1.408879434555929265e+03
1.283164256033391894e+03
1.391546737609605771e+03
1.362629223849894061e+03
1.416067450033166097e+03
1.448651702437872018e+03
1.351520305567199557e+03
1.305315218565036503e+03
1.425235368477806105e+03
1.435831823215397890e+03
1.414900326816158667e+03
1.418134455673262210e+03
1.363097895845898393e+03
1.425414957542760476e+03
1.326165698481735490e+03
1.056528411505463964e+03
1.354479744138353908e+03
1.355795518924307089e+03
1.423574787998500369e+03
1.338905463555196548e+03
1.406312016347050985e+03
1.319015837566292703e+03
1.334332212131829010e+03
1.320326098903709862e+03
1.397420815757777518e+03
1.373983275014598576e+03
1.431589798184565552e+03
1.415339810649671108e+03
1.444773338836333551e+03
1.434411571338268459e+03
1.310075830262812588e+03
1.431690110230010305e+03
1.411743465718910784e+03
1.417101582048293039e+03
1.326220149313816819e+03
1.421018564597419299e+03
1.349661812146433249e+03
1.331051479483535786e+03
1.301507374505702501e+03
1.275606031283657785e+03
1.440017366237506849e+03
1.415547187427157041e+03
1.422067065364541804e+03
1.298774699770450752e+03
1.444548716714947886e+03
1.338937181089699834e+03
1.345055877457835322e+03
1.350688856090362151e+03
1.147031347695190561e+03
1.410462891616306479e+03
1.442459050769899932e+03
1.366200218820139298e+03
1.385744094570495918e+03
1.392784533724903895e+03
1.443363226400369740e+03
1.425254543228713828e+03
1.340258018953702958e+03
1.431302067033953108e+03
1.175107192897758978e+03
1.375793582029538811e+03
1.430103291550565245e+03
1.352364310680799463e+03
1.381276861165730679e+03
1.447131391942897380e+03
1.382257737873534325e+03
1.249819234056976939e+03
1.343123078133334730e+03
1.410156496526973342e+03
1.364884106692566775e+03
1.397416707009003403e+03
1.314904930453969428e+03
1.412153859522117273e+03
1.442153645136024579e+03
1.235252846671280622e+03
1.367066936481330231e+03
1.371862582326382835e+03
1.405983228868726883e+03
1.417410996306567085e+03
1.405783168441844055e+03
1.080741557644519162e+03
1.326680307333325800e+03
1.381879064056241759e+03
1.185657721105792007e+03
1.438711240203617308e+03
1.255975474516721988e+03
1.439727252377204877e+03
1.232055333416283247e+03
1.423048684292752569e+03
1.429306866429192951e+03
1.266746397238619920e+03
1.412292003746596947e+03
1.363797897941161182e+03
1.440381439932847115e+03
1.349958469288044853e+03
1.377780987893449264e+03
1.414218436565153297e+03
1.296311720309498241e+03
1.423848124586523682e+03
1.423144123923535517e+03
1.421554842112160941e+03
1.436321005727688771e+03
1.395202247734862794e+03
1.431319937352939633e+03
1.273739370006280296e+03
1.376190396038029121e+03
1.352002178202561254e+03
1.380442152185917166e+03
1.352215192057697323e+03
1.281566840355694694e+03
1.246818223325717554e+03
1.431158231426566090e+03
1.408287701162299527e+03
1.422293259151482289e+03
1.396413140829154599e+03
1.279538548874626940e+03
1.437003871376247616e+03
1.289242266192625948e+03
1.424686982761469835e+03
1.428304587989062838e+03
1.289808606373136172e+03
1.363797897941161182e+03
1.396649819699662430e+03
1.402829607994372509e+03
1.408688717770368839e+03
1.346283890801801590e+03
1.381645224908178307e+03
1.269917684146567126e+03
1.396958985653530135e+03
1.385388684693499727e+03
1.350439835767227123e+03
1.427903736896155806e+03
1.393159704467000893e+03
1.382195591281425095e+03
1.359167424299656432e+03
1.167611979562066153e+03
1.390137600139307551e+03
1.395869532050492580e+03
1.377427146272143773e+03
1.406238893836426087e+03
1.157827884566670491e+03
1.170344639069255891e+03
1.354835916510582820e+03
1.278594161175184581e+03
1.389445543525245739e+03
1.428754006242030755e+03
1.406248117819797699e+03
1.213021118356715306e+03
1.340309056494616470e+03
1.360465148038694224e+03
1.313298251965534064e+03
1.388373933273517878e+03
1.447818762412881370e+03
1.264088742748241202e+03
1.431956288559827726e+03
1.338937181089699834e+03
1.372148200373360396e+03
1.212857562222624892e+03
1.391428275127483630e+03
1.335294389371296575e+03
1.378768980414622547e+03
1.202845886756444088e+03
1.286254166739016000e+03
1.447306261189307406e+03
1.344693707777804775e+03
1.418558734973675200e+03
1.394051695429456913e+03
1.441128848871598166e+03
1.442393207460630265e+03
1.425278113876540601e+03
1.358029900638107620e+03
1.447101445741006501e+03
1.279853684937510025e+03
1.290077175100742124e+03
1.446277627407791897e+03
1.438169040577285614e+03
1.441042242558953831e+03
1.382523420419954618e+03
1.435825392638310859e+03
1.357182018489141683e+03
1.101289054003452293e+03
1.303939252714311351e+03
1.123546434209343943e+03
1.343929317350978408e+03
1.412464333673286774e+03
1.442926438095649246e+03
1.380194147794174114e+03
1.255936136978279364e+03
1.347091303162849727e+03
1.427226789044605084e+03
1.437966903949305333e+03
1.352075423751839708e+03
1.246017818403238834e+03
1.422121707309062003e+03
1.438342194789717723e+03
1.318243805271652491e+03
1.427351245737317186e+03
1.427542924058479684e+03
1.363525292063834286e+03
1.438935263213566714e+03
1.333472551294677942e+03
1.154779336217027321e+03
1.429724163049270601e+03
1.326373232345468978e+03
1.257544312884536794e+03
1.407093426350216760e+03
1.320751246352623184e+03
1.430000830129658198e+03
1.399913428366223798e+03
1.398415969941931962e+03
1.406194197337682454e+03
1.427996735201349338e+03
1.288118582891690721e+03
1.253562030079456690e+03
1.432387676120034030e+03
1.436595662662168479e+03
1.440927240133547002e+03
1.427316500674372719e+03
1.265954949482030315e+03
1.395440628378456040e+03
1.442664923300585542e+03
1.374944884401214267e+03
1.408773255389842234e+03
1.325492132395884710e+03
1.362771619171762040e+03
1.347981104262486951e+03
1.399193375316443507e+03
1.297416856225238007e+03
1.335864587133680516e+03
1.447530745737746201e+03
1.313643967969390815e+03
1.441519313875096941e+03
1.379088828047220204e+03
1.157482991583102603e+03
1.432623356002451146e+03
1.430306158733322718e+03
1.226361574664925911e+03
1.386966375251915451e+03
1.350688856090362151e+03
1.442158951390347511e+03
1.410940321231646294e+03
1.371900215438192845e+03
1.260049344518127327e+03
1.395750031314246826e+03
1.393220807287584876e+03
1.331706679628713573e+03
1.440014083106927501e+03
1.369115876258750404e+03
1.415339810649671108e+03
1.366443761665799684e+03
1.443927480561794482e+03
1.306442386915769475e+03
1.300139292136017048e+03
1.337991133560549542e+03
1.340900469371421423e+03
1.320326098903709862e+03
1.255636128497542359e+03
1.330901216626462883e+03
1.168114766582624725e+03
1.335697908210368496e+03
1.440247065163093339e+03
1.339626919525321227e+03
1.348195428409989745e+03
1.241693392673220842e+03
1.408876382682853318e+03
1.214442020984877900e+03
1.336058947235123469e+03
1.406183857669916506e+03
1.442006201256743680e+03
1.331984583052138078e+03
1.428027910341807910e+03
1.354395082469477074e+03
1.324352360103651790e+03
1.344569437251305999e+03
1.413873252757968658e+03
1.253243087292224118e+03
1.314103832761749345e+03
1.402446401996310669e+03
1.423947907806296143e+03
1.289460307622490291e+03
1.428553615214915908e+03
1.148411881526885509e+03
1.352499891367056534e+03
1.279352060719051678e+03
1.381317434118695701e+03
1.359088163942616120e+03
1.370747827050950491e+03
1.428789677231967289e+03
1.283134788459058655e+03
1.423354744510655109e+03
1.354820683355609390e+03
1.330446270964848736e+03
1.414885249968233666e+03
1.354836957203754764e+03
1.384714202798453925e+03
1.360039692780359928e+03
1.278520242605128715e+03
1.382139302736775562e+03
1.298985697056433764e+03
1.328507694989523543e+03
1.186253020137657586e+03
1.255245591329216950e+03
1.436959132612127632e+03
1.185378541661935515e+03
1.445433413634255430e+03
1.432361957703192047e+03
1.401788422738183726e+03
1.229733917373114309e+03
1.431972637342400958e+03
1.283893411328501770e+03
1.222545325972756928e+03
1.447325080295246607e+03
1.435939964348333206e+03
1.383184775594328585e+03
1.431818514209568548e+03
1.376696610022960158e+03
1.266238496256122289e+03
1.443712639485611362e+03
1.256999314300588139e+03
1.345978952187343111e+03
1.404220173640164376e+03
1.429710792419955396e+03
1.367769546612592194e+03
1.400029888538221940e+03
1.421830678332194566e+03
1.353073871179678690e+03
1.337695797428173137e+03
1.400299752375575508e+03
1.380267787553408425e+03
1.311886083532540397e+03
1.377071219567802927e+03
1.356025622021313438e+03
1.297954423596684592e+03
1.412333040137669059e+03
1.267654885071641047e+03
1.432443154264388340e+03
1.430187395495816872e+03
1.289856545347236988e+03
1.340315685180225955e+03
1.446352613567200024e+03
1.442020324283838818e+03
1.398014166816766874e+03
1.308573741534484270e+03
1.324492929372804156e+03
1.270148480870744152e+03
1.371848578944287510e+03
1.349267193823973685e+03
1.395022300702626126e+03
1.426900260373426363e+03
1.448847725840115345e+03
1.331182824148713735e+03
1.375273512013476875e+03
1.396757126896629416e+03
1.408473513150167719e+03
1.261439118399101972e+03
1.295500331781978048e+03
1.404205454369714971e+03
1.304389824220421588e+03
1.407238608875295085e+03
1.276928659762908637e+03
1.422614758739259287e+03
1.434163725348558273e+03
1.309603155215299466e+03
1.408938181316947293e+03
1.429192829612794640e+03
1.377326388920151885e+03
1.303999062807557948e+03
1.386083939997568223e+03
1.210071121978039173e+03
1.302986725055724946e+03
1.445579456300139555e+03
1.268138776736857380e+03
1.394000178086213054e+03
1.265930456725035583e+03
1.341266216828355937e+03
1.325181827527369251e+03
1.394070915702052162e+03
1.308352394035056477e+03
1.318265265964987975e+03
1.436996135680941734e+03
1.414875929351734612e+03
1.255554222137154738e+03
1.447481458294426830e+03
1.307889577915686232e+03
1.422023178467032267e+03
1.154805318326390079e+03
1.371283005642494572e+03
1.443956359535359297e+03
1.329463242881505266e+03
1.418668107694942137e+03
1.278424689352686073e+03
1.351223231049138349e+03
1.442311509038660233e+03
1.182728996635678186e+03
1.371063849465252133e+03
1.357572096431519185e+03
1.413191578257675701e+03
1.438977171272001215e+03
1.400629711287191185e+03
1.354345179319097497e+03
1.439009889022704101e+03
1.424101878897853112e+03
1.391001453406937799e+03
1.223494880141266776e+03
1.405491707592224429e+03
1.414170587171002580e+03
1.331406883855084061e+03
1.425868807695093665e+03
1.309511140587422233e+03
1.420864486858917189e+03
1.231079516796540929e+03
1.388974616072547633e+03
1.414273151036393301e+03
1.434266841119618221e+03
1.435558403535197158e+03
1.360566435135615848e+03
1.442095882173486416e+03
1.431299909862967979e+03
1.393619725926539559e+03
1.333632902336740244e+03
1.419073814844964772e+03
1.404213776445553322e+03
1.324955208928606680e+03
1.306208374863866538e+03
1.383183067034563919e+03
1.442153220048829098e+03
1.316437100928207201e+03
1.275392878398019093e+03
1.430947821068477424e+03
1.436996135680941734e+03
1.333284737760419830e+03
1.412806116529354313e+03
1.433989841768489669e+03
1.408959777702064912e+03
1.318521751340983428e+03
1.382965213175308236e+03
1.426761035698089472e+03
1.425218340122449945e+03
1.174964074477822351e+03
1.378057076397093624e+03
1.310075830262812588e+03
1.377487773643287255e+03
1.418231809966005585e+03
1.406265848993357167e+03
1.446997348832632724e+03
1.375349353380453749e+03
1.290854981711043820e+03
1.431916048083051010e+03
1.326541971611899953e+03
1.348042092973710623e+03
1.274374888307663241e+03
1.361771573904155048e+03
1.375892235947828340e+03
1.239253055143877646e+03
1.446184603561591302e+03
1.281095384384071167e+03
1.322229843203414248e+03
1.413542355094415370e+03
1.407547301732644428e+03
1.385529761201345991e+03
1.223470373678489068e+03
1.104676842138364918e+03
1.316281756536875719e+03
1.415997443041119368e+03
1.305855774841835455e+03
1.371170449492505668e+03
1.407887580842974330e+03
1.333752864400097451e+03
1.163377634479403241e+03
1.394791591684622290e+03
1.364181714332411957e+03
1.418093023445350809e+03
1.429206256300276891e+03
1.385432986659591052e+03
1.424188291103170741e+03
1.438227405016408738e+03
1.142722084281037951e+03
1.391944756052429511e+03
1.436389547489742881e+03
