9.112252460986256892e+02
9.105131974953400231e+02
9.100484278917390384e+02
9.105675777984782826e+02
9.109858851649366898e+02
9.111140418756299368e+02
9.103031776704590357e+02
9.112505717423232454e+02
9.110137709544370637e+02
9.107138127793831472e+02
9.108311047261572639e+02
9.111528924263323006e+02
9.107834579293205479e+02
9.110317674367179279e+02
9.104993540548655346e+02
9.102425871914572326e+02
9.110248686007398646e+02
9.106875663307807827e+02
9.111250900482159523e+02
9.107288640763432568e+02
9.106893114313273827e+02
9.111969881422488697e+02
9.095714329165065237e+02
9.101360771455462100e+02
9.097880914687825680e+02
9.104053944412944475e+02
9.107308116923836678e+02
9.112182942207529095e+02
9.110117583473779632e+02
9.108244709024047552e+02
9.112362202305985193e+02
9.109520806707148495e+02
9.110616086403884992e+02
9.094669347910746637e+02
9.109890196860471860e+02
9.108123633097578704e+02
9.102953417063995403e+02
9.105301960058882287e+02
9.111702637300136303e+02
9.108655981131469161e+02
9.108576282872802494e+02
9.105772843760549904e+02
9.110818753652793021e+02
9.102956380559412537e+02
9.106274632033841954e+02
9.110779803119473854e+02
9.112147126206137955e+02
9.110467590161306362e+02
9.108836320042865964e+02
9.112224620160400264e+02
9.097549192361638006e+02
9.100753134770421866e+02
9.109384437637957035e+02
9.109089588382323655e+02
9.111568898384380191e+02
9.106906786166236998e+02
9.097679588120065546e+02
9.091379415475651058e+02
9.111229196621502524e+02
9.107180973460781388e+02
9.103628915280730780e+02
9.109254144006697516e+02
9.110829818337990673e+02
9.101062961293030185e+02
9.102131250426033375e+02
9.106061515510606341e+02
9.108702834740578282e+02
9.103318248712687364e+02
9.107643616782459048e+02
9.107101660360942788e+02
9.110572596512470227e+02
9.098268425095277507e+02
9.111536163425532777e+02
9.112079582335056784e+02
9.110621150319886965e+02
9.108855661555734287e+02
9.099499834897364963e+02
9.108836688841463456e+02
9.104756721887627009e+02
9.109301216825303982e+02
9.110262720529416356e+02
9.108268591143292952e+02
9.109706404199616827e+02
9.110712925235995954e+02
9.107512646956988647e+02
9.101864783209780398e+02
9.112008205459349028e+02
9.112282582088801064e+02
9.104056366143967125e+02
9.089611982042843010e+02
9.101983586910382655e+02
9.108692211012264579e+02
9.110890739557798952e+02
9.110950867045036148e+02
9.108640042989062522e+02
9.105715833918605995e+02
9.106203251454443262e+02
9.108127576406686785e+02
9.103340290965979875e+02
9.111261181841182406e+02
9.110482974545010393e+02
9.110717256391228602e+02
9.105872182678764375e+02
9.110240974909088436e+02
9.101114139549688389e+02
9.103348084328147252e+02
9.108640090585412281e+02
9.106997978923034225e+02
9.106989285001513963e+02
9.083944393131143897e+02
9.107607273171438464e+02
9.110804601399753437e+02
9.111818525442886312e+02
9.101024767319688635e+02
9.111848124401092264e+02
9.111392745565420910e+02
9.108825603453201438e+02
9.111403494191929440e+02
9.109422593797226000e+02
9.108962936034456561e+02
9.111154755499983366e+02
9.108830486047575050e+02
9.106764890021642032e+02
9.105427107088233925e+02
9.099943354243557678e+02
9.107184462419410238e+02
9.096032698809849535e+02
9.108929012708840673e+02
9.106775527360616707e+02
9.105439329896300933e+02
9.107095903374338377e+02
9.109309214647475983e+02
9.108186446183707403e+02
9.107453540995213643e+02
9.109681349076956849e+02
9.111485627467147879e+02
9.103627860069834696e+02
9.108615998653451697e+02
9.112444512734789441e+02
9.102331677161168955e+02
9.107876234077700701e+02
9.110294808923279106e+02
9.111917227516494222e+02
9.100466620590266302e+02
9.104775102233534199e+02
9.110723632126853317e+02
9.110243664948595779e+02
9.111203189705357772e+02
9.106761785054609390e+02
9.110625929334701141e+02
9.110465365587629094e+02
9.098492900187621899e+02
9.109708393287270383e+02
9.111926599330113277e+02
9.111708644393000895e+02
9.105547152600047411e+02
9.110038699368760717e+02
9.111545428292038196e+02
9.092173047227281586e+02
9.091256471023031054e+02
9.107876234077700701e+02
9.111024488651976299e+02
9.108327734804915963e+02
9.112410754211598487e+02
9.109900233785390355e+02
9.110038699368760717e+02
9.105456989017204705e+02
9.111223490044204709e+02
9.107995673616464956e+02
9.102809375314730005e+02
9.099887459498336284e+02
9.111921108975686820e+02
9.108379759229665069e+02
9.109990017358031764e+02
9.103173493680749289e+02
9.106950469261769285e+02
9.111931011700805811e+02
9.099607088027373720e+02
9.111661521011335481e+02
9.112003297002415820e+02
9.098409116420730243e+02
9.112120956770883140e+02
9.084913824582874895e+02
9.100164277464753013e+02
9.106964212530056102e+02
9.107469919102609310e+02
9.111523992582585834e+02
9.108993726489934488e+02
9.104819950219357452e+02
9.107628778468351811e+02
9.107876234077700701e+02
9.111483891773389132e+02
9.111005278164652736e+02
9.109488565100929236e+02
9.096024098764819428e+02
9.112322163869750966e+02
9.101426641729453877e+02
9.110342994937691401e+02
9.109965795265643465e+02
9.109063817673326184e+02
9.098645000884954470e+02
9.111778845468029431e+02
9.107667130697331004e+02
9.112520513489208724e+02
9.107056256948673081e+02
9.106015020058563323e+02
9.108322505193143570e+02
9.105600704560848726e+02
9.103837438773082340e+02
9.110492586244530457e+02
9.111133635830385629e+02
9.100691042365263002e+02
9.110443124943795965e+02
9.104933936902172036e+02
9.111620932552541490e+02
9.102953549362687227e+02
9.109327968399688871e+02
9.101114599535274010e+02
9.103935203680837276e+02
9.110430883679339331e+02
9.112492233452067012e+02
9.110108425432897548e+02
9.097454097770782937e+02
9.092289887904843226e+02
9.106527267935583723e+02
9.103346125480234150e+02
9.093910916823324442e+02
9.110096288067679779e+02
9.099680094576267493e+02
9.110897256894683096e+02
9.088449459784852706e+02
9.105581367298602800e+02
9.098856340840263783e+02
9.111920146856930387e+02
9.104127634930435988e+02
9.105202828016279000e+02
9.101831004084214101e+02
9.110810308505768944e+02
9.102343091778560620e+02
9.109951401243563396e+02
9.111199461392390049e+02
9.101546221125190641e+02
9.106777325755159609e+02
9.104043130317842270e+02
9.110189066574862409e+02
9.104944398342315708e+02
9.109741772211766602e+02
9.103208012340991218e+02
9.106541179902153544e+02
9.103794055840421606e+02
9.108516345003833976e+02
9.107583553267420484e+02
9.111456527149128988e+02
9.110968889128421324e+02
9.110461104873891145e+02
9.107503361290457633e+02
9.111560340032259546e+02
9.111027125885252644e+02
9.109193849996631798e+02
9.103563094121784616e+02
9.112270207578676491e+02
9.107544426278388983e+02
9.112415760558910733e+02
9.111647611077801230e+02
9.107652775612427831e+02
9.093896063008226065e+02
9.106345827161826492e+02
9.099488603218769640e+02
9.106882543509095740e+02
9.109223406677209596e+02
9.107727338988144083e+02
9.102953280616408165e+02
9.106858870238916097e+02
9.110075062766782139e+02
9.106050997613986056e+02
9.112231174851756350e+02
9.110851146033048735e+02
9.102966350973189265e+02
9.112340915547783879e+02
9.099998886772414153e+02
9.103070201930588610e+02
9.108771577469448175e+02
9.104374834545621979e+02
9.112011031221018129e+02
9.111254333675346970e+02
9.105863345165294049e+02
9.110278341797472876e+02
9.101497624592657303e+02
9.111410913697975502e+02
9.099466831878985431e+02
9.105175615838427348e+02
9.110439189481935500e+02
9.110733467486396648e+02
9.110965550359783265e+02
9.109944785211916951e+02
9.108075801669201610e+02
9.110588703000744317e+02
9.108527760264606741e+02
9.110246339700390763e+02
9.103913842682502491e+02
9.106850736355953586e+02
9.107993753752198245e+02
9.101845324115843141e+02
9.112243322656240707e+02
9.094270923717328969e+02
9.109046664195270750e+02
9.109405512001237639e+02
9.104676029624627063e+02
9.101060794364266258e+02
9.108938020424528759e+02
9.108668905752584806e+02
9.106415741811945281e+02
9.105612633722504370e+02
9.111092393108066290e+02
9.104538956636833973e+02
9.106592611850408048e+02
9.106144018414343009e+02
9.101164439614633466e+02
9.111040805889745116e+02
9.109878279748422756e+02
9.105712623947854354e+02
9.106854716026855385e+02
9.107218535532242640e+02
9.105056874021495332e+02
9.099130882018364446e+02
9.109177744877213172e+02
9.105552617351497702e+02
9.105402312629353219e+02
9.109803586081764024e+02
9.111383628584912913e+02
9.112524856863963123e+02
9.108660032526435089e+02
9.110017113936677333e+02
9.089080494820393596e+02
9.101466478818315409e+02
9.106405331756801615e+02
9.097246981183149046e+02
9.112451047127265156e+02
9.111387225119856339e+02
9.111686971382576985e+02
9.107834579293205479e+02
9.098996051585952500e+02
9.099960032162396146e+02
9.104344334198948445e+02
9.111960213424847552e+02
9.109272404581058709e+02
9.104622707038261069e+02
9.110416109690415851e+02
9.106541179902153544e+02
9.101815900061621960e+02
9.108380730929929996e+02
9.098417212207939428e+02
9.108904083226479997e+02
9.111819688162102011e+02
9.111770993064957338e+02
9.110714773949110850e+02
9.099932665949058901e+02
9.091059975752081073e+02
9.101393163578393342e+02
9.110341701469965301e+02
9.109577747032760726e+02
9.101367803651658051e+02
9.098580318596291363e+02
9.104249846229745344e+02
9.111005178047562367e+02
9.108912679644191712e+02
9.106226197972601994e+02
9.110283050197813282e+02
9.111426164340102787e+02
9.103318122695388865e+02
9.094183669951368074e+02
9.100210313969038225e+02
9.111105083083880345e+02
9.105367777268990039e+02
9.102302437275227476e+02
9.098420956031128526e+02
9.102631034002237129e+02
9.105469467292207355e+02
9.094581648362968735e+02
9.108298725475754054e+02
9.094578679982471385e+02
9.102557873787785638e+02
9.109809007575688611e+02
9.110499066927574177e+02
9.111134236559953479e+02
9.109783051007811991e+02
9.107572018005644168e+02
9.106385035677814130e+02
9.093180046672530352e+02
9.109149647964503629e+02
9.106970246921732723e+02
9.102077783607023775e+02
9.098779735548284862e+02
9.103584962953793820e+02
9.112055726547278027e+02
9.103967738031303725e+02
9.105402312629353219e+02
9.106595407634688399e+02
9.105026031924202243e+02
9.093171786124139544e+02
9.111265434105746408e+02
9.112528756949902800e+02
9.111822382520840620e+02
9.112328877302720684e+02
9.112236545792515017e+02
9.111885690836643334e+02
9.103991593743139674e+02
9.107038924751996092e+02
9.100942052390821573e+02
9.109880927126572487e+02
9.107879841179785672e+02
9.108581575499573546e+02
9.094729778424787128e+02
9.110561320612727059e+02
9.105946148788027585e+02
9.090719700972528017e+02
9.106868939605781179e+02
9.111446152393202738e+02
9.112181198717862571e+02
9.106989285001513963e+02
9.112108426213662824e+02
9.099902853599960508e+02
9.110351993210246064e+02
9.106593200904778769e+02
9.101628295123537100e+02
9.110006707687532526e+02
9.101154010161637871e+02
9.110824497086716747e+02
9.110365136877771874e+02
9.109382398761839568e+02
9.093148041791785090e+02
9.106597758421823983e+02
9.088302866632004680e+02
9.110448554360812068e+02
9.110824315289805782e+02
9.111634515414182260e+02
9.108085787318450457e+02
9.110785563185334013e+02
9.095442953147602339e+02
9.103208553545589439e+02
9.111687146350652711e+02
9.107986864326665000e+02
9.106243185665363171e+02
9.110534679586201037e+02
9.099681937164818919e+02
9.098923212311472071e+02
9.105269269937327863e+02
9.092900555431365319e+02
9.112498132142848135e+02
9.108883228026888901e+02
9.098791395413129521e+02
9.105618418832711995e+02
9.106647692392707540e+02
9.109809007575688611e+02
9.110637902107536092e+02
9.111485005362155789e+02
9.106075183247596669e+02
9.095115743910271249e+02
9.108902982729443920e+02
9.093626793499657879e+02
9.097307604135780821e+02
9.096125609285579685e+02
9.111899967867341275e+02
9.106854716026855385e+02
9.101973509961280797e+02
9.108243986228875428e+02
9.109300190708156606e+02
9.099369842926089405e+02
9.106221544115468305e+02
9.111790299849380972e+02
9.106453903877111316e+02
9.107398601984727975e+02
9.103575396518174330e+02
9.097428948815111198e+02
9.105015607978356229e+02
9.111708644393000895e+02
9.111492928476752695e+02
9.096521453966824993e+02
9.104358780267359634e+02
9.101210432529580885e+02
9.107659525771315430e+02
9.099623342989789307e+02
9.112428129863027380e+02
9.112422809796175898e+02
9.098268425095277507e+02
9.108299321812733069e+02
9.112243322656240707e+02
9.110628517884163102e+02
9.110624853697044045e+02
9.108109134572017638e+02
9.108311047261572639e+02
9.110533943783259474e+02
9.099682158382283887e+02
9.111456131633127598e+02
9.104473262086880823e+02
9.108836320042865964e+02
9.108567085761246744e+02
9.103570471546676117e+02
9.109523791675750317e+02
9.108115509643672567e+02
9.112252460986256892e+02
9.105221595764706990e+02
9.110779803119473854e+02
9.109940936482238385e+02
9.101360771455462100e+02
9.110100394799202377e+02
9.101715902411888237e+02
9.103482188568483480e+02
9.095076574102204177e+02
9.107764915798300080e+02
9.105907877738063689e+02
9.094765202879353865e+02
9.107304866137967565e+02
9.111925880292017155e+02
9.111988013562689730e+02
9.111751711630452064e+02
9.111571278559270013e+02
9.098085669232852979e+02
9.112168246039952919e+02
9.101029374563249803e+02
9.107322403723744628e+02
9.095901818513563057e+02
9.103574732685476647e+02
9.104944447444722755e+02
9.105820681538392591e+02
9.111190204596234707e+02
9.105403948784760360e+02
9.105556259854431573e+02
9.102233202141920856e+02
9.103200080800315845e+02
9.112152953601187164e+02
9.112271450178236591e+02
9.111532382549735303e+02
9.104542097037383428e+02
9.111860974476411457e+02
9.107798252322460257e+02
9.109755006334930840e+02
9.111040708602740779e+02
9.110111599170102181e+02
9.110213760574722528e+02
9.109409955068300633e+02
9.108784413275110410e+02
9.110891078382085198e+02
9.107204782849034927e+02
9.092337110457277731e+02
9.098778665582259464e+02
9.107753020948368885e+02
9.108195563538129136e+02
9.111638211776664775e+02
9.104509179763728071e+02
9.103040755646238722e+02
9.089702734973341194e+02
9.108870179934731368e+02
9.106724532138089216e+02
9.104222217371104762e+02
9.109269950203383814e+02
9.107026301483158477e+02
9.111004568389789711e+02
9.107523268081874903e+02
9.106795126794372663e+02
9.108192014996723174e+02
9.106419097055684233e+02
9.111744875437591418e+02
9.111709195245235833e+02
9.109488565100929236e+02
9.108660032526435089e+02
9.111921493851218656e+02
9.104488176450988703e+02
9.108524688110803709e+02
9.095676918864166964e+02
9.104176080925103633e+02
9.089854384298650984e+02
9.102271609022154735e+02
9.102451314535926485e+02
9.106541179902153544e+02
9.106406874196854915e+02
9.109022962595847730e+02
9.098557094191344277e+02
9.107237289303199077e+02
9.109577301659836621e+02
9.112137712489154637e+02
9.112441753300304299e+02
9.100297830313625127e+02
9.109926508521634787e+02
9.099538545413095108e+02
9.108127576406686785e+02
9.112184656499657649e+02
9.105891111213948079e+02
9.106354311766274350e+02
9.107422977671058106e+02
9.110319624980911613e+02
9.104338204490827593e+02
9.109878108117782176e+02
9.112565170807645245e+02
9.109500841341576916e+02
9.103003103970004304e+02
9.112505481404663215e+02
9.111912750543892798e+02
9.102147335276231388e+02
9.091236732010269179e+02
9.105692261581706362e+02
9.104762045528217413e+02
9.111256799356638112e+02
9.104473060400416671e+02
9.099682158382283887e+02
9.109236296512558511e+02
9.106823812039467612e+02
9.104775864294978192e+02
9.109204213836865165e+02
9.111414936680241681e+02
9.107644789204122162e+02
9.099878626989038821e+02
9.108466617133001364e+02
9.110058748015376295e+02
9.108963659596993239e+02
9.109589110898884883e+02
9.111078172440309118e+02
9.110838161513239584e+02
9.098759911352607332e+02
9.108806639538875061e+02
9.101886458941330602e+02
9.102233748129807509e+02
9.108002529521224915e+02
9.112266103769401298e+02
9.106726636019182024e+02
9.090802672782688205e+02
9.108025660351395345e+02
9.098844411252803184e+02
9.110107775020895815e+02
9.103670549116866368e+02
9.106696869413212880e+02
9.097225594330993772e+02
9.084786905933616481e+02
9.112540194903425572e+02
9.093363928916235182e+02
9.111656666194555783e+02
9.108329193143531484e+02
9.105199505465070615e+02
9.100620402216919729e+02
9.111021751962707640e+02
9.106924536254415443e+02
9.108815423011121766e+02
9.110482974545010393e+02
9.108007495306239889e+02
9.108293512316022316e+02
9.094009004937714735e+02
9.110624853697044045e+02
9.107966450700129144e+02
9.110307357545959803e+02
9.098595744977751565e+02
9.111721987723615257e+02
9.106981218424054987e+02
9.108219659966327981e+02
9.109908989644119401e+02
9.100354867427913632e+02
9.111869249366834538e+02
9.097503145378959744e+02
9.109674402626767460e+02
9.105239643384570627e+02
9.109277561585577132e+02
9.109033458284029621e+02
9.103713356089035642e+02
9.109598045889633795e+02
9.107705140391939267e+02
9.104391227068890657e+02
9.106528251841734800e+02
9.103798772529082726e+02
9.101901991040269877e+02
9.098522813495994797e+02
9.103441562928758231e+02
9.102702078017973690e+02
9.108795208168312456e+02
9.105360181142455076e+02
9.111485627467147879e+02
9.106772754509977403e+02
9.110117518170138737e+02
9.110621150319886965e+02
9.108478989174080880e+02
9.103941265365390336e+02
9.105522370173014224e+02
9.085912113150631058e+02
9.098395158617145171e+02
9.111636858722349643e+02
9.103163896342878161e+02
9.105701202919440220e+02
9.084786905933616481e+02
9.106442405249929379e+02
9.112371144035028010e+02
9.111784059787935348e+02
9.108682779929697517e+02
9.099171020261510421e+02
9.112099203800422629e+02
9.104425986292237667e+02
9.111354134603197963e+02
9.099568523407149314e+02
9.105248701917187191e+02
9.106987033470568349e+02
9.102108574313811005e+02
9.107026413382016017e+02
9.108034502170069118e+02
9.104324471775198617e+02
9.110935206050753550e+02
9.109779304117881793e+02
9.109485488414827614e+02
9.092525346879181143e+02
9.110011301486492812e+02
9.110504528408928309e+02
9.110202525047504878e+02
9.108635249699922269e+02
9.104661908476117560e+02
9.109319875823506436e+02
9.110670150501339322e+02
9.112166704970302362e+02
9.109414093830645243e+02
9.097957785692342441e+02
9.111349967988167009e+02
9.110752498746994661e+02
9.107125950120887410e+02
9.091610854501797121e+02
9.104145422814897302e+02
9.109992295225554244e+02
9.107082383663453129e+02
9.111986095763664935e+02
9.111244529403670640e+02
9.105272312565441553e+02
9.099988715402182606e+02
9.099969389407687004e+02
9.106993623635248696e+02
9.111507106415141379e+02
9.104679706420356524e+02
9.098940220227148075e+02
9.106764990142304441e+02
9.108961500320110645e+02
9.109081784922308316e+02
9.111956626673534174e+02
9.104943761158463076e+02
9.111905223461436663e+02
9.103523492319570778e+02
9.098848719753833620e+02
9.111807461777616481e+02
9.104575971878391556e+02
9.107834579293205479e+02
9.106905276414966011e+02
9.111123523001380136e+02
9.094009004937714735e+02
9.104906416210758380e+02
9.102118812686985621e+02
9.102234342354877299e+02
9.107537066902143579e+02
9.104914474758666074e+02
9.112014499620077004e+02
9.101023724535350539e+02
9.112560694538244661e+02
9.106191230972319772e+02
9.101512850009449949e+02
9.101998068264354060e+02
9.111807461777616481e+02
9.110398928736771040e+02
9.104187153432209243e+02
9.106776125458379738e+02
9.093702995648854994e+02
9.110739439635260624e+02
9.110293589499866584e+02
9.096055186362373206e+02
9.107293983520031588e+02
9.110741730359829944e+02
9.107466498721358903e+02
9.099114640513353152e+02
9.110764479316560482e+02
9.099650205199792481e+02
9.104394939874208603e+02
9.111251218387045583e+02
9.108469790063076061e+02
9.110972811026133513e+02
9.109783051007811991e+02
9.109434294599859641e+02
9.104618096554279418e+02
9.105663814688107323e+02
9.100438304512987315e+02
9.095005636122538135e+02
9.105618571083230108e+02
9.106919247357344602e+02
9.110048260519813539e+02
9.108271801740381761e+02
9.106091236657559875e+02
9.104985770571561261e+02
9.111699320477773654e+02
9.106055286163589244e+02
9.106740733824148037e+02
9.110966091081530749e+02
9.110886509691629271e+02
9.110538145381995037e+02
9.109146948876316401e+02
9.106889325729631537e+02
9.111778829230886458e+02
9.099349418774604601e+02
9.111573415896384631e+02
9.109868027006756392e+02
9.105063506696690183e+02
9.112366905471752716e+02
9.106675779521527829e+02
9.106196573213765078e+02
9.097808837809513989e+02
9.106350950981858432e+02
9.111807072442791195e+02
9.110140593592641380e+02
9.105136711289570712e+02
9.111661718040052165e+02
9.104462349889363395e+02
9.103200080800315845e+02
9.107667437356963092e+02
9.108575503196500449e+02
9.103227557424499992e+02
9.104012086665291008e+02
9.107331593435492323e+02
9.109358592742463543e+02
9.103962446708035259e+02
9.109915791714223587e+02
9.104045383139150545e+02
9.100162466755709829e+02
9.108197620149103386e+02
9.106544257024238505e+02
9.103535168566115772e+02
9.108600239333385389e+02
9.106022825137038126e+02
9.103785617631438072e+02
9.098475262452543575e+02
9.097417925305859399e+02
9.104610331129398446e+02
9.110825809948551068e+02
9.105008082463878054e+02
9.108366776688218351e+02
9.099060204221009371e+02
9.106666194838211368e+02
9.104722274326168190e+02
9.104654413295907034e+02
9.107884303101875503e+02
9.101075255962198298e+02
9.101695615880435071e+02
9.110346996403496860e+02
9.104313644496521647e+02
9.109338597991823008e+02
9.111951812517494318e+02
9.112011031221018129e+02
9.108484197405424538e+02
9.110925693981986342e+02
9.106032385093442372e+02
9.106063690879243495e+02
9.094425823612675686e+02
9.104128270187894714e+02
9.105633882446938969e+02
9.106883013571268748e+02
9.099581757848789039e+02
9.112049428504474236e+02
9.110857275313451282e+02
9.103387378825103724e+02
9.111910650392974276e+02
9.108851307274477449e+02
9.106289163807011846e+02
9.107328308354865385e+02
9.094578679982471385e+02
9.097405405553490709e+02
9.104841783962427826e+02
9.109632206051646790e+02
9.109805519131139135e+02
9.107508672229371314e+02
9.108925356757235932e+02
9.109786990250161125e+02
9.087439747156263365e+02
9.105820681538392591e+02
9.107353239899466644e+02
9.094578679982471385e+02
9.102985734676537959e+02
9.112231174851756350e+02
9.101567706025036841e+02
9.107837281217889540e+02
9.111714517952809729e+02
9.109343704869150997e+02
9.099709889257853774e+02
9.102953417063995403e+02
9.107483647026856488e+02
9.092030323093124480e+02
9.103536407142394182e+02
9.109809007575688611e+02
9.100970799365459243e+02
9.104495462645005546e+02
9.111698895011149943e+02
9.112444793763046391e+02
9.112350376936374232e+02
9.103584976609020032e+02
9.110406583489923378e+02
9.107322403723744628e+02
9.105694080423102150e+02
9.104028899335514780e+02
9.109025098590351490e+02
9.111083032883157102e+02
9.110986608714569002e+02
9.099587113331451746e+02
9.094811459861005005e+02
9.109867700337274528e+02
9.104509226735633547e+02
9.110083445944428604e+02
9.109571818016930820e+02
9.104601941695862024e+02
9.097269425330623562e+02
9.108143929668389092e+02
9.110853195347157225e+02
9.110191372506009202e+02
9.111685421398583458e+02
9.109561705619466920e+02
9.103559150652613425e+02
9.107326585818775584e+02
9.103197863120497004e+02
9.105598571015002562e+02
9.092773587169051552e+02
9.104012226991681018e+02
9.111549122619637728e+02
9.109987837799690169e+02
9.094737132718214525e+02
9.112428493219633765e+02
9.101127322235752217e+02
9.096785189163327914e+02
9.111375345340725289e+02
9.112531704034443010e+02
9.100995757678081191e+02
9.097342899803352338e+02
9.112087162245175023e+02
9.103997123272022236e+02
9.109461121859345667e+02
9.108836320042865964e+02
9.100254373233193519e+02
9.108379759229665069e+02
9.109238875252117396e+02
9.111392745565420910e+02
9.110378504731122575e+02
9.109102160211843966e+02
9.103872839490690012e+02
9.111157263107884319e+02
9.111403037149285637e+02
9.103305687442217504e+02
9.103758960042566741e+02
9.102694334853611053e+02
9.101787201050533440e+02
9.110433515783945495e+02
9.104390053811250709e+02
9.112480955951355099e+02
9.109464290573534981e+02
9.111303589214539898e+02
9.110668104558737923e+02
9.099943354243557678e+02
9.107082927768476566e+02
9.111848120285346795e+02
9.109942931515424789e+02
9.106596167104737560e+02
9.108612300170645995e+02
9.108644263269532075e+02
9.094558815803920879e+02
9.104704404438086840e+02
9.112546020911952382e+02
9.108901404718443473e+02
9.107370289707862412e+02
9.108076901924951017e+02
9.107001624209115107e+02
9.111283970234075014e+02
9.099925733392387883e+02
9.107362374614597229e+02
9.100311722712185656e+02
9.109833971820432907e+02
9.111611771295359858e+02
9.097117740893584141e+02
9.110204130485823271e+02
9.106217421837829988e+02
9.098559512149793136e+02
9.111405560009683313e+02
9.102701798598002370e+02
9.103803733242009457e+02
9.102077783607023775e+02
9.109875878194191046e+02
9.100611532590520483e+02
9.105872182678764375e+02
9.107350707191308175e+02
9.106092158673541235e+02
9.112077829293475588e+02
9.111027073002369434e+02
9.111894746880689127e+02
9.096979357187665300e+02
9.107732319828849086e+02
9.109983011518106650e+02
9.111807905407920316e+02
9.098966947212791183e+02
9.108940061292848895e+02
9.099338358579423129e+02
9.100959363062304419e+02
9.098471798573564229e+02
9.109328218168722060e+02
9.108094452492357505e+02
9.096004630607087620e+02
9.110356460410479258e+02
9.106207190388845447e+02
9.099726380868426077e+02
