2.726441120587009149e-04
8.074562118892184264e-04
1.264618904926225005e-03
6.220797934740465501e-04
6.454813034291669331e-04
6.155948917479198796e-04
1.277213271191379815e-03
2.223189768378206149e-04
4.915804364500200386e-04
4.038063152521996491e-03
6.859360968323466659e-04
2.325796643744370131e-04
6.447162784620493565e-04
4.888608220219727669e-04
1.271503026019837976e-03
6.134439856504785276e-04
5.722128438416204969e-04
3.783868165175981418e-04
1.102781081504069062e-03
5.310594256771467014e-04
7.683051031775027257e-04
3.878964057243281991e-04
4.218458644846295627e-04
3.683027163459341074e-04
5.297319889972244757e-04
8.204987791768497945e-04
4.054200876966588749e-03
4.591006190003821936e-04
1.489088199074061446e-03
9.677606857302728212e-04
1.670737184319990524e-03
3.171569972233255876e-04
7.384416598225141716e-04
3.519958925610813805e-04
5.569826141004460872e-04
3.601556891667592199e-04
1.309449391892469070e-03
5.242449614508300736e-04
2.783766311933760416e-04
8.747096584482282229e-04
5.212680778015418718e-04
3.123875956728681437e-04
2.920114301095160978e-04
2.847815252973452910e-04
4.060368091275677626e-04
2.982161902904005351e-04
7.420066316823819902e-04
5.408559018797153570e-04
8.085211279060327497e-04
4.361638760740066249e-04
8.020358872647997050e-04
1.326259466125546353e-03
4.424641824959355159e-03
2.757316910769328552e-03
3.462490931535366673e-04
1.393098947603148676e-03
9.333133175772364946e-04
4.371443421597387348e-04
1.659377322146841829e-03
5.281570534820801115e-04
2.088743086777413924e-03
5.429380337355242192e-04
2.339016750135679452e-03
4.561722942256283132e-04
1.809871911309092159e-04
5.257791155523329832e-04
2.022657129575968979e-02
3.460828806868678853e-04
7.795138017486285490e-04
7.037055963885584372e-04
3.960504686169788848e-04
9.197296807300766805e-04
1.232956145857129438e-03
2.907416050307303911e-04
4.940272566518897008e-04
6.592125087535377279e-04
3.931992779482161473e-04
7.805601249443531705e-04
4.502920214979729756e-04
1.066133035112297976e-03
1.059495026819267651e-03
4.158318663263447243e-04
2.188355707848073459e-04
5.520343877008378718e-04
4.756574024120655193e-04
6.264718073676167447e-04
7.573709377316898729e-04
4.214323525012511292e-04
1.160966984295241488e-03
4.139539649141422929e-04
4.274347229187746753e-04
5.488678078368362453e-04
4.294481215569900855e-04
9.407124081909237854e-04
3.066232400508287241e-04
4.528683488012558676e-03
1.342401934498167011e-03
8.967205457970016088e-04
5.759601490168429544e-04
1.226503938468023660e-03
6.019421838632242920e-04
7.606920021554599339e-04
1.296889440735826812e-03
6.833960646095235290e-04
1.095774930407659867e-03
1.197162288528375333e-03
1.152052861465887755e-03
8.052300059114394018e-04
4.412636518449888543e-04
4.827556609194292876e-04
3.294103775256372493e-04
4.649074792714212958e-04
8.156387971969168097e-04
3.748323962706774778e-04
4.187975307726850760e-04
4.240750195799327760e-04
6.806322574326324195e-04
5.322365964561720552e-04
5.792296066373488683e-04
5.712781540801214249e-04
2.933029080463041153e-04
6.274323224373167885e-04
1.525610352025174145e-03
4.842991535354087174e-04
8.623725583958945489e-04
3.527862296411142366e-04
2.004707083772881964e-03
7.624902037123495058e-04
4.018092416852221704e-04
1.418453664043120913e-03
4.561248017896007219e-04
1.166691659626204001e-03
3.759594453009648131e-04
9.797195038508930715e-04
1.574722635641611799e-03
2.315325665408710792e-03
9.494908258457715336e-04
2.496442417532595387e-04
1.667921700009650449e-03
5.568695645504548710e-04
5.707051821381897488e-04
7.835060925499122897e-04
3.368524929601878133e-04
8.992929988631779290e-04
3.655777137681469227e-04
8.360119337925352688e-04
4.457385723200615619e-04
7.957723720827315252e-04
2.432962698277337747e-03
2.075600808488585469e-03
1.293659174948750537e-03
5.940278793444496962e-04
3.978824391498040963e-04
1.976807383719765890e-04
4.783368260013283121e-03
8.841694640208601179e-04
4.743713511027659088e-04
4.429721872321935893e-04
4.878279402186252089e-04
8.575560283298411723e-04
1.223487510404379017e-03
2.810099060671681585e-04
8.434451694115845458e-04
9.948563241506892720e-04
3.420701046088946086e-04
2.252185423154932399e-03
8.328382147329801196e-04
4.952368726869065983e-04
4.378507352636201071e-04
3.251035962210306433e-04
9.748886925239789525e-04
1.437789580457408348e-03
1.193460069798681512e-03
8.941296412399965575e-04
1.231951578236278313e-03
6.364770901585656022e-04
5.697840609279013332e-04
7.644007828560736269e-04
8.760728759286141301e-04
6.649320499562875022e-04
7.576990544357177851e-04
8.212101060855199865e-04
4.546508867264009842e-04
1.294377965279306123e-03
3.160480977679943747e-03
5.282045133430872223e-04
7.449471361711040504e-04
1.339099871551681364e-03
7.069564360376354812e-04
2.483395755639798783e-03
1.411336743459764686e-03
2.375884598754339060e-04
6.775792416231544123e-04
8.848826126963436683e-04
1.332408287922642095e-03
3.243047865274602715e-04
6.087496862226247397e-04
9.150257497953987037e-04
7.339867578296299438e-04
5.979346049497170001e-04
6.870565628579053744e-04
1.203632542987845061e-03
5.229422433617726641e-04
1.115410547501166205e-03
6.837128446928965233e-04
5.355383966246876366e-04
5.442552997460098048e-04
9.665343841411246301e-04
3.067077244915977123e-04
5.053322746368940025e-04
6.107738687459232912e-04
1.156181599744061320e-03
1.639672761121038162e-03
7.247525319938767424e-04
1.106437590307283786e-03
1.873846836325385222e-03
6.144475149523732308e-04
6.409202589213199410e-04
6.395378957025511096e-04
3.788067640995368759e-04
2.660654541388030145e-04
5.461301598230604163e-04
7.305916524186690554e-04
1.083141203569833004e-03
6.663876463430281998e-04
8.071547889147507237e-04
1.097906863984010259e-03
7.758982029497172705e-04
6.882124052639998794e-04
6.394737561200806043e-04
2.693080367911953980e-03
4.136086945631679270e-04
1.333562788513299084e-03
9.118310336171139667e-04
2.314854199422965858e-03
4.768225208111030755e-04
3.526029379643619787e-04
6.697386696366584239e-04
6.991346658550382257e-04
8.742688918152043522e-04
4.993579847505509291e-04
2.617710006170095882e-04
8.802737126809648000e-04
1.212355499426038532e-03
5.917363281458498355e-04
3.637411004940852206e-04
1.876440782478203378e-03
7.399811196040525889e-04
3.463299395657061996e-04
7.339867578296299438e-04
1.082377939808719380e-03
6.472502531511653253e-04
4.597834128377496212e-04
8.829088696367576360e-04
1.029759720551656202e-03
1.550975651457629821e-03
8.586201405289315249e-04
1.912806099675552936e-03
6.976095127988825350e-04
1.289946479379357538e-03
5.190912847690959528e-04
9.013846443069038110e-04
4.431900608123041842e-04
3.668225143232488046e-04
4.982548897887441536e-04
7.206326400827604709e-04
5.375665138089177853e-04
4.669449693328937986e-04
3.976560678635940598e-04
3.188392015709743364e-04
3.076677409913287009e-04
8.698096532111643372e-04
5.075070534809161251e-04
7.598757810322056237e-04
5.205988880397690449e-04
4.673255737363342008e-04
1.129634744700292555e-03
9.779161374651120647e-03
3.096861895018514828e-03
4.589858048844313188e-04
1.176798340615917799e-03
6.918280438651956731e-04
7.545748334057974334e-04
1.608576438568479726e-03
6.063998819518888863e-04
4.586176224857893449e-04
8.880975324880585478e-04
1.995580066873733818e-03
1.092740903847080327e-03
6.663283398264154824e-04
5.552740104975616110e-04
7.166409500937626119e-04
7.868123209967729055e-04
1.237519497868343199e-03
2.552976197072217689e-04
2.015773540489851010e-03
5.458055263475332765e-04
2.212947958087989418e-03
3.227743377360553327e-04
2.614530051762911232e-04
2.966643430880651616e-03
5.677682614488580764e-04
4.475902817013693055e-04
3.296498292569733117e-04
1.163341613916437246e-03
5.173154464828049002e-04
6.608098933734275846e-04
8.151834325764321714e-04
1.244491014688985835e-03
2.101709518240858429e-03
9.588931879386709692e-04
4.598159397532134807e-04
6.318685621531493907e-04
3.161035181860200592e-04
3.368662515651274091e-04
3.588171921815522919e-04
6.583602793894308396e-04
8.777271598143999076e-04
3.806829021078424451e-04
8.116356088497849374e-04
3.251105454107110432e-04
2.164997775769867197e-02
2.093355018531396338e-03
1.556374025809065947e-03
5.838327390892903042e-03
5.157418533963894786e-04
1.169353672974325501e-03
4.967996692779224959e-04
4.429568784449372802e-04
2.513023752078317780e-04
3.949528208161516020e-04
3.155829673982730489e-04
6.501036802667071882e-04
5.708340458778425304e-04
1.599744914747942056e-03
8.628516023572379645e-04
6.264718073676167447e-04
1.210382706598241587e-03
3.877721488178657318e-04
5.285952465960131168e-04
1.142002587823119208e-03
8.521063485772697402e-04
7.671579135287104421e-04
4.761324214369774257e-04
6.548712253412322312e-04
7.867001523160729350e-04
8.602913523511645285e-04
5.236902426020939539e-04
3.567764214208431553e-04
3.627573112549816511e-04
6.723840733507707073e-04
5.172682200934005173e-04
5.549999596640999532e-04
5.198266504710537901e-04
2.478832552654449371e-03
3.963804520284749228e-04
3.903279658603133785e-04
5.079760855627578776e-04
4.091982994465405291e-04
1.047602312963709544e-03
1.370866556006565540e-03
3.817372616887460251e-04
9.504140223386796371e-04
1.267141588493501383e-03
5.320817038253768897e-04
5.745553284888229792e-04
5.840805725796831618e-04
2.365163326635465679e-04
9.475153634256332398e-04
5.111593188302639102e-04
6.869168258104410606e-04
6.553494916076295536e-04
7.407663693388666891e-04
4.633227984415747014e-03
3.455869656964992149e-04
4.416104951758328414e-04
2.162737905450871478e-03
8.231629903931007592e-04
1.789414615044062143e-03
6.766848426702769693e-04
8.848826126963436683e-04
4.598186243249726009e-04
1.260706354385869934e-03
4.185623527312486505e-04
5.800667451413216505e-04
5.093026537302529789e-04
2.168504619988113283e-03
2.227332152098586600e-03
6.096699907725569535e-04
5.253294672054191526e-04
8.591406201419313953e-04
1.264845872741862621e-03
1.149307284445989352e-03
6.502783850166022695e-04
6.208805378157708455e-04
4.316853951708799170e-04
1.274803890450218252e-03
1.533299050895645457e-03
1.476473178978445410e-03
3.362565490954371426e-04
6.881717032132030629e-04
3.141991020949986332e-03
1.746436705078276662e-03
6.469821627610051334e-04
4.475902817013693055e-04
1.270153975559827142e-03
5.748644117224426149e-04
5.851620993081994328e-04
3.425163366216397542e-04
5.669897873396211822e-04
2.449937724957388621e-04
5.624176033629948264e-04
3.725317342359049872e-04
8.876882630633058146e-04
7.324706722600515937e-04
7.518699090253682781e-04
1.473838681196272885e-03
1.145711452722684640e-03
3.917685260087444489e-04
5.801780065989251695e-04
4.889626565627305192e-04
1.062999663425569707e-03
3.765030147212278548e-04
1.488272498640668805e-03
3.906193376324344703e-04
5.560046606673078873e-04
8.964658853142548926e-04
4.944083048245135042e-04
7.248904133306770378e-04
6.372041776123349346e-04
4.782784076743838925e-04
5.998125975249638843e-04
5.777054923816151615e-04
4.538061613400025678e-04
3.717685274439365851e-03
8.918161607519134362e-04
7.362635619270400771e-04
9.777754625700750806e-04
3.690894652885317326e-04
3.501767467270719761e-03
1.368560859191190419e-03
6.661935800050606182e-04
5.331566722225527036e-04
2.239919691620333424e-03
5.214542900518521909e-04
5.541367871518389308e-04
2.530351387377984093e-04
4.219564994992111573e-03
1.238576441353907761e-03
6.358761958222907372e-04
2.459680461776044382e-04
6.942369363764162773e-04
5.339054179601587704e-04
3.747875337629029782e-04
3.835758369859148609e-04
1.916801496413364720e-03
7.180796043422791762e-04
4.968444655530209137e-04
3.172821516297960154e-04
1.996242607846840204e-03
3.412482038362931098e-04
9.910343920376148402e-04
4.820160791362413516e-03
4.994846886678685170e-04
1.342749579697005528e-03
8.776635377633915320e-04
2.201394376409837020e-04
3.985064023131855773e-03
2.569992316994075955e-04
2.197536184227293348e-04
5.366969256949309999e-04
1.285485507968861041e-03
2.579171206331193561e-04
5.526737638025147788e-04
4.175334379104489284e-03
4.684883113595270055e-04
4.185339154240252241e-04
1.316243135701437210e-03
1.189387072018575214e-03
1.247247128943546101e-03
4.993579847505509291e-04
1.132591109042458940e-03
8.698096532111643372e-04
4.297864886388266478e-04
6.351373026058783171e-04
1.398187234438687384e-03
4.002455250644393293e-04
2.080727746555759584e-03
6.331122158148226294e-04
3.430335848542683886e-04
4.389507476604606866e-04
9.542880964715392753e-04
3.887910285410769301e-04
3.450981416939703133e-04
1.054572301252969333e-03
6.169870256128362268e-04
4.835338142492742546e-04
8.385691209126130930e-04
8.296406872419702328e-04
1.228110390812493834e-03
1.029849838114385834e-03
1.635518872568110949e-03
1.268165918255122248e-03
8.494432097192459487e-04
7.671579135287104421e-04
4.563748456533265577e-04
3.904519245391260222e-04
4.920092650525109300e-04
2.986007297102404685e-04
3.779909701866621596e-04
5.292768009077173904e-04
4.178188856536701697e-04
6.608503883858161737e-04
2.939346603004661953e-04
4.204043051550560993e-04
4.535496425349294820e-04
6.420105217867802744e-04
6.847881362395868629e-04
5.274050610897605251e-04
4.797706212492080786e-04
1.047785786526614750e-03
6.113871320593717044e-04
3.668500513379969498e-04
1.489088199074061446e-03
1.717894877661796296e-03
4.460552351512913401e-04
4.052098515396854064e-04
3.338552207624937156e-04
1.404482247325176264e-03
7.187401692947151212e-04
2.596197989382536034e-04
2.459680461776044382e-04
2.697851997603693038e-03
2.252185423154932399e-03
5.497229641129784640e-04
8.704193398993285069e-04
1.165518814177379315e-03
8.575560283298411723e-04
3.668469766378030204e-03
7.082054397966959687e-04
3.034244509997817917e-04
1.437789580457408348e-03
2.634775385606360544e-04
8.614870561344262906e-04
9.032324775338878816e-04
3.623458302742716178e-04
5.095962948969885199e-04
3.231029580446074297e-04
1.431372969460519657e-03
7.186003964516597068e-04
4.980093364206092475e-04
7.496635640228977446e-04
1.205198989227652473e-03
2.673836186896187076e-03
5.511457401021247230e-04
9.066745131484646924e-04
1.769387083829758759e-03
2.190627001062750261e-03
3.896894644982688166e-04
3.113730334922191860e-03
4.610151311051881242e-04
5.075251974467919792e-04
3.292640805367654726e-04
1.123820342584563349e-03
8.299325966407900728e-04
3.284675136537442515e-04
6.586754694557755280e-04
1.472834921939039773e-03
5.425497611506094721e-04
8.778026606924741555e-04
5.767025835278436754e-04
3.439147924961420211e-04
5.342331059825033241e-04
4.988815199664062587e-04
4.689871291687731990e-04
7.588560638641095573e-04
3.111401311472592260e-03
6.704275498449343640e-04
4.830192983347871092e-04
1.912050252122061663e-04
5.628594008045959734e-04
3.832367547689070897e-03
3.589045671743784855e-04
4.477159067094700975e-04
3.609967128701979146e-04
3.787726048365826583e-04
4.891292320845615693e-04
6.833960646095235290e-04
8.710931772328439366e-04
4.708864257322136469e-04
1.214899479082037033e-03
2.114802786458523133e-03
6.244300024382846374e-04
7.352991605289501808e-04
1.381336516965189776e-03
8.866456751235784941e-04
8.151643117032219936e-04
1.858715999635154317e-03
9.832890848091668887e-04
3.865418993271938354e-04
3.774376284292266237e-04
4.173193827118104431e-03
1.004863391113954745e-03
8.918161607519134362e-04
5.712101294715547350e-04
7.164379821466909052e-04
6.157634561762892001e-04
6.975186011818664943e-04
4.947006025327249298e-04
8.877513967002775451e-04
5.817891789503632990e-04
1.473487726795100986e-03
5.231776060454891792e-04
8.882915262347152374e-04
5.852290978191925690e-04
2.186184041375713056e-03
5.589991143100677242e-04
1.594842972944111740e-03
4.944046023451687975e-04
1.342401934498167011e-03
8.564990809712282440e-04
6.785913674650855768e-04
6.331495989686290954e-04
1.851330752576825934e-03
1.210174926284437883e-03
4.186830430487070579e-04
5.712101294715547350e-04
2.064043571164314627e-04
8.467707320707304778e-04
2.898320392543147529e-03
4.187708434051108913e-04
5.769686279258099499e-04
7.656322633555254610e-04
3.314581257514135379e-04
1.122746074260701308e-03
4.139717714014924449e-04
1.323851564261080156e-03
7.358700843713444515e-04
7.497328676391301627e-04
3.915241213037392166e-04
3.244520736239642146e-04
4.715365443846459594e-03
1.635518872568110949e-03
6.318685621531493907e-04
5.906097469212032419e-04
5.196277057249893425e-04
4.290883943716612995e-04
7.745560091161533909e-04
1.079764392013515166e-03
6.998125751767543838e-04
1.452032590338928585e-03
5.844419953283521785e-04
7.081161653212629265e-04
7.675717102883901572e-04
4.699319684027712489e-03
3.497253257049785075e-04
5.751977163735072290e-04
3.160480977679943747e-03
2.238950431671695752e-03
8.125609221044076272e-04
1.656904372079533519e-02
2.191926052560081253e-04
7.666975135531839142e-04
4.463891839429002433e-04
7.416448070340090270e-04
8.146349205689695306e-04
1.020735073661596182e-03
2.305607661840268670e-03
5.258693477651790564e-04
1.050727943612687117e-03
3.401306548948979363e-03
3.765300639986988930e-04
8.337796023745287170e-04
5.800662766419493240e-04
1.036291796086889500e-03
8.560299459832465020e-04
2.837631969840463436e-04
3.020004412833085603e-03
5.935833713808970217e-04
7.369371391178979828e-04
3.289399337363003452e-04
3.978824391498040963e-04
4.618943112927560777e-04
7.157280352705330242e-04
3.111087968681803726e-04
9.914615230542627843e-04
4.953011367306819727e-04
3.877482881832832688e-04
2.063810930978521828e-03
7.513675859922659597e-04
5.658504144232648142e-04
1.032623896188759362e-03
1.588993317906816456e-03
7.750003140984928476e-04
6.581787402035333811e-04
8.447352557087277336e-04
6.965327311691057620e-04
2.662142444460001076e-03
7.654974210741831908e-04
3.904920223212390829e-04
2.070306810403994141e-02
5.381902842552995512e-04
3.704735447101302611e-04
4.574171963410545816e-04
7.534512692456785642e-03
7.573709377316898729e-04
4.870409065887846742e-04
5.408559018797153570e-04
1.025587918764941193e-03
3.405655839682779525e-04
3.048217664514727733e-03
1.886568540208325047e-03
6.001664876026930988e-04
1.271503026019837976e-03
7.702159394733475162e-04
1.241433432223471977e-03
7.007573696774928133e-04
7.207658084985086493e-04
1.678680982907379939e-03
5.033982520350508772e-04
1.274544247477394981e-03
1.437789580457408348e-03
1.740224353944520462e-03
5.235334059671698913e-04
8.458084235087687209e-04
3.973584349403719122e-04
8.127801153873684230e-04
4.794981161154173799e-04
5.854736144747733472e-04
1.718068182801411490e-03
3.722433240567703705e-04
3.465938595936897599e-04
3.041846153266588616e-04
4.401856129608571486e-04
1.670066390824293716e-03
4.561966099595629143e-04
1.113519566658661281e-03
3.482358047327531610e-04
3.761733961860877257e-04
1.603704904186618223e-03
6.268478631482261084e-04
4.672871757179354688e-04
4.573663031362241961e-04
4.635282334936999043e-04
2.315325665408710792e-03
6.840982369685576865e-04
4.512885748833336927e-04
2.755852607572246895e-04
1.389110771119880013e-03
5.502829875330003890e-04
7.056235240600850986e-04
2.561293896474736535e-03
3.136472664673180602e-04
1.370866556006565540e-03
4.396987542043978591e-04
1.242996656733215671e-03
4.201415652435712563e-04
7.540606989498875243e-04
6.333700394020272406e-03
1.476473178978445410e-03
1.260246563962330634e-03
5.285992826090694322e-04
1.109685986159918711e-03
1.042340066733998425e-03
1.310444450721398374e-03
4.522678339559697228e-04
5.552138996177754951e-04
1.631794391121102732e-03
8.304747198714363234e-04
1.851144879903645919e-03
3.695439392393800736e-04
6.521114069834420962e-04
7.365596889062236453e-04
9.794146454419848640e-04
3.336512044224296887e-04
8.447196256997194274e-04
2.777514929140973061e-04
1.821576997234538968e-03
3.367063553188046369e-04
8.165542806079938067e-04
4.299664151803756439e-04
3.888667619650838835e-04
7.466090916657310700e-04
4.313085990430301714e-04
7.541660283196221625e-04
2.941635211053675791e-04
1.915606382438652831e-03
1.944131009997071731e-03
3.865826380413925670e-04
2.478832552654449371e-03
1.441921440716334608e-03
3.597390916073842006e-04
4.352349000494951667e-04
8.733901130613522029e-04
4.576749635981768190e-04
7.426293006257388965e-04
2.329390374748222664e-03
3.436868679140628324e-04
8.308963896511230209e-04
4.257488437657690498e-04
5.971062967371076760e-04
9.315933327017593543e-04
2.314854199422965858e-03
1.568275453610494270e-03
1.061133621853709713e-03
6.535522218016667209e-04
4.777854397604754783e-04
2.647002223596811067e-04
1.193960878545171711e-03
7.084639154984932003e-04
3.048217664514727733e-03
5.325970295457038792e-04
7.947333309597776453e-04
7.081161653212629265e-04
4.475750275729257913e-04
4.993182963642914035e-04
1.576204819550361706e-03
3.022980042698005920e-03
5.501002399970882648e-04
3.367063553188046369e-04
7.742887938247664838e-04
1.641078448837965300e-03
1.518011969827814727e-03
6.070142453944808985e-04
4.914379666593782529e-04
5.267541444280410788e-04
5.549999596640999532e-04
7.164281505720932787e-04
5.482726182470151451e-04
3.719228144990947512e-04
7.886372910967170621e-04
1.525610352025174145e-03
1.546859267525807534e-03
1.070118513619875041e-03
4.453277254774172631e-04
2.605016271935339843e-04
1.441774632126606535e-03
2.662142444460001076e-03
5.315110432537774321e-04
7.389361125483295302e-04
3.524029397026183768e-04
1.520694989715618657e-03
8.113506494810607999e-04
5.898935427158644076e-04
8.585507262270916174e-04
1.231120195799577334e-03
4.042681524513939018e-04
5.119134653730910995e-04
1.243739472801918709e-03
3.339622764185746465e-04
1.102247741963912611e-03
3.785343581767535879e-04
3.033446624057426584e-04
3.084296941530783177e-04
3.909679505430359780e-04
4.762354438336626763e-04
7.420066316823819902e-04
3.545455356345776003e-04
1.200878820575608822e-03
1.934125351690124802e-03
4.798644351684372401e-04
7.095279770978657778e-04
1.389144063533557898e-03
1.396917010577183567e-03
5.898935427158644076e-04
1.596761092500209242e-03
4.559565479802475869e-04
1.102418194943538500e-03
1.136347683601476215e-03
5.021324645112815134e-04
5.962888683971026473e-04
9.810648791174832618e-04
9.462386127693699295e-04
4.926164874913969418e-04
5.269136857717728658e-04
6.540198571123607280e-04
2.348761108659130296e-03
6.207699724725555725e-04
6.364778092614170862e-04
1.815017600004971204e-03
5.673956752915072267e-04
5.558284367446262144e-04
2.913851736350604477e-04
5.545163028189196942e-04
7.533527313976492524e-04
4.469402458776176369e-04
1.120160878377621759e-03
5.354929744165884756e-04
7.588860108172583961e-04
1.230367758693105091e-03
3.641223630240282994e-04
2.123723943349953812e-04
5.101893731074635214e-04
3.163393752591689076e-04
2.987182182781907241e-04
1.934125351690124802e-03
9.980599867833934210e-04
7.867001523160729350e-04
1.180126414030359351e-03
4.929102737365659076e-04
9.554273723611959260e-04
5.380035694368813341e-04
6.552869677734875827e-04
3.251035962210306433e-04
7.769283065399733897e-04
6.582146778328016711e-04
3.710957161669937608e-04
3.998988164176468514e-04
7.559855545948013233e-04
2.455620535896959125e-03
4.890362513704542757e-04
8.325043084983090079e-04
3.842832661004437836e-04
5.015251962862046905e-04
9.165249539382233851e-04
6.136416518707797424e-04
4.987792981155503421e-04
5.022845204349965075e-04
1.118639279120682561e-03
3.248533814587272915e-04
4.634927180221916441e-04
1.864400657134351923e-03
1.921596625141148290e-03
3.357876660237916078e-04
5.375900959411100992e-04
4.811956717412509111e-04
2.996844054872234821e-04
3.490469680993623855e-04
6.356780164356299646e-04
1.022392988319601294e-03
5.996175791830929674e-04
1.288108338771591990e-03
1.113355273439771377e-03
3.462070344488849590e-03
2.932862009387349135e-04
7.124055605609816866e-04
4.489710048418602516e-04
1.024071633176916376e-03
8.109191429835938296e-04
4.604272758712733230e-04
2.258046781659826373e-03
2.640724490894958039e-03
4.504191199039292589e-04
7.763066773567836630e-04
1.332987140752193642e-03
8.478068681029639645e-04
1.040958495962344792e-03
1.012664598277918885e-03
4.910251859394230067e-04
8.174149479057980479e-04
6.029831248219688113e-04
9.656820337865369783e-04
1.031022192398502223e-03
6.810685341296592900e-04
1.916801496413364720e-03
6.612359423854871718e-04
3.457879102659649952e-04
1.024729338300935707e-03
6.955690301136589022e-04
7.466090916657310700e-04
4.578241431061373591e-04
7.921136135957784589e-04
2.577222872648152305e-04
1.838631093602102274e-03
1.952780165857604441e-03
6.663283398264154824e-04
8.450941216355687064e-04
5.626080036878197211e-04
7.234200093156619663e-04
4.053707572302399408e-04
3.371993530843352019e-04
4.722872415495798170e-04
8.071547889147507237e-04
4.257228466082974244e-04
4.361214675322008143e-04
4.854203698741142714e-04
8.704193398993285069e-04
5.316241690809491837e-04
4.271469191910114930e-04
1.736677617195694348e-04
8.805015564560611388e-04
2.330714119513803753e-04
1.312758751878820296e-03
1.285485507968861041e-03
1.815461847047983388e-03
3.326110424190691431e-04
8.627147901134815796e-04
4.559307993809116779e-04
9.380622688217217509e-04
1.304927643922329517e-03
8.672375866855415970e-04
9.418242512988263260e-04
7.048944880000371531e-04
5.788430130389678012e-04
5.460870566412321823e-04
4.854284548637365082e-04
3.342519825033428253e-03
8.842061794947474185e-04
4.299949747809466653e-04
5.864059139646389095e-04
