6.736290766426309600e-04
2.092875572326679656e-03
3.609333386645722109e-04
1.605648685827997576e-03
7.720256015185526007e-04
3.098122264543322498e-04
3.727851336510447562e-04
1.267510797413135644e-03
4.467644862367298555e-04
6.964294838602176629e-04
8.401629726368431200e-04
1.663488628582807192e-03
5.345702977023848246e-04
3.491167978563689271e-04
1.053224296535814307e-03
3.214595027853868296e-03
2.161205801151788383e-03
1.229620633869738877e-03
5.129325096258497817e-04
1.085287238807453513e-03
4.708239834814726267e-04
1.256173286603954296e-03
3.757191927312602577e-04
5.365524912826954420e-04
3.783550948254435910e-04
7.670333139959599564e-04
6.816211200434800239e-04
4.138594855041682094e-04
1.526824982925228166e-03
5.347014985304456057e-04
6.126100611970920762e-04
8.813682508279809934e-04
5.329402975772213041e-04
9.658979801624959383e-04
6.371163110211549739e-04
5.867372949807868028e-04
8.907228700162430094e-04
6.202080050275182461e-04
6.359495218873165850e-04
1.152869790257365565e-03
2.899186486573323944e-04
1.644397593496590764e-03
7.752511087958161278e-04
1.458644201025055803e-03
5.597655684057669442e-04
2.119718102422348417e-03
8.129465544891056102e-04
1.360680980622940885e-03
1.013895672607202257e-03
1.119064584446234634e-02
5.376461861152906276e-04
6.960759443906831606e-04
6.808869914921399221e-04
4.637764884272234161e-04
6.162789896811211778e-04
4.787019440784976657e-04
3.841478646167316110e-04
5.536145269735085741e-04
1.669082185011628097e-03
3.979114515276517268e-04
1.409590586780158812e-02
1.394594583878859409e-03
8.136702394793242366e-04
1.020644992705052080e-03
2.289974993605834504e-03
5.692796676020614238e-04
4.993580483207651259e-04
5.046222043606469294e-04
2.548728914456923917e-04
2.496797843672972882e-04
2.189674604516249682e-04
6.437529958045707865e-04
5.027169373165845398e-04
6.351267483553014103e-04
5.528823118429759039e-04
4.389655448542089007e-03
4.426060520715872329e-04
4.402144866757622143e-04
4.796972636786059796e-04
5.272597955600866410e-04
3.149115132807939741e-04
1.105751934808935424e-03
5.733125472508176623e-04
7.507967736829657558e-04
9.339055034743375897e-04
6.323993073309552414e-04
3.717335239943944376e-04
6.514914130867783528e-04
5.227326051769345342e-04
8.749175213854322366e-04
1.281934858426466610e-03
5.579374158517363957e-04
1.512120120505245800e-03
9.370713380570430120e-04
7.546203557794064869e-04
5.479010440188515499e-04
4.904701028823085871e-04
4.629435412684092190e-04
7.289203242519965440e-04
3.970064844985452738e-04
4.131922613893463628e-04
9.560444428464914346e-04
2.708950495886238981e-04
3.999049913658418742e-04
2.565656676054682648e-03
2.083493200109750015e-03
4.125372320907670534e-04
3.979114515276517268e-04
1.198853424802798565e-03
9.006550283830467695e-04
9.612996297596804792e-04
4.459651406591516880e-04
9.342423423234337641e-04
5.457597078857124402e-04
4.762030508358274850e-04
6.678238131301589145e-04
4.921073589009481147e-04
7.137025723063988641e-04
3.330803172601586580e-04
9.683935838230096948e-04
6.646973478324930693e-04
6.898264261724873199e-04
8.944010532405858400e-04
8.213522114028360115e-04
6.039536618407721378e-04
4.253771134538357934e-04
2.515392095351767689e-03
9.882653223992783880e-04
5.937938241086459200e-04
4.766979081512877792e-04
5.259924962778529884e-04
1.005156034395415223e-03
7.438999583830082762e-04
7.681639001403576346e-04
2.513491622552477961e-03
6.905711398554853324e-04
5.491470785756882118e-04
1.345763892941979076e-03
1.484491556724455274e-03
7.799706166869659800e-04
1.123195284823408358e-03
4.114742842702728462e-04
3.045009002495727797e-04
1.487942015073897553e-03
8.900499129871645640e-04
5.261667990261135065e-04
2.058366088085386916e-03
7.952030694641031667e-04
9.926410679754269894e-04
1.718673428733492707e-03
7.553702613655073617e-04
3.404111265853670271e-03
3.154550461168789243e-03
8.401629726368431200e-04
7.952030694641031667e-04
1.558473474288443695e-03
1.049855561325434630e-03
6.969681571363467096e-03
9.519248444804911122e-04
8.947189959613755135e-04
3.846904253723242560e-04
5.187725828472585475e-04
7.326144997114589826e-04
6.419285720991741839e-04
1.257579064485999211e-03
6.401745368768611919e-04
6.364068226403909794e-04
4.875875720490930915e-04
1.212658813207533786e-03
8.485117832836013181e-04
3.971972566761787504e-03
2.619613469195597650e-04
1.112596451128193813e-03
1.412193431204200123e-03
1.080342766473612204e-03
2.148156584453776035e-04
2.153467921147596623e-03
1.301036471539562811e-03
9.006550283830467695e-04
3.386226470258514739e-04
2.204081182214615020e-03
7.242132507138407740e-04
6.891304790502753973e-04
8.805437273683417885e-04
4.418177409577368460e-04
2.565656676054682648e-03
5.732993891615417378e-04
1.058359702972767272e-03
9.521061634178016242e-04
4.373635233194923073e-04
8.937122929699291979e-04
5.107110026029867272e-03
9.135520878701012615e-04
7.504628593238136299e-04
9.128499882225760099e-04
2.890956369446014552e-04
6.325617963027109622e-04
5.067272747019548702e-04
6.476264106875145908e-04
2.359287195334481180e-04
5.659626110753368565e-04
3.198188906678213223e-03
3.232082465794991824e-03
2.336360991893243321e-03
5.938293629067385509e-04
6.308475194490197405e-04
5.932948469198476901e-04
4.943739680049460484e-04
4.843184620696246623e-04
4.466963842138381609e-04
1.410765225466324019e-03
6.187266656941742618e-04
6.653739200913356142e-04
1.006945978713625961e-03
3.999232594952583969e-04
2.406297254864790680e-03
8.475538233563718188e-04
2.343535530078715077e-04
6.904201032800399767e-04
9.589335042859322691e-04
3.722054945904240816e-04
9.304612025785631308e-04
1.189936864316732280e-03
6.303753672584199320e-04
7.000806116948077133e-04
4.010040781978035365e-04
3.930158045151240930e-04
1.001769233603922241e-03
3.740798279211459548e-04
6.504868425961237658e-04
8.139133096907064406e-04
7.595838063456311975e-04
4.281868395746989304e-04
1.151421134395844842e-03
4.208562759538812164e-04
3.637781232920219766e-04
5.699320799432717197e-04
5.316727888695660939e-04
5.659758554085684429e-04
3.459053070105072157e-04
2.468303079597978741e-04
1.507656388793217469e-03
6.304533316450533281e-04
2.981289844937905047e-03
8.658688834190643533e-04
2.630752704593291246e-04
5.866372522782520955e-04
5.779421629567286405e-04
9.130185393340424114e-04
9.708155788626410699e-04
2.615455034992946078e-03
1.449567954550765817e-03
6.294312021784454923e-04
5.209362321385373976e-04
9.800058751144381016e-04
9.620286293816327199e-04
8.816650458139210257e-04
9.321907692432548735e-04
3.620475244923741179e-04
5.237855562186960207e-04
2.003669435129027017e-03
1.050707688498243777e-03
6.747785977284986511e-04
4.446329697142624828e-04
1.527304772982478968e-03
1.212658813207533786e-03
2.713433493069896882e-03
1.501842038570872168e-03
5.071314169193288880e-04
4.432076653960542690e-04
6.170664010452163407e-04
6.117703695162275994e-04
9.459876282607460746e-04
7.817688764853252502e-04
1.314501861868684097e-03
4.631847658547986893e-04
4.787160241239741556e-04
4.982985539311299067e-04
1.763734218952146653e-03
4.401117093815161223e-04
1.510013567761957611e-03
1.237497944100754118e-03
1.320375507099799369e-03
6.747785977284986511e-04
3.570091071257117674e-04
2.289974993605834504e-03
7.822939933424968937e-04
2.037980431462496807e-03
3.851733300247999077e-04
1.629334073889565767e-03
7.091579214509299628e-04
5.878650768939550943e-04
3.938667400989432710e-04
4.970033223439183608e-04
9.520895520030096381e-04
3.569424256005451616e-04
4.608997215872869587e-04
4.796277774986832678e-04
1.311467413608552977e-03
2.664364960214575181e-04
1.095220888400581880e-03
2.627508614276769286e-04
1.484535796510381457e-03
1.033329065058443156e-03
3.321953589642350456e-03
1.719481543762404162e-03
4.089564145269365182e-04
6.440908757409352214e-04
6.775111824980773042e-04
3.260245125374330757e-04
3.532928467115793811e-04
6.522268363219147153e-04
2.213950407519277991e-03
2.156480142869540966e-03
7.344307955503342686e-04
5.470280334362410480e-04
7.548411522068415504e-04
6.948301170505821311e-04
3.344007086196533495e-04
4.097172955299576910e-03
7.572940997416923803e-04
5.932830310735310144e-04
6.554316587630638945e-04
3.030730614119765275e-04
8.338489534805546997e-04
3.307204087140952335e-04
5.714845901777877496e-04
1.416119483966152498e-03
9.295431634034001999e-04
7.045368643773230457e-04
6.153851623093468210e-04
8.745532531723742599e-04
5.968903804488194607e-04
1.015093316711226587e-03
6.224623265349201471e-04
1.944353608456408531e-03
5.464280539625348057e-04
2.968365885248956757e-03
6.471683607937675237e-04
1.754299978336133856e-03
7.280901501518531127e-04
2.565656676054682648e-03
1.014952143692711114e-03
3.886263883572621362e-04
4.542831164031556021e-04
1.118453518198044526e-03
1.750242877442191982e-03
1.166398714906702111e-03
2.510473056206476584e-03
4.469816556064201132e-04
9.898188690927699207e-04
1.112268594786390953e-03
7.358069470200092688e-04
8.098117418452701255e-04
2.373643162887643032e-04
5.170581251064357720e-04
6.570581504955234561e-04
7.404094460086076829e-04
1.013212145125330253e-03
6.189183901844176388e-04
6.287751629705881249e-04
1.437349416856635240e-03
7.349345806026426993e-04
4.281868395746989304e-04
2.188692727585102738e-03
6.568709052910964722e-04
6.720076052919075980e-04
7.264516558629141368e-04
6.813107612727750369e-04
3.485342330285927945e-04
9.108708199329910082e-04
6.420055778793646575e-04
6.682630699260726313e-04
1.156394048631894777e-03
4.568891073356368343e-04
2.278741313864120384e-04
2.821415833693490666e-02
5.741631350468335638e-04
3.793036541481767041e-04
4.283635480311735744e-04
2.312597165908412446e-03
3.773891338783657515e-04
3.927935080794128027e-04
5.128139920542709642e-04
4.456791137046020351e-04
9.368458813995851056e-04
6.938033282170025110e-04
9.254743737041571609e-04
4.634396483356151807e-04
8.886046294585178392e-04
3.566906733500223889e-04
5.275152774404720654e-04
2.390281277967788991e-04
2.970188114459704968e-04
6.494174164149388870e-04
4.124936686461837189e-04
6.857787122659668617e-04
3.822470104521426249e-04
2.215073678283747114e-04
1.158104428016865951e-03
1.005326359722959499e-03
3.570823951357533755e-04
4.264904575711555169e-04
1.093072094484788103e-03
5.958734615937059855e-04
8.979292634516644568e-04
8.431549023973654213e-04
5.353081914117218320e-04
5.618303294779935326e-04
4.685425788476704398e-04
1.201747741252775061e-03
1.056090535816569045e-03
8.126323587008657577e-04
1.469088911139369586e-03
7.675458460253302070e-04
7.654909895466431580e-04
9.060615715912025353e-04
6.563077864100417581e-04
4.199603586662831807e-04
1.765603035358852269e-03
8.914822854627024945e-04
4.158347702504707898e-04
7.486685861139396854e-04
3.551114260676805083e-04
3.690672440354901616e-04
8.566761731036905700e-04
9.582358203192680151e-04
5.049184490500249539e-04
1.313658493437326472e-03
6.179087709478261071e-04
3.447311993124596336e-04
3.800223643696968375e-04
4.510472200700185708e-04
6.830528930069738880e-04
1.077260554106260464e-03
8.355219736820675754e-04
3.642127980377125613e-04
3.992051187486120962e-04
1.158104428016865951e-03
4.452305897330272413e-04
9.644870501195719958e-04
1.711755417354442373e-04
1.051422010341117276e-03
9.375971969108146684e-04
3.972052063233872787e-04
5.579374158517363957e-04
5.329193110072337177e-04
1.618720543245221301e-03
9.407947292146440774e-04
4.608404349631569220e-04
3.069582389704954891e-04
6.905711398554853324e-04
6.593382310624458509e-04
9.426007693269637146e-04
6.686326463519880496e-04
9.952496621820280942e-04
4.390773387018042989e-04
2.794790002302750126e-04
1.027080981436630843e-03
7.449180285401091990e-04
5.393534195540253219e-04
1.310740162197145814e-02
1.213747958761108962e-03
9.337258180704117007e-04
1.250350833653976262e-03
3.267775748921722162e-04
3.989588022184535968e-04
1.062296326894211253e-03
5.669783712305622326e-04
5.573346127381327347e-04
2.130665632657490968e-03
1.222273962085973237e-03
3.104528636292261455e-04
9.999570536868534597e-04
1.255893558612595096e-03
7.704827966706082401e-04
3.512887237630438458e-03
1.256924784866836863e-03
3.991090841283538907e-04
1.134262056022487461e-03
1.437349416856635240e-03
3.785020248812059982e-04
7.196290149664232331e-04
7.903791873614354107e-04
1.092004104400167049e-03
4.507479698056578578e-04
7.282968461262878711e-04
1.296600904898100861e-03
7.842612345338830556e-04
3.479903321137653156e-04
7.710467646174937271e-04
7.309415832431761205e-04
6.318557843292141665e-04
5.225551531127379428e-04
4.888266333512655696e-04
4.254646988491025202e-04
1.009367676513119776e-03
1.644089111369873880e-03
7.605370447010073674e-04
7.056182871947040865e-04
8.747623953727375447e-04
4.996703180727737588e-04
2.759875667872355252e-04
8.841121498487463076e-04
4.315839324984273024e-04
9.503587543752609317e-04
3.480160916281750932e-03
1.335344352455909321e-03
6.635940439554926639e-04
8.169109033623354671e-04
2.087650513202347728e-03
1.001656683158308860e-03
9.431436225874669519e-04
5.531002611199839795e-04
7.907012472231029826e-04
5.469127193550609627e-04
1.683954042158748157e-03
4.185366257195087102e-04
1.485035694345902607e-03
1.301036471539562811e-03
2.288675025122771265e-04
9.016430730978273111e-04
2.565656676054682648e-03
7.355524007002970472e-04
4.206494454588718956e-03
3.922195061931103973e-04
2.715490516218894870e-04
7.386116738834536165e-04
7.625223574162165929e-04
4.782133328826185617e-04
1.128839505648226386e-03
5.764145569303957091e-04
3.722797315992021090e-04
6.092351263645562603e-04
3.228408363952127652e-04
5.789313722768067976e-04
7.621081462723359881e-04
7.207824140274213948e-04
7.685692961910947424e-04
3.588554137817293044e-04
1.390795983142542646e-03
8.662211566183046149e-04
2.930631567007706143e-04
7.353788799403017948e-04
3.956991200766503446e-04
2.987358590035299336e-04
4.267400955343372197e-04
1.241135976777372075e-03
5.290950606663704075e-04
6.524132131417507930e-04
5.359442160658136819e-04
7.276306647469928546e-04
1.373906594601533200e-03
8.224814228421081308e-04
2.608189773855782421e-04
7.331888304888220954e-04
1.451781126488601789e-03
7.065106083311609815e-04
6.185801991024774283e-04
9.617163219588523116e-04
6.726112574307905939e-04
8.605636392053281607e-04
7.322840115748637186e-04
7.810212973252141609e-04
7.138852433156706034e-04
7.224505093618937245e-04
9.521297488490777089e-04
1.758804138557460740e-03
9.667762483762158904e-04
6.851647472301313282e-04
8.687074590335322434e-04
9.664824253701242767e-04
1.062986696562224056e-03
7.073042890960953323e-04
1.279483082742729431e-03
4.686361426482140184e-04
1.462266600821591957e-03
3.381916815889235949e-04
2.436213087820889023e-03
5.091506952634702659e-04
4.267307979614450887e-03
5.027169373165845398e-04
5.839412407148843707e-04
6.367006862055616919e-04
6.152885565816263499e-04
1.156394048631894777e-03
4.134527746746026488e-04
4.130535858063468218e-04
3.731850478702556642e-04
3.389448247249967770e-04
1.519075364334730510e-03
1.211652205044283330e-03
9.135520878701012615e-04
1.139926589875340070e-03
1.046804601116049435e-03
9.423270520666236555e-04
7.920573479668645061e-04
5.511144906186884801e-04
8.889730957457694276e-04
7.345700210581799757e-04
6.726112574307905939e-04
1.135802284738973711e-03
1.228236934498626223e-03
8.374473391305462975e-04
2.565656676054682648e-03
2.506122403278352936e-03
1.104435315396685513e-03
3.941131079631383471e-04
4.603503828182589673e-04
7.638521127194831386e-04
3.714009584396644678e-04
3.970089438404420835e-03
1.519559397204208948e-03
7.144160980884615595e-04
5.727574051492401305e-04
5.571786947003498419e-04
9.250386562850370460e-04
1.683954042158748157e-03
2.722980930345837540e-04
7.481145501852389749e-04
6.312373558270788351e-04
1.246468666015821845e-03
6.615496829737523054e-04
1.039053175400542033e-03
3.972372697993826964e-04
1.235189419644907400e-03
4.306434490319469639e-04
6.614539195447546828e-04
3.228408363952127652e-04
4.061550433605202559e-04
2.387804674144197378e-03
8.380217358891515816e-04
3.586956609353027106e-04
5.513354229762679626e-04
6.190683780122179522e-04
4.082710782546801150e-04
3.529846281899130453e-04
5.685800469620356677e-04
2.075874299267066545e-03
3.605561854437271552e-04
2.599923070686925900e-04
1.258016519829138541e-03
7.689921828320603900e-04
7.587230923784414778e-04
8.977793341348370114e-04
3.686704685700448311e-04
3.446920814332628149e-04
1.033388660822960776e-02
6.548568413456284671e-04
1.122380757907158119e-03
3.109535676739375769e-04
5.027169373165845398e-04
2.612266957860889371e-04
1.164162084870431048e-03
3.769509428143664282e-04
1.328338386283806028e-03
4.816764722723654757e-04
4.312450255622551345e-04
6.359411508731235667e-04
7.448990632265333140e-04
4.454237466346605860e-04
5.949119619896562792e-04
4.923939044691623673e-04
3.875870813268375722e-04
5.493147215136453447e-04
5.899168866800134914e-04
1.445854935009909664e-03
6.518088807064155964e-04
1.260236190355038454e-03
3.088308332541645157e-04
5.114047274250324527e-04
8.890218742799969615e-04
4.595797268280075011e-04
7.959742113459764923e-04
4.172549418808697255e-04
5.289997156957660469e-04
3.036776441100528102e-04
9.662783083538876647e-04
2.981233267921851279e-04
3.441184857637379644e-04
5.175060497808936424e-04
3.685026661279236981e-04
6.524388440869167667e-04
8.734691371776688367e-04
6.693739762533484688e-04
1.200323505246503374e-03
8.911156625638274199e-04
6.041910244960919116e-04
1.750615433473205751e-03
3.945898164306789620e-04
5.878650768939550943e-04
9.628466611629544125e-04
1.241687669328823268e-03
7.789623720193368994e-04
5.275718257854821033e-04
3.157579717735338812e-04
4.960559642523783763e-04
3.582231375743194653e-04
9.343669337937499575e-04
1.890205909198186844e-03
1.632109584426716517e-03
3.657479115694794395e-04
5.857912530238463438e-04
7.273887243458375786e-04
1.162818477880613261e-03
4.953951231408369738e-04
1.314112120432320242e-03
5.174605843747821484e-04
1.414462284819455358e-03
1.368354146375791707e-03
3.981357731562602418e-04
1.149506413182545695e-03
1.127137443098033586e-03
1.916386135460784257e-03
5.711862049729647109e-04
4.824765129160853844e-04
5.182917070774552227e-04
1.443642630539238199e-03
6.502442972452658534e-04
9.021161602934884508e-04
7.998222829686524706e-04
1.109245535863196503e-03
4.260444908739203303e-04
9.209497736769984514e-04
3.589757379225633704e-04
1.132632851349129168e-03
1.555112455929160732e-03
2.565656676054682648e-03
1.200256448990995881e-03
4.190771382551249178e-04
6.937668870085822101e-04
6.618610362969914790e-04
4.410318375824708688e-04
4.285593563840005803e-03
4.715891717555072919e-04
4.465110228665461348e-04
4.380503331479018931e-04
7.869574313056065936e-04
3.057158489334806106e-04
9.056585521015061632e-04
4.432940504756264469e-04
6.204148189282286284e-04
5.229692837327821423e-04
6.105933529256150427e-04
5.677221904376735483e-04
3.267775748921722162e-04
7.802653428412165007e-04
6.149300904789753008e-04
5.998241167699601244e-04
1.366339079472314632e-03
7.371089005710524007e-04
1.580223933327409673e-03
1.689917406811793001e-03
8.437527621041673387e-04
7.771161347749878327e-04
2.793236122109575646e-03
3.565865094875792321e-04
1.215436488719989468e-03
5.354747808413162780e-04
3.866710206967706302e-04
6.224173192157359848e-04
1.519075364334730510e-03
9.213032465559500795e-04
1.797227064518305611e-03
1.719481543762404162e-03
7.819850076381857805e-04
1.823850121439553849e-03
1.786183969145275314e-03
2.496797843672972882e-04
6.105498738725658337e-04
1.187586208462859411e-03
6.659059729083444384e-04
8.687811268519378101e-04
3.584472409864578046e-04
2.343836602892133156e-04
2.161205801151788383e-03
6.423509871647466217e-04
3.510808830085103112e-04
5.628179010263829147e-04
6.089800173622341144e-04
1.075051636892296325e-03
2.388470160972061269e-04
6.556586073273637906e-04
6.126100611970920762e-04
3.629751652478846306e-04
4.464131149828017052e-04
5.406899224200785925e-04
6.563483598823043616e-04
5.475231415658494277e-03
1.858266454177207256e-04
7.689921828320603900e-04
1.993089882640396507e-03
1.060794043235512062e-03
2.836810397165043739e-04
8.192528763176126815e-04
3.914937233128284967e-04
4.245431919734720706e-03
1.382245953571284913e-03
3.411704044391486359e-03
4.985118440906431778e-04
8.422672482682994240e-04
6.654536977381164025e-04
7.228612976486481229e-04
1.605648685827997576e-03
5.086440326870308613e-04
5.862207143594381749e-04
7.472974421945708474e-04
6.126015089563305836e-04
1.562719415745328095e-03
1.205726381669343329e-03
2.994035443886289088e-04
5.057365058788775361e-04
3.958272898907590383e-04
1.808854753613363918e-03
4.359375324541999363e-04
9.314711050079116676e-04
4.566182851175098405e-04
4.548572177683904774e-04
1.017967279402434396e-03
5.422370714599311723e-04
3.313751910845617117e-04
1.293687516221977887e-03
4.858847558382668242e-04
5.916581806543864215e-04
2.093336199217949757e-03
4.221027200979424209e-04
5.164117098617176244e-04
4.368175553090915589e-04
5.586831712200881605e-04
9.453513792032359597e-04
2.105710496245386150e-03
1.409590586780158812e-02
7.543979923724487228e-04
7.319037913187730971e-04
1.653735028597302405e-03
2.271664750120781957e-03
2.168987489096031729e-03
2.144064164046192208e-03
4.847343532759591160e-04
9.683935838230096948e-04
1.491722206397036845e-03
1.356916668644147540e-03
1.233792588989966873e-03
5.205036799013104502e-04
4.547061146815828945e-04
5.382645120768029395e-04
4.136802632002628370e-04
2.612749708702635028e-04
4.275240399663294893e-04
2.637834949579060274e-03
6.539580748636147130e-04
6.866583084068054489e-04
4.580860257398900012e-04
1.529487132348570201e-03
4.725702350313648234e-04
6.131638444577242443e-04
2.049539602904073415e-03
4.571400951567883503e-04
6.095430604635801485e-04
2.528397861666935656e-03
1.633508915594537782e-03
1.164162084870431048e-03
8.486472327036323048e-04
3.968855163094147428e-04
2.240820337213292584e-03
1.474748323019060186e-03
9.620251443619169847e-04
4.906612440290842496e-04
9.836348925980379580e-04
4.547072316890612151e-04
3.484762808847239159e-04
2.719889646083449401e-03
5.236244498786922280e-04
3.734969050221199796e-04
3.641897073345448915e-04
3.248962486123589178e-04
4.843162587754438250e-04
8.855520531570799285e-04
9.992376746548183811e-04
5.127567771477086617e-04
9.644870501195719958e-04
3.048439870440634077e-04
9.543636497535769618e-04
6.304533316450533281e-04
4.411422334468696358e-04
8.415808404461753035e-04
4.986428333197613812e-04
3.542655675392797159e-04
5.261175875533161041e-04
6.352835840335506294e-04
1.204842968658634446e-03
9.428209712856000469e-04
7.280901501518531127e-04
5.981553534017238546e-04
4.609249619379629666e-04
6.369637347019967708e-04
1.352961680346011697e-03
1.119869091875387405e-03
2.515822227531338954e-04
3.500156212677994500e-03
2.288675025122771265e-04
5.194163167961770482e-04
2.914345975252162924e-04
6.542522816158614050e-04
2.856392911824392382e-04
6.688860065593603063e-04
1.104911290282357917e-03
6.116981633799764692e-04
4.485222755223129448e-04
5.013345297306883320e-04
5.129524418640965316e-04
2.565656676054682648e-03
6.369637347019967708e-04
1.223082445580641947e-03
6.263041890170802529e-04
7.055640663781465732e-04
1.456411314462888792e-03
4.844457573293092507e-04
5.057792741874920844e-04
2.564559183858019739e-04
2.627508614276769286e-04
6.272307782268091636e-04
7.221339117060473741e-04
1.081325229458354612e-03
7.151182543502675659e-04
7.932865111329187938e-04
3.955517873284195365e-04
6.069323169936376335e-04
6.881640469844925835e-04
2.025975091392415075e-03
6.736498139352799751e-04
4.253065588804188016e-04
5.015251032076269676e-04
3.081313674084471530e-04
9.165426257775291952e-04
1.074036737897884506e-03
4.119451601482040926e-03
4.099229345340888505e-04
7.599625809586806708e-04
7.383578906505263448e-04
2.459269095183490251e-04
1.466662166218480473e-03
5.027169373165845398e-04
1.637586662100543565e-03
3.262967871926455488e-04
6.308440249473783439e-04
1.021627837130229931e-03
6.471107417872274574e-04
2.664834896338013075e-04
3.076820710408224619e-04
4.716848964326401331e-04
3.161905639820602109e-04
5.177873692225744111e-04
6.747785977284986511e-04
7.241217923535465863e-04
1.075476023234845160e-03
1.335344352455909321e-03
6.811808685258577672e-04
3.149262794685912890e-03
8.201755173114008831e-04
6.682735454749358806e-04
3.942539761848010138e-03
1.096213062227581773e-03
2.795798876756593054e-03
1.069819518478688867e-03
1.155851448613920808e-03
3.724962653418245140e-04
9.243134579370466388e-04
5.524492814318177330e-04
8.584370328024170131e-04
1.675299941048126462e-03
4.695369294677678869e-04
6.943297830354536833e-04
5.583659902769887856e-04
6.488953465653925137e-04
7.731775080697508764e-04
4.580860257398900012e-04
8.794093790807280125e-04
6.198935834038296361e-04
5.851129792897347441e-04
1.099149304711507331e-03
7.361617289352467321e-04
3.891245798262705168e-04
7.962511413076849443e-04
3.572115650205108127e-04
4.376785605128470126e-04
1.219943081911561327e-03
2.875712757870117460e-04
1.433546585421447165e-03
1.926176053385605328e-03
7.148561678288894126e-03
7.035385140295122861e-04
8.035087022606753710e-04
1.941997018062249173e-03
7.214865307385127328e-04
6.387395408381048084e-04
1.305764876589421116e-03
1.973969120043877513e-03
6.448111327877439252e-04
8.060503783279644383e-04
