1.881602380204712244e+04
1.905640594709995275e+04
1.877232901225663227e+04
1.730672203659937441e+04
1.879818941294768592e+04
1.933900798959402164e+04
1.881335333031392656e+04
1.869147627593503421e+04
1.922835431743226945e+04
1.903124293361495802e+04
1.901541446066039134e+04
1.801554758941001637e+04
1.871247185182935209e+04
1.896552304628161073e+04
1.885891692625280848e+04
1.893604723745421870e+04
1.834849591946604778e+04
1.924735985672520474e+04
1.908894423288059625e+04
1.812376715895015514e+04
1.917395676898546662e+04
1.924797596049244021e+04
1.875063021620003201e+04
1.916149247264381120e+04
1.934418398390442599e+04
1.803723587731631051e+04
1.818815042245168297e+04
1.905117288150467721e+04
1.908018292654796824e+04
1.911039452865141357e+04
1.908812616556931607e+04
1.927942302322322939e+04
1.872998981285724221e+04
1.880369711288449980e+04
1.905995432468998115e+04
1.796458000887697199e+04
1.896559050246154220e+04
1.830209251990387565e+04
1.897279501440756576e+04
1.874367055085236643e+04
1.923063669115377343e+04
1.918863846341266617e+04
1.923479797719873750e+04
1.930660116313567050e+04
1.932272430968288245e+04
1.910156504932725875e+04
1.832303670117952788e+04
1.896944953723861545e+04
1.754485628053607070e+04
1.860186538010095683e+04
1.894382165494125002e+04
1.907495841546804877e+04
1.917337563962079730e+04
1.910073380991159502e+04
1.905855022684315918e+04
1.908372915470414591e+04
1.863698987134229174e+04
1.920263264553965564e+04
1.930582332869481615e+04
1.914805414558395205e+04
1.919875536388477485e+04
1.874924624577360373e+04
1.899114570233659470e+04
1.924260677345789009e+04
1.708842523683778563e+04
1.780220431328770428e+04
1.899370411658984085e+04
1.833791664435613347e+04
1.876947487240153714e+04
1.880660628756682127e+04
1.884445304531564034e+04
1.913343463523444007e+04
1.675542650510054227e+04
1.787948693222541260e+04
1.920328683789723800e+04
1.907741529989082846e+04
1.804082501556276111e+04
1.907473066099043717e+04
1.898253412663197014e+04
1.922649997155800520e+04
1.924291962415087255e+04
1.858266480123896326e+04
1.924532284983036516e+04
1.922192815695837635e+04
1.862118388133242843e+04
1.901338464735126763e+04
1.922200033212700509e+04
1.912481818704806574e+04
1.855103708129052757e+04
1.901611700719438522e+04
1.878680185598330354e+04
1.890808741011684106e+04
1.908650593387386834e+04
1.914974989889014978e+04
1.833147143818187033e+04
1.874381144843740913e+04
1.872328204061579891e+04
1.880433059640185093e+04
1.932766013743317671e+04
1.701810671046672360e+04
1.915010476703154927e+04
1.899238624902830998e+04
1.878250610313170182e+04
1.837702649955036395e+04
1.891689879066984940e+04
1.837913611282207421e+04
1.821820964631499010e+04
1.917337084188580775e+04
1.848056836944215684e+04
1.904661900182742102e+04
1.915040494498093540e+04
1.841533208133476728e+04
1.858851412756598438e+04
1.918858385331090540e+04
1.754050943209404795e+04
1.901715573141428467e+04
1.924644341947707289e+04
1.919946875268301665e+04
1.892304823813516123e+04
1.805394782200008194e+04
1.815070827858752455e+04
1.817919495429001108e+04
1.913343463523444007e+04
1.918074792203816833e+04
1.926272697685908133e+04
1.934726690689896350e+04
1.911241225926989136e+04
1.929218489490753200e+04
1.892223981717756396e+04
1.891714012540018302e+04
1.932199729583528824e+04
1.890523792684916407e+04
1.910061547768521632e+04
1.877810888450602579e+04
1.877296057769898107e+04
1.891459411435873335e+04
1.875053434838193061e+04
1.899219360022470937e+04
1.790184119584286964e+04
1.894659287424226568e+04
1.900717823679219873e+04
1.909552746839671454e+04
1.886319232011446002e+04
1.882277976047209086e+04
1.879733646811909057e+04
1.933836366752383765e+04
1.878816033794263785e+04
1.920760867594682350e+04
1.901902419533365173e+04
1.919528460195513617e+04
1.919046255575132818e+04
1.897286952945223311e+04
1.873781601197077543e+04
1.867785217969185032e+04
1.893167080345529394e+04
1.888864427390277706e+04
1.910747423354892817e+04
1.821425711703600246e+04
1.866631673557026443e+04
1.706798008164700877e+04
1.906337517694728740e+04
1.902645255248247486e+04
1.891922087667563028e+04
1.905958685656290254e+04
1.910852233899686689e+04
1.905713805580771441e+04
1.793338920383572622e+04
1.744263316386574297e+04
1.882418729601451923e+04
1.806869609477729318e+04
1.909870541649018924e+04
1.891380569316179754e+04
1.928811153894069139e+04
1.927614615370699903e+04
1.892566160030159153e+04
1.908443633300075453e+04
1.920304991342903668e+04
1.922543200728606826e+04
1.909556561158470504e+04
1.875741848069032130e+04
1.911013342491898948e+04
1.922238514880324510e+04
1.782905443583615124e+04
1.909125628425232935e+04
1.914409530400001677e+04
1.895853303038829472e+04
1.911126374285689599e+04
1.905855022684315918e+04
1.844072938679110302e+04
1.921086695712983419e+04
1.921218674717304020e+04
1.852718836344049487e+04
1.804590388774203166e+04
1.924180553498133668e+04
1.904303782786423835e+04
1.922245260755969866e+04
1.888958591421048186e+04
1.778414343826192271e+04
1.923696863622762248e+04
1.761199930646969005e+04
1.899241982453933451e+04
1.873710336636058491e+04
1.888920597481865116e+04
1.924773247059073401e+04
1.926805206283354346e+04
1.881046694274795300e+04
1.883182701522478965e+04
1.917723207838651069e+04
1.915783406899565671e+04
1.840429819460900035e+04
1.920897782695674687e+04
1.908510420418598733e+04
1.761199930646969005e+04
1.901852741750731002e+04
1.888392350224568509e+04
1.846266894140688964e+04
1.929646379051895565e+04
1.730682156661988120e+04
1.700341843014555707e+04
1.887086014700216037e+04
1.897501168156584754e+04
1.835007756039078595e+04
1.886324655613888535e+04
1.916738386885532600e+04
1.875242591556342813e+04
1.850633214298510211e+04
1.933054633573014144e+04
1.910787056276108706e+04
1.849862393141911525e+04
1.922634563756205534e+04
1.895129669323091730e+04
1.857115945606962487e+04
1.933684214411069843e+04
1.891773373094903945e+04
1.867357654244786681e+04
1.931177426551750250e+04
1.860689345657013473e+04
1.894518633765440609e+04
1.919990761368990570e+04
1.783858580743688799e+04
1.845284807440502118e+04
1.863089026164621100e+04
1.885397954025959916e+04
1.918109711758132107e+04
1.911303612862225418e+04
1.880972810434071653e+04
1.927088142838259955e+04
1.914178137864215387e+04
1.888240795404760865e+04
1.918674386271426556e+04
1.929097420396358211e+04
1.923016234203689964e+04
1.842492272570933710e+04
1.847287759684256162e+04
1.886677342137190499e+04
1.852023384870681184e+04
1.908603141731812502e+04
1.879324950063116194e+04
1.914439764751743860e+04
1.928857876959482019e+04
1.921505320229634162e+04
1.916597282390525652e+04
1.876924860938797792e+04
1.915819283803908547e+04
1.908841905219659384e+04
1.720009066573341988e+04
1.873885105914248925e+04
1.777994276068628096e+04
1.840941153313458562e+04
1.821900025614199694e+04
1.913291150343071786e+04
1.922245260755969866e+04
1.893426967362075811e+04
1.918418438890011021e+04
1.917449993452976196e+04
1.817259770621265125e+04
1.912199685537758342e+04
1.834684547361885052e+04
1.884285239700781676e+04
1.833165115715847060e+04
1.876717664677152788e+04
1.915081637553246401e+04
1.923945153212229343e+04
1.917151399091946951e+04
1.914982478282928059e+04
1.867359512098035339e+04
1.892928783288617706e+04
1.913853171606122487e+04
1.910360647453652928e+04
1.915284524485650036e+04
1.858436412362676128e+04
1.839190386318456149e+04
1.898937788145507147e+04
1.918603891862551609e+04
1.846081092878644631e+04
1.742087127799060545e+04
1.866926587306679721e+04
1.904154412017578943e+04
1.915445375885557223e+04
1.869627082644875554e+04
1.933751115297959041e+04
1.880208674812195386e+04
1.841887379978252648e+04
1.869787474751147965e+04
1.924261174939471312e+04
1.915421105311068823e+04
1.905628395171625016e+04
1.878250610313170182e+04
1.904176560845834683e+04
1.931456572989643246e+04
1.865733960289382958e+04
1.930844286025727342e+04
1.817853380382049727e+04
1.822986457300153779e+04
1.926432580835256158e+04
1.752678437388798193e+04
1.860201653473715123e+04
1.930921459704240260e+04
1.898525894406394946e+04
1.892413047712115076e+04
1.896729012398653867e+04
1.880360368893171108e+04
1.844830668159510969e+04
1.876645740963884236e+04
1.853714310799592204e+04
1.910716839166331192e+04
1.907655766424720059e+04
1.913594369091897897e+04
1.899219360022470937e+04
1.865288961907018165e+04
1.852300173638713750e+04
1.852676648811350606e+04
1.833971869321503618e+04
1.926641183193981124e+04
1.859236629940418788e+04
1.877603083325216357e+04
1.880270058467477065e+04
1.932298665812622130e+04
1.892981674655360257e+04
1.871922878327356375e+04
1.916879456720585222e+04
1.860323118942344809e+04
1.917857131125577871e+04
1.854499575489435301e+04
1.922820454529321432e+04
1.924031085787911798e+04
1.910309511129378370e+04
1.915037807374704062e+04
1.902295014628642457e+04
1.901060563272474246e+04
1.915035699603662943e+04
1.925421918130797349e+04
1.869420897567035718e+04
1.901902419533365173e+04
1.900136434705634747e+04
1.916832010436365090e+04
1.810625855056436558e+04
1.855786982789417380e+04
1.932057953712526432e+04
1.806996403280026789e+04
1.927785102263964654e+04
1.864681925624956421e+04
1.885755898240096576e+04
1.787116453030249977e+04
1.807776303803880364e+04
1.856608551712887129e+04
1.899632423225765888e+04
1.901549865930668602e+04
1.911745804805670195e+04
1.895582576998916556e+04
1.917973481693899885e+04
1.924146777111732445e+04
1.884688274299545446e+04
1.895450504280634777e+04
1.911230635344463371e+04
1.913764292245974502e+04
1.907433251236627621e+04
1.918922989667374713e+04
1.908603141731812502e+04
1.926373740397034271e+04
1.921894731911420968e+04
1.885133011868383255e+04
1.884227258356382299e+04
1.886035816964473270e+04
1.915823343568444761e+04
1.868292773630524607e+04
1.934491159074475217e+04
1.871657827742713926e+04
1.932184737152160233e+04
1.883286150192718196e+04
1.860323118942344809e+04
1.879747267509087760e+04
1.920829150065137219e+04
1.906986202366968791e+04
1.917238479351898786e+04
1.922697725464546602e+04
1.878182010914757848e+04
1.924043570447207458e+04
1.932687845688730886e+04
1.833684385755942640e+04
1.879250755636000395e+04
1.921451331931121240e+04
1.882515888629082838e+04
1.876279548317469016e+04
1.932375137204303246e+04
1.864322256838927933e+04
1.907585262184051680e+04
1.794385994207989643e+04
1.915797706396109788e+04
1.934130410195222066e+04
1.837274337520792324e+04
1.904131925787786167e+04
1.884416014533666748e+04
1.838618132457341198e+04
1.737884673384076086e+04
1.844313329007317225e+04
1.899876788552242215e+04
1.899602688760991805e+04
1.880672568579225845e+04
1.753683857012996668e+04
1.851460775718678633e+04
1.933810590269357272e+04
1.928943663522553834e+04
1.906940338757424979e+04
1.839839981331451418e+04
1.922080899249235517e+04
1.783002037505898988e+04
1.826047147213560675e+04
1.812514433031478620e+04
1.885788874719283194e+04
1.824128928974409428e+04
1.876856133936330298e+04
1.754050943209404795e+04
1.886373270787649381e+04
1.927068320377146301e+04
1.869266271006846000e+04
1.846492905831925964e+04
1.920756521948855516e+04
1.916727034251066652e+04
1.910156504932725875e+04
1.852295683046348859e+04
1.927715832156720717e+04
1.633958316423145516e+04
1.888313681577570969e+04
1.888048734943422824e+04
1.905932691274060198e+04
1.917228986854757750e+04
1.875529740676092842e+04
1.859041679706332070e+04
1.932583858701247664e+04
1.892391036078745674e+04
1.912599611712568731e+04
1.873781601197077543e+04
1.890180067053245148e+04
1.853428835410175088e+04
1.804542765522538321e+04
1.832894274995306841e+04
1.888552982553979018e+04
1.928657381683214044e+04
1.905821448459052044e+04
1.822915238091377250e+04
1.916396370399114312e+04
1.904434307201180491e+04
1.919533939842301334e+04
1.825739727835533267e+04
1.932014286990595429e+04
1.731233244910190115e+04
1.847842481867583410e+04
1.802902516032336644e+04
1.862016955807417617e+04
1.890896911742164230e+04
1.875432042472162357e+04
1.872105554282406592e+04
1.821082151693939159e+04
1.912819114280910071e+04
1.902678314376065828e+04
1.915173022574186689e+04
1.837819331749696721e+04
1.905397438558979411e+04
1.827697712797649365e+04
1.843026660142916444e+04
1.812746370929174373e+04
1.904204111864606966e+04
1.883527414336771108e+04
1.815529343156196046e+04
1.930507546486028514e+04
1.885661354172551000e+04
1.884960775810778796e+04
1.901297003951698571e+04
1.916180538838939538e+04
1.889509285505075604e+04
1.924154259749735866e+04
1.918518582536999747e+04
1.882597796937405292e+04
1.888718682074562093e+04
1.928846671153235366e+04
1.887489439222935107e+04
1.926414609579472744e+04
1.931710460201197566e+04
1.925012807873892234e+04
1.797533447049248207e+04
1.843531192252084293e+04
1.908745172151391307e+04
1.894597666392786778e+04
1.925765672475905012e+04
1.855757462959937038e+04
1.932597979857574683e+04
1.914362053939559337e+04
1.743099650672938515e+04
1.875866908849922402e+04
1.889529308301953279e+04
1.620186279376025959e+04
1.918607013579922204e+04
1.899570416440716508e+04
1.929892375220546091e+04
1.915533450994596933e+04
1.918471695776488923e+04
1.912294220169626351e+04
1.921539808521720988e+04
1.885638379333234843e+04
1.883177743730453585e+04
1.919942896128393477e+04
1.930499176121016717e+04
1.892223981717756396e+04
1.925133551010271549e+04
1.931606014404013695e+04
1.845294550550233544e+04
1.807116647250525421e+04
1.932808438681512416e+04
1.904003835888204412e+04
1.910768937504508358e+04
1.928943663522553834e+04
1.850912842455085047e+04
1.870548526906623738e+04
1.906322572071627656e+04
1.927080793903680751e+04
1.792227467163968686e+04
1.916374419102492539e+04
1.932437563385436806e+04
1.926521889932675185e+04
1.934733829421295377e+04
1.906553753266475542e+04
1.918415590945862641e+04
1.932768058973687948e+04
1.855574064045982232e+04
1.931965778790853074e+04
1.864391906103067959e+04
1.810610210163905504e+04
1.881039495674397403e+04
1.894478900090837124e+04
1.778533105909583901e+04
1.856918748178677924e+04
1.888190976469711313e+04
1.857870094002021506e+04
1.903730824417276381e+04
1.911421275426199645e+04
1.768370237449097840e+04
1.906425786328586764e+04
1.885239332837663824e+04
1.899437888634384217e+04
1.860128961156076548e+04
1.865531425328685145e+04
1.931142303381462261e+04
1.864446008126054221e+04
1.878435969887738247e+04
1.826047147213560675e+04
1.917336063793205176e+04
1.931423974329550038e+04
1.847997537968783581e+04
1.933939875039777326e+04
1.920242020336436690e+04
1.907039187943809520e+04
1.916009348928539839e+04
1.918716344764431778e+04
1.925652272209398507e+04
1.925688455632661498e+04
1.887316178582595239e+04
1.917337084188580775e+04
1.933851744161534225e+04
1.900983988262149433e+04
1.899239205015019979e+04
1.934726690689896350e+04
1.904932242838931415e+04
1.888230458514406564e+04
1.920768369792581871e+04
1.878426441241968860e+04
1.921731080516576185e+04
1.864305905495424668e+04
1.932919845988658199e+04
1.866511009031208960e+04
1.879470471432118575e+04
1.860040525394987708e+04
1.884641614503230448e+04
1.914762378373076353e+04
1.860579886583732878e+04
1.918986623850431351e+04
1.929277608901923668e+04
1.900889512745441607e+04
1.890771393165112750e+04
1.866468021395220421e+04
1.929720570288222734e+04
1.932724220991255061e+04
1.929218375088413450e+04
1.817555614187251194e+04
1.848968409532354053e+04
1.924050770163548805e+04
1.782662158662331422e+04
1.921410374589420462e+04
1.926869178585371992e+04
1.891941823229518923e+04
1.916396370399114312e+04
1.885859719962640156e+04
1.885769035133042416e+04
1.922427826541644754e+04
1.786802350798335101e+04
1.818768600236990460e+04
1.923242493216877119e+04
1.755330996262892586e+04
1.906986202366968791e+04
1.828045541047550432e+04
1.901021480738932223e+04
1.914309953784281242e+04
1.902290085040307895e+04
1.933664201200923708e+04
1.755012320610547977e+04
1.865323120684184323e+04
1.871520401161110567e+04
1.856897235952329356e+04
1.847427928962994338e+04
1.831772197197655987e+04
1.883286352034271476e+04
1.908113092072212021e+04
1.896821015365200583e+04
1.844832587346895161e+04
1.663156840671633836e+04
1.930790591397917524e+04
1.890323220667947317e+04
1.871132077538020530e+04
1.651202664998291220e+04
1.876933340012672488e+04
1.850756002417276613e+04
1.879308364655797050e+04
1.901643468759029929e+04
1.918733260944180802e+04
1.911043377530531143e+04
1.899219360022470937e+04
1.872995386484721166e+04
1.904951237224556098e+04
1.924733001493574920e+04
1.927373357516229225e+04
1.908810193869425711e+04
1.772805196694326878e+04
1.870606276494005942e+04
1.933772635547115715e+04
1.884572760860310518e+04
1.891165417766832252e+04
1.903764181675041982e+04
1.915764590020697142e+04
1.921914060203031841e+04
1.928170144999865079e+04
1.829931168234311190e+04
1.884375812475867497e+04
1.901822246699288007e+04
1.933927441160325907e+04
1.811573091940410086e+04
1.911524642726356251e+04
1.864945077212561227e+04
1.772572141231049318e+04
1.929926551096667754e+04
1.841493018860415759e+04
1.928434233433948975e+04
1.910511337416840252e+04
1.911443847801743686e+04
1.806617944605397133e+04
1.901309752725528233e+04
1.860054420217305233e+04
1.930659817421681510e+04
1.774375351827943450e+04
1.855786982789417380e+04
1.868275399205444410e+04
1.925310983766260688e+04
1.908874710641688580e+04
1.874367000220399495e+04
1.872835171820121468e+04
1.931484369287637674e+04
1.905958685656290254e+04
1.930787605980173248e+04
1.919524844906513317e+04
1.928221631874483865e+04
1.932961249570421933e+04
1.850756002417276613e+04
1.902859458074513532e+04
1.926392631268650439e+04
1.930379259204109621e+04
1.833844934729400484e+04
1.906969625456559152e+04
1.878551963373782928e+04
1.854606299995362497e+04
1.906696515348590765e+04
1.899847154713691634e+04
1.896270990842744504e+04
1.870954271502624397e+04
1.835855790942698513e+04
1.914199198867266750e+04
1.830444419319280860e+04
1.874750623766606805e+04
1.737667085193104867e+04
1.914049918781248562e+04
1.923791397395973763e+04
1.914268509753183025e+04
1.909736239867856420e+04
1.920317309058254614e+04
1.932127565717314064e+04
1.893515734021855314e+04
1.916199639322154326e+04
1.895690871132970642e+04
1.901152245599839443e+04
1.911387688517832794e+04
1.857149352251874370e+04
1.853683754699086785e+04
1.930130996959619733e+04
1.921719883376881626e+04
1.917336063793205176e+04
1.853351999237253403e+04
1.905101343601226108e+04
1.866815292423952997e+04
1.807255400075992657e+04
1.926068581438540787e+04
1.793857708920241930e+04
1.934305518192372983e+04
1.901568520656067631e+04
1.919524962518199754e+04
1.933529048313545354e+04
1.932133905284547654e+04
1.926321221497794249e+04
1.799940135251425818e+04
1.906812267385081577e+04
1.891725117686978410e+04
1.901549865930668602e+04
1.845774479747316946e+04
1.918922832564860801e+04
1.909213816767150638e+04
1.881181874956090542e+04
1.815205184720418038e+04
1.890820597823563367e+04
1.818690536435254762e+04
1.694927137714264245e+04
1.814764624408575764e+04
1.914631307204974291e+04
1.818408049229696189e+04
1.766921817785430540e+04
1.922490505534400654e+04
1.914915296618943830e+04
1.909167900105660374e+04
1.900651073129310316e+04
1.886420873850433054e+04
1.932330541649627412e+04
1.925652272209398507e+04
1.915110974273332977e+04
1.870961680024730231e+04
1.925259812787389092e+04
1.914309953784281242e+04
1.912387293688104546e+04
1.827962383426578890e+04
1.818713753107139564e+04
1.763780695543610273e+04
1.900686727699666881e+04
1.931566040883491587e+04
1.932724220991255061e+04
1.885773648342791421e+04
1.894704129030383046e+04
1.927556429725017006e+04
1.915125915236287983e+04
1.885629109969455021e+04
1.889660217718819695e+04
1.920352236028610787e+04
1.903688925821954035e+04
1.856405363683791802e+04
1.891275072004876711e+04
1.799888263741618721e+04
1.933301978715867153e+04
1.901754010005723831e+04
1.918922288243939329e+04
1.917238479351898786e+04
1.853615364564224365e+04
1.811513749331566214e+04
1.855385885848037287e+04
1.891247906396845428e+04
1.929330241686068985e+04
1.892664888129301835e+04
1.927376537111605285e+04
1.908617487836517466e+04
1.888336428319966944e+04
1.932913141949768033e+04
1.868577448241278034e+04
1.784450686999550089e+04
1.773608129305385955e+04
1.879643684542887422e+04
1.712738758057984887e+04
1.860990260597955421e+04
1.829719439939126460e+04
1.909186665509039449e+04
1.867149440919546760e+04
1.917913323944860167e+04
1.922334978842096461e+04
1.934543271770864158e+04
1.914889143747421986e+04
1.865392532555909565e+04
1.925176348908172440e+04
1.900792740558747028e+04
1.904385222847409750e+04
1.887754332117941522e+04
1.915991050816013740e+04
1.911225052098009473e+04
1.814289417083074659e+04
1.876308888489959281e+04
1.876757139569810533e+04
1.859144904877445879e+04
1.888655910794126248e+04
1.864937487489561681e+04
1.904227543192396479e+04
1.843514413866263931e+04
1.756700161528887111e+04
1.930189967856120347e+04
1.825989393717429994e+04
1.911659937949401501e+04
1.931712670571208582e+04
1.910978519777848851e+04
1.934739492310080459e+04
1.919973388146399157e+04
1.860809691533567820e+04
1.903256867174011131e+04
1.841406215941880509e+04
1.886373270787649381e+04
1.905991071983384609e+04
1.902869212030274139e+04
1.929287892969405220e+04
1.931484905080063982e+04
1.913358270291719236e+04
1.924106238312983623e+04
1.874403775955935271e+04
1.917759103714110097e+04
1.926004339092281953e+04
1.877218306174394820e+04
1.875217344384195167e+04
1.916637764803050959e+04
1.919717621821515058e+04
1.781125043151866703e+04
1.841107202025758306e+04
1.870742530186094518e+04
1.881090404006532481e+04
1.886420873850433054e+04
1.838183417891494537e+04
1.879031161167543542e+04
1.905865446731871634e+04
1.837325585056110867e+04
1.862394368788947031e+04
1.887018794015629101e+04
1.917363664177587634e+04
1.888240795404760865e+04
1.923216907983644705e+04
1.919989759884919113e+04
1.756219457064755989e+04
1.911251477318598336e+04
1.926150685334183800e+04
1.787290987188163490e+04
1.927782840132220008e+04
1.776891223813234319e+04
1.831997184623706198e+04
1.924311607375410313e+04
1.887003100276653277e+04
1.784660440607126657e+04
1.921381294720689039e+04
1.899219360022470937e+04
1.873818722552381587e+04
1.822839182016228006e+04
1.891837032012573036e+04
1.842075418327122316e+04
1.818699985098871184e+04
1.897583196357887209e+04
1.850349191318357043e+04
1.890345329453219892e+04
1.884375812475867497e+04
1.828521824132640904e+04
1.885593784445697020e+04
1.874479468654429365e+04
1.909910506181683377e+04
1.768941227801753848e+04
1.893049647978904250e+04
1.911545873981828481e+04
1.928029036719194119e+04
1.839306649524678505e+04
1.669545122072890081e+04
1.911168298461711674e+04
1.901117754316376158e+04
1.884121462640948084e+04
1.916389450908575236e+04
1.879222983010019016e+04
1.833461648952852556e+04
1.918627493539942225e+04
1.899883669020716843e+04
1.892646646888884425e+04
1.916397712408439838e+04
1.875381908932856823e+04
1.919463061084573565e+04
1.913650718877404506e+04
1.915896019519237598e+04
1.922096132703078183e+04
1.836885292693755400e+04
1.848859492916921590e+04
1.900832395146907220e+04
1.915471970253967447e+04
1.802068411642319552e+04
1.814891152867538040e+04
1.894355609829658351e+04
1.933900798959402164e+04
1.884910739329714852e+04
1.858457465107627286e+04
1.898951891486321620e+04
1.912007939110643929e+04
1.927328661598741382e+04
1.926767332662620174e+04
1.902161207240638396e+04
1.900086320710517612e+04
1.640784591277749860e+04
1.794420469181710359e+04
1.891858805927027424e+04
1.931645686551025574e+04
1.932325007497759361e+04
1.830426669049615157e+04
1.930660116313567050e+04
1.909699034098694392e+04
1.809662805498347734e+04
1.865278091372175550e+04
1.876308888489959281e+04
1.857066538868157659e+04
1.891727630461021545e+04
1.920676456657358722e+04
1.856609156684514164e+04
1.912692437854554009e+04
1.687650287592226596e+04
1.901560008133557858e+04
1.797216392068669302e+04
1.912082664788313923e+04
1.919496056476782178e+04
1.925930502257454646e+04
1.878192379807572433e+04
1.924699470509340972e+04
1.849843677236472286e+04
1.818593534603561420e+04
1.917913323944860167e+04
1.855957529935299681e+04
1.929641701619993910e+04
1.930726240211728145e+04
1.910698987260643480e+04
1.889402816536538739e+04
1.837913063500470162e+04
1.920469237252021412e+04
1.885636935704912685e+04
1.919145557100400038e+04
1.861441655907294262e+04
1.919524605704002897e+04
1.881008474190047491e+04
1.918466853733989410e+04
1.932485864314408900e+04
1.926728880782015040e+04
1.855887362554650463e+04
1.815460864486509672e+04
1.921983311791619417e+04
1.807397922147741701e+04
1.839191351510926324e+04
1.811528365423165815e+04
1.851396745084545910e+04
1.919828619051453643e+04
1.926594472435559510e+04
1.929952867119124130e+04
1.894180202864602688e+04
1.892717240749542543e+04
1.897932749171648538e+04
1.931794339869908072e+04
1.899883669020716843e+04
1.889301746384761282e+04
1.835717418940013158e+04
1.919291112090046227e+04
1.870663157728561782e+04
1.927428760566367782e+04
1.782367124572052853e+04
1.914708706237298611e+04
1.710798998909332295e+04
1.819706818118822048e+04
1.855674877481993099e+04
1.932005244238150044e+04
1.911129551969874228e+04
1.915971702668231592e+04
1.917946863997925902e+04
1.925525899619403208e+04
1.893843756886511255e+04
1.889279877796120854e+04
1.913069660366423705e+04
1.918470549486806340e+04
