2.730755084429615231e-01
2.295425914745559681e-01
2.523783361768565658e-01
2.621400658365455882e-01
2.736102909195724520e-01
2.689572525351976440e-01
2.429734081719960304e-01
2.669749757704277249e-01
2.477280584959406229e-01
2.541062842751543593e-01
2.488719287829713467e-01
2.292072760375349627e-01
2.649948092863497195e-01
2.480657890473483285e-01
2.433065627012508947e-01
2.561678937083364804e-01
2.324260756450027832e-01
2.649346607462440550e-01
2.542317993624279571e-01
2.578909704240213707e-01
2.580685496193312334e-01
2.607205614646675440e-01
2.502127894581479550e-01
2.286351510563479350e-01
2.328888749683021009e-01
2.603524384971115380e-01
2.575210094575721143e-01
2.458669050525347510e-01
2.403222496630307292e-01
2.546059517896758218e-01
2.364195635137709139e-01
2.317763315446573213e-01
2.483455944535995219e-01
2.389954839068249848e-01
2.425820425019278859e-01
2.717067735580024346e-01
2.683998864646029436e-01
2.371733731513101517e-01
2.657987585491848326e-01
2.609506815754710773e-01
2.474032950152163235e-01
2.665664097448829928e-01
2.262247715505546486e-01
2.288091527572901906e-01
2.397887730704542919e-01
2.343120944443706222e-01
2.657213531483405000e-01
2.627306502195418947e-01
2.498960951884321990e-01
2.683231809430637327e-01
2.673141058837527617e-01
2.577166169818048136e-01
2.637385240981391932e-01
2.640069683369927200e-01
2.628148311705211793e-01
2.669441564496602415e-01
2.521432169606394602e-01
2.418338089415486003e-01
2.568420057175769267e-01
2.385252388391867762e-01
2.531152545913617491e-01
2.454949465858032309e-01
2.700410273969077735e-01
2.615034257017117003e-01
2.402202092435983816e-01
2.429580358938105700e-01
2.720071338663642146e-01
2.584732501861131682e-01
2.328513535215666619e-01
2.607855272681097181e-01
2.615402713650766819e-01
2.628853294759757597e-01
2.598930588415475085e-01
2.578834985323829598e-01
2.717689636580941648e-01
2.701270579297144758e-01
2.620483296243080185e-01
2.590969336394742806e-01
2.622655648415131990e-01
2.609026596114639718e-01
2.398310384775546866e-01
2.469044417045867523e-01
2.340724546654002758e-01
2.417065231012411886e-01
2.580371578296553614e-01
2.461734534680927733e-01
2.408002140307677341e-01
2.642347072778264971e-01
2.271501219945342154e-01
2.522497183885198391e-01
2.461740727418860464e-01
2.732360605004635068e-01
2.414260719021080470e-01
2.379132714282864713e-01
2.646969713613317454e-01
2.699676190808019127e-01
2.666280812910873932e-01
2.667220062884143039e-01
2.647370972853676507e-01
2.699248974795567246e-01
2.720955047260484871e-01
2.495860022374689624e-01
2.432460177265449996e-01
2.731792157590222647e-01
2.264527043671387962e-01
2.265245702082249180e-01
2.686984205180464325e-01
2.423340766546834835e-01
2.286549433541141541e-01
2.390634160624788007e-01
2.437042288447302529e-01
2.711026102313659480e-01
2.608890912279061003e-01
2.692361811713032682e-01
2.695300812210046915e-01
2.683998864646029436e-01
2.645493414261435583e-01
2.438987525203697992e-01
2.245619495177908487e-01
2.534659705586216338e-01
2.456911471577890027e-01
2.649948092863497195e-01
2.459990868968258970e-01
2.502076709089358086e-01
2.504916540778398537e-01
2.239050042102815885e-01
2.496966905473955445e-01
2.619303924128640881e-01
2.363126182606208880e-01
2.442112329237211554e-01
2.675587963169543393e-01
2.345803886922407933e-01
2.363958186945988305e-01
2.475197509561369302e-01
2.451725689246136153e-01
2.283269737390252740e-01
2.612169010493269883e-01
2.671191738419620432e-01
2.627791415436149802e-01
2.432796875414598992e-01
2.480573555254566853e-01
2.596344383111823806e-01
2.312863586175940289e-01
2.376475319675367959e-01
2.554732751722601503e-01
2.282662998268730481e-01
2.308986779640667952e-01
2.552614239240981187e-01
2.279758695736928686e-01
2.493897393382579764e-01
2.629720784406742728e-01
2.605432407115065851e-01
2.388180726825685496e-01
2.580005265889160349e-01
2.535079079220173282e-01
2.650390783574874676e-01
2.536809224203275814e-01
2.684281518510041042e-01
2.324493738373352159e-01
2.431796430994282998e-01
2.634544948461702285e-01
2.326686226627793785e-01
2.358446239368418573e-01
2.556570832111650371e-01
2.606696341021127461e-01
2.448484110813634040e-01
2.579335020479223139e-01
2.375100412812514716e-01
2.440793721508787706e-01
2.517197398457358681e-01
2.724088953013526493e-01
2.638491558807389836e-01
2.735594135093823986e-01
2.273242818748932581e-01
2.656211635749705646e-01
2.531436542971364223e-01
2.498311562214758086e-01
2.463911701657461595e-01
2.678440789504137332e-01
2.440282261946225828e-01
2.663322917477719542e-01
2.567818417563393907e-01
2.645027846848387321e-01
2.570730541777890843e-01
2.259869896586155225e-01
2.408401282259434173e-01
2.629759642481916959e-01
2.574398347091837458e-01
2.629046986846590994e-01
2.401635146838697055e-01
2.323707577303467664e-01
2.405410481661112154e-01
2.713699075133388372e-01
2.656839138227717334e-01
2.542641548436715970e-01
2.647111931310183186e-01
2.670236649157221587e-01
2.425599415303394124e-01
2.386432732020414837e-01
2.290552510647236029e-01
2.357897360454058455e-01
2.640048449900648242e-01
2.496994735543398014e-01
2.629961527110925013e-01
2.519781801678758759e-01
2.709265468259585696e-01
2.667627709013009052e-01
2.266549975491374269e-01
2.291644315289505796e-01
2.610502744392554364e-01
2.266680125325870043e-01
2.276619451901621960e-01
2.215226632627087244e-01
2.642543532213268431e-01
2.656479553914374292e-01
2.685644371832388022e-01
2.680070627791015792e-01
2.540928840161801316e-01
2.705186615993465660e-01
2.528310412633715809e-01
2.637950132019243332e-01
2.415075948650372006e-01
2.330358085873835972e-01
2.568918667592073324e-01
2.646073304172416041e-01
2.298238473035675855e-01
2.393850119106519792e-01
2.570758386022669040e-01
2.732302932601378687e-01
2.638906332528789256e-01
2.332186702730567329e-01
2.697236004160189493e-01
2.610904823536292496e-01
2.677730367980364345e-01
2.289778910257265487e-01
2.303863432302930003e-01
2.523050206449170552e-01
2.726961052723687606e-01
2.464232362000527421e-01
2.409340022851666485e-01
2.711692882263765370e-01
2.357897360454058455e-01
2.630760414534507596e-01
2.699391143090192902e-01
2.706139634316806486e-01
2.666495345168578557e-01
2.558029812120803936e-01
2.461945002562135887e-01
2.507405724854472884e-01
2.425074564697174972e-01
2.462236366125214460e-01
2.582509927402204530e-01
2.585281037065992882e-01
2.313981661152682556e-01
2.428812294492733725e-01
2.473033575146622587e-01
2.408415181007514949e-01
2.611201898515578268e-01
2.649594592293967876e-01
2.617477410644451497e-01
2.636337551672922053e-01
2.357174741432772613e-01
2.701405603873203720e-01
2.531330519434158433e-01
2.327166955425488959e-01
2.584986558277277968e-01
2.283204149664969651e-01
2.726197225983844619e-01
2.570074228960488316e-01
2.257394915141412162e-01
2.267159703976552310e-01
2.266178444090234945e-01
2.704573621488981505e-01
2.613040298377551918e-01
2.317505477911298017e-01
2.677726279574191848e-01
2.646127594466263777e-01
2.525576130349824755e-01
2.295216299405516136e-01
2.513453961680062188e-01
2.737466809170977511e-01
2.425087619580843512e-01
2.637391391516017425e-01
2.654018133933627732e-01
2.725795407716528063e-01
2.449849490770326932e-01
2.619452666397280582e-01
2.557855180326933930e-01
2.306029229443496420e-01
2.589463041922608344e-01
2.446580395040254263e-01
2.665182596064373799e-01
2.501468262265059694e-01
2.732360605004635068e-01
2.737759435377679074e-01
2.278732258525292820e-01
2.448538406736849860e-01
2.543181279685687302e-01
2.578692525470321351e-01
2.341681709478217188e-01
2.630861275642192298e-01
2.495810980955458502e-01
2.594785290476869788e-01
2.723973012903265767e-01
2.356423578585301604e-01
2.661285335479514069e-01
2.283247854832154144e-01
2.322718986338017932e-01
2.673695364807567865e-01
2.588096891961650936e-01
2.326416107781547060e-01
2.363063615681393337e-01
2.360812792202405530e-01
2.645682633604377609e-01
2.521561203326687095e-01
2.653817629072224848e-01
2.448509990739278774e-01
2.296702795445478562e-01
2.373521545823956136e-01
2.550752461797892723e-01
2.306530870029992464e-01
2.522948944143306171e-01
2.675280094200338521e-01
2.605730263235044308e-01
2.603034571731145386e-01
2.418338089415486003e-01
2.338839931746373446e-01
2.582612516524200319e-01
2.341681709478217188e-01
2.483349615366353957e-01
2.255097026713025476e-01
2.649553050937491494e-01
2.416323177277608925e-01
2.722636358889399810e-01
2.353188845112525462e-01
2.717284439780839889e-01
2.371122098092791619e-01
2.555853899697944076e-01
2.387896042497814064e-01
2.293094583604575742e-01
2.709080719940785142e-01
2.515539605938134637e-01
2.709718096098339135e-01
2.439468251522769471e-01
2.464300558634211769e-01
2.617682222982555817e-01
2.717493361368675808e-01
2.467704333168025954e-01
2.427834260534668109e-01
2.709686997773231854e-01
2.333479234770252098e-01
2.721429803806602044e-01
2.322888035593279610e-01
2.663366052410950924e-01
2.656059859821168212e-01
2.697274941902755296e-01
2.607099145808389196e-01
2.696675767313313488e-01
2.381248470603991585e-01
2.593956261044190192e-01
2.682813605742823126e-01
2.328320017078053805e-01
2.676069547829139639e-01
2.597348009321057138e-01
2.598870873315350938e-01
2.269938562966286599e-01
2.649567433734232869e-01
2.591151977189527500e-01
2.550148816168195109e-01
2.526561997609794719e-01
2.610173583332875413e-01
2.528349285970064031e-01
2.722153568380349942e-01
2.689815871889351673e-01
2.448307255243710179e-01
2.702255769507621030e-01
2.569626559309426961e-01
2.521490003091140242e-01
2.715141646718785551e-01
2.406598350755728977e-01
2.620887480370051037e-01
2.634209253217646429e-01
2.454580100200027815e-01
2.356653263910079010e-01
2.628900947830186685e-01
2.622311798933083526e-01
2.335283022718274148e-01
2.739995476453469525e-01
2.601782027974067768e-01
2.529094463118857772e-01
2.320075470186619970e-01
2.498109846413924529e-01
2.495179126131691905e-01
2.544030719372892269e-01
2.681024225806523664e-01
2.550114497961332161e-01
2.730098419282793176e-01
2.484749629153323314e-01
2.295188341336103499e-01
2.503611061705559582e-01
2.690560347212018200e-01
2.603051448666718892e-01
2.678166419587742486e-01
2.675073844291943614e-01
2.444086594687113478e-01
2.728392163553881034e-01
2.617498040487831190e-01
2.730302618421045491e-01
2.320926180447706877e-01
2.340441069452317280e-01
2.703175373793132996e-01
2.621648145028048771e-01
2.337699822491820234e-01
2.549824190182270467e-01
2.357508256196370056e-01
2.423324951708906161e-01
2.522497183885198391e-01
2.360099691705825897e-01
2.658675403949045668e-01
2.645885054449106377e-01
2.646688829673351506e-01
2.736468801240338200e-01
2.667796906793173939e-01
2.367695976570045602e-01
2.687773330868028498e-01
2.661993020723791292e-01
2.601782027974067768e-01
2.652285775636410436e-01
2.534485034075714127e-01
2.629372818418035385e-01
2.510942835004899565e-01
2.493945646001507754e-01
2.563529150100821719e-01
2.513559244041685403e-01
2.400406342073128918e-01
2.500155328317517078e-01
2.580212238233964284e-01
2.676354705754042662e-01
2.345045900251065685e-01
2.550148816168195109e-01
2.648026413725063644e-01
2.350719627395299882e-01
2.550947699860310891e-01
2.710019836839646090e-01
2.713626307225579515e-01
2.586655593990341839e-01
2.627775804765876133e-01
2.623566837006425234e-01
2.537598852054652188e-01
2.424151102894802068e-01
2.686626581222226751e-01
2.451959404130502063e-01
2.589460256694419149e-01
2.400016765570186783e-01
2.652341318852231011e-01
2.480229672513205030e-01
2.600453498606433156e-01
2.504951166177761257e-01
2.407689991492333037e-01
2.367458982356289432e-01
2.485543836579196531e-01
2.648840708859480642e-01
2.413410341299390416e-01
2.550212718744844231e-01
2.402286226751602083e-01
2.664854682076056025e-01
2.347016017250781739e-01
2.384230109993825397e-01
2.455983215559702781e-01
2.463695229317474089e-01
2.451293846484827177e-01
2.447933119533479140e-01
2.539137870928555030e-01
2.404945958261470729e-01
2.688206206648281471e-01
2.737323137633414505e-01
2.555606674983990079e-01
2.570252597963498253e-01
2.706139016020332466e-01
2.406869328773659777e-01
2.702445622785441537e-01
2.672682218828632550e-01
2.595986072098184216e-01
2.421741570926172760e-01
2.678505334071297761e-01
2.654960463898153877e-01
2.452205201747865992e-01
2.540350368352730648e-01
2.447853159681131763e-01
2.358900057607504763e-01
2.294851884903301165e-01
2.455021767431599944e-01
2.727633483551492044e-01
2.431244245610821031e-01
2.630122951334339376e-01
2.500343487293897882e-01
2.656479553914374292e-01
2.522397046070821158e-01
2.608529348891264199e-01
2.645065156359051040e-01
2.427056370541313401e-01
2.488887936352320307e-01
2.293477235369606460e-01
2.545724563408506835e-01
2.442507351734667931e-01
2.499553437892302055e-01
2.617477410644451497e-01
2.593549968950428775e-01
2.678056666858624757e-01
2.477107185225820296e-01
2.658186828484160324e-01
2.323262397338725360e-01
2.371678676162952693e-01
2.739945445318005546e-01
2.529759608558171391e-01
2.721253074117159221e-01
2.558046720821346431e-01
2.430106102834384274e-01
2.629035261591548545e-01
2.348569337625114606e-01
2.303276957664801283e-01
2.374447052114208312e-01
2.646179892023593494e-01
2.373694723806333284e-01
2.432346087103035570e-01
2.386231181822844327e-01
2.282965771685981360e-01
2.608230672783801163e-01
2.590344360247675004e-01
2.636255778989212706e-01
2.713313343222144014e-01
2.553765921166815667e-01
2.395417631255615798e-01
2.453776167715652212e-01
2.372557023019588596e-01
2.587826253436655288e-01
2.421103913019157505e-01
2.407862647716291216e-01
2.331715879614180420e-01
2.651715693285729980e-01
2.629071452101772732e-01
2.392259963303169923e-01
2.354201079897220161e-01
2.734366652702249212e-01
2.401997924291758846e-01
2.565591990101843134e-01
2.468865886892389061e-01
2.718878331796310555e-01
2.354790082885654945e-01
2.424787613548077536e-01
2.721075016231392363e-01
2.687611615334171700e-01
2.417598385334122357e-01
2.704168557189695066e-01
2.642659976003298161e-01
2.738144163752492810e-01
2.676621499317380359e-01
2.739995476453469525e-01
2.270559380437378594e-01
2.584626488762115093e-01
2.585516356393405824e-01
2.306663317440766914e-01
2.486754782788347384e-01
2.472802125276633567e-01
2.571608813431135454e-01
2.563089462204846680e-01
2.418022732416245657e-01
2.285161552044135402e-01
2.661116864511984259e-01
2.286935762416423823e-01
2.554790461403765311e-01
2.286374923459174313e-01
2.432780242557190664e-01
2.525158791063703001e-01
2.663898676724614223e-01
2.390952525504296267e-01
2.352978322971964187e-01
2.632614880786846578e-01
2.520398859333725095e-01
2.608779599870765242e-01
2.405871984255993357e-01
2.285944662733977728e-01
2.672682218828632550e-01
2.337315426343709590e-01
2.469879914884394734e-01
2.492092284310687966e-01
2.338018740357545866e-01
2.507730180515192475e-01
2.414748439206129693e-01
2.433972552102110498e-01
2.554674511679351778e-01
2.725888574561524669e-01
2.553471818313347574e-01
2.419659646441862377e-01
2.627384305369573347e-01
2.446928492967991309e-01
2.726301717883504172e-01
2.704559763277346041e-01
2.376811671719093466e-01
2.652258297198874515e-01
2.383680902514263567e-01
2.445616824158585723e-01
2.686110168212166860e-01
2.352563872031008807e-01
2.490531406721532559e-01
2.414986247663229446e-01
2.614566195590907194e-01
2.714983505763795546e-01
2.705992420378312002e-01
2.299037522621388274e-01
2.307281525979232029e-01
2.683878577127838394e-01
2.355758694631764627e-01
2.630337267941765256e-01
2.726197225983844619e-01
2.554097199304734556e-01
2.686181480041197611e-01
2.291815457468161510e-01
2.733832041976269611e-01
2.620080066421659470e-01
2.539150627944294358e-01
2.720104825794353309e-01
2.666372680333422007e-01
2.503813844516143416e-01
2.731792157590222647e-01
2.400899831751533986e-01
2.383394562443331699e-01
2.572840364086572129e-01
2.598871164438333325e-01
2.370618923828760050e-01
2.732854613896382734e-01
2.298200914351640756e-01
2.635064950854677512e-01
2.387111309720834074e-01
2.582915939144367901e-01
2.446928492967991309e-01
2.608890912279061003e-01
2.347309325263993163e-01
2.485181368302006866e-01
2.558336333504505067e-01
2.534706613507903272e-01
2.611756855375110264e-01
2.455021767431599944e-01
2.545724563408506835e-01
2.714301643123480101e-01
2.361288702429470976e-01
2.633973493617942641e-01
2.454025694176502626e-01
2.272848526269342084e-01
2.433721427214136368e-01
2.402210805841282215e-01
2.529486632005355506e-01
2.480573555254566853e-01
2.537084408865812879e-01
2.629904822057832492e-01
2.500604136072686612e-01
2.353399882125613019e-01
2.613240670880846439e-01
2.356653263910079010e-01
2.567261878691780019e-01
2.526371722362577565e-01
2.480288597509761606e-01
2.597572699096267201e-01
2.390468929810525556e-01
2.640241475198119026e-01
2.428047032657711379e-01
2.432470283625161878e-01
2.699422523178566791e-01
2.396818532734004137e-01
2.576210614004024180e-01
2.693184641923917488e-01
2.463688583965442658e-01
2.477949980325945267e-01
2.407231403651896307e-01
2.478003865773343306e-01
2.436096711273670334e-01
2.554806852107965320e-01
2.495094595693350403e-01
2.459407081758847591e-01
2.329851116211317241e-01
2.498769006172478768e-01
2.645575916496480384e-01
2.646067940364439930e-01
2.544641813071334413e-01
2.505682825265019842e-01
2.566177606269464118e-01
2.648552518569501357e-01
2.311068350014176265e-01
2.614365290464123470e-01
2.664514912210718678e-01
2.662435528968296605e-01
2.533282144021217208e-01
2.604020827348434430e-01
2.537735685766686622e-01
2.354259855811458024e-01
2.420774989799086563e-01
2.595297999442561232e-01
2.476959054457507081e-01
2.488142562616213749e-01
2.568996991159413490e-01
2.310859966174701186e-01
2.250981673341770906e-01
2.678505334071297761e-01
2.282370742626589899e-01
2.566830950207219519e-01
2.542457741740576926e-01
2.673695364807567865e-01
2.547807195481199827e-01
2.606520975382049521e-01
2.700085821713361645e-01
2.557690713237202318e-01
2.579249179350797672e-01
2.684534197896275565e-01
2.705182735040103648e-01
2.302064575429587923e-01
2.460203001264642253e-01
2.664699424455962973e-01
2.462336800091717570e-01
2.410534235274434944e-01
2.345060905001743468e-01
2.498213719188473736e-01
2.290232918659068917e-01
2.254235610871611895e-01
2.729806335919054971e-01
2.512829846645643350e-01
2.475106140306984059e-01
2.449197604418551499e-01
2.469241239607654903e-01
2.433976497247174742e-01
2.661666821563689056e-01
2.629118366518173877e-01
2.537396043056268091e-01
2.619381857648398482e-01
2.289513349603417847e-01
2.489440503900412494e-01
2.668013502101930223e-01
2.311947272656015018e-01
2.459424487148527683e-01
2.655854819877062623e-01
2.490586421616735879e-01
2.372710872386421255e-01
2.385349196211914713e-01
2.280750744337890490e-01
2.575332244531695625e-01
2.446928492967991309e-01
2.339491542687350267e-01
2.281542199130400239e-01
2.552279363177192284e-01
2.298896805488022388e-01
2.698486108405303563e-01
2.664678479353175811e-01
2.475409802939035342e-01
2.352464645747392169e-01
2.615972529066458163e-01
2.512712095015270930e-01
2.558222476865875672e-01
2.534485605837617506e-01
2.418594338027601764e-01
2.354244977176728204e-01
2.248004751247648647e-01
2.651969197226256014e-01
2.358906703778528846e-01
2.614265033576479436e-01
2.529621584313836435e-01
2.539966842120701118e-01
2.632207342828385421e-01
2.672230380511650405e-01
2.475833854608456841e-01
2.393261426958492311e-01
2.407407498869051643e-01
2.236948914055674753e-01
2.516198250258031011e-01
2.505602001292027703e-01
2.408671001421969493e-01
2.555276682686073442e-01
2.406031714982560521e-01
2.551621356588249512e-01
2.661633663520109883e-01
2.466284422992177650e-01
2.626825292010157575e-01
2.449145490088134314e-01
2.406152542931691007e-01
2.710630303999765900e-01
2.293551697447825388e-01
2.734212283553877354e-01
2.587056797882436587e-01
2.568110895683559658e-01
2.697153916330800594e-01
2.526504732525270969e-01
2.614591554629815962e-01
2.401608876730267073e-01
2.631025849508625281e-01
2.685515275698842630e-01
2.365144076537649132e-01
2.633423770437768874e-01
2.385252388391867762e-01
2.302472868100307601e-01
2.633772964188815791e-01
2.604031214720612386e-01
2.572423808991128880e-01
2.577010599749876563e-01
2.603287326130213630e-01
2.662643464843229557e-01
2.674978015948655252e-01
2.386182074683349807e-01
2.614643521876695575e-01
2.471587069261179936e-01
2.404421346608850429e-01
2.366476967875964510e-01
2.468695423938084277e-01
2.307281525979232029e-01
2.622749002373791494e-01
2.606242394600333245e-01
2.436223331290117422e-01
2.697598167652586199e-01
2.646844848447559295e-01
2.454349163359813568e-01
2.557131483500353908e-01
2.428185158367618390e-01
2.662493638858477452e-01
2.527596725119160559e-01
2.624793517349601757e-01
2.354920702793992793e-01
2.728178332351829383e-01
2.382593801837276093e-01
2.351870551776641394e-01
2.413410341299390416e-01
2.475280410855084101e-01
2.534258512231817306e-01
2.279762972048243741e-01
2.709945199176185815e-01
2.523913683596847313e-01
2.306513623379009004e-01
2.573462694611529100e-01
2.643864917485647670e-01
2.380169438726421616e-01
2.327455213699928804e-01
2.649536722651055776e-01
2.381141620493440747e-01
2.427397173155891041e-01
2.523540681597243318e-01
2.381953078127436452e-01
2.471267895635194112e-01
2.312187147505196383e-01
2.506906212967354719e-01
2.465346996986761963e-01
2.642330820268146141e-01
2.667550476993844621e-01
2.567274729046630788e-01
2.340003941602284421e-01
2.325551309601687489e-01
2.413971122164598748e-01
2.410447642729998396e-01
2.350719627395299882e-01
2.584554346439676964e-01
2.654708738393978251e-01
2.663761604706044173e-01
2.699349894769383362e-01
2.713626307225579515e-01
2.589242297017353978e-01
2.726728521237660741e-01
2.292102419996711882e-01
2.236239209982367193e-01
2.421741570926172760e-01
2.583686930737958409e-01
2.580375849409597966e-01
2.441632007333398025e-01
2.366265336864918356e-01
2.383214101122805573e-01
2.727884837158980891e-01
2.536847314365783812e-01
2.573988216760468850e-01
2.377528942455562899e-01
2.304492768877706155e-01
2.590646311172630778e-01
2.440868807454799061e-01
2.346985890637828531e-01
2.551146630484507627e-01
2.593392839053240140e-01
2.654215241912228351e-01
2.551041900491272107e-01
2.647166496400372715e-01
2.505074184849919727e-01
2.540890321429238319e-01
2.271104335942896180e-01
2.571275688779929847e-01
2.463425244393188107e-01
2.307316042100421571e-01
2.506411955138754255e-01
2.313133926161481946e-01
2.418164348634203042e-01
2.545951991795648017e-01
2.712730558127300906e-01
2.364236987994222661e-01
2.461525939488983517e-01
2.302821052288657189e-01
2.487197590344538689e-01
2.392267723119348155e-01
2.365798421379294580e-01
2.517671380465125730e-01
2.609269639898903481e-01
2.469597966934369559e-01
2.289441009369033719e-01
2.504639261207448064e-01
2.626278338694895687e-01
2.387042135049408098e-01
2.290911258951896512e-01
2.509818804380309354e-01
2.706981034412044851e-01
2.698945345949742003e-01
2.566562893373917076e-01
2.600218907079955288e-01
2.697210059882425015e-01
2.481182452604079880e-01
2.507022867535725896e-01
2.710599278048582139e-01
2.727442971412320505e-01
2.303869939931524335e-01
2.725605712363610711e-01
2.358250021910862082e-01
2.462199418341426138e-01
2.627977706914761402e-01
2.551683812365522774e-01
2.442201360561726542e-01
2.607939036525598886e-01
2.467713115454995276e-01
2.394611873756268827e-01
2.452427727098889232e-01
2.588266607960373333e-01
2.706559463032900403e-01
2.650527783033037599e-01
2.476740495378003948e-01
2.387306481870744013e-01
2.445665411399410294e-01
2.290740478611074382e-01
2.441993312647777192e-01
2.525984498054384408e-01
2.493827180380239483e-01
2.560290337663577720e-01
2.479937413307262695e-01
2.287039835268631638e-01
2.429365112903451585e-01
2.329857369691401558e-01
2.620637648565250499e-01
2.724907235080811785e-01
2.568887267900560878e-01
2.381921739678388716e-01
2.650169918734043284e-01
2.655568282774589117e-01
2.468064627928670540e-01
2.735064372300434199e-01
2.445616824158585723e-01
2.270378723631664708e-01
2.645745641610199317e-01
2.554900377673324785e-01
2.707464633793156272e-01
2.326649687209970396e-01
2.291348838139403987e-01
2.712760544910717275e-01
2.683649010036723292e-01
2.399605331125018171e-01
2.368938194780221274e-01
2.495243044437477076e-01
2.716658638864151709e-01
2.273567367400516903e-01
2.696712519282116194e-01
2.626825292010157575e-01
2.543923122343341725e-01
2.566790294892235536e-01
2.607855272681097181e-01
2.622627927386073643e-01
2.443980707315743239e-01
2.732645937123111546e-01
2.332803419536814971e-01
2.647123693821519241e-01
2.482234089724380255e-01
2.437311734459042811e-01
2.343109989235508950e-01
2.539146127610970027e-01
2.442322656006165049e-01
2.507861737354302178e-01
2.456586828656328603e-01
2.675991933633825592e-01
2.735980413315490800e-01
2.637950132019243332e-01
2.679471519491914977e-01
2.391820078456565468e-01
2.693290012961673252e-01
2.702459491724262808e-01
2.687097799856013047e-01
2.626621977971331789e-01
2.531910847985078261e-01
2.719036566672363708e-01
2.437327031943390676e-01
2.395417631255615798e-01
2.324744263745494033e-01
2.536562799054690176e-01
2.628065612298018383e-01
2.620999266017655649e-01
2.558010404168352681e-01
