8.926256764066958175e-04
9.285655620745695161e-04
3.837200643257395512e-04
7.797543155809587333e-04
1.005364903397172735e-03
7.196225629845496609e-04
1.537790713113093566e-03
5.572491388947265617e-04
4.081491270747460284e-04
9.116187583795583695e-04
2.742255262321896276e-03
1.030224778366918385e-03
6.431696089486879913e-04
2.263647568084487850e-04
1.490150616277770117e-03
4.717833580567732830e-04
7.298376187996895477e-04
7.734824660774619219e-04
8.607452799385427239e-04
9.640258261879894146e-04
1.127717746300448175e-03
9.204690289674337432e-04
1.156423915026123621e-03
9.650075299782486090e-04
3.289925856637400088e-04
5.332131671803359190e-04
1.776881837268310792e-03
5.747871153631434063e-04
1.498533872917881451e-03
7.156514939854234040e-04
2.915337544758533905e-04
6.826104578814208741e-04
8.615474270389392002e-04
5.286719005361084460e-04
3.046965493774399843e-03
1.281487053756071633e-03
4.515195949417390468e-04
8.206806794488208379e-04
4.286601967880490508e-04
1.617916475409845447e-03
1.093197892151485245e-03
2.358471171057151955e-03
4.301377926661020595e-04
1.707738440185341397e-03
3.141612470889282652e-03
5.504244836107811826e-04
7.600142759337384689e-04
1.503169170521914894e-03
7.027843734883585389e-04
4.398575054798894318e-04
6.119928400711378749e-04
1.743439634634432302e-03
6.170018712947526523e-04
5.002220577415440045e-04
1.958248913784957964e-03
5.568554512240339203e-04
9.349720268165748454e-04
5.866058355994030644e-04
9.984909830339412391e-04
6.427986860681538742e-04
5.044024130767024413e-04
7.999314221988315958e-04
7.485869028071765428e-04
3.839861009495585059e-04
1.801041745693323466e-03
7.591699217047452640e-04
6.742186408754918640e-03
2.157343560837082005e-03
6.711613076050386428e-04
6.242839179286160381e-04
8.477000031584028521e-04
7.277533963510111848e-04
1.092204715029465806e-03
4.476591807402181388e-04
7.432879132545502443e-04
6.655429288993664752e-04
1.035038228287246155e-03
5.189743911045016037e-04
1.831264819972872136e-03
6.940883936438864074e-04
8.771940713590847425e-04
1.452796499403047684e-03
5.503127781561091688e-04
6.725995028323357352e-04
9.502472422035213289e-04
9.897597227704719395e-04
9.642599402314784747e-04
7.056170118059869236e-04
8.880361193798031686e-04
5.945334652383483425e-04
8.081928346065312416e-04
5.462321997306561787e-04
7.846532442498358080e-04
7.464291796601616987e-04
6.946430092395158330e-04
8.860045311789995718e-04
3.484055932819524106e-04
3.028398463825675638e-03
7.095242951222617035e-04
7.609938101782065967e-04
4.137483535981292078e-04
1.215173402298373598e-03
8.632380263995653724e-04
5.598729392591598108e-04
4.427641767774768305e-04
6.262629169585086234e-04
1.019487807047364395e-03
1.808817245651882623e-03
5.152899357474206767e-04
8.677516305275929671e-04
8.201935939046830137e-04
6.214702979371344339e-04
4.447107883085154320e-04
1.376148944185663029e-03
8.255305983132065883e-04
1.258089438507575082e-03
1.223783171864594593e-03
5.386505973727571646e-04
3.428527683865641639e-04
2.176528635916690022e-03
1.731637009545439806e-03
4.422097837813497665e-04
8.683473961145821065e-04
1.179533255635803728e-03
9.043012712839144278e-04
3.725156387820234994e-04
8.061144224217730442e-04
6.201534525132338304e-04
1.506860563950590277e-03
4.625862961540873298e-04
7.062052826843222449e-04
5.375409127009111391e-04
5.362942553826544620e-04
5.126760450374901606e-03
2.892600615878233774e-03
1.077725613049838622e-03
7.789167160334256341e-04
7.134063421311997609e-04
6.545270683272708329e-04
1.055130460232293291e-03
1.234509177703764634e-03
6.445202992851872250e-04
8.055352890207819350e-04
4.300668668396504055e-04
5.523204713817173213e-04
4.258930775558326292e-04
4.422988517420432006e-04
9.547160176538151350e-04
1.227772902019964385e-03
1.093800570731190414e-03
1.655125095241856631e-03
6.411512494124642749e-04
1.638733997714987740e-03
2.199551252390885645e-03
7.493828399772293081e-04
7.983210103113968668e-04
6.171492256738508051e-04
1.288883810556508630e-03
3.181892022649034741e-04
9.445198700770317994e-04
7.986523244616389357e-04
1.249080296192158759e-03
8.908358686794115838e-04
1.278311338403004477e-03
4.361134625163434384e-04
5.918525125440577848e-04
1.783547690364880841e-03
9.447664022321681327e-04
1.604260879888416398e-03
8.618107026958479787e-04
6.414636698877299167e-04
3.786503134968292601e-04
2.944627641691322699e-04
1.130406968809692658e-03
9.277660712431901741e-04
3.334208787419010384e-04
1.219712813465920675e-03
8.235230076852003995e-04
5.044013938078687181e-04
5.190509212000223634e-04
3.232663369952703983e-04
1.082575793166485082e-03
1.870095083979990283e-03
5.694811187800527877e-04
8.675226121069101000e-04
7.394337387111756237e-04
1.051981355965723487e-03
6.013102334796945362e-04
4.212243634349418543e-04
4.360484237723576150e-04
9.760228909353398270e-04
4.909014523206979000e-04
7.587105374757879481e-04
1.611094002928626073e-03
1.351318686193181927e-03
6.134237859939628253e-04
1.586694546896838184e-03
1.036673591508279531e-03
3.587783947979476698e-04
8.650406969415377640e-04
1.903564495482827678e-03
6.583739646991665449e-04
6.551238472119459656e-04
8.044639075088429745e-04
5.446904324571970237e-04
3.581669107643401244e-04
6.024209940198760630e-04
1.630437945247175226e-03
5.962125457672208485e-04
5.882806698943935904e-04
6.651310017647478652e-04
1.656043380077766840e-03
7.895083428227316459e-04
7.429523962991833137e-04
5.000404178663866647e-04
6.334681015897316225e-04
4.287853205556576425e-04
8.587656181576498998e-04
6.358399158376992115e-04
6.223975594774934245e-04
1.991195002999327640e-03
5.600821700954319296e-04
1.485143494872717641e-03
1.072951748127509101e-03
5.317902010141352170e-04
9.142710768467032919e-04
1.181251386037872374e-03
1.073832575784931060e-03
5.065798389429459862e-04
3.624413878916035703e-04
1.238654576317484461e-03
6.930035146517200904e-04
3.875235548712822452e-04
1.344012919840796311e-03
8.765668870325170553e-04
9.175572933929498519e-04
9.319069805142857904e-04
4.754510670088463327e-04
1.513052778592045627e-03
4.829425233442498117e-04
2.088986189148775343e-03
1.242143329260398917e-03
8.528253752879612782e-04
1.964921681334484173e-03
1.464092015809613555e-03
1.320303832626354900e-03
4.420056480277687744e-03
1.396382293292234948e-03
5.691332829476795961e-04
8.162067615082388298e-04
7.053397357851632970e-04
5.648248479615547175e-04
8.332948720457540592e-03
5.583471602527800663e-04
1.014950539987550691e-03
9.599297501007957034e-04
4.746940044807127358e-04
8.430606026829489796e-04
1.330579857236220296e-03
7.166185604488544553e-04
8.358251652723797673e-04
5.314660968158407958e-04
4.515195949417390468e-04
4.440717834072341417e-04
4.140405194499252530e-04
7.358085831104323486e-04
2.205239127127416564e-03
6.061945812920779527e-04
1.065062383194769835e-03
1.005763311988440087e-03
7.479754287347097422e-04
7.640516886312886773e-04
5.289660735676628839e-04
7.525639556003149537e-04
6.073347886589775977e-04
5.437253018930146044e-04
7.602163590604382563e-04
1.350678359958556356e-03
5.131193086327272626e-04
3.664933253440876243e-04
5.447467275179769921e-04
5.112240830174295293e-04
5.869737538742669054e-04
4.155846418047463766e-04
5.178894178214226438e-04
8.822928303302205030e-04
3.138227554299215412e-03
4.786957966456640515e-04
9.044322452186163985e-04
3.459717199796277678e-04
5.990761885482360875e-04
2.085177248973473473e-03
4.374950030825434824e-04
8.917963079486135878e-04
1.114657360897268468e-03
4.584471437678468674e-04
8.098846833292900433e-04
1.526501327417221793e-03
5.833738415385803433e-04
5.598668155712986563e-04
4.286493259225903707e-04
6.009137270217625735e-04
4.794849846561995317e-04
1.735589774046943350e-03
5.138943611495352818e-04
1.389481034300650997e-03
5.203208859218532443e-04
4.494605095061788777e-03
4.878640985226567924e-04
6.560266854169095191e-04
7.260001617413143265e-04
6.960478775080839765e-04
5.047319277448009209e-04
1.146176867575090163e-03
5.305103807130914654e-04
1.166518759374059579e-03
1.217561396664530032e-03
9.419961504291866428e-04
7.163935655029562673e-04
9.316273801530021523e-04
2.829960910192557571e-04
1.293231213113313393e-03
9.662812108743737763e-04
4.236996406646681640e-04
6.913667683576743680e-04
7.914191821470702333e-04
8.989817942673153069e-04
3.773754882655744000e-04
5.114380142935954056e-04
5.529616305812753811e-04
9.647022545278480243e-04
7.030805044044637509e-04
8.928410691318442501e-04
8.358251652723797673e-04
1.034703614279137204e-03
1.349479217643702539e-03
6.633374291992624565e-04
5.923525754269448997e-04
4.030202658019782741e-04
1.433854839946760830e-03
6.488627999183262888e-04
6.447816502552828656e-03
6.826104578814208741e-04
1.274207003812158128e-03
6.707140657748662284e-04
7.176169336688161112e-04
7.995796642451536958e-04
7.797964627135365668e-04
1.639932197139913096e-03
4.844894035624533685e-04
8.607266671813387391e-04
6.596753110603442325e-04
1.361368138313523999e-03
4.631342622624198715e-04
6.852995948031435870e-04
9.599297501007957034e-04
1.322079980355569170e-03
1.245028170222819367e-03
1.037251807464735151e-03
2.211995695068131110e-03
6.884318605696892763e-04
4.886970861881057655e-04
3.731544669878896544e-04
6.793651300932546620e-04
9.806755111244785418e-04
1.049876878602152121e-03
6.711613076050386428e-04
1.420608740217999162e-03
9.043822031472482795e-04
8.309302361224431190e-04
1.227190783002276046e-03
1.406897435177575234e-03
8.438198232651382370e-04
1.236792094511423223e-03
6.758863000612659816e-04
7.617203237433557098e-04
3.834164104031970795e-04
5.902806140578692158e-04
1.972771099948802172e-03
5.519966486179868131e-04
9.921544958277372407e-04
8.237460587055344492e-04
6.540515703834368826e-04
1.353275007640968725e-03
6.582767366452756596e-04
1.064338237822283094e-03
5.413597137648360185e-04
1.253599584518074340e-03
5.423647442534197845e-04
6.857490835102394511e-04
7.045647130390930192e-04
5.112240830174295293e-04
4.995995455314261157e-04
5.037296530089818095e-04
5.640399681034085396e-04
5.382697407340300685e-04
9.064311340776347054e-04
8.696037076413473633e-04
1.046778809117976557e-03
9.383669054237195545e-04
7.722513826334819224e-04
1.172476076807603667e-03
1.032931455958311425e-03
1.484975239068486936e-03
1.140336464306514934e-03
5.920624070609866677e-04
1.112806529416466000e-03
3.618652343027217613e-04
3.328430588117465270e-04
1.215346602469431292e-03
6.038541905138625210e-04
1.099819776422682801e-03
3.623557553847315139e-04
4.391318125375933551e-04
5.084350814186792055e-04
7.659558795326939845e-04
1.864720881542597649e-03
1.408077360478500982e-03
7.970465230824225764e-04
8.602437997852094244e-04
1.340766177849667248e-03
7.354901332553051129e-04
1.185561606039826519e-03
5.740013938795909256e-04
4.179761112914142165e-03
7.087122470580396218e-04
8.474752772526622209e-04
4.476365486304555814e-04
1.095630237999844440e-03
5.355055874762226472e-04
1.394041980901925600e-03
9.056124092914051051e-04
8.283710501291996747e-04
6.093180973744122134e-04
6.633374291992624565e-04
7.022426451781722291e-04
8.099402232793278481e-04
5.023620397774816683e-04
8.419369323031365444e-04
7.159767036585319450e-04
5.883895987413645737e-04
4.615252294010987132e-04
1.254576943635239044e-03
7.475801906422786238e-04
9.223219472981544504e-04
7.096308331369639800e-04
1.124865287630793164e-03
1.708976165886662551e-03
9.964922493677637154e-04
1.281268149352679216e-03
3.746746524839992014e-04
4.520679898862306630e-04
7.045647130390930192e-04
7.881197985614419015e-04
1.191238143634468748e-03
4.298696693482668496e-04
3.702113016982260365e-04
1.127900091819717234e-03
2.942777106935668915e-04
3.970548700720957346e-04
6.348866839789933224e-04
2.981216109502776712e-03
7.750381535815441042e-04
1.600033002983303979e-03
6.092884389257383505e-04
6.563753153368724483e-04
7.402161716159126994e-04
3.488897291270109512e-04
7.891382008643564984e-04
1.206905280015174329e-03
8.465086755133571046e-04
5.913199908235764867e-04
1.154436799791803752e-03
5.844604902187526064e-04
4.615252294010987132e-04
1.727357139109385797e-03
5.735280305168573940e-04
7.321095372086500620e-04
5.008698769332095655e-04
4.715848201469835196e-04
1.078609987760889479e-03
8.003155484476774315e-03
1.127031119089399059e-03
8.837905364919596560e-04
9.685752433174497954e-04
3.316096338715272774e-04
5.289329147871239508e-04
7.926124440439387105e-04
6.782160167529849987e-04
7.041468906213865396e-04
3.066496523538150484e-04
1.171063583471919183e-03
6.007014593969728627e-04
7.889797087487378496e-04
8.327091139809601403e-04
1.162082052738987918e-03
1.131132076267687015e-03
8.396611508575232063e-04
1.141734521162017339e-03
9.331199726410400238e-04
1.147973690126262826e-03
1.078227975435086831e-03
2.163040320194934991e-03
1.279257810046415368e-03
1.123874701824120704e-03
4.936831983436149388e-04
7.521554832517392004e-04
2.338434664953195716e-03
6.711438878573516799e-04
5.044229114268084044e-04
1.042051258574598583e-03
8.660221401696463267e-04
1.225835853354276337e-03
1.200018320924420246e-03
1.107013798568374629e-03
1.271043676515766279e-03
1.343335309143908144e-03
1.150143426417908751e-03
1.009529479219685964e-03
3.105145369781347705e-04
6.366404356004435770e-04
3.736042354045093447e-04
1.005157105832845538e-03
1.161666599152785329e-03
6.982515677924666826e-04
4.327619918296121324e-04
1.255209251326082093e-03
1.335284094108749389e-03
1.239167564915390728e-03
6.052468300267102716e-04
1.094138021979436425e-03
3.420807996011218047e-03
7.244149329708879847e-04
1.051981355965723487e-03
4.897133563290961313e-04
7.554090166050434754e-04
1.087950350653250648e-03
4.476591807402181388e-04
3.525141596861269041e-04
3.633824831747422580e-03
3.084582211042827303e-04
3.677539543469605216e-04
1.185561606039826519e-03
6.152545239448977505e-04
8.442664146622514592e-04
2.117808030965436048e-03
6.983029986916649938e-04
1.028723041821106524e-03
5.139551798885137746e-04
4.437777846210819903e-04
3.209185715782848715e-04
1.336803369251427084e-03
5.488207254267251940e-04
1.349638845211553534e-03
7.086696126467818173e-04
6.082508294519124942e-04
5.817531481500062178e-04
7.071939265305390897e-04
7.728818014990103923e-04
1.023654954835585742e-03
8.933238063959726867e-04
4.019080528062433585e-03
5.557433183851448900e-04
7.366057196390018037e-04
6.517387454527640922e-04
7.795795070289955825e-04
3.948785447786316394e-04
3.194673984054558521e-04
4.253243072009894009e-04
3.787685232861221028e-03
5.913199908235764867e-04
7.354901332553051129e-04
1.177628799121507039e-03
1.274848811970197976e-03
1.430294843438484776e-03
6.871234099352790687e-04
1.158646320775621498e-03
7.622226108949922609e-04
3.280509545045947641e-03
7.504399769440960304e-04
6.565288753240423880e-04
1.818168942279152706e-03
7.643077718675671348e-04
4.305519252063610600e-04
5.783204530219863580e-04
7.610001305475164396e-04
7.614665183705109346e-04
4.810079220155117317e-03
5.185342498983942609e-04
1.026745901714042324e-03
4.401136754548120428e-04
4.372211666542213764e-03
1.054817352964031044e-03
5.690918509844545376e-04
7.190473453174859794e-04
4.076154195527268223e-03
6.484275751727096217e-04
5.684374471432755097e-04
2.598784408019664746e-03
7.643931776110884186e-04
5.116541244257235806e-04
5.628780254114379824e-04
1.029323681235765888e-03
2.791227961611891968e-03
8.225014321138675874e-04
8.591950040036703228e-04
7.648514509344687875e-04
3.398749060654756779e-04
6.258916996009591428e-04
7.257044939376795789e-04
1.445738789847355070e-03
5.047577528734319922e-04
4.489647044809100154e-04
1.013115171596117936e-03
1.727357139109385797e-03
7.289118722857803375e-04
6.091468505790913982e-04
3.327579522026687499e-04
6.589740244890941257e-04
4.186729342175074769e-04
3.759562902631479256e-04
1.689183617031712751e-03
7.545434909619030657e-04
6.472532102993487678e-04
7.157559783735617390e-04
1.362528118145573622e-03
6.316741250177914041e-04
9.441598769586570300e-04
1.397448096143166047e-03
3.649304260448736604e-04
1.140711096490734005e-03
1.014950539987550691e-03
1.091573645752106931e-03
8.642364091560132125e-04
1.125268002851480568e-03
5.551397469238073760e-04
4.466223252350796794e-04
5.536905768814785874e-04
9.430560624463026368e-04
6.632282010198028814e-04
1.014618708076890641e-03
4.223451735668415320e-04
1.916743105360527210e-03
3.921473211443157010e-04
4.216037591482727225e-04
1.501115713579835326e-03
1.342640850212113799e-03
1.114657360897268468e-03
1.336914167246769413e-03
9.848879745417858569e-04
9.176941131241833464e-04
4.133723217786361382e-04
8.437493375103041846e-04
5.338185463517891452e-04
5.863282768465810342e-04
1.044525909615537547e-03
5.399861570010827108e-04
3.495702653387511359e-04
5.175424332960703146e-04
2.287154045200938488e-03
1.180624787770522335e-03
6.681217104311373486e-04
5.128199868503310237e-04
4.421417802681687687e-04
5.913342298731889520e-04
6.122771242551866989e-04
1.886792535115271955e-03
1.105983757721913912e-03
9.319069805142857904e-04
6.146293956770077600e-04
5.192389033565687935e-04
1.897282907766100488e-03
7.774964016291071667e-04
1.661878403309809474e-03
5.724174384083942010e-04
4.508135985281123753e-04
7.602029153322472504e-04
9.469719679010424199e-04
7.564147134607988616e-04
7.866166048042731425e-04
9.807788530746775965e-04
7.305600355232740994e-04
7.214851927064797965e-04
6.551774866752660105e-04
1.838909572744609235e-03
1.046795496121598768e-03
6.965933464645569307e-04
1.121782204759970685e-03
5.356966467288977593e-04
1.371352732811804455e-03
4.344896223067486467e-04
1.606560081165232020e-03
5.488207254267251940e-04
5.998191783786381657e-04
4.514942041671231331e-04
3.319673597640554214e-03
8.787450451345647090e-04
4.634685381564061855e-04
7.310817637656568009e-04
1.138508026083087611e-03
1.818168942279152706e-03
2.123468742347434709e-03
1.077346331951675425e-03
4.361661373544098398e-04
3.202555642313407482e-03
1.279257810046415368e-03
5.600599128769861469e-04
1.069768344232202226e-03
5.373622197348558492e-04
3.587230395015388951e-04
4.651477452341242044e-04
7.774964016291071667e-04
1.498605149042243900e-03
7.881187684552056968e-04
8.213610475736370315e-04
7.707132882775817291e-04
1.033070407532735071e-03
1.427183175872240436e-03
7.071939265305390897e-04
9.950088582268909465e-04
8.852488216155961339e-04
6.667072241885729778e-04
1.206774604379019138e-03
4.006837085234785339e-04
5.202617900825917425e-04
1.378862510900898206e-03
5.945334652383483425e-04
3.652813621159345294e-04
3.098693889467658835e-03
1.432026936827681275e-03
8.699401288839575790e-04
7.291953908826393806e-04
1.003689296346953804e-03
8.970760406895999031e-03
3.616592272523788763e-04
5.409195167599439207e-04
1.765156661705088222e-03
7.328712747632561576e-04
4.713584669561492668e-04
7.848460381413735910e-04
4.460591282148704761e-04
5.696928888971445910e-04
8.841832636701640186e-04
5.287929631290283960e-04
9.719216949975598759e-04
9.874814249579261759e-04
7.450414615158578628e-04
6.788404305682982452e-04
6.052468300267102716e-04
1.137616316157070290e-03
7.588812019444493226e-03
1.684799771957068860e-03
3.510112808656548102e-03
1.303380549057814655e-03
1.452796499403047684e-03
5.548729983326394126e-04
1.115885726577808606e-03
6.555480488397440360e-04
2.893123525464434600e-03
4.642177613078103085e-04
9.620076111824435970e-04
5.128199868503310237e-04
7.326271297270190754e-04
5.980446092469776783e-04
5.595401286745363845e-04
8.264860367708232311e-04
6.867353767977962559e-04
8.820968394267585371e-04
4.795077826694622825e-04
7.772016032964654524e-04
1.370905211701609972e-03
4.994366046358840244e-04
5.753725301429227180e-04
5.557333190162745381e-04
7.639085535794660044e-04
1.123228322975660309e-03
1.041979325699375625e-03
8.123617349693349008e-04
9.055675138163983085e-04
5.327766493858039154e-04
1.106691460142854517e-03
6.883021155755394927e-04
9.745410345015791034e-04
4.934604941414838433e-04
8.014785816382106846e-04
8.122390558399962286e-04
4.359357819273640910e-04
5.720035664396974119e-04
8.477768905680102421e-04
9.338337460306967612e-04
8.940373637610951173e-04
3.792994318496672882e-04
4.499285118356245489e-04
7.888706953075941622e-04
7.492119451899205331e-04
1.130016851366965605e-03
2.522158238893606216e-04
4.298696693482668496e-04
3.327281420588142731e-04
5.055388998141051001e-04
2.218143462970064306e-03
6.071242035202206516e-04
4.576395933581448180e-04
8.616664021625898779e-04
2.133442425703732832e-03
2.200177900764452386e-03
2.105339661826511905e-03
4.253563964220885129e-04
4.160204984829075307e-04
1.427282020610685671e-03
4.413150757934075326e-04
1.012237653630497849e-03
6.549348648069478699e-04
4.562134839844210260e-04
6.749969329536466018e-04
4.027642144412051984e-04
7.453634720170362144e-04
1.297669143067331195e-03
1.289218501302289138e-03
4.186579288328192111e-04
5.095712362354412606e-04
1.939270651917483854e-03
3.712433068625151577e-04
6.303798562346496189e-04
5.312209266034082595e-04
4.046123695809419082e-04
8.467118122446957561e-04
4.026442508797110106e-04
1.547896247612264237e-03
6.186335615031894825e-04
9.222101092418159190e-04
4.656422767422815413e-04
9.010176211787738337e-04
5.673230494520415312e-04
2.526899060295308228e-03
1.292891497750653850e-03
1.297669143067331195e-03
1.486517605569467534e-03
1.069261080397384449e-03
8.882315402946638948e-04
4.413150757934075326e-04
5.969906635272033846e-04
7.640516886312886773e-04
1.242143329260398917e-03
7.587105374757879481e-04
7.850036439580882885e-04
1.495893129231889171e-03
8.721575612071118472e-04
8.253436363633499025e-04
9.726601525108306530e-04
7.805503867092443513e-04
1.209638168608341991e-03
3.904487427624935458e-04
4.244949889712025981e-04
5.673937796682001393e-04
1.086780863803040896e-03
6.781909735548262300e-04
6.770417097529012789e-04
1.567148969238878154e-03
9.807852932590096010e-04
6.218730861206214853e-04
5.993266523892579190e-04
5.212548154670512733e-04
1.111658761823442832e-03
7.089949660492151327e-04
9.469104492852389214e-04
1.342889128284054058e-03
6.598087608094151514e-04
9.882548096550303456e-04
1.075090808076245791e-03
4.882183302893125087e-04
4.484444915908697275e-04
1.048486725354236477e-03
1.221840398258525195e-03
5.732561311281112598e-04
1.212149555710739617e-03
1.041604815389133394e-03
1.909739822954083493e-03
6.065800078900997162e-04
3.319603985195232216e-04
3.539560282761929620e-04
3.515557891961046031e-04
2.443240924225141032e-03
9.101874251971804348e-04
6.157190901799724624e-04
8.625238884060151172e-04
4.222073884980749830e-04
5.985314124165308503e-04
1.452267725398028028e-03
1.363110342003041832e-03
1.684799771957068860e-03
7.851932376591266470e-04
1.064338237822283094e-03
1.239167564915390728e-03
7.987598066673682251e-04
3.511553458921203605e-04
7.390187596168924225e-04
4.045600353739220965e-03
4.062711610241057114e-04
1.628332292833740242e-03
3.967838260224467307e-04
7.913049042113311877e-04
6.202794060097018263e-04
1.114657360897268468e-03
6.420742182859291193e-04
4.813330727783287407e-04
5.344649059253036433e-04
8.467118122446957561e-04
4.494605095061788777e-03
1.035615984559136622e-03
1.313202321745892374e-03
9.870876043145428418e-04
4.996001364583871254e-04
1.504156635554388397e-03
5.287929631290283960e-04
7.680676376393181810e-04
1.884033288348420897e-03
9.609822835011394299e-04
9.156453664887527358e-04
1.607232577760042821e-03
3.879665137927335158e-04
2.085177248973473473e-03
7.126702740004458051e-04
5.779209957408015493e-04
4.926197684936947001e-04
1.141234877014618348e-03
2.063903372534297426e-03
5.008698769332095655e-04
4.653675454499953427e-04
7.765322936612868276e-04
4.310131136514644889e-04
1.025623209100972461e-03
7.351485711084207843e-04
3.411508461840313117e-03
5.243899178982390757e-04
1.872084679816493451e-03
9.480675048611129051e-04
3.688187221308594278e-04
5.367021304196454732e-04
1.419537461538833640e-03
6.029338887883083000e-04
6.651310017647478652e-04
4.101605385641479934e-04
2.369235097755034887e-03
1.766754287864964225e-03
2.041715197808891599e-03
2.863055212548923758e-04
7.662465849495684331e-04
5.075270959233688789e-04
5.213982709640993139e-04
5.205668446326026585e-04
3.862291826144650313e-04
2.134120718797791888e-03
1.299982944837223525e-03
5.482849785279858643e-04
3.088391036876980645e-04
9.562024722052320192e-04
6.619778798377025939e-04
1.085347785573420511e-03
6.923443506016749814e-04
7.815164706235328777e-04
8.158885336979154702e-04
1.285828957368509700e-03
9.108030057435831947e-04
6.101083596286346455e-04
9.379419938980113882e-04
3.042788644900770744e-04
1.708949777354117679e-03
5.183831336345853802e-03
1.396071008819583766e-03
9.061265136979685395e-04
1.146567680035975910e-03
1.659678530870681984e-03
7.850036439580882885e-04
4.633509480745176697e-04
2.337720443120485780e-03
9.398629314514705003e-04
6.008196063397796497e-04
7.260173029080014412e-04
1.507715314410488713e-03
8.498541219826467874e-04
8.890210290258345090e-04
7.592608361875475805e-04
9.464378021482135802e-04
6.079161858681317700e-04
7.148885127870862341e-04
1.305594308220518317e-03
4.045600353739220965e-03
6.036358389095050582e-04
4.414039327542857447e-04
1.001409953272946888e-03
1.520393279654390882e-03
1.130828157777113811e-03
1.974254279350694859e-03
3.544150545181132370e-04
9.706447009196533717e-04
1.432026936827681275e-03
9.398898413442765415e-04
3.284421584298235271e-03
1.796394092056942783e-03
