1.727846683647139434e+04
1.632949048791167479e+04
1.702697537939753965e+04
1.614084929939932772e+04
1.671175469126992903e+04
1.693732718112572911e+04
1.640030778416508838e+04
1.703671061489229760e+04
1.727231793265265878e+04
1.652228165205545520e+04
1.489127297338792596e+04
1.723990383477757860e+04
1.712452367129517734e+04
1.680547068385240345e+04
1.715608543917281349e+04
1.646895392586273738e+04
1.651980057836253400e+04
1.717360468825864154e+04
1.696019125507403078e+04
1.706453197797999746e+04
1.691206243620935493e+04
1.680925677125509901e+04
1.713231054891439999e+04
1.652502668091921805e+04
1.691006985849751436e+04
1.691118134837985417e+04
1.719025452576969110e+04
1.705092395804691114e+04
1.492144071116391751e+04
1.569756602382636083e+04
1.666267748258450956e+04
1.684366425934312792e+04
1.623073679133976839e+04
1.697686156667442992e+04
1.717222233398340177e+04
1.703102632589785571e+04
1.684786405967322935e+04
1.710372304402219015e+04
1.673900238705857919e+04
1.712465613477001170e+04
1.677427922553798999e+04
1.722241128978684719e+04
1.630784566457726760e+04
1.726931930523314804e+04
1.711062698565382379e+04
1.679250554101006492e+04
1.700970714108027460e+04
1.708750524143140501e+04
1.716722340031449494e+04
1.670852415722748992e+04
1.724395204237728103e+04
1.726357501675136882e+04
1.715185302505233994e+04
1.718927351031690341e+04
1.621163373461921765e+04
1.716812047251847616e+04
1.719569891426869799e+04
1.495125918913617352e+04
1.679040564468305456e+04
1.707962291078047929e+04
1.706657644802919458e+04
1.702935594119336383e+04
1.723433747221233352e+04
1.666498952427152108e+04
1.515293894708588232e+04
1.695317277658757666e+04
1.707663717189904128e+04
1.686327539226273075e+04
1.716771687730659687e+04
1.727138851924088885e+04
1.694056017543201597e+04
1.690097033972581266e+04
1.579697283863863777e+04
1.626140145574379494e+04
1.714880319985023380e+04
1.710479289878054624e+04
1.623550753128235010e+04
1.705348207915866078e+04
1.542740617787310293e+04
1.671515272492971053e+04
1.721571245797500160e+04
1.715230599001134760e+04
1.641489659882362685e+04
1.691314126615897476e+04
1.496044694272705965e+04
1.718253588365332325e+04
1.683381966431047113e+04
1.696252083433989901e+04
1.683256763508719450e+04
1.547634754277287539e+04
1.709908988463654168e+04
1.675810557866846284e+04
1.717069249555181523e+04
1.655335654213542148e+04
1.702932736638494680e+04
1.705581180853630576e+04
1.669123699997929725e+04
1.661172492783651614e+04
1.724987473873489580e+04
1.703921278727104800e+04
1.727241397061996759e+04
1.709975261878144374e+04
1.677458392150994405e+04
1.717527373897424695e+04
1.707471819099825007e+04
1.646600748594834658e+04
1.660482107335502951e+04
1.584151246019497376e+04
1.621936782837499413e+04
1.712170101018224159e+04
1.668500213229372821e+04
1.724148448370688857e+04
1.709500181802345105e+04
1.722003074900885258e+04
1.639069878392086684e+04
1.470277667689233385e+04
1.672250839995617207e+04
1.691774753990894897e+04
1.673970612615681966e+04
1.656101517406078710e+04
1.719259989487379062e+04
1.485135325428250871e+04
1.705186479369953304e+04
1.684843365338272633e+04
1.709996748154908710e+04
1.580501149618359887e+04
1.645316605663889277e+04
1.725120878373769301e+04
1.642599449805084441e+04
1.646058705027326141e+04
1.726749913807001940e+04
1.661919133358685212e+04
1.674349011388146391e+04
1.724417217984309536e+04
1.636875368701856132e+04
1.697859195289669151e+04
1.701859322267488460e+04
1.564305393262786311e+04
1.678959445282433808e+04
1.701022345935088379e+04
1.649836855395866587e+04
1.656095303033222444e+04
1.613901721536955301e+04
1.685383804851037712e+04
1.668851380919408257e+04
1.719191947837141197e+04
1.715709235640046973e+04
1.664349620294759370e+04
1.651651020243621679e+04
1.658834026770330092e+04
1.723957287576805538e+04
1.721507837101625046e+04
1.695270774820900624e+04
1.683255569215789728e+04
1.719496115757020743e+04
1.649072868758949335e+04
1.678529832097213512e+04
1.697557807003305788e+04
1.687758087234187406e+04
1.696063266292137632e+04
1.697058975795078368e+04
1.709562536005778747e+04
1.727210261429953971e+04
1.721854316682584977e+04
1.629424066842525644e+04
1.688726313362801739e+04
1.678743963424900357e+04
1.695782221086214486e+04
1.704416218319045947e+04
1.727696504484147226e+04
1.697623215824209910e+04
1.725304047485241244e+04
1.635984811963005995e+04
1.651671904214685856e+04
1.699886662964314382e+04
1.680736210375938026e+04
1.653398539919947507e+04
1.654876415243354495e+04
1.685275137674544749e+04
1.715884974575634624e+04
1.709997310706838834e+04
1.685265676984960737e+04
1.695687943189681027e+04
1.722686701503041331e+04
1.723301627418007411e+04
1.557841458183088616e+04
1.685821593508115257e+04
1.723032477304932399e+04
1.710479289878054624e+04
1.683192907369954264e+04
1.644422230148337258e+04
1.701717759161213689e+04
1.665852357910960563e+04
1.669966432123541745e+04
1.685616104179725153e+04
1.710001943216809013e+04
1.704960648969475733e+04
1.703340712052299205e+04
1.688364933894821297e+04
1.571406790161118988e+04
1.695883825097326917e+04
1.603873164775144505e+04
1.660490083049079840e+04
1.724093373310407333e+04
1.667319950583334139e+04
1.714898102505004863e+04
1.649429267472068750e+04
1.650079975552542601e+04
1.703996503839586512e+04
1.722972789542731698e+04
1.658263965542624646e+04
1.717005302799776837e+04
1.672553264302518073e+04
1.707484476776950396e+04
1.702954243482770471e+04
1.615668300523440848e+04
1.718663984434825761e+04
1.692963389085952440e+04
1.681897779727525995e+04
1.710287548612791579e+04
1.694700713009319588e+04
1.661300651322541307e+04
1.695768867942647557e+04
1.644023674186813150e+04
1.709375370997124992e+04
1.679660006257787973e+04
1.595651903462453629e+04
1.624256028605365645e+04
1.721374987632714692e+04
1.662007680996089766e+04
1.636251184994368668e+04
1.695281452022031954e+04
1.690619981251240097e+04
1.618047378055365334e+04
1.692699738746631192e+04
1.664031706266287438e+04
1.673271827840359401e+04
1.705954534307471113e+04
1.666840593610264477e+04
1.700241090309160063e+04
1.658011224979332837e+04
1.698042104236499290e+04
1.551611063843324519e+04
1.587280609635427936e+04
1.694251415683592859e+04
1.688300180096573968e+04
1.623485222440606594e+04
1.530306513596234799e+04
1.571334840037435606e+04
1.559933255823697618e+04
1.670075279345255694e+04
1.717633947615133002e+04
1.679447914261636106e+04
1.680818522471350298e+04
1.641116804860678531e+04
1.706393057378911180e+04
1.607362817240905315e+04
1.696291120411916563e+04
1.724952642402306810e+04
1.711131527642894798e+04
1.702092157439863149e+04
1.687913217932216139e+04
1.710444171390341580e+04
1.713224450124967552e+04
1.668879198035059744e+04
1.720311231810092795e+04
1.723854970964384120e+04
1.686558041392718587e+04
1.697455819982809044e+04
1.654430618898028479e+04
1.641527598214513273e+04
1.720302124886085221e+04
1.697108469119478104e+04
1.695362712877320155e+04
1.590239269428936313e+04
1.704962026901326317e+04
1.668557265945960535e+04
1.612826142674167932e+04
1.639731017875849648e+04
1.677028307458367635e+04
1.657994773507005084e+04
1.613090157800440284e+04
1.669080799063827726e+04
1.698057091677472999e+04
1.685317364971852294e+04
1.574293114573500316e+04
1.697660271344379726e+04
1.675406610506878860e+04
1.601375384833466342e+04
1.683367653924423212e+04
1.576662438840688992e+04
1.684286723391653140e+04
1.680736210375938026e+04
1.725929839084090418e+04
1.676255189204830458e+04
1.708968984536208882e+04
1.659098218772040127e+04
1.649695907911998802e+04
1.702136745177751800e+04
1.687697717428570468e+04
1.700237860475307389e+04
1.613833709394078869e+04
1.718153797577646401e+04
1.717455123026786896e+04
1.722969964326905392e+04
1.533728891765997287e+04
1.676062915162847275e+04
1.714469928358258767e+04
1.661988835511398065e+04
1.686559949345639689e+04
1.702892442195311742e+04
1.708046534235341096e+04
1.638242578102218431e+04
1.675664545458695648e+04
1.720617149257321580e+04
1.661612707461358150e+04
1.711382539638352682e+04
1.691237113801028318e+04
1.675032214807677155e+04
1.676800716138153439e+04
1.611908757570422677e+04
1.709202469124964045e+04
1.723937453824912882e+04
1.700787880619089265e+04
1.691018793647932034e+04
1.725420097100108615e+04
1.550785575704174335e+04
1.686186004075934034e+04
1.680791428551705030e+04
1.590709614124590189e+04
1.644594010214744048e+04
1.560752324659055557e+04
1.712591766766326691e+04
1.692318604332179166e+04
1.701776887120378888e+04
1.712716643597370057e+04
1.727482631902699359e+04
1.712170437512769422e+04
1.696774192515792674e+04
1.684846995129202332e+04
1.712931109059067967e+04
1.713671859633596978e+04
1.716035399943656375e+04
1.702060128267243635e+04
1.704235608756929651e+04
1.687304193401532393e+04
1.721251087693322188e+04
1.709169970392758478e+04
1.686258064672420005e+04
1.550542202150806042e+04
1.649584599734244694e+04
1.712183885831029693e+04
1.712840134213124475e+04
1.712115327448391326e+04
1.694438584685828755e+04
1.665764089764120217e+04
1.614372320062531981e+04
1.722673283813027956e+04
1.716461153681401993e+04
1.638301272520718703e+04
1.633878370343872302e+04
1.691684359737940758e+04
1.690097033972581266e+04
1.725137674619470636e+04
1.656157280924966835e+04
1.718755359257113014e+04
1.713745276940780604e+04
1.690795035010714491e+04
1.713870605878732749e+04
1.708741792268639256e+04
1.723338249654862375e+04
1.672717627798763715e+04
1.694376763262614986e+04
1.708963190746955661e+04
1.718443755892501213e+04
1.611824739283391864e+04
1.721936905117657807e+04
1.635844612566933938e+04
1.716175183777052735e+04
1.710876501063154501e+04
1.673114788969244546e+04
1.717229685630577660e+04
1.719054554292822286e+04
1.679506558185777249e+04
1.660060702081402269e+04
1.700516502838862652e+04
1.610488710174261541e+04
1.704733685890717607e+04
1.562873782604962616e+04
1.716666850207399693e+04
1.716772620453636773e+04
1.707176641377915075e+04
1.468643286258285843e+04
1.674982662901949152e+04
1.711039001192390788e+04
1.709341994568096561e+04
1.722155741636022867e+04
1.578281950263548970e+04
1.702974355787627064e+04
1.726182834067622025e+04
1.689279048858149326e+04
1.702270995446301822e+04
1.713627878271574082e+04
1.719194008448202294e+04
1.705954534307471113e+04
1.677436539332003304e+04
1.718864457350956218e+04
1.614346978637884240e+04
1.634142976326136341e+04
1.580458936678995815e+04
1.714018199043728964e+04
1.718807318361380021e+04
1.660772849516417773e+04
1.679775710083944068e+04
1.714117174389987849e+04
1.656922264776210068e+04
1.575722160087217708e+04
1.666441552226992644e+04
1.690231735708369524e+04
1.727549730271293447e+04
1.701217894394535324e+04
1.646934737665103967e+04
1.709056714389377521e+04
1.701646666618781455e+04
1.670002608265097660e+04
1.676064816100525786e+04
1.690596067389695236e+04
1.628895352704173638e+04
1.706627004323209258e+04
1.583197596192417041e+04
1.693512698932619969e+04
1.686479743901458278e+04
1.699848578806802834e+04
1.723528414659889313e+04
1.658727048515556089e+04
1.700971794146604225e+04
1.719467864306079719e+04
1.687030859033812158e+04
1.615721721842672196e+04
1.625649416745591407e+04
1.578003018656641143e+04
1.654324085623790961e+04
1.703941244281017134e+04
1.720752726757005439e+04
1.711529322201121249e+04
1.581331015774276602e+04
1.716289803579428917e+04
1.720445354939360550e+04
1.721030124910500308e+04
1.706844462190401828e+04
1.593757165367318521e+04
1.722329469650431201e+04
1.614775060185628354e+04
1.708963190746955661e+04
1.656498117363689744e+04
1.573516864160525438e+04
1.669070477099059644e+04
1.689289921322698501e+04
1.720168710973409907e+04
1.611252887892399849e+04
1.721969614023888425e+04
1.681663219950108760e+04
1.661918558812137417e+04
1.695742629610134827e+04
1.716412098196836087e+04
1.679249608610379437e+04
1.724705922573348289e+04
1.712653324503900149e+04
1.711771583259520776e+04
1.716676564177034379e+04
1.715885890870407093e+04
1.643998710875686083e+04
1.645098582442486440e+04
1.721541537451559998e+04
1.474272119440736060e+04
1.665363924824060086e+04
1.702295251690945224e+04
1.676199637127207461e+04
1.694900407980550881e+04
1.716859697152759327e+04
1.622563556972050719e+04
1.691967766490254871e+04
1.718524161288007599e+04
1.579103916765218855e+04
1.702874003721747431e+04
1.684016899232973083e+04
1.725610430504349279e+04
1.665546287179239152e+04
1.710176571607621736e+04
1.707151467208076065e+04
1.722900726396523169e+04
1.667358428486060438e+04
1.600124738480960877e+04
1.684366425934312792e+04
1.725187440453174349e+04
1.705066327374586763e+04
1.626563232410128694e+04
1.677692834227949788e+04
1.719496115757020743e+04
1.714147847735392861e+04
1.698299074484235462e+04
1.698887911864991838e+04
1.705141494994541426e+04
1.647244258612362682e+04
1.658004675465257606e+04
1.611087836440615320e+04
1.588315793534622208e+04
1.707707292546287499e+04
1.647379589884507368e+04
1.677336049999327952e+04
1.686440753922265503e+04
1.629388330119168313e+04
1.686504544992316369e+04
1.718601409940472513e+04
1.665058550663521237e+04
1.724569965368298654e+04
1.673293856769108970e+04
1.586828054441485074e+04
1.675675583980666124e+04
1.721750756376159188e+04
1.707263833460028036e+04
1.610196987204031029e+04
1.715229550270306208e+04
1.665892165242866758e+04
1.557776828802817181e+04
1.668274052174204917e+04
1.620710950413237151e+04
1.687109493233918693e+04
1.639819252614015932e+04
1.692912229863486937e+04
1.667413664037311901e+04
1.687141053422755795e+04
1.688298640058999808e+04
1.615102646358720813e+04
1.707500886393395922e+04
1.667115791149258075e+04
1.597991227737393274e+04
1.724607534305741865e+04
1.505217112850231933e+04
1.642630265349749970e+04
1.652361580771392619e+04
1.726472616250981446e+04
1.614881773330623946e+04
1.646891773559833382e+04
1.727549730271293447e+04
1.661577492701935262e+04
1.700516616289543526e+04
1.718546028167544864e+04
1.676349347246046818e+04
1.723839665919530671e+04
1.712931109059067967e+04
1.550681714493385880e+04
1.687724320158914634e+04
1.624953897303695339e+04
1.686983293909405256e+04
1.671643685568971705e+04
1.486232061831852661e+04
1.547368880827243629e+04
1.678818796102862325e+04
1.715993144382751052e+04
1.714208164652269625e+04
1.620296286466523816e+04
1.646514535532264563e+04
1.704253094480566142e+04
1.673581607027436621e+04
1.626947927873458138e+04
1.572880224408782851e+04
1.722297693248440191e+04
1.686115619388065170e+04
1.640264261908589469e+04
1.721516572851977617e+04
1.668377392377517390e+04
1.715806089650956346e+04
1.690840998645369837e+04
1.623360805217557572e+04
1.668359832935796294e+04
1.629120035474832366e+04
1.706315311158495024e+04
1.657832631176828363e+04
1.660911690204525439e+04
1.659869861207638678e+04
1.713321290212471649e+04
1.679020641912419160e+04
1.721049222605935211e+04
1.639324174519736698e+04
1.701776887120378888e+04
1.627295398318352818e+04
1.653348667034924074e+04
1.618858985059390943e+04
1.635844612566933938e+04
1.709815895844462648e+04
1.708161157529815318e+04
1.704972203255506247e+04
1.698005211547101499e+04
1.625566763704651748e+04
1.611684446067852332e+04
1.702417158136900252e+04
1.554794111066515325e+04
1.640938209499085497e+04
1.619670280902555169e+04
1.723689787071912724e+04
1.726022036974982984e+04
1.661947054743354965e+04
1.570925733499491071e+04
1.644542860132487476e+04
1.718289098746232776e+04
1.667328433088171369e+04
1.697785819771861134e+04
1.716366095948613656e+04
1.696100099484060047e+04
1.710389691637821306e+04
1.723722130847846347e+04
1.674237540691794857e+04
1.697459241023813593e+04
1.690193551997614122e+04
1.693372456032314949e+04
1.695360860623956250e+04
1.713111532504824208e+04
1.687483707835120731e+04
1.685110326127207009e+04
1.535933085764707357e+04
1.709691103032611136e+04
1.694126097148134431e+04
1.590424517887727234e+04
1.711113449389168090e+04
1.700361167456308249e+04
1.721652032855561265e+04
1.726996457691792602e+04
1.703210621645973151e+04
1.699883785575464208e+04
1.706413483041166910e+04
1.699175794230492102e+04
1.623426815165737935e+04
1.690004386962416174e+04
1.679499208393915978e+04
1.726464529339420551e+04
1.706609359661821509e+04
1.680800507404550081e+04
1.601743583709724408e+04
1.698218083480658606e+04
1.652361580771392619e+04
1.670430565626644238e+04
1.663827314293158997e+04
1.582123164219486534e+04
1.715906505467513125e+04
1.676064816100525786e+04
1.629548568349988636e+04
1.724269161732237990e+04
1.673776220171277964e+04
1.722681626077029432e+04
1.565593166268388450e+04
1.720939273101159415e+04
1.725951490658069451e+04
1.727374917672634911e+04
1.683883114471038789e+04
1.690242543541118721e+04
1.725670761492368547e+04
1.726041397775834048e+04
1.727782527082473098e+04
1.547240421154789146e+04
1.697548545835434197e+04
1.600977734361622061e+04
1.640581223316573960e+04
1.507330398219788549e+04
1.708421459941080684e+04
1.721967902179715020e+04
1.716929170307834283e+04
1.719696192641029847e+04
1.652126987399607970e+04
1.657742618061086250e+04
1.695114729356608223e+04
1.690619981251240097e+04
1.721877390033207121e+04
1.663278641601097843e+04
1.665698141403536283e+04
1.723906734717482686e+04
1.620387462475776738e+04
1.617208538313298413e+04
1.674567545174753104e+04
1.591002192034705695e+04
1.722005882582242339e+04
1.693203601590456674e+04
1.512634055038503902e+04
1.630521376611358937e+04
1.670991139774454132e+04
1.575110097058365136e+04
1.700028147278696997e+04
1.703966021722270671e+04
1.687303902220314194e+04
1.705267025747683147e+04
1.532581435286698979e+04
1.727389466863782218e+04
1.544353700181885142e+04
1.697855605243084938e+04
1.688684178920714476e+04
1.695797523937825463e+04
1.680791468490277475e+04
1.704224603911653321e+04
1.667656686331404489e+04
1.619939094049156483e+04
1.529793470436625466e+04
1.691631205732164017e+04
1.589798022709076577e+04
1.703735390844461654e+04
1.685258584738157151e+04
1.571646293937267365e+04
1.634757272565753919e+04
1.720121542391726689e+04
1.717232491724842475e+04
1.625823052559607640e+04
1.593391624064025200e+04
1.718653243920498790e+04
1.706427066378226300e+04
1.698844948742331690e+04
1.723309876974776125e+04
1.718914827326443992e+04
1.718390466828800709e+04
1.659602533573694745e+04
1.679310336917422683e+04
1.596307657132462191e+04
1.675902536569621952e+04
1.703786911100806174e+04
1.584108275599406625e+04
1.585677334563407385e+04
1.712222031582702039e+04
1.572254922138326583e+04
1.676206050861762924e+04
1.642124951175764727e+04
1.701984386366680701e+04
1.708303497057222194e+04
1.639874553147902043e+04
1.705285691073536509e+04
1.712879660979641267e+04
1.688996887302141113e+04
1.634643429809910594e+04
1.713134668403478281e+04
1.724191282348406457e+04
1.721250992404427234e+04
1.705209069107763935e+04
1.618461156205750740e+04
1.576015559976809527e+04
1.703786911100806174e+04
1.727744181009482418e+04
1.655820549864326676e+04
1.713266387971137374e+04
1.618803004277609216e+04
1.540352103049379366e+04
1.714433226440176077e+04
1.666948902650698437e+04
1.607764056371219340e+04
1.706040829993776060e+04
1.727843005066541809e+04
1.725902120609544727e+04
1.714325163290663477e+04
1.715365860192669788e+04
1.721648082184320083e+04
1.710165553556867962e+04
1.586995178541248242e+04
1.713257199751037842e+04
1.727411033786500775e+04
1.646246675192150724e+04
1.532925223581399405e+04
1.677874843185602003e+04
1.703029579575614116e+04
1.711042284623976229e+04
1.722208801418026633e+04
1.726464529339420551e+04
1.613729208154202388e+04
1.661183334114953323e+04
1.692013972467048370e+04
1.515977312728951438e+04
1.680223253952820232e+04
1.609796759781434048e+04
1.509867026803504086e+04
1.725866013176554043e+04
1.693306702273078918e+04
1.680791468490277475e+04
1.638808100628432658e+04
1.700869883653092256e+04
1.726390503171288947e+04
1.679424540236236862e+04
1.544019636866352630e+04
1.726240352637891920e+04
1.639265951150063484e+04
1.643276491568290658e+04
1.682393775791649387e+04
1.660303686803284654e+04
1.724498781267511731e+04
1.545836101662093824e+04
1.706384011501862187e+04
1.641394482166891976e+04
1.598731457309760663e+04
1.638031565438890539e+04
1.712497527883892690e+04
1.671343496993142617e+04
1.620326987206190825e+04
1.719184702538688725e+04
1.637984901561769948e+04
1.720876350224955240e+04
1.717354649702303868e+04
1.644929523508919374e+04
1.720302124886085221e+04
1.686066139372342514e+04
1.479359538153936410e+04
1.696716182576679785e+04
1.677520346107003570e+04
1.693367265688761108e+04
1.693871661441402466e+04
1.713930918501372071e+04
1.708723046561492811e+04
1.669728604593547061e+04
1.711237355505185042e+04
1.646721809034997932e+04
1.679775710083944068e+04
1.639378270364039054e+04
1.725697456272307318e+04
1.655464317056899745e+04
1.719261645774644421e+04
1.682284707193017312e+04
1.707707423139302773e+04
1.670580313758964621e+04
1.677628225835905323e+04
1.691497165123957166e+04
1.692791816459124675e+04
1.709987694862813441e+04
1.693046215831440713e+04
1.558268374894230692e+04
1.711538438015964857e+04
1.715265761282391395e+04
1.673763927582245378e+04
1.723635223536849662e+04
1.618017278558934595e+04
1.696647684208262581e+04
1.707784195565267873e+04
1.531028609468025206e+04
1.726209149421937400e+04
1.656790178611179726e+04
1.611143559087129506e+04
1.669344990057135874e+04
1.708910645465984271e+04
1.705810136453889208e+04
1.514516556133339145e+04
1.697503104350500143e+04
1.701717759161213689e+04
1.652805493188279070e+04
1.722690904826722544e+04
1.721171963417667939e+04
1.722518905660360906e+04
1.689445942432317315e+04
1.704382951041529668e+04
1.718982723001365230e+04
1.658470914123278271e+04
1.709187744885059510e+04
1.721501202112432657e+04
1.645714147457928266e+04
1.629069074587121213e+04
1.675555410909936109e+04
1.703952853595419947e+04
1.703449355783924693e+04
1.714886805289683252e+04
1.695687943189681027e+04
1.662838401679920571e+04
1.688720933767685710e+04
1.713255957280177608e+04
1.663509378734588245e+04
1.672003211561332500e+04
1.662562196045223391e+04
1.714444745591817991e+04
1.517574669181703393e+04
1.704133668247358582e+04
1.709664728793694667e+04
1.677075322772345680e+04
1.672987941836040773e+04
1.676010837800577065e+04
1.724694235585212300e+04
1.727515242628741180e+04
1.666377562600529563e+04
1.612605010941032378e+04
1.713505815699801678e+04
1.614790873236936750e+04
1.610852285655804008e+04
1.586513172471706457e+04
1.643719991878778819e+04
1.681416173125616479e+04
1.720446769099702942e+04
1.715683447641248131e+04
1.705647608526911063e+04
1.691018793647932034e+04
1.724498781267511731e+04
1.698470381759383963e+04
1.669820777937634557e+04
1.629790584106858296e+04
1.677500547462787290e+04
1.640861214158498115e+04
1.550010289713282327e+04
1.667590330903276481e+04
1.692600076179798634e+04
1.528332615327592430e+04
1.702684248619546997e+04
1.692488669446557469e+04
1.695329414326432379e+04
1.681362690741686674e+04
1.710635833564341010e+04
1.714229761589679038e+04
1.703675781464653483e+04
1.495125918913617352e+04
1.662213753140847257e+04
1.664401416214257188e+04
1.619502665377351150e+04
1.696872234622046744e+04
1.665939367864262022e+04
1.672851664667942532e+04
1.665930008157730845e+04
1.611824739283391864e+04
1.725685739550187282e+04
1.675032214807677155e+04
1.669479143232443312e+04
1.704173438070348129e+04
1.659416112013598467e+04
1.648059194660406865e+04
1.634196792095201454e+04
1.558776704399592199e+04
1.724113181022864956e+04
1.675761781995596175e+04
1.700360369177906614e+04
1.688982018350960061e+04
1.705686252003384288e+04
1.569699008248878636e+04
1.717096110157361181e+04
1.668750298030758131e+04
1.672432421269912084e+04
1.632427404458160709e+04
1.718653243920498790e+04
1.644051126863600803e+04
1.724749740975596069e+04
1.692732746953996320e+04
1.648967499239308745e+04
1.721869937502075845e+04
1.698103254301692868e+04
1.701095129767178878e+04
1.662805606659109981e+04
1.720663493798203126e+04
1.690661954883738508e+04
1.706812738963824449e+04
1.723042357547422944e+04
1.623424458329751360e+04
1.673166789961140239e+04
1.651651020243621679e+04
1.720022131857118075e+04
1.723627514026501012e+04
1.688341612139043355e+04
1.716258318929991583e+04
1.552540613585264146e+04
1.626394547122108997e+04
1.686664686609563068e+04
1.676759195883436405e+04
1.695068506059115680e+04
1.712090798907962380e+04
1.627314982017544571e+04
1.693130363844947351e+04
1.725821216079833539e+04
1.644482675834916154e+04
1.663781803050639792e+04
1.529793470436625466e+04
1.680330473586372318e+04
1.721661631027073599e+04
1.621918211585367862e+04
1.689916707619726731e+04
1.667531745427216083e+04
1.706427066378226300e+04
1.659033086958426793e+04
1.726908908981569402e+04
1.642897799257665611e+04
1.721049467709282544e+04
1.725741371102678022e+04
1.711274237016454936e+04
1.695706787940667346e+04
1.709682046548378639e+04
1.641608763260029809e+04
1.699674315794593713e+04
1.665504319498563927e+04
1.587386144068851536e+04
1.726738293164626884e+04
1.710512486350003746e+04
1.710056702191184377e+04
1.716030612685314918e+04
1.716619398336698214e+04
1.726987075791330790e+04
1.704366230261179226e+04
1.681515905027756526e+04
1.714773729223638657e+04
1.686993753812923387e+04
1.724280925217815820e+04
1.723140381319507651e+04
1.682255098319622994e+04
1.707558318672509631e+04
1.647273692999355262e+04
1.714909529340787412e+04
1.694568516223477491e+04
1.723965215696840824e+04
