4.435469482105958741e+04
3.714933953752275556e+04
3.627066634888924455e+04
3.673005220645303052e+04
3.200596666286472828e+04
4.390116810478481057e+04
4.338372324706521613e+04
4.283210191590277827e+04
5.080600402904181828e+04
3.874263470781160140e+04
4.165529973911421257e+04
3.112435770536524433e+04
3.109349457052590515e+04
3.184648210167219804e+04
3.414175044145547872e+04
4.979632529667664494e+04
4.462036861040789518e+04
3.584991668955218483e+04
4.541473559887596639e+04
4.829537065452016395e+04
4.456753186294261832e+04
3.310176001306452963e+04
3.123097226213442991e+04
4.091905566176713182e+04
3.561663367019626457e+04
3.178801500916793884e+04
3.931663065786894003e+04
4.408967866871052684e+04
5.238031446342357231e+04
5.031289755611377768e+04
3.274149484592603039e+04
3.800556680208499893e+04
4.551117645575405186e+04
4.645240786012857279e+04
4.482273929624818993e+04
3.137688314902768252e+04
4.624101590064410993e+04
4.614749284039372287e+04
4.371179551932308095e+04
3.601810551202887291e+04
3.226734070163304204e+04
3.818698196466376976e+04
5.149946555067638110e+04
4.554596356355650641e+04
3.762767495223202422e+04
3.877579099108364608e+04
3.197832793334893358e+04
5.104590546390122472e+04
4.172374927079449844e+04
3.320038596402254188e+04
4.163734626085952914e+04
4.514100009498072905e+04
4.722804607081683207e+04
3.204194386569258859e+04
3.325354439380174881e+04
3.628183457772729889e+04
3.796579685425911885e+04
5.236759233296366438e+04
3.122564929286454208e+04
5.011236089953769260e+04
4.790781270050058811e+04
3.228211997390865872e+04
4.345109673199539247e+04
4.200082289530813432e+04
3.575110969444018701e+04
4.307811109882853634e+04
4.227019148030297947e+04
4.218848169488000713e+04
3.765546411892104516e+04
5.135690040160988428e+04
5.221122978928373050e+04
3.551403206515149213e+04
3.749830403430872684e+04
5.253775303992348199e+04
4.769523643319629628e+04
4.017182803413357760e+04
5.209638306935402943e+04
4.334341873693012894e+04
3.880136117513113277e+04
3.618607544215664529e+04
4.910015242515727005e+04
4.726671518844841921e+04
3.225529077276855605e+04
3.427989806549791683e+04
4.352110633704585052e+04
4.051476922455772001e+04
3.907841701428593660e+04
5.023167282530524972e+04
4.407151489808476617e+04
3.381278013067408028e+04
3.337691173965187045e+04
4.240445546206273139e+04
4.131203936771189183e+04
5.136205554149753880e+04
4.357013116681822430e+04
3.586188283589240018e+04
4.801574258207263483e+04
3.640791558295685536e+04
4.495956396894848149e+04
4.512837169626160903e+04
4.068655228088588046e+04
3.080004220433214869e+04
4.294298924715425528e+04
4.450302909523345443e+04
3.378513731731050211e+04
3.837847138178336900e+04
3.334524200701894006e+04
3.107905365896628791e+04
4.916558756851840008e+04
4.455291070964118262e+04
4.037653840210692579e+04
3.069447384251683252e+04
3.135986353273506393e+04
3.942428745620878908e+04
4.986722337806628639e+04
4.623182169677058846e+04
4.970496108335305325e+04
4.124208020725109236e+04
3.861866277150712267e+04
4.105437138277513441e+04
3.289029442814442154e+04
3.549708727299873135e+04
4.225268982994669204e+04
4.748100296184079343e+04
3.983199070717148425e+04
3.600776287681781105e+04
4.969560388689408137e+04
4.164310502066651679e+04
4.779502966753241344e+04
3.819264977191732032e+04
5.287736972555134707e+04
3.118733479750790866e+04
4.239189558332594606e+04
5.021809754684906511e+04
4.386079180666637694e+04
4.155953462621793005e+04
5.122039510523002537e+04
3.381525442393054254e+04
4.269374127872897225e+04
3.986435434567883931e+04
3.242758840525200503e+04
4.486256181273017864e+04
4.649383982162435859e+04
4.809623841371407616e+04
3.230713479121879209e+04
4.751482830403282424e+04
3.947745848858160025e+04
4.279401223609481531e+04
3.605059751862844860e+04
3.310473676631534181e+04
4.447909597323680646e+04
4.070713595426931715e+04
4.269210545091515814e+04
5.262732750381752703e+04
5.156847325386337616e+04
3.068201466751950647e+04
3.512654610300954664e+04
2.991792017150119500e+04
4.915790561511387205e+04
4.812775602852032898e+04
4.202272310959424794e+04
5.303052079386549303e+04
3.286139665175763366e+04
4.347150113013467490e+04
5.076087190845688019e+04
4.766165583339211298e+04
4.771974085502929665e+04
3.809132211056499364e+04
5.083005350200553221e+04
4.995369526837262674e+04
4.320278928979984630e+04
3.346716408474135824e+04
3.472128832249797415e+04
4.130343132261282153e+04
3.728277466660783830e+04
3.691424971621878649e+04
3.167660227062636113e+04
4.976967907005913003e+04
4.517607627888600109e+04
4.043154881238425878e+04
3.586311915569339180e+04
4.557368835583533655e+04
3.699321188993132819e+04
4.809554222151080467e+04
4.554596356355650641e+04
4.592952333169215854e+04
3.550291995808726642e+04
4.122604756921606895e+04
4.474895496321816609e+04
3.919638084197826538e+04
3.591475305273757112e+04
4.985118527827156504e+04
3.109349457052590515e+04
4.299201067391837569e+04
3.470011611751606688e+04
4.038257901212872821e+04
3.414175044145547872e+04
4.589995341714801179e+04
5.173161786138387833e+04
3.591324514559181262e+04
5.016685170500446111e+04
3.278429369131131534e+04
4.975003779434540047e+04
3.382287162367126439e+04
4.206997080869333149e+04
5.207312276656307222e+04
3.868826108068992471e+04
4.857263564566129207e+04
3.864290701693070878e+04
4.150049419128848967e+04
3.328980103927612799e+04
3.360935131171641842e+04
3.548587630517782964e+04
4.900363897051291860e+04
4.974537453839282534e+04
3.297609812992058869e+04
3.076503005352252876e+04
3.362695924964838196e+04
4.853196904169923073e+04
5.127672457376557577e+04
4.259996999780455371e+04
3.390593574025030102e+04
4.808627612830687576e+04
3.776137932729405293e+04
3.716029690046587348e+04
4.907236137838617287e+04
4.927614984331292362e+04
3.971583018157480547e+04
5.271475771216821886e+04
3.995892121941145160e+04
5.055652952310820547e+04
3.776137932729405293e+04
4.120943542545102537e+04
3.445634271401868318e+04
5.129778843180110562e+04
3.604510103002938558e+04
3.718757325986158685e+04
4.444790433270208450e+04
4.227226875457715505e+04
4.268152330718334997e+04
3.331780138698746305e+04
3.272687501101670205e+04
4.805964677840339573e+04
4.618157678562893125e+04
3.753703861520266219e+04
5.042195525147039734e+04
5.303147674855885998e+04
3.796858635655040416e+04
4.865745338601107505e+04
3.586193072133408714e+04
5.177196602883120795e+04
3.849032307604614471e+04
4.159771700820349361e+04
4.924979910922452837e+04
3.122186513724099859e+04
4.776539615140158276e+04
4.765695508874186635e+04
3.624478198899568088e+04
3.295458852757833665e+04
5.193791718269844569e+04
4.178196761939330463e+04
5.099571143111788842e+04
3.864291084869298356e+04
4.392555786495462962e+04
3.739620675233069778e+04
3.107905365896628791e+04
3.181512336959787717e+04
4.515214017123600206e+04
4.440533064428050420e+04
3.735089409540929046e+04
4.699910998563866451e+04
4.089136120066908916e+04
3.476395788125978288e+04
3.295458852757833665e+04
3.264873299478264744e+04
4.527432911414960836e+04
4.097581176842193236e+04
3.554769648278718523e+04
5.067368345392774063e+04
4.379341808133259474e+04
4.000798086914685700e+04
4.343890808571501839e+04
4.271450368447541405e+04
3.265803222168407228e+04
3.648246467916008987e+04
4.377743322514644387e+04
4.608153346477908053e+04
4.943895014466963039e+04
4.694093089150542801e+04
4.589219042550439917e+04
5.206200844702633913e+04
3.332327463768185407e+04
3.080004220433214869e+04
4.471342594290544366e+04
3.756018383971852018e+04
3.476395788125978288e+04
4.527223616999244405e+04
3.867372342956325156e+04
4.035174217298213625e+04
4.748773142944560095e+04
3.716328663145411701e+04
4.831012422028870787e+04
4.829604927158197825e+04
4.997030178088154207e+04
3.909226454983981239e+04
4.231988864439660392e+04
3.330843487505333906e+04
3.301040492867444118e+04
5.244336092136210209e+04
4.780225593168237538e+04
4.651435198709003453e+04
4.060471275369304203e+04
5.040934740903750208e+04
4.171114756737380958e+04
4.300245245566682570e+04
4.563696155176433240e+04
4.721999659314080054e+04
4.759877346356552152e+04
4.702770536674608593e+04
3.193692944848067054e+04
3.244627089186546073e+04
4.988328783309544087e+04
3.883820465747064736e+04
3.599310092863185127e+04
3.184556752725049591e+04
4.566803902639135049e+04
4.390872704211246310e+04
2.743503294772349545e+04
4.853109686937397055e+04
3.618516498574719299e+04
4.090953844817326171e+04
4.696695149583548482e+04
5.057536729879857012e+04
4.288857173647713353e+04
4.249266563615517225e+04
3.131222077710812300e+04
5.126008745065349649e+04
3.732454656607619836e+04
4.673943828032950842e+04
3.469430439602574916e+04
3.799396539219969418e+04
3.797392820138492971e+04
4.723572751967020304e+04
4.130535614672166412e+04
3.823278284432357759e+04
4.710507432380844693e+04
5.043322950563267659e+04
3.924914841768662154e+04
5.175236734976334992e+04
3.961502578939836530e+04
3.078775402531932195e+04
3.909864401493432524e+04
3.930352075773965043e+04
3.432570735065024201e+04
4.842847705751121975e+04
4.312242839912435011e+04
5.103520558269124012e+04
4.150515486066343146e+04
3.204187336727281217e+04
3.838630126173089957e+04
4.542563520301269455e+04
5.284636786992445559e+04
4.046797603135951067e+04
4.045407812053069210e+04
3.879223580028480501e+04
4.940564883455031668e+04
3.493722398310902645e+04
3.861375634548196103e+04
3.450007315186179039e+04
4.269915527332062629e+04
4.466879847136593162e+04
3.206890218283357535e+04
4.285428026209171367e+04
3.439371548151109164e+04
3.581672291697393666e+04
3.207432432992565737e+04
4.282133056978611421e+04
5.165096513105928170e+04
3.567567756212491076e+04
4.952245874927286786e+04
3.707974559455898270e+04
3.313380345016601495e+04
4.691855852878574660e+04
3.624381783222375816e+04
3.315282956172138074e+04
4.068967331141973409e+04
3.113139882084734563e+04
5.129817692091027857e+04
3.493663517315409263e+04
3.212178524488602852e+04
4.570285093275958207e+04
3.805836231848351599e+04
3.178006625368789537e+04
4.653742967169479380e+04
4.101653139272531553e+04
4.366277693394232483e+04
4.363022379004843970e+04
4.096187526144031290e+04
4.035167883298650122e+04
3.366848125534428254e+04
3.439644944650086836e+04
3.250781845653299752e+04
4.857803802095710125e+04
4.771974085502929665e+04
4.529437156723342923e+04
4.356195178557450708e+04
4.879893968326491449e+04
4.082286676479822199e+04
4.842425077291526395e+04
4.881319748910154158e+04
3.616882158608079044e+04
3.403556727601362218e+04
4.534828522470063763e+04
5.165358716279514920e+04
3.771833821038820315e+04
3.862874881594286853e+04
3.672204500104417821e+04
4.812356127580476459e+04
3.518277022149756522e+04
4.329935932313503872e+04
3.958223917950495525e+04
4.266528616444235377e+04
3.924704695308071678e+04
3.514258498473034706e+04
4.666410506450215325e+04
3.954211393842096004e+04
3.067571070050611888e+04
5.274661362097224628e+04
3.292206331922928803e+04
3.512636300746368943e+04
4.495933433418507775e+04
5.154065918255416909e+04
3.999261482961792353e+04
5.009575410359120724e+04
3.311021804440306005e+04
4.537976124808260647e+04
5.111468460717072594e+04
4.818571667438121949e+04
4.930762362966032379e+04
3.432700282213326864e+04
3.806490293920015392e+04
3.571405175940789195e+04
4.418728226810523483e+04
5.224600363019480574e+04
3.596452152754846611e+04
5.091839848528493167e+04
3.305785592459019972e+04
4.088209420936575771e+04
4.356611888114450994e+04
4.424364771714840026e+04
4.744269004348033923e+04
4.753814351710463961e+04
3.353240590999046981e+04
3.885719004415143718e+04
3.280273474035926483e+04
3.338522311201514822e+04
5.193214094673116779e+04
4.482241441931055306e+04
5.278168670508305513e+04
3.758667775765318947e+04
4.916849579023764818e+04
3.311062990244614048e+04
3.411229645997230546e+04
3.141794055209054932e+04
4.689343537547792948e+04
3.599463306650416052e+04
3.849032307604614471e+04
4.907823997923706338e+04
4.615333479489369347e+04
4.490962467314073001e+04
3.607490309639649058e+04
4.300966360019463173e+04
3.772176848305086605e+04
3.976903362286687479e+04
4.301584605485136126e+04
4.264050858731863991e+04
3.106031667007706346e+04
4.483791549540115375e+04
5.009689871504252369e+04
3.276034077297560725e+04
4.557368835583533655e+04
3.221599883676204627e+04
4.148112949144529557e+04
5.037835836801716505e+04
3.694092918971275503e+04
3.925353608574084501e+04
3.851195877021173510e+04
3.257176664335375244e+04
3.919498014345283445e+04
4.313640533160916675e+04
4.319979004017457191e+04
5.019019697456862923e+04
3.674797853828968073e+04
5.011423054784318811e+04
3.439285701295222680e+04
3.396842271539541252e+04
3.434713568710465188e+04
4.823252688933227182e+04
3.586709141369405552e+04
3.685905883005754004e+04
4.246074131710362417e+04
3.350195783387329720e+04
4.347053085200997157e+04
4.018140320512042672e+04
5.095181277435936499e+04
3.773157328278919158e+04
4.952245874927286786e+04
3.591324514559181262e+04
3.880974627299218992e+04
5.012339948102430208e+04
4.850630655747937999e+04
4.473700619773260405e+04
4.443783435768803611e+04
4.166618507308878179e+04
4.594802568887087546e+04
4.594653260931129626e+04
3.324040615722571965e+04
3.774984965601783188e+04
4.760726573586141603e+04
3.831223053972566413e+04
4.823096282438716298e+04
4.800586076602842513e+04
3.235083695355430973e+04
5.245637945273431978e+04
3.452830236228634021e+04
3.602564606394374277e+04
5.103405928004055022e+04
4.358195088835317438e+04
4.836630730374841369e+04
4.829122381365596812e+04
3.709421614158646844e+04
3.708994045638988609e+04
3.602230361689276469e+04
4.655861593608761905e+04
5.310764621570843155e+04
4.293751660832472407e+04
3.683832677030778723e+04
3.372448436228165519e+04
3.326099467350718623e+04
5.180706086100028188e+04
3.902575591757031361e+04
3.125936045874010597e+04
5.288905280857685284e+04
3.581082386250444688e+04
3.458991217094814783e+04
4.205777307260070666e+04
4.027168548722516425e+04
4.537759174086627900e+04
5.261554270618162263e+04
5.260936579325531784e+04
4.818017383211688139e+04
3.836809010451089853e+04
3.923363938996486104e+04
3.518182945040683262e+04
3.368040897140261222e+04
3.270405106861814784e+04
3.146123053141854689e+04
3.542387023475360911e+04
3.504930880339862779e+04
4.107408746594953845e+04
3.332199431965337862e+04
4.068361350315739401e+04
3.238669428007405077e+04
4.590500423870348459e+04
4.092317516213662020e+04
4.269290779634214414e+04
5.237091642732328910e+04
3.385326796689982439e+04
3.259791024156904678e+04
4.707130010777612188e+04
3.756059548146069574e+04
4.319954692548186722e+04
4.571979346094174980e+04
3.189213429197717414e+04
3.862874881594286853e+04
5.020751969183672190e+04
5.306912300537538249e+04
4.868959235881362110e+04
4.692365062911800487e+04
4.106604414601839380e+04
4.244853792531204090e+04
4.861846571629631217e+04
4.906926706813056080e+04
3.781269268385452597e+04
3.928427677503107407e+04
3.106323105154530640e+04
4.014386173090314696e+04
3.452641656936542859e+04
3.929863573915742745e+04
4.108260623809394019e+04
4.818017383211688139e+04
4.435469482105958741e+04
4.197465674706251593e+04
3.971474719431528501e+04
5.104152080882970040e+04
4.984069165415117459e+04
4.999703600099981850e+04
3.128615192554539317e+04
4.727541693599860446e+04
3.289359534917165001e+04
3.471162083954031550e+04
5.257180339601988817e+04
5.095360129027967196e+04
4.205777307260070666e+04
4.057473064389082720e+04
4.525642069000749325e+04
3.748498396108586894e+04
3.291576907168256730e+04
3.547716779432827752e+04
4.237855412349491962e+04
4.761332459137377009e+04
3.154508743762573067e+04
5.033968069801793172e+04
5.116622939786787174e+04
4.636272416866855929e+04
4.521908319306739577e+04
4.447904169012219063e+04
4.417572180397938791e+04
3.179932276767745134e+04
3.950199374861227989e+04
3.167874359650750557e+04
3.144689569343120456e+04
4.938116125502583600e+04
4.684610440773631854e+04
4.494008513085254526e+04
3.683832677030778723e+04
3.998055344506631809e+04
5.234148051218741602e+04
3.993104799532039033e+04
4.320636136587199871e+04
3.303367784086542088e+04
3.530370218083162763e+04
3.989379994359320699e+04
5.039367897008528962e+04
4.826863838619884336e+04
4.557780087830992852e+04
5.071142302956683852e+04
3.520418142922044353e+04
4.944405085530838551e+04
5.109980688580254355e+04
3.841470510289840604e+04
4.851482235270889214e+04
5.272440938389953226e+04
4.508197573690089484e+04
5.085490595918002509e+04
4.617998013738005830e+04
4.130420042023960559e+04
3.032022431503295957e+04
3.165733409852028126e+04
4.652923127415838098e+04
3.806263660781549697e+04
3.938333504518238624e+04
5.137303979451194755e+04
3.724483070983005746e+04
3.475237820323506457e+04
4.264050858731863991e+04
3.638051785859322990e+04
3.499385072344855871e+04
5.172700804264981707e+04
5.269201882079581992e+04
4.777173219084267475e+04
4.371713313985666900e+04
4.649367854074745992e+04
5.181640359051460837e+04
5.162494636106756661e+04
3.098563878598239899e+04
4.976794425883698568e+04
5.187728986058932060e+04
4.079430302546788153e+04
4.507426554760034196e+04
4.974253162260952377e+04
4.243953468729509041e+04
4.697304173020872258e+04
4.664538174281935062e+04
4.759022795063779631e+04
4.966833895556259813e+04
4.220214970368932700e+04
4.339378892830453697e+04
4.381018476445769920e+04
4.329058049870818650e+04
4.762283028139569797e+04
4.203362733700982062e+04
3.127544856636304758e+04
4.136799792991382856e+04
4.851839677503480198e+04
4.593503002503449534e+04
4.512065813898259512e+04
5.187728986058932060e+04
4.471837093146373081e+04
4.373928140455023822e+04
3.374649192498211050e+04
4.047824985891063261e+04
3.709155954155846848e+04
4.928899368717935431e+04
4.098631231894785742e+04
5.138544764951669640e+04
3.255398044416253470e+04
4.851405606847871240e+04
4.736183144014459685e+04
5.097914101915289939e+04
3.571189626121001493e+04
5.142691152989539114e+04
3.499887194334431115e+04
3.886295660504900297e+04
4.750626849502578989e+04
3.630551397426087351e+04
5.275730690022552881e+04
4.225954645810737566e+04
4.266456165471539862e+04
3.899493506568097655e+04
3.299033548732071358e+04
4.660618291878775199e+04
3.486004845248367201e+04
4.160738649085297220e+04
4.170260381946071720e+04
5.289847436974186712e+04
3.607763761876609351e+04
4.166702755019340111e+04
5.051640875226575736e+04
3.655401989752865484e+04
2.937191022164499009e+04
3.747045830302899412e+04
3.369091605043411255e+04
3.675730934347523726e+04
4.757948136685106147e+04
3.694092918971275503e+04
3.817911217878957541e+04
5.011523982849799359e+04
3.887060587250284880e+04
3.566924141827509447e+04
3.267791570424340171e+04
4.252603501142215100e+04
3.780529802148687304e+04
4.032748338280715689e+04
4.829914118890157988e+04
4.848068322955437179e+04
4.418030413135714480e+04
3.309713850803706737e+04
3.946219444441715314e+04
4.172761784439226903e+04
4.454075724447165703e+04
4.032114831811720796e+04
4.846994309897449421e+04
4.249525895766798203e+04
4.396491418229771807e+04
4.686887970774991118e+04
4.413210289732859383e+04
3.526087571091386781e+04
3.216778112448690808e+04
5.014698981493787869e+04
3.362149553364064195e+04
4.145800698856107192e+04
5.163286315814487898e+04
3.648075558238809026e+04
4.231988864439660392e+04
4.304648799280887033e+04
4.183172895027587947e+04
3.624478198899568088e+04
4.948690449696789437e+04
4.040668347028641438e+04
5.269435995269761042e+04
4.300186176334782067e+04
3.527553140487412020e+04
4.136533100241696229e+04
3.268381038002455534e+04
3.859664002167802391e+04
4.330954414306819672e+04
4.510978206036649499e+04
5.087867748628883419e+04
3.151599702281748978e+04
3.244627089186546073e+04
3.337691173965187045e+04
4.276519516184445092e+04
3.655066221940641844e+04
5.050031509947760060e+04
4.560085551450719504e+04
3.819221560758713895e+04
3.119517350853273456e+04
3.874312244601948623e+04
5.088126238395249675e+04
4.575812058065563178e+04
3.261181748004354449e+04
3.165592794713546027e+04
5.093603191078478994e+04
3.956858465239991347e+04
3.328493514943575428e+04
4.779502966753241344e+04
4.753740688153985684e+04
3.411189406667092408e+04
3.537244782752500032e+04
3.236023085495889609e+04
4.326571008483433252e+04
4.834291923324367963e+04
3.410978962745461467e+04
5.103064311896042636e+04
4.756715452002153324e+04
5.006086891760168510e+04
4.611012381819489383e+04
4.562005325629592699e+04
3.379689443102288351e+04
3.976779109245487052e+04
4.527912446650162747e+04
3.264650370598550944e+04
3.433638379718552460e+04
3.189939439023639716e+04
3.416345084134420904e+04
4.086767784495030355e+04
3.864901056168790092e+04
3.904284830426517874e+04
4.512765736451350676e+04
4.147478391803416162e+04
3.539852347461030877e+04
5.192920803759675618e+04
5.185997044019311579e+04
4.433312459060201218e+04
3.129808119671216264e+04
3.095768184796941932e+04
4.296626330926021910e+04
3.323055629521996161e+04
4.052691612362003798e+04
3.602854000557713152e+04
3.700184597747866064e+04
4.586974425875140150e+04
4.142464152794286929e+04
5.143123586880524090e+04
5.297565552849708183e+04
4.424042128596944531e+04
5.099642330875999323e+04
3.540705255089620914e+04
3.223727645232038049e+04
4.121373678801976348e+04
3.368058406008926977e+04
3.896720918291323324e+04
3.239140960505604744e+04
5.302222557159068674e+04
4.756504647409640165e+04
3.448614516735110374e+04
3.770641648170356348e+04
4.744222264826883475e+04
3.245273966161875069e+04
5.105721649432202685e+04
3.667060233245816198e+04
4.134146246527927724e+04
3.056274351485429361e+04
4.549723436653153476e+04
3.483611927304688288e+04
4.888358001569587941e+04
4.348285953714303469e+04
4.478844695901599334e+04
5.224930073973614344e+04
3.299033548732071358e+04
3.184884790357018937e+04
3.624381783222375816e+04
4.427640082307736157e+04
3.127544856636304758e+04
4.126063112654686120e+04
5.147838614055616199e+04
3.091304986480767548e+04
3.880163780620139005e+04
4.177738216819750960e+04
3.765276384531713120e+04
3.272010490152859347e+04
3.921438061548587575e+04
3.541313516908240126e+04
3.230298655750115722e+04
4.033251338150827360e+04
4.543048398887008079e+04
5.293271625110635796e+04
4.485089818399468641e+04
3.628931248079392390e+04
3.866803973461718124e+04
4.238843195112061221e+04
4.583928016150127951e+04
3.517855457205513812e+04
4.885013815274610533e+04
3.804082677922872972e+04
3.734218569393280632e+04
5.143123586880524090e+04
5.102073241162247723e+04
4.535966419349639182e+04
4.568341863011277746e+04
4.615764486062371725e+04
4.222760118784886436e+04
5.053962931059723633e+04
5.303272986389756989e+04
4.643380741774885246e+04
3.633153037941190269e+04
5.093177436254176428e+04
4.390963234685447969e+04
3.587628160943771218e+04
3.571722011793746788e+04
3.448706292308583943e+04
4.391282882900039112e+04
4.153956742254609708e+04
3.680831158505873464e+04
4.060833260974918812e+04
4.877330119184575597e+04
3.350129366917157313e+04
4.384216096898596879e+04
3.336788481639444217e+04
3.229465862571727121e+04
3.181809254843826784e+04
4.288028890044436412e+04
4.318463355566778773e+04
3.853220415931894240e+04
3.148723520577920863e+04
3.625312707916621730e+04
4.678125862058653001e+04
3.379487312558395934e+04
3.154991349798003648e+04
5.169051695693378133e+04
3.131266348845794710e+04
3.216039221541650841e+04
3.346716408474135824e+04
3.853738038703140774e+04
3.790648012998236663e+04
3.303911538261163514e+04
5.224927622120075830e+04
5.167977168757101026e+04
3.773700224282115232e+04
4.977255805627079826e+04
3.944678119209547003e+04
3.490010053304319445e+04
3.641467131023713591e+04
4.079761122848236846e+04
4.930502640150010848e+04
5.123335083972015855e+04
3.420639318218623521e+04
4.433314923278339847e+04
4.241438337012485863e+04
3.326318083233596553e+04
3.888795817168727081e+04
3.400005575415156636e+04
4.464326288308636867e+04
3.172262121874484728e+04
3.869142994671185443e+04
4.577587661585708702e+04
5.239649876828445849e+04
4.452711119235571095e+04
4.807317520834627067e+04
4.506829782103254547e+04
4.263395203391607356e+04
5.116622939786787174e+04
4.339960080534990266e+04
3.829447372365298361e+04
3.843331333797937987e+04
4.242552798361513851e+04
4.000364892572198733e+04
5.011557839775969478e+04
3.726981913229195925e+04
3.242758840525200503e+04
5.037928152078104176e+04
3.374649192498211050e+04
4.793798458272599237e+04
5.109609397140643705e+04
3.135499790666854096e+04
4.456109003290221881e+04
3.854377357041968935e+04
4.259502441098381678e+04
3.631305254982486804e+04
5.137084648832176026e+04
3.705178484983680391e+04
3.596912358374542964e+04
4.096978366258645838e+04
4.502912502488130121e+04
3.398212687627911509e+04
4.057745925808676839e+04
4.354781844871448993e+04
3.414992952097314992e+04
4.740757667276993743e+04
3.417944825210102135e+04
4.247025573209718277e+04
3.760061109332320484e+04
3.700136412646852841e+04
4.997709742120406008e+04
4.908404318572465854e+04
3.717226939408157341e+04
3.911193011674525769e+04
2.336114724276926790e+04
4.167249936964085646e+04
4.216541543533157528e+04
4.632985057759891060e+04
3.624381783222375816e+04
4.299444743620521331e+04
3.339573140244562092e+04
3.401881428351114300e+04
4.860345187939890457e+04
4.326107844332267996e+04
5.042195525147039734e+04
3.088269153322101192e+04
3.718866155098270247e+04
5.130788873746173340e+04
4.739335840400451707e+04
4.283957721570968715e+04
3.423912653420097922e+04
4.830222601851971558e+04
4.362566472876212356e+04
3.338845693842103356e+04
5.238193044879155786e+04
3.917948155227551615e+04
