7.509972341353716274e+02
9.331771954080870728e+02
7.642470978831154298e+02
9.551709419116582467e+02
8.273014803022140313e+02
8.399212974905166220e+02
7.668294430568901134e+02
6.772364457740690113e+02
9.532365782889499997e+02
7.835955413317727789e+02
9.301474260088593837e+02
9.764751289254612630e+02
9.749906631516344078e+02
9.535577141822218437e+02
8.252389491486674160e+02
7.883675113541203245e+02
9.717989545665741389e+02
9.611801311914078951e+02
8.447254466126528314e+02
9.960215355512178803e+02
8.527019739437120052e+02
6.711115091217006920e+02
9.839448176263935011e+02
9.234284511462947194e+02
9.190130005177575185e+02
9.415403629023364829e+02
7.344353735949867996e+02
9.389589275869908533e+02
8.329873114803158387e+02
9.965849535968723103e+02
9.282259234237037617e+02
9.859189822303823121e+02
8.712923769890409176e+02
8.494004262995107410e+02
7.742183642876993872e+02
6.688190764676046456e+02
9.451321263893416926e+02
6.211152464834073044e+02
9.968282295942096880e+02
9.040657172689807339e+02
8.874004152319228069e+02
7.611021742053310390e+02
6.734534062263072656e+02
9.966027673072346715e+02
9.236716127226595745e+02
9.439903642018659866e+02
8.118263521973661909e+02
8.156088454884020393e+02
9.825043879097783019e+02
7.468966586884844219e+02
9.742463231131283692e+02
7.148599759155609945e+02
9.294151270198741486e+02
9.690042701696041831e+02
9.150078545254767732e+02
9.596475968101971148e+02
9.231969533343014973e+02
9.873259786300852738e+02
9.253771764989194253e+02
9.278335870323643348e+02
7.430925230414383122e+02
9.653487026959338664e+02
9.400537769016361835e+02
9.509705784747013695e+02
9.138391921365088137e+02
8.670313215262133326e+02
9.815678256519206570e+02
9.442464619464612952e+02
9.128684774608801717e+02
7.746257495906210124e+02
9.376374802932975854e+02
9.672984411661354898e+02
9.321295454667517788e+02
9.746572140112554052e+02
9.224896643481583851e+02
9.317324842289920070e+02
8.436636983456071448e+02
9.252779118112026708e+02
9.756730138502985028e+02
8.961806612276736814e+02
8.953169840944566431e+02
6.975759581700966692e+02
9.871264069872049731e+02
9.059691164120984013e+02
9.060844101333461822e+02
9.307982774997146862e+02
9.607054464457357881e+02
9.677677060257674384e+02
9.958077060641292064e+02
8.092045214348527225e+02
7.487762409618658239e+02
8.454813226519710270e+02
9.751853528611388811e+02
9.918223470090191540e+02
8.323596804382555092e+02
9.591000203245205284e+02
8.053724298656144356e+02
8.190142268250846200e+02
9.628556719172371459e+02
9.839644989935868580e+02
6.578022851533788753e+02
9.044921149779379448e+02
9.223966860586846224e+02
9.515551382513740464e+02
7.914023109909721825e+02
7.127416388665596969e+02
9.840628802659716712e+02
9.850408321005364769e+02
9.236444313063493610e+02
8.270087537420296258e+02
7.279037760199782952e+02
6.184418872236039988e+02
9.057303764868725011e+02
9.832365347715073085e+02
9.459843045360726137e+02
8.556693420033002440e+02
9.884776922404309971e+02
8.725151207013684598e+02
9.643292557570862300e+02
9.917098693473720914e+02
8.165419463609589457e+02
7.886761834458667408e+02
7.616337999946375703e+02
9.862565842931098814e+02
9.410087026730982416e+02
9.762357377149012336e+02
9.820233888614752686e+02
8.210022773916977030e+02
8.746562835885413278e+02
8.176308053060581642e+02
9.612280652928604923e+02
9.969504168263746351e+02
9.456019225399987818e+02
9.925078673763925963e+02
8.311752486977547960e+02
9.602309554182440934e+02
9.266455326367922680e+02
7.737289603172364423e+02
9.256181535082105256e+02
9.145737535879040934e+02
8.340385500928091460e+02
8.295082130814359971e+02
9.185781045374159248e+02
9.469771040045434347e+02
9.610592182417688036e+02
9.739134674665042439e+02
8.219508623901296005e+02
8.414439301314185968e+02
8.657025845458276763e+02
9.252226954603195281e+02
7.487762409618658239e+02
9.690148988044488760e+02
9.047655054461331474e+02
7.855195973404960341e+02
7.745535910070626642e+02
9.869950854926141801e+02
9.424427192255188857e+02
9.187086249000996077e+02
9.593078741865869006e+02
9.229713637091805367e+02
8.253572342890345226e+02
8.326072061231263888e+02
8.599977411556619700e+02
7.989589541051872175e+02
9.095187884634310649e+02
7.206707115575202351e+02
7.493682948214301405e+02
8.700113701303870357e+02
9.684749362770335210e+02
9.280670992486195701e+02
8.426949373744567993e+02
9.212811030629339939e+02
9.261117748829544780e+02
9.827534001546307536e+02
8.514755385264614915e+02
9.120621411415457942e+02
8.720203324458520910e+02
9.202888029650029011e+02
9.613996113432115180e+02
7.897261822189783516e+02
8.682348257944888701e+02
9.975735435942380036e+02
7.376974983554819119e+02
8.978111101584605649e+02
9.769962246449892973e+02
8.772706880330385957e+02
7.670932654055138755e+02
6.409996565835167530e+02
9.802265754166635361e+02
8.859098235925738436e+02
6.744136017086796073e+02
9.244586137771439098e+02
9.766179026719430567e+02
9.457694774441903292e+02
8.470707831789418378e+02
7.474179457950757524e+02
7.152184344671653662e+02
8.022572881025280367e+02
7.953380377285795930e+02
9.536399790283584252e+02
8.659307195502633476e+02
9.868303482398039250e+02
5.849794897354058776e+02
9.256181231295828411e+02
6.514448324197818465e+02
8.607484272400515692e+02
7.692737713373078350e+02
8.928408883379685221e+02
9.615740157012940017e+02
9.699189181477433976e+02
8.610025871398332811e+02
7.730458536947330686e+02
9.454372262570152543e+02
8.583123000593939196e+02
9.600152955636928027e+02
9.635260769964108931e+02
7.555069673314022793e+02
9.926265824131072577e+02
9.931059861469907446e+02
9.241915773250282200e+02
8.731529117415900600e+02
9.673052972334361357e+02
9.492429756995848038e+02
8.143303883588278040e+02
8.796293559978788608e+02
7.679860251172642620e+02
8.168739277100264644e+02
9.376190069315148321e+02
9.871051679576838751e+02
8.459640060654976423e+02
9.274286728838781073e+02
9.561876123810311583e+02
9.947727113007058506e+02
9.346120496941866804e+02
6.186266460852054934e+02
9.260557566561551539e+02
8.063953949477672722e+02
9.078247545366563145e+02
9.770287948844631956e+02
8.613042816400177344e+02
9.352914750882240469e+02
8.674885009278177677e+02
8.707242196549464097e+02
9.046976526152022871e+02
9.314942333480169054e+02
9.543669878063524266e+02
9.936949902133237629e+02
9.807915494251337805e+02
7.355515267162999180e+02
9.872617798889939422e+02
9.553017515579817882e+02
9.672984411661354898e+02
6.572445352206688085e+02
9.005461882227788237e+02
5.807645582395076644e+02
7.007533813349568845e+02
8.006524361656508972e+02
9.480318774991975488e+02
8.161389205036379053e+02
9.041960119668015068e+02
9.491796752621511359e+02
9.860656022548340616e+02
9.359748004330031108e+02
9.144689536989423004e+02
9.294280617614161883e+02
9.756794837007217893e+02
9.793900785571200913e+02
9.414042009039726508e+02
9.206397668438989967e+02
8.325848098926875309e+02
9.715759337649799363e+02
7.325378760182800306e+02
8.942611110158886731e+02
9.410031475196316251e+02
9.201691079319801929e+02
7.433719633504941839e+02
9.948612916743390997e+02
9.200069607975894996e+02
9.127501469359916655e+02
9.905789077136655578e+02
9.054494027586005132e+02
9.622073551676018042e+02
7.255695842207686610e+02
9.678165969277380327e+02
5.538483146668493191e+02
8.996443378266596937e+02
9.631607936872908340e+02
9.492596666663932865e+02
7.062441530894898278e+02
9.046754194811921934e+02
9.275904595070036294e+02
9.850412106266571755e+02
9.215031729167427557e+02
6.778749837159620029e+02
9.121197819478052224e+02
9.239042067241447285e+02
9.973565919719660542e+02
9.059633685345039567e+02
9.837913205121950568e+02
9.532365782889499997e+02
9.658798434807405329e+02
6.884163385553779335e+02
8.982312632822513478e+02
9.860349592813765867e+02
9.686760730407432902e+02
9.948579667926433103e+02
9.744511925561877206e+02
7.546628664054118190e+02
9.526727686954895944e+02
6.748055112309878041e+02
9.968198781197789913e+02
9.868029187220142830e+02
9.852757103588505743e+02
9.714062472747228867e+02
9.290464703383065626e+02
9.074769801808820375e+02
9.926265824131072577e+02
8.916242952753835880e+02
7.952932236394626671e+02
9.519594135903779488e+02
8.143288868895768928e+02
9.824224419635677350e+02
9.072129820455431854e+02
9.882811221063843732e+02
8.773546533728524537e+02
9.040224433086298177e+02
9.550934383285467675e+02
9.908876603167507255e+02
8.206019303872722048e+02
6.617849899628110961e+02
9.252111700714475546e+02
9.380565726451388855e+02
9.882178093639058716e+02
6.852105337266667675e+02
9.648618529416802403e+02
9.585018504066821379e+02
7.845291115401947764e+02
7.913131451530180129e+02
9.155925783387976935e+02
7.822382932157113373e+02
9.352914750882240469e+02
9.625656778814211521e+02
9.369979571238158087e+02
9.052328784457138227e+02
4.867946498515605072e+02
7.795513849624246632e+02
9.488044021035655078e+02
9.311489695082988192e+02
9.550653138595380369e+02
7.049503296667452332e+02
9.479204078174132064e+02
9.149710645776804085e+02
9.402363668158895962e+02
7.541348792565006534e+02
9.812301133254859451e+02
7.112563293598167320e+02
8.991118094011274025e+02
9.363574272244261465e+02
9.578058626212574609e+02
9.760996786396650577e+02
9.005335829279048312e+02
9.584916911408321312e+02
9.583535311935186201e+02
9.862432206325147490e+02
8.864222094573790400e+02
8.365778332652823792e+02
9.522974602038721059e+02
7.513354493849349183e+02
8.920776847290622982e+02
9.762597065843590372e+02
6.002663702090704874e+02
9.639884459179479563e+02
8.939209306577990901e+02
9.522955560757623061e+02
6.647882139022334513e+02
9.087024055198592123e+02
5.728819842790478560e+02
9.039125698114410170e+02
9.736782921374244779e+02
8.727151105768684829e+02
8.648474882957168575e+02
9.686777741679109113e+02
9.317024344563344584e+02
9.250843752475940391e+02
8.821503298112145330e+02
8.465793089337724950e+02
9.719564751916457226e+02
8.863268924832123048e+02
8.731021608498674595e+02
8.661876911933029533e+02
9.774330790800539717e+02
6.863073928722843675e+02
9.340623319657386219e+02
9.418164910464226978e+02
9.527364151354158821e+02
7.532623610926490301e+02
8.255621278479028433e+02
9.077523550224848350e+02
7.477107446756101581e+02
8.399879660697760073e+02
8.023733591940501810e+02
8.685597472429180925e+02
7.352072667902128842e+02
9.660729141418353265e+02
9.533822748263513631e+02
9.972147240604496119e+02
9.569586434717705288e+02
9.224335095096121222e+02
9.613024024729194252e+02
9.945361248896198276e+02
7.672279085848077784e+02
9.921541692249650168e+02
9.655718523968640739e+02
9.122343599457055916e+02
9.073678524550751945e+02
7.896185292075911093e+02
8.821986500129999058e+02
4.663338783519517392e+02
9.373301459870521057e+02
8.353277126159605359e+02
9.275589927161778405e+02
9.154989885519339623e+02
9.775042269188970749e+02
9.434006292308515640e+02
8.662311689808329902e+02
8.475426201426880652e+02
9.394399061982801413e+02
7.520077891158267676e+02
9.250048837129447747e+02
9.925274116156404034e+02
9.947669765709085823e+02
9.859189822303823121e+02
5.709598976723139003e+02
9.377163826523512853e+02
9.459373221770624696e+02
8.623943844438514361e+02
8.226597368183865910e+02
7.640438443693625459e+02
5.980387687930223137e+02
9.758385769568633350e+02
9.663429764521054040e+02
9.015392190925873592e+02
9.779386322505115459e+02
7.072806326913969315e+02
9.513094117231212294e+02
8.764765598813468159e+02
8.349221570053116466e+02
9.464196192730637449e+02
7.806974862355591540e+02
9.012967550794315912e+02
8.211162657623822270e+02
8.406597126094561645e+02
7.488950585386271541e+02
4.568146077515535808e+02
8.815250108406819436e+02
6.821109243106794793e+02
9.883410849448819135e+02
9.871051679576838751e+02
9.842521455959929426e+02
9.029934564782030293e+02
9.321295454667517788e+02
9.450587378159339096e+02
8.983775106986074661e+02
9.060500680958373323e+02
8.963545928923865631e+02
7.618774022856227930e+02
9.586081657778161116e+02
9.111808673422756328e+02
8.821503298112145330e+02
9.946537068654547511e+02
9.943940870364101556e+02
9.831399624906300687e+02
8.477530112454581968e+02
8.909526755059216612e+02
9.503244732231199805e+02
9.936971775815695764e+02
9.802432603713662047e+02
9.950212153982184873e+02
7.297848835512407959e+02
8.748665742283451436e+02
9.625595504929673325e+02
5.817925475875182428e+02
8.080726652359098807e+02
8.302809640249762424e+02
8.146788621916717830e+02
9.873259786300852738e+02
9.225070096483090083e+02
9.334889576484267764e+02
5.679833681877316849e+02
8.161389205036379053e+02
9.474937714638235775e+02
7.072806326913969315e+02
9.008453745267393060e+02
9.585018504066821379e+02
8.654194709122393760e+02
8.481139113446747615e+02
8.689900473632826561e+02
8.967136301773263085e+02
9.728938373450765766e+02
9.095561144172272634e+02
9.445720349949503998e+02
8.433154675537007279e+02
8.190142268250846200e+02
9.379191403322724909e+02
9.975338074595730404e+02
6.121206953921853255e+02
9.811814963348529091e+02
9.662488918968335838e+02
9.941676007095368277e+02
8.916242952753835880e+02
9.386228334199547589e+02
9.135190460651639341e+02
9.316659997864494471e+02
6.664149015435148158e+02
9.884776922404309971e+02
9.067701884337354841e+02
7.793126968556440488e+02
8.729397974628384418e+02
9.399547314650202452e+02
9.114663949159626100e+02
6.369322398450526634e+02
9.029117348802174092e+02
9.300726207440975486e+02
8.293571431040197695e+02
9.597615933189268844e+02
9.371086533998787900e+02
9.830495432576876738e+02
7.822154638685652799e+02
9.950117371839824045e+02
9.695224572052272833e+02
7.638422875482403924e+02
9.351924150736691672e+02
9.742882799582783946e+02
9.370071634535202065e+02
9.776989221382485766e+02
9.400544798525157830e+02
9.799018552252780410e+02
8.884013529692049360e+02
6.811288681169828578e+02
9.723452589697549229e+02
9.199321482622824533e+02
9.050499077985427903e+02
7.919925621093988184e+02
9.683588755456256649e+02
9.244968287628845474e+02
9.539233633940843902e+02
4.637807617662120947e+02
7.981696179513802463e+02
8.191827218771225034e+02
8.542885960067942506e+02
8.195644241888865054e+02
8.551190341541246198e+02
9.185955543904387923e+02
9.510505942277015947e+02
7.767624125591808024e+02
9.315763445501077058e+02
9.804335128648915543e+02
9.298666936157733289e+02
9.453290732633555535e+02
7.286863005603754573e+02
9.417563390097257070e+02
9.648356860704820974e+02
7.422633293846315610e+02
8.993039368205733126e+02
8.674988486712551321e+02
7.278713970243965150e+02
7.869477597832544689e+02
7.005015011546989854e+02
9.794665169024985971e+02
7.809817461075499523e+02
8.526105161382376991e+02
9.573400557820976928e+02
9.216494872644168481e+02
8.701989270354242763e+02
9.085863614405220687e+02
8.969130265194302183e+02
6.898822889525799837e+02
6.745983120684112464e+02
9.965232164050833035e+02
7.939068278605457181e+02
9.645909158139891133e+02
9.790745051425193424e+02
9.744511925561877206e+02
9.050726354528983393e+02
8.115516454522136200e+02
9.953580019574694688e+02
7.233887749430242593e+02
8.933271613182075725e+02
4.845808649533225889e+02
9.390212954879647214e+02
7.464215883610810351e+02
8.259305156570296731e+02
9.643255698652847059e+02
7.623671617883341014e+02
7.597673652878024768e+02
7.292327449583426642e+02
8.176978968817260238e+02
9.568595068634647305e+02
7.168395863940507979e+02
9.787458609220255994e+02
9.562559520420735453e+02
4.401263965210658853e+02
9.038426021128464072e+02
8.669211554396520114e+02
7.106707054955296599e+02
9.770468608628586935e+02
9.558834574043919474e+02
8.746143589295577385e+02
9.317465273851704524e+02
7.329273037189510660e+02
9.319204996933090115e+02
9.303572150619104377e+02
9.012399130489320669e+02
8.808648340237664343e+02
8.912745677976129173e+02
9.646730872416808324e+02
6.656970217671055252e+02
9.854868995042797906e+02
8.980792793200595270e+02
9.695970568540270733e+02
9.726710884487634985e+02
5.493296119164469928e+02
8.140675294291677346e+02
8.287727315250558604e+02
9.700641080769854625e+02
8.532990748026418260e+02
8.791380819303003591e+02
9.237743319641756443e+02
8.525614593401267030e+02
8.156088454884020393e+02
7.494666021418074706e+02
8.888913270466658787e+02
8.851947403270769428e+02
9.683588755456256649e+02
9.129917655136637222e+02
8.793814825707337377e+02
9.359106633396424968e+02
9.089964883129123336e+02
9.650508592932064857e+02
9.388167026766608387e+02
9.752363617843409429e+02
8.381156286770199131e+02
9.248794144168741695e+02
8.641721556711984249e+02
9.767166050744385757e+02
8.150605530605535023e+02
6.138619129670798884e+02
8.426461640541842826e+02
6.416363444926593047e+02
9.556630833437120600e+02
9.609969119620938045e+02
8.895903929334493796e+02
9.841697136862026127e+02
7.494221802410120290e+02
9.311015411136195326e+02
9.079776182313224808e+02
8.760960131847806451e+02
9.421525589232869606e+02
9.718592777880390940e+02
9.406889190779277214e+02
9.622024627055932342e+02
9.785193192096273833e+02
9.435856294364084533e+02
8.767199787460949665e+02
9.712709867827245489e+02
9.251118268815695274e+02
8.309530629257693590e+02
9.897957459256164157e+02
8.392930119056591138e+02
9.468270665987527082e+02
9.261600372775683354e+02
9.967964438766503008e+02
6.830428052565843018e+02
7.692536879288128375e+02
7.266885483232266552e+02
9.078034989421362297e+02
9.643351066305883705e+02
8.914049171619336676e+02
9.592569820687737092e+02
8.190142268250846200e+02
9.420597554051323641e+02
9.561473994814084563e+02
7.745535910070626642e+02
9.831521422593126545e+02
8.838884915807566358e+02
7.668125964368973655e+02
6.959965875633890846e+02
7.015004384644665834e+02
9.365474269692499547e+02
8.249755478641264972e+02
9.754757820546365110e+02
7.681306354888935175e+02
8.088862265945091394e+02
6.300130590977074689e+02
9.516202374348692956e+02
9.203760286804621273e+02
9.733981501495973134e+02
9.469180439477426035e+02
9.691804363963992728e+02
8.703246939840207688e+02
5.880727357069177970e+02
9.166379273308100437e+02
9.750394748345022435e+02
7.353913839027736685e+02
9.409781580068206495e+02
8.283886027271501007e+02
6.816542725783772312e+02
9.856111057020132193e+02
9.826938201810927467e+02
8.052676315026412794e+02
8.195644241888865054e+02
9.272490800098487398e+02
9.030873282500002688e+02
9.209096154651058441e+02
9.050234449257119422e+02
9.238061960492957496e+02
9.547415385702080357e+02
9.160555605650845337e+02
9.540281129408082279e+02
9.745102932145416617e+02
8.756387179162145458e+02
9.725519100909293684e+02
9.628556719172371459e+02
8.463724893722566094e+02
9.808787095774617910e+02
8.470296201104041529e+02
8.954583747681482464e+02
9.503895736774740044e+02
9.540580686097061971e+02
9.728938373450765766e+02
9.690148988044488760e+02
9.612795507537716730e+02
8.982312632822513478e+02
6.835813647614979800e+02
8.329882470309212295e+02
9.185539333471491545e+02
7.863659174654476374e+02
7.711750332269697310e+02
9.783309497239937400e+02
9.363275737132028098e+02
8.703602922172159424e+02
7.919284926414151187e+02
7.026930487225019988e+02
8.431196151320406216e+02
8.342988580057298122e+02
9.466878682110509544e+02
9.451810948248605655e+02
8.008265731338590285e+02
8.978111101584605649e+02
8.847567144277983289e+02
7.972871853566009577e+02
9.455078169524520035e+02
7.691300369010444911e+02
9.549758972114850621e+02
9.564458522579031978e+02
7.073594208681525970e+02
9.960551424359294970e+02
7.910178708020557679e+02
9.689628760514851820e+02
5.931335390978823625e+02
9.865623208602471550e+02
9.282259234237037617e+02
9.190130005177575185e+02
9.272686447683925053e+02
8.119552525399816432e+02
9.429384120654765411e+02
7.663262174314183994e+02
9.604506361242570165e+02
8.850964954113792373e+02
7.897683603818152278e+02
9.021020736767804920e+02
9.906386424816316776e+02
8.030338060354174559e+02
9.857185998198640391e+02
9.177381559955556440e+02
8.569622864066121792e+02
7.500288770721891751e+02
9.210773644877306197e+02
9.131019510021528731e+02
5.963518749675408799e+02
9.142169398048483799e+02
9.199590413467459484e+02
7.648402120548544190e+02
9.562073125737828150e+02
9.112591865313590915e+02
6.050166397806857503e+02
8.342849051101409259e+02
9.854834296876874760e+02
9.526412206514395393e+02
8.386375424312751647e+02
8.978965188836351672e+02
9.656378654953500700e+02
9.282892681491858866e+02
7.151487390244859625e+02
9.104027944186296963e+02
9.405531471410412223e+02
8.927365171744127110e+02
9.043927722592868577e+02
8.420823886892410428e+02
7.939068278605457181e+02
9.968932606433934325e+02
9.848908133531429030e+02
9.734472600270864859e+02
8.981847801205536825e+02
8.942611110158886731e+02
9.673052972334361357e+02
9.634157750541555743e+02
9.411666784076521708e+02
9.328503545353441950e+02
9.371918267455839668e+02
9.894092909783880714e+02
8.953169840944566431e+02
9.923360546441195993e+02
9.528453428919868884e+02
9.727785870261512855e+02
7.695688724642413945e+02
9.056836113258829073e+02
8.839682045315217920e+02
9.216494872644168481e+02
9.206637912101880374e+02
9.232609274210568628e+02
9.561806144461795611e+02
9.414374799212864673e+02
9.551709419116582467e+02
7.715135428472300418e+02
7.598323142196468325e+02
6.017563116410095745e+02
7.178688835485393156e+02
9.848669215034176432e+02
9.185783784375518053e+02
8.706344011769881490e+02
7.206707115575202351e+02
7.686325481181438590e+02
8.346354899174172033e+02
7.959786130647086111e+02
7.860289006571109667e+02
9.150238958172260482e+02
9.798548206753730483e+02
7.169582136510564396e+02
9.820538410178701270e+02
7.919284926414151187e+02
9.638582346336671662e+02
9.956283896325778642e+02
8.973471646691027672e+02
9.117099882929315982e+02
7.907633250537608092e+02
9.692029460498526987e+02
8.979643304097768350e+02
9.932121275435586085e+02
7.672161572867403265e+02
8.538281093056033342e+02
9.712392097891031426e+02
7.919284926414151187e+02
8.079903917607739459e+02
8.233519646155539249e+02
8.018471272008499682e+02
8.874359660573467181e+02
9.723837192816206425e+02
7.062441530894898278e+02
6.906755966794705728e+02
9.763919091974182720e+02
8.933821992646527406e+02
9.371217236775553374e+02
9.317851404957235673e+02
9.505310695702310113e+02
9.708337079094073943e+02
9.824765303435758597e+02
9.888273909372665003e+02
9.831521422593126545e+02
6.527547913763238512e+02
9.974329890096917097e+02
5.335894362411909242e+02
7.157557489100080375e+02
8.924569478670134686e+02
7.840324225461231435e+02
9.455319933517582740e+02
9.184485278016636585e+02
9.889058730049739552e+02
7.916302048175363097e+02
9.704245714549890636e+02
8.611465539959465332e+02
9.976435002364037246e+02
8.726352486103043020e+02
9.079696442587924139e+02
9.703597765035634666e+02
9.187249834112446933e+02
9.448993169041331157e+02
9.485717798537502858e+02
9.149545092548551111e+02
9.840247777701881660e+02
9.781236371629460109e+02
7.493018555022604232e+02
8.892152653153584652e+02
9.198964286044330265e+02
6.966230806042984796e+02
9.358877035293222661e+02
9.748064637156369372e+02
9.642193461372598904e+02
8.295503476283450937e+02
8.798758084899062624e+02
9.007440282265520182e+02
7.713510231057557576e+02
9.650837097465573606e+02
7.780708746240999290e+02
9.275589927161778405e+02
8.391107025622354740e+02
6.962493745957638112e+02
9.199689517794588483e+02
9.925274116156404034e+02
6.242242185440125013e+02
9.215430894614888757e+02
9.341446863584908442e+02
9.918808476339607978e+02
9.800940587853485795e+02
9.485212391917666537e+02
9.627219637113403223e+02
9.345904417034329299e+02
9.152991430622249709e+02
9.170975021689498590e+02
9.809351445753347889e+02
8.019027299390672852e+02
9.010010050441617295e+02
9.592603375665014482e+02
9.469315734930710278e+02
9.131328950652145977e+02
7.976130759633354046e+02
9.131019510021528731e+02
6.659232559782566341e+02
8.785972819985868227e+02
5.635201545290883587e+02
9.867482788018650126e+02
9.111705599736940258e+02
9.947727113007058506e+02
6.975759581700966692e+02
9.064441397791284771e+02
9.484449154046883450e+02
7.893696338781004442e+02
9.635304684961861312e+02
8.253851447014446876e+02
9.681265757285132167e+02
8.371639045059183672e+02
7.500954726174111329e+02
9.274634333627747083e+02
9.065778229769605332e+02
9.477194808326776183e+02
8.830912136083325095e+02
9.552674718042602535e+02
9.246203938727862806e+02
9.723980948682724375e+02
8.775909363673092685e+02
7.638422875482403924e+02
8.403140763894859901e+02
9.294232955530169420e+02
9.966187272494337321e+02
8.399661204975029705e+02
9.275904595070036294e+02
8.418646929627866484e+02
9.020312068883956726e+02
9.142049638532498648e+02
9.480350299276428814e+02
6.851350170994089694e+02
8.722021054262521602e+02
6.042336017410284512e+02
9.408244214009199595e+02
9.753582197168404946e+02
9.084792664809402822e+02
9.713469914504403278e+02
9.254620512183606706e+02
8.641149538153531466e+02
8.607534757670845238e+02
9.302291234923154661e+02
8.539014575268543012e+02
8.404055602577508353e+02
6.082999844082427217e+02
8.446289909420347612e+02
9.569706428065242108e+02
9.315763445501077058e+02
7.919925621093988184e+02
7.441384313308102492e+02
8.329975222760776887e+02
9.519820282262817273e+02
9.555273374336780989e+02
9.864189316068583366e+02
8.556693420033002440e+02
8.619921897882594521e+02
7.062633787124882474e+02
8.382940152803846559e+02
8.287577125164070821e+02
9.659993547402029890e+02
8.670805529432286676e+02
8.425406737339818619e+02
7.858462466135769091e+02
7.909609413139112348e+02
9.435427919086662314e+02
8.733262336401905941e+02
9.302691134988662043e+02
9.664248890768785714e+02
9.816575290592633110e+02
8.043667483501018296e+02
9.394399061982801413e+02
