8.045758380083409065e+03
7.792126117310351219e+03
6.159023846928464991e+03
7.234219909243370239e+03
5.824608741749662840e+03
4.184033516000195050e+03
4.290123930922010913e+03
8.329294057676794182e+03
3.525262655401868415e+03
8.039313366758404300e+03
3.678651992056166819e+03
7.915820611715970699e+03
8.204404862006693293e+03
5.984277046318366047e+03
6.671623748820396941e+03
7.009734889008113896e+03
5.827786483745574515e+03
7.872139360331224452e+03
8.402922764536035174e+03
5.652529934200520074e+03
8.129253117581083643e+03
7.079407466870430653e+03
3.448389203613463451e+03
4.630510052513523078e+03
5.026479815308200159e+03
7.768203622794175317e+03
4.820654875714953050e+03
5.453692927957558823e+03
7.668870773175371141e+03
6.041664479993378336e+03
4.931000209291487408e+03
7.211993041489949974e+03
4.941959690285992110e+03
7.712606638178573121e+03
4.624263230011068117e+03
5.641171614276987384e+03
8.237883242236570368e+03
2.336628977551578828e+03
7.006205059035877639e+03
4.455908876155425787e+03
2.446787163514964504e+03
5.362346160870189124e+03
4.915747164475951649e+03
4.645266532380153876e+03
6.125086576898444036e+03
4.802254192251374661e+03
5.071800551518032989e+03
2.979587403455504500e+03
8.245091377017553896e+03
8.276725639746529851e+03
4.481212932762126002e+03
6.119828345472804358e+03
4.348336904830535786e+03
7.960838994002964682e+03
2.715006516411979192e+03
8.269907684242498362e+03
5.913752573683983428e+03
4.558374718800689152e+03
8.391159686445871557e+03
5.381078466799950547e+03
6.059422761117069058e+03
6.195732505757771833e+03
6.755823818441303956e+03
4.030978311334635691e+03
7.559425125604097957e+03
8.194153701046958304e+03
6.642342276717547065e+03
4.359383284746389108e+03
6.147736962664720522e+03
7.350208793370476087e+03
6.856713576048521645e+03
7.596920400393531963e+03
7.535597645763054061e+03
7.666280784211778155e+03
7.465765398145136714e+03
5.551039505746313807e+03
7.686415059649225441e+03
8.128053153696987465e+03
5.091862936867702047e+03
7.045525456258545091e+03
6.759958900634203928e+03
7.487316119106100814e+03
6.881784388621446851e+03
8.356759640782220231e+03
6.260186106930360438e+03
7.465158046833901608e+03
5.151352294620918656e+03
6.912684223946563179e+03
8.366492568635207135e+03
8.247837952358764596e+03
8.289991740821538770e+03
6.565523071740499290e+03
4.184033516000195050e+03
4.444129854594630160e+03
6.459973124516056487e+03
8.282139735843446033e+03
4.377510721925820690e+03
3.739508278592944862e+03
7.264866128970013051e+03
4.468679207548029808e+03
6.260937638387835250e+03
3.670017787102895454e+03
5.104174734590484150e+03
5.793559889421569096e+03
6.312632538958989244e+03
5.497920736838925222e+03
2.414783013890821167e+03
7.487291051541506022e+03
7.689233177599613555e+03
8.276182168913896021e+03
6.824946705861673763e+03
5.434148795113579581e+03
4.264056365179402746e+03
4.608442808792816322e+03
7.290135531098006140e+03
6.577626664269836510e+03
6.569402454017688797e+03
8.399010545267879934e+03
7.174902762847149461e+03
6.254940430589077550e+03
3.396003376843101250e+03
4.740774629783210912e+03
8.439274475720307237e+03
6.474162564978370938e+03
4.698676043331551227e+03
6.989501889502631457e+03
8.193833370955268038e+03
5.376259718030821205e+03
8.015061011418019916e+03
4.928122888953692382e+03
2.790094000882932050e+03
6.971191314768322627e+03
6.927159553196509478e+03
5.604348940032420614e+03
8.072534343247913057e+03
6.269044935908153093e+03
5.823955375515442029e+03
8.197432740662741708e+03
4.272532687645894839e+03
6.954665996355377501e+03
6.281972963841270030e+03
8.235470976292675914e+03
7.057993264637120774e+03
7.649596257899342163e+03
6.471187776691205727e+03
3.299070331850349248e+03
5.243921870858280272e+03
2.786811828046717892e+03
8.339376562933965033e+03
5.580371126233087125e+03
8.432498725283920066e+03
5.318618169717847195e+03
3.489634244160819890e+03
7.303901003735364611e+03
4.369961536812410486e+03
3.934476285062639363e+03
1.843307712657676802e+03
5.797113002992470683e+03
4.814894198115019208e+03
6.302813893005257341e+03
4.481212932762126002e+03
7.166632719283270490e+03
2.132535904612977902e+03
4.844188921977903192e+03
8.225164726172180963e+03
7.502749366342389294e+03
7.991716713898898888e+03
3.657316955066033643e+03
4.294104679615645182e+03
7.178021594676959467e+03
3.873549283661623122e+03
7.734500366784702237e+03
3.433020028318191180e+03
8.072970685434738698e+03
3.749541025329373497e+03
5.301548080536827001e+03
8.338193552197690224e+03
7.460263601409920739e+03
6.883734468113973890e+03
6.543393225196638923e+03
6.225204368087045623e+03
5.294756678113254566e+03
4.448794366751450070e+03
4.914551521896817576e+03
8.400349460173983971e+03
6.913897930537164029e+03
8.034242218027524359e+03
7.287535865013390321e+03
6.067821850869624541e+03
4.262910617667851511e+03
6.574307247726388596e+03
5.713538342945249497e+03
6.621374451584627423e+03
8.282385749911787570e+03
6.988477642498175555e+03
3.871392808130809044e+03
4.271164943074313669e+03
7.102805576972834388e+03
5.585910723882558159e+03
5.626022927529134904e+03
6.050646945804900497e+03
8.318710744374402566e+03
7.938720328366312970e+03
7.272410120534127600e+03
5.824608741749662840e+03
6.191682027939963518e+03
7.733543373875017096e+03
2.227652425138984199e+03
6.481595247839174590e+03
3.672202432476412923e+03
7.345094054581570163e+03
4.460421755326115090e+03
5.453517914334748639e+03
5.051697679369571233e+03
6.865064426205201016e+03
7.054261636594990705e+03
7.414052687650822918e+03
4.563414122425632740e+03
7.256005349857363399e+03
4.562697380610936307e+03
4.513062372204999519e+03
6.566948843708721142e+03
6.663765579216231345e+03
7.556965191059904100e+03
5.585910723882558159e+03
4.082066521816059321e+03
6.682045801019237842e+03
4.478309450134634972e+03
7.922225535500010665e+03
4.926954425100607295e+03
5.328010051320501589e+03
5.682189653291226023e+03
8.439334365187554795e+03
7.300851260126733905e+03
8.129958346841496677e+03
2.941182311864550229e+03
5.410537499576141272e+03
6.709559418989008009e+03
3.903555241632825528e+03
4.542654316603629923e+03
5.639415989252132022e+03
8.125747473111807267e+03
7.741873936017294909e+03
4.314569685179449152e+03
4.374268399753720587e+03
6.572370085129989093e+03
6.958489895419756067e+03
6.341316488174103142e+03
2.157476604633107854e+03
4.847586837040684259e+03
3.763207766130441087e+03
6.768367742945116333e+03
7.282376149726148469e+03
5.201414526414693682e+03
6.961263132948780367e+03
5.685508954675422501e+03
7.136609863296778713e+03
4.858621424746366756e+03
5.741403797594821299e+03
5.002605439487264448e+03
8.359700378890733191e+03
7.490263031876758760e+03
4.796374520799370657e+03
6.668989036564792514e+03
7.244159965591125001e+03
5.466407281398481246e+03
4.651771128960949682e+03
3.957941700517548725e+03
4.933324927826495696e+03
5.202731845191745379e+03
3.994338095458454518e+03
6.954849752114991134e+03
8.255226995278724644e+03
5.145671577731132857e+03
5.393696013619038240e+03
6.564407668807623850e+03
6.248713799501610083e+03
5.026524826606986608e+03
7.070317692108313167e+03
6.226731618794221504e+03
7.557980538221044299e+03
7.522541195016565325e+03
3.746001739013306633e+03
6.756266446891088890e+03
5.699018716856144238e+03
5.654460568567945302e+03
7.494259093884053982e+03
7.966128157983222991e+03
8.245897513878084283e+03
5.951782171720210499e+03
7.606659557823522846e+03
6.884702839628785114e+03
4.826464183869680710e+03
3.619849342939403869e+03
7.301586862374915654e+03
4.624263230011068117e+03
8.197839192746894696e+03
7.649406572173753375e+03
6.393662808736869920e+03
5.536831435374454486e+03
6.471647424272099670e+03
3.609142161028026749e+03
4.514769548906288946e+03
6.431805858646310298e+03
6.435529034483811301e+03
3.646166657873127406e+03
5.891278537923912154e+03
2.156857296926144045e+03
5.853826705986547495e+03
4.374988052688500829e+03
6.653280801642597908e+03
4.644465868178518576e+03
4.434402404803751779e+03
6.537039736320501106e+03
4.971567333711648644e+03
7.372066584416316800e+03
3.638168668769681972e+03
6.010807261898013167e+03
5.111527394318891311e+03
5.350310720211689841e+03
7.464755686836437235e+03
4.514769548906288946e+03
6.369180573054562956e+03
4.887299800696106104e+03
4.641668660904812896e+03
4.708224070947074324e+03
7.656095084880565082e+03
6.966276059054682264e+03
2.227986708863568310e+03
5.870509160097453787e+03
6.539085274663229029e+03
3.553979150708873021e+03
7.102529382755888946e+03
4.493750429395572610e+03
6.640031120629559155e+03
4.204418009671185246e+03
5.516997081571127637e+03
4.536651092855130628e+03
3.739679876823778613e+03
5.799417137081027249e+03
3.678651992056166819e+03
7.765402212461767704e+03
5.680468307300021479e+03
8.201172397111819009e+03
7.153003044794747439e+03
8.082370117758607194e+03
6.992623477980255302e+03
7.674748763469436199e+03
3.317681203396742148e+03
7.253466685645200414e+03
7.534749357167016569e+03
7.051689525874793617e+03
3.006173031379869826e+03
6.064296654420848427e+03
6.239884183479037347e+03
7.947843362408108987e+03
3.737765942262799854e+03
7.489609541481913766e+03
3.728796064478142398e+03
7.890570622290744723e+03
6.900475958094937596e+03
8.085855683187667637e+03
5.503849344288135399e+03
7.936231390464712604e+03
8.301032150057711988e+03
4.487036962644004234e+03
5.736994532709834857e+03
8.189236392262832851e+03
4.455563241163225030e+03
3.845811904333076200e+03
7.290919035501235157e+03
7.599755279911297293e+03
7.757570155187377168e+03
4.210729037178787621e+03
7.831871784083748025e+03
4.129982045840022693e+03
6.914150586459080841e+03
8.075041776174303777e+03
4.276547896881704219e+03
6.528189112023395865e+03
7.065199182886586641e+03
5.939720856430811182e+03
5.377951235173451096e+03
5.563673426924129672e+03
5.941831629106022774e+03
7.911274071068864941e+03
7.991099774663383869e+03
2.699867903266513167e+03
5.929329313857453599e+03
3.341996067040106027e+03
7.152978802392488433e+03
5.532266860305462615e+03
7.324125838410506731e+03
5.430921611209984803e+03
5.232755608223609670e+03
6.745654041898890682e+03
8.309757353454891927e+03
2.306869250221689981e+03
6.201479178306923131e+03
6.703475152472950867e+03
6.447028359162813103e+03
4.933679009511409276e+03
4.227335526448217024e+03
6.663106476441577797e+03
6.679217292637750688e+03
5.282598454163785391e+03
6.339756182792318214e+03
6.553758781409595940e+03
7.250993416314826391e+03
7.690684964492010295e+03
4.269221805553333979e+03
4.779917348466918156e+03
7.885727199877258499e+03
6.111787602031768074e+03
7.558432357820835932e+03
7.035442575242035673e+03
6.801348135714148157e+03
5.891327018793734169e+03
3.450616973214130667e+03
4.339731954101054725e+03
4.890083282407322258e+03
4.646793755561514445e+03
6.570261054145089474e+03
3.870247486213544107e+03
6.436953227852147393e+03
7.616107958314671123e+03
3.693831628103540424e+03
4.670109003057004884e+03
7.709606742019850572e+03
5.699080628441637600e+03
6.718440194717106351e+03
8.093593141606043901e+03
6.678601952120363421e+03
8.377888352208667129e+03
6.758605432303304042e+03
5.849301270148126605e+03
7.274071824046208349e+03
8.092982685198119725e+03
6.732904684679255297e+03
6.398843033437278791e+03
7.334214085520488879e+03
7.171543989898685140e+03
7.943249162978764616e+03
4.402673346400078117e+03
7.784934939887629298e+03
4.682606562369346648e+03
4.252503786225586737e+03
4.483324822098349614e+03
8.195834399732559177e+03
7.457237451593295191e+03
4.868236726493474634e+03
7.188626280988773033e+03
6.857445245285390229e+03
4.212384510657136161e+03
2.937787568631260001e+03
3.277731729437555714e+03
7.318138866019990928e+03
5.289276750370807349e+03
7.974285991067512441e+03
7.874913892357868463e+03
7.361580298168750232e+03
6.421065913564191760e+03
7.800493368142062536e+03
7.047958745196428936e+03
4.848941656986887210e+03
7.029682462219640001e+03
8.154410058430424215e+03
4.333528176959565826e+03
5.166973979166408753e+03
3.911974095499398572e+03
4.312325742837230791e+03
8.093188529010578350e+03
4.158281923395191370e+03
6.568194439190175217e+03
2.290272120977091163e+03
5.727223429570147346e+03
8.231582894391834998e+03
5.853165237874984086e+03
4.164037752149894004e+03
4.628496366617759122e+03
5.793803630344167686e+03
7.918681621419694238e+03
1.528471430119780962e+03
2.873298698001181947e+03
4.618356014467719433e+03
4.903092764936835010e+03
8.389472270351139741e+03
5.743712525292649843e+03
5.100233494675304428e+03
7.937733458859631355e+03
5.174294188967513037e+03
5.251194473374160225e+03
5.168418246735236607e+03
4.973647642624728178e+03
8.312904465738405634e+03
5.537029289113603227e+03
7.989746252262644703e+03
4.640148225324485793e+03
6.060877997367706485e+03
7.782701092657891422e+03
4.395358255007397020e+03
4.028993606533817911e+03
2.817626294977159887e+03
8.322312780500609733e+03
7.419735815880074369e+03
6.481931534510249548e+03
3.977215701417330820e+03
7.815226716028772898e+03
6.054945478260764503e+03
7.908009150002605566e+03
5.593825298232579371e+03
6.900475958094937596e+03
4.164448729700559852e+03
4.493750429395572610e+03
6.305513425379787805e+03
4.391771436591989186e+03
4.642816502455938462e+03
7.074929475737142639e+03
8.133920478005747100e+03
7.746738634985522367e+03
7.263148523225165263e+03
3.905114364670176656e+03
5.804164741156805576e+03
1.294821098364926456e+03
8.193201164132853592e+03
8.356219640628707566e+03
7.678052832476419098e+03
4.770586258967087815e+03
4.672797793599869692e+03
7.632372029775404371e+03
5.086107337494048807e+03
4.907401491750572859e+03
6.846536240458055545e+03
6.565523071740499290e+03
5.400446238568651097e+03
8.403224209143216285e+03
3.298953077755236791e+03
7.899828501224212232e+03
5.256491306882463505e+03
4.240644736999904126e+03
7.852042155966824794e+03
5.551811332758938079e+03
4.486217099050689285e+03
5.662975701755870432e+03
5.437475290779618263e+03
2.741283268615181441e+03
7.893657229770567938e+03
7.889262327846801782e+03
2.821175928626123550e+03
5.682615889569546198e+03
4.253751682805324890e+03
7.955906911119721372e+03
7.479736937123105236e+03
7.382508812393835797e+03
6.483285722668051676e+03
6.540588117490100558e+03
8.391688178607368172e+03
6.249620310785572656e+03
2.744781754293729591e+03
4.300011355708349583e+03
7.808362368069190779e+03
8.437607916365270285e+03
4.827331257944979370e+03
5.921005445962856356e+03
5.154007484991605452e+03
6.403374686241379095e+03
7.574871687310083871e+03
5.643645237585403265e+03
6.299727741420613711e+03
5.466119829822158863e+03
6.459276199955828815e+03
3.853390883825021774e+03
7.518638368500633078e+03
1.393134598527488379e+03
4.597134801941961996e+03
6.141015298938703381e+03
8.259893915834396466e+03
6.531608781900222311e+03
5.500213678909127339e+03
5.509539679396008069e+03
7.487316119106100814e+03
5.910306233241992231e+03
5.804164741156805576e+03
6.927159553196509478e+03
6.171945934792231128e+03
7.333129105793223061e+03
4.331474453553664716e+03
4.318744021334279751e+03
6.235368892673033770e+03
8.280922278542215281e+03
2.431496008661259111e+03
6.424940236174236816e+03
7.427407930901027612e+03
8.150013169373743949e+03
8.426926605676519102e+03
4.788610796116548954e+03
5.125731356252896148e+03
6.977455660258610806e+03
6.810954078354335252e+03
6.954665996355377501e+03
8.167284654386954571e+03
2.551721695064674350e+03
6.826378042610172088e+03
3.355069499158123108e+03
7.065069073150201802e+03
5.813934685197914405e+03
6.074191371571767377e+03
4.833351733189926563e+03
2.127814217807429486e+03
3.574139598310253859e+03
8.005944421126029738e+03
6.656515884632150119e+03
2.760517051502701179e+03
4.917192151819220271e+03
4.093386385360742224e+03
8.396110639880786039e+03
6.698758161016457052e+03
5.681241595313897960e+03
3.334040606296674468e+03
8.280002210999606177e+03
4.644465868178518576e+03
6.837881874801789309e+03
6.626143014770128502e+03
4.129890613724285686e+03
5.846975403668895524e+03
3.430906138350233959e+03
6.172140782274471349e+03
4.349455817480165933e+03
4.547731211879465263e+03
7.759196730771799594e+03
7.280293850378081515e+03
2.885510888638466895e+03
4.969400694939255118e+03
8.381990111503098888e+03
4.218515790687240951e+03
6.393207346704384690e+03
7.759893112436977390e+03
4.178644916955296139e+03
6.107982202895940645e+03
6.665887426859267180e+03
5.405136444375235442e+03
7.615239237502422839e+03
6.743977534985429884e+03
4.357957099895156716e+03
7.235785348268609596e+03
7.721631126901260359e+03
7.820071913040307663e+03
7.152149118887616169e+03
7.566195449554245897e+03
8.221993520583304417e+03
3.472576582149075421e+03
5.631506601974537261e+03
7.234219909243370239e+03
7.520100898669074923e+03
2.721852398844420804e+03
7.169849642729869629e+03
5.882054805325713460e+03
1.792916767580479245e+03
7.691196042471424335e+03
6.184595483554570819e+03
6.156386305477737551e+03
3.904192211065959782e+03
4.300974128295782066e+03
3.483841507025256760e+03
7.949410762957159022e+03
8.130413639893751679e+03
8.206867746732132218e+03
4.682066340778776066e+03
5.875982269399259167e+03
8.062988377196015790e+03
5.646062041756550570e+03
7.599755279911297293e+03
7.480669490523229797e+03
5.368701902939670617e+03
7.535597645763054061e+03
2.812049423471608861e+03
4.556695896870231081e+03
7.053514594971999941e+03
6.526981524624414305e+03
6.144181297139473827e+03
7.536764225475534658e+03
7.247543289143706716e+03
5.063630348722684175e+03
8.095063268565348153e+03
4.323480845435964511e+03
7.955549174597939782e+03
4.879533499121772365e+03
7.123056945431933855e+03
5.751739799416047390e+03
4.705096594068144441e+03
4.451496629949397175e+03
6.752652387810834625e+03
5.504316148780082585e+03
2.893270763931760484e+03
7.961450333654084716e+03
7.080645067129300514e+03
6.323770437082204808e+03
5.127082591473879802e+03
6.525919538138881762e+03
7.075553117082036806e+03
9.885654105851016311e+02
6.210369743322164140e+03
7.990066174976996990e+03
5.818645485852748607e+03
6.904372303389840454e+03
6.144073055671519796e+03
7.035442575242035673e+03
7.942607258911693862e+03
4.330512605778836587e+03
5.656542773131583090e+03
7.216577139979286585e+03
8.079029959220888486e+03
3.475857865249523456e+03
1.528471430119780962e+03
4.715449348384028781e+03
6.605785913609297495e+03
6.505189634823780580e+03
6.880850188785643695e+03
6.290407860482822798e+03
4.265171660951988997e+03
7.222107348847419416e+03
7.455828996249420015e+03
4.644465868178518576e+03
5.439477254146911037e+03
4.102944078908067240e+03
6.437979787200039937e+03
6.309893670836166166e+03
7.340824554669147801e+03
2.825670206656335722e+03
2.031621719635088994e+03
4.028993606533817911e+03
4.800494398972502495e+03
6.786612476838907241e+03
4.487036962644004234e+03
7.236646592775267891e+03
4.143249203173726528e+03
7.919220556389487683e+03
4.268654827027756255e+03
5.628995419791813219e+03
4.706464151081582713e+03
7.773482781156189958e+03
7.136436915137966935e+03
5.368734492651108667e+03
5.365691394491721439e+03
3.470351888769654579e+03
2.890732679968978118e+03
6.647444761056421157e+03
8.409986008336503801e+03
6.397106018115263396e+03
6.602006684264963951e+03
6.060438754180397154e+03
3.424383000713203273e+03
6.846685837456137961e+03
4.641668660904812896e+03
8.426926605676519102e+03
7.739180322707124105e+03
7.283902711428771909e+03
7.739761771720946854e+03
4.523283291192925390e+03
6.365972271558161083e+03
6.667446450566295425e+03
4.351222979414849760e+03
4.318458825921306925e+03
7.965413674974103742e+03
7.098029324864231967e+03
6.986658410857431591e+03
1.131692102967047276e+03
3.198076605288380961e+03
5.855254506247754762e+03
4.271332313999624603e+03
5.160573127000559907e+03
6.644029778206633637e+03
5.516997081571127637e+03
6.431805858646310298e+03
5.699080628441637600e+03
7.802907251529941277e+03
7.850187448257982396e+03
7.217362832057697233e+03
5.639166333076111187e+03
6.369147020488777343e+03
8.330255500996077899e+03
7.341198432639836938e+03
7.936301097662319080e+03
3.536442361227630045e+03
6.902899660174712153e+03
4.722431427893259752e+03
2.495551780974536996e+03
3.973339397415358690e+03
8.255525252916428144e+03
5.999683366541353280e+03
3.375119653294253112e+03
6.640031120629559155e+03
2.103941338594572699e+03
7.377245857453188364e+03
3.922790102410563122e+03
6.989142502073758806e+03
6.306666963542769736e+03
5.907788488648053317e+03
7.423015027372637633e+03
7.974285991067512441e+03
7.692507064140708280e+03
4.119699006538385220e+03
8.389961873853713769e+03
6.382413459686536044e+03
8.022436010120643004e+03
4.617681698448790485e+03
5.207517951211284526e+03
4.584916169938657731e+03
4.197286681069094811e+03
7.161063193628419867e+03
5.993053404258550472e+03
4.039774793669090741e+03
4.959421126137072861e+03
5.651342742909779190e+03
7.241533528844108332e+03
7.261301644929593749e+03
7.571885839823428796e+03
5.198807082536447524e+03
7.579180392707348801e+03
3.494524626168174109e+03
7.678052832476419098e+03
7.516175755166705130e+03
6.598739243753409937e+03
7.464688212459197530e+03
6.989142502073758806e+03
4.732555783608653655e+03
4.334288787740163571e+03
7.510694765649183864e+03
3.988384684604539416e+03
7.323990234826622327e+03
3.432970233270217250e+03
7.222107348847419416e+03
7.299128784331081079e+03
2.138715669192471978e+03
5.935276828907462914e+03
7.967847936035352177e+03
8.062619174167849451e+03
8.012689498569771786e+03
7.407146154404545086e+03
4.979905905451249055e+03
7.965413674974103742e+03
7.709453254543972434e+03
5.323683295461814851e+03
7.124774561525062381e+03
6.657033429940612223e+03
1.326347684749168593e+03
4.459279321193788746e+03
6.086448912435064813e+03
3.152542298319991460e+03
7.438632961813080328e+03
8.016033303463380435e+03
4.622870399634726709e+03
6.546770214542146277e+03
3.654978513956628376e+03
5.250309678092011382e+03
6.425784912497654659e+03
5.360932340227727764e+03
3.341018625068295478e+03
6.778055999505502768e+03
4.585361357908218451e+03
1.458629653745459791e+03
7.238122808770925076e+03
3.448389203613463451e+03
3.157600178126007449e+03
4.323500193689103980e+03
1.334189169394785040e+03
5.620933028784537782e+03
8.246205888602624327e+03
7.292861695437006347e+03
5.393203372090436460e+03
4.022844400599506116e+03
8.259997221570434704e+03
7.108310098654421381e+03
7.602933804991183933e+03
5.575011921854694265e+03
7.686609858342015286e+03
4.343864765320189690e+03
5.818656832512608162e+03
5.545415213133976067e+03
4.889315524908641237e+03
5.974593008745146108e+03
7.581433718671567476e+03
7.731407316403988261e+03
5.239255241197746727e+03
4.861978806904927296e+03
5.270849371094451271e+03
1.653156140365146712e+03
7.522697477493557017e+03
2.765794869214627397e+03
8.176506943081833015e+03
7.322132776296693009e+03
7.925140754888889205e+03
4.256013143844203114e+03
7.221993533873041997e+03
5.772641771771355707e+03
1.677936812496834136e+03
5.298470928777823246e+03
5.214519188441012375e+03
7.073949107980781264e+03
6.682045801019237842e+03
5.209677544544154443e+03
7.054063408293819521e+03
7.970481158173452059e+03
5.495923213188279988e+03
6.185287226137829748e+03
4.315554530306220840e+03
4.951978722573156119e+03
7.906841683561624450e+03
5.251624954889096443e+03
3.196159425026901772e+03
7.784538864522904078e+03
5.012980864217132876e+03
8.308335450961754759e+03
4.321157315856135028e+03
5.509539679396008069e+03
3.928871157203891471e+03
6.569402454017688797e+03
7.118785616413941170e+03
6.112628398624588044e+03
3.253274985715079765e+03
4.909962051961272664e+03
6.380729367552410622e+03
7.615348218307334719e+03
7.110097918598275101e+03
7.392615218794537213e+03
2.016877702530641955e+03
1.319647307643534759e+03
3.845437627745498503e+03
4.814894198115019208e+03
2.401969029682794371e+03
7.600056448868621374e+03
7.407356076456160736e+03
8.436886297602175546e+03
3.991334017284668789e+03
6.594477303860860957e+03
4.315596092552239497e+03
7.020021756063984867e+03
4.842068630776539067e+03
7.327715555439182936e+03
6.120854018876374539e+03
2.454324913694304541e+03
7.709972273401694110e+03
6.672323322156236827e+03
7.557765040342628708e+03
7.504111891228403692e+03
3.664941736947486334e+03
6.935495074976473916e+03
5.100607491086241680e+03
7.606741536157884184e+03
2.531894199637168640e+03
8.283083961882532094e+03
3.357994540357389724e+03
6.686931380922516837e+03
4.169502215319595052e+03
3.108776925045730422e+03
7.306711925686764516e+03
8.366088869597399025e+03
3.237801119076535542e+03
8.110874295637033356e+03
8.208451120416542835e+03
7.753896604802104775e+03
7.774769114706205073e+03
3.937829882823735716e+03
8.023271723745747295e+03
2.650207227634050469e+03
5.197014942019593946e+03
6.307769212019036786e+03
5.458190078071745120e+03
3.478557227457144563e+03
7.294378731384238563e+03
7.807279784169171762e+03
6.391269500666350723e+03
7.620758705694101081e+03
8.086861612878689812e+03
6.939148820729287763e+03
7.352807193033022486e+03
6.863092874014364497e+03
7.162102014527998108e+03
3.650145942129202467e+03
2.040310985955364458e+03
6.365568931653695472e+03
6.230187104571657073e+03
7.335750143977054904e+03
2.134828130572560440e+03
2.996200711346918979e+03
6.635393393583019133e+03
8.168456998495485095e+03
6.085288333758306180e+03
7.174387693618726189e+03
5.345325120325019270e+03
2.534921033044782689e+03
6.452652692710365955e+03
5.091764065611158003e+03
6.273195813840125084e+03
7.689588646280696594e+03
6.716423258653599987e+03
7.639582168615409500e+03
7.908798487267238670e+03
4.282211111152709236e+03
7.493029794499647323e+03
