8.531613021588203765e+02
9.405519978253739737e+02
1.078348871005792716e+03
1.077175148570736383e+03
1.061773594260436312e+03
9.640580636295053409e+02
8.944702767807553982e+02
1.072733660646362750e+03
1.053981708652903080e+03
1.059648588173729877e+03
8.230979994615958049e+02
9.808510554683389273e+02
1.068580158353835259e+03
9.157466380792707241e+02
6.435697316514522299e+02
1.046170250430509668e+03
1.045233173678680942e+03
1.057913101935220766e+03
9.868863416956744459e+02
9.922485374017146569e+02
1.007938270222198526e+03
9.046422228067117430e+02
7.838086074313547442e+02
1.022411467593661428e+03
1.028308508530590871e+03
1.057827189594558149e+03
9.510483206363818454e+02
9.681073790473618601e+02
1.060431951231334551e+03
9.232928473426959499e+02
1.068200479525718038e+03
1.042054003069815508e+03
8.570165161445903550e+02
1.076358753875625780e+03
8.462859464509139116e+02
1.099792258847832727e+03
1.029964761516343287e+03
1.084644648894649890e+03
1.067696902119037077e+03
1.059624825493042408e+03
6.933187316337620132e+02
9.844419847270704622e+02
9.215533363947124599e+02
1.017080759802413354e+03
8.258500869343558861e+02
1.053268636350881252e+03
1.036187210710843601e+03
1.069112588615731966e+03
1.041793718494046288e+03
1.091271908437543743e+03
7.655196680204649056e+02
9.634877332798630505e+02
1.105136185258812247e+03
1.074148835958657855e+03
9.354470199476493235e+02
8.778213271434940452e+02
1.069125460944304223e+03
8.962615332252225926e+02
9.861837380323011075e+02
9.876876424672198027e+02
1.087431469031734196e+03
9.060299659881920888e+02
9.862361923699772888e+02
1.102866986920983663e+03
1.025322375468434984e+03
9.366221891530294670e+02
1.006536462499317054e+03
8.854215090597331255e+02
4.836465639674764816e+02
1.024239489320653547e+03
1.083057319123228808e+03
6.920483059293208044e+02
9.914066640139067204e+02
8.314258855887510435e+02
8.999815909945383510e+02
8.802898736991437545e+02
9.563312066319423366e+02
1.054437930725025353e+03
9.150567327437921676e+02
9.397178204029962671e+02
9.273857261426536525e+02
9.382358276498022178e+02
1.097781950038711784e+03
9.731552446695366143e+02
9.422511338694827145e+02
1.032513585574604576e+03
8.764474917027253014e+02
6.704276337206215430e+02
1.080649297141000488e+03
9.380717215992513047e+02
7.537065215642412568e+02
8.061647122426938950e+02
1.021762906919761235e+03
1.017064590852463539e+03
7.493930497506407846e+02
9.984551956346796260e+02
1.094484920477748346e+03
9.462186402288192539e+02
1.003064193992648711e+03
9.796727272913566367e+02
8.064486300467798401e+02
1.056677888884553568e+03
9.018255312753515227e+02
6.683440636652823059e+02
8.252511705074712154e+02
1.068723805315041318e+03
1.009396722602996533e+03
9.769305116533519140e+02
1.064901282783754141e+03
7.442077737777669881e+02
8.800849097211888648e+02
1.062461506141371501e+03
9.890015895916621957e+02
1.095554387629593293e+03
6.819355016066671169e+02
7.356590990483706491e+02
9.385347771861463571e+02
1.068726449634303890e+03
9.543699832520469499e+02
1.052814168204331509e+03
6.111790425605903465e+02
1.039564886248170751e+03
9.946172665386927747e+02
1.053383876557684971e+03
1.013866835258681476e+03
1.017114035476962272e+03
8.187934552491395834e+02
8.462642138878817377e+02
1.073399320812107135e+03
9.025046419030338711e+02
8.336871409374251698e+02
1.017965966792409517e+03
9.450202675676348463e+02
1.080651412004781832e+03
1.001658904690546478e+03
1.057013323676859955e+03
1.030454327803998922e+03
1.103336349579170701e+03
9.720014808512719355e+02
1.027064168945195206e+03
1.103660318169119364e+03
1.021116457582291559e+03
9.862361923699772888e+02
7.037144195882093527e+02
1.069066001336956106e+03
1.064032096380344683e+03
1.013122888847088007e+03
1.095284866271314513e+03
1.024246722591102525e+03
1.076215316613183177e+03
6.028978712048206035e+02
1.057000556408899456e+03
9.557980047438456950e+02
9.097090703329304233e+02
1.094650907603628411e+03
7.475012836188737992e+02
1.041756510019490406e+03
1.102776661453906627e+03
1.103225678321546638e+03
1.049925450112103363e+03
1.086314100206724788e+03
1.099858471686368375e+03
1.079788085319196398e+03
9.556929079105850633e+02
1.076629430814763282e+03
1.005569864803806240e+03
8.860722310029432265e+02
1.014889097493712143e+03
1.050254628489712559e+03
9.517917965169937133e+02
9.246465975560354309e+02
9.752312006067213588e+02
9.882861897492359731e+02
1.023839282291163954e+03
9.350653956692935935e+02
1.061682559938953545e+03
1.047545853095871735e+03
8.346979353081738964e+02
1.023930224210802976e+03
6.820730370290285691e+02
9.419227886466246673e+02
1.105149458949243581e+03
1.082149213425004518e+03
1.063519752849489805e+03
1.106579722141925686e+03
9.984058000470211027e+02
8.904117638367092695e+02
9.264555746708846300e+02
8.464783468195287242e+02
8.454530586868658020e+02
9.441900666556973647e+02
7.765028141018831320e+02
1.068421443051629694e+03
1.040338018319659568e+03
9.587096709272758517e+02
8.084552394108587805e+02
9.999856360151206900e+02
1.089933636238849431e+03
1.024284762662771072e+03
8.867510462301856933e+02
7.800817449183114149e+02
1.097781950038711784e+03
1.000669509034696262e+03
9.973277457295762360e+02
1.024222017558775860e+03
1.021129342912207790e+03
9.750416135701973417e+02
1.056333488496134123e+03
6.876432057557715325e+02
1.009022399087810641e+03
1.097109903618526914e+03
9.079059662536950555e+02
9.966630118216062328e+02
1.039449305344292952e+03
1.022217891238216907e+03
7.856288654485026655e+02
8.852736494069545188e+02
1.055548869356118985e+03
9.025758472017446365e+02
1.054784313247932005e+03
7.723449498762530538e+02
8.068576322037803266e+02
7.497480836385994962e+02
1.035102662345536146e+03
8.796107234929476135e+02
1.054546032377660140e+03
9.645845895044599274e+02
9.919987937168143617e+02
7.314036990744326658e+02
8.518483096721040511e+02
9.867281832366668368e+02
6.894600397583685663e+02
9.041308590528851710e+02
8.627512053667618375e+02
9.474996992417616184e+02
1.042077794648273084e+03
1.064705229455143808e+03
1.083770858755816562e+03
1.087000096035947081e+03
1.021191044123220991e+03
1.090456398083169915e+03
9.105317928196326420e+02
9.249112220557847195e+02
1.014969030057381360e+03
1.076893676652984823e+03
1.070496277925561344e+03
1.050254628489712559e+03
9.155361982273579997e+02
7.805450848206277215e+02
9.496932102937939817e+02
6.091355942316622532e+02
1.035503157245922239e+03
1.031798288998336147e+03
8.431300115568847104e+02
7.697869194551597047e+02
4.359024321664769559e+02
9.361020313997046287e+02
1.036160864697337047e+03
9.022498399970966148e+02
9.949958775175991832e+02
1.077756611772378619e+03
1.067308598351508408e+03
9.916983203835528684e+02
1.101002602582229883e+03
1.018122948431269037e+03
8.148282578249314838e+02
9.699395089129309326e+02
9.692220982103347069e+02
1.059840383791890645e+03
9.105862481576805294e+02
9.276900121015468130e+02
7.394681866109004886e+02
9.402461979259880991e+02
9.715635568327802503e+02
9.614868920905723826e+02
8.482546681106249480e+02
1.095284866271314513e+03
7.111568729264960211e+02
9.063458125157362701e+02
9.672064569066737931e+02
1.052859085826099772e+03
1.023252370531091856e+03
9.374960748564810729e+02
1.099850446613153281e+03
1.002279565929210548e+03
6.185835764036559112e+02
1.059160299421656873e+03
6.682167676563000214e+02
8.956155100671063565e+02
1.049512099656034707e+03
1.029245215093449360e+03
6.740632293201318817e+02
9.786003082540840978e+02
9.078714782502515845e+02
9.374960748564810729e+02
1.062779079847633966e+03
1.041673470393090156e+03
1.105631348579515361e+03
1.028233366571283113e+03
1.027617478352718990e+03
1.042973732776450333e+03
8.880190696558013315e+02
1.056148011758927396e+03
9.775488121564399080e+02
1.062986342098137584e+03
6.787749956277497176e+02
9.734044188843561187e+02
1.037178335503740072e+03
1.092162811106857362e+03
1.023253692828934504e+03
1.105171291738418404e+03
1.020353612574312137e+03
9.752312006067213588e+02
9.117179778718327725e+02
8.213983622496137968e+02
7.747609930198876782e+02
1.039449305344292952e+03
1.103225678321546638e+03
1.087907756063269971e+03
1.090378378649162414e+03
9.873735997130619353e+02
1.024896506164295488e+03
1.096070142163931450e+03
9.795347480966214562e+02
1.075608667083803994e+03
1.047021434575124658e+03
1.095972619128336191e+03
9.808595799641198028e+02
8.369399919640787857e+02
1.087404741037602889e+03
8.443288059562046328e+02
1.108178321534224096e+03
9.609738435064507485e+02
1.002602991023753248e+03
1.078964411411719539e+03
1.093496781399257770e+03
1.101858361271847798e+03
8.802898736991437545e+02
8.221789116464879044e+02
1.078730866183371973e+03
9.941758296431030431e+02
1.037796974584511645e+03
6.692469996129385663e+02
7.638618801181132767e+02
9.708444663241583612e+02
1.056231795012730799e+03
1.097756724406377543e+03
1.088508700328341092e+03
1.084348730584747045e+03
1.078176019343514781e+03
1.102830030104281150e+03
1.102060071211861214e+03
1.054981520987291560e+03
8.580267387561983696e+02
1.077876759665203735e+03
1.087136708374924410e+03
9.704249794117745296e+02
9.004971153117475069e+02
7.530115177678084137e+02
8.798412814121174961e+02
9.196293818123272104e+02
8.988207174413387293e+02
1.068527759832763650e+03
9.771019289702203423e+02
1.085354900650715308e+03
1.041085973576949527e+03
1.105661343972159557e+03
8.930998410873644389e+02
9.920386096314600763e+02
1.043047677892284355e+03
9.814034486491802909e+02
1.035503157245922239e+03
1.025405207666842671e+03
7.655196680204649056e+02
9.917834120070733661e+02
8.547764826525281023e+02
7.757242139873886799e+02
1.097718935198231975e+03
9.825647397018542506e+02
1.060213888951393528e+03
1.038518736792439313e+03
8.515825338937033848e+02
8.316388395795571569e+02
8.936617884745032825e+02
1.075935512502544270e+03
8.722981836693958257e+02
7.482681871489568266e+02
9.656067386278305094e+02
8.529884677904951786e+02
8.225465677731423284e+02
1.017965966792409517e+03
1.071682276606958112e+03
1.052642584145308547e+03
1.003841690326698426e+03
8.055211973829264025e+02
9.050003596215088919e+02
9.639795881453435413e+02
9.165217185681487990e+02
9.396297190631382819e+02
1.053466846066215567e+03
1.037650833013784677e+03
1.020747967925985904e+03
1.069239768947111770e+03
1.031895930962927196e+03
1.104194758680361701e+03
7.863625453769892601e+02
6.278190817490516338e+02
1.061748257573359297e+03
9.608043391880944455e+02
9.645390542412001196e+02
8.816217716634376984e+02
1.106065157926050006e+03
5.411728185119474119e+02
8.760220539792338741e+02
1.101144828969732544e+03
9.734942211180491540e+02
8.332573215570322418e+02
1.107145680998009993e+03
9.729653985494138624e+02
6.549108362819624745e+02
1.070750862496432774e+03
1.035596034747227122e+03
1.025892294569118576e+03
9.347880688760349130e+02
9.176805017385631800e+02
1.031040045883475159e+03
9.455978336428829607e+02
1.048296635335383144e+03
8.856855011936082747e+02
8.895464942247359659e+02
8.345182282079318838e+02
9.790141862224998022e+02
9.612868172394635167e+02
1.042149638261244718e+03
9.050568304308692404e+02
5.970465738210302789e+02
8.787518677031762309e+02
9.389710000742420561e+02
9.911562234479346216e+02
8.553851337367717633e+02
6.701386902630187024e+02
9.983778843035256614e+02
1.064206727369434475e+03
8.021446918368017123e+02
1.056186846544782384e+03
1.026376556975253607e+03
1.058514351693129129e+03
9.460630519585165530e+02
1.058891000836817739e+03
9.140093400060907243e+02
1.044996611333247301e+03
9.989176751549775872e+02
1.082371566699717050e+03
8.472708971243010865e+02
8.339621649251091640e+02
1.096381396489361578e+03
9.158684066871429650e+02
1.028264623884541606e+03
1.031496549160623999e+03
1.028325463204039352e+03
1.086477708453153809e+03
1.031837847835355433e+03
5.957232279812869820e+02
9.657702267086499432e+02
1.015688349734232361e+03
9.888655516596145389e+02
1.089925707713581005e+03
1.105222222945968497e+03
1.016301271485575626e+03
9.832383652305989017e+02
9.172747996718999275e+02
1.101144828969732544e+03
9.950090451962414591e+02
8.564678951638685476e+02
9.071494621803250311e+02
1.026057093379571825e+03
1.038415249323082662e+03
1.078296567718678034e+03
1.089958774800828905e+03
1.104762208803407248e+03
1.093630638188218200e+03
1.035887162850919140e+03
8.731130732037748885e+02
7.450477226332510554e+02
8.922763639581894495e+02
9.270210746412734579e+02
9.244573584975535141e+02
1.090412779459519697e+03
9.834495335368060296e+02
8.812545677944026465e+02
7.262402632820625286e+02
7.878647737023483160e+02
1.007033578149797222e+03
1.060674916723310389e+03
1.075696141042602676e+03
9.571419612049562602e+02
1.052449074172747487e+03
9.632350533869534956e+02
1.008196538779594334e+03
1.030900583060469671e+03
1.107752331190331461e+03
1.034207365509756301e+03
9.206452894808402334e+02
1.081670352139690749e+03
9.992628777626982810e+02
1.076486951478641458e+03
8.602925713858859353e+02
9.530728618406049009e+02
1.087373943507759122e+03
1.029617403898431803e+03
9.048980981339293521e+02
9.123185525006671241e+02
1.033976195503077406e+03
9.354113849328306287e+02
1.013537839198213192e+03
9.866168168485401111e+02
1.030050542941725325e+03
8.771920862833886758e+02
1.026533192496831361e+03
1.067769542728732858e+03
7.456662110829618086e+02
5.987774758111736446e+02
1.097897783774812524e+03
8.985641729817107262e+02
7.513051126271889189e+02
1.032076800569339412e+03
9.557807458535999103e+02
1.055346725126565616e+03
1.080469119714747649e+03
8.151025458928903618e+02
1.085826319122927998e+03
1.002602991023753248e+03
9.105827610862083930e+02
9.384736341283712591e+02
1.074530210123606366e+03
9.560105531272838562e+02
1.020132963052063019e+03
1.072271809484796222e+03
1.096922795374071711e+03
9.810079408694771246e+02
1.058207114017520098e+03
1.032571973183010869e+03
1.051466885841347448e+03
1.000984695956621863e+03
8.569238760102537071e+02
1.027332105708067729e+03
1.090033606874018005e+03
9.310327800231079891e+02
1.038171443077249478e+03
1.092906229153754794e+03
1.049654957509816768e+03
9.122046756088096799e+02
1.044174677569289543e+03
1.042228683662044659e+03
6.463891348759110542e+02
1.032326357124265996e+03
9.290160340091251783e+02
1.100888312675718453e+03
1.087000096035947081e+03
1.057712952331519546e+03
9.219622076101798029e+02
1.042981862133576669e+03
1.103309569527170424e+03
9.573627718431628182e+02
1.044834575570696416e+03
1.098490848495884620e+03
1.043063019305163607e+03
7.752656867544666284e+02
9.784535575329746280e+02
1.062266258883421870e+03
8.148829371000705351e+02
5.948231803600002650e+02
9.785902625545991214e+02
1.083156582910488396e+03
8.588525268002088069e+02
1.040742778481099094e+03
1.052465835138589910e+03
1.070025239072825116e+03
8.815616513469161646e+02
1.090881158143170978e+03
8.882329997356700915e+02
7.798763574665322267e+02
7.760822209662261457e+02
1.012075353134234774e+03
1.103698520657599147e+03
9.192687816098409712e+02
1.049068929934862354e+03
6.008566476909152243e+02
1.049512099656034707e+03
9.794646016154924837e+02
1.083931599278678959e+03
9.157307931511434163e+02
1.095600661889873891e+03
1.029337493373540383e+03
9.881296444706425746e+02
1.074736211469983800e+03
1.027042284253090656e+03
1.057232415770440184e+03
7.660462451245335842e+02
9.311217077556966615e+02
1.029970038615464318e+03
9.445358271868731208e+02
9.664574881059972995e+02
1.054435352403648494e+03
1.066834536655639113e+03
9.122046756088096799e+02
1.075237897507310663e+03
6.575155689359920643e+02
7.847583754141285226e+02
1.051962544144553249e+03
1.096525465136768162e+03
9.611220948674622377e+02
7.665659325146053789e+02
1.021583044289342752e+03
1.037642026590187697e+03
7.301249172640602865e+02
8.845101126921443893e+02
9.315379362411728152e+02
1.043227046982864977e+03
9.629267000740170488e+02
8.743396321079878817e+02
1.019037092030820190e+03
1.056669392562226903e+03
1.049368712459249537e+03
8.687217485927320695e+02
1.061912791014200820e+03
1.043302717560183282e+03
9.453428344103508607e+02
1.067306384109579085e+03
8.885772590641789748e+02
8.816217716634376984e+02
9.177961705737127431e+02
6.997656488884260853e+02
1.016836361118350169e+03
1.033574030625241448e+03
1.037143872362818456e+03
8.788827775082303333e+02
1.090187854416652954e+03
9.884215747993566765e+02
1.093130000676734653e+03
6.485809547552273671e+02
8.084107045221337557e+02
1.011565650959455411e+03
7.755098321886367785e+02
8.036615305314587658e+02
6.574518668636379743e+02
1.073894566191881950e+03
1.083905259737994129e+03
1.036054611069349903e+03
7.376605178206860955e+02
9.196293818123272104e+02
9.814265934736977215e+02
1.046722852655109136e+03
9.260994195049468090e+02
8.291173513757061073e+02
1.027403158994245814e+03
9.793654474742031653e+02
9.889040476927555119e+02
9.660080097565369215e+02
9.008421895120261524e+02
8.592846457016119075e+02
9.630090119332403447e+02
1.034902012196557280e+03
6.723552773830738261e+02
9.964010326655175049e+02
1.088508700328341092e+03
7.914198580563626138e+02
1.059402477810877599e+03
8.205162363495128375e+02
9.158097453292061800e+02
9.446964873247688956e+02
1.044983125922895624e+03
1.034556205403653848e+03
1.019180202106496836e+03
1.064062419997215784e+03
9.340061130511576266e+02
7.450667074011718114e+02
1.090253797825589118e+03
9.227434995874851893e+02
8.940084493759965198e+02
8.987310417411175649e+02
7.994007171303396717e+02
1.055360091797465429e+03
9.493372915891868615e+02
7.956402137149271994e+02
1.050641231416967685e+03
1.098694652090286581e+03
7.962422842673312289e+02
7.824561949596326258e+02
7.995916895354948792e+02
9.567228547225049624e+02
9.236739653725429662e+02
9.105317928196326420e+02
7.756959841714672166e+02
9.714490779379605101e+02
1.105661343972159557e+03
1.065213602472893854e+03
1.059974837327364639e+03
1.077476028291457396e+03
7.829788115959016750e+02
1.095736389082708911e+03
1.101752210205550227e+03
1.099018867518350817e+03
1.074024207924391931e+03
1.009337551624908428e+03
9.385282479469922237e+02
9.543492377820326737e+02
8.647136137241316192e+02
8.591469240422436542e+02
1.001840657455066093e+03
9.743280872863043669e+02
6.920483059293208044e+02
9.932819824844013965e+02
9.100485617773521199e+02
9.904630016499093017e+02
9.831484787859449170e+02
9.310546585121026055e+02
1.099846396824541671e+03
1.085759264752528907e+03
8.420844625050008290e+02
8.622011844344719975e+02
1.090923602430038500e+03
8.673495360294346028e+02
1.021545614071548471e+03
1.078935268063838066e+03
1.006562610627538561e+03
9.516760511363213482e+02
1.028320514592905283e+03
6.185835764036559112e+02
8.797410807074775221e+02
1.053676737256658726e+03
8.799734515599496945e+02
1.014243734402825794e+03
8.981450905766084816e+02
1.060555098044506622e+03
1.058567831786954002e+03
9.563427375087477458e+02
1.001034662099761022e+03
1.089353838520077488e+03
1.020414741949712266e+03
1.007388343198207622e+03
1.059143902139360534e+03
9.014799512266753254e+02
9.654109016417064595e+02
9.402461979259880991e+02
1.048704743604875830e+03
9.061574476941254943e+02
8.868504333603624445e+02
1.049698703793312689e+03
8.685039253108719777e+02
9.105317928196326420e+02
7.283996399308408627e+02
7.377628132736227826e+02
1.007063090563981746e+03
9.411677341834470099e+02
9.517172932946851915e+02
1.088524501895087042e+03
1.004711724876535300e+03
9.182220962509888977e+02
1.056169879615441005e+03
1.073709377205098917e+03
1.060262621566724192e+03
8.979869012539646747e+02
1.072271185427554201e+03
1.069595562607760939e+03
9.364705247607050751e+02
8.116282585187844916e+02
9.891786190130983414e+02
1.092882146945092245e+03
8.898937384263541617e+02
9.937776208154680262e+02
6.692469996129385663e+02
1.071677763577210044e+03
9.640078728048373478e+02
1.027259414096704859e+03
1.028906439941667259e+03
1.013879718457700619e+03
8.069836868083839363e+02
8.091265147047299706e+02
1.034452888840305604e+03
8.531613021588203765e+02
1.028306889279396273e+03
7.650265798603735448e+02
1.000704263667748933e+03
1.005364629932305206e+03
9.724425997131818349e+02
1.083770858755816562e+03
1.031744127443188063e+03
1.025361902345315684e+03
1.021207309604936086e+03
9.840731477675468568e+02
8.982505163394312149e+02
1.087402230864845933e+03
6.435697316514522299e+02
8.690888920177244472e+02
1.018486030798528191e+03
1.090378378649162414e+03
1.009337551624908428e+03
7.614868317712090402e+02
9.153328527206566605e+02
1.102060071211861214e+03
1.033185454178872533e+03
1.101477368541931583e+03
1.056046439770261486e+03
5.373973616789689913e+02
1.105134061843017207e+03
1.091895107113641870e+03
9.759947883038341843e+02
9.296872795736859416e+02
1.068399047519137412e+03
1.085664970856224045e+03
9.197027710666482108e+02
1.087604445600080908e+03
1.093025200781547028e+03
9.120987576317297680e+02
9.365109529393298544e+02
9.833440551864191548e+02
1.025397689461683058e+03
1.080453271006696014e+03
1.021053273437835401e+03
6.637311089002606650e+02
9.199530153723176227e+02
9.568021263002653995e+02
1.108234685547521622e+03
9.870477393420746921e+02
9.967169071452482285e+02
9.411731721750878705e+02
1.051040147521098106e+03
9.121612428405933315e+02
9.363376838578410570e+02
1.089744777166803942e+03
1.041502040821409764e+03
8.592303274417815828e+02
1.055104261270163079e+03
9.440040915379565831e+02
6.656114147254312456e+02
9.849259109590836943e+02
1.076807779916500749e+03
1.105824771515348402e+03
1.087382615159360057e+03
8.427779939745541924e+02
8.904746138807656735e+02
1.072011108557407169e+03
1.074901940134709548e+03
1.100410933717440230e+03
1.004353670264365064e+03
1.012075353134234774e+03
1.100227767802437711e+03
9.141976751143647562e+02
8.580743857411649742e+02
1.073073716750969425e+03
1.095122801796499289e+03
1.047363704417962481e+03
6.517205134526965367e+02
7.260187938310590425e+02
1.105149458949243581e+03
1.047537647372961828e+03
8.927218773450293838e+02
9.964010326655175049e+02
8.771935686283784435e+02
1.037650833013784677e+03
1.079585059003568858e+03
1.004915596041677873e+03
9.523865527380623917e+02
9.269758401474730363e+02
8.338316065844373952e+02
1.015345316928798411e+03
9.964010326655175049e+02
1.015107748587457309e+03
1.060464551084560298e+03
1.102830030104281150e+03
9.523891691661232244e+02
9.814034486491802909e+02
9.357088117384683983e+02
6.644771028995047573e+02
9.715238694401192561e+02
9.100485617773521199e+02
1.049273995019549147e+03
9.476854115232638378e+02
1.057633626549791870e+03
9.477815943435166446e+02
1.004057246988487464e+03
1.090565534762430616e+03
1.097781950038711784e+03
1.082190631158767246e+03
1.027155438465962106e+03
9.882861897492359731e+02
1.076358753875625780e+03
9.157466380792707241e+02
1.012665850838875713e+03
1.070686609730228611e+03
9.769985371696759557e+02
9.261215463833274271e+02
1.101340970042507251e+03
9.686629472206217315e+02
8.393790122543850885e+02
1.079074351159893922e+03
9.611291862689562322e+02
9.587554784038298976e+02
9.472434645259806985e+02
9.980244656941608810e+02
9.357088117384683983e+02
8.787518677031762309e+02
9.176436463568757063e+02
1.103022742634017050e+03
9.868812295285506480e+02
9.914742329730279380e+02
7.769224651666675072e+02
1.069125460944304223e+03
1.030646988295692381e+03
1.059782609309967029e+03
1.101406938267629585e+03
1.078875039389376070e+03
1.038798179564526890e+03
1.052069600748588527e+03
1.027002532700607844e+03
9.506979942918005690e+02
1.047341850566431731e+03
9.002203123693645921e+02
1.085745402396836653e+03
9.812919443407109839e+02
1.100258880898796178e+03
1.090964834534463762e+03
9.186922665904019141e+02
9.738782122044459584e+02
9.266377393912429170e+02
1.029673537018308707e+03
5.437456394857508712e+02
1.077434998136347986e+03
1.068988235466366632e+03
1.072139599299752717e+03
9.465756708350143072e+02
9.640870400291245232e+02
1.075953060325380648e+03
9.634877332798630505e+02
1.006562610627538561e+03
8.305262654735321348e+02
9.713299377025927015e+02
9.406692091086484879e+02
5.901439171645708939e+02
1.085826319122927998e+03
7.190223317214075678e+02
6.798662615887694756e+02
1.002602991023753248e+03
9.533511721612853762e+02
8.625856083295343524e+02
1.024622971316644680e+03
1.106695852239859960e+03
1.019728387456945711e+03
1.036961019499446820e+03
1.084719042629470096e+03
1.069342415707973487e+03
9.310745247269305764e+02
1.105613311362533295e+03
9.503915821390062320e+02
1.093824966461678741e+03
1.061439404677160610e+03
1.082615320932737859e+03
7.647311794695187928e+02
1.036738060547452278e+03
8.359731073548626910e+02
1.000602606463793904e+03
1.048379724477649461e+03
9.172797882036791179e+02
9.081682350898519189e+02
1.105742270602149347e+03
1.050755533685433420e+03
9.673571606468999562e+02
1.034059235671119040e+03
1.092272513354285820e+03
9.353010289816564864e+02
7.525054191276193478e+02
3.606012080553316537e+02
9.561370428556309662e+02
1.026947749999823372e+03
9.185706555344453363e+02
9.688476832041162652e+02
1.018052882035852917e+03
1.080254493323772977e+03
1.013879718457700619e+03
1.108405375397409443e+03
8.570165161445903550e+02
7.878647737023483160e+02
8.972109613168522628e+02
1.015746520667537538e+03
1.089933636238849431e+03
1.065071852124398902e+03
1.022848500145398248e+03
1.106608296123542686e+03
9.081783364676193742e+02
9.580869049006646492e+02
8.763808314592004081e+02
1.045283520645089766e+03
1.051089016604405515e+03
1.042066085908538525e+03
9.720014808512719355e+02
1.030394774256759774e+03
1.012933971704381747e+03
1.095284866271314513e+03
6.328214407634524150e+02
