5.953835508856570799e-04
2.747965219903333390e-04
1.394299167129416745e-03
1.356369279786784083e-03
5.375728074236713755e-04
1.032877844382595715e-03
5.474726086495006108e-04
1.367355766231171830e-03
1.006376863369440842e-03
4.982931895038633608e-04
9.821462520812327714e-04
1.370697120923271544e-03
9.771791678873961544e-04
2.368174202537160454e-03
6.401283207870540459e-04
6.649337567037349756e-04
4.321679881457000418e-04
2.785428727237593120e-04
6.173653761786334184e-04
9.056418732439105567e-04
3.745584764908126683e-04
7.960356420980511114e-04
4.387268073998319023e-04
2.839350813794897063e-04
7.066855766506011582e-04
9.797217604726375737e-04
1.008270770750328707e-03
6.954771668152844684e-04
3.355214391292405947e-04
3.791144233347603157e-04
6.450789515687949983e-04
3.679378256939775304e-04
1.283304691387963025e-03
3.118900521126306683e-04
7.301960537424491979e-04
4.382065288561799439e-04
4.796639328978365819e-04
3.396483794802057339e-04
5.225101367218893539e-04
8.772705784157912648e-04
2.316669037389008814e-04
3.396264426448502888e-04
3.850791387976106430e-04
1.001796256265210334e-03
6.782112742970732976e-04
5.923264722234347331e-04
2.770939609299662523e-04
9.605906389788987539e-04
7.941450892082469164e-04
2.041533421681057149e-03
2.821624613908885215e-04
8.613396885990090047e-04
3.415492815601819270e-04
5.028350323038373836e-03
4.864487736051828991e-04
1.466347621298928761e-03
4.371987650714784712e-04
4.205415444294902843e-04
9.011254257500110002e-04
5.823535366106158320e-04
1.442540024592130384e-03
2.316669037389008814e-04
1.776540448248624480e-03
7.810492501749555358e-04
6.785559047918200909e-04
5.805975393673255130e-04
1.088620731028937250e-03
8.505781711999169277e-04
4.301960406142918631e-04
5.086430751805547362e-04
4.247760425676594398e-03
1.339367687649333687e-03
1.412081235704414463e-03
1.673038457734533175e-03
4.775310507882494799e-04
8.340091309050802091e-04
5.347937140856170134e-04
3.901744640307293257e-03
5.400584852961812232e-04
1.034026866756960865e-03
1.667645278243495128e-04
8.969172091850092718e-04
1.356369279786784083e-03
4.277307706362018513e-04
1.132804309551852309e-03
2.061046597657075386e-04
4.813387212949920418e-04
5.444840012329994067e-04
2.543772937570321752e-04
4.967892750345145620e-04
4.487645174882963972e-04
9.750311429197483113e-04
7.411188021761819537e-04
3.413507128616509239e-04
1.265216955304702745e-03
1.665683016291598980e-03
1.088143153226204911e-03
2.319776735692686848e-04
3.540776879005157543e-03
3.050108597560126757e-04
3.541433785589837078e-04
1.220611689857335888e-03
1.928628866512050637e-04
7.611239989511668462e-04
4.979953329796435240e-04
1.096621243699799370e-03
1.218278636348756614e-03
6.723937484781074801e-04
1.129554913696186914e-03
7.560470428743595872e-04
6.118729478504308060e-04
1.124452024743351208e-03
1.777952071125213970e-03
5.740086331181489280e-04
4.136893828671066330e-04
6.651234664700982199e-04
5.649350791995014741e-04
6.250767470042767034e-04
3.874645168561600462e-04
9.059052290218298558e-04
2.806356231622180613e-04
2.368174202537160454e-03
7.976209838873870054e-04
6.704970419934721095e-04
7.548481300563903741e-04
8.229663088408756787e-04
1.248426732319111131e-03
6.555533597688975242e-04
5.463623428248937965e-04
9.027313632755728590e-04
7.695056470437678211e-04
6.505652363069297289e-04
6.266686725502644334e-04
1.445673682894554890e-03
1.006772356363100449e-03
4.973470863757950599e-04
1.869772434929573707e-03
6.091986810849967003e-04
2.910421166956952987e-04
7.089256054956438648e-04
4.974550068195544156e-04
1.216938728273534234e-03
1.857286460152536014e-04
3.447805579102282587e-04
7.692259634103399031e-03
1.069649651500033816e-03
5.331104578871399303e-04
4.648754911734619935e-04
9.369446345239402195e-04
5.536894644135559014e-04
4.882652296154506646e-04
6.651770896566345246e-04
1.331061024468415928e-03
8.738573025053436019e-04
7.111097793707530723e-04
3.006280877786947359e-04
5.645439032121894263e-04
2.902660649406325856e-04
6.428165011388788140e-04
6.306609269620755756e-03
5.088973836854644934e-04
5.640883822464980418e-04
4.403515803598317111e-04
8.753752363022034586e-04
5.583972823082762301e-04
7.764072117138236728e-04
6.488312395164534327e-03
8.709950880286742095e-03
5.444619414343319572e-04
1.686900358984570443e-03
1.830465223415136738e-03
2.770939609299662523e-04
2.176628208145606116e-04
4.205415444294902843e-04
3.540776879005157543e-03
2.041645887490534540e-03
4.282534909359075621e-04
4.893398854940778954e-04
5.632647019558861649e-04
7.510886832216665410e-04
4.472698469189222842e-04
3.340864006638558656e-04
5.768553163316602261e-04
1.809167851949443698e-03
1.164712871017377620e-03
7.431980452299023245e-04
1.258052262258912675e-03
7.337629615530536506e-04
7.418964577524637819e-04
3.798161556352225884e-04
5.206423966287064206e-04
6.130857632476644815e-04
3.721643185779408523e-04
9.692158032814667847e-04
7.593011560664569446e-04
4.266154300907830637e-04
1.909871993080848075e-03
6.795711529019970694e-04
7.490866695338033350e-04
9.177770963628388698e-04
8.185240130928626758e-04
4.231961663002932299e-04
4.128552625479283886e-04
4.048140395138370576e-04
3.917106543106282229e-04
3.190325652557766001e-03
6.282345677012977740e-03
4.369129734305156310e-04
1.188371424986601815e-03
1.086014332256271487e-03
5.437062665236078347e-03
1.418778719318568565e-03
4.382065288561799439e-04
3.554721201060626968e-04
1.875862777389978404e-03
5.877234160781701381e-04
4.203652246290115902e-04
1.074207274114005566e-03
8.147214520200360063e-04
3.616776994002890129e-04
5.354014888744711978e-04
2.975595891938077366e-03
9.364022181777817465e-04
3.516657244225538737e-04
1.466356382289617970e-03
7.938667079746815434e-04
1.338988459582386844e-03
5.599406939108922702e-04
4.418010528873992336e-04
1.449597870633785287e-03
4.576360706304619629e-04
2.075080656027984086e-03
1.669536890777944356e-03
2.293594094516939342e-03
2.628947538100690276e-03
4.430947841175047011e-04
4.327087126544649186e-04
1.530298088263444111e-03
1.156256762870092871e-03
3.300572066390570765e-04
4.064325872518174065e-04
3.414733136574926806e-04
7.069770278395771240e-04
3.238034087151846923e-04
3.153523171456420766e-04
4.354762754841134563e-04
4.136893828671066330e-04
6.381659246077873602e-04
4.179006454294909609e-04
4.205415444294902843e-04
3.551896170004636912e-04
2.907695474392241273e-04
2.770939609299662523e-04
4.548155519664698874e-04
6.321963376413353717e-04
7.986115723518720207e-04
5.933460732435424370e-04
1.466347621298928761e-03
1.115349627964823658e-03
5.853078947199085932e-04
1.720203443292166656e-03
7.271278029110629865e-04
6.394421780257538010e-04
4.743643751303085578e-04
2.907695474392241273e-04
7.901212783300601370e-04
5.479788140164602124e-04
1.565654632355038866e-03
1.114293421919363737e-03
4.859279021618567057e-04
3.263214339125487091e-04
1.243924108692330945e-03
5.691653955361124922e-04
3.956774045143006228e-04
6.475140528795382804e-04
5.690485881755080310e-04
5.417952525944455490e-04
4.889568200591368338e-04
3.504539718906449761e-04
2.041533421681057149e-03
6.994352756716876130e-04
9.591886661743052054e-04
1.026213038285290081e-03
6.855465856393074334e-04
1.020452866488445916e-03
1.096621243699799370e-03
5.362547969712422617e-04
3.919484309823603502e-04
4.365822386047874329e-04
1.534858306916238790e-03
5.370148411127727934e-04
2.293942597063375072e-03
7.696520162668898631e-04
4.470014635773493440e-04
2.655195500317704860e-04
6.093631098421881066e-04
4.982953787284853664e-04
6.210722017209603218e-04
7.102559215338026316e-04
8.635330344135837321e-04
5.527447502844404573e-04
7.764386418203123464e-04
3.824002084971850910e-04
4.621448329751945698e-04
1.409746811052058763e-03
1.549110339847134619e-03
2.849182661120747573e-03
6.415075222438680873e-04
9.643904939436966821e-04
1.013267367071803496e-03
1.116730161631190226e-03
4.766884593221182233e-04
5.562987297076997474e-04
4.044728915548400586e-04
5.569201139179646076e-04
5.914996527926891495e-04
1.252059084439648444e-03
3.510725497576150985e-04
6.446669132092354556e-04
5.758388951896006814e-04
9.625455101678408957e-04
2.513916433498016283e-03
2.866906787741111177e-04
8.042563635849868170e-04
9.460188191414185084e-04
6.489442914649379453e-04
4.021779667007587033e-04
5.613310610598882481e-04
7.818628252088425865e-04
9.250193209079514856e-04
7.765112488650132523e-04
1.142997153768458233e-03
2.770939609299662523e-04
9.857122932910541199e-04
1.570339808990509588e-03
4.420647791893266552e-04
2.634065332413078179e-04
4.651823969092689151e-03
2.003810609787293976e-03
1.248191724759654909e-03
8.002595156086379216e-04
1.660143449425969956e-03
5.738926268238343743e-04
4.387618946844731231e-04
9.001963307420470569e-04
3.833376831252910139e-04
1.531481877438190583e-03
4.571112824867193001e-04
6.114163061130570374e-04
6.224811347258483486e-04
5.657870163592582363e-04
5.924860885943098723e-04
5.128454416584671228e-04
3.853659606278690068e-04
1.816297722333757832e-03
4.603428162942370437e-04
4.571112824867193001e-04
6.701003936876009362e-04
1.438415620012535199e-03
1.032598626609738078e-03
1.063320647964481310e-03
4.731034560769588056e-04
8.697843630349961271e-04
5.451648984417683565e-04
3.257379404616866513e-04
1.152795539299653190e-03
3.056396637006963631e-04
6.874232533883536424e-04
8.774274174433938306e-04
1.253927186829519686e-03
1.720116467734724970e-04
3.327304424030202989e-03
1.007141615390634527e-03
8.252864439708873425e-04
2.105928355798768019e-03
5.220625388936098610e-04
8.812899240104012316e-04
1.350951386167339183e-03
7.455565035521787703e-04
9.649985128269381474e-04
3.025898201756198509e-03
4.831025451399558650e-04
4.571112824867193001e-04
1.543470020563196456e-03
2.410815468842529216e-03
2.655031868310535532e-04
4.028889416414093870e-04
6.046366334089677214e-04
1.017746555249960088e-03
4.473400888772452000e-04
8.606190460991619984e-04
1.030832822749087581e-03
5.079475138482419721e-04
9.615637815994323339e-04
4.407139332676366403e-04
9.673238816863645104e-04
3.908898691076535792e-04
2.706159240884436611e-04
1.374955102489429457e-03
9.324098088678155379e-04
5.924860885943098723e-04
3.795993513433388797e-03
5.439547365048398933e-04
2.770939609299662523e-04
5.997186334521568919e-04
6.712445089590250843e-04
4.266154300907830637e-04
2.391156620452751318e-04
5.237950285120012133e-04
1.854470465768208280e-03
1.951421113224272681e-03
1.090251307258499874e-03
7.135114693167970198e-04
8.181679785472171758e-04
1.524216850034133906e-03
3.833378863599931391e-04
4.568900548575663932e-03
4.244156320850438462e-04
2.894476567423399926e-03
4.038431335383116231e-04
1.830465223415136738e-03
3.424848022178024910e-04
9.765209099630695576e-04
8.182366891581560695e-04
4.338874864839689822e-04
5.533670625057345591e-04
6.682880248395108285e-04
2.798186011006601154e-04
4.363286500869532772e-04
7.584029555955773116e-04
6.305145813433844434e-04
8.315075339938446863e-04
9.569677752197612965e-04
7.162844428909715929e-04
5.111967060458148067e-04
1.219011864312210440e-03
1.121545226994735559e-03
2.021725653536436598e-03
3.632275184859970669e-04
9.319911884246922596e-04
4.021647135076871719e-04
4.418215264925863008e-04
2.196742766678506497e-03
1.522061578331608631e-03
7.764072117138236728e-04
4.250604949369656514e-04
4.286958065702556678e-04
6.381390997232590798e-04
4.807579150436713735e-04
1.229940689511981478e-03
6.912563487690798160e-04
1.281421937989810208e-03
3.809415125595228034e-04
6.021985915222500966e-04
4.401760842917060157e-04
1.048205940843469292e-03
7.764386418203123464e-04
5.226552204377032636e-04
4.019230998267647953e-04
7.454684380996852173e-04
6.154374476816750796e-04
2.316669037389008814e-04
6.450789515687949983e-04
1.587931767811651823e-03
7.549586702370528332e-04
4.742528888355148319e-04
4.191097639763730238e-04
1.216938728273534234e-03
1.755441117889004060e-03
8.113932812720532715e-04
8.097479686241247946e-04
2.760402450628446033e-04
5.345637908430623132e-04
5.516222053069936128e-04
5.829015923252315419e-04
8.682854012347963630e-04
1.686606618207276602e-03
2.340351066718002280e-03
7.604115990721389308e-03
2.450054179590729127e-03
7.863105311557735781e-04
6.004538521749685359e-04
2.862200421034061639e-04
7.854902638809919437e-04
3.196363251347163377e-03
5.872992628293230866e-04
3.956774045143006228e-04
4.561633347016458913e-04
4.136893828671066330e-04
5.225823693857296372e-04
7.154978410946127377e-04
6.642350368787649064e-04
4.815585077713708888e-04
3.492255642100653779e-04
5.149527578020329831e-04
4.792408052756457252e-04
4.724905288649013059e-04
5.402276285479411288e-04
4.915032066632626885e-04
9.027313632755728590e-04
6.106719678280201138e-04
7.673926848519324216e-04
4.709837104276557362e-04
2.820595557426842709e-04
6.603371363558173607e-04
8.093200108636531675e-04
1.964073766508487098e-03
1.081194774874975548e-03
1.199736890818516900e-03
2.267646365947423651e-02
3.398689163650760571e-04
1.436467090813709716e-03
4.117264332573669812e-03
9.690397186964602987e-04
4.160466921500509179e-04
7.517776011749197421e-03
6.523762782801305771e-04
5.516871057970192897e-04
8.947658529209024736e-04
3.411021704642742351e-04
5.760058760893694381e-04
6.269553577417983194e-04
2.770939609299662523e-04
3.549123174367571545e-03
8.908407714350167258e-04
1.199305720628997133e-03
8.772705784157912648e-04
4.205415444294902843e-04
4.736967619645875757e-04
7.272210398837258881e-04
4.729395041289485672e-04
6.818901237101072542e-04
7.559095357057579951e-04
4.548155519664698874e-04
9.036726358893791338e-04
5.999589472588571192e-04
2.144838668388240194e-03
1.213339779003326600e-03
1.820975935815042496e-03
4.576064096736831024e-04
4.871310123696029229e-04
3.806161838508763796e-04
1.345047183057200731e-03
7.539229765564190323e-04
3.134775809051212545e-04
7.223304592082018232e-04
1.299252577499896300e-03
8.899671417890155046e-04
4.733407961229735262e-04
6.295956814075617152e-04
2.332708320897083822e-03
9.360225146255768576e-04
3.856622421452281257e-04
4.028876396995941249e-04
1.016151302346258133e-03
4.889007526023871064e-04
8.771519785437557415e-04
6.354600893575836334e-04
2.167148378964766503e-03
3.861474721105755559e-04
2.293942597063375072e-03
1.197081716495246176e-03
1.021140211611908360e-03
2.549637688457874040e-03
3.056789735343510769e-03
3.870782448702828602e-04
2.799061793404083141e-04
6.306537701485017289e-04
3.926279430988111161e-04
4.135404828437921855e-04
1.210552402720009189e-03
6.942253677265398937e-04
6.355157370220841130e-04
3.322941740190337888e-04
1.252061966837799550e-03
1.088620731028937250e-03
1.699389408050705572e-03
7.440130664601515842e-04
1.001855830259052544e-03
8.621026482714847861e-04
1.933890044075299791e-03
2.316669037389008814e-04
1.143690574733862439e-03
3.933790105866912619e-04
2.770939609299662523e-04
2.768035269434938189e-03
5.224184517952562340e-04
1.854333764547343730e-03
8.211686711791519114e-04
1.385990246539900612e-03
2.698330524247509314e-04
1.663401241215012923e-03
2.686561708953448969e-04
3.504324229815876574e-04
1.905687054335921055e-03
5.346088619036502322e-04
4.382065288561799439e-04
2.833524762707209481e-04
2.978423383090389172e-04
1.102580998751737269e-03
1.586084028012606532e-03
7.055900997768781375e-04
1.646612662639682046e-03
4.927828041873151413e-04
2.760402450628446033e-04
6.561951655473237215e-04
4.775310507882494799e-04
9.853065725737289102e-04
5.301884661862932497e-04
6.389549813501786994e-04
9.625455101678408957e-04
6.192885971360086736e-04
4.911899946044854170e-04
2.184348138158509066e-04
1.377080323122179765e-03
2.936125041546746119e-04
5.044272559651603090e-04
4.829372824666690474e-04
1.459861352404805438e-03
9.860652662121308434e-04
4.457322410831819626e-04
2.937409564469816142e-03
4.349477024977715239e-04
1.355892850905405416e-03
1.325368597915905101e-03
1.385990246539900612e-03
6.759531624033746815e-04
1.285229366265020195e-03
3.109643949983159020e-04
3.979870551349920949e-04
5.790908861109074013e-04
4.200840022985016515e-04
9.958625168752293852e-04
9.111328846347260856e-04
5.616809319888547460e-04
3.554486745967464813e-04
6.212067841109480612e-04
5.864307125007557501e-04
6.530293130174369062e-04
1.085154767838265909e-03
9.206886269918650211e-04
5.094069433024772621e-04
6.450789515687949983e-04
7.948723239178232978e-04
5.576886798918116641e-04
1.048205940843469292e-03
4.545918786226557087e-04
1.026676467557741460e-03
7.336217613678541272e-04
5.208158319682979582e-04
2.972494783994577162e-04
6.641677391685350948e-04
8.453064759099382895e-04
4.561633347016458913e-04
4.021329603788831135e-04
3.181579365380248978e-03
6.300439434866195046e-04
1.563491726377696839e-04
8.990891309053517140e-04
6.759531624033746815e-04
7.111097793707530723e-04
2.446290099999697595e-03
8.527332725826140825e-04
4.176388096693246029e-04
1.039778862307457093e-03
5.823332983225648759e-04
6.188363111631512304e-04
4.645357566803952321e-04
9.314123775998171427e-04
3.934508688788607828e-04
6.287041654299883962e-04
3.445024392152955923e-04
3.180773065501002971e-04
4.571112824867193001e-04
4.717437959717314514e-04
1.207685833335717064e-03
6.623008753717004714e-04
4.735836912343690283e-04
1.307295560188712459e-03
5.779945201861497661e-04
1.378724185843823412e-03
1.238919661145597038e-03
7.279288251552963867e-04
2.396584344957780762e-04
3.207682828673537236e-03
5.797777525605616808e-04
1.980208893565887310e-03
9.048158927925161344e-04
3.823181920705202765e-04
6.235094717012327169e-04
7.111097793707530723e-04
1.856258718487632407e-03
2.526341885510750970e-04
5.824472178830765326e-04
3.817444252326265049e-04
4.654042934372350595e-04
3.188354312157176533e-04
8.540459123113795445e-04
5.148691128720627634e-04
5.590798699522011835e-04
7.594276924477393574e-04
3.295946658533563953e-04
4.363286500869532772e-04
8.682854012347963630e-04
3.703993149888191419e-04
1.074207274114005566e-03
5.067756911439444834e-04
3.834926828046157795e-04
1.056780446510153289e-03
1.331750227587081160e-03
7.377296049044235454e-04
1.518358849413670945e-03
1.476424317266153722e-03
4.548155519664698874e-04
8.313012716783420427e-04
8.332159799852800969e-04
1.139686098289259108e-03
6.115007192996549509e-04
4.051520699870603498e-04
7.564892811528124575e-04
4.322636238249863015e-04
5.401612970854011413e-04
6.328858746885118562e-04
2.988594129999518978e-04
1.168702502521243129e-03
5.463296576288466898e-04
4.711357915808864726e-04
5.344188647549152904e-04
9.868766929553407074e-04
2.203225500018954092e-04
6.018213994885002194e-04
2.464166638291936072e-03
6.864231363534963352e-04
5.422053486834093250e-04
7.356644159181649489e-04
1.777945830625318920e-03
1.046052273178535571e-03
3.971398265775975670e-04
1.922130555991174734e-03
4.401760842917060157e-04
9.372772551738656850e-04
1.075271257805267408e-03
1.336790646181746809e-03
9.844332271166506259e-04
4.240743967277996358e-03
3.121494246798019786e-03
1.079135832984710885e-03
3.139967967484275763e-04
2.821920159012356890e-04
1.846763417223464508e-03
4.403340355777422659e-04
3.823918717276944806e-03
2.770939609299662523e-04
2.074441220013237882e-03
2.413720366573232981e-03
1.252059084439648444e-03
1.039246969038661993e-03
3.547412376846969650e-03
1.120983762801654616e-03
5.559782597776540816e-04
6.636709719926599639e-04
7.375585645533117886e-04
4.612795815437063514e-04
3.419857350598535877e-04
1.013501577199441223e-03
4.885113197051134696e-04
1.119157553928096932e-03
9.100670538311385208e-04
3.331895121675167962e-04
8.861517028666409269e-04
8.084296476666694761e-04
1.348146034930217292e-03
6.555810663008398423e-04
1.007112461126010317e-03
4.721771455581945148e-04
4.571112824867193001e-04
7.909804742661805197e-04
8.183746977458054373e-04
2.457105393272425919e-04
1.345420590961906963e-03
2.988594129999518978e-04
4.382286714818354675e-03
4.382065288561799439e-04
6.306609269620755756e-03
3.947456207879652523e-04
5.097150781643333987e-04
4.309416056601470413e-04
5.132650646609034214e-04
6.309926682936218634e-04
4.639303628083576146e-04
1.660143449425969956e-03
4.612795815437063514e-04
1.838533223490163059e-03
6.784229179770172400e-04
6.652904984526266351e-04
7.419492332616526090e-04
4.628923201853257481e-04
4.736248715195803707e-04
3.932648732024016558e-04
1.178358508973260249e-03
3.550483172979485556e-04
4.937295975602686710e-04
5.692640459535507416e-04
4.571112824867193001e-04
1.207685833335717064e-03
5.867264783128774575e-04
3.702264462242226407e-04
2.284508151075107050e-03
3.255821457758897950e-03
1.574339544721112738e-03
8.502520179918588881e-04
4.118383179872062323e-03
2.933382335566848183e-04
2.563742140867688972e-03
1.116071075969359873e-03
4.382065288561799439e-04
8.126226162037949530e-04
7.988182203719828905e-04
5.867264783128774575e-04
1.827189564040428843e-02
8.644810054568908587e-04
6.425500598835325733e-04
7.066855766506011582e-04
4.332399878323768549e-04
4.363286500869532772e-04
8.326190212748170233e-04
5.864175538937308960e-04
3.540074676033359759e-04
2.373159696113044930e-03
7.786089807721950900e-04
8.606190460991619984e-04
1.177282058733204045e-03
4.005418841414616214e-04
4.561633347016458913e-04
5.224869200552352978e-04
5.791845545776583759e-04
3.752304045613435155e-04
5.843821156398673004e-04
2.649274696581647146e-04
2.287088816216397043e-03
8.725725180947543338e-04
7.343087578771018186e-04
5.281207634836961647e-04
7.177595723199777563e-04
1.067568813451465768e-03
2.941116381640925372e-04
1.574575205942099244e-03
4.736768396773190725e-04
5.513672506148906919e-04
5.374399380585762531e-04
7.401565047931296659e-04
1.329076774453137469e-03
9.362272032646550869e-04
1.714629636119228105e-03
5.321607797128819883e-04
1.046881492096840213e-03
4.415106101935436893e-04
4.079544369937997388e-04
3.265356576081276507e-04
7.509544672241202532e-04
9.651274619293331945e-04
1.477828747701651286e-03
4.145743432194340665e-04
7.443990162171955274e-04
6.104480473159341371e-04
9.575444915654231920e-04
5.451243341387208364e-04
8.914388268514606035e-04
2.691716422280748811e-04
3.540776879005157543e-03
2.316669037389008814e-04
5.599369812835788352e-04
7.273548601752141945e-04
5.436144009335864939e-03
5.070946371378708172e-04
7.696659222567171733e-04
8.828563692594915873e-04
7.419613224941174227e-04
9.521061991295893178e-04
2.067131011046789073e-04
4.620194380199864207e-04
1.093891297172209197e-03
6.088277732554311927e-04
2.296044527807317506e-03
2.563742140867688972e-03
5.230579348714966799e-04
8.454799258651364037e-04
2.320869962219635656e-04
3.467310511238387485e-04
9.386533260343906879e-04
2.770939609299662523e-04
1.158376081604744470e-03
1.824096012986900928e-03
9.855621556501016883e-04
7.797902040699342769e-04
6.860460486799561681e-04
8.474803913063144560e-04
6.006941422851356377e-04
5.758198920749323536e-04
7.784686512485031922e-04
7.437892350391909265e-04
6.215819049520801337e-04
1.777945830625318920e-03
3.302670702048874501e-03
8.572477733558158015e-04
2.761651581902222429e-04
4.583245676100675885e-04
2.290432309379225595e-03
3.615051930012802431e-04
3.066004699119177258e-04
1.439815833360970614e-03
5.098251252545586698e-04
5.088973836854644934e-04
2.054935992708511561e-04
6.905878216530559168e-04
9.889987782257555864e-04
7.103075700531381311e-04
3.181579365380248978e-03
6.725218401475879272e-04
1.237873601134775866e-03
5.086776182788306077e-04
6.450789515687949983e-04
1.141965148046192704e-03
4.411293166593832421e-04
1.078211069220434432e-03
5.552770897747214733e-04
3.380838514081176008e-04
2.162894698071577380e-03
7.318545992436081751e-04
7.743250236073081355e-03
1.883507493822533406e-03
3.016938657126595584e-04
6.558219922786955253e-04
6.285855841111899446e-04
8.097537492392589296e-04
6.312331449125381652e-04
7.639542531821813401e-04
4.136721440364147595e-04
5.059909934845835747e-03
8.607628235734903800e-04
5.790908861109074013e-04
3.957032996495405482e-04
2.429160724069661086e-03
7.468317838608418959e-04
6.381659246077873602e-04
5.283314509485357224e-04
1.305921135980986922e-03
3.320809270149811679e-04
4.392687435743988138e-04
5.552770897747214733e-04
2.316669037389008814e-04
3.745975747443711871e-04
1.382711137335344278e-03
2.770939609299662523e-04
5.289988497833680555e-04
1.118505153370405241e-03
8.481247365185273866e-04
1.319157501763836048e-03
1.079135832984710885e-03
4.713500744815548671e-04
5.304105025907295988e-04
4.571112824867193001e-04
5.494585764919977583e-04
1.252061966837799550e-03
4.801800009116093571e-04
6.271731971045765505e-04
7.491891511268453444e-04
4.425095057505912016e-04
6.803386687807054609e-04
2.939849618690751213e-04
1.210552402720009189e-03
1.289062083695811456e-03
9.168932632789360921e-04
1.304087329448945769e-03
5.035153203720327828e-04
1.090251307258499874e-03
7.777506645744910454e-04
8.229035672422035583e-04
7.401154355794867593e-03
5.427591496874766865e-04
8.744383754350322979e-04
8.271073561025550983e-04
3.147181138572326337e-04
2.684311379482983220e-03
9.742366259119565565e-04
5.915082398310870940e-04
1.255549129261614985e-03
4.396773685698314189e-04
4.773902275280689309e-04
5.532390791990520135e-04
7.171991639635682701e-04
8.429870674663124961e-04
6.314812978404742150e-04
6.701003936876009362e-04
9.143194329619969011e-04
4.979953329796435240e-04
1.152795539299653190e-03
1.139605976304715372e-03
8.601662909547397838e-04
5.852341642382974558e-04
