3.052942141925559308e-03
9.843461593008007247e-04
1.713835343021180829e-03
3.004997309393915572e-04
6.434515178877842686e-04
1.248248429792464618e-03
5.518337563274920091e-04
6.436148577664257400e-04
4.044381412597945714e-04
1.073350785262638159e-03
1.366191641577527757e-03
1.608297933790152909e-03
3.929052215354503913e-04
8.751097023402456404e-04
5.409783271254241981e-04
2.207274759680412715e-03
1.762687195561489289e-03
1.770621619510720718e-03
7.322545240077213283e-04
7.613605170458541448e-04
3.292531577867659665e-04
4.894131094305401077e-04
8.064551899061580490e-04
3.042493246696990374e-03
1.277463389821274602e-03
4.377934385832485094e-04
8.254152606436286664e-04
5.926101381083441304e-04
1.285120559159222235e-03
1.619589755831173962e-03
4.917635137088032394e-04
4.633659720705651883e-04
4.698189769751384237e-04
1.864241255261771561e-04
7.551311581056001495e-04
7.452595222962737909e-04
2.282924091390760388e-03
1.085045435301424006e-03
5.808005008527990362e-04
8.822915086823100326e-04
7.112920409011125539e-04
8.906404661293605305e-04
6.998060690431136483e-04
4.193132798386271939e-04
4.334619200828435754e-04
3.142726310396916269e-04
4.990509301149231381e-04
1.280241040568380357e-03
3.291943710209867344e-03
9.064929599080524120e-04
5.641524626535389083e-04
1.541373623368590216e-03
6.755552192401879539e-04
1.979462594200131348e-03
1.501327380648027855e-03
9.772760757597012595e-04
1.340731500322035492e-03
9.713568367573673220e-04
1.068091326000100792e-03
6.871280736808643187e-04
1.065057836554925055e-03
3.988324371363835747e-04
4.135902380507808316e-04
4.607495458670565151e-04
6.715231320466954514e-04
5.174654212336930476e-04
2.407923115705526505e-04
5.494290016585923588e-04
5.018079097832322047e-04
9.457510106627357686e-04
7.222816657362761839e-04
1.243257597381664534e-03
1.547651605805534791e-03
8.245262928190366094e-04
3.503941117612053993e-04
1.116141966237827561e-03
8.348691641829449278e-04
1.149665184615286401e-03
2.171761170235824486e-03
8.625162624231025831e-04
1.619229027651812721e-03
8.968716512836300394e-04
5.549090765943284504e-04
8.361259889723802888e-04
9.044132984239495760e-04
1.608578668614336037e-03
7.475281873541324415e-04
3.183082559095095146e-04
5.024970839796302942e-04
3.632795672416109308e-04
2.106410267897176197e-03
7.956322798721422816e-04
1.526723512766314664e-03
3.278325867893698217e-04
5.976974020183528592e-04
4.301497515381010701e-04
1.071482690526823125e-03
7.249243318483825950e-04
1.617114198225471852e-03
9.317161094550015623e-04
1.081651716420372559e-03
1.082697949395466843e-03
3.838107764272363602e-04
1.204811231734141501e-03
1.464622468315373953e-03
2.165704938437709118e-04
5.432432807353901241e-04
1.543285429873804447e-03
1.818948698812453569e-03
3.105598413488103561e-04
3.973530331063458189e-04
3.287708328780603408e-04
3.393969046939154539e-03
5.531313997723883704e-04
3.514217957356888570e-04
8.224323475780147665e-04
7.396870987139900905e-03
2.502781846835705221e-03
1.888472958002392890e-03
5.873075998051494702e-04
1.206883819396965818e-03
3.495701154236869950e-04
8.965310336984802031e-04
7.479049589231207863e-04
6.948765825890296233e-04
8.892640894657615836e-04
6.694335104588924803e-04
1.026673618139906530e-03
1.688922075882805501e-03
7.743147676642436012e-04
6.168588107508225652e-04
1.125628348252252385e-03
7.394324988419791623e-04
4.710556862788491876e-04
4.080275042185504183e-04
8.385099627736657818e-04
9.146082508044211992e-04
4.162588867418936210e-03
4.678960963395549120e-04
1.312129292770205635e-03
9.508889643361865271e-04
8.303740330021059735e-04
4.306348973440958907e-04
5.631528997018474085e-03
1.350512263225634325e-03
1.394061368947619025e-03
6.477496933242969353e-04
7.776925134068698271e-04
5.110651550277378261e-03
5.599040265895892116e-04
3.201882646624531993e-04
6.641925664719575302e-04
1.109475100748144160e-03
1.211791037091762210e-03
5.736464351036531153e-04
1.632685890373726609e-03
9.832205806583585624e-04
4.647355880973278635e-04
5.255710268311545533e-04
1.781995467551378233e-03
7.253880788290126410e-04
7.263254740804665028e-04
1.009713274226125721e-03
7.979108319980358780e-04
7.036482892235267159e-04
2.543185708659677705e-03
6.160176981139948429e-04
2.165928729204175032e-03
2.137805240936189023e-04
4.318863679302612142e-04
3.564063512025838630e-04
5.322239361357022306e-04
6.756729550729844488e-04
1.365494953095903281e-03
5.312648824787674032e-04
1.736645656230597192e-03
4.981981545997826721e-04
9.359049713879785074e-04
6.282197956896242797e-04
9.374827117435823726e-04
8.155645349559575291e-04
3.777733716136935150e-04
1.008715543834020657e-03
7.194598572816567799e-04
2.989843434598547637e-04
1.883400327551112453e-03
1.068715877131214478e-03
9.120106219733996409e-04
1.802615090297921517e-03
5.305441768475995879e-04
3.440138355515963376e-04
1.079332500845670614e-03
1.055479883329221626e-03
2.346619505321814161e-04
3.445369067086186099e-04
4.269817437048386601e-03
5.311663593599804832e-04
8.903382376407500270e-04
1.018528239109622391e-03
8.044721309778418315e-04
1.036427823140758384e-03
4.244513774755202481e-04
6.580435699470531773e-04
1.773202893060770065e-03
2.824476960524328830e-04
8.367064158823799610e-04
1.011294457573195735e-03
1.065905566566355484e-03
1.160912434689849925e-03
3.291943710209867344e-03
1.004428716610847837e-03
7.498958476029050609e-04
1.125674556308694976e-03
6.243341871270049071e-04
7.787045993006906338e-04
5.104326641048008905e-04
8.708875253059749190e-04
5.235162542306183485e-04
8.408509143811265622e-04
1.187536264193088083e-03
7.849661856570585260e-04
1.149054851088743149e-03
1.053921624797760602e-03
7.633022462065200062e-04
8.712727534233610013e-04
1.140838231881224863e-03
1.570429574802216597e-03
4.830016402853777699e-04
5.893693442644258465e-04
8.264746416588949650e-04
7.465025852447020006e-04
8.670613245605823197e-04
1.682196426551828532e-03
7.586980492267402301e-04
9.865157927909178580e-04
6.957482830684461180e-04
4.624803201842651455e-04
6.044945326081313346e-04
1.777483077930847163e-03
9.986973389846433031e-04
5.055316598598271881e-04
1.568464234244561131e-03
8.982395108944785274e-04
9.264990798184846200e-04
1.324463493716044942e-03
8.037535826598001150e-04
4.240595506390756365e-04
9.691506901648332725e-04
5.701589394526804418e-04
1.223895165952113180e-03
9.460476874510693676e-04
3.795821967960433816e-04
8.314156968362943498e-04
8.163603030793472118e-03
6.853302738298520762e-04
1.666312722599073764e-03
3.230251549631665982e-04
1.653289591418990664e-03
5.771218816688565133e-04
5.104033683778970735e-04
1.722600520266433797e-03
2.196883407194979727e-03
6.048153583306913744e-04
8.373238393213434981e-04
3.236963013911058323e-03
6.791310305859984964e-04
1.226368809806087888e-03
7.639082156523395103e-04
5.409343272358436419e-04
2.672821592613003512e-03
8.575634127734143956e-04
2.895115824513645915e-04
6.740852475395532487e-04
4.023623722857774224e-04
7.141137463222170783e-04
8.202876841302008965e-04
7.182808556082358057e-04
4.712587893603097620e-04
5.694112263206107171e-04
9.549771577504412648e-04
1.345094946898479785e-03
7.118775753225115022e-04
2.432993808318698536e-04
9.807992808761379668e-04
1.296456680152094235e-03
5.686611816117780613e-04
8.389904880220734520e-04
7.216126225822376648e-04
1.107118406991501082e-03
1.549733027688170953e-03
8.647153364748869650e-04
9.402088798811744251e-04
1.660739248846003534e-03
1.209438521165219884e-03
9.979470701028281699e-04
4.181299311067899170e-04
1.706537152263102675e-03
5.935886802599200452e-04
9.700924597173710313e-04
2.023400168222332671e-04
1.248467835355923823e-03
4.240068621225387153e-04
7.983073895195180389e-04
3.088350512716639233e-04
2.002821217817165895e-03
8.242762665352065376e-04
7.591079737686015280e-04
3.858480641846615965e-04
2.942861445730126811e-04
5.295590174748846879e-04
2.552629964300151826e-04
9.750038709651759599e-04
3.758349780376766375e-04
5.331324835930644282e-04
2.224259744670971286e-03
1.327827081671034259e-03
1.330987675151093508e-03
1.520453996277800011e-03
1.323323834758610056e-03
7.859329288944753725e-04
3.796844771303455198e-04
3.631188175060912527e-04
1.762753836646223805e-03
2.731391831399011274e-04
4.516650017445994936e-04
2.827975144635644974e-03
6.526986964208790314e-04
5.066990427115755907e-04
4.302474737197733447e-04
1.296502785685055368e-03
7.428855299993478893e-04
9.602083424351798681e-04
6.975551278896811435e-04
4.546474849995278157e-04
7.633022462065200062e-04
7.677695186726436402e-04
1.818057243733862613e-03
5.278417942747658893e-04
1.952262491105844324e-03
1.034978313162320494e-03
9.475739537413746701e-04
6.775458225376319648e-04
8.463673970660204673e-04
1.034331221642671760e-03
1.476058462423394859e-03
1.078340407933694317e-03
1.160895646727053750e-03
7.918710313608393623e-04
8.149840562871616062e-04
3.656142577783558982e-04
4.539509976435285006e-04
8.375874672938717720e-04
1.490514146088751414e-03
2.210289618502529405e-04
1.602623868759109858e-03
7.536578181684136860e-04
4.689753444934698307e-04
5.085148580922412009e-04
7.004475977878176027e-04
5.165071842358453635e-04
3.276078375193747032e-04
1.426405688218493426e-03
3.757670832908346198e-04
1.240061375048959105e-03
3.227529291767329404e-04
7.987034161404417670e-04
4.267402775044943156e-04
1.898673666236599337e-03
4.726938642500724905e-04
5.508383697863133326e-04
5.762447935993195679e-04
3.336770818560730236e-04
1.818398165145995336e-03
4.243426108873052838e-04
8.558607355539504932e-04
1.093750541424673211e-03
1.156963713741937950e-03
3.951916570993807445e-04
2.166352373499043674e-04
2.194809034519009001e-03
7.309923874293490975e-04
2.519238123007209161e-04
2.167280268267068877e-03
6.983871273297424190e-04
8.982395108944785274e-04
3.198263300184883370e-04
7.492863393010823969e-04
7.105213789891631684e-04
4.391979423008994217e-04
3.867356710726961946e-04
9.167801836338717409e-04
3.435873193271797316e-04
8.612934365795544720e-04
5.900036423245836811e-04
2.971718918865257249e-04
4.164118294315395587e-04
9.541202117481406477e-04
1.316914309426036201e-03
3.004288057090885220e-04
2.452184910999887554e-03
2.064072819401265284e-03
3.856743282301830717e-04
5.096686649128061427e-04
8.133066137313981359e-04
5.202686821557687752e-04
1.436595758028960277e-03
1.376205353716766517e-03
5.565876203857501392e-04
6.215421639473064615e-04
2.033658056559948385e-03
5.392580162312899999e-04
1.774666327277451498e-03
1.281869436895387206e-03
5.635709986440662041e-04
7.572897826679514648e-04
5.954228502655233186e-04
4.149082893959136109e-04
6.402754714507635650e-04
1.656736907589758789e-03
1.515120219050867514e-03
7.174261704624524880e-04
1.258817483498193271e-03
6.888284296658098204e-04
5.008087630214086905e-04
4.235331057730785270e-04
1.999518838242168861e-03
5.978953762616460608e-04
9.338873141976669059e-04
5.882194077653194082e-04
4.980289566746753200e-04
5.325437978034795435e-04
1.369434029411251532e-03
3.118619214290752669e-04
1.777125833828243923e-03
2.069007019797030591e-04
2.271279646379663949e-03
1.170624605988755370e-03
5.597961049271120209e-04
9.085246310609383863e-04
5.554233465866118252e-04
2.091010714266594572e-03
3.143742571890144116e-04
9.761932389384596039e-04
1.227250786583296369e-03
7.338360129356647724e-04
1.287131141791157327e-03
3.662404981223635510e-04
4.875235747984114215e-03
1.478591538057007606e-03
1.370375438906182514e-03
4.941249623215896846e-04
3.066870193320888564e-03
6.373855936203053334e-04
6.120491589819183767e-04
4.744048388369222257e-04
6.826902733110210703e-04
3.104716481356361007e-03
7.946787111863680940e-04
2.318643321525479532e-04
5.575588860483196661e-04
1.713448365783027142e-03
5.315624133007265054e-04
2.715260850190717680e-04
1.955109631727968995e-03
5.235162542306183485e-04
7.498062789650744532e-04
1.065684171449180926e-03
9.666523479655265375e-04
1.038295294626193511e-03
3.479389906164686306e-04
7.312879857414805816e-04
7.168396058743125654e-04
6.243067156643444457e-04
1.490639502398582571e-03
7.133648783975062848e-04
2.377821262014746665e-04
5.011483260162180164e-04
6.848307252954204984e-04
6.292314717071963680e-04
7.928233822930725325e-04
7.058145397467879834e-04
3.327676700658194339e-04
1.853842572296836950e-03
8.018534860989493364e-04
5.963635010029297171e-04
1.173091675646255978e-03
7.556835669610374121e-04
1.200283685957386284e-03
3.156314001808024775e-04
4.951288702810865147e-04
4.994908700787758496e-04
1.634452125540696108e-03
9.306149258478226341e-04
3.782620613065123833e-03
6.773431012272133076e-04
1.019083046880090793e-03
4.917753493527911215e-04
4.890328562864027081e-04
5.167976462736351313e-04
3.572527252140654096e-04
9.144468393461682720e-04
5.891405556751607656e-04
7.530928763643300822e-04
9.979250331085018182e-04
2.194834496972742092e-04
1.423425047118229972e-03
1.780245991554151898e-03
4.147901406167936586e-04
1.362038729396313841e-03
3.773137407627141868e-04
1.118652069018038825e-03
1.149054851088743149e-03
5.512065384378450313e-04
5.169898910600583463e-04
1.741578336630159214e-03
2.841660124857792050e-04
2.001730136640320762e-03
4.249649351725092068e-04
1.773818634919143225e-03
8.937343363320186373e-04
4.787686583463682082e-03
8.324966038858692139e-04
8.055451144917309420e-04
7.275901315396105483e-04
9.342099837202503046e-04
8.041884754174773641e-04
3.341345307852659286e-04
5.989867061478972368e-04
8.290862786406483524e-04
1.231727090854446965e-03
7.723759943931327813e-04
3.261841048114850453e-04
1.206883819396965818e-03
6.143593558902782706e-04
9.626308036162185095e-04
2.194809034519009001e-03
5.888560747348700001e-04
6.089945564824839714e-04
8.028926239146017690e-04
7.851047252918891663e-04
1.337337269748593328e-03
1.624350850627956627e-03
2.895115824513645915e-04
3.988324371363835747e-04
1.056141720078831872e-03
4.252603837017468664e-04
3.963255244469212181e-04
1.826239435496886500e-03
7.788663791425748861e-04
2.350019273960924325e-03
2.939706532906117501e-03
8.479184544799520671e-04
3.778936181716706128e-04
4.125040385303634224e-04
7.177098217978052303e-04
1.402111466866259350e-03
8.124266831152739728e-04
8.147421610175093571e-04
9.936411847332633773e-04
1.064042506505585807e-03
7.796573300950414764e-04
4.417303089717796263e-04
7.538527774709642953e-04
2.356941408438377288e-03
5.057439181184938959e-04
3.777409323286682599e-04
6.553085395118626562e-04
5.681545664875797949e-04
4.491173730221528966e-04
3.881307701920332369e-04
1.085408619943271577e-03
6.971492197441464794e-04
3.563568721300587432e-03
8.090507461077806614e-04
1.592875639160788422e-03
2.715260850190717680e-04
4.272254285302795021e-04
5.733575982062208117e-04
7.025908344395393910e-04
5.114220711880492539e-04
5.493209171193213017e-04
1.647412803812637336e-03
5.180909693063161150e-04
3.286490294052979867e-03
1.347413760159323287e-03
6.124822693103145225e-04
6.928436663080630390e-04
4.405215576222856733e-04
2.899674269324666715e-04
5.119254664297682783e-04
1.390223866304771518e-03
8.143940500877035931e-04
9.889272815930278803e-04
3.532933680520581438e-04
9.363093602743542644e-04
4.853153345505069782e-04
8.365268148815207475e-04
1.534348508870657249e-03
6.411675034084394955e-04
6.180208710579599687e-04
7.252325922717338521e-04
3.830079159372028609e-04
5.209655271266000432e-04
4.881893629292774896e-04
6.244557957532750111e-04
4.026823584755838707e-04
3.933822006932106486e-04
2.175589401196790650e-04
2.246783326071951151e-03
1.276835857032078587e-03
2.939706532906117501e-03
4.836479582016297218e-04
1.110793365052649678e-03
8.310703292882141513e-04
4.467939418479354883e-04
5.644356763894650122e-04
6.207368008943772806e-04
4.247262672092684370e-04
2.385653621719837454e-04
1.026044508900870490e-03
5.588696767541153449e-04
2.724718768776021247e-03
6.630184980618955733e-04
4.066519252208244408e-04
9.426577108765250282e-04
1.528462515297146062e-03
6.762944074376756390e-04
3.757458676991926364e-04
1.243031434851240213e-03
3.175198882415310479e-04
6.825556793280146851e-04
1.373530782599164703e-03
2.349388948435045775e-03
5.779533080452912887e-04
5.117472867054058405e-04
9.186085819443720428e-04
6.297904726282890168e-04
6.821428440398943482e-04
1.140156607441757076e-03
3.938573058893012546e-04
7.694368168480858862e-04
5.949266357505026597e-04
7.976746114882345660e-04
1.601993256196319708e-03
4.259752179937950937e-04
1.387215811730449369e-03
4.277861215448051316e-04
5.773336260640351105e-04
5.402361879361000955e-04
4.004762447051387806e-04
6.850172337245839620e-04
8.982395108944785274e-04
2.800031697227701490e-04
6.998060690431136483e-04
2.947529972869902533e-04
8.229925656297595394e-04
6.310974919873990141e-04
5.199878723387158777e-04
1.844388165190601623e-03
4.069029137116577689e-04
1.631116002774253863e-03
5.180909693063161150e-04
5.215644612113600875e-04
2.068660357258176978e-03
1.705915721961926345e-03
3.611007125473736389e-04
2.869799720478237968e-03
1.116962889550553433e-03
3.254685183271610128e-04
6.529122968683729418e-04
4.827558866057481504e-04
1.420794401798314635e-03
7.453122551835699491e-04
1.892418968012098092e-03
4.516760539601923563e-04
3.809738703267572771e-04
9.232907777045791260e-04
2.281512158808453230e-03
6.553429353715557650e-04
9.940129416516787879e-04
2.430973149033362375e-03
5.526314214213688724e-04
3.812706600773112155e-03
1.157663938906133578e-03
3.146508940406737192e-04
6.795203957103802339e-04
3.672496873517008321e-04
5.833127901436195887e-04
8.705186090799979471e-04
9.663203343483261565e-04
5.429227771242905488e-03
1.296456680152094235e-03
7.922418332679686832e-04
9.607959717225850660e-04
1.349847780491810444e-03
1.191445878303644835e-03
7.212519723448804036e-04
1.127343915882006138e-03
6.190397163686534639e-04
5.202686821557687752e-04
1.136189206424191014e-03
1.573631220765903853e-03
9.103679896410774540e-04
7.673685825315996068e-04
5.903995826636736265e-04
1.358399014020633113e-03
4.187806608994395032e-04
9.673219240212033469e-04
5.767898593365005820e-04
4.989655085419189475e-04
6.759616067183752894e-04
9.403269773685969798e-04
1.445585430340948522e-03
5.115987042594609055e-04
4.995775445058157254e-04
1.789032212697745997e-03
3.291943710209867344e-03
2.916923653853993603e-03
1.977912925567191973e-03
4.282579799947959010e-04
2.361195411414858739e-03
7.079357133124940639e-04
1.317990390582473052e-03
2.854887943063117253e-04
1.966392813306443860e-03
5.151082950204931852e-04
5.449007530354184684e-03
9.684696299627834496e-04
1.661390714906398405e-03
8.629970911005930027e-04
1.165789213287725780e-03
6.962535672382198044e-04
5.873734673203172925e-04
1.034331221642671760e-03
8.620314457346932692e-04
3.817528387489838005e-04
6.998060690431136483e-04
5.582659699219503276e-04
2.444608287704055482e-03
9.890302102498658120e-04
8.979238784168580394e-04
6.347209937005780615e-04
6.397579047136746572e-04
1.037817740333165772e-03
7.067332239968519619e-04
5.212757457793311660e-04
9.411744127267295543e-04
1.449046911519994959e-03
6.909684419712298258e-04
7.596730372454589845e-04
4.388641425179838152e-04
1.612715702644773553e-03
1.378743732223403637e-03
3.106959004314343220e-04
1.330673526682380967e-03
8.081471042694791723e-04
5.972826503553864928e-04
7.884584788816790136e-04
9.671767560026059331e-04
3.440756796348395648e-04
1.307138785120084403e-03
4.877819385065102018e-04
6.616021876172964401e-04
2.536409416117354869e-03
8.215793250324073633e-04
1.075660050988283458e-03
5.633832489243428181e-04
1.305089170030837228e-03
4.806114248226046491e-04
6.836978035124230847e-04
3.890123930840647505e-04
1.324442828968091981e-03
9.073150500155274280e-04
7.922418332679686832e-04
3.437405879730065852e-03
4.862289936813808926e-04
1.969003092927438300e-03
7.725540045991374262e-04
7.092236612344909180e-04
1.357659806673673164e-03
1.054030205763179136e-03
6.488414657371394372e-04
1.144808671478027024e-03
4.854132519542828181e-04
6.907292235122698427e-04
1.007460118886435371e-03
4.515200784141817371e-04
8.435531508214651588e-04
9.077606857173974378e-04
2.435516705744427291e-03
5.285117775406070499e-04
7.923969262250121683e-04
6.568824901266407876e-04
1.132034069086134027e-03
7.675428945047382562e-04
7.924338555865186734e-04
8.051231887832082865e-04
1.143691967779629070e-03
8.190870353067633992e-04
3.773164719053705108e-04
1.191269898895245139e-03
1.665301500194937660e-03
7.214300745094503770e-04
9.848247468929661238e-04
1.235398392748490162e-03
5.538968645665631003e-04
5.226678175125089570e-04
8.270003332127377196e-04
2.433049957904281132e-03
9.224428095340555557e-04
7.707310684021409161e-04
7.950225159223106705e-04
3.870550644815062076e-04
3.471911417477453049e-03
1.260836900405837551e-03
1.340628126647374838e-03
2.010649797114688261e-03
3.765609775771116131e-04
4.118883804551878511e-03
3.412810032773280354e-04
7.977637846809042905e-04
9.574557460653697078e-04
7.252325922717338521e-04
4.387049760282343011e-04
1.220686467756227755e-03
1.084726371492998522e-03
5.664103597687392610e-04
5.343876368617264325e-04
2.124095261221843525e-03
9.678533604792597961e-04
4.451329462712085732e-04
1.070338706529921262e-03
3.276078375193747032e-04
5.537766882732908643e-04
4.185509925389653595e-04
8.048070125292849496e-04
1.739493687320664518e-03
6.991088218376112452e-04
4.739623120754689009e-04
3.571436367670120359e-04
1.046307412515884092e-03
2.057057435227585031e-03
7.633022462065200062e-04
4.292154697407141433e-04
8.146526945801795244e-04
1.159174664917352309e-03
8.882177376612981033e-04
1.356357664572986794e-03
2.705531677194189023e-04
9.372745750893085159e-04
4.637791289176504731e-04
1.371724610770718670e-03
3.322437140124203932e-04
4.648060790558533975e-04
8.192861594186063700e-04
1.387259172404729226e-03
8.742870709653462972e-04
6.149973141680467690e-04
9.710175833213459959e-04
4.573572015776359635e-04
2.046727488745300229e-03
1.136923778188928414e-03
5.116713050928757686e-04
6.256891325365608473e-04
8.987557451488770600e-04
1.297132778392608718e-03
1.731849577788538951e-03
1.091245996644243064e-03
8.487609806434417200e-04
7.882770425738321431e-04
4.882273558828238475e-04
1.526863330757788611e-03
7.327083211746284429e-04
8.310760415313999923e-04
8.125909298811041619e-04
3.640625366804975047e-03
8.820499353757211983e-04
9.654988415929708408e-04
9.964358788564385214e-04
1.075660050988283458e-03
8.312114404064793998e-04
4.251632941180862177e-04
2.654382110902978043e-03
3.277280341681223824e-04
8.408252574173780093e-04
5.930108015657475223e-04
9.626940341431279363e-04
6.660306647767301556e-04
9.224428095340555557e-04
1.635407665067076894e-03
1.023217161803988487e-03
3.812706600773112155e-03
7.652116380453918192e-04
9.136007669808945747e-04
8.734560006715142702e-04
5.957401352788168876e-04
1.247140636627792681e-03
2.495789081204364407e-03
2.119483149676848737e-03
8.716861819116272433e-04
9.507757871654552717e-04
1.762753836646223805e-03
8.408953980229712764e-04
4.723030714286289970e-04
4.811016319825093483e-04
5.458269548169960997e-04
1.582335049008543786e-03
5.155218400123240353e-04
1.164774030413425398e-03
3.580520776893645132e-03
7.309923874293490975e-04
4.872409278895384831e-04
1.082697949395466843e-03
9.628320672544958634e-04
4.062631608505182040e-04
4.045049361590131857e-04
1.080296162681736042e-03
6.930679747332753327e-04
7.048646195806439847e-04
5.496408023138895900e-04
5.956177132623021939e-04
5.263445919524616448e-04
4.649261456463093037e-04
1.027428994754432190e-03
1.748270608597754993e-03
9.537957339348224336e-04
1.727026416350794331e-03
1.091582573849771099e-03
8.257417196510144063e-04
4.156989388240992346e-04
6.085464087917765363e-04
3.904931847694855765e-04
2.507197703277765088e-03
1.260811441035014201e-03
1.474839191951689277e-03
2.809541809787451539e-03
7.203368449883995866e-04
5.126135256587320164e-04
1.529875250379945277e-03
7.518059854817943973e-04
8.973460911933093436e-04
1.193800718244980704e-03
4.182159829363782041e-03
1.589105046719184943e-04
9.860360984845321919e-04
2.279356135412841707e-03
9.077606857173974378e-04
4.091241852672408068e-04
1.067555421656904901e-03
3.966884535198359103e-04
1.652652921478747587e-03
9.174931284060244396e-04
1.499239915064990445e-03
1.542144441224935127e-03
6.771473507922995188e-04
1.373964922786744458e-03
1.123764948923138170e-03
4.296551042999975992e-04
8.725676534329457551e-04
5.565214604953878409e-04
7.073789420231080000e-04
1.491233872427855014e-03
1.531165281032532662e-03
1.593368328437508264e-03
2.464007318596878960e-04
1.577530872068224656e-03
5.661235371129372165e-04
6.949418287595423563e-04
4.745346665103935147e-04
1.019174022508540249e-03
1.369434029411251532e-03
2.958980951946462790e-04
8.822915086823100326e-04
6.873122777560005271e-04
1.639324850871715263e-03
3.777628606296095357e-04
1.879995360887314363e-03
5.042604948655294954e-04
2.842157141857718167e-04
7.341940448934036354e-04
5.374657542614380210e-04
4.696751281771477881e-04
1.500217172474026901e-03
7.301912266426866492e-04
2.804161589165509458e-04
3.448948820606709720e-04
1.516367130285140767e-03
1.947679410983841914e-03
7.608223169181831851e-04
5.042967345399747411e-04
6.513607066314416449e-04
5.829225299404648154e-04
5.353269596954057493e-04
7.540803508768523841e-04
3.559113810824495469e-04
2.322032226173924014e-04
2.871522814851337497e-04
2.409895740357579665e-04
4.603359529740970175e-04
3.262243801251475173e-04
