7.030822537846945579e+02
7.077572620153196112e+02
7.059035343388580941e+02
5.556947736829068845e+02
6.664677668920660381e+02
6.888567302895306739e+02
5.910135412383876883e+02
3.727560973717505703e+02
7.045059295047217347e+02
6.885949528258383907e+02
7.027910274719174595e+02
7.018195459580110764e+02
7.079051686404637849e+02
6.927215922707304117e+02
6.518978366345203312e+02
6.835460440617056292e+02
6.399840644324419827e+02
6.919797073529995259e+02
7.025425317305158615e+02
5.344248140768283974e+02
6.334303734641698611e+02
4.565913408630515278e+02
6.490438767257915060e+02
6.593308043065122774e+02
6.862033149665886640e+02
7.018704277620452103e+02
7.056821034991658053e+02
6.799879378585667382e+02
6.818895157363722319e+02
6.493801553263010646e+02
6.347118382618946271e+02
6.974752346496406972e+02
6.911759310604140865e+02
6.275405678792386652e+02
6.545831171242471100e+02
6.795393341997008747e+02
7.077371980398527285e+02
6.593779239072257496e+02
6.483308803472016280e+02
6.849117368371760222e+02
7.098058564581335759e+02
6.773964829473562759e+02
7.077132711763894122e+02
6.858189396784075598e+02
6.352620243182964259e+02
6.234758774450833698e+02
6.819591384461671169e+02
6.941444890195721200e+02
6.586165106088126322e+02
6.956048289227118175e+02
6.483506589210152242e+02
6.873945757185615548e+02
6.619491553052191648e+02
7.017299286361883333e+02
6.451587387700963063e+02
6.409425639160958781e+02
6.724247992766260040e+02
6.900504881356889655e+02
6.800639798120752175e+02
6.570560850837517819e+02
6.119701475737392684e+02
6.894651450355557927e+02
6.554418466362135405e+02
6.423723689024320720e+02
6.981056162721166629e+02
6.033984823051173407e+02
7.038176170586630178e+02
6.926684140982827103e+02
7.029764992096353353e+02
6.943631157331328723e+02
5.969072095814242402e+02
6.920562720971690851e+02
6.639200128878183023e+02
7.037278905054345159e+02
7.021493840074145965e+02
6.836457330580979033e+02
6.940401778777433037e+02
7.067137315850222876e+02
5.473393674291623938e+02
6.176716903670154579e+02
6.790167239419347425e+02
6.849874033818726957e+02
6.889465141750756629e+02
6.676404488623625184e+02
7.016465904493364860e+02
7.026357366076357494e+02
6.113642035930527072e+02
6.911536523784149040e+02
6.949216193604966065e+02
6.805514479292482974e+02
5.934705847148218254e+02
6.945851868749151663e+02
6.940151748814545272e+02
6.543133895526154902e+02
6.924156735006096142e+02
6.052018035936170008e+02
6.804892657166702747e+02
6.949459013153098113e+02
6.886417539960059457e+02
6.858692274121514174e+02
6.948620634290374483e+02
6.019054211517337762e+02
4.851464432482250686e+02
6.390743171277215424e+02
6.438463749015537587e+02
6.488959585514842274e+02
6.986387393971436950e+02
7.033326483691735120e+02
6.958968222019219638e+02
6.849061645274796319e+02
7.038488637294483397e+02
6.493684230920651999e+02
6.294115675156660927e+02
6.741356529072980948e+02
6.389027320498202016e+02
6.734375676225641882e+02
6.514714232194941133e+02
6.684287545443087311e+02
6.740721578645649288e+02
6.602036073101643296e+02
6.958187259801745768e+02
6.699237108757175747e+02
6.693564262419226907e+02
6.668747290469138989e+02
6.039228688796262077e+02
6.985106547759926343e+02
6.597409550942331862e+02
6.573979777074582671e+02
6.928129966901814214e+02
6.447511843553097606e+02
6.271702602880951645e+02
7.085606987939285091e+02
6.927891972827394511e+02
6.735234412741643837e+02
6.241882172062767040e+02
6.889757679701010602e+02
7.018597043140910046e+02
7.006970890159423107e+02
6.713549262503986483e+02
5.999871750706556668e+02
7.010580985333949684e+02
6.122984760425849800e+02
6.640273253207363950e+02
6.958769762745732805e+02
6.551236082872906081e+02
6.817465215195044266e+02
7.102747963678830274e+02
7.046283176116983213e+02
6.346911976068416834e+02
6.810100222486292978e+02
6.486899733132934216e+02
6.794450582641203482e+02
6.999160155863224873e+02
6.286818623633103016e+02
6.620430099213614312e+02
7.007328973071638529e+02
7.105510304414256098e+02
6.285629661630711098e+02
6.646817341147881280e+02
6.557363782325189732e+02
7.060504260731727300e+02
7.061079807831338258e+02
6.536326041296390486e+02
6.644825796000480977e+02
7.093203887259821840e+02
6.240335590086560842e+02
6.825599094885288878e+02
6.376758449585174731e+02
6.481217428581935565e+02
6.844300350597237639e+02
5.775159663642477881e+02
6.890696746300959603e+02
6.128931125547974261e+02
6.663591513041983490e+02
6.879696667773928311e+02
5.937332138610582888e+02
6.752606777987052737e+02
6.995736211033271275e+02
7.045816744027509912e+02
6.350243313047750462e+02
6.358934743087249899e+02
6.951235396392438588e+02
6.891165560337512943e+02
6.056516028444424364e+02
6.119763052583798526e+02
6.781966781328278557e+02
6.997028308264435736e+02
6.978801948787329366e+02
6.762038281621653368e+02
6.507139535351190034e+02
7.039238437379167408e+02
6.912664456615154904e+02
6.167416424487242921e+02
6.295790260451744871e+02
5.930119078044562002e+02
6.214538037577666501e+02
7.084347839551471679e+02
6.276732349013069552e+02
5.509503214081319129e+02
6.806145881557357598e+02
6.634374634553722672e+02
6.719442291902462330e+02
6.753393213528868273e+02
6.938456582539604369e+02
6.929874086029132059e+02
7.084082697085893869e+02
6.956494112125907350e+02
6.306713896246246804e+02
6.700403348493597377e+02
6.984160209774046280e+02
7.019448663682017013e+02
6.862609553436163878e+02
6.831961071001128403e+02
7.013891496730874451e+02
6.635204260402002774e+02
6.126676304689312929e+02
6.992820650547038213e+02
6.673204537471433468e+02
6.879988694308258346e+02
6.992076889852036174e+02
6.586251489379701525e+02
6.600408081740654325e+02
5.142439259043048878e+02
6.979514728353916553e+02
7.100670852766811549e+02
6.648471644811789929e+02
7.084347839551471679e+02
6.528117448993837115e+02
5.901480059707539567e+02
6.879388964060817671e+02
6.935358843981797463e+02
7.060010289054109762e+02
6.805116982031531734e+02
6.796279191473931860e+02
6.985106547759926343e+02
6.611947801834965048e+02
6.738612189343210730e+02
6.868910050000777119e+02
7.068336127412310361e+02
3.581614760174488765e+02
5.949072520386880569e+02
6.727889553574617594e+02
6.021688907548135603e+02
6.892795064697853604e+02
7.090141636642368894e+02
4.816630252859442862e+02
6.586310738999872001e+02
6.491780591463173096e+02
6.446844851652676880e+02
6.975501948585856553e+02
5.877724661485343631e+02
6.858012376415954350e+02
6.437106285608042526e+02
6.976568100026063348e+02
6.113518599389885821e+02
7.054591770911448521e+02
7.057582152617869724e+02
6.293256681397173224e+02
6.943260285157733733e+02
7.012876158190855449e+02
7.021496802865513018e+02
6.795544547960138289e+02
6.320065894911998612e+02
6.986813628884863192e+02
6.943658038923532558e+02
6.403112233623221528e+02
7.041272254262404431e+02
6.953350152922662346e+02
6.747556387411249261e+02
6.865563599392628475e+02
6.739558433730813931e+02
7.082721953181501249e+02
6.581920334869787439e+02
6.946928152588591274e+02
6.492158243386126060e+02
6.785142370795168745e+02
6.550554810653429740e+02
6.940274374803808541e+02
6.879184929074361889e+02
6.600408762694701181e+02
6.295375540090194590e+02
6.700371142816832162e+02
6.959019670545078498e+02
6.948550950385714486e+02
6.743145045522334158e+02
6.240765730617112013e+02
6.699654374191402439e+02
6.907975317447637735e+02
6.903437570213253593e+02
5.935967500187838368e+02
7.082802562319399158e+02
6.860691146396472959e+02
7.055932308757174951e+02
6.777372016331104305e+02
6.856448894172151540e+02
6.765468472524244135e+02
6.858350298047438400e+02
6.867635564508132120e+02
7.002809086438510349e+02
6.871024056132845317e+02
5.276352523047959266e+02
4.736244092798191332e+02
6.872906585054101924e+02
6.233778953491130324e+02
6.615398665922245982e+02
6.279020774045247890e+02
6.994888384156238317e+02
5.385450294952490822e+02
6.090405563081160381e+02
6.892152934462025087e+02
6.370404853679764301e+02
6.682550544304285722e+02
6.581297939648563897e+02
6.856299416026338349e+02
6.361049851110856252e+02
6.621232259534378954e+02
6.639033447810080588e+02
7.013978520361425808e+02
6.530597016366378966e+02
6.064896555350098879e+02
6.187033207553006378e+02
6.459323881829284346e+02
6.270943071600084977e+02
5.646553944367540225e+02
6.152204408648914296e+02
7.095321015031645402e+02
6.068680426803855426e+02
6.733880175360559406e+02
6.993444079356789871e+02
6.302681376176343520e+02
5.802831730038615206e+02
6.938456582539604369e+02
6.471546280317188575e+02
4.177395639792354132e+02
6.733889027838056336e+02
6.930392411990213759e+02
6.533433180614766798e+02
6.001772783925862313e+02
7.036995846997139097e+02
7.064248315497807198e+02
7.084315717519696136e+02
7.024761453910859927e+02
6.978203965440576440e+02
6.390743171277215424e+02
6.697680637931031242e+02
7.068180949373577278e+02
6.990993057783721270e+02
5.106145575888607482e+02
6.876764298199340146e+02
6.973395121678839814e+02
6.953502820048400963e+02
5.915392611156678413e+02
7.005550183264656425e+02
6.134175788460787544e+02
6.948519605112087447e+02
6.408194801045729037e+02
6.665098901466298003e+02
6.409707420696714735e+02
6.585972886334362784e+02
6.584383917381640003e+02
6.129212560936834961e+02
6.602163501820003830e+02
6.351951484624670456e+02
6.903934353292155492e+02
7.044866050014779830e+02
6.167416424487242921e+02
6.648312245109452761e+02
6.697402099302730676e+02
6.825344240689861408e+02
6.962188920213969823e+02
6.088643193414952748e+02
7.035181173877247147e+02
6.841721500463363554e+02
6.941628201082180567e+02
7.003260078837951141e+02
7.083937165744567892e+02
7.013400168274079078e+02
7.036995846997139097e+02
6.689331405386335518e+02
6.467150982741791267e+02
6.941076778197091244e+02
7.005577038067038984e+02
5.724948566660387996e+02
7.100361110290662054e+02
6.906381372042513931e+02
7.091074029387621067e+02
6.700478535140706526e+02
7.073553423448348667e+02
6.526822714919477448e+02
6.303855160257334092e+02
6.259133155041819236e+02
7.063075234944332124e+02
6.212051411200641269e+02
6.440468057122128585e+02
6.524807547249441768e+02
6.774069824143874712e+02
6.870686849037793991e+02
6.977497795595502339e+02
6.844752780275347277e+02
7.037379169992225343e+02
7.077458273961201485e+02
6.676882777192507774e+02
6.596175903088517316e+02
6.672695685988541072e+02
6.866987819034502536e+02
6.513032324806280258e+02
6.418400219742698027e+02
7.076133615907865533e+02
6.180205286319596780e+02
6.849117368371760222e+02
6.635710992906655292e+02
6.883161209264815170e+02
6.724262065522816556e+02
5.499499547963641817e+02
6.665939484068912861e+02
6.974777314690519461e+02
6.401166143724116182e+02
6.324136520934852115e+02
6.764081101086679837e+02
6.307691135772387270e+02
6.783965605543944548e+02
6.965269790382374140e+02
6.623105335030477363e+02
6.639077981548319940e+02
7.073115795453679766e+02
5.355592504203068529e+02
6.986813628884863192e+02
6.766954877094892709e+02
7.030063388571991254e+02
6.897280825942601723e+02
6.407137104267260383e+02
6.548379687814552881e+02
6.690398970339178959e+02
6.315923084539437014e+02
6.265140139490773663e+02
6.930185903605821522e+02
6.357288399054330057e+02
6.203860341647510950e+02
7.065784368750220210e+02
6.842598559996723679e+02
6.959811646157135101e+02
6.733738809837487906e+02
6.753450678759398897e+02
6.998376084490325866e+02
6.704357977617131610e+02
6.722196581066535828e+02
7.027294698743276058e+02
7.063864965679792931e+02
6.708859607205438351e+02
6.850880900222999799e+02
6.965671032342572744e+02
6.862868461883156215e+02
6.578370749484917042e+02
7.089247175321763734e+02
6.505246352062866890e+02
7.026450541596757375e+02
6.970850871773004656e+02
5.385450294952490822e+02
6.751934031492145323e+02
6.960545150557788929e+02
6.649071040961595145e+02
6.276895972212699917e+02
6.205345690828075931e+02
6.756987102040184254e+02
6.596199388599210351e+02
5.989554184006261721e+02
6.673003359178028404e+02
6.807845015894685048e+02
6.883701961838405623e+02
7.091649226097014207e+02
6.623634252423618136e+02
6.797041572927857942e+02
6.877413037152230117e+02
7.040908351194481156e+02
6.784343622362390533e+02
6.598585083359284909e+02
6.055452111410373846e+02
6.480764606127216894e+02
6.886598661311875276e+02
7.030948571993225187e+02
6.729115077644382836e+02
7.008702137036764270e+02
7.076152557900048805e+02
7.077132711763894122e+02
6.724487029076949511e+02
6.793803048795184623e+02
6.948166154452003411e+02
6.611006879621213557e+02
6.960346385974085024e+02
6.401969291403377156e+02
7.043092686888981007e+02
6.874561272985197320e+02
6.907859747935124233e+02
6.419507802320725887e+02
6.685397322374392388e+02
6.473790236562157361e+02
7.086603968718384294e+02
7.080013879634670957e+02
6.186091398097464662e+02
6.562658651744561666e+02
6.652385584772652010e+02
5.860270875668684312e+02
6.278849422955952377e+02
7.090209109742608007e+02
7.080917432982572564e+02
6.617790755494662562e+02
6.392646546231198954e+02
6.963496848514628255e+02
6.919447345950634372e+02
6.350709338160845618e+02
6.171792493244923890e+02
6.549290404770187024e+02
7.061140382103948241e+02
6.334171810816633297e+02
6.364120276470941917e+02
7.015745138047094542e+02
6.918691564353110834e+02
6.959932881185034148e+02
6.699962520803460393e+02
6.375935902237354185e+02
5.267171847872697299e+02
6.592325650581648233e+02
6.605234383668206419e+02
6.387781247910637603e+02
6.641424574611444314e+02
6.935569919737417877e+02
6.917870124841398365e+02
6.876187257484183419e+02
6.027708514826344981e+02
6.799683771045516778e+02
7.025002239501071699e+02
6.628539596083296601e+02
6.912041673706710299e+02
6.689777134954015310e+02
6.629587341034389283e+02
6.424841386397180258e+02
6.889428611461315768e+02
6.617492937863663656e+02
6.449935454769491798e+02
6.926867979214601974e+02
5.888713538922479529e+02
6.669955881333384013e+02
6.914618871932194679e+02
6.841381289448372627e+02
5.389324283070355932e+02
7.027893552741159056e+02
7.087298360123819521e+02
6.961108441992014377e+02
6.811379993223849851e+02
5.913205727685295869e+02
7.086452498690089215e+02
7.002068386688849841e+02
7.071504899374239130e+02
6.992682201347384989e+02
6.670149057134714212e+02
6.900201549859004899e+02
6.697413997701379458e+02
6.812021679182419120e+02
6.487173799166770323e+02
5.711813364381857809e+02
6.317341642931718297e+02
7.008059442622115967e+02
6.974398682785325718e+02
7.032688197499129501e+02
6.523989590443060251e+02
6.590619985041503242e+02
6.520542944658925535e+02
6.865183007045092154e+02
6.878070431510305980e+02
6.703994341053737571e+02
6.822933069696639450e+02
7.070250570929240439e+02
7.041122084582134448e+02
6.669482121384686479e+02
4.473719659396874704e+02
6.990715876903880144e+02
7.074395621563942314e+02
6.867155625530907628e+02
6.530347242707089208e+02
5.861898122752210156e+02
6.063893406075073926e+02
6.643728082094536376e+02
5.369916014981267836e+02
6.843940372830664955e+02
6.597289296162996379e+02
6.960524964898147573e+02
6.744493289619324514e+02
6.538208782736116973e+02
6.957670394465715162e+02
6.749233731599642852e+02
6.458988147976849632e+02
7.054672616359021049e+02
6.381423390889965503e+02
7.064758113070597574e+02
6.158433832512281469e+02
6.562020368367068386e+02
7.045272193974983566e+02
6.368512236346813324e+02
6.517967373827667643e+02
7.068428706818781393e+02
6.509545274298061486e+02
6.691759278496010666e+02
6.509833201040082713e+02
5.564166324007185267e+02
4.851464432482250686e+02
7.077804642446282060e+02
6.964114343375847511e+02
7.066412399520467034e+02
5.942749612426929389e+02
6.339400427720022435e+02
5.421863416674707423e+02
6.731479994313021962e+02
6.829273332140229513e+02
6.577017131023313823e+02
6.760881994147079013e+02
6.919973284238166116e+02
7.020685648380922430e+02
6.998759740297417693e+02
6.989871648485086553e+02
6.800464916743227377e+02
4.499634392972907335e+02
6.890788772788099550e+02
6.844450797127167334e+02
6.096767804311122063e+02
6.281159113701592105e+02
6.814124950638976088e+02
6.428307063073881409e+02
6.937509428577368453e+02
6.368676741956144269e+02
7.101835404890798600e+02
6.883522350442642619e+02
6.875893591191829728e+02
6.705636499661633252e+02
6.613198886121325586e+02
5.686198109614027771e+02
7.070916660921329822e+02
6.647269494614236010e+02
6.176716903670154579e+02
6.252646747042377910e+02
7.006632767781361508e+02
6.583654225060004137e+02
6.922214421345846631e+02
6.966152967073458058e+02
6.210999630058939829e+02
6.739930063811037826e+02
6.469333659609396818e+02
6.118708106801576605e+02
6.408296420662795754e+02
6.719895485233448653e+02
6.868910050000777119e+02
5.967860301264468035e+02
6.400491437727657740e+02
6.841702876133333575e+02
6.706966644873941732e+02
5.704942018821541296e+02
6.757861326467833578e+02
5.039819367740383314e+02
6.712045656961727218e+02
6.652882237650496791e+02
6.835947780431567935e+02
5.914036079015277210e+02
6.951128233705960611e+02
6.998521211657399590e+02
7.001358145033768778e+02
6.786565291871178260e+02
6.654088272864643159e+02
6.205620111985851963e+02
6.956338432321570053e+02
5.541640217712384811e+02
6.717705073340372337e+02
6.249018466698049679e+02
6.591374489102779535e+02
7.088605822057691057e+02
7.066120810360301903e+02
6.428889278139927228e+02
6.454299431839147019e+02
6.747936756690889979e+02
6.696482583712717087e+02
6.949216193604966065e+02
7.050238447751953572e+02
6.286466094875275985e+02
6.882105903184660747e+02
6.676435915932073613e+02
6.248105241846897115e+02
5.724948566660387996e+02
6.716843969464827069e+02
6.824400913930786601e+02
6.901506856432034738e+02
6.650165160782456724e+02
7.099016006938223882e+02
6.574425714665666192e+02
4.794159047730861403e+02
6.834821678979096760e+02
6.598593342930722656e+02
6.578267898474462072e+02
6.775462323433598613e+02
6.664060007574609017e+02
6.904012301294325198e+02
7.071906881172246813e+02
6.611774541078335687e+02
6.360601412485179935e+02
6.332618656871741223e+02
5.564166324007185267e+02
6.085615297278691287e+02
7.034549457421582019e+02
6.965341280037207525e+02
6.483441472933086516e+02
6.640926278837084737e+02
6.889985383765889537e+02
5.587783560242470458e+02
7.070372097032058036e+02
6.958758065376686091e+02
6.845390909292564174e+02
5.402905544155083817e+02
6.557767324138983440e+02
7.100953277004655320e+02
7.042164926085139314e+02
6.915455933552667602e+02
6.941765283438332972e+02
6.424224113394169535e+02
5.932804393845035520e+02
6.569094158643731589e+02
6.600161759007910405e+02
7.003547119992252874e+02
6.953701001101214842e+02
6.965098090225795886e+02
6.960552340215124332e+02
7.030232454305229339e+02
6.792479477537417552e+02
6.599892037143514472e+02
6.721362621539850579e+02
6.019875823092430664e+02
5.944491827123873691e+02
6.534752609116976600e+02
6.936028394860566095e+02
6.697606785565301379e+02
5.764616998713547673e+02
6.790385205259264012e+02
6.800387962410495675e+02
6.987465830646752920e+02
6.261081330306375321e+02
6.200666123008938939e+02
6.990979282813821101e+02
6.580030384819036726e+02
6.051218313016674983e+02
6.684405707901229334e+02
6.285815526594828953e+02
7.025822996283363864e+02
6.203208600558170929e+02
7.072607053398752441e+02
5.663167087632704124e+02
6.861909917181393439e+02
6.890696746300959603e+02
6.442335466549591274e+02
6.523283813662268358e+02
6.876776598367255247e+02
7.058212648918474770e+02
6.953350152922662346e+02
6.504206085432159625e+02
6.532101929849583257e+02
6.381683720058591689e+02
6.257437425221942249e+02
6.891652114682088950e+02
4.851464432482250686e+02
5.859882750667480877e+02
6.919111050283521536e+02
6.013076129013822992e+02
4.594023142993040665e+02
6.995854522044278383e+02
6.658906530840101823e+02
6.589469237032017190e+02
6.682532182409498773e+02
7.063274789195686481e+02
6.858320064015611024e+02
6.814568686522285361e+02
6.518825936645934007e+02
6.858350298047438400e+02
6.745160342170387366e+02
6.342866178460723177e+02
6.726056751971624408e+02
6.756469748112249363e+02
6.699595676518152914e+02
6.368772902522056256e+02
6.491792069069263107e+02
6.452711464994242760e+02
6.292914174547105404e+02
7.098868427886776544e+02
6.869152691099193362e+02
5.402905544155083817e+02
7.086477650043511858e+02
7.035840511920486051e+02
6.974836186395665436e+02
6.967079368237003791e+02
7.061597700165932565e+02
7.038691557189611103e+02
6.964722467191882060e+02
5.907594585826734601e+02
6.395784225428412810e+02
6.825339574928551656e+02
6.879903805855695964e+02
7.100670852766811549e+02
7.072297154566284689e+02
6.655237125088603989e+02
7.049777408263698817e+02
6.702078244649328553e+02
6.824636168082173526e+02
6.288521665290149940e+02
6.367651721191667775e+02
6.846880582713005197e+02
6.934353642449527797e+02
6.938456582539604369e+02
6.928695550117145103e+02
6.686104838781826629e+02
5.803470614763851927e+02
5.982314357074270674e+02
6.972575882372514116e+02
7.090447159492979381e+02
7.001387151905123574e+02
7.045816744027509912e+02
6.519845273125448557e+02
6.747563069609477679e+02
6.919202207106607148e+02
7.077930888716016398e+02
6.251331408780056336e+02
6.589908157003541191e+02
6.995960437811186239e+02
6.810852391176746323e+02
6.739366980888160015e+02
7.061417955065443266e+02
6.665939484068912861e+02
6.961357778137993364e+02
5.863815878520457545e+02
5.164975870075576267e+02
4.851464432482250686e+02
6.507333692187912675e+02
6.434355106536346511e+02
6.110412494162139865e+02
6.998241165646713853e+02
6.889325151603578661e+02
6.644092132082565740e+02
6.900027266823594800e+02
6.165114215917834599e+02
6.639112182283962511e+02
7.091533295085447435e+02
7.034198844560545467e+02
6.359245544844230835e+02
6.877334779384784724e+02
6.559680588578569314e+02
6.545840099525954656e+02
6.933885960378665914e+02
6.762975067598080159e+02
6.288521665290149940e+02
6.530601367430745086e+02
5.930501892533072805e+02
6.545323364959780292e+02
6.688306112792972726e+02
6.642975098544814045e+02
6.414531537998228714e+02
6.748563543267555360e+02
7.003081559536307168e+02
6.943661842700006446e+02
7.086953008765573259e+02
6.995362972654368150e+02
7.071956453843874897e+02
6.621232259534378954e+02
6.401195437343120602e+02
6.082146705244645091e+02
6.599997590071584455e+02
6.584828214332179641e+02
6.509672518655862632e+02
6.576700103557623152e+02
6.985092668943558465e+02
6.004025551379847911e+02
7.090201890750381608e+02
6.754855495446219038e+02
7.084368661958496887e+02
5.854045459538942850e+02
6.995589352301200279e+02
6.762077016593898406e+02
6.942319415588834772e+02
6.634803542234933502e+02
6.848989148207241442e+02
6.989871648485086553e+02
6.871643162956112292e+02
6.984519813481064148e+02
6.361213188638936344e+02
7.076592291118424782e+02
6.522594565661452179e+02
6.968136157191730717e+02
6.912116983476439600e+02
6.688510487179322581e+02
5.458864815308237439e+02
6.577017131023313823e+02
6.907796354808061778e+02
6.840327504453709935e+02
6.902078036567396566e+02
6.220242200480353176e+02
6.862609553436163878e+02
6.230684013427434138e+02
6.786686595702167324e+02
6.701742253733241341e+02
6.586659825387134788e+02
5.916780610352579970e+02
6.906094500542201331e+02
7.071444093196073482e+02
6.837882776843222246e+02
5.951957978164911083e+02
7.095351226188099645e+02
6.658744195603071603e+02
6.975519033916539229e+02
6.411362399933756251e+02
6.133412010599377027e+02
6.833029794426129229e+02
6.591991885021033113e+02
6.988173509495552480e+02
6.769185213738876428e+02
6.831268628103695164e+02
4.793920796412469372e+02
6.382218582492330370e+02
5.477140047852382168e+02
6.935358843981797463e+02
6.784006306977238410e+02
6.483623348244839235e+02
6.900665562544234035e+02
7.054702671088058423e+02
7.063239752276414265e+02
6.786651889674673157e+02
6.451707480713033647e+02
6.869910178139485879e+02
6.697606785565301379e+02
6.360507527510525279e+02
7.050436717139966731e+02
7.005342223599476483e+02
6.077949476303863321e+02
6.979702160043239019e+02
6.857111818445804374e+02
6.757345354130939086e+02
6.820692523148595683e+02
6.886216156505876143e+02
6.993549193229368939e+02
6.913935204321376204e+02
6.531954367777381094e+02
6.875251738395766097e+02
5.918846747940345949e+02
6.986535763603038731e+02
6.377112497351165530e+02
7.031443962469048756e+02
6.922754146968461555e+02
6.935440351823579022e+02
7.039592157924084859e+02
6.676517767085288142e+02
6.386873334942325755e+02
6.356026460151350648e+02
6.306840809941256794e+02
6.792058006720781123e+02
6.957490646444146023e+02
6.928129966901814214e+02
6.142537143554462773e+02
4.754969352212171998e+02
6.113117737880226059e+02
7.082201303265620709e+02
6.772696681550849007e+02
7.049608111141162681e+02
6.723545632661511036e+02
6.490998242679535224e+02
6.382955288967285696e+02
7.037493644826711261e+02
6.940864954922006973e+02
6.440940462632006529e+02
7.095397578130498459e+02
6.922736902241563257e+02
6.868106212599232094e+02
6.637296415235732638e+02
6.421140330452701619e+02
6.327297012666217597e+02
6.815437481661437005e+02
6.618724510138160895e+02
6.183066162016524459e+02
6.857111818445804374e+02
6.692464610747898632e+02
6.862242496793733153e+02
6.964106772650302446e+02
6.742023571775963546e+02
6.723545632661511036e+02
6.826565157450194192e+02
6.372167495816145220e+02
6.407070406733647587e+02
6.731776285936123259e+02
6.940383803501690636e+02
6.805555656712629116e+02
5.890569647547081331e+02
6.494059255781855882e+02
6.939358766516970718e+02
6.691759278496010666e+02
6.806781481628581787e+02
7.081871049270798721e+02
6.938456582539604369e+02
6.891423698935258244e+02
6.897183862901393923e+02
5.522664655765108819e+02
