1.255589180792133315e-03
3.168263729153837182e-04
3.165469688059533359e-04
3.374248358885215213e-03
2.790316197239345016e-04
5.574603833438394928e-04
4.664275179450248668e-04
1.289835526578961668e-03
1.721630043188352452e-03
6.896378287308764553e-04
3.727819825806113108e-04
1.403115568045107397e-03
5.088456229583517010e-03
4.219923026017944733e-04
3.475672678890104686e-04
1.385057761069788005e-03
9.232915530968748528e-04
1.590829892016231263e-03
2.287193533233064882e-04
3.782598890411641309e-04
4.606091791264806373e-04
1.419176641807073274e-03
8.464459286784011384e-04
5.961158234153712951e-04
8.706647629360275567e-04
4.776270156261689780e-04
1.476298151128577121e-03
2.271053890989075796e-03
1.128952186778173130e-03
8.120906931900973491e-04
6.579592103947407532e-04
1.262363739834704420e-03
3.608967311855173338e-04
4.082351693432268434e-04
1.208574471629072621e-03
1.214457073718098416e-03
2.607538541249477052e-04
7.213026833518875001e-04
1.793892915590638302e-03
7.211333934784856835e-04
3.357984734674684100e-04
4.685210831369253045e-04
4.999282506983108131e-04
3.480955559875427148e-04
1.666698247406328158e-03
6.543471014204161208e-04
2.239530599299205740e-03
5.739517701549644952e-04
4.201957131370062594e-04
2.955359913256679115e-04
2.513959744792643321e-04
4.238932812779097658e-04
4.498499473203905843e-04
4.474513779772217015e-04
2.260285769912478288e-04
6.027735816319959540e-04
6.081603371881035610e-04
2.453418550838771801e-04
5.850529164708947148e-03
5.736942973852891640e-04
6.008857484568017483e-04
6.081305669702971204e-04
9.559129546017718212e-04
1.361596907877485937e-03
7.668393736295882682e-04
8.263857245484711438e-04
1.363996395575428015e-03
1.214457073718098416e-03
5.650332011858330171e-04
9.620972726927094244e-04
1.436476443744714050e-03
3.097115112505239611e-04
3.726036972118876127e-04
1.414023231590544197e-03
9.487123115302049459e-04
9.993288821195367693e-04
1.074014599001048937e-03
1.763654198094729772e-03
8.756240967181721851e-04
1.666934042186659021e-03
8.955014866855992009e-04
1.195777879057140962e-03
5.929901937787407200e-04
2.957780055519977636e-03
8.139501096369360566e-04
4.511328475031112315e-04
1.599967826731623580e-03
1.249332048793523608e-03
8.755295916514153594e-04
8.132061570448801584e-04
9.562594911952119938e-04
4.202701680976968809e-04
6.528575947723935140e-04
4.193243730305692691e-04
6.064314168104871072e-04
3.569590854396635995e-04
8.021268415497775743e-04
7.773383694566282989e-04
6.762977418753949579e-04
5.805419877703410633e-04
1.072156919975503220e-03
3.717381133624008305e-04
3.014819272264891476e-04
1.717602616696993750e-03
4.825432468055121621e-04
4.926768970189511401e-04
5.987589231244450647e-04
1.061543816233816075e-03
7.744961951284956700e-04
5.782239646660125403e-04
2.423798912576981442e-03
1.899532276184004486e-03
5.183147837831236608e-04
3.094897055018729364e-04
3.301855002439339336e-04
4.356816422789814560e-04
5.291087660535039733e-04
4.143388685566393062e-04
1.208722314231060841e-03
6.503353216913248776e-04
9.970211093020058760e-04
8.451652978190800965e-04
5.058366904849193090e-04
5.957953568484517046e-04
7.411396003129253800e-04
2.158059450783449996e-03
4.413611532523615709e-04
5.457363310367263588e-04
6.552832480756622200e-04
1.561168498764533945e-03
6.281611489989637935e-04
2.046714572640989573e-03
5.422069619996541367e-04
5.156869475164984305e-04
8.362034328906519168e-04
6.147229906420630108e-04
9.977083826525324182e-04
8.965373969115634969e-04
6.118075166745846460e-04
1.505272155472248130e-03
1.216778565105424651e-03
6.351793376517347357e-04
1.613814967096896796e-03
4.052281321430760939e-04
6.344292356092215250e-04
7.611161426719066734e-04
9.947802339847870712e-04
5.510832462827889308e-04
4.044496671202693215e-04
9.941041799737780627e-04
9.653469224625992095e-04
6.138399635717783865e-04
4.276613881911635914e-04
8.246350076861155192e-04
6.353505175928132482e-04
5.050718097856436543e-04
6.025724036664992104e-04
1.648396495887856925e-03
7.433062494458380102e-04
8.970321947144272801e-04
7.113563074997520178e-04
2.973109561135378002e-03
7.239001026720028216e-04
2.508946348282204146e-04
6.265448348453230096e-04
7.436321280581256656e-04
5.583671181650337904e-04
3.311582300315243357e-04
3.200159021689191513e-04
3.602634762046121909e-04
4.084731036146589710e-04
1.103587559952979658e-03
3.380308139908270136e-03
2.945367919011666305e-04
3.575601514046725300e-04
7.433414085435669340e-04
6.586875492788101839e-04
3.447434958588093648e-04
3.995838519782945130e-04
9.660602484186923966e-03
1.663420563853211173e-03
7.262647664947190522e-04
4.061355993625786792e-04
4.700425956760702069e-04
4.384429216620387227e-04
7.738812880824035532e-04
1.365718442519388244e-03
5.191080377100803969e-04
7.424507657577432071e-04
6.756155257486815306e-04
5.978242455961499174e-04
5.962132843893051337e-04
5.234385919561963937e-04
1.554720388229483604e-03
1.047354518838940034e-03
3.404940702368568000e-04
2.816956470087397628e-04
1.615944506953300970e-03
1.068447175154210510e-03
2.519479284002760144e-04
5.920119091125944843e-04
1.620701628196754163e-03
1.809176693702290069e-03
8.435339946201681708e-04
6.099884251235236253e-04
1.791120070664937655e-03
4.578310463928956164e-04
4.858993979511370812e-04
4.340199346194919942e-04
8.296807832048668039e-04
1.059206045407025832e-03
6.665901428283732598e-04
3.239355732522184480e-04
9.071918605903299100e-04
5.110019011485829148e-04
4.836943207978762808e-04
4.170422565111375898e-04
5.543388218090864166e-04
1.736559357086821633e-03
3.771603147024589443e-04
3.069649593577174641e-04
6.438981439852618175e-04
4.548760245655355866e-04
3.214093698369290247e-04
1.258051662836199604e-03
2.980189336103317220e-04
5.199447331357970195e-04
5.037059052746501809e-04
3.050812764628450368e-04
4.682530457537751353e-04
8.882448375878778009e-04
1.585497538128471853e-03
5.377408272882671725e-04
1.157133232437155103e-03
1.093628213084696940e-03
1.523764016121735608e-03
7.654506523675522157e-04
3.542077322925815458e-04
1.274923260756838719e-03
5.807665876793266730e-04
2.880158712537127567e-04
7.499700920969235973e-04
7.795536923408668151e-04
6.361730426860759966e-04
6.316524131708842410e-04
1.952995454520793303e-03
5.780573160355026571e-04
9.374391692643895945e-04
1.013033780219854641e-03
2.670992931779410211e-03
1.464306681297153096e-03
1.035900354057951332e-03
4.317407190700846276e-04
6.809308549859671711e-04
7.475012358929468241e-03
6.675078017464083219e-04
1.895956437392512690e-03
8.385131125555378472e-04
5.422007713072194346e-04
2.774627906659604595e-04
5.130725843307580927e-04
7.920194229739821543e-04
3.693173840378714649e-04
5.022399371949819342e-03
1.021274071997354009e-03
3.805574793037831086e-03
2.336984953240054557e-04
3.808225142458559749e-04
5.134829700150069041e-04
9.728957433122087557e-04
5.211011946472310016e-04
7.809700743124716208e-04
8.964188564209541821e-04
5.123321556790342256e-04
7.948202354168107300e-04
5.139435016697827506e-04
2.791200132414796767e-03
5.570263275675722044e-04
4.226010064401993275e-04
1.450329812499856442e-03
1.571570847597527753e-03
3.867355884982745019e-04
9.254626702274902032e-04
1.381360720387459634e-03
3.776163186565368647e-04
1.375472170513090606e-03
3.649103565546404958e-04
7.835408472656823055e-04
6.417104081140512142e-04
3.916070096553149384e-04
2.667238198653228902e-04
3.727599702269359153e-04
5.558974298093007473e-04
1.152596326882200433e-03
3.380308139908270136e-03
3.988438470810360824e-04
6.090660403224660603e-03
9.272558168227256533e-04
4.710722009111959429e-04
5.195075418846534666e-04
3.822075730570112084e-04
8.498945465380875917e-04
4.640116143603060768e-04
7.356884794346682565e-04
9.146154913922553611e-04
1.328083477120826873e-03
4.212784644192419151e-04
8.139533093081467675e-04
8.190550819166300114e-04
9.374941996390049595e-04
9.068319662601947734e-04
6.259407495172325270e-04
5.121364706430864104e-04
3.829375569463081062e-04
1.135301622078931138e-03
3.984661863707660858e-04
6.960919141275169822e-04
3.605379561282683770e-04
9.899807532284445738e-04
4.481742930434749793e-04
7.043581752379136788e-04
1.239489680024871135e-03
5.337790194567566945e-04
4.985202122799206560e-04
7.398196195629887619e-04
7.762851428708652428e-04
5.570308212096643143e-04
1.160012365932065227e-03
7.491099408192193783e-04
7.716379784743073681e-04
1.552269744047728812e-03
2.629017026108428339e-03
6.515516919837872163e-04
1.723097631460021248e-03
1.667847530224884694e-03
7.112555215520335958e-04
5.416696991492885331e-04
1.087880261891936576e-03
6.587525948384483250e-04
3.427437305258310791e-04
9.244403376558616098e-04
3.988694002354433582e-04
4.811675034589406167e-04
2.068669812741780103e-03
1.095413744863693670e-03
4.451214430618974285e-04
6.713551696309917605e-04
1.618556831854413205e-03
5.142059414760377558e-04
2.132222640533404552e-03
2.469754881909654899e-03
2.987187294322547326e-04
1.103378681796716868e-03
3.307973989724641403e-04
1.150043383221579585e-03
2.579926080262336563e-04
3.174656669925861731e-04
1.071112667645909627e-03
8.070070976582582097e-04
9.225125052467758472e-04
7.020826259040228697e-04
8.028644883545858583e-04
1.879297896326938061e-03
3.776958657913430189e-04
2.486384643448673261e-04
3.464435517976825686e-04
4.302039452526561377e-04
5.531434141042173604e-04
1.468131746810723195e-03
1.760921269953280577e-03
1.350909622203617802e-03
2.645968375782607350e-04
6.083355980621308473e-04
6.458201711866754782e-04
1.371272541538295746e-03
6.271777006702663028e-04
6.074451515070509056e-04
5.670156287807835488e-04
1.191527955988668603e-03
2.938830488775227888e-04
5.311264303834305374e-04
2.800480886519408495e-04
3.625578656629309480e-03
6.662156799061830616e-04
5.156157131060247261e-04
4.301710490522259026e-04
5.869979689643905129e-04
5.193642535929281472e-04
1.119859257671933879e-03
1.247596573704175000e-03
5.559168346953337336e-04
5.206053715922096328e-04
4.570773054126592619e-04
6.785829115445973477e-04
5.538774497893329861e-04
1.593608472669788122e-03
3.217970906285000073e-04
5.818444888461895290e-04
7.834610305544770789e-04
9.531685169058568821e-04
1.100656913292888785e-03
2.633479330098340357e-04
1.195962234144884754e-03
6.090834421740779067e-04
7.795536923408668151e-04
1.763622921428823279e-03
2.523456984170964652e-03
9.257141237772548376e-04
6.927211826252893320e-04
2.377044366899022155e-04
5.214351439646805605e-04
1.161741008964428147e-03
2.521141603759224003e-04
2.717670609039100991e-03
5.626054923965688155e-04
4.093755166613382949e-04
1.141233067469878170e-03
1.298881249384083256e-03
6.974389698500716578e-04
1.890347297041914841e-03
1.436476443744714050e-03
7.397473549552079303e-04
5.515383923659330015e-04
5.162576128609814739e-04
4.226759292881811974e-04
5.246545319907535820e-04
6.465799807182551857e-04
5.134688194551854760e-03
7.499232483368383937e-04
1.604999073564033736e-03
8.085660577427230752e-04
5.957953568484517046e-04
1.114349659619667636e-03
7.050491503010083115e-04
4.455643271165860074e-04
1.089662347665613451e-03
6.716006300535375074e-04
1.403875157435726957e-03
9.532713002368942666e-04
9.812511683521191793e-04
6.954106483143225126e-04
7.730953410749308958e-04
7.333419971375006998e-04
5.626462802159812576e-04
4.538756402091827734e-04
6.078462841047433058e-04
5.151687222089366275e-04
2.428646253974595928e-04
3.038919592912886383e-04
1.639289548771609255e-03
3.247342826051122970e-04
6.285705054875575810e-04
3.544668415480885975e-04
4.825042635690911675e-04
3.365054268602900799e-04
6.311125978370219370e-04
5.157808657782641561e-04
3.953068268781654931e-04
1.700082910087007820e-03
9.041890157701266452e-04
1.294588297205970717e-03
4.870751366590841220e-04
5.272540491012246092e-04
4.275540874090914866e-04
1.100731617041094844e-03
3.836933383474168706e-04
1.252653594737726354e-03
3.321645905173464743e-04
1.124389069806934699e-03
4.509885195743371100e-03
9.141624719974071351e-04
3.732172903045844229e-04
4.634804516177925887e-04
3.955051606544828695e-04
5.380956422319021441e-04
1.917405665323105484e-03
5.237525787630570610e-04
1.662976845385275059e-03
6.787276759440600106e-04
8.548528414531770137e-04
5.245875428961676613e-04
5.116066267839748270e-04
2.473738587620289298e-03
1.684008532869094195e-03
8.485350829964758822e-04
7.068449975001217652e-04
3.998495550547994585e-04
2.355769754153509352e-03
4.565237787143558760e-04
3.480206764730520998e-04
4.548094385968025149e-04
1.527402863088525098e-03
4.318361992971827103e-04
1.109839091516649128e-03
9.237000552598428806e-04
1.445086541354590002e-03
1.028094718810151822e-03
1.507972106001875898e-03
6.678120336512262780e-04
8.782459547858629395e-04
5.186610454442746590e-04
6.544091208241160137e-04
4.006148470893979366e-03
5.192300811324578221e-04
7.731597613741582071e-04
7.075801926567904486e-04
2.668255337397305209e-04
4.705639452472792808e-04
8.268358227288612151e-04
4.223069354845888326e-04
7.933186016717480105e-04
2.983492982591468175e-04
4.474001719273673953e-04
1.296991259484541652e-03
1.035900354057951332e-03
7.386727754946396463e-04
7.993944747432846524e-04
4.768622825659251285e-04
4.841690884908104965e-04
2.774103299807327496e-04
3.839817075754920492e-04
5.980255722311115293e-04
8.540381758445526753e-04
4.238932812779097658e-04
2.390624327404829424e-03
1.406431708934919970e-03
1.065539713925978561e-03
9.095544674510372147e-04
9.308458751775693270e-04
2.579563320873501375e-03
3.415318636976411373e-04
9.075971066543933293e-04
5.475105098645451909e-04
7.239001026720028216e-04
5.598761488944613805e-04
7.026761991483751512e-04
7.163216647217886951e-04
3.378950757048891922e-04
1.450120140844437296e-03
4.451357040015860712e-04
4.569208196708760775e-04
6.754168405429250566e-03
8.321769398177997646e-04
4.555415438701562758e-04
1.227818061286486398e-03
5.228712729067404481e-04
4.874480329168715659e-04
5.062797982254093774e-04
5.295338091708674637e-04
6.240392905309664244e-04
4.045279388669143460e-04
8.172596258124952256e-04
3.943271851200125071e-04
4.634804516177925887e-04
6.528575947723935140e-04
5.036152191374812818e-04
1.371831938887614578e-03
3.503747958898431017e-04
7.402086900012580734e-04
4.036030494530348117e-04
5.245875428961676613e-04
5.293986917200716727e-04
5.371730721802365615e-04
7.206936048131706895e-04
7.908034868832863711e-04
1.949957999179165397e-03
4.980283740830096549e-04
7.290061721979588334e-04
4.268192944681607325e-04
1.186004500405616518e-03
1.734484928829059134e-03
8.462829893565743805e-04
5.314501062729019799e-04
2.145856898438043819e-03
8.278396979501597168e-04
6.040597811414853691e-04
6.311125978370219370e-04
1.654002093261050478e-03
1.002003178602865145e-03
1.215164545730911330e-03
6.031971354408253083e-04
4.956601185651259055e-04
1.930324612876818929e-03
1.007389063841331771e-03
1.717533854916656168e-03
8.122442781774054247e-04
4.505370835006335855e-04
2.388292968957708262e-04
4.620511501870569080e-04
2.323942530705875795e-03
4.186965404353121473e-04
9.685153511247825489e-04
1.113319514872527409e-03
1.006170366771279171e-03
5.470023576652488636e-04
1.172655571929631354e-03
5.344484113889432864e-04
3.167989974174794721e-04
3.283901668874780852e-04
2.013855241909909364e-03
8.648335232473036314e-04
3.719683706355139848e-03
4.870020149567785427e-04
2.570413390362121658e-03
5.608698814840362354e-04
6.477252624888131657e-04
1.083133454431536250e-03
4.321075214080454170e-04
2.692302164910708069e-04
9.326716680517455841e-04
4.928233172518551924e-04
8.758163570217950130e-04
1.174057617161886969e-03
4.880870096410321176e-04
2.401179132271300714e-04
1.486441967806543260e-03
7.866925148133370026e-04
3.431687989812027368e-04
2.521539924959525255e-04
5.696041654437877149e-04
9.477770768870813533e-04
7.536450145633309542e-04
4.333452099579441163e-04
2.130612817130136168e-03
7.463164351446546991e-04
4.306065280227302388e-04
6.392632717632984376e-04
5.040694247911317420e-04
7.684199935145728062e-04
5.273306980412369085e-04
4.599726340084837406e-04
1.218298024230218563e-03
8.903647853018694736e-04
9.041254386654785967e-04
7.642515748697763190e-04
7.811345824282008889e-04
9.930012638777708459e-04
5.589071954493591513e-04
3.916070096553149384e-04
1.135011551311079694e-03
2.718418245293200797e-04
5.719436394152540301e-04
1.361596907877485937e-03
1.054032396338878920e-03
5.183769563562336518e-04
3.676174275889942554e-04
2.366011093368085890e-04
7.472895268612031504e-04
5.431384779609465131e-04
9.908274917392427550e-03
2.108194988502399159e-03
9.657606053407360568e-04
3.852498250246509160e-04
4.619764115758318566e-04
3.867104687121725518e-04
6.438560698631860335e-04
8.563428741751893296e-04
7.225185589931462692e-04
8.196020560244250122e-04
1.427922324309930128e-03
3.108917583931828234e-04
3.676129553373460863e-04
3.776709239905179762e-04
3.772066775549057834e-04
3.973522368223394757e-04
4.473850626467067919e-04
3.180682865355977844e-04
4.851447572614894246e-04
6.368306380512573500e-04
2.633087739065922061e-04
6.259407495172325270e-04
5.259493141692941518e-04
7.865770404580750422e-04
5.302253396420311335e-04
2.077553110226389426e-03
8.169940120118744913e-04
6.981764069685534799e-04
4.490756500812776060e-04
6.262053526563237521e-04
2.421754812395662544e-04
2.132112973739053174e-03
4.893533099784254034e-04
8.800291787755340359e-04
2.063402625193715579e-03
3.758759723229085641e-04
3.319655440825531917e-04
1.254178045554483686e-03
3.265267800117192744e-04
9.804565984880817854e-04
1.421808395773946701e-03
1.067258338988171700e-03
3.991534870897982777e-03
9.772048049897369415e-04
4.987554591167283908e-04
4.960048896636629198e-04
8.712788214305556981e-04
8.779972210765640004e-04
8.302082529973009830e-04
1.760921269953280577e-03
2.638261830639919425e-02
3.129063890299185790e-04
4.688491530185748312e-04
5.598761488944613805e-04
2.438133430407009392e-04
4.050325299534600701e-04
2.977901939695176735e-04
4.337157503273069499e-04
1.257303178947530168e-03
2.561487071667117432e-03
1.433889546183202872e-03
3.370490967613465664e-04
1.495805406117617408e-03
1.100656913292888785e-03
3.508797551385273508e-04
1.048466026599851946e-03
5.243990742904518741e-04
5.262129596577735718e-04
3.091521687611098880e-04
1.988468230030262813e-03
2.159054251691357521e-03
1.171547841051125876e-03
1.420989763167797943e-03
3.118652940165488291e-04
6.630481110668583590e-04
1.190842510799154175e-03
4.097872461934186773e-04
5.702239945853459580e-04
3.459515309819150616e-04
5.107801444861763450e-04
4.564799215893350424e-04
7.939935429275098069e-04
7.416158090357100009e-04
4.146681510020366369e-03
4.188416144783652009e-04
6.090660403224660603e-03
3.599628077759704824e-04
5.711531229677371466e-04
6.110572604209047040e-04
1.066661611038090349e-03
1.899387634881460549e-03
6.682403058318267270e-04
6.919584025097503610e-04
5.766210226631828884e-04
8.052507132594567902e-04
6.281546553793469463e-04
1.081960138563408660e-03
1.336521236534418591e-03
3.080037504385430111e-04
9.532713002368942666e-04
6.474608119783469571e-04
2.028157074296033839e-04
7.776046160882687163e-04
4.370646349887262884e-04
3.613719781714192229e-04
6.192331881801196652e-04
4.226759292881811974e-04
6.684705664148939391e-04
9.660602484186923966e-03
1.005961009825690486e-03
4.149876918185319485e-04
8.185564489901444489e-04
5.582893350583538992e-04
4.342104105366301680e-04
2.472841013982533592e-04
4.226492668688468408e-03
2.978681076417682354e-04
3.523053742266387951e-04
9.410520250515848860e-04
2.388788448455032745e-04
4.274730050051429929e-04
4.192971648319504508e-04
7.051731228489182320e-04
2.548634936863824942e-04
2.046714572640989573e-03
5.741195613485066285e-04
1.164453023535051051e-03
5.034898912913654502e-04
5.953999418233081814e-04
4.433738435274090536e-04
3.477591328461002791e-04
1.651375847206356783e-03
8.438018055274302751e-04
1.149405390624185820e-03
2.118556946446132142e-03
1.347576220742861559e-03
1.106343500575095781e-03
1.787864706757741210e-03
1.142171090640672904e-03
9.175868273999578670e-04
5.749376001709869928e-04
7.980429156884877090e-04
2.536588895929535849e-04
7.254503690649613057e-04
7.479929672466129401e-04
5.705637378734243134e-04
3.302343866654089432e-04
8.521373599189772073e-04
9.572666387684683692e-04
1.721630043188352452e-03
4.571811530498367734e-04
1.887379812923202721e-03
1.525438367998431695e-03
7.020826259040228697e-04
4.181098136323821760e-04
1.898829617533829292e-04
7.025934842078980069e-04
9.894195597472648773e-04
9.908274917392427550e-03
5.271927633960077613e-04
5.489498871325845884e-04
8.684486562106615102e-04
5.217430666662001976e-04
3.287039812375922238e-04
3.051325965110510087e-04
1.538872059153522298e-03
1.222216615254587005e-03
5.657687429899975647e-04
5.204363706393883102e-04
6.142995618934593951e-04
3.353370022320239781e-04
8.081636511145034400e-04
6.918015582421591222e-04
9.254287909083134004e-04
1.493353843503489927e-03
1.077553772707323014e-03
3.122560154111581488e-04
4.733418626104287860e-04
5.633345625682175664e-04
1.147979585118397020e-03
3.451975778154154099e-04
1.034430447098563495e-03
7.559035022947909821e-04
1.140207475541181155e-03
4.275998639880575539e-04
7.219962650526235435e-04
9.783348250921137471e-04
4.501848596816823526e-04
5.244482796604670429e-04
1.284363131039906744e-03
1.015225249604251355e-03
2.777787752275523003e-04
5.872126386845256648e-04
2.541247375439266432e-04
1.328083477120826873e-03
2.659546696558712231e-04
9.109068155689161762e-04
1.102884837261118231e-03
3.928833773400613365e-04
6.106954363250306512e-04
5.191178649483246983e-04
8.300952239442327190e-04
1.102304757583847999e-03
1.186222459727293791e-03
6.090660403224660603e-03
4.922381429843000582e-04
5.660827557183235100e-04
6.064314168104871072e-04
4.223069354845888326e-04
3.617120686942867317e-04
4.145602542173038529e-04
2.933808078251379865e-04
7.064229954366123450e-03
9.055536076085083427e-04
2.039156270898517408e-04
3.596251110866859383e-04
4.072605647207981194e-04
2.868611975249109845e-03
8.002368411522950203e-04
1.036298145774369305e-03
2.848060953823587193e-04
3.050550934385006831e-04
7.809700743124716208e-04
5.751907955117619873e-04
2.657774886585941932e-04
1.355600359728315702e-03
4.807751361841724634e-04
5.246344777626752928e-04
1.230929095187859729e-03
9.297619061945884208e-04
7.288699723405418947e-04
3.493654372167638513e-04
7.378166228584037136e-04
5.580169842075089403e-04
3.653977877647071972e-04
8.953237648610805647e-04
4.086617101374925344e-04
5.710147175075821081e-04
8.136722595118526385e-04
1.266973755992696626e-03
5.904095344573498686e-04
6.603607604596529578e-04
7.281028442365160931e-04
3.717381133624008305e-04
3.736290626682299120e-03
3.059021802963438671e-04
5.047396793529203068e-04
6.865327471502715622e-04
7.425772667967958261e-04
8.839132265610591442e-04
5.817946607840516690e-04
1.464306681297153096e-03
7.433795393622480733e-04
5.489498871325845884e-04
3.052762604157984588e-04
2.166920378515515503e-03
8.193024820385474754e-04
4.565237787143558760e-04
6.294291361639251133e-04
1.445086541354590002e-03
7.728309981111302707e-04
1.077903337315135740e-03
9.134630728396375687e-03
1.081960138563408660e-03
3.892281461929239582e-04
4.116530407620876044e-04
3.986986914098182436e-04
1.330641559493627238e-03
5.303236653093638866e-04
6.393740743647079216e-04
8.886241046843554444e-04
6.446929669758706726e-04
1.299221957037349036e-03
5.319313652755461655e-04
3.287608973380321572e-04
5.225790196959262173e-04
4.841690884908104965e-04
1.601724079368792644e-02
9.331323078273766900e-04
1.666884764703579005e-02
6.197932053915157459e-04
6.528575947723935140e-04
6.656290157933844424e-04
1.160681182016646325e-03
7.060124896726553993e-04
2.719169373241006366e-04
7.200153702422831857e-04
3.319931096405954758e-04
1.147834106635521947e-03
4.070325428922941507e-04
4.603786481167518926e-04
1.452948125002340640e-03
1.180265292820783683e-03
1.567295639861228471e-03
4.742021346354316665e-04
7.252779440270164723e-04
5.555340895894464275e-04
1.476829381244292678e-03
7.349226173283098310e-04
2.132222640533404552e-03
3.434405428835300461e-04
1.535730429339740750e-03
2.852161748402040294e-04
8.062455714595750033e-04
4.535303855309157886e-04
3.345915807711092867e-04
5.243990742904518741e-04
5.901472174204403344e-04
5.404273846201303492e-04
6.478961071895636675e-04
4.666078115351826551e-04
1.407652441375037335e-03
6.783282191250313399e-04
3.753282044742239573e-03
1.504635320486677821e-03
3.596749297738275220e-04
5.705744598750861615e-04
3.571693422825647675e-04
6.300440100276483765e-04
8.179425516836708564e-04
6.408507140637511538e-04
6.972952771558538340e-04
4.741398523064933347e-03
3.603015897062120760e-04
3.670179608406719729e-04
4.461886889380709573e-04
4.540301444681451985e-04
7.239711448009789442e-04
3.135501429137355599e-03
4.260149054853852439e-04
1.557611738984729507e-03
9.068319662601947734e-04
1.331565688259066758e-03
5.209778371399622189e-04
7.050491503010083115e-04
3.167009304118645775e-03
6.078462841047433058e-04
7.552722848628932312e-04
2.697025432404334590e-04
3.515634988275434481e-04
4.940931520562507565e-04
5.420747959356017436e-04
6.242990702908705978e-04
1.491636247807814376e-03
4.710838992046702126e-04
9.689629547006215881e-04
6.211168471448661995e-04
1.550142179327277216e-03
4.250140542759860834e-04
3.330390275164577885e-04
7.784145766130001363e-04
