1.456949135209706413e-03
7.829193589273791137e-03
3.564649496329209966e-03
7.933377071676407134e-04
1.132883128632429038e-03
2.508786254185760376e-04
4.381485904294014086e-04
5.857592514922297516e-04
1.627532367864076551e-03
4.293823850395389521e-04
6.488763203479482001e-04
3.206596181181519257e-04
4.323472630560496258e-04
3.476821856498899205e-04
2.317438211100596049e-04
1.412263796009621255e-03
6.973393979600806328e-04
9.639153986008971650e-04
1.289228535126297993e-03
3.065896619859186253e-04
3.086619852282497913e-04
7.829193589273791137e-03
1.008995312662280125e-03
4.199865445774234258e-04
4.045937869178702962e-04
1.706810352645220707e-04
6.233469417906208499e-04
4.409774261130106564e-04
1.568118152980401206e-03
8.429757171219886755e-04
2.056355209591249466e-03
3.334803213820293185e-04
1.107693979901070748e-03
6.668935701629141689e-04
6.425315786957004139e-04
4.847851201424739328e-04
4.997272090460008276e-04
1.098586314298709374e-03
5.828982288336265151e-04
3.609690949293180339e-04
5.663891031031532269e-04
2.802265322177555540e-04
4.584123124905702053e-04
3.059409836107428648e-04
8.436771551958133740e-04
4.161425509687593192e-04
5.724238115108436220e-04
4.915528597200015956e-04
3.994521017006632548e-04
3.477327311787338352e-04
7.291776699651496708e-04
1.047083793063885047e-04
9.686283206667499045e-04
4.076749309874949006e-04
5.559783727847732605e-04
8.308481657583412412e-05
1.063404384707307675e-03
9.122266178676553990e-04
5.447727377262910880e-04
1.838945872219955690e-04
3.492517040633232343e-04
6.252636751652401563e-04
4.459872087921651004e-04
5.970368884961037379e-04
7.212340591881076079e-04
2.860421245915100385e-04
5.873444563647712289e-04
1.005681440673326411e-03
5.497079013118962932e-04
3.649919381499755673e-04
5.519090261575060156e-04
4.542524264985661059e-04
7.378597940588546913e-04
3.153883243425017243e-03
1.047083793063885047e-04
8.308481657583412412e-05
4.364517378245830865e-04
6.822232376251398649e-04
1.599923451356493850e-04
2.237800637364375437e-04
2.888919218588653355e-04
6.344210426364547267e-04
7.263319660875142223e-04
6.245311601685643935e-03
5.705405421861316261e-04
4.745839057668721430e-04
1.470167787785456965e-03
3.820474239683607407e-04
9.821952567123353600e-04
2.797332058715009447e-04
3.695529912692454406e-04
2.194157754887121527e-03
4.241954864986064149e-04
3.043977881095840830e-04
9.424250215147663041e-04
1.414062419973589110e-03
2.476106646719522931e-04
4.541382590595920642e-04
4.652990003250501725e-04
4.195277952989622081e-04
9.316719206115927276e-04
4.728003578131794761e-03
5.478205481652678125e-04
4.145629232728118745e-04
4.129111719513022818e-04
4.138977055349658297e-04
1.043486716653806547e-03
4.746505750427190262e-04
5.276253041596417996e-04
3.062178805169576013e-03
1.328954669432953978e-03
1.117786421548341109e-03
6.094535861904925569e-04
4.883069798247071389e-04
1.047083793063885047e-04
1.259439553829258063e-03
3.558572228555903776e-04
1.027407150041636814e-03
6.288773900306971008e-04
8.817220406230982408e-04
9.260720406366856460e-04
7.222262343464571363e-04
8.965256427812985781e-04
3.359619416416020584e-04
4.390144623224341287e-04
4.017867410615983759e-04
8.308481657583412412e-05
4.715731335807868733e-04
1.019647780290851942e-03
6.386274248860358696e-04
5.825612857915683567e-04
2.004487734308148521e-04
6.087413854891918826e-04
5.914173067564549875e-04
5.561477370892653829e-04
6.756266991961462111e-04
8.308481657583412412e-05
3.436906734241027884e-04
6.792432530848493575e-04
6.113309561557927693e-04
7.829193589273791137e-03
1.432520248416320236e-04
1.741226074637110851e-04
7.140881523635537239e-04
6.298539695921965588e-04
6.551105627653278085e-04
1.036512734091032603e-03
2.648519852334329529e-04
1.455234251217434136e-03
6.739517206203818334e-04
8.279089747232062577e-04
3.803399641817430100e-04
3.273630558075561704e-04
1.485712742265353275e-03
8.500604705678960942e-04
6.833943685258871440e-04
4.373639251998630317e-04
8.308481657583412412e-05
1.168071353408340479e-03
2.823216579297555809e-04
6.078116277751943351e-04
2.752121076825043999e-04
1.523894321317890944e-03
1.250820759891491888e-03
4.192736998486799394e-04
5.378584906394123441e-04
8.308481657583412412e-05
4.381485904294014086e-04
4.221552866448916464e-04
7.318782870826122822e-04
4.771051985536498875e-04
1.226494442755588984e-03
4.368332134220895410e-04
1.463775449178689311e-03
1.395738975322266410e-03
8.579070352510928272e-04
3.588031963935493698e-03
5.364812716918096773e-04
7.256300473789520020e-04
2.738312644909405300e-04
8.639997637259296719e-04
8.722126900997311883e-04
6.669860829204474727e-04
8.440243975975272438e-04
9.546512943763794381e-04
7.974959921455319163e-04
2.458188991541384303e-04
3.153883243425017243e-03
1.184929434971423393e-03
2.668515720995337862e-04
2.872169770266311175e-04
1.068879050888833738e-03
1.556764935918494375e-03
4.983718900633451326e-04
7.859480272226482527e-04
3.668273467387593578e-04
8.523836278197583806e-04
9.851499855595062353e-04
7.902901010452225610e-04
2.780267973170374475e-03
6.284428790758565938e-04
8.508379063924756272e-04
4.792266313890972238e-04
4.298167028284770232e-04
1.313133385417488688e-03
1.218194954678617327e-03
6.252449250969026795e-04
7.903186958695238191e-04
4.126096908020188115e-04
4.429913649493601754e-04
2.627669418744952787e-04
2.438067630561090680e-03
4.573916794971847276e-04
5.023882154198190154e-04
7.697962398723939750e-04
5.882071084608303654e-04
1.047083793063885047e-04
4.853366872716460638e-04
9.695880108560795589e-04
4.898070704798198781e-04
1.727285420093430644e-04
7.542728873068255124e-04
4.103563970042965834e-04
4.879501856531100342e-04
4.185627798901533068e-04
4.291848270676652116e-04
1.150167857285049056e-03
7.744037944026887100e-04
4.211300165506000033e-04
3.334671390096499255e-04
7.829193589273791137e-03
4.427407790906380926e-04
5.875538177385497161e-04
4.670419159409385629e-04
6.425153198159262074e-04
6.287506896678370224e-04
1.208350175253978176e-03
9.327618642547278382e-04
4.939887297039942783e-04
1.189337939877261062e-04
3.087897303875364362e-04
7.393037618362984387e-04
8.240296362893501959e-04
7.829193589273791137e-03
2.342812015550946108e-04
7.218787260000758283e-04
4.541382590595920642e-04
7.647670012486585843e-04
4.929912102081002992e-04
2.262478708834753972e-03
8.892397160953190030e-04
3.026301787092560737e-04
1.584116209289762383e-03
4.092702996438767581e-04
1.721565726557533742e-03
1.984055408909141550e-03
2.963409452095920995e-04
2.684488524867748721e-04
2.864573684461599735e-04
1.215092718821445157e-03
3.916003152648293026e-04
4.577493273023678505e-04
3.118416418166929300e-04
2.657602541397602650e-04
7.223440476462682051e-04
4.877200570620085192e-04
3.362360711106649478e-04
8.577881899731096792e-04
6.082721286806749275e-04
3.710399091680184678e-04
2.437389337770324172e-03
4.099228696429065249e-04
4.276925413816723182e-04
3.685841055523420744e-04
1.047083793063885047e-04
6.426249566660421257e-04
5.006737496832700885e-04
5.421682964621064816e-04
8.308481657583412412e-05
6.390819344147037097e-04
7.829193589273791137e-03
4.957540052001488482e-04
9.132127797048755855e-04
5.611037269373064362e-04
1.353913348002751824e-03
3.839742355842981430e-04
1.203348395188922736e-03
5.050848584157189777e-04
2.256760866135487837e-04
8.308481657583412412e-05
5.233643899831337976e-04
5.558049706441944892e-04
9.728827022177777414e-04
7.892566392427420802e-04
5.843338951550930936e-04
6.181321284220319843e-04
2.508786254185760376e-04
4.480160378949007332e-04
1.047083793063885047e-04
8.308481657583412412e-05
4.991681726897223602e-04
1.455296310771491677e-03
1.144614399937544415e-03
4.490166596952155538e-04
1.047083793063885047e-04
5.273565120239067641e-04
9.760352911595624858e-04
8.308481657583412412e-05
3.679133347914411920e-04
3.047520975870498627e-04
5.954524055837794559e-04
9.719665938776299047e-04
2.857774482088597007e-04
1.131248108012571389e-03
9.660258898065008553e-04
3.727167357228296511e-04
4.454080601146036180e-04
4.648381443600233085e-04
1.006371669934672019e-03
7.057992980183701911e-04
6.109425986831919491e-04
3.044293732884403012e-04
1.047083793063885047e-04
4.469641689922306351e-04
7.223440476462682051e-04
4.902149403721693405e-04
1.043152576058454725e-03
7.740452462961900466e-04
9.725652842246726567e-04
7.079011461210901572e-03
7.192813411146594142e-04
7.829193589273791137e-03
4.758687263310771025e-04
6.041532509125660750e-04
8.690160668497355070e-04
1.012015975370882158e-03
1.047083793063885047e-04
5.964687135485025743e-04
6.575223526553760495e-04
6.123139474624398476e-04
4.671306449543561517e-04
3.173345795380191447e-04
6.669860829204474727e-04
4.291177513133909139e-04
7.543132386454614105e-04
5.772335077821729929e-04
1.293016389443388909e-03
4.877200570620085192e-04
4.065419837027900787e-04
1.107144468751901671e-03
7.829193589273791137e-03
6.385135883990972986e-04
1.117151836569596620e-03
4.662628071185460996e-04
8.149211016359469723e-04
4.428964709630315091e-04
6.082612279055674880e-04
1.521265635758299248e-03
3.469392006945101032e-04
8.567113909174633481e-04
1.053127249552732051e-03
2.612771777901207594e-04
4.091836531706693819e-04
8.915676715386151993e-04
6.405951620305918399e-04
6.313656827571644415e-04
1.140174139822153297e-03
6.485384153858972725e-04
1.189337939877261062e-04
3.879127944759381847e-04
8.499602888251170081e-04
2.006252853967200212e-04
2.861134184655965418e-03
3.751590983358861096e-04
4.852789112811697306e-04
5.240887061766068018e-04
1.047083793063885047e-04
6.887818780263000673e-04
5.867114814315295846e-04
4.856290158645173364e-04
2.940162815332880816e-04
3.263905031203439134e-04
3.060363499013691994e-04
4.942717971037426149e-04
4.272996216444479027e-04
3.471975522042948124e-04
8.308481657583412412e-05
1.634662030213681326e-04
8.708325991027649968e-04
4.614390469371062314e-04
6.260422328660382408e-04
4.894102863566774297e-04
2.699278364715663211e-04
5.636483879346334538e-04
5.906318586721901994e-04
1.259582785926313588e-03
2.837313638753727698e-04
2.908856292606325374e-04
4.473671081072110099e-04
4.175835474999537562e-04
4.141403030666013989e-04
3.864552622389390182e-04
5.447891305075191299e-04
5.285685101251317913e-04
4.755901614374784757e-04
7.823696206135282230e-04
1.078024856319878631e-03
8.841956821622160923e-04
6.224306723089683595e-04
6.358181856040463634e-04
4.754404352619435547e-04
6.324301749397634280e-04
7.534297875527953435e-04
5.465014884871441988e-04
4.975157533694696960e-04
3.190567341911467510e-04
8.171436390629821045e-04
5.082716548894624558e-04
7.393641975072146348e-04
6.634729150305182814e-04
7.829193589273791137e-03
4.099228696429065249e-04
2.804864189350873317e-03
2.594629539975464505e-04
4.219957622134877886e-04
2.904504883425557235e-04
3.061064640721433976e-04
4.550032549328889746e-04
1.047083793063885047e-04
4.174331505975126364e-04
3.284983725123038112e-04
2.939687982551565573e-04
1.047083793063885047e-04
9.775045778742112897e-04
9.253265602082695000e-04
2.345984399270378655e-04
6.280957728161041436e-04
5.938831216029554806e-04
5.497445297414479872e-04
4.619055436192533214e-04
1.908117446774624431e-03
7.765549132217296202e-04
2.598266597928508364e-04
4.029207207160917037e-04
1.047083793063885047e-04
8.508242173624374271e-04
2.778802252226351271e-04
5.216109046802246563e-04
5.555248858862465782e-04
9.149320697894605886e-04
1.024928815727581440e-03
5.047762179253951435e-04
5.655344037659699010e-04
1.194365330705878230e-03
7.208797809426355447e-04
2.473808188795143339e-04
8.548969116849911270e-04
5.703582358587097091e-04
4.941949633869911589e-04
9.873339284703162161e-04
5.281939173962111244e-04
6.992068753746376450e-04
1.241692437251633524e-03
7.756240060501380781e-04
4.159876068259265171e-04
7.011920182651635832e-04
4.040299865153129926e-04
2.908430098401290306e-04
6.540331477990823711e-04
8.381536656132867200e-04
1.563080699640655418e-03
6.239999218444494894e-04
4.479831568535275589e-04
5.220852520311210568e-04
5.626849960014961580e-04
3.964701196439904111e-04
1.065688392524901437e-03
5.054090517489305111e-04
1.047083793063885047e-04
4.164828975872725486e-04
3.941197139229516387e-04
7.182040461211029866e-04
1.047083793063885047e-04
3.601515505883356267e-04
1.470167787785456965e-03
6.280957728161041436e-04
6.974123105294953570e-04
9.928100584122099680e-04
1.825131303269266056e-03
2.694814658936696677e-03
4.063035264213117094e-04
5.144594214719421877e-04
5.080146676424113997e-04
3.989922623522743766e-04
8.308481657583412412e-05
1.167470341041953455e-03
4.149595726569576702e-04
1.879659348899414563e-04
4.661963185673732120e-04
4.454969868274876506e-04
1.038801034988340354e-03
7.829193589273791137e-03
3.946400168536294160e-04
7.874981151527212083e-04
3.186007253303828790e-04
1.714274454534047993e-03
3.953504185335405489e-04
7.685731294347713204e-04
2.846756047367424202e-04
3.785391332526568493e-04
5.342107073659542460e-04
7.829193589273791137e-03
5.131646914402446680e-04
1.892154484218256261e-03
6.321055035885471581e-04
2.336985807653618383e-04
1.195772619871335145e-03
1.747788440343443035e-03
4.827848190237973955e-04
1.824303988124610643e-02
8.062993605458221606e-04
6.860446542339854745e-04
4.104964176225158281e-04
3.872409199617422144e-04
1.714274454534047993e-03
4.173456714828476877e-04
5.210108835946643691e-04
1.071246799260348751e-03
5.382485746302512197e-04
7.349423004100922403e-04
7.002530694232984550e-04
6.714667511170839065e-04
1.497241779405138369e-03
6.018052910388507499e-04
1.035461213726194618e-03
8.308481657583412412e-05
4.881388669640811945e-04
2.513898636269468949e-04
2.611741408407706089e-04
1.521265635758299248e-03
4.817306641877101858e-04
6.999855367029642712e-04
7.007147437932809402e-04
4.266422718296467085e-04
6.166615630557751920e-04
1.049142470386684118e-03
8.308481657583412412e-05
5.625107906370527960e-03
8.432733428709638952e-04
4.284434060896576135e-03
4.824234824853132573e-04
9.975785106193673681e-04
2.957013109290234612e-04
7.522631600263046843e-04
5.460196390729615606e-04
9.749740759226477056e-04
3.413285205220383499e-04
7.009727734387853583e-04
3.613295213996420177e-04
3.377759512356931981e-04
7.829193589273791137e-03
4.733033121299647832e-04
3.623454809010049184e-04
4.409774261130106564e-04
3.012367551070179025e-04
3.541133152142846084e-04
5.167412404474909429e-04
6.926754996219073408e-04
3.363945268979060075e-04
6.862063823484038831e-04
1.030980538131941052e-03
3.806198544040465459e-04
9.215937524070191324e-04
1.047083793063885047e-04
3.346966548116960178e-04
9.563268048865388934e-04
5.622686921134568147e-04
1.428118750447073763e-03
1.039771853366097936e-03
5.762700070805424615e-04
7.829193589273791137e-03
9.515436380905528419e-04
4.948029335006758718e-04
8.547726722291736469e-04
1.047083793063885047e-04
3.793517404511968782e-04
4.533616663041409290e-04
1.735900860446631445e-04
1.017496295031471154e-03
9.164456367301763952e-04
5.409762057040290928e-04
5.890311139648918368e-04
2.672000591497313807e-04
5.649130251673679763e-04
8.308481657583412412e-05
5.454654109476133640e-04
1.145717558810699843e-03
7.703974034935353807e-04
7.095875518127366935e-04
4.998550875349420811e-04
4.827694274874923708e-04
3.827862479162382424e-04
1.047083793063885047e-04
6.607367808160262944e-04
3.241562195660330301e-04
9.852352273532292287e-04
6.921161067240340142e-04
7.735601204103290194e-04
4.720377320548670499e-04
7.665005777696640718e-04
5.685112403814698888e-04
3.576172375196581452e-04
1.047083793063885047e-04
1.131654550629330926e-03
8.308481657583412412e-05
5.015425328891019892e-04
3.315378584132736982e-04
7.341013149000938723e-04
1.544593942382474928e-03
5.581137713544780674e-04
6.755244655801755874e-04
7.829193589273791137e-03
7.476195448135867540e-04
4.080735899514439870e-04
6.642409777315009829e-04
1.682443781721499427e-03
4.839461069628086913e-04
5.273565120239067641e-04
2.770909964406410094e-04
1.133699576185187401e-03
7.829193589273791137e-03
3.473118947640689851e-04
6.206119040635467606e-04
7.735343003515262944e-04
1.715505755189072282e-03
7.526566104696895410e-04
2.780267973170374475e-03
3.857128754726128848e-04
6.553538895715051204e-04
5.429436582836793526e-04
3.748271680894237762e-04
5.894456647488244185e-04
1.396464033533756539e-03
1.682443781721499427e-03
8.431267994932936487e-04
8.530810595330726989e-04
1.044937387602071005e-03
9.867182252424884330e-04
2.460458425659590802e-04
4.795114032882090449e-04
1.636715773799064496e-03
2.546670779000145650e-03
4.094127887871149463e-04
2.972083236111101520e-03
5.336526692196901000e-04
5.429569856003503949e-04
4.844481620102395955e-04
4.918834090620799243e-04
5.917668267872817304e-04
5.162902988818539231e-04
7.829193589273791137e-03
4.853008413365936875e-04
2.056590513126189664e-04
8.308481657583412412e-05
2.039571559837784643e-03
5.549535215434143152e-04
3.390464885003353305e-03
1.681734842893867167e-03
4.713042692494572288e-04
2.546310848126280123e-04
4.757490221318991523e-04
5.342490778560873409e-04
3.786289338594357387e-04
5.912632363636421669e-04
1.192437591617572824e-03
8.696688931117935954e-04
7.558436439604355062e-04
2.865511469166912299e-04
1.227466189829240191e-03
1.503009691994835215e-04
3.162302653295010727e-04
9.652740393204682287e-04
1.239520386660412921e-03
7.020851518983379537e-04
7.155277695632888350e-04
1.019328478794636868e-03
3.393920787828484556e-04
2.581351754118412422e-04
8.946263502769430127e-04
4.495309977882727551e-04
1.017294488174802633e-03
3.921194476716439135e-04
3.827862479162382424e-04
5.250238566396429061e-04
1.047083793063885047e-04
4.299916649747820090e-04
3.378063306878972697e-04
4.649798106128016223e-04
1.431701557580318789e-03
4.878086563744308841e-04
7.829193589273791137e-03
5.470472750108765344e-04
3.091352525134113613e-03
6.051546376201697710e-04
1.047083793063885047e-04
3.584029585819735789e-04
4.469403015902188902e-04
4.693622910747599674e-04
6.850003857912124062e-04
8.308481657583412412e-05
4.368907434140955281e-04
5.486586028570634684e-04
3.612840289216233619e-04
4.752183480780845467e-04
1.825954578155535024e-04
3.790930763086203356e-04
4.769697363810857676e-04
4.986308722789244531e-04
1.305342014968580329e-03
6.553438010374547547e-04
7.829193589273791137e-03
8.441059569972457141e-04
4.436089859754907181e-04
3.833894798993771661e-04
6.926179005666050935e-04
4.149562837040334808e-04
4.122588799647928549e-04
1.342436254813492158e-03
5.904690830154231363e-04
1.103852545540645212e-03
4.155317036049177809e-04
2.679439035344282445e-04
3.865901156269631604e-04
1.345730968318529803e-03
1.640770738642309697e-04
1.885949705878023396e-03
3.842368466621890193e-04
4.891949075010202730e-04
1.676268886645180525e-03
4.257382189549401875e-03
1.636715773799064496e-03
7.829193589273791137e-03
3.241791874876389810e-04
3.198993107171289006e-04
3.187551825369501751e-04
3.193789217570669318e-04
5.686614649758177592e-04
7.166139267392304451e-04
2.173675539727202026e-04
5.322253807378742735e-04
9.784744203063004079e-04
7.829193589273791137e-03
5.043362069413379577e-04
2.234403701214999951e-03
5.806782487408492606e-04
2.443617617837893293e-04
1.001619379318948464e-03
6.344099671975525750e-04
2.897012927378848869e-04
2.285217878806221348e-03
7.598423625098745969e-04
1.036801076273654231e-03
2.803417304418187161e-04
1.130544450366858383e-02
5.907912027362219234e-04
1.152262538036758627e-03
7.083083986322893369e-04
8.308481657583412412e-05
2.732408240134968740e-04
4.068396198717544971e-04
9.014553271113739117e-04
4.537525014812661558e-04
3.125621600555064531e-04
3.706109653513698634e-04
1.080926540152891665e-03
1.564718581463935042e-03
1.034642909040001373e-03
4.613454741910307834e-04
1.047083793063885047e-04
9.565373929430080269e-04
7.829193589273791137e-03
7.874981151527212083e-04
8.062993605458221606e-04
9.633125123405479389e-04
5.954161127214451128e-04
5.504285189424229377e-04
4.454253990789978196e-04
3.766357778578964771e-04
4.309253298916388797e-04
3.042029067704587943e-04
2.902852508182279388e-04
1.682443781721499427e-03
4.129111719513022818e-04
7.109570303505956430e-04
4.613454741910307834e-04
9.834859508672838709e-04
4.751825675904668058e-04
1.826268790461510515e-04
7.147703529560870891e-04
1.094424867534361931e-03
3.681435297831078205e-04
4.340190607567658357e-04
2.065073043331876017e-03
2.755436459250912469e-04
2.982473743064304882e-04
4.520087445252037495e-04
3.083209915090617597e-04
1.001487217282159402e-03
6.275400626241411147e-04
1.156149214570426726e-03
6.058212556713112561e-04
7.829193589273791137e-03
7.135451210342465354e-04
2.653801359731396050e-04
1.154237032169993680e-03
5.023882154198190154e-04
1.047083793063885047e-04
8.159093780315521040e-04
3.571924213855411979e-04
5.689096302521408789e-04
3.199333611252173503e-04
5.789054178882936316e-04
5.144152533963486634e-04
1.336748389661631320e-03
1.047083793063885047e-04
2.496770518484761029e-04
5.559783727847732605e-04
2.679833986113311296e-04
6.147587440651432374e-04
5.395124257999014353e-04
3.332124805117821047e-04
6.066168012232027278e-04
2.236189878817748363e-04
3.686256723073014934e-04
1.047083793063885047e-04
4.320357370794810476e-04
8.308481657583412412e-05
6.599796690071130451e-04
4.648381443600233085e-04
6.898530651016712700e-03
5.023703787159731083e-04
1.262664434177808220e-03
7.135206263908647813e-04
9.680147467213463287e-04
2.130296100507430451e-04
5.421682964621064816e-04
4.446930739564872214e-04
6.983825635892412440e-04
5.183533557862127087e-04
3.854766754543621950e-04
3.491996518714313071e-04
6.537838642194150097e-04
2.414647481182402263e-04
4.601174979997534813e-04
7.829193589273791137e-03
6.016234070767942799e-04
5.777976003593993581e-04
7.857070879807462414e-04
8.550541178760199829e-04
5.476811052441050466e-04
5.044034652607258355e-04
2.597746594107716968e-04
7.326232964030548328e-04
3.219123375894517719e-04
5.073345477104755164e-04
2.772082771555723973e-04
4.647460862686844554e-04
1.892078655641786684e-03
3.942548885853860681e-04
4.396241524060617335e-04
7.829193589273791137e-03
7.562225213987419691e-04
4.702376104711025739e-04
1.350457091308603476e-03
3.684109916966534577e-04
8.308481657583412412e-05
3.427652948063003861e-04
1.189033191652940410e-03
5.318062263377258073e-04
4.145736187248770543e-04
8.855380656322017719e-04
1.481210209466593975e-03
6.609950057789014963e-04
5.459339472113516369e-04
8.790095791769859251e-04
7.409623542326408989e-04
1.733573281499690717e-04
4.195031821100192286e-04
2.351442620938952086e-04
2.536865079047777999e-03
2.537931256375426203e-04
2.934635386171908253e-04
7.753540897007542201e-04
6.304569502500435244e-04
4.193660147712568185e-04
2.202088849656344679e-04
8.125884870661997028e-04
4.271622281088133331e-04
6.001142309449474183e-04
9.366827707516294996e-04
3.004160467096815296e-03
7.829193589273791137e-03
4.173398366491705945e-04
5.944183245286357217e-04
3.263905031203439134e-04
1.840715111104214896e-04
1.005437879697857395e-03
3.540521848800745109e-04
1.030088758134915274e-03
6.497321251092480271e-04
4.485029324865587633e-04
4.245300085456825022e-04
1.690337800698951242e-03
9.362697249611863417e-04
6.403637973774967346e-04
1.631138455209690981e-03
5.897821130296602423e-04
6.755056547720131570e-04
2.858088568742727883e-04
1.039979967964251842e-03
1.392727986751251309e-03
1.977302214703593238e-03
1.113887706435498243e-03
6.176684837121687718e-04
4.744466902805168865e-04
3.521130324871115606e-04
3.882827763931346720e-04
8.439185896097340083e-04
7.818594523249497224e-04
7.011920182651635832e-04
1.047083793063885047e-04
7.059686252269004860e-04
4.886291826546760794e-04
1.106778975114860704e-03
1.102488703646698409e-03
9.223285081989022680e-04
2.465584787250265459e-04
7.126730739838993411e-04
5.809366757548871558e-04
5.287147121479960710e-04
4.030085994935780989e-04
8.579474631472076146e-04
1.874944007074342113e-04
8.958058960980581215e-04
2.351442620938952086e-04
3.509678182514996405e-04
4.748472624104470253e-04
5.393250012589600626e-04
1.134254973292019367e-03
2.780267973170374475e-03
5.248553830185321081e-04
2.180800770311607135e-03
1.977302214703593238e-03
3.336379825359757204e-04
2.879297471791980438e-04
8.769898265133864879e-04
3.176644112294665489e-04
5.890673038959935237e-04
8.150494649022903661e-04
8.308481657583412412e-05
3.985797327424193460e-04
1.039199734557884336e-03
4.457474891944101592e-04
3.914407213271091607e-04
4.557995956036977139e-04
1.655161197321846191e-03
2.961799295305754336e-04
4.007817822920320535e-04
3.663214702942071879e-04
3.964944405822418074e-04
3.944526579936013882e-04
5.268868678496843247e-04
7.829193589273791137e-03
8.545423521244141724e-04
4.758687263310771025e-04
4.126802107406541613e-04
1.323417632921036671e-03
3.799767214211532528e-04
3.769757477974651060e-04
3.679629311846394860e-04
1.615826150148614573e-03
3.658301708328343550e-04
1.690337800698951242e-03
6.642409777315009829e-04
2.905043544909342965e-04
4.999032932233861111e-04
9.387826455513415339e-04
7.699953050065540738e-04
7.118292949564923588e-02
5.033074985981751551e-04
4.376614971315508193e-04
7.804220723489496562e-04
1.477980044391779147e-03
1.027938426534999103e-03
7.401721132668068366e-04
2.431634227570672710e-04
1.119132980731207296e-03
7.223440476462682051e-04
5.374254544488278650e-04
9.860828609808134412e-04
