8.130980875495251448e-02
7.356660352137663061e-02
8.187247867589324268e-02
8.220262456192056755e-02
8.437093604675495462e-02
8.631901638371312913e-02
8.416595996940343105e-02
8.560076940698743697e-02
7.378025241728168593e-02
8.192358388765855204e-02
8.596001986492338154e-02
8.127849338415005231e-02
8.620231494064113653e-02
7.884466855939388508e-02
8.668737093144102124e-02
8.598485211439360620e-02
8.055625593860017697e-02
8.661925420754865157e-02
8.636686543466698396e-02
8.315291253039960861e-02
8.523399216204159690e-02
8.408083661173372525e-02
7.796983945150688655e-02
8.622182350309887111e-02
8.536148193123589689e-02
7.813524861083295803e-02
8.651284387813068522e-02
8.443837401547130139e-02
8.317338193681658720e-02
8.530681126144827597e-02
8.360254145123409419e-02
8.610493489053902549e-02
8.530024393207422118e-02
7.379757058055867736e-02
8.502939746262427878e-02
8.035088927525010916e-02
8.680917581220384815e-02
7.691957091228718291e-02
7.572811442402574422e-02
8.214705575253639092e-02
8.503180937627917435e-02
7.973505441135236849e-02
7.890218688873162911e-02
8.351078129491805446e-02
8.461665211033460310e-02
7.887781644049951524e-02
8.429961366586671834e-02
8.295660881141883602e-02
8.155519992787529926e-02
8.228692732450955394e-02
8.432563725407390964e-02
7.633525282020699188e-02
8.584251765699124626e-02
8.645601049248856362e-02
7.739317013087365638e-02
8.671429716468867510e-02
8.134538038866226395e-02
8.424420604275054125e-02
7.808135369084839850e-02
8.033946345395701072e-02
8.668848372057626206e-02
8.486721279857552258e-02
8.444833675716295618e-02
8.336201712934344921e-02
8.234014654295108981e-02
8.086887422249626478e-02
8.159891115918813109e-02
7.999941606620054879e-02
7.983426749357756813e-02
8.427059974526587838e-02
7.824060799024094848e-02
8.581558966548376299e-02
7.423423549021930523e-02
8.145465418808797708e-02
8.205187611467697206e-02
8.179732581529196300e-02
7.866755915885283168e-02
7.978083538566757560e-02
8.376943910283571326e-02
8.419593501469856134e-02
8.608594782620933306e-02
8.606281865368671513e-02
8.227049362029398294e-02
8.356102566986431390e-02
8.678020575434981787e-02
7.919731087199338715e-02
8.630029968219303516e-02
8.491568826768089440e-02
7.370481925035880788e-02
8.533410926449623568e-02
8.109112694439526980e-02
8.413641362239247801e-02
7.845802488096632887e-02
7.895961452302269201e-02
8.302518415569491717e-02
7.904489092085359436e-02
8.590490593102953487e-02
8.660019122629762645e-02
6.973875568495926935e-02
8.497825786009437221e-02
7.767435902869075648e-02
8.616446762400722936e-02
8.134228511049985955e-02
8.445811590409801894e-02
7.269485928009633557e-02
7.841669655555166818e-02
8.342361819866350725e-02
8.311225054728228756e-02
8.658203145946391510e-02
8.401275858891629755e-02
8.299013270516086838e-02
7.882583038310597701e-02
8.512276360027630495e-02
8.215383648356264223e-02
8.607902936268599370e-02
8.530712005777679741e-02
8.328171366925177233e-02
8.131339876500932873e-02
8.496927224018430147e-02
8.236349728080769039e-02
8.450438321983190504e-02
7.687351448998155923e-02
8.476389984708845859e-02
8.681000423539864119e-02
8.452842352618558652e-02
7.480241227308283281e-02
8.610186351623971834e-02
8.324058658033461899e-02
8.356225229529325171e-02
8.035616244219420667e-02
8.024136637747139589e-02
8.333955370803547424e-02
8.230776152700176873e-02
8.244504207060557310e-02
8.470378207546637450e-02
8.263224927904044836e-02
8.285925747650593753e-02
8.628527568038832363e-02
8.547473035133239250e-02
8.315558981546937456e-02
8.321334654675550946e-02
8.340004962879625505e-02
8.134359022872562905e-02
8.201619045343333525e-02
8.467445590188625582e-02
8.400290156634183936e-02
8.488348911843018874e-02
7.974213922303285962e-02
8.062056852331726808e-02
8.050648032557689016e-02
7.800675195498638081e-02
8.111013381645343356e-02
8.615858697284083101e-02
7.658337554767150057e-02
8.600441670048988851e-02
8.230776152700176873e-02
7.170533891500918688e-02
8.678413584397685898e-02
8.615601999099388453e-02
8.205019576091765465e-02
8.596001986492338154e-02
7.574291250236882267e-02
8.643911106888534090e-02
8.039702936070973471e-02
8.505862946368229760e-02
8.592949471405578188e-02
8.024828706728645566e-02
8.000848317294453893e-02
7.776968862762237422e-02
8.205802716242342754e-02
8.699128704214230401e-02
8.655675039443570806e-02
8.485034925423948216e-02
7.247411215592695910e-02
8.023620854193785901e-02
7.985133019479508099e-02
8.506337233026425859e-02
7.000183549892081969e-02
8.466818449341119435e-02
8.081218323895633660e-02
7.856498757878306594e-02
8.326209695649781917e-02
7.977624075343003884e-02
8.686850421072095374e-02
8.340689661659976550e-02
8.268047308383850991e-02
8.670546829018158097e-02
8.320227439608823827e-02
8.139219175071001067e-02
8.081504842257461463e-02
8.468668288479035133e-02
8.234624629198167289e-02
8.691227712854085463e-02
7.641075187448233275e-02
8.631643658776357031e-02
8.640128228072840866e-02
8.311098519587394040e-02
8.129003088111114161e-02
8.476298128131892762e-02
8.437102338531259071e-02
8.206671846470446618e-02
8.650909257656083651e-02
8.073708055949647966e-02
7.588205393652448782e-02
8.150138410124505017e-02
8.560801659299646649e-02
8.457939393419106056e-02
8.608656608186393555e-02
8.092956191814920652e-02
8.026727766848566759e-02
8.488398249134110340e-02
8.542864175376620184e-02
7.963800701517158298e-02
8.291109533903101569e-02
7.568761240982466165e-02
7.992798579401616532e-02
8.259993373156809815e-02
8.654303210728757356e-02
8.612961404431081214e-02
8.274537018266962807e-02
8.163186942981814909e-02
8.272886870672262194e-02
8.304241213162327773e-02
8.244914200335734522e-02
7.718538814335010323e-02
8.128935146979344994e-02
8.698074484663344264e-02
7.617056425646491491e-02
8.684759271779625422e-02
7.958402084059176818e-02
8.219122596955308335e-02
8.520050076862459298e-02
8.334936405755338784e-02
7.848302262540876595e-02
8.622975820862653629e-02
8.606281865368671513e-02
8.192455002019595478e-02
8.290600164881749279e-02
8.607595147279648029e-02
8.695185876967088945e-02
8.277567779108831181e-02
7.491451315786998300e-02
8.362516613154172274e-02
8.289924046934156465e-02
7.450855482770453453e-02
8.613579420421732524e-02
7.685395511763506993e-02
8.265672930510360727e-02
8.421946218652688609e-02
7.954317067837894661e-02
7.668644769400111139e-02
8.435088349144663489e-02
7.748789292322892652e-02
8.543518811747867481e-02
8.602255771090673575e-02
8.034423652648182979e-02
8.228260373560125629e-02
7.710107630884897867e-02
7.719699073705513226e-02
7.602927100884629419e-02
8.109112694439526980e-02
8.337499396649779293e-02
8.442007660635816868e-02
8.417822894868304262e-02
8.050078873291631465e-02
8.446944697051667061e-02
8.223065690809934492e-02
8.705678401035470138e-02
8.708051676825191711e-02
8.260173847845773965e-02
8.111013381645343356e-02
8.305848244212452047e-02
8.599105536163277608e-02
7.728097894790755817e-02
8.123531955001309091e-02
8.692990609832815241e-02
8.577475777320481276e-02
7.884336408765629800e-02
8.512838797765003018e-02
8.269789202844697595e-02
8.343315252480555666e-02
8.491941686485601770e-02
8.313712367884468213e-02
8.581558966548376299e-02
8.361868924675622261e-02
8.647939989060646204e-02
8.540575676310954711e-02
8.054047214006566924e-02
8.214861765351466616e-02
8.249007370219821333e-02
7.903385590728924381e-02
7.509194396395046933e-02
8.545320377126923439e-02
8.398943179752937915e-02
8.251022396102575263e-02
8.698302266199627042e-02
8.328040216385888816e-02
8.329597340672924288e-02
8.649438609871484829e-02
8.646891537541102901e-02
8.640227361656262206e-02
8.685054030101339861e-02
8.187613326882231535e-02
8.674013807498850981e-02
8.466012062663846871e-02
8.305285488889344037e-02
7.672553923495753492e-02
8.210502581594161797e-02
8.201498180114528969e-02
8.659994794925482409e-02
8.634350393471158791e-02
8.151565963792900549e-02
8.593991870210403172e-02
8.453171697345680802e-02
8.696241257021082582e-02
6.979501956332667678e-02
8.685177543209450512e-02
8.608882575219961586e-02
8.293933167373757076e-02
8.196035889795386109e-02
8.235801823979223280e-02
8.378634793173572737e-02
8.618206301776974720e-02
8.169308937384714420e-02
8.263838541751279687e-02
7.827218958626760981e-02
8.609914149062025679e-02
7.696847950150260964e-02
6.767910633724934233e-02
7.955561048187098638e-02
8.269538135683957014e-02
8.221320967864106932e-02
8.380686884768112632e-02
8.238239599002947222e-02
7.805874409183169438e-02
8.274610369622209527e-02
7.169032549832990431e-02
7.773721625101127908e-02
7.761042624441508164e-02
8.408923153545384832e-02
8.406890358405594288e-02
8.568421368945247640e-02
7.982332872269229385e-02
8.492063416850373359e-02
8.358857878345896109e-02
8.467288486886671850e-02
8.275627191434978269e-02
8.156966771918616743e-02
7.917774711435299206e-02
7.485052617394431784e-02
7.974933847992668468e-02
8.590790458434595378e-02
7.981785260355199474e-02
8.003883967726505011e-02
8.351264977031561121e-02
7.640342997858083629e-02
8.596018920119065376e-02
7.617056425646491491e-02
8.525901451147967214e-02
8.053749802726634099e-02
8.248908448683298089e-02
7.442487695016761218e-02
7.806759226609216729e-02
8.703865764134538496e-02
8.624605652388303567e-02
8.300582115433954855e-02
8.070056650132376164e-02
8.358484756886905287e-02
7.181686935631337310e-02
8.650365697603523696e-02
7.775795792061408751e-02
8.186088847532907442e-02
8.551753757821084490e-02
8.033035812961364375e-02
8.628341391445953912e-02
8.041065708627759268e-02
7.885834062352511942e-02
7.650732383541621051e-02
8.040983855791716817e-02
8.648536628471080456e-02
8.031523477947490053e-02
8.523176920132245760e-02
8.128874147569722930e-02
8.456156617144452992e-02
8.381822160123675314e-02
8.402127711709422853e-02
7.986577247048774753e-02
8.518757623246900335e-02
8.419562344194901626e-02
7.990506346736821197e-02
8.123416215822319708e-02
7.690019988750047830e-02
8.500502701584844445e-02
8.188506457369250369e-02
8.362869523951212136e-02
7.395489831268914349e-02
8.156176918549111476e-02
8.530024393207422118e-02
8.616177192389691541e-02
8.290600164881749279e-02
7.550839490393983222e-02
8.475484300760176282e-02
8.679536863274248115e-02
7.702472052737717456e-02
7.887185622112552474e-02
8.125918707823148734e-02
8.249846669818751421e-02
8.663241919220057707e-02
8.437740243096264470e-02
8.181313271509738083e-02
8.155887681078666240e-02
8.193313055205780904e-02
8.309454583362982372e-02
8.306591718807852798e-02
7.679800800668112881e-02
8.453205653384171514e-02
8.275387105445156100e-02
8.593079475028969627e-02
8.160259644675112167e-02
8.477127099431694401e-02
8.596001986492338154e-02
7.854317143090229492e-02
8.492728936271626283e-02
8.220172652959030490e-02
8.687191916980188666e-02
7.577857724177086696e-02
7.636042943940028749e-02
8.166760921483702529e-02
8.376768953380619998e-02
8.626184866197408874e-02
7.938206533798775055e-02
8.697025678506720148e-02
8.435274691314981199e-02
7.495802124696851476e-02
7.576057723193514726e-02
7.115970692495343641e-02
8.313366021597591582e-02
8.609879952768216549e-02
8.657482936655605532e-02
8.619863789470461057e-02
8.567409891389096699e-02
8.268781276134055946e-02
8.344664021973058343e-02
8.338407288771998438e-02
8.426339791310269445e-02
8.565870258123087222e-02
8.508541316687365241e-02
8.177499693908904521e-02
8.395035388156352196e-02
8.245660185788517005e-02
7.917075968181136458e-02
8.381113167915829609e-02
7.824454519549144116e-02
8.524237022298591926e-02
8.502593029808143410e-02
8.350754263158802204e-02
7.967454614311830774e-02
6.637674918189279127e-02
8.636627576024587249e-02
7.973385046342121307e-02
7.822571691662205673e-02
7.854317143090229492e-02
8.160988633479941690e-02
8.221772492665446741e-02
8.682036287039258948e-02
6.932654429684652342e-02
7.460856857943742870e-02
8.450866599047840433e-02
8.650825554322116862e-02
8.511285806146846877e-02
7.431818630598280295e-02
8.626565498965527157e-02
8.187441248467518251e-02
8.236200240355644187e-02
8.676254552044053436e-02
8.154662665330247862e-02
8.646206127889313753e-02
8.508070610397561184e-02
8.458462248169006104e-02
7.570736489269631886e-02
8.403085956283659619e-02
8.364136462308428832e-02
8.168391659599322230e-02
7.608451387948293732e-02
8.030771403709299761e-02
8.076166542454148167e-02
7.049822127786330161e-02
8.693368904668380415e-02
8.482829965640904801e-02
7.936735054711442638e-02
7.478429511717686606e-02
7.203647918556715934e-02
8.370780844270730991e-02
8.419915255749063632e-02
8.488171485904436042e-02
8.266011464104840167e-02
7.500625342944247653e-02
8.696255790313087153e-02
8.181134522176712609e-02
8.209819511827183558e-02
8.679035146601182804e-02
8.636956828434916300e-02
8.187441248467518251e-02
8.308546537568732571e-02
7.794267502230103895e-02
8.475189409993687251e-02
7.744480487851572448e-02
8.567208690899734413e-02
8.419209554943568596e-02
8.269102624851785988e-02
8.215813362108106976e-02
8.263224927904044836e-02
8.515352850437854504e-02
8.540610351313901449e-02
8.210501132892354670e-02
8.519272333415522924e-02
8.267056115591822629e-02
8.504700277851733048e-02
8.298716296426822403e-02
7.531104234082527937e-02
7.315753443900413489e-02
8.298074388931507561e-02
8.427356415137803036e-02
7.411802905621982240e-02
8.634400964904156983e-02
8.635361110090798709e-02
8.386410215650456912e-02
7.245895203824093134e-02
8.247304333047211777e-02
8.379291778268628532e-02
8.576939488875143236e-02
8.615858697284083101e-02
8.499203054757223375e-02
7.558037180658479237e-02
8.476719743983109068e-02
8.629189965137998297e-02
8.628625994761908446e-02
8.294695434840222703e-02
7.408350656795842371e-02
8.593632804911430223e-02
8.490018134491922330e-02
8.450994056466079596e-02
7.216312875602086396e-02
8.421013236473494368e-02
8.320069928064773024e-02
7.911241149549899654e-02
8.659259747802867946e-02
8.535680012492008473e-02
8.210527235759877696e-02
8.080461566957507225e-02
8.164396040057600445e-02
7.976545462695158739e-02
8.090113359967618378e-02
8.423470349456949058e-02
7.586635626563523194e-02
8.488680136593482195e-02
7.677445602974719563e-02
8.346846218486043967e-02
7.599030633673799218e-02
8.315339914595414050e-02
8.444429101128353432e-02
8.223504782310511740e-02
8.580741547622480758e-02
8.295907346929531911e-02
8.040410954509893959e-02
7.825425925357451518e-02
8.545278041134168889e-02
8.467091942294896478e-02
8.396968024551007548e-02
8.321106567838262857e-02
7.771759805005476474e-02
8.046200352791144095e-02
8.579096618585514700e-02
8.190279629064427247e-02
8.640083884136824655e-02
8.693619774203402428e-02
8.503686819600284053e-02
8.674834240735267155e-02
7.902791888825592970e-02
7.631596904002795057e-02
7.990057391663205055e-02
7.757343735772793958e-02
8.468197329773151372e-02
8.398943179752937915e-02
8.504589270871158735e-02
7.827218958626760981e-02
8.080806659558652238e-02
8.016148572098190372e-02
8.661935880359258877e-02
8.592584270310145433e-02
8.604783627940054691e-02
8.462462745071086534e-02
8.705165506389117569e-02
8.670102148162037170e-02
8.682390711862708610e-02
8.588061977695471416e-02
8.321936017583203560e-02
8.296964538768522579e-02
8.074329810794723949e-02
7.679293211745281955e-02
7.761663946225789978e-02
8.069656422593170231e-02
8.313728475664210193e-02
8.575411590632170400e-02
8.488903074386781877e-02
8.252551615077637071e-02
8.499100738129800048e-02
8.084678295631837763e-02
7.716042393343316985e-02
8.054741719794505928e-02
8.625464000959598421e-02
8.328448184533855658e-02
8.420021006322972457e-02
8.290220062387548827e-02
8.109621327527716250e-02
8.499018297931734689e-02
8.473585583806318711e-02
8.706586763706504473e-02
8.413149561722529923e-02
8.232308035834670634e-02
7.092577045454438733e-02
8.299378140649693592e-02
7.698189933269833363e-02
8.565489294529787800e-02
8.503863874394787525e-02
8.345562780971071959e-02
8.634792166699822857e-02
7.999426873945730820e-02
7.685558584135440685e-02
8.514807652629620416e-02
8.434669809069206270e-02
8.651388103201959612e-02
8.094402397976097063e-02
7.881479317414465113e-02
8.176107667423689052e-02
8.363324239615740896e-02
7.710681557108639561e-02
8.564890343252674898e-02
7.679802610478669855e-02
8.501724934819286650e-02
8.562835425186987592e-02
8.033035812961364375e-02
7.472770863607111624e-02
7.841156732865138534e-02
8.120248114971889697e-02
7.663258081936598354e-02
7.441220697329462008e-02
8.688808761000764436e-02
7.664272339483459151e-02
8.147774624986070524e-02
8.666933265274695541e-02
8.217756952736157694e-02
8.551923218857457321e-02
8.449267479331896979e-02
7.677192445878655569e-02
8.498647376534548825e-02
8.531337236917835298e-02
8.094339692951045551e-02
8.373933954633883125e-02
7.388255735401420832e-02
8.168033564416307679e-02
8.154481263710694483e-02
8.697025678506720148e-02
8.551096050160203466e-02
8.573444410750935551e-02
8.639066486418088553e-02
8.424650505409767010e-02
7.847598443169917504e-02
8.260376728856214101e-02
8.414661148344140806e-02
7.492418172978017321e-02
8.011786247531987870e-02
7.845357486047029039e-02
8.092809358929983765e-02
8.708038063511736038e-02
8.544341785570237768e-02
8.035088927525010916e-02
8.468514635482299324e-02
8.270511511297927443e-02
8.102243384759506839e-02
8.175764696770301820e-02
8.253717481894172481e-02
7.811897746561430322e-02
8.424420604275054125e-02
8.536397367952525128e-02
8.338394012275859857e-02
6.999847825367710996e-02
8.676769866191927361e-02
8.539240735948296079e-02
8.363608393305016486e-02
8.552341594793250179e-02
7.938662934879903155e-02
8.285422781324401631e-02
8.403739161267248514e-02
7.407815244494564411e-02
6.872358010368864734e-02
8.637823385831952527e-02
8.091533795068099610e-02
8.641108623463109040e-02
8.648825602722760852e-02
7.724080763117574522e-02
8.423742789048363488e-02
8.431635929630376669e-02
8.240744884681043547e-02
7.722516673607796034e-02
7.494339118131503052e-02
8.360394355523062537e-02
8.026066607049182899e-02
8.538503267228821081e-02
8.502520004598274062e-02
8.564099460218678461e-02
8.501205143865432634e-02
7.583113056706659860e-02
8.578283992093509169e-02
7.679800800668112881e-02
8.554762839128832175e-02
8.088216049494592608e-02
7.732310305413683804e-02
7.963712510428681834e-02
7.529786908911757781e-02
8.115672552075320345e-02
8.274610369622209527e-02
8.541706408161903186e-02
8.206212906980947519e-02
8.458049533150185928e-02
8.339370270974791333e-02
8.483225971814317701e-02
8.165489980935622394e-02
8.236134604271153070e-02
8.519939659256210718e-02
8.180016543455669031e-02
8.450189207853091300e-02
8.193537441987483461e-02
8.566913655542487960e-02
8.708041404718694367e-02
8.037208848234225766e-02
8.654944594790102419e-02
8.347646513912716781e-02
7.915157801271038851e-02
7.257116814198072419e-02
8.225760180035784908e-02
7.537831338022596417e-02
8.230981966283076878e-02
7.597887362878445738e-02
7.785769566390575436e-02
8.452170740777549540e-02
7.997539517797981612e-02
8.584593760993504408e-02
8.518717441328779727e-02
8.374239791644180753e-02
8.653712033949895188e-02
7.887984870803144144e-02
8.309963134157793974e-02
8.335488687488540327e-02
8.257140345726451947e-02
8.595642811917619808e-02
8.695884646324095191e-02
8.336713197228953764e-02
7.740784351616168679e-02
8.196405719580648896e-02
8.206372931527614045e-02
8.447909767798113256e-02
8.227977001963646120e-02
7.744612099829994989e-02
8.364006529968895376e-02
8.003319396866978575e-02
8.289303325579153170e-02
7.552094756477965853e-02
8.380789301383860523e-02
8.499144530991059598e-02
7.837396641308234935e-02
8.552990280125188916e-02
8.379855698059829328e-02
8.452013521384181549e-02
8.338858858259130813e-02
8.374610776853892713e-02
8.532179488774981058e-02
8.670600268578318448e-02
7.788657142518881638e-02
8.303203689281107858e-02
8.629420359047966504e-02
8.316197999288181542e-02
8.269386320425112236e-02
8.169308937384714420e-02
8.389518097962800347e-02
8.564764278398637187e-02
8.215535591150037453e-02
8.332758434498921396e-02
7.923332600605774434e-02
7.806254860540313978e-02
8.697110160712472060e-02
8.164240840900695295e-02
8.675428509374184805e-02
8.422694579111865421e-02
8.063424646083235114e-02
8.428414380201207368e-02
8.608600290143594846e-02
7.403609315240664013e-02
8.704582475982788892e-02
8.300077643396368277e-02
7.871560936780300222e-02
8.580211935744838647e-02
8.693813305156225524e-02
7.553873260904629683e-02
8.664334250826706552e-02
8.458049533150185928e-02
8.259281266991405634e-02
8.437093604675495462e-02
8.306158834101326494e-02
7.105656201389733140e-02
7.717751573219279460e-02
8.338746631666804632e-02
8.233937252904136028e-02
8.395694982402401862e-02
8.410162920766625638e-02
8.626439113196683606e-02
8.249734032966862807e-02
7.378025241728168593e-02
7.840987864148958597e-02
7.465845055457981383e-02
8.398252412039280967e-02
8.383670887909336344e-02
8.654938505130536919e-02
7.448706798219421887e-02
8.307713953298945242e-02
8.304241213162327773e-02
8.703931739609380158e-02
7.581464036263528550e-02
8.250714197638153724e-02
8.676442116705446184e-02
8.426053095571499341e-02
8.555703447992085708e-02
6.879357762916285535e-02
8.358324700120130235e-02
8.265431460710084832e-02
7.842740703607846420e-02
7.842514290903061791e-02
8.452842352618558652e-02
7.634787115972795080e-02
8.404549774968142484e-02
8.325172131451402668e-02
8.642813559391082645e-02
8.309935779187334337e-02
7.554875547426621873e-02
7.641075187448233275e-02
8.426339791310269445e-02
7.774148467350497360e-02
8.344455296056735305e-02
8.342220119195614680e-02
8.375949238785214412e-02
8.426339791310269445e-02
8.105851974138977845e-02
8.263058902773978698e-02
7.683969264582798941e-02
8.653783229875844363e-02
8.565461275101494965e-02
8.332556103363961131e-02
8.372834430281518581e-02
8.092956191814920652e-02
7.484705738643392114e-02
8.142035119126064813e-02
7.945868220218248179e-02
8.135517483391764559e-02
8.413574586003197409e-02
8.543303007881565547e-02
8.569569542009777829e-02
8.309474987100991250e-02
8.408832957188173973e-02
7.719727655412239598e-02
8.683831853804444001e-02
7.508923385013864527e-02
8.123902158438790766e-02
7.683284638572861203e-02
8.650579230939592357e-02
8.221922586531379973e-02
7.882961851930951613e-02
8.625581372597643237e-02
8.391618497655108089e-02
7.636895264510837333e-02
8.330020552261246936e-02
8.626565498965527157e-02
8.359190309244138306e-02
8.580741547622480758e-02
8.698540115756785152e-02
8.647566284355695521e-02
8.052528392989809214e-02
8.196186740374615531e-02
8.183677254816205948e-02
8.630974713308182944e-02
7.831078661551829634e-02
7.333582102943117520e-02
8.683003596240065902e-02
8.638547560618514698e-02
7.191055385653133403e-02
6.924014323027785633e-02
7.456711626692377748e-02
8.639577476125581690e-02
7.662368556823430377e-02
8.579588513198978250e-02
8.555227859119365896e-02
8.626565498965527157e-02
8.125278757781796701e-02
8.482587940170428775e-02
7.977927782311529381e-02
7.887659182386926038e-02
8.605369679381941195e-02
7.733235468412810731e-02
8.108002279277055913e-02
7.909064202560818491e-02
8.609198618695550198e-02
7.771575278753274640e-02
8.297225852238140908e-02
8.641035092219148672e-02
8.289007621891621158e-02
8.271633467819190788e-02
7.614704721326294445e-02
8.327824301236905202e-02
8.336100881462665813e-02
8.531099966486135888e-02
7.530925915600179821e-02
8.136532158733567055e-02
8.296950555562702945e-02
8.604681511259830440e-02
8.458049533150185928e-02
8.630139938064436411e-02
8.645282854488622881e-02
7.607355994584319436e-02
7.719727655412239598e-02
8.172978718109316643e-02
8.515567214475708302e-02
8.325598964022057347e-02
8.644132408601132300e-02
8.538752103642752167e-02
8.380236192285168972e-02
8.221740633367913276e-02
7.962542220459895015e-02
8.135210438427553648e-02
8.282036568255746189e-02
7.873479604952823840e-02
8.590390162303573884e-02
8.008509293570033327e-02
8.268564248542457917e-02
7.792021151111065691e-02
8.485526422507722044e-02
8.673955644871438053e-02
7.815852481130233786e-02
8.456244789461953015e-02
8.185115608620122107e-02
8.569667202228803404e-02
8.441049851207675647e-02
8.595746675994180019e-02
8.546263681748265950e-02
8.350053457527290002e-02
8.689802899189516538e-02
8.040410954509893959e-02
7.882207432284647763e-02
8.102243384759506839e-02
8.263565542419401555e-02
8.394354736858779253e-02
8.675850377648121337e-02
8.269538135683957014e-02
8.237893405766158472e-02
8.463794630093078586e-02
8.358696843937829524e-02
8.560578777917531024e-02
8.069191173143380746e-02
8.388359853313635817e-02
8.560176280912883129e-02
7.987367007221735093e-02
8.362968770525865125e-02
8.553615326491610660e-02
8.127131305163644293e-02
8.240351337430104617e-02
8.480705929429038781e-02
7.702472052737717456e-02
8.495924926263270782e-02
8.687921934578524130e-02
8.098412545610901569e-02
8.410082512607275351e-02
7.709130771506704505e-02
8.426053095571499341e-02
8.238564067807224722e-02
8.500502701584844445e-02
8.456244789461953015e-02
7.910571450297201879e-02
7.938915836867767306e-02
8.498481096128594758e-02
7.994748655259398262e-02
8.375118638433229346e-02
8.245751528984417156e-02
7.653898701232882129e-02
7.808089909690765773e-02
7.914054904251842382e-02
8.613063321541986062e-02
7.837771669492071824e-02
8.574680982817577124e-02
8.490304365581460844e-02
8.171434335104899027e-02
8.209129492369150738e-02
7.742396992015090906e-02
