1.119441461007841376e-03
8.915576111141750677e-04
5.143729928873756437e-04
1.262061983077823009e-03
3.844621349463915377e-04
1.079765108622831107e-03
5.741152845700499665e-04
1.315714276165639131e-03
5.868350665599803614e-04
1.639956725960141533e-03
3.766178552586501964e-03
6.084356183808217527e-04
2.127171065584996384e-03
8.507814898426149276e-04
9.526142658941903025e-04
1.108926021348595513e-03
3.413539245216192235e-04
5.221329334107125677e-04
6.077038995059131331e-04
7.676227018868643070e-04
9.622834931012075191e-04
1.169030285437730032e-03
7.343030034966227569e-04
1.935424953344349252e-03
4.118076310729821025e-04
5.892017505945771868e-04
1.497307583660512521e-03
1.035933721109234124e-03
4.328136362661874062e-04
8.254614552903552114e-04
5.665626159764312669e-04
1.881232635415783401e-03
1.535567432076463635e-03
2.844757494344985795e-04
1.103898944490303534e-03
1.388378634012847439e-03
5.700926385471158072e-04
1.073521472375666384e-03
4.670997913926214738e-04
6.900689815845288894e-04
6.231851318328657545e-04
3.150206313213377665e-04
9.976792007661452587e-04
6.917775525496916303e-04
2.579099485754043821e-03
2.888348282670903395e-03
4.940508324211479634e-04
1.435652147626732822e-03
1.189031357155654776e-03
5.255689524517210285e-04
7.247999965114004534e-04
8.642943876262890743e-04
1.182539654388679558e-03
7.688503539450648391e-04
6.050670445222365232e-04
1.108084283973178371e-03
9.559334674516099285e-04
1.041766012951012618e-03
4.886412570965595900e-04
7.838225087011539997e-04
1.195814372972248910e-03
9.557626181031825437e-04
8.599327178897629275e-04
3.312439008513884831e-03
1.157973693244297546e-03
4.974251717837849121e-04
7.889568455503468076e-04
6.679430992047359497e-04
8.602893104765283599e-04
5.892017505945771868e-04
5.737797640963133040e-04
2.660391632588102575e-04
1.946681231400616136e-03
1.322101169092695580e-03
1.955571503753668686e-03
1.662384545690388099e-03
6.200490830344593121e-04
6.462246713927994679e-04
4.008561565933185626e-03
8.602783750425182195e-04
5.061122282225246141e-04
1.272444301362225718e-03
2.456565832945307743e-03
6.559195784983868141e-04
1.171592498209137519e-03
9.006788387158472329e-04
8.408555595861254284e-04
8.047995401707989634e-04
6.377512169964747032e-04
1.090230817129336826e-03
3.281823293275827787e-04
6.804199849859487396e-04
1.707139765178555162e-03
7.685505604979652123e-04
2.383961514686889767e-04
5.714859329211240818e-04
4.295239984415160565e-04
6.136903260202638058e-04
1.348995479808270774e-03
6.975290121219435407e-04
5.658237759533620232e-04
1.003570363350434229e-03
7.837432214526435974e-04
4.470726636389576623e-04
1.378801311537092159e-03
5.864650416506521011e-04
6.482868951237484318e-04
4.938824071656464261e-04
7.296325476578416260e-04
6.057583476381950011e-04
1.039846746099109013e-03
6.061650924876828576e-04
6.834233957230515010e-04
1.129474421301942654e-03
7.064378069126775982e-04
3.142009793078884110e-03
4.791196085518070009e-04
9.429911608772497929e-04
1.081542942746372511e-03
8.669915030919095019e-04
5.536018576447379168e-04
7.024620439936582689e-04
1.218778686060425056e-03
8.850166899170257154e-04
1.446011153768217861e-03
1.094189366665431493e-03
5.382502471660234253e-04
1.051678526796924994e-03
1.452763469856544658e-03
1.714495144049278490e-03
4.160211186168968835e-04
5.072407385505807746e-04
9.500905709193836063e-04
5.794764400924162784e-04
9.174051717320623163e-04
5.510644455338016730e-04
6.600380290766055423e-04
8.592550692955930932e-04
5.908344909974551926e-04
5.219407511619030037e-04
1.552831231324305807e-03
8.807555691565128195e-04
8.104425723306055195e-04
1.245138083074388315e-03
4.767127422600369755e-04
1.540849508178496847e-03
4.335192469463528464e-04
9.071064571800102920e-04
3.081654878038323766e-04
1.146917173538950473e-03
4.191590606585239966e-04
2.353571566871187626e-03
1.077359715375128882e-03
6.284485010649151293e-04
5.791164265270385856e-04
5.190419412721615933e-04
2.061886061939492785e-03
6.186573155723838670e-04
5.151786081567423384e-04
5.756160986544955286e-04
1.690220902581954145e-03
6.139775114404261765e-04
1.402349191902259491e-03
4.774322026226573870e-04
1.013006805602687313e-03
7.104557171524156049e-04
2.369802385773107315e-03
1.154440202507212672e-03
1.433413391717201779e-03
6.544511569078981456e-04
1.502879017447338863e-03
2.912445894876884451e-04
1.605300584464746175e-03
1.303871641847281554e-03
8.315278255239660085e-04
9.401512155683251987e-04
3.117192090185456508e-04
6.567880969105214378e-04
8.844006129073986918e-04
4.715414209011316738e-04
2.258221342590361821e-03
6.173075628558989236e-04
1.796503399283676293e-03
5.905648858123709564e-04
4.049867525921919910e-04
1.313330549332576529e-03
1.197601804689076401e-03
1.758695440858283263e-03
8.464763821394334642e-04
1.351799679262901017e-03
1.200763603440687050e-03
5.352889734177407018e-04
3.845669528172593245e-03
1.015089531753313092e-03
1.163250464497056708e-03
2.745704271046029224e-03
9.618479334850926592e-04
5.847578768691687320e-04
6.266795219825358572e-04
1.629496192095148625e-03
6.710927940103407442e-04
8.160452838187198799e-04
5.861948939196112447e-04
2.302049937723169969e-03
4.312973591007275890e-04
5.399518102763142466e-04
1.726780569623767884e-03
5.203220296631480600e-04
9.895582067583194238e-04
7.550736319096243302e-04
5.739524548516794023e-04
2.365367241264230112e-03
4.876596128718012563e-04
4.451284114929173071e-04
7.025258503473219215e-04
2.924557632206895063e-04
6.728898744157029051e-04
6.652338977265813240e-04
7.536406698735679394e-04
1.528358151867236078e-03
7.801784100278739281e-04
1.492127439412102401e-03
1.018535942978610444e-03
4.833662583677936241e-04
7.921027416657533751e-04
1.084002461327787962e-03
7.658225650939365836e-04
1.982555869685467733e-03
5.826029052443434508e-04
2.178884190762354119e-03
1.281000848684002869e-03
3.024163251583771462e-03
7.506218973266872742e-04
4.794435063430800103e-04
5.498165036196234982e-04
4.913047854785724004e-04
5.560255528610265211e-04
6.751144528690352286e-04
5.903404395221860780e-04
2.858388541161807107e-03
4.160211186168968835e-04
8.342555222792159700e-04
7.212047215871560503e-04
7.675476303727994665e-04
1.062088887695118245e-03
5.941252518858913031e-04
1.751391804427811401e-03
8.505953854515366794e-04
4.317238268080773119e-04
2.376542541852681961e-04
1.081195409051030100e-03
9.213321448134575249e-04
7.660897107966460054e-04
1.121628473377041723e-03
9.878467458527765820e-04
6.228910736107171140e-04
9.486554895650613044e-04
6.721544812776751587e-04
3.692228495220206512e-04
6.268139305021546478e-04
1.214552100347702840e-03
1.657575921860487576e-03
6.959320684785778605e-04
9.046026635038830312e-04
1.349988773561303437e-03
1.043447495443411421e-03
9.427157673622236795e-04
3.951770558014994629e-04
1.038681950323319019e-03
6.919580087177962377e-04
9.227104056558323641e-04
1.326301087957178215e-03
7.693237589641938262e-04
4.108791961372264766e-04
6.008544579730376979e-04
1.320627414826672360e-03
6.439354182814269580e-04
1.359443324749206152e-03
3.511199913184901290e-04
6.622710375681823726e-04
8.272065779351500756e-04
5.853669291890503884e-04
4.627767122013387319e-04
9.163434938065746424e-04
3.120228536093593193e-03
4.001323038145050042e-04
4.687638756264954896e-04
1.426514619088510528e-03
1.219273408629441800e-03
7.487446753290301913e-04
2.714015501485982258e-03
1.422481638289572851e-03
7.870238091320650364e-04
5.606770916570686389e-04
9.071064571800102920e-04
4.575603447614109108e-04
5.101676817622682316e-04
2.246998967822301085e-03
3.764778174636428999e-04
2.370266178495734465e-03
5.437140957989742684e-04
9.642147785132670033e-04
1.359500140655974529e-03
1.236414801098154959e-03
8.971452136835222826e-04
3.114182639584744277e-04
1.073473792804429013e-03
8.201798723180203166e-04
1.479531635557405607e-03
5.982139845714756722e-04
5.603652230097474476e-04
8.631381327558003327e-04
1.604204306547339512e-03
7.547890318742940703e-04
1.471357241138271854e-03
6.975521012419068313e-04
9.887655121877643796e-04
7.667629137963117734e-04
9.180649584490380285e-04
7.815276869056322689e-04
8.005017356840708580e-04
4.721843237597555002e-04
1.255718049215674573e-03
6.622188314245664635e-04
8.283176140909100310e-04
1.684693390407708026e-03
3.737373922492041953e-03
1.244186199623346705e-03
3.868517842835472449e-04
7.838560396766103971e-04
9.783012983934507873e-04
7.637996747258948491e-04
7.658937720731856785e-04
8.915576111141750677e-04
6.295262812071784637e-04
3.054658045564426715e-04
1.399822561393195604e-03
4.531494985579717291e-04
6.041621000258198685e-04
2.709988139780945045e-04
1.184146931866353900e-03
2.007521453339265391e-03
9.735440471933640323e-04
7.017625862317045451e-04
9.754471106636587382e-04
1.368264272111942900e-03
5.342087778256812431e-04
1.061177857130412173e-03
4.195200774441772053e-04
6.972883166396348772e-04
4.661356768961175080e-04
1.348216072049940404e-03
5.028206134671497603e-04
7.874413102092047301e-04
5.436848574126623614e-04
5.811181217565578950e-04
4.076740759391502184e-04
4.042763537599335815e-04
1.247998319108776892e-03
4.702419824293162156e-04
3.245753800684843498e-04
4.538074729523531984e-04
1.585174108929727392e-03
5.350821227163996344e-04
8.688226228285749527e-04
1.254182997188156871e-03
1.014048086487950515e-03
6.972883166396348772e-04
4.816927253850528958e-04
1.114259881489845566e-03
6.602050309738140884e-04
8.631381327558003327e-04
7.870238091320650364e-04
1.209040400446167096e-03
8.196279673028389204e-04
9.451610632435094141e-04
1.268232289233500211e-03
1.071640833166174513e-03
1.989716837146612762e-03
3.870746065042771945e-04
3.351725157350745016e-04
4.025037356775274877e-04
7.037973845506947110e-04
5.496152071945614639e-04
4.366536882245187243e-04
1.653993039190016986e-03
1.383071159462854853e-03
1.028040044233003575e-03
3.742742141784593255e-04
6.059980500709979739e-04
7.714214343430496985e-04
2.629159212781173377e-04
9.477742171168725182e-04
6.708547063379640546e-04
1.186407948015608073e-03
1.009705300508498575e-03
5.094449912382199332e-04
1.039236895459426250e-03
9.421028539219202620e-04
1.287970775729606245e-03
5.979332056921396812e-04
5.291230192979021934e-04
6.968368563801207284e-04
1.349316881935026672e-03
1.085382565765159518e-03
6.588798329917863522e-04
7.329383819685532852e-04
4.546476514162480637e-04
5.670399706501685075e-04
8.222931927113378637e-04
5.457003441882573051e-04
4.205730118293055878e-04
1.474105603919688423e-03
3.828328941660484922e-04
8.900861330623801269e-04
5.759542694217690151e-04
9.378585015058119945e-04
1.561764142377011430e-03
5.060918134707220609e-04
7.101779313762898813e-04
3.488402702276317217e-04
5.600237139017866326e-04
8.766054009353813851e-04
8.108162185234161698e-04
5.277417124844248396e-04
1.123505553180749158e-03
5.875538899087282951e-04
7.455658541838621053e-04
5.821797795678133490e-04
8.027429073252717248e-04
4.441173687187706886e-04
1.976119879786207133e-03
3.622830784993918561e-04
6.705770684296195015e-04
6.226666830840813958e-04
4.393345085803969179e-04
6.590261238097460403e-04
1.326010061517292641e-03
8.188234321147221410e-04
1.264165465632453638e-03
8.561414215578021627e-04
5.302771325624043098e-04
3.408330742044062044e-04
1.465842227432065338e-03
2.520735172643377643e-04
1.584989080545299136e-03
9.613457001106233977e-04
1.732722978449891546e-03
1.582493090350239363e-03
7.468091463585031960e-04
1.236969662061509871e-03
7.187618296279698910e-04
4.607541289723095170e-04
9.278955259228282692e-04
1.096401586530724483e-03
1.969468460441711494e-03
9.604211156635758702e-04
3.353769681369473689e-04
1.134355058414155976e-03
6.602875246498865393e-04
6.001015968690054121e-04
1.189433933853289993e-03
7.623017472675243942e-04
1.109822486546003465e-03
7.440407714867091097e-04
6.230172072517060466e-04
7.060590489384030097e-04
5.277551380813870138e-04
8.432253673440445784e-04
8.648661443315496921e-04
8.079395717973538544e-04
6.722644876725888344e-04
8.226193926461734069e-04
7.789826507501728271e-04
1.519642430743690150e-03
1.287348157446262199e-03
5.539467760163999414e-04
1.937479547856762758e-03
1.158487883012591143e-03
2.370409087361633523e-03
5.414113368318999343e-04
1.747075752400418071e-03
4.323098155773412552e-04
1.762487194153392663e-03
7.563955067061451255e-04
4.221812541947345316e-04
3.582072351929528218e-04
8.516926403943057573e-04
9.233009035385732243e-04
1.732539770946260344e-03
9.300509792501816765e-04
8.923490447272407547e-04
5.817164162216659912e-04
7.936144842843087218e-04
5.307480866664585637e-04
1.013006805602687313e-03
7.102499545155499701e-04
5.234044566408101173e-04
1.091654074363474641e-03
8.238536739116372569e-04
1.281461624220406499e-03
9.046119778078556698e-04
7.693041013255294070e-04
1.842674044390176956e-03
7.854678049311126283e-04
1.009705300508498575e-03
1.528358151867236078e-03
1.689565491987874996e-03
2.165112293113824243e-04
8.952823577871677971e-04
1.051496961305192638e-03
8.156920021106897926e-04
5.064926601025539861e-04
2.351210718850459038e-03
9.944027283920824599e-04
7.181778355926717343e-04
7.080926119418962539e-04
7.326901094205853652e-04
1.286389595417586525e-03
2.469872077115895393e-03
8.930207186252386463e-04
4.063590411786891106e-04
8.144540533678553199e-04
8.430453378645021666e-04
1.570581842061428111e-03
1.033668603924217449e-03
2.224021851587324166e-03
6.945909000944299003e-04
6.232515730821674548e-04
1.195575567660248171e-03
1.418265702587063332e-03
1.283288103553179970e-03
6.183112341220626347e-04
5.444338675771993007e-04
1.144177202684387631e-03
5.929688029218214019e-04
1.211683017734148425e-03
8.942636931153040425e-04
1.240544304690879623e-03
1.212808227694043423e-03
1.021206080080040886e-03
1.086815836840897016e-03
2.257724581981479083e-03
6.750733625447151616e-04
4.790151260299396383e-04
1.969468460441711494e-03
8.622106797596259479e-04
1.364883000021630379e-03
1.378192396355852958e-03
1.511312834063709056e-03
1.119441461007841376e-03
7.550308170305974334e-04
9.150314991798620115e-04
1.434750480422874704e-03
2.924557632206895063e-04
8.415544148510216991e-04
3.411024291308402661e-03
2.925358725049672726e-04
6.537908571699794320e-04
1.716219003357746537e-03
4.691368035727789989e-04
4.415229977237544907e-04
7.030302695408952420e-04
5.492688063996946325e-04
1.031715162651691484e-03
5.725839058831095089e-04
1.635209013915492121e-03
8.537689927130058488e-04
1.936342358875138125e-03
7.590063724260101737e-04
7.936144842843087218e-04
7.617425622445855643e-04
8.044796654773097395e-04
1.960079426882259130e-03
9.071064571800102920e-04
1.958396099334837499e-03
1.959271644013881562e-03
1.400506456353014552e-03
4.059329088978898010e-04
9.493983392976227190e-04
1.305401683107483644e-03
7.249180048093523121e-04
7.533028086853525880e-04
6.767295506629179792e-04
8.859922179693678667e-04
9.662080916997833760e-04
8.730105446346246361e-04
1.252603205946108394e-03
6.432674369310505775e-04
9.979340195503032338e-04
8.735244261584146352e-04
6.667466155116222098e-04
1.302473191959304093e-03
1.020655089964291962e-03
2.030326090860035473e-03
7.469286122857106327e-04
1.281573687994357925e-03
3.657387317264256758e-03
2.235469534297675025e-03
1.229302250025947688e-03
8.024404372622907962e-04
2.355599851848379483e-03
7.543499096445457474e-04
5.328384280960304096e-04
8.102393449317628728e-04
1.169992030357614116e-03
1.379461709975852209e-03
6.141812367601701649e-04
6.057583476381950011e-04
2.418586158272382092e-03
4.209602361615937070e-04
7.713736899624296399e-04
5.892017505945771868e-04
6.795346790117243185e-04
8.576458152050731292e-04
8.083889472951618542e-04
7.225443696429565289e-04
1.057941473698615015e-03
2.235469534297675025e-03
9.294334728795285204e-04
7.171957371395378932e-04
1.208534710973434463e-03
4.385942005872955213e-03
1.061872501273372366e-03
2.508245179077226664e-03
7.268523011810213656e-04
1.025750895974107593e-03
5.259656620880331446e-04
6.920752595791434484e-04
3.823977637343262473e-04
8.145237353487991532e-04
4.599117526991872889e-04
1.066250440148991613e-03
9.731718716943964578e-04
5.651846908741147953e-04
8.592550692955930932e-04
3.871369854836188102e-04
8.935952815715223494e-04
1.039945048096158802e-03
1.035405445616730674e-03
6.923159486643314315e-04
5.825989858303577034e-04
1.273516749351832249e-03
1.935424953344349252e-03
8.640205632218359889e-04
3.287663523637705159e-04
8.814228408881897864e-04
5.629932458284663292e-04
1.318302998881164560e-03
6.080071847053714756e-04
1.149096134465782751e-03
1.125647145130783061e-03
6.491450983446049811e-04
8.432253673440445784e-04
5.982599659571004053e-04
7.511441372645209606e-04
5.140107251315268388e-04
3.378877868110239800e-04
1.246351212872390431e-03
6.303659264950107295e-04
1.476710154490039253e-03
8.351866638694158433e-04
6.848791674870693524e-04
1.455018267142374391e-03
4.282807561403041371e-04
3.625926143578925352e-04
1.850948388282221526e-03
3.032360095981275990e-04
1.679319635413860931e-03
9.635881149752591624e-04
6.988078505859387363e-03
7.859783746246447843e-04
1.274812966635365885e-03
5.762536072879576466e-04
1.079273579950344427e-03
2.780674687387630880e-04
1.503352416101880933e-03
1.029794925547368890e-03
5.141872226996153017e-04
9.148433677215689428e-04
7.317025478856434111e-04
1.051496961305192638e-03
6.096023825918378720e-04
1.287346695120547904e-03
8.226193926461734069e-04
1.210831469228766622e-03
3.962388230737717734e-04
8.272669043179749996e-04
5.281853841231924813e-04
1.134306662127098882e-03
1.790464507707347592e-03
4.957663877463755042e-04
5.613328515029065947e-04
1.182539654388679558e-03
1.155532112311263284e-03
8.347800562184369425e-04
7.385063820220269613e-04
1.166721017717929458e-03
1.018049528288248471e-03
7.256702762282866460e-04
9.425548158908379250e-04
3.334951704866081796e-04
8.155904495995351623e-04
7.825572414425867578e-04
5.212635753448692944e-04
7.729908834890082811e-04
2.220007980012622673e-03
1.592328442179211274e-03
8.769486470724439193e-04
4.329036588954151697e-04
6.477638306247537501e-04
1.298328356778480526e-03
7.683861153994449083e-04
2.081688680892207141e-03
1.315177829354789111e-03
9.318979922465946749e-04
5.750708885825332999e-04
2.019438627366198190e-03
1.712951492816840822e-03
1.421477914200888152e-03
7.660897107966460054e-04
8.941583727681644668e-04
8.614328478047109583e-04
8.260179479293747141e-04
1.380450622324164069e-03
5.861948939196112447e-04
7.700662927144708491e-04
4.873745318366129431e-04
1.011246312456918128e-03
9.280463281976982642e-04
7.093479276668953780e-04
1.986799184990363336e-03
5.251439126751439529e-04
1.184900941542168682e-03
2.257724581981479083e-03
7.252234131207088578e-04
5.715970936358080604e-04
1.011231700990274096e-03
1.516242333644811759e-03
4.555555714101739090e-04
6.215058619184935613e-04
1.096815268261153858e-03
7.250231624729222557e-04
4.829863611806176679e-04
5.816529770941753115e-04
7.135314545057809890e-04
1.234962617025206575e-03
5.607753281351970844e-04
7.073698267271404235e-04
1.017856288207315578e-03
9.615866254092432248e-04
1.125647145130783061e-03
1.319405244530821430e-03
5.986493806116434738e-04
9.192518605641097169e-04
2.234935802862049806e-03
2.144114102547201115e-03
5.513556209336052151e-04
2.709042811878312998e-04
1.084633569001818313e-03
5.236980372378556613e-04
3.282199839124551278e-04
8.189025704466047079e-04
2.550131891614792383e-04
5.353269626974856707e-04
1.580769093372752119e-03
1.360121762669920433e-03
1.171592498209137519e-03
6.347602359623460717e-04
5.365061590895775197e-04
6.810273992929315743e-04
6.920735347980067412e-04
1.183806242725725030e-02
8.507573942923432955e-04
1.121735561359554550e-03
8.273953688783666294e-04
4.801397264915046280e-04
4.130683912685198045e-04
1.447766994435611618e-03
6.226666830840813958e-04
7.440407714867091097e-04
8.528325014131483972e-04
4.692156305376961518e-04
2.692900905626322548e-04
1.048328308828177721e-03
8.288096869541573082e-04
9.093892945716200568e-04
6.198186572088803690e-04
9.868409265723621353e-04
4.001323038145050042e-04
9.300509792501816765e-04
1.545305154032488660e-03
3.694047087567502727e-04
6.423113820257835222e-04
9.107840478559719923e-04
6.919580087177962377e-04
8.708292271865741797e-04
1.471210959909712186e-03
1.600429816181524493e-03
4.695819224655909492e-04
8.773091949121808496e-04
8.710979843707969362e-04
3.156999413017896211e-04
1.922475774736084842e-03
1.745098463439250132e-03
5.868693549057476481e-04
7.607312245327421760e-04
7.367186475277828338e-04
9.676154375613672505e-04
8.577078678132037635e-04
5.115673412393957793e-04
6.397266154071568414e-04
6.130586314407404994e-04
1.313175602894082724e-03
1.009011289676941484e-03
7.338155822660926211e-04
1.491729320911001347e-03
8.074435285169732695e-04
5.800854734702055740e-04
9.903611609680760403e-04
1.166796517212669720e-03
6.787023785494090446e-04
4.820962376722988884e-04
8.114590559637241581e-04
5.303455839728225645e-04
9.132922664611382120e-04
7.691250064030959958e-04
8.608381730045352315e-04
4.512575730800438075e-04
8.437242322433665884e-04
5.302771325624043098e-04
5.651507750485002543e-04
5.354793827209352935e-04
2.229810675292805654e-03
3.881068738131532780e-04
9.106792939959389892e-04
7.845246602751152756e-04
1.816597472629912944e-03
2.258472022186791116e-03
9.126112420799166805e-04
1.251661405746501985e-03
1.182539654388679558e-03
1.251657765013267131e-03
6.596997038863103768e-04
1.811164958197631139e-03
8.743665850653955553e-04
7.682400665430913532e-04
7.674571194808627386e-04
6.622710375681823726e-04
4.884790714833220793e-04
1.863785802701928328e-03
1.223541729228346843e-03
1.401009757476487936e-03
4.818248677967247248e-04
1.017407978297869700e-03
9.046795574892628998e-04
2.267035478947545830e-03
3.800623269963924957e-04
8.325219835337002499e-04
1.250782309600456579e-03
8.705883070014968630e-04
1.143289679736043951e-03
9.420236917734391537e-04
7.672733852037928650e-04
6.303659264950107295e-04
5.623350265195873774e-04
1.871810950948253312e-03
9.875560322397847375e-04
4.338820942092034443e-04
6.968132664644275743e-04
9.745268403985480341e-04
1.086502050681984908e-03
7.983980017107251709e-04
1.611745398813186183e-03
7.219779272570429072e-04
6.920779997675412503e-04
6.702650217710606154e-04
4.015164200249046506e-04
1.739052622454598327e-03
1.234962617025206575e-03
2.063960079913123094e-03
1.127337049191631628e-03
2.204261532092982850e-03
7.451957940298213146e-04
1.382385100878689380e-03
1.281585583809395374e-03
3.377002174576764978e-03
1.521055608640538249e-03
8.470991719350066257e-04
3.126097609945970241e-04
8.985628034648144224e-04
4.683785188161661696e-04
3.287734122569870975e-04
1.552838716053189360e-03
2.215325148396805888e-03
9.732919961152349366e-04
2.351210718850459038e-03
7.515134702865738838e-04
4.769758581119234032e-04
1.172406801998351596e-03
1.168430496002939491e-03
1.542901608854100985e-03
8.078529167319797866e-04
9.514614562194513396e-04
7.903628167873872571e-04
5.913940236773501972e-04
4.411344683307585413e-04
4.704896283302889364e-04
6.656221427655451993e-04
1.190486004940012740e-03
4.106215997110082951e-04
8.299028070874653112e-04
5.472172614473368862e-04
1.024870551700554589e-03
4.975778044862746042e-04
8.318448988915427833e-04
9.000900123281336141e-04
2.632137291195568631e-03
1.788372720827374231e-03
4.253618200451051400e-04
8.299717314174668344e-04
8.565016040469786325e-04
5.844393755721354229e-04
1.148029476120157686e-03
6.119753372319650716e-04
4.616281848665923092e-04
3.656561338373828644e-04
1.520977335748592086e-03
1.557089044438485659e-03
7.981787725471519834e-04
2.682393489958545020e-03
2.127171065584996384e-03
1.561167888232718303e-03
3.413084828778207560e-04
7.573964583038441181e-04
8.255399357614249698e-04
1.225633972270180009e-03
5.189302412918495857e-04
4.878048840545493947e-04
5.584366306603079843e-04
6.738596537244085499e-04
1.608660848148613445e-03
1.446998870330729915e-03
8.995127557483029038e-04
6.386454424351191081e-04
8.054400857053814174e-04
2.745704271046029224e-03
5.342087778256812431e-04
8.608224927785192897e-04
6.258349242429934707e-04
5.234009433417221571e-04
1.132059077829575397e-03
9.426751230684129058e-04
8.010157228219080957e-04
9.913235470004400692e-04
5.222266900199803736e-04
4.400040317365052126e-04
1.151044002127388916e-03
7.268472933700301751e-04
7.213552239906572067e-04
1.582450271402427661e-03
1.033504352218823311e-03
8.098095379802596090e-04
1.120211863642541677e-03
1.034614886302338702e-03
4.813318474676362042e-04
6.019460221799423577e-04
1.093733110117067753e-03
2.219375528817613390e-03
1.037116399073075837e-03
6.293216864183413979e-04
8.963889128512135887e-04
6.481327573774248218e-04
1.804575691446213756e-03
4.372447692571300448e-04
2.039541755620304792e-03
1.696155788475815643e-03
1.083348697045193086e-03
1.099262702844044405e-03
1.015787839962360934e-03
1.238389376227750673e-03
4.333522503417800418e-04
6.796902578179690605e-04
6.480438367767308618e-04
2.854464776957616433e-03
7.309700799310427446e-04
1.232551866162120676e-03
7.795804925375422051e-04
5.954026247533021274e-04
1.368770136359110691e-03
1.110965816774999631e-03
8.014542678612014822e-04
8.121239038807703510e-04
2.681063502216583880e-03
2.347889007009721068e-03
7.086748113631065413e-04
1.352594215660273642e-03
7.237553436772036376e-04
8.556971622386195554e-04
7.874189786389908241e-04
