4.346751702984837378e-04
8.262927024023055452e-04
1.165876347232301441e-03
6.164275227899364620e-04
4.364968241839551634e-04
8.829623015775917233e-04
2.819723336266262881e-04
5.906584554644446787e-04
1.329282298729848790e-03
9.529876204105546108e-04
2.244105040782916685e-03
5.594406125582379900e-04
6.190356227514652891e-04
7.325404160683455243e-04
2.325987399546785694e-03
8.159730583254634932e-04
4.948319601866125583e-04
4.943986948411575443e-04
3.322536057129538254e-04
1.066263169424255895e-03
1.219842995382555738e-03
4.505218598545385417e-04
5.079093139227761934e-04
5.391727946302116549e-04
1.342510729635108726e-03
5.928972268812696296e-04
3.212162776818141023e-04
9.717545196635014870e-04
5.873853514552417011e-04
6.170950707090349947e-04
9.116612659822710641e-04
6.017195631044281205e-04
5.195781510023744819e-04
4.432504579665483236e-04
3.421899487013024799e-04
4.880805332090134576e-04
8.654778702818820627e-04
1.914293774848853770e-03
1.030235976804459372e-03
9.676152095930704499e-04
3.257282862018041274e-04
5.580418567658321140e-04
4.155397321987794519e-04
2.363424731791529971e-03
2.951026022868772128e-04
4.129591622302700854e-04
7.075934679124443183e-04
7.779621344869942301e-04
7.713232588766063234e-04
6.670095185759509354e-04
7.677352910450107584e-04
5.820778368375122266e-04
7.381643608816180211e-04
4.960353604958378558e-04
3.423366184702891389e-04
1.781201276467517984e-03
1.326619512404556521e-03
1.066216672046057514e-03
3.857659705542189062e-04
3.846624887448995243e-03
3.200068137512417608e-03
2.887269500677768809e-03
1.021854985819015604e-03
6.954908426522818246e-04
1.433131135345742024e-03
5.438356715973029437e-04
1.775608056489373426e-03
6.833652452315592922e-03
5.921184843125893663e-04
5.101094521147869244e-04
9.007771852130303089e-04
2.308202054078627077e-03
3.652435311253502022e-04
2.779187769455477653e-04
4.389404843712797072e-04
3.898654544777049955e-03
5.818110367869518519e-04
9.092067099920934058e-04
2.034862961919450906e-03
4.989039305262837161e-04
8.778495140633344254e-04
1.206662360971905851e-03
1.348428409878011562e-03
2.666294626562868038e-03
1.260541482960567377e-03
1.112751668589427242e-03
4.958711943930428374e-04
5.056426408998007270e-04
6.606696811627794062e-04
9.247461815676423762e-04
3.823043930917233743e-04
6.015184196456015760e-04
8.526652538563279492e-04
7.969524944552232619e-04
5.192447336949898313e-04
1.142158592106222014e-03
8.933450545439433968e-04
8.209420768330664541e-04
1.746982282904494541e-03
3.463592290342120284e-04
3.332573124352731803e-04
8.297116817516604539e-04
6.936149293613517140e-04
3.519029718376112410e-03
8.985346906068035011e-04
2.302422235265686856e-03
4.779811912439363669e-04
7.114465359325812099e-04
6.183837236539236953e-04
1.190833943764982045e-03
8.990754373523013408e-04
4.333998116524335792e-04
6.352101392975879890e-04
2.885688611882779764e-04
3.409892142362446680e-04
5.457579739505712471e-04
3.071101727498124802e-04
2.971085935065860832e-04
1.059929512119478371e-03
7.146214911358498992e-04
1.013397717947499277e-03
4.574647317014877393e-04
5.467144082727334485e-04
2.673663182634529629e-03
3.911557903259393898e-03
5.446685322609023418e-04
5.095349774083793477e-04
3.250828079250912134e-03
1.086803478137354914e-03
2.059196885208925266e-04
4.248742961606348056e-04
1.279487349964608233e-03
5.597002255698988035e-04
9.134790852995394858e-04
6.668928632545509426e-04
6.707711000030374456e-04
3.972977411705371224e-04
6.043334873655702936e-04
4.280096358663717376e-04
1.592809207264578048e-03
1.386222819273142054e-03
1.600540058639832479e-03
4.033787608424631689e-04
3.971146421801928180e-04
1.300137559314465873e-03
1.460682636496255481e-03
6.514635943808443682e-04
3.477301880284823575e-04
1.372333685012321926e-03
9.094553326860653139e-04
5.109065966082896714e-04
4.924583270085726525e-04
6.397621512360413681e-04
5.731100638065015794e-04
4.210695766103258824e-04
1.418244713214012083e-03
1.014456415569627056e-03
2.292300453409596046e-03
6.743515794758999987e-04
5.505198677017923269e-04
8.081601989219285584e-04
4.815270591863594668e-04
8.111119266055914030e-04
5.297204365751583119e-04
8.551361308046434226e-04
4.370830755285559058e-04
1.807735926798931204e-03
5.426530851163507453e-04
5.859140627757190726e-04
1.656198592695630641e-03
8.456297153244545948e-04
6.257359334243918015e-04
1.176183694672273397e-03
8.743875333676688405e-04
2.368145148376006245e-04
8.027443325816416807e-04
2.722618410869517554e-04
6.095340676008603568e-04
1.326227032501275894e-03
3.202826681393123546e-03
6.458932750572697438e-04
1.614806236485030657e-03
5.999764487422301184e-04
8.494866051844502872e-04
1.280277646518565484e-03
8.433546112928390912e-04
1.023870025813641447e-03
8.252772578598624974e-04
1.173546367124951237e-03
1.502816707606125738e-03
6.803079462575816264e-04
4.164141143144201138e-04
5.136429414997485243e-04
4.974594703368603963e-04
4.969951046607814192e-04
8.078981379241355820e-04
9.676194178077825864e-04
3.473260011825542322e-04
6.185060571643381539e-04
2.766206575505757419e-03
1.588024312359453353e-03
4.779029506665701975e-04
7.536300363584984936e-04
1.774987710829021735e-03
3.816827768288587222e-04
5.814537131568311198e-04
1.153660482698805768e-03
5.635434471214301666e-04
6.076756166222796159e-04
1.748909160791555515e-03
1.458274713355023995e-03
5.846417701899333163e-04
7.899783635911617266e-04
8.245655627932011247e-04
6.282235953558126286e-04
4.348735511050749411e-04
3.899627289761057073e-04
1.330361265592871871e-03
5.202082875068618278e-04
2.618619680340270213e-04
1.613263336249673701e-03
6.980177221158111525e-04
8.160311050992897792e-04
4.495046666146056765e-04
4.162991527200202982e-04
2.972607811537722922e-04
9.660998011489894824e-04
7.117297242790708838e-04
7.213160029378719003e-04
6.840306556744694391e-04
1.273491858773793256e-03
3.830971993529007184e-04
2.136991419931736930e-03
6.469353878185892665e-04
1.015791493421012862e-03
1.450640622828843623e-03
1.587145847932904972e-03
5.196614029825852733e-04
6.856587449905545036e-04
6.812407146900833219e-04
6.818626735557304893e-04
3.165564590831910683e-04
4.825748947386428677e-04
1.928920647075623536e-03
5.468839880976547651e-04
7.955635695308964014e-04
6.098338418015612382e-04
6.426897420784482770e-04
4.277381073379426689e-04
7.751882251473068367e-04
2.083860682860354946e-03
3.566851962652270295e-04
1.814343652043250502e-03
6.554019690117858597e-04
1.500275226787362460e-03
6.578742788211537976e-04
7.319991903271532308e-04
2.572354508303398724e-03
1.299250488261218407e-03
2.153868717433821524e-04
8.584358331498576468e-04
1.106171751562376546e-03
1.456792458196181890e-03
2.609467859816825349e-04
8.880732280805694791e-04
3.141717723285376287e-04
6.862319380007196688e-04
4.354923637082695536e-04
8.599577087075029004e-04
6.538556478152523490e-04
1.300527988389782235e-03
3.631749684811164461e-04
1.153164255637660271e-03
4.464866395906080224e-04
1.605583449040165131e-03
1.025143542884372717e-03
4.643108071582954474e-04
2.349781626862760707e-04
1.023862976529166724e-03
5.851192870947317156e-04
1.097805731213455545e-03
3.050760097644295878e-03
1.207911890178315923e-03
1.414545886174944749e-03
1.049815642767364240e-03
1.444133167045528890e-03
6.185719896440967577e-04
1.653566469468225122e-03
1.025221895888976491e-02
4.748814890446014414e-04
1.164567073112572669e-03
2.580521751296667790e-04
5.086938788401025287e-04
3.903016415046281886e-04
2.621726245174638083e-04
5.908082167660414896e-04
4.703589381002346850e-04
4.822727940834101992e-04
7.258603622431290944e-04
5.431332626793587389e-04
4.706434184130631215e-04
5.721527707862893207e-04
1.593884228225412583e-03
5.635629971287608357e-04
3.088525857796833624e-04
9.427250164685794815e-04
5.042143538376512441e-04
3.053165450879351587e-04
8.166927757033624847e-04
1.288231540689937192e-03
1.012937643230961979e-03
3.793309002383266895e-04
7.505548088193971564e-04
8.157942738080673677e-04
4.561541528148362621e-04
9.673582261434912795e-04
5.546589446311269832e-04
1.397251368777962990e-03
1.101814283968808542e-03
4.455082698780607128e-04
4.374180810809877003e-04
5.210286793355042856e-04
3.741877901577757445e-04
3.117538351150643278e-03
9.544576768123627999e-04
7.103517630508808522e-04
1.493633497008995227e-03
6.591298588250307832e-04
2.666294626562868038e-03
6.469329454760264827e-04
5.828881817515376958e-04
6.360821080603918515e-04
5.905259179708387219e-04
5.162832794956014439e-04
6.645916720963418716e-04
7.356178151319562241e-04
8.116381280151772860e-04
2.666294626562868038e-03
3.701512121589324990e-04
1.680187826103561729e-03
5.109272450413155763e-04
5.658633711799118931e-04
3.037703887311261463e-04
1.491988573257993890e-03
1.488339443319801857e-03
5.296946023341330247e-04
3.589670581629844323e-04
9.686145957163357642e-04
6.972158555436448789e-04
9.897431924465831515e-04
4.603996176425173038e-03
5.432261035222806520e-04
7.383832791405502008e-04
8.829769556890295929e-04
1.200301021934395895e-03
6.097372890083255790e-04
4.113279855914988908e-04
6.443087004641930623e-04
2.026318971356703014e-03
1.421814154271757022e-03
2.626406473448946680e-04
1.121976416972855989e-03
3.364780783918689235e-04
1.216666022135548314e-03
5.702982886621216652e-04
3.350121188334259387e-04
6.095340676008603568e-04
9.022453195277374723e-04
5.275164761810943476e-04
8.110836832065856927e-04
4.255022525545733032e-04
5.692403409679358973e-04
5.817606043277625963e-04
4.374244260605500943e-03
6.603453880289796149e-04
4.965569103590853099e-04
5.950185990642398387e-04
3.284528392213703130e-04
1.902344868752001367e-03
1.025370396882220722e-03
6.896461919313515935e-04
9.965133871851486122e-04
1.938302628438943282e-03
5.725825885833178003e-04
1.576459954323111527e-03
4.473097028075661142e-04
7.494208852836780612e-04
1.710910212832177178e-03
4.058075555836435978e-04
7.050833753003291288e-04
3.237982644493404426e-04
3.036341789969417265e-04
4.358054244040277555e-04
1.006074189299188985e-03
1.076315491471958614e-03
3.972977411705371224e-04
3.007700554815333303e-04
7.303706171347765924e-04
8.729978227284919184e-04
5.287912373840248986e-04
7.675022475344882257e-04
1.007640749247069086e-03
4.977459743895191156e-04
1.875970030113297080e-03
8.884074905745015065e-04
5.310649779089002698e-04
1.124995104012321704e-03
2.172550765790009727e-04
1.508741670105874294e-03
2.187999894202831939e-03
3.109988493059735238e-04
4.641726711001564038e-04
1.001227536946378786e-03
8.506333132679004972e-04
1.765859300768189482e-03
8.958486172044779344e-04
5.274999943786647626e-04
4.272538779254994937e-04
8.508876104697093296e-04
4.265957155160251635e-04
7.506101619773850346e-04
4.571817618732912608e-04
5.258214425155453581e-04
7.043149898311588161e-04
1.913465928194156996e-03
5.402079726278843875e-04
5.148327973782529507e-04
8.583928131696435225e-04
7.169713301588548490e-04
1.568812838726574895e-03
8.909896900389231537e-04
5.478991688707812030e-04
3.923248721748721392e-04
5.940877774013317639e-03
5.989261997633886156e-04
6.717437202762826642e-04
2.309338818927391800e-03
3.245843092735018224e-04
7.530451306344990246e-04
4.336530774896445737e-04
4.378763822833261631e-04
3.485962981443322013e-04
5.559138945103159722e-04
9.078388512700153118e-04
1.039576308455563564e-03
1.099597998742191281e-03
6.643048039157876733e-04
7.797558996468071692e-04
1.427896336483246544e-03
7.281946088131143304e-04
3.636199960896119732e-04
1.659664061817301643e-03
3.836541449471406987e-04
4.647622775523752546e-04
7.403360550768741267e-04
7.492172297700530744e-04
5.355088566472106021e-04
1.459815886545989773e-03
5.350882894261417035e-03
4.513462380119347443e-04
4.401425586201095086e-04
1.643276586251577820e-03
6.654375467771803413e-04
4.369430418270429895e-04
1.031409119872970332e-03
6.016354863888418499e-04
1.011387728619485586e-03
1.440926127370494936e-03
2.148116176477150429e-03
3.733989308784296151e-04
3.061335914082177995e-04
8.329174759085669275e-03
5.768392061999005763e-04
3.050760097644295878e-03
4.719908332937291975e-04
7.221387437282999642e-04
5.152108749122634012e-04
6.928675176642623730e-04
2.280583157562778018e-03
1.141035639652237307e-03
1.082416575821013808e-03
2.297513723880921076e-03
5.646864771608843796e-04
6.408841938403912059e-04
1.947488301160355158e-03
8.509410566044207187e-04
2.992025067150265861e-04
6.718291753974015533e-04
1.110374691797230088e-03
7.574408174653628287e-04
2.177558439949093660e-03
8.701687862464158952e-04
5.909968443051968195e-04
4.742709578427250008e-04
1.046491520905869308e-03
3.836541449471406987e-04
4.817166558092490628e-04
6.061168682456983961e-04
1.706296624181766978e-03
7.752461716432502287e-04
4.845944527445372025e-04
5.645738731128415377e-04
4.185520943482263210e-04
3.200068137512417608e-03
4.815270591863594668e-04
1.088720295846576890e-03
5.405844341872832271e-04
1.375072595689299073e-03
7.084632826723269482e-04
5.268184767382276404e-04
2.128829795600595872e-03
2.354458765007697626e-03
4.280443755237404503e-04
2.983573957201816288e-04
5.491811254032331934e-04
1.580339772516582220e-03
1.073163176279868765e-03
6.559326593269511297e-04
9.491392041120116831e-04
2.435600673687936604e-03
6.009922726199158540e-04
2.657069256329852927e-04
1.903492631681309374e-03
2.713610054356862091e-04
9.314981198485522028e-04
3.408211649153292718e-04
7.960871235571673286e-04
6.483868866500955026e-04
1.662893147906783966e-03
2.080574484906617862e-03
9.563468075722232403e-04
4.040852826260022909e-04
3.898654544777049955e-03
5.811967003599428612e-04
2.875518839836221051e-03
7.509819975678546679e-04
9.113666723779499093e-04
4.847470805115133082e-04
9.411996169368118436e-04
5.530836355695737533e-04
9.226301180915281140e-04
1.072187265095377127e-03
8.796499490504079569e-04
5.366807450447504948e-04
5.967012835552528913e-04
6.743301211503342340e-04
9.683960025333252777e-04
3.956962587759931069e-04
6.672268466110923592e-04
1.693547009716346325e-03
6.836242160394974616e-04
2.083860682860354946e-03
6.877627746363285718e-04
2.200067530272532910e-03
4.548304525612680634e-04
3.659631142724648826e-04
5.666934521490744241e-04
4.925123453943230228e-04
6.668928632545509426e-04
1.448081733024127009e-03
6.908102220800093653e-04
4.917190496509264361e-04
4.391181648820872106e-04
6.089766254904732234e-04
4.992636416568149282e-04
7.539308375840019253e-04
5.297213095273137521e-04
7.745510692659295310e-04
2.668469155294551443e-04
1.193456545530900909e-03
6.096770044521301630e-04
3.600028962146687209e-04
3.576091212052500442e-04
1.645564582997634511e-03
8.346307282920931332e-04
8.372677891586703149e-04
7.784473118139880778e-04
8.320166037311438377e-04
1.091541437695389390e-03
7.078694464774649931e-04
3.294271699924953157e-04
7.640679942621222877e-04
1.379408591227122534e-03
1.768360236038105581e-03
7.615087683975455034e-04
4.857801059712976558e-04
4.231816572583763179e-04
5.095349774083793477e-04
7.321503058392310991e-04
6.052851962301365263e-04
7.690276748548480375e-04
7.833035833075381810e-04
7.529759716867924632e-04
7.202891761913663348e-04
1.889688675032319583e-03
6.833652452315592922e-03
9.472778664837658725e-04
1.163413663207156154e-03
4.722982387080529006e-04
3.240405988887655594e-04
6.730786548159307763e-04
3.080042231005820658e-03
1.049518163902740057e-03
2.648180549700088812e-03
1.772016803093794547e-03
6.936164692923794603e-04
5.709277132357118553e-04
4.789387133806202431e-04
9.511784279455045600e-04
4.182221999084782750e-04
6.398789520694405123e-04
3.957122740665588306e-04
1.203128909826188704e-03
9.621373475801516797e-04
9.179809148058103033e-04
5.258417505443156986e-04
1.225223283893726997e-03
4.111154095916684536e-04
1.150296984268172912e-03
1.143597104414926244e-03
1.872832625342094569e-03
3.494988034489601475e-04
8.151477598946214095e-04
8.544428796058578393e-04
3.694045093593534583e-04
3.902107693995714448e-04
7.078389192847514251e-04
7.213280095489918355e-04
8.068110691043797137e-04
9.974227257837755059e-04
1.054704482136487259e-03
4.292335482040851558e-04
3.080042231005820658e-03
4.180157393590694208e-03
3.317004036677752982e-04
5.147149543111887663e-04
5.133207488232087879e-04
5.340360275715725150e-04
6.751382416711516638e-04
4.879412270430137665e-04
6.391934934252730023e-04
7.049698859567360941e-04
5.388139132904012788e-04
5.268184767382276404e-04
6.972158555436448789e-04
3.736506256694003517e-04
1.612208208591318437e-03
4.773280375939663051e-04
1.797297967426822679e-03
7.117297242790708838e-04
2.686807773192272184e-03
5.828881817515376958e-04
1.199000618323869082e-03
6.462917922995372938e-04
2.666294626562868038e-03
6.506100680767808999e-04
9.124967529931335029e-04
2.782717444603137816e-04
7.886696339545669907e-04
2.229621844050977972e-04
8.423169743558582209e-04
4.580261689007993748e-04
1.036952896312944494e-03
4.561541528148362621e-04
3.050821498352176693e-04
5.758878203308292771e-04
6.133879567206074277e-04
4.194724160227855550e-04
5.142227824977872123e-04
7.130076913296421728e-04
6.777167153456082433e-04
1.063257681746141705e-03
3.518782330053575429e-04
6.133530526039713843e-04
3.096560024244788840e-03
5.646653518733848152e-04
7.903052570399138116e-04
1.153853656632692487e-03
8.432141470623874492e-04
4.155205823094804260e-04
5.135460151820539975e-04
8.182210986475647787e-04
5.170071183400651695e-04
6.758864977436852437e-04
5.816571356017395450e-04
8.717459921765854068e-04
1.121547130288848152e-03
2.484919674507342596e-04
9.670588195553322594e-04
4.354612611813855438e-04
5.091555656390155116e-04
8.293297768158352503e-04
7.809261326359454502e-04
1.148536736651051922e-03
1.026536805582211383e-03
1.283553042673267475e-03
2.983573957201816288e-04
1.423432754137936426e-03
2.827554034796967309e-03
3.765547551016602086e-04
2.536916623449642018e-04
6.237866626719434492e-04
1.522739323465593670e-03
6.929231224336402858e-04
1.488339443319801857e-03
6.093468195764563736e-04
1.023618389271564429e-03
1.420926427203809527e-03
3.907427014797222576e-04
5.609109423458267726e-04
6.586149158594466245e-04
6.312426406845219945e-04
8.903504770258128783e-04
8.809704022710990439e-04
1.048652092399565607e-03
6.439744488939643831e-04
1.103575529867774309e-03
6.074952780320099551e-04
2.403309484594891136e-04
4.615930021235454227e-04
6.197562593635701786e-04
5.234804031346668119e-04
3.518292761692933890e-04
1.472689574527443965e-03
4.904147769582739742e-04
8.615916688291790906e-04
1.670059400749769087e-03
2.439216249772308269e-04
6.846700890232348177e-04
3.999326999567251115e-03
1.015791493421012862e-03
3.203539946926865518e-03
6.516999621618789745e-04
7.486705718122835035e-04
3.461189337169749084e-04
6.155977634496695395e-04
4.898449701672640379e-04
1.869683283379601707e-03
4.550116200635091757e-03
9.490843683031225872e-03
1.754986381301123100e-03
1.169331797936654050e-03
3.331511080923023707e-04
1.397304529167696895e-03
5.913366952998841061e-04
6.755954648709498658e-04
1.785269504150491454e-03
5.967407573639133466e-04
6.975035707851684041e-04
6.727077539551049815e-04
3.647559875284159476e-04
1.677280346394592874e-03
4.773377264704088273e-04
3.830971993529007184e-04
6.116142447955418178e-04
9.161092884285908190e-04
1.328146637207500190e-03
6.213847577606442700e-04
7.503874579326792272e-04
1.046109316641246354e-03
8.730974552924594201e-04
2.087716655383669087e-03
3.591590735884095170e-04
1.351853762953379810e-03
3.216217665965753520e-04
1.245364637818468937e-03
7.141463343450395315e-04
1.163517434440535826e-03
1.459812174634557034e-03
4.113434581089355467e-04
4.510065655158410221e-04
1.971987938111042105e-03
2.642818074120750781e-04
1.001730231387955826e-03
5.252559334102607953e-03
7.865670861053211758e-04
7.774789737911726563e-04
4.685848022139887849e-04
5.185652113678230037e-04
1.027978510929726834e-03
8.116241266709089443e-04
1.135385620695230496e-03
1.030809991634551968e-03
1.997146277601468713e-03
1.636165400160107496e-03
1.064290559743061651e-03
4.991031101547580180e-04
3.433574304561646628e-04
3.847246369810462764e-04
3.382212621265852349e-04
5.087309781322665782e-04
7.762321426788535046e-04
5.610877525925231759e-04
5.913085454226768827e-04
3.631551230971356630e-04
1.952415727736818603e-03
3.374571571185877063e-03
3.737133563303684960e-04
4.317499696434903269e-04
1.978519690678749200e-03
3.600028962146687209e-04
4.756278555518953389e-04
5.780301699571927356e-04
3.447680807085896654e-03
6.012913844942894886e-04
1.199000618323869082e-03
1.365026767081826747e-03
1.508741670105874294e-03
3.057849544817085180e-03
1.232435812203942814e-03
5.424885057067169950e-04
6.937719597580589790e-04
5.794481166795605303e-04
5.078616349402575655e-04
4.267444898959391964e-04
8.799157490353494730e-04
5.249822103055227888e-04
4.795703143403290663e-04
1.149162344246441913e-03
4.767145545670927582e-04
6.441454988523070578e-04
6.890022781708741127e-04
5.606016741196939669e-04
7.879676945032975223e-04
9.093323436722855089e-04
1.837101895752859745e-03
8.303579719487865288e-04
1.461232049056952103e-03
4.267444898959391964e-04
6.808495804541317810e-04
7.992999836259866023e-04
1.376867475466908401e-03
3.173465832097479449e-04
6.190948025743357036e-04
4.901019550037805398e-04
5.242667522927490489e-04
6.871455492901780209e-04
4.444624493137340742e-04
9.401799163720832211e-04
9.890690989148424352e-04
2.949268874773283765e-04
2.340311364289583609e-03
3.820217685489557253e-04
4.559425325974399254e-04
3.846624887448995243e-03
6.056440203370517215e-04
1.207051696184876675e-03
4.071907664394323564e-04
2.198071396943897249e-03
4.336530774896445737e-04
2.083860682860354946e-03
6.001929433733935518e-04
1.070636617992516129e-03
1.007374076742525429e-03
3.850723750819618190e-03
9.285746576730519132e-04
6.598530329365271622e-04
4.364212756801602198e-04
5.588828083511681406e-04
2.536524500732093229e-04
5.638415942190790368e-04
7.612008439320670089e-03
1.146494845229692732e-03
4.076574639935801742e-04
1.515489139285401861e-03
6.854941876038634675e-04
5.989935817800011572e-04
4.828128068474167849e-04
2.849157960401277009e-04
6.407852116589923602e-04
4.091503469011903882e-04
5.102182896380039016e-04
3.201287343051801735e-04
4.133951522253196385e-04
4.080626659333935497e-04
4.512960765789984698e-04
7.232610637556700136e-04
4.540388583461097164e-04
7.117297242790708838e-04
8.721411898117023770e-04
3.889368938703698033e-04
8.377375058946373446e-04
1.320511318018330760e-03
4.511089418293522785e-04
9.640654197689205304e-04
2.244727045622156190e-04
7.261097179729304133e-04
1.244446033124912716e-03
1.778508818085280550e-03
4.896184569956195561e-04
2.961135116445740684e-04
8.387746665628538793e-04
6.003969299673418518e-04
2.117071898095252130e-03
5.733415936311684171e-04
2.435600673687936604e-03
4.820108666151810394e-04
4.253688249033006933e-04
7.338382909624692908e-04
5.527972908066663450e-04
1.242487465521751591e-03
6.673983314699723831e-04
5.047717975679187142e-04
8.515526742636349376e-04
2.580521751296667790e-04
8.613104972403428728e-04
9.572748863818546705e-04
1.532626678081693049e-03
3.748313811577344470e-04
4.365128858363177757e-04
3.428239142573886208e-04
3.094657676737387381e-04
7.299546290747717641e-04
9.916668301620302529e-04
1.176183694672273397e-03
1.409694953601906388e-03
7.854407647226446798e-04
1.327883669369524190e-03
3.502091458505588784e-04
6.709175766989684602e-04
5.029947476051045479e-04
4.043413716949166093e-04
5.332655887754041884e-04
9.267780424863531494e-04
5.630240043636862467e-04
5.374448258097393703e-04
5.055255089539965104e-04
5.551277186477906762e-04
2.663476243537238894e-04
7.768852328745260317e-04
5.624145038543559285e-04
4.733627106482545563e-04
3.733038389497130450e-04
4.487962729360979344e-04
5.811967003599428612e-04
5.625560303552955060e-04
5.144572544154153411e-04
1.892720371768557642e-03
6.878592714232985251e-04
1.083137547899758191e-03
4.898350403497817723e-04
4.296621844680438909e-03
4.890670878392017716e-04
1.233917025686308722e-03
1.199000618323869082e-03
7.536981800622965817e-04
5.538147211715735430e-04
4.046333762284089956e-04
8.812411695423070070e-04
5.483326843268780497e-04
1.048714591370291348e-03
6.192180652894121616e-04
6.730333579230769921e-04
1.101206985668885677e-03
4.554167506254945866e-04
1.468453631637540654e-03
2.666294626562868038e-03
3.054120772654629525e-03
9.112265106039173354e-04
4.256192506748638607e-04
3.673982372319676941e-04
6.762515649580301200e-04
6.972158555436448789e-04
7.193469912526776443e-03
2.435600673687936604e-03
1.185900301828426767e-03
4.080312631392414048e-04
3.944675988938372083e-03
3.565355258543878125e-04
3.133662399748735582e-04
5.136130806412068234e-04
1.216349085632932635e-03
4.257025723273061236e-04
9.678859566410544929e-04
4.983575906691279202e-04
4.566898372946634303e-04
1.651011473765351357e-03
3.940172063585145102e-04
4.413167031855756055e-04
9.537024535734250864e-04
4.149671518123616452e-04
4.092350189036193732e-04
6.746338034295118339e-04
1.822086759369327680e-02
4.939889341212167937e-04
3.091770743961518887e-04
1.116351748310241698e-03
4.744757317326517114e-04
5.144477708422663361e-04
1.315953079359983126e-03
2.221261577126594326e-03
5.485012912319423830e-04
1.373910894908319646e-03
2.068723058133970037e-03
8.809704022710990439e-04
8.887247189719379992e-04
4.570823522272531546e-04
1.287018746219873886e-03
1.461287849056929714e-03
2.122254793214072672e-04
