7.034743603944592239e-04
2.133263680859337052e-03
1.230527128759119609e-03
6.344186291023168811e-04
3.848551865537959307e-04
2.553176537509564952e-03
3.828567213453171539e-03
1.640822499088356477e-03
4.696967708661158643e-04
9.237539134689407103e-04
4.949550343109219899e-04
8.475894657920749874e-04
1.919623744803778190e-03
4.981262205144114125e-04
1.067088400401737915e-03
6.238700485054088926e-04
8.428332519723828178e-04
8.813234407879450352e-04
5.801937164687102130e-04
8.210081566283645993e-04
5.398599525676052620e-04
1.093780234591024266e-03
5.629251827895679142e-04
5.268476356447953637e-04
1.039927922005470838e-03
5.574268490761883450e-04
7.160735455236642323e-04
1.796193668223074278e-03
7.616138423383071385e-04
3.357719002249065629e-04
7.218566034726534627e-04
6.779243626750383264e-04
6.600588851022252783e-04
1.480032767737286554e-03
4.195246299379197562e-04
3.940611993970514625e-04
1.591575308360666449e-03
4.314817038939758190e-04
1.091544445631106083e-03
2.212882994315542445e-03
5.616974978680442081e-04
5.448623787529201018e-04
2.959540979981710668e-04
7.818534749109806552e-04
7.265571036641215201e-04
1.184442373064770009e-03
7.566219191929423205e-04
7.184424064376094968e-04
7.072431556542562803e-04
5.492989312226997933e-04
5.981217202294944945e-04
5.267140753856173032e-04
2.972209268334055458e-04
4.876177001999599473e-04
1.914803387686522937e-03
9.200476977494122938e-04
5.212356975702042835e-04
7.737391156946278820e-04
2.414177693577226674e-04
7.072286007413882336e-04
1.777646967803935647e-03
9.823474933694214400e-04
1.054727757426057082e-03
7.265427782688447123e-04
3.521480463978968536e-04
3.025113270907145305e-04
1.070744960386333820e-03
8.524579312944800509e-04
5.044446673569092602e-04
8.100376382080293897e-03
5.218044168247607494e-04
8.001040884317267262e-04
4.654206228810479277e-04
6.705827747095344498e-04
2.367430442671912810e-03
6.866129831763035729e-04
4.172269493374907595e-04
3.495487162818471842e-04
2.340096812456060604e-03
2.071064893134953733e-02
4.704661806692149993e-04
8.808704151761936885e-03
7.858647401980619653e-04
6.163197985035558579e-04
1.029198062413621412e-03
6.827109779279047800e-04
1.165984164992924389e-03
1.040177861931140379e-03
1.084078631054080557e-03
3.378182871759620302e-04
6.917645660858798718e-04
2.989519495758074619e-04
3.635023854648418255e-04
6.750356908112526474e-04
1.145728421950428962e-03
1.275206737855127124e-03
8.197355997214863773e-04
6.730503421204913489e-04
4.664578440746167164e-04
6.934070993517230802e-04
2.573019142310695737e-04
1.364062506194081313e-03
3.983193066829852740e-04
6.161622231850856068e-04
6.384137008906638679e-04
3.596613637083344978e-04
6.978058807376033091e-04
6.656420918315388274e-04
6.613029768830328047e-04
6.107605289663622624e-04
1.162424327594329277e-03
3.786649337686563829e-04
7.686529678956587888e-04
8.696784767154358206e-04
8.366892482873226119e-04
7.737391156946278820e-04
4.714900018805226207e-04
5.810207913260695758e-04
2.860561058930820907e-04
3.724857042985937113e-04
9.238485640237937158e-04
4.964970444103320064e-04
1.250564806748605652e-03
4.345070475012692947e-04
6.270432117393503167e-04
1.603683776472490533e-03
3.960856028420794918e-04
9.328605401212445875e-04
3.902804907762940181e-04
1.448186524668716420e-03
8.643385899423535173e-04
7.372733916836456819e-04
4.416603563631031669e-04
1.751659950824374992e-03
1.021353564397334225e-03
1.543868240342252717e-03
1.379818502523289794e-03
3.791295270160097391e-04
6.754870032537629333e-04
5.099188898567523498e-04
3.411680507016337928e-04
3.980991470960739938e-04
7.005415229203485698e-04
8.244319916906575792e-04
5.930799296403903211e-04
2.174844248770667256e-03
6.269287153177844013e-04
6.522236517425746829e-04
7.164215305716873511e-04
8.341345287478142429e-04
4.426316392615428684e-04
6.583257310018538529e-04
4.083389532634718001e-04
1.658447770013193575e-03
6.077490523366385882e-04
3.175250208042429650e-04
5.335798826179433130e-04
3.085470875677503587e-04
9.888756282219401342e-04
3.943106733231713451e-04
2.947092903231411111e-04
3.868171631895134634e-04
1.955079336698035963e-03
1.964319639150553624e-03
8.280891069973354227e-04
4.279455371292271060e-04
3.582774893442349450e-04
1.100106444487714170e-02
4.738930099272666615e-04
7.271933959283779754e-04
3.423421173217931594e-04
6.281448247054715250e-04
3.596613637083344978e-04
4.431618027447976850e-04
1.278347781577728092e-03
2.646576608091874908e-04
8.076133915626463418e-04
6.897944755449270885e-04
5.422423333835585694e-04
8.134109114960925589e-04
4.626936213018316207e-04
9.896250052098048630e-04
7.327615760162926742e-04
1.367401491241512388e-03
8.204856119215984912e-04
3.724057061704588289e-04
6.730341503616793595e-04
2.814702404393562129e-03
2.585719165666155051e-03
8.358347176003547152e-04
5.476008935328979289e-04
4.636459223861257007e-04
5.480753898217603478e-04
1.937070454883242122e-03
7.836381282911113709e-04
2.741507216476440087e-04
1.035575210962548596e-03
5.623099328922529080e-04
2.829055883927002798e-03
7.934462127021604154e-04
8.737234112387696778e-04
3.407957032289038934e-04
7.751243417311566922e-04
1.148448225997273243e-03
8.163878404828279903e-04
6.320356231063770178e-04
1.224466786146141684e-03
7.443912533630878429e-04
8.343611134645548526e-04
1.150312242561839443e-03
4.412457546654259565e-04
9.990388329844856943e-04
5.823957950716459817e-04
4.857523481826337385e-03
2.670374496574126752e-04
6.451202367757634957e-04
1.113573908476396188e-03
3.081604854188328517e-03
5.546791016364292868e-04
6.449086888478242942e-04
1.843602060618518192e-03
1.054099696850771713e-03
1.147318324432849111e-03
1.195742021980971542e-02
6.506053657592182236e-04
3.724857042985937113e-04
6.287359504651709270e-04
6.336558513033842353e-04
6.042593453404081823e-04
7.162604881104433704e-04
6.358008447486548746e-04
1.239069181536513664e-03
1.403719656974922701e-03
4.812563699359382751e-04
5.378290209810261376e-04
7.941724410461793943e-04
4.699944226760594630e-04
1.116385060024859552e-03
8.963169844054103517e-04
1.314137244270884063e-03
4.490865870535420794e-04
4.073915225417354706e-04
1.294670799561248526e-03
2.360150723578456904e-04
5.702191078938226299e-03
2.071064893134953733e-02
2.023598778352368819e-03
8.295805368376625490e-04
2.025845907268483941e-03
1.217302419454016627e-03
5.011030988069004087e-04
6.369802071937888084e-04
1.118129618490807222e-03
6.475494305269944564e-04
8.075158802230703991e-04
5.788570921396602722e-04
3.336636392767976158e-03
4.059716915086892652e-04
6.783033203451404973e-04
3.546225307763256900e-04
1.341822834032940694e-03
5.876485558412774873e-04
1.306790419193378742e-03
5.611685490676330667e-04
8.136455398837155262e-04
9.851671792278189014e-04
7.689448919033004849e-03
1.579286137108741953e-03
8.342688269909015290e-04
2.087623283695942862e-03
5.889121185349664852e-04
8.612667346151712828e-04
1.483677306560454625e-03
6.114218604971072843e-04
3.547636497694980993e-04
1.334990887735705133e-03
7.737391156946278820e-04
6.605764103284464178e-04
8.966813276883322820e-04
4.765953190044975815e-04
5.398599525676052620e-04
1.872017843043662349e-03
4.452785641791143570e-04
6.639176629942808742e-04
2.303097509814610710e-03
2.597626327717372135e-04
1.161485584692289238e-03
4.559965630772455994e-04
9.195478968270670876e-04
1.054014820233312080e-03
9.568471153667742210e-04
6.093732687132517043e-04
7.313814774945839349e-04
5.366704926442038021e-04
7.330540760907012501e-04
4.814337297569246717e-04
5.508406753619624584e-04
6.077712559144201948e-04
7.610849177802348191e-04
1.100106444487714170e-02
7.912337590480400442e-04
1.407730931631130796e-03
3.459041044845381145e-04
8.514783556427720900e-04
7.818534749109806552e-04
6.597913913579848228e-04
6.500391554667220035e-04
7.100722558385101678e-04
9.698361265571880854e-04
4.902770057806566696e-04
3.542689401207477738e-04
3.533454107428538721e-04
2.619429696416081970e-04
1.341155205376790786e-03
4.600006348985358857e-04
1.330906368816380187e-03
2.512000093950899921e-04
2.403949679071722308e-03
2.049683221781832109e-03
5.398509898006352559e-04
7.218566034726534627e-04
8.485288362294850489e-04
1.303033305135429393e-03
5.204192785707413907e-04
4.070731630385542661e-04
4.144977257649839174e-03
7.061150323032375567e-04
7.646878419333496494e-04
6.976704806358463963e-04
4.794151944665756720e-04
1.890202959046699592e-03
3.747424078048944111e-04
5.154189768919115655e-04
6.836105533835695140e-04
7.657569193795619880e-04
4.964970444103320064e-04
4.859973032500693722e-04
4.832650773135980984e-04
4.904296947150139398e-03
2.401768718762541544e-03
1.006138204173814528e-03
2.573183084936312478e-03
1.072097691882962318e-03
3.906001641871234857e-04
6.905845562725250594e-04
5.320915916181248768e-04
1.101662300349834844e-03
9.060118673828984398e-04
5.234434599702020730e-04
4.635852858216574397e-04
7.097960034186395631e-04
1.234571654637978654e-03
8.285658756205069482e-04
8.705462989995743769e-04
2.382318758455921788e-03
9.649100964497109864e-04
2.961599084150992687e-04
2.146746420711152271e-03
1.216603863471909337e-03
6.459932271111737054e-04
1.491258899777908728e-03
6.844268200695513516e-04
5.438722494247129119e-04
1.714951216174480592e-03
1.181091320548160063e-03
4.245024738021154842e-04
5.830614811591242150e-04
1.023409766247346904e-03
3.384971020293917120e-04
7.277437844029382074e-04
9.528307333467201518e-04
2.302534379067034992e-04
4.130951933134594661e-04
5.954966527648014596e-04
4.572021920905621297e-04
3.729608944995137189e-04
6.751047253714726783e-04
5.547776607269541650e-04
4.433843774413999753e-04
9.849151472938334328e-04
1.589931394920752290e-03
1.010044012379449551e-03
4.718948126437066590e-04
6.274968793766048025e-04
7.737391156946278820e-04
6.663739350312976664e-04
2.904357482869294560e-04
4.009683074665840673e-04
8.939652868656417384e-04
4.166235944166614262e-04
3.171831253792166817e-04
7.368673829726791677e-04
8.475894657920749874e-04
9.046927568126964057e-04
1.469226059712388155e-03
4.610910366899080093e-04
1.049096578572415251e-03
5.887920344932388687e-04
7.982522605463271892e-04
9.516450275245335287e-04
5.194680640196314278e-04
1.137780958659573727e-03
9.363360217660541976e-04
5.589770133744015193e-04
7.607283985658918907e-04
1.752999235962154423e-03
1.430377780560352502e-03
2.677198205161476340e-03
3.684795717487043235e-04
5.022342495361892950e-04
9.285866953091569467e-04
4.869790509065690678e-04
1.841835838306360527e-03
5.289178376250658299e-04
4.232539124501130332e-04
7.575315432814359873e-04
4.076156237658418819e-04
4.986087877328984359e-04
1.903982404843715653e-03
9.644367611405608911e-04
1.011206080144604665e-03
5.095566742379759820e-04
4.027590259209340570e-04
1.169671739174603202e-03
7.395258187097761803e-04
7.509584563492709012e-04
5.915875384030070457e-04
7.882919883625845838e-04
3.776966727901209342e-04
9.273146160227426285e-04
6.210199698455923971e-04
4.154100439683538690e-04
8.051763739376869167e-04
4.905470076080650343e-04
7.422168262297200274e-04
5.385527156077284322e-04
8.343046460137913027e-04
3.590950289072543876e-04
3.765073887679649153e-04
5.023504261369807775e-04
4.407460432831635639e-04
6.936025919668412998e-04
7.686198840233745850e-04
3.850782236775289339e-04
1.137839738099256492e-03
1.017843421811527810e-03
1.620202291095204422e-03
8.741914561241886233e-04
6.015664559688235638e-04
4.646218941959876230e-04
5.000867446588175280e-04
4.293386665221037598e-04
6.075625049592555836e-04
7.450008410291235166e-04
3.789876115947973844e-04
5.280613223776319930e-04
4.663423722110104008e-04
1.859087187686056953e-03
1.638841178347411097e-03
6.197974782604077871e-04
5.600055323841030865e-04
1.614606424950872218e-03
1.352882483084939368e-03
1.028133698638714023e-03
1.181210484916820486e-03
1.810184385155292047e-03
1.127760308555936014e-03
7.751734870198690808e-04
4.172533035533262176e-04
1.249722004606680040e-03
1.338632172428857407e-03
1.168304601179343937e-03
4.955180385466375834e-04
5.304174695372559055e-04
8.232813946243211023e-04
4.327938897798068560e-04
3.772603807385519360e-04
3.028533708460789519e-04
4.534989903465133881e-04
3.546095826786125325e-04
6.009014659138393411e-04
3.659396277708196698e-04
8.268150846218985228e-04
1.576705809615968094e-03
2.433964419871740073e-03
4.574111701832608368e-04
1.040081970938432077e-03
6.079136640215113520e-04
1.254480689906573151e-03
6.945605770838032605e-04
4.387541176563634600e-04
7.286915222682665639e-04
7.160533052626987145e-04
7.427551802838365785e-04
3.025130048584060176e-04
6.633339005124731834e-04
6.781493682644674928e-04
6.223068498489172469e-04
5.737283691089232422e-04
2.254135016751862043e-03
1.200147432598703753e-03
1.242907854577300977e-03
5.694822416076656844e-04
1.381658217132400619e-03
3.668087139397157659e-04
4.171984730717631586e-04
6.004415747330137370e-04
2.888986665425890784e-04
6.249712659587573944e-04
6.736086540505421523e-04
8.628656450230526428e-04
1.074169369207533505e-03
1.223436857021740305e-03
5.399521272371993023e-04
6.091080306768986534e-04
7.301130538058945348e-04
1.266232232532061262e-03
4.474961961908252767e-04
1.153450015835656012e-03
4.898315288854650793e-04
8.058040519298858726e-04
1.184457927776383802e-03
2.514681769503095306e-03
4.205737401089821702e-04
4.688858169764693797e-04
6.004415747330137370e-04
1.104573519620469452e-03
2.001522908661610301e-03
8.876141767828681865e-04
3.805655658552958604e-04
9.629875996724509115e-04
4.720598383845722029e-04
8.157178349791974203e-04
9.803950336904987493e-04
1.057074515582498864e-03
7.837205641002073118e-04
6.014491412805613542e-04
1.272765878771100296e-03
7.737391156946278820e-04
6.565245248084224322e-04
7.348694833717081933e-04
1.984277327022062698e-04
1.070616317272322275e-03
9.353798964453750343e-04
1.765959586901064745e-03
7.293128414919942222e-04
8.762733762086018187e-04
9.106700589350590156e-04
1.548147635672060714e-03
4.541715144379770931e-04
6.614433705129874269e-04
6.583257310018538529e-04
4.753914261728948011e-04
7.100108071034663768e-04
1.168709881805704174e-03
6.138453334934025054e-04
5.070088289569036439e-04
4.911716198892060372e-04
1.247511936110044057e-03
3.724857807575522768e-03
1.270429270818438207e-03
1.258934470263416497e-03
8.316483304309933754e-04
4.636545465444978403e-04
4.934420241716977072e-04
8.581727090040412774e-04
4.438418969309570724e-04
5.111665286377419437e-04
2.834432274378779148e-04
9.809583803198046025e-04
6.588135254167426210e-04
5.058194937790941271e-04
5.480753898217603478e-04
8.239655419782297274e-04
3.856096947465905258e-04
1.223918754190320927e-03
1.126473130859615259e-03
4.241087863811178558e-04
8.847076803594260087e-04
4.472391922427527413e-04
1.051848008090722295e-03
4.555183303486867990e-04
1.046006239684205141e-03
8.607436257194262192e-04
2.643822273620859142e-03
5.985656908215202269e-04
9.405689790568853934e-04
7.184424064376094968e-04
1.181276895656185053e-03
2.918232123357574035e-04
1.056768926306933315e-03
7.800972225276198071e-04
4.129562434641789064e-04
5.398302183554239521e-04
8.023253443924573689e-04
5.915875384030070457e-04
9.599376187251245285e-04
4.366832867782538064e-04
3.976539635776192615e-04
1.353117092904390379e-03
1.125684065770741343e-03
4.823217494697193777e-04
6.433266750469280237e-04
1.138648681635915164e-03
1.162206513583514522e-03
6.853446437033069690e-04
1.685612456839736140e-03
8.416453994138816579e-04
4.870331519573432443e-04
7.499523211139889336e-04
7.605958964264663462e-04
9.115297609269811538e-04
3.074574927103950741e-04
8.037604670074388396e-04
5.249790495360885179e-04
1.308918186096093457e-03
1.061521919567350817e-03
5.983266040458614429e-04
4.924980960936899306e-04
1.056019469210372434e-03
9.331211242539013025e-04
5.853891589834311990e-04
5.046664446892995667e-04
4.599489000268943296e-04
6.734186342158666278e-04
5.942218885522455906e-04
1.146412658047440188e-03
9.022578494317187075e-04
5.212356975702042835e-04
6.924666982351968545e-04
9.776264018768188180e-04
5.959009699357337370e-04
1.690336597098859037e-03
5.209773251216572943e-04
6.021683831571801766e-04
6.226078023527388929e-04
3.637244725249793253e-04
4.483933067466886521e-04
6.539019037139865917e-04
1.195742021980971542e-02
1.234470717038406180e-03
6.723633674436099760e-04
5.874378139201145814e-04
3.253968297151142003e-04
4.582308467556390845e-04
5.383022574052335725e-04
1.079852281419551793e-03
6.172605855042012299e-04
3.910953652404945279e-04
4.780440938275288144e-04
7.857933510560084983e-04
1.737633733348319283e-03
9.186895183199832735e-04
5.199133375754246391e-04
5.901604612399787746e-04
6.982957913396906427e-04
6.866129831763035729e-04
9.783523708416083306e-04
4.819288665122543761e-04
6.476842523285890546e-04
6.779665464664207325e-04
8.140720786209862348e-04
1.800510417842031115e-03
6.571894327992448739e-04
6.352016987952313750e-04
4.857523481826337385e-03
1.025027589880708918e-03
4.451835033771579190e-04
5.612153848780529301e-04
7.499523211139889336e-04
4.593044590260064470e-04
7.056971351425628605e-04
7.807133624230195917e-04
2.865322995778565949e-04
1.649734048373432353e-03
4.232759286079117861e-04
7.282766057778622577e-04
1.063943905943673298e-03
8.471669366858740466e-04
3.047416727420879773e-04
1.483722341591616140e-03
4.181327939982784625e-04
6.812446020377251315e-04
8.648843653844043820e-04
4.078505765505087443e-04
2.238163498371100943e-03
1.568372153966072916e-03
6.914038801268995770e-04
2.981859658499102692e-04
6.506053657592182236e-04
4.230774413428724061e-04
4.986343316258989118e-04
2.342513662156531489e-03
5.418428524109493959e-04
7.173148536338906081e-04
4.905470076080650343e-04
5.569222311942091273e-04
1.893988422606539702e-03
8.880311246625917278e-04
7.472171105129289930e-04
5.643633403381510165e-04
1.032867062383009595e-03
6.378484018737544305e-04
5.365927463513143168e-04
4.476347163307771698e-04
8.682655391218613121e-04
4.070731630385542661e-04
5.384089320115720712e-04
6.911326266189406643e-04
4.006437633990453731e-04
7.224268031999816478e-04
5.649161500948868741e-04
7.809871688888611434e-04
6.613729762278840359e-04
1.275754429182781582e-03
1.070616317272322275e-03
8.592719406704896288e-04
7.971318589498226949e-04
9.851671792278189014e-04
2.938488895926252842e-03
1.332298870464708549e-03
7.095790187828062605e-04
1.162779536297484572e-03
6.057590095817121448e-04
4.310578312399809169e-04
6.225450204011818934e-04
1.605570967681354275e-03
7.904988096012609700e-04
1.367334589051781742e-03
5.976273050846903556e-04
5.350642784496829332e-04
1.985465924173722852e-03
8.524863304366788429e-04
9.726238439260637310e-04
4.180970778656504833e-04
8.064372565671888444e-04
1.095299082141659676e-03
8.676835624840382490e-04
3.646752675328873510e-04
3.574374584386618152e-04
5.958339752586038407e-04
4.299842759265301681e-04
5.083065309430836965e-04
4.565176104476595235e-04
1.365410147280769239e-03
9.686067187738225817e-04
1.196826008871482334e-03
7.386855864054788553e-04
9.446466750332053802e-04
7.715262937000900989e-04
8.939660588596738070e-04
1.144853956428228646e-03
4.803760774793541192e-04
2.118763880974616244e-03
4.601237767114562728e-04
1.603683776472490533e-03
6.220177136706225894e-04
1.106947898085777022e-03
3.641386234415067147e-03
6.288657936525480227e-04
8.001040884317267262e-04
8.155300782719225464e-04
4.953372610154141344e-04
4.565329660762621183e-04
1.177532828432375231e-03
1.274368320422769162e-03
2.414215868770863617e-04
8.100427522197198565e-04
6.181122731343410793e-04
3.134832051601861287e-04
6.517145448159545728e-04
6.639176629942808742e-04
8.292087054861739352e-04
1.070744960386333820e-03
7.463624830354942874e-04
5.268548551059686665e-04
4.739428876620533282e-04
1.231582780456075797e-03
7.505964417584670137e-04
1.490490889267358232e-03
1.175498400166103460e-03
3.827371072115887465e-04
4.288734385625765253e-04
7.068379101776415705e-04
4.771644676106994842e-04
5.649568818858894314e-04
8.537528057449154982e-04
3.910419237899338298e-04
3.874244149302087182e-04
1.392363467226847033e-03
4.035507434675637958e-04
8.295488303033858807e-04
5.571390854279559485e-04
1.414075729096984273e-03
4.674672559727406727e-04
9.093028626808605198e-04
4.392148352824574585e-04
3.772785199481449117e-04
3.744915067614166464e-04
4.798989236239250417e-04
4.586349964226817512e-04
3.000229214385239686e-03
6.206901928490645391e-04
5.386195044480688752e-04
4.846266402687483300e-04
2.039869779599730835e-03
1.241008598745338507e-03
9.781330247076009364e-04
1.779739199813849078e-03
6.944923716035558735e-04
1.411030194287003986e-03
5.303338511642026161e-04
2.421916809570719251e-04
4.089797819139978120e-04
4.539147542780818658e-04
4.040722529936898572e-04
7.192765579581390312e-04
3.387382923422615046e-04
4.906210141068209673e-04
5.908694260796658500e-04
1.215543760229787461e-03
8.034952207788350915e-04
7.109726465987641509e-04
1.373507556256579150e-03
1.934959513972270978e-03
7.312619107746129313e-04
4.988268446797818924e-03
3.013894566297964719e-04
9.898348127616645939e-04
7.111154441589552858e-04
4.310744502444138954e-04
6.199024872693398693e-04
1.890202959046699592e-03
4.448922848435941956e-04
2.509313088236584050e-04
8.926076034037611073e-03
1.403914153804988090e-03
1.031237241478803919e-03
1.168310668134214499e-03
4.272284414135520689e-04
9.558228961376368047e-04
4.205600830429223635e-04
1.021353564397334225e-03
6.674365613559106328e-04
4.976169757447318530e-04
4.940223933819717396e-04
1.216687626982663204e-03
4.972660778695562299e-03
3.616764274396264025e-04
7.010275169722303325e-04
7.056971351425628605e-04
7.838796943388750453e-04
6.782696543471093817e-04
6.613779295732374972e-04
3.367754250718452223e-04
2.514975392315359909e-03
1.454569626539038056e-03
4.729770001263972870e-04
2.132804001433647335e-03
4.496059291488809927e-04
2.041465184459817332e-03
4.962930482381473904e-04
8.220587576478011280e-04
1.303006825099270374e-03
4.558000690355886808e-04
1.245087008903699799e-03
6.636432248956912645e-04
5.343180714492312862e-04
6.251229407145582079e-04
2.886432308817815152e-04
1.062689219272402227e-03
5.416821756239491217e-04
1.021487591326881083e-03
8.376287651733256177e-04
5.441179871388010340e-04
5.443601890564276572e-04
7.553712224055300975e-04
7.449053223974259463e-04
6.280840510880078466e-04
7.640162390484994855e-04
4.692830117593072047e-04
7.676613721638176615e-04
1.890202959046699592e-03
6.482327091796440425e-04
1.321777592896785812e-03
2.747481082913881241e-04
3.024013321224801190e-04
3.173861897593600943e-04
1.040674107183761545e-03
3.623394411124791596e-04
7.872644314926340254e-04
1.842556004620702010e-03
6.879567394076318947e-04
4.848575057111350738e-04
4.175075053703618364e-04
6.288451528131819767e-04
5.463459849275384547e-04
7.293128414919942222e-04
4.451835033771579190e-04
2.539804306703216750e-03
3.743300931308731058e-04
1.125032004206191370e-03
1.401776685317656984e-03
5.237518430017270524e-04
7.617900391953663902e-04
2.900013348919245389e-04
1.042946421964546745e-03
4.730247290495437741e-04
7.770635484892325856e-04
7.735461836907358635e-04
3.182815781639541691e-04
1.124077697856063970e-03
3.161192077879902782e-04
9.666850619174371115e-04
8.191531850888891840e-04
6.991653502623431824e-04
4.798598029325234354e-04
3.484817847118266997e-04
6.753509631282782113e-04
4.021989446343714170e-04
8.823604155651046822e-04
7.408135787515316133e-04
6.689762793295599705e-04
1.289235905946474643e-03
4.715022209401393931e-04
1.921811109242337447e-03
7.422162143781419440e-04
6.159920504502678718e-04
1.421446056015982689e-03
4.242370180062387500e-04
1.617570013617473717e-03
2.757619699743199364e-03
7.941663366111840344e-04
5.784161796004343506e-04
1.298365647605447242e-03
7.062142134116526464e-04
1.333943350119731579e-03
1.055577391083323095e-03
2.092360115380163896e-03
5.029532180962195719e-04
1.713670739871553817e-03
1.671257637092430672e-03
8.328717407008283651e-04
6.037807530575434569e-04
4.372320209728247317e-04
7.985484867747806928e-04
6.944421091714330458e-04
7.124491196248698872e-04
4.859973032500693722e-04
8.492705209669394609e-04
8.872233260626033761e-04
4.007767165341635318e-04
4.503107483877930787e-04
4.588585651822916231e-04
5.292932984749521268e-04
2.047916395796933308e-03
6.286581898958508181e-04
1.610218490772706177e-03
7.145497052556101835e-04
9.694559671711182932e-04
1.324208103691735649e-03
5.267811500569993073e-04
4.121290296855989336e-04
1.469226059712388155e-03
1.312044353078104355e-03
2.696215701641656304e-03
7.067962666192418621e-04
1.123851749425156627e-03
2.175216365382949373e-03
2.927738548146512705e-04
4.935737520377262268e-04
6.262854390361920296e-04
8.769589111478202264e-04
3.486216706658253062e-04
1.033273258388098812e-03
3.651356500681320213e-04
1.503649658534101296e-03
8.812427718721485169e-04
6.888878164638407697e-04
1.639886566281256383e-03
2.641755664697249253e-04
5.351403703804486281e-03
1.136970184698379372e-03
5.288513928718808566e-04
2.639894637568452186e-04
9.288127955885508739e-04
4.697502818311817714e-04
5.384089320115720712e-04
1.131483562714520781e-03
1.061521919567350817e-03
4.525629513093662915e-04
1.525032193061187430e-03
9.246233315782401499e-03
3.960852531995068390e-04
6.420331971795535794e-04
8.041987405285701057e-04
1.006380856526583462e-03
3.903816758569001507e-04
7.513516082544588817e-04
2.806423713820585704e-04
