1.750334972139454476e+04
1.742068182143246668e+04
1.592749506126088454e+04
1.707811066062744430e+04
1.576961391301641925e+04
1.720735430532625105e+04
1.654045176220557551e+04
1.736294156062315597e+04
1.758200606460943163e+04
1.738921365050686654e+04
1.466108553783815660e+04
1.453210612795610359e+04
1.694617756148251283e+04
1.730941864141857513e+04
1.636024316481970527e+04
1.494547366687183239e+04
1.691710881264166164e+04
1.351181797212527090e+04
1.626597490347437633e+04
1.689251090617637965e+04
1.463210499665360476e+04
1.660520096274260140e+04
1.681365121156058376e+04
1.660292044785039616e+04
1.510641588741216401e+04
1.589796473498579871e+04
1.699937229538580868e+04
1.746153226156586243e+04
1.478282257954384295e+04
1.338883437830990988e+04
1.614389520917068330e+04
1.423938950342277167e+04
1.592236574806917997e+04
1.665293206269133952e+04
1.714876611130093079e+04
1.754225629374636628e+04
1.758385443098945689e+04
1.673407785863244499e+04
1.581415329904287682e+04
1.749121870138513987e+04
1.700724540360309766e+04
1.653500297897541896e+04
1.453210612795610359e+04
1.743547100209862037e+04
1.670201562456835745e+04
1.626201720598604516e+04
1.727889325757889310e+04
1.614909988328607506e+04
1.748710790848112447e+04
1.646821182005521405e+04
1.631836946466649533e+04
1.519494161779493879e+04
1.703130334098780804e+04
1.725583196483061329e+04
1.737892897329065454e+04
1.705000354441413947e+04
1.595151147791400581e+04
1.746796455239355419e+04
1.697463153447008517e+04
1.703418633159027740e+04
1.656538677951364662e+04
1.699548738684329874e+04
1.752333104163158350e+04
1.563297119700510666e+04
1.741162129506385827e+04
1.594761984362617295e+04
1.443875756857373926e+04
1.722135151020325065e+04
1.611028636528418610e+04
1.575761610843447488e+04
1.680289659080506681e+04
1.746942609253256160e+04
1.698261583246706505e+04
1.500583777351386743e+04
1.548656616870591097e+04
1.587174427051790553e+04
1.718349232781356841e+04
1.663643078982547013e+04
1.583314677519322686e+04
1.513803017633359559e+04
1.453210612795610359e+04
1.658971990235669728e+04
1.717267836453800919e+04
1.661220736424213101e+04
1.686221474611421581e+04
1.674807008209572814e+04
1.644311025962976055e+04
1.591007985649592229e+04
1.725885901580781865e+04
1.690078053212864688e+04
1.725950430983964907e+04
1.745032253776647849e+04
1.536634406700117506e+04
1.748510693008254748e+04
1.351181797212527090e+04
1.757176072009472409e+04
1.595969103990173608e+04
1.718362134369571504e+04
1.670513089499042690e+04
1.654494714032580305e+04
1.646392711588479142e+04
1.618983931056399160e+04
1.588565167413044037e+04
1.714704967196049256e+04
1.662750238579634606e+04
1.532948421681374202e+04
1.625348414899433192e+04
1.754363633981594467e+04
1.597246064240582018e+04
1.567818808313536647e+04
1.724012343829716701e+04
1.749090281278374096e+04
1.715005811286135213e+04
1.635330968005055547e+04
1.731551333678219817e+04
1.660646593755914728e+04
1.634516852742392803e+04
1.603779205196272778e+04
1.688090183134408289e+04
1.585604126109012213e+04
1.709635362967006222e+04
1.686218199816264678e+04
1.418870112898871230e+04
1.717707104226109732e+04
1.703049580559965034e+04
1.624722158314989065e+04
1.692382568846309368e+04
1.510547946396594307e+04
1.673750688536970847e+04
1.660142437379255352e+04
1.705708259205129434e+04
1.709116371135469672e+04
1.384811298385048758e+04
1.667045124977649175e+04
1.699718168341329874e+04
1.425273633832293126e+04
1.738493679694110324e+04
1.747877974433967393e+04
1.681332181905942707e+04
1.716371207437515477e+04
1.730412763691162763e+04
1.600191425039155001e+04
1.706724110748245948e+04
1.670762547253112280e+04
1.575838762448086709e+04
1.644998423717488186e+04
1.481512858252233127e+04
1.738022550152194890e+04
1.753772168204775880e+04
1.556478189716119414e+04
1.741964795388525090e+04
1.445971023241130388e+04
1.667855203065172827e+04
1.713855162429578195e+04
1.701817511612388626e+04
1.756106234332809254e+04
1.697139280787397729e+04
1.732933921298725545e+04
1.686202167026999814e+04
1.743604305604009642e+04
1.756579736039200361e+04
1.437266563363995556e+04
1.672946938267392397e+04
1.611260665680219972e+04
1.394288812964538010e+04
1.755066925610973703e+04
1.626479256147811611e+04
1.445245550070866921e+04
1.606708830938900064e+04
1.679250504058869046e+04
1.654068345129274530e+04
1.683685351343872026e+04
1.621535745737312391e+04
1.710778556255074363e+04
1.585048604210410122e+04
1.686086211604680284e+04
1.728856600436817098e+04
1.713951324519101763e+04
1.374505902585207150e+04
1.640433516316116584e+04
1.640805105648708559e+04
1.735938195729548897e+04
1.544596861333148991e+04
1.731198182139383425e+04
1.738922659186459350e+04
1.649058418354833339e+04
1.748479385239366093e+04
1.681944870340675334e+04
1.609704827928901432e+04
1.745256197480397532e+04
1.425616746234513812e+04
1.699663479243005349e+04
1.624911662937721849e+04
1.524849757066639722e+04
1.407439757432579427e+04
1.747242809845955344e+04
1.740456198878703071e+04
1.638516422477658489e+04
1.580852796256858346e+04
1.729723667005097741e+04
1.573306115384879740e+04
1.505550145112945756e+04
1.666003392758012706e+04
1.734806806874641188e+04
1.718686352607866502e+04
1.632136161817497486e+04
1.751359002420117031e+04
1.562702079988582409e+04
1.619003823938932692e+04
1.745467225446730299e+04
1.610667648348258808e+04
1.486563696347305995e+04
1.617435853939223671e+04
1.499770475326656378e+04
1.678795529873788837e+04
1.720674054654140855e+04
1.706687556768954528e+04
1.692041480988489275e+04
1.735659820937277254e+04
1.635545367879203695e+04
1.559590369827172981e+04
1.737413990576702054e+04
1.669247938200637145e+04
1.645860834061817877e+04
1.621302235105830550e+04
1.745906482691291967e+04
1.669230545388700193e+04
1.624575280099722113e+04
1.563962640836259743e+04
1.644482572836274267e+04
1.717707104226109732e+04
1.704094365860478138e+04
1.749209939353361551e+04
1.679966048164484891e+04
1.753500700143221911e+04
1.563210572484218210e+04
1.662724320788754994e+04
1.692294513412907327e+04
1.617317757301282472e+04
1.732805233816620239e+04
1.678361393308803235e+04
1.593913194475020282e+04
1.655257475546664864e+04
1.674080971125310316e+04
1.541523555307431343e+04
1.739820986361410542e+04
1.542650936947748050e+04
1.642236739540030976e+04
1.521691395353358894e+04
1.632770309309823824e+04
1.567828745580906252e+04
1.712373782893757379e+04
1.697310766815149691e+04
1.468777538079237456e+04
1.629151610845367031e+04
1.631503644768304002e+04
1.741486253545851287e+04
1.516450436487389743e+04
1.524842758687144124e+04
1.622898480903704331e+04
1.465680004227107929e+04
1.755375580640727276e+04
1.695308911160897333e+04
1.675669872076264073e+04
1.756402488603863821e+04
1.687982795896645257e+04
1.665615138424483303e+04
1.643773505526667577e+04
1.744660417374294775e+04
1.662084551705200283e+04
1.438964867941696866e+04
1.657036361462330387e+04
1.746134515729739360e+04
1.629156693744143195e+04
1.755855922099993768e+04
1.587680258315947322e+04
1.702562405966474034e+04
1.468190821115004292e+04
1.705789630949037382e+04
1.711247731654094605e+04
1.692711613503413537e+04
1.751215645042729375e+04
1.719845160937014225e+04
1.482862561761192228e+04
1.540793437539295701e+04
1.644088929281065430e+04
1.580661119130583029e+04
1.690055043400145223e+04
1.716944774384839911e+04
1.675904401124869037e+04
1.713813290949003203e+04
1.417985643834382063e+04
1.667802789525062326e+04
1.609781835913592295e+04
1.635688561196090086e+04
1.686302295629750370e+04
1.585498315462861137e+04
1.580565947365656757e+04
1.405463874821801801e+04
1.691596236284495171e+04
1.643146708747265075e+04
1.705003728669508564e+04
1.683685351343872026e+04
1.757506998697677045e+04
1.712167545435884676e+04
1.733495911725691258e+04
1.583937928904381079e+04
1.754201616792519781e+04
1.685418775336534600e+04
1.572815406054561572e+04
1.666519609425757881e+04
1.726071987610671204e+04
1.526636607726618604e+04
1.598883305164236299e+04
1.699458202788154449e+04
1.555210899095124842e+04
1.721062752671939597e+04
1.712850328295041982e+04
1.741262123376250020e+04
1.712591124849667904e+04
1.699291430889388357e+04
1.721606754464771802e+04
1.692382568846309368e+04
1.664011958647272695e+04
1.710577720801294709e+04
1.586726243287646503e+04
1.608205860804282565e+04
1.667073980795076932e+04
1.646459665528124970e+04
1.580166148062453613e+04
1.745383660656441134e+04
1.558727893235323791e+04
1.695683759624493905e+04
1.628768760052180369e+04
1.607466372995906931e+04
1.692382568846309368e+04
1.724714840520332655e+04
1.754364429531893984e+04
1.526930261038179015e+04
1.613736049929578803e+04
1.706423659740532821e+04
1.610350587919064128e+04
1.706584133546279554e+04
1.674273419328551608e+04
1.634006333217862993e+04
1.452220589102793747e+04
1.732926568197413508e+04
1.541153211324943368e+04
1.597294632088632716e+04
1.496309587755142275e+04
1.537002613047040722e+04
1.656167394410280031e+04
1.704175478109468168e+04
1.617354932950740840e+04
1.735062889680948138e+04
1.487454742065096798e+04
1.458003345104969958e+04
1.502679088810797475e+04
1.741945788327981063e+04
1.599478021183145029e+04
1.753175963780727761e+04
1.572815489434755364e+04
1.748044912017276147e+04
1.566254545144751137e+04
1.583842886750159596e+04
1.745832546543397621e+04
1.687170390473772568e+04
1.648268869406909289e+04
1.696164350928298882e+04
1.655416004089710259e+04
1.647208818012982374e+04
1.425883346867892215e+04
1.470361883838842914e+04
1.592749506126088454e+04
1.709497260978115082e+04
1.686638633100697916e+04
1.648147037186132729e+04
1.695136436603718539e+04
1.681082782235525156e+04
1.609704827928901432e+04
1.682118867860242972e+04
1.625037879219708338e+04
1.653500297897541896e+04
1.466108553783815660e+04
1.468503807117041106e+04
1.534882678564764501e+04
1.718569008022324851e+04
1.728886739956882229e+04
1.656961372671145000e+04
1.649352448514751813e+04
1.666290941010366441e+04
1.726228387820272837e+04
1.651417619249881682e+04
1.675809190408798531e+04
1.724547182221836920e+04
1.661169890511536505e+04
1.698170693571900847e+04
1.684016040634948149e+04
1.525243715207344576e+04
1.667529578359835432e+04
1.658513530071352943e+04
1.482829045928718915e+04
1.692382568846309368e+04
1.702410315683941008e+04
1.749093341396045435e+04
1.709238829497389816e+04
1.654045774795534089e+04
1.721848444494444266e+04
1.566370909756628680e+04
1.653520943862178683e+04
1.758542693066003267e+04
1.701038350850600546e+04
1.740666492886165724e+04
1.704371338813392504e+04
1.745040982819566852e+04
1.641261413007099327e+04
1.740981618373970923e+04
1.690431859863234058e+04
1.671679833286460780e+04
1.677332425751036862e+04
1.657093527974335302e+04
1.723424635251049767e+04
1.694617756148251283e+04
1.656238600178774141e+04
1.450266953228857892e+04
1.580700043191346413e+04
1.615023888969049949e+04
1.511123789489539922e+04
1.619541098009573034e+04
1.750484526325626939e+04
1.719862514687295334e+04
1.413674774503851586e+04
1.577096853311080122e+04
1.739820986361410542e+04
1.698224564591144372e+04
1.478401306502040461e+04
1.637684364593540158e+04
1.715661779597592249e+04
1.626045903093203196e+04
1.583921207316743312e+04
1.632316190106861359e+04
1.611901410179638697e+04
1.636129500574895064e+04
1.660428838872940833e+04
1.651103503650657876e+04
1.651949237900928711e+04
1.585498315462861137e+04
1.708471325563264691e+04
1.654578740437058877e+04
1.602963488212439916e+04
1.573637131196978771e+04
1.468250440369075295e+04
1.703172171178177814e+04
1.541875764326983699e+04
1.711996091686400541e+04
1.473061994308702560e+04
1.648840908329245940e+04
1.657395020259985904e+04
1.700273582129687929e+04
1.717743904202837803e+04
1.635547534822370835e+04
1.663816417899978842e+04
1.733518607820351463e+04
1.534853786899143961e+04
1.734655752340709296e+04
1.622765945217802619e+04
1.527864637339731053e+04
1.725315189806408307e+04
1.727651775055754479e+04
1.541305773064375171e+04
1.708334244708935512e+04
1.680289659080506681e+04
1.695843682177062874e+04
1.610111467904064375e+04
1.752751315182755934e+04
1.678812301269286036e+04
1.704627960466693185e+04
1.509504193854439654e+04
1.435823799777939348e+04
1.730541830703918458e+04
1.648006685277935321e+04
1.744523483038110862e+04
1.731543164640021860e+04
1.705374058868696011e+04
1.521475904725780129e+04
1.634856737338056701e+04
1.583332077771552940e+04
1.558160828828348531e+04
1.614787640304750676e+04
1.613186486000951118e+04
1.691165925212329239e+04
1.738163679824102292e+04
1.587403772791707161e+04
1.747559814144900520e+04
1.722066567337020024e+04
1.550770370633803941e+04
1.733042225902834980e+04
1.738077128557274045e+04
1.690471977964489997e+04
1.738436186950369301e+04
1.538107755819078739e+04
1.679543586696342754e+04
1.629184499869367210e+04
1.583842886750159596e+04
1.681966774928716768e+04
1.747978179649301819e+04
1.700733774943035678e+04
1.606215243133503100e+04
1.750271523395815893e+04
1.716236724342984235e+04
1.732825992880132253e+04
1.693848809390659881e+04
1.679543586696342754e+04
1.673915854127481725e+04
1.678317009847279405e+04
1.658974079156412699e+04
1.431265387882262257e+04
1.632650943434645524e+04
1.666105300446330875e+04
1.534805481696129209e+04
1.368454769116546049e+04
1.735787995057582157e+04
1.692382568846309368e+04
1.708899622726689995e+04
1.491132235221485462e+04
1.714420193939561068e+04
1.518923214936894510e+04
1.665529540881323192e+04
1.577661470673111762e+04
1.588578697623944754e+04
1.580471172540529733e+04
1.650714529958261119e+04
1.592236574806917997e+04
1.723816524236437544e+04
1.739588954497865052e+04
1.661941401035029048e+04
1.693057297736010514e+04
1.535525178429792322e+04
1.704928276158942754e+04
1.711005904413022654e+04
1.754559346190889846e+04
1.749729565728253874e+04
1.600370085129962899e+04
1.743269498298381950e+04
1.697991637163790074e+04
1.719142454075581554e+04
1.568938654591449449e+04
1.626965628227387424e+04
1.654010663038138955e+04
1.753260476410695992e+04
1.744418548828559869e+04
1.582998494921281599e+04
1.624601917073204277e+04
1.712123847054611542e+04
1.696923131144355648e+04
1.612761862764916805e+04
1.691892601949642994e+04
1.457268169450739151e+04
1.735056911176715221e+04
1.729723667005097741e+04
1.550010806467772272e+04
1.692993665862543276e+04
1.555196982125637078e+04
1.637070821829272245e+04
1.681210273125609456e+04
1.710009954676340203e+04
1.541371678961647194e+04
1.644243066899171026e+04
1.728468740703697767e+04
1.344096903274829674e+04
1.588448101805729675e+04
1.418977287941469331e+04
1.565914179991392120e+04
1.582162287262957761e+04
1.713560250946098313e+04
1.724761179635061853e+04
1.756060174079140779e+04
1.622524383525284793e+04
1.645604054546113912e+04
1.613605352364592727e+04
1.684739181715393352e+04
1.502036527619555272e+04
1.720447194863274126e+04
1.731564754415211792e+04
1.701983641994233039e+04
1.483242812935117036e+04
1.387244033045467768e+04
1.622877885701058403e+04
1.613249122175187949e+04
1.717746612035527869e+04
1.737545773683628795e+04
1.683685351343872026e+04
1.434372099405254630e+04
1.686905491506862745e+04
1.747235170819392079e+04
1.514688238850989728e+04
1.552263902243053599e+04
1.703468372765554159e+04
1.545431326319490836e+04
1.721790636852245007e+04
1.719344303661456433e+04
1.626640032738868649e+04
1.645674569344665360e+04
1.549369615118974980e+04
1.750765362070844276e+04
1.662538134983140844e+04
1.695174922284550485e+04
1.741262123376250020e+04
1.746195802342239040e+04
1.661805402716782191e+04
1.612751556987255390e+04
1.683755847618672487e+04
1.611137761729539488e+04
1.623682091832992046e+04
1.545362936320951667e+04
1.616882642115488125e+04
1.630901442539076197e+04
1.507190926942320220e+04
1.729611523961761122e+04
1.699489604433336353e+04
1.621357175807205567e+04
1.618674426645773747e+04
1.740812661779766859e+04
1.571457175821950841e+04
1.737426508568796999e+04
1.612761862764916805e+04
1.716042197412607129e+04
1.718610700079568778e+04
1.727651775055754479e+04
1.682197910685417082e+04
1.733054232855761802e+04
1.526292312964374287e+04
1.611260665680219972e+04
1.704638971507905080e+04
1.638790594631645217e+04
1.656327179370650629e+04
1.640446684727538013e+04
1.629794317793466325e+04
1.738922144511527949e+04
1.651465931974604609e+04
1.417985643834382063e+04
1.714603224560731906e+04
1.727695216737795272e+04
1.491443451793961685e+04
1.664583944080163565e+04
1.696142322226836404e+04
1.742115258120666113e+04
1.707140446606020487e+04
1.580565947365656757e+04
1.639403033132066048e+04
1.508001249443861343e+04
1.573165934375826691e+04
1.580553509158491579e+04
1.682947612417995697e+04
1.749522883757685850e+04
1.556341419098302140e+04
1.752756907737350048e+04
1.750924834718878265e+04
1.618520226637887390e+04
1.591514179264535414e+04
1.637994913350034221e+04
1.673039622230318491e+04
1.714704967196049256e+04
1.587457300778447825e+04
1.611292761656304720e+04
1.659575293373610475e+04
1.744047096815708210e+04
1.632792674670172346e+04
1.655266613768305251e+04
1.755102942129899748e+04
1.656083333512108220e+04
1.690926693011102907e+04
1.633335922964160090e+04
1.747232716317374434e+04
1.690760391828927823e+04
1.730672528526907990e+04
1.643831405928007734e+04
1.738499291472088225e+04
1.593516539586220824e+04
1.708268577660365554e+04
1.457971226118187769e+04
1.407746932696975637e+04
1.692276571866599261e+04
1.727395697508842568e+04
1.717750152217863433e+04
1.754744009272781841e+04
1.648922293831073330e+04
1.671339788277212938e+04
1.571832892984292266e+04
1.582499947335265279e+04
1.563781082000010429e+04
1.706631215067435551e+04
1.527785810477608720e+04
1.592809968508041493e+04
1.697003173424504348e+04
1.681639454002511411e+04
1.712200102419750328e+04
1.724795266989820811e+04
1.672714584124144312e+04
1.623547504270254831e+04
1.425616746234513812e+04
1.669143863772274926e+04
1.578763925504675171e+04
1.748896789979331152e+04
1.635314285397639287e+04
1.703135904592391307e+04
1.587176607216567754e+04
1.659575293373610475e+04
1.429865326487974016e+04
1.448821334775263676e+04
1.676721034901607345e+04
1.633565057481175245e+04
1.742053488662442032e+04
1.707308784883449698e+04
1.594523080236270471e+04
1.651989336262468714e+04
1.475793803545627452e+04
1.625309914549241512e+04
1.716310845451707428e+04
1.677681374648084966e+04
1.518786137207793945e+04
1.674428279934992315e+04
1.530852250532748803e+04
1.618680177161591200e+04
1.469004679429655516e+04
1.580202000316693011e+04
1.696173591115914678e+04
1.678580576740733159e+04
1.646869164964649826e+04
1.448787301607474365e+04
1.735062889680948138e+04
1.482102903476714346e+04
1.680978926899080034e+04
1.651140271435074465e+04
1.588696280357522483e+04
1.662321534818545479e+04
1.683353911004749898e+04
1.510694998082509119e+04
1.750204442749447117e+04
1.670784982994091479e+04
1.737813937743658244e+04
1.674013532420263437e+04
1.752357485946559973e+04
1.746624676905190790e+04
1.686059515031038245e+04
1.730981920075244125e+04
1.708438020128430435e+04
1.601751063609970879e+04
1.669902708323621118e+04
1.728393360281948844e+04
1.727871454882958278e+04
1.624961048209639921e+04
1.565737151365962927e+04
1.691140940356640203e+04
1.629443063251358944e+04
1.699571520985883762e+04
1.387412443503767281e+04
1.597672144599237799e+04
1.563149970831060273e+04
1.623547504270254831e+04
1.680025102599574529e+04
1.656207630034493559e+04
1.710419936454339404e+04
1.651417619249881682e+04
1.622962055605307614e+04
1.601472209489913075e+04
1.749725784912642848e+04
1.675993294772789523e+04
1.740888780701866926e+04
1.724744777019655521e+04
1.684198185276086588e+04
1.466108553783815660e+04
1.657678176317323960e+04
1.657572201824470176e+04
1.686638633100697916e+04
1.644444713024025259e+04
1.649203087022128602e+04
1.632816617787253563e+04
1.705950088714863159e+04
1.745360580900460627e+04
1.411434964086357104e+04
1.574753759993857238e+04
1.736305788582808600e+04
1.711649930834563565e+04
1.674156129736239382e+04
1.605301956937986688e+04
1.678651863357695765e+04
1.727877770489201794e+04
1.679630041035513932e+04
1.736091910213999290e+04
1.749729565728253874e+04
1.441104056828355897e+04
1.668941220131541559e+04
1.676809905752868872e+04
1.714603069450568000e+04
1.733233072461329357e+04
1.715531591758749710e+04
1.699994966544408453e+04
1.400128321153994330e+04
1.736295992718409252e+04
1.745436388045216154e+04
1.534491684187810824e+04
1.572464387056652413e+04
1.636878451133802082e+04
1.582363845083631168e+04
1.627877120426013425e+04
1.647754501092626015e+04
1.532948421681374202e+04
1.736564420931398490e+04
1.648268869406909289e+04
1.734512842082338830e+04
1.549237581349823813e+04
1.672350271768831954e+04
1.580700043191346413e+04
1.528671171013846106e+04
1.720241634117939975e+04
1.755169290924584857e+04
1.573176110386881555e+04
1.727750437658644660e+04
1.753373295891630187e+04
1.651553085321931576e+04
1.717046947322981941e+04
1.613472994282216314e+04
1.716659849145036060e+04
1.652805981224475545e+04
1.338883437830990988e+04
1.612501874879524985e+04
1.743847978162537402e+04
1.517011868760269863e+04
1.756207881614952930e+04
1.566254545144751137e+04
1.706641629477974493e+04
1.726447292947171809e+04
1.718703286189858773e+04
1.729923502849379292e+04
1.657441895177547485e+04
1.710419936454339404e+04
1.633400893046207057e+04
1.750436841907542112e+04
1.652940585274272598e+04
1.679670775682490057e+04
1.599943440482814731e+04
1.576961391301641925e+04
1.613234792129601192e+04
1.630668024193244491e+04
1.687609837460513518e+04
1.668941220131541559e+04
1.698196883043494381e+04
1.629446582732691968e+04
1.642404977952467016e+04
1.597910283824017642e+04
1.655385397865995765e+04
1.741736294784124766e+04
1.512994241849817990e+04
1.633559521098921687e+04
1.564996823314871290e+04
1.694137706542690648e+04
1.737357413602533779e+04
1.504995533435519428e+04
1.701531513855544836e+04
1.647022969593977177e+04
1.744221272639342715e+04
1.505178706585323380e+04
1.515841510664962334e+04
1.372938576474460933e+04
1.704470112910369062e+04
1.697556305556004736e+04
1.735756208658011747e+04
1.723349229519907385e+04
1.722773056017813360e+04
1.612203463075932450e+04
1.478222529374492660e+04
1.491443451793961685e+04
1.597613925882654803e+04
1.742431980960881629e+04
1.362052052509753958e+04
1.631697666684126671e+04
1.525317411099761739e+04
1.560668060284256717e+04
1.714245291676489069e+04
1.724636036085183878e+04
1.681143862482402619e+04
1.423316823392524566e+04
1.664449530010455419e+04
1.698041486094655556e+04
1.519882595755502189e+04
1.623736988061281772e+04
1.473770308398150519e+04
1.674273419328551608e+04
1.744646736924719880e+04
1.575335944659940651e+04
1.470774383565278185e+04
1.730479669047916104e+04
1.646931649012768321e+04
1.675045987071044510e+04
1.706798085009774513e+04
1.613989593951693678e+04
1.724761179635061853e+04
1.548423030033651230e+04
1.686847399843116727e+04
1.692272320443729041e+04
1.717227627954474883e+04
1.470399223404517761e+04
1.667556704272020943e+04
1.476151737519327253e+04
1.620245800745006636e+04
1.636829663850065117e+04
1.660596319079953537e+04
1.639496629485806625e+04
1.616896415373571836e+04
1.692306042518772301e+04
1.663183794727373606e+04
1.561670739373292963e+04
1.741335239271453247e+04
1.656506283135056947e+04
1.470399223404517761e+04
1.701325385287063909e+04
1.751881513200790505e+04
1.699453367956424336e+04
1.599523105035837580e+04
1.540411626214096577e+04
1.557183604484501120e+04
1.638848003623968179e+04
1.403405754909897041e+04
1.503350276036913419e+04
1.658974079156412699e+04
1.708033772973388477e+04
1.731551333678219817e+04
1.613320531042202492e+04
1.694623872872001448e+04
1.627412843553146195e+04
1.654434101338697656e+04
1.544586931527273919e+04
1.628596413075421151e+04
1.562211083654027971e+04
1.705018499618186615e+04
1.756986442310570783e+04
1.726212122222603284e+04
1.716426058072382875e+04
1.644477354535499035e+04
1.651707451718837183e+04
1.750010644186418358e+04
1.730756360332087206e+04
1.717310727148918886e+04
1.746014322933478252e+04
1.678130465662979259e+04
1.523898306549104382e+04
1.691888698386678516e+04
1.738493679694110324e+04
1.755245226745495165e+04
1.742347890935566102e+04
1.656461994425020384e+04
1.720818072614587072e+04
1.754295542390573246e+04
1.686205274975063003e+04
1.672915314032624156e+04
1.612463107361421316e+04
1.723827245309540740e+04
1.711554164608970314e+04
1.473195894964757281e+04
1.717752761787065901e+04
1.460346220873563652e+04
1.599836518499315207e+04
1.723234234938423469e+04
1.701249407082521793e+04
1.652999748156428905e+04
1.605019494049703644e+04
1.689251090617637965e+04
1.688186770118897766e+04
1.543628313845768753e+04
1.653500297897541896e+04
1.580553509158491579e+04
1.461587356533350248e+04
1.650415023984937216e+04
1.599716525501131400e+04
1.686965582317572625e+04
1.739533869442219293e+04
1.696300984053444336e+04
1.704567872864292804e+04
1.667025192089688062e+04
1.516566939001062383e+04
1.708055262408419003e+04
1.751473989292298938e+04
1.757383760225708102e+04
1.708268577660365554e+04
1.653520943862178683e+04
1.521043933416688378e+04
1.675507488093519714e+04
1.637309049790344579e+04
1.755963708409479659e+04
1.680289659080506681e+04
1.563286120335812666e+04
1.724413914362883952e+04
1.665539075692835468e+04
1.728603833407753700e+04
1.747242809845955344e+04
1.618668023287264077e+04
1.590821002253589540e+04
1.648680453534510889e+04
1.585518838469584080e+04
