1.387979559810968567e+04
1.425053075175548474e+04
1.401128731876453458e+04
1.418803554256716961e+04
1.359844769500006805e+04
1.428379394099170895e+04
1.354146102544147652e+04
1.352319225202188318e+04
1.331990704494039710e+04
1.361040116264944299e+04
1.346040767169182072e+04
1.388549071288367668e+04
1.403191096337949784e+04
1.423202918528350347e+04
1.392819319099464701e+04
1.323476511098993797e+04
1.401045651695330162e+04
1.422139061260010931e+04
1.411881918088159000e+04
1.395579015436818008e+04
1.411001411966862361e+04
1.401641453435906624e+04
1.371914765158709997e+04
1.424312688640023407e+04
1.421883281858483315e+04
1.338425579375008965e+04
1.395045851637730811e+04
1.340504098352118672e+04
1.334871795058527096e+04
1.315861435187890675e+04
1.390860715172925848e+04
1.402761656172911898e+04
1.392358509642365425e+04
1.410614990782126006e+04
1.379151746898688361e+04
1.374220943426887243e+04
1.389941391164486413e+04
1.352041063602176291e+04
1.405761940243621939e+04
1.409955214016712853e+04
1.405484187316493808e+04
1.428396409029933784e+04
1.411905484475966296e+04
1.400877243030251520e+04
1.422438634275686854e+04
1.359666173418510152e+04
1.409759142085501298e+04
1.385121795932887107e+04
1.345581647622430864e+04
1.402786015717109149e+04
1.403788981788250021e+04
1.390098886570049217e+04
1.342391114678710073e+04
1.398091330923194619e+04
1.413778116344180125e+04
1.414549845378865211e+04
1.365146166442364483e+04
1.346850632596624928e+04
1.364286906287355305e+04
1.425440893893170505e+04
1.420134269263388887e+04
1.377618592664868993e+04
1.426116939994730274e+04
1.378357152577728266e+04
1.393112001253135168e+04
1.295082909952242517e+04
1.393214933277514683e+04
1.387032583739313850e+04
1.362981819471445851e+04
1.379692369245646478e+04
1.420053334112686571e+04
1.330315281132111159e+04
1.300849003088571953e+04
1.358817013095441689e+04
1.395295061284089388e+04
1.385623641722897628e+04
1.352601209173871939e+04
1.408793115021074118e+04
1.371628905615266740e+04
1.372570059127022614e+04
1.382469015561356537e+04
1.377365268338084388e+04
1.335729234037498281e+04
1.428242362764922109e+04
1.394613496243104055e+04
1.380355430390078800e+04
1.381769455635442682e+04
1.364838737168928492e+04
1.339349027252897940e+04
1.322287234180960513e+04
1.417972349143325482e+04
1.396200731875084603e+04
1.361976745648933138e+04
1.370486099345178627e+04
1.337283445889060022e+04
1.347350830794629655e+04
1.374075819618526475e+04
1.331697760214038317e+04
1.385342312625100021e+04
1.414711100428450300e+04
1.408751345119654070e+04
1.414187687280592581e+04
1.394053196413932892e+04
1.404127947809777834e+04
1.384083439575953525e+04
1.410801756377182755e+04
1.398980349295419001e+04
1.398474612101974344e+04
1.364109100047405263e+04
1.418856586610284285e+04
1.401674373001711137e+04
1.401785472853813917e+04
1.423034883262178846e+04
1.378343428442161166e+04
1.355522874249195047e+04
1.405730458484457267e+04
1.384781570536998515e+04
1.364480909786097436e+04
1.412437673814143091e+04
1.394681304273450587e+04
1.382389477461703063e+04
1.366001868489687331e+04
1.409379160626678822e+04
1.416003305131253001e+04
1.424832305264030219e+04
1.393967657733108172e+04
1.410542043281773113e+04
1.425179197928671420e+04
1.364404706464803530e+04
1.418900978116928854e+04
1.417214380335240276e+04
1.355519399314014845e+04
1.401291296514076566e+04
1.405551909232963953e+04
1.388783540311021352e+04
1.387406919507428393e+04
1.425856805233656269e+04
1.374171809645159010e+04
1.317704607606233913e+04
1.417439563194302900e+04
1.388580370932207006e+04
1.427152406156867619e+04
1.407188453401669358e+04
1.349299995084648617e+04
1.373160746396690229e+04
1.325691403268583781e+04
1.384379104997298236e+04
1.428249168374468718e+04
1.377280008099821134e+04
1.409670867589173758e+04
1.385159161460765245e+04
1.379300592909329498e+04
1.418052919094958997e+04
1.339766381201739568e+04
1.401577649370360268e+04
1.381471527362340021e+04
1.407397592460627493e+04
1.395569037891218613e+04
1.416201997170132745e+04
1.405922644854047940e+04
1.425588369227635667e+04
1.379328039083351541e+04
1.420899006547983845e+04
1.409865678000408298e+04
1.336055002181688178e+04
1.294207089044272288e+04
1.410087291421882946e+04
1.377968406118625535e+04
1.404037028398963412e+04
1.411186850929214415e+04
1.410669404678217506e+04
1.417541098818734099e+04
1.410889540644845511e+04
1.369121327753115474e+04
1.382517844887281171e+04
1.391997727222004687e+04
1.407014404884108626e+04
1.427703981603173816e+04
1.325748578234800516e+04
1.421069572894262092e+04
1.326554877927963935e+04
1.379507081438717432e+04
1.407370048822474200e+04
1.395920826284237955e+04
1.423661707522947836e+04
1.423895076575375060e+04
1.358293859243091902e+04
1.343214262548978149e+04
1.422660197491166218e+04
1.295853518884756522e+04
1.393952240739621629e+04
1.369605418644859128e+04
1.381034714466599871e+04
1.396325111399008347e+04
1.390179979014417040e+04
1.393251116162039580e+04
1.420651795961837888e+04
1.328367695744669618e+04
1.398823283499170975e+04
1.425423162089737343e+04
1.378407973774566199e+04
1.418530929281540739e+04
1.396168171358641484e+04
1.421183044215609152e+04
1.426135902136920413e+04
1.391188841978753590e+04
1.383204764218316450e+04
1.397281543235842582e+04
1.375358302356788408e+04
1.340890351226861821e+04
1.391055189228452036e+04
1.250477581485178780e+04
1.427936834807932246e+04
1.344473418294568364e+04
1.374487930981600039e+04
1.399102446911435436e+04
1.360194323139709013e+04
1.402586750680036130e+04
1.427183279331995800e+04
1.419933563472381684e+04
1.400322987281553833e+04
1.403883591331426578e+04
1.375164970787435232e+04
1.320287951880374203e+04
1.368585312540621089e+04
1.387005727974996626e+04
1.382236196513934919e+04
1.416573388023470761e+04
1.385612760330831952e+04
1.407431941957333220e+04
1.374772305418824544e+04
1.381720137113934652e+04
1.423280799217521235e+04
1.383667249559543234e+04
1.375736941522674897e+04
1.393772213977925639e+04
1.423910100633572438e+04
1.427549894163837598e+04
1.392413276376352587e+04
1.402261699445632985e+04
1.386437854802216862e+04
1.392329091387964945e+04
1.406863423942238114e+04
1.390538047388535779e+04
1.418560620366670264e+04
1.403994806958727713e+04
1.367783752044491666e+04
1.270612350646973027e+04
1.411257124435242986e+04
1.422139061260010931e+04
1.394134603800102559e+04
1.405154998145233185e+04
1.381695491715259959e+04
1.422138249424426431e+04
1.416553578936110716e+04
1.342021034719083582e+04
1.386185648179223426e+04
1.318513921259254857e+04
1.385386611389873906e+04
1.411500691370553977e+04
1.426257415550634323e+04
1.316936913548382290e+04
1.388933004832382358e+04
1.425079352667326748e+04
1.402855180919806298e+04
1.359956479548605785e+04
1.405900110311714161e+04
1.392661110209508661e+04
1.360887886280015482e+04
1.415388874952236802e+04
1.342503798491806083e+04
1.353671308368992686e+04
1.403300434939418119e+04
1.422804200163544738e+04
1.399742381598940483e+04
1.383668818304791057e+04
1.424730742636373543e+04
1.368406242976295471e+04
1.375852604390181841e+04
1.351463247029160993e+04
1.356217786603510831e+04
1.385762807598772270e+04
1.411512581635404058e+04
1.403913370837826187e+04
1.396257040943803986e+04
1.424113338678092623e+04
1.421717144769115293e+04
1.381735513178002475e+04
1.389083482077527879e+04
1.398840149244399618e+04
1.356706820904521919e+04
1.375940384910408284e+04
1.402577665542678369e+04
1.367958683682472110e+04
1.394766428041457766e+04
1.408733788394957628e+04
1.366180943063212726e+04
1.373895349645081478e+04
1.398821766713303077e+04
1.368285245792140086e+04
1.395368664691161393e+04
1.351694920888392880e+04
1.358131490564857268e+04
1.393267219971037230e+04
1.350066941949302600e+04
1.292719796646662508e+04
1.328563927555045302e+04
1.348149247288680635e+04
1.383762045266522910e+04
1.410618436824845958e+04
1.405565784076810087e+04
1.390841577589244662e+04
1.392160304447971430e+04
1.422465130201782813e+04
1.422871918394517161e+04
1.316688543256993944e+04
1.393967657733108172e+04
1.392657315285283403e+04
1.382429890232429534e+04
1.349309866397826954e+04
1.314920514592579821e+04
1.355588833870456256e+04
1.418337935613050286e+04
1.353975114112823940e+04
1.387744488012048714e+04
1.389278984627903628e+04
1.411649959034223320e+04
1.365984479083194674e+04
1.381539495312648432e+04
1.358505191387380910e+04
1.401129521601242232e+04
1.403679995792799309e+04
1.407540992479177294e+04
1.310060793090926745e+04
1.420196253384095689e+04
1.413190087625705564e+04
1.416102614010024263e+04
1.417370608297986109e+04
1.339968265384162441e+04
1.422865098258727812e+04
1.413706343528378420e+04
1.352680902900696674e+04
1.411972981275960228e+04
1.426532943086388877e+04
1.353367857030660889e+04
1.347694939331517890e+04
1.408440657930469206e+04
1.418241527849700287e+04
1.374488908604377502e+04
1.426432446530958259e+04
1.340893636427188721e+04
1.407306221025706691e+04
1.331429517990740169e+04
1.420810150387147951e+04
1.419344467231076123e+04
1.392054437517049701e+04
1.388829107771785129e+04
1.405926137300398113e+04
1.370932197053472009e+04
1.420293872106706112e+04
1.387113308529408459e+04
1.418246851529342166e+04
1.329929055561724090e+04
1.409292786647795583e+04
1.415041315344271061e+04
1.397364590576153932e+04
1.348261797810452481e+04
1.413854383131246504e+04
1.422007061636756771e+04
1.391012112100610830e+04
1.421283106856789527e+04
1.420055286995427014e+04
1.338865664942246440e+04
1.339757002261118760e+04
1.397850460113347071e+04
1.359407177046458492e+04
1.412507177658574074e+04
1.411433043142516544e+04
1.379580412683367103e+04
1.408960154511229302e+04
1.395339912494884993e+04
1.426344332971265976e+04
1.382867848670144303e+04
1.329955216044549888e+04
1.400260516287985592e+04
1.424213521914564626e+04
1.403522170392948101e+04
1.344089519408124943e+04
1.415254867416610068e+04
1.426930032159266921e+04
1.327759804238315701e+04
1.366116795509844815e+04
1.372714014305799719e+04
1.398300410989812372e+04
1.372854382563925174e+04
1.381034714466599871e+04
1.394057896933930533e+04
1.403468308703532239e+04
1.419259883938069652e+04
1.404258397354194312e+04
1.395736652609900921e+04
1.386978379231401050e+04
1.339578122718298255e+04
1.393710567711162184e+04
1.417730531062582668e+04
1.376646300981295644e+04
1.409619253521910287e+04
1.400300207676884565e+04
1.366437348440101960e+04
1.398568993152562143e+04
1.401725836424218141e+04
1.379083303563333902e+04
1.405731989523582706e+04
1.422432416122392533e+04
1.391243789018015923e+04
1.384697402558860267e+04
1.414095670589705151e+04
1.405704269373862553e+04
1.421468040682996616e+04
1.410726103988417526e+04
1.352797387393264580e+04
1.405432014774238087e+04
1.372554614610458157e+04
1.367421843739795258e+04
1.361902225671158340e+04
1.428010509107601138e+04
1.419767046220691918e+04
1.276911267819459135e+04
1.388196908388044540e+04
1.386782313166954191e+04
1.377703201826596342e+04
1.367779860149598244e+04
1.389448868710855641e+04
1.352593172561555184e+04
1.403093144844087146e+04
1.372308846830002585e+04
1.424567222144279731e+04
1.418954951104630163e+04
1.341799178186957397e+04
1.378539336517329139e+04
1.369319420642277873e+04
1.415755121229581528e+04
1.390395028788337731e+04
1.363678041378241142e+04
1.402703022051154403e+04
1.361847121048892586e+04
1.383696719813990785e+04
1.238917605840790566e+04
1.415790287862883088e+04
1.418366380539147212e+04
1.403600080450721725e+04
1.420647399417522320e+04
1.402830335241633475e+04
1.351207748029835420e+04
1.409955546059851622e+04
1.384604247393385958e+04
1.424991189298585959e+04
1.406358876402480382e+04
1.406770158334644657e+04
1.410710786858795473e+04
1.365880345952626703e+04
1.378357152577728266e+04
1.316936913548382290e+04
1.361334096962019612e+04
1.330012851288270031e+04
1.379027182851410180e+04
1.335954275651771241e+04
1.372688347188711850e+04
1.420801073017947238e+04
1.397700767975437702e+04
1.367040956643356367e+04
1.357300725755128587e+04
1.364561522439753026e+04
1.372889143272916772e+04
1.421252736371962965e+04
1.419946536847226162e+04
1.385093044273473970e+04
1.394223943457748283e+04
1.418466481747010403e+04
1.397554938734189818e+04
1.420459760830889900e+04
1.355144808857141834e+04
1.401265248915971097e+04
1.424988166756260034e+04
1.325942387815400070e+04
1.400891452254381511e+04
1.411821737093747834e+04
1.382731128315387468e+04
1.386634169409870628e+04
1.395620014945647563e+04
1.317301599009264828e+04
1.419812304121174384e+04
1.404568600395213434e+04
1.335794287964701107e+04
1.319738175846234844e+04
1.341581105881265285e+04
1.407907219031524073e+04
1.387075104842108340e+04
1.395719165841836366e+04
1.388267178330126990e+04
1.409241646583678812e+04
1.309374774704199626e+04
1.296109418287425979e+04
1.407872418559835023e+04
1.416295641823421465e+04
1.385878038764540906e+04
1.401376161286104252e+04
1.420868346188206124e+04
1.399779927863777630e+04
1.419746293425280055e+04
1.395204317732743220e+04
1.411826692170200113e+04
1.355536338289576815e+04
1.426811356209856240e+04
1.418045227359774253e+04
1.382314346882781138e+04
1.410837718950425187e+04
1.409889132232840711e+04
1.419850641217688099e+04
1.422052542218056988e+04
1.413328621780527465e+04
1.397213743691941636e+04
1.393254586539888987e+04
1.360342688691206786e+04
1.394465636115587222e+04
1.357309487907834773e+04
1.387614759074491667e+04
1.384854259292742790e+04
1.427268510719013648e+04
1.412281944791342539e+04
1.422759544326035757e+04
1.376208489995522177e+04
1.424245299156310284e+04
1.420451192918934430e+04
1.351039252720970580e+04
1.382121273961987754e+04
1.397217639779717138e+04
1.351157904675335885e+04
1.371971285800394980e+04
1.379854952537834106e+04
1.397502160606230063e+04
1.353706042036641338e+04
1.358925061599500987e+04
1.423855599687865833e+04
1.337017490006800290e+04
1.428110160518557859e+04
1.401813724603636729e+04
1.400240355809413632e+04
1.311289453011847763e+04
1.398134108860214292e+04
1.391673382152861450e+04
1.331163089559308355e+04
1.412640950817096018e+04
1.412089179229110596e+04
1.387682533460413288e+04
1.389709976428097616e+04
1.392018409339541722e+04
1.423010523313257727e+04
1.331523770132387654e+04
1.338401035349550148e+04
1.397462012720461826e+04
1.372824399812751108e+04
1.413161571288511550e+04
1.427598161297237675e+04
1.375452083230816243e+04
1.368105541509487921e+04
1.419540921553531371e+04
1.398841256174073351e+04
1.383136505271414535e+04
1.425033502597520055e+04
1.415482253296000636e+04
1.399349340046727411e+04
1.427141268573597335e+04
1.409411638303177824e+04
1.402504522086856196e+04
1.367546372918636189e+04
1.362704320950888723e+04
1.353651497855261186e+04
1.391534649446020194e+04
1.324127393310244224e+04
1.351748198973006947e+04
1.427886896199814510e+04
1.391987571694833605e+04
1.411057613517676873e+04
1.427363110991440408e+04
1.422487756384269051e+04
1.400291746389305263e+04
1.412754098490351680e+04
1.417802979530240918e+04
1.384440563030292833e+04
1.370073100534829791e+04
1.346206677532044705e+04
1.397229132626912178e+04
1.348165339592389137e+04
1.427671628585712097e+04
1.384997510237972165e+04
1.422761396053303179e+04
1.360778267791044891e+04
1.351942558517812904e+04
1.426249524417037173e+04
1.394504541804548899e+04
1.421118309749653054e+04
1.404730911209676196e+04
1.422603939057728712e+04
1.392882737582679329e+04
1.385244400907972158e+04
1.357471178087464614e+04
1.340804807740943397e+04
1.367770096993385232e+04
1.386210160140130938e+04
1.346307544025852985e+04
1.412423699798306916e+04
1.359634047696817652e+04
1.418528845985823318e+04
1.419381251141450412e+04
1.415522526005424152e+04
1.417452911892387237e+04
1.393215104053966934e+04
1.403325698564342747e+04
1.402922264114822974e+04
1.416455810214804114e+04
1.396154874126384675e+04
1.379434586034293170e+04
1.404382233736099442e+04
1.419753357188980590e+04
1.410481831408485596e+04
1.363676216467375889e+04
1.415015093369710848e+04
1.359084215976482483e+04
1.333135515042930092e+04
1.419755826766771133e+04
1.396820278670164043e+04
1.359783189120286806e+04
1.385262055966711523e+04
1.402855180919806298e+04
1.339006012002731222e+04
1.362929830519940333e+04
1.375238620173657728e+04
1.427745278128666905e+04
1.379735060338849871e+04
1.359647911484140423e+04
1.339340011162919291e+04
1.331428189621125784e+04
1.350768851263184115e+04
1.419896393145096954e+04
1.397441029213870570e+04
1.397605019086564971e+04
1.324020152993753254e+04
1.371688305731151377e+04
1.408422076624689726e+04
1.358051692623380040e+04
1.399599987919257546e+04
1.386512612793351400e+04
1.352775322072443669e+04
1.389656832258984650e+04
1.404866646801597199e+04
1.384798962979867792e+04
1.382945349292959145e+04
1.413314664686433753e+04
1.427604646584310103e+04
1.417235421873470477e+04
1.417925401823412722e+04
1.423959149341915690e+04
1.411928614241258401e+04
1.380123783301681215e+04
1.414427056794843156e+04
1.426419595670690978e+04
1.399973822091397233e+04
1.387569909970953813e+04
1.408216241695584904e+04
1.369218168813506418e+04
1.420173698456108832e+04
1.393284346557125355e+04
1.407739153942737175e+04
1.401576174705677295e+04
1.394951118782155390e+04
1.416813918731073863e+04
1.388616715802860017e+04
1.408724243880297945e+04
1.385868905569472918e+04
1.423534435165062860e+04
1.367137108199003706e+04
1.424746635477722521e+04
1.350763796740560247e+04
1.405260773068057460e+04
1.410637942816495161e+04
1.406699920788159216e+04
1.375447403931582085e+04
1.404775718079484795e+04
1.373671929958905821e+04
1.397054144710117544e+04
1.404869292324148046e+04
1.393102309126221371e+04
1.364326527543970769e+04
1.384697987127536544e+04
1.397249323731940785e+04
1.418995392591641939e+04
1.418051028991585918e+04
1.411299510702803127e+04
1.397396164765834874e+04
1.408265116953536926e+04
1.418045056897504401e+04
1.369647343901973363e+04
1.409123039203809458e+04
1.425549925891292878e+04
1.424484063441530088e+04
1.361478154702013671e+04
1.389311586322384210e+04
1.427579951802439246e+04
1.366953265104088314e+04
1.406904627455240188e+04
1.403321637576284047e+04
1.394756376917178386e+04
1.424823115855724973e+04
1.338370870334395659e+04
1.421007857713944031e+04
1.388086901844876775e+04
1.326731601328408578e+04
1.343682016090300385e+04
1.384249885360455301e+04
1.413720618296208704e+04
1.420676155752432169e+04
1.330204924570304865e+04
1.425249117046373794e+04
1.420002079089956169e+04
1.383591716552046091e+04
1.381987647477460268e+04
1.382280809303290334e+04
1.354173582615854684e+04
1.415866032920014550e+04
1.427007388677300332e+04
1.387348972901965499e+04
1.414547320086889522e+04
1.403970034149286221e+04
1.399323126831742411e+04
1.342203438468667446e+04
1.342898801802625167e+04
1.391980516993926722e+04
1.394430623897179976e+04
1.427529495163184401e+04
1.410527357663213297e+04
1.415596387685134323e+04
1.356071893211972565e+04
1.392835992643021746e+04
1.394189647589461856e+04
1.405413408403971334e+04
1.418219253707388998e+04
1.420300409907323774e+04
1.353379668459157801e+04
1.415415603818389354e+04
1.363667771265640476e+04
1.341145839849310687e+04
1.366691486370769235e+04
1.397884807635387915e+04
1.363901815652876758e+04
1.409082157197359629e+04
1.382141481112576548e+04
1.388414558183535519e+04
1.394766173759898447e+04
1.357637682901821972e+04
1.362019692121559638e+04
1.422791711008858692e+04
1.365493759585415137e+04
1.340092460308897535e+04
1.389808121646656582e+04
1.379334823292207329e+04
1.375597138044927306e+04
1.425160775067812210e+04
1.373419935144736337e+04
1.332449777652004559e+04
1.390124120303405834e+04
1.415744356240826892e+04
1.402763850124621240e+04
1.347535447498790018e+04
1.386557782100121221e+04
1.405544006383854685e+04
1.380951173963590736e+04
1.386691423592444698e+04
1.409094685378570648e+04
1.407737191533899750e+04
1.331676376799690479e+04
1.412353257167169431e+04
1.427162432381626422e+04
1.401039836902616298e+04
1.378512670630224966e+04
1.339546354012347183e+04
1.351576111544966443e+04
1.414400156829457410e+04
1.330207197029272538e+04
1.370985624159678810e+04
1.377913522648235630e+04
1.426793178304316280e+04
1.422901612394834228e+04
1.294634938215434704e+04
1.423027304932814877e+04
1.377182480588498765e+04
1.406965096219293991e+04
1.377905467967406730e+04
1.426325320597386235e+04
1.402492743379936655e+04
1.387503545874512747e+04
1.408028766119536158e+04
1.407907367112160682e+04
1.385248275265227494e+04
1.382435963861999335e+04
1.366048437006923814e+04
1.339066235738503929e+04
1.404226457574142478e+04
1.385629702579905825e+04
1.413498192603420102e+04
1.392266264830645378e+04
1.401983375429937951e+04
1.378188412118195811e+04
1.369665536864381284e+04
1.396424740181115340e+04
1.418849938180542813e+04
1.404081372537638526e+04
1.391341263095270006e+04
1.379223377077942678e+04
1.342156624010589985e+04
1.348050591184956465e+04
1.350436371522886111e+04
1.316797431953817977e+04
1.388786794773348447e+04
1.397004241778240248e+04
1.398221319882537864e+04
1.400384459476432130e+04
1.351476388538492211e+04
1.391269749852499444e+04
1.427564655100352320e+04
1.376212518039728457e+04
1.360199644348143738e+04
1.378682133902749956e+04
1.366675459726720146e+04
1.327092650792511449e+04
1.407435157881009400e+04
1.361333917682594256e+04
1.369374859182899854e+04
1.419482192029439466e+04
1.394042604240101900e+04
1.418302219023741418e+04
1.410971149060676726e+04
1.317116070927600776e+04
1.363748963326115336e+04
1.424224177871971551e+04
1.403191096337949784e+04
1.402084399142974871e+04
1.397169086149440409e+04
1.405383696562133628e+04
1.395029822934954973e+04
1.410930272328459614e+04
1.420982330574244952e+04
1.332066480089851575e+04
1.381203743396168284e+04
1.343598326925297988e+04
1.375238620173657728e+04
1.347506929030550236e+04
1.349456704498236104e+04
1.341543958711406412e+04
1.364931370044375944e+04
1.314466555837081251e+04
1.399445581259268693e+04
1.375326186424688785e+04
1.395018396296878018e+04
1.400722668445686759e+04
1.419970704104215838e+04
1.377510870839360177e+04
1.392670978529071908e+04
1.404938612052013741e+04
1.362699834967241804e+04
1.302087272565341300e+04
1.398572518817122182e+04
1.415147728039023059e+04
1.420905826887200783e+04
1.322540348679568342e+04
1.377237339583738503e+04
1.411603521275040475e+04
1.360236632950141939e+04
1.417904390474806496e+04
1.405147012178634031e+04
1.390063904350415396e+04
1.344655373068904555e+04
1.387979559810968567e+04
1.349185674530504366e+04
1.395332883911276440e+04
1.424569796279359070e+04
1.421434468594775171e+04
1.393980119664893573e+04
1.427082963452512195e+04
1.329487175745206150e+04
1.365356167414533593e+04
1.416425713457952224e+04
1.403452314249655683e+04
1.418907427790264410e+04
1.335410370148818038e+04
1.402760234732727258e+04
1.345049160051100444e+04
1.360041652554912434e+04
1.408393108888343340e+04
1.376714160769973387e+04
1.417749616221690303e+04
1.340302264714399462e+04
1.393077404651771212e+04
1.363359000465331155e+04
1.361316305057829413e+04
1.348442456171732738e+04
1.423244345915022495e+04
1.376729169125199223e+04
1.400122745037424829e+04
1.418131576785698962e+04
1.415894447008803763e+04
1.426288122055139138e+04
1.409106680518317080e+04
1.383759554288057188e+04
1.388527766219181285e+04
1.369735592704381816e+04
1.412958641456185615e+04
1.327193467776637408e+04
1.403529528272357857e+04
1.390284588554791844e+04
1.372993878382228468e+04
1.421964098501831904e+04
1.414638895310045154e+04
1.365356488415853528e+04
1.332252676764280113e+04
1.428103741567156248e+04
1.372720374741163505e+04
1.416431064321926169e+04
1.389866092551628026e+04
1.322623165800593051e+04
1.386736892884463123e+04
1.412032064398112379e+04
1.399445581259268693e+04
1.409551895600280477e+04
1.408888183106239194e+04
1.394922359676284395e+04
1.418061574620784450e+04
1.364451556401241578e+04
1.425726203277368768e+04
1.427882742999146285e+04
1.419833704284463420e+04
1.404589607961061120e+04
1.310408222928238138e+04
1.373018264753808398e+04
1.424840488490033385e+04
1.417163741355919410e+04
1.373920973103842152e+04
1.424283959697445243e+04
1.386015262556109155e+04
1.381473712809232529e+04
1.362494664124013252e+04
1.291734283472215793e+04
1.402256065797195697e+04
1.366502923163137893e+04
1.422735519353914424e+04
1.417706082599504953e+04
1.375663314314862509e+04
1.392859817108058269e+04
1.368385541665487290e+04
1.426103652354306541e+04
1.418815428385708947e+04
1.419656159980972188e+04
1.390082041092174040e+04
1.422266419950338968e+04
1.343673305686155436e+04
1.424011694195861855e+04
1.406897252284658316e+04
1.326233696554034213e+04
1.332608683439121523e+04
1.324060638589281734e+04
1.420440463990365606e+04
1.400251343469520361e+04
1.374283338470078706e+04
1.389448868710855641e+04
1.409822106550791796e+04
1.317586912115283667e+04
1.359864706065166138e+04
1.387904674760923808e+04
1.402583176055541298e+04
1.294580660159050240e+04
1.398246445343366395e+04
1.414878994406145648e+04
1.377340455225826190e+04
1.392150461694633850e+04
1.375477731818237589e+04
1.426007465582113218e+04
1.412126933058936629e+04
1.420360982374603554e+04
1.397023843849515288e+04
1.426176037704938790e+04
1.417389098375637877e+04
1.335230099283854361e+04
1.399277873663379432e+04
1.352861400409235102e+04
1.386717585865355977e+04
1.364214851502744023e+04
1.350463977378800155e+04
1.383616215970587291e+04
1.373144278633711656e+04
1.372157868293328465e+04
