1.446268475963901875e-03
1.160128064589664417e-03
5.841899453053989947e-04
1.518130643931051406e-03
1.022065201636711620e-03
1.482830177940926402e-03
1.248959121215495981e-03
1.504485843023653556e-03
1.306828060536378540e-03
7.484222106703885755e-04
7.427207536909724702e-04
1.271228197807022830e-03
7.373477082454010876e-04
4.311067541394845862e-04
8.183119212145986959e-04
1.526726940636315101e-03
6.329920009654711657e-04
1.256050967267358315e-03
1.101255300583793518e-03
4.680730312692573140e-04
8.103180351769903112e-04
1.464298962314022033e-03
7.751292466217059654e-04
8.211297729827024550e-04
1.268266885060152869e-03
3.063807069247017506e-04
1.524979015003655094e-03
9.495132739268133349e-04
1.106788102716921166e-03
1.040152045965173858e-03
1.361244553860198325e-03
1.263551703602684055e-03
1.197492555984127965e-03
5.781743996178125662e-04
6.779475222926513271e-04
1.497599063680515570e-03
1.357981258102837789e-03
5.171296176854407343e-04
3.260523628963979512e-04
8.439248413020832484e-04
1.203273620991133011e-03
4.651812293706584838e-04
9.590629613053331878e-04
1.225109040658046424e-03
7.778696110295610843e-04
1.978151257260704968e-03
4.788484523649570506e-04
2.820698297457323268e-04
8.225400762535197427e-04
1.298414939115483850e-03
4.588658983892997256e-04
4.226226835434168487e-04
2.249728269596398041e-03
1.767438065583136876e-03
1.367244398693437521e-03
1.927848290186636891e-03
1.649907899231933209e-03
6.727683867417059548e-04
2.172543207397757692e-03
8.668470539065027593e-04
6.732525944055391641e-04
1.294666782613999520e-03
4.006319129698063426e-04
8.429965273745639856e-04
1.073500569867286624e-03
5.558621435258839522e-04
1.012879579690931058e-03
7.871877156860099777e-04
7.714547349060874590e-04
5.683816031028112543e-04
9.096671878590317870e-04
7.835180883975340592e-04
5.221812547687036720e-04
9.153740514824308889e-04
8.010332183976793217e-04
1.402779628862236205e-03
1.494638470666225351e-03
1.022065201636711620e-03
1.284544412664415537e-03
1.825388952414676476e-03
6.513131748893078322e-04
5.656447988509144759e-04
9.872072293319875732e-04
3.250086326563802488e-04
5.811078877686618382e-04
9.556686595217783482e-04
8.428501134250852107e-04
3.189913800670779844e-04
5.306084470375185607e-04
7.938235013751776276e-04
1.949443436068064609e-03
6.829923576469550161e-04
9.640549278645620893e-04
9.413762030169933607e-04
3.482809212007883593e-04
9.364957033099528903e-04
1.658972926853798449e-03
1.839535770673455606e-03
5.602915735186573491e-04
1.091757240865291528e-03
8.681714829999474846e-04
1.247946641716436928e-03
4.824137392394721034e-04
6.442818417026593058e-04
5.111645016991806130e-04
5.196907907276771899e-04
2.175606879442874061e-03
1.781998336401620017e-03
7.320682392715632814e-04
7.054122116722791932e-04
1.339536948828469898e-03
5.777867639176069610e-04
1.039012683828580965e-03
3.112800818970738216e-03
6.405714498430914233e-04
9.727521641419781262e-04
5.628603881318555279e-04
9.641867818554772937e-04
8.154141715236338205e-04
6.287834903062860777e-04
6.217801989726245634e-04
6.602637223235259881e-04
4.415324941914217398e-04
1.686983998366779194e-03
1.120195394926683198e-03
6.434089162816162720e-04
5.730868542226948527e-04
4.158434750654822288e-04
6.837624997632503997e-04
1.437992627726054212e-03
6.800750369492695275e-04
1.768711397371502958e-03
5.077220400544138349e-04
1.445680186877988964e-03
4.783622587678187758e-04
9.804262645995770117e-04
8.107409299050137835e-04
7.043343078501198900e-04
1.546039614377607736e-03
1.039215918771863728e-03
5.434238911551053479e-04
1.102164751466944105e-03
7.894156786806442528e-04
8.564071235968742733e-04
2.077490926506260580e-03
1.565974379062340903e-03
3.808443077182593222e-04
6.507002340712003978e-04
1.154782376087141712e-03
1.000217185603052535e-03
7.464058618283358083e-04
4.169778918068553757e-04
6.565330292759569272e-04
4.867658190764175366e-04
5.168150250116831587e-04
1.159641976885126711e-03
6.751540932172459550e-04
2.968165455571464273e-04
6.223477187141469901e-04
6.097999375312167843e-04
1.541112575328866226e-03
4.851119983387165301e-04
1.023793541875727504e-03
5.548911910865210202e-04
1.198572993588489875e-03
9.856451827764181866e-04
1.042309006287865788e-03
1.106587708507873703e-03
7.555113190706645807e-04
4.236543603513581615e-04
2.457227607480436376e-03
5.563631128075088167e-04
1.560999393362726270e-03
1.386078950334762279e-03
8.575747946371055190e-04
6.270911875668257630e-04
1.103066888925346946e-03
4.890707181483522868e-04
5.240623518808414658e-04
3.921563369405570024e-04
6.586151071972412997e-04
1.128371550239843897e-03
1.006263284678864979e-03
1.683960118131325439e-03
1.488992677260893814e-03
4.633338519642871134e-04
5.423072655636908398e-04
1.215565438760577615e-03
8.195323288048862991e-04
5.433043689252809588e-03
8.377230968147627655e-04
1.137367530142827446e-03
6.457118258091018581e-04
1.166002832708121391e-03
1.539466197346880125e-03
1.557425961834602718e-03
4.949916486314797628e-04
1.137554724904912612e-03
5.867402050557657530e-04
4.854368360343500445e-04
1.066728591300943833e-03
5.418461997621937818e-04
4.556636448892213741e-04
8.126684145484539467e-04
1.205334181474981706e-03
8.341176654781992357e-04
5.762015136801646288e-04
9.588858854458454746e-04
4.058774252825449831e-04
1.531793244653130480e-03
3.970821422169915917e-04
5.617988312598365353e-04
7.618943442311450470e-04
7.473804500727452031e-04
7.991273521584206507e-04
1.255813682683223909e-03
1.565522256879131862e-03
5.318428256166546136e-04
3.737656766108026201e-04
1.156914038241086068e-03
5.778491740594507344e-04
6.857233957461841486e-04
6.792012972241547302e-04
7.090348313504769460e-04
1.976575453117439783e-03
5.443862607831655718e-04
1.063152963202724545e-03
1.464561260123461257e-03
7.753736252388990571e-04
6.898883591032633393e-04
5.675390419234994368e-04
6.668770630971512748e-04
8.567342981752013812e-04
8.485271250017149955e-04
1.178911859885321736e-03
1.213204388756133900e-03
1.440577588608132247e-03
6.293702406583930346e-04
1.423698711910519835e-03
3.524128056898274356e-03
7.625123960676896250e-04
7.486882469630104378e-04
3.028618023397875066e-03
6.971980119186017410e-04
1.158812104793732235e-03
6.933421358840699501e-04
5.952099973708039737e-04
1.275092399066715893e-03
5.815695894081653831e-04
5.614331165946467687e-04
3.780094797837948929e-04
5.213563096057801955e-04
7.251283864801580034e-04
1.457258445663731300e-03
8.223479595965688376e-04
5.494864720752161208e-04
5.872636548809246401e-04
8.428360916444247071e-04
1.418697303890954949e-03
8.737350060110412155e-04
6.394754159736997391e-04
7.483043051059266176e-04
1.504485843023653556e-03
1.617855771923499154e-03
4.404523820051075905e-04
1.707271645082900731e-03
3.528533272238023721e-03
7.594070792043309485e-04
6.667370527019963414e-04
1.164273440115365984e-03
1.189724763263049195e-03
7.966418598377682106e-04
3.160073714275684828e-03
4.087439127490690750e-04
1.400255536620933876e-03
5.330256763966651455e-04
1.123054692162857911e-03
4.242296288672839648e-04
6.619222439170895523e-04
4.466775190316608912e-04
3.718159703663828446e-04
1.249047835192668588e-03
1.008146851963459328e-03
1.181313432169832280e-03
1.085843112848971668e-03
9.790124665444346203e-04
6.287522292924998093e-04
3.246255404189314370e-04
1.309502677364953989e-03
3.497621986150957680e-04
7.354736249881317200e-04
1.258850794892927682e-03
2.012964331023415609e-03
1.645147288103998139e-03
1.301856377671159861e-03
6.355278343625142892e-04
5.643043473512155631e-04
3.292626307938567435e-04
4.151547609154515681e-04
1.011110357269689054e-03
6.467975483872703346e-04
1.217968589479341687e-03
8.828959665908872687e-04
4.660019115161972243e-04
9.161056934001866187e-04
2.285949796818036314e-04
5.873046853368019300e-04
1.383782344375739798e-03
1.159433506119036299e-03
1.288422884257983680e-03
8.816746280597962705e-04
8.816450841398797622e-04
4.431020057547303652e-03
1.276091498413604039e-03
8.019412438143062264e-04
5.412059457530562796e-04
1.714364390719593954e-03
7.202071775836570329e-04
5.383109660104763239e-04
1.097597105293828413e-03
7.459018576456406899e-04
3.884896109501604711e-04
4.702416024625432180e-04
1.134228326216168807e-03
2.075403562173039427e-03
1.703593420143932440e-03
5.230370802900689321e-04
1.119679203900217834e-03
5.060315195340069549e-04
1.899314620473557987e-03
5.359790781440382365e-04
1.640107235360518207e-03
7.007954262333750258e-04
4.343206112810615513e-04
2.724329523626279215e-03
5.815387400074154131e-04
9.886214351434014207e-04
1.483538818791301211e-03
1.437237697754231193e-03
8.574806317316470113e-04
5.695036274584707727e-04
1.276726485650882519e-03
5.809747979867809810e-04
5.984009695249009175e-04
9.487491969160326668e-04
4.660019115161972243e-04
3.519899286013123069e-04
8.126622809910078252e-04
1.516271182813623206e-03
5.700448360370487461e-04
7.739824157259939845e-04
3.211127712597981309e-04
6.914450183299910126e-04
1.262679645614177846e-03
6.903814560177815897e-04
9.339377364085834450e-04
1.103876329555461208e-03
9.442502539966376269e-04
9.287490449386994439e-04
1.603625016789830392e-03
4.816534409075651419e-04
8.617435511309578123e-04
6.287522292924998093e-04
9.758973989204556805e-04
3.853860090482298705e-04
9.410218674143955211e-04
8.369519420846422341e-04
8.849235384805730900e-04
1.051732482801647503e-03
1.622887568865427361e-03
1.166545926264051739e-03
2.326959808151150572e-03
2.485825614872940858e-03
1.712674808483211769e-03
6.907997175223108514e-04
7.106632979150021793e-04
2.652012852463709897e-03
9.411185354161839475e-04
9.710827487867104355e-04
7.477111578917571477e-04
1.150865193302935989e-03
9.033922568870754542e-04
5.376071446852610097e-04
1.237780745347159600e-03
1.203963781330101915e-03
7.714547349060874590e-04
7.188643669944493097e-04
1.358941671012901505e-03
8.003841427892363939e-04
9.768660208262997316e-04
1.131297259595204783e-03
1.373909502639382137e-03
3.431489160663981817e-04
8.661523931002461721e-04
5.157760422353679973e-04
7.920951987704972792e-04
4.182315322755044622e-04
5.863547258456249011e-04
1.194849736999639049e-03
7.763522773547398793e-04
6.831098987606928170e-04
1.938216944837214311e-03
1.639421503021915418e-03
4.961902324408778292e-04
4.555887351948879221e-04
1.112741375468764794e-03
6.850249580287707954e-04
9.152670190981075258e-04
8.014593510717497133e-04
1.339760638815676091e-03
1.181631109767319844e-03
9.389744540316726906e-04
4.692997033777257542e-04
1.058153857113056573e-03
5.034522161235076981e-04
6.418947483799591902e-04
1.234298859454153238e-03
5.637293789615600587e-04
5.630806219322610990e-04
3.498494429113147789e-04
5.434238911551053479e-04
9.856622834238020023e-04
5.747295483961681632e-04
1.224015018750263667e-03
4.705634883573184659e-04
1.189679096827954202e-03
8.934108045033590855e-04
1.006609160255109853e-03
7.468578779167090245e-04
6.779274300874474704e-04
9.561253728906411601e-04
1.176781261331742061e-03
1.331948417409433523e-03
7.292980045744690276e-04
1.098117152142905712e-03
6.425883193517393155e-04
5.065552761709964493e-04
7.852462889522690906e-04
6.660588053098257400e-04
9.473299209328289207e-04
5.191425727943447220e-04
8.272010907836252567e-04
1.687756989461992050e-03
1.054494435531721586e-03
1.295982428911542778e-03
1.297517887844388488e-03
9.262102042104576908e-04
8.201867868353398140e-04
1.970806418584154611e-03
4.383570956306683734e-04
1.146534235078690506e-03
1.354679114305354154e-03
2.865054165193108449e-03
6.903814560177815897e-04
7.510492265195160876e-04
2.835545456086135626e-04
1.507568956487044011e-03
1.441232885080871847e-03
6.418947483799591902e-04
9.208916699641215772e-04
7.622325143938043016e-04
1.778606778227345697e-03
2.865815858020960669e-04
6.173120327851259201e-04
2.788550296530575585e-03
1.613977651636871362e-03
3.988904240818378407e-04
6.480805547481528935e-04
5.552477835377920808e-04
1.013125990027090176e-03
5.129749373390489605e-04
3.452651266090924409e-04
4.445218940972328614e-03
8.784209063990949763e-04
9.982100623732181616e-04
6.931910450187701899e-04
2.192669729721641574e-03
8.413946394358561270e-04
5.726231716956236163e-04
5.083859968778561746e-04
1.219627237419757936e-03
8.528416227383407277e-04
1.103763020118960761e-03
8.667919685620005706e-04
3.626917240150131019e-03
1.069929005051748795e-03
7.962288220763265615e-04
5.055560406905585573e-04
6.578035424768416493e-04
4.786372873682900441e-04
4.606253262520927671e-04
1.264625610713863285e-03
7.801114698165422228e-04
1.166926253040351464e-03
7.744679523564814740e-04
8.757867208438250943e-04
1.055641147871284186e-03
4.131440018309104345e-03
7.171422509342574624e-04
6.486226655775789024e-04
4.235803643359918299e-04
5.166177259188979402e-04
9.919854683484454448e-04
1.276893201054161249e-03
6.428659763565116496e-04
4.463418230879682264e-04
1.785367655018712824e-03
6.829762026285045393e-04
7.618458389196283535e-04
4.982152029155440540e-04
7.830006486533160146e-04
1.522214833946159990e-03
6.880583194200270676e-04
5.060972154858454789e-04
1.174813047467097773e-03
3.558711859895923339e-04
1.706479650065343247e-03
1.828483809903155496e-03
7.032712900270807980e-04
1.049247845732986144e-03
9.478925488501720002e-04
1.069173094567630504e-03
9.631624411445662351e-04
8.330954525070446981e-04
8.705489291155667783e-04
6.119735033653285082e-04
1.390167777008852754e-03
1.330852687744402433e-03
1.839535770673455606e-03
1.090673401497778720e-03
6.797063245265292123e-04
6.733560148857615233e-04
6.321813404429684098e-04
1.119974357624655510e-03
4.809593726373099392e-04
1.219700637031659622e-03
5.229932911328567802e-04
4.332096335405421226e-04
1.531282149783037448e-03
1.992560071456664795e-03
1.397454446060383956e-03
9.187712117140529487e-04
3.588882832147519564e-03
5.809747979867809810e-04
1.049680693561795336e-03
1.012703451648748563e-03
6.615993760157365790e-04
7.810505057772585465e-04
6.721310462133374842e-04
1.170961869853637347e-03
1.131297259595204783e-03
3.036875405831980729e-04
9.101602525859797200e-04
4.205959147345572592e-04
7.830006486533160146e-04
4.076435358587785331e-04
8.375439334437006448e-04
1.526726940636315101e-03
7.736424747703112307e-04
9.001026870171748755e-04
4.182439753616058807e-04
5.970442372824264800e-04
8.689142553921784702e-04
1.018732082364123392e-03
4.916490911473744060e-04
7.000739909974222023e-04
6.639650498924158043e-04
1.320920211192976902e-03
1.365248998548455623e-03
1.497599063680515570e-03
7.874373169485390182e-04
5.958092591128125734e-04
6.770938675637957907e-04
4.809593726373099392e-04
7.903160913260142426e-04
1.645937325249304363e-03
8.590744781084131386e-04
2.125152802893653849e-03
2.957710268338930616e-03
1.121119087211466196e-03
1.825307557212355221e-03
5.666150530560399440e-04
1.152982456532285161e-03
5.409513227340711486e-04
9.010369851160058294e-04
8.794551676329527817e-04
7.591547133554231832e-04
1.207233986827206586e-03
5.795168825422920399e-04
1.288265502726044847e-03
1.813693295848764877e-03
7.618943442311450470e-04
1.304009631850609665e-03
1.476590348803679797e-03
1.297859891257678719e-03
8.746989803948371786e-04
8.049823000229078696e-04
1.746622101675451670e-03
1.530817721903257947e-03
2.249014710981088374e-03
8.533939492014773259e-04
5.580618749852535180e-04
7.155281088712207383e-04
5.736001738517781988e-04
5.694571695722915310e-04
8.277143439104157809e-04
7.329391117015324067e-04
1.964149662669902128e-03
9.463594459957810207e-04
5.348980958675290985e-04
4.235422808031607308e-04
7.562264011161580089e-04
7.119401448761556589e-04
1.365485098585764601e-03
4.257535780682640612e-04
1.531983255025720810e-03
6.381878209523184076e-04
5.370619380625625506e-04
5.951732333218313128e-04
9.173154549242884884e-04
9.830041666295517323e-04
1.334678251546025061e-03
9.677241005689087711e-04
1.323254343511361770e-03
6.387282686222310948e-04
6.248478924209116808e-04
6.279968988575549251e-04
5.519134737325305387e-04
1.294329589718592197e-03
1.208669405670252921e-03
1.206529975519566840e-03
6.287834903062860777e-04
4.870945784890467404e-04
8.170439694641101628e-04
8.305202716436185795e-04
6.648893473552547990e-04
9.782164155174020211e-04
8.977158212394796251e-04
1.714756171345923567e-03
5.572432021956935828e-04
5.305886139881219781e-04
9.595788063621554266e-04
6.158714525818815167e-04
5.759479913406614091e-04
9.890711646423442499e-04
9.452323858187009408e-04
7.136676491745722484e-04
5.763146982253844908e-04
9.867681659449672495e-04
9.463594459957810207e-04
1.957952462147503642e-03
1.810049642135641741e-03
1.532551209181575108e-03
7.748712325542512483e-04
4.845813388315643017e-04
7.043099386911899585e-04
6.576103812528732257e-04
8.350071151647807301e-04
9.803079181196568299e-04
9.485496131986367527e-04
6.418899638133835749e-04
1.018628727378965374e-03
6.607844093063945309e-04
9.629565469366475026e-04
1.194010665615901495e-03
6.301908617775583673e-04
8.894466516727965715e-04
7.193916675531236704e-04
1.663982301247806045e-03
1.334392635558578856e-03
8.389518584503121356e-04
1.006023343328174688e-03
6.482461640440441908e-04
2.411364371672470620e-03
1.317182347946990306e-03
4.787430164017861321e-04
4.041393501438783295e-04
7.516406946146282197e-04
8.234591837401628598e-04
1.199856536106320157e-03
1.082454127045737050e-03
1.317182347946990306e-03
1.116671780053581911e-03
5.974558065210608653e-04
9.425925348883547631e-04
4.104781621731434403e-04
1.219935064094021873e-03
1.265511616448782625e-03
2.574324457152008319e-03
5.062988780394387604e-04
9.554084714217743772e-04
4.386164198039308923e-04
7.081119393994440674e-04
1.102186906786640575e-03
1.431652972357556289e-03
7.274846175495616480e-04
2.293198136623826166e-03
6.676119353374716748e-04
2.907657318783835390e-04
9.926192855033153569e-04
1.105390650336223607e-03
5.550526081410156248e-04
7.522639566119655079e-04
4.538721000307243932e-04
6.121464339202659739e-04
9.021080661323584767e-04
2.540528206671575050e-03
1.955537243018276323e-03
5.629063025022833754e-04
7.511207981615137478e-04
9.554084714217743772e-04
9.208303116867692538e-04
1.246528761314111798e-03
7.474842437029243511e-04
1.517732425222056069e-03
1.675576516159908670e-03
1.482138404031474541e-03
7.426904169591836032e-04
1.649241243938117177e-03
1.196387991281429482e-03
1.407046696276417937e-03
9.247016239299456816e-04
1.580571783192724882e-03
5.002772887675903217e-03
1.035561772398258147e-03
7.727027938507406799e-04
9.819338505402950331e-04
8.364174289348269998e-04
6.022800633167173885e-04
7.482466360574320302e-04
1.132924931968913931e-03
2.267248736538889260e-03
7.571391266153266108e-04
4.673297158561614227e-03
6.322330939435931961e-04
6.274845534446128227e-04
4.690150405952788555e-04
5.949295705077790484e-04
1.198858411698692627e-03
4.840446658955467000e-04
9.237386103640223564e-04
9.520287821941926087e-04
5.116550794271452736e-04
4.212469987325805358e-04
1.234508560104079266e-03
4.041102803738920771e-04
6.230541909750613415e-04
4.406496775876141527e-04
8.258430791425630958e-04
1.426806032032354498e-03
1.258647157942235570e-03
4.766699550545663421e-04
5.949956291997264644e-04
8.405668723775009147e-04
5.008711542190398373e-04
8.168146726197928875e-04
4.742460946716240550e-04
4.728970616809173274e-04
9.410881500998229511e-04
1.021284142142007056e-03
5.948772050002740838e-04
7.874990536175927773e-04
1.049533935431105468e-03
7.894156786806442528e-04
1.181742300352270781e-03
7.003518828108947977e-04
2.106178980579539225e-03
1.174497898021098063e-03
2.803694327579527978e-03
5.583809662870100731e-04
1.094846953557685951e-03
9.947313295946458474e-04
5.852732584699673040e-04
6.832065177152660609e-04
1.979617323133155572e-03
7.943035508321713263e-04
5.496316762735897234e-04
7.528544937963135841e-04
1.193730658074348321e-03
5.979067822026837460e-04
6.108688403099441118e-04
7.086412725021176391e-04
6.848174719676330523e-04
1.067294480366924505e-03
8.542270795790361153e-04
9.021460482629243020e-04
8.435994596902910390e-04
5.037978437231051092e-04
6.210058987574676405e-04
6.029860420261690199e-04
1.050005442564366570e-03
3.196334217787447692e-03
1.158812104793732235e-03
1.708018714971105056e-03
6.265365488810536922e-04
7.474842437029243511e-04
6.317883107196498689e-04
1.420335584054299499e-03
7.953215939924002803e-04
8.273289965922878651e-04
1.314736348768147768e-03
5.275295534578520280e-04
4.544887432872366266e-04
6.265144380889301487e-04
1.005029750656191451e-03
9.903980388312103554e-04
8.424510007958009540e-04
2.285949796818036314e-04
1.415673602061805680e-03
6.948984182173894306e-04
4.673745386640523400e-03
5.798509660272459622e-04
6.668770630971512748e-04
6.895792318577808645e-04
1.242749108857665961e-03
5.837056988079193090e-04
6.892119496548609458e-04
5.815387400074154131e-04
1.912026233739081956e-03
1.063233685252973305e-03
1.439104979199112497e-03
1.449727490646554465e-03
6.840078769228800535e-04
6.451439076225603739e-04
9.018162810728668584e-04
7.353329644592734035e-04
7.509350507962694182e-04
8.775720449556752159e-04
1.156852943544181469e-03
1.125321353462998110e-03
5.150733703384180332e-04
1.915518157162406521e-03
2.038453158199580138e-03
1.752012144244976047e-03
5.199262789352661427e-04
5.321093357582786128e-04
5.541169598797546789e-04
1.237639705495537654e-03
5.045498581428721615e-04
1.073005429142660349e-03
5.434238911551053479e-04
1.213658236808855566e-03
2.683887747415370298e-03
6.099022326446842815e-04
1.855412348251057842e-03
2.169667535158087673e-03
1.205334181474981706e-03
7.695913028916676101e-04
1.053259052665900036e-03
8.426990255367093879e-04
7.959354488656683775e-04
1.016568850865559029e-03
6.944753843459504188e-04
6.331785429230624932e-04
5.230370802900689321e-04
1.087058780591916313e-03
5.695617656699673197e-04
7.030999124292030460e-04
1.114699976040241496e-03
1.255833841136813449e-03
1.187892027003951230e-03
9.779548707864211144e-04
4.607963296727271302e-04
1.125013764992985202e-03
8.908350863388392674e-04
1.544605390053065911e-03
4.266580355876185252e-04
8.810540165439631781e-04
1.046040189867347139e-03
8.737350060110412155e-04
1.829479939299314285e-03
6.353531009516711356e-04
3.670418240575977920e-04
9.375683443635875105e-04
7.713232909423508058e-04
6.208680430647918642e-04
1.348537934763350188e-03
7.908063105122694518e-04
9.930377612749701453e-04
1.212752411397556530e-03
1.166367908635628295e-03
1.637622586073919466e-03
7.880743105479997949e-04
8.886995211845729941e-04
4.660019115161972243e-04
1.965162149607716739e-03
5.934796878646148239e-04
7.099221054962070229e-04
7.458854900589940952e-04
1.001963943740239414e-03
1.515487641499326356e-03
1.272946004578885291e-03
5.049792066603967129e-04
1.250828119386401208e-03
9.248647455038350564e-04
7.299315107195297790e-04
1.324160283411663936e-03
4.630451671694118133e-04
1.520887929271579888e-03
5.310719401006899331e-04
4.149882542691272699e-04
1.854491420298110763e-03
7.913045308826637285e-04
9.575988537363144338e-04
1.322541201393280519e-03
9.641867818554772937e-04
5.622626136413908524e-04
1.185193472434223653e-03
5.822436004802624939e-04
4.466775190316608912e-04
2.803580769825971594e-03
4.673745386640523400e-03
8.015365336625057246e-04
1.001038901035211171e-03
9.074414239475148310e-04
8.010313345218938097e-04
4.916490911473744060e-04
3.914178031856391693e-04
1.258813869770642130e-03
5.230370802900689321e-04
1.332261278911753884e-03
5.541622739432029449e-04
1.059112208785823340e-03
7.056926032329503048e-04
7.864954861834676280e-04
5.083859968778561746e-04
1.199030402548697301e-03
1.461940391686988730e-03
1.502663910148521005e-03
5.931566013363941559e-04
8.002075565206141425e-04
7.696586207922820506e-04
9.856229003035734629e-04
9.148271323611481933e-04
5.769167447744545825e-04
8.001325086316483579e-04
5.624430486821007042e-04
5.668579330876062422e-04
1.324160283411663936e-03
6.207600931555424563e-04
6.776228157632697719e-04
8.787049744657372775e-04
7.442806370346615082e-04
1.081323480096321342e-03
9.560167891463851363e-04
2.036072364620435723e-03
2.106178980579539225e-03
1.149366346380617087e-03
6.473062356338978637e-04
1.134075469273105414e-03
5.824899327090839575e-04
8.823723557058045204e-04
1.225799353030707821e-03
4.753125060833926735e-04
1.313128100298698378e-03
7.894156786806442528e-04
5.585480722090502281e-04
1.444762909219728412e-03
7.161839115797742411e-04
7.524803555429102498e-04
6.683684627786769467e-04
2.103023063973431458e-03
6.676119353374716748e-04
1.656682637732239663e-03
2.862575748494212372e-03
9.132811932388225666e-04
5.781743996178125662e-04
6.253066388474656572e-04
4.599143698645163079e-04
7.070619810717913368e-04
4.420860725036997218e-04
5.165123317370251153e-04
8.182616336763995791e-04
6.829923576469550161e-04
7.912779700596392308e-04
1.224907493046592391e-03
9.920186661133646635e-04
1.452905204639889881e-03
4.098661547157230302e-04
6.612539371848678979e-04
4.302505915451894825e-04
5.748004204492020239e-04
6.321813404429684098e-04
1.265394509129155916e-03
4.999040355617563559e-04
4.883047483252856953e-04
7.047170094741341461e-04
1.096414245864350779e-03
7.977430464340407035e-04
1.168218379091417276e-03
2.437381660405700361e-03
4.374407629708282667e-04
1.266617833700507548e-03
6.668770630971512748e-04
1.176029123406894606e-03
1.683960118131325439e-03
9.483704740168543345e-04
6.699866930162678719e-04
6.035321813813129040e-04
4.764602445312616152e-04
