3.020655369841648320e-04
5.498207425886562742e-04
4.772553292157389769e-04
7.466153428137555252e-04
8.634747739238271850e-04
1.087734859423622686e-03
9.876924595648747373e-04
3.837205163653267912e-04
2.424418861691132743e-04
9.269357992066006805e-04
1.768193922683980804e-03
8.789113782666200820e-04
5.501515453738818227e-04
1.694881781062251196e-03
1.471832353478449160e-03
6.283204347494815607e-04
8.724262616450422598e-04
6.576740442028028953e-04
8.128328680833239598e-04
6.519293939504486367e-04
2.682652675788307906e-03
6.820876261811635111e-04
7.176007821677141563e-04
5.614565694649847156e-04
6.992706620555273625e-04
5.228516389446327293e-04
8.454055438670873531e-04
1.324447778332941365e-03
1.054246057269072950e-03
8.977297376879051155e-04
4.741279365760807103e-04
1.502836060161831912e-03
8.237722926561913406e-04
7.190604380260592074e-04
4.313670118415855923e-04
1.283513815064548421e-03
6.351275305957363804e-04
5.811886111199166677e-04
9.937388162977671413e-03
1.103090637556712215e-03
9.416634553683204435e-04
6.411896828126313229e-04
7.002187221522587377e-04
1.097964685337659771e-03
7.238175866224855854e-04
1.784901274309913088e-03
4.795305070183703065e-04
1.450046213117967258e-03
4.761372460587908135e-04
4.430414363605391487e-04
1.456175300911564854e-03
6.603404786482007559e-04
8.216660960365830676e-04
5.941586173647147012e-04
1.407019452342697175e-03
2.487933688727672881e-03
1.635310650733970460e-03
7.610559876507981244e-04
8.130318942300971720e-04
5.391943331334249270e-04
1.249897073712366320e-03
4.029858685061839274e-04
3.309946798445677764e-04
5.981141771471994292e-04
1.206291230536850204e-03
1.773202124445719336e-03
1.450046213117967258e-03
1.221650268994239332e-03
7.761775093817231816e-04
5.950698766319741963e-04
8.410185891599779827e-04
4.494403445294156371e-04
6.339774328371741751e-04
8.541381578099525515e-04
1.158145250518524943e-03
1.576969089601459179e-03
1.090922686556110603e-03
9.860573971771553498e-04
1.193229408600597879e-03
8.092056472241059223e-04
4.981759894785544370e-04
9.157156937506332178e-04
5.504199469433747501e-04
9.802732374783232859e-04
3.570298047396848018e-04
1.721922469061894440e-03
6.696260567772600739e-04
9.017489881007805181e-04
4.430414363605391487e-04
2.118662279288251269e-03
9.691674568457978988e-04
6.174092036834549465e-04
8.611447486402788861e-04
3.728089802284306775e-04
6.177439731789688589e-04
1.184850596148074361e-03
1.257815332438070362e-03
6.017458546220416388e-04
1.327265574653670784e-03
7.647538466779887478e-04
1.052336799319337785e-03
7.377199668330189884e-04
5.006755888729698227e-04
8.949682738263135123e-04
4.436028012689917214e-04
7.031326264730497358e-04
7.370999127206691835e-04
2.077884482660077858e-02
9.996203737122665370e-04
5.814701895438095227e-04
7.163701349896287691e-04
7.592511005018828156e-04
2.649686173301416675e-03
3.358200484883365217e-04
4.029858685061839274e-04
8.721869750449984639e-04
1.966444359500866060e-03
3.655855026442104104e-03
5.129799252849486998e-04
6.948146641972805957e-04
6.174092036834549465e-04
6.214776996474543919e-04
4.855132004290057201e-04
1.071737405082043119e-03
8.463328034349650291e-04
2.426672305476325602e-03
6.696260567772600739e-04
8.939513009423832434e-04
8.282694352925235644e-04
2.192254336331501963e-03
4.366501117192069805e-04
2.094651365342224680e-03
7.385050056266937498e-04
1.683046158629447142e-03
2.832362631333289627e-03
8.049299636446290629e-04
2.957058277475112695e-04
5.696198074179023357e-04
1.006623646742569548e-03
4.703835446060195143e-04
1.426971498438533038e-03
1.320744322252868919e-03
2.363373416366094590e-02
8.431020157970780344e-04
7.362457185571285754e-04
8.058144838921085318e-04
5.007493360469172754e-04
7.370999127206691835e-04
7.145216986130704679e-04
3.517474627382557724e-04
5.341044210559957144e-04
1.113851876244050529e-03
8.546174533453073730e-04
5.078086921264980420e-04
4.009524766900950500e-04
3.934192773479940671e-04
1.926678723114275300e-03
8.731897773126338740e-04
6.456366175392499844e-04
4.443587049014904259e-04
1.471356582103427145e-03
5.165916951844872883e-04
5.031113281244439447e-04
4.028426741417335285e-04
4.559074370942885223e-04
6.365679406154716802e-04
6.655078596540217649e-04
6.198215215763002708e-04
1.589568102577823376e-03
7.757909125361611615e-04
9.397496986023518885e-04
2.410661546546206653e-04
6.303704335192513103e-04
5.734202418304477520e-04
4.870492240667492366e-04
1.202844350357178821e-03
9.010358310951514750e-04
8.115741713571128719e-04
8.662578362946173754e-04
1.258157529091301569e-03
5.189377829531523559e-03
1.322357535929937281e-03
2.811154493124556550e-03
8.126240041053645578e-04
9.625545635073869252e-04
5.451878398176558845e-04
1.118987486600477249e-03
1.073077016698545296e-03
9.470865742751613655e-04
8.882938530869321104e-04
2.740457357066395944e-03
9.286609122416113410e-04
1.475390617514722334e-03
7.508106016742374265e-04
2.283673674163103334e-03
3.420752803581061496e-04
1.205585565739047743e-03
1.307046750969929980e-03
6.298694602658304635e-04
3.664545064491981155e-04
1.292814765553380440e-03
9.066107838469422914e-04
8.174291929551425829e-04
8.407114334843906979e-04
1.273737353395661305e-03
4.318629973607384103e-04
7.536715359833712127e-04
6.994693866421556640e-04
1.298350774983765945e-03
4.479753533530630972e-04
1.278937694560928259e-03
6.454186605997403077e-04
5.887381743382863204e-04
7.683907577070788093e-04
4.964968828331709589e-04
9.263587005111617286e-04
4.415924003919277120e-04
8.909235352249312775e-04
1.934229604653688647e-03
1.550380697757426998e-03
7.535482103941795523e-04
9.072661259790414318e-04
1.361616102152258178e-03
3.927607127006768769e-04
1.389647094583629922e-03
9.237895936323137170e-04
4.750621690652473699e-04
7.154141553276874982e-04
1.483162743515341504e-02
1.198348377379789432e-03
1.685603178074158862e-03
1.426580634507249685e-03
9.104990748014178247e-04
8.358775969753899724e-04
3.796789566314972631e-04
4.484951134230761422e-04
1.348944526814280925e-03
4.641507231706810867e-04
5.995439260240548705e-04
8.177964520452773783e-04
9.514162594952863287e-04
2.797443374819947258e-04
1.586337687469326855e-03
8.267161246796208120e-04
1.335052255372608026e-03
4.380348047381993240e-04
1.666083414804166770e-03
1.389647094583629922e-03
5.469510816009096792e-04
7.619984901186497173e-04
3.499991910209084359e-04
7.570333817740322558e-04
9.711794492490911273e-04
6.803717811421932824e-04
6.679897233579428981e-04
5.958051222049538711e-04
1.201319900956015910e-03
6.325051005121349679e-04
4.009524766900950500e-04
1.024887366787048800e-03
8.594244870985164866e-04
1.037917000012720040e-03
4.255615284192950558e-04
1.436896623651666774e-03
6.591139607172081692e-04
8.913283052636242080e-04
8.573674596119792730e-04
1.676203101590064077e-03
5.109425953021803956e-04
2.497852625044503193e-03
5.043950216055243744e-04
4.221525706723655569e-04
8.387723280129065484e-04
1.066703189806939922e-03
7.381487210373401803e-04
1.354456497644980755e-03
5.217918088786800386e-04
8.039384185042464754e-04
8.300617917014034303e-04
3.440311614397201668e-04
1.561079743394334094e-03
2.003295142132721380e-03
1.028113480242872800e-03
7.370999127206691835e-04
7.258833061129984230e-04
1.351199112496807636e-03
5.897947364302699941e-04
7.802391707222693920e-04
1.152619764061719185e-03
8.950425368668523795e-04
6.772001882049439063e-04
1.360250364848060532e-03
3.392961794883901866e-04
4.470772721598769263e-04
3.668778604402732216e-04
7.988836221310335536e-04
1.432143787620512735e-03
1.222881045279010891e-03
1.547596053321196674e-03
1.093668942665214014e-03
5.189377829531523559e-03
9.199155649993421158e-04
5.044725536608217834e-04
6.169702685314050082e-04
4.412621733863316504e-04
7.696795472452155071e-04
8.620085631415455932e-04
8.990244400755091321e-04
5.937236147260501135e-04
9.224018730215849220e-04
1.152940477297563103e-03
1.556477281678593332e-03
5.226402427225575447e-04
8.450220243153460297e-04
1.122769342769760082e-03
4.761372460587908135e-04
8.711489429693061292e-04
9.038618196046813765e-04
6.902695510048361327e-04
7.868422961737887812e-04
8.157720811415064728e-04
6.064904150723253624e-04
5.563428435352253199e-04
7.691964789290329195e-04
1.202348651004464530e-03
4.768792669886610914e-04
5.150308897998459806e-04
5.622150495785257704e-04
5.474080816324433055e-04
5.497274295243033491e-04
6.474879625409921992e-04
4.752343023026950265e-04
9.031141127434505348e-04
1.109335979822259925e-03
5.216978334001443627e-04
5.972113552577019979e-04
8.608269243097735508e-04
7.159664806054073143e-04
1.206349634155998770e-03
4.370354815422565964e-04
5.578938729842980839e-04
7.306302853979152780e-04
5.434258881619359735e-04
3.156459908377245082e-04
9.614036276916658940e-04
1.190001699542762902e-03
3.486732225465584336e-03
9.237460910674768306e-04
1.730267041359019467e-03
1.167358434252201323e-03
4.569908525692634518e-04
5.384003355113106508e-04
4.363638015020689749e-04
6.506120474771833829e-04
5.904725802807888951e-04
4.868612431343741784e-04
1.130051834751158359e-03
1.390505248324204295e-03
8.116412564687796889e-04
5.791876468342476185e-04
1.151954383704190121e-03
1.274178993071764738e-03
9.043131082573323655e-04
6.747394425337451549e-04
7.915203494487802263e-04
8.910061045379229824e-04
4.274071400073883691e-03
5.236329982330820273e-04
6.280557670359211914e-04
3.828810951492793609e-04
8.246890465280973248e-04
1.075659482876538744e-03
1.952466139136145237e-03
8.901063120888030346e-04
8.735729357444140062e-04
8.515275503523074899e-04
1.003071713914514222e-03
7.686567585863158820e-04
8.028578567980756584e-04
9.023857412373224038e-04
1.050964181003662080e-03
5.723823404239420428e-04
8.152158696222123416e-04
3.732250642386527868e-04
7.977281339050600441e-04
7.029145549602759885e-04
4.715681117416644871e-04
3.365638036225541995e-04
4.292828288897464597e-04
8.818045898680402931e-04
2.422350019069145766e-03
6.491300446874992934e-04
8.552425891515082678e-04
6.988204942107906258e-04
9.103542674449236751e-04
3.451127634437988595e-04
7.819199922063019888e-04
1.740160014976701664e-03
5.875839501968535203e-04
3.545925687270892767e-04
1.471356582103427145e-03
5.196461387134995811e-04
8.063900800790277552e-04
7.136272655674765278e-04
5.066284721649674588e-04
5.721153864821690695e-04
1.814600937312584083e-03
9.205321557133223920e-04
4.206176277872687047e-04
7.957667518632889105e-04
6.157664602468654802e-04
5.000606762847897586e-04
4.701359050696802232e-04
5.431578307485607129e-04
5.412949886344120727e-04
9.561787934939316048e-04
5.589788578905494120e-04
8.794855866988780108e-04
9.811372364968418396e-04
6.148277485053918641e-04
5.793656135291817572e-04
4.929695362160493215e-04
1.586337687469326855e-03
7.823065208951392787e-04
3.540313919378702736e-04
3.087048829270037410e-03
5.694443698355366578e-04
6.228673353914231147e-04
8.998078028820646239e-04
9.432490272824714831e-04
7.177817320224741220e-04
7.793486475387753328e-04
6.569589760153871300e-04
5.299466331434780735e-04
9.108182703847588326e-04
6.634854351023428349e-04
5.734250435850484591e-04
6.948385517365015694e-04
5.935970169571462606e-04
1.306037666195002502e-03
1.067749310100804625e-03
1.205720125668477763e-03
4.969075862490662104e-04
9.024041985393580108e-04
4.725184689067428120e-04
1.382649833302611059e-03
3.270621909645542082e-03
1.191217598941025305e-03
3.192065948240070997e-04
6.328207278754803501e-04
7.177817320224741220e-04
8.680352685515743899e-04
3.894641867728558179e-04
5.897678347787362009e-04
4.427615812853207791e-04
5.442303702908007738e-04
8.312612641930195887e-04
5.583668604217577412e-04
7.372932880820836634e-04
1.198484709568601887e-03
1.020087624691215890e-03
1.143577418608633222e-03
6.694385467657231479e-04
6.608704387930466363e-04
4.845718081080544783e-04
8.896003409698426860e-04
5.437808443187781967e-04
1.195288534152634530e-03
9.307215439074643373e-04
5.870359995087947062e-04
1.000591402388766515e-03
5.700759763913026273e-04
9.852411438437795339e-04
6.806590431305789861e-04
1.177646337453521147e-03
5.253574867371171419e-04
1.132566353268590811e-03
2.687484498236751844e-04
6.327754114601238109e-04
9.578093586526274577e-04
5.585470216618338432e-04
6.474777303225878137e-04
6.762926862440196132e-04
6.923093489833390818e-04
6.565520824184543566e-04
6.878805925653484407e-04
9.355349379419063442e-04
7.200290976347529983e-04
5.159150199403406481e-04
8.782887479069071595e-04
6.582706357635705573e-04
5.179170728646246072e-04
1.591202506088620992e-03
1.040367797978892757e-03
1.193354604389290988e-03
1.657699597034738813e-03
2.036621820277197039e-03
5.459135008058317844e-04
9.551855077313608578e-04
1.238283469781731923e-03
1.685843241772209695e-03
1.655791972611857579e-03
3.055215429249483845e-04
5.873984722419196575e-04
5.299544805972760753e-04
1.309441291596758188e-03
6.847609529965717088e-04
5.382685051473313576e-04
3.211591386773192543e-04
5.092125359299279211e-04
9.030513908812024980e-04
1.612669017310186872e-03
6.291321101792024788e-04
5.305552108141807196e-04
1.362337381563903226e-03
4.118930523499790964e-04
9.091560336888436468e-04
2.426672305476325602e-03
9.349419345890382180e-04
1.344976097061711864e-03
1.459845509339510001e-03
1.105807386967213798e-03
5.179170728646246072e-04
6.777327612054267168e-04
3.308023378254077145e-03
5.123916836989305399e-04
1.110649578610252604e-03
8.902629913140439359e-04
1.017443084488414999e-03
1.313896622031539285e-03
1.122381427838037987e-03
4.111246132218282587e-04
8.190969575689777300e-04
4.967656450546698672e-04
8.106685639215298724e-04
8.078802392921652625e-04
2.561276427313867367e-03
7.423722112827184664e-04
1.094195630709705012e-03
1.047641751730110215e-03
6.327731825174595821e-04
5.304902168134818796e-04
1.589444645040021800e-03
5.115451564485630574e-04
6.783807115132268290e-04
9.523859338271926933e-04
8.284069095013207830e-04
6.996822954082049240e-04
5.334857164415514764e-04
7.703810122617274362e-04
1.577479544011016694e-03
5.298923088943163903e-04
8.535087255886985007e-04
6.855009441356244102e-04
2.426672305476325602e-03
8.433194458152048828e-04
7.418835854694290528e-04
1.181220410832624834e-03
5.869629040938602240e-04
6.340606471253735620e-04
5.337385985543370267e-04
1.273370664499522695e-03
5.363639470992409260e-04
6.187710725843088453e-04
6.474937636500785725e-04
5.571836804381437042e-04
1.323619599997371502e-03
1.335413463383824505e-03
1.514288994746778357e-03
9.675491708486012735e-04
5.366939519815308026e-04
4.476870014548153245e-04
6.495683559197678323e-04
5.401480027224192472e-04
5.277433484464997410e-04
2.463134993975076253e-04
8.065362931933668872e-04
6.687686760182111681e-04
7.277981933160428477e-04
8.395286767308476590e-04
3.309080537521915375e-04
1.238541897464414971e-03
4.092227514996772588e-04
5.390656041490285780e-04
4.236473412040767431e-04
6.588317139513766643e-04
1.074586425950428128e-03
3.991320582669729655e-04
1.090759180880379858e-03
8.810272391396142995e-04
5.020515340175641045e-04
6.031148126859806578e-04
8.841879781988492160e-04
7.717111377819079647e-04
8.271360520128503155e-04
3.570298047396848018e-04
5.543100811655017526e-04
5.930927278044687435e-04
4.895572355024271861e-04
8.331954055301085248e-04
8.072426457357436379e-04
7.468510498088516865e-04
8.246890465280973248e-04
1.092629001050666191e-03
2.871248010474263673e-03
1.358131808874279891e-03
4.939224831980436889e-04
1.265782276162753708e-03
9.309998944636344075e-04
7.397707149956287299e-04
1.589444645040021800e-03
6.064904150723253624e-04
1.118935131074147351e-03
2.099637600715703427e-03
4.884030850307398202e-04
5.269873503005576866e-04
6.207109683262762708e-04
1.291498907922456916e-03
6.633702093630210357e-03
4.511298092890064521e-04
3.783926739140878559e-04
4.073072055093810329e-04
4.509724254593569319e-04
8.517620857000156006e-04
4.173566000184483044e-04
5.694074881230810903e-04
8.744155761646767557e-04
6.745230131244618101e-04
8.792584298347225604e-04
1.045871900101965051e-03
6.006148095527683202e-04
8.910836948969849854e-04
7.843403009486444926e-04
8.981143266818725126e-04
3.211876767095661091e-03
4.122837416503689358e-04
9.623037978215983560e-04
7.680211959567777389e-04
6.171014458010549248e-04
1.191139419581924239e-03
5.665254688492629221e-04
8.423045952398052448e-04
3.442282589424937203e-04
8.390305531612200036e-04
8.055558655101922785e-04
8.146150534260609716e-04
5.672977751255591427e-04
5.538296468588203457e-04
8.015837166015046160e-04
7.513845386047515252e-04
6.908662880528447557e-04
9.697782738672333864e-04
4.539468999619898529e-04
6.255562941099837484e-04
7.029145549602759885e-04
8.271089726287340731e-04
1.036653606006424956e-03
3.952557389512048689e-04
1.428770178097824896e-03
7.613135960180977303e-04
1.155801878995436471e-03
1.007349682651766760e-03
4.332351953026896785e-04
6.197873062153653545e-04
1.361616102152258178e-03
4.947145225859421458e-03
9.508776116411223360e-04
6.641096874282492735e-04
1.045848246824225168e-03
4.602306385414081202e-04
1.362667146270810049e-03
9.838797037742806097e-04
2.103661138298795752e-03
1.071737405082043119e-03
5.514977974839619735e-04
8.939513009423832434e-04
3.307600804465780399e-04
7.613364245160361915e-04
1.232203179645228021e-03
5.581709359346186290e-04
1.045977583538138184e-03
5.645483768113125156e-04
3.895334188715968171e-04
6.717132914966499491e-04
6.017458546220416388e-04
6.414246210960031095e-04
1.316046619371043138e-03
4.802032490880270158e-04
5.192320207294905034e-04
1.484740730000848417e-03
9.019607406152489694e-04
5.473639141970522990e-04
7.291875416494119104e-04
8.484937856862945302e-04
5.074685764210568962e-04
4.676364911928070295e-04
5.947651675251460195e-04
4.104133323293805290e-04
7.688897843411926112e-04
6.081049120963095489e-04
1.234046531838213154e-03
3.755678004857096637e-04
7.911290201401003155e-04
6.926663014577322426e-04
6.850601344468782491e-04
1.081571772868232008e-03
4.128628174093931075e-04
1.892893753641849541e-03
1.579411098403458958e-03
6.026813065542623200e-04
7.334826313220089208e-04
7.333776897758658830e-04
5.066284721649674588e-04
8.928059914362001604e-04
1.416960066802837445e-03
3.024248570183419790e-03
8.567664504869125465e-04
1.320985791015586146e-03
1.011275165503467549e-03
6.713699736624941655e-04
1.177717516676109449e-03
8.979719771647242570e-04
1.285715116847629220e-03
7.241903480293725636e-04
7.910717281538637725e-04
6.672054502306750410e-04
8.739706571187980241e-04
4.940736019618742654e-04
9.104162883979796976e-04
1.510765722692878048e-03
2.094651365342224680e-03
8.250719465219687968e-04
1.673675596568380969e-03
5.390656041490285780e-04
3.318286282890528863e-04
5.207893047753549276e-04
5.779172265437990770e-04
2.891775720297584131e-04
1.813470078391052299e-03
7.423722112827184664e-04
5.649821981496604226e-04
1.137337252034590013e-03
9.532744785157103943e-04
4.560084487824664183e-04
3.947149288620546573e-04
6.219149877172498904e-04
7.752331150384395584e-04
8.721170618602139442e-04
2.132383333117251513e-03
1.983689997037358776e-03
8.213641400344436679e-04
4.908276687770079432e-04
6.234048496039316239e-04
8.810272391396142995e-04
4.781938880886783556e-04
3.552780195974418291e-04
1.354492215382149724e-03
6.360564442127005554e-04
2.096798527572902877e-04
6.129649042386078406e-04
9.852411438437795339e-04
5.400183077845911814e-04
1.276356362625914297e-03
6.044030633220883429e-04
1.786557391818889649e-03
7.277981933160428477e-04
2.390337430866228303e-03
7.078758767809406648e-04
9.671996862607313682e-04
6.886066171754858748e-04
8.363975460859017670e-04
8.954893950667406786e-04
1.417129735346598978e-03
1.014469696675904514e-03
4.662353442533128788e-04
6.500247663692736199e-04
1.810480034811911328e-03
4.624411684418090166e-04
4.401582739854560233e-04
1.795984443567943912e-03
9.852411438437795339e-04
6.205208039781212213e-04
5.099618633207398397e-04
1.960791198461038325e-03
7.120300727654427578e-04
7.701091803138342259e-04
6.604443702701560557e-04
9.084013141234690766e-04
6.803311320134528516e-04
6.996056384075093190e-04
4.659615162213034761e-04
8.941821715637181863e-04
1.543275632589032140e-03
8.606887677894985069e-04
4.138838283246233369e-04
7.258639101850935128e-04
9.573770749544859016e-04
1.177568472565897586e-03
1.028749344871911220e-03
8.272499770206979139e-04
7.682020051276318819e-04
6.919369508605424136e-04
1.151129795009428816e-03
6.622786716739308610e-04
1.030590574616956946e-03
7.499507931199131568e-04
1.360643858103313371e-03
3.432414437270102456e-03
1.769598260195740869e-03
7.370014670691428429e-04
8.905905976942713777e-04
6.625226113798994218e-04
6.530607647713276582e-04
5.127088647708930892e-04
6.226577144090263876e-04
7.678041915473264719e-04
5.265091502407702202e-04
1.041229890083155687e-03
1.104946104591449790e-02
7.878967179459036348e-04
8.197023751282239007e-04
3.235460620062037421e-04
1.080445070986042755e-03
3.662558607868496318e-04
1.696468822160811024e-03
8.002198936769888736e-04
5.862991860820010231e-04
1.393576140123917563e-03
6.768600125376948891e-04
6.125499961747692948e-04
1.910808817651832477e-03
8.852846436033410486e-04
9.171320450096576496e-04
3.243232569357107765e-04
5.589548162095145422e-04
1.014807688595826358e-03
5.943039178841903313e-04
3.604384379549322825e-04
4.401434625150547290e-04
4.636818772099908655e-04
6.691738415741982533e-04
1.664892043985440571e-03
3.570298047396848018e-04
2.764502656276396353e-03
8.181862416853668586e-04
7.574952050933452582e-04
1.663066019226598982e-03
5.599765750098463848e-04
7.318046826458657946e-04
4.185987158437964634e-04
5.903211924246162682e-04
1.374110749394235036e-03
7.278355525635222005e-04
2.507936270100493727e-04
4.733857855481712115e-04
5.143532524834636610e-04
1.156152349108374722e-03
1.135435855797214304e-03
1.194543067781771249e-03
2.057202386170463391e-03
5.163100967342906843e-04
1.102389840214769781e-03
5.466623320485146115e-04
8.413164119033273575e-04
4.348722860950780139e-04
5.163213647356756138e-04
8.049299636446290629e-04
1.132305766731000638e-03
5.273531585458253847e-04
2.099637600715703427e-03
1.573451783869580373e-03
1.612669017310186872e-03
9.601136835543414537e-04
7.660960630028439003e-04
8.068607942421943211e-04
1.335052255372608026e-03
6.474879625409921992e-04
6.639931572560586357e-04
5.469510816009096792e-04
5.591542755822352748e-04
2.687020120570132471e-03
6.817224108748514517e-04
6.463203473701666264e-04
7.741095682490449709e-04
8.791404194226280734e-04
8.212037816403078760e-04
6.937687827026432471e-04
1.536476074175577517e-03
6.148266479028739956e-04
5.782654311807896479e-04
6.749419462789829887e-04
3.895334188715968171e-04
4.901256520834585198e-03
9.821847643918463558e-04
9.508395227262876918e-04
6.834493945102477477e-04
5.582746355134998858e-04
9.297946207973793861e-04
7.842204738065605783e-04
7.354120759028174095e-04
9.444905866823214086e-04
1.146408855259071049e-03
1.980482405812075339e-03
4.925617038003863267e-04
9.456843828005203614e-04
5.192665000378440289e-04
1.651806850974481657e-03
4.374295763198866459e-04
4.491206050173795214e-04
1.707081499321751964e-03
1.094990623598469416e-03
6.055516796284995994e-04
6.358300572128796051e-04
6.634854351023428349e-04
7.522726796266624664e-04
1.678333965305135256e-03
6.278615633265903018e-04
1.074899567214533409e-03
3.590479846485611793e-04
7.165151835596575251e-04
7.983152060456878522e-04
9.392226088638356250e-04
6.145689876976191289e-04
1.169012443549243430e-03
1.344976097061711864e-03
5.256940241570751560e-04
6.511925695483908533e-04
1.020224616335165544e-03
1.461999202954140323e-03
4.692594676451207350e-04
5.466623320485146115e-04
5.043950216055243744e-04
6.126782229100892225e-04
5.485989339281949467e-04
8.981247182251744657e-04
1.439823842733256240e-03
1.082818062482793393e-03
6.375314741406648729e-04
6.099058796624001006e-04
1.429899925061154514e-03
4.871282092215215931e-04
4.854332584987892810e-04
1.271723822051674772e-03
1.318161378629708518e-03
9.890858646416547228e-04
3.255321496906193532e-03
8.272937179870146727e-04
8.364843972322622435e-04
7.596487355429332308e-04
7.101748825552039882e-04
7.977795946156432698e-04
7.856238611119925261e-04
4.795305070183703065e-04
6.712772540647900027e-04
5.398921496249367222e-04
6.065267649965576640e-04
3.640886753646389840e-04
4.759258579271473822e-04
1.142293380406397309e-03
4.469021765087908171e-04
6.212138643259044850e-04
5.740733239938092432e-04
5.413142562872891219e-04
4.063558905220693968e-04
1.270003098423728386e-03
9.013367398964490995e-04
9.073802764215517210e-04
9.710626021103449480e-04
2.399681269437779676e-03
5.232208491047689401e-04
5.496203931349693617e-04
7.333776897758658830e-04
9.441386611209178501e-04
3.308023378254077145e-03
9.963265652302526459e-04
6.819154637453046959e-04
6.655078596540217649e-04
7.345499078033142139e-04
8.684922393471328304e-04
9.162027871853290406e-04
8.909875330894294647e-04
9.831453667883108174e-04
2.602874847278114669e-03
9.079243111196395486e-04
5.509813907065362181e-04
4.323480128107531515e-04
7.019394184827956740e-04
9.333803138473556948e-04
1.777988418144908550e-03
7.693096941885844671e-04
1.253630390491548537e-03
9.298692821797091210e-04
1.541403231819785807e-03
1.198484709568601887e-03
2.044153809166132044e-03
3.194640175709668605e-04
7.682167071707054085e-04
8.074176778465820851e-04
7.167890723018168885e-04
8.655611801748702922e-04
