1.973352256351196266e-02
1.886126547326402031e-02
1.974848825498019822e-02
1.835871199939904247e-02
2.012267500174395873e-02
2.007598534524510439e-02
1.978420918912233636e-02
1.967191998917838802e-02
1.949740935869234346e-02
2.014364536227197106e-02
1.955106008678226745e-02
1.914229033795383089e-02
1.934262982860786295e-02
1.986312716906006581e-02
1.910016282626501513e-02
1.944658435414925793e-02
1.934928080755222990e-02
2.016622804882080983e-02
1.900164635517305120e-02
1.977630764806694724e-02
1.963788531043527200e-02
1.921610870980610189e-02
2.008114711520788548e-02
1.993731737041247801e-02
2.014990580787073132e-02
1.873814925760149130e-02
1.786375846126652539e-02
1.903670834689937322e-02
1.858554205223406086e-02
1.981325462277654798e-02
2.000942374233322454e-02
1.988793335821990513e-02
1.919291345927033599e-02
2.000675167346143563e-02
1.933060028979499342e-02
1.860107018207231983e-02
1.992355816932130791e-02
1.970850617919835471e-02
1.994787469940223837e-02
1.952824141583053841e-02
2.002028665709917193e-02
1.949772138960011170e-02
1.903527730892915978e-02
1.999512973543277061e-02
1.960498099530866636e-02
1.943043220517982547e-02
1.958659109669562415e-02
1.997214079225473338e-02
1.798111559061358472e-02
1.816634079959244738e-02
2.004413747272367624e-02
2.012079405911391949e-02
1.922528864100069707e-02
2.014702846559486560e-02
1.908499271004773790e-02
2.001886278942266797e-02
1.985700754621876757e-02
1.982586124086143861e-02
1.947289118153140708e-02
1.818842712735918229e-02
1.937156958160909936e-02
1.887696605078898263e-02
1.813495483609717587e-02
1.974640900298256160e-02
1.987565520487655224e-02
2.005110499779202970e-02
1.976650691168766599e-02
1.862963595616018778e-02
2.009525573403391635e-02
1.964758952212710547e-02
1.984692836039997355e-02
1.857741220793136805e-02
1.917147873355816087e-02
1.944658435414925793e-02
1.980212765948321033e-02
1.962111896397445571e-02
1.942412925193406567e-02
1.882704114754335523e-02
1.963516556012876238e-02
1.929386531029993884e-02
1.979146682716090289e-02
1.986312716906006581e-02
1.905167345181013605e-02
1.954133588517412840e-02
1.995704591671697281e-02
1.974116384445610828e-02
1.811355768770454844e-02
2.006111070324539600e-02
1.780191481267522427e-02
2.003497750188766233e-02
1.910310480932143201e-02
2.005278008085122077e-02
1.976211613039443454e-02
2.008309544247023973e-02
1.985457234210232999e-02
1.944316633314078016e-02
1.697186568768764905e-02
1.989530500867534371e-02
1.966085521944264600e-02
1.962690817663359164e-02
1.956773738709736976e-02
1.986607411286852448e-02
1.980554889727467044e-02
1.963473642079700127e-02
1.898833505975685079e-02
1.947622541425579265e-02
1.945977388752234000e-02
2.013022168316620092e-02
1.961696613983812676e-02
1.823268158885034407e-02
1.974300797362358445e-02
1.903791577071943519e-02
1.974955014885330234e-02
1.980062849100898414e-02
1.892824708060780389e-02
1.990510068663694371e-02
1.900164635517305120e-02
1.841580558010385421e-02
1.944006163086980932e-02
1.979698328920533393e-02
2.013238139219988496e-02
2.007885012693770219e-02
1.864639740765799969e-02
1.887713620523516489e-02
1.947562510778872921e-02
1.808338022431744962e-02
1.955046369370271736e-02
1.918027387105832038e-02
1.921117490658753174e-02
2.004300210033293020e-02
1.951761944194331522e-02
1.870028800968249680e-02
1.873265691395043300e-02
1.870780646252566404e-02
2.004420186788881050e-02
1.826610452685595992e-02
1.910079144547890961e-02
1.924477480913042160e-02
1.974864002866291712e-02
1.923620950323508966e-02
1.883880973970762998e-02
2.004860691428635155e-02
1.861976665416274074e-02
2.009351783385916052e-02
1.968242069380395781e-02
1.963242988348571152e-02
1.995456464086824491e-02
1.916182237495509325e-02
2.006111340124568099e-02
1.829882303647516195e-02
2.007844216763620890e-02
1.893890005291124293e-02
2.005765404140592151e-02
2.007795373928443136e-02
2.005623622145763854e-02
1.938542956009590285e-02
1.893324408551769894e-02
1.990927591992215986e-02
1.826806211021499149e-02
1.902694748348400175e-02
1.925009595195888157e-02
1.994215400711773709e-02
1.920129635884877325e-02
1.977029726397762019e-02
1.992290017847848232e-02
2.008553706174023498e-02
1.947521139484643601e-02
2.002348302554530710e-02
1.961664348711847014e-02
1.957215526779252160e-02
1.914862171823907694e-02
1.975483925254276421e-02
1.884326013960219148e-02
1.976975074159498941e-02
2.003022447125643243e-02
1.986734021908630188e-02
1.991436977100784211e-02
1.967966232523166853e-02
1.940655723814673286e-02
1.921491280381097330e-02
1.733660452482115727e-02
1.940182118378618731e-02
2.011117631531281202e-02
1.967497763096268115e-02
2.013476836832212361e-02
1.912741620480891760e-02
1.966525775408466126e-02
1.932448134704393972e-02
1.955702704352103513e-02
1.948293153918185042e-02
1.954726488064897558e-02
2.008369514021432489e-02
1.913822540817421841e-02
2.000681596240478505e-02
1.867064807837172380e-02
2.017105212580113521e-02
1.864935810443305031e-02
1.957787208848566635e-02
1.935264020468185561e-02
1.897112773848497538e-02
2.004003959753572137e-02
1.996997202671624630e-02
1.995455180086218999e-02
1.864850862161571143e-02
1.980533368975095562e-02
1.859297898360391318e-02
1.947056961816637927e-02
1.996807992328947928e-02
2.014351973088296388e-02
1.856985803299150001e-02
1.917178125975225328e-02
1.966000027579878351e-02
1.944869092325948040e-02
2.014934462870232590e-02
1.950998158405775271e-02
1.866094779344399865e-02
1.846876163790922218e-02
2.002200380541970318e-02
1.808507503810392880e-02
1.970685986199957607e-02
1.991694660306896764e-02
1.969752033055307064e-02
1.904684795180871734e-02
1.941284399504974653e-02
1.959239640159072399e-02
1.935113687453730857e-02
1.954254303677931473e-02
1.901408362963094567e-02
2.013376138817243172e-02
1.954373291196253096e-02
1.908301783769417864e-02
1.938850766172474718e-02
2.013422914698454608e-02
1.936114364750741307e-02
1.913763486089355842e-02
1.988351952517967286e-02
1.877371086191226626e-02
2.002956500365253925e-02
1.825362690653070316e-02
1.929503146252123380e-02
1.989607862471893390e-02
1.955876581532059108e-02
1.919370066591496657e-02
1.975758846788137207e-02
2.015544787168747215e-02
1.981651204245577988e-02
2.010482906367138528e-02
1.881719332067713704e-02
1.895669194245530598e-02
1.846727697135631258e-02
1.991329288134827125e-02
1.857741220793136805e-02
1.871403812932020266e-02
1.859297898360391318e-02
2.010053093904215493e-02
1.982228379847835592e-02
1.922933709306852770e-02
2.005390245407531399e-02
1.967682625217083425e-02
1.937613649993905757e-02
1.898829749726155258e-02
1.988342200545615765e-02
1.899699370494130693e-02
1.891564562118993112e-02
1.804927157605716592e-02
1.903089632024134240e-02
1.990741146623485613e-02
1.978059159998798652e-02
1.930485395388441966e-02
1.861425455443394689e-02
2.014224626816193617e-02
1.931206686858459587e-02
2.009657012829456010e-02
1.972818255082002536e-02
2.012628066924902412e-02
1.891549165953050615e-02
2.012267500174395873e-02
1.976572962809902689e-02
1.997280796992397314e-02
1.888386340493684173e-02
1.953669798666755192e-02
1.977470741961026915e-02
1.858843404582908101e-02
1.860153102690764726e-02
1.886019050267530306e-02
1.882880229417713269e-02
1.887599343104716387e-02
1.964041106960593211e-02
2.016798197270163601e-02
1.934997436521782022e-02
2.011124788817111528e-02
1.967041776503771280e-02
1.981046945714065588e-02
1.952838647814799516e-02
1.889018206949615725e-02
1.980554889727467044e-02
2.010064595297430742e-02
1.983835854500210286e-02
2.005594438027996640e-02
1.981053896595118616e-02
1.964977807512439598e-02
1.953148246154429168e-02
1.941070481393420560e-02
1.874794742779156004e-02
1.989300013848998433e-02
1.961932466873267389e-02
1.916489296613025847e-02
1.959494099917986204e-02
1.933597516522686521e-02
1.821310754170622076e-02
2.014846172701782734e-02
2.000933860305123546e-02
1.925877557381079630e-02
1.988946478266143125e-02
1.955112162777595738e-02
1.966176214523622859e-02
2.005597530244909027e-02
1.949852946998149178e-02
1.793603699920555752e-02
1.944519139128923074e-02
1.977591230203431388e-02
1.806897396346914333e-02
2.007520704500349862e-02
1.842215011306200939e-02
1.858177707109374271e-02
1.886338085147379676e-02
1.914241239587173224e-02
1.957517133289501943e-02
1.996708300319968710e-02
2.003944537106903262e-02
1.987352509786490667e-02
1.628165851699613434e-02
1.918477149991612563e-02
1.872382477923845503e-02
1.946602021095803284e-02
1.971363724850560412e-02
1.909130038180163746e-02
1.951372649606362281e-02
2.003827929874184635e-02
1.927476703102397673e-02
1.996179071019746343e-02
2.001412053138835676e-02
1.991446852422996960e-02
1.998993062059920348e-02
1.997280796992397314e-02
1.953921886174262573e-02
2.007361325678028857e-02
1.949076803314505474e-02
1.999683659237004585e-02
1.893789179136186676e-02
1.963646827080472307e-02
1.955630605910869957e-02
1.935862787764847104e-02
1.997069353654432750e-02
2.014993007007608375e-02
1.933457057807343865e-02
1.875102750599808715e-02
1.915212554965479291e-02
1.981010728881044472e-02
1.885376728179688141e-02
1.951863843070491059e-02
1.995220015125140009e-02
1.993767553640423545e-02
2.003396804669144160e-02
1.945968767655736203e-02
1.999702932787802978e-02
1.995014176946578038e-02
2.016582202946433020e-02
2.007553232977665747e-02
1.997667885218011585e-02
1.909323802220106586e-02
1.926265314103034476e-02
1.995190549244170095e-02
2.008040236230344833e-02
1.874794742779156004e-02
1.838357000288708132e-02
1.802855114282505417e-02
1.932706309869589023e-02
1.983427162384335599e-02
2.007000430481122380e-02
1.933826661643172143e-02
1.892824708060780389e-02
1.964074264441558956e-02
1.949785694674036757e-02
1.972550630685220366e-02
1.852672665274875813e-02
2.014582647450855607e-02
1.995347464393796080e-02
1.837177478217218163e-02
1.996165983843522021e-02
2.010648460044552749e-02
2.013829307812736377e-02
1.824539838807749670e-02
2.008969945695354004e-02
2.007494683873095598e-02
2.010966968701581939e-02
1.914241239587173224e-02
1.910736647731482024e-02
1.952226385890635726e-02
1.927262857039661187e-02
1.985353956024301161e-02
2.010382060325337922e-02
1.996956304905577947e-02
1.992253599309119078e-02
2.006823401428674963e-02
1.996429963947379815e-02
1.967923655198677152e-02
1.966387448499207560e-02
1.780247449293639872e-02
1.936531231563688379e-02
1.908642435974441595e-02
1.955843973128972707e-02
1.958039520068993386e-02
1.940961302669568997e-02
1.923720712995397042e-02
1.893507898391210906e-02
1.908297664554374842e-02
2.007376425409670290e-02
1.981572793262351834e-02
1.919200436099872953e-02
2.012308987525303697e-02
1.851827570660610073e-02
1.899546822107404942e-02
1.994396884416274607e-02
1.940303878216545139e-02
1.853666333138941080e-02
1.936127669654745531e-02
1.985136468990650674e-02
2.007183056311777694e-02
1.967502570402077100e-02
1.986890883540961758e-02
1.834192414811889466e-02
2.003720288921775547e-02
2.000725563386870909e-02
1.964279799586474487e-02
1.991337508555392558e-02
1.894065407652783736e-02
1.957570002386380126e-02
1.959783407196696511e-02
1.982600466997896591e-02
1.966877907581412316e-02
1.909400365839025726e-02
1.956170699331975099e-02
1.896811092654477129e-02
1.949475210478589932e-02
1.982742361161306949e-02
1.972702657179690663e-02
1.978727414606047674e-02
1.976169952249805933e-02
2.012601134194465236e-02
1.944851530416637914e-02
1.926835673763280243e-02
1.971907933702831545e-02
1.976063473147241997e-02
1.795327524702366312e-02
1.986509705222441399e-02
1.904594959539337301e-02
1.984707696276204886e-02
1.992655044105404519e-02
1.892863822722361603e-02
1.879754295798709632e-02
2.015540555281646745e-02
1.991011522231996012e-02
1.933307797469524525e-02
1.935361606336742646e-02
1.999414829192871709e-02
1.920457899098593560e-02
1.791815776588200071e-02
1.904836041352012468e-02
2.012221970710446547e-02
2.007320111090772283e-02
1.789228982998820189e-02
1.804909461735009976e-02
1.924837486589022970e-02
1.730286291071476967e-02
1.868331256194730172e-02
1.996977027076682343e-02
1.951865058309639259e-02
1.829555403466646968e-02
1.969739214955020315e-02
2.015296705787880324e-02
1.891864373448430559e-02
2.011855499933411229e-02
1.877307379839874765e-02
1.787477280794260576e-02
2.002314746081223715e-02
1.901427611675531384e-02
1.899434475932446423e-02
1.907677068082119787e-02
1.998014475515874633e-02
1.955829964675710048e-02
1.929571777781245723e-02
1.897727936362691645e-02
2.015965196500454915e-02
1.959158753637322767e-02
1.982598854194223340e-02
1.993098638661497390e-02
1.981407116415875164e-02
1.986876533827001273e-02
1.801390834444729222e-02
1.944947398302566272e-02
1.965874808856900302e-02
1.991620487968186540e-02
1.973815001314533843e-02
1.895895717815733461e-02
1.931000078698463449e-02
1.917924701139338620e-02
2.010098483397761843e-02
1.998917243854928319e-02
1.995692084521535903e-02
1.957689692912056162e-02
1.969183537508873913e-02
1.827514689599707420e-02
1.963256701294088802e-02
1.895289401375553975e-02
1.981037437802254941e-02
1.979755236460236517e-02
1.882843288747317739e-02
1.994992961389151220e-02
1.965788182266747439e-02
1.839225555932386819e-02
2.007985624543694517e-02
1.959759959970629531e-02
1.879229894361852948e-02
1.928515581385250796e-02
1.919987233306243157e-02
1.980837042550420701e-02
1.957720232190557352e-02
1.982258270372740105e-02
1.838092387677018116e-02
2.015296705787880324e-02
2.005464533485987882e-02
1.894403387646918790e-02
1.823896667523805526e-02
1.962509203297280180e-02
2.009018703595184807e-02
1.962442726705681054e-02
2.004759620620143179e-02
2.006775855416969429e-02
1.949300823932001436e-02
1.977432319719679005e-02
2.010382060325337922e-02
1.910031026004598009e-02
2.004469375975443876e-02
1.912557107034364504e-02
1.797700202254738644e-02
2.001513663048520159e-02
1.789701538306271572e-02
1.969644487983159345e-02
1.914242430583402294e-02
1.837560011481005617e-02
1.998238713240812342e-02
1.960528064331991394e-02
1.959667080010662685e-02
2.014858723925632561e-02
1.956152337467443117e-02
1.984840721489811513e-02
1.926450237262208529e-02
2.011286224620288665e-02
1.904347288602417990e-02
1.946685929431053730e-02
1.950453797162595218e-02
1.673480829128961428e-02
1.886640265743194655e-02
1.983307676963114510e-02
1.974414294482170276e-02
1.893946144790715352e-02
1.976717092832735306e-02
1.988241561578898975e-02
1.956245369765962847e-02
1.932779598328204437e-02
1.984125931758231806e-02
1.995915395615475985e-02
1.999403061413865951e-02
1.966639929962663361e-02
1.970408388523877882e-02
1.971238407067036832e-02
1.952073519927778611e-02
1.896046115990744282e-02
1.953378139538793773e-02
1.914229033795383089e-02
1.848710971230229858e-02
1.947587009225962978e-02
1.873262998144901992e-02
1.974827192070382348e-02
1.918383365998740583e-02
1.949051543937236480e-02
2.002348302554530710e-02
2.015340024891721163e-02
2.011948734394889207e-02
1.919373500420638867e-02
2.014213632678859417e-02
1.962741595655018850e-02
1.993979993221954919e-02
1.925177679220344343e-02
1.994992961389151220e-02
1.893988242169908007e-02
1.990902481545677241e-02
1.917599137401420489e-02
1.919879606187925233e-02
2.001412053138835676e-02
1.905601456217083378e-02
1.939054512286142798e-02
1.999657570670743817e-02
1.975953355483979143e-02
2.008025906292893598e-02
1.972790932408024014e-02
1.987934701970472257e-02
1.981767398108327458e-02
1.979491487553898879e-02
1.886348860027079258e-02
2.014918313586322451e-02
1.901408362963094567e-02
1.822250162046462965e-02
1.926004588371880988e-02
1.976782209608320476e-02
2.010637698726039369e-02
1.976887870444970011e-02
1.818189491817778086e-02
1.992265467645949750e-02
1.987472190690931298e-02
1.934909973800690020e-02
1.941412911110169254e-02
1.855222806751918863e-02
1.879128388400123917e-02
1.929907824972012381e-02
1.911020033535011306e-02
1.857664331684153250e-02
1.747734679812964348e-02
1.936498017651033104e-02
1.852411776774645982e-02
1.898410000834878028e-02
2.014259440875874538e-02
2.008540038063680311e-02
1.978059159998798652e-02
1.945968681596833838e-02
1.930929805782393219e-02
1.953618236583706813e-02
1.937005480244929911e-02
1.935072014674799751e-02
1.963053005884396116e-02
1.983358412272433896e-02
1.908301783769417864e-02
1.937822321668239769e-02
1.795826376498071281e-02
1.936302149446291962e-02
2.012054038905375722e-02
1.948398004710808970e-02
1.961173125547864896e-02
1.965788182266747439e-02
1.841228659370902285e-02
1.737255518941593913e-02
1.932140840860976233e-02
1.926451638715106357e-02
2.003200498011686870e-02
1.916789855205140031e-02
1.967338398176096334e-02
1.732550657298431718e-02
1.845581610363252606e-02
1.877800301119070259e-02
1.909411706126697486e-02
1.972180169297143432e-02
1.865729050984019435e-02
1.934262982860786295e-02
1.981119891002628905e-02
2.016954242773276104e-02
2.010685966669970709e-02
2.005142023261440726e-02
2.002403683794649197e-02
1.850644668286701919e-02
2.005281243524387538e-02
1.990513224720211888e-02
1.999753915398916337e-02
1.818259797756716437e-02
1.811763085373169213e-02
1.774830806527858545e-02
1.875904796145413250e-02
1.853220815916495692e-02
1.963469849585038063e-02
1.960854847026865383e-02
1.915038346086794796e-02
2.013774786094489275e-02
1.864850862161571143e-02
2.006550653963013256e-02
1.935821557900360701e-02
1.971907933702831545e-02
1.846236986899833787e-02
2.006555380250263365e-02
1.874921850089855679e-02
1.985068080221087661e-02
1.953828076786767384e-02
1.934961365732779798e-02
1.999384258747049711e-02
2.013176670039104263e-02
1.983846203838491792e-02
1.834986876552375384e-02
1.972744155497807572e-02
1.975639589981498939e-02
1.927229243952006954e-02
1.951264102680685258e-02
1.930656030863805300e-02
1.817000107638723841e-02
2.003536680495451860e-02
1.977646831512073350e-02
2.004993222721530854e-02
1.988557868094777484e-02
1.998896289194104781e-02
1.846092085453840057e-02
1.993703980696941158e-02
1.976048697718032002e-02
1.993235165406683634e-02
1.778800440368558458e-02
1.879629607326267077e-02
2.013694122402826664e-02
1.981141154718476030e-02
1.953805683423308001e-02
1.924498733412709911e-02
1.930478929765289467e-02
1.895868349208791603e-02
2.003427551874978341e-02
1.963788531043527200e-02
1.903833181740906613e-02
1.959417528398809186e-02
1.904412555587195466e-02
1.866339853129492243e-02
1.848001009316838084e-02
1.836170949116975801e-02
2.011346647997256862e-02
2.016752577253684564e-02
1.966947155211734577e-02
1.998723252579348922e-02
1.999540202511743484e-02
2.006852916504031636e-02
1.862105292998700312e-02
2.009353478971699636e-02
1.992330517620204480e-02
1.891549165953050615e-02
2.013252548482920290e-02
2.015336875158048671e-02
1.877172438586487135e-02
1.875354804685730112e-02
2.004860691428635155e-02
1.966429654353214068e-02
1.973197943295213613e-02
2.004330897167647813e-02
1.875493825986145752e-02
1.892334767023536382e-02
1.955132860681670776e-02
1.988541211548170221e-02
2.001480373939638555e-02
1.893575125261809725e-02
1.963813739552631651e-02
1.919291345927033599e-02
1.858098986010099304e-02
2.005423881243938167e-02
1.920655232297354895e-02
1.974416847596675156e-02
1.930929805782393219e-02
1.970912639747867887e-02
1.978335403989819885e-02
1.888399181375242236e-02
1.950163381427671289e-02
1.876867902317942011e-02
1.917924701139338620e-02
1.953056089268310341e-02
1.930478929765289467e-02
1.893335340393310570e-02
1.995456464086824491e-02
1.900966099102187334e-02
1.860807383609172291e-02
2.001184838169156599e-02
1.955329106481440773e-02
1.795541203980490289e-02
1.954473540539565513e-02
1.935270504042373163e-02
1.975312993472588471e-02
1.947521139484643601e-02
1.986121647565885356e-02
1.955673132534582054e-02
2.015271973425483004e-02
1.808552288215590706e-02
1.898387129580400567e-02
1.870730709218180673e-02
1.972505113346094408e-02
2.015354818365527878e-02
1.948961343261024215e-02
1.967108243109464208e-02
1.890929119520895138e-02
2.007727468337175761e-02
1.872197932554244687e-02
2.013411107703202627e-02
1.891376764649000536e-02
2.008110062982825655e-02
1.862014394195195613e-02
1.991397984270283986e-02
1.989678604737953396e-02
1.971857396527952611e-02
1.999247284102156907e-02
1.891350790276528221e-02
2.002964301345844939e-02
1.875584181681124590e-02
1.924249581491192795e-02
1.973120355903398154e-02
2.005657657618400980e-02
2.000123920180505235e-02
1.934732498487761604e-02
1.990482932675327263e-02
1.693539800946331636e-02
1.938510163303390488e-02
1.904011122663272840e-02
2.013752025737326062e-02
2.005281243524387538e-02
2.008145524257320957e-02
1.917990642550506178e-02
1.793395423346364620e-02
1.886578344830449130e-02
1.926555130184110648e-02
2.015532306615535826e-02
1.904267846015014407e-02
1.899454011879601889e-02
1.987874017824244402e-02
2.009921872791439745e-02
1.945977388752234000e-02
1.920577517593817160e-02
1.938762032252411976e-02
2.015340318171640263e-02
2.007598378904321829e-02
1.810857853561981257e-02
1.952426333096167477e-02
2.011231601841079533e-02
1.982677085263290923e-02
1.952324079150559444e-02
1.909436601652831841e-02
2.015407267874001415e-02
1.932192906222040402e-02
1.999780488679366378e-02
2.007066811175754056e-02
1.890546819576744905e-02
1.990332928821199332e-02
1.978800815558925258e-02
1.873526445405919449e-02
1.968660397628875167e-02
1.893260511557546405e-02
2.015330662897984668e-02
2.009053580202818656e-02
1.942949732705853000e-02
1.847125498743659028e-02
1.994542075734057063e-02
1.906479573383420764e-02
1.932029394237117642e-02
2.008081500213792364e-02
2.000255381397234369e-02
1.886672870473194916e-02
1.944360592562727544e-02
1.963952958334862914e-02
1.987334832762558193e-02
1.834425155905656732e-02
2.016937839042005562e-02
1.886877893899869749e-02
1.980980593891626396e-02
1.934458814810654029e-02
1.902069509436358011e-02
2.016829278056567198e-02
1.996130811706654448e-02
1.824680864813483724e-02
1.845801483626795941e-02
1.898387129580400567e-02
1.785355646547616415e-02
2.015030520158623065e-02
2.015378324183019279e-02
1.994360092866578893e-02
1.964977807512439598e-02
1.962260144306705520e-02
1.845689399781372600e-02
1.970046705451800051e-02
1.794130797100054742e-02
1.927634111239721545e-02
1.995403953954540469e-02
2.012235446516173754e-02
1.980396855307143753e-02
2.005716676978724564e-02
1.841530077416389521e-02
1.967985415797700657e-02
1.841321837356768576e-02
2.009578049174413211e-02
1.999896617290750772e-02
1.964789253115122383e-02
1.968431764269361686e-02
1.934110709306618645e-02
1.927130276521904148e-02
1.809434102107319170e-02
1.829784301420063139e-02
1.987179806678721766e-02
1.897543073486516324e-02
1.990860309919420534e-02
2.009915105738275740e-02
1.992397982696437336e-02
1.793555400079788198e-02
2.002871295207399316e-02
1.966678283831027607e-02
1.999691651766399153e-02
2.002821825288557747e-02
1.981436727442945078e-02
1.900312365898901984e-02
1.809022749015876466e-02
1.990182059689213009e-02
1.859297898360391318e-02
1.958730457358583837e-02
1.967289698256969796e-02
1.991200628780579601e-02
1.988942938251456530e-02
1.900747382732938251e-02
1.985485005807097886e-02
1.918384422391297695e-02
1.962639445946295913e-02
1.983167951867187417e-02
1.896443949440664717e-02
2.001886278942266797e-02
1.995430057157472278e-02
1.896081556777197766e-02
1.935278684833924984e-02
1.957714999914113643e-02
1.913999326409738383e-02
2.003876687341902066e-02
1.918027387105832038e-02
1.915958434877657740e-02
1.936772892781929434e-02
1.875751368413504025e-02
2.000074247138460687e-02
1.896933345162921808e-02
1.948679511002614217e-02
1.990965038599312731e-02
1.922801911220003296e-02
2.012430514878971871e-02
1.762453832885991709e-02
1.946126712571359316e-02
2.005109707819689377e-02
2.010528466701060404e-02
1.887762100561537343e-02
1.884151370215520621e-02
1.992120704467464573e-02
1.947035546494374839e-02
1.953143761580231758e-02
1.911125241324246327e-02
1.897828931345119097e-02
1.987926586354429870e-02
2.009334858676650043e-02
1.933357835911761122e-02
1.918573681288430338e-02
1.906226025888923398e-02
2.015580746621491864e-02
1.755982317920975685e-02
2.009886908177498099e-02
1.996425732345120940e-02
1.995050860028799861e-02
1.928607788260313510e-02
1.983053877189277364e-02
1.964992308829415987e-02
1.892059202338997742e-02
1.987669291426936991e-02
1.733367389565781264e-02
1.904830622963167228e-02
1.894212102544033660e-02
1.837379772639351899e-02
1.999184156188315437e-02
1.957335839871911232e-02
1.999795359760734789e-02
1.998715873002106583e-02
1.892867052571815117e-02
1.970315296320835144e-02
1.964848709615475697e-02
1.973347335656249618e-02
2.008498204505622040e-02
1.954182433069260108e-02
2.001338864329972600e-02
1.882843288747317739e-02
1.979919988507183523e-02
1.749603467626528394e-02
2.013157197278302862e-02
1.793316484378752046e-02
1.863580616439596341e-02
1.995251798470508084e-02
1.957895962524185823e-02
1.921983661723698777e-02
1.816737882324711423e-02
1.976853093875424044e-02
1.930478929765289467e-02
1.810751460472823093e-02
1.835183646731847890e-02
1.937053359703085065e-02
2.012874589701860520e-02
1.971440308256282997e-02
2.014640846402638089e-02
1.918869337631137068e-02
1.951634635509767735e-02
1.893323614161054533e-02
1.746671760491100983e-02
1.866903512240519064e-02
1.982256244943794710e-02
1.948473647092525962e-02
