2.229045320338476910e-02
2.152339679790456900e-02
2.164096669797955369e-02
2.170068892555975307e-02
2.222511442184522956e-02
2.218257089098453830e-02
2.167313619216275702e-02
2.141037898650628712e-02
2.137988579903166153e-02
2.231522842807041884e-02
2.232628667201821265e-02
2.164952775048752109e-02
2.205602408809406029e-02
2.017355911975787092e-02
2.150989585266127255e-02
2.078851660360072143e-02
2.204546234489403178e-02
2.215199639903411150e-02
2.167133470291187150e-02
2.103001800911151117e-02
2.125960797075963915e-02
1.878173580430916867e-02
2.002162758500772993e-02
2.161636187630435607e-02
2.175602128642920019e-02
2.029447411010849509e-02
2.061965597474550022e-02
2.001026404224658106e-02
2.162621827675281772e-02
2.147436568540174798e-02
2.138758230942503988e-02
2.080515584405968552e-02
2.166343404601712638e-02
2.237298117316761231e-02
2.228693421311103012e-02
2.195817572863111716e-02
2.230954523045247315e-02
2.232022234203637559e-02
2.183786134420477240e-02
2.197026744106398560e-02
2.137783562390482145e-02
2.172644052178090285e-02
2.236246370458314786e-02
2.231083695710910780e-02
2.141174344317603798e-02
2.214812255363854399e-02
2.075162749608850873e-02
2.233560892079632793e-02
2.110513174838491227e-02
2.123954360005002318e-02
2.207350878283686341e-02
2.210818731693547576e-02
2.222768379079151715e-02
2.214890752485463091e-02
2.228642594826849010e-02
2.048358029399112087e-02
2.106471360089095385e-02
1.987935924117163744e-02
2.219135389074852749e-02
2.138610893877795557e-02
1.868454566164868755e-02
2.180090216757166535e-02
2.130139914081085467e-02
2.098840786267602149e-02
2.189196518850038131e-02
2.182835136121050179e-02
2.019615801254490486e-02
2.192990433405000994e-02
2.131895297085936725e-02
1.988816559514124463e-02
2.198285969099235751e-02
2.185243072873765263e-02
2.215766594442524287e-02
2.196914193750820407e-02
2.160497257724606351e-02
1.950692634922542718e-02
2.225979106791477549e-02
2.008556786734828903e-02
2.236153498539754717e-02
2.202025223667269591e-02
2.142877338033770396e-02
2.212823389010509095e-02
2.230214771499587981e-02
2.211938204348317880e-02
2.175345461873893355e-02
2.093341073189214016e-02
2.184996326695693922e-02
2.042592890031790648e-02
2.238192794496621230e-02
2.030518838155619815e-02
2.138148125728222410e-02
2.104406489042800338e-02
2.204438099807396259e-02
2.223036301954910143e-02
2.077520227533526803e-02
2.151183304924695130e-02
2.044317058956418923e-02
2.111652638525610831e-02
2.203208620457514783e-02
2.198603799638171319e-02
2.182255743322053521e-02
2.223456986293811596e-02
1.819655410720743063e-02
2.058888125764693142e-02
2.211643674412883120e-02
2.169458089871342116e-02
2.208562989819838965e-02
2.192510828526891484e-02
2.176587883917714336e-02
2.204704793062620474e-02
2.125935897778863382e-02
2.224447506890903092e-02
2.056281257466054460e-02
2.104612461003764826e-02
1.992729966868854105e-02
2.159416150390877295e-02
2.190994557149303704e-02
2.127769569885125736e-02
2.187583434126396179e-02
1.765713436402732706e-02
2.181721507796135356e-02
2.150766960103528067e-02
2.235351909977936410e-02
2.052187696476052634e-02
2.153547871770962810e-02
2.037327411225881360e-02
2.120939420802536376e-02
2.235225461267864935e-02
2.053624191659624010e-02
2.109364819718955938e-02
2.209461538447113002e-02
2.140668070227386838e-02
2.164785272982001560e-02
2.226524172323600392e-02
2.090217478796553216e-02
2.124621724832349845e-02
2.064303034182378774e-02
2.186065207966355825e-02
1.970077406587895930e-02
1.885074987327190615e-02
2.238275248589180824e-02
2.228751179022773338e-02
2.159395188643151164e-02
2.179401042259133253e-02
2.152758059105083777e-02
2.095721585937204701e-02
2.114001643584763335e-02
2.205426414853375872e-02
1.976341849663274669e-02
2.187196138388113054e-02
2.223207381305300837e-02
2.112417880055081007e-02
2.163491024719843558e-02
2.175258132610770334e-02
2.207319299228852061e-02
2.192626920275315971e-02
2.014702785231452589e-02
2.206355018955456770e-02
1.995050655458474251e-02
1.999645910621937125e-02
2.128424180161414200e-02
2.222066586639701025e-02
2.054507930765333765e-02
2.194384016851619323e-02
2.222702457710187124e-02
2.149359414064928170e-02
1.885154632697518678e-02
2.156304517606305940e-02
2.181969837347961030e-02
2.062866357532109826e-02
2.007323052151856885e-02
2.100016820010849883e-02
2.115870671830605634e-02
2.093249297544908308e-02
2.220460881178155585e-02
2.116172422658450097e-02
1.884214597479911754e-02
2.236419858878902281e-02
2.231277094362401486e-02
2.225570876208256277e-02
2.177852594286393620e-02
2.188088824829983667e-02
2.170790869489401531e-02
2.041397008537984559e-02
2.139721151019275194e-02
2.144136819509655581e-02
2.132031239701220882e-02
2.053118174247653416e-02
2.106045732182831171e-02
2.069589422280020130e-02
2.101123606376240419e-02
2.200347563502393772e-02
2.209248017413176224e-02
2.114770770511981493e-02
2.066693281138283142e-02
1.950692634922542718e-02
2.120368824378289843e-02
1.948260883945339417e-02
2.223716699449581474e-02
2.189106051306607265e-02
2.046778592784942452e-02
2.150685343643051611e-02
2.214409057730124669e-02
2.069509210017432196e-02
2.224821768213508175e-02
2.091316315812229848e-02
2.102252785089293169e-02
2.012673438236216306e-02
2.078741619911044988e-02
2.104933663747186878e-02
2.214058193579798023e-02
1.902683792733875223e-02
2.010118712470545382e-02
2.236816685936659013e-02
2.175501973726178331e-02
2.078851660360072143e-02
2.089761365559921272e-02
2.179605520922133638e-02
2.208607268390329337e-02
2.194613544078366854e-02
2.093618800798324395e-02
2.076455504758692797e-02
1.958859053669220057e-02
2.155968269791094793e-02
2.235907640959288942e-02
2.213667096042452181e-02
2.236604476338707390e-02
2.211412552639868342e-02
2.230645251676883697e-02
2.056652040846838544e-02
2.116526989881069992e-02
2.209528090279536117e-02
2.140164996436063130e-02
2.216627194905736176e-02
2.097524157339141632e-02
2.216612666229981696e-02
1.988544169220163652e-02
2.225423096166562892e-02
2.088223632176169908e-02
2.089147153122198827e-02
2.098645388205406040e-02
2.083593846951029352e-02
2.151513659669019446e-02
2.196687106554251478e-02
2.161043122814539086e-02
2.217987480801814071e-02
2.117496974627268089e-02
2.219720448883428371e-02
1.997730756387673667e-02
2.220436137858609535e-02
2.197405233393185872e-02
2.024594286909298102e-02
2.203633654156741256e-02
2.158353964051147947e-02
2.069719380085283458e-02
2.164558672080420243e-02
2.008358779870408201e-02
2.155313659307320218e-02
1.963852738965297939e-02
2.111269975076425498e-02
2.014150453531340923e-02
2.159030527971031801e-02
2.188778690311395797e-02
2.232395403352419733e-02
2.199949305550174053e-02
2.160145006603566079e-02
2.231461347602559445e-02
1.900208052383970878e-02
2.184623898407446474e-02
2.012673438236216306e-02
2.225317619174189618e-02
2.182838215901555801e-02
2.004251805609667120e-02
2.122122523006448117e-02
2.086486052025664575e-02
2.098279590807369810e-02
2.237981880209034477e-02
1.953992841944748177e-02
2.218147697395240689e-02
2.195796692891646001e-02
2.042867636687178620e-02
2.235466152249055566e-02
2.054051388846196702e-02
2.237000286005798658e-02
2.162988185592358559e-02
2.209672676992671669e-02
2.193328153628596247e-02
2.103608745110520720e-02
2.213458020083616112e-02
2.171600838350036533e-02
2.130656403924642561e-02
2.045077684417936567e-02
2.210818731693547576e-02
2.184693966397843745e-02
2.173975734149863337e-02
2.199760102771227202e-02
2.206851219813164497e-02
2.098682096346013437e-02
1.899831008907404417e-02
2.188517146541265473e-02
2.165635361871512399e-02
2.084374343376146216e-02
2.080223367662539097e-02
2.228894599745269434e-02
2.188778690311395797e-02
2.154173393372392498e-02
2.208007295848863141e-02
2.072203517388756383e-02
2.193799521652614604e-02
2.102318594783526493e-02
2.005062834977797484e-02
2.062364774051559518e-02
2.202065111135776201e-02
2.224558472065969392e-02
2.094386514402527336e-02
2.232070396726070632e-02
2.233520412591571969e-02
2.059640911651387796e-02
2.184041901344037362e-02
2.128869823396675395e-02
2.128424180161414200e-02
2.172950130764414456e-02
2.157060651931870868e-02
2.130403713296495985e-02
2.232625526337451982e-02
2.018166300281543091e-02
2.119761603395339464e-02
2.170444640730070929e-02
2.170150800221818874e-02
2.199274563001505853e-02
2.235267710124344553e-02
2.029816596847003676e-02
2.175534843439699134e-02
1.820749516502227425e-02
2.221773359799867134e-02
2.229542919288126507e-02
2.213465025628296584e-02
2.040856342634125159e-02
2.215239771352814357e-02
2.194358835969847932e-02
2.159285519048564222e-02
2.174559184732636694e-02
2.164988205118546435e-02
2.229822126278502292e-02
1.986267740239192059e-02
2.094245326792137235e-02
2.223016504853421102e-02
2.179446308276454178e-02
2.110595258416177872e-02
2.192954818280761983e-02
1.971630841704644088e-02
2.127172660142248595e-02
1.883969771327377585e-02
2.149605811834863836e-02
1.994240033704975518e-02
2.090546996123094844e-02
2.225448644080941021e-02
2.218773849359000072e-02
2.234237824332145628e-02
2.144981608818611468e-02
2.228692952412309955e-02
2.146700892026956811e-02
2.161786186031100163e-02
2.162737940604385345e-02
2.135549954810003759e-02
2.089563708691418928e-02
1.987262219021824344e-02
2.025668262592988933e-02
1.939509444562104168e-02
2.217115406083927653e-02
2.189943989674753705e-02
1.998813449349508969e-02
2.099509959136481446e-02
2.169884835653398264e-02
2.230409689315144411e-02
2.137813778157179184e-02
2.083915251317337500e-02
2.141255333227751884e-02
2.150239125679444252e-02
2.151996109892025805e-02
2.189196518850038131e-02
1.719545440443708689e-02
2.179762610620694999e-02
2.227651187676982225e-02
2.177711268450862811e-02
2.103414112750886036e-02
2.090646154689195998e-02
2.215414826437871881e-02
2.087481787187127000e-02
2.166152946638537705e-02
2.226453231552327078e-02
2.204140745232073192e-02
2.048960209764993934e-02
2.168334105730324035e-02
2.092425526131512503e-02
2.219460796056766869e-02
2.092728647327827401e-02
2.071155996073091241e-02
2.219305820656886086e-02
2.085977945274266124e-02
2.197501159696333209e-02
2.159333367399375245e-02
2.136908915044179180e-02
2.229830206768405876e-02
2.225240949264515114e-02
1.991794323656501456e-02
2.049375629790414072e-02
2.213727260624026930e-02
2.168383548158589122e-02
2.225697609550764816e-02
2.147454440106810053e-02
2.237424725188660868e-02
2.156133198316678365e-02
2.209044076631628065e-02
2.186598629550617554e-02
2.121900137249909529e-02
2.194729453211487213e-02
2.110595258416177872e-02
2.044399460634638982e-02
2.166171759216476908e-02
2.036460792070357226e-02
2.230926421310309993e-02
2.128343086945102408e-02
2.094975875318929801e-02
2.213717012458634587e-02
2.191966999638541441e-02
2.128675809410675995e-02
2.232595334053357958e-02
2.211844669649315823e-02
2.170668311392326064e-02
2.231796061466928896e-02
2.087443665922615599e-02
2.207762953110387755e-02
2.211926842731593706e-02
2.225251179958974423e-02
2.183297986693497755e-02
2.108714710231650996e-02
2.226615507030898361e-02
2.189405157424403545e-02
2.141135420581352644e-02
1.993309617019855748e-02
2.199782905904912322e-02
2.147234250236406544e-02
2.062436899763177636e-02
2.002970150011928324e-02
2.213508358556133537e-02
2.224612171725552645e-02
2.228931377232606231e-02
2.200860973832263062e-02
2.033405656247766480e-02
2.153702605106046220e-02
2.226331438387998962e-02
2.140568096877076484e-02
2.234198825060051269e-02
2.208463418979368653e-02
2.177192318223323056e-02
2.213351089761609464e-02
2.156367721479298880e-02
2.209418110785149950e-02
2.138374472933759346e-02
2.085450976698867420e-02
2.202145605849501961e-02
2.039077785017142513e-02
2.033493939269249290e-02
2.070581579074700848e-02
2.171711908499844926e-02
2.231277094362401486e-02
2.114132583121733702e-02
2.183558415386527979e-02
1.928081974567744800e-02
1.912552205624647172e-02
2.054745244605310842e-02
2.187338452040856265e-02
2.173106613780274518e-02
2.002970150011928324e-02
2.116471462825664923e-02
2.200817405047322817e-02
2.215485874834998217e-02
2.203099153118993556e-02
1.940416072301409667e-02
2.237493355134607606e-02
2.200683183825661443e-02
2.186360910602180158e-02
2.211558124147018980e-02
2.158632776634535066e-02
2.080794200871594057e-02
2.131188413286427136e-02
2.214481914597636256e-02
2.173755136179622571e-02
2.161217364188406861e-02
2.202145605849501961e-02
2.171457428784002650e-02
2.089234093503085712e-02
2.226217509486268578e-02
2.211138837101874616e-02
2.156287220801978918e-02
2.175132453142470876e-02
2.151391615036997787e-02
2.229666873330306623e-02
2.203790084591706819e-02
2.195764501931372209e-02
2.156643504143832685e-02
2.141086703184408996e-02
2.038744708312988443e-02
2.145512992096674371e-02
2.159538955719414455e-02
2.218649256376255957e-02
2.146343670088728811e-02
2.155494252770413094e-02
2.091726442563939664e-02
2.197488626703419240e-02
2.096737996685165556e-02
2.223062606384659454e-02
1.872640421581315759e-02
2.210638177041311658e-02
2.146765150087964757e-02
2.071970619272707828e-02
2.152327711366170196e-02
2.216711389535018853e-02
2.057955622431848625e-02
1.952579603880008965e-02
2.207351064563974410e-02
1.996385850891741962e-02
2.220722532750421183e-02
2.067138675398845493e-02
2.112605352352903143e-02
2.153715207222724193e-02
2.237150400664359579e-02
2.207275772752944829e-02
2.074529430534538879e-02
2.187630086252122241e-02
2.065710887523070430e-02
2.154748477419976202e-02
1.951390429016571296e-02
2.225175472786866324e-02
2.231179380887753083e-02
2.157631957305222031e-02
2.082688105397165548e-02
2.154213377121807355e-02
2.147646032369393207e-02
2.198681284919239837e-02
1.739893367811160343e-02
2.159914803333000746e-02
2.235907640959288942e-02
2.107737289867253963e-02
1.999409033297113933e-02
2.114943470732143227e-02
2.129804885111022741e-02
2.173136398078752418e-02
2.226665190153982038e-02
2.207118248211049905e-02
2.082802865154060462e-02
2.195041312077031584e-02
2.141290871945171134e-02
2.069402484740260478e-02
2.072007490985936645e-02
2.170790869489401531e-02
2.193895565365403671e-02
2.097681372858086965e-02
2.211643674412883120e-02
1.878529074813700683e-02
2.213802784685861905e-02
2.201626933696843383e-02
2.167118503015324008e-02
2.105693555688463448e-02
2.179034616964445337e-02
2.162254843776673097e-02
2.164795389469604744e-02
2.167491781374690507e-02
2.136197351779980588e-02
2.234847316319872254e-02
2.221576813745480133e-02
2.187969514681699021e-02
2.225484213918811280e-02
2.219298508459594671e-02
2.061378176996218892e-02
2.070585720898948656e-02
2.088875373830366422e-02
2.128688987597626703e-02
2.225121788659834010e-02
2.185512988116919755e-02
2.224025001231895449e-02
1.874777509603160752e-02
2.175962823594984608e-02
2.209113612068185073e-02
2.158396172733693941e-02
2.171694166536714682e-02
2.201987371729778944e-02
2.183863221073195290e-02
2.091230328948734743e-02
1.902188430630635460e-02
2.111918406695375422e-02
2.136036189005453487e-02
2.130512292321472267e-02
2.154404116880665257e-02
2.032696438946195866e-02
2.138161542616794780e-02
2.058243109787654193e-02
2.208824555547173052e-02
2.171071301119224806e-02
2.147914004932605786e-02
2.179957386954629178e-02
2.156570323700153155e-02
2.020220563892261706e-02
2.235070172666196037e-02
2.073926606979614382e-02
2.221107792465130959e-02
2.229666873330306623e-02
1.881283111832112234e-02
2.157713690399061870e-02
2.044317287310795303e-02
2.223519233283891353e-02
2.136759410712189139e-02
2.206279737445058717e-02
2.180419740259660621e-02
2.186731924947315706e-02
2.124350405029689151e-02
2.159877853121076191e-02
2.193081358179864437e-02
2.149170683235136770e-02
2.160940353132881006e-02
2.176651211482789894e-02
2.036169933189985529e-02
2.147286390902297670e-02
2.223935009422301975e-02
2.075026904941211850e-02
2.209807440580626933e-02
2.122444754700525058e-02
2.116155792953572715e-02
1.778986112424957994e-02
2.218866966407432098e-02
2.179526987067122862e-02
2.225790205390681259e-02
2.209113612068185073e-02
2.095804871403559796e-02
2.100890187184726449e-02
2.121474213220586255e-02
2.153042426217217226e-02
2.190506329332805521e-02
2.225093755503508575e-02
2.015421899071372092e-02
2.166900002625362157e-02
2.194474340288149819e-02
2.094276361609039364e-02
2.015311486183775369e-02
2.172532339275632871e-02
2.168756668768394985e-02
2.041142103480791947e-02
2.151953792807846308e-02
2.177013791992014544e-02
2.025196864696957380e-02
2.188835190496905836e-02
2.039591660118631952e-02
2.205261949244220407e-02
2.148558302049363017e-02
2.154109463002196190e-02
2.182434579286132367e-02
2.124225066724678979e-02
2.163388889370906204e-02
2.120052693740263547e-02
1.991419900577166141e-02
2.192347628266964887e-02
2.223908530475192033e-02
2.197108092847091521e-02
2.001661770972608043e-02
2.139330718836841491e-02
2.016146558242490339e-02
2.136004976301742950e-02
2.132733136337275695e-02
1.962459976998351396e-02
1.979621122321618965e-02
2.136802722769196028e-02
2.233647457699523137e-02
2.081370686100110501e-02
2.052428574011921220e-02
1.940876673805836186e-02
2.008556786734828903e-02
2.067145165606831120e-02
2.233724281918895299e-02
2.200237054207385134e-02
2.227827047842821998e-02
2.140285017281057592e-02
2.211130841529140509e-02
2.211230120864252774e-02
2.098840786267602149e-02
2.234816966145598827e-02
2.191542350817670542e-02
2.110546056424326966e-02
2.179357150499384652e-02
2.197942663945021829e-02
2.198858939228103340e-02
2.228391731024579117e-02
2.103225042478968146e-02
2.157861702821961894e-02
2.141721534412988071e-02
2.141174344317603798e-02
2.168094145906579798e-02
2.176145142921969908e-02
2.069671189903454778e-02
2.082626370408209235e-02
2.067606147882074252e-02
2.228433228148392689e-02
2.107619277699686669e-02
2.216505558143780710e-02
2.224751968343163105e-02
2.050052894486609212e-02
2.001026404224658106e-02
2.217253757438555559e-02
2.130237359369808320e-02
2.108998131682586832e-02
1.876781860632417004e-02
2.108892802462106544e-02
2.201474637382998950e-02
2.148428928427282072e-02
2.112571578308022197e-02
2.221276623798636857e-02
2.215673491533908662e-02
2.219414346956139275e-02
2.197508070701717151e-02
2.200021493453496041e-02
2.113186227282447607e-02
2.179402197182497489e-02
2.211861194227056696e-02
2.199243086269808342e-02
2.139614213980832458e-02
2.226836403575097045e-02
2.197639404747729619e-02
1.940876673805836186e-02
2.146999263337976555e-02
2.192575832261252008e-02
2.149509064066730535e-02
2.207792865735575677e-02
2.147968167810118678e-02
2.221803196194810370e-02
2.238612774081822146e-02
2.185134692814231366e-02
2.108655174543642638e-02
2.215727586429858814e-02
2.199019314616288204e-02
2.046362911719047661e-02
2.091739644753422972e-02
2.166556194656272388e-02
2.163522053738871700e-02
2.039082188448967936e-02
2.048512001931460449e-02
2.236201859533582317e-02
2.152481061482467914e-02
2.131853815950003617e-02
2.155042544562030607e-02
2.234099916035013275e-02
2.187132109679909564e-02
2.193829882205867304e-02
2.169426745228046974e-02
2.238556150651815901e-02
2.085572555915585907e-02
1.932817270676793694e-02
1.933669774242570763e-02
2.201733494165925356e-02
2.118009333873997063e-02
2.235274044358983789e-02
2.168330056313479137e-02
2.213673686314611769e-02
2.225927977795964449e-02
2.061202224058412621e-02
2.079919373097238386e-02
2.234508773123219591e-02
2.233995016877780848e-02
2.180123087997561798e-02
2.224523222538971751e-02
2.158839628485022255e-02
2.109634294380699840e-02
2.197405233393185872e-02
2.062866357532109826e-02
1.998744755725202077e-02
2.116506468180374967e-02
2.164902639880322485e-02
2.145043103835865203e-02
2.183390182629072265e-02
2.127805769786466489e-02
2.228715667173495826e-02
1.912552205624647172e-02
2.138593070256478157e-02
2.126910658599143883e-02
2.064761463678451564e-02
2.037109945690543378e-02
2.042605465030961770e-02
1.898613226885101368e-02
2.153243223073780105e-02
2.021925387207670899e-02
2.034830268467245282e-02
2.043387479559368239e-02
2.160652051685496566e-02
2.177192318223323056e-02
2.178098119902969684e-02
2.167832719796079083e-02
2.128420700004274302e-02
1.954740788847254829e-02
2.137560284843264061e-02
2.238189167001490912e-02
2.205976957527973348e-02
2.169864066329188490e-02
2.211645331858200572e-02
2.185437344364066573e-02
2.090331421081882690e-02
2.214963846010289603e-02
2.206118167030453672e-02
2.201911465151027911e-02
2.173493489871961004e-02
2.128366500626795166e-02
2.184359342479996052e-02
2.210570842053781460e-02
1.927850957687867600e-02
2.208435499025440327e-02
2.085531286442252399e-02
2.078553882693310803e-02
2.201103002759516314e-02
2.219898061588603325e-02
1.819273825796166935e-02
2.089002276927963767e-02
2.059603537991893871e-02
2.098231412390372946e-02
1.939702021970202833e-02
2.088489166381618523e-02
2.232683465307499018e-02
2.091765692448141131e-02
2.193587974146350358e-02
2.000964996950190325e-02
2.231449371965144382e-02
2.222316362370521312e-02
2.232316630555919793e-02
2.159841908513070174e-02
2.167870869897226341e-02
2.221455884213240084e-02
2.015009150842757973e-02
2.139341565019445279e-02
2.238562432431736096e-02
2.032405100997284123e-02
2.229779787880072778e-02
2.171887175399112718e-02
2.207082663670960690e-02
2.227146705541856522e-02
1.888406940617061783e-02
2.082261286597590980e-02
2.172384367556121770e-02
2.217248134303201335e-02
2.211127784123632922e-02
2.145088472580137379e-02
2.099190931647605673e-02
2.101548077714893853e-02
2.184270141418742303e-02
2.184511506435262915e-02
2.116755796085807717e-02
2.162716314069942913e-02
2.212185946596836178e-02
1.995562294153777408e-02
2.191542350817670542e-02
2.123592436699617975e-02
2.205872177958691227e-02
2.234519420594089506e-02
2.168567525694886991e-02
2.202145605849501961e-02
2.226515514138546065e-02
1.906920008879467096e-02
2.198231801887168615e-02
2.155172058166348117e-02
2.168094145906579798e-02
2.150921707722739870e-02
2.105042311221946849e-02
2.156085982834020365e-02
2.094856016968928147e-02
2.172904034355781569e-02
2.093578660562200183e-02
2.104784544049523309e-02
2.223209788481327748e-02
2.136850004455665905e-02
2.202720185772328101e-02
2.044683447318314251e-02
2.115092155832799109e-02
2.147725687155896748e-02
2.067551494873594298e-02
2.230838611333728003e-02
2.217337093025500278e-02
1.991076352223128398e-02
2.158277063120990838e-02
2.081903358236277327e-02
2.023008801542717019e-02
2.137490839818349461e-02
2.063319620528973955e-02
2.186549769184660888e-02
2.175879091597300585e-02
2.230437627016870761e-02
2.175041031003696959e-02
2.167244735495623895e-02
2.078741619911044988e-02
2.213451933112376910e-02
2.069021858674381653e-02
2.238189167001490912e-02
2.175708605321682518e-02
2.118501759165530504e-02
2.186274563194737577e-02
1.991181013295898958e-02
2.056694161146144922e-02
2.039548346401759416e-02
2.081466344123860182e-02
2.003598846144174356e-02
2.123932140535980326e-02
2.182122940785073684e-02
2.092425526131512503e-02
2.129125534839780912e-02
2.097092342159895262e-02
2.174108765008032212e-02
2.202523124192734896e-02
2.130165088015720937e-02
2.201082843503677014e-02
2.152891231327745680e-02
2.147850657728280627e-02
1.993619884594447639e-02
2.231886743391042066e-02
2.101495945907127377e-02
2.140401166119799276e-02
2.219488811786976545e-02
2.187705854385946919e-02
2.138646355176064898e-02
2.208441823474383697e-02
2.149226068202333625e-02
2.210456884470257677e-02
2.064727462424396920e-02
2.158280876363683279e-02
1.951386901520673137e-02
2.168848229268032640e-02
2.042386208356462493e-02
2.141916735834658789e-02
2.206839598780316325e-02
2.114037096550851202e-02
2.207700798143434617e-02
2.086858250736593409e-02
2.224862745940209274e-02
2.224324678601852234e-02
2.082746315215359273e-02
2.153557704941105877e-02
2.163465363045093473e-02
2.202132007075523895e-02
2.145268307215211084e-02
2.158896451757829835e-02
2.127727318925489927e-02
2.133728372084018471e-02
2.188798718985042815e-02
1.978829006822658415e-02
1.902533162306541126e-02
2.094046007229366166e-02
2.138593070256478157e-02
2.184249562511447751e-02
2.180345327468204142e-02
2.127333693754221780e-02
2.056570031313177671e-02
2.211317484140546893e-02
2.178991195082091367e-02
2.183786134420477240e-02
2.215673491533908662e-02
2.191972728873017168e-02
2.169710897903921049e-02
2.190215673137807170e-02
2.207351064563974410e-02
2.075177662893907399e-02
2.000325215997882447e-02
2.118555679181194015e-02
2.070316761169326350e-02
2.074877308919431326e-02
2.070977104967616084e-02
2.230036456008109222e-02
2.117067292341533527e-02
2.225696690662854263e-02
2.184724716275862622e-02
2.038815218981783473e-02
2.114380655407066892e-02
2.221733389291923391e-02
2.220664077556063626e-02
2.080271175395597208e-02
2.175269883825081685e-02
1.945114427907915916e-02
1.906493752510377698e-02
1.991076352223128398e-02
2.236174817150851299e-02
2.237580909253193001e-02
2.223343196139344197e-02
2.238488071305934010e-02
2.189483433916268942e-02
1.984449869204955863e-02
2.223277330049633696e-02
1.984118523191745476e-02
2.212097037625914905e-02
2.127345719843556915e-02
2.156842642279771169e-02
2.172393260796071437e-02
2.169815137194062993e-02
2.235209421606564051e-02
2.203999148050826695e-02
2.217751570453770429e-02
1.893628866121651461e-02
2.179397861085595467e-02
