1.805465190751275734e-02
1.707549283414900795e-02
1.818836807702013669e-02
1.796184350207920971e-02
1.823866703318413607e-02
1.784145273229938503e-02
1.756689335485310532e-02
1.764709696603687303e-02
1.776801077917839963e-02
1.811782250229949931e-02
1.799916151383161231e-02
1.850358236912253221e-02
1.765062033575299366e-02
1.773174774483847124e-02
1.786037092829887915e-02
1.822053281150116250e-02
1.846769173489852534e-02
1.813722061356702608e-02
1.717501971919858927e-02
1.833827304455150006e-02
1.777941807876411845e-02
1.761004825175858240e-02
1.778584103014970580e-02
1.824601426333591001e-02
1.844815213615015256e-02
1.842228118907730458e-02
1.839981201169774497e-02
1.836868703846541995e-02
1.817295214235212925e-02
1.784899730969142714e-02
1.839242358570522540e-02
1.803768656569082127e-02
1.804277810560912104e-02
1.777796912926045414e-02
1.844291843014310775e-02
1.774730534303562215e-02
1.735908928474658164e-02
1.824602475279870142e-02
1.794400924558463978e-02
1.799313683347684989e-02
1.740136289579596179e-02
1.774960962387329283e-02
1.841120261006556555e-02
1.650214015314313554e-02
1.818648994173876696e-02
1.733149679806410270e-02
1.761262409689176925e-02
1.774088339883863816e-02
1.843593168883770825e-02
1.801225575848626470e-02
1.832244645256159502e-02
1.771146539044913745e-02
1.826916555590662322e-02
1.848266103723216966e-02
1.830718778878724640e-02
1.793562074204654855e-02
1.708016169116106237e-02
1.850224388852396082e-02
1.816291454840020594e-02
1.812608061875902246e-02
1.773551393348605718e-02
1.648654114795732734e-02
1.800948856204638571e-02
1.785071883037188389e-02
1.794346269063324881e-02
1.790892675359571917e-02
1.836991592114608357e-02
1.800298678467786295e-02
1.843161355508561583e-02
1.815130629110651636e-02
1.745048439304719076e-02
1.724561805051421509e-02
1.815649221317882506e-02
1.838808327958614194e-02
1.797837228079314162e-02
1.817727172752701612e-02
1.848714363977338460e-02
1.755268271795840454e-02
1.829800759929300219e-02
1.846233445962620207e-02
1.638079975546781128e-02
1.762984403397999805e-02
1.711002472717692430e-02
1.798240444915304853e-02
1.844762263467738389e-02
1.771772669900995717e-02
1.809038454155765044e-02
1.821809598116238410e-02
1.826504373033073503e-02
1.781804593043996923e-02
1.726347787497389472e-02
1.828689788712461323e-02
1.835793535802229468e-02
1.717101317349575482e-02
1.813972039831239155e-02
1.717463950772287612e-02
1.834253442121900474e-02
1.764372992159237916e-02
1.803339556461321103e-02
1.745337158680520043e-02
1.646072629694560890e-02
1.850375151224327788e-02
1.706057731677057890e-02
1.788352653299406930e-02
1.707061903571344130e-02
1.843367510934017586e-02
1.848451530357781911e-02
1.793562074204654855e-02
1.784833894655317443e-02
1.837781624711045184e-02
1.829216123901855617e-02
1.826638849290288316e-02
1.812444424895836431e-02
1.804534065307750526e-02
1.734762106485015706e-02
1.835825773310093695e-02
1.806236501387204277e-02
1.818729679050802225e-02
1.718159427664830985e-02
1.845584531456439387e-02
1.841369847537092930e-02
1.828556398129042512e-02
1.765133878224445230e-02
1.738006868732783899e-02
1.726623428371783925e-02
1.847614975801865553e-02
1.840943740350593771e-02
1.817083927606056790e-02
1.809875149504759292e-02
1.758419512316495431e-02
1.805918063743110549e-02
1.760326153972683466e-02
1.807307556394491255e-02
1.768098169948550263e-02
1.792341577576584896e-02
1.826458395298125037e-02
1.745829158981606483e-02
1.830321860211034379e-02
1.849939190392483473e-02
1.838298003163542360e-02
1.802224421596286541e-02
1.811797238508867577e-02
1.804753782562453293e-02
1.843929816667191912e-02
1.753097197312070143e-02
1.845700988227686606e-02
1.765821552968898853e-02
1.802439064082708362e-02
1.816890741244196056e-02
1.845156839093156642e-02
1.810922359340074589e-02
1.652882024019866614e-02
1.835291114295405784e-02
1.789397655612569304e-02
1.799056694320445501e-02
1.834329086108721016e-02
1.848935302440680994e-02
1.775705220657113406e-02
1.830763407570540346e-02
1.795807520379160555e-02
1.678300458329997497e-02
1.759705007429256465e-02
1.750197309252850622e-02
1.834849270498140755e-02
1.785618449650093129e-02
1.731291343978712954e-02
1.682933785170210791e-02
1.718262214562138804e-02
1.803898858233623018e-02
1.815414083288251559e-02
1.814350987636640516e-02
1.846885963889263044e-02
1.806836240947236327e-02
1.847727910841256635e-02
1.837832182998183975e-02
1.764126851375488747e-02
1.834492381037700071e-02
1.850302711351083443e-02
1.748267882036396575e-02
1.710287837774763023e-02
1.840651039071280332e-02
1.845747607027744402e-02
1.819614528972999037e-02
1.813358582015126008e-02
1.805917698923736880e-02
1.815591966926830697e-02
1.840674085465381776e-02
1.806710011032773913e-02
1.849024342237184232e-02
1.836435526649740635e-02
1.810608523840550807e-02
1.776434143748538419e-02
1.777478813935708113e-02
1.820634943442830597e-02
1.702531280045223652e-02
1.785692705115174070e-02
1.807190706652460344e-02
1.822996261935490303e-02
1.806141930239459417e-02
1.845687641668699100e-02
1.713082662353812569e-02
1.765984422508884086e-02
1.824459043025204036e-02
1.712923070406062453e-02
1.819875115731370632e-02
1.808483109169521652e-02
1.790985416813956760e-02
1.844746327009004830e-02
1.840712224952027742e-02
1.825830359698543681e-02
1.786048118039555016e-02
1.836595798208009653e-02
1.847401187003190962e-02
1.831232002411600085e-02
1.682923928656586410e-02
1.818382810680223283e-02
1.836300916901189781e-02
1.847500858963874518e-02
1.830791328215148478e-02
1.806460272824710750e-02
1.844273909182775339e-02
1.768275456440428911e-02
1.838173984138442851e-02
1.676473117114594263e-02
1.776813383466831903e-02
1.777305250890634514e-02
1.819666128965490015e-02
1.844427493578950847e-02
1.657222689991258435e-02
1.780213928437201013e-02
1.836111377619529389e-02
1.765676074346030425e-02
1.792872404358855296e-02
1.826158316869958345e-02
1.827422187013342039e-02
1.823568338236589495e-02
1.799519185912697855e-02
1.805744490621557369e-02
1.813551979924367050e-02
1.761581618399905153e-02
1.833046684177897998e-02
1.770990082449639541e-02
1.829708581906551793e-02
1.663309311634995902e-02
1.621254032529164529e-02
1.739116695918620226e-02
1.834492381037700071e-02
1.827227838710638458e-02
1.820787198260557377e-02
1.663540067373268580e-02
1.783138935006885195e-02
1.742371577523567708e-02
1.685037977372288304e-02
1.808430225062052088e-02
1.799190992067065467e-02
1.794641518998174937e-02
1.778993537353873791e-02
1.812521679634444827e-02
1.836548327965223729e-02
1.824504496099886922e-02
1.835196165274192992e-02
1.807994188213839920e-02
1.833239416611828765e-02
1.818836807702013669e-02
1.799991577137855653e-02
1.838032670547003547e-02
1.847635414713265367e-02
1.699663032386641154e-02
1.821971037520250455e-02
1.810984623678123240e-02
1.769768218742245186e-02
1.792068246383521010e-02
1.821790116518933259e-02
1.794423898165232317e-02
1.774662194876364119e-02
1.813908046768799784e-02
1.842887041016307709e-02
1.804523272827428249e-02
1.711254004724944988e-02
1.800399752809969320e-02
1.768934057458345505e-02
1.833443319688457529e-02
1.816797169521489758e-02
1.833145998281957359e-02
1.798568447241545576e-02
1.824622484629577837e-02
1.828959562459428131e-02
1.797279853886955131e-02
1.734104693537983147e-02
1.726782073171215584e-02
1.777941807876411845e-02
1.845732849516406454e-02
1.812914260564877159e-02
1.706618057017583040e-02
1.796380694454461496e-02
1.787741153333243654e-02
1.812562027358175648e-02
1.756201557189029580e-02
1.698200389634669377e-02
1.786658104568608629e-02
1.747449819744648081e-02
1.836987751381769993e-02
1.731277004275751097e-02
1.840664170000359118e-02
1.773506031247319703e-02
1.797500614258569496e-02
1.706522542691288682e-02
1.816049348749136996e-02
1.689775169330506518e-02
1.825014176776013075e-02
1.810697797046628005e-02
1.835529591725616055e-02
1.783808892471894572e-02
1.842291155507453509e-02
1.848066076803855234e-02
1.741454044192053061e-02
1.759051239644303724e-02
1.823248451801741041e-02
1.713654837703493250e-02
1.771441280883083100e-02
1.722242710881775538e-02
1.797527381389383422e-02
1.771460115797885912e-02
1.817470496635427424e-02
1.683971994328604255e-02
1.771233430208230680e-02
1.809143965754892239e-02
1.832928292916878935e-02
1.822567478430444851e-02
1.694256886385769531e-02
1.846350178359284014e-02
1.705379280134954045e-02
1.809909595837928473e-02
1.776813383466831903e-02
1.652150078844874873e-02
1.768912226255562117e-02
1.816941406347525115e-02
1.697849771711620187e-02
1.793721333983746072e-02
1.785610984660037162e-02
1.831299118715287375e-02
1.787869584400481049e-02
1.788352653299406930e-02
1.717033897924639951e-02
1.795047226542759861e-02
1.691827142578493717e-02
1.849645380259662408e-02
1.833791429433162187e-02
1.781141127272415497e-02
1.831735448188988313e-02
1.848996220103405613e-02
1.846658438895354068e-02
1.823292747135622088e-02
1.834223392908424996e-02
1.849836739143649600e-02
1.842946823592210570e-02
1.765814754781104903e-02
1.760219137296499883e-02
1.719206868493481505e-02
1.842977375488805483e-02
1.768961573917625721e-02
1.769907757357897654e-02
1.760521371215228656e-02
1.636990188092938073e-02
1.847277517912075673e-02
1.837307974485780093e-02
1.810840194295031819e-02
1.781295625580881642e-02
1.748891134466992389e-02
1.836049581779224810e-02
1.831193290399229720e-02
1.833580210250151596e-02
1.796380694454461496e-02
1.799524970035031382e-02
1.730317084663525809e-02
1.720912735332426335e-02
1.807844759926615502e-02
1.838518620319923302e-02
1.847601605482148898e-02
1.748784629367985261e-02
1.822993294707897158e-02
1.793680617389248333e-02
1.842008108113633164e-02
1.813772131109121083e-02
1.740753191865894098e-02
1.838012820848880860e-02
1.796380694454461496e-02
1.771246796829961667e-02
1.849016682385651311e-02
1.771158488508265544e-02
1.773295204061786645e-02
1.754495606948307945e-02
1.703842259367017650e-02
1.835164690108126440e-02
1.789746162941182467e-02
1.766865147125906699e-02
1.777312850211127879e-02
1.754857398117060097e-02
1.776028578191937712e-02
1.705565575781868570e-02
1.772163008305387491e-02
1.824444821283382340e-02
1.845117923037412414e-02
1.757888865875193579e-02
1.787637676387365121e-02
1.846834842634496876e-02
1.743817861789063312e-02
1.765231505618091931e-02
1.810805030859098316e-02
1.795035022795062052e-02
1.791107034155075065e-02
1.698675574629478907e-02
1.691105048238786962e-02
1.823497469569263646e-02
1.807796985915069779e-02
1.779665225897981290e-02
1.821458526422786717e-02
1.728995421499147922e-02
1.775492459119164257e-02
1.743525299876908310e-02
1.846917068065000167e-02
1.784672095809891265e-02
1.805804067371942837e-02
1.710666604965299653e-02
1.836144898151612082e-02
1.741006607332815787e-02
1.796550257328830696e-02
1.786658104568608629e-02
1.766867216400404283e-02
1.757246938136610565e-02
1.681691807819599843e-02
1.847467608577846310e-02
1.697803795813584982e-02
1.835301288812984585e-02
1.768163789143618186e-02
1.823206188702629696e-02
1.826129493391005429e-02
1.805712840273263758e-02
1.793134377430127477e-02
1.639411079091346313e-02
1.758376189175906920e-02
1.741435764798899416e-02
1.719363690324388419e-02
1.771618345996974625e-02
1.718937166317892687e-02
1.838328815812251271e-02
1.706027061528889860e-02
1.790876829786897453e-02
1.844497252255017025e-02
1.833051801928138255e-02
1.767684634701453816e-02
1.784271418092965231e-02
1.835793535802229468e-02
1.806236501387204277e-02
1.830508390967346480e-02
1.768583154737551205e-02
1.797678751061312918e-02
1.740754978051516771e-02
1.785887633471640312e-02
1.790151281964665747e-02
1.820634943442830597e-02
1.806755649543630854e-02
1.818403928838339262e-02
1.767649515921763601e-02
1.775959500639041205e-02
1.705773921031498649e-02
1.848008548855757313e-02
1.820215555286490774e-02
1.834471762807321146e-02
1.742829150988126422e-02
1.745695739184901368e-02
1.835692668599756688e-02
1.810322267405082425e-02
1.832683870403198356e-02
1.802289109538372097e-02
1.816347853993639447e-02
1.778853769401204932e-02
1.836936134497086162e-02
1.749415663635612433e-02
1.781295625580881642e-02
1.838537893734048731e-02
1.826219865930427816e-02
1.804901336357332686e-02
1.702531280045223652e-02
1.799991577137855653e-02
1.815216180230723106e-02
1.795224268667962308e-02
1.831990526275209530e-02
1.816047239921986592e-02
1.714415479529007857e-02
1.771900992610573808e-02
1.805060517002578940e-02
1.821042361788568001e-02
1.817398645389063649e-02
1.824627839839114765e-02
1.839900629188729805e-02
1.698941502118380201e-02
1.662947596623370189e-02
1.836600722146708789e-02
1.837804159486628591e-02
1.837554618452596697e-02
1.759413737275147480e-02
1.798491500941973298e-02
1.738302828174674228e-02
1.776981270047486156e-02
1.841528774956946446e-02
1.802304354515037871e-02
1.789121808778849562e-02
1.828721581897821760e-02
1.787317395020030647e-02
1.836174551339450622e-02
1.775312027310078228e-02
1.710312619754940713e-02
1.765693757927193352e-02
1.836430331757851406e-02
1.813563569973033682e-02
1.680305402579968313e-02
1.833942693758625064e-02
1.845382212224583318e-02
1.833510007866162583e-02
1.806583194673509404e-02
1.764840122017115320e-02
1.834731465110894105e-02
1.794874679087964803e-02
1.741112272257587523e-02
1.797385483210343221e-02
1.825075768329915971e-02
1.781795770619080607e-02
1.848033342907556137e-02
1.796604477864970420e-02
1.758478305681532988e-02
1.767921093245873598e-02
1.841132742296270816e-02
1.636448140671663623e-02
1.738006868732783899e-02
1.757242211377509425e-02
1.793352778926658037e-02
1.831256273989355365e-02
1.848869747607563216e-02
1.732103213736564326e-02
1.755558419301463807e-02
1.833843891730460932e-02
1.843775628218530249e-02
1.711923916947359278e-02
1.766204701876171804e-02
1.824696280654761540e-02
1.731894367549037875e-02
1.821217319298591708e-02
1.727764710724116054e-02
1.819802110782585067e-02
1.837474494570876318e-02
1.849555002241845547e-02
1.817683460969182763e-02
1.826816930880226578e-02
1.805310345188149840e-02
1.777958002687000244e-02
1.718842946809629596e-02
1.787073530767198729e-02
1.826271715709952559e-02
1.818790301842955828e-02
1.804680647958271239e-02
1.717391559506862078e-02
1.783984715872106303e-02
1.838362272691274404e-02
1.757991431980945873e-02
1.800571556725279534e-02
1.787366679031581265e-02
1.801450164737553039e-02
1.780293557839724913e-02
1.796031172100598719e-02
1.803791492116902512e-02
1.765580792244857145e-02
1.765771048223812451e-02
1.705535359069963383e-02
1.822019659274791079e-02
1.801201902612037734e-02
1.825942192407559866e-02
1.694936538839165313e-02
1.779009526141862862e-02
1.846018089316695324e-02
1.782570951046506119e-02
1.783125753077747372e-02
1.686123559068811867e-02
1.819366783814596947e-02
1.830743948506923999e-02
1.786270547779029993e-02
1.751430911708162091e-02
1.837891402654267398e-02
1.845541074868300643e-02
1.837234706179603078e-02
1.802766940166779935e-02
1.784544270548334144e-02
1.826639094459800092e-02
1.831840336770592520e-02
1.774011975880645034e-02
1.710107260045211353e-02
1.765875459152206964e-02
1.758419512316495431e-02
1.838257861927389616e-02
1.819325043870548275e-02
1.826664795101957950e-02
1.810772412937643183e-02
1.777609610876803789e-02
1.847027252265130703e-02
1.804074412595080973e-02
1.746923030524707293e-02
1.810934553810241224e-02
1.834907097301294657e-02
1.719428638223894149e-02
1.844776160358235773e-02
1.826372878550360651e-02
1.808095613677680041e-02
1.839531466322034958e-02
1.825704995859925989e-02
1.839790235166308477e-02
1.801952495878494237e-02
1.675616862641978594e-02
1.834806644392867128e-02
1.833946975504544691e-02
1.808446750475193460e-02
1.778580296177122155e-02
1.796724114193347030e-02
1.769652452634930609e-02
1.798423663624384994e-02
1.816898678372711601e-02
1.847850771342397086e-02
1.807162471817613109e-02
1.834672300440551296e-02
1.823233805536153551e-02
1.833358368773457467e-02
1.773041615491062831e-02
1.814159983625130909e-02
1.790563753562906049e-02
1.777437554265303560e-02
1.785108862477537833e-02
1.784203207470498945e-02
1.791267541875481498e-02
1.757306180189571743e-02
1.774635840843558771e-02
1.699663032386641154e-02
1.841705059962794183e-02
1.800475325355966466e-02
1.782158614439492347e-02
1.838488674046815860e-02
1.829171537597292299e-02
1.820054984042371315e-02
1.787403392676643193e-02
1.758540710969822007e-02
1.826359359251844908e-02
1.848944058754456443e-02
1.817652368203627467e-02
1.762704751736391892e-02
1.801266230683367525e-02
1.827768699942110622e-02
1.697588518019189224e-02
1.638491971139583586e-02
1.808543046752963609e-02
1.848401957992376263e-02
1.736199432318313515e-02
1.802596511939122750e-02
1.797373966668475501e-02
1.752226814496745527e-02
1.822273381497246242e-02
1.711484614774114177e-02
1.835518627986516479e-02
1.826094998687700227e-02
1.849993550441203852e-02
1.792054994556734754e-02
1.846491057079072476e-02
1.850023504913676092e-02
1.838418190956729245e-02
1.794809923474562779e-02
1.778163815089091326e-02
1.814067083008724310e-02
1.818803117602453903e-02
1.846038970782764785e-02
1.827683486051786058e-02
1.835839180437158144e-02
1.810166849255794713e-02
1.809248986308926999e-02
1.803989956794985194e-02
1.848346244923387491e-02
1.749427870459269521e-02
1.759140294844489805e-02
1.801067664368776258e-02
1.718842946809629596e-02
1.826843159815911763e-02
1.836212156202121637e-02
1.848475682822564581e-02
1.789891934077971272e-02
1.777941807876411845e-02
1.807887713629036108e-02
1.805522657355917299e-02
1.842139912271872904e-02
1.823346631112212485e-02
1.831597242394739436e-02
1.798757464201321613e-02
1.690367762185511838e-02
1.826776824862567927e-02
1.834285753900125049e-02
1.776096273585273458e-02
1.798081444654015329e-02
1.814809778412956529e-02
1.758311022461448575e-02
1.804013656005495903e-02
1.846426877857058890e-02
1.761282055999878471e-02
1.834230784880781090e-02
1.775228298989746378e-02
1.820414224376404669e-02
1.750896518956391798e-02
1.739229465042169825e-02
1.758864379211988460e-02
1.800865519963226052e-02
1.803125707800343203e-02
1.719963050460074014e-02
1.750198730438361563e-02
1.847027252265130703e-02
1.722586353419879035e-02
1.828020736828036424e-02
1.752458737158225574e-02
1.809063674858318177e-02
1.808765386292515709e-02
1.729968658105469903e-02
1.814675940999185486e-02
1.817211912336873930e-02
1.819467899334942587e-02
1.775663737350521854e-02
1.845563370550545521e-02
1.770903797227599274e-02
1.811946337425822395e-02
1.849431705322216596e-02
1.828020736828036424e-02
1.613701006799622001e-02
1.840476826103120550e-02
1.731897911200436929e-02
1.819272211009205498e-02
1.839401735861157308e-02
1.834502063574668454e-02
1.678013334726508737e-02
1.723845808056001863e-02
1.803992796105969090e-02
1.842846073777893237e-02
1.830598773769271867e-02
1.835858874835729487e-02
1.808014613835784781e-02
1.821677881298790214e-02
1.849728562565299342e-02
1.821971037520250455e-02
1.849730385184178080e-02
1.844292960681372801e-02
1.839825721755719568e-02
1.769247623737768213e-02
1.811343188636002632e-02
1.812191758823977067e-02
1.844187069413411387e-02
1.823710105886422461e-02
1.815113552664256169e-02
1.758419512316495431e-02
1.790238193499045852e-02
1.775728594399426236e-02
1.811572821220147275e-02
1.836559238976438052e-02
1.759140294844489805e-02
1.596495616272008977e-02
1.842914007189532313e-02
1.747009234484881227e-02
1.765668895483871181e-02
1.846701330293876522e-02
1.829023020631341187e-02
1.766707515940454248e-02
1.826158316869958345e-02
1.768286172147685159e-02
1.793562074204654855e-02
1.735566006283733448e-02
1.847524162759846267e-02
1.764419686950447624e-02
1.817924413243667339e-02
1.848722969826825310e-02
1.774003667578964022e-02
1.829834260468583135e-02
1.842430728634375861e-02
1.815522281924808121e-02
1.833129533521471455e-02
1.808817260202085289e-02
1.765814754781104903e-02
1.836279414476103822e-02
1.776864529793237973e-02
1.849931020268057169e-02
1.724947356741921012e-02
1.752380597240938559e-02
1.825122383429505710e-02
1.795204739213493786e-02
1.739773690012547114e-02
1.824509029434517177e-02
1.788233883266929225e-02
1.792652088080864611e-02
1.805712840273263758e-02
1.837709236213885128e-02
1.786720705475029064e-02
1.837474494570876318e-02
1.748250029261405603e-02
1.762185232006176910e-02
1.820987741215301589e-02
1.797095289174296256e-02
1.737288317218669761e-02
1.807183195868003467e-02
1.721652259985652009e-02
1.728060693917651477e-02
1.815515068104676250e-02
1.829935120357940870e-02
1.796281967411666666e-02
1.805279294139712498e-02
1.762547682697938184e-02
1.809875149504759292e-02
1.756670549699567568e-02
1.699674547366511815e-02
1.803841997778344100e-02
1.776555489406941163e-02
1.733098587709979224e-02
1.674618632414504385e-02
1.830503193688971797e-02
1.711339719810015328e-02
1.798458975482331024e-02
1.843316009599931665e-02
1.816879289921307164e-02
1.849231281474142050e-02
1.802929753015586334e-02
1.793425448570279065e-02
1.656500181147224290e-02
1.824314060247425942e-02
1.835321602913105726e-02
1.833425434234674592e-02
1.790712272316042838e-02
1.837706726000511853e-02
1.805690430029909671e-02
1.754984264694574650e-02
1.763159715117630644e-02
1.795033324258728941e-02
1.795405889679505679e-02
1.827991859847626771e-02
1.842228725752039636e-02
1.752567937208655488e-02
1.790563753562906049e-02
1.761671313510017670e-02
1.820540716534962272e-02
1.729991759741173613e-02
1.836389161590473371e-02
1.818375535237138491e-02
1.740155701857151738e-02
1.754193744881242523e-02
1.768098169948550263e-02
1.811910011536982737e-02
1.806751954350409653e-02
1.780394216195637855e-02
1.763442370228994471e-02
1.734906655351158358e-02
1.820434665094547780e-02
1.778182321159300916e-02
1.688556201287412864e-02
1.848612465208348057e-02
1.756769942571753326e-02
1.749691079658368190e-02
1.843330835367381140e-02
1.811343188636002632e-02
1.835510499422571273e-02
1.837246336360787158e-02
1.780197164184633973e-02
1.791333245823818060e-02
1.766955234872012032e-02
1.821077512378391217e-02
1.758376189175906920e-02
1.814159983625130909e-02
1.838721086079900605e-02
1.655586175366187407e-02
1.824761746069449714e-02
1.850067719535708824e-02
1.798517363843788602e-02
1.670045313031241069e-02
1.845163518823923765e-02
1.791105659283313833e-02
1.672002102774428067e-02
1.806170424878668357e-02
1.830613660308979401e-02
1.808817260202085289e-02
1.773788881264481976e-02
1.790271385803036616e-02
1.791141271424918566e-02
1.843002112440963319e-02
1.792010262792882377e-02
1.826255963746687902e-02
1.847863912609812656e-02
1.781800572057739077e-02
1.754951764048083215e-02
1.839772586818978414e-02
1.734373520744633690e-02
1.846067184936420191e-02
1.786492071240958213e-02
1.841245552510424946e-02
1.843612827181646471e-02
1.735158212061347488e-02
1.767072899466547858e-02
1.799231297135999233e-02
1.760858607441764118e-02
1.827575583421679056e-02
1.743943581484177011e-02
1.847747240683605269e-02
1.789523416391810076e-02
1.787637676387365121e-02
1.829714606213335773e-02
1.811797238508867577e-02
1.768098169948550263e-02
1.803125707800343203e-02
1.728072704544832486e-02
1.832020953579673039e-02
1.835451108012729413e-02
1.781553226560076905e-02
1.837307921350201517e-02
1.820773673813941979e-02
1.766521444336438887e-02
1.826352880214730801e-02
1.763362675207498509e-02
1.784672095809891265e-02
1.834086595589563828e-02
1.810149872364399254e-02
1.768619167198279968e-02
1.835338751018879624e-02
1.660223049994053249e-02
1.758540710969822007e-02
1.759473074923434063e-02
1.792146294080373958e-02
1.840977549112211148e-02
1.758258947355296337e-02
1.841045248299434667e-02
1.718390965659328390e-02
1.779407896849320020e-02
1.798077706251189484e-02
1.770858302847273108e-02
1.837628748824029698e-02
1.803969054539826186e-02
1.771146539044913745e-02
1.757646417513031301e-02
1.850284563262039397e-02
1.824037144808925842e-02
1.845325846875723458e-02
1.768632691724358538e-02
1.817403474073758796e-02
1.742289687516405949e-02
1.768564687251954898e-02
1.825393502518178612e-02
1.792125059719019281e-02
1.736503475540760941e-02
1.815764313295136975e-02
1.787398439030807654e-02
1.812419284403717426e-02
1.795224268667962308e-02
1.732255812839674641e-02
1.785422218077808293e-02
1.824415836477316644e-02
1.849375032310614925e-02
1.781085899092572575e-02
1.688473054612119398e-02
1.840890627162523191e-02
1.844763144392609633e-02
1.792011073031389221e-02
1.817654550672077873e-02
1.812551998596876462e-02
1.794166744418763601e-02
1.795957830871935598e-02
1.814205747315880343e-02
1.791731863735196092e-02
1.771650995061792300e-02
1.758849672391297331e-02
1.837504585009495928e-02
1.768465273230676593e-02
1.797176482610687159e-02
1.743708915893273093e-02
1.846757577151544177e-02
1.833988954192349030e-02
1.805589057792097302e-02
1.758106453460915597e-02
1.836268094007666857e-02
1.810013582194942849e-02
1.774255925639327963e-02
1.769639490580908123e-02
1.849959412149182469e-02
1.776670746123083094e-02
1.842606770135625863e-02
1.822725404997542140e-02
1.759720777960412444e-02
1.831835146751057200e-02
1.765719789335926104e-02
1.779459260341299115e-02
1.813191145393443920e-02
1.754758506244343333e-02
1.829284165777062682e-02
1.765985501320650741e-02
1.770374923785336327e-02
1.768463694684937679e-02
1.834281565618351914e-02
