3.382573335044605084e-02
3.502345989988268904e-02
2.561924955876856286e-02
3.446011721245583609e-02
3.230952404852015930e-02
3.054582614652545658e-02
3.439417742338992529e-02
3.492027970727855368e-02
3.434915940569530091e-02
3.126425185296775183e-02
2.670130187110175343e-02
3.294447901650901511e-02
3.499464598680826488e-02
3.189164882253403555e-02
3.170735542563130754e-02
3.395406253469427510e-02
3.387539515979820504e-02
3.494499728813321715e-02
3.151876188222273861e-02
3.418454217764990005e-02
3.453599626173413373e-02
2.769363440922653283e-02
3.348233546150289341e-02
3.203554557171817141e-02
2.841145292672529743e-02
3.445015381097613766e-02
3.282429221447877299e-02
3.365377311913297226e-02
3.144493361568524714e-02
3.452443420968398513e-02
3.387991610124103936e-02
3.296664608126125690e-02
3.017930676798014425e-02
3.219996827294245578e-02
3.461647919259821377e-02
2.993932528342973381e-02
3.307778430715320461e-02
3.492314520768464992e-02
3.157768369329283509e-02
3.370437609287300906e-02
3.260638013946166175e-02
3.474158392270871448e-02
3.328770615689666257e-02
3.240088817588446246e-02
3.299062962751104361e-02
3.416000263413871557e-02
3.392609801698281274e-02
3.496216900823908430e-02
3.364898035362130779e-02
3.415186944252365103e-02
3.391304165048326935e-02
3.382063342185696875e-02
3.376287963746088527e-02
3.362885049334671944e-02
3.326876354313178241e-02
3.195179133352098189e-02
3.152075836528553388e-02
2.921083434026787440e-02
3.458471835261274496e-02
3.117278654547482250e-02
3.496208483466108768e-02
3.126905978505128275e-02
3.256471704684504864e-02
3.067454380641386480e-02
2.953665682475276055e-02
3.468619263008597409e-02
3.434623704516154286e-02
3.496270903272244435e-02
3.492173313571565046e-02
3.049802878485658592e-02
3.313826868505845985e-02
3.365571627323406950e-02
3.429175748983230576e-02
3.353625160636866664e-02
3.414614691566229127e-02
3.355749790100252122e-02
2.612680543117702064e-02
3.282844560068223783e-02
3.375572854129073319e-02
3.399674933192078918e-02
2.872344177716961572e-02
2.935875597570259191e-02
2.909194320259433919e-02
3.215742588530309809e-02
3.091409540241896875e-02
3.270103024186930135e-02
3.484093562739713767e-02
3.358394861530070163e-02
3.224029279422431504e-02
3.338273119327007932e-02
3.344110949438200420e-02
3.406733413595263577e-02
3.492771131496657383e-02
3.504070677549887824e-02
3.057569652474910818e-02
3.271349021074135971e-02
3.426563438420042462e-02
3.169674109959633168e-02
3.231933128401728861e-02
3.333295712676620504e-02
3.495600207037331125e-02
2.854904959981233170e-02
3.388621812240641407e-02
3.175216041593294236e-02
3.453880831040288119e-02
3.168659460444356313e-02
3.270513295268089732e-02
3.385741247180287794e-02
3.400111492565737609e-02
3.365079124155299917e-02
3.115617528214285892e-02
3.355738753235131683e-02
3.403167861739513078e-02
3.465820096587268750e-02
3.154131357852796996e-02
3.427641097241697354e-02
3.264734199852727115e-02
3.483802931762375321e-02
3.186200568998090454e-02
3.312747646054309270e-02
3.177146793735529523e-02
3.304024038004714503e-02
3.432676539009259925e-02
3.324004865625689031e-02
2.805136520172849673e-02
3.458761500505072584e-02
3.276681626779285456e-02
3.390850563400323037e-02
3.349244030239927061e-02
3.243971208302037085e-02
3.417396050164191873e-02
2.582572239357097676e-02
3.039986601631135613e-02
3.424278772424458467e-02
2.992401855465018357e-02
3.164417853189386426e-02
2.991936219232319699e-02
3.489267935238571372e-02
3.471185137463953657e-02
3.180677035534765218e-02
2.845381932060948513e-02
3.080177367375501463e-02
3.163340962004891621e-02
3.467953417939596827e-02
3.069922606534155468e-02
3.346533807922741355e-02
3.345333108596412058e-02
3.351560064703158759e-02
3.212385618081503580e-02
3.414135805677628172e-02
3.397491338299770541e-02
3.098805528072473905e-02
2.899847235912988291e-02
3.087185796623784922e-02
2.748235255293263873e-02
3.288137012562697414e-02
3.458761500505072584e-02
3.272577922793816485e-02
3.279933475842086027e-02
3.314515262993328326e-02
3.503299283858415242e-02
3.422042830591805196e-02
3.467353559140012864e-02
3.304425888163838032e-02
3.204654632230706512e-02
3.433850343896661245e-02
3.383569294164455454e-02
3.258715635294741342e-02
3.385439609638958569e-02
3.311385898544810802e-02
3.333966458729883953e-02
3.226501959268701647e-02
3.503746772602913534e-02
3.175572764662908110e-02
3.114621571007116646e-02
3.001568448653783860e-02
3.450625236085402142e-02
3.153051738821985306e-02
3.233021720836205815e-02
2.924255121811620423e-02
3.172354705297433797e-02
3.481414518742689812e-02
3.337204632285653561e-02
3.115617528214285892e-02
2.877376440037989966e-02
3.411536938859933976e-02
3.164883893646827651e-02
3.468046004823226169e-02
3.503925869305567209e-02
3.287657124988283691e-02
3.356011424463548054e-02
3.426304372960899125e-02
3.192672029846432835e-02
3.170899576619261306e-02
3.373725160035669773e-02
3.147946502089899595e-02
3.423248575407645405e-02
3.418670661213274453e-02
2.373899276141563236e-02
3.384838136053296143e-02
3.430127437901074605e-02
3.181232562686771292e-02
2.775330497396997359e-02
3.379036949259221767e-02
3.092630894659589499e-02
3.038990155242216745e-02
3.343957931608982498e-02
3.473722375581515809e-02
3.424105277857623919e-02
3.491343750416164848e-02
2.908533474823233114e-02
3.341821464929786711e-02
2.919009449929044903e-02
3.483901354654565796e-02
3.308264804064801196e-02
3.428708677165717006e-02
3.471692624435971514e-02
3.375704438157400844e-02
3.205700683557448361e-02
3.458137979528666528e-02
3.463248669070147223e-02
3.104613713115158408e-02
3.408439272788760938e-02
2.975894210573136814e-02
3.214254358830753722e-02
3.007541305085805958e-02
3.113158173611193028e-02
3.478668977761178310e-02
3.322367738281627181e-02
3.315881212450347282e-02
3.401355390907261772e-02
3.289101687977942501e-02
2.880909772061845259e-02
3.286147255707806691e-02
3.422322901953065571e-02
3.228737947138538011e-02
3.455608232217913245e-02
3.363690106819451631e-02
3.078029534225814809e-02
3.378087856194204180e-02
3.453500408991874021e-02
3.012803386893211921e-02
2.414720528381322090e-02
3.458761500505072584e-02
3.404993422621733351e-02
3.451960296141514534e-02
3.165558926996088485e-02
2.875847225705644578e-02
3.406742360241409029e-02
3.440995139688299981e-02
3.302268215182770084e-02
3.325959468433450222e-02
3.254922101269609042e-02
3.338815317811954370e-02
3.184024752787804891e-02
3.309996790707600556e-02
3.305794539733372672e-02
3.425114337813529169e-02
3.503045432783958441e-02
3.306306564689777405e-02
3.141768849188734947e-02
3.224921541543969428e-02
3.449504868153809023e-02
3.371703502718520484e-02
3.492373217032216509e-02
3.394716509204862009e-02
3.124881558659668018e-02
3.289587084400898143e-02
2.992906443489701251e-02
3.436572213453596703e-02
3.352311232296557170e-02
3.450089165994454227e-02
3.445215435342013910e-02
3.403083492974928043e-02
3.431030817741355377e-02
3.285995336372837805e-02
3.476031003038690392e-02
3.071997411571786296e-02
3.376009753522121043e-02
3.401020750292878259e-02
3.174582150265782554e-02
3.298738422166666573e-02
3.482300591133857121e-02
3.085251860111642985e-02
3.468310388822019863e-02
3.340781771230976610e-02
2.834427488456353617e-02
3.382573335044605084e-02
3.256118741480390488e-02
3.458761500505072584e-02
2.624885645788632010e-02
3.440483143260938959e-02
3.393008911179578452e-02
3.391584282117312416e-02
3.342909638185525417e-02
3.351282578288609232e-02
3.104178332090692938e-02
3.340295315259201453e-02
3.312226750117423096e-02
2.871497942958372782e-02
3.121217341179435834e-02
3.471115660516339851e-02
3.483443179336838391e-02
3.481955609584226619e-02
3.057581965318880574e-02
3.412404230561018326e-02
3.483426039725077278e-02
3.486653770065717417e-02
3.411360790419562528e-02
3.390043855123085759e-02
3.481145608546307169e-02
3.037698378106325550e-02
3.413716839042708895e-02
3.340507246814880538e-02
3.356150711097457412e-02
3.503352029759008307e-02
3.291930811704590204e-02
3.458761500505072584e-02
3.471185137463953657e-02
3.384612499025890786e-02
3.455510839554799818e-02
3.468226531086554543e-02
3.277660115605649654e-02
3.290189262082161836e-02
3.447427254210567310e-02
3.277786237298555005e-02
3.407874232932905229e-02
3.327281488933673398e-02
3.072643961467225529e-02
3.319740786102083618e-02
3.214658764232972143e-02
2.659305945170999802e-02
3.177808015696470534e-02
3.375940894572043022e-02
3.435043388180753637e-02
2.989069653036652979e-02
3.315943765350392453e-02
3.454479250768563436e-02
3.152564318746113592e-02
3.280229498495883939e-02
3.405826187092127200e-02
3.111985076256178900e-02
3.504362675301670588e-02
3.008989673304290902e-02
2.891698871981906310e-02
3.243352409168089728e-02
3.409854882101219509e-02
3.328862505613596617e-02
3.350465621543283895e-02
3.165827097202709994e-02
3.155608432390047402e-02
3.294545598506685297e-02
3.375704438157400844e-02
3.323026069547260070e-02
3.428392004701191764e-02
3.461122961677845500e-02
3.484660210328428820e-02
3.457356999104759659e-02
2.548138815302235238e-02
3.042183677562308036e-02
3.490028756285076111e-02
3.153868140049387314e-02
3.492771131496657383e-02
3.435481275226470732e-02
3.456364398934103077e-02
3.491552375636500227e-02
3.458761500505072584e-02
3.486958340213593827e-02
3.203024313996892525e-02
3.001653512768783297e-02
3.445327569631310288e-02
3.448310476804394148e-02
3.293556516847246513e-02
2.401353683803125749e-02
3.403248238553817362e-02
3.077937658987716860e-02
3.329488077153483494e-02
3.124881558659668018e-02
3.333788369254224448e-02
3.420801848733068251e-02
3.342058079247388347e-02
3.239302340678047731e-02
3.447853680714371011e-02
3.273593156253763736e-02
2.684470284307239121e-02
3.383177320237552854e-02
3.238496263816811882e-02
3.324004865625689031e-02
3.139850251094928463e-02
3.498457745345543574e-02
3.293680531287591223e-02
3.197246643082130718e-02
2.998224010652171534e-02
3.366431948317331890e-02
2.459163528510167895e-02
2.846078583206667484e-02
3.494036493851625930e-02
3.464876765773608480e-02
2.890523005583466379e-02
3.119314227108568177e-02
3.325597492286869183e-02
3.432576248727882418e-02
3.018330467956257396e-02
3.362954985308269640e-02
3.292589993783590074e-02
3.376221473117144850e-02
3.491381158090832437e-02
3.458761500505072584e-02
3.407180202689510939e-02
3.208533965217128664e-02
3.490647038310148997e-02
3.218213546400811031e-02
3.148903765658837839e-02
3.470927408569861317e-02
3.425270268149777780e-02
3.300523345764035804e-02
3.448750971052307740e-02
3.420691414609001307e-02
3.371257363302899990e-02
3.477455860539153260e-02
3.455510839554799818e-02
2.981411619633240334e-02
3.357330934260491229e-02
3.214197798968539826e-02
2.273268307021267601e-02
3.458963036968350224e-02
3.396824339671426080e-02
3.313598800079115003e-02
3.332680168967980250e-02
3.211310402928139324e-02
3.066257343962950493e-02
3.143592468790661759e-02
3.401502128906118416e-02
3.391854022929346318e-02
3.494193676351972644e-02
3.175297923194725369e-02
2.507134323577601964e-02
3.227961503459456788e-02
3.399674933192078918e-02
3.303859796171372543e-02
3.437416873672230477e-02
3.476479772475715019e-02
3.444167186969435829e-02
3.346140179279778748e-02
3.391584282117312416e-02
3.475858501808485462e-02
3.370655725030656524e-02
3.307967224895735914e-02
3.318889270723431040e-02
3.413682521887801552e-02
2.940125476697556806e-02
3.467990286327505417e-02
3.351611272839119526e-02
3.380561278058367980e-02
3.463647649901651498e-02
3.377303002803246773e-02
3.086028336363575916e-02
3.281481519172263495e-02
3.344042875127014453e-02
3.155605682656536376e-02
3.013770158114251196e-02
3.392424805599635051e-02
3.413709099038851613e-02
3.189269401426080008e-02
3.418275779707943829e-02
3.057581965318880574e-02
3.459810572424210778e-02
3.321365142057391279e-02
3.428327428620288331e-02
3.276136506930029529e-02
3.237726408197535988e-02
3.454083335169949587e-02
3.214197798968539826e-02
3.401992832522681559e-02
3.075454916268799410e-02
2.754590629373452476e-02
2.463037975467036178e-02
2.965155125407602232e-02
3.492752123897636257e-02
3.132184563349085099e-02
3.339404718480963596e-02
3.187668962372079001e-02
3.021133771723349959e-02
3.389941987664349399e-02
3.269673015567750585e-02
3.424480897945298558e-02
3.108413757105342456e-02
3.411157099235191670e-02
3.128269597910757205e-02
3.440514899775554136e-02
3.457134917642643024e-02
3.497823396512080713e-02
3.465784305675276289e-02
3.490935263129925359e-02
3.477995794342821773e-02
3.394367398825182125e-02
3.455374379928675271e-02
3.049419270836301737e-02
3.202193475319066451e-02
3.163468091752870415e-02
3.033091365580011661e-02
3.447279915907790204e-02
3.321385033091816402e-02
2.381735121747007716e-02
3.432874151586862849e-02
2.962806921113524811e-02
3.403083492974928043e-02
3.289736842598514621e-02
3.449467450103801958e-02
3.085133208195179819e-02
3.156480985304209452e-02
3.500594204230802337e-02
3.472758220059916912e-02
3.504070677549887824e-02
2.841145292672529743e-02
3.317353286123441575e-02
3.414350071126787123e-02
2.811297684425063947e-02
3.090070301445361697e-02
3.288721399429610226e-02
3.425304486960282363e-02
3.483149406254137243e-02
3.203554557171817141e-02
3.184024752787804891e-02
3.232728995608888378e-02
3.402010817827640782e-02
3.084678603058755783e-02
3.460319150937322952e-02
3.107299842118544167e-02
3.093350273029155106e-02
3.457613180125358038e-02
3.244684056076604928e-02
3.180102261504133554e-02
3.389900466401468693e-02
3.408702025249801121e-02
3.147634751832190103e-02
3.414363481649126952e-02
3.218686894319586211e-02
3.498445414320099089e-02
3.320958353036546767e-02
3.417675690052813381e-02
3.371377099663541016e-02
3.389120805295607608e-02
3.323329115314346827e-02
3.429654700681724483e-02
3.494800504827570709e-02
3.118601785753977174e-02
3.296066786729123788e-02
2.251958397338374093e-02
3.366520496206221874e-02
3.350027569873845895e-02
3.067502380782846649e-02
3.389652030801407895e-02
3.086708216995442955e-02
2.994514559940882059e-02
3.502125335074100787e-02
3.458761500505072584e-02
3.444975427190276329e-02
3.431622645293284923e-02
3.285830159172115073e-02
3.234678312710274201e-02
3.430146743488095284e-02
3.026585943448657084e-02
3.368242601505889305e-02
3.218686894319586211e-02
2.816817635954787374e-02
3.483062059968758395e-02
3.426981538500513402e-02
3.324831392601591828e-02
3.419689659941408527e-02
2.862562843736691717e-02
3.480717985265565501e-02
3.201728248233101648e-02
3.351282578288609232e-02
3.318350122959205784e-02
3.078865935061756223e-02
3.503625336843901872e-02
3.123268868644181462e-02
3.282410265461789545e-02
3.365460094190671214e-02
2.849780890916845874e-02
3.419867025597640026e-02
3.462527399374800557e-02
3.474489952256980263e-02
3.237606711672345872e-02
3.382562163187528143e-02
3.433679972501253036e-02
3.481100513499639504e-02
3.422192990452101874e-02
3.438482847950772442e-02
2.858561055554231442e-02
3.478883511889058200e-02
3.090130684101577430e-02
3.278866214576765803e-02
3.472309825968070141e-02
3.164482218846814687e-02
3.391828815039478473e-02
3.469921210491513919e-02
3.257414800931506677e-02
3.354851923520617285e-02
3.458930937487957741e-02
3.208246455694800658e-02
3.466797508604864408e-02
3.449512434816889156e-02
3.462505674544148759e-02
3.378447405975389811e-02
3.456877716837561398e-02
3.368232436236348604e-02
3.483909338422514629e-02
3.147946502089899595e-02
2.993631879177458682e-02
3.290199787635187528e-02
3.358102690047362615e-02
3.361233644072771087e-02
3.480080749970708431e-02
3.208456632210215237e-02
3.354076523350735944e-02
3.476608496111781993e-02
3.497394521473173867e-02
3.214979706803209464e-02
3.386282729256201440e-02
3.063197459230058636e-02
2.679685874753612654e-02
3.365652341569532607e-02
3.379820698349556701e-02
3.245447317075782906e-02
3.478814480932959641e-02
3.085133208195179819e-02
3.184336270868919766e-02
2.991912411370321878e-02
3.437174294515338985e-02
3.399028097893146139e-02
3.001363107812782954e-02
3.464307543946353041e-02
3.259397399121298500e-02
3.446520883575262401e-02
3.038990155242216745e-02
3.213295825746521894e-02
3.408002850904984921e-02
3.021919302552889680e-02
3.238010735578399080e-02
3.304024038004714503e-02
2.643954514678786491e-02
2.960139516162573620e-02
3.345932257877841376e-02
3.467312026532012176e-02
2.846510659665086804e-02
3.358156914189383557e-02
3.217641165720623586e-02
3.446407411821317268e-02
3.472008340896087786e-02
3.258229683490319883e-02
3.504040319973589224e-02
3.295614740705906515e-02
3.407587091645553068e-02
3.425255455246534186e-02
3.432534673446214352e-02
3.160002552762219280e-02
3.412424943054155613e-02
2.858351320869107273e-02
3.153969950434252351e-02
3.410337553000195032e-02
3.490840084511642738e-02
3.149928153708367318e-02
3.260691388187628853e-02
3.259779601411713634e-02
3.335692963960030372e-02
3.410270578780517231e-02
3.289995733924158672e-02
3.155188078809151309e-02
3.337204632285653561e-02
3.402090408431032720e-02
3.463653381973414574e-02
3.489011996069543708e-02
3.231551873125696611e-02
3.300804482441403731e-02
3.407117870223826117e-02
3.465731375917881912e-02
3.455944459105655953e-02
3.439303336095832914e-02
3.356011424463548054e-02
3.271945033998415603e-02
3.386282729256201440e-02
3.384411135357566491e-02
2.923326038847478409e-02
3.145248414796620456e-02
3.468927921255629543e-02
3.501258578953306971e-02
3.499029152982443408e-02
3.443756664779052540e-02
3.403268594206565467e-02
3.469573817945661304e-02
3.088292383117696716e-02
3.251810150866407678e-02
3.386125830869388120e-02
3.083832950305217743e-02
3.276583832618620851e-02
3.349041618772068130e-02
3.365079079404033335e-02
3.395851969109489610e-02
3.386101703554774550e-02
3.431407094600080754e-02
3.406370822284728039e-02
3.203226824722803928e-02
3.455751852182044337e-02
3.217289678868603259e-02
3.067635560733174976e-02
3.462634565966551253e-02
3.196240207802701627e-02
2.780426670390044944e-02
3.439095861321309067e-02
3.268272889912830770e-02
3.460904947787279973e-02
3.083769088794074964e-02
3.119669071338313990e-02
3.265502022983030744e-02
3.486065568348609145e-02
3.471949704820118110e-02
3.290281024811475552e-02
3.253882189405445796e-02
3.194753502340359763e-02
2.869928285763612141e-02
3.308640570705496942e-02
3.389652030801407895e-02
3.488383085101689346e-02
3.476864316295384671e-02
3.433982504486197268e-02
3.484360805097130864e-02
3.292436762299537356e-02
3.409059301354143423e-02
3.426305862982334527e-02
3.490318905403094057e-02
2.802131440629920811e-02
3.162734174464708337e-02
3.302586847202457210e-02
3.175793327463517779e-02
3.429646748256454797e-02
3.354749331817279828e-02
3.422300535925607706e-02
3.042909633197814559e-02
3.398380803740302936e-02
3.460904947787279973e-02
3.500475279265959083e-02
3.260941457445712399e-02
3.280229498495883939e-02
3.353963280028635779e-02
3.420036584214321967e-02
3.425765160000307508e-02
3.011258544551214875e-02
3.488946712698186292e-02
3.264646010815164257e-02
3.330626878333804025e-02
2.750223584786383804e-02
3.351505546596800222e-02
2.934343935641662432e-02
3.384367203994869538e-02
3.366220479116781988e-02
2.810536572807459041e-02
3.479993558040173768e-02
3.402706920763327175e-02
2.841031668314295336e-02
3.498400216328839685e-02
3.434303120285434746e-02
3.483238447347211664e-02
3.115617528214285892e-02
3.363301969687956805e-02
3.370790742406179485e-02
3.068334745049954015e-02
3.047324418013671807e-02
3.369654492330814710e-02
3.279964454471624713e-02
3.304024038004714503e-02
3.398442002268605572e-02
3.434420799800425028e-02
3.048056758847220507e-02
3.283681060292324705e-02
3.487428141477585952e-02
3.212182987096253578e-02
3.498457745345543574e-02
3.071997411571786296e-02
3.233815038419371457e-02
3.265985024558723526e-02
3.319977920933745580e-02
3.356557874988361223e-02
3.184402796625548232e-02
3.106022417992348669e-02
3.407040976812917427e-02
3.436081082041074486e-02
2.645891872376369275e-02
3.186428044941078119e-02
3.396528383230892206e-02
3.308851968267061128e-02
2.947285069231659130e-02
3.293331186745996481e-02
3.500618778892153338e-02
3.037820109646273414e-02
3.036685118440157066e-02
3.362743232114281250e-02
3.164482218846814687e-02
3.372130289257989355e-02
3.452029379698369482e-02
3.054989388367256031e-02
2.845054494240100221e-02
3.414316623345822060e-02
3.489029266959646491e-02
3.109446520347920739e-02
3.359577687204187701e-02
3.115570613084451407e-02
3.192672029846432835e-02
3.144645690695224705e-02
3.420667095112892020e-02
3.322326743935660742e-02
3.274894516022604229e-02
2.902145086516084299e-02
3.394098466290190741e-02
3.408191702441056709e-02
3.198999900227730842e-02
3.101557326056708988e-02
3.423205412357480104e-02
3.470979610395540094e-02
2.833543409082252967e-02
3.470880461473139361e-02
3.289437125968756870e-02
3.375170606890724734e-02
3.366520496206221874e-02
3.457941365132042449e-02
3.124902543965140875e-02
3.421121122165086958e-02
3.427240106681298665e-02
3.406008242832353483e-02
2.700799193889075883e-02
3.233042057444455997e-02
3.432647366960706742e-02
3.453075725461524775e-02
3.415264586350877374e-02
2.950900458837146106e-02
3.290258663886953122e-02
3.422358765315029749e-02
3.488348791625847656e-02
3.421705660365163132e-02
3.413084097224418356e-02
3.067502380782846649e-02
2.975330757943167245e-02
3.390812823917151164e-02
3.359414384416399557e-02
3.439463036586445227e-02
2.660872021479512850e-02
3.458761500505072584e-02
3.403083492974928043e-02
3.359582849810158200e-02
3.434380629526744000e-02
3.187479698842555359e-02
3.205613346313185980e-02
3.397641089704591527e-02
3.122770194589519210e-02
3.429291629459980256e-02
3.469279531118535376e-02
3.327794545024910511e-02
2.947616017367423596e-02
3.300084050393408547e-02
3.403402708975535040e-02
3.439089856713575810e-02
3.419835736699997075e-02
3.265437264290252384e-02
3.436664361545979651e-02
3.463730976692261376e-02
3.383700192111647326e-02
3.486740153308454798e-02
2.783180707232912193e-02
3.433933566620722688e-02
3.356011424463548054e-02
3.448476855645835754e-02
3.388475842229625445e-02
3.450497921442638449e-02
3.238042928843081619e-02
3.307041433025396937e-02
3.495227627805102405e-02
3.243810529124213637e-02
3.380382166631253071e-02
3.411455299679650582e-02
3.326442324606180417e-02
3.069922606534155468e-02
2.894519853138965634e-02
3.328689492432720942e-02
3.263306190565832404e-02
3.389899501562818745e-02
3.436266338390733810e-02
3.395684382111790328e-02
3.427046887276750248e-02
2.653060612764825826e-02
3.258804872275415654e-02
3.379760722683154001e-02
3.494662611855432061e-02
3.399748260437221448e-02
3.163944608165938921e-02
3.384788970566764144e-02
3.095781662858573466e-02
3.461166076832428162e-02
2.746753971711042575e-02
3.468008631255853347e-02
3.195176428619114772e-02
3.226501959268701647e-02
3.474158392270871448e-02
3.193228834177364028e-02
3.496826592337633210e-02
3.271257467524719270e-02
3.411202959632660126e-02
2.922242241379654354e-02
2.758183563250270892e-02
3.446114738976325392e-02
3.326548128470666055e-02
3.387298639725613847e-02
2.878239737614114377e-02
3.458930937487957741e-02
3.190893912638529534e-02
3.280037551421965958e-02
3.029720383229950881e-02
3.152832123925528029e-02
3.291382482580205299e-02
3.437157383626894547e-02
3.480893664643042174e-02
3.083503906374231857e-02
3.319139594870802040e-02
3.057581965318880574e-02
3.394355894271906815e-02
3.394974847634801840e-02
3.283052285808696347e-02
3.281587671551101232e-02
2.777775340713242724e-02
3.230952404852015930e-02
3.482378440308504797e-02
3.347895953925292961e-02
3.363802577290031515e-02
3.474736006128946453e-02
3.433679972501253036e-02
2.788234179798253914e-02
3.451242571652205632e-02
3.378447405975389811e-02
3.171474115322895498e-02
3.297541956516582967e-02
3.351657751212651359e-02
3.479437282268665194e-02
2.836858750205976942e-02
3.228301956039827253e-02
2.981561643557378849e-02
3.430707172883008804e-02
3.492948155170589458e-02
3.480935563459915116e-02
3.322275689935863530e-02
3.380232458055596606e-02
3.456971133001682933e-02
3.213617147686667619e-02
3.414346406796480576e-02
3.476625799878720058e-02
3.341421224013251673e-02
3.484841725526480194e-02
3.436357530181773090e-02
2.924587662687551382e-02
3.468035316713759947e-02
3.327908065124365877e-02
3.234253531647088981e-02
3.173326487839862875e-02
2.932312948434189978e-02
3.284049259135599780e-02
3.495275335108321418e-02
3.348125465708289006e-02
3.257620745758000452e-02
3.386555028316606819e-02
3.244498912643838801e-02
3.164447660647810162e-02
3.167055905104500246e-02
2.844992712511526176e-02
2.902766772584067581e-02
3.375986587461882182e-02
3.413615332817442755e-02
3.491759343058280923e-02
3.378852072305505577e-02
3.063584023014493535e-02
3.087922334620698747e-02
3.453620788624801180e-02
3.453324824503176821e-02
3.239827058466372700e-02
3.326330236674326923e-02
3.423310578316658692e-02
3.496257340904088823e-02
3.321972428659120818e-02
3.458761500505072584e-02
3.440634608082795282e-02
3.250451357859758528e-02
3.489097544852430566e-02
3.294185930603300838e-02
3.204417584260634000e-02
3.355612526133702755e-02
3.447629782964094225e-02
3.144199945298672277e-02
3.295687492881316932e-02
3.162405142082597154e-02
2.867736659043893660e-02
3.178173231052072722e-02
3.467670304667001824e-02
