4.749238307443914972e-04
7.012147932570558795e-04
1.185344845612130733e-03
7.737046396913822800e-04
6.941496293860166360e-04
5.354865106262928246e-04
3.663850212689270455e-04
2.770144369374022354e-04
1.095366875093701023e-03
1.043610432416429423e-03
8.325956760885697789e-04
2.193359518745135149e-03
1.209095646341754732e-03
6.999083001877968828e-04
6.193948745767248422e-04
7.802120971909147842e-04
7.470673733538484018e-04
6.602423883495432905e-04
4.346207821256365907e-04
8.707541925058123484e-04
6.989143768586115069e-04
8.671786861467291937e-04
1.176221751921863829e-03
4.819063484984279682e-04
1.430252396884171490e-03
1.206334540478268789e-03
1.546011774449381057e-03
3.797474793425116742e-03
7.048530245492571266e-04
1.209135179944736483e-03
1.613826890464949019e-03
1.499804995183203621e-03
5.311114495041244785e-04
1.368509494017741170e-03
4.636751253399251063e-04
4.317294116044726186e-04
1.292933034944840440e-03
1.419841897911957055e-03
6.132181549270904804e-04
7.217702605932532984e-04
1.156584701451312397e-03
1.550135988834627256e-03
7.673850179700321319e-04
5.211356690290985501e-04
1.051759759378350333e-03
2.928874019000241957e-04
1.122575809560236344e-03
5.824556882217746603e-04
1.023422656864536682e-03
4.559774911686173223e-04
9.286942330738761535e-04
4.014933166859209219e-04
8.775885882643154074e-04
5.360023909248396411e-04
1.256197943001547638e-03
4.858444252335669244e-04
1.707782257117883328e-03
5.434912081581895829e-04
1.304431640753790514e-03
7.788463053046119173e-04
2.676589124263982619e-04
2.415473287732744761e-03
2.016990676042980900e-03
2.018604364138432746e-03
4.176776544895252174e-04
4.767936777736900235e-04
3.756844277072585430e-04
7.923652172088788744e-04
5.873029801040644720e-04
7.474627351087526420e-03
2.302086198985325242e-03
1.548331971448178856e-03
2.990757313118116642e-04
8.135919839127107563e-04
7.793144321374325268e-04
5.849308728549061902e-04
8.130623850814991610e-04
6.207285529135027130e-04
1.881400645341564344e-03
5.463037572972081687e-04
8.341312899023924565e-04
6.001409570842175262e-04
5.010178031462002388e-04
5.762390505365283955e-04
4.945782737372767359e-04
6.805207889066552766e-04
7.997140142530167160e-04
2.067730360591101078e-03
1.237412014090374501e-03
6.123996640896698816e-04
7.169342441618043989e-04
5.344942365515996472e-04
7.527064909800394070e-04
6.557349347004358051e-04
6.001409570842175262e-04
2.896128078060951458e-04
9.997352296275952271e-04
9.952091362502610110e-04
7.748862891095322338e-04
6.506034112543372574e-04
1.185344845612130733e-03
3.213293219595990901e-04
5.757885817121148218e-04
2.518911150245058562e-03
3.414313104496298208e-04
6.365217775221550852e-04
4.793667831673750312e-04
7.382721592488555255e-04
7.887199648443407162e-04
1.001909525690808638e-03
8.679546371756888300e-04
4.337781190310074962e-04
8.843220073249065177e-04
6.452142274161773265e-04
3.423500682258609419e-04
4.242686659631692112e-04
4.356466914973188063e-04
3.639317122174008960e-04
3.059546159570878982e-04
4.586521031855532405e-04
3.878100069109114475e-04
8.260616423967652357e-04
5.249687050219833994e-04
7.548898416535574111e-04
9.751028139707994431e-04
7.399766968464386706e-04
5.597781233681537252e-04
5.476110161385923467e-04
7.342234042612061015e-04
4.222274794731129140e-04
1.811955932420583745e-03
7.702071380989963974e-04
1.634533494327532329e-03
4.163888475892986180e-04
4.642398893504478033e-04
6.596418170102576065e-04
3.086305576841443660e-04
7.945755536949304556e-04
1.363061999423672774e-03
1.032373694530926535e-03
2.158254543307156718e-03
2.544070090707753863e-04
1.022624747839279407e-03
1.174868222076624153e-03
1.223309332446532657e-03
2.135442012616147963e-04
1.011275068125715637e-03
3.229546695471895265e-04
3.484773830435748633e-04
2.264437359929123619e-03
3.623628315297740439e-04
4.041224854348445341e-04
5.067480156006827540e-04
1.147124249455605495e-03
3.290260274977192746e-04
5.245179505940035297e-04
9.452782922747324365e-04
1.925822188668960006e-03
3.141348250508918484e-04
1.349340293023180678e-03
3.891552305959690471e-04
7.524978168070984956e-04
5.612680723993845227e-04
4.675459457206097174e-04
1.837492677041070374e-03
5.548397086589379598e-04
1.109354097090923521e-03
1.225521749397089338e-03
1.047077710543701124e-03
6.019774578055921144e-04
5.903416780139937765e-04
8.251427240216557346e-04
5.892021052456167338e-04
6.500960037664210581e-04
5.050997366680852127e-04
4.945782737372767359e-04
8.938814917671912205e-04
6.582021300175322064e-04
5.066194543124906587e-04
6.849116052293889199e-04
4.077203606454804508e-03
1.376856177806423101e-03
4.853960296075689185e-04
6.597802203051576905e-04
5.060680724901160492e-04
8.135919839127107563e-04
1.824037918987400425e-03
1.431123419913033455e-03
1.037884355127150762e-03
8.394854117526766085e-04
8.152901940485826312e-04
3.640115336511340468e-04
5.984697628122661716e-04
4.596895086068762291e-04
1.386434645951134135e-03
8.240269018088419587e-04
7.865536302118566071e-04
5.201582692213425419e-04
6.126259020022842760e-04
3.903453588396061996e-04
1.061191644139980027e-03
3.478896663397970223e-04
9.539852496731133146e-04
9.853327322292195368e-04
2.900258165508187193e-03
3.148687826303150960e-04
6.431349928419902206e-04
1.435908923554350030e-03
2.740598448430234474e-04
1.666701574695814494e-02
5.825929297171771005e-04
4.356529888624935398e-04
1.250637750975403363e-03
8.329276465841888759e-04
2.722877874597488465e-04
1.728195524565897742e-03
1.681983291435741384e-03
8.900431658537080216e-04
2.389712931539235668e-04
7.511388011583001187e-04
6.531102505209795440e-04
3.418471152155158014e-03
9.732825800766374503e-04
3.864424823050368078e-04
4.080065770781120585e-04
1.071904505887656027e-03
7.909875229389351503e-04
5.563670214968430804e-03
4.276914378172527297e-04
9.898745013158789623e-04
7.069767469101859375e-04
4.673124076607355730e-04
4.754322756420777639e-04
4.886396776487048586e-04
1.003978984776486257e-03
1.375426983632182772e-03
7.887930455239210940e-04
6.128124197080056686e-04
5.406476221069696740e-04
1.141828445976182530e-03
3.174286900463297798e-04
4.559153249636521666e-04
5.768064180799936051e-04
1.315978494858602429e-03
3.085423555263481902e-04
1.450485252530288186e-03
8.234041392723275227e-04
6.193331102602668602e-04
4.276619312956584534e-04
9.935731542378995612e-04
2.995806489771256484e-04
1.452246442244107790e-03
3.780481009425719786e-04
4.870498560263460857e-04
1.045579314315266779e-03
9.209621438646154205e-04
1.374953639959847424e-03
8.094386220271955912e-04
2.663667241454302287e-04
1.469710529216256912e-03
5.186157955609040950e-03
5.371684273594811571e-03
8.614050634339956696e-04
1.070096574257370587e-03
1.011275068125715637e-03
2.767911310687037147e-04
5.245179505940035297e-04
8.563331531154300862e-04
4.753152732893433296e-04
1.387570873696102741e-03
5.375254302909283910e-04
5.646907895173169370e-04
1.080167756544466763e-03
6.130437196488424355e-04
1.704166048994648413e-03
4.338189575650650952e-04
3.431828475912813764e-04
3.469437197096484336e-04
5.277818643082204334e-04
2.357685517304833507e-03
1.634533494327532329e-03
5.001045517637806286e-04
5.763556196693379440e-04
1.651934144169931069e-03
1.548832563198091015e-03
5.294147191709473732e-04
1.000695422397211189e-03
5.664779956529384774e-04
9.390457081801457159e-04
5.197151517267106433e-04
7.695911046369372692e-04
6.273033350287430913e-04
2.431888643417787470e-03
5.762390505365283955e-04
3.714590001932340825e-04
8.845034218499804287e-04
8.402833180055568289e-04
7.756562740910570358e-04
3.569306904620532950e-03
2.612232290148742628e-03
4.461309496477089799e-04
6.378557810484028175e-04
4.096119102248338656e-04
2.867057017128703733e-04
8.254312655375891554e-04
5.268902017312647413e-04
7.361835965617115514e-04
3.765094336223966933e-04
3.731492098035290705e-04
9.963625108023580791e-04
1.265251651037759949e-03
1.028702688197772903e-03
3.559786245068394294e-04
6.372232729885247103e-04
4.583449373642751361e-04
7.602793914143971942e-04
1.144026862532096338e-03
1.495697089841762544e-03
7.560857595115777442e-04
1.809894505007193441e-03
3.592417681935043032e-04
1.141435283113412377e-03
8.595352665870000094e-04
6.760560032008136036e-04
1.581197499739784825e-03
4.537148063638843723e-03
4.778457900217662302e-04
8.755227683868897033e-04
1.087879407771286935e-03
4.035743527008583964e-04
8.200246747128485609e-04
6.616441099411250748e-04
3.799766633072564743e-04
3.342615807191002793e-04
4.259859390553535864e-04
5.082446379047315683e-04
7.517014108373731461e-04
3.897337482290225944e-04
3.392689226275362110e-04
1.567983759148681858e-03
7.424462235799228179e-04
8.238043933630110303e-04
1.317520731246186625e-03
6.621097519019395004e-04
6.531102505209795440e-04
8.404060853292314500e-04
9.913999656541677523e-04
7.644317413414919785e-04
6.448907208917973883e-04
1.440953415239501012e-03
6.282440936539668763e-04
1.137893996328635544e-03
3.268437603070862250e-04
4.193700748320699210e-04
5.955593132823832790e-04
9.770926693652569502e-04
9.303861004970687349e-04
7.750154075890132053e-04
8.852582621241162361e-04
9.069632507560880909e-04
4.645783099955176415e-04
1.282445875005050299e-03
1.259159447659697869e-03
1.792528074417469412e-03
5.364955392648854647e-04
1.370848849362928546e-03
3.353839010016454957e-04
1.137500488418979796e-03
8.306461655783216585e-04
6.852584208472877955e-04
5.267910867117186211e-04
5.361123548135462123e-04
3.985631989157235725e-04
2.938772876617759154e-04
1.349532781515575637e-03
6.908789785672099244e-04
8.712322898878560118e-04
5.146888472264377849e-04
4.257183110164095723e-04
1.217336079756841175e-03
2.534022567019065955e-04
6.264381592702196206e-04
2.098757996240601872e-03
2.900258165508187193e-03
8.166696508474568855e-04
8.125863790921355198e-04
8.047216902423797412e-04
1.402242896721747579e-03
5.976633033073619873e-04
6.405019345629932087e-04
6.200228096935392341e-04
1.499804995183203621e-03
4.828315600758607698e-04
5.572142383347618603e-04
1.027248919555503060e-03
7.801063112707126842e-04
2.736459314613324655e-03
3.509631433080607110e-04
6.372856122860913160e-04
7.782347839782987730e-04
5.548026928398570650e-04
1.603935145484683021e-03
4.769820953481101935e-04
1.880864876531189315e-03
8.520200305732908517e-04
1.502066256405144547e-03
9.109946726761076726e-04
5.934883990394917508e-04
7.449388723811007371e-04
8.854493641761514329e-04
2.553684260031571329e-04
1.439669395614971096e-03
1.020495527557926550e-03
7.877407798017412900e-04
1.010941620805554325e-03
1.024770120187839216e-03
1.439870347838405427e-03
7.803345588187337320e-04
8.162113101348936325e-04
4.345774738874665609e-03
8.684970445323219462e-03
5.971933055372511930e-04
6.019531372098823599e-04
1.075621277946388690e-03
5.028398813709716907e-04
6.543396627022918981e-04
7.390341677991983226e-04
2.991733182271237058e-04
9.524699430543819316e-04
5.698272707948895139e-04
7.805120800189558955e-04
1.283770049419704707e-03
1.062354586648893255e-03
5.346522039974285854e-04
4.153100421601471246e-04
1.211106985602543578e-03
3.469413579769787051e-04
1.314692450154889176e-03
6.320054575001487042e-04
1.348307833658819255e-03
1.065985211103378898e-03
9.028154186454913832e-04
5.203846068745605164e-04
8.869594734781508817e-04
2.474215707921406052e-03
8.249397274552781011e-04
3.653140476394917363e-04
5.132741997763986359e-04
4.539835168960237389e-04
6.858750930722213104e-03
3.821216439832726556e-04
1.223953353506514055e-03
4.473698343711307048e-04
6.153243213468869181e-04
4.875793962865202294e-03
7.420808517750368928e-04
3.602013593188960238e-04
7.111509946440053081e-04
2.283185357972167609e-03
4.984304166281845446e-04
6.880340715345613888e-04
9.742506565589424856e-04
1.003978984776486257e-03
3.517676043078113196e-04
3.947173434518877477e-04
5.949240698985124726e-04
5.276366133319056097e-04
6.533104042557554350e-04
2.018604364138432746e-03
1.388545629972784152e-03
2.579452057171466653e-03
1.002642460450401535e-03
6.102419927546826875e-04
6.739909410786198334e-04
2.292336751490955254e-03
4.764086656497605143e-04
7.940771662579597856e-04
1.055521196125531851e-03
4.995518698585372933e-04
7.120681058558383635e-04
1.702266903554341395e-03
2.676589124263982619e-04
8.989244393869257705e-04
4.198334886147979720e-04
5.326957485943359556e-04
4.089476853838234800e-04
7.138846645996031314e-04
6.849300420701509009e-04
6.707126980319103341e-04
5.964019327543571350e-04
7.198459424082542888e-04
3.264708441256373734e-03
9.988606031495373284e-04
9.917271916508902264e-04
5.473280118880930779e-04
2.875017313809128208e-04
1.761291006439325317e-03
6.870586620279664578e-04
9.988634594758542904e-04
5.392849491582329220e-04
8.707701546043047133e-04
1.097200059030244666e-03
3.867910863318270399e-04
3.417482357931341040e-04
7.100811199948216896e-04
8.264086115953545942e-04
6.691436000135038073e-04
8.707497568142658594e-04
4.117164711945943151e-04
2.349481896491668008e-04
2.352031805377795682e-04
6.807630284403949237e-04
5.379400634179694329e-04
1.346086500671521847e-03
1.008116594865706046e-03
7.559472805536822599e-04
6.616396778353542509e-04
7.657919041629631827e-04
4.983084178810821005e-04
1.064538283134656418e-03
8.413498102854684128e-04
5.085700330250430591e-04
5.741444368547803882e-04
6.179120120888214555e-04
2.205523293095850573e-03
6.783491053978577250e-04
1.148399130996926448e-03
8.093774296758338800e-04
8.121127295715395000e-04
5.457306485905775344e-04
1.358797943175034731e-03
6.399892374046070283e-04
7.871567061359128819e-04
6.673392707241418637e-04
3.808979081275726481e-04
4.151976174044461065e-04
1.769869766477400082e-03
1.204219249907241898e-03
1.525188625834368508e-03
9.702035341379737542e-04
3.407751831393643805e-04
4.132349919456172879e-04
9.219928746121684466e-04
8.456468755641893213e-04
2.349992018010259049e-03
8.455435681035656332e-04
1.760255911724286195e-03
1.758976644593473202e-03
1.587815936082947934e-03
8.084646454048660018e-04
9.410461544487666715e-04
8.827266957283066897e-04
4.713367011223601358e-04
1.010877275617099542e-03
1.143034877516030563e-03
1.094810121537634221e-03
1.511503429092043559e-03
4.820136651884567199e-04
5.456197799435324016e-04
6.157295693870932195e-04
7.619956724747844199e-04
1.275728784535818967e-03
3.939706745924684284e-03
1.738268120738808552e-03
8.139212958914978291e-04
1.366327287676262665e-03
1.493387000123073960e-03
1.945799829728139287e-03
2.754089122147391740e-04
6.945685740172529007e-04
8.960241964661448243e-04
5.024649799798305665e-04
3.559786245068394294e-04
1.026421311635642656e-03
4.631476925143579405e-04
1.992792267103459750e-03
4.390041994716829864e-04
4.442182336656450687e-04
1.300088135684103084e-03
5.859160576900571777e-04
1.718359241991787969e-03
6.361995440479549600e-04
5.477410136270833207e-04
1.074731362734223077e-03
2.431888643417787470e-03
9.166164347055031497e-03
9.637680874187390693e-04
4.978051406472869299e-04
1.484313968415258266e-03
1.288254679924055821e-03
2.781975204869812529e-04
9.253716859741504489e-04
9.733746667973605399e-04
1.746631287336642552e-03
4.468039845672367241e-04
5.587660176746038964e-04
2.770087705075966649e-04
4.834911842973006833e-04
7.258008680676984216e-04
2.566535361742214197e-04
3.316376808519354009e-04
5.327144406814773078e-04
4.187469697968646183e-04
3.786917694271505841e-04
5.069066429669884634e-04
3.270228641725668938e-04
5.684373851280119256e-04
8.590090981088242209e-04
2.503407608862819565e-03
7.474627351087526420e-03
1.087648941958425626e-03
5.002306704082114209e-04
4.103789283333159608e-04
4.495874409294592215e-04
1.019085512105127921e-03
8.368994555745766506e-04
9.750282255355977555e-04
1.378816446897309896e-03
7.508927502936631020e-04
1.090131321282672601e-03
2.193359518745135149e-03
9.742506565589424856e-04
7.162112690066152866e-04
1.711869118637618153e-03
6.905571200735474138e-04
8.208713339440021524e-04
1.157776274404297796e-03
6.690052057949808515e-04
1.481551684618772052e-03
4.717848988441149098e-04
6.132281210762388288e-04
5.194069944582438685e-04
1.232426274841564662e-03
1.302821358971459776e-03
1.136165482347779735e-03
4.495824881390806087e-04
5.289340704386976278e-04
9.270859347686720778e-03
1.011537072072819354e-03
1.364154839909305535e-03
7.974512101389224497e-04
6.870791540096366943e-04
6.471227244372343510e-04
5.912094624826137127e-04
8.497399007028533019e-04
2.651507909428472086e-04
1.056580043469105808e-03
3.708091118316210509e-04
3.899763346286091049e-04
7.390341677991983226e-04
4.209302521607420178e-04
5.328539127776243337e-04
1.254873673912729757e-03
1.167054444738838039e-03
1.009406315538214282e-03
5.602980498342059702e-04
5.994711843732858109e-04
7.121811811633931965e-04
8.730844743859121626e-04
1.297618190443241854e-03
5.926963785941255372e-04
4.878979943845095156e-04
8.501278401902566699e-04
8.784649536138954473e-04
5.008998288442150122e-04
3.968085205316976196e-04
4.778457900217662302e-04
5.700288096632374815e-04
7.862692650975025739e-04
9.552619359488375306e-04
5.051885011083122367e-04
6.884459432538891531e-04
5.893739733558628390e-04
8.097117447369279021e-04
1.346323946357271158e-03
6.848920970265669986e-04
4.749134918512825602e-04
5.125104719711579947e-04
5.587513071378908541e-03
8.156848631058172911e-04
6.183076655385823760e-04
3.755213016677257641e-04
9.097674082789930982e-04
8.337447679381170462e-04
1.327611976405145130e-03
5.852174726510022849e-04
2.384535694572200663e-03
1.117080755593663922e-03
5.877099017826366897e-04
1.318356301646640737e-03
4.247017951305939471e-04
1.403140671222040392e-03
6.060614260011087072e-04
1.513003181239137808e-03
4.429522641894095359e-04
1.812852550281585486e-03
7.270899738882066147e-04
9.688694220976560049e-04
9.770926693652569502e-04
4.515530638915313255e-04
8.033550434747351596e-04
5.007307072772105520e-04
3.607166021535276900e-04
5.949852160149193001e-04
1.116416537836935645e-03
1.499337278622038527e-03
5.428978457208587715e-04
1.507647401453789896e-03
1.073611090805073019e-03
9.189283019193942789e-04
2.867782659491624649e-03
3.224108039049734852e-04
8.342048334729034982e-04
7.168093254118736634e-04
3.619831624978168180e-04
2.115160533921936221e-03
3.121001201957138930e-04
4.096119102248338656e-04
2.262082182888304656e-04
2.146951833788849566e-04
1.017756271614193679e-03
8.713337348008830772e-04
8.843220073249065177e-04
6.405600804550839805e-04
8.756154504075927851e-04
4.894569131733565769e-04
1.336560701417109816e-03
7.390341677991983226e-04
3.064153205090876806e-04
1.227964095349539471e-03
1.433216204570271490e-03
1.041099836363514877e-03
1.400422334724278368e-03
7.262140654017854241e-04
3.044906118387177450e-04
4.387942381935337993e-04
1.064538283134656418e-03
9.498798114101682667e-04
1.131717194323927358e-03
6.032651695163353950e-04
5.455066931182539448e-04
4.328283983901709607e-04
9.913673332328906598e-04
3.271929699941445975e-04
1.301344765274111727e-03
4.993881850153891007e-04
2.447289611988525456e-03
7.646868293243294689e-04
8.851028650008185015e-04
1.506725318267010828e-03
5.103654020677091986e-03
5.084975692697392110e-04
4.425602568546712582e-04
8.659143886049315087e-04
8.954461114721950186e-04
1.224218666425930507e-03
6.267882858446853543e-04
4.385248613904372552e-04
6.474617255106814798e-04
5.767940271365137872e-04
1.258256516219981823e-03
7.599889370486116258e-04
8.729224454941228624e-04
7.822768755012763156e-03
8.251427240216557346e-04
4.406343271100050135e-04
4.579937499535851990e-04
1.022903003406190397e-03
9.397846779707843710e-04
1.398515698684324937e-03
6.603458993070461568e-04
9.401678414646947972e-04
3.858904794265480558e-04
3.607166021535276900e-04
4.096691726117298519e-04
4.853577289827256465e-04
1.371340866100694391e-03
1.048122094462537691e-03
4.870407801331727961e-04
3.203179556927373802e-04
8.934167763893321231e-04
8.729224454941228624e-04
4.842302228326150347e-04
3.394524847109748125e-03
7.005062495462480773e-04
2.273731710584130788e-03
1.209777323700042886e-03
3.218170639434658233e-04
4.208975321582125078e-04
6.239832793158076171e-04
3.886238152365629312e-04
4.546114918493718337e-04
8.220759645253349459e-04
6.281915097776989525e-04
1.044802707235946947e-03
7.668173742871536120e-04
4.414025930779239839e-04
3.890677960927441288e-04
6.795232411311206240e-04
6.899731420139153595e-04
3.903687221486278839e-04
6.711148669937561919e-04
4.749956962083781947e-04
1.455091171754102630e-03
4.143727597944671793e-04
1.233610635428330181e-03
6.666384423026394971e-04
1.435908923554350030e-03
5.437466300787565385e-04
1.106285983252614348e-03
6.278765279249615356e-04
5.138099942404238769e-04
6.698876803534723227e-04
7.822055520679087586e-04
5.175588644976239798e-04
4.888992240502771335e-04
4.449078916753252387e-04
6.541437003247771616e-04
3.619831624978168180e-04
5.544877579638635406e-04
3.328271402940674909e-04
5.709540470880506173e-04
1.316601906473380225e-03
6.880793937462298176e-04
1.573404044177399838e-03
1.325548825050128872e-03
9.306006963724416589e-04
4.818345877540367874e-04
8.895802561603459229e-04
1.514106123109638241e-03
9.103759884404867379e-04
6.998709409822888392e-04
5.269216340457312476e-04
3.492626383043280990e-04
5.371684273594811571e-03
1.898056840061325369e-03
6.458852516819122390e-03
4.271617112988559278e-04
5.778300414379163464e-04
2.103154840188508051e-03
7.360685095826098199e-04
2.942023682513483329e-04
3.474608284858878688e-04
3.885320229101137200e-04
5.040921196433604699e-04
3.841994761215806369e-04
6.543396627022918981e-04
7.132928663084974049e-04
8.061148943655910542e-04
2.821605852341623421e-04
1.091237960073105327e-03
1.134913896022149687e-03
4.605250373818876647e-04
2.144475751189592588e-03
4.856856875694959903e-04
4.290188709853639962e-04
4.541404966562979689e-04
9.343779869644734887e-04
5.060780270862658223e-04
5.607177526861978388e-04
3.402354910929837541e-04
1.259768162927004222e-03
1.928594908887158298e-03
1.265251651037759949e-03
8.957746294452298853e-04
4.992428968570721166e-04
1.356224194075352418e-03
1.646740292903166617e-03
5.963047312913825676e-04
2.683491271836034673e-04
7.258114082921469793e-04
1.253540906930912784e-03
1.276528742021980183e-03
7.065273492240858270e-04
5.317620431037190214e-04
1.036632551457818000e-03
1.314479049214246952e-03
8.518257733356009165e-04
4.937965244669133801e-04
7.983392039690537928e-04
3.581733086316194348e-04
1.299158822737077595e-03
4.324214037752089051e-04
5.400786099055142645e-04
1.283770049419704707e-03
1.146464743005710159e-03
1.003978984776486257e-03
1.087962305914962242e-03
6.585558033286853779e-04
3.790615046225285860e-04
6.153259374403565775e-04
4.559153249636521666e-04
1.602618227793987113e-03
2.743798379923815915e-04
2.628379841438931250e-03
1.075185028679379821e-03
8.200090114994390035e-04
7.255956448606947851e-04
5.078022578048471463e-04
1.235415630552969338e-03
3.915359391006268904e-04
4.425602568546712582e-04
4.603762766837949869e-04
4.710184451519332412e-04
8.812542295023420872e-04
5.418960794417672280e-04
1.672340516005364113e-03
7.654451180697262108e-04
1.741872699601339095e-03
6.374795801166640566e-04
1.678984041439278126e-03
6.132281210762388288e-04
2.419563402454719299e-03
2.240120559571063489e-03
6.887916362828114996e-04
3.205389060439568609e-04
7.672131076539931297e-04
3.708091118316210509e-04
1.381536634688118517e-03
3.639317122174008960e-04
1.485058108190970283e-02
1.092636443640850746e-03
3.626433407704157956e-04
1.365592518980753012e-03
4.923027361837316145e-04
5.543752204017014101e-04
8.911535614950967261e-04
5.888665667372191756e-04
8.558337794542908959e-04
2.616603800745495633e-04
3.175580360734168994e-03
5.131226105366097374e-04
3.464974218558924761e-04
3.564231726819729680e-04
1.405932393330397044e-03
3.649149984040216577e-04
4.516491889464545502e-04
9.439546223111317663e-04
4.459850825244036313e-04
6.024621006938609162e-04
7.759450273092950148e-04
3.264708441256373734e-03
1.158198394530693962e-03
1.049798833827678569e-03
1.188341820225105594e-03
4.244854964480050457e-04
9.729747394052493071e-04
4.604999084921907208e-04
1.610891967106420266e-03
5.941092598840905931e-04
5.827282991569071677e-04
1.106594998334602294e-03
5.360023909248396411e-04
7.658625134115264752e-04
2.007773338015405619e-03
1.351948716794419128e-03
8.501986175414739380e-04
1.178197262560222881e-03
8.040448398886672560e-04
9.811745523825203888e-04
5.733720897597059055e-04
1.339354547552928411e-03
6.866391524233216416e-04
4.428333540341592551e-04
7.965407382325540670e-04
8.258190183835301471e-04
1.509081153158564614e-03
1.170255095939795207e-03
1.339802046274981640e-03
1.175969206408409478e-03
1.713429403280417778e-03
4.127679718745852315e-04
5.276888156451171007e-04
1.079530001952379433e-03
6.616846965633769138e-04
3.845541606096787731e-04
4.017855755763522483e-04
1.674602618397725033e-03
3.647169668951240882e-04
5.102166628757488342e-04
3.640115336511340468e-04
5.536828029490065486e-04
1.292324016700623600e-03
5.530486553630644840e-04
6.753595517469273852e-04
1.211106985602543578e-03
1.889673086159914190e-03
5.267144584047403402e-04
8.525799133273156971e-04
1.710386484899426539e-03
4.314959694562356678e-04
6.168820908716255661e-04
8.845488946058686344e-04
3.343956765714237167e-03
3.140654041910309418e-04
4.730561126280205899e-04
6.129005058945757867e-04
6.850278527017776217e-04
1.033102279303135893e-03
6.589979440671680068e-04
