8.042963061979449546e-04
4.416401135548223716e-04
8.650939590540271049e-04
9.819079403036166161e-04
7.999647893203568104e-04
2.470439283865275091e-03
5.007031311431281700e-04
4.597313253705279448e-04
2.826301076491442334e-04
7.226872328022188692e-04
2.112147365230396256e-03
5.490814702905112699e-04
5.488354801767214228e-04
3.853595030073564648e-04
1.008235149545449062e-03
1.429298246209764018e-03
6.269764664292580732e-04
1.943623312873521804e-03
2.642127208731237346e-03
1.027400502622497587e-03
5.731965121362689319e-03
9.438853807774499286e-04
1.347015102245666812e-03
4.667576998206390913e-04
4.683097902395181688e-04
4.819629685908445246e-04
7.042059842757438740e-04
5.572557996227589473e-04
3.741638355706032701e-04
8.347598540243648122e-04
1.196280026991917685e-03
1.454429628342049103e-03
2.216612340279564691e-03
4.391336529221077901e-04
3.560783230159769372e-04
7.782966824758541947e-04
3.507526788011417797e-04
6.703747089634403116e-04
5.378848446383489293e-04
1.140728693329632129e-03
4.383631712940062593e-04
3.149014190311235197e-04
6.189135001292434815e-04
6.736751885416988449e-04
9.884616995179398239e-04
3.958731152102367323e-04
1.245469516472273068e-03
9.755835790406370807e-04
1.046678403064705415e-03
2.435122657291034982e-04
6.949744614724847952e-04
9.133087260372502224e-04
5.729113226363740556e-04
5.704780108706691876e-04
4.324380724179948277e-04
1.299612124415166440e-03
2.849396061755858590e-04
5.195570771162332391e-04
3.854398859593874036e-04
1.159082544355553770e-03
2.680664592084423944e-04
1.107676385905214398e-03
6.878569708079233444e-04
2.073587270800980164e-03
1.094765894312271304e-03
9.216600416310766599e-04
4.206519342889774226e-04
5.212701402517452235e-04
7.632221684733069521e-04
6.183198462083661692e-04
3.995959283964727483e-04
7.415607310448233585e-04
1.102457679118898966e-03
1.429298246209764018e-03
5.437345611551150327e-04
4.207322677920603327e-04
6.695846663884694487e-04
3.663729357388298001e-04
5.821778195877198685e-04
6.091831371334567287e-04
7.003875312686961511e-04
3.853595030073564648e-04
7.286790434957516856e-04
6.016252289658347366e-04
6.145521184143418972e-04
4.893419463326382449e-04
7.486246508445056026e-04
2.810001163560921222e-03
4.526637037595059249e-04
1.028490467515584149e-03
3.560254682533815925e-04
7.237366161038070751e-04
4.118674345222661558e-04
2.091923079852031978e-03
4.488885343725814922e-03
3.637752669001068800e-04
3.792026976195895160e-04
6.743866657365190980e-04
7.813279183737028861e-04
8.264247561574688617e-04
3.632368866746766233e-04
4.528548614623701188e-04
7.317922659966045063e-04
7.414565099881046274e-04
4.313095998891427552e-04
9.377166607156437687e-04
2.232486140038934114e-03
1.028866543007703280e-03
6.282982963784700592e-04
4.132411132422580285e-04
1.552949276225462725e-03
3.297984938932992669e-04
1.313703355025932964e-03
5.677879121730550161e-04
1.607727146442563355e-03
7.420790222060817893e-04
2.642127208731237346e-03
2.254708702730324251e-04
6.870483112046325922e-04
7.549185778385951538e-04
7.627214555067076069e-04
1.303046952411728672e-03
3.019616147469476874e-04
4.695092361319467395e-04
5.610378261713700474e-04
6.681082694255185105e-04
4.087593761579281777e-04
1.002782264658528188e-03
7.809265043862995831e-04
5.315407857979893369e-04
6.763620501539509928e-04
7.224362154241233298e-04
9.541788200454611943e-04
1.258198593518531283e-03
6.987102410530394644e-04
7.823482733657128631e-04
2.500525480907196414e-03
6.754569215947285425e-04
1.079722372193303711e-03
5.849078360664820668e-04
1.047753649284894738e-03
7.703625668204032440e-04
4.786848187443593647e-04
3.146286554732717535e-04
6.020961666814762282e-04
8.150457378549180341e-04
1.068851370017480850e-03
5.920459833597214788e-04
6.313511765184095289e-04
4.782349615129127081e-04
5.090927249835141373e-04
5.126421601581464043e-04
3.036937238701728492e-03
2.817173731229495972e-04
4.450532622144835748e-04
5.604694710504033988e-04
7.468662889927404382e-04
4.570166412161447188e-04
4.628976515351831012e-04
3.940595750562564544e-04
5.440078271971886736e-04
4.847413138007777476e-04
6.509828292730133591e-04
5.014061134083391737e-04
1.100247581289711622e-03
9.692532580957673042e-04
4.522912954492046083e-04
4.718240662565243836e-04
9.524384228211425774e-04
7.285412381141944619e-04
4.427981356281348061e-04
3.649148624024616005e-04
2.375448085227296305e-04
9.491736765579166651e-04
8.283841548015208204e-04
5.512984209078147660e-04
5.371028650373960113e-04
6.786340235877927514e-04
6.466303940742628396e-04
1.030381166198627478e-03
5.697234797683171491e-04
7.459604363632784578e-04
7.850218112946573271e-04
5.346158262665659132e-04
2.108347935052711040e-03
5.389217833833756782e-04
4.217768232298282818e-04
2.058351231455620659e-03
5.322891247685456731e-04
1.103402463288646667e-03
1.959834073264509618e-03
4.033777641992050125e-04
8.441055424199508028e-04
4.358357777864364704e-04
5.750407245082720309e-04
1.102169523745056071e-03
5.256904283149253787e-03
4.841288398836580205e-04
1.135921352046179124e-03
6.263209102393406955e-04
3.072811942567627626e-04
1.242276129685290992e-03
1.179479033330491132e-03
5.097333082376188668e-04
2.470590512306994942e-03
7.481725392109634960e-04
3.065646958998927791e-04
1.852999686184773421e-03
1.454020396331087836e-03
9.881680724163875457e-04
5.730823445065373785e-04
4.540728723654124640e-04
7.680980032755914313e-04
7.542100232663561310e-04
7.978341118126540572e-04
5.563839076160498375e-04
5.693356816891826646e-04
8.173845128592179769e-04
6.317137108988451089e-04
1.153896979130634819e-03
2.403602678517768355e-03
9.900632895873742734e-04
4.172590725402668815e-04
5.836785938517825454e-04
4.050371410070160321e-04
5.200319726047994418e-04
1.547752628777744176e-03
4.952933605351279595e-04
4.463997758723342547e-04
6.587670568205560625e-04
9.124873707727160438e-04
3.658380743484188633e-04
8.036743093748711974e-04
6.148723766049160122e-04
9.939864482438091290e-04
1.256985288336573761e-03
1.187957890824690608e-03
4.891061781416461852e-04
4.769233913550362421e-04
5.152914720471384567e-03
6.020465820831446668e-04
1.533582979041010937e-03
1.985922214939178643e-03
4.388930143972018423e-04
1.008425681636493203e-03
5.626165692332252754e-04
3.011197446380861273e-03
5.749834973087478325e-04
7.112766366343671294e-04
5.401907769548633647e-04
7.766949210064664870e-04
7.415607310448233585e-04
7.363853355370119031e-04
7.481725392109634960e-04
1.793431247018630438e-03
9.494084013586891234e-04
5.211813099926875621e-04
1.405746559249580275e-03
1.127219304257318176e-03
5.439824969123557017e-04
4.885312768357543550e-04
8.995854179125760191e-04
5.171319481401776908e-04
6.570430585711282577e-04
1.080451872116075171e-03
6.564746919987718594e-04
3.812961134337195467e-04
3.228968884851140197e-04
6.111137428672505038e-04
1.489387276998042995e-03
7.406482085201136116e-04
3.436840714670771272e-04
8.865706540643746459e-04
6.778427537631856632e-04
8.930491023189072878e-04
6.037553571170266873e-04
7.999647893203568104e-04
5.744496520245000269e-04
8.590474454396573173e-04
6.318957387515312420e-04
1.433613887459562249e-03
8.553569415089606800e-04
2.603156418422660802e-04
4.610151123984796871e-04
1.028083816565706059e-03
2.412148167229022106e-04
1.100366856300113907e-03
3.673113572692080268e-04
6.794505724861869909e-04
4.594256597132769676e-04
8.428921422453802218e-04
1.055202192501080924e-03
5.599874492238475368e-04
1.034166921108501964e-03
1.428457325433702069e-03
7.317922659966045063e-04
6.146459692312882537e-04
5.134680522712618605e-04
5.892470739870109536e-04
2.202873117934792298e-03
1.503083570015620535e-03
6.549706014749678666e-04
4.561272032242800339e-04
5.467191080353854147e-04
7.743255594154236764e-04
6.377302489447426222e-04
3.939641390793799142e-04
4.496058371495845196e-04
7.894761524392990325e-04
8.601653859283839515e-04
4.533617155567409200e-04
5.246611444801520686e-04
4.712234825809118611e-04
3.740027439330862640e-04
6.439838098426519135e-04
9.037719743655155081e-04
4.871257122892260101e-04
6.030403784223742738e-04
2.764196249933662756e-04
6.454862468445834219e-04
6.584439452894733091e-04
7.259736205654979515e-04
1.195864602407932607e-03
6.036951071220057231e-04
4.726659174562843264e-04
5.818496734071182137e-04
6.220635809151837513e-04
9.808366343247876956e-04
5.597747212737271298e-04
1.025500802227052085e-03
5.943267885873741675e-04
4.765207243387424400e-04
2.524438031762344867e-04
1.434654460718546914e-03
2.833078372089081060e-03
3.630314241653079537e-04
3.288155701326729401e-04
5.870356745102959985e-04
3.892059900092431483e-04
9.813992664385500289e-04
1.802302817695388814e-03
9.079427587866979862e-04
7.332166169379308309e-04
1.244739145182778258e-03
8.590474454396573173e-04
2.370983117851374177e-03
9.306753308405273399e-04
9.503492304030866557e-04
2.108302266522686565e-03
7.765652265983111896e-04
9.586670253703185457e-04
3.624911333950161119e-04
4.457320948115597609e-04
1.442553370810948418e-03
6.668323982937737369e-04
4.000251949698409239e-04
2.462575918897671762e-04
4.443069152863887792e-04
8.154434928540675673e-04
2.931957130681729770e-04
8.254904191205118553e-04
5.259889098673679918e-04
5.153834295441130694e-04
7.606445418169830884e-04
7.923867723049433714e-04
3.238160589672661304e-03
7.988208615350753756e-04
9.291218772539340835e-04
1.456289962069539420e-03
6.173646619204325482e-04
1.755064550154762431e-03
6.472602284941043676e-04
1.324979331340609681e-03
8.283232499917144538e-04
5.467191080353854147e-04
4.938648948269884400e-04
4.947565586135213838e-04
5.226053814508114636e-04
1.719144015542338391e-03
6.598302544451407686e-04
9.975126463705622035e-04
1.607727146442563355e-03
4.909076869632249740e-04
3.734744958306833646e-04
3.958864411372225870e-04
6.390566875404207975e-04
2.382965819531171568e-03
5.497705120262952674e-04
3.040478021380734635e-04
5.139298967116065443e-04
1.319304228061297154e-03
7.568265544016521303e-04
4.729732390564583442e-04
1.828131779501798162e-03
4.940466429269716906e-04
1.071884837593312144e-03
6.220635809151837513e-04
6.954706278700252932e-04
4.614615447988877845e-04
6.304391984312829062e-04
5.643387860621739598e-04
9.454401649747691712e-04
1.534017874870738070e-03
1.402230293595511804e-03
2.041164957810424549e-03
6.594589903502798929e-04
1.696556334999212070e-03
5.201382802190042095e-04
7.461188417796716169e-04
8.101084609218992027e-04
3.852804499943260331e-04
3.968663259710005116e-03
2.172115681777520794e-03
8.476789294603973577e-04
1.459905102632740471e-03
3.912844974312998619e-04
5.001943917605265006e-04
9.290778989464374121e-04
2.558104111174610770e-02
5.109901984021524663e-04
1.209608421663272695e-03
5.705515955920396421e-04
5.574828338215934631e-04
5.085278601859900827e-04
5.946039196658447525e-04
2.903165254721022897e-04
3.217291909582721261e-04
1.066449703828630056e-03
1.101264669414363370e-03
5.824606108073560051e-04
4.386968113170199978e-04
1.137798658963087199e-03
5.698134385104975134e-04
5.698349919169100114e-04
1.028691755375215700e-03
3.354042966741785261e-04
1.611653613921227657e-03
7.961949256623542361e-04
1.405991608418457640e-03
1.854865697562417363e-03
7.257783000684302297e-04
1.498086766596796711e-03
5.223964470729415511e-04
1.830172785430932451e-03
3.970173984140564090e-04
5.429461309561984562e-04
5.842748538581008389e-04
6.804598808494992553e-04
1.432522284897806177e-03
5.067364173233768459e-04
2.759715017082538442e-04
8.938479426945863688e-04
7.799173542384236222e-04
5.541348617115216544e-04
1.005163094215367169e-03
9.376913827871176952e-04
4.864198568547318407e-04
4.865144600763333786e-04
4.022237843819743042e-04
5.608027581094843705e-04
3.668523527543523437e-04
1.165464508674281035e-03
5.299618926898451302e-04
1.166102733461050166e-03
1.080267044390429906e-03
7.910533105673742300e-04
4.635849742097079254e-04
5.308840557799573891e-04
9.150931146419626593e-04
1.667948951493084669e-03
2.498274231896765660e-03
5.341355304757640452e-04
1.967307337556161849e-04
3.905177779148187177e-04
2.673531108660734965e-04
3.903903282628148875e-04
9.188245198094713425e-04
9.302422014157837524e-04
1.263535527897074453e-03
4.574643259990294033e-04
6.031464005839409521e-04
6.478020162939015060e-04
7.553879750093317859e-04
2.715858685731492453e-04
3.365134981424301188e-04
8.321106881111107892e-04
6.887978257528072764e-04
6.207425166180476853e-04
3.161985903776491223e-04
4.426153247315436738e-04
4.665188422808123382e-04
3.478017610160767745e-04
2.971956456581790378e-04
8.184488342793523564e-04
1.277455688192069994e-03
4.463540397919978108e-04
2.866189361233260641e-03
5.468980375103537446e-04
4.520239970248368959e-04
8.569452855875593677e-04
1.134822791934310404e-03
4.479959106526659827e-04
5.911007428996054415e-04
5.295256231936490117e-04
3.069297210807470891e-04
6.136994766142882859e-04
3.626392433715329260e-03
9.447249129171572104e-04
3.563456210028286323e-04
3.542562984409304040e-03
3.664574488894881046e-03
4.575137229203980727e-04
6.656400784120858555e-04
5.999890519433957563e-04
6.423397426651032607e-04
4.531428086360177578e-04
8.822466794031516265e-04
8.273689250375071890e-04
9.613062667556234375e-04
3.898202709889796603e-04
4.121144504364913203e-04
1.327973750828334923e-03
4.831726036532362585e-04
9.431369952602649534e-04
6.452179095974769959e-04
6.537820159153501969e-04
1.839798572306806240e-03
4.041037503029188110e-04
6.156113550382079922e-04
5.398624481169992393e-04
6.031464005839409521e-04
4.624603042940475745e-04
8.232203641550498059e-04
7.595149506135454335e-04
3.298245454549670469e-04
1.890558881068273326e-03
4.689059719147355794e-04
5.786822160960089934e-04
4.200175550155433582e-04
5.733100668475387329e-04
7.311323293535927983e-04
9.454401649747691712e-04
5.014805749244022511e-04
4.358476527582332656e-04
2.611229834683753389e-04
1.392960558408425781e-03
5.468299138446987848e-04
3.546454181497661726e-04
4.142244589691185534e-04
4.794802751452476876e-04
5.779904245127564502e-04
1.315470234302014213e-03
3.943337960653151421e-04
5.405843274742570077e-04
1.299362545472547209e-03
9.309483938075587385e-04
9.594653634832657875e-04
3.231937571632865981e-04
4.102576153282344639e-04
3.953238784629254992e-04
3.135815977660560603e-04
1.002048223181175104e-03
1.465862280136006300e-02
1.331754659325649513e-03
4.406990825036805537e-04
8.193324121534663936e-04
7.052519719163939920e-04
1.798972120530067074e-03
6.731195345533813948e-04
8.560264821411086873e-04
2.435270408676560216e-04
4.484764384790635577e-04
7.262986751880977105e-04
3.410555849910417228e-03
8.741135856662602104e-04
7.907031367978748079e-04
6.367020826854456793e-04
6.763152692110415126e-04
3.527681501973134025e-04
7.173481632434726765e-03
5.490814702905112699e-04
5.490330575893999235e-04
6.882970347258580805e-04
3.926919261721683349e-04
2.188761377380633692e-03
1.010977773018613673e-03
7.549708138832303319e-04
4.718240662565243836e-04
6.180243967747908697e-04
3.361111595794271083e-03
8.943657476961749866e-04
4.203195172820529653e-04
4.024683877676960009e-04
4.222269500463684232e-03
7.047942539324260998e-04
9.613062667556234375e-04
1.125161103187156042e-03
4.736288779454991501e-04
1.062232783271841244e-03
1.431736400614926508e-03
9.079427587866979862e-04
1.042534608895837522e-03
3.155345366549249984e-04
3.515133821469602015e-04
6.620344443986546324e-04
1.617915567723593765e-03
1.290191653972092619e-03
7.278192786060600893e-04
7.553496180834650461e-04
5.351544648470648452e-04
5.992683899452774798e-03
4.587354876516148267e-04
4.952933605351279595e-04
1.672876434059098784e-03
4.189853829262625041e-04
8.055194375444587641e-04
6.386745019567951305e-04
8.153704841786189048e-04
4.190725532328688470e-04
8.171562149830491383e-04
6.896226597784276165e-04
8.191370327172512724e-04
5.513446112013444715e-04
3.967319072432403792e-04
4.352156883378469803e-04
7.799136838115252246e-04
8.585793005393567955e-04
5.121784828656377343e-04
2.966893077648521688e-04
3.928646260148967520e-04
2.393559275314051848e-04
5.041354201841228037e-04
4.385171336713199739e-04
6.953590823785878866e-04
3.228968884851140197e-04
6.113462467740919627e-04
1.662906301508552953e-03
1.023839831262266615e-03
9.282330002721131575e-04
1.471354222724127140e-03
4.688191596582809927e-04
3.945127285635808938e-03
9.124873707727160438e-04
8.506917592547006595e-04
1.480358252907643156e-03
6.634951912987004617e-04
1.013389627964286646e-03
7.438826575690059371e-04
4.891406954114996481e-04
3.898202709889796603e-04
6.637667636663930216e-04
4.641411568822203224e-04
8.738398280492669108e-04
4.363479336626283241e-03
5.434979483994702761e-04
1.003497611791690338e-03
7.456369537410138327e-04
2.522695114102598501e-04
3.288016970383019540e-04
4.410895867539244507e-04
6.497029308571895551e-04
2.335509950905121724e-04
4.250635348977289669e-04
5.488354801767214228e-04
2.340075139110564268e-03
5.290196007853776488e-04
3.501526767977292467e-04
7.977686591152269389e-04
3.937578380252910494e-03
5.034221883103976629e-04
6.473468410359747285e-04
4.469008518152424946e-04
9.515688213626766244e-04
6.848627838952644044e-04
5.725417070066337721e-04
9.027571082167685709e-04
4.585141907866634669e-04
4.753943271251785305e-04
5.548182865781960691e-04
1.082543373729907095e-03
2.799880320924500766e-03
1.371597951621871371e-03
5.097333082376188668e-04
6.004388081088752943e-04
7.447487221162881442e-04
7.799173542384236222e-04
4.877893570757747929e-04
9.533157072607492503e-04
4.435933168259131539e-04
3.623582753616623074e-04
1.624663977162974816e-03
8.091842984373049351e-04
2.772395217821263178e-03
6.903414074340100560e-04
4.782401875543910194e-04
3.137455651876138720e-04
4.785536533286572844e-04
5.502112861492198734e-04
2.429512411266775834e-03
2.967695362757669618e-04
3.028481186272407189e-04
4.105995111175423230e-04
4.699390340547091949e-04
9.040754317019299071e-04
9.626408981970133606e-04
1.819404133841451103e-03
6.092455218617820988e-04
3.969222032963762260e-04
8.073220026284398578e-04
1.590903256237717958e-03
4.202415265403515931e-04
2.125521028692241732e-04
6.483684380382990706e-04
3.856455325505165309e-03
1.013810947300926692e-03
9.259515462472997244e-04
2.012353954448520364e-03
2.227533698506055718e-02
7.304022239959669614e-04
2.352118440294177684e-03
5.731965121362689319e-03
3.669462670685818152e-04
9.844493033095505236e-04
8.540409577116498145e-04
8.007809021025169951e-04
2.084970294201073614e-04
1.918078845189605947e-03
1.535604318479315495e-03
8.116499770239397329e-04
6.538577421898115463e-04
1.123911645433550146e-03
1.324564643164416987e-03
8.893708498366954861e-04
4.250068941539657296e-04
1.652029335598329679e-03
5.205556133047012065e-04
6.037553571170266873e-04
8.452318226884001501e-04
3.722861662543864442e-04
3.842677177370426903e-04
5.090055605825122504e-04
7.703625668204032440e-04
2.507027312960829774e-03
6.747143451971487297e-04
2.140109154151081505e-03
3.595844707127565654e-04
4.850273480565172181e-04
2.154037832257348246e-03
1.520986200170412793e-03
5.501198213836054011e-04
6.773437579443855952e-04
5.912437319830392626e-04
2.216612340279564691e-03
4.224387742063013596e-04
1.266329631958615929e-03
4.615833626078373673e-04
6.698524330731682247e-04
1.662906301508552953e-03
2.990630439533834332e-04
7.952138936224635883e-04
4.083203574096823016e-04
7.530250931748101468e-04
3.186838593979442994e-04
3.626392433715329260e-03
3.480543243684166600e-04
2.227533698506055718e-02
8.200411824854294141e-04
1.068851370017480850e-03
3.319897972546425485e-04
7.470927145827321609e-04
7.528187255513758575e-04
7.523474115736938526e-04
6.782270694406434446e-04
3.577413929176650000e-04
5.357681690364518795e-04
5.720456861962478021e-04
4.522912954492046083e-04
1.284312658944537300e-03
3.859313769383802503e-04
3.868085594501208735e-04
1.153906721975323608e-03
2.328261017493729428e-03
2.752243540712555705e-04
6.381683184665392109e-04
6.271666818832049217e-04
3.880507537810865665e-04
5.897018432940503508e-04
6.490088856081270520e-04
1.387047371132968734e-03
7.454658630155833188e-04
8.653319799102103744e-04
5.664402490111495681e-04
5.406165067346138534e-04
9.076079175358109461e-04
2.739745721408856725e-03
6.922060617473508367e-04
1.240294605890561973e-03
8.191656112432367520e-04
9.504190787550571449e-04
5.321282948665137860e-04
2.386866553407058264e-04
8.578757610653690597e-04
6.639111904759179093e-04
1.052255700860697807e-03
1.362510992991234965e-03
1.609679069584342556e-03
2.938840967926437640e-03
2.754442563747748311e-04
7.735731424686428416e-04
4.158951128017233131e-04
3.461225179529117115e-04
6.473468410359747285e-04
9.006089134279839743e-04
5.480034170818464138e-04
5.734832936358032381e-04
8.364454329953958369e-04
3.866506296835802272e-04
7.086637533517050214e-04
5.351686365315027824e-04
3.535208220561124890e-04
1.214828324773067859e-03
6.166952079710938004e-04
2.232486140038934114e-03
2.950852857766930520e-04
6.097388750879753584e-04
7.337640972637319301e-04
6.322051626979342765e-04
3.218972092815806972e-04
1.075016924158710965e-03
1.060715489148300475e-03
1.312679432311909767e-03
5.196758760704498414e-04
9.636598086979795237e-04
9.605428035069327490e-04
7.045790714804727904e-04
6.168818698730378636e-04
6.947788523894480412e-04
6.553865597528331583e-04
3.803024270480834788e-04
1.036042583735479698e-03
1.200221969110421916e-03
3.754222998452262693e-04
3.281963428229375183e-04
9.634647412455464187e-04
1.022823245333445794e-03
1.254791196184078641e-03
6.445606263152517997e-04
7.164024638745582207e-04
9.163294226330409922e-04
6.064351319877566652e-04
4.967624154716179449e-03
1.311712480261855492e-03
1.200910164005331579e-03
5.185298672301208271e-04
7.389641832475231072e-04
1.703114510365919161e-03
6.161024245545947044e-04
7.766674441150039779e-04
7.114054973405839954e-04
8.031349175907869344e-04
6.843003304782485988e-04
4.602342318302465266e-04
9.762493097119529124e-04
1.003626791792071229e-03
4.156082573730662008e-04
9.457881254064625905e-04
2.328261017493729428e-03
1.977338195235917636e-03
1.204599158060249992e-03
8.655109650627207081e-04
5.512636519552036604e-04
1.503083570015620535e-03
1.118426237545380340e-03
5.587969558050615839e-04
4.658740039468721450e-04
7.641198087668748216e-04
4.633210614662519470e-04
7.663689499394947058e-04
7.239070491064316824e-04
1.780670897208319180e-03
7.367610805981124420e-04
8.015205114443763349e-04
1.001644140634368185e-03
3.950051533420804377e-04
9.563630885040988027e-04
1.763873935549093927e-03
8.478258136500349020e-04
5.534857452472644436e-04
2.956888968087003321e-04
4.541127086985091710e-04
1.359487467813359166e-03
8.491453333552580456e-04
3.922671065721612151e-04
3.763505506316128018e-04
5.282376919645030353e-04
5.746783161607386644e-04
7.723843798372980992e-04
3.250885775862945629e-04
1.190881916508464578e-03
9.757778741634114085e-04
5.793288437105667370e-04
4.206734309256030782e-04
1.306683382011886206e-03
7.853124688422350331e-04
7.883066941743137454e-04
6.048972165089121092e-04
7.481725392109634960e-04
8.602724534228313241e-04
1.104293480247947211e-03
4.103281605463561629e-04
3.341668092601516736e-04
1.207073609515269767e-03
3.875574035272741119e-04
6.609412837574623646e-04
1.063426794602818134e-03
1.339737038590374085e-03
6.902032532828762451e-04
1.299612124415166440e-03
9.157646033069739410e-04
4.524623242100347877e-04
3.169411683052344411e-04
6.714033613327969035e-04
3.860848270513583054e-04
9.187713345938713569e-04
1.002782264658528188e-03
1.156950419569363099e-03
5.077710204664214865e-04
3.215080682921686041e-04
8.391748038315466124e-04
1.871602267703198355e-03
6.638017654104187443e-04
5.904732082709213386e-04
3.133167564687836708e-04
4.685691311456989072e-04
2.264819646846237165e-04
4.475488098072745468e-04
6.000060825575648845e-04
1.027398629746078531e-03
8.632510128162870864e-04
3.633944977031862379e-04
8.344803603470547868e-04
7.347684005754870698e-04
6.962613071268195213e-04
4.991369066668987012e-03
3.472132834308489110e-04
3.882842210235035608e-04
1.028943268227753855e-03
5.330023561066168274e-04
3.991885838999134194e-04
7.492924061836813429e-04
1.376293943874956930e-03
8.739714514071547907e-04
1.082417865546212192e-03
1.525561453150125427e-03
7.591932596862418234e-04
7.594890454374140501e-04
2.109221035581692206e-03
5.520179092543429575e-04
1.031171600820140598e-03
3.367547919355035925e-04
1.034405987964245313e-03
8.055363400595531419e-04
4.650330630898098024e-04
1.060761636558064849e-03
1.271531514759186238e-03
6.596209516877624265e-04
1.322654328978865781e-03
4.221679921461636586e-04
2.756183765617197835e-04
4.610600698524875709e-04
1.428070978618172643e-03
3.207938035341057793e-04
9.434385210520844023e-04
4.701687372806642728e-03
6.451077603057725658e-03
8.273689250375071890e-04
1.200670845014681094e-03
5.496683093228995525e-04
6.096405984732017119e-04
3.537106599525804583e-04
5.359527225909340494e-04
3.961282936852873380e-04
8.774738091268785957e-04
1.163566852132743483e-03
8.103033455923809494e-04
4.210909801482704841e-04
2.227533698506055718e-02
7.717041057061878448e-04
5.617012028243188173e-04
3.790718354405659329e-04
6.662023058092553761e-04
5.235604215335083571e-04
8.577949337233878270e-04
8.626182857683614485e-04
7.853734580534016494e-04
3.396019581474980591e-04
1.493397162258029319e-03
5.843228564886290095e-04
6.626545683324786690e-04
6.050195521454303314e-04
