5.990748445307157635e-04
6.959907385409244435e-04
7.874462684524320731e-04
6.599112873956028717e-04
3.931833481740053260e-03
5.060198139150728393e-04
7.413804927584244841e-04
4.918697789362212183e-04
4.354080258614562355e-04
1.127132001890861473e-03
3.320647970442239943e-04
6.811358006057718125e-04
1.275904861451481560e-03
1.982227382004198707e-03
2.795159385017458639e-04
5.789434024822615521e-04
8.960623777990852972e-04
5.802065947939861936e-04
1.151203577863228788e-03
5.273685558840655136e-04
5.041146896417354880e-04
4.461522662943804879e-04
6.369950288920472924e-04
1.812712814399237678e-03
5.631547362640181541e-03
5.807502519497317970e-04
4.548228990663272090e-04
4.849655457013986358e-04
6.606638438218574673e-04
1.481980468294742106e-03
3.550672595149090001e-04
7.699548518812779699e-04
3.695146728040171833e-04
6.005711135635435991e-04
6.668968174255241257e-04
2.652028967503984656e-04
4.835952538186951951e-04
1.379925295919288801e-03
3.163664924608666274e-04
1.060371614327317372e-03
4.449158501952537627e-04
4.341402575997045481e-04
1.146316664265311681e-03
1.493925738248204436e-03
9.817106386552298340e-04
1.006358113488058526e-03
2.857223250248798994e-03
1.454998648208899199e-03
4.871905385175599474e-04
5.219259486051292495e-04
7.260702406031984898e-04
6.657292012611106371e-04
5.667545049589012328e-04
1.730785141417947974e-03
9.182573150231650118e-04
7.155432135035952454e-04
2.179569406214965435e-04
3.713888332657894328e-04
6.282707909853494851e-04
8.474309629614793643e-04
8.384573595663912275e-04
5.039814051227304182e-04
3.581406574340612482e-04
7.345518837606056662e-04
5.276637387485489262e-04
1.055417174896680589e-03
7.158972783163628558e-04
9.571825883637238418e-04
9.851227231834859197e-04
3.997650111634155207e-04
4.441288814735527466e-04
8.174840930907476162e-04
1.048691909246354673e-03
7.185738569475499417e-04
1.833795783062406844e-03
5.866146920304069964e-04
5.596182965036226604e-04
1.535196563465276998e-03
4.728200249150694002e-04
3.424445301458124875e-03
5.902414178791925417e-04
5.352359392236211936e-04
8.650336103831318115e-04
2.044107424007820910e-03
5.049286415444229200e-04
7.764578514830583608e-04
5.019254289292957982e-04
5.527808111480396903e-04
3.190965721068883348e-04
7.387847549804194697e-04
6.185418370605628036e-04
1.108247469989520964e-03
6.456042696488446288e-04
1.665131715666243314e-03
5.604720573624179941e-04
1.144251962390727866e-03
5.726299264230184406e-04
3.581406574340612482e-04
1.447140547475639664e-03
9.542207418456112892e-04
7.045314555381090730e-04
3.409433662399976033e-04
1.745463490722007566e-03
1.984562076963834656e-03
5.899570815007707620e-04
4.621108526619002927e-04
7.292746291340560308e-03
7.112310745810406648e-04
6.029092640329148864e-04
7.177927076979095803e-04
3.082110445626585972e-04
7.492208619480094809e-04
1.904626112922567539e-03
4.436765042811245609e-04
1.002553342183744442e-03
9.191884413643505941e-04
7.019431748809909933e-04
7.022181178385521801e-04
7.143938757228901612e-04
5.666604881858663782e-04
7.611184535623290517e-04
3.853290072852183913e-04
1.173855569247259914e-03
5.096188382111795957e-04
4.884092527661372096e-04
7.926542918530783298e-04
8.027940864182478951e-04
1.702555623115794116e-03
1.300238276863565929e-03
4.991326623694957582e-03
6.393804659265804602e-04
6.865690520105756887e-04
5.179654832831219686e-04
1.658540445853088187e-03
5.055319154815459673e-04
9.757848545993739542e-04
4.150926648441615927e-04
7.049101457261749406e-04
4.785906508913639022e-04
2.992152899689576729e-04
6.263555122844531283e-04
6.106528719740112734e-04
5.697223773723844717e-04
1.041263120117006140e-03
1.417390125879295845e-03
6.392895379456871524e-04
4.534815555497376596e-04
6.803739425884226377e-04
3.886349463414008653e-04
5.943775347643783869e-04
3.941365841797828985e-04
4.469913736705927762e-04
1.508029710021068772e-03
7.023777861853255141e-04
5.099664258943116145e-04
1.483785095237516926e-03
1.193571476973894017e-03
6.098865186410659884e-04
4.182424824902797019e-04
1.977054532106582978e-03
2.006843543975028992e-03
5.431092202088789707e-04
6.088881703562198282e-04
9.709484443884313417e-04
1.439855740001592639e-03
6.917240579757276322e-04
1.287294550514560395e-03
1.090196884798081030e-03
1.537527794826655135e-03
3.943184120839373957e-04
9.709911702167153304e-04
1.416350200796581867e-03
3.853290072852183913e-04
7.543536296350118048e-04
6.229296250883639219e-04
5.508414177032793478e-04
6.971388939544446821e-04
3.858982234999878557e-04
8.521870886357449208e-04
6.543212837749065938e-04
6.765781084070910832e-04
4.942721796392377572e-04
6.976324880221866859e-04
1.357035169347468699e-03
2.364193547757442379e-03
9.280998630716379670e-04
4.189505705543459212e-04
1.160856524331471728e-03
6.937686205908300159e-04
1.760092273442814825e-03
4.668366946770145212e-04
4.368144906798816503e-04
6.578293502544323027e-04
1.111504526505133683e-03
1.078161058161929706e-03
1.522432224488686099e-03
5.898515988707676069e-04
1.109609753010018388e-03
8.400022020036880402e-04
6.677641658363747418e-04
9.690622576262651828e-04
2.532601806594028540e-04
1.406159348697562502e-03
3.806313807895055404e-04
7.437759355448558991e-04
6.344796526159689372e-04
1.403827205201197467e-03
5.679409421853328591e-04
4.310268394767164833e-04
4.468005701137737541e-04
8.989515442328083888e-04
6.850213613507429066e-04
3.477702810627168414e-04
1.368895687253974180e-03
6.377038477304792282e-04
4.160258899387008998e-04
5.957870146644729439e-04
5.307476767507616914e-04
3.565400079404544174e-04
1.429520722295766696e-03
6.951360297720042590e-04
1.070853034068367350e-03
1.461577267961003358e-03
4.605588491781119061e-04
5.189994483052259725e-04
1.377615152092188022e-03
4.164394699742398113e-04
1.865434082519730431e-03
2.713866282346523440e-03
1.968781187143325319e-03
3.292116633062617832e-03
8.100386445044483038e-04
1.308024002128472391e-03
3.521897966566267199e-04
7.246246596733390589e-04
5.037734400257111835e-04
1.294037208808131644e-03
2.853989349700765334e-04
6.624733980985463271e-04
2.458642277788953331e-03
6.471750719376029521e-04
7.811371585074803605e-04
1.233609380100032706e-03
8.221655155791228247e-04
1.673940591915639613e-03
1.730706777863255837e-03
6.966594334210579132e-04
5.359695569152708077e-04
5.799635892032189467e-04
4.248230304986193176e-04
1.569728196870047877e-03
9.300813166910376802e-04
6.309791685364345279e-04
6.865690520105756887e-04
3.573118301813542385e-04
6.971388939544446821e-04
5.581940933402320575e-04
3.072757077339249333e-04
1.906644198770110704e-03
4.437735925386923825e-04
2.210744542515779426e-03
9.953450225790119212e-04
4.505010346332038724e-04
5.699671740619327272e-04
5.953892598512467360e-04
9.873637252886062997e-04
5.346187422016316932e-04
4.653373603843208219e-04
5.533067915896751473e-04
8.973563430341544456e-04
3.688941149303163417e-03
3.986205001113352943e-04
6.228945011889647091e-04
4.446781611926994338e-04
5.180623508059012698e-04
9.383691750577970213e-04
7.075799555427218345e-04
7.216366278886816952e-04
4.841824608162465914e-04
5.890815750609206284e-04
6.415619547073583276e-04
7.558849696313751530e-04
1.164457706690167358e-03
1.023114199533557093e-03
5.479324361421511469e-04
4.001345268592906390e-04
3.407415378049311917e-03
6.760805630601098406e-04
7.361156028087817004e-04
2.282374684650754701e-03
4.341115605300282544e-04
4.337451548169117066e-04
6.211091026765602936e-04
1.162079718674362749e-03
1.558133510784987397e-03
1.249256721671859879e-03
1.290784516645247315e-03
1.175363025989660526e-03
6.810670602044859717e-04
3.304873944599382059e-04
7.106967582173706437e-04
1.224644641652572865e-03
8.580766393400450325e-04
1.251637678251825685e-03
6.185911492323859298e-04
4.271442853755046012e-04
2.468084526977748494e-03
3.560026058020763747e-04
4.949686677499700455e-04
8.133922965064693551e-04
7.170036236018883548e-04
1.191196341090603296e-03
4.607031740612109981e-04
1.012382915863831861e-03
2.223537630583187485e-03
9.195228377697891795e-04
5.280748030598767483e-04
9.955158391974168377e-04
1.241058546139401026e-03
6.612011974918796621e-04
6.611507485806871268e-04
1.234790448369142528e-03
6.984716687734632452e-04
8.854861527389096265e-04
7.790153174485735937e-04
3.526425551957172158e-04
7.505969347978143184e-04
1.420080384314885468e-03
1.748933265538798890e-03
6.733700186938645568e-04
6.602509651903483564e-04
6.859788741464460486e-04
1.014308749132476111e-03
5.310701773211967030e-04
5.629209091243742632e-04
7.098940407305588760e-04
5.836477841522619671e-04
1.189447800364265692e-03
1.956671287666293668e-03
9.136280437665623023e-04
6.260262345340112571e-04
3.806313807895055404e-04
7.764578514830583608e-04
3.939779973436054877e-04
5.746263181934486508e-04
8.590639812222081650e-04
4.410146798010315151e-03
8.078430937758842309e-04
1.211059114763872241e-03
1.638932468771754983e-03
7.630369516128032367e-04
1.158900704969369156e-03
9.004976730237201910e-04
1.512318069803235800e-03
1.539962816223192522e-03
3.062387115081457133e-03
8.221655155791228247e-04
4.398007076585093303e-04
5.076649041470678806e-04
6.230243190190105527e-04
1.020106531101159369e-03
4.999148274535261194e-04
7.177036966054164534e-04
1.396831102553742696e-03
3.487459791354056982e-04
1.067605378018486855e-03
7.396595509093566948e-04
3.628229774614284242e-04
7.259382633855633333e-04
6.126655130845808745e-04
8.514651818212441844e-04
9.218313061812999495e-04
1.491107210465177167e-03
5.607144792309061779e-04
1.936231775723369717e-03
1.287270526441591789e-03
2.772223166474993821e-04
5.589356365768486214e-04
1.232516511783491144e-03
9.354716993158560933e-04
1.891384819204674226e-03
5.005563041686662568e-04
6.778081922948192952e-04
3.566513783920134532e-04
1.241009222878249225e-03
5.557726538263843682e-04
2.941125783443420544e-03
1.459398550775008923e-03
6.033346999008765881e-04
4.175767957393089328e-04
5.499260640359495637e-04
5.230614953904082860e-04
6.203953931079688507e-04
4.170930630230682630e-04
1.174755784091193215e-03
1.459945470249245179e-03
4.547154018606616222e-04
1.573963485886332092e-03
1.105452419889821087e-03
3.175781852430727267e-04
6.796566453566559723e-04
4.673725044341997298e-04
4.152633020651959068e-04
1.118027734710326819e-03
1.171858714114178829e-03
1.059913562476073531e-03
3.183945747411672141e-03
6.163958204728150645e-04
1.950670907101765715e-03
9.828273345281104273e-04
1.049074968529448365e-03
2.873219610837793423e-04
6.060800514785738427e-04
7.614378911202316497e-04
1.422921636911437604e-03
2.839829321201657272e-04
7.681240104080842455e-04
8.640555555026887364e-04
9.049286653379802871e-04
7.053116336214486273e-04
8.498063205928220801e-04
1.449451543198750341e-03
9.791769562363058545e-04
3.962841018218645275e-04
3.565017473336003391e-04
1.052908228482809030e-03
4.758684192721764983e-04
7.086718634801729075e-04
9.816306049277323878e-03
5.422324010923513030e-04
8.904391805619076873e-04
5.883106515954937988e-04
5.012737643529843311e-04
2.005874043251157368e-03
9.206820666350912490e-04
4.839798585627050299e-04
1.099743607233677652e-03
4.068085932906282537e-04
6.983566901356035245e-04
1.026346153583615039e-03
7.288681130843795630e-04
4.882555572336519010e-04
1.478360528020082913e-03
1.944839122101292041e-03
7.957210548953366422e-04
5.888438290157291385e-04
4.122187854673820570e-04
4.186894654668517780e-04
6.842621135658424284e-04
7.357474006187324439e-04
4.656594286442491590e-04
4.256446840939040618e-04
1.901225369961527436e-03
1.373228655572090746e-03
7.255080494216544114e-04
8.652092641921514758e-04
1.362304538271359288e-03
4.437056943202240581e-04
4.506263613945540175e-03
3.234361976790949065e-04
7.078459327795180375e-04
6.510591422058997811e-04
6.166310556773235089e-04
1.258827462491497913e-03
7.192792503784442917e-04
1.228306967509174528e-03
5.880670469370419869e-04
7.789100758584185675e-04
3.756145910410351504e-04
9.725178008045664299e-04
6.557847422871922920e-04
4.290072232477215456e-04
4.891367368236603950e-04
5.184725136576953360e-04
4.505010346332038724e-04
8.966591743409899496e-04
9.781735547114596419e-04
8.014293283629100916e-04
1.018772759301434048e-03
7.783878750388590392e-04
5.420815631167718836e-04
7.672707096104306552e-04
1.782599508135754773e-03
1.112374680665378403e-03
1.115458348043505419e-03
1.100061901254627619e-03
8.018264059820600937e-04
4.456304244842386941e-04
5.922651784791775316e-04
1.563662058461904973e-03
1.870753673471266774e-03
7.023777861853255141e-04
6.930708013780562029e-04
1.175363025989660526e-03
1.001777428800813352e-03
8.448190073298437802e-04
6.275525624390384562e-04
4.002318977524096542e-04
3.447101401916841329e-04
3.035111826024655853e-03
1.011048889545708646e-03
5.636578149975391425e-04
6.721028125398568467e-04
3.513672697808526042e-04
3.376450432697001300e-04
6.496310230574596023e-04
6.324238339136898507e-04
1.003871591116798669e-03
5.920023292431971602e-04
3.525268107820093803e-04
4.521963410646954529e-04
1.205179602599199288e-03
4.588064871624404802e-03
1.055723728989614932e-03
4.864502883597106005e-04
7.060669460075831268e-04
1.262497725884899292e-03
1.326792042236435735e-03
4.290533025284844009e-04
1.122571561600188388e-03
1.239988333077328116e-03
9.791769562363058545e-04
3.401947672123649164e-04
4.684090494782545901e-04
4.908819617289204374e-04
7.999196407401197714e-04
9.761093467171426960e-04
3.909618071793438719e-04
1.426561337378725886e-03
6.257681597854557708e-04
8.750953085400545043e-04
6.324041611293605442e-04
1.433351896695613404e-03
1.485608426390327801e-03
4.642502094071567983e-04
7.777334311238239938e-04
1.235229004601375285e-03
5.080510223983255224e-04
7.413902025968403201e-04
7.232148543070125203e-04
7.183674536948555850e-04
1.577472795400605959e-03
5.903523071858965540e-04
8.507075042620672409e-04
9.893738288404834314e-04
1.149451609745965426e-03
6.399531226031271577e-04
7.694836386431063401e-04
4.407674764394667669e-04
7.778168939142414244e-04
1.097278350442937832e-03
3.392487889870066976e-04
5.252676705912573797e-04
6.546512111239532984e-04
4.800893542661021350e-04
7.372977510575171077e-04
5.085741746214513317e-04
3.213884217261859621e-04
8.020629850022857697e-04
7.248974529285475950e-04
9.715986119741310423e-04
8.412269223703315200e-04
6.341826001550463811e-04
8.778059832769412622e-04
6.590377446038658826e-04
7.378933157195678846e-04
5.359976010326099371e-04
5.674699325776806852e-04
4.681516529392000330e-04
9.514856707973569664e-04
8.269040839637068060e-04
6.069773913099485007e-04
8.204367065062348257e-04
2.857223250248798994e-03
3.595519185715170818e-04
6.743194479869429447e-04
4.872077703149229862e-04
5.874537642062658020e-04
9.518812947641354253e-04
3.130904292652978566e-03
5.147452113506981652e-04
1.032364668711261736e-03
6.992421745364340094e-04
5.540882688874424747e-04
6.337898951585010888e-04
6.195832379067946812e-04
3.334110212148847581e-04
8.281239408049822582e-04
5.551340614745920062e-04
6.445036637161920788e-04
5.580474808876873015e-04
1.042190973219378697e-03
5.336389828238289560e-04
1.502384936972932456e-03
4.789393749506188421e-04
4.606240131474525004e-04
3.644781211276429227e-03
6.819228702228968429e-04
1.030915413635012830e-03
4.479934412524323706e-04
5.125863623056042340e-04
7.403217268637135888e-04
4.380502303409802259e-04
7.769087593267364530e-04
2.763051039189763614e-04
4.741213631241875484e-04
8.976062978395866641e-04
9.435460072526040843e-04
8.540958175122692793e-04
6.733518804329176365e-04
7.896350095238754063e-04
4.696514674031156134e-03
9.877134860281730922e-04
6.605649704839865622e-04
6.917240579757276322e-04
3.075563563458315070e-03
6.943348096574229310e-04
5.899791809978409797e-04
6.253851819406825753e-04
4.706180606590349910e-04
5.948112970729940198e-04
1.835503814356073942e-03
3.927967700669726973e-04
9.436229914348525901e-04
2.652052335445123296e-03
4.773801330405964133e-03
1.070657437138906919e-03
4.947667843524390088e-04
1.730706777863255837e-03
1.139421886774921559e-03
4.728633803315744643e-04
1.060797546819204976e-03
5.940326296958457937e-04
5.498353128955646386e-04
4.879172915972871533e-04
1.872131119688511024e-03
4.952618141735514812e-04
6.091016588985005611e-04
6.277068997036987057e-04
1.098111871955581879e-03
4.244979216695836692e-04
6.035994160884092978e-04
5.762949149078529102e-04
1.287245265845540039e-03
6.592171465540671953e-04
5.607239110522215702e-04
5.207240157328866430e-04
4.358641636536789328e-04
4.497462877170290752e-04
4.064921528023455349e-04
4.813235747580278190e-04
4.629891164608389330e-04
1.340213172588691206e-03
5.903523071858965540e-04
3.407415378049311917e-03
3.931833481740053260e-03
5.592818162399314534e-04
2.586807809501617209e-03
7.827488174644670971e-04
7.003367907428294757e-04
6.834479022373566616e-04
1.513828051118587927e-03
7.210140651114742283e-04
4.150871537688389894e-04
7.335934716051797618e-04
1.390518716617657451e-03
3.046070364579887336e-04
1.939212297685056563e-03
8.386242316167209733e-04
6.848610741008305481e-04
6.611507485806871268e-04
6.781050222800167259e-04
3.585782770265630607e-04
6.260262345340112571e-04
6.192711540046971384e-04
7.644548997346461853e-04
5.086079615880605923e-04
8.307083558720179325e-04
7.811371585074803605e-04
1.188876944790526581e-03
7.568542203078643463e-04
9.036143191907831376e-04
6.142192627370522164e-04
3.649285987422770986e-04
9.810108061126885780e-04
3.965844986577146854e-04
3.826162604923979971e-02
7.310413006194072796e-04
3.467424296575845029e-04
7.705597558101111993e-04
4.525195063580397217e-04
3.577847536266786288e-04
3.354354310188929159e-04
1.789041753670882326e-03
4.316142298557937729e-04
4.669164087840431280e-04
8.942616805369018240e-04
3.424445301458124875e-03
8.740602503710433050e-04
2.879352538249018117e-04
8.436490353990874422e-04
3.635898598379081132e-04
5.046952695583366896e-04
7.825083492429909821e-04
1.107543553891609774e-03
4.605588491781119061e-04
4.202965086182172206e-04
1.314255795861416767e-03
1.226252309329497721e-03
2.014899961933979203e-03
7.150970000641916407e-04
3.695146728040171833e-04
1.247201556955556409e-03
3.667286353849144175e-04
1.450929560192327312e-03
9.630178927309653632e-04
4.027587329955370108e-04
3.877140160491713726e-04
5.279497443724831367e-04
3.671942140180484496e-04
1.234062259178132044e-03
4.718425184633049350e-04
5.115638593714824309e-04
3.252768259343760508e-03
5.485671055565037721e-04
3.933301528727349387e-03
7.996531533937235002e-04
3.656702708439662467e-04
7.312071945050689463e-04
4.214176063355094099e-04
1.619122525202108982e-03
6.900206622915140134e-04
2.433258814273650073e-04
9.555613636336198055e-04
1.422921636911437604e-03
1.227308921710412726e-03
3.226648878785339457e-04
7.426857328306662488e-04
3.393098392714352131e-03
2.630536470725807559e-04
8.888332973880772774e-04
1.038443510120934648e-03
7.750030464514462251e-04
6.510159601906105207e-04
8.407407295276895370e-04
9.746505042080871482e-04
7.385498028007364980e-04
1.028697734294217519e-03
9.037509216783134623e-04
6.544622020665929194e-04
6.451490646738194945e-04
6.628248821625450614e-04
4.290520085387201032e-04
7.147449729378179979e-04
1.062094718935488371e-03
8.156851008896619888e-04
5.478391672864164333e-04
6.755170920976659096e-04
6.912650050002751940e-04
4.699101836192729766e-04
2.956575646548394165e-03
4.981330950656816681e-04
1.196679306550402656e-03
8.507880951554570815e-04
5.708623031575832353e-04
5.582990872823556617e-04
6.039685760302245790e-04
3.654755752407078573e-04
8.287206548387257999e-04
1.576453656017239024e-03
4.614561895676561228e-04
3.676888185996096681e-04
5.479324361421511469e-04
5.993422860933210125e-04
7.706829793181385916e-04
9.754305506891103100e-04
7.193161940948328802e-04
6.414796073125858837e-04
1.164180519961596251e-03
1.070657437138906919e-03
3.107532887647368024e-03
7.332031540995514584e-04
1.278276387323957477e-03
5.870985410990740578e-04
1.580940973175082049e-03
8.083352586149219901e-04
5.128506875470413518e-04
8.415160208378269589e-04
7.633943688634745170e-04
1.088181876367426675e-03
9.489728000111305505e-04
4.118305775664143106e-04
6.013394420460534042e-04
1.026871176689034227e-03
4.769627347881191218e-04
4.442427709827318871e-04
1.685422772742020117e-03
1.442529288437893048e-03
8.012668657124202842e-04
1.152218953227635923e-03
9.362827944140786601e-04
4.816756538313689143e-04
5.877204338123177916e-04
1.026075389498066820e-03
1.012854357322857165e-03
8.295014901930991775e-04
8.083352586149219901e-04
8.313010839638542088e-04
4.360760041453967304e-04
1.147771405146564205e-03
1.572536105265409483e-03
1.492178519685267730e-03
5.707309635751095468e-04
5.867001662270683550e-04
8.516800086117557898e-04
9.887218083452576148e-04
3.656057304795396704e-04
9.856815580187943369e-04
6.356828100996523342e-04
4.077765179586596801e-04
6.203953931079688507e-04
6.277411392701892591e-04
5.862105700019652104e-04
9.015408499786999909e-04
8.675013147809952294e-03
5.588389770321387654e-04
3.317360339570817312e-04
9.242721633789110569e-04
7.914226687118377070e-04
8.079053012818591993e-04
7.695228238030415394e-04
5.765291647323863644e-04
4.979555613348666220e-04
4.884418130023411705e-04
7.717693456323194805e-04
3.244173200527471733e-03
6.560497612766462341e-04
8.078723544071638330e-04
1.667003056064845492e-03
2.200112595025442274e-03
6.911720827849483729e-04
4.265912988475905362e-04
1.158900704969369156e-03
5.194837243988590942e-04
6.015099249864350661e-04
4.591393154997510631e-04
4.039376311170168204e-04
3.427931903986506691e-03
5.097015779321619703e-04
6.622503596434230850e-04
3.728332601502380890e-04
9.856815580187943369e-04
4.814340523580384087e-04
6.116855646723915775e-04
7.790153174485735937e-04
6.863452839121299059e-04
6.596210799113957435e-04
3.821870234862077831e-02
9.504005019715346591e-04
4.575848819357043458e-04
4.920173250013790828e-04
1.435400213308897976e-03
5.269264885430446042e-04
3.710510275430732997e-04
1.937237920762903496e-03
1.537527794826655135e-03
9.890689350350793767e-04
3.613234146964230714e-04
3.253775218262938522e-03
6.325399545528266436e-04
4.870068526610088619e-04
4.668366946770145212e-04
8.076603943290115847e-04
1.685131272159308847e-03
9.817106386552298340e-04
5.670834215445119892e-04
3.907847761147863479e-04
1.927617928629139256e-03
8.044579458327408630e-04
4.225398863315462847e-04
9.583533664053459555e-04
3.724880351657603068e-04
4.999672164161464297e-04
4.927235886326030876e-04
9.367300097638145244e-04
3.746021774119154832e-04
8.505438737867580552e-04
1.073651102131009715e-03
1.199068016798586576e-03
5.906705418783368602e-04
4.138484026905338850e-04
3.797911630081088384e-04
5.434909822651887721e-04
7.276113497397233712e-04
4.923620917055626179e-04
1.070056315772872912e-03
8.169208062357214729e-04
3.327850209780233476e-04
4.543142397296184680e-04
8.505438737867580552e-04
5.479324361421511469e-04
1.041263120117006140e-03
1.154688093156739769e-03
4.629891164608389330e-04
7.004478173212510270e-04
8.920454383707204218e-04
4.250999348247558166e-04
5.454600156172099978e-04
9.285283301491310945e-04
1.157106126748983898e-03
5.943030047342401454e-04
4.910378021870350548e-04
6.256976652718191159e-04
1.117821671647986539e-03
6.318538492005860811e-04
3.722161341080843129e-04
6.284898337931847569e-04
1.019452009207925123e-03
1.373228655572090746e-03
5.001261972184356357e-04
6.253595565298775485e-04
3.865614364614393655e-04
4.195136054470887245e-04
8.180818659008738062e-04
3.413344180750954257e-04
1.163242782417655500e-03
8.024256849413833985e-04
1.176207978273091951e-03
1.471611274409826515e-03
4.403355613712389141e-04
4.298834869800585365e-04
6.416147421371889287e-04
9.716797891854597443e-04
1.842586157289584576e-03
6.575570438904127001e-04
4.421667363675867201e-04
8.537506210868847385e-04
3.738523036686457689e-04
7.665904014336711800e-04
5.871808205551952691e-04
6.924204661401339939e-04
3.958254435855085339e-04
9.563436930901059391e-04
1.037110170110709315e-03
8.715388225959208937e-04
4.344006214163777073e-04
4.296050323508462899e-04
6.346601767862104521e-04
1.538917090220145046e-03
6.981848152326804299e-04
1.098897059173408733e-03
5.308403200888999179e-04
1.736121628155509354e-03
8.480367668333446901e-04
5.766580219740772553e-04
7.176655480423513355e-04
7.457152990941291141e-04
9.801288069062209091e-04
2.348922302559286902e-03
2.510261018409389640e-03
2.073117670581017553e-03
5.837572791607576221e-04
6.665732398844580577e-04
3.355152895843199995e-04
4.416696469739201324e-04
4.176168086560543306e-04
4.284132964909331972e-04
1.153612695644921915e-03
7.725245641785103519e-04
9.311651171521758384e-04
9.809823920600840852e-04
5.807904387380143172e-04
3.875486499563955993e-04
8.072113135044308102e-04
5.659511096229945769e-04
8.981468106525788671e-04
6.888905294134817486e-04
7.703954396569058245e-04
7.535011781378766907e-04
1.111892699844729436e-03
6.919501862344851770e-04
3.378782222863318716e-04
5.277245835830133257e-04
3.299019399084865021e-04
1.501888701703339149e-03
5.761057547567449916e-04
3.353435705524203500e-04
5.546686598176909589e-04
1.909010351533199949e-03
7.074433426617424961e-04
3.781756039434037682e-04
8.740974016486275549e-04
7.879278278499959182e-04
6.400270252172399069e-04
5.894963038339559418e-04
1.070853034068367350e-03
8.431726187585090538e-04
1.107314252673858484e-03
1.862637644790061291e-03
4.029123897537396524e-04
