2.334779862367799066e-04
8.640855687722620408e-04
4.123175859988917617e-04
1.035627876579741421e-03
4.028055001011305409e-04
1.072732870969721327e-03
1.343208550101163004e-03
4.072768333756017988e-04
5.133326037796882716e-04
6.480893748090518726e-04
1.951113614825277041e-04
8.316346988973485638e-04
1.306957397782519898e-03
4.679444790268719656e-04
4.271795326024538635e-04
4.787973194496749816e-04
5.997182472714043680e-04
6.474468474080382523e-04
2.854605921557898103e-04
3.029940994275500212e-04
7.221938142625982000e-04
1.103796408630134274e-03
5.563650551022403332e-04
3.497680493223267973e-04
3.984104160933319219e-03
1.587153946668260710e-03
9.829683186700504966e-04
3.389182734644268402e-04
3.777015803021812885e-04
1.274102107666945718e-03
8.043292244644760893e-04
7.784553655066468129e-04
2.995711343418542053e-04
3.731207533107460902e-04
1.040807602331591001e-03
1.742156143283853879e-03
1.200722780045228484e-03
1.986109261237165025e-02
2.827602801980169580e-03
9.232122949277385589e-04
7.536121178355519382e-04
3.163848360532935567e-04
1.757506675784688884e-03
1.396535995285368408e-03
1.444188267790013800e-03
1.127369544804821292e-03
9.197988766862485446e-04
8.276642851161153782e-04
5.028179844629731849e-04
1.510679683279182815e-03
5.622147246800079587e-04
4.213966179589957576e-04
8.067139619202903008e-04
1.143732349726599845e-03
8.834653495079078031e-04
3.327881382752747338e-04
7.783694884350966228e-04
2.116168264398793960e-03
4.988581276780325617e-04
3.949450223662704100e-04
3.521909879552638772e-04
2.007761421119989408e-03
3.915951812613987473e-04
6.102329922575963411e-04
7.200535984367529641e-04
5.303638436739593117e-04
2.222470874882937191e-03
3.712814905975373651e-04
9.928574625861395168e-04
1.127369544804821292e-03
6.121549738515246570e-04
5.048303073095278173e-04
5.214903465142741931e-04
4.607798024465484189e-04
6.123358168999523980e-04
2.681222975878295740e-04
5.980404826417584684e-04
4.895269006023519193e-04
9.059983056800712973e-04
1.174968535699807840e-03
1.038576093262259716e-03
5.434165080604782530e-04
1.456043172432922505e-03
8.258357775553197425e-04
2.365164401631945044e-04
8.825943611828584697e-04
9.056109296862859068e-04
7.835902659486006228e-04
4.261899048874345092e-04
5.807145330516402977e-03
4.572783257651091512e-04
1.040807602331591001e-03
4.601986237923479496e-04
6.341752770216056928e-04
1.408109486120829191e-03
1.162953328992361339e-03
8.612755307808717250e-04
1.015715585011721725e-03
5.392779773164468535e-04
6.220876288315079243e-04
3.974010922179560079e-04
4.097305146216215980e-04
1.151279915600934975e-03
4.262536180431033216e-04
8.317938581106856409e-04
6.569266418198016835e-04
1.554020354224416216e-03
1.496847443602732607e-03
6.791950495422897091e-04
3.253172386460709384e-04
9.475399551124096898e-04
5.593468115054756181e-04
4.021295819010822629e-04
6.963172690662278565e-04
4.814084315751358811e-04
4.370479694100973668e-04
7.591974859849120105e-04
3.165550061431858780e-03
9.805144102274637990e-04
1.400057781755802144e-03
9.330676194171217503e-04
1.370067830648260014e-03
5.180663050580878093e-04
1.050958336068184840e-03
6.611506428336180394e-04
4.971330685132886555e-04
1.757506675784688884e-03
9.383935343528636459e-04
2.932459089534819011e-04
4.501362744981721458e-04
1.497144529230621732e-03
5.820975626057816850e-04
1.027926803445217661e-02
9.787548392296595897e-04
3.493862917557962583e-04
2.667524135296979893e-04
3.951971562117658171e-04
8.877832167381486490e-04
2.839960217776637749e-04
6.899976963448221099e-04
1.023237117706490363e-03
5.863997296500847445e-04
6.957727002901500793e-04
6.343393533562503329e-04
4.221718672689433950e-04
7.471898191614025466e-04
3.807617792099928303e-04
6.913151950501825660e-04
3.919935016306058000e-04
4.273803496265696569e-04
4.864018263105282687e-04
1.270080659915915570e-03
5.114816843495775941e-04
1.489055341546163510e-03
8.863626371853816285e-04
9.140305592520334924e-04
4.333895742146227437e-04
3.665285615813937176e-04
5.449056215098538238e-04
6.401655954797821771e-04
8.513249691841805926e-04
2.048332420548676109e-03
1.381364806989310605e-03
4.869026355782975061e-04
7.882715373333941443e-04
1.444498809771082009e-03
4.642114057203219402e-04
5.113163990438103056e-04
1.086759323985939715e-03
4.747638459516739535e-04
5.270370801479424411e-03
3.697667280418795465e-04
6.609239551210895330e-04
3.749512140115134756e-04
1.024381899636348913e-03
5.364545042475175581e-04
1.429156621581396166e-03
2.019208753558494451e-03
8.307057996051650083e-04
2.499066977035696580e-04
5.668001657701434966e-04
2.421885511779794248e-03
5.353699915064894909e-04
6.624212877523123809e-04
4.263842226459718383e-04
6.796501677453609634e-04
1.281528420737219681e-03
5.455451649761116923e-04
1.948091749440824388e-03
5.719475325436896521e-04
1.201550755518648308e-03
1.927959174289562089e-03
1.058458093372056149e-03
7.445572421249046190e-04
3.491076065161586705e-04
3.587777688468845520e-04
4.309036584917485461e-04
8.655419833133147240e-04
6.110667312020834265e-04
7.944802382553892367e-04
7.606815554033023730e-04
4.793696119989287454e-04
5.717983691045987627e-04
2.876068729347390713e-04
4.713109782909566110e-04
2.278259032980134175e-03
7.683589507206863315e-04
6.458707482480000126e-04
1.405255647241880753e-03
9.919641426818174429e-04
2.142671813056913534e-04
1.029923834278365438e-03
7.122652760411386352e-04
1.046353871381695616e-03
5.004483617992444436e-04
1.862712622408113205e-03
2.801807004151628711e-04
7.672256826620209476e-04
6.944108779562055802e-04
9.330621975389098363e-04
7.965668650462565939e-04
6.764887100395073792e-04
3.264711750494166381e-03
4.379399133424427830e-04
1.026003634325225533e-03
1.063845889846730050e-03
3.610508354130781460e-04
6.326815192260372292e-04
3.599728709010872104e-04
1.994374742941977616e-03
1.646158735944441018e-03
4.642924408807690595e-04
1.353159787954930733e-03
6.351177553109660454e-04
6.149079270720692178e-04
5.024717847399882628e-04
5.002591490338255051e-04
4.858815864954412617e-04
5.284508264927256825e-04
8.686345479494686408e-04
2.518290491356772070e-04
5.284328516642332893e-04
1.022423206066154977e-03
5.477690122461705826e-04
9.252987116724760127e-04
1.027613566992132419e-03
6.969155858376514931e-04
5.440530587343412466e-04
4.071885319828674309e-04
2.896099761968295603e-04
1.645298917634998919e-03
4.040880285095963605e-04
4.379399133424427830e-04
8.157890831767372316e-04
7.021566727968883009e-04
1.180107304801339234e-03
2.379081373150751088e-03
8.423316829696455557e-04
1.145058686536701417e-03
4.439093334000838347e-04
2.733064896767610692e-04
6.524642622232520702e-04
4.309330296453097418e-04
6.400704338655543394e-04
3.351618279778628869e-03
3.855678868598284847e-04
4.973990586957832997e-04
5.194402191898616012e-04
6.324067287981658759e-04
9.700861615948679073e-04
7.061669900490605712e-04
7.762057087842638920e-04
3.926259457359731662e-04
1.940923107314327127e-03
9.344696729792694801e-04
5.093199298263002047e-04
8.476801224555930445e-04
7.696325641846907392e-04
4.020806085054243520e-04
5.284677875771918521e-04
1.331372267294555350e-03
3.335863174678486412e-04
5.569371057088906129e-04
7.477378996579077961e-04
6.618708362294662643e-04
3.529752010141988527e-03
6.090054710010762767e-04
5.762894717320065502e-04
3.306184594611170403e-03
7.710999195481104242e-04
5.537055621791302186e-04
4.579336164034435272e-04
2.212959929953386669e-04
3.670670211671122805e-04
6.121128983188191220e-04
1.151313445167130968e-03
3.482142673294361590e-04
5.396896639895895371e-04
2.389278872012557103e-04
4.119707290815622681e-04
3.007565769306101700e-04
2.706355999530871289e-04
3.984104160933319219e-03
3.141889490504641059e-04
6.395179986232404521e-04
2.292176054880526708e-03
4.357164186753391898e-04
8.203014441773328865e-04
5.742470926665412759e-04
1.180012065431871324e-03
1.103796408630134274e-03
1.701292384857139078e-03
3.352136954800235646e-04
4.120195275160612285e-03
3.111858172684669956e-04
7.594965548539340866e-04
6.008860106935850348e-04
4.733373073602440795e-04
6.207411813468499294e-04
5.673672043474417906e-04
4.012631166095438086e-04
6.309269314231060388e-04
7.783402063750522251e-04
9.645599313300314654e-04
4.549714707653463881e-04
4.129743527874532019e-04
5.923133760819021846e-04
1.178464559811148770e-03
3.540422126014208934e-04
8.869874689013883089e-04
2.250615220893691874e-03
6.720369959731643892e-04
2.123515244940393787e-03
8.535101634809716311e-04
5.243862960426223319e-04
4.194594604184144503e-04
3.479484364387670672e-04
4.255881547301718906e-04
3.277739135190621609e-04
1.231703838574560927e-03
1.080865126785085983e-03
7.327702163513852588e-04
3.973576442053930609e-04
7.604275724485623370e-04
6.665852789296004745e-04
8.147045863908597765e-04
1.805436749641862581e-03
7.456215794226547355e-04
1.020689635312229228e-03
2.007294306253753330e-04
1.652272315368345573e-03
5.880363416944483492e-04
8.192805713490483978e-04
4.928026193369493225e-04
3.228659021751314551e-04
5.317940678132208974e-04
1.647580167910424548e-03
5.962220510911993981e-04
8.637174132214438900e-04
1.911111977035932091e-04
5.148752799355962211e-04
9.871290803720794357e-04
5.240586303931164943e-04
7.316270129422187962e-04
6.591947132863862184e-04
1.920119991068591639e-03
4.564851324158124366e-04
1.556674596509682656e-03
4.035988399553365339e-04
3.938602397134313964e-04
1.460987668285906827e-03
2.987473363651633475e-04
6.154064153553036277e-04
1.029923834278365438e-03
1.016302796356809883e-03
2.880508179669378165e-04
2.867272377454881398e-04
5.173648070556228270e-04
1.680109441088454550e-03
3.144835889884043528e-03
8.043292244644760893e-04
7.202505005228954527e-04
8.448375217114503831e-04
5.541794103636127952e-04
2.038438852083153223e-03
8.695848081657010960e-04
9.505365255708283752e-04
9.335502819231102957e-04
9.383995896349865869e-04
4.746000621368404756e-04
2.406812781201918619e-03
4.298694787664551244e-04
7.538104703283635437e-04
5.133326037796882716e-04
5.040862448248865446e-04
4.306707045448591618e-04
7.169299989558812784e-04
6.072530081166014476e-04
8.775193902711863518e-04
4.924744101083944163e-04
4.204338788810608693e-04
5.912533604518047147e-04
3.325723276616265639e-04
5.283897234055664463e-04
6.396850701969343913e-04
7.079706470766796052e-04
1.108701896383003762e-03
4.807788111327236614e-04
2.996871486523432345e-04
9.923664881969359534e-04
4.804119711630322411e-04
1.629500789792693574e-03
5.495640325537245801e-04
1.646797239861441664e-03
7.831014997582230004e-04
8.123404454322636021e-04
4.796227196727051337e-04
6.751892690069474443e-04
4.012699348256645523e-03
7.933558398301878518e-04
4.408662430234705867e-04
7.647901146713114015e-04
3.789318039111067319e-04
9.882747499935641382e-04
6.065992082780888783e-04
5.508698264968996203e-04
5.625145304912939747e-04
2.819863303132655297e-04
6.677861885638585035e-04
3.665692765028127995e-04
1.075217928142569801e-03
1.034927196062864234e-03
2.139663051527301288e-04
2.967935106713602360e-04
4.055422845652579687e-04
8.434367621866899895e-04
3.849197845845956484e-04
8.686345479494686408e-04
5.287118033483308513e-04
9.058474927992896455e-04
6.458383477939436340e-04
1.589692258764669386e-03
9.790174134564465919e-04
5.475066233096105356e-04
1.190864344793311552e-03
5.288568942005265243e-04
4.227516977117206655e-04
3.700402971720348380e-04
6.325311882555339701e-04
1.293951595588934723e-03
4.758931553959474853e-04
3.769712692787842000e-04
3.165845418981718057e-04
1.121227363289214931e-03
1.203189375891336845e-03
3.911628932932187668e-04
5.475663367337544685e-04
2.375366884224157718e-03
4.018038721106602742e-04
3.296006756370224462e-04
4.043522596799339354e-04
6.158669849046573578e-04
7.826325656843835694e-04
5.099105559260280057e-04
4.961168228813454253e-04
8.727951916488289625e-04
1.375533456577937531e-03
9.601740686638021282e-04
5.217423738527371315e-04
3.425849401056434498e-04
6.520621481090527107e-04
2.181301349076561187e-04
4.679444790268719656e-04
8.285911654332278218e-04
1.305964050501926162e-03
2.292254360765786248e-03
4.354989626065103271e-04
3.060031783115980757e-04
5.857361485019746102e-04
1.555117821313699083e-03
3.981008019890907245e-04
7.393292977013047381e-04
7.489810285514499587e-04
3.075438300821223075e-04
1.765334650609838921e-03
1.782979778853794684e-03
1.073564713548995657e-03
1.341402369144520726e-03
7.081558293001220892e-04
4.337529981754140456e-04
5.992747662807725679e-04
1.621840360684169858e-03
9.460359683712038807e-04
1.467162148780865386e-03
1.052373153991361873e-03
1.207701594138001211e-03
5.609955131235636093e-04
9.151108145434345585e-04
1.846429882918967447e-03
7.260879090645374484e-04
1.037248261464275741e-03
3.473743494356563120e-04
4.324993723572950429e-04
6.363624283733958003e-04
7.384782607652972536e-03
4.090637220654588942e-04
7.404731478274624665e-04
4.035362673299597303e-04
1.359466109731932238e-03
7.877966330393688672e-04
3.404808696278349592e-04
6.414858071894687097e-04
5.985784462675558960e-04
4.529427372658794380e-04
8.727951916488289625e-04
3.725442565439594051e-04
4.814084315751358811e-04
2.954709434213626125e-04
6.772744451702731022e-04
3.237745495158812921e-04
8.479621784634541488e-04
4.187992667564922368e-03
6.329763308168646170e-04
2.858101518674364895e-04
6.273600137973243777e-04
6.551940685403701047e-04
9.386865092484780130e-04
4.253136010513366028e-04
7.588747072731443334e-04
5.020678395395678862e-04
3.630944602743073324e-04
8.202377537629166942e-04
5.133326037796882716e-04
3.204404897178528733e-04
3.277477541226987267e-04
6.640016823880852750e-04
3.638314519876800377e-04
9.214533700277608482e-04
3.075327282731103815e-03
5.447989613269245152e-04
3.172177192556582424e-04
1.537789386250706242e-03
6.398293330286040047e-04
4.155699687853250382e-04
6.317714050253995508e-04
7.636735473606713056e-04
7.248953247529506911e-04
1.155404349367603924e-03
5.008365477884425907e-04
2.335113888785149416e-04
2.789469566282808122e-03
1.491858753921928779e-03
6.825349719020581225e-04
4.688691417844831474e-04
2.622829005724848245e-04
8.837594988266548072e-04
3.408110268376209062e-03
5.798029178155799691e-04
4.813144591540937539e-04
1.627446482974386020e-03
1.101561171576086488e-03
6.302604024847362945e-04
1.752565842804644849e-03
9.321112835946055971e-04
3.088080324160410854e-04
8.270548839982073443e-04
1.260335265698405566e-03
1.219964481795107313e-03
5.570818457379789592e-04
6.606886057389626653e-04
1.364720730275773269e-03
8.167245325373528745e-04
3.761081003867831397e-04
4.005934054103814368e-03
6.308914578459861276e-04
2.921844080136973385e-04
2.733622710496455945e-04
1.498185496180327045e-03
6.642499681946202909e-04
6.860286109113443919e-04
1.239137557340926413e-03
7.509897523710358904e-04
1.016875211491604378e-03
2.558872712814334047e-04
1.928836077766844358e-03
7.662270679351125807e-04
4.658058622624036932e-04
4.836067587307000984e-04
2.697384554171959777e-04
3.559647862923833177e-04
3.601193709573263248e-04
8.160849641812008238e-04
5.087417953353145887e-04
1.675581590254274699e-03
1.251973817050922337e-03
9.660557644647619529e-04
5.857218764980725656e-04
1.779788852550208194e-03
2.831445028992033743e-03
8.287544004183068158e-04
6.358773036248096177e-04
3.751570157277372411e-04
4.121240075753874609e-04
4.276353510382932630e-04
3.604774717508628726e-03
5.613414301005491746e-04
5.276321001641708953e-04
4.563778734601530536e-04
3.113355565183559617e-04
1.629733669319567398e-03
5.473383590534430885e-04
4.133080224253298570e-04
1.882587168462016274e-03
4.740268271090687397e-04
1.119914865064001617e-03
4.610704505527263687e-04
8.991624796068425299e-04
4.903382586624495908e-03
1.550491030847950258e-03
3.984104160933319219e-03
3.692647859993842922e-04
4.828919846069528224e-04
8.518381615518420521e-04
3.182308126054039397e-04
1.752572801397137871e-03
1.065780021284767247e-03
8.637174132214438900e-04
2.430507281052601918e-03
4.079232745602677274e-04
7.192730406364405927e-04
1.409388637955796180e-03
8.309251401527594514e-04
4.154882758518113812e-04
3.413961000770458212e-04
6.644503039303492273e-04
5.226690603924065903e-04
4.356688594837095758e-04
1.651669239877601430e-03
8.250367829609472903e-04
1.081247908170103814e-03
1.044980411012826462e-03
5.862568417913038236e-04
5.004483617992444436e-04
7.891013396911553644e-04
3.906566042414729594e-04
8.568032080690145486e-04
2.745019366514842799e-03
1.150146830804736750e-03
1.100420096694500237e-03
1.023614812047248836e-03
6.397190293317104193e-04
9.723043155631216471e-04
1.872799941133308516e-03
4.043810240413302768e-04
3.630142054478462262e-04
3.798732076254329867e-04
4.476312010681720243e-04
6.863328123244297283e-04
5.340123454189441487e-04
7.357777260065027046e-04
3.918685286575101525e-04
3.193987662186665438e-03
5.099105559260280057e-04
2.260341029707786491e-03
8.052150548581393742e-04
7.716378771021793368e-04
1.034551151529990685e-03
7.039066574218651217e-04
4.487867900747918859e-02
2.825162588290101081e-04
5.859089110799740527e-04
2.940990327761070010e-04
3.290306895589081414e-04
1.078109208700544965e-03
1.205549438253146867e-03
6.575639607598367112e-04
7.440959231195856107e-04
5.192007193618276362e-04
2.349356906981608668e-03
5.315022259085058721e-04
9.580475535411381218e-04
5.583509122501201629e-04
5.004483617992444436e-04
8.431110694609295336e-04
5.045245089736430811e-04
1.455816518591399825e-03
8.003285410283482058e-04
3.529325838476079840e-04
1.178802630543327899e-03
5.514899988301921177e-04
8.802021188557107145e-04
5.025765463181361501e-04
1.186052971269113687e-03
5.512575039271589913e-04
1.005633116805625419e-03
7.694581357919924418e-04
4.602962576190524594e-04
1.187392803372076984e-03
5.229619303926165289e-04
8.460726749111884730e-04
5.035461990403082219e-04
7.768704884743844567e-04
7.644124705538801615e-04
1.064634255259189893e-02
1.555671143894544941e-03
8.164628579126857744e-04
5.596590247726768597e-04
8.590263013336101212e-04
1.908504900305568264e-03
1.131705302316626371e-03
7.194071940442149735e-04
4.161895697906265964e-04
9.927616546587887583e-04
6.930005773581784500e-04
5.550291824303095348e-04
1.137988661101906659e-03
3.665868240339899319e-04
4.811514486206178967e-04
2.653561619006823691e-03
3.344172127167248701e-04
1.312263551847012025e-03
4.956414377745918661e-04
5.318883072726308427e-04
7.841114568338359387e-04
3.864411390943782768e-04
1.064196459107537253e-03
3.277477541226987267e-04
6.697877108893044839e-04
1.357764065047015753e-03
4.423258054399836748e-04
1.943002572574432409e-03
6.449580391031860217e-04
1.920119991068591639e-03
4.686085308631289786e-04
7.752028551044464616e-04
7.575766203516335999e-04
4.456884374242538476e-04
4.452958753459776800e-04
3.975928633761030302e-04
4.117942980189178066e-04
9.871410231867445984e-04
1.018534657105030520e-03
4.554941881984957684e-04
9.624593261100623841e-04
2.350735158510783990e-03
1.198597918940715870e-03
6.453832969505472056e-03
3.925126332176610573e-04
3.695773088622067546e-04
6.632305687665224908e-04
6.217046228629966899e-04
5.066439081223754557e-04
4.488628174796840020e-04
1.867640790484865121e-03
1.415318732460969526e-03
1.975325650891365976e-03
7.172823289722390656e-04
1.034069139494254129e-03
7.750465761373973852e-04
6.736913866784832033e-04
9.521895504851341343e-04
7.619437297492084957e-04
4.940728367556224956e-04
4.785147360518153428e-04
4.550539703569337160e-04
4.317290972510939503e-04
3.093202633829589157e-04
4.566895567355087459e-04
1.861780211747713710e-03
3.830641197534215519e-04
1.148602213775844335e-03
1.167775217571758589e-03
5.729604723554009580e-04
9.068459646286709764e-04
9.481850087319824115e-04
4.348049846469645018e-04
4.419262474798857539e-03
3.549701543573102920e-03
2.871234974964588190e-04
3.550106437964152171e-04
9.120851077584576265e-04
5.165184073116354732e-04
7.561340323096961457e-04
7.802189603772820975e-04
9.526996177471922607e-04
1.456933406341438244e-03
3.633703628986589221e-03
1.160073406794720052e-03
3.155881328288235275e-03
4.694485796968397612e-04
6.123956114592821404e-04
2.426568526471925178e-04
2.185219778613265405e-03
6.801768518442976837e-04
4.285686553673561348e-04
4.840765601037924529e-04
7.499775378589611241e-04
5.099591236069960995e-04
2.279120868873620118e-03
4.949146841275082771e-04
3.980875068822981640e-04
4.109795473961882833e-04
4.912555499822987559e-04
4.419558939578065171e-03
5.133326037796882716e-04
1.574171325841654300e-03
6.373128938396998601e-04
5.500089644422682857e-04
4.839504928547046117e-04
3.493444035356562468e-04
2.385706209725374028e-04
1.391168241177103814e-03
3.883055024985741397e-04
1.146281067742678083e-03
3.086506489120695806e-04
8.849696737801406119e-04
2.560831273130546241e-04
4.694457053953313141e-04
9.117408266660825605e-04
9.019377643853552584e-04
1.248247440642035735e-03
1.172471607181476989e-03
3.789391616982445954e-04
1.691853016017846661e-03
4.197681507129312267e-04
4.199644793585513808e-04
1.554654637026351089e-03
6.754051992480802902e-04
4.978890736305939752e-04
4.962628067554003585e-04
1.054674237972399184e-03
5.225391330530012668e-04
5.064184168302455743e-04
4.167034515896781799e-04
8.232891862800063376e-04
5.073600310533174637e-04
4.214195579403543163e-04
3.572746760621192457e-04
1.640076624815526218e-03
6.796601282551119425e-04
4.263927340478861614e-04
9.807990819605536589e-04
6.208071565738146986e-04
5.955642975953009738e-04
3.466375796777567591e-04
4.641812160386948340e-04
4.881888397365056142e-04
9.364916745311730123e-04
3.679300790584574083e-04
8.621310997873936561e-04
1.596570214242095265e-03
3.937920332202734424e-04
3.504044390928999671e-04
6.260812245286855862e-04
3.545785829919808957e-04
3.178927296115881718e-04
1.068107591540164939e-03
5.576551574417870378e-04
8.145009946580677269e-04
3.862140328080850373e-04
1.869729223578011018e-03
5.857616873022250797e-04
3.020822689057715837e-02
4.328322908235602944e-04
4.877132894745360003e-04
5.101118492371690266e-04
4.460672664599848515e-04
1.614459183898422912e-03
1.776813143004124084e-03
1.653669985912458850e-03
1.878267142173930268e-03
3.896340074985046691e-04
6.221191334325129477e-04
1.815139166950182747e-03
3.560150851112463917e-04
2.185219778613265405e-03
4.372780144383560928e-04
5.863727016980445480e-04
1.360048811558198885e-03
3.694586130015873964e-04
5.282390237397586487e-04
9.387456281600489857e-04
6.379754159492171707e-04
1.814367832497320969e-03
4.357050449564583050e-04
7.469747115943623948e-04
1.707265926022390190e-03
2.909522568845605817e-04
5.576303415413472186e-04
5.761861252461717396e-04
6.989650212435693632e-04
3.177119932809305768e-04
8.532482862171374745e-04
1.494177204723383607e-03
4.919494144947814769e-04
3.287103961683419083e-04
1.143983840349164930e-03
1.350131356535604283e-03
4.852852504567014527e-04
6.857731398477305996e-04
2.324347654977960422e-04
7.571090429320126046e-04
7.531731782217009541e-04
5.141915127041389068e-04
8.761830890709706478e-04
8.405684863893436026e-04
5.721393651731706111e-04
4.248426779283041876e-04
5.169280773162212910e-04
3.365948383518233564e-04
7.943587048891312223e-04
9.011852278211962466e-04
9.148829588997079007e-04
3.038764933138115285e-04
3.116759722122830912e-04
3.415375965215635833e-04
1.871790514444997364e-03
7.765820484100154162e-04
2.030768983965446084e-03
6.265560438410441944e-04
4.634995996633202767e-04
5.452008739406950105e-04
8.641648403149091839e-04
5.035666872640446072e-04
4.476312010681720243e-04
6.619660152908850379e-04
9.700861615948679073e-04
5.652496601116670238e-04
5.345473144145620028e-04
1.560245093319370278e-03
3.501227457855672198e-04
8.753950089102602826e-04
1.099638994152457409e-03
5.258737827494683759e-04
8.907176217202947841e-04
4.610689582281071838e-04
3.959120101246467265e-04
6.226928591991926897e-04
8.320062493109256800e-04
1.347029344983036517e-03
3.768289474565498522e-04
9.871358847458031917e-04
8.166171925178364755e-04
4.005065202700951979e-04
9.942664179355532959e-04
6.387846093294997137e-04
7.882819016034982914e-04
7.605498811610239334e-04
3.343719529218824892e-04
8.498858035102921414e-04
1.169321791505915789e-03
1.282945967627372721e-03
2.921844080136973385e-04
3.474515061517504267e-04
7.892056370663434349e-04
2.827602801980169580e-03
3.930065298038613159e-04
2.327848882650762521e-04
6.159387075552771830e-04
4.077183393231858708e-04
4.608187774328225913e-04
4.940761501656269804e-04
2.315915200049850371e-03
1.128957109222277801e-03
3.499608170725772576e-04
1.259556579570165731e-03
3.640246475333288874e-04
5.483635985120793692e-04
3.397508235725574515e-03
6.449649744304758025e-04
3.479901365153680276e-04
3.557032043415960724e-04
2.772777716598940918e-03
9.554938195543953442e-04
4.035988399553365339e-04
3.853322214967826696e-04
9.929977850503379083e-04
6.223338784917163084e-04
3.998435632038274744e-04
8.637174132214438900e-04
6.663614720132790201e-04
3.742888086243245822e-04
7.599249393228064238e-04
3.547089798000931191e-03
1.496847443602732607e-03
4.015394848096576078e-04
3.026820737103827139e-04
7.801022150232118750e-04
6.543079411851365768e-04
3.497436101049141420e-04
4.757354317860447153e-04
1.087919971791086095e-03
2.062286860098972493e-03
1.342701268048924817e-03
3.136280841925789473e-04
3.952347859222558706e-03
9.364138949848458716e-04
5.294854776390960300e-04
4.286769426073130181e-04
1.051769530779005524e-03
