7.326041383017782137e-04
3.401289735156381566e-03
1.158044797359647276e-03
7.129953478330884088e-04
5.286972886790547920e-04
2.993421095154745102e-04
5.306697637486004933e-04
4.265728775572332149e-04
4.517752725201494221e-04
5.373352797231093717e-04
1.250081572101028552e-03
2.220059144688259992e-03
5.429565327294369904e-04
8.619805969828788590e-04
6.585770830486885113e-04
2.259084977417792715e-03
2.109064059201283103e-04
6.916130251503347162e-04
6.265470342989992725e-04
1.283741071247462276e-03
1.032548972096893102e-03
6.831718557097929499e-04
1.807671016595178634e-03
5.889090544501014192e-04
7.031864417445373924e-04
5.507762920880975238e-04
7.613095005705338607e-04
8.713541917074722363e-04
3.693504572224274598e-04
3.814049599713172914e-04
7.858922542723035740e-04
8.663361465014994024e-04
7.854275534795658901e-04
1.134401899588406096e-03
7.433437592308635503e-04
7.266053448799300206e-04
4.986135332601956223e-04
2.637180043491230835e-04
6.314637460981087184e-04
1.769603138181110886e-03
8.116036731075009858e-04
6.709351878423383628e-04
7.954104604102539512e-04
5.220537878049965556e-04
1.228250342954560325e-03
1.154286400919848346e-03
7.017537487666420607e-04
1.104800359559696870e-03
4.726952400887269212e-04
3.380757020451715701e-03
1.299736610122983289e-03
6.341906857903706427e-04
7.941815727890537413e-04
1.873081640463259865e-03
1.119961852691671441e-03
5.749303445924002463e-03
1.358428698055614029e-03
4.134587803599936492e-04
6.044582347320985507e-04
7.663654214078489089e-04
5.773924310930698012e-04
1.263876302616089671e-03
7.901194270302514802e-04
9.987587177626626542e-04
5.245803954365799333e-04
1.366943998668905405e-03
4.311806078010129448e-04
6.003580914519076250e-04
3.194420597578499495e-04
2.330541316478466907e-03
5.513042854768915486e-04
1.434789516402479488e-03
4.359028198496317616e-04
1.603168603299855470e-03
5.785090890974058314e-04
2.470181893769884170e-03
5.925627268798120198e-04
2.348391946978421480e-03
5.118938643587468218e-04
4.967337310511577226e-04
7.696371949210313460e-04
3.384883687850949799e-04
1.105422096336108363e-03
2.290284808154673026e-03
1.955623273214959854e-03
5.874946882633473935e-04
3.958062733766902204e-04
6.672723430088134140e-04
7.009873955860032200e-04
4.655809438596550907e-03
8.926884572826738464e-04
6.261742435514212847e-04
5.158157070203557614e-04
1.298074902789258687e-03
3.820033259467705048e-04
6.189433581012009815e-04
4.594564945348886937e-04
4.436226124068470920e-04
3.610345679571841447e-04
5.700305442120751596e-04
7.323478985655556758e-04
6.854932495766426822e-04
5.269743766090715514e-04
3.408677278809164163e-04
5.967994981238318583e-04
4.527506250911598508e-04
5.559832707983615105e-04
7.754254076401139893e-04
9.016512169801451726e-04
6.704394213990563789e-04
9.772970633230289132e-04
1.386479559747716634e-03
3.026349096033338734e-04
1.353527881497941249e-03
4.441004437600849786e-03
3.439477412850578514e-04
2.120314274238871942e-03
3.070330851292047509e-04
5.123601449111386515e-04
5.179277278896918290e-04
3.267741501584236173e-04
2.387488703798720693e-04
5.260779351035928773e-04
4.254763745228621490e-04
4.948313580289585237e-04
6.951291554567536491e-04
9.540948620920156704e-04
4.705354683737207827e-04
4.757641751899440341e-04
1.712296273387872107e-03
1.329176635436001182e-03
7.647887759379434248e-04
2.078493786599165411e-03
4.457753521358451482e-04
7.961017335926521329e-04
4.091384054223803175e-04
3.308123456987016424e-04
5.495141478958579656e-04
2.940212227441437094e-04
5.137538169996986193e-04
7.372580724446624323e-04
1.483383913748645769e-03
2.980524224990390488e-04
5.763859594277262900e-04
1.092560962071893954e-03
2.562197753198777218e-03
6.490770832104445767e-04
7.918530943534023928e-04
4.711448676103820849e-04
9.947184624093739335e-04
2.720062151626108566e-04
4.616073297236572863e-04
4.913227052906196830e-03
9.463327984423763753e-04
1.138903760801199304e-03
6.587594256498765372e-04
3.610652337905382388e-04
3.073890557218218311e-04
5.109336069137692228e-04
1.139187125567702559e-03
5.683024200156926034e-04
5.073351248151195371e-04
1.532077389797023613e-03
8.696728086656598704e-04
3.463189706276258812e-04
6.420181132638441094e-04
6.230374338825829701e-04
6.585548639906591787e-04
7.444487957685215918e-04
7.097644449298915305e-04
1.688157458992964972e-03
4.240543359460251650e-04
7.742459452347399919e-04
1.086633775485315546e-03
1.323922135829958338e-03
9.237484623525644978e-04
4.379769206691785043e-04
4.063497405952061145e-04
4.164831386373254053e-04
6.459860903772275979e-04
2.111383831821737455e-03
5.765872391631889689e-04
4.521288834045063851e-04
3.751746100830058526e-04
1.410608579577664334e-03
3.770489636269976942e-03
4.300755277428676675e-04
1.202219348470203461e-03
2.439690980244334922e-03
7.218616150035455162e-03
5.696190696337330743e-04
6.866197703371883189e-04
1.056134386552925975e-03
1.197230255968938619e-03
5.844503933613141465e-04
1.195368205247565726e-03
1.415465579542517140e-03
8.263401739871427875e-04
3.549707220603383578e-04
1.055008945214094569e-03
3.780903191179568659e-04
3.653260065820433601e-04
1.215836323487063612e-03
4.974006295086777713e-04
5.265069253485427352e-04
7.647835494390171776e-04
4.015405829780196805e-04
1.622852546155114555e-03
1.116031070073764900e-03
7.362995295523396336e-04
7.661685365820417905e-03
4.609710894866369743e-04
2.726512056148902964e-04
3.827120174228419280e-04
1.123817564022141103e-03
3.549707220603383578e-04
6.015358100479484705e-04
3.620510355499555102e-04
4.695839710405698723e-04
5.198325131313269454e-04
9.701881945375939080e-04
2.592571557250983750e-03
4.829598104908215195e-04
9.016512169801451726e-04
3.201873748912667820e-04
4.114677293361646460e-04
8.581968573192450900e-04
5.645395523909500085e-04
7.980091893207391218e-04
1.388771068590456247e-03
5.151559688483377079e-03
1.832624925204632887e-03
3.806709819482275358e-04
3.381355620397306395e-03
1.348460453286071331e-03
1.306495471764289491e-03
3.510702536871793751e-04
6.017353575021200818e-04
1.429289438237145394e-03
6.959744052741749249e-04
9.927344432876566895e-04
1.516833493189618468e-03
9.781965494592354590e-04
5.886478597814591126e-04
3.513980296572607499e-04
1.008006213260198439e-03
1.221605249980374898e-03
2.669395178049737034e-03
4.584708640252869115e-04
1.258977499255410333e-03
4.348997004187010501e-04
3.148867106026402574e-03
7.638829823281118817e-04
7.533111144591308648e-04
3.373084048454338783e-03
1.461502260029604343e-03
5.634684993904208548e-04
9.860238149206053231e-04
4.040396174557268731e-04
3.085651672542070231e-04
1.130764377977457524e-03
2.003375407388596763e-03
2.695348392375274387e-03
3.529155771735434204e-04
5.371809220958777926e-04
5.649785887015206344e-04
3.410162340623341059e-04
1.667561972217339317e-03
2.420415887698260798e-03
5.643061063915652499e-04
2.199017334295475575e-03
6.621422265666277677e-04
9.259718764979116192e-04
5.529142734618348268e-04
3.929258505006962064e-04
1.204629778899916383e-03
1.536126103059133998e-03
1.591742792229877560e-03
9.354199146178723747e-04
3.946563940287141814e-04
6.021934118861315376e-04
6.757222950686379457e-04
5.186014923927805649e-04
7.018973930171077281e-04
2.704249802494464042e-04
2.766890662522259424e-03
2.064728875614114251e-03
4.661201420509805053e-04
5.262139662924877415e-04
2.542796285246668245e-04
7.023948671782112487e-04
5.064198317944123076e-03
4.913921357012731358e-04
2.319773449799994794e-03
4.944296504502686306e-04
1.866657803405958813e-03
6.074464669735599566e-04
4.830468597989201539e-04
2.880704815687379610e-03
4.779141764930346157e-04
6.264482082700544583e-04
5.421875007800103057e-04
5.715471906887721132e-04
3.141003652732910975e-04
5.771897220195346340e-04
6.723076817470690887e-04
4.398294009341532397e-03
8.241526988248981016e-04
1.619635226792949349e-03
3.797138829015028316e-04
1.130314756549919168e-03
6.402730153147385321e-04
6.986771044701301165e-04
1.013552522798497882e-03
4.930503577133930632e-04
2.326054451365029750e-04
4.791050957098187744e-04
3.695205624731210791e-03
1.092375604663218831e-03
7.788803816760525491e-04
6.934634431267718870e-03
7.224941853475996389e-04
4.127306629852506162e-04
1.005347532641314053e-03
5.289782826753358733e-04
1.089690351320831297e-03
1.276565134887090985e-03
3.869426760838211798e-04
2.785151598195158805e-03
3.425593829431062458e-04
4.096926209468787342e-04
7.201236791226641679e-04
7.425928077281082835e-04
1.076766627180456275e-03
1.238659392311252522e-03
7.854275534795658901e-04
5.984092684341952781e-04
4.348646287394604816e-04
4.141813047160350760e-04
5.565869643509727474e-04
1.301975687339133880e-03
1.223047276653802841e-03
6.648538207185807417e-04
8.386327647204275693e-04
2.175607141139818666e-04
3.308123456987016424e-04
2.852781906069067519e-04
1.925739050898338158e-03
7.996731851073929408e-04
4.608980180969278776e-04
1.912385619551877853e-03
1.444216100968842998e-03
1.493732766165988945e-03
2.745033345881644094e-04
4.693905700340528686e-04
2.207178366765450653e-03
1.792540534914387976e-03
2.489775214404834009e-04
3.684397496468757986e-04
1.313275302751462821e-03
1.744119273410677700e-03
4.617672056514966175e-04
1.006916905227466181e-03
6.661636782657425057e-04
3.964958505869060489e-04
4.441822678566123756e-04
5.825687836829215047e-04
4.367278989015150529e-04
4.070564126105365990e-04
3.599888890688228990e-04
3.783141505128823057e-04
1.329176635436001182e-03
6.281992109056535852e-04
2.355918921642394161e-03
5.332752404141223590e-04
6.490907060198516931e-04
2.957779436853343004e-04
4.038889363920654288e-04
3.797097428334476974e-03
1.054769500659204738e-03
1.067405074860661727e-03
2.914101593068174428e-04
1.957572451773704689e-03
7.287222083853460951e-04
9.522463812144159540e-04
1.462851365171635807e-03
6.319170184691402401e-04
9.253427794713688570e-04
8.069207182693138511e-04
9.709320543036038028e-04
1.067405074860661727e-03
3.551935901802467000e-04
3.550145060210339529e-04
2.267100638829270057e-03
3.854022036517026190e-04
4.874476678415373449e-04
1.676434122956763778e-03
4.810713824654543427e-04
1.514141952642793741e-03
2.423428671283393116e-04
3.928891222020229135e-04
6.336392236740451831e-04
2.202508751218534421e-04
2.787055567364274899e-04
3.495060774777222334e-04
2.748200682073687908e-04
5.239991559939768864e-04
1.848164490514765538e-03
9.072184983403226754e-04
1.318867629103417840e-03
1.225745205166690367e-03
2.826770265760757302e-03
7.649515968321190336e-04
3.833183548917790551e-04
4.675006068867050405e-04
6.326337470428799884e-04
2.598189579471705743e-03
8.149505640625260118e-04
4.849432057235458326e-04
1.062837497220930081e-03
1.365964579761759544e-03
7.252394878344669681e-04
1.151013612709083983e-03
2.845740411017313965e-04
1.270907195567688285e-03
5.602533941737482519e-04
5.787252184556087318e-04
6.440139734260014875e-03
6.230417639994544803e-04
9.120627458935533531e-04
8.015876899013818805e-04
7.050454743057661677e-04
8.291856844130809749e-04
8.037057321039040199e-04
1.183280326905587982e-03
5.131381353132453147e-04
6.769411564972526796e-04
5.842864417926876613e-04
5.269861937711484449e-04
1.432824173717194786e-03
9.505484431917099550e-04
1.713912895470813330e-03
8.475749229655081931e-04
9.197814569804961364e-04
1.158813030972004983e-03
9.847067232103454658e-04
1.196638582303072599e-03
9.623453519992221719e-04
2.473180041231197446e-03
7.400829479576100664e-04
4.660405578826959730e-03
8.377579245727627064e-04
7.525982119286643351e-04
5.266811965728781814e-04
3.179530166651269572e-04
2.986323105533541470e-04
1.818421907742639272e-03
3.510058872262718796e-04
5.764539527377377610e-04
6.977451145984481847e-04
1.673117073650425826e-03
1.104182960180488497e-03
3.116902825673733548e-04
1.776959654469314077e-03
6.824956526105205052e-04
7.346072087094143027e-04
6.704798734634983366e-04
2.178881830824679587e-03
3.195585060525237301e-04
8.756802633909729775e-04
1.225745205166690367e-03
7.323455161722672996e-03
1.822934040843285147e-03
1.882659987517192436e-03
3.701776230089654516e-04
1.321710955612538348e-03
6.744730724614785705e-03
3.764622776684485410e-03
4.158650279222804989e-04
1.313291045232338776e-03
7.469696797798587020e-04
1.441764246240447413e-03
9.987587177626626542e-04
4.335448538210019730e-04
3.746985084131819119e-04
3.258451849342002861e-04
1.056679757885366916e-03
9.721704215594163465e-04
2.338702856647970833e-04
4.608649104698306158e-04
9.044769744252254906e-04
2.386854835617936276e-03
9.939398364182709059e-04
2.694794208111658471e-03
2.445276116563246602e-03
6.149154096377593181e-04
4.665521593556003991e-04
6.916130251503347162e-04
4.658126007214053095e-04
6.110768056675772511e-04
3.590094207022492736e-03
3.103551568993596996e-03
3.546805102703496412e-04
7.553345454302525875e-04
3.390208914548296492e-03
5.541622444969437119e-04
4.118623258152626088e-04
2.679677984850142511e-04
6.194945153248927316e-04
8.488682436936064368e-04
2.633684862892576254e-03
3.590094207022492736e-03
1.419703683884582885e-03
4.733932922091771151e-04
4.647819178562267810e-04
7.331111601484717900e-04
1.285971109251245106e-03
4.490081330228486308e-04
2.980913473395250916e-04
5.689006541969342592e-04
1.266330775874570293e-03
6.253647582640482283e-04
8.291856844130809749e-04
4.802567563075804506e-04
5.954164121449984472e-04
1.420391234513311129e-03
3.484659425017965569e-04
3.270651408015267693e-04
2.906189658147101916e-03
5.505673087812450010e-04
6.878885697960642788e-04
5.148082461580100536e-04
3.450478303688124656e-04
5.697523746094327506e-04
2.114358143253992212e-03
1.005741688782957203e-03
8.559104424019718096e-04
2.680032643599194824e-04
8.320213660306653670e-04
3.976814322722716237e-04
3.379265027822864025e-04
2.063884287344601009e-03
5.277481944148417316e-04
2.236264628560304026e-03
5.311835985104686837e-04
4.366055967628949168e-04
3.223615960030675495e-04
7.197223390121420400e-04
1.185275737176923845e-03
2.818418463914221868e-04
1.127022586319998505e-03
2.477832003505469260e-04
6.545044062599040613e-04
1.977865477819464642e-03
5.742916734264817821e-04
5.115468116579806107e-04
1.118691701957598818e-03
2.322317868319678596e-04
7.055125670870248441e-04
9.025924403509264253e-04
5.506494551438061678e-04
2.921712270357240205e-04
1.056426620552620640e-03
2.605961551481600900e-04
4.597342852368623955e-04
1.937873845470826329e-04
4.697663682070037203e-04
1.313850019187509308e-03
5.362520066545987214e-04
9.906932061451592750e-04
3.992850751488031245e-04
1.818304801907065027e-03
3.760199982190885032e-04
4.850632520940583977e-04
7.728448825440656757e-04
1.328872337953287573e-03
1.066674301471343209e-03
5.053322933423934999e-04
8.038141446437993510e-04
1.295583310584614125e-03
5.061126800242433726e-04
1.471373252646996635e-03
3.319379563769853407e-04
3.645584433348315347e-04
4.969920028637839996e-04
6.342988415973957678e-04
7.747431850564334395e-04
5.681692195515935812e-04
2.533193341739742831e-03
5.913331849866080474e-04
3.786309512611017616e-04
4.193469525837417787e-04
6.575405079458331503e-04
8.910137358780901955e-04
6.714074876738545909e-04
1.289619086187392388e-03
9.316099902844052769e-04
7.059267296495782282e-04
2.264138685988543705e-04
6.459879726060702198e-04
9.238241137850235684e-04
1.734786853457632788e-03
6.780444855457583731e-04
4.117864033224894783e-04
2.241077644396062725e-03
5.731976088700011917e-04
4.534220856176088515e-04
2.672021641062125269e-04
4.554811020551655185e-04
5.938123323886310362e-04
2.983464026917013339e-04
1.177333928566159753e-03
6.786527362030935276e-03
5.654691887495062351e-04
4.201382381915003995e-04
4.557520540719531017e-04
1.269939316913497275e-03
3.148867106026402574e-03
2.098980947884862905e-03
7.650552173395894131e-04
3.835415390877507883e-03
5.787156931119267307e-04
4.782422839824837751e-04
4.924148371497300090e-04
5.849117736353039556e-04
4.206682528304666506e-04
2.152139349799752494e-03
2.664363129388335871e-04
1.225865597207669629e-03
4.160934292180529476e-04
4.665789793534453906e-04
4.363675093999983164e-04
2.565175994004785217e-04
2.770556804264092906e-04
6.801372235929031276e-04
9.522463812144159540e-04
2.119179185199493605e-04
2.547098343017313148e-04
1.446213920065531587e-03
6.162316604167862154e-04
9.622227362503233935e-04
4.636931447044762597e-04
5.097814768088447437e-04
3.508486166148351050e-03
5.064752469438277369e-04
3.503734575139154936e-04
7.424614636461823519e-04
1.079465908819696954e-03
1.132101882498169317e-03
1.777455056436263482e-03
4.440152555198853307e-04
5.762185235993111301e-04
4.164954468828099615e-04
1.941372636031707573e-03
6.041289733809060425e-04
9.220181565068089578e-04
2.390429261380007278e-04
3.689084156127782278e-04
6.594641651524025096e-04
6.016311451161914566e-04
3.817484521110985638e-04
3.435104358099217835e-04
1.476927342118725768e-03
4.919749095849664314e-04
3.495011321174716396e-04
5.392100361805445994e-04
5.656158588370619042e-04
2.109199438856721278e-04
9.033198692164050997e-04
1.255650427283899967e-03
1.057191260266461888e-03
4.251888310766498906e-04
5.450123794978853657e-04
4.801283878609943745e-04
4.435288025363029289e-04
4.748579386258318684e-04
3.781015067049941429e-04
5.280033714749445342e-04
5.819192289695367679e-04
3.727732988632721464e-04
1.172115065808840848e-03
1.303591761712340766e-03
5.504089780965336224e-04
1.012626095306296686e-03
3.072078554244628279e-03
1.864564632980260416e-03
4.152829683934666522e-04
8.112501317076613924e-04
4.101187146380932827e-04
5.977899369884583309e-04
3.402362176820881751e-04
6.164169273407285685e-04
7.186276028082880978e-04
5.118748035390738738e-04
3.353115939320632280e-04
6.943524307744354052e-04
7.052227981270693495e-04
7.025591078399898203e-04
4.751346318755905393e-03
1.270866478863733875e-03
3.569295133496175050e-04
1.084997827821232008e-03
1.123971623500624479e-03
6.306578775246448167e-04
5.126311414103045189e-04
3.800542012414646312e-04
1.270370383440142534e-03
3.587588571301487516e-03
2.749768825283344792e-03
1.330437544910956704e-03
5.308027391377123302e-04
1.203700461358778910e-03
5.760835235846183903e-04
7.110804937169092630e-04
1.078259759176973271e-03
1.540557701718163952e-03
5.517974768800533794e-04
4.735074769181489259e-04
9.218043603430645496e-04
7.199115709650553453e-04
6.930703452128966291e-04
1.620951101049926705e-03
3.771713389912255366e-04
4.440170015495567622e-04
1.294475934703474785e-03
8.929628445508564069e-04
4.290880465376294313e-04
5.912145265359038072e-04
4.200262923944070737e-04
3.223615960030675495e-04
7.140595682355505881e-04
6.531465978160290583e-04
7.389587696286299863e-04
7.940781634660949717e-04
5.488010373445157374e-04
6.703908748112114534e-03
4.886507514338667146e-03
8.312996003666363667e-04
7.581143087726122413e-04
6.476197391023596041e-04
5.513042854768915486e-04
4.143618438368144689e-04
7.277642660889759333e-04
1.623893329370250697e-04
7.515244169806470018e-04
5.938457402052628236e-04
9.963954485881240750e-04
3.195585060525237301e-04
9.207118563903532189e-04
8.142152268676967983e-04
7.151927327277848249e-04
4.280442225234406292e-04
4.957290342513775419e-04
5.130774827316229251e-04
6.888567548532680603e-04
4.366590995962674367e-03
4.272514885155572362e-04
3.511854289526224518e-04
4.363663471546612351e-04
7.673819453290477112e-04
5.332752404141223590e-04
2.908934813970062640e-04
2.683416071430301444e-04
4.156817599168365898e-04
1.035748708151113450e-03
9.505164824016672145e-04
1.461103311249175142e-03
7.876562399250792296e-04
6.096043133448178931e-04
5.667370377037106964e-04
1.025778799832682484e-03
1.472546780535998823e-03
6.095168129030718385e-04
4.835084657643166613e-04
3.550838798129626796e-04
8.808679626743585447e-04
5.688232663913632718e-04
5.139980344577159714e-04
2.465189075572378984e-04
6.571420340204069252e-04
7.442250798416605697e-04
3.271054795469691438e-04
1.054838724580420403e-03
5.925020535863309698e-04
2.215681500418863084e-04
2.344767092730302375e-04
6.056646432993283103e-04
5.532212903467104408e-04
9.797833746280715326e-04
7.257504719844207804e-04
5.503209469657931912e-04
9.860702849016200061e-04
8.082736144510095817e-04
3.063455916929512003e-03
2.524617144374852943e-04
5.705305090474440365e-04
5.282072207625430589e-04
1.056255673426332578e-03
2.656535677363396943e-03
6.709568352945401376e-04
4.294383275547728330e-04
6.053782659361848064e-04
5.358888467533504769e-04
1.452432524106794668e-03
8.282203659938897717e-04
6.319997896271910580e-04
3.444094813448625707e-04
5.733440212635056502e-04
7.463654472296966632e-04
4.166857537036545273e-04
2.909478354650254974e-03
4.348997004187010501e-04
1.335693413404219704e-03
5.841550961162518324e-04
7.822472226943266499e-04
8.912723437023057933e-04
3.535023815566747693e-04
1.419002156563802007e-03
1.222169128933591614e-03
4.990878138223168829e-04
4.221346180655144117e-04
7.201236791226641679e-04
5.700399294458120304e-04
2.139694741474984854e-03
2.908022679919845051e-04
9.244403707006525802e-04
9.956724804228943553e-04
3.562408887183417423e-03
8.482700243563543168e-04
2.582559308472963649e-04
1.595615155870851263e-03
4.325783285010558160e-04
4.495916977702862113e-04
1.114678416124547386e-03
1.038975398985792029e-03
6.931089694448821234e-04
1.165393381538621471e-03
9.277796318856939379e-04
1.212209656993491844e-03
3.625210468410171565e-04
5.613878632642650820e-04
1.225932299826180700e-03
6.067423967322970379e-04
5.138461252515235484e-04
1.298352809040351869e-03
4.668475340811684485e-04
1.450169119541210982e-03
5.789232488628417517e-04
3.559559497612906943e-04
5.505896252803178488e-04
4.326660809969750309e-04
7.077646283499753992e-04
4.776243820887730081e-04
1.387536585692502071e-03
1.052502170139260835e-03
6.842588102538327581e-04
4.318485699612711892e-04
8.418554515405509038e-04
3.842145232598671487e-04
2.465927844473089900e-04
1.977933617612812316e-03
3.415691203357395372e-04
7.012127529279517510e-04
6.966361159124855994e-04
5.138021044183498868e-04
6.041335703896556168e-04
6.138628436757386040e-04
5.075258198537113859e-04
9.561769777800037612e-04
1.829615326877385983e-03
1.889308864852108681e-03
2.465075833765342957e-03
3.207316169080035658e-04
1.748563568208890166e-03
9.493955379615593186e-04
6.699445471885835147e-04
1.006752735009229776e-03
2.300671678888741023e-03
1.167137676342174489e-03
4.441004437600849786e-03
8.375162159291808491e-04
1.196142813504604040e-03
7.356603346571767132e-04
2.807528948591375261e-04
6.969735709054673605e-04
6.536580928178412986e-04
6.378111546974596369e-03
3.875368687429151275e-04
1.445260488256341902e-03
9.445741256114026808e-04
4.197212018723910521e-04
3.200861292015429898e-04
3.859222715578002495e-04
2.728393953522761581e-03
3.377482298577653822e-04
1.326752167284692445e-03
4.276356230062933043e-04
4.201042139290293051e-04
6.281645900992105557e-04
4.010320283016307924e-04
8.589972097436885789e-04
4.245521766739243749e-04
6.074464669735599566e-04
1.006513017233267009e-03
8.435609415069589105e-04
3.915331414077982924e-04
6.948015762653405583e-04
1.951775772190134529e-03
7.438957796522729232e-04
1.650906559616543588e-03
1.444216100968842998e-03
6.278831683837405231e-04
1.235289195834606002e-03
3.962934023016304128e-04
3.746985084131819119e-04
6.177448649325772067e-04
6.355417332245094208e-04
1.211733402241712372e-03
8.013342267081031457e-04
5.721838847847553157e-04
5.288230701925127064e-04
3.828738562689304264e-04
1.033956935149001576e-03
7.291022851542214430e-04
8.747445514687657254e-04
5.534519650656423602e-04
1.076178210293147379e-03
5.076916843061553622e-04
3.040598571879126887e-04
1.774607758139415924e-03
3.484335769945108075e-04
5.600735009754428950e-04
3.504367954860746013e-03
5.802116823910459346e-03
6.727321512021488875e-04
7.946875326046988182e-04
5.688871842131322867e-04
4.041352549718116413e-04
8.008327061196355472e-04
5.856554236129182106e-04
2.788043063957392474e-04
3.709591360163036586e-04
5.640259575474291598e-04
7.002843907309069587e-04
6.549973260196333179e-04
3.564073360390489545e-04
1.160784954439753134e-03
4.217404165400132944e-04
1.205528766606155707e-03
5.798250593715938627e-04
1.821781846331959774e-03
1.071858683189062583e-03
5.302894470602706163e-04
5.733440212635056502e-04
8.130877801877847005e-04
1.217501334761198536e-03
9.522887262997309973e-04
2.614145178392220277e-03
3.803372337691085232e-04
7.387479569302584422e-04
1.492946210531287485e-03
4.546311865688010354e-04
3.988874419775289616e-04
1.590164184247027388e-03
4.023988732337587318e-03
5.589697815293843746e-04
7.263380902699137064e-04
6.752374318201667279e-04
4.797176934800749071e-04
1.330766875314382544e-03
1.333903412627107828e-03
6.481876013045386516e-04
4.616049006075810860e-04
1.772648130089136877e-03
7.347930190496336934e-04
7.861723860385310238e-04
9.347246175364163755e-04
5.160089671204857835e-04
2.195649057425385340e-04
9.540948620920156704e-04
8.319570244506420626e-04
1.452716536841092360e-03
3.414162312158238160e-04
3.552264297620801557e-03
7.441274572010689141e-04
4.327323803246628173e-03
1.208783107745297226e-03
2.374517283832740385e-04
8.756802633909729775e-04
3.727048711486534460e-04
6.182610315808777192e-04
8.436540610736009260e-04
9.467145811512784432e-04
6.236680041660544026e-04
4.381367422098006123e-04
1.264014500392485630e-03
4.351277438725097016e-04
2.713503756501995409e-04
2.406588947271747132e-04
1.007175317408945392e-03
