3.860794749380102534e-04
5.525980602617346863e-04
4.905259592790753471e-04
7.191844320229265385e-04
5.288498966254978791e-04
2.886765638787204893e-04
2.046333003029840219e-04
1.103879771660360712e-03
2.441980501695666843e-04
3.322233416011719171e-04
1.478729188271756716e-03
6.207310071399370962e-04
4.830972050444049979e-04
2.391905815109510104e-04
2.691823215404400785e-04
3.767058826429977724e-04
1.120128084275206354e-03
5.827904801000874206e-04
3.449816383752428136e-04
1.401227910818328643e-03
3.903362786949103819e-04
2.582038766731538653e-04
3.816672566490946395e-04
4.294331990769704641e-04
1.050233733812806552e-03
4.684967538106460058e-04
1.038626595587709969e-03
2.919201231668071945e-04
5.157844359608869996e-04
6.652709724936545395e-04
2.510641848983413823e-04
6.720349633244282125e-04
5.315323194506407778e-04
2.493878036061407052e-03
3.581259310896946040e-03
7.235279048876528318e-04
8.070092744904471069e-04
5.324150527824527291e-04
2.700103350896043372e-04
4.187097072749971604e-04
7.501254223514490938e-04
1.264861503547760066e-03
5.208864696313328727e-04
6.770570190849177885e-04
6.112029862902500265e-04
6.015022642644827621e-04
1.206825941568391959e-03
4.796843545503550279e-04
1.195954135221880509e-03
5.768779266331835846e-03
1.934574887442746399e-04
1.116043079472358321e-03
2.634493566438828472e-04
2.643005551511310391e-04
7.569416757303765089e-04
2.138505455694549495e-04
7.850114919776027093e-04
1.276926330734322801e-03
8.504883005304176560e-04
1.442577297164084852e-04
2.384210519795845057e-02
6.996522923893595119e-04
1.276617881412730419e-03
2.617097512214277264e-04
1.564573640165202624e-03
2.938185536143478847e-04
7.874010503195013515e-04
7.425780560662331763e-04
2.459853489382703108e-04
5.856569866593599452e-04
7.228712665413790676e-04
6.245958280441275476e-04
4.166031395390408401e-04
1.705069073580256717e-03
4.305998128900220476e-04
7.353054462163682251e-04
6.304652269080489660e-04
5.559015924526768994e-04
1.478610953360545884e-03
2.056164318589907521e-04
5.239689922616751509e-04
6.078584938161051606e-04
2.235453384333212484e-03
5.468604836951821389e-04
1.423261771080538063e-03
2.916965620748540882e-04
2.727673174259469496e-04
6.655468306106510469e-04
9.290061778205622187e-04
2.719978153655570104e-03
7.102194467043066806e-04
4.906251433544028514e-04
6.871429819390959676e-04
4.258222286838489468e-04
7.359291276766480837e-04
4.747392109597736395e-04
1.003899944192287227e-03
1.218170366969540015e-03
9.495919216394978560e-04
7.905488747034634250e-03
6.162039419201716973e-04
4.494476608867752727e-04
3.330220144476202216e-04
4.420877561690055718e-03
3.767018649747830533e-04
7.045553055129847491e-04
3.584292096629043407e-04
3.421005274093635992e-04
8.504883005304176560e-04
5.442878883404374127e-04
1.478729188271756716e-03
1.626226301486195748e-03
4.163210850245227827e-04
2.501191489132270000e-04
8.590569349794346639e-04
6.056169946667389579e-04
1.000354585662770624e-03
1.164885435866853513e-03
3.868804493941180919e-04
3.773051660417260839e-04
1.926230960274808368e-04
3.409709387349992493e-04
1.048533880074086020e-03
3.496585679359786062e-04
2.844765072990358733e-04
9.616587259787865273e-04
5.305736727115905379e-04
2.319517853588444391e-03
3.865503681515360481e-04
6.187578580203051404e-04
1.260329656612375502e-03
4.611024837115004511e-04
7.001850936240516321e-04
1.478279072616386523e-03
9.201375055326218785e-03
2.779135259311516773e-04
5.184993386436060605e-04
1.080988779445732958e-03
4.738573598148882794e-04
5.712615200462132234e-04
4.462039833185106087e-03
8.329365161915986294e-04
2.787417505121944855e-04
3.128263606913069439e-04
3.851872872356867407e-03
3.332347427043977264e-04
2.115834627498998377e-04
4.018085030345421613e-04
4.586789617074751185e-04
3.514617475183682920e-04
3.671064709530428042e-04
6.620804096632105845e-04
5.460432705750119025e-04
3.573169444124423932e-04
4.405938474929238491e-04
5.114600804354538016e-04
3.146517574815876472e-04
7.393826398595229133e-04
2.843986148758376881e-04
9.750255907712019471e-04
7.108807483136147382e-04
6.141272025322267857e-04
3.293686084236943147e-04
6.403217893489417979e-04
5.475326645511270065e-04
2.009674669198283081e-03
1.483472683105162065e-03
2.653315669164057989e-04
2.879275027466766425e-04
4.448179560991881226e-04
2.856660838873703936e-02
9.870165353335488227e-04
4.554525537969590990e-04
4.368481793517052427e-04
2.086993396741562441e-03
5.904288154869544863e-04
3.750232582944344425e-04
4.065085303467906044e-04
4.920500951945845896e-04
1.577242308168784512e-03
7.660483612299063064e-04
3.095278663539860887e-04
1.350184077354530917e-03
5.371183379566600016e-04
3.212912743359375091e-04
3.192236323242289911e-04
1.134597416947246253e-03
7.932115032413033845e-04
5.325058095442110296e-04
5.892139467131970922e-04
4.273751825106272373e-04
3.112674717011056926e-04
2.033598496982777645e-04
5.773095239750813392e-04
1.648521188156999544e-03
3.831546127055586773e-04
1.896350678736921365e-04
8.551564376131945248e-04
1.198774625475200820e-03
4.756468342742280545e-03
3.209992842178889506e-04
6.893045463432749412e-04
2.633117754916470404e-04
4.510541203903074728e-04
7.228960200181171539e-04
1.105262380673016414e-03
7.593910061718771309e-04
6.144980377600252472e-04
5.408958637439785803e-04
7.132686339196803952e-04
3.425011061696954778e-04
6.456987482325756127e-04
4.896634398066819494e-04
1.401492283504597028e-03
5.561512852412333653e-04
2.547467772575517540e-04
2.547075776924208768e-03
1.080988779445732958e-03
1.045026731383783512e-03
5.557306233360512259e-04
6.616323021735580909e-04
8.129716108282282819e-03
6.168411189007357454e-04
2.553560315166755940e-04
2.122041015088540518e-03
2.394724047464814344e-04
6.658388639619344795e-03
5.159781195620846781e-04
2.083447273680783755e-03
4.152184349341308330e-04
5.094226496934841676e-04
2.632879953165208949e-04
3.020788704832976434e-04
6.817442286530151115e-04
3.978416617351565945e-04
1.965665067532632385e-03
3.249200275581673458e-02
4.271949302249273498e-04
8.318349130756964773e-04
4.314600039921508406e-04
7.806776123181789285e-04
5.516812481687211880e-04
4.231294462970621394e-04
3.239569786649736864e-04
6.572920798535796623e-04
3.576542892975274500e-04
2.058081453372058174e-04
1.343518101588235579e-03
3.930991029789140229e-04
2.221987836252620402e-04
1.371452727676935636e-03
2.383465950873977731e-04
5.101816048219153833e-04
1.077771583789964441e-03
3.265027630082047074e-03
2.890997390135089892e-04
1.455156107299527104e-03
8.644499782164081483e-04
2.878917285342136572e-03
3.429414192175114892e-04
5.380057327403443487e-04
2.500074535225467812e-03
4.740700855228166316e-04
3.229299800899904592e-04
2.720280802326816147e-04
1.381600388946947755e-03
5.545854533334620409e-04
2.004296389758633654e-04
2.903391310863696288e-03
3.280392030048828365e-04
3.507719468775609439e-04
1.206935324573323422e-03
1.413150654469440834e-03
3.874805176782049874e-04
3.007678617318305480e-04
1.043140034926635712e-03
7.787678954636460295e-04
2.058155999184820863e-04
4.604366372713317819e-04
9.603104547096654548e-04
7.366363877301959715e-04
4.999630627199942072e-04
4.507749323729367554e-04
6.328571283425259673e-04
6.060003656242145915e-04
4.633807447102573267e-04
3.307214898613925727e-04
4.177276380332231587e-04
9.669754077760467793e-04
5.338823951292109892e-04
3.732090077498051895e-04
6.474267679986280086e-04
3.507614054233411209e-03
1.999199093557897059e-04
6.780371554498925823e-04
8.384354873224900920e-04
3.540084102019620273e-04
1.799559851378756395e-03
5.348731319158792075e-04
1.870016575334717103e-03
5.302465749682708620e-04
5.686287267699386902e-03
6.253443625394428107e-04
1.306763877446679833e-03
3.265834265697074271e-04
2.395815276248333052e-04
5.237557180017104845e-04
7.532565606369318436e-04
5.126368694240248693e-04
3.768219527773371724e-04
2.921988949760975091e-03
3.055710611045703295e-04
1.443830070608707146e-03
1.645070515587163237e-03
9.130412314987965475e-04
1.706792401960503672e-03
1.288915284975937665e-02
1.992295541625772708e-03
1.634123621650202798e-03
4.492757626157716498e-04
3.358698113382757307e-04
7.526126333194778579e-04
1.705069073580256717e-03
1.945927078318424248e-04
2.652446065882915153e-04
4.815375257792695496e-04
7.943835633944493256e-04
4.107620262561760072e-04
6.345650477872525827e-04
7.425795593046236043e-04
5.179776263010681678e-04
4.966627734158117913e-04
5.064486818254683182e-04
1.892717291619027027e-03
3.242096147856338042e-04
7.429163751978424537e-04
8.033130148326347387e-04
5.299681611055540465e-04
5.474103635422758376e-04
2.538977136514388323e-04
4.690198492873206356e-04
7.005492485328940980e-04
4.710676761553838883e-04
1.201917517059108683e-03
7.333687518231088442e-04
6.752761001135008673e-04
2.726529420460254609e-04
9.038735474331787822e-04
1.092372283824913533e-03
5.251380420911563787e-04
5.893671591769189706e-04
2.046638876515768099e-04
4.368175430096534525e-04
2.256191853999239653e-03
3.337052342851730804e-04
5.144466091838486568e-04
7.200314980962827438e-04
1.607301271534766730e-04
4.926620948671966115e-04
1.032854777427992359e-03
9.672670014910442204e-04
1.648108971751884163e-03
1.392761112296817634e-03
7.022766499740339553e-04
4.955066359327775158e-04
3.287814599936278730e-04
5.585701392844313060e-04
3.270450472719656763e-04
1.593202019053064408e-03
6.621004485724383019e-04
2.207254686571963418e-03
6.962518983437188027e-04
1.021500068164067979e-03
3.179637263900120963e-04
4.697669707859691780e-04
5.028824677470502538e-04
5.985324018568134860e-04
1.778347965346638998e-03
4.670428751870329574e-04
4.818996845506233148e-04
1.439821011357660671e-04
4.885912226525847626e-04
4.498581719467201288e-04
1.125216067368311514e-03
5.208864696313328727e-04
2.113306625936914838e-03
1.803877591731637819e-03
2.357647349124384825e-03
4.458844957531217295e-04
4.913988214562788536e-04
3.181292457882172560e-04
5.070609759594178149e-04
4.208548939066968390e-04
2.755460671078703073e-04
6.240934858681364576e-04
8.474262427541672188e-04
3.197775074656991124e-04
2.234461263475002806e-04
5.823434387085044519e-04
1.876895825931068715e-03
7.885068953504956917e-04
3.511456422634489402e-04
6.208827655256878800e-04
1.534608225889006741e-03
4.279580974079758753e-04
4.551754571549697956e-04
2.888018907442884298e-03
3.121894206252397055e-04
1.412845755581534218e-03
2.868272716127671863e-04
3.654736515510050455e-03
4.536534279137160596e-04
9.730105572368668481e-04
7.201280681900540815e-04
2.500761978207924167e-04
5.147908670182206690e-04
4.694116781857543899e-04
2.586300429579004565e-04
9.311665157710533438e-04
6.717025698807689181e-04
1.592762962341583112e-03
5.583089121731545914e-04
3.105132949441195833e-03
6.537736676452142503e-04
4.285389156844453241e-04
6.059092456751521668e-04
9.914277259539681832e-04
1.195863720673350341e-03
6.134070019016540226e-04
1.073818676175597973e-03
4.358112546391587497e-04
2.820105521893802856e-04
5.568404973080920200e-04
4.664501449124936069e-04
5.801583747176912269e-04
4.348930462316921383e-04
1.644835392255155476e-04
5.621540452551829952e-04
1.025445845106867778e-03
5.771634153255095559e-04
5.198304272786755369e-04
4.593693878155734366e-04
5.386315202985705311e-04
6.202840608117764307e-04
5.650704790945333417e-04
2.053702034125213583e-04
1.625157825612145990e-04
1.686758244474276767e-03
3.186848540981339199e-04
2.119829098034690766e-03
3.964759343991684087e-03
8.396512224605640366e-04
1.264861503547760066e-03
2.536902414069748600e-04
5.270726488821425278e-04
1.564573640165202624e-03
5.982707395711600942e-04
1.166838150597497700e-03
5.936694846094968565e-04
3.346218243202219518e-04
2.213606992573821761e-04
4.024306282717521224e-04
5.228770059055808626e-04
1.482784797462695066e-03
2.690192547763219544e-04
6.919524914049599278e-04
2.114401552956686806e-04
6.657975693394995722e-04
2.699234164737561274e-04
7.434793148492573577e-04
3.647970392771661386e-04
2.755394474903256029e-04
5.235381797366078001e-04
1.134870509688662649e-03
5.633578622734970775e-04
3.103638266167645359e-04
4.131039159053569339e-04
3.954012096259079180e-04
5.392942427156663084e-04
7.773823009851162438e-04
4.384541922609673601e-04
3.605376429052242065e-03
1.256769955936482561e-03
3.785041037809751263e-04
3.533299256463555632e-04
5.620115963989864676e-04
8.722754682938311686e-04
3.438017911286452032e-04
8.033130148326347387e-04
9.398554175989225299e-04
8.066220603441277013e-04
1.086092258930057390e-03
6.214685991460446469e-04
8.277595938351780397e-04
8.403898857430168890e-04
1.317348389197923108e-03
5.438299039309483357e-04
6.502920100698082826e-04
3.040532655926436734e-04
4.699197803168156775e-04
3.962099477471754585e-04
4.067052457746675345e-04
5.499174714182944023e-04
5.271347856856058341e-04
2.620701221055828176e-03
3.316735144571354688e-04
1.537273437073325040e-03
5.386461519119608134e-04
9.163741892821310577e-04
7.061140576868809703e-04
5.094917216912916253e-04
6.785552785866218271e-04
8.273254554308703823e-04
4.010710891765164004e-04
3.253025992977020371e-04
2.810128315444437343e-04
8.187918996378228164e-04
2.896307913119685641e-04
1.312546131573352412e-03
3.330159895138634619e-04
1.576502288542217271e-03
2.021158994395727603e-04
6.698628259925730770e-04
2.671412872690901710e-04
2.799954972986170589e-04
2.494823758255839590e-04
2.939370019563715083e-04
2.425948238196610910e-04
9.914277259539681832e-04
6.395928669746329086e-03
6.077099929366793895e-04
9.373509350950158395e-04
6.384400637779202208e-04
1.497542400284118495e-03
4.544288413256469469e-04
1.226898121648764117e-03
2.073389530269621154e-04
1.008094886109133078e-03
5.096284651570705563e-04
9.697022640129369670e-04
6.389429229966051265e-04
7.029336980368581199e-03
3.789855741577286626e-04
3.247118375920159702e-04
2.959739099932322368e-04
2.644340974631471139e-04
8.862108354720538584e-04
5.392942427156663084e-04
3.867285043736431397e-04
4.852963425995195242e-04
4.462039833185106087e-03
4.938936449072430825e-04
2.450296871594350541e-04
4.311291327182684347e-04
7.463749260627019523e-04
3.232809802063912798e-03
3.047456837974909442e-04
4.152015538483953393e-04
1.190694448444829185e-03
3.020781967051158496e-04
9.055683012107255654e-04
8.476561668713243928e-04
8.970651558265976691e-04
3.146191830890983842e-04
3.963411124132107713e-04
4.047360561883875970e-04
2.907321254015394476e-04
1.867664587363508308e-03
9.145834315991219557e-04
5.905192689787491745e-04
2.953457636364894634e-04
5.700513339195598843e-04
4.500223627652194568e-04
8.050605452334724322e-04
4.448447168677830289e-04
2.084260356391452534e-04
2.761618194557983303e-04
3.997876336581368930e-04
2.422468168819820857e-04
1.983281555620356081e-03
1.882905104174718153e-03
2.412916455523974636e-03
3.560964410517194253e-04
1.250552931391249109e-03
5.453639484018432682e-04
5.498925927774164129e-04
7.736505326233641087e-04
4.117100144997137400e-04
2.503483410990415235e-03
7.292887798662384558e-04
3.568349525986477962e-04
4.413881989018440745e-04
6.770570190849177885e-04
3.930365352389690679e-04
4.204769415521830938e-04
4.601684957202470806e-04
3.264222498603575962e-04
2.480033836282442470e-04
2.965447051045992590e-04
4.615228100218291972e-04
2.187644888361095388e-04
1.103668316839482742e-03
3.101414195136093410e-04
1.039867930059539458e-03
5.529753227698430088e-04
3.740390346516320966e-04
2.691823215404400785e-04
7.016279837193892819e-04
3.792344537418311035e-04
2.443288382130929387e-04
5.302465749682708620e-04
3.811047138365543222e-04
7.509094091111602216e-04
6.193395218534302610e-04
8.205617065297847110e-03
1.691079606634374091e-03
3.246666902518273055e-04
4.584463880977175318e-04
3.695548791683011679e-04
2.652367436341293377e-04
4.807630867534272412e-04
1.052359770726739264e-03
3.487182707528331082e-04
3.004538634975516351e-03
8.811469416061873047e-04
5.976218432818694668e-04
7.349851913159434046e-04
4.590764444778427629e-04
8.257187473841582758e-04
3.442636753565303368e-04
1.136713189565777054e-03
4.575306611237000480e-04
3.299041286398002055e-04
2.842823316153718404e-04
5.028824677470502538e-04
4.418285969440385917e-04
1.206825941568391959e-03
8.074950145678402944e-04
1.182727696756424212e-03
6.467119768913456032e-04
3.809842547139006977e-04
4.691758251716663004e-03
7.174044182612583555e-04
2.824459092457215579e-04
1.759243643008667811e-04
4.260017509746519466e-04
3.320118523878508440e-04
2.500141189996322923e-03
3.888415526203762847e-04
1.588717786348573619e-03
1.236370903094110218e-03
2.634726213834827553e-04
3.232809802063912798e-03
3.474458284209028312e-04
3.071428621776994220e-03
4.153353210765519223e-04
2.786577669631631437e-04
6.024980774645911962e-04
4.457760320042264131e-04
2.469795528517105187e-04
1.085971508010663078e-03
2.000897849140402052e-04
6.271868171707280660e-04
3.698834284400452643e-04
8.233754895658878257e-04
2.529252912828941079e-04
3.103638266167645359e-04
4.551011221066024091e-04
7.024627802929196306e-04
4.793846813068713963e-04
4.880833310962611350e-04
4.145243606416174173e-04
4.154864075373259475e-04
5.833935252569119427e-04
1.037776408758656716e-03
1.996929960948583879e-03
1.242112527875531341e-03
3.906919636360518984e-04
6.421127008934586359e-04
5.021643193283405020e-04
7.250115929525993621e-04
2.860418236886827525e-04
8.112745661142512464e-04
6.666964965073566467e-04
6.915210634602340922e-04
2.901328477276932279e-03
5.040608165756481048e-04
1.584033443351073617e-03
2.830651505796004798e-04
1.385772364559433164e-03
3.929067592333108190e-04
2.998088597992862249e-04
2.500074535225467812e-03
1.831537379741122117e-04
3.297141110187093568e-04
3.599187171317553787e-04
6.377627917106746093e-04
6.059788614245224976e-04
2.442181497667417992e-04
1.627646563844314075e-03
5.337454024733697018e-04
1.332636573248888569e-03
5.395830634523127948e-04
4.912757130851613417e-04
3.783529286238999836e-04
1.803249982039621321e-04
1.746571986713011141e-03
7.210574169943113594e-04
3.260098264306951336e-04
6.267225494653063918e-04
6.030625724655275851e-04
4.610570898289863859e-04
6.011317988861205339e-04
7.793539481461787474e-04
5.829794435902515160e-04
3.852188887137807322e-04
3.704538500434899416e-04
1.206825941568391959e-03
5.756540290986943620e-04
2.817154253181619107e-04
4.838151991142609020e-04
7.847685989051955430e-04
6.603034534374768207e-03
1.196361038387947938e-03
6.770570190849177885e-04
1.321293578970843350e-03
3.016098461321380336e-04
3.542291977298091016e-04
4.577643939171952936e-04
7.316540312001674345e-04
1.382632305769073214e-03
4.880833310962611350e-04
4.277876761361100477e-04
1.100562994132588557e-03
7.089204262489216118e-04
9.152693739787828592e-04
3.525761302175110974e-04
1.357727725502127754e-03
3.808028563556312813e-04
7.979651789279588667e-03
5.474292437367641630e-04
9.667136026615946861e-04
5.371183379566600016e-04
4.305998128900220476e-04
4.538858198540997118e-04
1.624399218068354502e-03
5.717884928806543079e-04
5.192010206934932022e-04
4.217481252622257235e-04
6.610164504608589909e-04
3.717084448266465995e-04
2.856660838873703936e-02
5.475326645511270065e-04
1.893611821379016574e-03
1.542083787993098589e-03
8.222323084060266258e-04
4.975015082996354747e-04
2.214710387283478070e-04
4.472357433109616469e-04
2.495059464832153338e-04
6.507117706420116826e-04
5.515955227404659243e-04
3.561995121685951012e-04
6.136076319288929571e-04
5.283935209454356007e-04
3.327102382574634591e-04
2.506167444062705669e-04
2.878917285342136572e-03
1.471876252151660446e-03
2.236641843142049817e-03
5.747183815089316463e-04
3.169872676849242138e-04
2.183847721993401579e-04
3.102926267595469212e-04
3.016098461321380336e-04
8.504883005304176560e-04
1.787379197881088649e-03
2.113489811622627475e-04
4.621619455849334287e-04
6.063194807089502050e-04
2.150890200751017238e-04
5.563854369915006634e-04
4.014570458848945242e-03
4.018085030345421613e-04
4.696583398940536798e-04
3.506406938991655478e-04
4.818996845506233148e-04
3.621051893620203573e-04
6.089932221608130225e-04
2.424893423402304116e-03
3.038446041949215246e-04
1.154324875246482036e-03
5.992839884729259494e-04
2.969902298638961067e-04
1.048849794921033430e-03
2.778259330484574431e-04
4.974144762216540757e-04
3.066219752385131322e-04
6.311692723838502848e-04
3.424519626867985689e-04
5.612282121545966122e-04
6.956609381150762527e-04
3.064017619101882649e-03
1.073505095209857131e-03
4.113611707749675254e-04
5.843164288794756422e-04
1.008202802000664157e-03
1.006649941371756674e-03
7.368165786308777509e-04
1.585678166772167778e-03
2.957140128052476746e-04
1.027876317171753321e-03
6.676411675378736161e-04
8.131829654416169182e-04
1.048533880074086020e-03
4.222663067736876418e-04
6.345777827422253037e-04
1.134597416947246253e-03
5.098994607726827768e-04
5.209632712283480960e-04
4.807630867534272412e-04
2.872784106652901542e-04
5.033036058065491064e-04
2.252674857313708117e-04
2.762333104430880889e-04
2.746508844736261020e-04
2.696705709184357485e-04
7.180813054078095817e-04
4.066759037407215323e-04
5.709946625931023624e-04
3.462048795594814760e-04
3.760587316620673821e-04
2.620701221055828176e-03
2.357647349124384825e-03
5.037309198136825537e-04
2.761736928291107056e-04
4.594414838565142570e-04
4.258222286838489468e-04
4.254580712149027243e-03
3.841311574264576786e-04
5.852163983272072123e-04
3.760587316620673821e-04
3.055710611045703295e-04
2.090255998682377637e-04
1.598374452337091240e-03
6.738403842014419141e-04
5.738826327523526352e-04
1.778347965346638998e-03
6.339697916010872663e-04
1.984121500988988832e-04
5.488548534402043445e-04
4.142370221495767402e-04
2.311204510336457309e-04
1.238127470850020105e-03
6.181104785582673981e-04
1.246200538045348334e-03
3.084199422808082741e-04
3.309336829156257938e-04
1.889187987249179830e-03
9.024489776113814180e-04
1.382632305769073214e-03
6.688637002890645937e-04
3.053701558539465683e-04
2.930318603155944467e-04
1.842437806261323430e-04
8.907233782598525341e-04
1.392602365270380945e-03
4.196833293583680661e-04
4.043441076547313242e-04
6.300667932905355643e-04
3.729606535575249733e-04
3.048400985131486090e-04
6.671591627219524085e-04
2.508927899279649000e-04
5.411018271208336249e-04
6.744210992584818857e-04
8.195877350171001203e-04
2.995075136332414362e-03
3.239833833591624669e-04
7.469757688468734108e-04
5.516812481687211880e-04
2.672863847005431653e-04
6.281597012516371495e-04
5.061722872313859653e-04
5.308581081434396703e-04
2.750792110960209938e-04
3.980851642090628049e-04
3.653516610578706400e-04
4.544904657736052256e-04
6.005766646992375529e-03
3.623093452238535222e-04
5.344527222443978993e-04
3.394335526511125232e-04
3.785642636982125336e-04
1.932903918035410145e-04
8.734736457640517602e-04
5.656347097560946889e-04
2.030217457979549209e-04
3.136875721481684632e-04
2.999162609933502237e-03
5.765749188509679138e-04
1.574555976341114128e-03
5.202355315668801081e-04
3.664488224348236528e-04
2.360665385976530757e-04
3.327103853678473381e-04
1.021500068164067979e-03
4.116894450905219153e-04
5.943613993479771691e-04
6.533009965607177328e-04
7.242967135842383894e-04
3.659430832864570254e-04
2.516251987802661772e-04
5.596239141389678425e-04
6.658449687977300441e-04
5.815679259421743449e-04
5.314789925340287569e-04
8.880444174274604871e-04
2.540699299078041300e-04
5.339143459665026499e-04
1.319575793435545912e-03
1.119204894622035035e-03
4.663221630151558701e-04
3.603308987224821910e-04
1.084445027270158641e-03
1.258421519008545795e-03
6.369991305766292255e-04
2.593889423531405523e-03
4.808606096833911215e-04
8.360173369979879889e-04
2.654214411116082918e-04
4.017879550786751302e-04
9.684540451723506636e-04
7.253186953307079118e-04
2.461488166409185867e-04
4.092771481918120033e-04
7.628498942027263103e-04
2.573572600429315199e-04
2.873080362893832358e-04
4.174173438985090672e-04
4.303630169387196456e-04
1.393909566909891026e-03
6.126232957472468616e-04
6.487460229609311830e-04
8.149619688323421571e-04
5.077282628499460611e-04
3.040017131986738163e-04
5.335822152448153541e-04
4.061369708943281254e-04
2.147206624123419727e-02
4.551857488310171460e-04
6.375032485412224182e-04
5.114781420719307151e-04
7.316540312001674345e-04
3.089365632502752488e-04
5.095411148382943296e-04
3.258487942221052931e-04
5.599905657438259288e-04
6.595313819064341958e-04
8.538716362373222372e-04
3.708481359309321571e-04
1.627733979556601600e-04
7.066792218711182537e-04
1.665588685504559982e-03
1.748857572493348663e-03
7.553261181931818702e-04
5.229353385420914754e-04
1.098022310772319484e-03
4.466304643673031801e-04
1.041459485651219331e-03
4.250701773290678194e-04
3.545130831757493137e-04
2.507359991505376737e-04
9.201375055326218785e-03
4.896634398066819494e-04
6.961233923224216091e-04
7.375986450758661040e-04
6.031045472894328800e-04
6.655949506171090699e-03
1.390206531893167482e-03
5.320772689767431628e-04
3.423616116876371305e-04
4.105680924968929473e-04
4.948307001213710652e-04
1.381963879946219781e-03
3.636057916474569243e-04
5.617259098424710103e-04
7.373107005700051380e-04
3.041135359001981395e-04
3.545471336737965112e-04
2.837748430081242284e-04
3.070177812711777105e-03
3.227697423006608115e-04
7.180180174021018498e-04
1.971824895992264817e-03
2.082247937693015806e-04
5.219004512662183499e-04
7.345067473919908571e-04
3.838954464176488370e-03
1.115054210448806040e-03
