1.113037915247673355e+07
1.078087375713597983e+07
7.544448550201214850e+06
1.141889579261158966e+07
1.243654443954551592e+07
4.756832193207019940e+06
9.606730424016565084e+06
4.240499031869562343e+06
1.050734812717022561e+07
1.196477145640849695e+07
1.113844062930785492e+07
9.267549205536924303e+06
8.640617369287541136e+06
8.701146991759100929e+06
7.800989593760606833e+06
1.020654785685157031e+07
1.244874027854053304e+07
4.449381209175483324e+06
5.600224701463548467e+06
1.086996306091010757e+07
1.273683515178644843e+07
1.294005916097008809e+07
9.878454749646121636e+06
9.925555188681848347e+06
8.460886663290759549e+06
1.263325166012964398e+07
8.241622592555213720e+06
5.105704662425167859e+06
9.295079194397622719e+06
6.308433983941210434e+06
5.435709842296821065e+06
6.094098701714458875e+06
6.839156194108208641e+06
1.102436119262130558e+07
1.163408123366586119e+07
6.870629561678714119e+06
8.148903045327462256e+06
9.461313258909864351e+06
9.050506607104443014e+06
9.365140637393379584e+06
8.019997856253867969e+06
5.618750128314161673e+06
6.408175986591173336e+06
4.337839082455179654e+06
8.750511865860816091e+06
9.656889697417095304e+06
6.843362705573275685e+06
9.257205897479491308e+06
4.981531088171946816e+06
5.796899290016844869e+06
6.506239464657459408e+06
3.785907123902147636e+06
6.742460567685606889e+06
1.176294205091559328e+07
1.118217112098806351e+07
5.469135036017046310e+06
9.942134677410753444e+06
1.146978269302081689e+07
6.952644530083687976e+06
1.121421770242952928e+07
9.754006474653201178e+06
4.280861238963174634e+06
8.522423658902496099e+06
4.943126276141961105e+06
4.223789423999389634e+06
5.060762528580552898e+06
7.688512176269643009e+06
4.712732768623276614e+06
3.888931387737290934e+06
1.242764967723581754e+07
1.110350823481314816e+07
1.068152405571975559e+07
4.242604987401193008e+06
3.763042630760435946e+06
6.411071739535687491e+06
4.097770490427705925e+06
1.231510971495529450e+07
9.402184361308114603e+06
6.071827526037009433e+06
4.820504440452091396e+06
5.111793912634258159e+06
9.521681855680627748e+06
5.660291084493763745e+06
8.603177608987480402e+06
3.921036414774463978e+06
8.633810460125189275e+06
8.522977983729694039e+06
7.992284089436221868e+06
7.967554237632874399e+06
6.731594945824861526e+06
7.276515853625540622e+06
1.070963700414021313e+07
1.057029713968238607e+07
1.269123780737909302e+07
1.121707573707194626e+07
6.263772267481900752e+06
7.055105630745070986e+06
6.827336330423779786e+06
7.554091165703361854e+06
7.979911626301495358e+06
7.877759372174168006e+06
1.268659431677699834e+07
4.524106932069245726e+06
5.916663824991548434e+06
5.360085948936953209e+06
6.637817822813818231e+06
1.094885079021913558e+07
7.600771302425647154e+06
8.545270707073923200e+06
7.366464575641397387e+06
1.252145416311508790e+07
9.489155094027969986e+06
1.186405823742943630e+07
8.701146991759100929e+06
1.239445454713401012e+07
9.898846966975059360e+06
4.585265772762925364e+06
4.962743603532986715e+06
6.513830095178988762e+06
1.086996306091010757e+07
5.811017852173576131e+06
7.035921344845529646e+06
6.313359963465215638e+06
1.069923371303841472e+07
1.195960925024874508e+07
1.023913760448294692e+07
1.270157166480267793e+07
6.456399994082054123e+06
5.182705702872400172e+06
7.727543966565487906e+06
4.143373813203316182e+06
4.285552346585727297e+06
5.783324861381066963e+06
5.919953576510680839e+06
9.796021329235687852e+06
6.784626486476386897e+06
5.278158990217751823e+06
1.217245244432900473e+07
8.352802154994614422e+06
1.253921755403517932e+07
5.670442173680517823e+06
1.015573906186578237e+07
1.022132518374318443e+07
7.403233349974388257e+06
3.795295933199398220e+06
7.735613388980472460e+06
5.463928637672565877e+06
8.874802685906296596e+06
1.251671078164807707e+07
1.266780242513266206e+07
4.160457509003539104e+06
9.063760152048641816e+06
1.015609774667432904e+07
5.722720431958778761e+06
1.220856544765035808e+07
6.425442750937057659e+06
4.804826737765776925e+06
3.899519615355032030e+06
1.176629910868768021e+07
1.209242475834989920e+07
7.037761958375167102e+06
3.957245535321676172e+06
7.625118139822283760e+06
7.160971599438470788e+06
4.770193471853141673e+06
5.022278530647246167e+06
1.087240121301664412e+07
1.178283603699809499e+07
9.904353310513528064e+06
8.743923593374360353e+06
5.912436840519554913e+06
1.122591190164475515e+07
5.977460404409364797e+06
1.194684991980510764e+07
4.147297616662164684e+06
8.125413730548278429e+06
8.344221639058040455e+06
9.062513884138504043e+06
4.545062612356428988e+06
6.575408907094971277e+06
4.303917975650636479e+06
3.826229202353653032e+06
1.128802439073524810e+07
8.805162801507249475e+06
9.507688279764235020e+06
8.013059148090717383e+06
1.044218616940934956e+07
1.174117156379341707e+07
7.360259540929121897e+06
8.130780669823610224e+06
1.289645233665448986e+07
1.101613968091604300e+07
5.452301866438537836e+06
7.771020110200652853e+06
4.564280979536177590e+06
5.398447356036869809e+06
5.497099881838878617e+06
8.702894001689169556e+06
1.116619880045023747e+07
1.167211597081367671e+07
1.033234983634454757e+07
8.460514268098425120e+06
1.256044578045736067e+07
9.752468575174519792e+06
7.295553903822189197e+06
1.247645214863231406e+07
4.188635730545863044e+06
9.093016588128475472e+06
1.211934599557623267e+07
4.376065319766262546e+06
8.084403614047465846e+06
1.154836200559379347e+07
9.257286690687607974e+06
7.698219941838739440e+06
1.080952838758786768e+07
1.044564072111577168e+07
8.717741791474318132e+06
1.094172918540324084e+07
1.044226523834348656e+07
1.060810736069231853e+07
8.055165813271985389e+06
9.655287130398621783e+06
5.385705227015851066e+06
1.247645214863231406e+07
6.676228009507644922e+06
7.467152309456301853e+06
6.344146043146733195e+06
6.630198990356329829e+06
5.645295519630467519e+06
9.026560367663849145e+06
7.285846972672112286e+06
1.189644514103984088e+07
8.634176969754612073e+06
4.458468053149202839e+06
5.520516074976718053e+06
1.173919335342927277e+07
7.041231596110020764e+06
4.212737502550685778e+06
1.168222906801411510e+07
9.758144317666308954e+06
6.053667803332632408e+06
7.888453520091211423e+06
8.355237266973959282e+06
1.206536294410188869e+07
4.376065319766262546e+06
1.280778375438842550e+07
9.465531114655416459e+06
7.688947220634326339e+06
5.541916363181009889e+06
6.898663999759831466e+06
3.711477656325985212e+06
6.570743046686567366e+06
5.384450339619517326e+06
1.193383144464739971e+07
4.191090724782374687e+06
5.057691963460753672e+06
4.561240326630428433e+06
1.245591655949756131e+07
1.039404148668862134e+07
5.350688893216179684e+06
7.300371249575776979e+06
9.071125363407444209e+06
8.854240353842379525e+06
5.056540111480278894e+06
9.801689019947618246e+06
1.080736138901000470e+07
4.067254924873725511e+06
4.777958890581506304e+06
1.018625183539384417e+07
1.206704512126295641e+07
8.479526810979062691e+06
9.259643834167053923e+06
4.764168189536074176e+06
9.565995257208745927e+06
7.635811857070371509e+06
5.524840635572765954e+06
7.178942907675303519e+06
8.137784471010452136e+06
1.232509547924595512e+07
1.152548873277856410e+07
4.222325250383177772e+06
8.294226351881507784e+06
1.167178734624704719e+07
4.863562402591640130e+06
1.081487611963040382e+07
1.075334383096258156e+07
8.789646302888231352e+06
4.753548437477396801e+06
4.463302744862297550e+06
6.128643526349080727e+06
5.609887232705030590e+06
8.777111795530924574e+06
8.725064488530084491e+06
3.920786606263062917e+06
1.173607039568706974e+07
5.060762528580552898e+06
1.051123926103245653e+07
9.367248072106949985e+06
4.735882208386242390e+06
1.202505721814109758e+07
5.477579737065712921e+06
6.244080805079659447e+06
6.268224637381732464e+06
7.298599586917040870e+06
5.382727902820658870e+06
1.164353684746145830e+07
8.323945600456910208e+06
8.376311674429009669e+06
1.111904353859056160e+07
1.096592239882667176e+07
1.075150488819882087e+07
6.278336650584509596e+06
6.513027346533775330e+06
9.929488141551202163e+06
9.193972550900559872e+06
4.017949738670074381e+06
1.123597547991325893e+07
1.191803691463152319e+07
5.510358737307671458e+06
7.340544931715724990e+06
8.426266842116992921e+06
3.918263736701437272e+06
1.180011572667793185e+07
6.075514563232637942e+06
8.179967597114772536e+06
7.885793284260267392e+06
4.512100005170539021e+06
1.274618260613767244e+07
9.419694515505826101e+06
6.021602152904214337e+06
6.113359709340117872e+06
1.188957671749999747e+07
5.927670762985873967e+06
7.877869522106253542e+06
4.661915241502754390e+06
3.802068775725912303e+06
9.063620732024390250e+06
4.541689210149357095e+06
3.796099097664138302e+06
9.758144317666308954e+06
4.582373784289619885e+06
6.659751111169703305e+06
5.617585769888643175e+06
5.118073052746253088e+06
8.125413730548278429e+06
1.012502992235958204e+07
7.039619319114970043e+06
1.120155010624814034e+07
1.126439722247987799e+07
1.098334264086647518e+07
8.800402618330340832e+06
6.505082933002050966e+06
7.605003490176859312e+06
8.590235078007269651e+06
7.795343885147389956e+06
4.596202986385824159e+06
1.107317895096968487e+07
1.061496435301878862e+07
1.213274617500611395e+07
6.519187894069982693e+06
8.311377959561225027e+06
5.169110636910421774e+06
9.222373005301369354e+06
6.825531626938961446e+06
9.294637724209573120e+06
4.439619619033616967e+06
6.546315762720470317e+06
1.180112016192725673e+07
6.364359501247838140e+06
7.781265198625492863e+06
1.053410854808210954e+07
1.100633362151388079e+07
9.165937851854046807e+06
1.032887089455031231e+07
7.576637402689910494e+06
5.403947955826967023e+06
4.998361285195900127e+06
7.999122584712073207e+06
7.995037494304819964e+06
5.171179068607356399e+06
9.485067569703539833e+06
1.036810366977813467e+07
6.676051555729134008e+06
4.758152943374352530e+06
9.571669284507699311e+06
6.282281232666108757e+06
6.934910978488616645e+06
1.133288692370939255e+07
1.242890819318048470e+07
4.245291149124430493e+06
8.701674581416716799e+06
8.601782015382267535e+06
5.670533726518632844e+06
3.916297858846136369e+06
5.698221362854936160e+06
5.781217126557268202e+06
1.098200825377273373e+07
5.579216291652035899e+06
7.362462482825663872e+06
7.744651765393890440e+06
7.306039487599140033e+06
4.402055472954427823e+06
4.223794302486283705e+06
6.738232421182690188e+06
1.058432016913483664e+07
7.497808843717969954e+06
4.098369075409155339e+06
5.233836346329407766e+06
6.363667684894684702e+06
5.319385075216170400e+06
1.127638574787402526e+07
4.562764001753729768e+06
3.714462132856902666e+06
1.210170323552111536e+07
5.650085982168970630e+06
4.719228962788054720e+06
7.563400836443779990e+06
1.075842526325047947e+07
9.214150161829862744e+06
1.243960136687880941e+07
5.574675669853434898e+06
1.033288037282988429e+07
1.198255309822266921e+07
7.735791425134297460e+06
9.837403531579678878e+06
5.728103491776653565e+06
9.168349546081410721e+06
1.274618260613767244e+07
8.349602797040945850e+06
7.255943357450594194e+06
4.737114604724286124e+06
8.960560007784131914e+06
1.253849313970386423e+07
9.905216812082057819e+06
6.496211369923103601e+06
1.090096866797010787e+07
6.138622130628713407e+06
1.105386223164992407e+07
8.658431907269291580e+06
1.023788184126221389e+07
4.275675735995678231e+06
4.523670465871249326e+06
7.007252045217698440e+06
9.570647872130969539e+06
1.239255054456562176e+07
1.054208213307934627e+07
7.086592138172194362e+06
1.146649562530793808e+07
5.443846354280810803e+06
6.166887390273320489e+06
7.608480648527438752e+06
4.439109638880969025e+06
1.033083416936388053e+07
8.021366418137086555e+06
1.152755314987149462e+07
6.778523735444166698e+06
1.117008027466061525e+07
9.827671824896959588e+06
5.701236482229202054e+06
1.005597248213175870e+07
4.768245375604212284e+06
9.162846620640721172e+06
3.794706162471502554e+06
6.249699299715774134e+06
8.414907385069483891e+06
1.200631648980138637e+07
6.603687191620524973e+06
7.692222769128663465e+06
4.034501976782933809e+06
7.910817294538250193e+06
4.646830777087361552e+06
1.085179448034350388e+07
4.268878281808109954e+06
9.755488279408674687e+06
4.517963789152031764e+06
4.271714747321611270e+06
9.147041913810573518e+06
5.680437208996629342e+06
6.803150065881626680e+06
7.620288400404667482e+06
9.111862970690358430e+06
4.396805852462951094e+06
8.561699151276808232e+06
5.907518097497542389e+06
1.114305585168594122e+07
1.168888920588688739e+07
7.969991616406319663e+06
5.510358737307671458e+06
6.156861790278403088e+06
1.212379397026581503e+07
1.123349451489449292e+07
6.905505177470218390e+06
9.317598751542760059e+06
1.072617565061651543e+07
1.023531770386140421e+07
9.954160041048308834e+06
1.033666546954277158e+07
7.205627920839877799e+06
6.796484204451512545e+06
5.538008343098249286e+06
5.235225591688592918e+06
3.865047559789788909e+06
5.686674522180514410e+06
6.722168973640952259e+06
4.017949738670074381e+06
1.181624178410860896e+07
6.372434646235799417e+06
8.040537506975282915e+06
7.992263452315620147e+06
5.751213798965214752e+06
8.483955254513129592e+06
1.040439654521561787e+07
7.395684284840291366e+06
8.701146991759100929e+06
8.781692457940956578e+06
6.280027186465486884e+06
1.038840347052934580e+07
7.557642304261019453e+06
8.860876617940310389e+06
6.032945678281237371e+06
1.099892599271276221e+07
6.377421324238367379e+06
4.317808276163525879e+06
7.557642304261019453e+06
4.545662568842442706e+06
8.676896274430716410e+06
1.083247207822581753e+07
5.427429696673242375e+06
1.092683698280206509e+07
4.532309776563926600e+06
4.015028708018286154e+06
9.926867080504760146e+06
1.243455772165506892e+07
1.200389497214985266e+07
1.069177843048834056e+07
1.210621385456264019e+07
5.383988323701966554e+06
1.294381626042768732e+07
9.663640099489655346e+06
1.195960925024874508e+07
1.083641320053247362e+07
4.394487640093388036e+06
1.092347711795998737e+07
8.744890299843808636e+06
1.119641313377838768e+07
6.595379953561412171e+06
4.819779659349653870e+06
8.946767388836655766e+06
1.037512806386575103e+07
4.378575210746832192e+06
5.755821591085249558e+06
9.700066905986040831e+06
5.084615105475478806e+06
4.702188390250906348e+06
9.433230247220244259e+06
7.324367867381564341e+06
1.153589147487584129e+07
8.917804295639760792e+06
1.045691587189039588e+07
6.564045924638709985e+06
7.848864730752327479e+06
4.220664800873166882e+06
9.785976605398833752e+06
9.271275519658932462e+06
9.553183522096749395e+06
1.223789607152256556e+07
8.857015982802879065e+06
1.259336640135856532e+07
6.087682508265644312e+06
1.241484434890269488e+07
3.721346031138255261e+06
9.071125363407444209e+06
5.544267877420130186e+06
7.918888105309995823e+06
1.087368891674953513e+07
5.177290122926400043e+06
5.273774173796212301e+06
3.767332613150606863e+06
4.618793229384762235e+06
5.023154412756619975e+06
6.801907734431432560e+06
1.188957671749999747e+07
7.591800007710177451e+06
5.369346123428961262e+06
9.063430172370394692e+06
5.201119215001506731e+06
8.194968176860984415e+06
5.679503453801041469e+06
5.182705702872400172e+06
6.372595507056563161e+06
9.062715764558505267e+06
1.010628129796729237e+07
4.909708494821781293e+06
1.066736474641461112e+07
8.851010785288996994e+06
5.160781342241832986e+06
9.120774904687132686e+06
4.694566288144475780e+06
7.230350620772059076e+06
4.183703087190642487e+06
8.588361061259701848e+06
9.382106970412552357e+06
1.215692984528824128e+07
7.652074890568051487e+06
3.795041686923149973e+06
9.666518562527222559e+06
7.425161307472284883e+06
7.810722218220441602e+06
8.553386136839240789e+06
5.750584308404512703e+06
9.713970001096352935e+06
5.536309916756550781e+06
1.071957897077701986e+07
6.777935447088808753e+06
9.000322775809142739e+06
1.010246169606547616e+07
9.581476808011559770e+06
4.566793815407993272e+06
5.517352478966850787e+06
1.025876174761563912e+07
7.909113196031515487e+06
5.397854362053864636e+06
1.063311084518160485e+07
6.853860620868777856e+06
7.639625844112611376e+06
1.030198871464239806e+07
1.260921436761038005e+07
1.060810736069231853e+07
8.945630725153544918e+06
8.704053429047793150e+06
1.038921096014232188e+07
1.051148747070783749e+07
7.668423449534758925e+06
9.737787555528214201e+06
5.002818262653281912e+06
4.756646113878401928e+06
1.252771084333858266e+07
3.803756662531815935e+06
1.282989888463722728e+07
8.632449063303347677e+06
1.023622486268940009e+07
9.615430550930291414e+06
6.621866938804434612e+06
6.538167489395974204e+06
4.836909506672913209e+06
4.267865538569020107e+06
9.656889697417095304e+06
1.244566083940924332e+07
6.519187894069982693e+06
8.474229424899049103e+06
1.251809985187240690e+07
7.910014153936856426e+06
4.802382127976785414e+06
1.023531770386140421e+07
1.015263473110445589e+07
5.740876845268508419e+06
7.997011016020314768e+06
8.417508508029902354e+06
9.910216164217658341e+06
6.675352354210792109e+06
4.907091586824755184e+06
1.159985995730581135e+07
6.777935447088808753e+06
7.908146974030234851e+06
6.227829530140944757e+06
5.096421551938924007e+06
7.574127027573293075e+06
1.266001299723018892e+07
4.451820167201191187e+06
7.598116309636785649e+06
6.008696480282903649e+06
5.415938971504764631e+06
4.751121765980233438e+06
9.564688076553460211e+06
1.241238197401836328e+07
5.534602784764745273e+06
1.100443613088906184e+07
5.188399871785506606e+06
4.516540727710760199e+06
1.191465930631536059e+07
5.137465690933849663e+06
7.627482940889025107e+06
1.257660904053976946e+07
4.230234208786523901e+06
6.866313965494440868e+06
8.283379182940417901e+06
4.060536816557945684e+06
5.371389928850971162e+06
6.083884768121152185e+06
9.874826316715108231e+06
6.477142429982736707e+06
4.954447180455245078e+06
5.682330016858973540e+06
1.246510927629618160e+07
7.348985542540473863e+06
1.225409493167811260e+07
1.031693909490411356e+07
1.213718302486358956e+07
4.483316773954362608e+06
1.123614643671436794e+07
5.133157735109694302e+06
1.295440805072441697e+07
4.117274527620793320e+06
7.601988676533225924e+06
9.999328412413973361e+06
5.118159578683750704e+06
6.789616876154601574e+06
6.477116507288370281e+06
8.953207077052306384e+06
5.318060735814651474e+06
5.260974644404312596e+06
9.655287130398621783e+06
5.727246316144980490e+06
1.024161953911565244e+07
1.003818651562755182e+07
4.000068865839003120e+06
1.212408468176600151e+07
7.211975140193644911e+06
9.092852110462445766e+06
9.303601713168375194e+06
4.497538605237662792e+06
7.024978681378370151e+06
8.208391948034952395e+06
5.677416947999417782e+06
6.617955642024489120e+06
6.603109864734608680e+06
1.033469641861367784e+07
1.284494518203010038e+07
1.024625345528920740e+07
1.258497266247967072e+07
6.175404643138818443e+06
5.393776535064938478e+06
1.091674579486168735e+07
1.201736342763699591e+07
8.186230318417387083e+06
1.128802439073524810e+07
1.113187932283967547e+07
5.357756125397438183e+06
1.078402876571933553e+07
1.265408286605508253e+07
3.736681231373238377e+06
7.852150142021013424e+06
1.049337974027452804e+07
6.425442750937057659e+06
6.557687737205646932e+06
9.298890952246364206e+06
3.876229011374837719e+06
6.159547986706689000e+06
5.346308050685760565e+06
1.003678008315501735e+07
3.996778846269947477e+06
7.608900420511923730e+06
8.073358824302427471e+06
1.052903726513080299e+07
6.388415066311769187e+06
4.039423863796763122e+06
6.543972717903126031e+06
1.069923371303841472e+07
7.220579461751964875e+06
1.291997697790658288e+07
9.328726384566510096e+06
4.089731896889384836e+06
1.239654623355849460e+07
1.294087685158083588e+07
1.030565976819145679e+07
9.526176481412461028e+06
7.147641482958756387e+06
1.024161953911565244e+07
1.275631055782223865e+07
9.490572313980380073e+06
1.053410854808210954e+07
9.335698660918774083e+06
4.573200372845689766e+06
8.280949508387966082e+06
3.779305158528487664e+06
7.196249226315913722e+06
1.137639412144333310e+07
1.232642640408710390e+07
6.281659895970690995e+06
1.121945039511066303e+07
9.050706622116122395e+06
1.036810366977813467e+07
1.159985995730581135e+07
6.978292225766979158e+06
1.176294205091559328e+07
1.232965521055943705e+07
5.127109718140156008e+06
1.242262068523674831e+07
8.353311735757835209e+06
6.902897541451843455e+06
1.003354021603265032e+07
1.086240185395098478e+07
9.591361258867913857e+06
1.267506032012427226e+07
7.943445786250337958e+06
5.452902440663949586e+06
7.688947220634326339e+06
9.637344251236677170e+06
7.458096628874259070e+06
5.796831863426635973e+06
8.252728241186439991e+06
4.582373784289619885e+06
5.608295637905312702e+06
3.880018953717380296e+06
1.162912721156759560e+07
1.014190760061546415e+07
1.260429874347865209e+07
8.385033623725724407e+06
8.124102645684482530e+06
9.971607251120882109e+06
1.200639720064270124e+07
5.508620883380234241e+06
5.596163589808220044e+06
1.048672104280461930e+07
1.281383029561869986e+07
1.213150127196880616e+07
4.494997882325926796e+06
1.108856677707461268e+07
7.219756781279521994e+06
1.113864751194448769e+07
9.374469863694133237e+06
6.235435675612732768e+06
7.563235034017824568e+06
9.479988257817469537e+06
7.269406332334697247e+06
8.263194099911635742e+06
9.033270988398473710e+06
8.157672697437894531e+06
7.245508075628025457e+06
1.212969112214953825e+07
4.114769530536348466e+06
1.039816853870876878e+07
7.888050207282817923e+06
9.910361555323002860e+06
8.685522223439026624e+06
1.259018580715130083e+07
6.864810554734603502e+06
3.825917150067185052e+06
1.240403592644958571e+07
5.489797782411348075e+06
3.908611287821940612e+06
8.980127710074724630e+06
1.152120897499636747e+07
6.048989785911949351e+06
5.346018171990831383e+06
7.190397221245936118e+06
9.513276302466319874e+06
4.132844610825090203e+06
1.225310242519209161e+07
8.299393439222122543e+06
1.198458187980978750e+07
5.373853096439229324e+06
1.166156390780073404e+07
6.282281232666108757e+06
9.276101369935721159e+06
6.385489128381660208e+06
8.856883527418410406e+06
6.180274286710446700e+06
4.409220879799159244e+06
6.270975881252204999e+06
4.230468817289549857e+06
1.027960279817635939e+07
4.236480950586422347e+06
8.388642382971877232e+06
7.772248831513511017e+06
3.886006898326290771e+06
1.077112731567945331e+07
9.501824811463531107e+06
5.346311068847833201e+06
9.595385067294338718e+06
7.399380524753119797e+06
6.513027346533775330e+06
1.166156390780073404e+07
7.497194555744940415e+06
8.781029223970070481e+06
1.289387710153996944e+07
8.017261290224973112e+06
1.093711362455645949e+07
7.586690684943433851e+06
1.176543830017146841e+07
5.492548804055388086e+06
7.805539862000150606e+06
6.600585717918797396e+06
1.211479158435589448e+07
1.071000928637531772e+07
4.326876092041731812e+06
4.084649000221996568e+06
9.872931323149088770e+06
9.708556848355654627e+06
8.986942375988591462e+06
9.575178464503228664e+06
9.889447360905492678e+06
9.555260378920735791e+06
7.276515853625540622e+06
6.873210485737198964e+06
7.245730782155180350e+06
3.826705115294751246e+06
9.491410240031544119e+06
1.093735883405338973e+07
6.627720603420354426e+06
1.055106618911322579e+07
3.795295933199398220e+06
5.528362150250350125e+06
5.593115991347994655e+06
1.101993758365542442e+07
5.967244742897135206e+06
4.663872726712554693e+06
6.406208007052952424e+06
9.474860113977063447e+06
5.081879645924231037e+06
4.443427819711180404e+06
5.039767339822895825e+06
9.162846620640721172e+06
4.610443542407631874e+06
8.757260278120579198e+06
1.221115492038896121e+07
6.546315762720470317e+06
5.758017542808778584e+06
7.142212788621081971e+06
3.910858365845081862e+06
5.039776542302765884e+06
1.003354021603265032e+07
8.504986904357464984e+06
1.018469664065970480e+07
4.895499236793419346e+06
4.550617431473223493e+06
1.039534135822525993e+07
4.183862919435027055e+06
9.038078525253910571e+06
5.561574104108251631e+06
1.185966157783719897e+07
4.168484282434348948e+06
4.535230638283578679e+06
4.818814720937577076e+06
1.167599698268864304e+07
4.097705320876000449e+06
8.806077461001189426e+06
6.505893460826918483e+06
7.876063141134437174e+06
1.095735747492371127e+07
6.236323229449656792e+06
4.765616300642222166e+06
5.229646269923286512e+06
8.577435503882000223e+06
7.705626085397200659e+06
8.355237266973959282e+06
4.889914392298012972e+06
5.149561850814804435e+06
6.105277183983067051e+06
5.384614459455719218e+06
5.512054553085569292e+06
6.515743540005430579e+06
8.643219208299081773e+06
6.762287287892737426e+06
5.264254440493563190e+06
1.015053538078849949e+07
1.007401874796665832e+07
4.590790217350129038e+06
1.121206689961614646e+07
7.956213224696335383e+06
1.123349451489449292e+07
3.904555185294331051e+06
7.404814195618136786e+06
9.738866861941995099e+06
7.798376749360703863e+06
6.247962536810292862e+06
1.057580008459449932e+07
1.062037813979760185e+07
7.171981689021646976e+06
9.063620732024390250e+06
1.250888111765521392e+07
9.560382233920523897e+06
6.275311837660366669e+06
4.573200372845689766e+06
1.001633681003108434e+07
1.171634190883228183e+07
1.198255309822266921e+07
1.099892599271276221e+07
1.266625340646453574e+07
7.533540431270722300e+06
7.359333315399462357e+06
1.149254068348017521e+07
1.219371053549217246e+07
6.173859463655559346e+06
8.985724060167606920e+06
6.887713371893113479e+06
3.947938350457277615e+06
4.392927442465160042e+06
7.254943366224179044e+06
7.098225994674895890e+06
6.204866278753053397e+06
8.031446694663343951e+06
7.373139075215528719e+06
7.343431233438408002e+06
3.786159978542656638e+06
5.815868026984387077e+06
8.112599947087764740e+06
5.489797782411348075e+06
5.107372191565904766e+06
4.859548682163206860e+06
