2.922122943832263695e-08
2.683853665352847954e-08
1.126235021407047820e-05
1.705732105594155672e-05
3.911006340829212682e-07
2.226619979841427276e-07
2.782694539129264397e-04
4.011951076881832304e-06
6.367543148284121583e-07
1.230180306113979314e-05
2.419156866630944021e-07
3.158419612107019017e-07
6.576223411180512501e-08
2.676015578813683072e-05
2.182921051354321150e-07
4.221345356819724102e-06
4.640108363513067974e-06
2.423865110890136186e-07
6.341712488051651610e-04
2.448169472922535269e-06
1.126235021407047820e-05
6.257152728509521379e-08
3.911006340829212682e-07
2.012340894755930841e-05
4.433289435976714277e-08
3.828766030297251493e-07
8.443264536276703187e-05
1.707024471734901099e-06
2.937239885322723539e-06
5.789172579695350220e-08
1.275647880281721203e-07
5.658747540265446998e-07
1.126235021407047820e-05
1.608347005778628581e-05
2.012340894755930841e-05
7.266706282922992477e-07
4.245682359602207819e-05
9.157905780311438156e-06
1.691410559825046612e-06
1.495267608745740441e-04
3.158419612107019017e-07
2.891291043317816684e-07
2.137018772119855532e-07
2.166869816075078613e-06
1.049511563894340687e-04
1.691410559825046612e-06
8.760911965249725475e-08
2.784515909261502456e-03
2.190736362891107062e-06
5.420868890833947709e-08
5.305858160423088706e-05
1.222878689218647749e-07
1.519232299210072977e-04
8.760911965249725475e-08
6.763217911519250003e-06
1.125936128553840874e-03
2.937239885322723539e-06
3.405248377462236114e-06
3.902637426801026291e-07
9.829457222578480001e-06
2.922122943832263695e-08
3.791650510073137081e-04
2.618366004021577785e-04
4.788813111710464999e-07
1.222878689218647749e-07
4.433289435976714277e-08
4.245682359602207819e-05
9.157905780311438156e-06
1.753964133278933364e-08
2.073794895411843789e-07
5.235389229914217126e-08
5.213227788055346232e-05
1.421011045946907048e-07
2.182921051354321150e-07
2.714100645966816530e-07
1.753964133278933364e-08
1.844470572309431573e-06
8.313398793134321702e-06
1.443878363932339568e-07
4.125113294506949380e-07
8.424585334904280399e-08
3.158419612107019017e-07
3.695408161592681823e-05
2.325632440463192344e-05
7.978580476131943433e-07
1.609345294055331339e-06
6.763217911519250003e-06
2.937239885322723539e-06
8.017925197199014367e-06
5.789172579695350220e-08
3.158419612107019017e-07
9.157905780311438156e-06
2.582415651130281038e-07
1.217744253863475518e-07
1.512751513899800902e-06
6.165473265533722756e-08
4.068545411490674932e-06
1.280341156274264307e-04
1.334039945509281536e-06
1.432294537036564523e-05
2.922122943832263695e-08
3.158419612107019017e-07
2.082323442407615823e-03
7.942853949790001989e-08
3.403111533971919684e-07
2.061735822254581069e-06
2.167888953538295283e-05
6.763217911519250003e-06
5.420868890833947709e-08
1.844470572309431573e-06
2.683853665352847954e-08
3.158419612107019017e-07
1.126235021407047820e-05
3.695408161592681823e-05
3.911006340829212682e-07
9.417544705023866405e-05
2.582415651130281038e-07
6.763217911519250003e-06
1.973176788084057471e-07
2.161393241829136264e-07
4.850776744897193626e-03
2.182921051354321150e-07
3.828766030297251493e-07
5.111468397646097805e-06
1.517249853751164230e-06
8.313398793134321702e-06
1.217744253863475518e-07
3.506327003780877913e-08
3.943748771232007435e-06
1.687398183960925812e-03
3.445171555292018874e-03
2.012340894755930841e-05
2.137018772119855532e-07
2.166869816075078613e-06
1.753964133278933364e-08
1.107160092442849861e-04
1.037233468779578450e-04
5.420868890833947709e-08
5.789172579695350220e-08
1.443878363932339568e-07
1.094246242635877643e-03
2.536668201734997966e-07
8.603564843326312389e-05
1.222878689218647749e-07
1.753964133278933364e-08
3.405248377462236114e-06
1.082364266988357194e-07
7.496010843447050114e-08
1.512751513899800902e-06
1.561551618460100821e-01
2.922122943832263695e-08
6.257152728509521379e-08
7.123071949443184146e-04
2.137018772119855532e-07
2.582415651130281038e-07
8.760911965249725475e-08
1.973176788084057471e-07
2.807014376442345540e-05
1.979561865720861210e-07
3.468770461761261262e-07
5.235389229914217126e-08
3.158419612107019017e-07
1.421011045946907048e-07
2.219642062270254972e-06
1.443878363932339568e-07
1.197214528316881721e-06
2.423865110890136186e-07
6.165473265533722756e-08
1.669549544079953774e-06
1.195703804031906753e-06
3.158419612107019017e-07
7.181005600276021282e-08
8.965395250450227749e-05
1.421011045946907048e-07
1.699266042545325651e-05
1.626276716877202805e-07
8.464949527676496235e-06
9.157905780311438156e-06
2.582415651130281038e-07
1.311756787571490739e-03
7.931347218802214534e-08
2.012340894755930841e-05
1.222878689218647749e-07
2.167888953538295283e-05
5.381371160401254798e-07
1.448865016425238653e-06
2.937239885322723539e-06
1.491061159562089086e-07
7.323484925485879812e-06
2.774980224828425650e-04
3.158419612107019017e-07
8.603564843326312389e-05
1.222878689218647749e-07
4.221345356819724102e-06
3.765826709653042931e-04
8.760911965249725475e-08
1.973176788084057471e-07
6.198874215476435085e-05
1.448865016425238653e-06
1.197214528316881721e-06
2.922122943832263695e-08
2.683853665352847954e-08
8.603564843326312389e-05
1.493472592625594419e-07
2.182921051354321150e-07
7.942853949790001989e-08
1.417672433644132839e-04
1.691410559825046612e-06
8.760911965249725475e-08
1.245641490100979571e-04
7.584932511605415411e-07
3.158419612107019017e-07
8.603564843326312389e-05
3.030888615427369074e-05
3.589563437652457855e-05
1.753964133278933364e-08
6.412739663061168501e-06
7.163982881413785534e-07
1.280341156274264307e-04
5.310544753906968200e-07
3.304824052452379760e-07
3.911006340829212682e-07
9.157905780311438156e-06
1.609345294055331339e-06
1.753964133278933364e-08
9.219011241232572872e-08
2.044588085334213127e-04
3.972937637020094830e-03
9.829457222578480001e-06
3.610756479624097270e-07
2.683853665352847954e-08
2.167888953538295283e-05
5.111468397646097805e-06
1.753964133278933364e-08
5.420868890833947709e-08
1.552086116159277947e-02
2.650770594522633265e-04
1.217744253863475518e-07
3.959148510287388459e-07
2.238401715371800884e-06
4.791459878165947657e-07
2.683853665352847954e-08
1.126235021407047820e-05
2.536668201734997966e-07
1.395561467235993111e-05
7.942853949790001989e-08
2.137018772119855532e-07
9.157905780311438156e-06
7.252952988649444710e-07
6.763217911519250003e-06
1.275647880281721203e-07
8.603564843326312389e-05
1.493472592625594419e-07
3.911006340829212682e-07
2.137018772119855532e-07
5.381371160401254798e-07
3.841436594730884813e-05
1.443878363932339568e-07
2.256713451011305215e-05
5.083696016486990450e-07
5.235389229914217126e-08
1.126235021407047820e-05
2.182921051354321150e-07
4.433289435976714277e-08
6.726638880351305757e-06
5.111468397646097805e-06
2.073794895411843789e-07
7.389175323443300487e-06
1.979561865720861210e-07
5.080389490233634111e-04
2.922122943832263695e-08
3.158419612107019017e-07
7.219315383800654743e-05
7.931347218802214534e-08
3.403111533971919684e-07
9.157905780311438156e-06
2.918926822314368201e-05
2.238401715371800884e-06
3.689544329584607766e-03
9.694887364967545186e-05
1.275647880281721203e-07
5.658747540265446998e-07
3.146716555001226398e-06
3.304824052452379760e-07
1.222878689218647749e-07
3.828766030297251493e-07
1.609345294055331339e-06
5.834852649716008280e-06
1.064348369555458753e-04
5.755832158755464509e-04
1.126235021407047820e-05
1.746968165192508771e-06
3.852431830306959031e-06
1.176028072824887930e-06
1.107160092442849861e-04
4.878998567264430124e-07
3.405248377462236114e-06
3.193742672325877941e-06
4.640108363513067974e-06
4.716965884176170382e-06
2.621720403571662357e-06
2.182921051354321150e-07
2.137018772119855532e-07
6.144209627467185353e-01
2.858701054532740162e-06
5.420868890833947709e-08
1.311756787571490739e-03
7.475729768599561093e-06
9.219011241232572872e-08
1.197214528316881721e-06
5.502357176536851141e-08
6.576223411180512501e-08
7.931347218802214534e-08
1.222878689218647749e-07
3.403111533971919684e-07
1.517249853751164230e-06
5.614986588110005518e-06
7.389175323443300487e-06
4.125113294506949380e-07
6.165473265533722756e-08
5.235389229914217126e-08
5.658747540265446998e-07
3.695408161592681823e-05
7.978580476131943433e-07
1.609345294055331339e-06
1.245641490100979571e-04
7.256780333729462252e-04
1.311756787571490739e-03
9.219011241232572872e-08
1.082364266988357194e-07
2.922122943832263695e-08
1.126235021407047820e-05
8.603564843326312389e-05
4.433289435976714277e-08
2.137018772119855532e-07
1.753964133278933364e-08
2.858701054532740162e-06
1.562279118028599679e-05
1.217744253863475518e-07
6.165473265533722756e-08
5.235389229914217126e-08
8.914246056495490217e-05
2.325632440463192344e-05
3.734757725046375556e-06
3.476208980527887479e-07
2.226619979841427276e-07
8.760911965249725475e-08
5.420868890833947709e-08
2.937239885322723539e-06
5.789172579695350220e-08
6.576223411180512501e-08
3.476208980527887479e-07
5.705802969405931794e-06
3.403111533971919684e-07
5.111468397646097805e-06
2.714100645966816530e-07
2.226619979841427276e-07
1.517249853751164230e-06
2.937239885322723539e-06
2.161393241829136264e-07
5.213227788055346232e-05
1.769187585899637614e-06
6.763217911519250003e-06
5.789172579695350220e-08
3.193742672325877941e-06
1.512751513899800902e-06
6.367543148284121583e-07
1.293878776809424575e-06
6.460177142830883931e-07
5.012621093438803308e-05
2.683853665352847954e-08
6.071740976768691270e-05
3.695408161592681823e-05
8.603564843326312389e-05
2.201681603973505361e-04
1.421011045946907048e-07
2.182921051354321150e-07
2.012340894755930841e-05
3.403111533971919684e-07
5.381371160401254798e-07
2.891291043317816684e-07
5.213227788055346232e-05
7.942853949790001989e-08
9.921559898835050160e-04
2.166869816075078613e-06
4.245682359602207819e-05
1.517249853751164230e-06
6.886348912321463413e-06
6.226999310544230619e-05
9.219011241232572872e-08
5.502357176536851141e-08
8.424585334904280399e-08
1.126235021407047820e-05
2.012340894755930841e-05
1.222878689218647749e-07
1.006291509825609211e-05
1.609345294055331339e-06
2.161393241829136264e-07
7.389175323443300487e-06
1.491061159562089086e-07
2.922122943832263695e-08
2.683853665352847954e-08
3.158419612107019017e-07
7.931347218802214534e-08
4.433289435976714277e-08
3.403111533971919684e-07
4.245682359602207819e-05
1.691410559825046612e-06
1.491061159562089086e-07
2.807014376442345540e-05
2.536668201734997966e-07
3.911006340829212682e-07
4.433289435976714277e-08
5.111468397646097805e-06
6.763217911519250003e-06
1.973176788084057471e-07
7.306136241547531293e-05
6.367543148284121583e-07
1.519081608882552616e-06
1.600237415417896995e-05
3.158419612107019017e-07
3.695408161592681823e-05
6.576223411180512501e-08
8.603564843326312389e-05
2.012340894755930841e-05
2.137018772119855532e-07
2.167888953538295283e-05
3.098754890416072422e-05
5.789172579695350220e-08
8.313398793134321702e-06
2.762983438289673317e-06
8.487980412001894194e-05
6.257152728509521379e-08
3.911006340829212682e-07
2.137018772119855532e-07
7.475729768599561093e-06
1.217744253863475518e-07
3.902637426801026291e-07
6.165473265533722756e-08
1.796401408369538422e-05
5.658747540265446998e-07
3.695408161592681823e-05
2.974298405881318358e-03
5.213227788055346232e-05
6.952161760960525511e-06
4.665302798932436127e-06
1.245641490100979571e-04
2.073794895411843789e-07
9.219011241232572872e-08
9.829457222578480001e-06
2.683853665352847954e-08
1.126235021407047820e-05
2.536668201734997966e-07
1.421011045946907048e-07
1.006291509825609211e-05
9.157905780311438156e-06
9.159703602594302524e-04
8.114415328753467454e-06
1.517249853751164230e-06
6.544033561772819760e-06
2.922122943832263695e-08
5.213227788055346232e-05
4.221345356819724102e-06
2.226619979841427276e-07
1.517249853751164230e-06
5.420868890833947709e-08
7.389175323443300487e-06
3.959148510287388459e-07
1.230180306113979314e-05
3.506327003780877913e-08
2.922122943832263695e-08
2.676015578813683072e-05
2.137018772119855532e-07
2.582415651130281038e-07
1.609345294055331339e-06
1.107160092442849861e-04
4.640108363513067974e-06
1.082364266988357194e-07
1.443878363932339568e-07
2.423865110890136186e-07
2.922122943832263695e-08
7.931347218802214534e-08
3.911006340829212682e-07
2.166869816075078613e-06
1.875055117470615846e-05
5.860661735871697976e-07
1.973176788084057471e-07
8.313398793134321702e-06
1.082364266988357194e-07
1.443878363932339568e-07
5.502357176536851141e-08
2.683853665352847954e-08
1.126235021407047820e-05
8.603564843326312389e-05
8.558847163772047019e-06
2.167888953538295283e-05
1.691410559825046612e-06
5.373803812060594165e-06
8.043050626333497579e-06
2.918926822314368201e-05
5.305858160423088706e-05
7.942853949790001989e-08
3.403111533971919684e-07
2.714100645966816530e-07
1.140907677716155300e-06
8.760911965249725475e-08
7.475729768599561093e-06
1.443878363932339568e-07
1.304899549132751183e-06
6.341712488051651610e-04
5.658747540265446998e-07
3.146716555001226398e-06
9.830776711438232694e-06
1.421011045946907048e-07
2.182921051354321150e-07
2.137018772119855532e-07
8.760911965249725475e-08
2.161393241829136264e-07
7.389175323443300487e-06
7.496010843447050114e-08
2.573167103980716748e-06
4.433289435976714277e-08
1.844470572309431573e-06
4.640108363513067974e-06
3.902637426801026291e-07
4.716965884176170382e-06
1.230180306113979314e-05
6.396807683305616096e-05
1.519081608882552616e-06
1.825849085362904944e-03
2.922122943832263695e-08
2.140148420996179570e-04
2.012340894755930841e-05
1.133732571286933951e-05
1.753964133278933364e-08
5.789172579695350220e-08
1.491061159562089086e-07
4.011951076881832304e-06
6.341712488051651610e-04
5.080389490233634111e-04
1.309266123138194855e-03
5.111468397646097805e-06
2.073794895411843789e-07
5.420868890833947709e-08
4.878998567264430124e-07
1.844470572309431573e-06
1.806558485705654291e-04
6.165473265533722756e-08
5.083696016486990450e-07
7.238067021573992964e-05
1.415689817070661041e-06
5.305858160423088706e-05
3.911006340829212682e-07
5.705802969405931794e-06
4.286394177945520201e-05
3.200238429032442817e-04
1.245641490100979571e-04
1.844470572309431573e-06
5.789172579695350220e-08
1.082364266988357194e-07
1.126235021407047820e-05
5.305858160423088706e-05
1.493472592625594419e-07
3.476208980527887479e-07
4.433289435976714277e-08
1.875055117470615846e-05
2.714100645966816530e-07
1.973176788084057471e-07
1.311756787571490739e-03
3.071282234040713341e-06
1.493472592625594419e-07
3.828766030297251493e-07
4.245682359602207819e-05
5.111468397646097805e-06
1.082364266988357194e-07
3.902637426801026291e-07
6.367543148284121583e-07
6.497409575648626853e-05
2.375902127169284971e-04
2.126893745466549378e-05
3.776537989415788381e-06
2.166869816075078613e-06
1.362661467953920434e-06
1.107160092442849861e-04
1.125936128553840874e-03
1.082364266988357194e-07
1.443878363932339568e-07
4.716965884176170382e-06
4.997977399756618234e-03
5.012621093438803308e-05
2.412077594089870932e-03
2.182921051354321150e-07
3.828766030297251493e-07
2.582415651130281038e-07
1.609345294055331339e-06
2.875889081742395957e-06
4.787678360871741091e-05
5.789172579695350220e-08
7.389175323443300487e-06
3.468770461761261262e-07
5.502357176536851141e-08
1.126235021407047820e-05
2.320927715968246685e-06
9.334372338416651877e-07
5.305858160423088706e-05
4.245682359602207819e-05
5.396288778577582783e-04
9.157905780311438156e-06
1.082021183809168298e-05
8.760911965249725475e-08
1.275647880281721203e-07
9.881523003075109307e-03
3.525839430869688401e-06
7.992424368283965641e-05
2.325632440463192344e-05
2.182921051354321150e-07
4.433289435976714277e-08
2.137018772119855532e-07
5.789172579695350220e-08
3.405248377462236114e-06
2.683853665352847954e-08
3.158419612107019017e-07
6.875228761234753363e-07
9.334372338416651877e-07
8.603564843326312389e-05
2.012340894755930841e-05
2.061735822254581069e-06
5.111468397646097805e-06
2.073794895411843789e-07
5.373803812060594165e-06
5.502357176536851141e-08
3.158419612107019017e-07
1.421011045946907048e-07
4.433289435976714277e-08
3.403111533971919684e-07
5.755832158755464509e-04
6.954964219983581159e-05
2.073794895411843789e-07
1.844470572309431573e-06
9.219011241232572872e-08
3.585613772158055594e-05
5.213227788055346232e-05
1.493472592625594419e-07
2.226619979841427276e-07
1.753964133278933364e-08
5.420868890833947709e-08
1.311756787571490739e-03
2.937239885322723539e-06
4.345868747320006928e-06
8.313398793134321702e-06
1.907802878162401534e-05
8.603564843326312389e-05
2.676015578813683072e-05
7.942853949790001989e-08
4.231664481756682017e-05
1.107160092442849861e-04
1.517249853751164230e-06
8.313398793134321702e-06
1.197214528316881721e-06
1.979561865720861210e-07
7.931347218802214534e-08
2.182921051354321150e-07
4.433289435976714277e-08
3.403111533971919684e-07
4.221345356819724102e-06
6.063547867173741434e-07
5.755832158755464509e-04
1.125936128553840874e-03
2.735343613078713936e-06
2.726038391342755969e-06
5.502357176536851141e-08
3.158419612107019017e-07
2.182921051354321150e-07
1.222878689218647749e-07
2.137018772119855532e-07
1.691410559825046612e-06
1.245641490100979571e-04
1.844470572309431573e-06
8.018360173259382086e-04
4.640108363513067974e-06
5.658747540265446998e-07
2.676015578813683072e-05
1.355633596266452014e-05
9.157905780311438156e-06
6.767214406177616179e-06
5.789172579695350220e-08
4.640108363513067974e-06
6.165473265533722756e-08
6.367543148284121583e-07
1.230180306113979314e-05
1.391378791357274015e-06
5.658747540265446998e-07
2.182921051354321150e-07
4.433289435976714277e-08
1.753964133278933364e-08
1.517249853751164230e-06
1.125936128553840874e-03
5.478208715693978621e-07
3.841436594730884813e-05
3.959148510287388459e-07
1.158612436982717056e-06
8.914246056495490217e-05
2.137018772119855532e-07
2.582415651130281038e-07
5.625719973393946555e-04
6.763217911519250003e-06
5.842769291904404054e-06
4.640108363513067974e-06
1.770773516477465649e-05
4.496227152669990168e-05
3.146716555001226398e-06
8.760911965249725475e-08
2.875889081742395957e-06
2.069071198802533796e-06
6.544033561772819760e-06
6.367543148284121583e-07
1.293878776809424575e-06
1.317596293656793257e-06
1.225238837600678597e-06
3.915240861000545600e-06
5.502357176536851141e-08
2.683853665352847954e-08
1.421011045946907048e-07
4.788813111710464999e-07
2.167888953538295283e-05
1.844470572309431573e-06
2.161393241829136264e-07
4.640108363513067974e-06
1.124246856856779821e-05
3.610756479624097270e-07
1.973176788084057471e-07
1.707024471734901099e-06
5.420868890833947709e-08
1.311756787571490739e-03
8.888848693770091535e-05
1.037181133063228360e-05
3.610756479624097270e-07
6.165473265533722756e-08
1.317596293656793257e-06
1.627456137217067839e-04
2.922122943832263695e-08
1.126235021407047820e-05
3.828766030297251493e-07
2.714100645966816530e-07
5.860661735871697976e-07
1.973176788084057471e-07
1.552086116159277947e-02
2.937239885322723539e-06
5.478208715693978621e-07
4.013282437752251549e-06
2.922122943832263695e-08
3.158419612107019017e-07
3.445171555292018874e-03
6.677278021321741443e-05
2.167888953538295283e-05
1.875055117470615846e-05
1.609345294055331339e-06
2.073794895411843789e-07
6.886348912321463413e-06
5.789172579695350220e-08
6.071708480092168455e-05
7.942853949790001989e-08
2.166869816075078613e-06
2.714100645966816530e-07
4.427667282064344522e-06
8.760911965249725475e-08
1.358981224539741175e-04
6.443671552078182965e-05
1.217744253863475518e-07
3.158590315613951931e-04
5.933683499359135623e-07
2.536668201734997966e-07
3.476208980527887479e-07
5.111468397646097805e-06
1.753964133278933364e-08
3.193742672325877941e-06
8.313398793134321702e-06
1.217744253863475518e-07
1.197214528316881721e-06
1.131008524128137779e-03
2.683853665352847954e-08
6.875228761234753363e-07
1.493472592625594419e-07
9.417544705023866405e-05
1.245641490100979571e-04
5.420868890833947709e-08
2.937239885322723539e-06
1.491061159562089086e-07
8.828554003861927560e-07
3.955639974174011801e-03
5.502357176536851141e-08
6.576223411180512501e-08
2.166869816075078613e-06
5.111468397646097805e-06
2.714100645966816530e-07
6.886348912321463413e-06
1.010703962858480270e-06
7.298463496131811261e-06
1.892331877906474485e-04
4.011951076881832304e-06
4.461131898731658988e-04
7.181005600276021282e-08
7.942853949790001989e-08
2.137018772119855532e-07
4.245682359602207819e-05
1.107160092442849861e-04
1.125936128553840874e-03
5.789172579695350220e-08
7.496010843447050114e-08
1.978956083857111011e-06
3.695408161592681823e-05
2.621720403571662357e-06
4.251323013142967178e-02
2.676015578813683072e-05
1.222878689218647749e-07
7.942853949790001989e-08
3.828766030297251493e-07
5.381371160401254798e-07
7.919060133733920200e-07
1.245641490100979571e-04
3.695408161592681823e-05
6.257152728509521379e-08
2.676015578813683072e-05
7.931347218802214534e-08
2.582415651130281038e-07
1.082364266988357194e-07
1.512751513899800902e-06
1.979561865720861210e-07
1.105904845540998439e-04
1.716739543601423239e-06
6.576223411180512501e-08
2.676015578813683072e-05
7.931347218802214534e-08
3.828766030297251493e-07
2.166869816075078613e-06
2.582415651130281038e-07
1.844470572309431573e-06
2.238401715371800884e-06
1.979561865720861210e-07
1.390661575562654651e-05
1.126235021407047820e-05
7.931347218802214534e-08
3.828766030297251493e-07
4.245682359602207819e-05
1.707024471734901099e-06
1.963205811737317566e-05
1.197214528316881721e-06
3.467421284408715269e-07
1.230180306113979314e-05
2.260626129643661050e-04
3.695408161592681823e-05
2.012340894755930841e-05
2.157469191967610963e-05
5.287422472175070032e-07
4.977402235601855597e-06
1.245641490100979571e-04
5.420868890833947709e-08
1.411209356691714217e-03
5.789172579695350220e-08
3.405248377462236114e-06
5.502357176536851141e-08
6.576223411180512501e-08
2.676015578813683072e-05
2.012340894755930841e-05
7.942853949790001989e-08
2.167888953538295283e-05
5.287422472175070032e-07
8.452681234950442421e-07
3.766364907823613675e-06
2.423865110890136186e-07
2.922122943832263695e-08
5.658747540265446998e-07
1.126235021407047820e-05
2.858493935603738725e-03
2.676015578813683072e-05
1.493472592625594419e-07
2.182921051354321150e-07
2.012340894755930841e-05
4.221345356819724102e-06
2.274052727258254102e-06
5.502357176536851141e-08
5.658747540265446998e-07
1.421011045946907048e-07
2.061735822254581069e-06
5.111468397646097805e-06
7.252952988649444710e-07
4.640108363513067974e-06
4.739620060958225330e-06
1.979561865720861210e-07
3.468770461761261262e-07
1.126235021407047820e-05
3.476208980527887479e-07
2.167888953538295283e-05
1.844470572309431573e-06
5.789172579695350220e-08
1.135674164152094406e-03
3.020882129423995076e-06
2.260626129643661050e-04
2.165946811686899958e-04
3.943748771232007435e-06
3.158419612107019017e-07
8.603564843326312389e-05
1.746968165192508771e-06
7.931347218802214534e-08
3.828766030297251493e-07
4.245682359602207819e-05
2.582415651130281038e-07
1.973176788084057471e-07
4.878998567264430124e-07
1.844470572309431573e-06
2.457592763965322041e-05
7.931347218802214534e-08
2.182921051354321150e-07
1.222878689218647749e-07
9.157905780311438156e-06
5.287422472175070032e-07
3.492951886201141657e-04
1.177212586859545948e-04
4.125113294506949380e-07
9.829457222578480001e-06
5.235389229914217126e-08
1.039405292809935492e-05
7.266706282922992477e-07
2.137018772119855532e-07
2.061735822254581069e-06
2.582415651130281038e-07
1.640882677906905336e-04
1.973176788084057471e-07
1.707024471734901099e-06
1.124246856856779821e-05
2.922122943832263695e-08
2.457592763965322041e-05
7.931347218802214534e-08
2.182921051354321150e-07
4.433289435976714277e-08
1.517249853751164230e-06
1.311756787571490739e-03
1.217744253863475518e-07
1.317596293656793257e-06
1.519081608882552616e-06
1.421011045946907048e-07
2.182921051354321150e-07
8.760911965249725475e-08
6.763217911519250003e-06
1.517249853751164230e-06
7.389175323443300487e-06
1.217744253863475518e-07
4.125113294506949380e-07
8.828554003861927560e-07
3.877393948601751648e-03
3.705618407536020315e-02
1.421011045946907048e-07
4.788813111710464999e-07
5.789172579695350220e-08
7.389175323443300487e-06
6.544033561772819760e-06
1.979561865720861210e-07
2.442206904673419723e-06
7.163982881413785534e-07
5.083696016486990450e-07
6.257152728509521379e-08
7.931347218802214534e-08
2.182921051354321150e-07
3.403111533971919684e-07
4.245682359602207819e-05
1.176028072824887930e-06
4.701858880600193416e-07
9.219011241232572872e-08
1.675661082487975011e-06
1.443878363932339568e-07
9.157905780311438156e-06
5.381371160401254798e-07
1.691410559825046612e-06
2.226619979841427276e-07
1.707024471734901099e-06
6.886348912321463413e-06
8.313398793134321702e-06
3.685949940611257133e-06
2.238401715371800884e-06
3.468770461761261262e-07
1.275647880281721203e-07
1.126235021407047820e-05
2.229666997043049648e-06
8.603564843326312389e-05
1.421011045946907048e-07
3.476208980527887479e-07
1.691410559825046612e-06
6.763217911519250003e-06
1.517249853751164230e-06
1.408946104656836662e-05
5.213227788055346232e-05
4.433289435976714277e-08
6.947630996616756428e-07
8.760911965249725475e-08
2.073794895411843789e-07
8.313398793134321702e-06
1.082364266988357194e-07
1.512751513899800902e-06
1.330081800188208895e-02
3.506327003780877913e-08
