3.872923311854616145e-04
7.023169110984870496e-04
1.761556489214728249e-03
3.725124588685372164e-04
8.978652167043304480e-04
5.833928847020728456e-04
4.447211983156232817e-04
7.799842826571247618e-03
3.034042115887580814e-04
7.293479892368188522e-04
8.509912220658918773e-04
4.478113609060243574e-04
3.214076959351983118e-04
2.908636215018052008e-03
2.848806737335621547e-04
6.957968144577717775e-04
5.423906354027992942e-04
3.147133474499896715e-03
6.900340980513275423e-04
7.799842826571247618e-03
1.066954859890717174e-03
6.437916359184250176e-04
7.212814008518328955e-04
7.731399069815493791e-04
1.017500808044287689e-03
5.318514772669739486e-04
9.143762306159030576e-04
8.953517933250340968e-04
4.856122923970651768e-04
4.846927531801493798e-04
3.057374409813534200e-04
9.820944753303223907e-04
3.998552684639717150e-03
4.353726503133314562e-04
1.048160125627632883e-03
7.051455594202508037e-04
4.956840980130728432e-04
6.290354677192123295e-04
8.110888677140497662e-04
5.999417344159794141e-04
6.016031946928139876e-04
6.472672301616891680e-04
2.006534246147017350e-04
3.482882012563523325e-04
8.979311336486500142e-04
5.950730416025026923e-04
5.618577682694207622e-04
5.695468767033639700e-04
5.801830060514714558e-04
4.695270670510004051e-04
9.370210266958237328e-04
4.014628910039866826e-04
1.238065745205121568e-03
2.784050621010556500e-03
9.899368054528271191e-04
1.159783953098047484e-03
9.037097675826751995e-04
5.560777520128929114e-04
2.427619610432836387e-04
4.767126472297133588e-04
2.575430224176223346e-04
1.026276074186557733e-03
7.840492456390069521e-04
3.251073529512531744e-04
3.174458414293455997e-04
1.279956402109915740e-03
7.457427320775402747e-04
3.827561174438257074e-04
8.834973663247561344e-04
4.951206931331995345e-04
5.838750393663224604e-04
2.065733487872557393e-04
1.329950197710395247e-03
3.861190926798755275e-04
6.184212876789632997e-04
5.340798668723734923e-04
1.859591049730773384e-03
4.314286800770120427e-04
5.587104630527589197e-04
8.815707554265701795e-04
5.490888693163765728e-04
7.408405433540130296e-04
1.551226989750162204e-03
1.861101529367665576e-03
3.998552684639717150e-03
6.802465351800091606e-04
4.789362737793555875e-04
4.619344947620445383e-04
1.089739522704165700e-03
3.458351558625047178e-04
6.435841337539339232e-04
7.737791577168823525e-04
9.255452452836921773e-04
6.525474585959811346e-04
1.421650637478120852e-03
2.426691038355716415e-04
3.859679509438631770e-04
1.623131449180733937e-03
7.057194078046503428e-04
6.273733301213320433e-04
5.277929186590648528e-04
9.370210266958237328e-04
8.404870019061143772e-04
4.460428070373307990e-04
4.247630249700812179e-04
3.978829078747617501e-03
5.837056958550993543e-04
5.988934242270310812e-04
5.500321117359890542e-04
2.414076131355308058e-04
5.666240445156298447e-04
3.265827817403415254e-04
6.020805095783773875e-04
9.998066802272933314e-04
8.614608666142799936e-04
8.714963599924251169e-04
4.394763411945665828e-04
8.790760885889404479e-04
1.539519233516985740e-03
9.844157964066372387e-04
3.412898346867712976e-04
2.647356006450656322e-04
8.669069251217693083e-04
3.795031158958770442e-04
1.630283043071263519e-03
5.046923950901937954e-04
9.389217953931298368e-04
1.091333083320542409e-03
5.220485918659928479e-04
2.712816385928433255e-04
9.370210266958237328e-04
2.256040648447158337e-03
3.398912378001699521e-04
3.615095600204330599e-04
4.596089275170985207e-04
1.159783953098047484e-03
3.147178711345381512e-04
3.668285582135520206e-03
1.116777622538307150e-03
1.637375205558387527e-03
9.732207841242485058e-04
9.569481972741143618e-04
9.605101259345965497e-04
1.209358992482282560e-03
9.290706273009266374e-04
4.626023308202766092e-04
2.868450456272247234e-03
8.729221432764263560e-04
5.712077510285598798e-04
4.381544275827248757e-04
2.618783674049526009e-04
2.928352972576646340e-04
1.111964388751992411e-03
5.427117463808274521e-04
1.036747961896484962e-03
4.258225089618298924e-04
2.340411884664577846e-03
1.724765749808981896e-03
4.227338461467910948e-04
1.888133608286921439e-03
1.511690994103821175e-03
5.561903071292492512e-04
5.697887749842333628e-04
7.255158012284922261e-04
5.296018123591827303e-04
1.041996261927848446e-03
7.089728649318134419e-04
9.136335634731248883e-04
6.523653964057230447e-04
5.520642261507730268e-04
1.861655388919900879e-03
7.193844755567734266e-04
9.868323895017901831e-04
7.799842826571247618e-03
1.167506872449765223e-03
8.381598997110446814e-03
6.562181214376707622e-04
6.144644187224161192e-04
2.341037305657143065e-04
8.380680353665242435e-04
3.595369090027930484e-04
2.908636215018052008e-03
8.507809247428893421e-04
4.721067605107998120e-04
4.543690083460592355e-04
9.513981897853479195e-04
3.852741816467843226e-04
2.976005938088324785e-04
5.923361309849971019e-04
1.549544243438660427e-03
8.878520006290282519e-04
4.611520006085618041e-04
7.157924735533804624e-04
4.723464790541847830e-04
5.696491139923219637e-04
3.318943421614357447e-04
3.561006181731725178e-04
7.215627753573908417e-04
2.964137077966286574e-03
1.270418434011018035e-03
1.009032324834624244e-03
3.462265692090493491e-04
3.661111740214077629e-04
1.149836060778187605e-03
5.400007275917740549e-04
6.466180880774746297e-04
4.598570608650617494e-03
8.266607251262601472e-04
5.217622651314292315e-04
7.821051624904098607e-04
9.398825700538660476e-04
4.671819950901747549e-04
7.169902659939382788e-04
9.770433008220134885e-04
2.065875330949453175e-03
4.113173925383046691e-04
3.661080051353226401e-04
1.148085939186613757e-03
4.695270670510004051e-04
5.862408340068128547e-04
4.434555511395979997e-03
5.203908912075283716e-04
4.410619777396894209e-04
5.434648414438475548e-04
4.813940153570866478e-04
3.254863533026562759e-03
6.198240162835990828e-04
8.448395077197224995e-04
3.440266609843349631e-04
1.344936549348862325e-03
9.370210266958237328e-04
2.979688337265753713e-04
7.982117288546220065e-04
3.434552573074424941e-04
3.443994193112115735e-04
5.727015762931871121e-04
1.141302554835669667e-03
1.630283043071263519e-03
5.152329036353449528e-04
3.455034543041399231e-04
9.370210266958237328e-04
3.548163327106912857e-04
5.911207082179114995e-04
1.063973023308858708e-03
4.247630249700812179e-04
7.007298440999122332e-04
4.691329505945544408e-04
4.778154762701901479e-04
2.894917086624444053e-03
2.811534940410493049e-04
4.297506327988695756e-04
3.548163327106912857e-04
2.855226866600576660e-03
1.380089892513141660e-03
4.247630249700812179e-04
9.368381640409901602e-04
4.785969681357842378e-04
1.239586495096205122e-03
7.667251233158576358e-04
5.746412298774193758e-04
1.547417517532991872e-03
1.032727879965381805e-03
2.908636215018052008e-03
7.771591515788012997e-04
3.581171147543093809e-04
5.061586959166279685e-04
1.697686496772437160e-04
7.394771935868969413e-04
1.018272281894655809e-03
3.435947404711802117e-04
2.575430224176223346e-04
1.526637512297946211e-03
7.191594943759605559e-04
6.956549284636773375e-04
5.478581017125993061e-04
3.328569248838407642e-04
1.243731845538504320e-03
4.327996183625205722e-04
5.331008296519395987e-04
4.723464790541847830e-04
5.528331529388643426e-04
4.297506327988695756e-04
6.286015604696061718e-04
5.490888693163765728e-04
4.456112566518752077e-04
6.352657120463669474e-04
9.020736080812787787e-04
6.757796601735401249e-04
7.300932160797227091e-04
2.259498091383791568e-04
2.407987467822531090e-04
4.428686806784995836e-04
4.003158038218124887e-04
1.041996261927848446e-03
4.582048071109551973e-04
3.495930103314764362e-04
8.083760708476069425e-04
3.668285582135520206e-03
3.135637435507885869e-04
7.812960194142227338e-04
2.544785100376219852e-03
6.263851203236477745e-04
4.247630249700812179e-04
5.717142578324886171e-04
3.998552684639717150e-03
4.472419895374850156e-04
7.087076904778690433e-04
7.891972626568425101e-04
5.447398691621838790e-04
2.474655575055408540e-04
5.359385580079606025e-04
9.370210266958237328e-04
2.583576960478449242e-04
4.575940111190192490e-04
8.269282576476315230e-04
5.290199128993687680e-04
1.008955162645961984e-03
5.696240464019552150e-04
9.586178964828489342e-04
4.838749271133919398e-04
9.370210266958237328e-04
3.518789995513564735e-04
6.849180965133383004e-04
1.747009690992692640e-03
2.438055288763134722e-04
1.273929686098843137e-03
2.129525001357593025e-03
2.283793148334539204e-03
6.841784468842532566e-04
1.123716534121489523e-03
9.795206469887184596e-04
3.891291855688867483e-04
2.769090278573735353e-03
3.013782003093769604e-03
7.039789828083467104e-04
2.543679830972843782e-04
5.939673501138625304e-04
4.545099203314691507e-04
1.119466479464902627e-03
3.913798384437700006e-04
9.560527199714393331e-04
6.015248361314538784e-04
5.618061606972313271e-04
4.922751996247152215e-04
6.144536662857784425e-04
5.075643384080542452e-04
3.840175967318853740e-04
1.115005187784243092e-03
4.091951265356455697e-04
1.196239513026313688e-03
9.370210266958237328e-04
7.487931601049470798e-04
6.219516010805990671e-04
4.364582005096750267e-04
7.820121406678885853e-04
5.405862948602983050e-04
3.669688347728955707e-04
6.042597704090532868e-04
5.353535031992630961e-04
6.503794858843986622e-04
7.533611774508413737e-04
2.572024418780721050e-03
5.875153990477187393e-04
5.167705748036370344e-04
2.521216547853910085e-04
2.518677287143077093e-03
3.574515249864897767e-04
4.313998132307416528e-04
1.163986942421661860e-03
7.672118055572255905e-04
5.648342235664315959e-03
3.422953468066120756e-04
6.228149054179355762e-04
7.269835774342860981e-04
4.291908421272725674e-04
6.642617062483604411e-04
1.045606762195408490e-03
6.858926177722673816e-04
7.193844755567734266e-04
2.426691038355716415e-04
3.111820407499887951e-04
5.667116864514772740e-04
3.629869472744601906e-04
3.089434542319329912e-04
2.822624900129891445e-04
3.174585739606460011e-03
5.049011670856706942e-04
4.632687951370974646e-04
5.581247250253998631e-04
8.343949900238537172e-04
2.805077170329866860e-04
6.319820224286356713e-04
5.220700020032582574e-04
4.534847503724023267e-04
3.890023614637293367e-04
5.220781887117191414e-04
5.159743591726908196e-04
3.668285582135520206e-03
2.740701824543134626e-03
2.976579947805451558e-04
4.177792428982136539e-04
1.427797458373373726e-03
4.019642477105745890e-04
4.611224982476951170e-04
8.934951962149696291e-04
4.556010807578775757e-04
7.799842826571247618e-03
1.091252785803536410e-03
3.463486967218564350e-04
6.662696275779812684e-04
1.034610612909785034e-03
9.092618697012225725e-04
7.748297831547852621e-04
5.032928127645830852e-04
5.769207532350315026e-04
3.923893405781531227e-04
8.356481176097613726e-04
6.517431150599885389e-04
7.138034040996846458e-04
1.859453516644060493e-03
1.277168411498177947e-03
4.058260859921970602e-04
4.705989588299692755e-04
4.682509806035818666e-04
2.309236739634159576e-03
7.108650202448199042e-04
4.214620959685045167e-04
6.041316585329099993e-04
1.395927748201700614e-03
1.474033051224482149e-03
4.934997997227392021e-04
7.585658346467940606e-04
5.126388651819312452e-04
6.654842164536938767e-04
2.844087569192793618e-04
1.072759163622279523e-03
7.614168737824371412e-04
3.668285582135520206e-03
1.089739522704165700e-03
5.331762259663656335e-04
4.319571147701901080e-04
9.158945893167421033e-04
9.751367896544409393e-04
1.963289677012256158e-03
7.687157777271860391e-04
9.962570337585328201e-04
1.933685120771326624e-03
1.413491920671159762e-03
7.799842826571247618e-03
4.075893414674045131e-04
1.066954859890717174e-03
2.725349809673595922e-04
3.505768412586254910e-04
2.930476678572242776e-04
5.598837928920882010e-04
1.922680530220958681e-03
4.393442619543268149e-04
8.404505410485346066e-04
3.668285582135520206e-03
9.522865926208519101e-04
5.847579834943816227e-04
4.003259891450942692e-04
9.630243274115586269e-04
4.594756410226750868e-04
9.660272373612270808e-04
5.825346757053151631e-04
3.620528468037328973e-03
1.508219898278635816e-03
6.256772442355771225e-04
5.474131684044732668e-04
9.370210266958237328e-04
1.214459183427674289e-03
9.534372639345867640e-04
6.952709581215837020e-04
3.223213584991449000e-04
1.163986942421661860e-03
5.220485918659928479e-04
9.501855343890257440e-04
4.695270670510004051e-04
3.032009845763560321e-03
9.370210266958237328e-04
6.587336000396960952e-04
7.140729639034913701e-04
5.228593076001373944e-04
4.075375875464245156e-04
6.090236789072790138e-04
5.753180885242518494e-04
1.382132769847319682e-03
3.697035891817828778e-04
4.104779558161646266e-04
1.035489032764134835e-03
5.570798301889554873e-04
3.849976223795265376e-04
5.266146933888298702e-04
4.924882964002599318e-04
1.025106857545877645e-03
2.180066240968298302e-03
5.000062771829266728e-04
5.625876630262680294e-04
3.668285582135520206e-03
5.263712675563769891e-04
6.224494876752204812e-04
1.574132616510732227e-03
4.807535320813913129e-04
6.968308556290018487e-04
4.954669139505394520e-04
5.398214665571205275e-04
3.357678815212702581e-04
7.030485864931729917e-04
2.102585992031709081e-03
3.948912244872534094e-04
6.380786358490730861e-04
1.574132616510732227e-03
1.542258142036247908e-03
2.579492029555816956e-04
1.683447105120553780e-03
3.269677791668443279e-04
5.694753407158079485e-04
6.881111678909635409e-04
3.086289133627923269e-04
3.965316352623564876e-04
9.370210266958237328e-04
5.515185230431578038e-04
6.223691100896141864e-04
2.948679463201895083e-04
9.994236467001317483e-04
1.206941501803601279e-03
3.402759662450267160e-04
1.163986942421661860e-03
1.173601027004371423e-03
4.135591844219607509e-04
7.757773361943657046e-04
3.998552684639717150e-03
5.824288164858511122e-04
1.537088529273495730e-03
3.909195667979739088e-03
5.740777153922375139e-04
1.138325755549806891e-03
8.123066610862559938e-04
6.731165913749971195e-04
4.423567225733291211e-03
6.502275711708580810e-04
4.691069880817135126e-04
2.251540970528704937e-04
4.478113609060243574e-04
2.598184991421701264e-04
3.596540589183903447e-04
2.551472258300476435e-04
1.041996261927848446e-03
3.191673391984852035e-03
6.859203775794773606e-04
4.443484420870257956e-04
3.780120886590079225e-04
4.668224475922714439e-04
3.904883657389190553e-04
4.364582005096750267e-04
3.996480631383769657e-04
5.303022431848589341e-04
5.768979274920759152e-04
2.757753308637328092e-04
2.471668669767255327e-03
5.507991683455408863e-04
6.604409530823751595e-04
4.982610582792778393e-04
9.158945893167421033e-04
7.037915364921967483e-04
5.290066505059057029e-04
4.247630249700812179e-04
1.435054622040942904e-03
7.690240080307383886e-04
5.359116820701942960e-04
1.403485746448867883e-03
3.345055754851974429e-04
1.449239942320979880e-03
5.677033287629276032e-04
6.121627926133211932e-04
5.706275225250467603e-04
3.628430311997795309e-04
1.087724617176307222e-03
2.149233452487311468e-03
4.961942821543054941e-04
6.417341381898508711e-04
1.121138701844297128e-03
9.426870229416383848e-04
1.665489312980885815e-03
3.352065391463625939e-04
3.298232809323055955e-03
4.209684746820749226e-04
3.597857208181373819e-04
2.933151924482516092e-04
6.685691790830999544e-04
1.579616465788173489e-03
5.661003451641998929e-04
6.875621548016891144e-04
6.041316585329099993e-04
1.628545591214965562e-03
5.347781579657991547e-04
8.448497405550946249e-04
1.064337403234095689e-03
6.953254901243997258e-04
5.082193531010394116e-03
8.240192171702781249e-04
4.945055952443009077e-04
4.701700506540704627e-04
1.121082279014458264e-03
7.466924327097629582e-04
1.764615126031266346e-03
6.516490206342988702e-04
6.321745278173336721e-04
1.630283043071263519e-03
6.005047614081522080e-04
1.832075354791155722e-03
1.372659443201943927e-03
8.923317504713298336e-04
1.922680530220958681e-03
8.726331039584438957e-04
2.609839216851404862e-04
7.667251233158576358e-04
2.903653778320054854e-04
5.716336775437346526e-04
2.583576960478449242e-04
1.143026526874912300e-03
4.618126671663192904e-04
7.069209024527892430e-04
3.845086709775177272e-04
3.373804250900703746e-04
1.114390648372211214e-03
5.003963621007600322e-04
8.174451982001413892e-04
5.179979415905024750e-04
6.621256572690927293e-04
6.766670544303144677e-04
9.090551000144909142e-04
7.799842826571247618e-03
3.253281212980825262e-04
8.771520124753144762e-04
5.086486946322953681e-04
4.695270670510004051e-04
1.149533256735733476e-03
8.417705475221489700e-04
4.312065778326854048e-04
6.502275711708580810e-04
4.003259891450942692e-04
1.042182107191727937e-03
3.085325194878809686e-04
1.358083055148051436e-03
1.080281791314534074e-03
2.297084619986751734e-04
4.695270670510004051e-04
1.327826814161139164e-03
1.537318186396157164e-03
9.370210266958237328e-04
1.306603580143047248e-03
2.723652529023580168e-04
6.795392703717688648e-04
9.798016135291189813e-04
5.151483902674699198e-04
4.109373494874801335e-04
6.815393500579992924e-04
1.568651935044853944e-03
5.729382387632226759e-04
4.247630249700812179e-04
4.544858905020508657e-04
6.013091500613208578e-04
6.199342652379551252e-04
4.095891903229554459e-04
4.156244999394996466e-04
6.648327333911019377e-04
3.028481043596866103e-03
2.845480927633987911e-03
9.370210266958237328e-04
5.824590474138118239e-04
6.332327599574413346e-04
3.755934916022082349e-04
6.378821353024789536e-04
3.429860110686705423e-04
1.041996261927848446e-03
8.002986294292329782e-04
9.614914221818267976e-04
6.133132658278631815e-04
8.775881908435434432e-04
6.795392703717688648e-04
1.292901013780752310e-03
5.222154445144050212e-04
5.465604152441698579e-04
9.134599982132540633e-04
3.834350272176342920e-04
6.528340025480816773e-04
7.237128474613545087e-04
4.913721973887598621e-04
6.381067035007182298e-04
4.247630249700812179e-04
5.151926159619348152e-04
3.640382799017428559e-04
1.001242550407065689e-03
7.108650202448199042e-04
3.668285582135520206e-03
4.074616011666555939e-04
4.223525113034788019e-04
1.163986942421661860e-03
2.358558800162336745e-03
1.010508128855247025e-03
3.924847692738725946e-04
7.672118055572255905e-04
2.636083000219152173e-04
5.583562686903947815e-04
6.459794934598646343e-04
1.797110143560945667e-03
6.380381444937027616e-04
1.018275075144450684e-03
2.765684754670719170e-03
3.447707751933169751e-04
3.681950023167089798e-04
6.527747273215025667e-04
8.714963599924251169e-04
6.778052436529665836e-04
5.337632267828245399e-04
5.214241095190644314e-04
3.293811982413392069e-04
2.623440738971789246e-04
7.319582211370525724e-04
8.623969545182249598e-04
3.025980927069767579e-04
1.019415136867771318e-03
6.086358631620430917e-04
4.273570661836041782e-04
5.268116847384235902e-04
4.154028169938187801e-04
5.220485918659928479e-04
7.251322274854948196e-04
3.948912244872534094e-04
7.217798688735632424e-04
7.659926586845122688e-04
1.579616465788173489e-03
2.951240131232417668e-04
1.000395852769456889e-03
1.064465520346334496e-03
9.909832860289676231e-04
3.903560862243446276e-04
6.024880549522191892e-04
1.156093255638533743e-03
1.008573157740640016e-03
5.944641612495017670e-04
7.941866317142683542e-04
4.364582005096750267e-04
3.147178711345381512e-04
3.471749380941165542e-04
1.514144395323218859e-02
4.602482069210558262e-04
5.481604950519944168e-04
2.095446857567899337e-04
7.916449241529335259e-04
2.684636724609647685e-04
3.658467559476729150e-04
6.453680107678113438e-04
3.693763763071995212e-04
3.678834793936218601e-04
8.121695005233187103e-04
1.969460435643988032e-03
7.229182864607898960e-04
9.370210266958237328e-04
3.625940066086937811e-04
2.928763713462762311e-04
5.445296166937509466e-04
5.479779338998337157e-04
5.317005787508657759e-04
1.042385083500053065e-03
2.102307255605857534e-03
7.706342054871685894e-04
5.220485918659928479e-04
4.774913897880638859e-04
3.846804377686270497e-04
1.258615164897239781e-03
2.730579858892750230e-03
7.007097328709013242e-04
6.015248361314538784e-04
7.808344028940885327e-04
3.232991488955492469e-04
4.766091436156583909e-04
5.090537356017708816e-04
5.697379982587382147e-04
9.148757865971556815e-04
3.947080372835381980e-04
4.155243334409049476e-04
4.186784437089841569e-03
7.799842826571247618e-03
6.158152965082942885e-04
1.489111557887015658e-03
8.776395688559917620e-04
3.844626314484331123e-04
5.565732852374254613e-04
5.139675228995148597e-04
3.440531108142836194e-04
4.117965416119297563e-04
3.060176019898097448e-03
7.164240132088489556e-04
1.038404351004720231e-03
3.752479969576344421e-04
6.945982617212785939e-04
8.439031156616038981e-04
9.370210266958237328e-04
1.199067230578166644e-03
5.176688380200577437e-04
1.292249648425771499e-03
4.825378121057725543e-04
9.069034624405934416e-04
6.316894488918126669e-04
5.682183257147683077e-04
3.902429067651540196e-04
4.844233673505719383e-04
1.133254240110734886e-03
6.376621914267693956e-04
2.398432610828552327e-04
8.730235353819201186e-04
8.978652167043304480e-04
5.342954702138865515e-04
5.303338642981383954e-04
1.823263347244756050e-03
1.169428956428078363e-03
3.935137652473967660e-04
3.972638464184753693e-04
6.091846861472925484e-04
1.801274262289985799e-03
7.722684946413146262e-03
4.607229325454715056e-04
3.574515249864897767e-04
7.799842826571247618e-03
5.679522699907075655e-04
1.557094819906112808e-03
9.826613947018503215e-04
9.391956869297814854e-04
6.256511783717086427e-04
4.832707403536554971e-04
9.839491026842810215e-04
5.481653425051608236e-04
6.516439107802476970e-04
4.550561236089865056e-04
5.797109507974511789e-04
4.182181403905333860e-04
1.245148827002499426e-03
1.326623819179016846e-02
5.523689377574048445e-04
3.745699329711112266e-04
6.053644714550277407e-04
1.041996261927848446e-03
7.799842826571247618e-03
8.501655216929157035e-04
7.598433511589247017e-04
1.327372342295174467e-03
1.173601027004371423e-03
1.082704219595436758e-03
1.187549489386884082e-03
9.864030585970990240e-04
2.708792700210563157e-04
4.410619777396894209e-04
6.654842164536938767e-04
1.633294425553256457e-03
9.387546670454981331e-04
5.636635620762681792e-04
7.723308025641981503e-04
2.515251356841927133e-03
1.440936090726061079e-03
3.537209587738452234e-04
7.687611644479795062e-04
5.757576796697432128e-04
5.878401254794357166e-04
1.260898125096647547e-03
5.348067670943878766e-04
2.023742624743459471e-03
1.354121206602156404e-03
7.689991248016856155e-04
7.818300748183154569e-04
7.053225607956083902e-04
3.164082425164574473e-04
3.708692179998863340e-04
6.418097208822846596e-04
4.083844891559251550e-04
6.605003529502320378e-04
7.799842826571247618e-03
6.841784468842532566e-04
4.115624724409488035e-04
3.662710788471224520e-04
5.598837928920882010e-04
4.792506846422970863e-04
1.203435352588190944e-03
2.460121199887297695e-03
3.227290969896551374e-04
5.761494835742055022e-04
6.290354677192123295e-04
9.240590753828471782e-04
9.370210266958237328e-04
2.095446857567899337e-04
7.993301759739359497e-04
5.072876584747370134e-04
3.914375815897531497e-04
6.605003529502320378e-04
8.558291463972565218e-04
1.032851947733375931e-03
3.993857244942670276e-04
7.747975887557470923e-04
3.579500065404166999e-04
2.599331474737680129e-04
3.961579192148072530e-04
1.041996261927848446e-03
3.977445817848533171e-04
8.188959351832317832e-04
3.952986413198752253e-04
1.654516305706995715e-03
1.651684552282944689e-03
1.173601027004371423e-03
9.575210477057923561e-04
4.455562170883516364e-04
3.998552684639717150e-03
3.848427044951328434e-04
1.690563998949844247e-03
1.344936549348862325e-03
9.827043033895992933e-04
1.030689604730980567e-03
8.166417553344448420e-04
5.299570560141112722e-04
4.997121106507032562e-04
8.240192171702781249e-04
4.856683012136780498e-04
4.611520006085618041e-04
5.943784667347395143e-04
4.401979390568358454e-04
9.524548738139053871e-04
6.563912698657214419e-04
4.602482069210558262e-04
1.163986942421661860e-03
3.060794034651714369e-04
5.139675228995148597e-04
6.654610813193879678e-04
3.649783995114639105e-04
8.074272158953289509e-04
3.764105197762930067e-04
8.714963599924251169e-04
1.051008664010620120e-03
4.501388721242532867e-04
1.044729830085414351e-03
8.583240428110880524e-04
2.135071721431139324e-03
4.835779337355182754e-04
3.519763349601700534e-04
1.528603474420202465e-03
1.103627120553824122e-03
5.595705011098041620e-04
1.082755771234674780e-03
7.982629933294879947e-04
3.093104772090410869e-04
7.970862970124065498e-04
6.665937421468921646e-04
3.144334897752145558e-04
5.693192377244682455e-04
1.577764574076760467e-03
1.229024288601134962e-03
7.799842826571247618e-03
4.712723659597226598e-04
3.636038651191923158e-04
3.978297966090104071e-04
2.015485769179090232e-03
7.192617708500300853e-04
1.026276074186557733e-03
3.769434765190790397e-03
3.773433272277545211e-03
6.276323298217388602e-04
3.321727328964516881e-04
5.179353111084015939e-04
1.134648750957639859e-03
3.662763179708661233e-04
5.615961377943733861e-04
4.674413141510973604e-04
5.371997036635709107e-04
1.430494108797274828e-03
7.872780792615189857e-04
7.307895839755924102e-04
1.372659443201943927e-03
7.869337847309246323e-04
6.618850673152916562e-04
3.006335890387957545e-03
1.372659443201943927e-03
6.250631278148601790e-04
8.582112659524757537e-04
1.516387705430177930e-03
4.512158206743481764e-04
4.119122087669788656e-04
8.612829392207671303e-04
4.389095999179857535e-04
3.423031819908136058e-04
6.235533012481129329e-04
8.999505307785226433e-04
3.586850311253994301e-04
7.497674826335185786e-04
1.606131947230563526e-03
8.747277597585445454e-04
6.043613909145371596e-04
3.668285582135520206e-03
1.619244503426263502e-03
7.799842826571247618e-03
6.434392742631320520e-04
