4.131319071971756296e-04
2.251810923728990357e-03
1.739588385892294276e-03
6.473893541443344682e-04
3.778936345314647203e-04
4.430437431370246883e-04
7.111178691612347804e-04
9.269209695052333872e-04
4.444528951692944502e-04
5.002496146928154478e-04
2.377584477875986093e-04
6.440771977629687140e-04
3.074234154882368882e-04
6.893176597306300982e-04
5.378139810349388816e-04
1.080042728393150291e-03
1.104897309829261289e-03
3.653248156888152533e-04
1.625033405072213739e-03
1.124550392909803419e-03
3.875305571020914801e-04
2.044220557831562864e-03
2.872018073630495743e-04
8.288018792954280223e-04
1.359936002102547911e-03
2.924937432154627471e-03
5.439230421934974783e-04
6.013595348108787290e-04
3.799073001617470405e-04
3.666405609785436197e-04
1.592420895554383462e-03
4.660463799384926848e-04
5.923005238775225570e-04
1.217925436719728433e-03
1.660183810073923927e-03
5.218000479418023274e-04
1.456535730186912358e-03
3.369719916423231433e-04
7.779757273644894713e-04
9.396321788550469076e-04
4.560396850190437563e-03
9.552857535884689156e-04
8.609119350128992569e-04
3.352208661745672983e-04
3.712888208878463046e-04
1.028800498472438527e-03
2.824925011572593193e-04
2.693212801812881014e-04
1.765126614074703955e-03
4.055797990931340438e-04
6.495755929196942455e-04
3.380640702732502258e-03
2.332979553328322234e-04
5.746970834270806634e-04
1.193869259575058676e-03
9.049040164824880038e-04
4.704866327220522636e-04
4.981639258747589489e-04
2.287434050777591415e-03
5.545206679508260213e-04
3.342440115851554386e-03
4.215685603078370060e-04
5.337206307613832348e-04
7.663095771678648908e-04
7.230835222852676760e-04
7.384304097078174664e-04
5.126545489105469814e-04
2.993861254153526463e-04
6.315693265429528445e-04
8.598707119559709493e-04
9.780481207013135524e-04
5.890621044902858957e-04
8.340553709243414765e-04
1.311080226552058855e-03
3.479936742321705287e-04
1.423932001468372881e-03
3.128929677688606532e-04
4.868141057972144321e-04
2.398686938231819627e-03
6.793286827254851803e-04
3.736365530456363577e-04
1.026197264411929594e-03
1.061120117493042237e-03
3.746517332207805742e-04
1.279755146609811572e-03
1.122354960146215242e-03
4.092584945382495617e-04
3.892736927706763345e-03
4.163555946989377530e-04
9.755625078177065273e-04
6.359759953767623458e-04
1.230942511461079929e-03
3.246188447237442288e-04
7.830037197434237123e-04
5.511453968937743116e-04
3.438582146802923148e-04
6.558696475876338045e-04
1.024821098106116525e-03
4.886854903342630887e-04
8.207545997493792111e-04
7.738214143606928419e-04
6.821338866574326110e-04
7.778190869338735261e-04
1.052356952947646309e-03
1.139564992238469585e-03
3.882180732045358734e-04
6.491714831264237774e-04
6.878813837573888182e-04
1.162002646069002854e-03
1.422007518587334188e-03
7.563961069263596933e-04
4.237665940251961194e-04
7.583745408632966683e-04
3.899395039651799800e-04
4.492024977730708088e-04
4.128204973503317573e-04
8.059497302263711558e-04
3.195783785622104372e-04
1.070629589464615165e-03
5.283385010714006756e-04
1.018505937289978331e-03
2.923999612165981686e-04
6.135344405863182946e-04
4.067343487249927970e-04
2.580035940998219070e-03
5.821975372862712560e-04
1.388254168332697181e-03
3.873785600432806480e-04
1.800672513662682607e-03
2.707492919889194043e-03
1.404758574086500652e-03
8.825743624581059658e-04
7.637035959398791665e-04
7.496064263941783126e-04
7.790395661311422162e-04
5.612122465700098047e-04
9.785769854082060869e-04
6.902684325600462250e-04
2.269361953569669094e-03
3.864222443828737815e-04
1.954374429979173402e-03
1.787421678631006400e-03
2.030430461880969404e-03
4.642000711312983417e-04
2.058057136700029623e-03
9.835572639407927538e-04
4.924637941113949730e-04
8.174094914745446078e-04
1.596746872015949916e-03
4.028940233201449097e-04
5.768078114612671401e-04
5.165991746474726636e-04
3.946290797917866955e-04
3.322687543634500538e-04
1.035236491909637731e-03
1.253229939508243573e-03
3.033453378892524426e-04
6.416697077310432431e-04
1.521697317885287995e-03
1.156640638094087346e-03
8.367711186031122914e-04
1.096450700992316826e-03
8.997195986773292783e-04
1.494881771226362925e-03
5.646619628746212287e-04
3.413751977331373083e-04
5.661416537442100650e-04
2.309760267960047925e-04
1.016573155257276435e-03
2.844519631803958106e-04
6.812067718172977460e-04
7.645412159680684992e-04
4.683981063436746671e-04
8.572832912559489628e-04
1.050162236943490320e-03
2.287434050777591415e-03
4.750734929851741233e-04
1.500502768552877285e-03
6.620611896102936416e-04
8.354908892994469469e-04
2.896717384935598412e-04
7.064089312802595633e-04
1.074153097717791975e-03
6.446932520818263353e-04
2.155731500605967247e-04
3.405688763630040526e-04
3.476905806098887805e-04
6.133258130645737440e-04
2.340599474114457123e-04
5.471113821858413244e-04
7.575879889960558363e-04
8.502045076008569839e-04
8.404069076722561803e-04
1.402068535171114476e-03
6.085413503611329959e-04
2.707492919889194043e-03
1.911504304181472613e-03
5.419449391893072041e-04
7.659230910129928831e-04
5.549901315291181064e-04
4.958220195674774506e-04
6.672418255607879753e-04
5.565309428875180216e-04
4.507329393585440954e-04
3.423045902210868833e-04
7.696132575440258654e-04
5.923005238775225570e-04
1.753868003378782504e-03
1.660477710762907561e-03
3.444836580940773625e-04
8.430490377131707059e-04
7.768964776948374725e-04
6.835760629598370804e-04
6.842016158208318868e-04
3.111228247285146957e-03
2.791282738446078122e-04
1.562782550985240913e-03
5.031669023948400453e-04
1.104482627365413906e-03
5.454426164241308553e-04
5.840465514795186927e-04
1.952447879245492552e-03
3.633012048773169231e-03
4.923831913638112906e-04
7.961873152283701661e-04
4.223130732076076262e-04
5.058154030509726508e-04
4.930890471154836556e-04
1.821259752316817552e-03
7.085861205605731164e-04
5.172740327610737690e-04
4.092440163305373054e-04
7.708300830515652088e-04
1.803791241169655111e-03
8.464948907587912076e-04
3.618975587886872182e-04
3.988638067587646496e-02
5.783809050959584424e-04
6.793896611492414436e-04
2.691115088807838687e-03
4.323484240571972225e-04
3.724838290413604145e-04
1.299276925570475331e-03
6.396286992050713872e-04
1.023656353837650544e-03
5.264938499457404728e-04
8.900101724875919161e-04
4.771205566819158818e-04
3.603895109469720370e-04
5.543538267396017419e-04
2.591378450714737318e-03
8.266806816294614176e-04
1.301478927709167959e-03
7.371084986576156243e-04
3.252850862872078207e-04
8.550788725427805421e-04
3.325040708841996194e-04
1.121461978252084619e-03
4.023944827568721669e-04
5.962411104816968833e-04
1.030828705825775340e-03
5.706800166200000314e-04
2.076897132416381971e-03
6.861409015540326142e-04
3.766514421724234847e-03
3.822043964883233762e-04
1.149793580116552534e-03
9.467097010269566503e-04
1.693545789276357239e-03
2.749331512930953611e-03
4.488619543359898966e-04
3.802222908619517041e-04
1.937001562344019051e-03
3.144401950434117378e-04
4.260070657023860797e-04
7.963243293870534952e-04
4.033355252406250818e-04
3.449264054893216554e-04
1.215061237661663055e-03
5.670847614394838735e-04
1.447859466948401511e-03
1.905007274419661919e-03
3.902645501733994896e-04
9.304337149989089705e-04
4.034375033990346762e-04
9.334995266984372122e-04
4.766885204942632095e-04
3.665074809437477918e-04
3.044129730964814846e-04
6.932139445024740939e-04
1.108299282263832189e-03
4.661891869561016872e-04
5.964181096675529601e-04
9.269092882358983231e-04
4.768409772158074822e-04
1.444434376159358735e-03
1.517325353533083157e-03
3.880337353277195887e-04
6.038320371830344308e-04
3.561776846207255639e-04
5.399864324944569178e-04
4.653896264995292017e-04
1.157268066718342148e-03
6.467408470486754818e-04
1.087727951697717516e-03
4.836963828317147733e-04
5.252780524886837632e-04
1.115321515543736888e-03
5.820622548163799630e-04
8.893717196890273602e-04
7.466531352963622298e-04
3.061115013026756101e-04
9.269092882358983231e-04
6.177210190898977434e-04
3.839831623721828781e-04
7.085149937373441892e-04
6.030644921537932487e-04
5.980247858888698828e-04
1.019342614898945468e-03
6.705607884919312020e-04
4.471194932841505054e-04
4.910815623174797804e-04
6.876160398323184850e-04
4.826154260620917351e-04
1.114355212791686865e-03
5.438302327541337045e-04
4.696891750597214613e-04
6.548476320619885365e-04
6.005388983256203413e-04
1.152963498123618646e-03
7.023253791494928977e-04
4.856988691325918621e-04
8.071499195285821359e-04
4.566687528185278113e-04
2.707468250704006042e-04
9.521725519954609947e-04
1.408397592024040502e-03
5.565419901007296168e-04
6.731935337607266884e-04
4.762683148894401668e-04
1.692439011503721162e-03
7.817332058248921281e-04
6.042443756171467445e-04
7.986662736420777065e-04
2.973509585022752620e-04
1.177199121460064746e-03
5.920261477370098542e-04
9.300495362156992966e-04
2.986779974249385546e-04
7.116817124175218176e-04
1.692439011503721162e-03
7.961898429858192683e-04
4.037137536699810674e-04
5.473508328280603632e-04
7.920306486514784410e-04
1.019752568515176630e-03
8.352245014772498874e-04
7.330333368726578208e-04
3.187231240089524438e-04
7.445620830180056009e-04
5.632627969630168768e-04
2.990504794047025997e-04
3.210303630034889565e-04
1.071730740377295835e-03
2.707468250704006042e-04
1.024338072046353547e-03
4.588551792608002518e-04
2.580035940998219070e-03
1.333711002718265294e-03
5.425772067066808851e-04
2.846358560437632613e-04
6.116267658321817300e-04
1.458115545903670204e-03
1.499488303246097496e-03
1.404513446185494830e-03
9.056925037829418376e-04
2.110636093185045553e-03
6.851840797573849730e-04
6.024573188094556504e-04
1.069495050937331994e-03
8.536239315367604580e-04
1.571023938803772519e-03
5.877409434377507810e-04
5.716470920408295991e-04
5.965227106532742293e-04
3.024682751222119775e-04
6.473370920569060426e-04
1.443199927586148561e-03
2.688370144769627098e-03
1.416216967223736739e-03
1.089548842703847754e-03
4.491580762381807107e-04
4.845314486373361704e-04
3.085593414771284999e-04
4.239384943022288742e-04
1.863975260663060284e-03
1.333507688838421901e-03
7.262070880472066593e-04
4.024555006019463112e-04
8.227764020348175443e-04
1.445582447036805954e-02
1.036164067125429789e-03
4.194150607557959242e-04
2.707468250704006042e-04
4.796946448560354508e-04
3.431842038249142079e-04
1.776658610499575993e-03
6.291180183047571407e-04
1.846381422828113471e-03
6.870874957408843950e-04
1.491649852420401899e-03
1.883290842248233100e-03
3.430350054868136381e-04
5.997374962221632211e-04
6.407658823427213020e-04
9.080612745142910107e-04
1.071113110064481891e-03
1.101709998164915067e-03
9.611221422548200293e-04
2.458565711633420390e-03
6.279230134796157103e-04
4.661944523058904571e-04
4.180496969798771145e-04
7.971983525907672856e-04
3.820847002457614019e-03
8.148580497244363842e-04
9.750390693908880281e-04
8.746850621901054333e-04
6.385392001230636621e-04
7.690787671336793592e-04
7.001143455966964959e-04
4.617700810297659781e-04
7.919219608962088566e-04
4.124185584948703129e-04
4.409686062217980452e-04
7.817787697792755956e-04
9.143855435796408070e-04
3.892736927706763345e-03
9.506539738686110592e-04
6.874610523553569170e-04
3.859660983826114760e-04
5.327183712080446132e-04
1.088439046689763240e-03
2.898108209431143694e-04
1.762519255757102280e-03
4.178564466057575083e-04
6.141819550787493706e-04
5.991077854775276202e-04
4.777796816485915289e-04
7.493340091534193880e-04
9.015261290379345677e-04
2.020662566822278156e-02
1.905007274419661919e-03
1.311080226552058855e-03
6.346559830508553737e-04
7.469672718996418726e-04
5.224910039253833835e-04
2.261093200089746465e-03
1.290062107708644110e-03
7.338144569549960366e-04
1.306629001530429553e-03
3.761108474593889890e-04
4.416775210067358753e-04
4.379658304256574502e-04
3.174083490378150699e-04
1.209263600003870507e-03
4.003065071477781580e-04
4.902792596188829642e-04
1.037012198430154169e-03
9.544937108034212735e-04
2.099043173871148471e-03
9.230010689532876407e-04
2.227804007459983915e-03
6.753949002870021255e-04
1.556220530207229119e-03
4.869613227727716200e-04
2.162340561761500173e-03
8.886663618482801589e-04
6.065212998178718664e-04
4.428788389749947936e-04
4.465339845328525304e-04
1.174262333469650466e-03
4.698958274518932584e-04
5.152996006979935041e-04
2.235540242878840574e-03
2.472108019085283363e-04
6.529634389469742570e-04
5.292468922869090001e-04
5.000765734546500996e-04
1.347953180377367815e-03
4.963758689347038842e-04
9.258949104827948664e-04
7.956366700898880474e-04
3.532231411402472787e-04
4.318534206710003672e-04
5.943653216483767892e-04
4.826877976541146158e-04
6.690959324925079910e-04
9.494111682397115984e-04
1.357614089363829530e-03
1.137772196168894932e-03
4.323484240571972225e-04
1.692439011503721162e-03
4.251508469797533212e-04
6.094630649757275731e-04
5.700856364289877583e-04
3.510665897974774886e-04
8.572832912559489628e-04
6.018658595973219640e-04
8.452320047142102650e-04
3.168181653892304835e-04
1.374341439692754489e-03
5.183258439130305302e-04
1.361677586634190600e-03
5.047461237579272276e-04
5.246134991730451837e-04
5.169457418125054026e-04
7.574783216008670449e-04
3.254946910668682380e-04
5.369241856320151147e-04
4.241111384374735807e-04
5.530106312831651119e-04
7.707905359215826493e-04
6.376249619069871604e-04
3.340267555520040621e-04
2.059954728611747179e-04
1.213420779458173780e-03
1.549549226248235316e-03
1.636058166043335028e-03
5.114041208593103236e-04
6.613822025386190866e-04
1.389364161861500468e-03
5.746169803344068757e-04
3.857368295375020249e-04
1.046937262479026749e-03
6.458555961761987697e-04
6.456826367904382668e-04
8.756362499388882200e-04
1.052072147211901773e-03
5.294097953992578506e-04
5.088696020181883483e-04
3.656305150233573296e-04
4.367758080622982046e-04
6.835183967982376430e-04
4.813662809636753384e-04
5.073533190545648783e-04
3.731196386450153879e-04
4.788140279441512113e-04
5.249429945012399614e-04
1.198693826455694703e-03
8.348367408334242705e-04
4.152897686648112188e-04
2.955049742968006627e-04
6.740684711478765702e-04
8.054477635154862290e-04
4.092951873053105342e-04
4.125301462574317121e-04
8.544253012652064860e-04
1.295396494335873542e-03
7.375751450969010451e-04
2.687313515062146781e-04
1.506471038338130092e-03
4.690281398282528948e-04
1.464238394073492022e-03
1.323344844765697451e-03
6.446932520818263353e-04
5.921875127378393696e-04
9.768231865825778744e-04
1.914681177555819765e-03
1.505516608342361007e-03
7.652365231213877636e-04
1.474365425551073597e-03
3.837777603885363922e-04
3.915246371683102746e-04
8.668000205674102239e-04
1.331510995868911583e-03
6.154172396674870756e-04
3.411212706289190708e-04
6.630125455814415026e-04
6.484852172160063266e-04
4.976169048241628479e-04
3.297096141744788444e-03
1.736959222167800158e-03
7.559470116132258749e-04
1.154884651097615612e-03
4.262707171365751361e-04
3.894526688227348634e-04
6.201292861842765515e-04
9.165993429225199537e-04
9.158585331929059228e-04
5.265102401723632244e-04
7.732058435117184891e-04
7.207638498743883368e-04
5.294097953992578506e-04
5.773755021293796143e-04
6.284490384390463251e-04
7.022256744568475826e-04
5.227352365652067432e-04
9.056925037829418376e-04
5.839172021714164216e-04
7.532669681941777653e-04
1.105542611433822132e-03
1.186108344907838138e-03
2.030076526288275562e-03
1.562071865196879147e-03
9.598774495654615029e-04
5.629304826494007036e-04
6.254518384623680705e-04
6.666030220357514659e-04
2.121474074037113609e-03
5.846707078129371928e-04
6.669447750527033756e-04
5.935801860999859181e-04
8.850862618998593190e-04
6.263521419606517260e-04
4.834893626334184433e-04
4.631322616366232250e-04
1.138688027132703966e-03
7.577276573833409369e-04
5.723066178991532494e-04
5.014693798477295973e-04
8.751112921579448948e-04
3.737202888216242976e-04
3.902526838215908812e-04
9.808703395678230845e-04
7.276489728320753234e-04
3.634443668356301081e-04
1.565427477749364686e-03
7.818203267767111784e-04
9.427564834197141959e-04
2.397285840950418977e-04
9.494198213325791627e-04
4.234389556369102018e-04
1.074153097717791975e-03
8.394573983484575688e-04
6.276195973719435198e-04
2.306339407205228002e-03
8.008213796838387945e-04
1.120835994201103102e-03
1.571371811733582053e-03
4.345058112111882444e-04
5.501695643364912583e-04
2.879839423707500757e-04
2.220716417010915999e-03
6.545564056318863011e-04
5.478216290247241117e-04
1.144439786632894807e-03
8.127532121788393201e-04
1.150069987293443488e-03
1.520986530158044414e-03
1.394036357453070588e-03
1.150560667317890090e-03
1.583955028753383527e-03
1.279971079654418234e-03
1.050859679452457529e-03
4.786249263425661617e-04
9.002444219119239317e-04
6.139315454695586961e-04
6.474510382234335924e-04
5.145710124352387282e-04
2.851324450192770240e-04
1.138846534372606493e-03
3.721671674962669270e-04
7.467891290091581554e-04
6.784153886871189783e-04
1.041274329922305857e-03
9.232392660114692147e-04
4.353925447837287029e-04
5.190778438431474344e-04
9.212437435885714428e-04
3.288181820399258665e-04
4.829864873222109866e-04
3.196463733630099243e-04
9.750390693908880281e-04
9.306307593309584613e-04
6.831692933644125873e-04
1.419036147973878632e-03
3.051877754498554820e-04
1.450393582014130158e-03
7.756182556194678125e-04
7.459454459692663186e-04
2.067027124111964990e-03
4.470882193540373748e-04
5.572834784450538632e-04
9.538232483771231411e-04
9.336483858936382545e-04
1.715981271578358430e-03
1.246566570119978087e-03
4.843131102379870834e-04
5.822212085472898511e-04
6.930666542420172186e-04
2.717077962483343493e-03
6.757421248940780533e-04
6.446932520818263353e-04
5.689658908097592347e-04
8.138108482047810323e-04
4.370240297749099635e-04
4.215325656883291486e-04
2.658701259456300379e-04
6.608750858768375463e-04
8.465125470735548625e-04
5.208600759098915966e-04
8.671737295542056214e-04
1.548573816228529564e-03
8.295389347727460776e-04
5.539549553733270557e-04
1.355321605251963608e-03
8.008857800677148366e-04
7.823910412366850845e-04
8.670672084290999455e-04
8.077289222397740932e-04
9.736928767009764242e-04
2.707468250704006042e-04
5.932291563402276782e-04
4.307868756992523206e-04
6.749722311795517673e-04
7.641414397039929165e-04
1.067516639298191549e-03
4.877561787111352426e-04
4.151772544288723113e-04
1.601922852270794284e-03
3.215707119079736897e-03
1.098050245611872791e-03
9.730850085094666212e-04
7.426626469027783600e-04
8.153548415378192608e-04
1.516066086236824264e-03
4.572621652246133643e-03
3.927455937094852831e-04
6.867362591008080485e-04
6.651981687548397292e-04
3.566206926289217571e-04
1.122354960146215242e-03
5.655894742646651058e-04
4.667872069152028823e-04
2.462138714528405194e-03
5.577527420907430313e-04
1.241131723707160307e-03
7.547554323957712807e-04
3.679842798449068156e-04
7.023984215879333116e-04
4.292434062233279213e-04
4.778362860852492238e-04
2.171669602155324071e-03
6.798888550934697930e-04
1.031138662914431918e-03
1.139443062007982699e-03
9.933841320057716986e-04
5.850970558191981395e-04
1.429537995185127053e-03
2.692321653401488855e-03
1.149994517628791929e-03
3.081896357026186919e-04
2.040023761395146659e-04
9.025500782518661516e-04
6.264673767702799234e-04
8.623510676397334656e-04
7.083389175784460387e-04
5.183681495412589954e-04
5.542956292648359897e-04
4.722372400863486682e-04
6.189314322824277089e-04
6.938297999809329248e-04
1.578511679870381670e-03
9.512051133134287332e-04
1.837793418827038047e-03
8.345484671048092112e-04
1.175056246868640825e-03
9.093292456826397672e-04
1.051936154472737396e-03
6.279230134796157103e-04
3.571422579428336136e-04
4.660463799384926848e-04
9.962746059152555872e-04
3.694078143354171144e-04
2.817207031932130292e-04
8.650236834663770557e-04
6.710502941291489548e-04
4.962660531827111678e-03
9.984610899964187040e-04
6.859891760943053916e-04
1.272961439667961081e-03
4.236613629072998413e-04
6.435752244333361365e-04
6.045167911867260898e-04
6.769358646084661308e-04
6.768254104999367081e-04
1.061120117493042237e-03
4.087332522143429891e-04
3.488283619443768423e-04
1.015744977960308069e-03
3.986235053301327410e-04
3.720001984198084591e-04
4.722372400863486682e-04
1.236330144068013923e-03
4.834710157080779249e-04
9.848427184118971247e-04
9.280865544667307255e-04
9.899455378833286936e-04
5.475356520912042033e-04
3.894526688227348634e-04
4.481741082993452628e-04
7.980423620749972635e-04
5.682269465731071322e-04
1.884106428674191388e-03
3.848467262398684759e-03
5.276012542042809355e-04
4.179804973533233266e-04
7.777947520772551283e-04
6.306820818187411576e-04
2.717077962483343493e-03
7.664952006549789190e-04
8.400731232205064895e-04
6.973174997396064997e-04
5.025286889639266237e-04
6.628046263765124176e-04
3.988638067587646496e-02
5.867649722018378417e-04
3.266914663159202785e-04
5.289675693504855732e-04
7.683326272782143316e-04
8.456792199445479314e-04
3.633012048773169231e-03
4.670057625770110236e-04
4.895465461928993857e-04
5.076011715803189573e-04
7.024308360030471522e-04
4.487435374407385425e-04
4.852896834131014141e-04
3.124611969663536977e-04
8.696858284850847139e-04
1.362789497926782589e-03
8.065766222064465595e-04
4.104317227612704847e-04
1.057169486669894002e-03
6.308557328831168685e-04
8.231083277147226759e-04
3.862394970874788989e-04
8.780022925273555431e-04
6.811310904892394413e-04
9.613932336254905377e-04
1.296016771160522253e-03
2.407115684729108952e-03
8.265220560155543900e-04
5.397080513261534682e-04
1.082584725814884040e-03
5.584650043727147151e-04
9.096441715938961359e-04
3.787831562503257156e-04
6.131010201961420783e-04
1.572776871325896105e-03
3.086416303226643043e-04
4.792923866434960602e-04
3.556566001680968995e-04
6.974735978056781100e-04
5.307948325737311089e-04
4.332647600083324628e-04
6.996626411872212481e-04
1.500502768552877285e-03
7.397203971968507397e-04
1.134376327107178457e-03
7.723140978457563102e-04
1.108132607238529813e-03
7.732030133507225220e-04
5.998778591999243863e-04
4.288752295340540928e-04
7.857540600621135390e-04
1.082497021395311494e-03
1.548379722063852838e-03
3.156422745446601564e-04
2.264466206066118297e-03
1.090572602206804111e-03
6.413356467406274540e-04
9.147379790475701142e-04
5.552310372851834014e-04
1.150560667317890090e-03
7.817787697792755956e-04
9.833870288288638385e-04
1.326438184150848529e-03
3.970799367852397639e-04
1.443127794753839991e-03
5.589576399752369841e-04
1.066674806728659664e-03
3.904445676951321591e-04
5.646739591666088964e-04
3.925552793493472547e-04
1.106474037861769144e-03
1.053032398386679084e-03
9.465280076129043135e-04
2.979597174500583315e-04
3.368307749885143202e-04
3.205380904172219162e-03
3.461101728089812680e-03
5.351296888857423606e-04
4.215253085111832481e-04
8.333551769072129788e-04
2.425913206782352553e-03
3.322382445033279352e-03
2.544411743080174002e-04
6.610973131138247203e-04
1.051932634692084043e-03
3.139658401734226213e-04
6.374816640704786914e-04
7.807076272168526248e-04
8.358690935608754534e-04
7.482000743751199669e-04
7.986675422150014969e-04
4.778488068803051804e-03
3.063317099182603725e-04
4.547759005205121992e-04
4.473023671541196690e-04
1.599131637947274380e-03
1.144354547201538409e-03
8.452320047142102650e-04
1.503551689915971898e-03
2.490666870905957264e-04
5.180644992929410225e-04
7.475497117902642295e-04
4.289210514274473924e-04
1.117998764943118435e-03
8.317790423363271993e-04
1.337200976320059931e-03
8.693107272144683139e-04
1.267428194273216568e-03
6.267202633880201513e-04
5.041950382357078195e-04
8.092637159389223572e-04
5.145501218974774752e-04
7.760764124627230484e-04
2.882610313230478849e-04
1.114355212791686865e-03
1.474786727789918024e-03
3.254946910668682380e-04
3.269417050327874945e-04
7.121909442778601379e-04
4.382592163168743857e-04
5.366228789983584204e-04
5.329897734107514468e-04
2.715605750260212739e-04
2.340628071491911762e-03
7.780986402923815775e-04
2.520769565826740241e-04
1.575119182736524305e-03
4.979468595760737099e-04
8.755820685425440026e-04
1.649908479466505621e-03
4.538609837793466093e-04
1.108292383762831063e-03
4.720357827025502772e-04
4.073707894944471374e-04
7.544542002987297477e-03
3.202213775131715844e-04
5.847591616473886336e-04
9.136946551443848657e-04
9.952269786076075892e-04
4.067143276401627449e-04
1.267498913257639583e-03
3.022176236409828461e-04
5.650608887280205795e-04
4.878060605952345302e-04
5.030705841131246150e-04
7.833509835216036091e-04
7.020467177129177498e-04
3.356401375968412395e-03
3.322350877608212945e-04
6.482714700755569989e-04
9.570621655765053663e-04
4.939243733583695804e-04
6.589806938064857698e-04
3.977421268576572739e-04
1.624375844603452449e-03
8.252889597867606782e-04
5.706800166200000314e-04
6.080870366421532811e-04
1.156224505397961729e-03
1.209485414544071540e-03
5.727755434452724836e-04
1.064445970137016311e-03
6.111447225500252255e-04
2.699608883298604874e-04
5.226745282649208381e-04
4.448255996218970407e-04
4.673722297910886878e-04
1.765126614074703955e-03
3.033453378892524426e-04
7.973561058314638595e-04
1.238949315902645228e-03
1.101177389598203367e-03
3.143399816904618449e-04
2.109820573452887271e-03
8.456792199445479314e-04
7.545936797689545760e-04
3.930850104628994760e-04
5.679893476762787980e-04
1.124299179918375165e-03
1.408579688854863640e-03
4.200373209411080032e-04
5.765017489550053158e-04
5.805767726306858495e-04
3.678270147133894021e-04
