1.919283253972289198e-04
8.683849624558224361e-04
4.819520092069118811e-04
2.013052060739626745e-04
1.604444097244614280e-03
2.960992233936041509e-04
3.858640779234169906e-04
3.898368523728270099e-04
1.650100529733249501e-03
2.798514840654350486e-04
3.705762452696029783e-04
9.914325782291162712e-04
2.677014531121910145e-04
8.403643129042060378e-04
1.034014823570401313e-03
1.245526290500327841e-03
1.236142610834399741e-03
4.129888685996866262e-04
1.815440456116176058e-03
3.264336487179702348e-04
1.705318031527882673e-03
2.287595347282128904e-04
2.845108119858566161e-04
3.112075769956589651e-04
3.610557261993566623e-04
6.759729708518773510e-04
3.134424308565924135e-04
3.848004537694042966e-04
5.598691106112742115e-04
4.634751182326394756e-04
8.849385469139006049e-04
5.155338135127345706e-03
3.270199689374131673e-04
6.036922410250461328e-04
4.850352285118508062e-04
2.594124236908289379e-04
5.536831837075508172e-04
1.498519762438860767e-03
7.948275873032644096e-04
4.857272153256291056e-04
3.137506225049897855e-04
8.520491058431491462e-04
6.979444116858477768e-04
5.067189744325864553e-04
4.026151870263634108e-04
3.291816283136821206e-04
2.466371054766283710e-04
5.948294773229676705e-04
3.223915185961647497e-03
4.112542101526271286e-04
4.214176273919925187e-04
2.157305175820295321e-04
2.792989111094262757e-03
9.447602210616568279e-04
1.283074488254897600e-03
7.191277044222677646e-04
5.160537836794356226e-04
4.878072613732667125e-04
1.296452318600997819e-03
2.305707645794674294e-04
4.259764132970745719e-04
3.568124252211840814e-04
5.628352499828657074e-04
2.201790661950826257e-04
2.223612590707775040e-03
7.411764484597550828e-04
4.277909981527707188e-04
5.816424779535136255e-04
5.280789676339620736e-04
4.927531877930405209e-04
2.226085672266302836e-04
3.134530721335534119e-04
5.912614800826166079e-04
9.581848418280202589e-03
2.849883923652771125e-04
4.680854316322522130e-04
4.109956781658786963e-04
2.152843085883993210e-04
6.402523896628944076e-04
3.623816142991687149e-04
2.528597131669389959e-04
2.572659271726957268e-04
5.439437551618674658e-04
1.452490976161136807e-03
4.495520581231440284e-04
6.958925369496121987e-04
3.873816088525789108e-03
1.001718236729119129e-03
3.623070346975964390e-04
6.957330832337570679e-03
1.112676966143796202e-03
3.232940693740834212e-04
3.910500648366158310e-04
2.535427183714969272e-03
6.897108355572591871e-04
1.869628798288235831e-04
1.268006639730706901e-03
1.817830939748924608e-04
3.502908854124822734e-04
7.915342281888369542e-04
6.905844885453920213e-04
9.176457861834141872e-04
3.149647896203770477e-04
7.765085472868529619e-04
3.819615981010295296e-04
2.595953881944715195e-04
4.407865882528745572e-04
1.250239171230416559e-03
4.719961357749488185e-04
3.758193666078515536e-04
3.861609340088191554e-04
8.849385469139006049e-04
3.674772640342531256e-04
5.180321425163475491e-04
2.381413348231206542e-04
2.976751355461768338e-04
2.682097647014362808e-04
5.995902229555067015e-04
6.619108611263346646e-04
7.827051120898356447e-04
6.246756276234974141e-03
3.315499166766921742e-04
3.671788632981372552e-04
2.629917436773718709e-04
8.127361654640285387e-04
3.088043502850592388e-04
7.198205191780560454e-04
2.468087338436473067e-04
5.549231542256319663e-04
4.905064254282012759e-04
4.669319733360312590e-04
4.878362210269998806e-04
5.946409658169113767e-04
6.751771058392203127e-04
5.000278373663676534e-04
3.537061495795787761e-04
3.961168040020237170e-04
3.759804738331779233e-04
3.579516722581711297e-04
7.575441767643920467e-04
2.792989111094262757e-03
5.128606265528506914e-04
1.595445867381186864e-03
6.711915307834740493e-04
6.779988956537366922e-04
2.946567217895521918e-04
2.807859872341448865e-03
4.505381506429185514e-04
8.679183343254943386e-04
4.658287168767908932e-04
6.828123333389778202e-04
3.331274404561862371e-04
2.081793061316672573e-04
1.734430051963635347e-03
6.573987026991934398e-04
5.267766647922674178e-04
2.080721625305075734e-03
9.301522608288448042e-04
2.236708722817910193e-04
4.125093950130803819e-04
3.658468295507479387e-04
5.267513485509953564e-04
5.748177057615252127e-04
1.362597640286731734e-03
2.929083304213724276e-04
3.312339583167006303e-04
2.753984141585384595e-04
3.239826363681126676e-04
1.739432609886676492e-03
1.193290291600775923e-03
1.688772333965539582e-04
4.811582395921301832e-04
2.616665309159955997e-04
1.426750701849886652e-03
1.467728149301691931e-02
5.449287708115291588e-04
2.650747934327063265e-04
1.641957621868703112e-03
1.663279114628652636e-03
1.348272802488473428e-03
3.890072039893481700e-04
1.928813983103050932e-04
7.191277044222677646e-04
9.156202730886719206e-04
2.744924488803638014e-04
4.501026123670274419e-04
7.363074823261605206e-04
4.038009665612635928e-04
5.218226042725131230e-04
4.521473878778926934e-04
2.836807402723265327e-04
6.920978826620736643e-04
5.120097367584868463e-03
4.447675943166020003e-04
1.687774563007746989e-04
5.098563068971119364e-04
7.602341656940844695e-04
8.438987953548360722e-04
3.184434423444192997e-04
2.907753676530862048e-04
4.438127472230813417e-04
2.516202586306483442e-04
1.885129743671074085e-03
6.814059226636222724e-03
1.362597640286731734e-03
2.647813142579954516e-04
6.514070832951704632e-04
3.522289247448582195e-04
2.970122278169795094e-04
4.501026123670274419e-04
4.368525032562831068e-04
4.096026953806666902e-04
5.439437551618674658e-04
2.730832020956638646e-03
4.455477897991691211e-04
7.297024074424534289e-03
3.387169306906127127e-04
2.903605053533374423e-04
4.643015109942846179e-04
3.560628710742101384e-04
1.030641502178511991e-03
4.903047627560878918e-04
5.835769386997594543e-04
5.067189744325864553e-04
2.197794164279108856e-03
8.645536069141012249e-04
3.261708273664906156e-04
6.147598645897191412e-04
8.321922760778404293e-04
6.375340923300365590e-04
7.865650722726499162e-04
3.376647945385354401e-04
3.854563798333408365e-04
1.306044078511435329e-03
2.986680669037828956e-04
5.945037543318885346e-04
3.662376812052048174e-04
5.205098466140976746e-04
2.256345748988186021e-04
4.336601482601714383e-04
7.328153454788850253e-04
8.352414520096167151e-04
3.234194457366541581e-04
4.819839869427006433e-04
3.807666796369110328e-04
2.525572311887984422e-03
4.336601482601714383e-04
4.531389189865413355e-04
1.467674202382869173e-04
1.567021411266537846e-04
5.321333955473931884e-04
6.428279850617245762e-04
1.459165783827509524e-03
1.735139581853982439e-03
3.407492916409304807e-04
4.186039594675831053e-04
3.017149907841105462e-03
7.463919368843666396e-04
3.147287390686090056e-04
2.028094433618636908e-04
1.733235998766151180e-04
5.421073994511698465e-04
5.443291811454558119e-04
6.401635167310721188e-04
3.106014296438059145e-04
7.952258260411110453e-04
5.898814621779896721e-04
3.204332981472031742e-04
7.837741769238324580e-04
1.694857517578035253e-03
5.547384121254068674e-04
8.849385469139006049e-04
2.159530754424338322e-03
3.849787769535662754e-04
2.175399443038159876e-04
3.266994146929665002e-04
1.180668029938995462e-03
1.621514531552724261e-03
6.822901604215029061e-04
3.035356238121585722e-04
2.330107158285846876e-04
1.377073171530044217e-03
1.733235998766151180e-04
3.331274404561862371e-04
4.450948210246931012e-04
4.009358073650904145e-04
1.995610282930666021e-04
5.485795182904743342e-04
1.115306173785315935e-03
3.067186778555412155e-04
5.732677927407396146e-04
2.340319379717601539e-04
1.123674602451720525e-03
5.067189744325864553e-04
2.776887551181945915e-04
6.331935855273762527e-04
3.681270275853213911e-04
1.736505663560969576e-03
5.852253502789929668e-04
8.103602181791756676e-04
3.052706320923586616e-04
4.863412939646442369e-04
3.449333853042111080e-03
4.622694713590567279e-04
1.073330300193015355e-03
7.634390110560329134e-04
5.142286807374455088e-04
9.545325061133388619e-04
3.635785769615230262e-04
2.613448950357640877e-04
4.315955754249170833e-04
2.237508610377142090e-04
4.940566216360200991e-04
2.365188830511999940e-04
3.009360302226102963e-04
4.238635042732231853e-04
6.465231344234656074e-04
7.863169713715041859e-04
2.520005934547185265e-04
3.127181617356216098e-04
1.676927093121055991e-04
2.319346933939584431e-03
3.474755333383984859e-04
4.517658677568204151e-04
3.790563744133701105e-04
2.623996215301841644e-04
2.533928528535876268e-04
3.301967730749774546e-04
4.750363762910759591e-04
1.182366708261930023e-03
5.944014210221333248e-04
4.001826986479495090e-04
4.525314056906477910e-04
9.037873898606614120e-04
5.335662501866220370e-04
7.297024074424534289e-03
2.641602310268955332e-03
1.332517862714393273e-03
3.464710481588011625e-04
5.545882746864680803e-04
8.292630368899431455e-04
7.343653814721243494e-04
4.608350201621290074e-04
5.421073994511698465e-04
5.372743263606897949e-04
1.830183037025014982e-03
1.160353096684332017e-03
1.083126760665440586e-03
1.521695213205399725e-03
3.817404722725066253e-04
4.573696452231756199e-04
2.254235399051649142e-04
4.415009058692792175e-04
1.123674602451720525e-03
2.059444034523023881e-04
3.034043692448947622e-04
8.951020807582358695e-04
4.625585986327973706e-04
7.140151731966414093e-04
4.336601482601714383e-04
2.115686959131289125e-04
1.022709592915965792e-03
8.801480386421544483e-04
3.679261370229888490e-04
3.907365227373456860e-04
8.052120380477323109e-04
9.838547818685685221e-04
9.198503272853712732e-04
4.942166337982893632e-04
9.655692926853915456e-04
2.170118730169328064e-04
1.380995679069925604e-03
1.201765271175064646e-03
1.352330363201448738e-04
1.021026124252393322e-02
4.320532227114064509e-04
4.431089154173370936e-04
1.270253369177620599e-03
2.160329540483423971e-03
1.469612547043314425e-04
3.395611030903582413e-04
1.032319114568313895e-03
3.627920397672637198e-04
2.635515552766319104e-04
2.952233746272041521e-04
6.409170960947226364e-04
3.358094534856095339e-04
1.128034398476936108e-03
4.625625136224138811e-04
2.846057977259609751e-04
5.268187699006078627e-04
3.568124252211840814e-04
3.116269620321569138e-04
8.756127803847661446e-04
7.908618507719930189e-04
4.123915127043500744e-04
4.221621127623894471e-04
1.531466593411440853e-03
1.919496529524396906e-04
8.938569522979227574e-04
3.158372023674866106e-04
8.429075851930551994e-04
5.034938232163049506e-04
4.664134495030329564e-03
2.149065800757607708e-03
5.175105200737998862e-04
2.064235586014662833e-04
1.115306173785315935e-03
2.283530677144669958e-04
6.262759223836399840e-04
7.966245862919798170e-04
2.811594538845366273e-04
5.530182373363594361e-02
1.062121280208399524e-03
7.898121441091102580e-04
1.207356237417885839e-03
5.069703532608746226e-03
5.029578453665239099e-04
2.915063975759729273e-04
9.316101143067859669e-04
2.184479256848312822e-04
1.860743755862692738e-03
1.391744403730449994e-03
4.450948210246931012e-04
4.283982726784320533e-04
3.280145255893883167e-04
2.316875396477442489e-04
7.430019506917713698e-04
1.411201126249772521e-03
5.848726036990180288e-04
5.095816596643451199e-04
1.112676966143796202e-03
2.433497662542076067e-03
4.026475131779444299e-04
6.672894272979873042e-04
7.191277044222677646e-04
5.009863747809443742e-04
2.824735334884188507e-04
2.111950715018133702e-03
4.440759882585965318e-04
6.709364420380314106e-04
1.383222642305712230e-03
3.441937609193806351e-04
2.803072974605369809e-04
8.610439151480081847e-04
2.388743028366319685e-04
5.812129601618544342e-04
1.310695735385276938e-03
8.094015289551255345e-04
4.175175033767718376e-03
6.579019709807044924e-04
9.877393308808878579e-04
7.694898560012676351e-04
3.706561056766109860e-04
4.210062942638954507e-04
6.761264192803548853e-04
4.937616587808758839e-04
5.625763152345146685e-04
1.700368478553840323e-02
3.308226629877016045e-03
9.847981631338983705e-04
1.679606270491155887e-03
5.023070328737121214e-04
3.849937903231479951e-04
2.070898967269819849e-04
2.732686543821425079e-04
3.135471282338228778e-04
7.858293352543465693e-04
8.319211279740370809e-04
4.446254759153589670e-04
1.010498682714402888e-03
2.154056572207255433e-04
6.903580402311622257e-04
2.314544728938001516e-04
2.341322533828609203e-03
3.393584068629218247e-04
3.524245740238976412e-04
3.008367125925196775e-04
1.612831554270294221e-04
7.367496947437717110e-04
5.689647107514755062e-04
1.030641502178511991e-03
7.217766736647601017e-03
3.326912209349895178e-04
3.790563744133701105e-04
5.389388853650322470e-04
4.574656868323859400e-04
1.348272802488473428e-03
5.057310305944874877e-04
7.693435845306891745e-04
5.336638203625302702e-04
2.538543905400826128e-04
9.418486502320269800e-04
2.627108195427012641e-04
5.484987268428141455e-04
4.934721425737867689e-04
4.243645326475697054e-04
3.653513993000801754e-04
4.937616587808758839e-04
3.150119237336790356e-04
4.260680566346435765e-04
2.345739260268958355e-04
1.817182245218699381e-03
1.153613975712725840e-03
2.340511916240294011e-04
5.356003863466932526e-04
7.794298383300829729e-04
4.590334698532551739e-04
3.702110295257167341e-04
1.927228912376754240e-03
2.998147271172322279e-04
3.331274404561862371e-04
5.496529131542838252e-04
3.272845839494296157e-04
6.523523632087160646e-04
1.118416166620313235e-02
3.887094936557326276e-03
2.926456600744875417e-04
2.270303816279360123e-04
4.102432309274293824e-04
5.937814897840421394e-04
6.381757943928932034e-04
2.604499552395265843e-04
1.317581913254077357e-03
3.504710249081476330e-04
3.291816283136821206e-04
7.177464665852737900e-04
3.843681502488379515e-04
6.005678308544933714e-04
2.921818957304775561e-04
9.514202523585170261e-04
8.046883855803688666e-04
1.294586395342711390e-03
8.727824342267560126e-04
2.964497913522250215e-04
3.941510588444802066e-04
4.194655611502007384e-04
3.234871475110947712e-04
2.828353855467136938e-04
3.791303279124982992e-04
3.882894646577989949e-04
2.360735130607848845e-04
8.887252152907942383e-04
4.417721278629443515e-04
2.502489783276366829e-04
1.746163845146135867e-04
2.751736270296712382e-03
5.183911247221838518e-04
1.306176514463059431e-03
1.825043064877747857e-03
3.355844430558630929e-04
3.511095141671818692e-04
4.878153143811688884e-04
1.079176161450708972e-03
1.021821117422489497e-03
6.568431498695807749e-04
5.142286807374455088e-04
6.848221830723946702e-04
5.515205761843851480e-04
4.896596871226776941e-04
3.904472971791628807e-04
5.268187699006078627e-04
3.306107092494812560e-03
2.236231455099249338e-04
2.557187558444863097e-03
2.576674556665018052e-03
6.114089632979827476e-04
3.396596967574093320e-04
3.609760389641518863e-04
4.030390626882067863e-04
6.169655311805082422e-04
2.906327558673614639e-04
2.076025327551773471e-03
4.407267375016389230e-04
2.962601861898385707e-04
1.495116149540363275e-03
3.261708273664906156e-04
4.785547651788826166e-04
1.202221640570120447e-03
1.671807435948512025e-04
2.849009588002235555e-04
4.784988078968087496e-04
2.899300775799258656e-04
4.517303413091303317e-04
5.043225152030323365e-04
3.393584068629218247e-04
5.120097367584868463e-03
1.173965628774523238e-03
2.026378597273665108e-03
2.162393607068867644e-04
3.987796190063239393e-04
8.352414520096167151e-04
6.699021790271557277e-04
3.693704649206830024e-04
2.093595869885858836e-04
4.930558968158153506e-04
2.099426836788530551e-03
1.595652608010104750e-04
4.336601482601714383e-04
4.894752200495447328e-04
4.151195912488683673e-04
8.496357362291517053e-04
5.223341488404553180e-04
1.586640283448369866e-03
8.972052847341960595e-04
7.227892827857165499e-04
5.840960497089552539e-04
2.875786388024221228e-04
4.706015198636972997e-04
2.422324849557439864e-04
2.398233623654094724e-04
2.753984141585384595e-04
1.080690845222182644e-03
5.737037078157001006e-04
7.096141757713202549e-04
5.751415602569272647e-04
3.423533281402007687e-04
1.816881871036974707e-04
2.168959550302864510e-04
7.468997273086681312e-04
1.283074488254897600e-03
6.028942165871484758e-04
5.279225118938978261e-04
1.133840893874883075e-03
5.812129601618544342e-04
5.540658556708424106e-04
2.530104351670322020e-04
2.383614637032159382e-04
3.105795620949907332e-04
3.719596045988487901e-04
2.934310438395984315e-03
5.397426953819929379e-04
4.459814705012158124e-04
5.223341488404553180e-04
4.129831088689954292e-03
1.901286569413699864e-03
1.284884829386658336e-03
4.501026123670274419e-04
3.672797243510990666e-03
5.804516966884166497e-04
2.712202157079521194e-04
4.055893555573594701e-04
3.340956399429969421e-04
1.467728149301691931e-02
8.768563911489575926e-04
5.560918749275723261e-04
3.092661302999812436e-04
1.352454971329450145e-03
2.540210825290172025e-04
5.384546191825824359e-04
3.703084550265550289e-04
5.268187699006078627e-04
9.847981631338983705e-04
5.259495729925706565e-04
2.314544728938001516e-04
3.475272747446092603e-04
1.306044078511435329e-03
6.417386514636463620e-04
6.799010383467570494e-03
2.689700554231378620e-04
1.586834488581282928e-03
3.963828300642648008e-04
3.283258171390273121e-04
1.037821369749812117e-03
6.736540727984651573e-04
2.499971365749803953e-04
3.190918016677662668e-04
3.484166484965322912e-04
8.471090449516879579e-04
3.182793085372892300e-04
4.608350201621290074e-04
6.662050657335662771e-04
3.848029015884516890e-04
2.947056794738188218e-04
5.125987801258590545e-04
5.287186630623421897e-04
4.413700114401478852e-04
3.363685106007861282e-03
5.076076943822477533e-04
5.067498721589131470e-04
2.778627756493602555e-04
3.779095368570781644e-04
8.630665758748512842e-04
5.632159559208552158e-04
1.375326038307020816e-03
4.611359164311867919e-04
3.348589095875394010e-04
6.465231344234656074e-04
3.759804738331779233e-04
5.348117186811534880e-04
2.990222233988129932e-03
7.011070702653184874e-04
3.110924634269342584e-02
3.078012579529159883e-04
2.869541915370741421e-04
2.857661356956216919e-04
5.939177165009455013e-04
7.102697567646432727e-04
6.499479186799077572e-04
5.410239303380875607e-04
2.472568482141247032e-04
4.775220369718607125e-04
3.217937586192498329e-03
4.208256603953085847e-04
4.144970909774659570e-04
1.109407045466056238e-03
5.354252687559741446e-04
2.691816044913282599e-04
3.663562886675774451e-04
6.363596243943604042e-04
2.109416552704149672e-04
5.185905289783472160e-04
6.908164323544585712e-04
6.423025521978002663e-04
2.547788327463800916e-04
2.435783416195719503e-04
2.500071349463840980e-04
2.707024643669027298e-04
1.144451711077453833e-04
3.798048352657928625e-04
1.001141401993010157e-03
3.591567889515433795e-04
3.853254841852404053e-04
1.934654950660583031e-04
3.542028205582908244e-04
1.037821369749812117e-03
4.073696581894595140e-04
2.120559380296590222e-04
1.645772379202786783e-03
6.713372311703039684e-04
2.152916605678882535e-04
1.467728149301691931e-02
4.207785996066049972e-04
3.341554783657920617e-04
5.000278373663676534e-04
2.358923280006273342e-04
3.390264516864439199e-04
4.551751670139311595e-04
2.464840924370212470e-04
5.275675183319820981e-04
6.709364420380314106e-04
3.161071287711898249e-04
2.062678436484126267e-04
1.186169770343695456e-03
5.472228227935762050e-04
4.135147190067533585e-04
1.055506535884109982e-03
6.423025521978002663e-04
2.310022085208768110e-03
5.421802719254219206e-04
4.852119627902685040e-04
5.214422848576946148e-04
3.061692028156468882e-04
2.843948806784199891e-04
5.516780049227243366e-04
3.617926351199573262e-04
2.783959154096596615e-04
4.501026123670274419e-04
7.616112847215087767e-04
7.757004834497049006e-04
1.989816169588616687e-04
3.228319774120364926e-04
3.331274404561862371e-04
2.974029891773819281e-04
2.012095588928167016e-04
6.628581706380107762e-04
5.525048680046607636e-04
5.609149484076610820e-02
4.227183357358651485e-04
5.077492801296762306e-04
6.858520436732411631e-04
4.924665679572324574e-04
3.740644553352532957e-04
5.346355078391985295e-04
9.901333784540899269e-04
7.072419992359176965e-04
2.718371041395302576e-04
1.827378946432965472e-04
5.919701222712967512e-04
3.254589518724973138e-04
3.245521489234510777e-04
1.150732666182139848e-03
3.907371462693683584e-04
7.164107926833416075e-04
5.704642072246922857e-04
8.577370196941605995e-04
4.358740815087324295e-04
5.824457917865610238e-04
1.125273792254663768e-03
2.533101849027729691e-04
6.801257592383443519e-04
7.609567617791853289e-04
5.485357024405436172e-04
3.922287416788795529e-04
3.002023957015347976e-03
3.155938625616632343e-04
2.412234955869196646e-04
6.479216894638236855e-04
6.599168448557961916e-04
8.747838027328895625e-04
7.008515522142152749e-04
3.331274404561862371e-04
4.359851973478232035e-04
2.845108119858566161e-04
2.906011550989020696e-04
9.831025580376150531e-04
2.732164280480368023e-04
3.088873497071263066e-04
6.331935855273762527e-04
2.607338834064164583e-04
4.147144678561761103e-04
1.444101136537278380e-03
2.610428534673778374e-04
1.080320083962241088e-03
1.504440604653171400e-03
3.874829856312523701e-04
6.392350719127919524e-04
4.313576750416381442e-04
2.555557692875229272e-04
5.052344433390830230e-04
3.331274404561862371e-04
6.108558065191175418e-04
7.848743973541436958e-04
1.950070705427527085e-04
6.466119585558693971e-04
2.835483541872780883e-04
3.277586656259834971e-03
1.444513086698928769e-03
5.166798201724057170e-04
2.770846061199620011e-03
5.268187699006078627e-04
4.906292728316614732e-04
3.626572699503310851e-04
2.887972708460515882e-03
2.181941000321888362e-04
9.447971377438026249e-04
5.739294042589525259e-04
4.801644544660925180e-04
1.620164958347391679e-04
2.661353418866407145e-04
1.547108533157245188e-04
3.220717386062956454e-04
1.869604880809599056e-03
2.983598465113379084e-04
4.630243148515982205e-04
1.187331650380191780e-03
5.677128001154686191e-04
4.911958561718815898e-04
2.965426420691841237e-04
2.033663755194942884e-04
1.961792850886490244e-04
5.866461359489124130e-04
2.616622906269854931e-04
3.607943996537132827e-04
2.045854313636567292e-04
3.938760663627643315e-04
2.586703821507058436e-04
2.247848988433646554e-04
2.915063975759729273e-04
2.971596597548676190e-04
5.048274203745216609e-04
8.586111396833131029e-04
1.919231539997645587e-04
5.044374102614639565e-04
7.411183539624056384e-04
3.008897041323794499e-04
2.917861245675076095e-03
3.380144469960005230e-04
6.141778258342921572e-04
1.067570996449219035e-03
1.837453894300687283e-04
4.002287342896798726e-04
3.439854718683952087e-04
4.480965264362899575e-03
4.206017825603618285e-04
1.111712132766309391e-03
1.055320523508147638e-03
7.713753290494946083e-04
5.759951162354241079e-04
6.402993427245436131e-04
4.523178914614759674e-04
1.271157336420021371e-03
3.536290965384440666e-04
4.092415841845968225e-04
1.920408281666997256e-04
7.158619166305956816e-04
4.077546093624875249e-04
6.743100602928879918e-04
6.944602789400768084e-04
3.748232430609912415e-04
6.196632274205416064e-04
4.112304215624907580e-04
2.830424754433802544e-04
2.573747171822547654e-04
2.184724214345794453e-03
2.033049991868198891e-04
7.898121441091102580e-04
2.567997990239172810e-04
3.158716717554492385e-04
9.849515643890194294e-04
5.268187699006078627e-04
6.828123333389778202e-04
5.216923786250554943e-04
8.809361444757713225e-03
5.204240043688416768e-04
1.410038228831760358e-03
5.577766392627191020e-04
1.579583847926934034e-04
6.854292339597315657e-04
1.235155237040513236e-03
4.063373211494496944e-04
2.125707741570531390e-04
8.751230431602471894e-04
2.343383990314310038e-04
5.446295860629948252e-04
9.754302534370457673e-04
3.150119237336790356e-04
7.352640905748996985e-04
3.338455206240064027e-04
5.549820520461094808e-04
3.854395896393021268e-04
2.338069995783490515e-04
8.439900555962827605e-04
6.350141269096663040e-04
3.488506708024884757e-04
2.698190917793818642e-04
1.124870211373257692e-03
2.177404260801275729e-04
7.149097363830366966e-04
5.874964516615544712e-04
2.576501376484298194e-04
1.815110360715987828e-04
2.835078334195284934e-04
1.630675915220159257e-03
1.766151793604841006e-03
1.537783442245910714e-03
3.375765928263967726e-04
1.115306173785315935e-03
3.464313037135106845e-04
7.789700552689844074e-04
2.787389050327259538e-04
3.331274404561862371e-04
6.067477647073199649e-04
1.097740795602605759e-03
9.537832724396778450e-04
5.335662501866220370e-04
6.015954347845213360e-04
2.123180940530604744e-04
4.336601482601714383e-04
5.256174892769149148e-04
6.878079572662625920e-04
8.722880762931314608e-04
2.824735334884188507e-04
6.523542748018798824e-04
1.965373889486101821e-03
3.117183856914751221e-04
5.545164844598907301e-04
2.190389403773171525e-04
3.081984974587225227e-04
4.242111288166154908e-04
3.805920184628962689e-04
1.552147417986491371e-03
2.887972708460515882e-03
1.094929460418551720e-03
2.354872606057420003e-04
2.257972059202278839e-04
5.994622789788089543e-04
4.852132391330043234e-04
2.471506720055530008e-03
4.366845505070057125e-04
1.010498682714402888e-03
1.121590981736515866e-03
1.470016141952118450e-03
2.886739238983624159e-04
3.315929562959504329e-04
4.429339391451997681e-04
1.306176514463059431e-03
6.907174273810185762e-04
2.281455250213747287e-04
5.306292248866330968e-04
2.872188356294049730e-04
6.111303765774015601e-03
5.665219208072342326e-04
5.816424779535136255e-04
5.469382696521612368e-04
2.674583845979063186e-03
3.312972798319670968e-04
6.039932380274319005e-04
4.413479402878892456e-04
5.307383394846462319e-04
3.646897227988294332e-04
6.547492825203468951e-04
8.110974764188318923e-04
3.238241882666272856e-04
2.044800437309212489e-04
7.984301402534577574e-04
3.277586656259834971e-03
1.604317147410826237e-03
9.952209685823889922e-04
6.113473759405766697e-04
