4.284150397693167441e+06
4.112460661481590010e+06
3.992954233858784661e+06
4.282342504524785094e+06
4.253572501360883005e+06
4.260487249653279781e+06
3.875415640159304719e+06
4.273000635819930583e+06
4.212373037058126181e+06
4.167219818333118688e+06
4.026519349835655652e+06
4.104547872637553141e+06
3.838350412441728171e+06
4.279552217828144319e+06
4.113445827514254488e+06
4.068349681257931516e+06
4.193276067648365162e+06
4.026991137716980185e+06
4.280450464883063920e+06
4.197554447791151702e+06
4.198366899459108710e+06
4.209434656965949573e+06
4.279307680475519039e+06
4.092517653404376004e+06
4.294324742736440152e+06
4.258121288605877198e+06
4.253279987809994258e+06
4.267079392349047586e+06
4.293002938980017789e+06
4.115992097511378117e+06
4.075537789155934006e+06
3.762822392876476515e+06
4.070048683717544191e+06
4.284475354976991192e+06
4.262193036743195727e+06
4.232373187953182496e+06
4.264487275205027312e+06
4.282514042701247148e+06
4.156000517409842927e+06
4.193192493788909167e+06
4.135668282565405592e+06
4.279595347848911770e+06
4.238712408295067027e+06
4.286596980892506428e+06
4.142540685951332562e+06
4.099160268439979292e+06
4.261748737611652352e+06
4.061909012623379938e+06
4.273037941173386760e+06
4.255809445990979671e+06
4.237199728037239984e+06
4.191803444306152873e+06
4.207458771597934887e+06
4.101008303767516743e+06
4.126288682582119014e+06
4.206215790039497428e+06
3.826458509184767958e+06
4.130106294925496448e+06
4.227693135018063709e+06
4.253733416618910618e+06
4.104666436108409427e+06
4.230051448008706793e+06
4.229435258633950725e+06
4.293067660019023344e+06
4.135668282565405592e+06
4.292388769371357746e+06
4.125200570029205643e+06
4.224236076090265065e+06
4.049777972265860997e+06
4.239242815387654118e+06
4.287175204646362923e+06
4.206893884547377937e+06
4.009868671705548186e+06
3.939989124497517943e+06
4.225137979924553074e+06
4.214209332046144642e+06
4.267955737636957318e+06
4.284738661545186304e+06
4.256805257342455909e+06
4.031109779666185379e+06
3.938412378967281897e+06
3.847194096351455431e+06
3.986229732617124915e+06
4.106255294804217294e+06
4.295065387771878392e+06
4.253719491346650757e+06
4.040034694287171587e+06
4.161758730817082338e+06
4.156762845156334341e+06
4.290197446619519964e+06
4.241965371147477999e+06
3.981735338170075323e+06
4.277210554286888801e+06
3.879316632259045728e+06
4.274420834670168348e+06
4.128247029864885844e+06
4.112568197170296218e+06
4.124592022199643776e+06
4.293356125998678617e+06
4.277609175961546600e+06
3.887665706999203190e+06
3.875285398920812644e+06
4.228305111214863136e+06
4.135866076797260903e+06
4.228782730276509188e+06
4.198049403962265700e+06
4.171918466249765828e+06
4.156785624426314607e+06
3.791689794971820433e+06
4.257905828611221164e+06
4.284699933556789532e+06
4.069218843883994501e+06
3.944569449288153090e+06
4.296365479158489034e+06
4.170329172861468047e+06
4.210425630448275246e+06
4.044053537043614779e+06
4.196752660751902498e+06
4.226352351649971679e+06
4.265674418103571981e+06
4.075537789155934006e+06
4.209483309803103097e+06
4.170329172861468047e+06
4.192661090909849852e+06
4.280745426926732063e+06
4.273704296668546274e+06
4.216326172233805992e+06
4.190749085763403680e+06
3.926724346486437600e+06
4.287359655577071011e+06
4.252304799546849914e+06
4.062190199940965511e+06
4.279680609683881514e+06
4.288339558588056825e+06
4.196078598683919758e+06
4.218273638029891998e+06
4.023299647769480012e+06
4.101941362738507334e+06
4.158380045754203573e+06
4.223315748953599483e+06
3.980159329029189423e+06
4.055119355229682755e+06
4.260070055832685903e+06
4.214745027590171434e+06
4.212422210397380404e+06
4.282952318374285474e+06
4.129743660153485835e+06
4.213738391460016370e+06
4.269226730927743949e+06
4.192386023512175772e+06
4.281465435999982059e+06
4.212433962379109114e+06
4.135668282565405592e+06
4.215453452141678892e+06
4.155278777492933907e+06
4.218273638029891998e+06
4.087159807048226707e+06
4.046832512701159343e+06
4.135119399410284124e+06
4.293577370850477368e+06
4.002907240274626296e+06
4.094693727789958473e+06
4.244099258324958384e+06
4.232907297748282552e+06
4.255453704671986401e+06
4.197384920041099191e+06
4.144761503961358219e+06
4.227291393659712747e+06
4.255803916449044831e+06
3.852050313647952862e+06
4.167769582527205814e+06
4.163905494612304959e+06
4.041928546520162839e+06
4.118120347763140686e+06
4.258481068413619883e+06
4.093821888314184267e+06
4.242750754816485569e+06
4.256805257342455909e+06
4.152025440728829242e+06
4.235450038954623975e+06
4.238582309062359855e+06
4.204757693568443879e+06
4.205621246991835535e+06
4.129104505706508644e+06
4.288305181716854684e+06
4.093134884472102858e+06
4.190189278683935292e+06
4.137660317356651183e+06
3.895195893561423291e+06
4.288600974914131686e+06
4.239853691105019301e+06
4.156552238452968188e+06
3.925004796968882438e+06
4.199438636025392450e+06
4.279755164220181294e+06
4.242274700406156480e+06
4.264202524939835072e+06
4.200062207029848360e+06
4.231233544870050624e+06
3.866324934263509698e+06
4.228556860132189468e+06
4.240185387510922737e+06
3.914685002980948426e+06
4.122303377646225505e+06
4.259446675696667284e+06
4.260454982400808483e+06
4.156713434073895682e+06
4.287594195295391604e+06
4.291811880408771336e+06
4.249722148415847681e+06
4.231287429889273830e+06
4.293552444447553717e+06
4.202514134357255884e+06
4.245325758980125189e+06
4.262237990975243971e+06
4.181213536221212707e+06
4.277904531028940342e+06
4.209925243740260601e+06
4.058696189728204161e+06
4.197257219039783813e+06
4.213933865992668085e+06
4.139892855849600863e+06
4.131640588229833636e+06
4.276590354730764404e+06
3.981204571829043329e+06
4.264476846562368795e+06
4.133576868257862050e+06
4.197198697690518573e+06
4.288912595831888728e+06
4.173080340145009104e+06
4.275989470871802419e+06
4.200605560685558245e+06
4.139630513568937778e+06
4.190947305092229042e+06
4.129689004807262216e+06
4.202512879364691675e+06
4.215053498848391697e+06
3.978848113767942414e+06
4.257973076662650332e+06
4.286050324519757181e+06
4.195593193600561470e+06
4.267995806869332679e+06
3.999334243685799185e+06
4.184621980293508619e+06
4.207530942756147124e+06
3.909592525168397930e+06
4.242030759859074838e+06
4.119769012751846574e+06
4.158815470530962106e+06
4.150640748648739420e+06
4.235072094122767448e+06
4.213592928605762310e+06
4.210565901497908868e+06
4.264392104312704876e+06
4.136572842686651275e+06
4.253868173834334128e+06
3.902311023947102018e+06
4.214693897354856133e+06
4.288826300893691368e+06
4.292001754432898946e+06
4.162074291052956600e+06
4.058685240275013261e+06
4.092641801416873466e+06
4.241965371147477999e+06
4.165969861287207808e+06
4.280305748113953508e+06
4.092037444610747043e+06
4.274294936531634070e+06
4.266178933352586813e+06
4.113151556624263059e+06
4.277150871065471321e+06
4.063526506572812796e+06
4.162613528696352616e+06
4.240323376834852621e+06
4.086457660516923293e+06
4.277408358853471465e+06
3.852050313647952862e+06
4.012691428327018861e+06
4.230854473387385719e+06
3.927490063134815544e+06
4.199772956339497119e+06
4.211070157099855132e+06
4.217267187527075410e+06
4.146970482945627999e+06
4.263858077373915352e+06
4.205490798681043088e+06
4.121199022401770111e+06
4.241049816229325719e+06
4.141024350214420352e+06
4.212016368911311030e+06
4.236363766633296385e+06
4.193758167488398030e+06
4.209483309803103097e+06
4.204793308574195951e+06
4.130724911841919646e+06
4.146077084328990430e+06
4.210565901497908868e+06
4.288841117749508470e+06
4.277866603940566070e+06
4.244225614757413045e+06
4.246112898071946576e+06
4.289470315618786030e+06
4.122323492137471214e+06
4.235450038954623975e+06
4.207324005250020884e+06
4.259177842726930045e+06
4.293356125998678617e+06
4.108664785018092953e+06
4.160378079112129286e+06
4.150046920247914270e+06
4.158538823854629882e+06
4.162945754972645082e+06
4.266601315554811619e+06
4.179664275363202207e+06
4.093128305705611594e+06
4.281074588602142408e+06
4.256884455069054849e+06
3.955275337076667696e+06
4.099331543587630615e+06
4.238432165458804928e+06
4.295494764490361325e+06
4.289665148437597789e+06
4.184893966508051381e+06
3.858057096619946882e+06
4.296675898247331381e+06
4.247983610399375670e+06
4.294608896919884719e+06
4.212587059505261481e+06
4.219938687806712463e+06
4.225979192827216350e+06
4.069218843883994501e+06
4.136994887538239360e+06
4.157758149985258467e+06
4.234037313689594157e+06
4.285531375621475279e+06
4.219236440964704379e+06
3.796778021286942065e+06
3.946509590500046033e+06
3.750571302675781772e+06
4.242750754816485569e+06
4.216952250485989265e+06
4.247634807435736991e+06
4.117173063415044919e+06
4.170575434633572586e+06
4.224969872661062516e+06
3.879316632259045728e+06
3.981204571829043329e+06
4.257347501612063497e+06
4.261022598247820511e+06
4.194259652400729246e+06
4.087056940718742087e+06
4.269990805272690021e+06
4.146623549196308013e+06
4.276822291610350832e+06
4.184543841370239854e+06
4.288971770813175477e+06
4.229458443382864818e+06
4.288818524565376341e+06
4.259175109233504161e+06
4.286005076456668787e+06
4.296608548795187846e+06
4.280179778563312255e+06
4.170329172861468047e+06
4.081995872548973188e+06
4.286827397311349399e+06
4.161072886429242324e+06
4.265380052787734196e+06
4.238833533727033995e+06
4.169991373112052679e+06
4.289432705217305571e+06
4.237857175113767385e+06
4.166609936750511173e+06
4.100480138161790557e+06
3.796778021286942065e+06
4.153075296249269508e+06
4.045020974951767363e+06
4.184331725372300949e+06
4.273175282531315461e+06
4.279555919869154692e+06
4.288912595831888728e+06
4.270063960186904296e+06
4.294299228072657250e+06
4.161669541355692782e+06
4.230158409260405228e+06
4.239242815387654118e+06
4.067846004324033391e+06
4.048968296536868438e+06
4.244221821750328876e+06
4.228921455892214552e+06
4.284947078661635518e+06
4.257743592292672023e+06
4.210934101667776704e+06
4.218586242757177912e+06
4.285564945934135467e+06
4.166424564279124606e+06
4.164690184398822021e+06
4.189392696112299338e+06
4.269117465568752959e+06
4.262072826925772242e+06
4.281437845011206344e+06
4.142366268041215837e+06
4.169574297246462665e+06
3.929056442556828726e+06
4.067731759020346217e+06
4.053540854939126875e+06
4.278388343359068967e+06
4.124493171682707965e+06
4.172342599111118354e+06
4.263646177776830271e+06
4.018728669699932449e+06
4.281954173220213503e+06
4.296735908101040870e+06
4.121352550410825294e+06
3.796778021286942065e+06
4.277866603940566070e+06
4.226352351649971679e+06
4.215172939392941073e+06
4.284796393156414852e+06
4.218944239947184920e+06
4.043295922028831206e+06
4.104666436108409427e+06
4.180068299162503332e+06
4.209483309803103097e+06
4.213473723169547506e+06
4.172706719621448312e+06
3.842685911097472534e+06
4.078057113516053185e+06
4.265022693353530020e+06
4.233639364402648062e+06
4.128053877380018588e+06
4.151504159087092150e+06
4.165678718989395536e+06
4.062190199940965511e+06
4.292669877681702375e+06
4.083106663369598798e+06
3.979046038153892849e+06
4.144791222252852749e+06
4.154829566728825215e+06
4.226430042064642534e+06
4.075392210168511607e+06
3.944499350742471404e+06
4.246593752686333843e+06
4.209483309803103097e+06
4.225629972836405970e+06
3.946848981508815661e+06
4.225669357779952697e+06
4.242807590045595542e+06
4.008557430546340067e+06
4.020101699969919398e+06
4.279236547830190510e+06
4.227805643618269823e+06
4.295674184980042279e+06
4.228021222207367420e+06
4.220409397992047481e+06
4.286534281263907440e+06
4.086457660516923293e+06
4.146912890766415745e+06
4.280654567531514913e+06
4.250403293698951602e+06
4.211876091702719219e+06
4.291325612156951800e+06
4.225567473838354461e+06
4.129847100782602094e+06
4.286999567914678715e+06
4.220855258862040937e+06
4.185939031474960968e+06
3.989796204672739375e+06
4.097219864067902789e+06
4.156484993868291844e+06
4.100934117474412080e+06
4.233667761592923664e+06
4.224202343403539620e+06
4.003931849717415869e+06
4.107451001862171106e+06
4.199806951971579343e+06
4.279894413547019474e+06
4.186024476032477804e+06
3.850530162317094393e+06
4.269735073465277441e+06
4.258486551543029025e+06
4.285737333446921781e+06
4.295673631247242913e+06
4.294661037699749693e+06
4.091527013064218685e+06
4.277672399537022226e+06
4.170613053309179377e+06
4.290668671247468330e+06
3.964513555236512329e+06
4.290288224688727409e+06
4.296525430325797759e+06
3.825240532809673809e+06
4.011530799429334700e+06
4.247076552467948757e+06
4.287389323665644974e+06
4.099658481461414136e+06
4.277964183845031075e+06
3.881507941906332970e+06
4.181880188539133407e+06
4.051309107571329921e+06
3.731241707059680019e+06
4.189878984592884779e+06
4.276434646497501060e+06
3.985192431284579448e+06
4.262237990975243971e+06
4.277904531028940342e+06
3.767328999238457531e+06
4.294143075493593700e+06
4.053531765242538881e+06
3.944985388433010317e+06
4.093424601580226328e+06
4.247279723638112657e+06
4.279599779361437075e+06
4.117768565046414267e+06
4.229560194034099579e+06
4.181422325410950929e+06
4.282880669477543794e+06
4.290779493134168908e+06
3.857962447246247437e+06
4.215506536740859970e+06
4.099014375465443823e+06
4.267974797097313218e+06
4.288320307826620527e+06
4.065236589615604840e+06
4.291600385670988820e+06
3.956368909446820617e+06
4.255567319287621416e+06
3.967628155241784174e+06
3.918648014685413800e+06
4.245751093062551692e+06
4.140837360495662782e+06
4.281331456708263606e+06
3.929056442556828726e+06
4.124922763488083147e+06
4.051866738235248253e+06
4.238270845769471489e+06
3.981204571829043329e+06
4.202057007436656393e+06
4.263592075164852664e+06
4.263057292073469609e+06
4.053941824024869129e+06
4.220699965649008751e+06
4.170329172861468047e+06
4.210425630448275246e+06
4.242807590045595542e+06
4.258867496024172753e+06
4.116791103258571588e+06
3.922650733248115517e+06
4.259362946040646173e+06
4.262740012386731803e+06
3.953231321959086694e+06
4.113194969105063938e+06
4.285143932597117499e+06
4.041772035031542648e+06
4.273091318746089935e+06
4.287725415046595968e+06
4.205452349793056026e+06
4.000699220794394147e+06
4.055130413881387096e+06
3.780639419934877660e+06
4.292795748714271002e+06
4.294749353066973388e+06
4.210058694817285985e+06
4.188132662272089161e+06
4.242785583067692816e+06
4.293063958579222672e+06
4.214718461144292727e+06
4.097718751636144705e+06
3.807899413508874364e+06
4.198981610948050395e+06
4.239216842007697560e+06
4.201349416588531807e+06
3.859139514910585713e+06
4.181352777720219921e+06
3.929056442556828726e+06
4.252450119865542278e+06
4.273000635819930583e+06
4.152108099580855109e+06
4.130060916416058317e+06
4.280604924653092399e+06
4.291767827081925236e+06
3.977280437920218799e+06
4.075537789155934006e+06
4.135668282565405592e+06
4.249374994099497795e+06
4.049777972265860997e+06
4.259362946040646173e+06
4.146665183952882420e+06
4.235450038954623975e+06
4.111855994573208038e+06
4.181076558304481674e+06
4.028773596806681249e+06
4.293572482821412385e+06
4.073124696255946532e+06
4.006318954472449608e+06
4.115695567002280150e+06
4.282337979062046856e+06
4.248902645907767117e+06
4.181347072442033328e+06
3.878074615378802177e+06
4.272669682948360220e+06
4.283905389492234215e+06
4.293776980993975885e+06
4.157761593301498797e+06
4.227974539649737999e+06
4.179775022752308287e+06
4.240867999692852609e+06
4.203840243632785976e+06
4.270063829317254946e+06
4.294280391224737279e+06
4.274162969052718021e+06
4.267171516891314648e+06
4.254743819961048663e+06
4.218045323632089421e+06
4.295340180230634287e+06
4.210425630448275246e+06
3.944774959203003906e+06
4.233712141953655519e+06
4.295651143351985142e+06
4.260489703986687586e+06
4.250968745816904120e+06
4.228556860132189468e+06
4.193386685532138683e+06
4.194440506852434017e+06
4.262745282043883577e+06
4.237581556492510252e+06
3.977245489656679332e+06
4.186181077028648928e+06
4.161080325083275326e+06
4.149118236361234449e+06
3.876466612260432448e+06
4.245110260155106895e+06
4.283814913090527989e+06
4.074288349660031032e+06
4.163596921501641162e+06
4.235450038954623975e+06
4.135344277744708583e+06
4.117413109564078972e+06
4.244570158711371012e+06
4.245957561848084442e+06
4.146860084602746181e+06
4.016058989695615135e+06
3.981735338170075323e+06
4.051868034671552479e+06
4.139201295503074769e+06
4.282877655083190650e+06
4.067743745874724351e+06
4.236438823931206018e+06
4.256760849349703640e+06
4.280453533568361774e+06
4.225456778466694057e+06
4.291921090104850940e+06
4.250378187732712366e+06
4.251964969274662435e+06
3.847506755406306591e+06
4.184154491467820946e+06
4.083925169768026099e+06
4.054845109640243463e+06
4.287346111914379522e+06
4.117308892648252193e+06
4.205168935709666461e+06
4.276980465577134863e+06
4.231383247540282086e+06
4.258600823208297603e+06
4.142252603794872761e+06
4.209925243740260601e+06
4.057456737801502459e+06
4.281568481040642597e+06
3.815440459227664396e+06
4.026991137716980185e+06
4.134281553334813565e+06
4.279373422666791826e+06
4.120841727165366057e+06
4.239331142257102765e+06
4.080808227837114595e+06
4.064954768080457114e+06
3.929056442556828726e+06
3.863374661926517263e+06
4.166272498921629507e+06
4.179823106561249122e+06
4.199360953203728423e+06
4.288628956183497794e+06
4.123385851424599998e+06
4.202067045274117962e+06
4.281541627279053442e+06
4.141764410765061621e+06
4.092253939478981774e+06
4.294245211558995768e+06
4.288494413344442844e+06
4.246110321561487392e+06
4.254413902845684439e+06
4.087056940718742087e+06
4.104110546471924055e+06
4.170329172861468047e+06
4.295784330426411703e+06
3.929056442556828726e+06
4.062190199940965511e+06
4.139664755536646582e+06
4.287033012889657170e+06
4.227410893591058441e+06
3.991834190656232648e+06
4.204720610782162286e+06
4.135214583759341389e+06
3.927416916743459180e+06
3.820763994782377966e+06
4.225293430728450418e+06
4.030098068415492307e+06
3.981204571829043329e+06
4.227404347825746983e+06
4.257119158559318632e+06
4.140861791250765324e+06
4.179707891051536426e+06
3.979968918586585671e+06
4.294549897251863033e+06
4.289470315618786030e+06
4.171398437082569581e+06
4.232586370274543762e+06
4.208963380025408231e+06
4.189723836728239898e+06
4.247676251097902656e+06
4.194591729767768644e+06
4.192883271696509793e+06
4.262415734038006514e+06
4.259926610122316517e+06
4.094339496411371976e+06
4.271134841633581556e+06
4.109528484533787239e+06
4.265877937866849825e+06
3.897636838557113893e+06
4.080081768889871426e+06
4.167811158635291271e+06
4.209483309803103097e+06
3.991028088394128717e+06
4.064615904144140426e+06
4.275075024864041246e+06
4.259864616216412745e+06
4.273558158121080138e+06
4.205557264381101355e+06
4.051847810158825479e+06
3.779421375665583648e+06
4.198361920232259668e+06
4.291786652647381648e+06
4.285072016099272296e+06
4.268677592772362754e+06
4.229951998914608732e+06
4.180738089523104019e+06
4.197224910355713218e+06
4.282769367759400979e+06
4.272197752949077636e+06
4.046800148899156600e+06
4.028417956569502130e+06
4.201975661457430571e+06
4.250583130987312645e+06
4.193836973041879479e+06
4.273670050798539072e+06
4.189878984592884779e+06
4.187233646251515485e+06
4.073900956321826205e+06
4.127787756873846520e+06
4.177026544436650351e+06
4.043933995466603898e+06
4.087056940718742087e+06
4.247184594961078838e+06
3.987460528758025728e+06
4.231438285388486460e+06
4.162332371330094058e+06
4.219721269044722430e+06
4.098326652571129147e+06
4.266848968347056769e+06
4.249666322817285545e+06
4.272057917501265183e+06
4.179712589340419974e+06
4.182608765560306609e+06
3.855688848443546332e+06
4.274977254865239374e+06
4.248974176275085658e+06
4.142308860183039680e+06
4.100088116013760213e+06
3.915589209613029379e+06
4.268816571262338199e+06
4.105709161744204815e+06
4.121386399697206914e+06
4.210119980125746690e+06
4.246593752686333843e+06
4.264700181366388686e+06
4.293669590454893187e+06
4.277102902018713765e+06
4.127312007909572218e+06
4.224435718301448040e+06
4.272335663403195329e+06
3.916919779693170451e+06
4.274059087181715295e+06
4.060719892409576103e+06
4.211109471431634389e+06
4.185476611978480592e+06
4.219165387491764501e+06
4.279755164220181294e+06
4.145166759667718783e+06
4.278544059060422704e+06
4.178565822357332800e+06
4.132121035997283645e+06
4.039167190291439649e+06
4.095104831488677766e+06
4.118120347763140686e+06
4.265464159772480838e+06
3.938352751759177539e+06
4.283255408503068611e+06
3.981204571829043329e+06
4.261632590949362144e+06
4.226035055993949994e+06
4.201774061736783944e+06
4.290043750612214208e+06
4.271134841633581556e+06
4.170329172861468047e+06
4.235304718771422282e+06
4.221061446037235670e+06
4.257022617571787909e+06
4.184312771735927556e+06
4.032820118883751333e+06
4.149747170469347388e+06
4.187373602952202782e+06
4.170329172861468047e+06
4.275686358738568611e+06
4.056698068183346651e+06
3.974575571853072383e+06
4.285179942831734195e+06
4.221063466574130580e+06
4.179860724061996676e+06
4.256895529747240245e+06
4.290504168079032563e+06
4.288826300893691368e+06
4.129037770640474744e+06
4.277938414154838771e+06
4.040022612303248607e+06
4.269780956070874818e+06
3.879316632259045728e+06
4.267049876397007145e+06
4.236496669159734622e+06
4.140103553214825690e+06
4.250848343992939219e+06
4.249135542058978230e+06
4.286292195835397579e+06
4.147885026107990649e+06
4.255730314735598862e+06
4.274728257169144228e+06
4.280305748113953508e+06
4.197942435637146235e+06
4.276026305787878111e+06
4.272836979602962732e+06
4.270437792715734802e+06
3.919158538646378089e+06
4.213571600809894502e+06
4.255768890777198598e+06
4.000285385963557288e+06
4.075622514665710740e+06
4.152552425340162124e+06
4.064970241783345118e+06
4.069392083150227088e+06
3.967666166723618750e+06
4.280572229317873716e+06
4.196878972402570769e+06
4.262014907652100548e+06
4.054307461347449571e+06
4.063881239414692856e+06
4.285719621410492808e+06
3.942759061229899991e+06
3.760876644332152326e+06
4.237624570132575929e+06
4.015908780326917768e+06
4.276164560234907083e+06
4.130060916416058317e+06
4.113591876304564532e+06
4.282441662507440895e+06
4.273092724221413024e+06
4.240815676936705597e+06
4.172397761228945106e+06
4.295868602454951964e+06
4.169371854803618044e+06
4.018728669699932449e+06
4.023535319550821558e+06
4.283260177305632271e+06
3.838350412441728171e+06
3.992954233858784661e+06
4.170982895674188621e+06
4.273104695534686558e+06
4.233470508925343864e+06
3.953806696167107671e+06
4.128901310399764217e+06
4.251195760765980929e+06
4.257751473727115430e+06
4.161494584592382424e+06
4.217366090517085977e+06
4.251274273662195541e+06
4.166995011718762107e+06
4.216999628161030822e+06
3.971319925574976485e+06
4.234653175267101265e+06
4.276231506880970672e+06
4.198416221049789339e+06
4.101911925580699928e+06
4.266261053295937367e+06
4.211592645834386349e+06
4.028196678672468290e+06
4.218345482467855327e+06
4.279312921118696220e+06
4.124209427650734782e+06
4.060321945655975491e+06
4.234173307808551937e+06
3.941569983713791240e+06
3.846210358141351491e+06
4.296040569414580241e+06
4.113555384992043488e+06
4.279859486862260848e+06
4.159814637391710188e+06
4.091527013064218685e+06
4.245599382198978215e+06
4.151227751757152379e+06
4.260270590678511187e+06
4.196655711568180472e+06
4.293426313114471734e+06
3.992577860277507920e+06
4.277691802715319209e+06
4.238057954383094795e+06
4.286481759346205741e+06
4.226699795971477404e+06
4.203423251771449111e+06
4.036379236088960432e+06
4.283657050942465663e+06
4.211797964403042570e+06
4.264782920717203990e+06
4.023932354944539256e+06
4.275850986793356948e+06
4.240486240836368874e+06
4.099503510718501173e+06
4.261321549222490750e+06
4.287656071721213870e+06
4.262688858811798505e+06
4.105582021296628751e+06
4.249956961653639562e+06
4.132823083673929796e+06
4.274005587022940628e+06
4.064649307505511679e+06
3.873799052265225910e+06
4.206583434838099405e+06
4.272969979471591301e+06
4.252651635151863098e+06
4.182058924439541996e+06
4.194174684430578258e+06
4.213858141611075029e+06
4.139039580435627140e+06
4.024464215188174974e+06
4.264162634317403659e+06
4.242003862994420342e+06
4.137620481282003224e+06
4.176835439284459222e+06
4.100256624177640770e+06
4.142653057756529190e+06
4.262455710811620578e+06
4.239242815387654118e+06
4.216182638366156258e+06
3.806184764464750420e+06
4.236363766633296385e+06
4.283926959626345895e+06
4.057793847998363897e+06
4.251323446970428340e+06
4.135668282565405592e+06
4.283814913090527989e+06
4.262987682594786398e+06
4.148268814051741734e+06
4.179316925205477048e+06
4.235450038954623975e+06
4.275686475515755825e+06
4.111855994573208038e+06
4.275694885227655992e+06
4.099331543587630615e+06
4.269226730927743949e+06
4.184276586203366984e+06
4.056488039748615585e+06
4.173161823076204397e+06
4.113151556624263059e+06
4.293356125998678617e+06
4.235089174592138268e+06
3.811804030065058265e+06
4.170329172861468047e+06
4.265151608767881058e+06
4.163308210513886064e+06
4.243707745302964002e+06
4.175038307217714842e+06
4.248398394994473085e+06
4.135232727183992974e+06
4.286317541972185485e+06
4.271120689881186932e+06
4.023507902857619803e+06
4.282030700857854448e+06
4.161743227022406645e+06
4.159417525698756333e+06
4.295357294493448921e+06
4.201774061736783944e+06
4.124260509055651724e+06
4.247898177226979285e+06
4.104623323330710642e+06
