1.224521380521673315e-03
1.141199265019427487e-03
8.726093054754665299e-04
6.317917709911700323e-04
5.308381326254695822e-04
5.739465562879067810e-04
8.725803860939217779e-04
3.602489451014335531e-04
6.957359119303095380e-04
4.817460703374254103e-04
5.571668090408143752e-04
4.719145078484210669e-04
6.101948808526489517e-04
6.941441721722538304e-04
7.150891067761827547e-04
7.997889403209871521e-04
5.518025770806675402e-04
8.753741353660213958e-04
8.366685411439721276e-04
7.738499275895224013e-04
6.126442369527337721e-04
1.847593255948189747e-03
6.291948998541704733e-04
1.892548458632681285e-03
3.477254656557563135e-04
6.636021760863074345e-04
4.447094760219844176e-04
5.224203042149911996e-04
9.643657155089764088e-04
7.719842772592170775e-04
1.580893632235455711e-03
5.060302490480976609e-04
1.336779351749816085e-03
6.291127215189218965e-04
2.420873810208575938e-04
3.336938113623090225e-04
1.286930837735238099e-03
7.041312933482137600e-04
8.303525153587979759e-04
3.604827546027000642e-04
6.745444900151476107e-04
5.724935350960622766e-04
5.770460955782323988e-04
8.776752336196557000e-04
1.756988325497680584e-03
7.226701537029017698e-04
1.012269688219233008e-03
1.033895731126972719e-03
3.917512186392681185e-04
4.186693146226693201e-04
1.148158701251877564e-03
5.710288234130052147e-04
1.320212308031399511e-03
8.217541476595217149e-04
2.776550594611206652e-03
9.528633640476966930e-04
3.381105036223231797e-04
9.187591954990762411e-04
6.852455202848843109e-04
1.025338331347293557e-03
3.240633285423873914e-04
6.388857852567329625e-04
4.846837288302918755e-04
1.232793363637257065e-03
4.470359727644514333e-04
6.544017904806892450e-04
4.449549503013407745e-04
8.464543209783093177e-04
5.717767494598798668e-04
1.852145468572320838e-03
5.143640934094593229e-04
5.921683454734162719e-04
6.362424655220209673e-04
8.399926268998476973e-04
3.494607192704895821e-04
9.762519773184157859e-04
6.910116797879660997e-04
4.077188857361532066e-04
5.403958543039837211e-04
1.114569212939816320e-03
5.802019380560551661e-04
4.132480173669123361e-04
4.238426877168294596e-04
6.100301425343919622e-04
4.605624992548248997e-04
5.280434821384599742e-04
1.199934579645044576e-03
3.695209372158988277e-04
1.389459883316021029e-03
8.121631068361035181e-04
1.688300786052404591e-03
7.007906614300177077e-04
7.842002875727387134e-03
1.125969588716939232e-03
2.169027674386828954e-03
1.182924063930830810e-03
3.326058487645118847e-04
1.100480073663819220e-03
7.104400347005742364e-04
6.636113284505007785e-04
3.614269324942546427e-04
1.585423717707399455e-03
6.700406813634239090e-04
7.449257287334149890e-04
9.815027722936281191e-04
4.182525962111944347e-04
7.811603398349264028e-04
6.995814674447316944e-04
5.263889262334810019e-04
7.924756292631579156e-04
7.110232835230729381e-04
3.078014113741669522e-04
1.090182799735704396e-03
8.726093054754665299e-04
6.967285445910649262e-04
1.101275490784558043e-03
9.489782348554268339e-04
5.926772692896773668e-04
3.886765538376865041e-04
3.161072656493669661e-04
4.017449779489455056e-04
3.748110701603281358e-04
3.033166409443317150e-04
4.657233936598568548e-04
1.549336662318856559e-03
9.028622382622828856e-04
4.694303472457745166e-04
4.420432868360391694e-04
1.506911437492589349e-03
3.379085960137248015e-04
1.754664863385433857e-03
1.201342341503270532e-03
7.885207207637168507e-04
4.288963197932800812e-04
3.535703295396692199e-03
1.477546972767108989e-03
6.092134770288578716e-04
1.024655075042761251e-03
5.222258144145037941e-04
4.586031697378608381e-04
1.217199671672123491e-03
1.068625368475565728e-03
9.003872559286002497e-04
3.895003202874518147e-04
4.068460002356838012e-04
3.782205784591668399e-03
5.596531808505947163e-04
7.931151033750771058e-04
4.313340339644085569e-04
7.800817417455645610e-04
4.431734239631525559e-04
1.089182473429961204e-03
6.974163153610937575e-04
4.447909299093905132e-04
5.479420997552183472e-04
9.167363492393176133e-04
4.712166525699719596e-04
2.135127410382884477e-03
1.509538402041880846e-03
4.780876150184103636e-04
5.870954827890637615e-04
6.587277144017343947e-04
1.798862098021855420e-03
9.464370097794191959e-04
3.797442996672038677e-04
4.510720339917724032e-04
3.035662239591992899e-04
6.672429976442225156e-04
8.362047289644633421e-04
1.814455195724870963e-03
9.226477063667381769e-04
5.235164927638278091e-04
5.661205754866556515e-04
1.053393756323566617e-03
7.398643583076301104e-04
3.997263033288954632e-04
1.892875349490744097e-03
6.427514606084580584e-04
5.759854776207772335e-04
9.793086800937091281e-04
4.643584588522958420e-04
2.585601790368016999e-03
5.579805372179421361e-04
8.122848800109413190e-04
1.400003222884582243e-03
5.215864260669599147e-04
1.353399578291829492e-03
4.342406892584626588e-04
1.048337856374662903e-03
4.712366632112672486e-04
4.517698918114211831e-04
5.979673027855950205e-04
8.759223607362831912e-04
7.997889403209871521e-04
4.905337385884857553e-04
4.513413628610016227e-04
2.447667779590457018e-03
1.249553359104440447e-03
1.160564841197921863e-03
4.836617069133712405e-04
9.120749563576277703e-04
5.378855781570614962e-04
4.773632880100468182e-04
7.757911911079856237e-04
4.393583858253064271e-04
8.514697878980261080e-04
4.536287798407885770e-03
2.810907988784237289e-03
1.002205017435931107e-03
4.706281760689557552e-04
5.879594703761930599e-04
7.002602950593668800e-04
1.229448873117461750e-03
2.436634152827233041e-04
7.185667685211993881e-04
8.639872905972671496e-04
6.396213606478501736e-04
3.591307300692627227e-03
3.124445667001536468e-04
4.351260727945072734e-04
8.038395633909738332e-04
9.145180450803420350e-04
1.029884688056671759e-03
5.686217318063782481e-04
8.077014989435044295e-04
2.644701399067305629e-04
7.838976776449193239e-04
3.489476094799024244e-04
8.338236074407052957e-04
8.584155807997535196e-04
6.892587356748171735e-04
3.200257374316134266e-04
1.053546222602781517e-03
4.801286615837000631e-04
2.670402603716595809e-04
5.586099454700580976e-04
9.254208415806933034e-04
3.566582531248918986e-03
7.451066223292624954e-04
9.184541430387401124e-04
4.120168806444636229e-04
4.762532210484229423e-04
3.049417156305106675e-04
5.331446918564714628e-04
7.328510713203055310e-04
6.716564272057851462e-04
5.231056704294129948e-04
3.247647642989899379e-04
1.147554054960905033e-03
2.294118615613917420e-03
1.242358946890701095e-03
3.296740971552567824e-04
4.126685577327806817e-04
6.009906924948535921e-04
1.819355897777206457e-03
7.664499000455223714e-04
4.559424720080452586e-04
1.431237405477518232e-03
1.548098720729536087e-03
1.177791874203080015e-03
6.306794855536935899e-04
7.285162558707154734e-04
8.221658343161369290e-04
3.115653620054567282e-04
4.314753899498999646e-04
6.126442369527337721e-04
5.202114508374716543e-04
5.261134143526718064e-03
9.201050340175195418e-04
1.673050348662376893e-03
1.091229117630543094e-03
8.531137771246652532e-04
1.043154174708239325e-03
7.060827298428653089e-04
5.604690812110189923e-04
3.273881319032202969e-04
6.726851494626192706e-04
2.182137125491315482e-03
1.382356540916815629e-03
6.336103664767279249e-04
1.002453399299418554e-03
1.492359063453397227e-03
9.648143794164595497e-04
6.276573109934280564e-04
5.012498262526440471e-04
4.649958365502972440e-04
5.793748729434897507e-04
3.526656854837625248e-04
1.176441608207340903e-03
5.433583909463328941e-04
2.852995108152658367e-03
4.816719358392556748e-04
6.121314017431239273e-04
4.648551106355946734e-04
7.978409236152465313e-04
5.476121938782647349e-04
4.057716119645448228e-04
1.578935507882521473e-03
4.885761287651404832e-04
4.689648137692335760e-04
3.626156561278281185e-04
1.238743799924133708e-03
8.315523586716000665e-04
1.200194102214649202e-03
1.520543148200997766e-03
1.702535216971037086e-03
2.505398607746973775e-04
1.588237862005155996e-03
1.411835569759334287e-03
4.225331610081658942e-04
5.098730530649566058e-04
8.343139693882194825e-04
9.893622734191863041e-04
7.159999798785920445e-04
3.382211164035555523e-03
6.004119365076009823e-04
7.802306671405824989e-04
5.868284666511877027e-04
9.867327917099557710e-04
6.106787441061342636e-04
3.527997642895803164e-03
4.235252920326192322e-04
7.090474127382475266e-04
6.401052543279109157e-04
3.826843465757816341e-04
4.810821134877854934e-04
1.340450544001380376e-03
2.414254055980783603e-03
9.985377323091268291e-04
1.129346388804027207e-03
9.051889149631055188e-04
3.467885991467185673e-04
5.371428588584870436e-04
1.213331092322054950e-03
1.154086884193463152e-03
2.389894184980341312e-04
6.030763819318873996e-04
5.128352098350927313e-03
4.092931837866716177e-04
5.445999044347560325e-04
9.381028469924775764e-04
1.025901584398992376e-03
5.151541182470412627e-04
6.872956239385678975e-04
5.328744371271462417e-04
6.165061780679664686e-04
2.643861272587990112e-04
4.449239055987426516e-04
1.151250366599479436e-03
1.803487231718066928e-03
8.176613401759594670e-04
2.625555262564376047e-02
7.651060894574606341e-04
1.043154174708239325e-03
1.583903995180616520e-03
6.309330531468322839e-04
1.253948179007261443e-03
6.180443075445403922e-04
8.639359462354659867e-04
9.098772464625453759e-04
2.944948454845552899e-03
5.051144862887794020e-04
6.322243710977254894e-04
7.807274945043429261e-03
1.345316691374934129e-03
6.731401194439719888e-04
5.735222465969017818e-04
7.483257921643507058e-04
3.425833445508206913e-04
8.702474509669251438e-04
6.050381909900814058e-04
9.596275291995878028e-04
5.773465357561278957e-04
8.021453022849417457e-04
6.316117611427633132e-04
1.324983309940723974e-03
1.138626430448191852e-03
7.780387356931559115e-04
1.983762997816007363e-03
5.877379877608244823e-04
8.240426008478854251e-04
1.309590656710007787e-03
7.657098916591287448e-04
1.400677765838709852e-03
4.253859318946937571e-04
6.292086160652668589e-04
6.901651034323532481e-04
9.417667735693446710e-04
3.353049155747583432e-04
3.904215316790056261e-04
5.558302389490535735e-04
6.448051069772463197e-04
2.051552207779201720e-03
5.449384512334951415e-04
6.721560097008094170e-04
4.163772558308426229e-04
7.493868599512224253e-04
3.884071498702998284e-04
4.858309854253823278e-04
3.315903568619430874e-04
7.907087013473364278e-04
2.889784979837964080e-04
7.931151033750771058e-04
2.456744932623905475e-04
5.265202683117408203e-04
7.208133907451053785e-04
6.387518680457423929e-04
2.094077715373910895e-03
6.414259134440061360e-04
3.031843099715196598e-04
5.102019351177663727e-04
6.690284297088764515e-04
8.332116674783182110e-04
6.823940060176515590e-04
3.219080429453640433e-04
1.321233116532053754e-03
5.446761731331638528e-04
6.281654472906942569e-04
1.110017090148372092e-03
6.863278080048799403e-04
5.719998895269460355e-04
6.689900093434259388e-04
1.204438216936036575e-03
1.240627063519709247e-03
1.875025236287382671e-03
5.704300899089103120e-04
2.602753695397649154e-04
1.018044108493535837e-03
3.815360169891020476e-04
9.654835794659860984e-04
6.101948808526489517e-04
4.658799796898758713e-04
5.199971664435802882e-04
1.047712136632618970e-03
1.781239284722686833e-03
4.430097889467024693e-04
8.623547730575167273e-04
3.060501463124185462e-04
8.597384681729106776e-04
8.333240148096468687e-04
3.645721669501748950e-04
5.746885903455585271e-04
3.739857884549603021e-04
9.049496937534434174e-04
3.860282214344346020e-04
4.805187636602750267e-04
5.391379221287232425e-03
2.856934907435240006e-04
2.069875619122711966e-03
2.960229467594378892e-04
7.520030000303242704e-04
6.431892765299918957e-04
7.173253403023000050e-04
6.187586685576958179e-04
8.046501412331866741e-04
2.774344963707865448e-03
9.365975346128342042e-04
5.917743693950894843e-04
1.425851903590508955e-03
8.519978603930535238e-04
4.191102424344989529e-04
6.506089024513868422e-04
6.707594117548837083e-04
3.892489171526092003e-04
3.997263033288954632e-04
8.222518241541552659e-04
3.588234182655950411e-04
6.469598844946284830e-04
1.879808015912692995e-03
4.609077204108016348e-04
6.209782158174963641e-04
2.668404077061264576e-03
1.663413567765220343e-03
8.822309166590195382e-04
9.640988679018026560e-04
9.615046572363902724e-04
5.167474473017651983e-04
5.138022680793777591e-04
2.182137125491315482e-03
4.345588632019588954e-04
2.888541873071156282e-04
9.869334633340240935e-04
4.473771729320421089e-04
1.254627395597416499e-03
9.313671009506353316e-04
1.059766374228562598e-03
6.325774837489773431e-04
9.405240788780866619e-04
2.022241148784256759e-03
5.467411268541645447e-04
9.136669089299795030e-04
5.818447821865063013e-04
5.111929308606837216e-04
1.423634857112847938e-03
5.163813320642011160e-04
4.733148286141098510e-04
4.803154541386747299e-04
7.924756292631579156e-04
5.338234181455358846e-04
6.479123188689896000e-03
6.979179278964325883e-04
1.179645796927922957e-03
6.249959501346690101e-04
1.409513839328011865e-03
3.461247891241469492e-04
7.877406815905833339e-04
4.511966663721931649e-04
2.408220563536153051e-03
7.626402708068078353e-04
6.649424902770264059e-04
4.223945289263119100e-04
6.014409445354651019e-04
1.882050082291128034e-03
9.326477013734542050e-04
3.265256331568768444e-04
3.165382400457738372e-04
8.151207582842103947e-04
4.700262734900740279e-03
2.283389441767847382e-03
1.062688126545209642e-03
6.809586773296094544e-04
5.637151185946757525e-04
3.283925862075871881e-04
6.152237687825064336e-04
8.371495956437985300e-04
6.363972620005950735e-04
7.798352843319538048e-04
1.256936926856662331e-03
1.447745077370731631e-03
6.318670339423659941e-04
5.274146052404567403e-04
7.406035182130072791e-04
9.051279958801307845e-04
8.020330427528705357e-04
5.843570869169674789e-03
5.382002076356382468e-03
3.298740325522373472e-04
8.926149258692673378e-04
1.176269459534674605e-03
8.543985336030955483e-04
3.504368842188762632e-04
6.123974538951927919e-04
1.093228347229168720e-03
5.114009397075189008e-04
6.467754463117969142e-04
2.525413503591341161e-03
3.612953128020822261e-04
1.379170990695783314e-03
5.500503303381719172e-04
1.422546843492710801e-03
3.171982334849820888e-04
4.118924042582956953e-04
6.914534663125767363e-04
3.188540252047185005e-04
4.739904157147914010e-04
3.708194434142902994e-04
1.509245856359281435e-03
3.696230304817956576e-04
3.141679150785612815e-04
9.022759203524873808e-04
7.716994268121643184e-04
4.245754459624408650e-04
2.705105607039684761e-03
8.406780946960867775e-04
8.720304243436514556e-04
9.956137924709337200e-04
2.937263277835284146e-03
6.283361034543149485e-04
1.537799187268876037e-03
4.422410455601459979e-04
1.079405597094297261e-03
5.117499845961492226e-04
1.756119409072719921e-03
1.001080219992915273e-03
8.281096371934067038e-04
6.016422602627360559e-04
3.676089069825998288e-03
3.700784831374440359e-04
3.769837783029271038e-04
4.824010155911517307e-03
7.460426461674184379e-04
6.172669686402742139e-04
4.716452858986258743e-04
5.716926037584616838e-04
2.317877976281617920e-03
4.832406894818495045e-04
8.473680598645968228e-04
5.723150516049244334e-04
1.114801378595507491e-03
1.396181015816518696e-03
2.782005801314336004e-04
5.887284588482646734e-04
2.871735596191545177e-03
1.623430067485394802e-03
1.939459535366796833e-03
7.298556167017215476e-04
2.894910513522007574e-03
1.023073302253207266e-03
7.024862075294578071e-04
7.979878590814031307e-04
7.326828710230836456e-04
8.543711206491699447e-04
7.669289615121608521e-04
3.538185367660191577e-04
3.597160191642807272e-04
8.247831041273774502e-04
1.326455220599997726e-03
1.328458168464717462e-03
7.271473762674021462e-04
7.126607997831764778e-04
9.503540842077805480e-04
3.796554932195096775e-04
6.887408396925981911e-04
9.924339202529708619e-04
5.614020468798341240e-04
7.168817730791738610e-04
5.284549893290302986e-04
3.124061142097518348e-04
1.478807931459057839e-03
5.785783464167393178e-04
3.553265608186042222e-04
7.432567274831226520e-04
8.545883889322697293e-04
6.699301348354611604e-04
8.735187981380065263e-04
1.675554489773603724e-03
3.894342231353905073e-04
9.259281526795757038e-04
5.618850707916377748e-04
8.118978590757399165e-04
5.744476815948456249e-04
6.491468391625007401e-04
7.307177589546035674e-04
5.537303219488991799e-04
1.263874054792315550e-03
5.337267951736596574e-04
7.274459706630223566e-04
5.761706166705147635e-04
1.790096988206480756e-03
5.341001920109937195e-04
5.856616168714728638e-04
6.829628683464160181e-03
3.293693499352102409e-04
3.516659715004407782e-04
6.848631552671829732e-04
3.374453597067439566e-04
5.640624162957046626e-04
1.453789703920350430e-03
1.641826694801726445e-03
4.662494762063105645e-04
9.328612074275552737e-04
9.323088166224746849e-04
6.914534663125767363e-04
6.464804476459170288e-04
3.287306800575094971e-04
4.926100413134512374e-04
5.475597575611025874e-04
6.322328122819364160e-04
6.690954883130252996e-04
4.457370672042772230e-04
8.180920849793691090e-04
4.996321472478857002e-03
5.387420204491817763e-04
4.190959201804196795e-04
6.753314053003369550e-04
1.066937457895952499e-03
7.113596966888732082e-04
9.895740632787314393e-04
7.550926733940489235e-04
6.106482490934596026e-04
8.279649455385918030e-04
5.144446284956235259e-03
4.324863599599459573e-04
9.196461178064442707e-04
4.445521118214381447e-04
3.678509646294271952e-04
7.449705450836437669e-04
4.979239427887505480e-04
1.595130890947035491e-03
2.233906417619951987e-03
5.248538507607579959e-04
1.569150833415465822e-03
8.176735525662874203e-04
1.324983309940723974e-03
3.212723373784281099e-03
1.214790317596823287e-03
2.878638865883966294e-04
8.793485930833633019e-04
8.831800738337071714e-04
1.274501795035039688e-03
8.156606939918316194e-04
4.286312278412567761e-04
4.800459467901270006e-04
1.989608897561680276e-03
5.947524823271745521e-04
4.291553573758254592e-04
4.080472627834173457e-04
7.667192833210226917e-04
3.754046326595060815e-04
2.510182706072027793e-03
3.418827667491864991e-04
1.229692231584413866e-03
9.325442336866846893e-04
4.968786806983864057e-04
5.850142710828186475e-04
5.081171461838122211e-04
5.870662971371887889e-04
9.456973496394357939e-04
5.408144589012649998e-04
4.736774541534239996e-04
6.803137064791458990e-04
7.971429415213405253e-04
7.127929479230412377e-04
6.995790138566596126e-04
4.565149951960254557e-04
2.634584697293285648e-04
7.510047900226196919e-04
4.675263101428393277e-03
3.637108868832633342e-04
3.822661238899524713e-04
4.835040069337361349e-04
1.255973181998090065e-03
1.036502556756870334e-03
6.404887496979074163e-04
7.650283055731241580e-04
7.137318298385929164e-04
4.548846263676956298e-04
8.881435587342331262e-04
7.781626561451765976e-04
5.054363331595107360e-03
2.776550594611206652e-03
7.199780599448456610e-04
7.832204917025265131e-04
3.265577028548426837e-04
1.325411173302882542e-03
2.878638865883966294e-04
4.729630960029385816e-04
1.073334457299407983e-03
4.218955398373670676e-04
4.282941426158205908e-04
6.308203784247123913e-04
9.829962167504562118e-04
5.150178583350442001e-04
8.639872905972671496e-04
3.752757534156814061e-04
9.190602904627136411e-04
1.042204472064312687e-03
6.466700694449058944e-04
3.700784831374440359e-04
5.962339118827302909e-04
6.270815481251237758e-04
6.557237392485556907e-04
1.504834412646793504e-03
7.637490214410414154e-04
3.870633500213977612e-04
1.505311433730136938e-03
5.081171461838122211e-04
2.897300215964074104e-03
1.221741731377355093e-03
1.674520260842375999e-03
2.986016191367980464e-04
4.033870239156001373e-04
5.250067863380639523e-04
9.085885075762012257e-04
5.747683458201544374e-04
4.658365507925841934e-04
1.325939236878525412e-03
4.693001353175283103e-04
5.628931472927017638e-04
8.281930080559795661e-04
4.017449779489455056e-04
6.066950720896273222e-04
6.524062487416827563e-04
1.072934807985221478e-03
1.847593255948189747e-03
3.254828599735346971e-04
8.754861491472380438e-04
1.000413494431841299e-03
6.666440683653470029e-04
3.899810115783421452e-04
5.211441571604929004e-03
1.428751291011274346e-03
6.571920121048675833e-04
1.385479550920914365e-03
8.465516310959642987e-04
9.106396645529973551e-04
8.347224292995654958e-04
1.028258874655676221e-03
2.970414996932124849e-04
1.028299158593744570e-03
8.313735807767108459e-04
8.165956072008162493e-04
3.986061762679572328e-04
3.303028051544579539e-04
1.103077713717787829e-03
3.076684865452670027e-04
4.345964238310434332e-04
2.723034473036605157e-03
8.504326103119965027e-04
4.257120932973877388e-04
5.691396241839449550e-04
9.841138025116001435e-04
1.473917748675603870e-03
1.212478467957575374e-03
4.011742760129267255e-04
3.526656854837625248e-04
5.813443438557221307e-04
2.878638865883966294e-04
7.664422207175590213e-04
9.374883074752223596e-04
2.096325000564509388e-03
1.293169563311986512e-03
8.735187981380065263e-04
3.795650431829411661e-04
5.575104163438877446e-04
1.207107781573409089e-03
7.873016460474834303e-04
2.767681478862854018e-03
1.395542782590564017e-03
4.824413019159794246e-04
4.889365754681041952e-04
1.124369522664036246e-03
3.840618088077487431e-04
7.104933233546698382e-04
3.772793126300291820e-04
1.026931925701990780e-03
2.473823636973724194e-03
4.875373875771942065e-04
1.545976632199602902e-03
4.808957560982760125e-04
5.336671957908541630e-04
1.356763600393160298e-03
6.832121264175327908e-04
3.975206538305178870e-04
6.837794962824228452e-04
4.361632043425591409e-04
4.065559899129136436e-04
3.366165896687991176e-04
3.656614869104888514e-04
2.994682403290200852e-04
6.734834172619502549e-04
1.457304343101008953e-03
5.519905770706906361e-04
5.548242515744120041e-04
2.215874606642930390e-03
1.439615425788130006e-03
1.047158213426118648e-03
5.390774478885821275e-04
9.177944420831798391e-04
8.281096371934067038e-04
8.864872236804380344e-04
1.765547705170867135e-03
2.894716112798256715e-03
4.849608178840797900e-04
4.857781759878566355e-04
9.998299240073231682e-04
7.379362156397990032e-04
3.518666028456726713e-03
7.023101778987234653e-04
1.972268760681474085e-03
8.180115486811178997e-04
8.187409431710811506e-04
8.814700184602655177e-04
9.566453403710259602e-04
2.880075191798106646e-03
9.060264520467681704e-04
2.447667779590457018e-03
1.526830672514577301e-03
2.905425056659385083e-04
1.568663802427157795e-03
6.702267518340223424e-04
2.774754731259614321e-04
4.440371263952530871e-04
4.048539415041770787e-04
4.706281760689557552e-04
8.527026263155761121e-04
1.480397823860943492e-03
1.358339602904278009e-03
7.772088939984221016e-04
5.543170257482711626e-04
5.879594703761930599e-04
1.591610582584755858e-03
7.686392588827728554e-04
3.595855474269194461e-03
8.185132230484083986e-04
7.449663340757783350e-04
1.001080219992915273e-03
5.629981758230443757e-04
6.320660543271694205e-04
5.620762031222213033e-04
8.019454384004895018e-04
7.510433103641263927e-04
1.304344898160604733e-03
7.872056164138566126e-04
1.185463197586238051e-03
5.798424184953144753e-04
4.151191908209287545e-04
4.719204800842608329e-04
1.716271121021473558e-03
5.975975216286263112e-04
1.208468156762462688e-03
1.579130500639798701e-03
1.085277410026336828e-03
1.106824996256954279e-03
3.622942640655000819e-04
8.361164024985903677e-04
8.841262373122623416e-04
1.266971321022261707e-03
4.941145919524589803e-04
1.184378417917051696e-03
5.023349886229533205e-03
1.561257873999938534e-03
1.116705929818084244e-03
5.806562393126610830e-04
4.314141753973241332e-04
6.520121411056270652e-04
1.160096143191773109e-03
6.938635707120771731e-04
6.775306218119859884e-04
8.455507776606419707e-04
6.340236754962366890e-04
1.372216741956602381e-03
2.497152355518918437e-03
3.523813296483452686e-04
2.085985775641548655e-03
5.346779125562782682e-04
7.045727407122363275e-04
2.761288895042560230e-03
5.253512341994247921e-04
2.470745215873484772e-03
5.128326756683883846e-04
6.058399064720376747e-04
9.655124762134998078e-04
7.548317302281747727e-04
7.652254106758306015e-04
3.953443016958432224e-04
4.878384109930681244e-04
5.145929139842860640e-04
6.643385750743249600e-04
1.841812494236705778e-03
5.305616561129903588e-04
7.495538479183656453e-04
3.115653620054567282e-04
7.797548239324074513e-04
2.557644600537911910e-04
8.804513622930722552e-04
8.735187981380065263e-04
4.722340709569223909e-04
4.835699675864702472e-04
1.849201598138048826e-03
5.018899633178686625e-04
1.106087289996351758e-03
1.696293288462885499e-03
5.010328359933326073e-04
1.033679848011171288e-03
5.782802175581138035e-04
4.604822204500612142e-04
6.574391005471180542e-04
4.989438211999010046e-04
6.605589579050715615e-04
5.157910920301017827e-04
1.276761823838141324e-03
7.960854178942009928e-04
6.372612828281910662e-04
5.010551404358697808e-04
3.332579218249356640e-04
6.809251784543197657e-04
5.700325004529827044e-04
3.393219025003172762e-04
1.248165440564198052e-03
5.979457205241950042e-04
9.194918993057206403e-04
5.548242515744120041e-04
4.973843081432623376e-04
8.136551632926831285e-04
3.898667881169830761e-04
5.549835581224881083e-04
7.934496519848178043e-04
5.297829678882859210e-04
3.101930301382469033e-03
1.882050082291128034e-03
1.417413917105969255e-03
8.351781162047820220e-04
1.048860223779390834e-03
3.625931228100691644e-04
8.923413684754322953e-04
1.131293983154837502e-03
5.749878116333459292e-04
1.063593555627448395e-03
8.780595932022203535e-04
3.569619992189229760e-04
1.969511736051651231e-03
8.016438660535452803e-04
6.858733836348277196e-04
3.625609008878428931e-04
4.655411920393863262e-04
1.895787041483651706e-03
2.005285508984790827e-02
5.445999044347560325e-04
6.857238493495186214e-04
