4.472972913529456047e-04
1.274912468630502717e-05
4.054179207999302934e-05
2.720826438130706331e-05
7.622902495652648784e-06
1.419597542587820250e-03
9.837345514236849227e-04
2.038148741169309650e-02
1.378819557249169603e-02
9.366196492217222086e-03
1.744424531846536057e-03
4.472972913529456047e-04
1.261238584153054571e-04
1.274912468630502717e-05
4.054179207999302934e-05
2.720826438130706331e-05
7.622902495652648784e-06
1.441727621771502410e-03
6.741256633290746119e-05
9.837345514236849227e-04
4.472972913529456047e-04
1.261238584153054571e-04
1.274912468630502717e-05
4.054179207999302934e-05
1.772544922880210216e-03
2.720826438130706331e-05
7.622902495652648784e-06
6.741256633290746119e-05
9.837345514236849227e-04
3.723718337084961499e-04
4.472972913529456047e-04
1.261238584153054571e-04
1.617291228691546687e-03
1.274912468630502717e-05
4.054179207999302934e-05
2.720826438130706331e-05
2.051733925107262525e-03
7.622902495652648784e-06
6.741256633290746119e-05
9.837345514236849227e-04
4.472972913529456047e-04
1.434880005868441289e-03
1.261238584153054571e-04
2.012625483191025477e-03
1.274912468630502717e-05
4.054179207999302934e-05
2.720826438130706331e-05
2.066212628394862184e-03
7.622902495652648784e-06
6.741256633290746119e-05
2.299846045261529255e-03
4.472972913529456047e-04
1.261238584153054571e-04
2.660667045946788281e-03
1.274912468630502717e-05
4.054179207999302934e-05
2.473529456492384176e-03
2.720826438130706331e-05
3.301735262997798973e-03
7.622902495652648784e-06
4.472972913529456047e-04
1.261238584153054571e-04
3.210795475220541099e-03
1.274912468630502717e-05
4.054179207999302934e-05
2.720826438130706331e-05
7.622902495652648784e-06
9.062929503871199055e-03
9.837345514236849227e-04
1.965559073055244549e-03
4.472972913529456047e-04
1.274912468630502717e-05
4.054179207999302934e-05
2.720826438130706331e-05
7.622902495652648784e-06
1.834603007388086208e-03
6.741256633290746119e-05
9.837345514236849227e-04
1.703859146097685658e-03
3.723718337084961499e-04
2.125470300831717573e-03
1.261238584153054571e-04
1.274912468630502717e-05
4.054179207999302934e-05
8.545200135449048870e-03
2.720826438130706331e-05
6.741256633290746119e-05
1.637143195949766804e-03
1.312139233953874213e-03
9.837345514236849227e-04
4.472972913529456047e-04
1.261238584153054571e-04
1.274912468630502717e-05
4.054179207999302934e-05
2.720826438130706331e-05
4.268444074861045892e-03
7.622902495652648784e-06
6.741256633290746119e-05
9.837345514236849227e-04
3.723718337084961499e-04
4.472972913529456047e-04
1.261238584153054571e-04
1.274912468630502717e-05
4.054179207999302934e-05
2.720826438130706331e-05
7.622902495652648784e-06
6.741256633290746119e-05
9.837345514236849227e-04
3.723718337084961499e-04
1.464648767224802388e-03
4.472972913529456047e-04
1.261238584153054571e-04
1.274912468630502717e-05
4.054179207999302934e-05
2.386876178847961195e-03
2.720826438130706331e-05
6.741256633290746119e-05
9.837345514236849227e-04
2.294394345226448504e-03
3.723718337084961499e-04
4.145409955795614602e-03
4.472972913529456047e-04
1.261238584153054571e-04
1.274912468630502717e-05
4.054179207999302934e-05
2.720826438130706331e-05
1.911598758877950093e-03
8.808999966811399684e-03
7.622902495652648784e-06
1.106174647258282044e-03
4.472972913529456047e-04
1.261238584153054571e-04
4.054179207999302934e-05
2.720826438130706331e-05
1.776434239482719375e-03
7.622902495652648784e-06
6.741256633290746119e-05
9.837345514236849227e-04
1.485449620895550916e-03
3.723718337084961499e-04
9.000398137993147890e-03
1.532576721127140544e-03
4.472972913529456047e-04
1.261238584153054571e-04
1.274912468630502717e-05
4.054179207999302934e-05
7.497200553109508586e-04
2.720826438130706331e-05
7.622902495652648784e-06
6.741256633290746119e-05
4.472972913529456047e-04
1.261238584153054571e-04
1.274912468630502717e-05
4.054179207999302934e-05
2.720826438130706331e-05
2.942408303591857472e-03
3.870006040458435267e-03
7.622902495652648784e-06
6.741256633290746119e-05
9.837345514236849227e-04
4.211694538657075743e-03
4.472972913529456047e-04
1.261238584153054571e-04
1.274912468630502717e-05
4.054179207999302934e-05
2.720826438130706331e-05
7.622902495652648784e-06
6.741256633290746119e-05
9.837345514236849227e-04
2.868190300900891505e-03
4.472972913529456047e-04
1.261238584153054571e-04
1.274912468630502717e-05
4.054179207999302934e-05
2.481960073551158722e-03
2.720826438130706331e-05
1.517672894245082572e-04
6.741256633290746119e-05
9.837345514236849227e-04
1.753521691687572959e-03
4.472972913529456047e-04
1.261238584153054571e-04
1.274912468630502717e-05
4.054179207999302934e-05
2.115541947115151793e-03
2.720826438130706331e-05
1.218151653779681433e-03
6.741256633290746119e-05
9.837345514236849227e-04
3.723718337084961499e-04
4.472972913529456047e-04
1.261238584153054571e-04
1.274912468630502717e-05
4.054179207999302934e-05
2.720826438130706331e-05
7.622902495652648784e-06
6.741256633290746119e-05
9.837345514236849227e-04
3.723718337084961499e-04
2.287632634771525654e-03
1.456235343601105202e-03
4.472972913529456047e-04
1.261238584153054571e-04
1.274912468630502717e-05
4.054179207999302934e-05
2.720826438130706331e-05
7.622902495652648784e-06
6.741256633290746119e-05
9.837345514236849227e-04
3.723718337084961499e-04
4.472972913529456047e-04
1.261238584153054571e-04
1.915486229617345852e-03
1.274912468630502717e-05
4.054179207999302934e-05
2.720826438130706331e-05
7.622902495652648784e-06
6.741256633290746119e-05
9.837345514236849227e-04
2.178708518501522653e-03
4.472972913529456047e-04
1.274912468630502717e-05
2.720826438130706331e-05
1.567210845839006128e-03
7.622902495652648784e-06
9.837345514236849227e-04
3.865715201075261079e-03
1.952803745765155710e-03
3.723718337084961499e-04
1.998561712439591293e-05
4.472972913529456047e-04
1.261238584153054571e-04
1.274912468630502717e-05
4.054179207999302934e-05
2.720826438130706331e-05
7.622902495652648784e-06
6.741256633290746119e-05
9.837345514236849227e-04
1.746034615911760002e-03
3.723718337084961499e-04
4.472972913529456047e-04
1.261238584153054571e-04
1.274912468630502717e-05
4.054179207999302934e-05
2.720826438130706331e-05
7.622902495652648784e-06
6.741256633290746119e-05
9.837345514236849227e-04
1.472040869016952996e-03
2.755451918521969763e-03
4.472972913529456047e-04
1.261238584153054571e-04
1.274912468630502717e-05
4.054179207999302934e-05
1.373084582891615510e-03
2.720826438130706331e-05
7.622902495652648784e-06
6.741256633290746119e-05
9.837345514236849227e-04
3.723718337084961499e-04
4.472972913529456047e-04
1.261238584153054571e-04
1.274912468630502717e-05
4.054179207999302934e-05
2.720826438130706331e-05
7.622902495652648784e-06
6.741256633290746119e-05
9.837345514236849227e-04
3.723718337084961499e-04
2.377882788552326300e-03
4.472972913529456047e-04
1.261238584153054571e-04
1.274912468630502717e-05
4.054179207999302934e-05
2.209404763219287565e-03
2.720826438130706331e-05
8.808999966811399684e-03
7.622902495652648784e-06
6.741256633290746119e-05
9.837345514236849227e-04
1.811690291817390219e-02
1.261238584153054571e-04
2.050769406458249466e-03
1.274912468630502717e-05
4.054179207999302934e-05
7.672071110754920134e-04
2.533344914390661153e-03
2.720826438130706331e-05
7.622902495652648784e-06
1.555790023763520703e-03
4.472972913529456047e-04
1.261238584153054571e-04
1.274912468630502717e-05
4.054179207999302934e-05
1.369719680116507961e-03
2.720826438130706331e-05
7.622902495652648784e-06
6.741256633290746119e-05
9.837345514236849227e-04
1.264669718091911664e-02
4.472972913529456047e-04
1.261238584153054571e-04
1.274912468630502717e-05
4.054179207999302934e-05
2.040690096309137700e-03
2.720826438130706331e-05
7.622902495652648784e-06
6.741256633290746119e-05
9.837345514236849227e-04
4.547803192036057630e-03
4.472972913529456047e-04
1.261238584153054571e-04
4.054179207999302934e-05
1.086140502732280046e-03
8.984764158512990829e-04
2.720826438130706331e-05
7.622902495652648784e-06
6.741256633290746119e-05
3.589919088567220407e-03
9.837345514236849227e-04
4.472972913529456047e-04
1.261238584153054571e-04
1.555664562947341742e-03
1.274912468630502717e-05
4.054179207999302934e-05
2.100670765822841134e-03
7.622902495652648784e-06
6.741256633290746119e-05
9.837345514236849227e-04
1.575588179082204740e-03
1.549460281512975374e-03
4.472972913529456047e-04
1.261238584153054571e-04
1.704178275958413225e-03
2.032751925912936342e-03
1.274912468630502717e-05
2.720826438130706331e-05
7.622902495652648784e-06
6.741256633290746119e-05
9.837345514236849227e-04
4.472972913529456047e-04
1.261238584153054571e-04
1.274912468630502717e-05
4.054179207999302934e-05
2.720826438130706331e-05
7.622902495652648784e-06
6.741256633290746119e-05
9.837345514236849227e-04
5.226216175383592739e-03
1.998561712439591293e-05
1.823760192827360207e-03
4.472972913529456047e-04
1.261238584153054571e-04
1.274912468630502717e-05
4.054179207999302934e-05
1.982951592881668397e-03
2.720826438130706331e-05
7.622902495652648784e-06
2.203517612476904586e-03
6.741256633290746119e-05
4.472972913529456047e-04
1.261238584153054571e-04
1.682657789146496143e-03
1.274912468630502717e-05
4.054179207999302934e-05
3.061455432967896597e-03
2.720826438130706331e-05
7.622902495652648784e-06
1.790661589465232951e-03
6.741256633290746119e-05
1.216417925879625158e-03
4.305615664065769871e-03
4.472972913529456047e-04
1.261238584153054571e-04
1.966071046606079464e-03
1.274912468630502717e-05
4.054179207999302934e-05
1.238368341493967109e-03
2.720826438130706331e-05
7.622902495652648784e-06
1.590761741742194790e-03
4.472972913529456047e-04
1.261238584153054571e-04
1.274912468630502717e-05
4.054179207999302934e-05
2.720826438130706331e-05
7.622902495652648784e-06
6.741256633290746119e-05
9.837345514236849227e-04
3.723718337084961499e-04
4.472972913529456047e-04
1.261238584153054571e-04
1.274912468630502717e-05
4.054179207999302934e-05
2.720826438130706331e-05
2.896353719000761221e-03
3.306582052857515858e-03
7.622902495652648784e-06
6.741256633290746119e-05
9.837345514236849227e-04
4.472972913529456047e-04
1.261238584153054571e-04
3.077154939302126878e-03
1.274912468630502717e-05
2.720826438130706331e-05
7.622902495652648784e-06
6.741256633290746119e-05
9.837345514236849227e-04
1.897026129400742299e-03
3.723718337084961499e-04
4.472972913529456047e-04
1.274912468630502717e-05
4.054179207999302934e-05
2.720826438130706331e-05
7.622902495652648784e-06
1.665367737749585443e-03
6.741256633290746119e-05
9.837345514236849227e-04
3.723718337084961499e-04
1.998561712439591293e-05
1.875215917144238548e-03
3.560466231577409570e-03
5.908633484948040866e-03
4.472972913529456047e-04
1.261238584153054571e-04
1.274912468630502717e-05
4.054179207999302934e-05
2.720826438130706331e-05
7.622902495652648784e-06
6.741256633290746119e-05
4.472972913529456047e-04
1.261238584153054571e-04
1.274912468630502717e-05
4.054179207999302934e-05
1.186957100404454051e-03
2.720826438130706331e-05
2.713422193126383431e-03
4.032534943906517129e-03
7.622902495652648784e-06
9.837345514236849227e-04
1.438359657307027983e-03
1.486286026751454858e-03
4.472972913529456047e-04
1.261238584153054571e-04
1.274912468630502717e-05
2.720826438130706331e-05
1.257868133052027822e-03
7.622902495652648784e-06
1.629009871703907247e-03
2.184513871425384883e-03
4.472972913529456047e-04
1.261238584153054571e-04
1.274912468630502717e-05
2.720826438130706331e-05
7.622902495652648784e-06
6.741256633290746119e-05
4.558311245865111910e-03
9.837345514236849227e-04
3.794234600005842815e-03
3.723718337084961499e-04
1.261238584153054571e-04
2.680213841465577205e-03
1.274912468630502717e-05
4.054179207999302934e-05
2.720826438130706331e-05
7.622902495652648784e-06
6.741256633290746119e-05
9.837345514236849227e-04
3.667130443676269117e-03
3.723718337084961499e-04
4.472972913529456047e-04
1.261238584153054571e-04
1.274912468630502717e-05
4.054179207999302934e-05
2.720826438130706331e-05
7.622902495652648784e-06
6.741256633290746119e-05
2.498778052561191187e-03
9.837345514236849227e-04
3.723718337084961499e-04
3.021815591220532345e-03
4.472972913529456047e-04
1.261238584153054571e-04
1.274912468630502717e-05
2.720826438130706331e-05
7.622902495652648784e-06
3.031093769102401452e-03
6.741256633290746119e-05
9.837345514236849227e-04
1.183843088384598993e-02
4.472972913529456047e-04
1.372260953089806355e-02
1.261238584153054571e-04
1.274912468630502717e-05
4.054179207999302934e-05
2.720826438130706331e-05
1.317048898488482099e-03
7.622902495652648784e-06
6.741256633290746119e-05
1.291173630487156380e-02
4.472972913529456047e-04
1.261238584153054571e-04
4.054179207999302934e-05
2.720826438130706331e-05
1.563031377794447301e-03
3.583922326980991131e-03
7.622902495652648784e-06
6.741256633290746119e-05
9.837345514236849227e-04
2.415052575181413780e-03
1.819762372076577173e-03
4.472972913529456047e-04
1.261238584153054571e-04
1.274912468630502717e-05
4.054179207999302934e-05
2.294910689679132212e-03
2.720826438130706331e-05
7.622902495652648784e-06
6.741256633290746119e-05
9.837345514236849227e-04
4.472972913529456047e-04
1.261238584153054571e-04
1.274912468630502717e-05
4.054179207999302934e-05
2.820946218283694462e-03
2.720826438130706331e-05
9.908036427590638084e-04
7.622902495652648784e-06
1.482843606707915859e-03
6.741256633290746119e-05
4.472972913529456047e-04
1.261238584153054571e-04
2.555372797234638747e-03
1.274912468630502717e-05
4.054179207999302934e-05
1.944295668116848268e-03
2.720826438130706331e-05
3.180986013933678226e-03
9.837345514236849227e-04
1.076834341428594202e-03
5.833564948114731107e-03
4.472972913529456047e-04
1.261238584153054571e-04
1.274912468630502717e-05
4.054179207999302934e-05
2.720826438130706331e-05
7.622902495652648784e-06
6.741256633290746119e-05
9.837345514236849227e-04
3.507572220422337968e-03
1.261238584153054571e-04
1.527898897298724662e-03
1.274912468630502717e-05
4.054179207999302934e-05
2.118423030103636952e-03
2.720826438130706331e-05
7.622902495652648784e-06
6.741256633290746119e-05
9.837345514236849227e-04
1.368868330126570693e-03
1.379046294765427219e-03
4.472972913529456047e-04
1.261238584153054571e-04
1.274912468630502717e-05
1.386651361375696541e-03
2.720826438130706331e-05
5.221881581656226401e-02
7.622902495652648784e-06
6.741256633290746119e-05
9.837345514236849227e-04
4.472972913529456047e-04
1.261238584153054571e-04
1.274912468630502717e-05
4.054179207999302934e-05
2.757618444553691477e-03
2.720826438130706331e-05
7.622902495652648784e-06
6.741256633290746119e-05
9.837345514236849227e-04
1.716737731102505656e-03
1.261238584153054571e-04
1.274912468630502717e-05
4.054179207999302934e-05
2.720826438130706331e-05
7.622902495652648784e-06
9.837345514236849227e-04
3.723718337084961499e-04
1.998561712439591293e-05
4.606622139369091241e-03
3.281482779275108155e-05
4.472972913529456047e-04
1.261238584153054571e-04
1.824086675074076437e-03
4.054179207999302934e-05
2.720826438130706331e-05
7.622902495652648784e-06
6.741256633290746119e-05
9.837345514236849227e-04
2.617566352241650768e-03
3.723718337084961499e-04
4.472972913529456047e-04
1.261238584153054571e-04
1.274912468630502717e-05
4.054179207999302934e-05
2.720826438130706331e-05
7.622902495652648784e-06
6.741256633290746119e-05
9.837345514236849227e-04
1.998561712439591293e-05
3.281482779275108155e-05
4.472972913529456047e-04
1.261238584153054571e-04
1.274912468630502717e-05
4.054179207999302934e-05
2.720826438130706331e-05
2.126901348605198146e-03
7.622902495652648784e-06
6.741256633290746119e-05
9.837345514236849227e-04
2.663518883584082772e-03
2.639873766371393909e-03
3.544817272954272052e-03
4.472972913529456047e-04
1.261238584153054571e-04
4.054179207999302934e-05
2.217209818580145441e-03
2.720826438130706331e-05
1.709668575277316360e-03
1.631417492045765917e-03
9.837345514236849227e-04
1.630335223827579852e-03
4.472972913529456047e-04
1.261238584153054571e-04
1.274912468630502717e-05
4.054179207999302934e-05
2.720826438130706331e-05
7.622902495652648784e-06
6.741256633290746119e-05
1.533478944902416955e-03
9.837345514236849227e-04
4.472972913529456047e-04
1.261238584153054571e-04
1.274912468630502717e-05
4.054179207999302934e-05
1.537412905778524821e-03
6.741256633290746119e-05
9.837345514236849227e-04
1.192416529158487823e-02
3.723718337084961499e-04
5.873179388600686425e-03
4.472972913529456047e-04
1.461285813372492073e-03
1.261238584153054571e-04
1.274912468630502717e-05
4.054179207999302934e-05
4.863788205975065962e-03
2.720826438130706331e-05
3.583922326980991131e-03
7.622902495652648784e-06
6.741256633290746119e-05
1.287167115033385030e-03
4.472972913529456047e-04
1.261238584153054571e-04
1.274912468630502717e-05
4.054179207999302934e-05
2.720826438130706331e-05
7.622902495652648784e-06
6.741256633290746119e-05
9.837345514236849227e-04
3.723718337084961499e-04
4.472972913529456047e-04
1.812201077959457078e-03
1.261238584153054571e-04
1.274912468630502717e-05
4.054179207999302934e-05
2.490122454701147389e-03
2.720826438130706331e-05
1.934094251386271742e-03
2.622531833621474795e-03
6.741256633290746119e-05
4.472972913529456047e-04
1.261238584153054571e-04
4.054179207999302934e-05
3.424389162167229203e-03
4.130392173776641605e-03
2.720826438130706331e-05
2.274530684522608689e-02
7.622902495652648784e-06
6.741256633290746119e-05
9.837345514236849227e-04
2.001867170599225341e-03
4.472972913529456047e-04
1.261238584153054571e-04
4.054179207999302934e-05
2.720826438130706331e-05
7.622902495652648784e-06
6.741256633290746119e-05
9.837345514236849227e-04
1.432283303837027927e-03
3.723718337084961499e-04
4.472972913529456047e-04
1.261238584153054571e-04
4.054179207999302934e-05
2.720826438130706331e-05
7.622902495652648784e-06
1.395326810461454360e-03
6.741256633290746119e-05
9.837345514236849227e-04
3.723718337084961499e-04
3.281482779275108155e-05
4.472972913529456047e-04
1.261238584153054571e-04
2.009287595376016075e-03
1.274912468630502717e-05
2.720826438130706331e-05
7.622902495652648784e-06
6.741256633290746119e-05
9.837345514236849227e-04
3.723718337084961499e-04
1.185673908789455777e-02
4.472972913529456047e-04
1.261238584153054571e-04
1.274912468630502717e-05
4.054179207999302934e-05
2.720826438130706331e-05
9.837345514236849227e-04
5.244241306425314122e-03
3.723718337084961499e-04
7.383564298260599824e-03
1.692798990206924835e-03
4.472972913529456047e-04
1.261238584153054571e-04
1.274912468630502717e-05
4.054179207999302934e-05
1.123754363674421769e-03
2.720826438130706331e-05
7.622902495652648784e-06
1.145611912076288132e-03
6.741256633290746119e-05
9.837345514236849227e-04
4.472972913529456047e-04
1.261238584153054571e-04
1.738870347989010653e-03
1.274912468630502717e-05
4.054179207999302934e-05
3.128537123397445718e-03
2.720826438130706331e-05
1.273868507503492838e-03
7.622902495652648784e-06
6.741256633290746119e-05
4.472972913529456047e-04
1.261238584153054571e-04
1.274912468630502717e-05
4.054179207999302934e-05
2.720826438130706331e-05
7.622902495652648784e-06
2.044650013963650835e-03
9.837345514236849227e-04
3.723718337084961499e-04
1.998561712439591293e-05
4.472972913529456047e-04
1.261238584153054571e-04
1.274912468630502717e-05
4.054179207999302934e-05
2.720826438130706331e-05
7.622902495652648784e-06
9.837345514236849227e-04
4.135140123125173942e-03
2.833950502397640427e-03
3.723718337084961499e-04
3.701949512350586821e-03
4.472972913529456047e-04
1.261238584153054571e-04
1.274912468630502717e-05
4.054179207999302934e-05
2.720826438130706331e-05
9.838247811621617621e-04
7.622902495652648784e-06
6.741256633290746119e-05
9.837345514236849227e-04
4.472972913529456047e-04
1.261238584153054571e-04
1.274912468630502717e-05
4.054179207999302934e-05
2.779303788661514462e-03
7.622902495652648784e-06
6.741256633290746119e-05
9.837345514236849227e-04
3.723718337084961499e-04
4.288645792980916825e-03
4.695478853453716878e-03
4.472972913529456047e-04
1.261238584153054571e-04
1.274912468630502717e-05
4.054179207999302934e-05
7.622902495652648784e-06
6.741256633290746119e-05
9.837345514236849227e-04
3.723718337084961499e-04
1.998561712439591293e-05
4.472972913529456047e-04
1.261238584153054571e-04
1.274912468630502717e-05
4.054179207999302934e-05
2.720826438130706331e-05
7.622902495652648784e-06
6.741256633290746119e-05
9.837345514236849227e-04
3.723718337084961499e-04
4.293185159938809302e-03
1.261238584153054571e-04
1.274912468630502717e-05
4.054179207999302934e-05
7.497200553109508586e-04
1.045841418907712383e-03
2.720826438130706331e-05
7.622902495652648784e-06
6.741256633290746119e-05
9.837345514236849227e-04
1.645761456056916332e-03
4.472972913529456047e-04
1.261238584153054571e-04
1.274912468630502717e-05
4.054179207999302934e-05
2.720826438130706331e-05
2.188891694112514962e-03
7.622902495652648784e-06
6.741256633290746119e-05
9.837345514236849227e-04
2.130833495181160778e-03
4.472972913529456047e-04
2.672000061545289594e-03
1.274912468630502717e-05
4.054179207999302934e-05
1.994034380053649573e-03
3.283478899305791992e-03
2.720826438130706331e-05
7.622902495652648784e-06
6.741256633290746119e-05
9.837345514236849227e-04
1.569200455755596435e-03
5.346999261174089496e-02
4.472972913529456047e-04
1.261238584153054571e-04
1.274912468630502717e-05
7.622902495652648784e-06
6.741256633290746119e-05
9.837345514236849227e-04
3.723718337084961499e-04
2.150873299856112357e-03
3.196004806542368602e-03
1.261238584153054571e-04
4.054179207999302934e-05
8.734136159751666739e-04
2.720826438130706331e-05
3.834648275821227800e-03
7.622902495652648784e-06
2.586570289164565831e-03
1.961525199790637147e-03
6.741256633290746119e-05
3.273372021406704621e-03
4.472972913529456047e-04
1.261238584153054571e-04
1.274912468630502717e-05
4.054179207999302934e-05
2.720826438130706331e-05
7.622902495652648784e-06
6.741256633290746119e-05
9.837345514236849227e-04
3.723718337084961499e-04
4.472972913529456047e-04
1.261238584153054571e-04
1.274912468630502717e-05
4.054179207999302934e-05
2.720826438130706331e-05
7.622902495652648784e-06
6.741256633290746119e-05
9.837345514236849227e-04
8.881519192434644437e-04
3.723718337084961499e-04
4.472972913529456047e-04
1.274912468630502717e-05
4.054179207999302934e-05
2.509626693020840411e-03
2.720826438130706331e-05
7.622902495652648784e-06
2.217300740442313105e-03
6.741256633290746119e-05
9.837345514236849227e-04
4.046053781515358480e-03
1.438359657307027983e-03
4.472972913529456047e-04
1.261238584153054571e-04
1.274912468630502717e-05
4.054179207999302934e-05
2.676264030119025576e-03
2.720826438130706331e-05
7.622902495652648784e-06
6.741256633290746119e-05
9.837345514236849227e-04
4.472972913529456047e-04
1.261238584153054571e-04
1.424457016638527211e-03
1.274912468630502717e-05
4.054179207999302934e-05
1.391374949677526415e-03
7.497200553109508586e-04
2.720826438130706331e-05
2.166008279135711589e-03
7.622902495652648784e-06
3.520087350535661130e-03
4.472972913529456047e-04
1.261238584153054571e-04
1.274912468630502717e-05
4.054179207999302934e-05
2.720826438130706331e-05
7.622902495652648784e-06
3.299521718675113048e-03
6.741256633290746119e-05
9.837345514236849227e-04
4.184557648635876120e-03
1.261238584153054571e-04
1.274912468630502717e-05
4.054179207999302934e-05
2.720826438130706331e-05
7.622902495652648784e-06
6.741256633290746119e-05
3.723718337084961499e-04
3.393413157739193740e-03
1.998561712439591293e-05
4.472972913529456047e-04
1.261238584153054571e-04
1.274912468630502717e-05
4.054179207999302934e-05
1.168977421371286685e-03
7.622902495652648784e-06
6.741256633290746119e-05
9.837345514236849227e-04
2.389741920883610600e-03
2.649279837089810706e-03
4.472972913529456047e-04
1.261238584153054571e-04
1.274912468630502717e-05
2.720826438130706331e-05
5.236799518501923136e-03
1.063164226059029474e-03
7.622902495652648784e-06
6.741256633290746119e-05
9.837345514236849227e-04
1.148539700683075000e-03
4.472972913529456047e-04
1.274912468630502717e-05
4.054179207999302934e-05
2.720826438130706331e-05
7.622902495652648784e-06
2.300427696185419930e-03
9.837345514236849227e-04
2.944027589954312935e-03
2.412361195339093878e-03
3.723718337084961499e-04
4.472972913529456047e-04
1.261238584153054571e-04
1.274912468630502717e-05
4.054179207999302934e-05
2.720826438130706331e-05
7.622902495652648784e-06
6.741256633290746119e-05
9.837345514236849227e-04
1.520398510212210433e-03
3.723718337084961499e-04
4.472972913529456047e-04
1.261238584153054571e-04
1.274912468630502717e-05
4.054179207999302934e-05
2.197054706403357184e-03
2.720826438130706331e-05
7.622902495652648784e-06
3.836419056500583059e-03
6.741256633290746119e-05
9.837345514236849227e-04
4.481307715592200425e-03
4.472972913529456047e-04
1.261238584153054571e-04
4.054179207999302934e-05
5.474080712862689109e-03
2.720826438130706331e-05
7.622902495652648784e-06
6.741256633290746119e-05
9.837345514236849227e-04
1.614038989623084799e-03
2.367466014505240253e-03
3.093956607905213717e-03
4.472972913529456047e-04
1.261238584153054571e-04
1.648600013813438089e-03
1.889420453029147995e-03
1.274912468630502717e-05
4.054179207999302934e-05
2.720826438130706331e-05
5.622268880741645991e-03
