2.174054024706364174e+01
2.186270316359482280e+01
2.217631183089341107e+01
2.128715543538411836e+01
2.059635399746332496e+01
2.117461197657511462e+01
2.187572554936014768e+01
2.115500920948952057e+01
2.138812216807023603e+01
2.026179021475786612e+01
2.034581977811518527e+01
2.213798823486745704e+01
2.001017088094038243e+01
2.167013262203368029e+01
2.058553093741163309e+01
2.204264054335348888e+01
2.207439268402436028e+01
2.132355716075055341e+01
2.163072119264359117e+01
2.030512637557564659e+01
2.019243625693597366e+01
2.158730073799818427e+01
1.910158080063181529e+01
2.211796679496729112e+01
2.193780387681367472e+01
2.184413697304056612e+01
2.075059754058768746e+01
2.201911799189677055e+01
1.951324239235543345e+01
2.212063634197740569e+01
2.171393297734215011e+01
1.958492714523313794e+01
2.191070879616101053e+01
2.192460058889300356e+01
1.911673350467440713e+01
2.197962111739784064e+01
1.978081139642386432e+01
2.100130657342119633e+01
2.049656136227297054e+01
2.034683494356757194e+01
2.025836200061904435e+01
2.213481911932538537e+01
2.109429081454436883e+01
2.180575940632284215e+01
2.181230501101720165e+01
2.056961251033938964e+01
2.026305586139669401e+01
2.065513550351686689e+01
2.204094169193550812e+01
2.035787066645081822e+01
2.150240049545077525e+01
2.098147780680232444e+01
2.163080258986721560e+01
2.152438359966674142e+01
2.189065279261757979e+01
2.215818587573342668e+01
2.069607795562820485e+01
2.113327308159438189e+01
2.109974256614371768e+01
2.165497556405492574e+01
1.937803622678441684e+01
2.147236103235086091e+01
2.215138365328614611e+01
1.811229116444641818e+01
2.127816670172290969e+01
2.162866805335407605e+01
2.143374326854166512e+01
2.103233641462996317e+01
2.027633833269031527e+01
2.175425474173484020e+01
1.975203865813768900e+01
2.136579470801194702e+01
2.200918142818544965e+01
1.876689720981516274e+01
2.089906881761185886e+01
2.144063938178560491e+01
2.128806226623363074e+01
2.002170963661244940e+01
2.179162802248491815e+01
1.974730705148436982e+01
2.123352777376299017e+01
2.010497802741222273e+01
2.161646937413904723e+01
2.095862197600881061e+01
2.185809547290223165e+01
2.021829797803130546e+01
2.063730961853107715e+01
1.980072297013139604e+01
2.067904443165953410e+01
2.150065486980917484e+01
2.158760037689594924e+01
2.158886603429069240e+01
2.099976381778073176e+01
2.151574160867627583e+01
1.790473339621092563e+01
1.941208656670768207e+01
2.202457895654204378e+01
2.100779692349838612e+01
2.208137055484694855e+01
2.202723522528902578e+01
1.771025534437317717e+01
2.013910383734690512e+01
2.193741274370382399e+01
2.128047432375537085e+01
2.179596733188426683e+01
2.105700542617975302e+01
2.191180573291832445e+01
2.047740563950506143e+01
2.168479245973914260e+01
1.996941986084581444e+01
2.065586717061354705e+01
2.133290129900259657e+01
2.112905614691264589e+01
1.966397717116937827e+01
2.166513873346851327e+01
2.141003168361195819e+01
2.158086971659322018e+01
2.029167023384479052e+01
1.997912119523987684e+01
2.207974600316004299e+01
2.165688073932811264e+01
2.190279546209487549e+01
2.141416137282773846e+01
2.108939404646349303e+01
2.146269707889472755e+01
2.133305828232343515e+01
2.038817189713827815e+01
2.173208640405245262e+01
1.870386396310372135e+01
2.114688713691262834e+01
2.120841897347871452e+01
1.960592126320585393e+01
2.022022760364770022e+01
2.112230030949650228e+01
2.214446048761752550e+01
2.193323613985156939e+01
2.094224092919638736e+01
2.155996127523600947e+01
2.192889792493567214e+01
2.107999386910731587e+01
1.975203865813768900e+01
1.918871300409177394e+01
2.133052592470175313e+01
2.021082189867732737e+01
2.186191991154457526e+01
2.162809463418599876e+01
2.178172291770940205e+01
2.115348395906897139e+01
2.086209521528279609e+01
2.150878234415608858e+01
2.059838309904575837e+01
2.128923409742656503e+01
2.024396591494967268e+01
2.126915913079286113e+01
1.877850847043954374e+01
2.065955518966190141e+01
1.986239352818749637e+01
2.168997048276120410e+01
1.969516166694277359e+01
2.160853044963350555e+01
2.080757906566434912e+01
2.084726684356643034e+01
2.117012248734821256e+01
2.193940637192037002e+01
2.069978652783375850e+01
2.011889159614385392e+01
2.033161946069903081e+01
2.132855681789915536e+01
2.073290463849606624e+01
2.161128316152423423e+01
2.159784750310102908e+01
1.806842343205187262e+01
2.035033012782220752e+01
2.182511302005444165e+01
2.214868364894550723e+01
2.207143299296749106e+01
2.203236334246135186e+01
2.097607155912431409e+01
2.104317645285254201e+01
2.120873536536997506e+01
2.162568939668204848e+01
2.067325471329593256e+01
2.145598705995881517e+01
1.709835483870464046e+01
2.100210396065171636e+01
2.070527465440342496e+01
2.173519381308351583e+01
2.141871286741679725e+01
2.159819245452985115e+01
2.153493391954012282e+01
2.148959046403563633e+01
2.159440928889003075e+01
2.038907558500685013e+01
2.161771803165144945e+01
2.216092535230689009e+01
2.162599572993747898e+01
2.172408089743668569e+01
1.942628438020940251e+01
2.179568105940608547e+01
1.820639984916923027e+01
2.214076734782450018e+01
2.121236797695136289e+01
2.188439371272728451e+01
1.647734785087813236e+01
2.157311913466316611e+01
2.209699591442394251e+01
2.207298662123604771e+01
2.174713798871331250e+01
2.027442112402173535e+01
2.021605827644782138e+01
2.064968242697918299e+01
1.956194745093921838e+01
2.078982342111159554e+01
1.980230458170583674e+01
1.937858865276623987e+01
2.133217089123616717e+01
2.194025146309043706e+01
2.120645014423940822e+01
2.060455904874949340e+01
2.018423804778328901e+01
2.166361409830718543e+01
2.177466452526759255e+01
2.200703934405019169e+01
2.128939996586236560e+01
2.181926495809534217e+01
1.933760967785452678e+01
2.173320761216537989e+01
2.100611925905483446e+01
2.021102351041295719e+01
2.011889159614385392e+01
2.027288608090372435e+01
2.167302882481067172e+01
2.189130440711836201e+01
2.094011989013720410e+01
2.084743142610462385e+01
2.091695904507424331e+01
2.137653756264970895e+01
2.018568976669714843e+01
2.110809565133294541e+01
2.197370465867660272e+01
2.218237551475611014e+01
2.171737223381433068e+01
2.057820156981692961e+01
2.206730473168952500e+01
2.117003008409299269e+01
2.067810196820270363e+01
1.919809529147176619e+01
2.174786879323998789e+01
2.165879528720130764e+01
2.093757292868270525e+01
2.156417847142967759e+01
2.049323523322707175e+01
2.165899095391234397e+01
1.864642223247861352e+01
2.092298446374262610e+01
2.027672312898187101e+01
2.156467425665555737e+01
2.118283533293521614e+01
1.800711521750109156e+01
2.081158398969025924e+01
1.739531397500837429e+01
2.126415111112338252e+01
1.910158080063181529e+01
2.038614612788081004e+01
2.115725192402885924e+01
2.124264152967662866e+01
2.082246860178000247e+01
2.152480580206184868e+01
2.047595445764707378e+01
2.012101933392671071e+01
2.149071236211572256e+01
2.201496016307307002e+01
2.181348745837397018e+01
2.110308919802841032e+01
2.168448973939257485e+01
2.155223680916470386e+01
2.044279525360782301e+01
2.107064833361346956e+01
1.936565578191380155e+01
1.988814383942687769e+01
2.149190889702107654e+01
2.127505252169512673e+01
2.217490215954109800e+01
2.165623117763566086e+01
2.042214937832149957e+01
2.066914519828834784e+01
2.212863984753005653e+01
2.107652320472966778e+01
2.054882532610692891e+01
2.067172289372418703e+01
2.026325198307146991e+01
2.112154245362893334e+01
2.169481943121049383e+01
2.195925311418348969e+01
2.206454253022380030e+01
2.200923465293628567e+01
1.958016085373720472e+01
2.117000302097260445e+01
2.104415581132919755e+01
2.217574743086323608e+01
2.156935908305857907e+01
2.014627466781388421e+01
1.895167153407181360e+01
2.137734738727518291e+01
1.961120987817600536e+01
1.793782212020672873e+01
2.083057081226852603e+01
1.981592592702481426e+01
2.157000430407213543e+01
2.102437892599524716e+01
2.117895226077283510e+01
2.070616001068361456e+01
2.217605627681890468e+01
2.198972368254004195e+01
1.706741174341704337e+01
2.000825975031483139e+01
2.023374648897702599e+01
2.011378938399207073e+01
2.120786291086422537e+01
2.073234947518281146e+01
2.161424981496546138e+01
1.973491209418813241e+01
2.001597468715271333e+01
2.146269707889472755e+01
2.169630367454019648e+01
2.210440011582403841e+01
2.148330941476047684e+01
2.051638421276371105e+01
2.115745728386107061e+01
1.995678563025920127e+01
2.131299411703863811e+01
2.204594050976765374e+01
2.040210677155130625e+01
2.062154925029922481e+01
2.077610460471689890e+01
2.129103846127549815e+01
2.070831172904294704e+01
2.047801809004135265e+01
2.148422068208995483e+01
2.199356156070042090e+01
2.095039608714623469e+01
2.036424050909973360e+01
1.858157508989838291e+01
2.145716577616749987e+01
2.128588876279876274e+01
2.163576660143092312e+01
2.080144929953324962e+01
2.079057398798930478e+01
2.158511395331116844e+01
2.019099806952793941e+01
2.047197530270671706e+01
1.931892480979091076e+01
1.983939642772153178e+01
2.070555038232010148e+01
2.119961095226679149e+01
2.216643798274056465e+01
2.196058156121235427e+01
2.142991449884135591e+01
2.205221015037989574e+01
2.088909433117098757e+01
2.084079013476326026e+01
2.139115049155412152e+01
2.106757802509849853e+01
2.175240110189632503e+01
2.095143061009648378e+01
2.023275016261029080e+01
1.877996890825485821e+01
2.192872183433743771e+01
1.922465555920361879e+01
2.125259102910209208e+01
1.964065073854550292e+01
2.188605889245165415e+01
2.193780387681367472e+01
2.117461197657511462e+01
2.153096844048015157e+01
1.676846329196220609e+01
1.702820005758761113e+01
1.820908727437940655e+01
1.823100592859512759e+01
2.151825929574171781e+01
2.086412119952909094e+01
2.065586717061354705e+01
2.197362090316975625e+01
2.042696415971457924e+01
2.119078178262182277e+01
2.216468694623232594e+01
2.214736281653070549e+01
2.137595925066088398e+01
2.200448032462881898e+01
1.981592592702481426e+01
2.159254373098811897e+01
1.989118360449761624e+01
2.143472585369812222e+01
2.207610407306479061e+01
2.116537619216490995e+01
1.907949488209006361e+01
2.178036765330827862e+01
2.194592487401776637e+01
2.153496189927154703e+01
2.028869512191377922e+01
2.070591414512434980e+01
2.199022315636911173e+01
2.143545685150017732e+01
1.904173987413415858e+01
2.051387182354876870e+01
2.144435588113405444e+01
2.031787014176970985e+01
2.217914239819555178e+01
2.209848765032413453e+01
2.050639764202239235e+01
1.970123863363885519e+01
2.099759133224993946e+01
2.062154925029922481e+01
2.082567200530825602e+01
2.066498529455444810e+01
2.182924457194209467e+01
2.179626159024596532e+01
2.082560854650539284e+01
2.104479490027852506e+01
1.980937394073112046e+01
2.154537483566307898e+01
1.976415549281126616e+01
2.126649366898336524e+01
2.039818692319592230e+01
2.213515412172612429e+01
2.034332738810927665e+01
2.189384469160730617e+01
2.148834855743012184e+01
2.200983753173902358e+01
2.200644204039990726e+01
2.165655122519846998e+01
2.160761714679862422e+01
2.202961584801960981e+01
2.210492058354907741e+01
2.117716475755314320e+01
2.187170953146363317e+01
1.991835987121077878e+01
2.194269868758731334e+01
2.165368997554861608e+01
2.083921228146146376e+01
1.975203865813768900e+01
2.188384618775035051e+01
2.193824750270523793e+01
2.201622132316828839e+01
2.050785577023300732e+01
1.891988777471474492e+01
2.123712456194569498e+01
2.058714568858909999e+01
2.175116186503812798e+01
1.906900440885996417e+01
2.125068363159660123e+01
2.172189028381214726e+01
2.129215136379879070e+01
2.094193960769577245e+01
2.038446092812168331e+01
2.162423920711898973e+01
2.130583266204028092e+01
2.007602400489237127e+01
2.060160072608853099e+01
2.209631828686334032e+01
2.199277613977119472e+01
2.015190042269936299e+01
2.022659854833445792e+01
2.180987341265032953e+01
1.873938220255916320e+01
2.207083669492861233e+01
2.148120932249361204e+01
2.095257733733203764e+01
2.007301514415584620e+01
2.176204471096078308e+01
1.934284934338418793e+01
2.133052592470175313e+01
2.201095807893563716e+01
1.937877551445623681e+01
1.960150190735097198e+01
2.214806236971941189e+01
2.214958018704079379e+01
1.987197234015021508e+01
2.007254417329760088e+01
2.194171808261178569e+01
2.013785538734103397e+01
2.083011830063880865e+01
1.932198374501912141e+01
2.195950847912624582e+01
2.212558432827568566e+01
1.893191724375826013e+01
2.186564440565783229e+01
2.169878196667557901e+01
2.007254417329760088e+01
2.078469011507790754e+01
2.152917241609628363e+01
2.016266685166021944e+01
1.825571347251932153e+01
1.699237199929946485e+01
2.138750511325146419e+01
2.153534544647168758e+01
1.975695520899128255e+01
2.088747312010508850e+01
2.051460898944117162e+01
2.095560833215492025e+01
1.975203865813768900e+01
2.115050424453632516e+01
2.182769463598222259e+01
1.966164261195328677e+01
2.142429299230708040e+01
1.939056993898842052e+01
2.126405124936621860e+01
2.187724446321322347e+01
2.108211292516312696e+01
1.875304872629843445e+01
2.022581004227988188e+01
2.043718927163290289e+01
2.084215890819044148e+01
2.151477751611353995e+01
2.195678755434340701e+01
2.141194804513617100e+01
1.855897942526718936e+01
1.844249757610405283e+01
1.966708918926725858e+01
2.143032457203621632e+01
1.933434263061910485e+01
2.141170444873405287e+01
2.126896853790987052e+01
2.208763087271357506e+01
2.090947787952222114e+01
1.966164261195328677e+01
2.163424998925453480e+01
2.196522089615356776e+01
1.829151047220514315e+01
1.870386396310372135e+01
2.028554482843258100e+01
2.217988671191485395e+01
1.926133723393776265e+01
2.127992950745854728e+01
1.846324914343972523e+01
1.942497650168874301e+01
1.938131608042064613e+01
2.096629139115769291e+01
2.159264946719183342e+01
2.183628298326947004e+01
2.116869174869998460e+01
2.094235711585164950e+01
2.191517360382854918e+01
2.144276825032618916e+01
2.012788371375845387e+01
1.852648117599921207e+01
2.162760955155215825e+01
2.180688579192287335e+01
2.153325197306117644e+01
1.695539142340213346e+01
2.089764778855655436e+01
2.080142689308183179e+01
2.010169993786168163e+01
2.042214937832149957e+01
1.800941996339705398e+01
2.105700542617975302e+01
1.948925377200713172e+01
2.147677778641650903e+01
2.115748166525687424e+01
2.218458932384390891e+01
2.031030268040471043e+01
2.183189945598571313e+01
2.180862448541472531e+01
1.948524538784519677e+01
2.040746990151847129e+01
2.185066133586971659e+01
1.870907841762343082e+01
2.083917664614180865e+01
2.131017246822156963e+01
2.054592420014818899e+01
2.201095807893563716e+01
2.151446348570187794e+01
2.215138365328614611e+01
2.212558432827568566e+01
2.172516876450070811e+01
2.058470031363485120e+01
2.142934933136046993e+01
2.207278969005175639e+01
2.216806344270108653e+01
2.162852587337260957e+01
2.096413440239895465e+01
1.499494386404309942e+01
2.170113151075745961e+01
2.218177443901682722e+01
2.166260886713991951e+01
1.929122598803517263e+01
2.217732152434019355e+01
2.154799217865689087e+01
2.103646367606980050e+01
2.160781048054154496e+01
1.984801910735724562e+01
1.647734785087813236e+01
2.017881675041105183e+01
2.163765832547334966e+01
2.200146593504891257e+01
1.651373022524334289e+01
2.155850824907692243e+01
1.856191277077716961e+01
2.044684224991430810e+01
2.156419387841785351e+01
2.209279494754744633e+01
2.113551991865544721e+01
2.104863133020322508e+01
2.136025752237922148e+01
2.167350816832706073e+01
2.082152098323197009e+01
2.182418825231425785e+01
2.127673028550043455e+01
2.188487580306656355e+01
2.149930177456816338e+01
1.948384418968716503e+01
2.091163275232110408e+01
2.099120600944599957e+01
2.050114559209748677e+01
2.019435840998129805e+01
1.883594385451795361e+01
2.174341045386880822e+01
2.210005985810643381e+01
2.175111087719809078e+01
2.155499709172843126e+01
1.836609207880698946e+01
2.129381349315296035e+01
1.959141109674744996e+01
2.129244484576092589e+01
2.151608171890020671e+01
2.095686072412358314e+01
2.167585014035240221e+01
2.116397577606412383e+01
2.077623733649301840e+01
2.213106115989002376e+01
2.029522338697855588e+01
2.167688458808651220e+01
2.091558336176388622e+01
2.214059052096406077e+01
2.105422441114365029e+01
2.049403506389119300e+01
2.180946849397187037e+01
2.190855714544037980e+01
2.185162428421666192e+01
2.095624903406951489e+01
1.852895053771049305e+01
2.156417847142967759e+01
1.910015342140239625e+01
2.037214389479020582e+01
2.174169525077205378e+01
2.070555038232010148e+01
2.049738226816065634e+01
2.068775785322808147e+01
1.994364475155848027e+01
2.076780756002913364e+01
2.132609449039936322e+01
2.196211202608085600e+01
2.031716968342091434e+01
2.156934832486228615e+01
2.200110357155103102e+01
1.990754249595772052e+01
2.062030318961770803e+01
2.161049808464991884e+01
2.166312345750193913e+01
2.067147662402733133e+01
2.147566736227348372e+01
2.193736862417501854e+01
2.128264314196600537e+01
2.103519908282212469e+01
1.888546180519129436e+01
2.213056431824080761e+01
2.097721536496930028e+01
2.206012330263770238e+01
2.031787014176970985e+01
2.161319226998117315e+01
1.889473818800596305e+01
2.096355784568187630e+01
2.145020057696937243e+01
2.077610460471689890e+01
2.029167023384479052e+01
2.178033701869019367e+01
1.972109734346932441e+01
1.993495782651103809e+01
2.174727046981469059e+01
1.986514184845560749e+01
2.155533336915304687e+01
2.199089880434797806e+01
2.114374012620279686e+01
2.190401589659343173e+01
2.157781746371058063e+01
2.054530832629502157e+01
1.892638139050342261e+01
2.168846127353210917e+01
2.036257880525513286e+01
2.063979924070456207e+01
2.204635249784494277e+01
1.847231373443419500e+01
1.790571912480440275e+01
2.163411526339591973e+01
2.215805591532820529e+01
2.012059603757980142e+01
2.173804477526595846e+01
1.995301563397326916e+01
2.200619372808332486e+01
1.820639984916923027e+01
2.092955938242415925e+01
2.166296322559654897e+01
1.900503522458433991e+01
2.032622419029308602e+01
2.076468001836893151e+01
2.135677150977697991e+01
2.031787014176970985e+01
2.084764251533940893e+01
2.010470711540711264e+01
2.205910092923152277e+01
2.188503691422310382e+01
2.170804282613961789e+01
2.036427753565419252e+01
2.186142247237561520e+01
2.199264999851177294e+01
2.121665787284826621e+01
2.178618879662912988e+01
2.151750290507624896e+01
2.025449333322062273e+01
2.135846187303670973e+01
1.837811811609924817e+01
2.025961142409858695e+01
2.159307687112598018e+01
2.213598848642632788e+01
2.140713577456061145e+01
2.000445611496554221e+01
2.206367403286723672e+01
2.168199787313577076e+01
2.209241119966723232e+01
1.937853869396877471e+01
2.170418869383835059e+01
2.211647999472766202e+01
2.107531636886507442e+01
2.124668621367356280e+01
2.094708414785176132e+01
2.070413063711380275e+01
2.059409255152044693e+01
2.119348667181100510e+01
2.032573930219225744e+01
2.044941161622195835e+01
2.144253139774386341e+01
2.138789548284828257e+01
1.678864602131950434e+01
2.119780257393268741e+01
2.155931349732609448e+01
2.122303766531424429e+01
2.213589021178373883e+01
1.776486287522511276e+01
2.177368827406869656e+01
1.948727368731092469e+01
2.036094733800617362e+01
2.129514767342260484e+01
2.161649464993556080e+01
2.179721259835300273e+01
2.146355800921727308e+01
2.168540013294975566e+01
2.026403067536672964e+01
2.051044954503500506e+01
2.138972950422275332e+01
2.151698352770127443e+01
2.182804600563846975e+01
2.150928064296769904e+01
2.203371577574620943e+01
2.109940011516260938e+01
2.090679632295337598e+01
2.142864838937087768e+01
1.833459505674459322e+01
2.159195936882223066e+01
2.149966999403828893e+01
2.082395082257322017e+01
2.200195768457106027e+01
2.060871435314277278e+01
2.022659854833445792e+01
2.027634627588831506e+01
1.631899122104235644e+01
2.129215136379879070e+01
2.114371012247795534e+01
2.014136053362902246e+01
2.076068956439845792e+01
2.093102398192884905e+01
1.963493266193891884e+01
2.195063469843264770e+01
2.155477812340426880e+01
1.950022484437776882e+01
2.060963099697152501e+01
1.924422156620576985e+01
2.182143098414275073e+01
2.065513550351686689e+01
2.177548752324818793e+01
2.146036882935209889e+01
2.158768908691511612e+01
2.028339014568015841e+01
2.125690420757551635e+01
2.038369865381523027e+01
2.187531002675465075e+01
2.207826651920889915e+01
2.007301514415584620e+01
2.190337083013412567e+01
2.103707717143747047e+01
2.188643502988993106e+01
1.973110965320923071e+01
2.171862636739873409e+01
2.207926915868434747e+01
2.000984032006438795e+01
2.201837632131258005e+01
2.081077244918769864e+01
2.210274225620969801e+01
2.165368997554861608e+01
2.141049489063211553e+01
2.208543128307091763e+01
2.170061276621140323e+01
1.988689604129551469e+01
2.099759133224993946e+01
2.096316605425719004e+01
2.078816101632826019e+01
2.143400272093848002e+01
2.079082079966828189e+01
2.063992041032877722e+01
2.064764204074636567e+01
2.106117781986504767e+01
2.031648435536759578e+01
2.213605968127433954e+01
2.195860342657930175e+01
2.143472585369812222e+01
2.175476194365293736e+01
2.145598705995881517e+01
2.216653561914220205e+01
2.051403667829227828e+01
2.091381034695358920e+01
1.900854583648164109e+01
2.205839537877326606e+01
2.119260617405407743e+01
2.119132362159193050e+01
2.084603829903360150e+01
2.212290918059937184e+01
2.148737879033415510e+01
1.975958795420575953e+01
2.189473888868424822e+01
2.133695209194405606e+01
2.197116160729300560e+01
2.141854052185992430e+01
1.959334843134717730e+01
2.196902775954735887e+01
2.210246369402546662e+01
2.166591471985869788e+01
2.179438106672841258e+01
1.742644947428294344e+01
2.041111676372852202e+01
2.119295193734195237e+01
2.205447688256860772e+01
2.052846906516148096e+01
2.217787368217148369e+01
2.216853646233765929e+01
2.185052014457314584e+01
2.015397992988376785e+01
2.089056210123687407e+01
1.981740737752076953e+01
2.134296467335810021e+01
1.822067641131885551e+01
2.077307405286193998e+01
2.176549399829324827e+01
2.154879601615891715e+01
2.036138901562612702e+01
2.201563753803732837e+01
2.013611649533096326e+01
2.161058416558451611e+01
2.202995342035186610e+01
1.976929579254627356e+01
2.109533554073921735e+01
2.178002598030312242e+01
2.186392658655340426e+01
2.200466405100475242e+01
2.160359440358278960e+01
2.078279278613010206e+01
1.930441839971884832e+01
2.126990310701931008e+01
1.863045205601575915e+01
1.916869260749438197e+01
2.129813908996377947e+01
2.054876531594143430e+01
1.887235284981446881e+01
2.167925644508986949e+01
1.674725252704060807e+01
2.215233399010623927e+01
2.184874306497803076e+01
2.206022973366216178e+01
2.094567157575711036e+01
2.025959778063270278e+01
2.070171575564338085e+01
2.056223627020658284e+01
2.218083673929677602e+01
1.958440217148519480e+01
1.993211974860539470e+01
2.138221384738422159e+01
2.097851667525470276e+01
2.041322845346186199e+01
2.189983802357232889e+01
1.934635580501753083e+01
2.158351206254936017e+01
1.957071450886398978e+01
2.149624940303458231e+01
2.027634627588831506e+01
2.177775182723229719e+01
2.180964337521464103e+01
2.136025752237922148e+01
2.056961251033938964e+01
2.197201823170100710e+01
1.933114555919586053e+01
2.134751510495167537e+01
2.200006047882481397e+01
2.110554479450535581e+01
2.024847817756543833e+01
2.194006359676093965e+01
2.200441939030104521e+01
2.113638268587026303e+01
2.162809463418599876e+01
2.022022760364770022e+01
1.857499975639416334e+01
2.025334034151002172e+01
2.112760072592306315e+01
2.042214937832149957e+01
2.089558912816261937e+01
2.183189945598571313e+01
2.020046395534492945e+01
2.183382497868250738e+01
2.187762837870571531e+01
2.049349236987883671e+01
2.123012615873904352e+01
2.161672169012095424e+01
1.948727368731092469e+01
1.780249580557894973e+01
2.131216992944970201e+01
2.187133075117009540e+01
2.112316302620459396e+01
2.042988441346534501e+01
2.029131517711458343e+01
2.128737037528713216e+01
2.197832942513971943e+01
2.049709130369724619e+01
2.205447688256860772e+01
2.136323440276635921e+01
2.176105411459580807e+01
2.096364356456269462e+01
2.203120206181333884e+01
2.145637773613484001e+01
2.177956267417132352e+01
2.195699659614440336e+01
2.201533787358372152e+01
2.183226854146852247e+01
2.216178319472710001e+01
1.863006895964461762e+01
1.937719291295184121e+01
2.115745728386107061e+01
1.676846329196220609e+01
2.074402232081370911e+01
2.112467637720137859e+01
2.150646447393670968e+01
2.027917600553180932e+01
2.169559863345300244e+01
2.192719606417133704e+01
2.215664971652866200e+01
2.092955036678032954e+01
2.109182210071089969e+01
2.199025791902471738e+01
2.203568553245407102e+01
1.955524539163913644e+01
2.068658544139620048e+01
2.060963099697152501e+01
1.971073270309215530e+01
2.211796679496729112e+01
1.703910577593185849e+01
1.992751196584416817e+01
2.153844907081432325e+01
2.138395955054258479e+01
2.092955938242415925e+01
2.064847953291322114e+01
2.176782658956764038e+01
2.163151733174422375e+01
1.883594385451795361e+01
2.109432254549072994e+01
1.996929706050894282e+01
2.060288199804516651e+01
1.848063004530455089e+01
2.159327427379849240e+01
1.936460163397210010e+01
2.074434687133161503e+01
1.977914142275168885e+01
2.195507492070233724e+01
2.042591832294270660e+01
1.924944254092084250e+01
2.211708575134813870e+01
1.935766970280642241e+01
2.171037236193776465e+01
2.055643935762771690e+01
2.196408362424687510e+01
2.204550616537458296e+01
2.029511250507829345e+01
2.088340508946822993e+01
2.057511654017783087e+01
2.032409072163540387e+01
