1.181743349317988887e-03
5.530795133498201668e-04
7.108032190920770318e-04
7.466418900082012885e-04
7.637643852087680962e-04
8.336831255323128367e-04
5.952695263072765646e-04
2.494460226654247013e-03
5.215944321118915232e-04
1.811257798824861005e-03
6.898328609706795480e-04
7.141172726292732221e-04
7.332450219520362080e-04
1.006167614155976811e-03
5.767503552481689950e-04
7.123814180013198589e-04
1.019039081822488901e-03
3.598802114931602008e-04
4.054196046584221435e-04
1.506448008696970519e-03
1.765796832907033957e-03
9.554544969144395045e-04
4.298786864685081427e-04
3.225377766173593620e-04
1.648791075143783485e-03
8.236917782408775422e-04
2.901911905349678221e-04
1.137094693375550504e-03
1.382447340975814397e-03
5.311523516797646413e-04
3.390853792111819700e-04
5.621564242294229286e-04
5.427803613174648567e-04
4.317649877762964211e-04
9.823343819132229066e-04
7.746768114343431872e-04
8.396242018653321450e-04
1.720134216006301286e-03
6.516724111086463159e-04
2.653604007614719131e-03
9.400930450004742938e-04
3.390096205020698438e-04
9.868344984577648825e-04
2.787397365835665199e-03
1.031578162775236658e-03
1.254633548422788309e-03
1.094808483745300827e-03
8.361973732246954019e-04
5.214938568990352789e-04
1.308546616706057156e-03
1.458129752244592637e-03
8.056709151506796047e-04
4.407122687035863501e-04
3.584000874130926985e-04
4.257242154103780575e-04
3.142757250758768713e-03
3.118276671479555673e-04
9.237959465119297475e-04
6.021591225981794441e-04
4.759023554670723335e-04
1.334583454852224325e-03
1.132381867616135416e-03
5.001195816677903635e-04
2.370430154276798995e-03
9.586639237485303656e-04
5.422085914734567705e-03
9.650272334505988333e-04
1.132411263291216571e-03
6.086636243621050503e-04
1.215632332374439514e-03
9.277200895412226773e-04
1.345883561160377256e-03
1.228044137512114510e-03
5.481674890524781052e-04
1.306279578592572542e-03
1.158744145209864712e-03
7.849971321278718548e-04
2.646115828898453447e-03
4.432925216093974090e-04
3.629424418323392871e-03
1.181743349317988887e-03
7.798769813276571405e-04
1.458129752244592637e-03
5.464421669537289014e-04
1.595093136538552501e-03
1.680398435996542086e-03
1.741499801476082201e-03
8.724581144021143018e-04
7.898717270310776344e-04
5.697820003875515502e-04
9.310216188139216293e-04
4.509737407110729558e-04
1.705818922750957246e-03
5.635991413488353283e-04
8.596116252383957049e-04
1.151306133201300845e-03
6.132399824756301632e-04
9.914818719900201239e-04
5.577797112913377873e-04
2.992586645698657507e-03
8.204371220048799727e-04
8.930310063043209656e-04
5.548899514852750426e-04
1.276874774085604101e-03
7.589880731230202711e-04
1.218699299707087444e-03
7.164779424782361655e-04
7.540235717351239124e-04
7.602859241047895192e-04
1.485317281180375962e-03
6.675477378184390461e-04
3.277043273353443279e-04
1.301703207816456292e-03
8.969891842914600767e-04
8.226731489000366172e-04
2.415961869091545582e-04
1.323272641644353655e-03
8.074704344565500737e-04
6.978522790906606290e-04
1.220840298977472283e-03
1.594277363632700621e-03
5.410460576618773311e-04
1.533984994066226208e-03
6.488936307703747301e-04
9.464019270532642676e-04
5.320661589572724592e-04
4.830375840572649713e-04
4.764936396216857281e-04
1.472863949995202332e-03
4.300379201377063469e-04
1.335153239941314811e-03
6.885196405616804795e-04
9.386629956429348980e-04
1.078234287297709674e-03
1.402793680502939641e-03
9.202217427992389308e-04
5.234349309316349780e-04
1.633464894671588820e-03
5.760257138986441677e-04
5.015573300773639017e-04
8.669789642746728248e-04
1.960176050556180008e-03
1.156672121705839716e-03
9.267632554605232222e-04
1.277349216341080139e-03
1.049509807088104584e-03
2.789443295698253601e-03
5.560790339323656113e-04
5.797352427478771972e-04
5.205720814921185706e-04
2.583821995113847695e-04
9.683601336009726567e-04
2.524702456854447698e-03
6.884088767048414381e-03
1.303316264042939966e-03
1.661864213374683900e-03
9.824585398632789367e-04
5.138271592941314999e-04
1.045658458345359804e-03
5.231596468934366414e-04
1.205902608258523859e-03
5.324535258103037239e-04
2.828482423028815212e-04
6.767070277485572743e-04
5.050587625173519552e-04
8.424288082293932348e-04
5.926280370707618164e-04
1.803679746164659880e-03
6.893394497443941461e-04
3.313060324337223361e-03
7.893651868932215904e-04
8.405945984051363786e-04
2.821856602826572271e-03
7.654902444837258712e-04
4.022387118352984087e-04
3.362786609279068265e-04
1.081252043898813832e-03
1.361245651342231312e-03
3.863481407819922462e-04
7.262695506339375160e-04
2.113132754721371975e-03
2.319353767719605896e-03
9.315409777235428767e-04
2.074568463472211723e-03
3.097208256346575751e-04
9.116129341115927764e-04
5.560982118809698962e-04
7.665441412314034962e-04
5.177119777615100124e-04
4.790575331873286164e-04
3.690435678479098039e-04
1.502087539126734182e-03
6.988171059269167752e-04
2.075425408731800241e-03
7.866295785973106405e-04
8.058053490769875177e-04
9.585002515909722730e-04
3.364432051014540348e-03
3.698860627405139989e-04
4.608737298257422569e-04
6.661242210861840086e-04
4.944198259456128583e-04
4.412286898238349875e-04
1.131791771850859316e-03
2.535313460340766351e-03
4.341801835754600567e-04
8.830862624408840691e-04
9.822552573578288617e-04
6.996574995476213810e-04
9.963712785133365443e-04
1.873466306683419609e-03
3.680950999215973959e-04
8.510516256940165846e-04
4.504066988178235240e-04
4.721187170374582668e-04
1.341080154299985252e-03
7.504930184261728856e-04
1.351877021188963371e-03
6.209633207275650412e-04
7.220565688265367628e-04
1.119394759148730541e-03
9.378938584791773675e-04
1.099048252102050212e-03
6.863133698594753220e-04
1.187728742900034549e-03
7.665441412314034962e-04
4.081929273815738620e-04
8.818482327741267602e-04
4.965025226899061252e-04
7.154000586353245024e-04
7.718259971566218854e-04
1.924676312113594032e-03
1.392532021098611718e-03
5.047026402899969059e-04
8.357733652901486567e-04
6.464663980015268640e-04
1.027831946681856271e-03
5.973454049391334342e-04
8.446190789109710856e-04
7.334161268425270141e-04
1.089355667938583317e-03
6.033438071584060853e-04
1.080265927360086250e-03
4.395776114361412703e-04
8.471156112302177625e-04
8.737833544454530693e-04
7.801585613495523250e-04
8.921768537624735372e-04
1.090999770055037146e-03
1.467273800783095057e-03
7.551261331084767759e-04
1.116169870093999643e-03
5.876257335154953451e-04
8.161057149913360145e-04
3.770384696973104553e-04
1.151563183578784098e-03
8.490846170943083283e-04
7.877935990377564219e-04
1.256044891993289992e-03
7.033438548253479220e-04
6.606395730893725900e-04
1.655328736685871991e-03
4.706988580255913254e-03
4.236388001508478674e-04
2.682278333916434613e-03
1.103881672456612879e-03
1.906752281386862218e-03
3.677385871363173702e-04
5.108585537545699698e-04
7.997835130657915490e-04
1.064299612049921699e-03
5.214709030971603201e-04
5.050017817526776054e-04
7.613381153261154864e-04
8.983909405374408946e-04
7.846906953822702091e-04
1.071497377518716406e-03
6.754583608451180917e-04
1.717003479852066651e-03
5.804290061435355861e-04
5.245494211843031683e-04
8.882986001110513858e-04
6.091931748475383100e-04
8.727534290167748886e-04
1.839116132128091469e-03
1.077547806444196458e-03
5.496958446859949790e-04
4.221314093482119931e-03
2.613478995339934847e-03
1.504774847563900963e-03
4.743468259504386871e-04
6.699676053786954603e-04
8.290439629402942450e-04
6.963003279133218870e-04
4.947970698963213149e-04
3.924059703295239461e-04
8.690376961150999375e-04
6.801445074661493281e-04
2.077598658444021473e-03
8.882986001110513858e-04
2.690931391905572261e-04
8.808572823453885781e-04
6.047251609177814544e-04
3.430333218954703146e-04
4.853174314354783011e-04
1.061649206450738462e-03
1.290871647912778192e-03
5.110236893220280498e-04
3.321418131180113348e-04
8.508877950719646865e-04
1.789654101146126311e-03
6.832309273334699444e-04
1.116445178457703673e-03
3.474780128640440001e-04
5.883910745328339853e-03
2.255075772258380989e-04
1.078234287297709674e-03
6.605685174829812115e-04
3.470464396169785056e-04
1.276012619879360061e-03
3.584770169046343799e-04
5.227015658707955155e-04
8.310895093538540413e-04
4.058135832801603761e-04
2.867538632964472924e-04
3.684316703109087859e-04
4.763572638753811876e-04
8.214453321953473679e-04
1.068180026853255251e-03
4.693025340431848376e-04
4.379590447557835239e-04
9.671251914708033992e-04
9.436722411256748743e-04
6.916191451105162475e-04
9.479063729811753377e-04
1.649254961543976557e-03
8.481233766643902139e-04
1.270847601095605444e-03
7.879553160789255252e-04
7.026087822563975354e-04
4.084856339144799799e-04
1.158024265584104741e-03
1.050749375332441686e-03
8.056709151506796047e-04
6.884088767048414381e-03
7.665441412314034962e-04
8.555082602359266077e-04
9.625593904395836429e-04
7.663494547524396343e-04
2.495100427903164169e-04
4.024641517442748072e-04
6.783708036956375732e-04
1.134453748992005680e-03
3.727765758786416041e-04
1.033417573539313497e-03
6.654277709117010229e-04
7.720901652812479053e-04
9.873771714512334218e-04
1.131074040444888249e-03
2.074239477352461669e-03
1.009397714553871136e-03
4.273141230001171261e-04
1.211891558983592149e-03
2.043294568247843498e-03
2.011405857568062967e-03
2.787397365835665199e-03
9.105496950859808241e-04
7.652161505694653025e-04
1.632602815569293014e-03
9.436677120893191811e-04
7.631791359346617532e-04
7.428069356096238902e-04
6.924289835678004799e-04
7.307193083517222023e-04
8.599786157785452995e-04
5.079400640080910558e-04
5.289976673841807059e-04
8.574427465433094109e-04
8.409356940425976017e-04
1.055744696696259664e-03
3.654588015145183132e-04
4.430415519784146653e-04
4.240048522303749355e-04
4.295312579796660359e-04
9.120656524292775850e-04
3.399335846248181738e-04
3.167340612290407437e-03
1.065235654430390835e-03
4.812955905620579342e-04
7.187566816628187215e-04
1.012735896416108511e-03
1.620001598337635551e-03
8.096731439299588917e-04
5.547601157865289729e-04
6.691695712450595589e-04
1.010362888546270091e-03
1.224192878687602962e-03
8.014386014369834612e-04
7.478805856241584624e-04
8.223472008088585474e-04
1.626365067022406347e-03
7.987473621501462850e-04
6.438365168410367179e-04
2.324056774858694260e-03
1.213769112653961422e-03
8.021028503481454804e-04
7.841224446793711774e-04
9.682212319846141479e-04
8.416871410610180437e-04
9.394558013386422081e-04
9.294274571925476318e-04
7.342649226207406460e-04
2.306840824436836180e-03
5.945427122060913984e-04
7.131215453488533610e-04
6.400314142675740193e-04
4.252899824940771165e-04
1.105331755233398367e-03
4.336831615751806182e-04
4.499445948559875207e-04
2.038782707560651830e-03
1.490344815902137953e-03
1.029730900781864649e-03
6.770115273837005532e-04
1.399102290988117874e-03
1.239132002021626133e-03
1.794029132523874840e-03
4.017032187709319684e-03
1.355289427320595982e-03
1.414485083778244589e-03
7.844211206873264418e-04
1.036749465397350219e-03
5.296079270556419694e-04
5.233563452492743682e-04
4.878167620411274857e-04
9.256596083105965650e-04
5.986131376784778945e-04
7.578775869067236413e-04
5.277417363914632979e-04
5.250987737945450335e-04
8.204371220048799727e-04
2.339702214170043173e-03
8.623498111623155871e-04
5.082031932913289897e-03
5.663478537286468356e-04
5.468583701985467319e-04
3.073500609782909556e-04
5.298714909331059177e-04
1.593826779402489823e-03
4.806314035185684126e-04
9.537200835466838091e-04
5.082181734954889767e-04
3.843485101951815263e-04
1.355289427320595982e-03
1.150921116891872546e-03
1.276409174915844229e-03
3.475252537053921480e-04
1.640354264354690166e-03
9.168550618675117133e-04
2.549524541680775708e-04
5.985260750573471056e-04
8.230000689226201621e-04
1.622137155712121206e-03
1.526890706009264654e-03
1.032714427263478401e-03
8.037725237724758186e-04
1.035624295747977503e-03
8.754958261270230245e-04
7.441540065835685605e-04
2.724846978076008591e-03
4.336029296357129734e-04
6.898803573445786525e-04
4.992967499688324637e-04
5.330748941459943595e-04
5.093397013799250963e-04
4.093704170617236361e-04
9.505689093534340755e-04
2.881381221789309707e-03
2.773150880000897832e-04
2.564253528578104742e-04
4.272473851414689667e-04
2.094096432929221704e-03
5.754279551039615144e-04
3.736215719356805981e-04
1.191933511473630865e-03
7.634420944038833919e-04
9.997247239585766929e-04
2.158725845470872793e-03
7.295563974393661595e-04
7.195529953402454845e-04
4.354225518541041139e-04
4.694059581859729444e-04
9.251944307041926399e-04
7.850380020048157480e-04
1.277349216341080139e-03
6.608063557630855511e-04
4.407122687035863501e-04
1.263851829448375298e-03
1.930559025514240554e-03
9.792932979156003959e-04
1.745667241036231564e-03
6.742246368158681192e-04
9.262451986602925546e-04
1.011452278353014824e-03
4.421326617016577425e-04
5.235370184380078737e-04
5.085974972649442375e-04
4.763600127752136123e-04
1.201410933343112410e-03
7.668939752388193249e-04
5.384853954968053412e-04
7.825302119817609519e-04
1.170974014453434082e-03
1.688130651874897520e-03
2.978179123311277166e-04
9.614406432269504733e-04
5.206976508873848754e-04
4.700465571327511801e-04
2.319763358777178833e-03
9.186165941941506173e-04
8.665768673454190977e-04
4.846971862401816674e-04
3.430807486683126219e-04
5.231969519197170659e-04
4.224023260829258509e-04
1.680398435996542086e-03
6.213282053286987979e-04
9.889640206494707941e-04
8.312555010020321062e-04
5.896685134096260172e-04
2.781038638383500033e-04
6.687756950619015142e-04
4.077798429220628107e-04
3.458003024441906256e-03
1.095286732104524792e-03
6.880254736358656486e-04
7.310918165860164812e-04
5.534436049393356375e-04
5.001892931415789952e-04
6.896374086986031696e-04
7.569478624547446672e-04
8.068645446803997603e-04
1.450166029118469049e-03
1.489518332241171429e-03
1.673314199474350847e-03
4.960483747847604279e-04
4.906410460825532402e-04
1.127362812040110310e-03
2.162420641954660404e-03
5.667555583095160816e-04
8.025860525316364739e-04
3.728423566181397145e-04
8.328464372377163442e-04
7.930775867168169454e-04
1.359595134649237190e-03
3.823631200041638714e-03
1.667145355037599882e-03
1.077547806444196458e-03
5.802330002545038690e-04
4.093092826662988494e-03
6.455204582703889891e-04
7.104240457273761772e-04
8.291158298820738197e-04
1.460391484983775698e-03
9.039664625972292653e-04
1.497650297713527118e-03
5.697818709726783096e-04
7.428069356096238902e-04
1.276190167956835035e-03
6.875547322436775279e-04
1.514939807926017623e-03
9.281183626744677348e-04
1.049984074218751487e-03
7.298961399387631117e-04
1.550259663022470489e-03
6.295348753029406498e-04
4.678724245691233299e-04
9.467691345584004206e-04
9.903924283306024187e-04
4.572236313651922607e-04
5.110286980587297034e-04
4.389415605987800006e-04
1.942275394914091263e-03
5.453619050997310152e-04
1.093351112588779013e-03
5.214709030971603201e-04
8.914774758540518033e-04
6.905879094786283607e-04
4.178131990941986529e-04
8.396242018653321450e-04
5.247930669331708807e-04
2.146065348859321157e-03
1.097862277419381317e-03
8.320628425079100660e-04
5.648359915963996856e-04
7.689888114240235302e-04
1.137094693375550504e-03
7.263996068541005765e-04
9.900189793656179616e-04
1.272304228563068138e-03
9.266465598083180192e-04
6.493733495474346895e-04
1.325397995334787324e-03
6.193119110670812543e-04
9.265653473447132841e-04
1.585561842467692701e-03
3.156002023926446094e-04
2.446749815686823874e-03
1.215056081950271821e-03
1.572873711011110471e-03
1.143437031767618670e-03
8.320628425079100660e-04
8.489222823557872983e-04
4.657197550214845871e-04
5.870033730922503490e-04
1.593826779402489823e-03
5.412237631764252321e-04
4.819289153883200599e-04
5.011655801367616856e-04
1.074498104758664103e-03
3.714108935505262376e-04
4.626865536453810815e-04
6.765147362388605886e-04
8.232234114278949967e-04
1.468420912042632835e-03
6.243811998273159601e-04
1.731554288413165912e-03
5.489852996923106710e-04
3.448550871825546639e-04
1.319013864641992292e-03
8.096731439299588917e-04
5.223518182426601514e-04
5.316559241216078143e-04
7.458283035869281950e-04
9.770256802387974372e-04
6.310048165480865298e-04
1.835877619624109048e-03
6.990398007433362617e-04
4.961500289781267540e-04
5.160156487774774725e-04
8.291055819294177506e-04
1.019261224348141232e-03
1.621839803290400697e-03
4.488206935368545757e-04
9.717604807765274286e-04
4.829009423006629825e-04
1.986227393320117926e-03
8.034734275116193905e-04
9.804312396342568063e-04
7.986610265467240094e-04
5.848812891915754035e-04
5.843640381691317864e-04
1.572234260781714193e-03
6.738895432820971509e-04
1.539339604474937364e-03
1.321287817596098445e-03
7.944481444763182862e-04
5.563345403940307557e-04
7.718929942074938266e-04
1.426813631327063844e-03
7.778409321413436248e-04
9.901624869050767476e-04
3.476616792482448127e-04
7.055735633134421455e-04
1.139484692312613774e-03
4.533570767705628239e-04
2.521698254824359373e-04
9.558577933058204010e-04
4.178667070885771161e-04
1.102147180205275551e-03
1.358317329072399699e-03
4.509737407110729558e-04
1.044709202877149544e-03
4.163790801709573624e-04
3.753164507572857140e-04
1.341266182809056767e-03
5.114532285958105044e-04
5.365373965045696454e-04
4.094737741780379078e-04
2.410658670996644951e-03
6.064799487867461548e-04
1.564298844288106649e-03
7.430931081231292737e-04
1.613629361858253319e-03
8.773782771638331725e-04
1.105331755233398367e-03
6.253723520862858147e-04
5.335155983618038210e-04
8.450458499647361781e-04
1.211399366982929878e-03
7.446398659839560501e-04
4.759943876644354209e-04
7.695608893312907636e-04
4.390398403722217983e-04
5.695755663394504956e-04
1.153069131383532148e-03
1.188299996543938598e-03
4.111617037833617777e-04
9.062840203614091041e-04
7.765096029790415771e-04
4.455995432547746890e-04
6.085017588983313366e-04
9.225163805964548122e-04
2.036728578943114605e-03
2.370024014131428159e-04
1.376248950421386178e-03
7.045534408136681350e-04
9.747620628129157871e-04
4.802937631515819851e-03
1.255802841228016806e-03
6.208153970430472417e-04
4.891296841015179862e-04
5.879993654827899395e-04
8.307833012792173715e-04
7.135635767521607449e-04
1.138101831854173955e-03
9.728765665124705208e-04
3.512963948536643784e-04
2.516937292184893808e-03
6.644097693718004549e-04
5.332754401885331317e-04
1.059625451115584795e-03
4.626865536453810815e-04
1.061986729733221989e-03
6.832462826632206129e-04
4.312887979240425350e-04
1.595906570551636769e-03
8.157174421232854479e-04
5.202256831540787987e-04
1.600018566323460709e-03
1.358882498473453762e-03
9.987695298537171539e-04
9.999530196526419668e-04
2.036818113835927365e-03
1.625004038747110110e-03
3.907506073179688481e-04
3.665067699011656109e-04
2.635004646591010587e-03
4.721187170374582668e-04
4.657154346918839513e-04
4.117339312705953170e-04
8.393602640487215138e-04
6.684271503612415535e-04
1.292051718033962590e-03
6.643682591517455606e-04
7.453000797528053353e-04
1.113903976585722735e-03
4.418540762397346741e-04
6.591216960183369665e-04
1.968658057592778503e-03
2.260148699532072477e-03
4.323898774088710730e-04
1.029351632818701050e-03
6.568916671040732043e-04
2.208789286765332031e-03
6.468601380664321717e-04
1.169880139473053427e-03
5.134853646244458107e-04
9.739245745122903156e-04
6.207195481724378256e-04
9.169214197209485471e-04
4.718616063379463374e-04
5.414375971191712471e-04
8.168971970528919298e-04
1.134453748992005680e-03
6.088974676655765743e-04
4.555883848115287681e-04
1.640775755194743028e-03
4.442615219072552002e-04
8.324296713296257255e-03
7.262397858082595510e-04
1.243461298651875758e-03
8.463963693053039132e-04
4.412286898238349875e-04
2.074568463472211723e-03
5.777803131542038088e-04
2.880752387038973232e-03
7.694491598919959768e-04
3.739442988100497522e-04
2.521675028779420819e-03
7.289163834108097458e-04
1.638512341196683925e-03
7.386404112359200346e-04
7.336593071015473210e-04
5.373790655057561396e-04
4.936634404825909197e-04
6.415387915641463518e-04
9.515336612840639237e-04
6.738731311166411622e-04
5.259068975012217003e-04
6.507093331245892946e-04
1.314881151120145210e-03
1.443182184299183005e-03
9.355415941192817865e-04
8.518698335908143210e-04
5.474623985451547480e-04
9.596706736602151006e-04
6.434346117755170924e-04
5.048758920866558550e-04
4.983183132660683407e-04
3.040338250396280276e-04
1.050338072233489859e-03
4.506350674183843630e-04
7.661389215325608475e-04
7.505844712924062464e-04
5.468596619704517783e-04
1.584815991367168097e-03
1.220604025077297794e-03
5.891481642920247050e-04
7.700514693432481891e-04
4.579801809358541656e-03
5.897425243504356629e-04
8.785304847959712502e-04
1.357910514223938103e-03
6.668837419936000845e-04
2.675039176453239322e-03
6.198131480339225596e-04
1.105181065165281593e-03
8.232976289674970782e-04
5.564805634977367920e-04
9.987075624072389891e-04
4.685667185791797876e-04
6.989236413771728919e-04
4.003502772136515028e-04
1.312109478404302823e-03
8.016530646977406988e-04
4.992967499688324637e-04
8.813397650224323110e-04
1.119123719155540753e-03
6.469517104508324887e-04
1.218699299707087444e-03
1.874236323834216214e-03
1.343001307497396603e-03
5.033264987539289026e-04
7.256091574012662809e-04
4.836859461303879854e-04
3.676137187572258618e-04
4.726616964136152858e-04
1.035468735249483151e-03
5.089829998482680359e-04
4.848484601234841988e-04
3.457759669530751073e-04
6.011387496705663776e-04
1.823080849863032522e-03
8.509436159415706760e-03
8.555082602359266077e-04
6.691952734972218646e-04
3.313060324337223361e-03
7.111104396810886703e-04
4.550985528178440450e-04
5.080698375765480392e-04
3.721287928117250686e-04
9.784778687196532369e-04
9.005896803851134091e-04
1.641227747057967231e-03
1.235441799823911628e-03
7.153381954245901803e-04
1.871688747904214946e-03
4.312887979240425350e-04
4.858313440717118678e-04
7.043059425777031856e-04
1.459175160605483178e-03
1.595906570551636769e-03
1.040190980673253622e-03
6.535997695251121852e-04
1.838284021185579258e-03
4.698086231274321389e-04
4.106884317199748012e-04
3.332915112096309870e-04
2.646115828898453447e-03
5.099804000582691113e-04
1.448429256321479225e-03
1.454934464468576622e-03
7.078505588473568396e-04
5.829851935199055609e-04
7.086469141725764559e-04
5.714902012558942387e-04
5.011436291055890299e-04
1.019514383829621309e-03
5.756992604592788649e-04
5.030172923121299308e-04
8.339043078614772004e-04
4.524246011791734361e-04
8.142855018068035624e-04
7.788567607853160097e-04
6.836289491208097585e-04
8.241178982902865264e-04
5.912780326047745519e-04
9.806404781522056174e-04
4.251276783550619258e-04
3.947084536608815009e-04
2.181095121944462423e-03
1.068875560011325887e-03
1.263851829448375298e-03
4.245198938661902052e-04
1.060489135879249005e-03
5.150705635589437198e-04
1.142200853427359497e-03
4.436946513062486907e-04
1.469540526559839000e-03
1.023068735382107013e-03
1.226470379743551612e-03
7.586063499216462317e-04
5.492572668283367049e-04
6.053559850688396702e-04
6.832309273334699444e-04
8.241178982902865264e-04
6.996574995476213810e-04
7.523102645863510504e-04
1.733078426890151793e-03
4.019529042939473033e-04
1.121862289766540352e-03
7.505844712924062464e-04
1.301109351262072543e-03
9.818012682187918228e-04
4.685205419189990891e-04
5.825588580975945554e-04
6.285024340070375238e-04
5.429581966610435304e-04
3.104066947471007735e-04
9.689621900567790954e-04
1.382672083232809471e-03
1.691092789506693688e-03
5.205797923532026533e-04
4.726390493049303226e-04
7.505156417390065459e-04
4.912762641358265096e-04
1.326225534976997484e-03
1.179874668454530470e-03
4.986931592709584323e-04
1.306578346287758314e-03
7.316052412324763497e-04
9.716997146339524053e-04
1.215960566863047475e-03
1.685769416063461401e-03
6.290437629063300434e-04
3.667444265546264837e-04
8.955362369053693986e-04
7.334161268425270141e-04
3.540252977118614561e-04
4.497315069562310983e-04
7.706111230046846020e-04
9.210900918489203478e-04
6.742246368158681192e-04
8.168971970528919298e-04
8.178313562610190412e-04
6.823785181005742476e-04
1.667247757835584607e-03
6.680427541361478282e-04
4.552807338651267263e-04
8.612992733892082392e-04
8.352601555806398381e-04
1.556848609825534470e-03
1.071497377518716406e-03
5.452728719767723289e-04
8.333514785612290265e-04
4.692707435734182089e-04
1.654046288842876645e-03
6.784301736028166326e-04
1.633464894671588820e-03
1.037306235528314075e-03
1.793945904630607317e-03
4.877585498609322053e-04
4.364364657745104393e-04
2.214162828795666199e-03
6.996574995476213810e-04
1.186933182960212777e-03
8.354569071212759272e-04
7.668502943849214064e-04
1.272366197686680645e-03
3.343212998670588095e-04
1.022149698651044544e-03
1.756693468298547870e-03
1.122703149734773477e-03
1.054377521750173453e-03
2.889536954373718566e-04
2.607182470901840948e-03
6.382479349678937862e-04
7.155814126498177092e-04
1.564956079758912742e-03
4.664347165808694034e-04
1.170974014453434082e-03
5.464421669537289014e-04
1.151525179470905616e-03
4.392611874655152058e-04
7.713290449700416478e-04
1.032525538657364655e-03
6.059092030824033944e-04
1.427641001501462259e-03
8.308139384147887087e-04
1.224740062256506577e-03
8.970105690954519213e-04
9.670831983498760038e-04
6.632455459950879241e-04
1.502087539126734182e-03
5.906915922839539373e-04
3.782152146645218318e-04
1.259593736662898908e-03
2.684676570018197130e-03
5.037000343871884554e-04
