9.983361211717582773e+04
8.177861456279338745e+04
1.010193942868314480e+05
1.223259061471993336e+05
1.291295752898311184e+05
1.080973255709466321e+05
1.302432925730978313e+05
1.251924391231151385e+05
1.306493202614390466e+05
1.122272090752787626e+05
1.265138494900463993e+05
1.250123036430990614e+05
1.094405258425627107e+05
9.215521802028387901e+04
1.209692508449763700e+05
4.469923795852298645e+04
1.195058073334787769e+05
1.037563145139154221e+05
9.903920881418611680e+04
1.266903506770957465e+05
1.179041095389671245e+05
1.170789247362393071e+05
1.081182865460225876e+05
1.137255944073823630e+05
1.316236438986321446e+05
1.076422629946104134e+05
1.309027741598975117e+05
1.301055869928884495e+05
1.325500604238061933e+05
7.148746780369849876e+04
1.297181429209753696e+05
1.295791373117796029e+05
1.191864367281558079e+05
1.022252628793999320e+05
1.328928631638612424e+05
1.235085346215980971e+05
1.340947277989151189e+05
1.309448758598819113e+05
1.321950264602483658e+05
8.986114949630276533e+04
1.252130158429230360e+05
1.284456598807251285e+05
1.048846253630927822e+05
1.083652690465048508e+05
1.191397353727069130e+05
1.021480339854438789e+05
1.129230466822880699e+05
1.212940789035196358e+05
1.213339398262965988e+05
1.278455927237020514e+05
1.147721213703262765e+05
1.053910340997462772e+05
1.267826581068224477e+05
1.087671358614213823e+05
1.222175726540384203e+05
1.295870591300207016e+05
1.219845843635579076e+05
1.273301360401072743e+05
1.067356391575294256e+05
1.169585957587717130e+05
1.285342343629428360e+05
1.141443494919457007e+05
1.184421918000839069e+05
1.092873123182829877e+05
1.024045411445145292e+05
1.208707898943676846e+05
1.303344461879300943e+05
1.158012335316964745e+05
1.118832670619325945e+05
1.321199504063821223e+05
1.070647461143479013e+05
1.248757100901296944e+05
1.113324847669912560e+05
1.282628735329392075e+05
1.207014418193842575e+05
1.074535684889613331e+05
1.298820048115457466e+05
1.210771511987589474e+05
1.334015904020382441e+05
1.054106593120933976e+05
1.334895955261504278e+05
1.254015357904657430e+05
1.253128467993418308e+05
1.121559954043927282e+05
1.030025678617645317e+05
1.145458263445899211e+05
1.111422447958345438e+05
1.168906327264658466e+05
1.164578206576824305e+05
1.126457131936288351e+05
1.256112755745614413e+05
1.025387290200667485e+05
9.798494015349619440e+04
1.143094583807846357e+05
1.252643715656862041e+05
1.086386570465773693e+05
1.063990730430198892e+05
1.159856252541542053e+05
1.066280999786963221e+05
1.206322675130858115e+05
1.243242997952772712e+05
1.007616667472803092e+05
9.467373190666506707e+04
1.110596109505617205e+05
1.109229710975789203e+05
1.217257527367863513e+05
1.333369125013459707e+05
1.183168692029038502e+05
1.148381757509557647e+05
1.098683973759000801e+05
1.052433523223358934e+05
1.277707973165898875e+05
1.271512305005593371e+05
1.123797089655765594e+05
1.202994068919619458e+05
1.221213504852624174e+05
1.207921358060999482e+05
1.198830972004083742e+05
1.297104037858686497e+05
1.211725678197828238e+05
7.369238564837651211e+04
1.284491329496314866e+05
1.290537354902570078e+05
1.236102134139652189e+05
1.215630600564457127e+05
8.545402046458050609e+04
1.340419343305597722e+05
1.065251675723827648e+05
1.120096750798785361e+05
1.168441140532104764e+05
1.112997000796450011e+05
1.117410098576952587e+05
1.234813623984558653e+05
1.289643651169380464e+05
1.258187356550341792e+05
1.122612358737180475e+05
1.281566250577305618e+05
1.219550095381263236e+05
1.221303983455469715e+05
1.008100809658543585e+05
1.183711794749103283e+05
1.279746118898652057e+05
1.095898444825705083e+05
1.146484214142546116e+05
1.080973255709466321e+05
1.307405984144119429e+05
1.318257413092254428e+05
1.331030961568358762e+05
1.069172400048644631e+05
9.637056654631934362e+04
1.307645677129450196e+05
1.171010958902581624e+05
1.130344114102381136e+05
1.091953431286261039e+05
1.139121201297893713e+05
1.215982633969399176e+05
1.274486602716536145e+05
1.013587940155877877e+05
1.281179298585186043e+05
1.154525355546576611e+05
1.049992418042792415e+05
1.316971194398867374e+05
1.268076914758644853e+05
1.292068089506963006e+05
1.181789025949445495e+05
1.321288001821854850e+05
1.139636163195983099e+05
1.309900609683383082e+05
1.318193120239160489e+05
1.058740625569967815e+05
1.273989126070021157e+05
1.050942483813379513e+05
1.336670092229240108e+05
1.122336788938654354e+05
9.235575519662980514e+04
1.267229408920130518e+05
1.195904255262765510e+05
1.151311511788374191e+05
1.339563287415425293e+05
1.161125810958640359e+05
1.159799518304621597e+05
1.268803187138248468e+05
1.180031635808305145e+05
5.929953594580861682e+04
1.273903145006285340e+05
1.136600348899083037e+05
1.095809840771442396e+05
1.320910364863591967e+05
1.263792041015330906e+05
1.235849484527698369e+05
1.218162684964823857e+05
1.119450864669254661e+05
1.207352321093061473e+05
1.057149588033634791e+05
1.022252628793999320e+05
1.256448386516558821e+05
1.197404251684074261e+05
1.296688407713920169e+05
1.314062238211298245e+05
1.147457190733740863e+05
1.097389792341309367e+05
1.236790107123349444e+05
1.042395920788279036e+05
1.124726303321139567e+05
1.326489533337905887e+05
1.319725399104685930e+05
1.260623869650690031e+05
1.128194359860417608e+05
1.267386044939924905e+05
1.228397666762986191e+05
1.039879484047986334e+05
1.159530782668703177e+05
1.195587017271967634e+05
1.183757999052730593e+05
1.115290327207841183e+05
1.042395920788279036e+05
1.146954035693121405e+05
1.148431689703869197e+05
1.305255426332479692e+05
1.184955933628883213e+05
1.136822280103825469e+05
1.121284862480054144e+05
1.075033116169694549e+05
1.015832185357908165e+05
1.190268487689433241e+05
1.191736562129001250e+05
1.152528914545661682e+05
1.273326117672128748e+05
9.693155881316546584e+04
1.113557094768381940e+05
1.294306536190301704e+05
1.341591025135773234e+05
1.248936295202775800e+05
1.210302055800183589e+05
1.187899728517752083e+05
1.107522326142629317e+05
1.253859259110547137e+05
1.066564126840023382e+05
1.158586194013671920e+05
2.948561491416812351e+04
1.081989451780950330e+05
1.329023434296742489e+05
1.048330797706401208e+05
1.037758604851120908e+05
1.171855195607330388e+05
1.296040898679708916e+05
1.049900922294127668e+05
1.055976805955462623e+05
4.208302632019836892e+04
1.323809411840108805e+05
1.190394863742180605e+05
1.152174462653572700e+05
1.062057511763389193e+05
1.307154446349316859e+05
1.146954035693121405e+05
1.152877330772277783e+05
1.185813749756347534e+05
1.086407208283361833e+05
6.144799861093454820e+04
1.286640787074050895e+05
1.317089259904720820e+05
1.190950285681609967e+05
1.201493861290507048e+05
1.198816097066397633e+05
1.114074595485012687e+05
1.125325537625589204e+05
1.181628988838179066e+05
1.291942845107540343e+05
1.120876706158219458e+05
1.191029795820061263e+05
1.127676765366071340e+05
1.186875934955312841e+05
1.259030860445703438e+05
9.467050304021926422e+04
1.274114999515923846e+05
1.172564367693222885e+05
1.252865939750008547e+05
1.171267389952711819e+05
1.118544337189512298e+05
1.274728710180555354e+05
1.154424336302371958e+05
1.210616186781249999e+05
1.328603792753699527e+05
1.081424167229848827e+05
1.150325663094542106e+05
1.211737090692509664e+05
1.183916701691903145e+05
1.135126527158390381e+05
1.208262989506951417e+05
1.207545859391864651e+05
1.291168176076691452e+05
6.223455460500980553e+04
1.322265845000203699e+05
1.229223510825951671e+05
1.254466266120990913e+05
1.147910577240109997e+05
1.041361914791416493e+05
1.145528849779783486e+05
1.257073785245612962e+05
1.283688625547507982e+05
1.218811144221837167e+05
1.205917350806162431e+05
9.982823811782775738e+04
1.095700604286084999e+05
1.295389416552668263e+05
1.026722020165700233e+05
1.105454533147673501e+05
1.263564116736666620e+05
1.124205414291965280e+05
1.070302868808011553e+05
1.223290105819486198e+05
1.306432082435481425e+05
1.203795407122270699e+05
1.192494283376048697e+05
1.027676249438667437e+05
1.186885609932834777e+05
1.021916591897217149e+05
1.308628990060937795e+05
1.140572942471898277e+05
1.194678181332853710e+05
1.093525860788417776e+05
1.241338204936914990e+05
1.041206637936573243e+05
1.293887342105657153e+05
1.213243370548756793e+05
1.272411991088905343e+05
1.087271908872735949e+05
1.126824108384686406e+05
1.102710600172477716e+05
1.118832670619325945e+05
1.195493357216932927e+05
1.147512803422065917e+05
1.173997911624892004e+05
1.116065445925435488e+05
1.325868376180090709e+05
1.325682357415910228e+05
1.175145060328568943e+05
1.167995635181254620e+05
1.194669165541196999e+05
1.144789031446704321e+05
1.217238872840329859e+05
1.256977918979367969e+05
1.058740625569967815e+05
1.036448881892905338e+05
1.015504186361030734e+05
1.202332055325321417e+05
4.673232136260541301e+04
9.821412312783973175e+04
8.294459897892348818e+04
1.108231696347408142e+05
1.135990922445928445e+05
1.113239557601952838e+05
1.240627251275894523e+05
1.145461267373514711e+05
1.282071336516039009e+05
1.011724690361918474e+05
1.046948473181988375e+05
1.255666357205924287e+05
1.066224903785742645e+05
1.055978093008412106e+05
1.293931727060661360e+05
1.036228629665498447e+05
1.106875181795316457e+05
1.137186106424195750e+05
1.146760608808774996e+05
1.075157466721636447e+05
1.122109589085007756e+05
1.237817179407871736e+05
1.092733886312075774e+05
1.206431933446728654e+05
1.206500031035293941e+05
1.147570005068355531e+05
1.122451829478044529e+05
1.043581590972821141e+05
1.341650955528439372e+05
1.094995693351784430e+05
1.301055869928884495e+05
1.148740822167802980e+05
1.328241357347272860e+05
1.303234456534933270e+05
1.068603908494137140e+05
8.282131197732617147e+04
1.167711186127191322e+05
1.213644347317900247e+05
1.064858274583121238e+05
1.167529563381921907e+05
1.308841421455586242e+05
1.169616559805115976e+05
1.195576614579627494e+05
1.259260567555464368e+05
1.065954874970349338e+05
1.159089401786937669e+05
1.216137019044983608e+05
1.303989818551637727e+05
7.265649409632846073e+04
1.182399119805168302e+05
1.328907620894052088e+05
1.041672991458474135e+05
1.110372808625466132e+05
1.035299056374765642e+05
1.036375991565553413e+05
1.150581096577005374e+05
1.107069488954361877e+05
1.158209763751051651e+05
1.220456011529695243e+05
1.196923911558385735e+05
9.945084840948721103e+04
9.225504927748729824e+04
1.312370132955385488e+05
1.263119480162882828e+05
9.636420142799679888e+04
1.289910904435522389e+05
1.048789068205215008e+05
1.223886951581680769e+05
1.223406694623730436e+05
1.255649087179681665e+05
1.337522936571533501e+05
1.054145783380920184e+05
9.940453348531306256e+04
7.742257730314589571e+04
9.760731272380617156e+04
1.043480036703144870e+05
1.024031122801495221e+05
1.086183334545748512e+05
1.210564314819370775e+05
1.203154079426010285e+05
1.069345613675666827e+05
1.261602729033683427e+05
1.053197574557720218e+05
1.282962770433954138e+05
1.285649772535337688e+05
1.326786281310119666e+05
1.196594046803316014e+05
1.078883881685497618e+05
1.216020637477679120e+05
1.330650594830206828e+05
1.224802220409143629e+05
1.277605901535931625e+05
9.648063387808660627e+04
1.049780199048229260e+05
1.052433523223358934e+05
9.728652131631117663e+04
1.097389792341309367e+05
1.109336126716244908e+05
1.264168345143111801e+05
1.237256973727387522e+05
1.340921810817980149e+05
1.281645717183414963e+05
1.268003810723954230e+05
1.159246841865814786e+05
1.337503735851069214e+05
1.151020949156066490e+05
1.262696803260610759e+05
1.281465656169976428e+05
1.202513330858442350e+05
1.057012308748640353e+05
9.215521802028387901e+04
1.131472562740195281e+05
1.117460133286570053e+05
1.286108011402849806e+05
1.174396215181775187e+05
1.331162759921950055e+05
1.071164562726294535e+05
1.333587693717344082e+05
8.796343938712433737e+04
1.173739687326134008e+05
1.261492624774793221e+05
1.128795732951465761e+05
1.240275569257866737e+05
1.260969858929535258e+05
1.242817682953733893e+05
8.068648332953352656e+04
1.311900457659801468e+05
1.185672573918121925e+05
8.194121497610450024e+04
1.278148060728205892e+05
1.304613665406844375e+05
1.242465580575859058e+05
1.116943723093959998e+05
1.103374154010501807e+05
1.266261866310141340e+05
1.294719118641489040e+05
1.174767327359605115e+05
1.109578482818392949e+05
1.143131341039716062e+05
1.047095759110386862e+05
1.168833865464951377e+05
1.012311750768235506e+05
1.142199312948404113e+05
1.262460650752186484e+05
1.231214298110147502e+05
1.243587646429060405e+05
1.318108828283827752e+05
1.272717973283579631e+05
8.147887854255564162e+04
1.341650955528439372e+05
8.172838423965552647e+04
1.241537568684394355e+05
1.109788459110229451e+05
1.088398933108505007e+05
1.044019296983199602e+05
1.176168554212060262e+05
1.168678002772004984e+05
1.214119654206981068e+05
1.320953104027012014e+05
1.027649513060063618e+05
1.193449588811710419e+05
1.091567735390881862e+05
1.138368305236844753e+05
1.228441839395955903e+05
1.290033151403282973e+05
1.134076294982717518e+05
1.311913340614996559e+05
1.037039930630128511e+05
1.167224709605016251e+05
1.145086825958970148e+05
1.215281157983570156e+05
1.325810703936222126e+05
1.207940575000429235e+05
1.173837114040556771e+05
1.100066644117164396e+05
1.218162684964823857e+05
1.171159624454640871e+05
1.277096664522189822e+05
1.191397353727069130e+05
1.036742054563790734e+05
9.594110113858307886e+04
1.299242822309758776e+05
1.319375079640918702e+05
1.168831756495366135e+05
1.193289865218667255e+05
1.300094499500281381e+05
9.419102577160589863e+04
1.202104149623348203e+05
1.310816742165836040e+05
1.143856889268615341e+05
1.291942845107540343e+05
1.142199312948404113e+05
1.174225981234391220e+05
1.333150568460455979e+05
1.143107986199689185e+05
1.259374520852444111e+05
1.292216437069141248e+05
1.194706791396044136e+05
1.137255944073823630e+05
1.202480207947231829e+05
1.332901315213268099e+05
1.195714394678365643e+05
7.578899319661571644e+04
1.247390967795523029e+05
1.218418194332306302e+05
1.065954874970349338e+05
1.259614469854201016e+05
1.157400151294407697e+05
1.283374068633447896e+05
1.327389114330266893e+05
1.296085859872724686e+05
1.325706309942603693e+05
1.170709681033454835e+05
1.234541324041785701e+05
1.104019044789885520e+05
1.220828205094456353e+05
1.138822482836068084e+05
8.945581886903030681e+04
1.141241252347541304e+05
1.211328644358557940e+05
1.121294906595084321e+05
1.291636567055749474e+05
1.174284820655154763e+05
1.038022943028887821e+05
1.049485567621935043e+05
1.012206204655390466e+05
1.185479467447713105e+05
1.331841539635563968e+05
1.277917893332826934e+05
1.080586350249721727e+05
9.869933194236058625e+04
1.285766953980796825e+05
1.138903225890515605e+05
1.061917021162888268e+05
1.031435137293192092e+05
1.303915829236937425e+05
1.285237649835625634e+05
1.158881600958023919e+05
1.193624211273759574e+05
1.207738780044805462e+05
1.274607296661823057e+05
1.068822142679432291e+05
1.116297292225600540e+05
1.285589111875317030e+05
3.242743334000234245e+04
1.126993590275216848e+05
1.129160581392474123e+05
9.767785339118175034e+04
1.148279015433354361e+05
1.322122778633429261e+05
1.043346636365931772e+05
1.015180372733545664e+05
1.219597900179756107e+05
1.056516638848085713e+05
1.102180854977256095e+05
1.140088862216990965e+05
1.306445144524835050e+05
1.133477801538783096e+05
9.576936138033127645e+04
1.153009959007802536e+05
1.303344461879300943e+05
1.299637163654805772e+05
1.166374397793379612e+05
1.197733494429159036e+05
1.051400344107632700e+05
1.230710462536764389e+05
1.161529539028081344e+05
1.119489829477352032e+05
2.948561491416812351e+04
1.228923390520082030e+05
9.185224219936410373e+04
1.077338477707515267e+05
1.329731065417900973e+05
1.233905009103158955e+05
1.218266077010510489e+05
1.056372615455476916e+05
1.283260887678147119e+05
1.173849154167632951e+05
1.188125480997994600e+05
1.251587084378294094e+05
1.139113489475366951e+05
1.130337296027161792e+05
7.515808700119021523e+04
1.124050499166896334e+05
1.242433372065699223e+05
1.223632110227330268e+05
1.047030647868163942e+05
9.929308854814934602e+04
1.197899629880102439e+05
9.576936138033127645e+04
1.207084234850717912e+05
1.266563455749792920e+05
1.241090181821797451e+05
1.295648153332403599e+05
1.173090463901752082e+05
1.152161010768016276e+05
1.210107932337379170e+05
1.130205092057227739e+05
9.186197602089431894e+04
1.272781668989952886e+05
1.258863055857539875e+05
9.948232711932933307e+04
1.056859297864242835e+05
1.027091692866036901e+05
1.200433187324560713e+05
1.291520234081140370e+05
1.172362324545346928e+05
1.032351828358158382e+05
1.240925638977833732e+05
1.331195374963809736e+05
1.341826838244106621e+05
1.113637702800694678e+05
1.210386974587994482e+05
1.310121217361751769e+05
1.223713190014124993e+05
1.175315798304148193e+05
5.952022508860857488e+04
1.146954035693121405e+05
1.230257271287135954e+05
1.175006009207089082e+05
1.068822142679432291e+05
1.239904808247283945e+05
1.039098018685750721e+05
1.136185455513187771e+05
1.317923120712121890e+05
1.213949935929234052e+05
1.123734241357248247e+05
1.087271908872735949e+05
1.075294363268726593e+05
9.969121712394732458e+04
1.206061063958576851e+05
1.247965318925714819e+05
1.090029531201930076e+05
1.231847695605107874e+05
1.238166293079676252e+05
1.291120569987060298e+05
1.125703677764366876e+05
1.263858793654535548e+05
9.909290841687262582e+04
1.317313450585887476e+05
1.228708656852895219e+05
1.180427619904570602e+05
1.104165775158008182e+05
1.051575447836765816e+05
1.142359502089104353e+05
1.321821592499912949e+05
1.144350170333600108e+05
1.257491591560077941e+05
1.145018249354422878e+05
7.848517159189208178e+04
1.207921358060999482e+05
1.284114538128405402e+05
1.320088521281922003e+05
1.274140838554308575e+05
1.152548663460859534e+05
1.170448035053818749e+05
1.293878799538901076e+05
1.216399065078009007e+05
1.216803079800622218e+05
1.338311518313288980e+05
9.284932816920007463e+04
1.149584313540776784e+05
7.605442516018982860e+04
1.072738482259331940e+05
1.258351471642765828e+05
1.313002505829829024e+05
1.339813434771372122e+05
1.023792804060120543e+05
1.297129818415761256e+05
1.288173581568441296e+05
1.162793400428710156e+05
1.091221931039978226e+05
1.055090296785059036e+05
1.233740130723384063e+05
1.285649772535337688e+05
1.122290007124131807e+05
1.305474562202000525e+05
1.333056612467241066e+05
1.108506029538309231e+05
1.018739115490080294e+05
1.279572346119533322e+05
1.295396378948400088e+05
1.235135776742448943e+05
1.058773136636341806e+05
1.321821592499912949e+05
1.231833154630731005e+05
1.084159186388760863e+05
7.816908186087205831e+04
1.142102822634621116e+05
1.138583426173063490e+05
9.186197602089431894e+04
1.111781438281628361e+05
1.261374282449842722e+05
1.193413714076593315e+05
1.094407143892801541e+05
1.105326731731556647e+05
1.100201616052817844e+05
1.105713266728167655e+05
1.322694278393649729e+05
1.044719830657705897e+05
9.907673389822937315e+04
1.088023221697234985e+05
1.234288719550130772e+05
1.074484295932191599e+05
1.066564126840023382e+05
1.221935222984593420e+05
1.260734940986721340e+05
1.060448973933761881e+05
1.054614898904370639e+05
1.213989035592837172e+05
1.245615948909606086e+05
1.037237873840430839e+05
1.266665777101321000e+05
1.206060408736956742e+05
1.153909839027239068e+05
1.291120569987060298e+05
1.064399403064418730e+05
1.174447463255345065e+05
1.162643894879182189e+05
1.259002961466795095e+05
1.187733780169041711e+05
1.326615229303314118e+05
1.327508364039393200e+05
1.081775125752855383e+05
1.223713190014124993e+05
1.206331787522570667e+05
1.177940882820688421e+05
6.681243650063331006e+04
1.323819913881049724e+05
1.311051207214414026e+05
1.328160427630651684e+05
1.258952671110024676e+05
1.154112233293930767e+05
1.333885131104311731e+05
9.864610642040743551e+04
1.125137152594226209e+05
1.271105170174177474e+05
1.205031550853890512e+05
1.156315366224693862e+05
1.066224903785742645e+05
1.009939856849726202e+05
8.761773246347549139e+04
8.483574276575969998e+04
1.335421918489119853e+05
1.065954874970349338e+05
1.035077270631567371e+05
1.202927986646645004e+05
1.159530782668703177e+05
1.237893167342059023e+05
9.523030824461176235e+04
1.242835711412286619e+05
1.178953106067388871e+05
1.291117513013786374e+05
4.966149472578396671e+04
1.149002871964757505e+05
1.258753616886244708e+05
1.263413403299304773e+05
1.140205002413206821e+05
9.953821934732643422e+04
1.069492380481400323e+05
1.122451829478044529e+05
1.107472084098189516e+05
1.207984286323102424e+05
1.103887828819452116e+05
1.226125589142913523e+05
1.252670485386994260e+05
1.327672035301340511e+05
1.197924168627484032e+05
1.199698784149730636e+05
1.213502907462904986e+05
1.329437440369151009e+05
9.715384780604511616e+04
1.325912064899199759e+05
1.123416866371095966e+05
1.113008865510886390e+05
1.114144078278587403e+05
1.179953012844717887e+05
1.298869252580511675e+05
1.232151479466899909e+05
1.114855995390504540e+05
1.226186880219381273e+05
1.051438076008977077e+05
1.055931797727368830e+05
1.132294490277545847e+05
1.241338204936914990e+05
1.296990357630806102e+05
1.179826452162474889e+05
1.131695986318059731e+05
1.218921901726713695e+05
1.320690141293577908e+05
1.335527558907297498e+05
1.148946059548982594e+05
1.033046010032222257e+05
1.227032191531428980e+05
1.068603908494137140e+05
1.340221076715745439e+05
1.136179888917033095e+05
1.231833154630731005e+05
9.203466800894541666e+04
1.261316522003187129e+05
1.083652690465048508e+05
1.312516248188434402e+05
1.241894321010130807e+05
6.521087030661382596e+04
1.263413403299304773e+05
1.129327643737958570e+05
1.097491528312506998e+05
1.199106268719785730e+05
9.929308854814934602e+04
1.259487637089386844e+05
1.251237872302798060e+05
1.162620267148570274e+05
1.201530254787986196e+05
1.152331689717543049e+05
1.189125024685962271e+05
1.134224553903181222e+05
1.234557452817614394e+05
1.171279190905302821e+05
1.107607609581061988e+05
1.245395296551339561e+05
1.304852136072381545e+05
1.204624411103167513e+05
1.168953835292913864e+05
1.202652684464974882e+05
8.282131197732617147e+04
1.204314137321870658e+05
1.081277892236944026e+05
5.161423374800100282e+04
1.180856197805628908e+05
1.137255944073823630e+05
1.158388176052944182e+05
1.295468596152920509e+05
1.137993811342503905e+05
3.505071896022775763e+04
1.228825766256308707e+05
1.122646177834341506e+05
1.319672316641505458e+05
1.138344942841239390e+05
1.320690141293577908e+05
1.251924391231151385e+05
1.327806204065332713e+05
1.012118083495490428e+05
1.113789080453413771e+05
1.226843882647629653e+05
1.289221529935423750e+05
1.305484945702479890e+05
1.297153329625853512e+05
1.047792139056357410e+05
1.279582605347289937e+05
1.237817179407871736e+05
1.164821651722430834e+05
9.558332349370492739e+04
1.229108739393989963e+05
1.257218692587748810e+05
1.322706626122369489e+05
1.255634279564007447e+05
8.499756875662520179e+04
9.225504927748729824e+04
1.156977377859520057e+05
9.162871454435183841e+04
1.222704779813857604e+05
1.116242665109104710e+05
1.278396947732131230e+05
1.199468113690045429e+05
1.110486899269680434e+05
1.302412350619475619e+05
1.194706791396044136e+05
1.277096664522189822e+05
1.104772427205734275e+05
1.216437693659546348e+05
1.057178564668307372e+05
1.056698853299184993e+05
1.041661686451260466e+05
1.036144305093890143e+05
1.220456011529695243e+05
1.056034157119885349e+05
1.204230395998462045e+05
1.149648028861355997e+05
1.189139176105493389e+05
9.871462039305381768e+04
1.326950766030110244e+05
1.111120501176941470e+05
1.206134784656361880e+05
8.986114949630276533e+04
1.036375991565553413e+05
1.114864560026316758e+05
1.241231275922907807e+05
1.118177544796256843e+05
1.012410441935284616e+05
1.069573379601652705e+05
1.336034427528989327e+05
1.291460603856423695e+05
1.325355083828685747e+05
1.169554450594098307e+05
1.126697414818463731e+05
1.205031550853890512e+05
1.272000296567774203e+05
1.270521578597669140e+05
1.187762135839577386e+05
1.061828933591644454e+05
1.116452842165299226e+05
1.207084234850717912e+05
1.237173193045998923e+05
1.308841421455586242e+05
1.152920998993894318e+05
1.173459847220042429e+05
1.237996264965203882e+05
1.032633643482935295e+05
1.213502907462904986e+05
1.077906244325961743e+05
1.217505877105780819e+05
1.299470942772351118e+05
1.319623736533394549e+05
1.288400702663377306e+05
1.305619833132146887e+05
1.073278797703076561e+05
1.326819970492780849e+05
1.332537494505921204e+05
1.332415344269457855e+05
1.107126080639649590e+05
1.296524584310903883e+05
1.334159030820952030e+05
1.123416866371095966e+05
1.138616590269183653e+05
1.327809774862141057e+05
1.030983766558854550e+05
1.260340651185614988e+05
1.100201616052817844e+05
1.057764701500988740e+05
1.128903453233788750e+05
1.105852356956742151e+05
9.945084840948721103e+04
1.259124512898248649e+05
1.248989663848442142e+05
1.164869429992678051e+05
1.230661053232120466e+05
1.148166769200450362e+05
1.301071145273011352e+05
1.117030520200603496e+05
1.045598950570989546e+05
1.314608017291135620e+05
1.036768683881492179e+05
1.018936858764511999e+05
1.253541729243759910e+05
1.257209952319683216e+05
1.114244126153475518e+05
1.328071195994158625e+05
1.303278058314357768e+05
1.011205124612877262e+05
1.210759905480806192e+05
1.212713784953933500e+05
1.297149528633387381e+05
9.780374057145624829e+04
1.217013186814393557e+05
