1.364141066218233391e+04
1.428196629518109694e+04
1.424395051605952358e+04
1.337668954227029462e+04
1.420316872349232654e+04
1.354528435017426455e+04
1.417780766986622075e+04
1.384282719855505275e+04
1.412994727826671988e+04
1.441976423349168545e+04
1.318968017881490778e+04
1.413559522992826896e+04
1.438976436393148651e+04
1.329171038450111155e+04
1.432393767869989460e+04
1.410839819135952894e+04
1.342461159225064875e+04
1.427403023173037036e+04
1.445501040619051855e+04
1.388195926438080096e+04
1.407806402976410209e+04
1.425838291050886255e+04
1.389848810864011102e+04
1.443273141089301134e+04
1.435263088714698461e+04
1.432517752003765418e+04
1.438585941345339597e+04
1.422481888827587863e+04
1.433102160275473034e+04
1.348941189673577173e+04
1.413644185423896124e+04
1.380118365807791815e+04
1.401538106914494347e+04
1.377421404276642170e+04
1.436505508965168701e+04
1.352082577167101226e+04
1.428495999468443188e+04
1.418648192506132909e+04
1.417376557033144309e+04
1.435574902228895735e+04
1.430216636018171448e+04
1.395461297501310946e+04
1.412392868117242506e+04
1.429718567862123928e+04
1.441999523039112319e+04
1.414722164410801815e+04
1.391969461027630678e+04
1.417027287844952116e+04
1.433883511772061684e+04
1.422666732991384742e+04
1.428045030751909508e+04
1.400752558420281457e+04
1.406782947934825461e+04
1.408338446668511824e+04
1.438068181259845187e+04
1.394768461108815427e+04
1.426579574075312667e+04
1.426564634667487007e+04
1.393908200408365701e+04
1.431775309616779305e+04
1.370511796586005221e+04
1.435969092162706511e+04
1.434213457872601248e+04
1.269535647587253334e+04
1.437688285803705367e+04
1.347913380683107425e+04
1.273130540538580317e+04
1.434967886609566449e+04
1.422761497028335543e+04
1.417027287844952116e+04
1.404330313629597549e+04
1.436028542066302907e+04
1.434638517768136626e+04
1.396896565504048340e+04
1.415885228888192432e+04
1.397313295285251115e+04
1.365980676421397220e+04
1.425247296712011484e+04
1.388327515378856515e+04
1.443561495145473964e+04
1.384208587792985600e+04
1.433473450957127716e+04
1.425628958845827219e+04
1.390948868504868369e+04
1.356364084687249306e+04
1.419910195663127342e+04
1.396218436550681508e+04
1.442193157615528435e+04
1.398540276701932999e+04
1.396702785294316709e+04
1.394698121670045657e+04
1.434993635347630152e+04
1.438703335247910582e+04
1.425838291050886255e+04
1.442855544235778689e+04
1.431225727014589575e+04
1.437663379849130615e+04
1.388461829469387521e+04
1.366577688817767557e+04
1.417197014577378468e+04
1.444646161153989306e+04
1.373928245083597176e+04
1.356516199362775660e+04
1.400752558420281457e+04
1.389319187084823534e+04
1.368892997874221692e+04
1.398984612117877623e+04
1.439695915854233317e+04
1.367157771702465288e+04
1.423802483233993371e+04
1.312708675645437870e+04
1.335147456562486514e+04
1.425432524176058723e+04
1.393107536418991367e+04
1.422120303067947316e+04
1.441312104338154313e+04
1.441564482608725848e+04
1.430197349803063662e+04
1.387408826799469898e+04
1.377772077922041717e+04
1.433558712689124513e+04
1.316971503224425032e+04
1.435263088714698461e+04
1.434962657399375530e+04
1.428066883978402620e+04
1.315126695971643130e+04
1.421302899539591090e+04
1.413379270377942703e+04
1.440137214174617475e+04
1.438523050760173646e+04
1.399184777030674559e+04
1.433746762767329892e+04
1.431100222800525262e+04
1.433071896943926549e+04
1.336198719844849620e+04
1.361124079865522435e+04
1.367742642092236019e+04
1.417027287844952116e+04
1.421066476134634104e+04
1.440107480263334219e+04
1.344431947168097940e+04
1.285197539923999648e+04
1.395830640517536813e+04
1.422884665935483463e+04
1.438100748504686817e+04
1.412154391956454856e+04
1.427655744278749626e+04
1.446174536253601400e+04
1.362294544066111303e+04
1.387749279843590557e+04
1.354757405198911147e+04
1.445305817870017927e+04
1.373455909707359751e+04
1.425838291050886255e+04
1.389400984905094992e+04
1.394776101418762482e+04
1.358040411152125307e+04
1.400151302900781411e+04
1.436908023119860809e+04
1.420916487913246601e+04
1.294957702500447522e+04
1.250331287758171675e+04
1.417305626623309763e+04
1.347591690723350621e+04
1.394121285709269068e+04
1.429652943489354766e+04
1.333238594129522244e+04
1.348223773826905926e+04
1.401257616991806026e+04
1.398731939146018522e+04
1.328481802051156046e+04
1.409618944985692542e+04
1.402059370167702400e+04
1.420132075913301378e+04
1.355945366975388060e+04
1.417305626623309763e+04
1.375734611767056958e+04
1.436000991363839785e+04
1.314028511589457594e+04
1.442177635018738147e+04
1.388996546578504058e+04
1.434951836886390993e+04
1.394569819500782251e+04
1.323545785575982882e+04
1.323812090971826001e+04
1.421781905585660388e+04
1.387336175491964605e+04
1.364431059999180434e+04
1.419864445201523449e+04
1.387015876550351459e+04
1.441002426909228234e+04
1.413243217347125210e+04
1.379384684313828984e+04
1.443119464540432455e+04
1.415333087332131072e+04
1.424890295580289603e+04
1.429518696971728787e+04
1.434826104175724322e+04
1.350562103649854907e+04
1.417405077558927587e+04
1.446446815186545064e+04
1.417287312235703757e+04
1.426048610566533716e+04
1.427168692114778059e+04
1.422624173909338060e+04
1.391561561867119963e+04
1.363131792477938325e+04
1.420099019336233687e+04
1.393498942814541806e+04
1.441616569450889983e+04
1.383465380528914466e+04
1.432032957875395914e+04
1.418994357794505413e+04
1.418461264668663352e+04
1.390513776420089198e+04
1.422739159731437576e+04
1.391137977111783039e+04
1.387749279843590557e+04
1.393336314141655384e+04
1.445085311461066703e+04
1.393406632459783941e+04
1.443431348706964127e+04
1.378685019643088890e+04
1.435348789341524571e+04
1.332529117424528340e+04
1.402024558002127742e+04
1.437785958170934100e+04
1.357026559048453237e+04
1.307944424732370862e+04
1.405108745358718988e+04
1.430017015874475328e+04
1.423440260530292835e+04
1.324800587561012071e+04
1.423700511879465739e+04
1.434004668576262520e+04
1.408712310063445511e+04
1.424878276019356417e+04
1.440146975636215211e+04
1.430388431247429617e+04
1.370433096121235758e+04
1.356037337647593449e+04
1.330577327922885706e+04
1.428614014361923182e+04
1.394585947303848297e+04
1.430301839490710518e+04
1.290789501814295363e+04
1.432183493122199252e+04
1.399641896655291930e+04
1.401011651282127059e+04
1.294036651432501094e+04
1.437704988426049567e+04
1.421405988555014665e+04
1.405147712403016885e+04
1.416590091088593545e+04
1.424532032221465124e+04
1.434004668576262520e+04
1.440231340652415020e+04
1.391601697816201158e+04
1.407611854868809132e+04
1.335692903162150651e+04
1.433599132909719629e+04
1.421850383517756563e+04
1.370575728353315935e+04
1.431904762398891398e+04
1.417083496380031283e+04
1.372894817391848119e+04
1.434434403529590963e+04
1.411758229844330708e+04
1.402917922034572439e+04
1.393178746594553741e+04
1.346129339003084533e+04
1.419432948707312607e+04
1.391512260911791054e+04
1.444399055572208090e+04
1.398189250256060041e+04
1.421199547276585326e+04
1.441615093322197572e+04
1.413422954640446369e+04
1.378183132064704478e+04
1.374958592949301419e+04
1.444831673440377745e+04
1.360035644683972532e+04
1.392545723778231513e+04
1.210931948427511270e+04
1.428730995947474003e+04
1.415711617045476123e+04
1.420260627419147386e+04
1.432822503360661176e+04
1.412488646916802463e+04
1.374345262972853561e+04
1.413739167885814641e+04
1.385905214153787165e+04
1.396896565504048340e+04
1.365195610849889454e+04
1.421401895450338270e+04
1.375729169396542784e+04
1.387280913234918808e+04
1.342355605939324778e+04
1.431532954509750743e+04
1.434246013524774753e+04
1.442577039136876192e+04
1.430737772384736309e+04
1.391271882424921387e+04
1.445471545646060258e+04
1.401911493135241835e+04
1.339976462236161024e+04
1.428243334290631719e+04
1.397036948636025045e+04
1.419744996690087646e+04
1.427042802677052714e+04
1.408434862503531622e+04
1.432103581980417221e+04
1.381993762904960204e+04
1.426536050646003605e+04
1.412088583738984198e+04
1.428238060232915996e+04
1.327556525460427474e+04
1.406428055341320032e+04
1.385864871636320095e+04
1.408893170040741825e+04
1.403786112750675966e+04
1.405734969907782033e+04
1.423998503936121051e+04
1.397618208060158940e+04
1.361155433226532659e+04
1.367171378192751035e+04
1.418265007961074480e+04
1.350140679471718977e+04
1.368639651783222507e+04
1.401677654441147206e+04
1.445240157111441476e+04
1.408583737552794082e+04
1.425432524176058723e+04
1.427282124520024809e+04
1.422928142740004114e+04
1.414722164410801815e+04
1.370858664037279232e+04
1.347211734275117669e+04
1.436500055290113596e+04
1.373732301312500203e+04
1.269535647587253334e+04
1.428045030751909508e+04
1.387393196383602481e+04
1.420713412423038608e+04
1.395583382216223981e+04
1.348425493071319761e+04
1.364332396294089267e+04
1.428066883978402620e+04
1.426156058947911333e+04
1.375408022746721872e+04
1.433142392408964588e+04
1.385514172867153502e+04
1.325981785737854443e+04
1.356674695967330263e+04
1.379208584422650711e+04
1.412907407025799876e+04
1.402179092401212074e+04
1.423855095463137877e+04
1.420403978413271398e+04
1.391575959552297900e+04
1.408603646140489218e+04
1.421620740513093551e+04
1.367287958556568083e+04
1.434004668576262520e+04
1.375025819380409121e+04
1.381773518375053754e+04
1.327633053382131766e+04
1.435641250188147387e+04
1.401158608488817299e+04
1.440914107350957420e+04
1.365821565848236423e+04
1.445681496296004843e+04
1.391797149767648261e+04
1.425432524176058723e+04
1.421254696673374201e+04
1.425449196145502538e+04
1.446615921535052439e+04
1.414430157282242726e+04
1.412994727826671988e+04
1.430787838760956038e+04
1.349922962847739655e+04
1.388942809856116583e+04
1.417206238698124798e+04
1.343581332400314932e+04
1.381453749192388022e+04
1.361596384157486136e+04
1.401745284946483480e+04
1.439885968228455931e+04
1.443747803398846736e+04
1.348223773826905926e+04
1.440784504904953792e+04
1.390969215307359082e+04
1.422402088682314206e+04
1.396896565504048340e+04
1.419760220632507662e+04
1.446615921535052439e+04
1.362695535838744036e+04
1.357893070692084984e+04
1.356837519224439529e+04
1.410527271009311153e+04
1.421585485784610682e+04
1.426274316279965205e+04
1.423431390528062002e+04
1.355945366975388060e+04
1.412723789237341589e+04
1.348838381231948915e+04
1.378444801394490423e+04
1.409912643690020741e+04
1.419744996690087646e+04
1.414722164410801815e+04
1.428694602071502050e+04
1.355879852358128483e+04
1.439796404834131681e+04
1.426811923003043921e+04
1.441655805172996952e+04
1.379008347577792665e+04
1.430080649403455936e+04
1.431292587112759065e+04
1.424870722961859974e+04
1.333243240612288719e+04
1.428285122954276812e+04
1.420016890192875144e+04
1.435398026020677935e+04
1.418871295439278219e+04
1.290428924367008585e+04
1.433728162534771400e+04
1.422221178085587781e+04
1.333243240612288719e+04
1.408261068113206056e+04
1.389059356519789435e+04
1.402468694885099103e+04
1.423682851747994209e+04
1.351489238227581336e+04
1.443132588636805303e+04
1.406730611414101986e+04
1.420728698568079744e+04
1.416734081262036852e+04
1.388456074984679071e+04
1.443943378584662969e+04
1.434004668576262520e+04
1.438470008782222067e+04
1.388571046587286037e+04
1.400752558420281457e+04
1.433120435488214935e+04
1.409147357183536951e+04
1.357435000294840211e+04
1.400735462630971415e+04
1.428963055495036315e+04
1.437990034867090071e+04
1.422385341342399261e+04
1.401044823561064914e+04
1.416577491424894652e+04
1.357812960579788887e+04
1.445611103374128652e+04
1.423794837334380827e+04
1.400752558420281457e+04
1.439587787747022594e+04
1.402466867450853715e+04
1.358113028147162913e+04
1.368814878382633106e+04
1.400839621248996082e+04
1.383660020021339005e+04
1.441940016113483398e+04
1.342737953684405511e+04
1.424249506798126640e+04
1.436986972386999514e+04
1.396590441671454028e+04
1.423281093480643358e+04
1.400795534450229206e+04
1.315280869281754167e+04
1.289125346809528492e+04
1.440622893144887712e+04
1.400151302900781411e+04
1.427043142353063013e+04
1.423115138125474732e+04
1.375997587814029794e+04
1.421119755084213830e+04
1.387798214696805371e+04
1.377237174560613130e+04
1.421299239114963530e+04
1.378655656602777708e+04
1.441402946745003646e+04
1.219253124321896757e+04
1.403980071578056231e+04
1.431100222800525262e+04
1.317458471517706130e+04
1.433389434995074953e+04
1.441711697674956122e+04
1.443069007186802992e+04
1.427043142353063013e+04
1.373240224280321127e+04
1.398346152235413138e+04
1.434648194732480079e+04
1.369119907278952996e+04
1.390093543000708814e+04
1.400752558420281457e+04
1.444653390835527534e+04
1.367909967959928144e+04
1.276840205440301179e+04
1.430710938446726686e+04
1.431239953825645716e+04
1.432032957875395914e+04
1.191348168031589921e+04
1.444215624050379301e+04
1.424805839174051289e+04
1.401953805943755469e+04
1.290214193025480017e+04
1.349924575611179171e+04
1.419983974342865804e+04
1.437225434777806913e+04
1.437035357217360797e+04
1.411011229758018271e+04
1.418028293984915581e+04
1.384825780720800685e+04
1.396896565504048340e+04
1.419556537288236905e+04
1.434819852838513361e+04
1.393650174892719042e+04
1.380807276463925700e+04
1.445392837269534903e+04
1.399587865591517766e+04
1.429773629794193948e+04
1.370339798212233472e+04
1.273165760811663677e+04
1.399833355812595255e+04
1.436978307571571168e+04
1.414722164410801815e+04
1.444973309628193783e+04
1.413748159405602200e+04
1.437016517423263394e+04
1.346927061758969830e+04
1.360354042196105365e+04
1.387875109914113091e+04
1.444831673440377745e+04
1.373928245083597176e+04
1.408280909500206690e+04
1.361439866555565641e+04
1.326722559129884576e+04
1.446439435287787273e+04
1.444760488953684035e+04
1.421563670922906931e+04
1.305805006037059320e+04
1.417305626623309763e+04
1.400689239385566907e+04
1.439438692317555979e+04
1.432432638197946108e+04
1.393336314141655384e+04
1.382096650546189630e+04
1.377550373708627194e+04
1.440405164743219575e+04
1.432552711938703214e+04
1.426730300405097842e+04
1.406614335254134494e+04
1.437992233979777302e+04
1.384041700550306996e+04
1.431133692979022089e+04
1.433083253060838251e+04
1.440773958967058934e+04
1.442787881297043532e+04
1.360867442501372716e+04
1.434364723992683867e+04
1.438507599444898915e+04
1.412692792556545464e+04
1.374391131616723942e+04
1.350830804110253848e+04
1.412549364218816299e+04
1.423998503936121051e+04
1.444972592340895062e+04
1.431972342694270810e+04
1.400861949772230400e+04
1.362043712381693513e+04
1.421784471090784791e+04
1.430972460286465321e+04
1.396896565504048340e+04
1.417027287844952116e+04
1.406644774167871947e+04
1.429740517137272218e+04
1.393650174892719042e+04
1.431357935856023869e+04
1.430942542459282231e+04
1.303166749321717907e+04
1.430400230483052837e+04
1.436682275417424353e+04
1.341094199164648307e+04
1.428581029206520725e+04
1.410043796052156904e+04
1.395869242856019446e+04
1.408176156018972688e+04
1.433410257378102142e+04
1.432090864946532383e+04
1.400752558420281457e+04
1.421088307708966204e+04
1.421953453978194375e+04
1.440638692597990848e+04
1.436451891477974277e+04
1.416937422420198527e+04
1.368639651783222507e+04
1.429440768573410242e+04
1.445289215962438539e+04
1.428233558794460805e+04
1.360398881532335508e+04
1.298621857253272537e+04
1.304874496515454848e+04
1.418307279964851296e+04
1.397269183640233496e+04
1.386127015308447699e+04
1.445611103374128652e+04
1.376693946889901599e+04
1.327873247363160226e+04
1.443990329932240638e+04
1.178125347972016971e+04
1.439150384787314761e+04
1.374033827517280770e+04
1.319803960405725229e+04
1.364753652009416510e+04
1.285505681744701542e+04
1.434681389039675923e+04
1.400752558420281457e+04
1.434967886609566449e+04
1.401524898143595601e+04
1.425838291050886255e+04
1.420012092510491857e+04
1.378171148749390159e+04
1.434049938492190086e+04
1.436579642407779829e+04
1.387351543839661281e+04
1.315700340580972443e+04
1.430647740221212734e+04
1.395146212142304466e+04
1.415913753949229795e+04
1.444315250934610594e+04
1.386034121622672319e+04
1.443850498688347579e+04
1.423290365911941626e+04
1.438982001169646173e+04
1.416564486545945692e+04
1.436612117158118053e+04
1.446161708213735255e+04
1.445993903260664410e+04
1.431470020349106562e+04
1.393217805884850532e+04
1.383660020021339005e+04
1.421449374083154544e+04
1.393348833691989967e+04
1.429376819942967268e+04
1.422021793818823062e+04
1.377920661270004348e+04
1.362095116561805662e+04
1.446323097680996216e+04
1.445580635032070859e+04
1.291563119486223513e+04
1.370339798212233472e+04
1.378920189885372747e+04
1.390601075813202988e+04
1.443135763642935308e+04
1.405897256594560713e+04
1.364166456519189342e+04
1.347500625842393492e+04
1.374888048711711417e+04
1.301569171941635068e+04
1.387557642956106974e+04
1.433277929578060321e+04
1.421525444740413332e+04
1.301057067027145786e+04
1.414722164410801815e+04
1.444179474601614129e+04
1.433050430469713319e+04
1.433912966450472231e+04
1.325639422967300925e+04
1.417536785562386649e+04
1.408996866540731753e+04
1.376759196141702523e+04
1.374151337908951064e+04
1.373928245083597176e+04
1.418662801600970852e+04
1.425907017193506545e+04
1.405302218598331092e+04
1.433190657858510713e+04
1.279810937173036291e+04
1.405652906150699346e+04
1.394698121670045657e+04
1.359797918581408703e+04
1.397671583651639958e+04
1.322071134779881686e+04
1.438936590705437629e+04
1.346558817977893159e+04
1.444686937716805915e+04
1.398470337029258917e+04
1.396382331018761761e+04
1.375691098789757052e+04
1.444135307679979087e+04
1.357874392710277971e+04
1.406614335254134494e+04
1.400752558420281457e+04
1.323812090971826001e+04
1.331909114788599800e+04
1.439892893196453588e+04
1.419161471827929017e+04
1.389119040721017882e+04
1.353564193018648257e+04
1.426120326625106281e+04
1.443266203795342153e+04
1.428910614846280805e+04
1.329594768083727104e+04
1.395678294703281063e+04
1.294187183606592589e+04
1.427777666509892879e+04
1.341028536988648557e+04
1.439261472573655556e+04
1.384880197569210941e+04
1.415105520648823585e+04
1.385125989241382376e+04
1.445224126706569223e+04
1.380663327917043716e+04
1.377205823213903568e+04
1.250460142201758390e+04
1.436236570597512946e+04
1.414507654935240134e+04
1.419861661357114644e+04
1.440710162730464799e+04
1.380518501346804806e+04
1.425432524176058723e+04
1.404764038516006804e+04
1.442625554408981770e+04
1.408085843237620429e+04
1.358111338991366210e+04
1.368004163153209447e+04
1.445807106306814421e+04
1.440623893456005862e+04
1.313011200730687779e+04
1.365561163067488451e+04
1.335147456562486514e+04
1.429595035793196439e+04
1.417027287844952116e+04
1.394768461108815427e+04
1.374046590386046410e+04
1.445466027995007244e+04
1.437990034867090071e+04
1.437622021897119339e+04
1.441450431547464359e+04
1.412794244156434252e+04
1.445611103374128652e+04
1.358040411152125307e+04
1.420505402679265171e+04
1.423928835976730625e+04
1.400350526803592038e+04
1.393503511613685987e+04
1.416433773840993308e+04
1.419246406735379605e+04
1.368708501399410488e+04
1.404330313629597549e+04
1.418106821692082485e+04
1.430873434897773586e+04
1.373928245083597176e+04
1.371684521601949564e+04
1.368851569206566455e+04
1.439274400595646512e+04
1.432395633338173138e+04
1.415923647561009784e+04
1.443290839496906301e+04
1.431734209024034681e+04
1.316777585625966822e+04
1.317916865581248749e+04
1.440618714277308209e+04
1.440649343195122856e+04
1.422685285703458067e+04
1.382655763713319175e+04
1.387226671650217759e+04
1.416400304933915504e+04
1.440993276401738513e+04
1.382586063696202473e+04
1.243093114585323019e+04
1.412476220144776380e+04
1.443565225181534697e+04
1.399568268512911345e+04
1.433012438619010209e+04
1.440405164743219575e+04
1.433504941046276872e+04
1.445540612033967955e+04
1.347500625842393492e+04
1.425107938079206724e+04
1.350506512574223598e+04
1.422862627377307763e+04
1.390757677733699893e+04
1.379686025686839821e+04
1.405365317142617823e+04
1.443460925010739084e+04
1.420420809797773836e+04
1.377943804198552243e+04
1.445603764337433495e+04
1.390731516615855799e+04
1.297192115902683690e+04
1.388845136740659473e+04
1.403117240206485803e+04
1.364834899680925628e+04
1.221912484263630540e+04
1.435119861763928202e+04
1.425136774382276963e+04
1.304335537348991784e+04
1.355673370701678323e+04
1.434735665005084957e+04
1.446015708166416880e+04
1.410617480081100985e+04
1.359478946673345308e+04
1.384050740972111998e+04
1.401454721053441426e+04
1.417709884852765390e+04
1.412408626242240462e+04
1.428982676973189336e+04
1.376165346610525557e+04
1.190762025928026560e+04
1.346092779041448557e+04
1.403442792591201578e+04
1.424178117108967126e+04
1.401092641604936216e+04
1.413089303932827170e+04
1.378392291988688157e+04
1.440127954346005754e+04
1.354452516046071833e+04
1.376997798888376201e+04
1.406742747070045698e+04
1.388197587094131450e+04
1.324124348489246040e+04
1.409770365162485723e+04
1.426350190734999887e+04
1.400752558420281457e+04
1.429345357287468869e+04
1.427705416082838201e+04
1.434009414815109449e+04
1.443239378891767410e+04
1.376248941888928312e+04
1.426264912888546678e+04
1.418554022716116742e+04
1.406698845367099784e+04
1.417896408828206222e+04
1.329797324643327192e+04
1.407166858344696630e+04
1.424604568347017084e+04
1.369082170409094033e+04
1.424805839174051289e+04
1.417713733815007436e+04
1.440467657907536704e+04
1.427148305445736696e+04
1.384343468793715510e+04
1.396896565504048340e+04
1.414003623020990744e+04
1.446517670300418285e+04
1.369876288985216524e+04
1.425379462911123119e+04
1.355032104201766197e+04
1.403310843277958338e+04
1.362994041672105959e+04
1.385514172867153502e+04
1.423302751319683375e+04
1.444653390835527534e+04
1.380551712734537068e+04
1.416343824235408829e+04
1.441916832046714990e+04
1.425716172923921840e+04
1.341819806438419982e+04
1.397158650163033417e+04
1.413360818456443849e+04
1.421088307708966204e+04
1.418402429721617045e+04
1.418245687160955822e+04
1.429689070794431245e+04
1.394561799846532449e+04
1.408063024894203045e+04
1.409654947228986384e+04
1.302422614680577863e+04
1.434281002789231025e+04
1.431100222800525262e+04
1.445611103374128652e+04
1.417902472995085918e+04
1.360577369376636852e+04
1.410931552502462546e+04
1.294187183606592589e+04
1.391050972945226204e+04
1.316814148982912775e+04
1.445821414736780025e+04
1.411942308313260037e+04
1.403598248249699827e+04
1.434345811590272388e+04
1.400581240669160979e+04
1.425838291050886255e+04
1.344816284158125200e+04
1.391969461027630678e+04
1.441287074542162554e+04
1.431426161899381259e+04
1.383054673011927298e+04
1.357149474513070709e+04
1.417793028712144405e+04
1.412500444830940796e+04
1.446246352376419236e+04
1.368710582683996108e+04
1.391612746083195270e+04
1.426207540114709809e+04
1.402484667327490752e+04
1.265120870541451222e+04
1.401579661711012159e+04
1.445663787546759886e+04
1.430543010570616570e+04
1.432665441945666862e+04
1.375997587814029794e+04
1.443309957023831703e+04
1.375546365037601208e+04
1.347509515479971014e+04
1.410275591970824644e+04
1.357764156832356093e+04
1.235128818802379283e+04
1.395366873176845547e+04
1.438063630185078728e+04
1.423521256160078337e+04
1.330423685948423372e+04
1.379784105731597447e+04
1.329829279805541773e+04
1.408375029808813633e+04
1.439734484161843648e+04
1.370360965275266426e+04
1.431699404783795762e+04
1.250015360167920699e+04
1.422052239668614857e+04
1.434861399572863229e+04
1.342567681341559182e+04
1.434226876081813498e+04
1.433469426812031634e+04
1.373928245083597176e+04
1.426917604386379389e+04
1.269535647587253334e+04
1.430972460286465321e+04
1.445935368629864752e+04
1.400950903290357928e+04
1.436710547482843685e+04
1.426851126649867365e+04
1.420111375629365284e+04
1.435985479258953455e+04
1.423668337194727428e+04
1.398153871514013917e+04
1.320439396031365322e+04
1.443153747324135475e+04
1.430102719972438535e+04
1.405714312072749090e+04
1.424059769745443919e+04
1.395800195376848751e+04
1.429444231779680376e+04
1.321448781389330179e+04
1.405657562680488081e+04
1.432960576190170286e+04
1.435720491957843842e+04
1.407268882817139456e+04
1.401538106914494347e+04
1.340205108556195410e+04
1.418244099855288005e+04
1.368441824992427973e+04
1.414722164410801815e+04
1.403120762035827647e+04
1.422407911985359897e+04
1.403956610118872413e+04
1.443707906133550932e+04
1.393650174892719042e+04
1.368956660360613205e+04
1.423086898094874778e+04
1.416282634293859155e+04
1.434584389474352065e+04
1.435215394813414059e+04
1.414792701704192586e+04
1.442269437956107140e+04
1.446277712556817642e+04
1.427781155596317330e+04
1.428238060232915996e+04
1.401448843975486488e+04
1.250331287758171675e+04
1.410613911122070022e+04
1.419970774993626037e+04
1.420783372562163640e+04
1.445385980899327842e+04
1.362624507612797424e+04
1.365984803918510261e+04
1.306626470026881361e+04
1.242128808732888865e+04
1.392319297317485689e+04
1.445802352337264711e+04
1.429211957976259691e+04
1.439214279323499068e+04
1.326771987457927389e+04
1.401745284946483480e+04
1.404277430348911548e+04
1.378961153219096377e+04
1.332627020289415850e+04
1.404371049872898948e+04
1.438252843258496432e+04
1.391441431320370975e+04
1.384315953676894787e+04
1.386113885954439320e+04
1.380490012630732235e+04
1.401509870103013964e+04
1.369416905178623892e+04
1.436006296102118358e+04
1.424249503328746869e+04
1.410281742062598278e+04
