1.347197672347602929e+04
1.347127504208703249e+04
1.349504948421318477e+04
1.354686372381026376e+04
1.328228184132984461e+04
1.288660625531166806e+04
1.320405980234116942e+04
1.325144792285110816e+04
1.261486127646331624e+04
1.335084668253128802e+04
1.374683784760952221e+04
1.356755301386206338e+04
1.370619879864399081e+04
1.298997349125959408e+04
1.247695311398227022e+04
1.328586991144979584e+04
1.339286710749671875e+04
1.352738052386597519e+04
1.299539434184774836e+04
1.327518534662121419e+04
1.325248001431438934e+04
1.317553250456751994e+04
1.241133495702506661e+04
1.349217226673353798e+04
1.340608361573985894e+04
1.242448709674090787e+04
1.222885025161228441e+04
1.373318140896640944e+04
1.196175160129344113e+04
1.372987552244457220e+04
1.349197305885168498e+04
1.330965110540989735e+04
1.352520891959862820e+04
1.360783644224738782e+04
1.271863225929725013e+04
1.290410166533152187e+04
1.340150508168226042e+04
1.300172138484320021e+04
1.371994489694605181e+04
1.350988858897534374e+04
1.350479786507673998e+04
1.360471784447619211e+04
1.343638732951578640e+04
1.362351730493332616e+04
1.330492019867920317e+04
1.347587118638876018e+04
1.315684929692756123e+04
1.328946746715544032e+04
1.373493748743651304e+04
1.269521661722561839e+04
1.327226179714669524e+04
1.309928777690604147e+04
1.200552635817740520e+04
1.325032632057670526e+04
1.364836172560490195e+04
1.374209933605611513e+04
1.350123910021343181e+04
1.360945075912303037e+04
1.371303709611066188e+04
1.362945867499120686e+04
1.358405412864858954e+04
1.340608361573985894e+04
1.364287223503107271e+04
1.339128363143669958e+04
1.335901339277895568e+04
1.373561151444677307e+04
1.353320802678149994e+04
1.278759754468743995e+04
1.294392101135185476e+04
1.280997409040804268e+04
1.370626724374686637e+04
1.329607787193216609e+04
1.371436977111020133e+04
1.357243352795817555e+04
1.367951220116424884e+04
1.374285834851390609e+04
1.316776625867934490e+04
1.346322125757438516e+04
1.316353977397242670e+04
1.285187570989954838e+04
1.303631259242509077e+04
1.263354044109223105e+04
1.324865293231829310e+04
1.357485355923499810e+04
1.371198531731179901e+04
1.370931144772682273e+04
1.300154199191323460e+04
1.275719321066936755e+04
1.369719082036430518e+04
1.362564122594950095e+04
1.363050327535975885e+04
1.371828879104246516e+04
1.366543499966986747e+04
1.365731061839382164e+04
1.347679768864543439e+04
1.313444513097093659e+04
1.358051036914799261e+04
1.368896977374359813e+04
1.349282140794933730e+04
1.266689994172979641e+04
1.366124716335833182e+04
1.328556252229941674e+04
1.341208374366777207e+04
1.359148407654436596e+04
1.359923583022646744e+04
1.351913125371320530e+04
1.353340766436544254e+04
1.338824549967425446e+04
1.364601641995306090e+04
1.354405064564953318e+04
1.309958263597058976e+04
1.308626491978026388e+04
1.365280233461439275e+04
1.354881560281160091e+04
1.315407894679202400e+04
1.372368026815781377e+04
1.284050086692240802e+04
1.341362006007510354e+04
1.338286830948210445e+04
1.351189407616758763e+04
1.289371730682540328e+04
1.357901652695354096e+04
1.335202881790619176e+04
1.362799661198457761e+04
1.283314352967693776e+04
1.335263977244527814e+04
1.329763321234944488e+04
1.360986027050735174e+04
1.368176827584606326e+04
1.326045561916781116e+04
1.344138720189310698e+04
1.354525995764296385e+04
1.325656577636836482e+04
1.367093566871414805e+04
1.306362599769522421e+04
1.318031983075409698e+04
1.365691748048785666e+04
1.331842833991624138e+04
1.331363655806259521e+04
1.163108049206880423e+04
1.352656111678320121e+04
1.347863603428842544e+04
1.345818762578797396e+04
1.179296840282678386e+04
1.255549104791592254e+04
1.360473849090297517e+04
1.313723645055283669e+04
1.357229443103004269e+04
1.372721979866852780e+04
1.371686793688480611e+04
1.322617215442065390e+04
1.347920454302708822e+04
1.356544572626380796e+04
1.299927475758019682e+04
1.271863225929725013e+04
1.292028402348781492e+04
1.233292182680944279e+04
1.373529804547454296e+04
1.333416809813160580e+04
1.355031193742853065e+04
1.372956291912973211e+04
1.334518928127216714e+04
1.360013289910111598e+04
1.257901741693085387e+04
1.349289093250856058e+04
1.333383787674542145e+04
1.371911393579795185e+04
1.314572577748387266e+04
1.301830608490779196e+04
1.315843982781422164e+04
1.331636786771432708e+04
1.340989699751239823e+04
1.338506970375051242e+04
1.336794570835595187e+04
1.373300822079600766e+04
1.299964149977394300e+04
1.259695768557809970e+04
1.359967544095467383e+04
1.308282253111620230e+04
1.321957989663200715e+04
1.260194890391546687e+04
1.370946075636629757e+04
1.351352499971267935e+04
1.309482497839051757e+04
1.311733554970289151e+04
1.330517537886884747e+04
1.364169922731757833e+04
1.368243774432674945e+04
1.330451656230615299e+04
1.309388852351931564e+04
1.304836269276466010e+04
1.281466418021010941e+04
1.228589220492932691e+04
1.371759493369131997e+04
1.366024714196229070e+04
1.332680614109060116e+04
1.278890780391579028e+04
1.325558769272780773e+04
1.340643765789256577e+04
1.340194828046884868e+04
1.334155045749854980e+04
1.368054416887063780e+04
1.350583200387598845e+04
1.370776602450632890e+04
1.288712312170010955e+04
1.355404738865838044e+04
1.366167043294496034e+04
1.373048512019100599e+04
1.297186397684412805e+04
1.356980597002107424e+04
1.324677750430723972e+04
1.279611226704082583e+04
1.351596390498624169e+04
1.373351089882706219e+04
1.287840988260824452e+04
1.359421778103449287e+04
1.371597821498942540e+04
1.362673050437144775e+04
1.347602286140137403e+04
1.348333560916257738e+04
1.219195959886590754e+04
1.327196352402729099e+04
1.356499338359149806e+04
1.318047613480065775e+04
1.360741485798135909e+04
1.284386489302174050e+04
1.310888170192167308e+04
1.374332474575825472e+04
1.306863272478778163e+04
1.336562388970219581e+04
1.350035896477781353e+04
1.358406903652903748e+04
1.334040653240097345e+04
1.325304966135517316e+04
1.368266361717081236e+04
1.334005598283766813e+04
1.295404589412774476e+04
1.304718907833760568e+04
1.335506812283986073e+04
1.259895701719882891e+04
1.360013289910111598e+04
1.204359113801419153e+04
1.359096703876391439e+04
1.316940760762009086e+04
1.368973761267942064e+04
1.352480489114349075e+04
1.371910581605613879e+04
1.356166612759791133e+04
1.330718814902249687e+04
1.360706591751884844e+04
1.365381004926951209e+04
1.342204668637042778e+04
1.338595152523975958e+04
1.348675092574038536e+04
1.373971323368437879e+04
1.304533055647027322e+04
1.308069351122895750e+04
1.286520934850393132e+04
1.334648698220413280e+04
1.331234140087571359e+04
1.329203867172104219e+04
1.373289750647785331e+04
1.280427968005978983e+04
1.292501776072756184e+04
1.353271385856892448e+04
1.227240433179394677e+04
1.360866553834926344e+04
1.341160372811245179e+04
1.351822312444570707e+04
1.358424546550353443e+04
1.314804875740175703e+04
1.307569261981636373e+04
1.373634170563796761e+04
1.251715204297582386e+04
1.356835603771976093e+04
1.354796546125139321e+04
1.333359067979096653e+04
1.364620234146554139e+04
1.369786403152134881e+04
1.261488080576660650e+04
1.329816259166850796e+04
1.359105803356127581e+04
1.223366759832690877e+04
1.284786920761293732e+04
1.303617873824624075e+04
1.363929897734459519e+04
1.283574126531741967e+04
1.328612086269019528e+04
1.361831023770849424e+04
1.355764661343398620e+04
1.367337662020910102e+04
1.371010658368668737e+04
1.364361065253697598e+04
1.330600241240226387e+04
1.330590639474241652e+04
1.366975328931071999e+04
1.372020449699130040e+04
1.251988527277455614e+04
1.258321802199159538e+04
1.266023297274685683e+04
1.338454928244510847e+04
1.367436378512408919e+04
1.339862504578912740e+04
1.259029923225495259e+04
1.294650239576508466e+04
1.364977215288089428e+04
1.318543447725099577e+04
1.341904711181915627e+04
1.374888110125048479e+04
1.350432860303441339e+04
1.322617215442065390e+04
1.365787226179302706e+04
1.341439592720823202e+04
1.364085064249722927e+04
1.369750210687772960e+04
1.361750885874936102e+04
1.370481595391278279e+04
1.368198713605229023e+04
1.336178838735958743e+04
1.342011489000753863e+04
1.362690133325505485e+04
1.296013205966288297e+04
1.324572304145742964e+04
1.364508163671373404e+04
1.366769112246864279e+04
1.276185626381108705e+04
1.374371879671735223e+04
1.364131085081214951e+04
1.304824145530098940e+04
1.320168824409867921e+04
1.328893332534240108e+04
1.303875173447839552e+04
1.372917392240556364e+04
1.276488158466606183e+04
1.144919606556796498e+04
1.340787609588339365e+04
1.358348831311401227e+04
1.370870728328660516e+04
1.341852977602770989e+04
1.311666326381648105e+04
1.369012160847434643e+04
1.316441810215965597e+04
1.272183243390284042e+04
1.372889156455047305e+04
1.360013289910111598e+04
1.345407536119066208e+04
1.349831202393527929e+04
1.308854869710164712e+04
1.351046661777841473e+04
1.362679663194463319e+04
1.342692548366957817e+04
1.339198052562526755e+04
1.310084880650597370e+04
1.368266361717081236e+04
1.339479321205215092e+04
1.372978924742647905e+04
1.350674014883470409e+04
1.211060432031620985e+04
1.365303904850894833e+04
1.364862073936429624e+04
1.280890558107108154e+04
1.361259004656047728e+04
1.357374144558149965e+04
1.368789982560213502e+04
1.358012244795405422e+04
1.318076786189665654e+04
1.354126230876187037e+04
1.364209729209249235e+04
1.286761797901227510e+04
1.366648622522285041e+04
1.356388593849283461e+04
1.369886855775257391e+04
1.374594902023962641e+04
1.268917881172863781e+04
1.342123938836501839e+04
1.364314645630770974e+04
1.284386489302174050e+04
1.321890198947389945e+04
1.333466713322151554e+04
1.353621409198801848e+04
1.341474541068502185e+04
1.345650380062665499e+04
1.355050997149047180e+04
1.304124443585534209e+04
1.329669360985208004e+04
1.336551195524026843e+04
1.357730008911388541e+04
1.337947372071694735e+04
1.302991415496190893e+04
1.257773696147802184e+04
1.327690438633624399e+04
1.365489429442192341e+04
1.342100263401656230e+04
1.348264208164308002e+04
1.249269463185383938e+04
1.369036276057219402e+04
1.329416410772535528e+04
1.345667106262070592e+04
1.326989353297364687e+04
1.326449943118931151e+04
1.291326141547879888e+04
1.283340043161036920e+04
1.260297305424409751e+04
1.359599730195276607e+04
1.179807260065394621e+04
1.349715639723499044e+04
1.372630724526540507e+04
1.273575324577148422e+04
1.225475387135618075e+04
1.284652191045280961e+04
1.357610425271884924e+04
1.347420159969331144e+04
1.366590119625869374e+04
1.363676704360475742e+04
1.332129546414155993e+04
1.374618254580131907e+04
1.352875740534744364e+04
1.367829086109720265e+04
1.374825939856444529e+04
1.332844574876326806e+04
1.361662969658604743e+04
1.308565100784755668e+04
1.279752183152017460e+04
1.360531826205421748e+04
1.335845423597746958e+04
1.311716577660898474e+04
1.365317264192457515e+04
1.240355212601311723e+04
1.294422432769524858e+04
1.333824035461522544e+04
1.354072738996226508e+04
1.273298933567574386e+04
1.341058103777367069e+04
1.305913818986586557e+04
1.358579659097029435e+04
1.369684942546308594e+04
1.331069377741854987e+04
1.161482861842411330e+04
1.361933262584592012e+04
1.274454240866990403e+04
1.323025277919838481e+04
1.248760920051705762e+04
1.358806210825225389e+04
1.276152786173053937e+04
1.286089778898626537e+04
1.371537103183929867e+04
1.366653186572453342e+04
1.371284850373763948e+04
1.296836610985183324e+04
1.352750388539182131e+04
1.342135034854368132e+04
1.329592356480562194e+04
1.370643071366286676e+04
1.286970553694807677e+04
1.243349029476388205e+04
1.231018379115599600e+04
1.262863620839946816e+04
1.307790446399243592e+04
1.323285356965467872e+04
1.299704650723950181e+04
1.281140466255231877e+04
1.355127387754071424e+04
1.365156524031683148e+04
1.328448124480283877e+04
1.370874621754859436e+04
1.328383470062221204e+04
1.361748384274062482e+04
1.373168659017861501e+04
1.305594494581951403e+04
1.352873532580716528e+04
1.300225995580966810e+04
1.332068572026573202e+04
1.356476015033042131e+04
1.315088929801813174e+04
1.308900796272196385e+04
1.228382300695929553e+04
1.270032343706888059e+04
1.215123992964047466e+04
1.204289446994396712e+04
1.343526208450325248e+04
1.328556252229941674e+04
1.297251406634450177e+04
1.321736989852115221e+04
1.356421787261601094e+04
1.327896273621233377e+04
1.310967016993266407e+04
1.247962294587392171e+04
1.343858238952213287e+04
1.283850732767600857e+04
1.311121147419032422e+04
1.317852671824681602e+04
1.341216587127601451e+04
1.334883111342119446e+04
1.273208925270057807e+04
1.363341176663046281e+04
1.285639284929352107e+04
1.348667552491183960e+04
1.326555306351134277e+04
1.357024636042663951e+04
1.301198856873970908e+04
1.279719153021181955e+04
1.303631614361406719e+04
1.330692585318849524e+04
1.329592356480562194e+04
1.318729747621394199e+04
1.354150943449066290e+04
1.283865496156949666e+04
1.346440336136112091e+04
1.263516225436937748e+04
1.339921173621174967e+04
1.353138443111579545e+04
1.368860255308069463e+04
1.345345904461847567e+04
1.313842292989435191e+04
1.322069822037524318e+04
1.354991771888441144e+04
1.315494911747140395e+04
1.362548680351849362e+04
1.344274314384544778e+04
1.331965255971420265e+04
1.349483292339605941e+04
1.268085989439824334e+04
1.369004431964220566e+04
1.358102117926150459e+04
1.352232980999886968e+04
1.373141794251960164e+04
1.372453362048662893e+04
1.243155882962187752e+04
1.369796166618909047e+04
1.296201301470673570e+04
1.335418615941348071e+04
1.367043117004192209e+04
1.357660884720837748e+04
1.341216238892540423e+04
1.367619820601856918e+04
1.365268061967229733e+04
1.363502972103266075e+04
1.372706502641019324e+04
1.310262403151289072e+04
1.374447010193425922e+04
1.331160780711929510e+04
1.260268787606908336e+04
1.337840495644920884e+04
1.344297313245808618e+04
1.283255411586128139e+04
1.333441375118478936e+04
1.362055138224450275e+04
1.359484517115422386e+04
1.246353780748358076e+04
1.299623181687012220e+04
1.353128196445890717e+04
1.255709500267376279e+04
1.366630523180144519e+04
1.313872821633609419e+04
1.293933677508918663e+04
1.294648338510717440e+04
1.338576425525316154e+04
1.240473908681395005e+04
1.345228534283089357e+04
1.340928217593738191e+04
1.365854671054843129e+04
1.373171583801709676e+04
1.350212730981518143e+04
1.359600503421923349e+04
1.221759337080654768e+04
1.367053025697729390e+04
1.350427543995629094e+04
1.295737751743172339e+04
1.329383241072683450e+04
1.374201937771479243e+04
1.280443848254957993e+04
1.309711301104843733e+04
1.209380677310956162e+04
1.251648171257804643e+04
1.316171582092375320e+04
1.311634242993724183e+04
1.314638264767533474e+04
1.327076558369471604e+04
1.365052156260913580e+04
1.346374396693720701e+04
1.346994951397725345e+04
1.352430314016947159e+04
1.296131662215725737e+04
1.288645292659859479e+04
1.341379121568794471e+04
1.365268061967229733e+04
1.339733951009596058e+04
1.325819066349348032e+04
1.356465560283749801e+04
1.335347174354785602e+04
1.373505699241600814e+04
1.374011096459418332e+04
1.353347751179727493e+04
1.327288947640269544e+04
1.349125285864861507e+04
1.323971139364832197e+04
1.326557673655223516e+04
1.339369178110675239e+04
1.323508735587805313e+04
1.374017608396870673e+04
1.313980554946694065e+04
1.300671151246191403e+04
1.363341176663046281e+04
1.371723971267604429e+04
1.287934263602097053e+04
1.269849662083324984e+04
1.373731792767832121e+04
1.360187160028556355e+04
1.371911393579795185e+04
1.299971683634339570e+04
1.361740214393852511e+04
1.321780526370900407e+04
1.244084950222849147e+04
1.336310826674728014e+04
1.319833188621786394e+04
1.370867177641799390e+04
1.233755032660618417e+04
1.341850402724566993e+04
1.363399804519230020e+04
1.367929859883006247e+04
1.355631198718855740e+04
1.339863210805236304e+04
1.356816125522615039e+04
1.343973114900494147e+04
1.325505989575279455e+04
1.277716582237386683e+04
1.361638093989798290e+04
1.337312553573721380e+04
1.346221229003143890e+04
1.311142468630175972e+04
1.347086603205125721e+04
1.246220537217913625e+04
1.350008970016404055e+04
1.354385087805736657e+04
1.344904682809373662e+04
1.370322449296492232e+04
1.347794793673287677e+04
1.338623533689706164e+04
1.359686774386022989e+04
1.333058096853861753e+04
1.313773760850302642e+04
1.358991203509191291e+04
1.356366197047697278e+04
1.358871717388419711e+04
1.350182208537203769e+04
1.365478650829774233e+04
1.263225542744768791e+04
1.341834835949338412e+04
1.321856458747761280e+04
1.341227322056374396e+04
1.360358347766285624e+04
1.353474857569993583e+04
1.224043144829804805e+04
1.361052899744734532e+04
1.323717629465855498e+04
1.366167043294496034e+04
1.349907802724978501e+04
1.307094431361054194e+04
1.371385130213205412e+04
1.368646379369747956e+04
1.368970039066079335e+04
1.357479199884121044e+04
1.331636786771432708e+04
1.373562536930870010e+04
1.297726886788948286e+04
1.337032807918007893e+04
1.349983755166673654e+04
1.351116645218599842e+04
1.362847477097555202e+04
1.339073144714603768e+04
1.374135343358665159e+04
1.310037029962076303e+04
1.372211448806397129e+04
1.346912277846817778e+04
1.200424377119120982e+04
1.314664928105580111e+04
1.243724282604982727e+04
1.364467057877036314e+04
1.369156340237950280e+04
1.341852977602770989e+04
1.320455162545626808e+04
1.371842574786923251e+04
1.352508487225198405e+04
1.303958789589737717e+04
1.302112953390954135e+04
1.332960191037018740e+04
1.361528145280142053e+04
1.349086912512070012e+04
1.355368760552368440e+04
1.288349210045314976e+04
1.357259159682193422e+04
1.337491071685582756e+04
1.312927402752619673e+04
1.257483894961263286e+04
1.259530277096794271e+04
1.302366521803367505e+04
1.362926054014808324e+04
1.245518837109987544e+04
1.343125138033416260e+04
1.347142910880517593e+04
1.335418615941348071e+04
1.337833693742040668e+04
1.280910791432237238e+04
1.339620182878615924e+04
1.367783351800168020e+04
1.304604786431617140e+04
1.367214224284366173e+04
1.353273506910768992e+04
1.352432359615574751e+04
1.366792549119614887e+04
1.373331337155777146e+04
1.373018346569840105e+04
1.364802479524864611e+04
1.348231312973544664e+04
1.346264727903495805e+04
1.360062643652762745e+04
1.345476226773963572e+04
1.349846925538053438e+04
1.371606837031188297e+04
1.232390788019246065e+04
1.323305399048997606e+04
1.367630950098494941e+04
1.365831609618365837e+04
1.301859618627710915e+04
1.318789596878216253e+04
1.363945684862376947e+04
1.346871597444454346e+04
1.356142174519312357e+04
1.340920845044103226e+04
1.323654043850982998e+04
1.334518928127216714e+04
1.368830659961918900e+04
1.369331800218769786e+04
1.349850507927669787e+04
1.261561241749108922e+04
1.367715353342775961e+04
1.312204153952114575e+04
1.309456256062800094e+04
1.341484649564075880e+04
1.337840495644920884e+04
1.348381992242938577e+04
1.312423430592375553e+04
1.371406933579155157e+04
1.319112106652000875e+04
1.302862286953092371e+04
1.354183047376230024e+04
1.361141675421194668e+04
1.371875503724049850e+04
1.336173327107089608e+04
1.365065232955859756e+04
1.323469804670498343e+04
1.356499338359149806e+04
1.334714343161162833e+04
1.374384918945332356e+04
1.373540741823652752e+04
1.336620915826507735e+04
1.360845099667450631e+04
1.285674616734003939e+04
1.366474853685621929e+04
1.372813843638227445e+04
1.331636786771432708e+04
1.350479786507673998e+04
1.321853217936891269e+04
1.329297164144838644e+04
1.301859618627710915e+04
1.370700505583912127e+04
1.312950767210560662e+04
1.290401005016197269e+04
1.350670470751555695e+04
1.335946609626379359e+04
1.349190618549746432e+04
1.359902627004238457e+04
1.332255895635348861e+04
1.322417703522431657e+04
1.197160083479449895e+04
1.337503748386418738e+04
1.235074288827861528e+04
1.346724073959522684e+04
1.322106230887203492e+04
1.260397577200435080e+04
1.280890558107108154e+04
1.312423430592375553e+04
1.373232905016017867e+04
1.366228669602585796e+04
1.288605745937277061e+04
1.360013289910111598e+04
1.366267016802514627e+04
1.351092945049110131e+04
1.350266313365986207e+04
1.364932778885682819e+04
1.370775957779462624e+04
1.276904816607418252e+04
1.339165353685425180e+04
1.320624723932129746e+04
1.290490503250802067e+04
1.354691633156962598e+04
1.333995039136161904e+04
1.373991836771192175e+04
1.298090440773986847e+04
1.185611199963055878e+04
1.128935688885059244e+04
1.371358142350294656e+04
1.279072287885100559e+04
1.367685475046157626e+04
1.313051377844547096e+04
1.296410766421602966e+04
1.372640209922380927e+04
1.368780466358796184e+04
1.278825029322787486e+04
1.287657339751250765e+04
1.275145981195804234e+04
1.346418925423921792e+04
1.337288184935221398e+04
1.194097596354893540e+04
1.309255422025667394e+04
1.364087147830539107e+04
1.354689750711964552e+04
1.346043888129755578e+04
1.359596181444614012e+04
1.311253870838399962e+04
1.359663509969644656e+04
1.371546121481340924e+04
1.331845676447843289e+04
1.355842102797797816e+04
1.287138334695971571e+04
1.354767105398845342e+04
1.337016600391940847e+04
1.199984863177901389e+04
1.340556523591647419e+04
1.374089101856135858e+04
1.312949414657276611e+04
1.197809824274234597e+04
1.236074424202606860e+04
1.358102117926150459e+04
1.298682916653617212e+04
1.300818634474130704e+04
1.365457507323807658e+04
1.353935691524621689e+04
1.357065040271494217e+04
1.312476260553429347e+04
1.369754709412018929e+04
1.371590501369591948e+04
1.353347751179727493e+04
1.298552258577274370e+04
1.364559256642162836e+04
1.299351544731704962e+04
1.350008970016404055e+04
1.344240177777662393e+04
1.365262753083383359e+04
1.373320510326459043e+04
1.370775957779462624e+04
1.301066172747856581e+04
1.350610438703471118e+04
1.312927402752619673e+04
1.311986385193642673e+04
1.368068118049271834e+04
1.345727921264869292e+04
1.327073119708812555e+04
1.372994605854749352e+04
1.331726504076312085e+04
1.254214215002565288e+04
1.362012023635142759e+04
1.256955508895845196e+04
1.350456292279706940e+04
1.327503144474913461e+04
1.374209933605611513e+04
1.293668004900896267e+04
1.350237651550928786e+04
1.328879676130975167e+04
1.257870582060378001e+04
1.342027425781964121e+04
1.189611497951630736e+04
1.340669342351844170e+04
1.330238287226497596e+04
1.291893269089801470e+04
1.365706721790986558e+04
1.350083495208563909e+04
1.292655758412183786e+04
1.352269808687827572e+04
1.334694567474333962e+04
1.368464864343340378e+04
1.330612781098020241e+04
1.320624723932129746e+04
1.349197605540844233e+04
1.312592429222881583e+04
1.329694815108155308e+04
1.220927192514173476e+04
1.288660625531166806e+04
1.340282640333248128e+04
1.332916934372757896e+04
1.369925231456765869e+04
1.373984480887762948e+04
1.354227170573029616e+04
1.356545494492675789e+04
1.240827629489780884e+04
1.352432359615574751e+04
1.345802679193889708e+04
1.358660447019302046e+04
1.246848479110991684e+04
1.360597774843683692e+04
1.342505665760606826e+04
1.277295316272482523e+04
1.266888890340776015e+04
1.284786920761293732e+04
1.353347751179727493e+04
1.369226341343991407e+04
1.339286710749671875e+04
1.326608820793209816e+04
1.348305191244225171e+04
1.320216277226609418e+04
1.357419001115561150e+04
1.358828282715852401e+04
1.374826389410387674e+04
1.315114878803562533e+04
1.344916182530104561e+04
1.357073801331402137e+04
1.348696487884506314e+04
1.354049575568680848e+04
1.374745657392195972e+04
1.290676363603099890e+04
1.369925231456765869e+04
1.369046851868682279e+04
1.361781457446588502e+04
1.363701161486198907e+04
1.315660732824503793e+04
1.277940659379431600e+04
1.295618890148878927e+04
1.363358051061181141e+04
1.364601865693275613e+04
1.358148028002467618e+04
1.331636786771432708e+04
1.281755656219947014e+04
1.304147964641314502e+04
1.360846030642953883e+04
1.364742456773749291e+04
1.309497776467754375e+04
1.363886744498701046e+04
1.365926758878105284e+04
1.368954881371968804e+04
1.349359253973363411e+04
1.355050997149047180e+04
1.238219697650513081e+04
1.328063129760498487e+04
1.299499837433973516e+04
1.276387207565913741e+04
1.363696380166476047e+04
1.340792914781521904e+04
1.339366415373554082e+04
1.351662222451018351e+04
1.369027583175180735e+04
1.372247849347703414e+04
1.348850759079161980e+04
1.293524086568077291e+04
1.132466955341130597e+04
1.297726886788948286e+04
1.367509888328230227e+04
1.369038085331873663e+04
1.314811452322536934e+04
1.136844625186029407e+04
1.290965136915071889e+04
1.334432104577931568e+04
1.330533348870592454e+04
1.343548477446932884e+04
1.343721875283523877e+04
1.299190202937529648e+04
1.372447396371619107e+04
1.228963237094608667e+04
1.356232151807187074e+04
1.278825029322787486e+04
1.351823409192415784e+04
1.300582578692454445e+04
1.320045051723076722e+04
1.303505306871576431e+04
1.197657292285983749e+04
1.259114690322111346e+04
1.345061669225633887e+04
1.301926608979672528e+04
1.366185346453608145e+04
1.332890439172387232e+04
1.370288216034614379e+04
1.374247624999741311e+04
1.330408665186733560e+04
1.295501585546123351e+04
1.271738968616519560e+04
1.362318576776254849e+04
1.320422236208415416e+04
1.336960943943235907e+04
1.338192225312380288e+04
1.350547895315746973e+04
1.368756633746152147e+04
1.324261726226817518e+04
1.366005675117779174e+04
1.351244667546828896e+04
1.329450909089365996e+04
1.323469804670498343e+04
1.317362838026729332e+04
1.359394643949525926e+04
1.365280233461439275e+04
1.367542551296729471e+04
1.367989875000265783e+04
