7.523934167109844195e-02
7.923242837053429133e-02
7.997101073985739272e-02
7.228832537321258633e-02
7.723389769346904188e-02
7.572714354051041097e-02
8.124496962780317078e-02
7.813313094148041649e-02
8.082479095908294553e-02
8.101648770953938372e-02
7.963396590553642462e-02
8.135057173270043851e-02
7.620080103410603600e-02
7.840800912510781373e-02
7.541223348535462667e-02
8.059544585255271065e-02
8.121278831568327916e-02
7.924496433355111835e-02
8.103863731817367855e-02
7.976030163484941482e-02
8.000117551300642282e-02
7.560172233593701052e-02
8.065410407216463962e-02
7.800179946632250505e-02
7.098790191771683911e-02
7.369614900730919738e-02
7.811910092397100769e-02
7.767649708396306973e-02
7.694118351456986915e-02
7.891144479208314633e-02
7.859929770500584389e-02
7.423988047094609577e-02
7.716342848583782055e-02
7.844830108525369106e-02
7.741170476310585413e-02
7.867608013221674690e-02
8.016453579662813356e-02
7.909959292373308637e-02
7.293534111355060023e-02
7.862364961525215856e-02
7.884632893794762953e-02
7.885218778558292230e-02
7.430214080653135822e-02
8.068547262142997112e-02
8.046689428875351824e-02
7.999839603826408574e-02
7.555497288521989541e-02
7.212741127706721878e-02
7.664063450337439687e-02
8.100104325762097490e-02
7.874605283632711561e-02
8.120827013138473549e-02
6.961264826909267789e-02
7.948771967677126238e-02
7.701603852670979578e-02
7.935049286970530247e-02
7.933856050564759566e-02
8.080748673947135696e-02
8.010570684815310205e-02
7.715170049378097805e-02
8.064868155822030316e-02
7.761340834599816940e-02
8.130153167264835001e-02
7.579488168228065703e-02
7.695043239109805588e-02
7.862152586259928133e-02
7.887786024382491268e-02
7.017247584873764765e-02
7.531902492807097949e-02
8.123393168221390570e-02
8.116195359905496731e-02
7.690984404254783136e-02
7.699631400660755798e-02
7.944098981796890446e-02
8.146104426705003121e-02
7.934612465605343778e-02
8.128946717506854713e-02
7.947821413137201585e-02
7.515352494905983005e-02
7.745386087828592947e-02
7.275361578142391927e-02
7.763976334884317709e-02
7.726620872745723623e-02
7.771325972909551294e-02
8.107635251955777611e-02
7.541808306382860594e-02
7.855707884798983354e-02
7.526753722662683777e-02
7.973496453478748358e-02
7.444515906605569944e-02
7.923702035722551829e-02
7.823586815957883633e-02
8.097117918618886023e-02
7.224625871699555391e-02
7.945502055229165805e-02
7.645553544150697489e-02
7.692759547280644816e-02
7.704334709778916379e-02
7.639125481096477321e-02
8.140685924833544751e-02
7.711341688813139195e-02
7.875790206307561880e-02
7.768367762983136027e-02
7.865522325825986816e-02
8.094197564002507395e-02
7.403688981888720266e-02
7.662259962030204541e-02
7.880547812872504276e-02
7.978173898025665844e-02
7.787848780838743656e-02
8.150187675278081079e-02
7.782416208195791496e-02
7.831665842770862973e-02
7.934612465605343778e-02
7.783193997098006300e-02
7.884553650894482457e-02
7.226094127560385438e-02
7.875387504612363365e-02
7.245259731460884645e-02
7.917273941015248728e-02
7.577521688966865065e-02
7.620974979791822479e-02
7.893363250744830917e-02
8.028902110731664377e-02
7.996843601233369347e-02
7.596191728470183535e-02
7.995891534015978075e-02
7.743915998586456406e-02
7.133353990302832015e-02
8.132925024638794353e-02
7.285964991919931244e-02
7.951299779747197927e-02
7.965142170803948818e-02
8.034775340301271440e-02
7.979621557559360423e-02
7.965794764134570549e-02
8.052960636093761670e-02
7.500933625746966649e-02
7.940202482192154632e-02
7.334770605557248968e-02
7.846281809998412182e-02
8.156286098457152245e-02
7.716314215200043014e-02
8.082096360716892192e-02
7.376070279529824136e-02
7.533686210052738252e-02
7.833145360138894786e-02
7.370220880075646630e-02
7.595735265657584112e-02
7.418330543981654923e-02
7.786816243665199699e-02
8.119592738710333657e-02
7.933865698613462580e-02
7.487292950863660979e-02
7.697570229367839412e-02
8.085373852320798527e-02
7.473396661133487051e-02
7.662748792005313891e-02
7.951053092015469836e-02
8.011577261356411794e-02
8.095325553129670282e-02
7.833774136003274213e-02
7.963287623533250870e-02
7.694737642574656089e-02
8.112249741514426793e-02
7.972392785118820324e-02
8.100533288302659563e-02
7.876231264238939267e-02
7.851801016765119767e-02
7.296368704350376932e-02
8.085917706180492659e-02
8.143349945812730639e-02
7.976471004239198137e-02
8.071340647805416713e-02
7.982810767362150117e-02
7.928208307230039109e-02
7.964473180719103262e-02
7.944247652211486321e-02
8.120897753625658244e-02
7.536459954951285622e-02
8.063626864109142700e-02
7.369885486506512484e-02
7.976097103947529798e-02
7.552210102126992453e-02
7.942542679576403142e-02
7.652256864207387932e-02
7.578554727268541069e-02
7.256812834863277106e-02
7.214444237767708712e-02
8.124508715874700915e-02
7.929753534095021483e-02
8.146856487133735669e-02
8.094125647607969265e-02
7.890706503252159498e-02
7.419230882182040188e-02
7.763719632684445981e-02
7.613866005057609576e-02
8.113359782302201340e-02
7.982945247372369435e-02
7.950959699562523686e-02
7.269914973381375045e-02
7.562764541350899816e-02
7.925323113436973099e-02
7.865205277194249611e-02
8.029660305880116644e-02
7.866414069615443316e-02
7.874936086852964146e-02
8.139971032502955894e-02
8.031154272584298259e-02
7.921984390647922314e-02
7.825812602834572584e-02
7.809854811807978581e-02
8.132348000604533445e-02
7.824409083498062856e-02
7.922450469828955233e-02
7.042815807968683117e-02
7.886689760822215844e-02
7.988270303070177381e-02
7.662335469446210356e-02
8.156234737361198195e-02
8.150532172252616947e-02
7.739386859720545631e-02
7.643606545374406758e-02
8.043085664673821356e-02
7.988003375893773517e-02
7.985575067394698467e-02
7.898489707709388519e-02
7.863137231261294047e-02
7.423660328090538052e-02
7.944165378266934696e-02
8.057733375554115840e-02
8.055945911695841510e-02
8.152782257872784322e-02
7.990052937239675024e-02
8.087808797849255216e-02
8.126196934098660341e-02
8.094590861010442229e-02
8.012075571827662057e-02
7.305736833153061993e-02
7.912670794277465447e-02
7.835145859816422531e-02
8.002707511407891605e-02
7.753815538742320213e-02
7.865522325825986816e-02
8.153842891692716921e-02
7.671809453195937989e-02
8.093464143236607511e-02
7.991661874402769539e-02
7.058795692578032077e-02
8.023243021812651032e-02
7.736016167443962588e-02
7.271571322350235678e-02
7.922371187826296457e-02
7.870605155465994207e-02
8.065499065850478821e-02
7.282505666501078168e-02
8.040056478122661887e-02
7.820835263960998485e-02
8.016008326136631057e-02
7.563317573973706021e-02
7.912987935876419909e-02
7.780138329315516854e-02
7.623167956891237218e-02
8.134594161646443999e-02
7.907082346823260388e-02
7.679518741689118910e-02
8.078907976803766100e-02
7.882396641568828466e-02
7.432961800504517269e-02
7.661239239880598961e-02
8.009783251905078227e-02
7.777902613431830758e-02
8.101213858520200928e-02
7.401174763838241910e-02
7.925225687636738847e-02
7.810690223661431730e-02
7.638826856508132424e-02
7.501266051042559946e-02
7.439724227442956472e-02
7.876779668853169103e-02
7.736086310939280231e-02
8.104083024477226616e-02
7.535123594090904764e-02
8.139981903876983282e-02
7.327920726930300943e-02
7.743719671857843267e-02
7.878881976063241421e-02
7.687118801946399294e-02
7.622043066930073163e-02
8.051313376651320075e-02
7.320506000853724271e-02
8.149535023031453940e-02
7.875790206307561880e-02
6.958245159719106399e-02
8.080748673947135696e-02
7.581248747840915736e-02
8.056963778316605929e-02
8.038002585919924725e-02
7.603729163099587351e-02
7.987934465367785286e-02
7.377643625477335598e-02
8.073776270370164321e-02
8.152753685478886236e-02
7.420261946698541999e-02
8.015941935810014241e-02
8.096760191990387545e-02
7.982715259111283768e-02
8.140797469976163159e-02
7.812568868687350121e-02
7.864528796338504657e-02
8.152073070930945797e-02
8.097544725224270490e-02
7.894700455741458789e-02
8.053826002928664296e-02
7.642740726313568267e-02
7.436648576970736335e-02
7.826802071089195012e-02
8.030775160237874077e-02
7.476120949444695074e-02
7.858823421149319088e-02
7.939366086229296404e-02
7.637005647695678523e-02
8.004860110986850019e-02
8.072616721834829923e-02
7.290347529022418727e-02
8.070327399444425509e-02
7.771934687090190086e-02
8.113521016168719069e-02
7.847485799164068132e-02
7.863137231261294047e-02
8.065017157604972842e-02
7.862502181118252720e-02
7.822259216090521328e-02
7.678151205255337453e-02
7.914403086141608146e-02
7.979621557559360423e-02
7.817309350391574152e-02
7.653748290448297853e-02
8.142294962604976205e-02
7.840190145994968551e-02
7.754436429050977353e-02
7.919542029391918314e-02
7.923955373145576131e-02
7.647337833537255769e-02
8.086098974131868122e-02
7.733324901314761468e-02
8.093423269756329363e-02
7.536459954951285622e-02
8.101609158271427802e-02
7.691240280155453579e-02
7.731036762569641618e-02
7.872080402628300888e-02
7.874428855183204790e-02
8.052511616594318355e-02
7.326479391914915429e-02
8.059495746261094440e-02
8.060114342674890020e-02
7.627402458053242351e-02
8.048820044772317384e-02
7.833853546543453894e-02
7.737718648714020375e-02
7.570787501784771723e-02
7.525462765935259091e-02
7.899110198303932462e-02
7.742206543135371488e-02
7.217060375209374823e-02
7.503866954307168713e-02
7.186941570130747636e-02
7.832764130343658482e-02
8.091475500636385876e-02
8.054552184164320838e-02
8.110389852735364058e-02
8.076080758294013062e-02
7.803426188453158052e-02
8.030749577715309839e-02
7.701702793699846672e-02
8.049732370573048357e-02
7.927895130915207922e-02
7.226520973599689923e-02
7.101393732284227989e-02
7.833604757174017497e-02
8.039395865360979276e-02
8.111309552974799164e-02
8.075658332195377598e-02
8.013005839099207606e-02
7.852090336047766461e-02
7.874590216512368512e-02
7.707146532687755847e-02
7.546345270723184284e-02
7.929923529533709770e-02
8.146885811810439249e-02
7.760950497512716928e-02
7.635579469179204493e-02
8.072616721834829923e-02
7.593368559148166996e-02
7.913468705054883812e-02
8.137081599417132771e-02
8.082323467826428576e-02
8.134085017560929720e-02
7.398132791138752051e-02
7.844570478873083563e-02
7.654476821905474571e-02
7.863401049667886888e-02
7.871158986395562773e-02
7.563821107197216120e-02
7.906870140932568958e-02
8.109863236469792847e-02
7.908157422408951254e-02
7.819821242624025448e-02
8.013505075179837289e-02
7.904777346701327700e-02
8.026844197142977977e-02
8.008451334194371940e-02
7.773720314466187054e-02
7.895475449698270698e-02
8.072848994205283901e-02
7.901252334608738215e-02
7.569329679707340053e-02
7.302570184386063257e-02
7.902836701277524134e-02
7.189637519055444570e-02
7.736688919986961510e-02
7.218459901402701773e-02
7.875741136723815594e-02
8.146859532102168622e-02
8.137124292010869397e-02
8.046541162292052130e-02
8.140569455011367750e-02
7.747541611127709005e-02
7.583945001876804537e-02
7.623863895413569847e-02
8.110772366454169213e-02
7.920671068793622149e-02
7.750332075142557509e-02
7.659888133028747159e-02
7.769105049001240326e-02
7.094750688947884520e-02
7.735615646607378604e-02
7.982309543639376503e-02
8.025402321020171093e-02
7.205137101448000347e-02
7.550137358596803461e-02
7.690237474638900173e-02
7.927268496639749973e-02
7.431582915642115372e-02
8.085310480106620845e-02
7.434585168344651218e-02
7.930434050725373996e-02
8.033181619712526089e-02
7.900727234172968960e-02
7.978138755553951245e-02
8.081636781926054836e-02
8.053826002928664296e-02
8.063515023695205786e-02
7.977699443794135370e-02
7.984070925661593265e-02
8.117872784798420283e-02
7.578083384589426319e-02
7.628184574449667354e-02
7.857285144847159231e-02
7.766806206449633487e-02
8.145495809349947991e-02
7.937740229949047377e-02
7.320964730805010201e-02
8.137486621652675889e-02
8.015489050928688297e-02
7.760716737478971783e-02
8.106735687808383495e-02
7.808114197233576026e-02
8.055287820466378035e-02
7.215516692806436816e-02
8.105389711850483070e-02
7.846753962731292664e-02
7.565605607237757546e-02
7.835233494017018741e-02
8.112942571932177382e-02
7.707626185716054401e-02
8.063756192178195281e-02
7.956574577378434932e-02
8.000443852064792472e-02
7.862502181118252720e-02
7.879040285020265377e-02
7.506466313159482207e-02
7.972823389470271027e-02
7.759664362124014947e-02
7.726375595621617909e-02
8.041853068760662637e-02
8.045983163616193812e-02
7.623625895071228786e-02
8.015062795994715161e-02
7.680606571736393884e-02
8.142075068101510549e-02
8.101065075386619518e-02
8.065309078339633064e-02
8.042886553522463067e-02
7.681322266678301813e-02
7.691425695688539066e-02
8.065635743382919276e-02
8.140375096784248365e-02
8.125912679040825370e-02
7.633885555456297600e-02
8.120577051808990088e-02
7.489227053067171180e-02
7.853185289650785328e-02
7.871044114371084088e-02
7.448817930465599646e-02
7.887208695475286802e-02
8.110321218229271656e-02
8.148134242837115626e-02
7.604195954613740538e-02
7.842112934003224456e-02
8.093023030074103508e-02
7.956652767453203934e-02
7.347292858379035618e-02
8.089787819518315382e-02
7.726591142153801939e-02
7.956766462778136484e-02
7.931739953393332487e-02
7.924486138358387277e-02
7.914462118442711080e-02
7.953499410153469507e-02
8.076686907399729942e-02
7.909246274770925789e-02
7.946731568103601595e-02
7.621783543942244055e-02
7.879645237904811528e-02
7.880962665775953502e-02
7.093103895659466640e-02
7.568643898878339715e-02
8.129109475588644496e-02
8.026469408365979885e-02
8.057298484950073392e-02
7.244722922956260691e-02
7.845462940500086413e-02
7.526753722662683777e-02
8.144117265781095072e-02
8.080757572279792522e-02
7.718646557950746556e-02
8.047371635315947458e-02
7.396479055254655266e-02
7.908365486081389562e-02
8.045398548321043564e-02
7.881260270936263357e-02
7.640090422798717640e-02
8.124115492419059503e-02
7.600161885429666808e-02
8.050234536220030046e-02
7.970599965981381430e-02
7.971091027214624591e-02
7.266959261609644283e-02
7.739287509127640297e-02
7.869306022951369495e-02
7.886679772683805045e-02
8.153814704992690121e-02
7.982715259111283768e-02
8.091854219379010504e-02
7.934472053512739431e-02
8.015753035460707054e-02
8.077361930070071916e-02
8.083182676888807372e-02
8.142533703585612403e-02
7.454976260011078604e-02
7.793908941113952826e-02
7.578499616119095672e-02
7.449613488340123268e-02
7.995178703291572209e-02
7.655211336658526711e-02
7.999569233941056234e-02
7.565908921446087843e-02
7.969737321755868131e-02
7.796156915447195745e-02
7.920987771009529999e-02
8.005929013837342900e-02
8.052960636093761670e-02
7.956170042490637306e-02
7.858562664537116493e-02
7.441549783241725724e-02
7.934946636392847807e-02
7.928922459574938575e-02
7.851308885538858806e-02
7.269914973381375045e-02
8.088574063966774697e-02
7.044850582410605577e-02
7.591023435373120409e-02
8.049683552050193591e-02
8.026415419120269679e-02
7.533223228089701295e-02
7.431187964303512250e-02
7.763077273445251336e-02
7.574660903984557769e-02
8.019290078167637392e-02
8.128389301720774507e-02
7.779145065842843487e-02
8.074825428225038126e-02
7.949665548064482890e-02
7.767812494432635440e-02
7.251603110820747933e-02
8.113265481881877517e-02
8.065960774003225198e-02
8.059392831731204687e-02
7.901317227124808606e-02
7.311082777109545461e-02
7.681237502972490527e-02
7.609681487349567730e-02
8.140757467121961799e-02
7.902183356820018101e-02
8.109245871811240902e-02
8.016741623671475026e-02
7.837025278040982146e-02
8.052960636093761670e-02
8.088123943070238409e-02
7.875901052077288744e-02
7.845766886723977429e-02
8.135975462949615600e-02
8.134294483467566228e-02
8.087078390917135096e-02
7.864697995137898134e-02
8.086568159992801874e-02
7.553504424468879264e-02
8.110559591054630757e-02
7.094691149282575382e-02
7.844953133805011858e-02
8.126396364690308127e-02
7.353768907902785701e-02
7.795261613274279133e-02
8.098895590369259434e-02
7.904641020982983157e-02
7.996554677797350352e-02
8.088812662713562585e-02
7.183354788699618243e-02
7.973685295878185642e-02
7.765522775131326882e-02
8.105299028728743527e-02
8.118393975505561189e-02
8.082123029068233322e-02
7.804470347823563858e-02
8.090582795563092122e-02
7.469166691711690009e-02
7.369001166286764937e-02
7.569329679707340053e-02
7.847459791741250024e-02
7.908174838946920027e-02
8.064784122058971105e-02
7.995070860024028336e-02
8.018483169708065517e-02
7.587850150359554124e-02
7.928686281518033951e-02
7.622878065099845946e-02
7.819437654612304556e-02
7.801644220288167508e-02
7.715529327594092268e-02
8.132951169351555765e-02
7.918210143796382272e-02
8.147400010276563409e-02
7.350721100986773449e-02
7.881139806528730807e-02
8.078660676363755289e-02
7.120875805345780463e-02
7.848991223523668626e-02
7.666848790610383824e-02
7.872035325844342624e-02
7.786791629593306507e-02
7.620080103410603600e-02
7.720042462051507348e-02
8.154435966786219292e-02
6.661309661388473136e-02
8.012669985809610373e-02
7.222215548646621075e-02
8.147652253227694041e-02
7.562585696311288630e-02
7.184863220908983827e-02
8.029011586651840782e-02
7.397297133922337009e-02
8.145726963559651868e-02
7.700113836916856747e-02
7.268178300875380304e-02
8.155333492400332340e-02
7.627157623403540976e-02
8.108329179188247804e-02
8.126300494764188143e-02
8.116195359905496731e-02
7.998113979087551062e-02
7.818148952343939584e-02
7.276923406052113186e-02
7.543007648276381372e-02
8.035927424890067228e-02
8.107984595048331466e-02
8.053161657778459825e-02
7.706822276179475795e-02
8.101235579526987196e-02
8.125406370251656019e-02
7.517972622974977703e-02
7.890590442621317480e-02
7.860817661056933303e-02
7.860281331508059410e-02
8.052511616594318355e-02
7.989118028239329539e-02
7.950477169355643636e-02
7.725631553963629994e-02
8.067059482325562858e-02
7.708130268561828868e-02
7.957292159774695395e-02
6.927208204548278292e-02
7.962657888382859706e-02
8.135417970455785519e-02
8.061776551912036570e-02
7.591023435373120409e-02
8.103511202092557320e-02
8.138835285569381850e-02
7.790441122256377970e-02
8.013650926509902073e-02
8.073776270370164321e-02
7.935805097513506934e-02
7.695029967448593911e-02
7.166816680774276693e-02
7.291326897587502298e-02
7.360263611415229779e-02
7.225007462939231351e-02
8.123619031969855908e-02
7.643531922494620212e-02
8.040370650988172552e-02
7.785249378918399077e-02
7.829303527171066479e-02
7.311641372450286558e-02
8.086149501551515018e-02
7.893399854561865270e-02
8.143631620090450995e-02
8.005537219002201166e-02
8.104430313606345027e-02
7.181589181918497655e-02
8.064868155822030316e-02
7.998683971350700750e-02
7.503620774103385294e-02
7.863949356020724646e-02
7.637468406750289041e-02
8.070311735159108046e-02
7.740863507421910650e-02
7.517050363274371816e-02
8.100471135285249036e-02
8.047796769068990552e-02
7.619548163971365251e-02
8.068368586496385553e-02
7.725826601585447650e-02
8.041179325202110761e-02
7.975044006941925390e-02
7.547160115512058232e-02
7.413488900143036520e-02
8.069963148531400510e-02
7.830739807689532372e-02
8.097322024353950654e-02
8.093412491848236967e-02
8.103200614361896759e-02
8.121028439039901237e-02
7.739511206964241885e-02
8.106017838776641282e-02
7.476266275837159525e-02
7.894497002444211819e-02
8.091361553379765315e-02
7.859767846191170748e-02
8.139399278271153282e-02
7.742759049137756810e-02
7.891236503311856165e-02
7.959136236959649113e-02
7.983856004893591374e-02
7.967069531491360879e-02
8.073035311987156182e-02
7.225259660163305120e-02
7.973479499018862326e-02
8.113801243220114534e-02
7.689746803895679272e-02
7.862215005766146070e-02
7.770565911864633912e-02
8.009214576146823916e-02
8.028667658883475999e-02
8.156068585896193712e-02
8.094892688166564765e-02
8.002122244229620263e-02
7.459981506461585421e-02
7.859890164387772771e-02
7.627003675764831847e-02
8.018844181881568112e-02
7.862502181118252720e-02
7.930678067580149149e-02
7.664842261141099899e-02
7.975289860261386421e-02
8.114538019765153709e-02
7.523999078927012807e-02
7.919586005039985777e-02
7.495483347226748749e-02
8.069138479207017822e-02
7.807176557233637404e-02
7.692567616014867049e-02
7.481538159610418015e-02
7.457548664229937674e-02
7.727099395664960291e-02
6.699178218094561932e-02
8.154725440412807780e-02
8.007110561473684829e-02
8.155852845780009464e-02
7.775686638432763309e-02
7.976998014267977499e-02
8.136434150899589379e-02
7.875989106278916130e-02
7.343958903005487482e-02
7.961751741648426250e-02
7.973041849539926063e-02
8.026195329557744840e-02
8.099014329776792198e-02
7.393103729856319306e-02
7.447797068520230213e-02
7.577713804962282751e-02
8.037655774440549683e-02
8.055080922064140891e-02
7.364249029134906088e-02
8.079871639178749787e-02
7.932708818091525893e-02
7.428108736014195357e-02
8.143464223540490543e-02
7.679605725348390144e-02
7.975984091367985251e-02
7.851991379512046620e-02
7.450594805450896918e-02
7.838460297014050726e-02
8.083342651549589586e-02
7.579424116167597647e-02
7.467545029993409578e-02
7.030014410044721496e-02
7.967277217993923299e-02
7.296825449593008495e-02
7.650700773812477151e-02
8.155000885296989632e-02
7.993200160511884644e-02
7.956670786355357627e-02
8.001083533316308283e-02
8.098279055154401773e-02
7.054144830114794651e-02
7.613401527478648456e-02
8.036350984095151639e-02
7.662259962030204541e-02
8.031183602343022754e-02
7.740677061803979964e-02
7.846213243955940664e-02
7.966845968241845211e-02
8.061386822666674612e-02
7.936151193287055428e-02
7.707713567407156741e-02
8.022778509885870879e-02
7.043946413742327439e-02
8.128275761353290219e-02
8.117616367426544466e-02
7.837504653175320080e-02
7.911828760101013991e-02
8.125472228474224512e-02
7.658568353560207820e-02
7.877154595667548720e-02
8.118213629923788643e-02
7.895294559536211731e-02
8.028561826008878688e-02
7.800532748550717543e-02
7.750929799590162983e-02
7.785371698241080884e-02
8.106340167909022176e-02
8.065217883951776578e-02
7.710386534286889360e-02
7.881266945837024640e-02
7.678295542480539915e-02
7.570854142723043578e-02
7.112658902187536658e-02
7.806809592132346598e-02
8.000690917824648807e-02
7.669596029196076858e-02
8.147578226179263972e-02
7.762262859477672694e-02
7.729047085823390062e-02
8.125836435174890737e-02
7.803768578960423863e-02
8.128724430857606209e-02
7.935166073696234279e-02
7.755281420576429219e-02
8.032183108720200582e-02
8.120356681461177173e-02
8.053204194938452798e-02
7.002036085362570161e-02
7.877286910734021541e-02
8.155997326595638974e-02
7.371172881768144058e-02
7.296321908626897390e-02
7.801056907862533030e-02
7.867107563692016248e-02
8.042300227012497138e-02
8.138525119915246409e-02
7.810534044157910194e-02
7.158933278248558185e-02
8.151321755939763825e-02
8.059659486069259415e-02
7.648052963180931862e-02
7.922497875559260383e-02
7.979689999933570199e-02
7.615568916510545572e-02
7.500568323754572275e-02
7.326403726505287262e-02
8.121198142434392364e-02
7.989615677821554351e-02
8.124486169405981117e-02
7.743646727364628113e-02
8.144958294315687852e-02
7.769264988486349055e-02
7.565794401851218265e-02
7.057750303502069444e-02
8.037520518022370219e-02
8.092999726347582801e-02
7.520971062873756108e-02
7.899993546567909974e-02
7.611093846240155059e-02
7.886520397210521061e-02
8.116961555256679839e-02
7.755428423810881156e-02
8.022447142926496244e-02
7.539156255264103934e-02
7.412460262782583076e-02
8.094316100407845938e-02
8.024737627044226107e-02
7.741170476310585413e-02
7.928208307230039109e-02
7.030876146098130608e-02
7.125185615118204141e-02
7.183370178916473336e-02
8.122845213243418128e-02
7.972242050335742736e-02
7.835966797709886800e-02
7.862502181118252720e-02
7.230401587236678917e-02
7.933593036060987425e-02
8.020220857835615169e-02
7.572750874013808864e-02
7.567826665487756288e-02
7.714507342558030167e-02
7.930047429619231647e-02
7.891949023017308384e-02
8.001263550247994516e-02
7.730777181130885078e-02
7.967054009212852506e-02
7.672127052372565426e-02
7.852024776247522320e-02
8.106964394749213709e-02
7.290333030443280071e-02
7.891721211642102607e-02
7.928160290593011528e-02
8.022447142926496244e-02
7.846334469558199909e-02
7.314133310190859549e-02
7.215125603608656124e-02
8.127769316057678606e-02
7.692567616014867049e-02
7.831665842770862973e-02
7.402768044838840822e-02
7.861449382038121492e-02
7.806062321747772592e-02
7.863137231261294047e-02
7.555228404780205131e-02
7.992177812270517823e-02
7.941425119012969491e-02
8.096541209197935518e-02
7.824735722297214424e-02
8.118571091321299948e-02
7.375252098261905753e-02
7.458068875312093282e-02
8.101454463124915795e-02
7.802147274590712223e-02
7.750211156337065421e-02
7.913653795666189539e-02
7.820411526355419696e-02
8.132348000604533445e-02
7.846097290904005539e-02
7.915387118640186681e-02
7.586139220621601620e-02
7.999964548387351881e-02
7.917407358819800178e-02
7.850860851463692391e-02
7.940918227636573068e-02
7.095797966791274336e-02
7.938647720998484592e-02
7.912680924102022395e-02
7.498488079357584768e-02
7.284482556163096589e-02
7.551288986386434088e-02
7.834209426808758092e-02
7.912314315654975228e-02
7.374143268647853633e-02
8.136847578868876274e-02
8.123988936619266910e-02
7.957159075681292937e-02
7.873990492853888412e-02
8.071768627859449152e-02
7.628413293198799128e-02
7.759193142762127460e-02
7.835729170140917632e-02
7.594519186954702683e-02
8.123605039745718237e-02
7.926561682862420799e-02
