7.445420330386542246e-04
9.684027465089543050e-04
6.628044710137437606e-04
3.724623084907715555e-04
7.753395846920365384e-04
8.458805183524275217e-04
3.168404880427112607e-04
4.464385424291816601e-04
1.948921984781298335e-03
3.342085937947316559e-04
2.052001264875873750e-03
1.279840559960135956e-03
2.672636023286364634e-04
1.088360779515084231e-03
1.475440008327658396e-03
3.501750636734450302e-04
8.689153893714733753e-04
4.583261464479486597e-04
3.880553592606899877e-03
7.410467950728401179e-04
4.605977099838185710e-04
8.053417618184458915e-04
5.100456674575102548e-04
5.392542495587642490e-04
7.065628646688260029e-04
4.054991618130610802e-04
3.897362407611140722e-04
4.944694935916482247e-04
1.352724784469414368e-03
6.041027213031639233e-04
4.297929274269730220e-04
3.696218682522081850e-04
3.620879908898211818e-04
4.543885356441519857e-04
3.657998757164777253e-04
1.344711526326659943e-03
4.471512719745836034e-04
2.325491538044040154e-03
5.025397226195266968e-04
3.869012087136680265e-04
6.182090394718822409e-04
5.562236187033258806e-04
1.019060942636877860e-03
4.244784450505971213e-04
5.649994171811924260e-04
4.614129248011565186e-04
4.618616857422701391e-04
5.166301817756520582e-04
8.555104992572825154e-04
6.714703492988956550e-04
7.008778253660226300e-04
3.539169611963753322e-04
7.087988078667172747e-04
6.073055811066307378e-04
5.191948720512516886e-04
1.080232513481791138e-03
7.476220548041316973e-04
7.649766186808197935e-04
1.082322681283676103e-03
1.170559832141535852e-03
8.752177740661229053e-04
3.139102902425793765e-03
9.645878698419877578e-04
4.327924350805553363e-04
8.430776911826930219e-04
8.573948288012224602e-04
4.173572913034126345e-04
4.457719130211555583e-04
4.420375639189655565e-04
2.468829140060131103e-03
9.344552992777202787e-04
6.174593159530104977e-04
6.791308385114422580e-04
1.212671475796991668e-03
4.072972815581844689e-04
7.030560533153616459e-04
7.091624283838718302e-04
7.196580020780908192e-04
1.397167449270332032e-03
1.490811259574898991e-03
8.004440492878879890e-04
3.954037998177457880e-04
7.993745409815772914e-04
5.017038154414054166e-04
7.856866329984705469e-04
9.317925498197472114e-04
1.361274253327950188e-03
3.601998215039744502e-04
7.086511852297441155e-04
3.328283507558570499e-04
7.688457433162731048e-04
4.254392078068005255e-04
3.998424097965408018e-04
5.664645869876382134e-04
8.498557326039340607e-04
1.093904973159376577e-03
4.265814515033761775e-04
4.483159154534477136e-04
8.676044922087883856e-04
4.982511319291206336e-04
1.078954923042143394e-03
6.058697526235527634e-04
2.880779088838081401e-04
3.741784602055797746e-04
8.126477602762195848e-04
4.359393094406876883e-04
6.217067015530389424e-04
1.190378407827687168e-03
1.481054299537175540e-03
7.232132891368286314e-04
3.456269141229270127e-04
1.021770796683563491e-03
4.494996077973199746e-04
1.066743438381920163e-03
4.076355166519201895e-04
3.892442560082414230e-04
2.475336259179793151e-04
5.538957704917029864e-04
1.077355213785921584e-03
5.561183963582823266e-04
1.242644120364242658e-03
4.074011139679424055e-03
7.818780117652244935e-04
1.365329359570327484e-03
1.396358469577280810e-03
1.355888294416217506e-03
2.274290417980506535e-03
1.196529795926096510e-03
5.641656230967192305e-04
3.579168868608747296e-04
1.349911797721343922e-03
4.130546858507841987e-04
3.436034340610082702e-04
1.097659725321942009e-03
1.026706143980620671e-03
4.006874469686605910e-04
1.651074702143859102e-03
1.294772201404756611e-03
3.926218497830461841e-04
6.500247257416923510e-04
7.098213613839957732e-04
3.891516410731228246e-04
7.773807142112152757e-04
4.938844383608598622e-04
2.034965348503760697e-03
5.708226482041698279e-04
4.877660810441564036e-04
2.407556854222388937e-03
4.745129222212984724e-04
3.826674301435131482e-04
7.259502207221984939e-04
4.974028374575278910e-04
1.169039449765944729e-03
3.409530863133306824e-04
2.958074470918075683e-04
8.000881242087901860e-04
1.418830871400876634e-03
7.258432852772645893e-04
3.477590614649797552e-04
4.632287722041646973e-04
1.088584972352953225e-03
5.917262419441759493e-04
7.609693826618925275e-04
3.498682473479692873e-04
1.126571193811444146e-03
7.476615267556024035e-04
3.548531567383217834e-04
5.914140725374949581e-04
3.247825651849325685e-04
1.612989602199668389e-03
1.872441545331764200e-03
5.781399640956911678e-04
1.912944316089600213e-03
7.537021224066684346e-04
3.842807465060716667e-04
1.035336367775918209e-03
4.260115166700371146e-04
7.791614016347478151e-04
6.038777539472159166e-04
8.457537780060285027e-04
5.954468391440599206e-04
3.476560804028409131e-04
1.596689213696269758e-03
8.859962881167377218e-04
6.413032160672834997e-04
1.756705442706291880e-03
6.985900696055385821e-04
1.320294808421350764e-03
2.302873127002082014e-03
4.823776118574087937e-04
1.005630813005501441e-03
1.505033418878018231e-03
5.629318795894326698e-04
7.247880563513631105e-04
4.103224584689206165e-04
3.072868187311538217e-04
9.196213296980018876e-04
7.088803216076340272e-04
8.456531069614220625e-04
6.761830227465802411e-04
3.896412584573642128e-04
6.573484176025591770e-04
4.577942951995933683e-04
4.892139855293144678e-04
1.464969792287223018e-03
5.138920952077849665e-04
1.040971139226120994e-03
3.977898583208392715e-03
5.308895050864513880e-04
1.699278602796797533e-03
7.492431806420785751e-04
1.025213108994038483e-03
1.228952003038823269e-03
1.723157999020613097e-03
1.579068134743921627e-03
5.769677145237406919e-04
7.703632257658022493e-04
1.195510553085702560e-03
6.765976366015809393e-04
6.647292691134299705e-04
5.858344658036752830e-04
7.714305931433437184e-04
6.791717359144278186e-04
4.187265000436313548e-04
3.920822402724135421e-04
5.854452463854381778e-04
1.161534490720030023e-03
4.654661968078841632e-04
7.414273912574135053e-03
8.467011243593685569e-04
1.362052140505734532e-03
7.621950021968611991e-04
5.781399640956911678e-04
7.270053888723092142e-04
5.756248762161873377e-04
2.725865236850867862e-04
1.061585105211046995e-03
8.091126813039756531e-04
6.844404030509081052e-04
1.514664936715115397e-03
4.202527954873329884e-04
1.792930630002620906e-03
3.964799021265930285e-04
2.482621306017284389e-03
5.664543849555250116e-03
3.296898378943195003e-04
1.357603020106761503e-03
4.930838409983573888e-04
4.368543880792540913e-04
3.974333155971614020e-04
3.822299620889157935e-04
9.285595214645590584e-04
8.795612642524389992e-04
6.038429913409623867e-04
3.495226752124904715e-04
1.039135287291743622e-03
3.266991549986129136e-04
1.029510814112707994e-03
4.271229792821153539e-04
1.258550156270235240e-03
8.477833006634032022e-04
1.415737978223641442e-03
6.906482248863084466e-04
7.970852630296373529e-04
2.919284215047677220e-04
2.356061872246369919e-04
1.290399945424037902e-03
4.298249171739687005e-04
5.214614390427482022e-04
8.074521463955270555e-04
1.077022444951770269e-03
3.918700847139878866e-04
7.646729805294679360e-04
4.089917479966650288e-04
3.357212258451336331e-03
3.515348190782773973e-04
5.055578054069720297e-04
7.536054266997126378e-04
2.103542610383084700e-03
9.582333959379807104e-04
9.023029428610194113e-04
9.056876838522591802e-04
6.574445092767122484e-04
7.349926449872318766e-04
1.813019588181555460e-03
4.653039098074739609e-04
7.081287544820591114e-04
2.915211005657290734e-04
8.788444659814367496e-04
3.448408798370495285e-04
3.818427204177942346e-04
1.244790419004300833e-03
1.656352476991503411e-03
1.923017909823815852e-03
5.471622574607962978e-04
6.029835240925787666e-04
3.866254097810444164e-04
1.568301044888031470e-03
7.669431670767275265e-04
5.309054664463209398e-04
2.622418764510320559e-03
9.630574462433541365e-04
8.193584056162856333e-04
2.897024299331867883e-04
8.459956925343495217e-04
3.206185804853471048e-03
5.931747482677169085e-04
5.454564705479072149e-04
6.549980790910995068e-04
4.507440227967197998e-04
5.671561839749081997e-04
1.907333246473248700e-02
3.779006896620413125e-04
7.013717289203912813e-04
3.156384127766364688e-04
5.769677145237406919e-04
1.080876601151925910e-03
3.768719788921174067e-04
9.378667272447320817e-04
1.202403169287622007e-03
3.880410527051457968e-04
5.531587410971660485e-04
7.218079418370482213e-04
3.112301888861344489e-04
1.182638004907684247e-03
2.362373585868220334e-03
4.958684477016837800e-04
1.723897357393093912e-03
4.576106207049798237e-04
2.299810697748763395e-04
3.891516410731228246e-04
1.162171118480547676e-03
7.115770276963043640e-04
1.713354297575337250e-03
5.299086607452784198e-04
5.540312661278268833e-04
6.611928176111682301e-04
5.067651900083333444e-04
1.245933879051594820e-03
1.348949303534285058e-03
6.697406094552725390e-04
1.142709357598558186e-03
7.616717589986879075e-04
3.443465946661943651e-04
4.155175804528705693e-04
8.648208580365598572e-04
7.473243401532392912e-04
4.260115166700371146e-04
9.239553702920748476e-04
5.590652503591191525e-04
5.042653903817374047e-04
5.676784362639432195e-04
1.124042278687801578e-03
1.851946848310371749e-03
3.812061060766859912e-04
8.132064246808268747e-04
1.818557470230126698e-03
5.137603410304048034e-04
1.553382961845128571e-03
8.789561775593329783e-04
5.457163984816130672e-04
4.602290095436709083e-04
8.784000706002382131e-04
3.423227592863612627e-04
5.858047639494194485e-04
6.664643660837874916e-04
2.764028893619484262e-04
5.412388954664009919e-04
6.814138756882640513e-04
1.502981294394959821e-03
3.543070356860105645e-04
1.417923421921919247e-03
5.743789999856766838e-04
6.979157481255912230e-04
1.088360779515084231e-03
6.890989342338472599e-04
1.559676729764532949e-03
6.237100095455590893e-04
2.804432767932227939e-04
2.092633152185964778e-03
9.208615878628240983e-04
1.156987151749072455e-03
1.014840164625188841e-03
6.310958974135881311e-04
4.153801502331299971e-04
7.091624283838718302e-04
3.774983739130659114e-04
2.643623990941967915e-04
3.696457870567167615e-03
6.374857528878158115e-04
1.960713396183069637e-03
1.907333246473248700e-02
1.317706244327911938e-03
4.395648300681833319e-04
5.294715399467766342e-04
5.060739046884044903e-04
9.102672882705143157e-04
1.605038270640967357e-03
7.644278382292241276e-04
2.356117076005811474e-03
2.013246020958190177e-02
6.518281789446337630e-04
3.760677975476153009e-04
8.005164584362298727e-04
6.300820940649543012e-04
1.691945907858771270e-03
1.244966320232765563e-03
1.732334704203394036e-03
5.081435628922000448e-04
5.058380251489879176e-04
4.934986012833940221e-03
6.594004078076964480e-04
1.858614996939771374e-03
3.500976041244159174e-04
7.627474675153046073e-04
5.207529002510477741e-03
4.663280634817050388e-04
1.274812746250356382e-03
2.022078909944752430e-03
4.381266621177983163e-03
5.337547267840850622e-04
4.466269174482674653e-04
1.417948648729358031e-03
4.970968020688035574e-04
8.997590097391108604e-04
6.158538487157037009e-04
6.691869778691404789e-04
5.630617132978583961e-04
7.630184945037083452e-04
4.519583758611290841e-04
1.345423178129996969e-03
4.120251904134738337e-04
2.330260633317825930e-03
6.010176680362787696e-04
1.241908854836105231e-03
4.376727736928049794e-04
6.013176576635345010e-04
1.082322681283676103e-03
1.239407216032690964e-03
8.095798906777321386e-04
1.142534549201131575e-03
3.751702737787655827e-04
7.356643487402299677e-04
6.445580646548974748e-04
6.054153625176064181e-04
4.757672263012610830e-04
1.150250910947840178e-03
1.059511992937947535e-03
6.116403384067676391e-03
2.971383944098038212e-04
9.439140667536346455e-04
5.277436395277824077e-04
7.151018081117253193e-04
9.246248138753889335e-04
7.776934031376577872e-04
5.747384612305209920e-04
1.948921984781298335e-03
1.531296521579598871e-03
7.113562045870750481e-04
6.301145026892813463e-04
2.149296875565780227e-03
1.308003112497997319e-03
7.239565223470098218e-04
6.140961698605813942e-04
7.851360661342980966e-04
4.326308651842473074e-04
5.050217772111423699e-04
9.139854558553223195e-04
3.390345406030976540e-03
1.397651397844478036e-03
7.773807142112152757e-04
6.159758964773199468e-04
8.396831518826841948e-04
6.898724255356609731e-04
4.791789746033385967e-04
9.521106202034219750e-04
1.327422907902177677e-03
3.679922922534902170e-04
7.269325851748752567e-04
1.029510814112707994e-03
4.687969197421067505e-04
3.936443818734505187e-04
5.382959054138386793e-04
9.010926111430317279e-04
2.120240969281078375e-03
3.936369684038781890e-04
6.706596541054626014e-04
3.342032305229105868e-04
5.142822770751769501e-04
5.839677637346173383e-04
5.255693981772499969e-04
1.007256516770167233e-03
5.294715399467766342e-04
5.607771640668336201e-04
6.469823748139969443e-04
3.476445682444424747e-04
4.577815727103616518e-04
1.466590577052634013e-03
3.107865442646934426e-04
8.968572276893476639e-04
4.711267653424343273e-04
9.657525434238666212e-04
2.053175585091486857e-02
4.840042787907238063e-04
3.069869177503054165e-03
1.080159036283554743e-03
4.190023715732572136e-04
7.282790151587847883e-04
7.303744795662329677e-04
7.026301448109671319e-04
5.136941559749425750e-04
1.858165534602816823e-03
6.929520831661767875e-04
4.827782564321447833e-04
9.540658535912545715e-04
5.750457495846170814e-04
4.551491226046330048e-04
1.089763116928895489e-03
1.496477385323247014e-03
6.477824542670858202e-04
7.668214990907020303e-04
7.113835557231296255e-04
1.525017767855617670e-03
2.654460869361426577e-04
6.714703492988956550e-04
2.092633152185964778e-03
4.882130092443938614e-04
6.460297329246217140e-04
4.607951007566440851e-04
7.383992090049078250e-04
9.683445849536249234e-04
8.173289868923155682e-04
7.474648436752239595e-04
6.044226108078117402e-04
3.512457890299052984e-04
4.776937309729546461e-04
2.746918957108230013e-03
9.758842703733113010e-04
6.203759204592046743e-04
1.283254046354004784e-03
9.976492676977714771e-04
2.024649077031200756e-03
4.315794535060320128e-04
8.387074083102884171e-04
2.131691104627046838e-03
6.966112301744762422e-04
4.149308583831491822e-03
8.809468899047129264e-04
2.564100911341627310e-03
9.227755827142794173e-04
7.755809592391686713e-04
4.830277642395042225e-04
5.954341650119626900e-04
5.261722164346558858e-04
5.214040333968469713e-04
5.442958375795279571e-04
7.766521939360697489e-04
6.093455076630706129e-04
6.356637882001011774e-04
6.376921446759552768e-04
5.375896879110548263e-04
4.364851278265390868e-04
5.180284074305524251e-04
5.268733202269875815e-04
7.670643413160960732e-04
7.091624283838718302e-04
7.082915998551127376e-04
4.464385424291816601e-04
6.469771941301869379e-04
9.785521228996363688e-04
1.025213108994038483e-03
1.678037209645980975e-03
6.410305062773578259e-04
5.677720200647057812e-04
9.255565431940283990e-04
8.791966659945975272e-04
4.618079014717270782e-04
4.890693486219991780e-04
4.023494025007886459e-04
6.067922639765539273e-04
2.712228290109897381e-04
1.983276331389801413e-03
7.436466127510752908e-04
3.498682473479692873e-04
6.914716548322675464e-04
3.991624087656948472e-04
4.233413388660760258e-04
1.100808964926045311e-03
3.162103651410458002e-04
5.261551494081134241e-04
1.113332531272025585e-03
8.786947521317838971e-04
7.772287433687628463e-04
8.053417618184458915e-04
6.627396976571509881e-04
2.468748167292922238e-04
4.746006334355016860e-04
4.726370336856845398e-04
6.051402491303132722e-04
5.223141168492734894e-04
6.045760217059191867e-04
5.375987704016594844e-04
1.170623989641764564e-03
7.670344187500159876e-04
1.124773732451834997e-03
1.190106185566833837e-03
8.423158787277705084e-04
9.375050379968286008e-04
6.426908048303761872e-04
9.220577125878226228e-04
8.016184830411879217e-04
1.482475813447346833e-03
1.314556277925834184e-03
8.119965940650234609e-04
5.016079102516779031e-04
1.110087326299719068e-03
6.976924691260729229e-04
3.978576827924821635e-04
7.790811520645616163e-04
7.666394856837279934e-04
4.946668564541923394e-04
1.430833567478584801e-03
2.962931151940928075e-04
6.791717359144278186e-04
2.133917616300530073e-03
1.073060594073392722e-03
1.157682385365843341e-03
6.741522507957167874e-04
4.816235178019710934e-04
1.307419176366295902e-03
1.255034819572882574e-03
4.322767477335606083e-04
8.225134933704441936e-04
5.900929040998483324e-04
8.638682226040000694e-04
7.045406095550734360e-04
7.719854763062913806e-04
3.839924654327228452e-04
1.053709713761773322e-03
1.508020128822864158e-03
1.270336144452428265e-03
4.405393824691107357e-04
5.124713035768760057e-04
6.223060151540693932e-04
8.540642939471393890e-04
7.439501092053470805e-04
4.017858097433230557e-04
6.408234439795155871e-04
5.247313362226425698e-04
7.818805655459686596e-04
4.603907845336862540e-04
1.608546301445765462e-03
1.646592330010618766e-03
1.141462735163673416e-03
6.653983138750034498e-04
3.495226752124904715e-04
6.673287269507645770e-04
6.343663625491480695e-04
4.275213458707736330e-04
6.791717359144278186e-04
4.862572038149317591e-04
6.028364344802301543e-04
1.025747321213410718e-03
3.389846375192750744e-04
6.005953906717474396e-04
5.756800569068610228e-04
1.159517534145641012e-03
1.449006260590851494e-03
1.124405153943554281e-03
1.233524755514979303e-03
6.197273281171661796e-04
1.231570675830574854e-03
1.907333246473248700e-02
2.008440749974761338e-03
6.029317037698930749e-04
1.759760026685267030e-03
3.612257947223843210e-04
7.354688936104465712e-04
3.624466967265982278e-04
1.279109887654045164e-03
1.538588685614212127e-03
1.226052707363745097e-03
3.131437565814952553e-04
6.726789467932657628e-04
2.037048150658094144e-03
5.146128334495062538e-03
1.304393920954609060e-03
3.658094657593741368e-03
3.935863254603062973e-04
7.769064340201627507e-04
2.880779088838081401e-04
3.069869177503054165e-03
1.233555737501560584e-03
7.795476323625695437e-04
3.621838892614459723e-04
3.603876782089833215e-04
1.211893923141351683e-03
3.866360682106346667e-04
3.412344082724597777e-04
1.731199451079997896e-03
4.000306051855776531e-04
5.246934839138902001e-04
4.194513167351509035e-04
6.971681979118809656e-04
7.052205121287060882e-04
1.069159564353230896e-03
7.956093108570502434e-04
4.513841744045504127e-04
1.780296705999076263e-03
6.796011743694037365e-04
5.254438914604734777e-04
9.713515796234492442e-04
4.759933498427202443e-04
1.963129083294271634e-04
1.591251683491882573e-03
5.208720527894966472e-04
4.639877972360343652e-04
5.046838595022705909e-04
6.276472189115347902e-04
5.584455813896834365e-04
8.748842346751044708e-04
6.573484176025591770e-04
3.930163828966802293e-04
1.301441312446703245e-03
3.810036614126994419e-04
8.746826843162222847e-04
6.451725327532537935e-04
2.539579361210330451e-03
4.082118764606013734e-04
5.596486727142813535e-04
4.340189284125978760e-04
1.101684395919732455e-03
1.365651287916427739e-03
4.181474012398082580e-04
4.179860221975648777e-04
9.135988874689116761e-04
1.155517554026464465e-03
5.333898839670102657e-04
5.069789230249163161e-04
1.702913359479524833e-03
5.085860304826142616e-04
2.991449282255585307e-04
5.364222607538206029e-04
1.206030638555576117e-03
5.240497336071885158e-04
3.450547554558862362e-04
3.916374706993857907e-04
2.807419569364916234e-04
1.176663598441140060e-03
2.982177504713640699e-04
1.014346791360760730e-03
1.231570675830574854e-03
4.392107145792548627e-04
5.954468391440599206e-04
7.875164658700106865e-04
5.135496070010396813e-04
4.964270649348603544e-04
7.474246965424856956e-04
1.362898289882313223e-03
7.579011042952848174e-04
6.679330886425785237e-04
9.024127319591787122e-04
8.067177550414862371e-04
5.016868444228094479e-04
5.658499301413077217e-04
1.328014015108580593e-03
5.473602276999065550e-04
1.547652285969026726e-03
6.707875731945719391e-04
4.221066894202983566e-04
6.651442313371336941e-04
6.285067406955403054e-04
4.641606008752865672e-04
1.127354416242550526e-03
1.068253443550902298e-03
3.998738811376268201e-03
1.319381791394724258e-02
5.637676043138423057e-04
7.755418736116624287e-04
6.295974498123356770e-04
5.735120111257614251e-04
1.031860656265625072e-03
8.763213983947995729e-04
3.846641212240087520e-04
8.392504563847131595e-04
4.095585714350718663e-04
4.471940137979753369e-04
7.981302460756127710e-04
7.844890302070638231e-04
6.325204438930295608e-04
2.389981359645648880e-04
3.570559103075158385e-04
5.139855104469203068e-04
1.986910728808864105e-03
5.905845501095153497e-04
4.403818884936915945e-04
5.235366089870176166e-04
1.048941318928232414e-03
6.177892875431559424e-04
6.154013491152333709e-04
1.071342357628249798e-03
5.900929040998483324e-04
1.225905209953837959e-03
4.415604152463499673e-04
8.329734037922038653e-04
4.110181101148576571e-03
3.924739481976494203e-04
9.196711823504206225e-04
5.315774523490516450e-04
2.370060202145619042e-03
2.281885511821894752e-03
1.658330284917102675e-03
8.761006658014418563e-04
1.027402061223307850e-03
1.344300254996772057e-03
4.480460586232273791e-04
8.169250573184558923e-04
1.794352669779961237e-03
8.802888713110010093e-04
5.406888583219145172e-04
3.760618294104461023e-04
1.155862868624067327e-03
1.004882711343838128e-03
4.522640736593598262e-04
8.010753298659471083e-04
7.251736505606080603e-04
1.092137614667413291e-03
6.281949710046177450e-04
1.237447564909833347e-03
7.398152186542572475e-04
3.998460452342177183e-04
8.650967480851489344e-04
8.396860550717718738e-04
4.179161498996309039e-04
7.059663366532410202e-04
1.372315286238668655e-03
6.275824609708297681e-04
4.747971696148606236e-04
4.083544342787283083e-04
6.594411050871297302e-04
3.696218682522081850e-04
3.924038964641274221e-04
3.011294833440114529e-03
5.007501812354857133e-04
9.631186938554629979e-04
8.157044502336401872e-04
3.920822402724135421e-04
3.745968692591766184e-04
4.016428540157283215e-04
4.106787984767824558e-04
3.474940460662818693e-04
1.264076135171022424e-03
5.676784362639432195e-04
3.594329402348235081e-04
2.494779926785064628e-04
4.051345086070745074e-04
5.047129641455461039e-04
1.248505487319110209e-03
5.252496044268653141e-04
1.502140391756413449e-03
1.129247787405372565e-03
8.786947521317838971e-04
3.260681727466073791e-04
5.912710975301527748e-04
1.369496158622836432e-03
3.197063883256436186e-04
6.428014617419848444e-04
1.053870336120840950e-03
4.895976679720306967e-04
3.950759542780273069e-04
6.679330886425785237e-04
1.401034116951831469e-03
1.100134100063485283e-03
8.476534770624120051e-04
1.222282340850135759e-03
1.255770820043963310e-03
7.621793551875008120e-04
6.750444639251463154e-04
1.258991764794555046e-03
4.866198641572786507e-04
1.213422007287844181e-03
6.723945497926506285e-04
1.624735046323819761e-03
2.001540455777434026e-03
1.251179263577124586e-03
1.226052707363745097e-03
1.190378407827687168e-03
2.815739008103044540e-03
4.863526072156298366e-04
3.332490916676980868e-03
1.381526628625309901e-03
2.491379614091610625e-03
3.871350912362824578e-04
3.939088722708629039e-04
6.581267349441060959e-04
2.320505866258903635e-04
2.299810697748763395e-04
7.113562045870750481e-04
1.956117572558018630e-03
1.031832722106466958e-03
9.196677619546702459e-04
5.675529944563919389e-04
6.644126249439048608e-04
5.774093052546881450e-04
2.649780003872634327e-04
5.927100857065521885e-04
4.943880033190265963e-04
3.818143736264858297e-04
1.815358943785960830e-03
5.273167862884210961e-04
6.156244252722456413e-04
6.592877146291496303e-04
5.962548513277562837e-04
5.897859890520588998e-04
7.706632753828562658e-04
4.356357852458781670e-04
2.529797749081232018e-04
9.172879365979305340e-04
9.393651837045078256e-04
7.521815561216473088e-04
1.221800001001050037e-03
1.923017909823815852e-03
6.929520831661767875e-04
5.905845501095153497e-04
4.784739420050267015e-04
5.297054579692499774e-04
7.913139590228148064e-04
9.501946362801899030e-04
5.499675777409408642e-04
1.069695516191634423e-03
9.196677619546702459e-04
3.305693697595255280e-04
7.256872235437807420e-04
1.004882711343838128e-03
4.857274321405380142e-04
5.238458343247239966e-04
7.568497762558032112e-04
6.449588485398840285e-04
3.224894041486493020e-04
2.172595856765530305e-03
5.725540330976735485e-04
5.602348124121649424e-04
5.430172072908691708e-04
3.571436258220713898e-04
5.316342796364660140e-04
5.546610879753694151e-04
3.588207900744509412e-04
2.845895949116902996e-04
1.087979099490385968e-03
4.987044785333214630e-04
3.456269141229270127e-04
5.104893636836284982e-04
4.715695028614283035e-04
1.003120251347351492e-03
1.452337864924561819e-03
1.514664936715115397e-03
3.784935704188943932e-04
1.261918768112640444e-03
8.607355331840137094e-04
3.417926788945328722e-04
4.347536455522329969e-04
6.613966765724529559e-03
6.241218195940138012e-04
3.469724712575429420e-04
4.357722636708033590e-04
5.720433017799966607e-04
6.038319031732296586e-04
6.723492397899578921e-04
8.481210985165443892e-04
1.555895206747964950e-03
4.146824062211142397e-04
4.557785056065390573e-04
4.450976632500827689e-04
8.345417536004070711e-04
6.615153635004864365e-04
4.956991090093264664e-04
1.042012546325379613e-03
4.504770472890950745e-04
6.787175123902653220e-04
2.971383944098038212e-04
6.158726856908978888e-04
1.387638348971274903e-03
3.242680235981385320e-04
1.168163467249985505e-03
2.594003725646106353e-04
1.202403169287622007e-03
8.109216256574391978e-04
5.968641495410980475e-04
9.877640565549819680e-04
4.789877856452599489e-04
4.432042493284090411e-03
8.523580622560662963e-04
2.902476609126685477e-04
6.715226825623178903e-04
3.932001586094412441e-04
1.116414599335432880e-03
3.908614628910480802e-04
5.694114223378566632e-04
3.764166356681907422e-04
1.528099096608298828e-03
