1.219300563836270339e+04
1.218970975828006885e+04
1.209358855085866162e+04
1.210486822249087345e+04
1.220707126668003184e+04
1.221484296431703660e+04
1.218089597797733404e+04
1.223949697641914099e+04
1.221586683002166865e+04
1.218276156262616496e+04
1.219469581893853683e+04
1.214653593771264605e+04
1.220670709463613093e+04
1.213990909078573532e+04
1.224130648346055568e+04
1.215611592944858785e+04
1.219754168285932428e+04
1.222046379833403626e+04
1.215223911676834541e+04
1.215902441649404682e+04
1.216964623310187199e+04
1.224140897177708757e+04
1.221134735308446216e+04
1.216823979168956794e+04
1.224316207633482009e+04
1.224208373537985608e+04
1.222605640274049074e+04
1.223889483782558455e+04
1.215488166290429399e+04
1.206499618636905689e+04
1.212070549965800819e+04
1.212686000466473160e+04
1.217546488864359162e+04
1.216592900972425741e+04
1.220156584746478984e+04
1.212100720260737398e+04
1.214185613683490919e+04
1.212041216282412097e+04
1.220904316687676692e+04
1.206755207862027601e+04
1.223652842181025335e+04
1.203146778146564247e+04
1.224125161526296324e+04
1.223698831670977597e+04
1.220571030973294182e+04
1.219485631043581998e+04
1.210223753335050787e+04
1.224475466459350355e+04
1.207683072659427125e+04
1.216539486606249375e+04
1.218388078031536315e+04
1.221188041630881344e+04
1.208007812529402145e+04
1.219427217168279822e+04
1.209590326651791474e+04
1.214298292733808557e+04
1.219915768295549606e+04
1.220512943394109243e+04
1.224167258144485822e+04
1.218603109199987921e+04
1.223272895151880221e+04
1.208622117472600621e+04
1.212020863483164248e+04
1.220140584481656879e+04
1.224587563146847424e+04
1.210108454677723967e+04
1.222945283546273822e+04
1.224246472723069019e+04
1.214015078437724878e+04
1.222840803098873585e+04
1.223710790897992592e+04
1.219352841582234942e+04
1.209571304154715472e+04
1.218402295598392266e+04
1.224059171182144200e+04
1.222450768867336228e+04
1.218646851843664263e+04
1.222893641240916259e+04
1.209880017355040945e+04
1.223601591175410613e+04
1.215775205859782000e+04
1.224203251257522243e+04
1.220073904126636626e+04
1.220880963459712439e+04
1.213220998883848915e+04
1.221873300685079266e+04
1.204713977045900356e+04
1.210313300413053003e+04
1.217677119713287357e+04
1.215452569678934015e+04
1.223299333348909568e+04
1.213595426302523992e+04
1.224301294573202722e+04
1.210190142593991186e+04
1.220492483537271983e+04
1.222234515361386912e+04
1.224465306460564898e+04
1.216031232991573052e+04
1.219172311532698222e+04
1.212384303543746864e+04
1.216666879331750170e+04
1.219452343879954242e+04
1.219251197558226704e+04
1.222369806179535226e+04
1.213732021907031412e+04
1.215894652460658290e+04
1.224475466459350355e+04
1.205559131857052125e+04
1.221915250687670232e+04
1.217214474166571563e+04
1.218427983715911614e+04
1.214206045109167098e+04
1.211371684220690258e+04
1.212708933822862309e+04
1.212856634098436552e+04
1.215550989863184805e+04
1.222756409595455261e+04
1.217082943103160142e+04
1.210925249444256224e+04
1.213454890455294662e+04
1.212353764641077578e+04
1.214700720309282588e+04
1.201092373215253792e+04
1.222885369572940908e+04
1.217559660026490019e+04
1.221637116978077756e+04
1.224470400094873185e+04
1.224437343214794237e+04
1.222546326679932463e+04
1.219567514966336603e+04
1.220573090532307106e+04
1.221480408032196647e+04
1.203406973753983766e+04
1.224140897177708757e+04
1.221265943122519820e+04
1.222306433902469144e+04
1.220912784993697642e+04
1.218170359025371727e+04
1.220066347175475676e+04
1.223516742688060913e+04
1.211306526232257420e+04
1.218066681008922751e+04
1.217549418470955425e+04
1.222010102669013577e+04
1.218934729755196167e+04
1.208499006959739199e+04
1.209575762961279906e+04
1.222054782209096084e+04
1.218416326739380747e+04
1.216613419106955917e+04
1.211700424486856718e+04
1.222254741544765784e+04
1.213226395013311958e+04
1.221038039890978507e+04
1.221492885696625126e+04
1.221269614065275346e+04
1.212416285016747133e+04
1.202940978131484007e+04
1.224316894149493055e+04
1.216644888791112135e+04
1.224315479694020723e+04
1.217970926826942014e+04
1.219630816747922836e+04
1.217501453434279756e+04
1.219985414779004532e+04
1.221656106529012686e+04
1.213354231309600436e+04
1.215447160118856118e+04
1.213264195689793996e+04
1.218265005376370209e+04
1.212117546196590229e+04
1.212811926037111152e+04
1.207942257086386235e+04
1.214945277895403524e+04
1.218402295598392266e+04
1.222878011492060068e+04
1.207596329932703884e+04
1.212536422094102636e+04
1.202205283784390485e+04
1.223497669487841995e+04
1.213462459080377084e+04
1.223237832651698773e+04
1.220768417985062661e+04
1.214567290101020262e+04
1.219976929435555030e+04
1.222296235721232915e+04
1.208005305762990793e+04
1.220511459412272598e+04
1.220223525842996605e+04
1.224475886724184056e+04
1.218103315761518934e+04
1.212643459321705814e+04
1.218393458058221040e+04
1.220215542982836996e+04
1.217249500871236341e+04
1.215377068028767462e+04
1.219269958663609395e+04
1.216207029793758193e+04
1.213519966818867033e+04
1.219267340512056762e+04
1.216635400264573946e+04
1.219479662295890739e+04
1.222770223478296066e+04
1.217301097829491846e+04
1.216782089880595049e+04
1.210982821229050933e+04
1.224378182197772730e+04
1.220364649451042169e+04
1.213916836205604886e+04
1.215564410967860567e+04
1.221313608141787881e+04
1.200131935548722140e+04
1.218046560666915684e+04
1.219477427271614761e+04
1.211419839977314950e+04
1.217778435454720056e+04
1.223530994710911182e+04
1.216656427197230005e+04
1.200187410026709949e+04
1.220266879041466018e+04
1.221675796204957442e+04
1.216189326505802819e+04
1.216315912265042971e+04
1.208432911802271155e+04
1.220165179575287948e+04
1.204534413042107553e+04
1.214405436612819904e+04
1.222858643971560559e+04
1.219551666844721694e+04
1.214274936237596739e+04
1.222348550206159780e+04
1.224474111408151657e+04
1.217460270849947483e+04
1.214082681230016169e+04
1.221228885180327961e+04
1.205914778698763257e+04
1.219875207362065521e+04
1.215854745786378589e+04
1.209013788593537538e+04
1.223293584405625370e+04
1.217110795908672117e+04
1.220583809779555668e+04
1.213544356359211088e+04
1.210910344001887643e+04
1.204219461793635128e+04
1.222999957419862949e+04
1.216927168530483323e+04
1.217631279652638477e+04
1.214494232612762426e+04
1.214299387418103834e+04
1.222162054102941147e+04
1.220966725140220296e+04
1.219828196462665255e+04
1.219882260206489264e+04
1.217499640515260580e+04
1.216728051635476550e+04
1.201984084595647073e+04
1.220129444511313341e+04
1.219963949292813231e+04
1.220584274560648555e+04
1.202810887442935200e+04
1.220817873797099492e+04
1.217426572292717719e+04
1.215921474386453883e+04
1.222884287542864877e+04
1.206469476608350851e+04
1.217382593762777105e+04
1.219116521758502131e+04
1.223500837168782709e+04
1.220615840385036063e+04
1.215257471179132699e+04
1.224688639847968989e+04
1.221025956393440720e+04
1.223865411103809856e+04
1.222874477806352479e+04
1.223924937842975487e+04
1.224641286727461738e+04
1.203642544528336657e+04
1.218005722484535545e+04
1.222649799720219562e+04
1.207013359694005885e+04
1.224125468208549501e+04
1.216446966754095047e+04
1.220803574587687035e+04
1.216408827142946029e+04
1.214777478850766784e+04
1.208832320715197238e+04
1.217031633733401577e+04
1.224469567799414835e+04
1.221100263755685955e+04
1.222949361629246050e+04
1.222493975274687000e+04
1.218204324738820105e+04
1.224571771572577381e+04
1.220722113465249458e+04
1.218365963042218209e+04
1.219687115121759052e+04
1.224461927101243054e+04
1.223699165308424563e+04
1.208822246068344975e+04
1.215724233735863709e+04
1.223460920858076133e+04
1.219586942434958291e+04
1.223183894955385222e+04
1.210608120897289882e+04
1.209690987840251000e+04
1.221565550359740882e+04
1.224334623121231925e+04
1.224261627512883388e+04
1.217388102342720595e+04
1.212763933222205196e+04
1.216312941803240028e+04
1.215488166290429399e+04
1.213548571513962270e+04
1.214181545880382691e+04
1.210471308125442374e+04
1.223934641164917048e+04
1.219971166272003757e+04
1.222045174916669021e+04
1.213779857594883833e+04
1.221904999735500678e+04
1.223774652389220500e+04
1.216257321806168875e+04
1.213483477353205853e+04
1.222835569475770171e+04
1.206213450610469590e+04
1.221127010776018869e+04
1.222696454404027281e+04
1.217999967160148299e+04
1.205120248062786959e+04
1.221359624187063491e+04
1.224434510076770675e+04
1.224619203074047255e+04
1.224419102631257010e+04
1.216136976903343930e+04
1.221519003044546480e+04
1.214713869301335581e+04
1.219644626449942189e+04
1.219037709294507476e+04
1.221278384729960635e+04
1.217022911467247650e+04
1.224571771572577381e+04
1.224069062450523779e+04
1.222019031154320328e+04
1.221214794989348593e+04
1.218830460235412829e+04
1.214857215721058492e+04
1.214288613829861970e+04
1.221419638210055564e+04
1.219287446011081920e+04
1.203778679158339401e+04
1.211960735651125106e+04
1.224200352329446287e+04
1.209880017355040945e+04
1.222915232480069790e+04
1.221832384096027818e+04
1.212433824151339832e+04
1.214428344452729107e+04
1.220877299982233671e+04
1.215479003107201606e+04
1.215386345843300114e+04
1.223010482914323802e+04
1.224083541561122001e+04
1.220685790594023638e+04
1.209439254981942577e+04
1.216168788442209916e+04
1.224292048745963257e+04
1.224541214607594156e+04
1.217201014208040033e+04
1.215731557054548102e+04
1.212708933822862309e+04
1.209927099834611181e+04
1.216939100123530443e+04
1.217370049819356791e+04
1.210313300413053003e+04
1.221785514174306445e+04
1.222668771626071612e+04
1.221621652834402266e+04
1.220029760399252882e+04
1.216924442491220361e+04
1.220850839932292001e+04
1.222764824277602565e+04
1.223284115680539981e+04
1.212708933822862309e+04
1.216318430918724698e+04
1.213245358426703569e+04
1.213485797025786451e+04
1.205504596599239994e+04
1.221480761911365698e+04
1.212602412438171086e+04
1.219131287472997246e+04
1.209595213401815090e+04
1.215180418841316714e+04
1.208492955360537962e+04
1.220509856598061560e+04
1.221340363303024424e+04
1.223780717982301394e+04
1.222711948413956270e+04
1.220506123957274576e+04
1.220863630328008730e+04
1.218089887535037451e+04
1.213899532778452703e+04
1.224626432468568419e+04
1.213657446002974575e+04
1.223183978649932760e+04
1.213080887770721165e+04
1.221408681306382095e+04
1.219886107632611311e+04
1.219268410939828937e+04
1.222293655410263455e+04
1.222452850078743177e+04
1.216921490078415991e+04
1.224495220280705325e+04
1.224564667469057713e+04
1.215765697124274448e+04
1.217559929064474272e+04
1.219467514870753803e+04
1.216552637797455645e+04
1.224020497092365622e+04
1.219357290987186025e+04
1.202152758948677729e+04
1.224052943681910256e+04
1.214978618094557532e+04
1.224226035345029413e+04
1.220670709463613093e+04
1.217276752810353355e+04
1.207669179495895150e+04
1.220188031136193240e+04
1.215063957174467578e+04
1.222137451601547218e+04
1.219921001625840836e+04
1.223059552523278944e+04
1.223152473971777545e+04
1.222072972233348810e+04
1.216082673903624709e+04
1.215312009152494829e+04
1.216773856913602322e+04
1.223260359506557870e+04
1.219993707663618625e+04
1.223534473585955857e+04
1.215534670909254237e+04
1.212002592199101855e+04
1.218106152976454359e+04
1.222977813299205445e+04
1.215154087811679710e+04
1.222727565180786405e+04
1.219573824788418824e+04
1.218922317711140022e+04
1.219567514966336603e+04
1.223054179876682247e+04
1.224231273149628760e+04
1.214000576573675608e+04
1.215983762721658968e+04
1.223207483796261295e+04
1.223200648458174874e+04
1.223845670094166235e+04
1.220147413333623081e+04
1.209249529371970857e+04
1.223806261838614046e+04
1.207871970028705982e+04
1.224151696721125154e+04
1.213748648885627517e+04
1.223977181397797722e+04
1.213643649075934445e+04
1.218819675139528954e+04
1.222250737713541639e+04
1.221936082991364128e+04
1.218421625429679261e+04
1.222296235721232915e+04
1.217943943019085054e+04
1.222385159181397103e+04
1.222002071130971490e+04
1.216544193673390146e+04
1.214940232878822098e+04
1.217622889550205946e+04
1.202203469424981449e+04
1.216200564982485412e+04
1.216166476189679815e+04
1.214417800173235446e+04
1.223758862662364845e+04
1.213154717376499320e+04
1.220671486325642400e+04
1.224098266305276411e+04
1.220721580346613882e+04
1.223660836931985978e+04
1.213938754334862460e+04
1.207170459784703962e+04
1.219653936359887302e+04
1.215067815443189102e+04
1.222161748175552384e+04
1.214929596775137179e+04
1.217479642134913593e+04
1.223272895151880221e+04
1.204481669747132764e+04
1.222177855792381888e+04
1.219221219803148415e+04
1.218947927547758081e+04
1.210169064178644476e+04
1.218922665190110820e+04
1.211410652316049709e+04
1.223524767075602540e+04
1.211536670573103220e+04
1.214583463401589506e+04
1.223875487105160937e+04
1.212369153807883777e+04
1.215778312093544992e+04
1.221001308272903043e+04
1.216581582544963021e+04
1.220051731339658727e+04
1.220687739647313356e+04
1.220573090532307106e+04
1.216040834673149948e+04
1.214615331130510094e+04
1.203983724782444733e+04
1.199791623511045873e+04
1.214642961590702544e+04
1.211847075986504206e+04
1.224435373105830877e+04
1.214497016254483606e+04
1.219397761588754838e+04
1.220742556520409926e+04
1.223880729556867846e+04
1.218267212181743162e+04
1.221167388109239982e+04
1.216162520928060258e+04
1.209277667780819138e+04
1.221736784806453215e+04
1.206887104652285052e+04
1.224634823796957789e+04
1.220489875111973197e+04
1.216932586831820117e+04
1.218965644941767277e+04
1.212378341894308323e+04
1.222414158373768805e+04
1.222101318058188372e+04
1.211796675547373161e+04
1.223351717715559789e+04
1.212708933822862309e+04
1.219796295708533580e+04
1.212665604867271759e+04
1.220583809779555668e+04
1.202324777510895365e+04
1.211947273756393042e+04
1.211035129585357026e+04
1.219523392255460567e+04
1.222226636063056139e+04
1.220151416390812483e+04
1.199358952035858420e+04
1.218305576931142059e+04
1.209161550084338342e+04
1.224622280289737682e+04
1.224050062854674070e+04
1.217540209720580788e+04
1.213125890860949221e+04
1.217008781311040184e+04
1.222674956348937303e+04
1.216673856074615651e+04
1.213116263582687134e+04
1.222850024684454911e+04
1.211587531920568290e+04
1.223225488848744499e+04
1.203308284170362822e+04
1.220641869200527253e+04
1.222323536885964131e+04
1.223247815738632016e+04
1.222742959609183345e+04
1.221241957874165200e+04
1.210925249444256224e+04
1.221283924466193093e+04
1.217370049819356791e+04
1.220753425676983534e+04
1.204586380712440041e+04
1.218652139182182327e+04
1.219920206529291499e+04
1.213657446002974575e+04
1.222680531854786022e+04
1.197150888009341361e+04
1.205468813868368125e+04
1.221454064917199867e+04
1.218159770322547047e+04
1.212843273814358326e+04
1.222476025216019298e+04
1.219343631975996141e+04
1.207741868294106825e+04
1.221783666448959775e+04
1.219215397540949016e+04
1.215238729510003577e+04
1.219870866229789499e+04
1.214317607577803938e+04
1.222916395949788784e+04
1.222346125468733953e+04
1.220900237459231721e+04
1.224618350630840359e+04
1.207572629565053103e+04
1.209132346223479908e+04
1.222175560364261582e+04
1.218721935106945057e+04
1.221419638210055564e+04
1.218690247298909344e+04
1.221544216123753358e+04
1.223033729703878089e+04
1.214700720309282588e+04
1.218491002020087944e+04
1.211551106616525794e+04
1.220613997277005910e+04
1.222365445454004657e+04
1.223791414543688006e+04
1.220742887608644014e+04
1.224466184738045558e+04
1.210505006014928586e+04
1.220253080621091976e+04
1.192074707951927121e+04
1.218735826179892683e+04
1.210284569377941079e+04
1.219876224127510432e+04
1.219098945136969451e+04
1.222643747514113784e+04
1.219599455472425325e+04
1.216525237709443354e+04
1.219496965819459911e+04
1.213247302922775089e+04
1.224186902940161235e+04
1.216036047429294558e+04
1.223984571565879560e+04
1.216536312698734400e+04
1.219993170175415798e+04
1.215978111058391369e+04
1.213584578534045795e+04
1.218245618101400032e+04
1.223322845392423733e+04
1.217180791977648732e+04
1.221493002531674210e+04
1.213363832517378432e+04
1.212020863483164248e+04
1.220880963459712439e+04
1.205674575472391552e+04
1.208645507072001419e+04
1.213507492510331213e+04
1.222544613750925419e+04
1.217647827856132426e+04
1.222911929698650783e+04
1.220079703149107809e+04
1.224626432468568419e+04
1.221184494706361147e+04
1.224224559683880761e+04
1.219584136106773622e+04
1.212662262999907944e+04
1.218937668628942265e+04
1.218052527194325376e+04
1.213938642133570647e+04
1.223180699985179672e+04
1.211435609794509764e+04
1.218472467565344050e+04
1.218337610899941137e+04
1.221975705539912997e+04
1.213151328838064182e+04
1.208191342575878843e+04
1.224478591453495574e+04
1.224184405219374275e+04
1.217240436828488600e+04
1.221385933308138374e+04
1.210098408774217751e+04
1.223693105668041244e+04
1.215670383587741344e+04
1.218417439266066867e+04
1.218052917254317799e+04
1.222306774823497290e+04
1.215594603590780389e+04
1.219491334393294528e+04
1.205489647838734345e+04
1.221968624341222676e+04
1.223812283603237665e+04
1.224203251257522243e+04
1.206044963006721082e+04
1.222369388344850267e+04
1.216842292746257226e+04
1.210648628207611000e+04
1.218493888060225072e+04
1.212358206957836046e+04
1.221965996649138833e+04
1.224554139092919650e+04
1.224186902940161235e+04
1.215735327691550629e+04
1.220767699885345428e+04
1.216577998904887318e+04
1.220443770592701185e+04
1.209029754634946767e+04
1.222812900892700236e+04
1.217087172921674028e+04
1.222290116430409762e+04
1.222616187298567820e+04
1.209846931868264437e+04
1.217423614927246672e+04
1.216896450682821705e+04
1.218388158008755454e+04
1.213044780215808350e+04
1.224281682808179903e+04
1.211958855156231039e+04
1.219663704047310785e+04
1.219727016914873457e+04
1.219022104145389494e+04
1.219327601292323561e+04
1.202288590093820312e+04
1.218472467565344050e+04
1.213706035378046545e+04
1.216319782097232564e+04
1.221136063358566389e+04
1.221394035324101060e+04
1.209929419663682711e+04
1.222958392293367979e+04
1.222377916888136679e+04
1.214875950294913309e+04
1.218450385797319723e+04
1.220519277742570739e+04
1.222349642107189902e+04
1.222485685283401835e+04
1.217106219797472113e+04
1.223172308939773575e+04
1.220636144283085741e+04
1.223388494471177910e+04
1.223266480310866791e+04
1.213704357464557143e+04
1.221752803245978066e+04
1.212152566210082114e+04
1.211717561749983543e+04
1.210787234858786178e+04
1.224475886724184056e+04
1.214950509008623158e+04
1.222215341306505434e+04
1.210292651754051803e+04
1.220079703149107809e+04
1.224400001444961345e+04
1.215532910858226387e+04
1.213464007009708257e+04
1.223544901303671395e+04
1.213055690358202810e+04
1.207559995523322505e+04
1.200098168974750115e+04
1.221519369353356160e+04
1.223548571679711495e+04
1.215006639356971027e+04
1.224622280289737682e+04
1.219733429663724019e+04
1.223059552523278944e+04
1.214382837750237559e+04
1.224595290483874487e+04
1.207597724682651824e+04
1.209941504593661193e+04
1.223612273723282851e+04
1.224461927101243054e+04
1.214391308517953621e+04
1.221648820628619069e+04
1.223723709503591817e+04
1.203448164304452803e+04
1.216758176559914682e+04
1.217499640515260580e+04
1.222667478740452862e+04
1.223701438307127319e+04
1.223022161871532444e+04
1.215964989743365004e+04
1.222042403012723298e+04
1.220164572752588720e+04
1.215930511259215018e+04
1.222818813219719596e+04
1.216082041762983317e+04
1.223645215110301433e+04
1.214473286279782769e+04
1.219131494964411650e+04
1.213039091274417297e+04
1.217930649853770410e+04
1.218129149244861946e+04
1.209030716678746467e+04
1.218416750405625498e+04
1.218569442185911612e+04
1.214314973213218218e+04
1.211526246323414489e+04
1.224511972710602822e+04
1.224398326051073309e+04
1.201202656174548611e+04
1.216554574923839573e+04
1.221710698181152839e+04
1.223356879942406158e+04
1.224280498320784318e+04
1.217780429044412813e+04
1.221194977087801090e+04
1.218621712157077127e+04
1.220510288027970637e+04
1.211864197044665343e+04
1.224147463760207756e+04
1.221458557191769614e+04
1.215507183451959281e+04
1.216133005588490960e+04
1.223832912680778281e+04
1.205745945564356589e+04
1.222704109704777511e+04
1.214974807428394342e+04
1.224337117722535731e+04
1.221532097921314198e+04
1.217147157669310945e+04
1.219683137734018237e+04
1.222629136883724459e+04
1.207239129357670936e+04
1.218549275914749342e+04
1.212765098669388135e+04
1.204995807016709659e+04
1.214958138220105684e+04
1.221394035324101060e+04
1.207817996020487772e+04
1.221485470442501173e+04
1.214517919618033739e+04
1.216503204188940435e+04
1.221315183934610468e+04
1.223959522610741988e+04
1.211960735651125106e+04
1.224422624025900950e+04
1.219993707663618625e+04
1.217092341248676894e+04
1.216325419191573019e+04
1.224171160100998168e+04
1.220189235213395295e+04
1.224663134290265953e+04
1.213156463268192965e+04
1.210356028170526224e+04
1.210716592148273594e+04
1.214288613829861970e+04
1.220699229178214591e+04
1.218767471973966167e+04
1.223347934407813227e+04
1.211083354528625932e+04
1.219475611564490282e+04
1.221170990783745401e+04
1.221180908835809896e+04
1.216523480834258407e+04
1.223214786269926844e+04
1.224191153936953560e+04
1.207746882507651026e+04
1.219135074278524917e+04
1.201898507930021879e+04
1.220940547903432525e+04
1.211188384257271537e+04
1.212506312391580286e+04
1.219249791847319466e+04
1.218573783387663570e+04
1.213570466867367577e+04
1.220031184417217082e+04
1.216735655310494985e+04
1.224179036156628899e+04
1.219287404496837007e+04
1.221801068688831219e+04
1.218044337660587371e+04
1.216703754957376259e+04
1.223548938959575935e+04
1.209723517514216837e+04
1.217417787969758865e+04
1.222057858392202252e+04
1.224532333368522632e+04
1.220552079998916452e+04
1.214432372064085394e+04
1.221634725261296262e+04
1.215802435125676129e+04
1.209211212850712764e+04
1.213888496528978794e+04
1.222573334498606164e+04
1.212100720260737398e+04
1.223209241682435641e+04
1.220489716898660663e+04
1.222221218699026213e+04
1.220506123957274576e+04
1.200098168974750115e+04
1.216714990572241550e+04
1.208046722497917108e+04
1.217047754181491473e+04
1.220360863297158539e+04
1.219989132420142960e+04
1.199426979549653879e+04
1.207007502132640184e+04
1.217048486942896852e+04
1.223622961299192866e+04
1.221710362493436696e+04
1.212369153807883777e+04
1.213696641840818847e+04
1.212314106459061622e+04
1.223187661082874001e+04
1.222851215550970119e+04
1.224322736649251783e+04
1.204141563270491315e+04
1.218646539162003864e+04
1.217966101675968275e+04
1.209726641458579797e+04
1.223208874093825943e+04
1.211122783553101181e+04
1.223423452503220869e+04
1.223179494591614275e+04
1.216386510562538024e+04
1.223864307012283643e+04
1.219908928199354341e+04
1.222450768867336228e+04
1.215110087877255319e+04
1.210877001846002713e+04
1.214830422297058612e+04
1.217857304695915263e+04
1.221502601908989527e+04
1.220963832701728461e+04
1.215613204909576962e+04
1.224376153526106100e+04
1.221386826293796912e+04
1.222842220889603959e+04
1.221485470442501173e+04
1.214839440136955454e+04
1.223673102900062986e+04
1.209254067325879078e+04
1.224394710706433580e+04
1.221723649521626430e+04
1.216585950480721476e+04
1.214486947934045929e+04
1.222103770708376942e+04
1.216538611003207734e+04
1.222934331184867915e+04
1.221621652834402266e+04
1.224092761240289474e+04
1.219979219163955895e+04
1.213707223655260532e+04
1.224121633171721987e+04
1.217728897854329443e+04
1.218928344427805496e+04
1.218525671588231307e+04
1.223498779339446264e+04
1.207107542479669064e+04
1.216166330056082006e+04
1.222522354387220912e+04
1.224280498320784318e+04
1.221997636876361867e+04
1.218587138041585058e+04
1.217540209720580788e+04
1.218506890279808795e+04
1.217077969147182012e+04
1.220927620406701135e+04
1.224224592742065397e+04
1.212921832737598743e+04
1.220609987123606697e+04
1.213247302922775089e+04
1.212663849146813118e+04
1.220239574976982476e+04
1.219554848843935906e+04
1.212601724558598107e+04
1.219338652702560285e+04
1.217738801197216162e+04
1.206370785571057604e+04
1.222130551334279880e+04
1.207157394521436254e+04
1.216189326505802819e+04
1.218145026339865217e+04
1.222779167919775682e+04
1.224534973605084451e+04
1.224429016048375888e+04
1.210106188823029515e+04
1.224614894649470625e+04
1.224069781022698226e+04
1.222094753670052160e+04
1.221545970464731181e+04
1.223398732527787433e+04
1.217418613078759881e+04
1.221246738890412416e+04
1.217892978896420755e+04
1.219604736384737589e+04
1.222361398170270695e+04
1.219609157086909363e+04
1.206668004340763946e+04
1.223794171098341576e+04
1.222222119550955540e+04
1.220845259572526629e+04
1.212755906512408728e+04
1.219739364919216860e+04
1.211515235264518560e+04
1.223736657013464173e+04
1.213664538033497229e+04
1.210843850486620431e+04
1.216782497662037349e+04
1.221157389701292595e+04
1.217812569986791095e+04
1.223482506693535106e+04
1.218552475601978404e+04
1.202324777510895365e+04
1.223986025013296785e+04
1.217246086050864142e+04
1.223512751292903340e+04
1.215582471447742319e+04
1.221200179048932114e+04
1.219960918335950373e+04
1.210953390568989926e+04
1.213676494809560609e+04
1.218957802868313775e+04
1.222155803089011897e+04
1.217416055601440530e+04
1.211940729971718793e+04
1.217277467978334789e+04
1.222429825818268728e+04
1.221785345952168063e+04
1.212414300847328559e+04
1.208746218514112479e+04
