9.574896707632020480e+03
8.964110278728428966e+03
9.624296188660495318e+03
9.560564264426391674e+03
9.332763939418735390e+03
9.362859197775878783e+03
9.274974348220615866e+03
9.272006553928664289e+03
9.337954689770042023e+03
9.323604360809524223e+03
9.551225172863474654e+03
9.654890009485719929e+03
9.464272915340219697e+03
9.472424075499327955e+03
9.530321445747880716e+03
9.656247252310715339e+03
9.521712911769051061e+03
9.588257964724713020e+03
9.503025159832370264e+03
9.608675777045082214e+03
9.300111093469418847e+03
9.492613417782258693e+03
9.588736725391981963e+03
9.177168841542850714e+03
9.415896453636911247e+03
9.424251760608714903e+03
9.611662620944345690e+03
9.599236229214186096e+03
9.411878792899346081e+03
9.263067637058829860e+03
8.912272522575090989e+03
8.928456172143731237e+03
9.554086806724497364e+03
9.588600820940193444e+03
9.535154506283523006e+03
9.525362692364878967e+03
9.170208741187363557e+03
9.528454362657819729e+03
9.236268686546154640e+03
9.255248184259666232e+03
9.406202544020910864e+03
9.642707910547645952e+03
9.612253091736683928e+03
9.401763956928434709e+03
9.649552978467272624e+03
9.652136309889610857e+03
9.151908320978149277e+03
9.563132853564282414e+03
9.544026270253471012e+03
9.509334903080563890e+03
9.581560082465923188e+03
9.611594407603997752e+03
9.597567571965240859e+03
9.491433034979196236e+03
9.587912329662871343e+03
9.443877492836580132e+03
9.249912997059038389e+03
9.602353990567409710e+03
9.327888930723414887e+03
9.368182939566971982e+03
9.408300216873885802e+03
9.607657703330347431e+03
9.092666106632086667e+03
9.452866095834568114e+03
9.453095172292198185e+03
9.662787320325009205e+03
9.476153735440770106e+03
9.658627528284116124e+03
9.541523525320333647e+03
8.959056662168615730e+03
9.383225580243342847e+03
9.599631506445266496e+03
9.426001987367573747e+03
9.441257259240996063e+03
9.609491778356816212e+03
9.591775052518449229e+03
9.526969425403445712e+03
9.303594285638755537e+03
9.544926408934366918e+03
9.547028159115594462e+03
9.391079511629932313e+03
9.617640600933547830e+03
9.429958240654390465e+03
9.449082270648963458e+03
9.545947021422396574e+03
9.620411895212997479e+03
9.606534978660287379e+03
9.528102804602482138e+03
9.361646947759767500e+03
9.401140166825247434e+03
9.598617937971330321e+03
9.455686789853361915e+03
9.606424244554465986e+03
9.393370228725896595e+03
9.646919319148415525e+03
9.653950673119297790e+03
9.578889710010224007e+03
9.510095459817710434e+03
9.370344718690288573e+03
9.646315481054445627e+03
9.508637958282364707e+03
9.656819291371213694e+03
9.459823760131635936e+03
9.437580712295995909e+03
9.624220634110155515e+03
9.285306166057102018e+03
9.504736933942693213e+03
8.965104442534484406e+03
9.123578301556028237e+03
9.323497772256550888e+03
9.434502616600320835e+03
9.347336838913437532e+03
9.537279565420303697e+03
9.478795511982012613e+03
9.340995116918469648e+03
9.652136309889610857e+03
9.666090789517234953e+03
9.517290493335423889e+03
9.666461049997853479e+03
9.046849196728420793e+03
9.664951244239855441e+03
9.543240286400292462e+03
9.669078261604174259e+03
9.467623336812526759e+03
9.549695074919874969e+03
9.194265290691953851e+03
9.334374929327941572e+03
9.342176491713707946e+03
9.622810962960531469e+03
9.618685746176724933e+03
9.271178729603187094e+03
9.542290719576374613e+03
9.635684791248684633e+03
9.297645325944915385e+03
9.351597378877773735e+03
9.575419112803312601e+03
9.475181538657623605e+03
9.489435283234379312e+03
9.248503414125485506e+03
9.452278336557783405e+03
9.633817249784704472e+03
8.994484189160659298e+03
9.238218569880331415e+03
9.581292929859033393e+03
9.201916038291052246e+03
9.632790312383922355e+03
9.664286278286297602e+03
9.605276217288183034e+03
9.611766357701264496e+03
9.522761465207529909e+03
9.566239459268521387e+03
9.331767040513599568e+03
8.909351698728762130e+03
9.289628181406576914e+03
9.538554611874336842e+03
9.667243952856299074e+03
9.521081966018005915e+03
9.506840754587827178e+03
9.534932372811359528e+03
9.642924088907644546e+03
9.570177321104773000e+03
9.565173784913040436e+03
9.283989348587932909e+03
9.463204587574744437e+03
9.247846050301865034e+03
8.738726325248391731e+03
9.524348604970435190e+03
9.171543137351200130e+03
9.599833830632773243e+03
9.346256205106112247e+03
9.661073389108525589e+03
9.574139896724214850e+03
9.519629015168889964e+03
9.410393784391970257e+03
9.542392463847729232e+03
9.611280324168699735e+03
9.562407804304164529e+03
9.439751383032949889e+03
9.400524780672829365e+03
9.303522677286131511e+03
9.434502616600320835e+03
9.304851014037009008e+03
9.653313799190869759e+03
9.481415865243230655e+03
9.251916822547969787e+03
9.656715726757955053e+03
9.576625772971861807e+03
9.641748860722595055e+03
9.536850282482273542e+03
9.354786204020187142e+03
9.428300552486587549e+03
9.528775646445070379e+03
9.383815716021123080e+03
9.318095540979174984e+03
9.537477742489485536e+03
9.653617603990120188e+03
9.496714457728590787e+03
9.521285946169547969e+03
9.359880885944856345e+03
9.367776753339279821e+03
9.493523933290420246e+03
9.363233386140491348e+03
9.637261582780278331e+03
9.606609882576107339e+03
9.636706708528576200e+03
9.581733173298611291e+03
9.653500176061133971e+03
9.256159930191955937e+03
9.598213895644690638e+03
9.577293706053067581e+03
9.080882850438771129e+03
9.571438189963639161e+03
9.429904120742006853e+03
9.583413412726004026e+03
9.649626035516655975e+03
9.315507233364376589e+03
9.633754231979877659e+03
9.283533140386416562e+03
9.307229004543798510e+03
9.652474741858037305e+03
9.421024143806364009e+03
9.470858261256704282e+03
9.468105393612673652e+03
9.170669099516149799e+03
9.542804184859418456e+03
9.553129686435608164e+03
9.456050273631144591e+03
9.573493355563732621e+03
9.389221393912092026e+03
9.308197446026966645e+03
9.361922101807062063e+03
9.247304748044090957e+03
9.439602805381229700e+03
9.654269571106829972e+03
9.350703231896677607e+03
9.135362187535620251e+03
9.546403570023137945e+03
9.543155946489423513e+03
9.648305114180571763e+03
9.303594285638755537e+03
9.544459635764655104e+03
9.595686725796103929e+03
9.420035517007958333e+03
9.658463600388213308e+03
9.613267439177590859e+03
9.662946723557046425e+03
9.645095258901859779e+03
9.327914498898233433e+03
9.504736933942693213e+03
9.244173927274634480e+03
9.224538920306542423e+03
9.583101595428763176e+03
9.636976211408891686e+03
9.320938425737069338e+03
9.530827970656398975e+03
9.587912329662871343e+03
9.431753322372745970e+03
9.539768376624606390e+03
9.600464323829603018e+03
9.619260673418704755e+03
9.365199293751327787e+03
9.443284532008012320e+03
9.636589441965305014e+03
9.535300556297392177e+03
9.509877839798959030e+03
9.286220841783402648e+03
9.607685475037718788e+03
9.655299249676849286e+03
9.318782206069861786e+03
9.533380549259938562e+03
9.385558967994824343e+03
9.514465248080708989e+03
9.170609028402299373e+03
9.533646311823455108e+03
9.592295764615675580e+03
9.456220966198789029e+03
9.440153658849485510e+03
9.625760392189964477e+03
9.575813874263380058e+03
9.406821185528413480e+03
9.610654497256216928e+03
9.631674490067667648e+03
9.410536054377043911e+03
8.999856333393094246e+03
9.585786854227726508e+03
9.329714733070422881e+03
9.439758448409436824e+03
9.354189053055923068e+03
9.641819807769299587e+03
9.452856212456432331e+03
9.445827701820850052e+03
9.377253785361132032e+03
9.400141594425134826e+03
9.633754231979877659e+03
9.305379838957676839e+03
9.581322323739139392e+03
9.598226816295822573e+03
9.338197816815449187e+03
9.622349488033125454e+03
8.841866914428164819e+03
9.634335007420746479e+03
9.572995267796190092e+03
9.636412144374846321e+03
9.261663287161858534e+03
9.640813606825660827e+03
9.261688920547447196e+03
8.926699119075838098e+03
9.475715807040196523e+03
9.561784478297069654e+03
9.376536239684910470e+03
9.320383368414104552e+03
9.407270175162484520e+03
9.573652048574775108e+03
9.379328595839242553e+03
9.391156985647316105e+03
9.665750651272925097e+03
9.238974162880838776e+03
9.494110021167191007e+03
9.656140248090250680e+03
9.656938039523931366e+03
9.618518927500674181e+03
9.642821072306351198e+03
9.652136309889610857e+03
9.589080861668562648e+03
9.459132186995626398e+03
9.572927692810111694e+03
9.007692209805725724e+03
9.531086949985716274e+03
9.619933219646656653e+03
9.642293480138147061e+03
9.479032746486538599e+03
9.594526632033313945e+03
9.645605356083007791e+03
9.666025987218754381e+03
9.610168770110927653e+03
9.283261308187802570e+03
9.375584487870502926e+03
9.654672847289341007e+03
9.553163582507455430e+03
8.959056662168615730e+03
9.146831752993019109e+03
9.583857328183845311e+03
9.631739425753821706e+03
9.604681006171451372e+03
9.657066653250380114e+03
9.220447756473160553e+03
9.599293838716679602e+03
9.595008780640640907e+03
9.137121006327002760e+03
9.407923922925903753e+03
9.368321300143337794e+03
9.585475232491360657e+03
9.322910947322267020e+03
9.531203139720801119e+03
9.151908320978149277e+03
9.301473441502630521e+03
9.586063933233512216e+03
9.168080543776442937e+03
9.468732881656993413e+03
9.415439080917005413e+03
9.419858088570073960e+03
8.975572347488410742e+03
9.643691881512420878e+03
9.662190322488539096e+03
9.389221401326502018e+03
9.470865622545494261e+03
9.533629920087561914e+03
9.636713709561019641e+03
9.578603590179818639e+03
9.593003617840464358e+03
9.427709354355505639e+03
9.498036757907875653e+03
9.275958249290068125e+03
9.144840389776110896e+03
8.982050610682352271e+03
9.586595840485617373e+03
9.256157257771836157e+03
9.410420696369368670e+03
9.511856079555083852e+03
9.646392937221658940e+03
9.216487694650735648e+03
9.277000317373964208e+03
9.283433693677719930e+03
9.542377343764870602e+03
9.620397356619483617e+03
9.070359964868735915e+03
9.326499371808828073e+03
9.644078871547560993e+03
9.522296731806149182e+03
9.653200982214584656e+03
9.476707281961709668e+03
9.432673421304434669e+03
9.457118005968413854e+03
9.311778745778503435e+03
9.655299249676849286e+03
9.060554858440707903e+03
9.582263898920016800e+03
9.380987714638209582e+03
9.567379031226184452e+03
9.298180006340731779e+03
9.572560566927100808e+03
9.615059926619691396e+03
9.640871917467906314e+03
9.364266606044384389e+03
9.132508674343323946e+03
9.481992487205750876e+03
9.563002749837534793e+03
9.646315481054445627e+03
9.348951494561613799e+03
9.395799368053276339e+03
9.357714218815137428e+03
9.238236072420171695e+03
9.507145888290740913e+03
9.571252228914887382e+03
9.650064844851327507e+03
9.333645791181857930e+03
9.394549118957962492e+03
9.239943344335122674e+03
9.447716218669473164e+03
9.594138958479747089e+03
9.016092497696936334e+03
9.499416101428105321e+03
9.453268438580707880e+03
9.667612746272852746e+03
9.468014775774239752e+03
9.498566078284491596e+03
9.662164935318112839e+03
9.607030389906893106e+03
8.887895176173642540e+03
9.657260017420652730e+03
9.661443678740784890e+03
9.664200293887824955e+03
9.453436705344091024e+03
9.620452617715700399e+03
9.329865020581948556e+03
9.494579129894984362e+03
9.623543802714528283e+03
9.481868109998880755e+03
9.524198965884774225e+03
9.569291259932419052e+03
9.605967199903523579e+03
9.650475625831215439e+03
9.628222276432983563e+03
9.271402946509841058e+03
9.644949209391952536e+03
9.566923646412120434e+03
9.534209089429597952e+03
9.366756325340698822e+03
9.640696371744539647e+03
9.468382717126041825e+03
9.157779040062803688e+03
9.626359612576963627e+03
9.505843459144169174e+03
9.513926010441615290e+03
9.482918722690956201e+03
9.621823763291627984e+03
9.007666212058064048e+03
9.507050155049808382e+03
9.403840275181544712e+03
9.513833701035457125e+03
9.579429966183684883e+03
9.669013968495597510e+03
9.366281457548022445e+03
8.959126079474006474e+03
9.449529278684394740e+03
9.536960737862604219e+03
9.007208132113271859e+03
9.558791003322681718e+03
9.468090894899263731e+03
9.473179757067971877e+03
9.366679177657562832e+03
9.313965917228322724e+03
9.587232525138839264e+03
9.652861669999356309e+03
9.227422771200679563e+03
9.659750316574478347e+03
9.368555945832335055e+03
9.638743003434461571e+03
9.537193887860492396e+03
9.167947805457786671e+03
9.639541076073361182e+03
9.650866506792397558e+03
9.414114563376921069e+03
9.595525998486491517e+03
9.132508674343323946e+03
9.370142965625675060e+03
9.649003949716809075e+03
9.666820971519078739e+03
9.439719238794779812e+03
9.465148003521104329e+03
9.183313538069389324e+03
9.331613371639730758e+03
9.324367229890298404e+03
9.579353643208924041e+03
9.349255792939033199e+03
9.260095446278315649e+03
9.568691976496842472e+03
9.542889289456410552e+03
9.588708645287246327e+03
9.156501604177463378e+03
9.367232399890806846e+03
9.569501776331582732e+03
9.359005208184949879e+03
9.543155946489423513e+03
9.176082540074910867e+03
9.384060022115503671e+03
9.265991020115519859e+03
9.558791003322681718e+03
9.545417163185262325e+03
9.253101648351623226e+03
9.493942138692449589e+03
9.647801391305914876e+03
9.209342726113731260e+03
9.582313203816594978e+03
9.489830463211666938e+03
9.662642836729630289e+03
9.620997357755586563e+03
9.581131461808867243e+03
9.195210806077773668e+03
9.467783216686157175e+03
9.430269581517468396e+03
9.231780732777877347e+03
9.343933903791976263e+03
9.610018696989747696e+03
9.660504083224970600e+03
9.437500622378254775e+03
9.511761635954153462e+03
9.643987255754775106e+03
9.525383915669492126e+03
9.153035509385957994e+03
9.493942138692449589e+03
9.200824997406458351e+03
9.352036343899275380e+03
9.591668517301943211e+03
9.121588897355475638e+03
9.567485504069802118e+03
9.609361797715531793e+03
9.642883161423829733e+03
9.488406343450937129e+03
9.605397365202712535e+03
9.573486672878292666e+03
9.571445769208232377e+03
9.553026681656594519e+03
9.639490125522741437e+03
9.218495487046413473e+03
9.368730965742473927e+03
9.420063202724388248e+03
9.524475460514197039e+03
9.637572646444876227e+03
9.473566277843769058e+03
9.586506221285177162e+03
9.333097744644739578e+03
9.652975870590713384e+03
9.405328961013927255e+03
9.652257024221913525e+03
9.591789352310099275e+03
9.504657666429680830e+03
9.201529421841893054e+03
9.586735846864956329e+03
9.318095540979174984e+03
9.369183266421152439e+03
9.425147405021185477e+03
9.652198894755056244e+03
9.531549266606702076e+03
9.633028811975274948e+03
9.646024981137394207e+03
9.551907815685197420e+03
9.232103002667030523e+03
9.538039656825621933e+03
9.409268021885924099e+03
9.361081631128348818e+03
9.353622781802045210e+03
9.319335567814792739e+03
9.563998749735837919e+03
9.425888380672267886e+03
9.596173072068928377e+03
9.571940495027494762e+03
9.149294590249442990e+03
9.550725449629828290e+03
9.202977188750714049e+03
9.584074218176117938e+03
9.330978659669419358e+03
9.432120201436702700e+03
9.600458787439045409e+03
9.651877169603614675e+03
9.555495233088442546e+03
9.351300915930341944e+03
9.031726066409275518e+03
9.497207440208372645e+03
9.576852122972064535e+03
9.346875640409814878e+03
9.580883136825896145e+03
9.370344718690288573e+03
9.168845733737176488e+03
9.540918898545169213e+03
9.561123047478089575e+03
9.563589418010449663e+03
9.606810376755669495e+03
9.546363525589089477e+03
9.480258897229756258e+03
9.645202798188489396e+03
9.624392146206422694e+03
9.651855446429492076e+03
9.660061354467165074e+03
9.287325636346906322e+03
9.455323982955516840e+03
9.506654752178368653e+03
9.653332849474685645e+03
9.218169062827619200e+03
9.303594285638755537e+03
9.360610334138886174e+03
9.482489834910655190e+03
9.548493924344380503e+03
9.267982295275776778e+03
9.599642322831503407e+03
9.643162511082728088e+03
9.184207506245515106e+03
9.616129932461266435e+03
9.589043737834475905e+03
9.507404829762552254e+03
9.490049668499661493e+03
9.481362244730256862e+03
9.622805107506133936e+03
9.523191938763504368e+03
9.439240831040415287e+03
9.651802336176773679e+03
9.090606305038272694e+03
9.443847961218438286e+03
9.589444036717477502e+03
9.648219188340075561e+03
9.635460722933414218e+03
9.397747812956231428e+03
9.601419088013706642e+03
9.651668790724204882e+03
9.428065951103733823e+03
9.650647561695635886e+03
9.495911396125016836e+03
9.613717924248814597e+03
9.338197816815449187e+03
9.602905733711781068e+03
9.628880447469869978e+03
9.532261703306436175e+03
9.572925650963561566e+03
9.596128770078912567e+03
9.659454184513937435e+03
9.398667551487902529e+03
9.412371322305885769e+03
9.590841888724462478e+03
9.407709248631530500e+03
9.536043595715767879e+03
9.637881404957759514e+03
9.445699646697597927e+03
9.637023572389016408e+03
9.466283715980929628e+03
9.462963708245832095e+03
9.561130888170444450e+03
9.598281937156207277e+03
9.658073029107470575e+03
9.563166462676841547e+03
9.625967465610912768e+03
9.544620270102586801e+03
9.289674255486475886e+03
9.346304199369500566e+03
9.619818578868211262e+03
9.522512335252418779e+03
9.570135656568836566e+03
9.411070948298378426e+03
9.140908804255877840e+03
9.564473519924487846e+03
9.641972127698925760e+03
9.265883566918711949e+03
9.400878347172034410e+03
9.298678122905657801e+03
9.634577591191227839e+03
9.527259299205856223e+03
9.209399724522656470e+03
9.571489480872241984e+03
9.607809269198634865e+03
9.644939964247021635e+03
9.506733191879478909e+03
9.570939950897340168e+03
9.471949527807200866e+03
9.491469500499653805e+03
9.653023425281711752e+03
9.595771411789708509e+03
9.101424554574219655e+03
9.601843507005103675e+03
9.559559693833642086e+03
9.039857983798963687e+03
9.479934564983317614e+03
9.586666405929354369e+03
9.608573049105774771e+03
9.627221748441705131e+03
9.391235887603505034e+03
9.128372648465134262e+03
9.585055362019387758e+03
9.576541026775419596e+03
9.610360227859786391e+03
9.169914745454056174e+03
9.363410260978214865e+03
9.346254587137245835e+03
9.656017121564598710e+03
9.200259339875345177e+03
9.605461878245823755e+03
9.562899693100953300e+03
9.600557956478663982e+03
9.399871806415518222e+03
9.445776512587515754e+03
9.415941975726625969e+03
9.265138261173839055e+03
9.627704130022422760e+03
9.565842928640819082e+03
9.549695074919874969e+03
9.184858388726224803e+03
9.144926167861323847e+03
9.545669610496161113e+03
9.618527974946537142e+03
9.539435190752015842e+03
9.431786826134286457e+03
9.604442529266851125e+03
9.633817249784704472e+03
9.290128870554864989e+03
9.266131021836248692e+03
9.377756091288190873e+03
9.650413405623368817e+03
9.550028462171239880e+03
9.513635018798246165e+03
8.941000555157566851e+03
8.940895300585523728e+03
9.504179553085448788e+03
9.564604385449012625e+03
9.653950673119297790e+03
9.565400999393863458e+03
9.553271321407077266e+03
9.541992057280931476e+03
9.466756143499733298e+03
9.583113358140513810e+03
9.083894254216760601e+03
9.163689621334438925e+03
9.605054316567873684e+03
9.386872624241445010e+03
9.532086674935664632e+03
8.932056906571317086e+03
9.327120560700415808e+03
9.455464151586782464e+03
9.573997604905829576e+03
9.648856299780019981e+03
9.607445495282254342e+03
9.568588526561743492e+03
9.583828194876699854e+03
9.633817249784704472e+03
9.390849778964864527e+03
9.669312928420102253e+03
9.493942138692449589e+03
9.632347214248897217e+03
9.490447745066305288e+03
9.571693734058291739e+03
9.519579701371234478e+03
9.145809310726901458e+03
9.241665941335653770e+03
9.666900450060498770e+03
9.550848506237054607e+03
9.487094799153092026e+03
9.496433571586509061e+03
9.441508445743718767e+03
9.365457773557092878e+03
9.494829410611468120e+03
9.282723907072562724e+03
9.534130091897641250e+03
9.590787146271750316e+03
9.407065943689087362e+03
9.191969331470176257e+03
9.256589706315065996e+03
9.616477062847483467e+03
9.296403744506773364e+03
9.480670789574467562e+03
9.655717630518507576e+03
9.215637609147896001e+03
9.422300227037430886e+03
9.470225545652541769e+03
9.453070045948088591e+03
9.378046180168268620e+03
9.391454064461428061e+03
9.576857341315158919e+03
9.421905739273968720e+03
9.634242977436371802e+03
9.491807577639696319e+03
9.596618237310263794e+03
9.563935719849348970e+03
9.477671822657044686e+03
9.275460128933333181e+03
9.533404098240458552e+03
9.557867036445657504e+03
9.291521071668523291e+03
9.608225400450461166e+03
9.601782128443992406e+03
9.425993004458499854e+03
9.444328085043571264e+03
9.661653432324681489e+03
9.545256772615537557e+03
9.316431284374057213e+03
9.587878449647885645e+03
9.501058418935232112e+03
9.427044461546927778e+03
9.651150591568570235e+03
9.349253499998922052e+03
9.323116004816205532e+03
9.513391257001956546e+03
9.442535359329727726e+03
9.598264509885477310e+03
9.661531265185427401e+03
9.662762011623712169e+03
9.645605356083007791e+03
9.523688249294757043e+03
9.461429320432100212e+03
9.491412553174446657e+03
9.521054665940528139e+03
9.474719399395431537e+03
9.369672902823884215e+03
9.584815945741167525e+03
9.389854143311380540e+03
9.663280301807310025e+03
9.449082270648963458e+03
9.597919911744014826e+03
9.550700024703412055e+03
9.317697702543900959e+03
9.638112872991485347e+03
9.568588526561743492e+03
9.350563566011129296e+03
9.453772876816277858e+03
9.578795851157265133e+03
9.500515220602268528e+03
9.316446761105447877e+03
9.581158648433938652e+03
9.412456892846081246e+03
9.559930017768347170e+03
9.540343025112182659e+03
9.643309966700810037e+03
9.048653441932077840e+03
9.291806393087108518e+03
9.467461704898452808e+03
9.652576053978798882e+03
9.387021940729839116e+03
9.281246324458588788e+03
9.183297569584823577e+03
9.651456762130688730e+03
9.622667643647348086e+03
9.350873073243501494e+03
9.591080880962072115e+03
9.553559542425540712e+03
9.399549506076413309e+03
9.652391330016616848e+03
9.666019305844234623e+03
9.528580817934885999e+03
9.494607625997219657e+03
9.501045301453870707e+03
9.501253253887745814e+03
9.488231670045850478e+03
9.595973149498035127e+03
9.642211616140184560e+03
9.444852913505517790e+03
9.419636414330863772e+03
9.669238726467558081e+03
9.513991118377471139e+03
9.656715726757955053e+03
9.530562560815629695e+03
9.667562458945574690e+03
9.486035744926131883e+03
9.594389225219294531e+03
9.624278620293940548e+03
9.302290933703592600e+03
9.626369317794835297e+03
9.254809862685426197e+03
9.283291354043623869e+03
9.311617921470209694e+03
9.364557357227771718e+03
9.515625769001120716e+03
9.666729214573750141e+03
9.662164935318112839e+03
9.580694094741180379e+03
9.612333818403752957e+03
9.478795511982012613e+03
9.561650578339715139e+03
9.616369360817116103e+03
9.426330137968470808e+03
9.155694156573918008e+03
9.635339940920130175e+03
9.319271653915326169e+03
9.643561330911192272e+03
9.631860406559933836e+03
9.479621268625882294e+03
9.450634365268884721e+03
9.285048579126048935e+03
9.647801391305914876e+03
9.516674079570680988e+03
9.284499089527796968e+03
9.225141358374929041e+03
9.304907092452385768e+03
9.603728722016883694e+03
9.340665968892501041e+03
9.633817249784704472e+03
9.334900739987768247e+03
9.406171523120285201e+03
9.492173862714431380e+03
9.596481833872980133e+03
9.585334897290193112e+03
9.507102841474425077e+03
9.330289620257519346e+03
8.847085601039687390e+03
9.641120643695476247e+03
9.390849778964864527e+03
9.216391741205103244e+03
9.183436577459317050e+03
9.198737793158734348e+03
9.062255006550309190e+03
9.513330622378955013e+03
9.500731097182337180e+03
9.311094048517526971e+03
9.504640053284538226e+03
9.655460713940588903e+03
9.551195017150384956e+03
9.382396098825021909e+03
9.441288767179828938e+03
9.277000317373964208e+03
9.490157360714651077e+03
9.077634694822992969e+03
9.249912997059038389e+03
9.379070182437531912e+03
9.224503951240247261e+03
8.784817480192128642e+03
9.487094799153092026e+03
9.487940018122017136e+03
9.333909988295739822e+03
9.039857983798963687e+03
9.207382260162228704e+03
9.403621022917677692e+03
9.493306745274783680e+03
9.382670952396621942e+03
9.366393840301727323e+03
9.328684833999144757e+03
9.560192815391368640e+03
9.409577906906670250e+03
9.264470877135045157e+03
9.598588997596138142e+03
9.634374004336756116e+03
9.575481755056902330e+03
9.610440701298652129e+03
9.638961055877602121e+03
9.536321101712856034e+03
9.578690938685869696e+03
9.367232399890806846e+03
9.529666088670164754e+03
9.576170595448402310e+03
9.484992950368423408e+03
9.542571254384920394e+03
9.599454823613794360e+03
9.093434779120247185e+03
9.240770326506331912e+03
9.586088392582038068e+03
9.637136651023123704e+03
9.579992575710004530e+03
9.599453164713311708e+03
9.513976452307873842e+03
9.521810006355966834e+03
9.355222462263533089e+03
9.619405420942053752e+03
9.264703822709790984e+03
9.434589026404051765e+03
9.332546960156216301e+03
9.614788999456322927e+03
9.569379095969981790e+03
9.576051522552963434e+03
9.666233712169130740e+03
9.651890211567642837e+03
9.445837320767544952e+03
9.489542911835111227e+03
9.530406678428205851e+03
9.510632253828185640e+03
9.586631295102863078e+03
9.581979135410709205e+03
9.622863043038971227e+03
9.454164072499372196e+03
9.584396494007964066e+03
9.653200982214584656e+03
9.124107270537508157e+03
9.631052108007188508e+03
9.633091494263397180e+03
8.953231231532507081e+03
9.095653544264214361e+03
9.287010188304324402e+03
9.583715568138908566e+03
9.417697597512273205e+03
9.652861669999356309e+03
9.188809848418612091e+03
9.399626327252308329e+03
9.632245320945679850e+03
9.119682928601676394e+03
9.361646947759767500e+03
9.450027465641198432e+03
9.636772069428285249e+03
