1.183438697220329959e+04
1.164756491155510776e+04
1.149325945092813708e+04
1.185285334856022382e+04
1.068998217012486930e+04
1.184816192747662899e+04
1.186046575204792316e+04
1.143466155137519672e+04
1.188147761831240859e+04
1.129960071873894049e+04
1.183438697220329959e+04
1.164756491155510776e+04
1.149325945092813708e+04
1.183033294416960962e+04
1.185285334856022382e+04
1.189779293656322625e+04
1.184816192747662899e+04
1.185309787858918753e+04
1.180243657304516091e+04
1.143466155137519672e+04
1.187529775527899073e+04
1.183438697220329959e+04
1.164756491155510776e+04
1.149325945092813708e+04
1.186991038685007334e+04
1.189463185413987230e+04
1.182369694693497331e+04
1.185285334856022382e+04
1.156431922824438516e+04
1.185272645663220101e+04
1.183438697220329959e+04
1.164756491155510776e+04
1.149325945092813708e+04
1.185285334856022382e+04
1.184816192747662899e+04
1.188214130070742613e+04
1.189717758450787369e+04
1.143466155137519672e+04
1.129960071873894049e+04
1.186244386477843545e+04
1.183438697220329959e+04
1.164756491155510776e+04
1.149325945092813708e+04
1.188891094567904111e+04
1.183893027186184736e+04
1.185285334856022382e+04
1.184816192747662899e+04
1.189857623185486227e+04
1.143466155137519672e+04
1.129960071873894049e+04
1.183438697220329959e+04
1.164756491155510776e+04
1.188486004901858178e+04
1.149325945092813708e+04
1.185285334856022382e+04
1.184816192747662899e+04
1.189777403028877052e+04
1.143466155137519672e+04
1.149530392963341183e+04
1.129960071873894049e+04
1.157070780802576883e+04
1.183438697220329959e+04
1.164756491155510776e+04
1.149325945092813708e+04
1.189914855876481124e+04
1.186446112762026496e+04
1.186953081630648921e+04
1.185285334856022382e+04
1.184816192747662899e+04
1.143466155137519672e+04
1.183438697220329959e+04
1.164756491155510776e+04
1.149325945092813708e+04
1.180457171551847205e+04
1.185285334856022382e+04
1.184816192747662899e+04
1.143466155137519672e+04
1.129960071873894049e+04
1.165986462184457196e+04
1.185824705582753086e+04
1.183438697220329959e+04
1.164756491155510776e+04
1.149325945092813708e+04
1.185285334856022382e+04
1.184816192747662899e+04
1.143466155137519672e+04
1.129960071873894049e+04
1.126632085368646767e+04
1.186244386477843545e+04
1.170393717274359187e+04
1.183438697220329959e+04
1.164756491155510776e+04
1.149325945092813708e+04
1.151550495166466317e+04
1.171616288303750844e+04
1.185285334856022382e+04
1.184816192747662899e+04
1.188759211640704234e+04
1.143466155137519672e+04
1.129960071873894049e+04
1.183438697220329959e+04
1.164756491155510776e+04
1.149325945092813708e+04
1.189441475249263749e+04
1.145174938349523109e+04
1.185285334856022382e+04
1.143466155137519672e+04
1.149530392963341183e+04
1.129960071873894049e+04
1.186244386477843545e+04
1.183438697220329959e+04
1.164756491155510776e+04
1.185342790991385300e+04
1.149325945092813708e+04
1.189874884123722768e+04
1.185285334856022382e+04
1.184816192747662899e+04
1.187598604136050562e+04
1.143466155137519672e+04
1.129960071873894049e+04
1.183438697220329959e+04
1.164756491155510776e+04
1.149325945092813708e+04
1.185285334856022382e+04
1.184816192747662899e+04
1.189092736598039301e+04
1.187950199293716832e+04
1.187043851168607580e+04
1.143466155137519672e+04
1.129960071873894049e+04
1.183438697220329959e+04
1.164756491155510776e+04
1.149325945092813708e+04
1.187883166139901732e+04
1.185285334856022382e+04
1.184816192747662899e+04
1.187810524191150944e+04
1.180696473423417046e+04
1.143466155137519672e+04
1.129960071873894049e+04
1.185592813823797587e+04
1.183438697220329959e+04
1.164756491155510776e+04
1.149325945092813708e+04
1.186335609946891054e+04
1.189387280606097738e+04
1.185285334856022382e+04
1.184816192747662899e+04
1.143466155137519672e+04
1.129960071873894049e+04
1.183438697220329959e+04
1.164756491155510776e+04
1.149325945092813708e+04
1.187391880304969891e+04
1.185285334856022382e+04
1.184816192747662899e+04
1.102144346069298990e+04
1.143466155137519672e+04
1.129960071873894049e+04
1.186244386477843545e+04
1.183438697220329959e+04
1.164756491155510776e+04
1.149325945092813708e+04
1.185285334856022382e+04
1.188354395369824670e+04
1.082008767129014268e+04
1.143466155137519672e+04
1.129960071873894049e+04
1.186244386477843545e+04
1.170393717274359187e+04
1.183438697220329959e+04
1.164756491155510776e+04
1.181877969742719506e+04
1.149325945092813708e+04
1.161776347938728941e+04
1.185285334856022382e+04
1.184816192747662899e+04
1.187431950328214225e+04
1.143466155137519672e+04
1.129960071873894049e+04
1.164756491155510776e+04
1.149325945092813708e+04
1.185481103410167088e+04
1.186710698939647045e+04
1.170211619709805927e+04
1.184816192747662899e+04
1.143466155137519672e+04
1.129960071873894049e+04
1.186244386477843545e+04
1.157041319096753432e+04
1.183438697220329959e+04
1.164756491155510776e+04
1.149325945092813708e+04
1.173448812173314218e+04
1.187710236366755635e+04
1.189098697604369590e+04
1.185285334856022382e+04
1.184816192747662899e+04
1.143466155137519672e+04
1.129960071873894049e+04
1.164756491155510776e+04
1.177057389988637988e+04
1.149325945092813708e+04
1.185285334856022382e+04
1.184816192747662899e+04
1.143466155137519672e+04
1.129960071873894049e+04
1.186244386477843545e+04
1.187383117974074048e+04
1.188581283269516098e+04
1.183438697220329959e+04
1.164756491155510776e+04
1.149325945092813708e+04
1.183592074570266232e+04
1.185285334856022382e+04
1.184816192747662899e+04
1.067915244369324137e+04
1.189342012598108704e+04
1.143466155137519672e+04
1.184391791443767761e+04
1.164756491155510776e+04
1.149325945092813708e+04
1.179548208515492843e+04
1.188333386023499406e+04
1.185285334856022382e+04
1.184816192747662899e+04
1.172882570371580368e+04
1.143466155137519672e+04
1.129960071873894049e+04
1.186244386477843545e+04
1.183438697220329959e+04
1.164756491155510776e+04
1.149325945092813708e+04
1.184072293492812423e+04
1.185285334856022382e+04
1.184816192747662899e+04
1.169342654262462565e+04
1.143466155137519672e+04
1.129960071873894049e+04
1.186244386477843545e+04
1.183438697220329959e+04
1.164756491155510776e+04
1.186442018089087287e+04
1.149325945092813708e+04
1.188736233603224537e+04
1.185071720549387828e+04
1.184816192747662899e+04
1.143466155137519672e+04
1.129960071873894049e+04
1.186244386477843545e+04
1.183438697220329959e+04
1.164756491155510776e+04
1.149325945092813708e+04
1.161776347938728941e+04
1.185285334856022382e+04
1.184816192747662899e+04
1.188078395079083384e+04
1.187263117770831559e+04
1.181124628089866565e+04
1.189444343333570032e+04
1.113528532149670355e+04
1.183438697220329959e+04
1.164756491155510776e+04
1.149325945092813708e+04
1.145174938349523109e+04
1.176414755439416695e+04
1.185285334856022382e+04
1.189177071473529577e+04
1.143466155137519672e+04
1.129960071873894049e+04
1.183438697220329959e+04
1.164756491155510776e+04
1.149325945092813708e+04
1.188829237292596736e+04
1.185285334856022382e+04
1.184816192747662899e+04
1.189041242973114458e+04
1.189417295849248694e+04
1.177985170369376101e+04
1.143466155137519672e+04
1.183438697220329959e+04
1.164756491155510776e+04
1.188407442057877597e+04
1.149325945092813708e+04
1.188500560553913965e+04
1.186822489455383948e+04
1.185285334856022382e+04
1.184816192747662899e+04
1.183901596819046972e+04
1.190066289105693431e+04
1.183438697220329959e+04
1.164756491155510776e+04
1.149325945092813708e+04
1.114402602054947602e+04
1.189850946804970044e+04
1.186506287673530278e+04
1.185285334856022382e+04
1.184816192747662899e+04
1.187213445096005489e+04
1.189090404159648278e+04
1.183438697220329959e+04
1.164756491155510776e+04
1.149325945092813708e+04
1.188070111740543689e+04
1.186980538523844371e+04
1.185285334856022382e+04
1.184816192747662899e+04
1.143466155137519672e+04
1.129960071873894049e+04
1.186244386477843545e+04
1.161689681996388390e+04
1.183438697220329959e+04
1.164756491155510776e+04
1.149325945092813708e+04
1.189431240270228409e+04
1.185285334856022382e+04
1.184816192747662899e+04
1.143466155137519672e+04
1.129960071873894049e+04
1.186244386477843545e+04
1.164756491155510776e+04
1.149325945092813708e+04
1.093923769420280951e+04
1.147916904311661347e+04
1.186198417222598073e+04
1.185285334856022382e+04
1.184816192747662899e+04
1.143466155137519672e+04
1.129960071873894049e+04
1.186244386477843545e+04
1.183438697220329959e+04
1.164756491155510776e+04
1.149325945092813708e+04
1.185285334856022382e+04
1.184816192747662899e+04
1.189632224204837803e+04
1.168293345453884103e+04
1.143466155137519672e+04
1.129960071873894049e+04
1.186244386477843545e+04
1.157070780802576883e+04
1.183438697220329959e+04
1.164756491155510776e+04
1.149325945092813708e+04
1.183517206283093401e+04
1.185285334856022382e+04
1.184816192747662899e+04
1.161820506497419592e+04
1.187940178126566389e+04
1.143466155137519672e+04
1.183438697220329959e+04
1.164756491155510776e+04
1.179813100810879587e+04
1.184903613797883918e+04
1.149325945092813708e+04
1.164987381837073008e+04
1.178659223953445144e+04
1.185285334856022382e+04
1.168955048599607835e+04
1.143466155137519672e+04
1.183438697220329959e+04
1.164756491155510776e+04
1.183348007611431785e+04
1.149325945092813708e+04
1.185285334856022382e+04
1.184816192747662899e+04
1.143466155137519672e+04
1.129960071873894049e+04
1.186244386477843545e+04
1.170393717274359187e+04
1.183438697220329959e+04
1.164756491155510776e+04
1.149325945092813708e+04
1.185285334856022382e+04
1.184816192747662899e+04
1.189342724750826892e+04
1.143466155137519672e+04
1.129960071873894049e+04
1.186244386477843545e+04
1.170393717274359187e+04
1.189790969439368746e+04
1.183438697220329959e+04
1.164756491155510776e+04
1.149325945092813708e+04
1.063220426662330465e+04
1.185285334856022382e+04
1.182904545028575376e+04
1.129680239716323376e+04
1.143466155137519672e+04
1.129960071873894049e+04
1.183438697220329959e+04
1.164756491155510776e+04
1.149325945092813708e+04
1.185772666350340478e+04
1.185285334856022382e+04
1.184816192747662899e+04
1.108843305408822562e+04
1.186461171139212820e+04
1.143466155137519672e+04
1.129960071873894049e+04
1.183438697220329959e+04
1.164756491155510776e+04
1.149325945092813708e+04
1.185285334856022382e+04
1.184303253192839838e+04
1.184816192747662899e+04
1.143466155137519672e+04
1.129960071873894049e+04
1.186244386477843545e+04
1.148854892874906545e+04
1.188297555752504377e+04
1.183438697220329959e+04
1.164756491155510776e+04
1.149325945092813708e+04
1.185285334856022382e+04
1.184816192747662899e+04
1.102081618468049419e+04
1.185618526922804449e+04
1.102358767260541754e+04
1.143466155137519672e+04
1.183438697220329959e+04
1.164756491155510776e+04
1.149325945092813708e+04
1.188562246614355718e+04
1.177588051079900833e+04
1.185285334856022382e+04
1.184816192747662899e+04
1.143466155137519672e+04
1.129960071873894049e+04
1.186244386477843545e+04
1.183438697220329959e+04
1.164756491155510776e+04
1.149325945092813708e+04
1.181850784336570359e+04
1.189975259758293214e+04
1.185285334856022382e+04
1.184816192747662899e+04
1.143466155137519672e+04
1.129960071873894049e+04
1.186244386477843545e+04
1.183438697220329959e+04
1.149325945092813708e+04
1.188960183371594758e+04
1.185285334856022382e+04
1.184816192747662899e+04
1.189269578454437760e+04
1.142669781431812589e+04
1.129960071873894049e+04
1.186244386477843545e+04
1.170393717274359187e+04
1.183438697220329959e+04
1.164756491155510776e+04
1.149325945092813708e+04
1.185285334856022382e+04
1.156431922824438516e+04
1.184816192747662899e+04
1.143466155137519672e+04
1.187495096639262010e+04
1.129960071873894049e+04
1.186244386477843545e+04
1.183438697220329959e+04
1.164756491155510776e+04
1.149325945092813708e+04
1.189124604890868613e+04
1.189671342909584928e+04
1.185285334856022382e+04
1.184816192747662899e+04
1.188766951235413762e+04
1.143466155137519672e+04
1.129960071873894049e+04
1.187859191503082548e+04
1.183438697220329959e+04
1.164756491155510776e+04
1.149325945092813708e+04
1.185285334856022382e+04
1.184037945838613450e+04
1.184816192747662899e+04
1.186377429263859813e+04
1.162611612355055149e+04
1.186160730417101149e+04
1.183438697220329959e+04
1.164756491155510776e+04
1.149325945092813708e+04
1.190124562940833493e+04
1.189324055167359438e+04
1.185285334856022382e+04
1.168117683475267586e+04
1.184816192747662899e+04
1.188274562833962227e+04
1.143466155137519672e+04
1.183438697220329959e+04
1.164756491155510776e+04
1.149325945092813708e+04
1.190047039643373864e+04
1.186828446785097731e+04
1.185285334856022382e+04
1.184816192747662899e+04
1.186100300541832257e+04
1.143466155137519672e+04
1.129960071873894049e+04
1.183438697220329959e+04
1.164756491155510776e+04
1.149325945092813708e+04
1.184464873354644806e+04
1.185285334856022382e+04
1.184816192747662899e+04
1.185960270680076610e+04
1.150080277718203433e+04
1.189924640045722663e+04
1.143466155137519672e+04
1.183438697220329959e+04
1.164756491155510776e+04
1.149325945092813708e+04
1.185667743100910411e+04
1.189157337757637652e+04
1.189324055167359438e+04
1.185285334856022382e+04
1.184816192747662899e+04
1.182848412219203965e+04
1.189480112312789061e+04
1.188391594755043479e+04
1.183438697220329959e+04
1.164756491155510776e+04
1.146595777504636681e+04
1.149325945092813708e+04
1.188980732561367950e+04
1.184391548935743413e+04
1.158208192147250156e+04
1.185285334856022382e+04
1.184816192747662899e+04
1.183438697220329959e+04
1.164756491155510776e+04
1.149325945092813708e+04
1.186617559980593614e+04
1.185285334856022382e+04
1.184816192747662899e+04
1.174244879529111859e+04
1.189589724372456658e+04
1.143466155137519672e+04
1.129960071873894049e+04
1.189595908793051785e+04
1.183438697220329959e+04
1.164756491155510776e+04
1.185285334856022382e+04
1.143466155137519672e+04
1.187918675249336593e+04
1.129960071873894049e+04
1.186244386477843545e+04
1.170393717274359187e+04
1.164320963075539112e+04
1.183438697220329959e+04
1.164756491155510776e+04
1.189139235004852708e+04
1.149325945092813708e+04
1.188872315092660028e+04
1.187712374603599346e+04
1.185285334856022382e+04
1.156468427405445800e+04
1.184816192747662899e+04
1.178172527397076919e+04
1.183438697220329959e+04
1.164756491155510776e+04
1.149325945092813708e+04
1.188736233603224537e+04
1.187727535420931599e+04
1.185285334856022382e+04
1.168117683475267586e+04
1.184816192747662899e+04
1.143466155137519672e+04
1.129960071873894049e+04
1.183438697220329959e+04
1.164756491155510776e+04
1.149325945092813708e+04
1.188824828279235226e+04
1.185285334856022382e+04
1.184816192747662899e+04
1.188969184592123747e+04
1.143466155137519672e+04
1.129960071873894049e+04
1.186244386477843545e+04
1.183438697220329959e+04
1.164756491155510776e+04
1.149325945092813708e+04
1.126678878681128845e+04
1.185285334856022382e+04
1.184816192747662899e+04
1.185371477198198045e+04
1.143466155137519672e+04
1.129960071873894049e+04
1.186244386477843545e+04
1.183438697220329959e+04
1.164756491155510776e+04
1.149325945092813708e+04
1.189612177259657983e+04
1.185285334856022382e+04
1.184816192747662899e+04
1.187810524191150944e+04
1.143466155137519672e+04
1.129960071873894049e+04
1.186244386477843545e+04
1.183438697220329959e+04
1.164756491155510776e+04
1.149325945092813708e+04
1.162065955884171308e+04
1.185285334856022382e+04
1.156431922824438516e+04
1.184816192747662899e+04
1.189365066970816770e+04
1.129960071873894049e+04
1.186244386477843545e+04
1.183438697220329959e+04
1.164756491155510776e+04
1.149325945092813708e+04
1.189350850524586895e+04
1.185285334856022382e+04
1.184816192747662899e+04
1.189295889278601499e+04
1.185981383934437144e+04
1.129960071873894049e+04
1.186244386477843545e+04
1.183438697220329959e+04
1.164756491155510776e+04
1.149325945092813708e+04
1.183966891550946275e+04
1.128858780393374400e+04
1.186401612066577400e+04
1.185285334856022382e+04
1.186975231933369651e+04
1.184816192747662899e+04
1.143466155137519672e+04
1.183438697220329959e+04
1.164756491155510776e+04
1.149325945092813708e+04
1.185285334856022382e+04
1.184816192747662899e+04
1.186210983515174121e+04
1.189461684371591582e+04
1.143466155137519672e+04
1.129960071873894049e+04
1.186244386477843545e+04
1.183438697220329959e+04
1.164756491155510776e+04
1.149325945092813708e+04
1.163298457203926046e+04
1.185585788772811247e+04
1.171083805706516432e+04
1.185285334856022382e+04
1.184816192747662899e+04
1.143466155137519672e+04
1.129960071873894049e+04
1.183438697220329959e+04
1.164756491155510776e+04
1.149325945092813708e+04
1.184358808472826968e+04
1.185285334856022382e+04
1.184816192747662899e+04
1.148514387035187247e+04
1.189400018698914937e+04
1.114311694069178338e+04
1.143466155137519672e+04
1.183438697220329959e+04
1.164756491155510776e+04
1.149325945092813708e+04
1.182537120521836187e+04
1.185285334856022382e+04
1.184816192747662899e+04
1.185041448275348921e+04
1.143466155137519672e+04
1.129960071873894049e+04
1.186244386477843545e+04
1.183438697220329959e+04
1.164756491155510776e+04
1.149325945092813708e+04
1.185285334856022382e+04
1.184816192747662899e+04
1.143466155137519672e+04
1.129960071873894049e+04
1.186244386477843545e+04
1.170393717274359187e+04
1.176876006819860049e+04
1.180130527429741778e+04
1.183438697220329959e+04
1.164756491155510776e+04
1.186437842885701320e+04
1.149325945092813708e+04
1.180182195634874370e+04
1.161527430487681704e+04
1.185285334856022382e+04
1.184816192747662899e+04
1.187442666956476023e+04
1.122305986996552565e+04
1.183438697220329959e+04
1.164756491155510776e+04
1.149325945092813708e+04
1.149896134327812615e+04
1.184089644376009710e+04
1.190097494826809088e+04
1.185285334856022382e+04
1.189708916512886390e+04
1.184816192747662899e+04
1.183438697220329959e+04
1.164756491155510776e+04
1.186873695919091733e+04
1.178521496062080951e+04
1.176031682022797213e+04
1.190091413413409282e+04
1.185285334856022382e+04
1.177825990808010101e+04
1.184816192747662899e+04
1.187431950328214225e+04
1.183438697220329959e+04
1.164756491155510776e+04
1.149325945092813708e+04
1.185285334856022382e+04
1.184816192747662899e+04
1.185399926047952249e+04
1.184630997467693669e+04
1.143466155137519672e+04
1.186244386477843545e+04
1.170393717274359187e+04
1.183438697220329959e+04
1.164756491155510776e+04
1.149325945092813708e+04
1.189498314084235790e+04
1.187778354954304814e+04
1.185285334856022382e+04
1.184816192747662899e+04
1.181255615472379577e+04
1.189034171936981511e+04
1.189688890248113421e+04
1.183438697220329959e+04
1.164756491155510776e+04
1.149325945092813708e+04
1.152887114541221126e+04
1.185369220478613352e+04
1.129145581501278321e+04
1.185285334856022382e+04
1.184816192747662899e+04
1.143466155137519672e+04
1.183681368857834968e+04
1.183438697220329959e+04
1.164756491155510776e+04
1.149325945092813708e+04
1.184813795234026293e+04
1.188369999769000424e+04
1.185285334856022382e+04
1.143466155137519672e+04
1.129960071873894049e+04
1.186244386477843545e+04
1.170393717274359187e+04
1.183438697220329959e+04
1.164756491155510776e+04
1.149325945092813708e+04
1.189133102497398613e+04
1.185285334856022382e+04
1.184816192747662899e+04
1.188375443174751854e+04
1.143466155137519672e+04
1.129960071873894049e+04
1.186244386477843545e+04
1.183438697220329959e+04
1.164756491155510776e+04
1.149325945092813708e+04
1.185285334856022382e+04
1.184816192747662899e+04
1.143466155137519672e+04
1.129960071873894049e+04
1.186244386477843545e+04
1.186668804205543529e+04
1.170393717274359187e+04
1.183438697220329959e+04
1.164756491155510776e+04
1.149325945092813708e+04
1.185285334856022382e+04
1.184816192747662899e+04
1.181225626982724316e+04
1.177985170369376101e+04
1.143466155137519672e+04
1.129960071873894049e+04
1.186244386477843545e+04
1.179048959968247618e+04
1.183438697220329959e+04
1.164756491155510776e+04
1.149325945092813708e+04
1.180756179188727219e+04
1.187137473605555533e+04
1.185285334856022382e+04
1.184816192747662899e+04
1.180325629161319557e+04
1.189447670534403733e+04
1.183438697220329959e+04
1.164756491155510776e+04
1.149325945092813708e+04
1.146227904310372105e+04
1.185285334856022382e+04
1.184816192747662899e+04
1.189023120999483217e+04
1.143466155137519672e+04
1.129960071873894049e+04
1.186244386477843545e+04
1.183438697220329959e+04
1.164756491155510776e+04
1.142806321457229933e+04
1.149325945092813708e+04
1.189862002356550875e+04
1.185790421524108751e+04
1.185285334856022382e+04
1.184816192747662899e+04
1.143466155137519672e+04
1.129960071873894049e+04
1.183438697220329959e+04
1.164756491155510776e+04
1.149325945092813708e+04
1.185285334856022382e+04
1.186796523998580960e+04
1.129680239716323376e+04
1.143466155137519672e+04
1.129960071873894049e+04
1.189597720590880635e+04
1.185418596272148898e+04
1.183438697220329959e+04
1.164756491155510776e+04
1.149325945092813708e+04
1.089955907718893832e+04
1.185285334856022382e+04
1.184816192747662899e+04
1.105183331476949752e+04
1.181798818489937366e+04
1.143466155137519672e+04
1.129960071873894049e+04
1.183438697220329959e+04
1.164756491155510776e+04
1.149325945092813708e+04
1.186867655052453665e+04
1.185285334856022382e+04
1.184816192747662899e+04
1.189563392424833546e+04
1.189020903071302018e+04
1.185752569080996545e+04
1.178964131907663796e+04
1.164756491155510776e+04
1.149325945092813708e+04
1.185285334856022382e+04
1.184816192747662899e+04
1.143466155137519672e+04
1.129960071873894049e+04
1.186244386477843545e+04
1.190021443011532756e+04
1.170393717274359187e+04
1.176876006819860049e+04
1.183438697220329959e+04
1.164756491155510776e+04
1.149325945092813708e+04
1.186574941549825780e+04
1.183793064845144727e+04
1.185285334856022382e+04
1.184816192747662899e+04
1.143466155137519672e+04
1.129960071873894049e+04
1.121268744739876456e+04
1.183438697220329959e+04
1.164756491155510776e+04
1.149325945092813708e+04
1.185285334856022382e+04
1.184816192747662899e+04
1.183837615371755055e+04
1.180695195106298706e+04
1.188123889463558953e+04
1.143466155137519672e+04
1.186244386477843545e+04
1.183438697220329959e+04
1.149325945092813708e+04
1.178431067907980650e+04
1.162167076361715044e+04
1.189409903464003219e+04
1.185285334856022382e+04
1.185310205808477804e+04
1.184816192747662899e+04
1.143466155137519672e+04
1.129960071873894049e+04
1.183438697220329959e+04
1.164756491155510776e+04
1.149325945092813708e+04
1.185285334856022382e+04
1.184816192747662899e+04
1.180854352860137624e+04
1.143466155137519672e+04
1.129960071873894049e+04
1.186244386477843545e+04
1.170393717274359187e+04
1.183438697220329959e+04
1.164756491155510776e+04
1.149325945092813708e+04
1.185285334856022382e+04
1.184816192747662899e+04
1.182863737453830436e+04
1.187254677237497526e+04
1.143466155137519672e+04
1.129960071873894049e+04
1.186244386477843545e+04
1.183438697220329959e+04
1.164756491155510776e+04
1.188695864193649686e+04
1.149325945092813708e+04
1.188606160285927763e+04
1.185285334856022382e+04
1.184816192747662899e+04
1.182135971090225394e+04
1.143466155137519672e+04
1.129960071873894049e+04
1.183438697220329959e+04
1.164756491155510776e+04
1.149325945092813708e+04
1.185285334856022382e+04
1.184816192747662899e+04
1.183253033453295029e+04
1.143466155137519672e+04
1.149260018393490282e+04
1.129960071873894049e+04
1.186244386477843545e+04
1.183438697220329959e+04
1.164756491155510776e+04
1.149325945092813708e+04
1.185285334856022382e+04
1.184816192747662899e+04
1.156608267024000088e+04
1.177985170369376101e+04
1.143466155137519672e+04
1.129960071873894049e+04
1.186244386477843545e+04
1.183438697220329959e+04
1.149325945092813708e+04
1.188398947988594591e+04
1.185285334856022382e+04
1.184816192747662899e+04
1.188369286660014041e+04
1.143466155137519672e+04
1.187409978503882667e+04
1.129960071873894049e+04
1.186244386477843545e+04
1.183438697220329959e+04
1.164756491155510776e+04
1.149325945092813708e+04
1.189547277145319458e+04
1.185285334856022382e+04
1.184816192747662899e+04
1.143466155137519672e+04
1.141713821236487456e+04
1.129960071873894049e+04
1.186244386477843545e+04
1.188969142088648550e+04
1.183438697220329959e+04
1.164756491155510776e+04
1.183282439059806347e+04
1.186667803867559269e+04
1.185285334856022382e+04
1.184818593721900652e+04
1.184816192747662899e+04
1.190039634415209184e+04
1.143466155137519672e+04
1.183438697220329959e+04
1.164756491155510776e+04
1.149325945092813708e+04
1.142804839800588888e+04
1.185285334856022382e+04
1.184816192747662899e+04
1.185936280155868189e+04
1.117980511476728498e+04
1.143466155137519672e+04
1.129960071873894049e+04
1.183438697220329959e+04
1.164756491155510776e+04
1.149325945092813708e+04
1.185285334856022382e+04
1.184816192747662899e+04
1.143466155137519672e+04
1.129960071873894049e+04
1.186244386477843545e+04
1.170393717274359187e+04
1.187087706621887446e+04
1.183438697220329959e+04
1.164756491155510776e+04
1.149325945092813708e+04
1.188138648320331231e+04
1.186968563743049526e+04
1.185285334856022382e+04
1.184816192747662899e+04
1.143466155137519672e+04
1.182265318527343516e+04
1.129960071873894049e+04
1.183438697220329959e+04
1.164756491155510776e+04
1.149325945092813708e+04
1.162065955884171308e+04
1.185285334856022382e+04
1.190061045424426811e+04
1.189201516430652191e+04
1.143466155137519672e+04
1.129960071873894049e+04
1.186244386477843545e+04
