2.378691571167174698e+04
2.484679369906072316e+04
2.698038785051465311e+04
2.693140878982864160e+04
2.592969305215431450e+04
2.749325265939530800e+04
2.778797604736033463e+04
2.748052431666505072e+04
2.762665381707665438e+04
2.719124845460529832e+04
2.758179819882341326e+04
2.686932511377214541e+04
2.773770835048994559e+04
2.611854486490852651e+04
2.704079782160517789e+04
2.735797867476784086e+04
2.750617614945978858e+04
2.638074638964890619e+04
2.522006501957928413e+04
2.741567762642279195e+04
2.697812588594207773e+04
2.711064853557573224e+04
2.749061763239980792e+04
2.660221251282342564e+04
2.729817202657657253e+04
2.607263764770776470e+04
2.687903349657842045e+04
2.664612922466004966e+04
2.778195372411147764e+04
2.752464947079849662e+04
2.743645712935525808e+04
2.682878753149217664e+04
2.469151709477820259e+04
2.759662947646764587e+04
2.712010055860922512e+04
2.634665243547998398e+04
2.623147745508725347e+04
2.535936697277785424e+04
2.473121973632215304e+04
2.635322140343018327e+04
2.772230698472793665e+04
2.709160261313480805e+04
2.776568848703197000e+04
2.741138301741508621e+04
2.682491435943471879e+04
2.625744363510028779e+04
2.711857108246432836e+04
2.555964495262613491e+04
2.646674414422066911e+04
2.771197261840283318e+04
2.762983762151519477e+04
2.773156800054923951e+04
2.642812467324474710e+04
2.654629173103706853e+04
2.619463043818798178e+04
2.731103588460723040e+04
2.730574846979936774e+04
2.712521646582028552e+04
2.770587178953099647e+04
2.735833386334755778e+04
2.776815940695313839e+04
2.628170325196350677e+04
2.746414898977170742e+04
2.729861284531857382e+04
2.504972383437235840e+04
2.709152980663626658e+04
2.723959515098599149e+04
2.773128432932064607e+04
2.550120281780480582e+04
2.745841926447344304e+04
2.695590857375871565e+04
2.657580145512245508e+04
2.693109357350092978e+04
2.685570507664321485e+04
2.548671248774305423e+04
2.766152637353265527e+04
2.693900523145015541e+04
2.771671372939478533e+04
2.732506924498538865e+04
2.471123619569810035e+04
2.758327990587396562e+04
2.657305196960221656e+04
2.528769904375571423e+04
2.760795585721794487e+04
2.764045576933469420e+04
2.614523410902931209e+04
2.535390657874177123e+04
2.537100178074925498e+04
2.745216931261916761e+04
2.749397584669191565e+04
2.716679896819340865e+04
2.478075793363851699e+04
2.751177964254015387e+04
2.635864317334180669e+04
2.704613835429257961e+04
2.634885527221372831e+04
2.448629398471014065e+04
2.489253836742914427e+04
2.759290622175290628e+04
2.595617802360747737e+04
2.669980940080058645e+04
2.709032117546952577e+04
2.673705212739817944e+04
2.435289071321424490e+04
2.542874544651740507e+04
2.730373936924961527e+04
2.707203344794346049e+04
2.624475593705230858e+04
2.624289446066856181e+04
2.724816702312646885e+04
2.773770835048994559e+04
2.664211526089690597e+04
2.717399525345961229e+04
2.763698410348508696e+04
2.712549245114892983e+04
2.657732339863421294e+04
2.732674063275530352e+04
2.483237830150400259e+04
2.749253656004774894e+04
2.718235350358893265e+04
2.580510382519374980e+04
2.650895270653701664e+04
2.654969785971876263e+04
2.661916965810311376e+04
2.635951794753121794e+04
2.670402775040973575e+04
2.722362447937101024e+04
2.586625657474411491e+04
2.634885527221372831e+04
2.734045014582008662e+04
2.578653844625537022e+04
2.715337941804471120e+04
2.728499453783915305e+04
2.753343855016197631e+04
2.513276688906053096e+04
2.685570507664321485e+04
2.612372160738577440e+04
2.726926299058438235e+04
2.697749259785386312e+04
2.664612922466004966e+04
2.704602318872888281e+04
2.759046985512196625e+04
2.654346779132459051e+04
2.599088491862983938e+04
2.755915863516837635e+04
2.772001424558367580e+04
2.655264818465268036e+04
2.647496422818663268e+04
2.731475552730781055e+04
2.775227990665123070e+04
2.526974274643175886e+04
2.683338850453048144e+04
2.701013511150798149e+04
2.761267940040368558e+04
2.598838843490997897e+04
2.747234370417632454e+04
2.633995424793355778e+04
2.657116074920085521e+04
2.556385099030337369e+04
2.560560011317049066e+04
2.763758546649124037e+04
2.654706295005759966e+04
2.639679342104925308e+04
2.578133002328352086e+04
2.721834802616485467e+04
2.778339117307305060e+04
2.666157663549762947e+04
2.616818523787838785e+04
2.649194356685572347e+04
2.649073722893513332e+04
2.628170325196350677e+04
2.447544530036897049e+04
2.769071828574317988e+04
2.461548900358798710e+04
2.526489539239401711e+04
2.649960934301552334e+04
2.742709879667744826e+04
2.674138581329616500e+04
2.688909105835811351e+04
2.547873763419072202e+04
2.698526268276681003e+04
2.771206056348745187e+04
2.693799115230711686e+04
2.666876460848988063e+04
2.558521493068861309e+04
2.731956622084668925e+04
2.747032911942261126e+04
2.665190922457155102e+04
2.501245621521076100e+04
2.684107370647126663e+04
2.650427195803623181e+04
2.546329121283121276e+04
2.586792068820547502e+04
2.666229735228438221e+04
2.584579999315641544e+04
2.759873702510953080e+04
2.754357480165605375e+04
2.727523719144173810e+04
2.713782531783082595e+04
2.678542343537436318e+04
2.622165284789341968e+04
2.644357384372942033e+04
2.343742128777981998e+04
2.607588939463051065e+04
2.732318711409238676e+04
2.773699210015819699e+04
2.711494197778172384e+04
2.710323112994235635e+04
2.719668733540130779e+04
2.717685634703395044e+04
2.437521936480978547e+04
2.719739237942423279e+04
2.723454218007732197e+04
2.739600623768396326e+04
2.730574846979936774e+04
2.632181889910710379e+04
2.433800087649811394e+04
2.685766842030658881e+04
2.569232375948500703e+04
2.553200608048864888e+04
2.772230698472793665e+04
2.764136130629324907e+04
2.716409961705691967e+04
2.486361251042300501e+04
2.664601427052477447e+04
2.502944824745653386e+04
2.576347249257622389e+04
2.759662947646764587e+04
2.775314770077556022e+04
2.487742909509591118e+04
2.755836539146985160e+04
2.760327046938673811e+04
2.602489614420408543e+04
2.728499453783915305e+04
2.773744448232009381e+04
2.712694904595905609e+04
2.762024770719621301e+04
2.768618535596675792e+04
2.693805127547575103e+04
2.621482828008225624e+04
2.699840338407741729e+04
2.429378466478576956e+04
2.659690230672364123e+04
2.661273855034182634e+04
2.643932050052122941e+04
2.591789708474427607e+04
2.656066719256290526e+04
2.510889150200032600e+04
2.599225482317496062e+04
2.766688581031790818e+04
2.623180766565594604e+04
2.718329379186211008e+04
2.652225269591805045e+04
2.585353441672043118e+04
2.712366415549971134e+04
2.721648312567835092e+04
2.676736595540824055e+04
2.486106327404957483e+04
2.666509075661554380e+04
2.610556240326695115e+04
2.721853889695738326e+04
2.763766901472656536e+04
2.682505176088951703e+04
2.688585659472922998e+04
2.765978228818349089e+04
2.768780910716140352e+04
2.660460314348429529e+04
2.778195372411147764e+04
2.774520515512268321e+04
2.693061951175616559e+04
2.703423033647613920e+04
2.737801990941469558e+04
2.678992257130844882e+04
2.521897192425071262e+04
2.708791464161351541e+04
2.706622166749893222e+04
2.769417114405954271e+04
2.646120202830552807e+04
2.777363435588539505e+04
2.676736595540824055e+04
2.731684803628428926e+04
2.702206012659583939e+04
2.592710955000683316e+04
2.682654484596645489e+04
2.720797857069736710e+04
2.662611605196162054e+04
2.715559021697780918e+04
2.740014923710119183e+04
2.655028782639316705e+04
2.655714704483878450e+04
2.436406010642539331e+04
2.716894452697452653e+04
2.769071828574317988e+04
2.621205030383659687e+04
2.642078180024232643e+04
2.735645087336839424e+04
2.566790233669470763e+04
2.738788089412719273e+04
2.568990361376003057e+04
2.748340773039697888e+04
2.631836513222344729e+04
2.586267687888873843e+04
2.768281835993245113e+04
2.637106029334547202e+04
2.724077974979891587e+04
2.774948408827301682e+04
2.736634269067246350e+04
2.616523028055002214e+04
2.714077056157160405e+04
2.700692494053527116e+04
2.670488258396559468e+04
2.746547195582257700e+04
2.760732140198988054e+04
2.648607930751451204e+04
2.732402165010784302e+04
2.686275053468494662e+04
2.721340592485147499e+04
2.767311158387180330e+04
2.733455354182133306e+04
2.673958826016903186e+04
2.771404681510194132e+04
2.768577055985488187e+04
2.709160261313480805e+04
2.688877407060597761e+04
2.734904461040225942e+04
2.706763928196646521e+04
2.601445185421694259e+04
2.695849321528634391e+04
2.768302225237242237e+04
2.568188222827174468e+04
2.673967947306584028e+04
2.703933093714330607e+04
2.777173895424209695e+04
2.680557861557945216e+04
2.379846413857663720e+04
2.774322817790078625e+04
2.637484463362788665e+04
2.760781290289363096e+04
2.770570401292782117e+04
2.729796625934699114e+04
2.637114386553655640e+04
2.769485988399709822e+04
2.502518882806385955e+04
2.705051291158653476e+04
2.694108084982691071e+04
2.720924799896464538e+04
2.734019345399982922e+04
2.617240721275600299e+04
2.529487558295691633e+04
2.715208452821588071e+04
2.774159321609472681e+04
2.742733502633407988e+04
2.751181604549723488e+04
2.731281658886956939e+04
2.767380543656179361e+04
2.702481600640143006e+04
2.761307313256396810e+04
2.491683700418395165e+04
2.659316542168661181e+04
2.745842284457697679e+04
2.437521936480978547e+04
2.707035943017891259e+04
2.587991232258485979e+04
2.601078814064234030e+04
2.753254715408054835e+04
2.718228866058977655e+04
2.528262582950314027e+04
2.742049239565919561e+04
2.773159321508860376e+04
2.741480503762289663e+04
2.658457563726571607e+04
2.591248776209457719e+04
2.682202044618343643e+04
2.707163320153619861e+04
2.619309542419564241e+04
2.716823019896186452e+04
2.763649705354093749e+04
2.711336738153193437e+04
2.775542134945240832e+04
2.685375599986350062e+04
2.663155298461820348e+04
2.639499967810100861e+04
2.692745438213404850e+04
2.705567067415037673e+04
2.688512452425512311e+04
2.646674414422066911e+04
2.563210849397331185e+04
2.765261515073912597e+04
2.560227781154536933e+04
2.641417018925770026e+04
2.676600141434855686e+04
2.589068711799939774e+04
2.677816864964878187e+04
2.719692166148883189e+04
2.593678406195076968e+04
2.741416519470956337e+04
2.677410408937882676e+04
2.616470282309977483e+04
2.745623979769249854e+04
2.633489717633588953e+04
2.691109179262170801e+04
2.759158773511448453e+04
2.570357431203120359e+04
2.763941795220516724e+04
2.647269566980901436e+04
2.436392487185267964e+04
2.571811438052023732e+04
2.729052570066643966e+04
2.718480582436967961e+04
2.739872612768390900e+04
2.652932471257454017e+04
2.771192346112446467e+04
2.771403411491744191e+04
2.704431998113431837e+04
2.767815841937139339e+04
2.762507053883454137e+04
2.692891114705857763e+04
2.768702861139708693e+04
2.540589218639778846e+04
2.758189213988096162e+04
2.747026479400052995e+04
2.749958055909328323e+04
2.512715563055433813e+04
2.768289058130417834e+04
2.697723490395074259e+04
2.539971821359273235e+04
2.772198638158739777e+04
2.470470843856502688e+04
2.662966941762983333e+04
2.763338649102401178e+04
2.697014977948688829e+04
2.637548350529858726e+04
2.773699210015819699e+04
2.763551687002774997e+04
2.675145384143671617e+04
2.659353087989766209e+04
2.750808518386313153e+04
2.754158385937363346e+04
2.743577295344977392e+04
2.758407543837797857e+04
2.679068805554681239e+04
2.711293063161475948e+04
2.693155673088488402e+04
2.634362329488856631e+04
2.657751524692037492e+04
2.705964417741234138e+04
2.633623051858361214e+04
2.748591615633123729e+04
2.747037424785014446e+04
2.662059938961778607e+04
2.751164184098334590e+04
2.728818889210562338e+04
2.743948959937093605e+04
2.712873985668251044e+04
2.532940278175827189e+04
2.769314613714886218e+04
2.735422053651719034e+04
2.619016422221482208e+04
2.764616818735797642e+04
2.712797870888884063e+04
2.708499049655853742e+04
2.769203455780546574e+04
2.650895270653701664e+04
2.465239774878609751e+04
2.583757758332214871e+04
2.644597548056367668e+04
2.702983056000841680e+04
2.757844823208439630e+04
2.742607506849776837e+04
2.696958316783651389e+04
2.707331211301332587e+04
2.684975339543529117e+04
2.769731313530071930e+04
2.689905964309665069e+04
2.471838175837403105e+04
2.642029849326198018e+04
2.692348776140427071e+04
2.510501013128395061e+04
2.730415901514928191e+04
2.693747889232978196e+04
2.752630908227420878e+04
2.754530693777576016e+04
2.682654484596645489e+04
2.703133700265696098e+04
2.775307618662946334e+04
2.756119079705677723e+04
2.554536918839462305e+04
2.493722129318864609e+04
2.639088143613925786e+04
2.631662385407051988e+04
2.668580264574644752e+04
2.752630908227420878e+04
2.727707916110684528e+04
2.765885661203707059e+04
2.704431998113431837e+04
2.763701136647412568e+04
2.631372360603213019e+04
2.742028964576943690e+04
2.694902251778289065e+04
2.734708998003009037e+04
2.768577055985488187e+04
2.769216984884568956e+04
2.666317625393341223e+04
2.652438728272343360e+04
2.444372974006432196e+04
2.579793394812454790e+04
2.480943963184364839e+04
2.483136124993411067e+04
2.646963756190785352e+04
2.742693425770405520e+04
2.667593194112678248e+04
2.669011424072823138e+04
2.592034003626189224e+04
2.607184325756192993e+04
2.570875359518532787e+04
2.567955826727116437e+04
2.733647340110001460e+04
2.685567659821718553e+04
2.562218030129568433e+04
2.433706459749961141e+04
2.763779305581792141e+04
2.655894607834767157e+04
2.665421164492854950e+04
2.778824889465897286e+04
2.730174451293412130e+04
2.718014738260956801e+04
2.711936413272565187e+04
2.565967057424323866e+04
2.644021339841978988e+04
2.773811940088628762e+04
2.648865171983495748e+04
2.769528942291849671e+04
2.777168678029399234e+04
2.739990883064321315e+04
2.634978140276589329e+04
2.729513151257161007e+04
2.699761184452238376e+04
2.748718933344318066e+04
2.718406332820219177e+04
2.768068436532255873e+04
2.712882850308690104e+04
2.726589485479760333e+04
2.684780104669498905e+04
2.714151127758625080e+04
2.680884757035056464e+04
2.765394807663628671e+04
2.655930168070280342e+04
2.643932050052122941e+04
2.656028997177683777e+04
2.732147505557118347e+04
2.707331211301332587e+04
2.777070540862900452e+04
2.659370303874725505e+04
2.688885318318607824e+04
2.691322749654398649e+04
2.749757035297054972e+04
2.730925782180789975e+04
2.769674937991827392e+04
2.745749737270213518e+04
2.745416642579960535e+04
2.724235621858160448e+04
2.694790730949160206e+04
2.770601480749041002e+04
2.718801695392741749e+04
2.617593689240473032e+04
2.752464947079849662e+04
2.695440144972741109e+04
2.690788389716688107e+04
2.517865161898780207e+04
2.602143533888385355e+04
2.623899613511111238e+04
2.621472776309661640e+04
2.672708009460101312e+04
2.715542046957733692e+04
2.746770925973400881e+04
2.725021719400921938e+04
2.683674424476212516e+04
2.645169906354863269e+04
2.747154069556867034e+04
2.447113088909752332e+04
2.745471062151302249e+04
2.725217263490574260e+04
2.674300874432047567e+04
2.686207086026092657e+04
2.414695030711082654e+04
2.717818632204603273e+04
2.578133002328352086e+04
2.545539843499721246e+04
2.650714207471419650e+04
2.662179849123673921e+04
2.667824189569362352e+04
2.692457554644472475e+04
2.690872695146168917e+04
2.703068160916257330e+04
2.685219349926226278e+04
2.741648365209393160e+04
2.363301134429316517e+04
2.777531733622331376e+04
2.760732140198988054e+04
2.510863663398968492e+04
2.671127636698992865e+04
2.618720961361242007e+04
2.479971540544266099e+04
2.512806718619689491e+04
2.764887639385748116e+04
2.752510051788111014e+04
2.623191762873986590e+04
2.698709003654406115e+04
2.765698364998358011e+04
2.728448467100922062e+04
2.702618493722551648e+04
2.690998176253666315e+04
2.723284016588099257e+04
2.674304517083765677e+04
2.511316604360919882e+04
2.559225864952437405e+04
2.526517401786863411e+04
2.673258855135149133e+04
2.674298912676256805e+04
2.627034195515079409e+04
2.743948959937093605e+04
2.616233984872107976e+04
2.768018120581487528e+04
2.723454587284390800e+04
2.631891615250572067e+04
2.589607238820197745e+04
2.709336434430503141e+04
2.732185900133517134e+04
2.587297040907892733e+04
2.516509883067787814e+04
2.441253124282610952e+04
2.652932471257454017e+04
2.760769208119363975e+04
2.727209797513254307e+04
2.600896071508988825e+04
2.718278046330870347e+04
2.678577263790783036e+04
2.730998263068852975e+04
2.623222298202339880e+04
2.769903373038666177e+04
2.745122771008950076e+04
2.640411345426574189e+04
2.766972187948863211e+04
2.718715340487029243e+04
2.734667012986347254e+04
2.767159006441025485e+04
2.732250616770939450e+04
2.769228402148328314e+04
2.702029445204129661e+04
2.607128616304902971e+04
2.716364454750054574e+04
2.462080318983169855e+04
2.720824150191247463e+04
2.633879764823681035e+04
2.762545505067262275e+04
2.773907012588738144e+04
2.752308014772313982e+04
2.702196561918123552e+04
2.687355936125931112e+04
2.504741067446360103e+04
2.692887188177764619e+04
2.672803192069974466e+04
2.733475548593466010e+04
2.727858308422449772e+04
2.643655062406837897e+04
2.708655637338496672e+04
2.723454587284390800e+04
2.771761488469879987e+04
2.732540232846529761e+04
2.762085936757307718e+04
2.623899613511111238e+04
2.634885527221372831e+04
2.589115706555353972e+04
2.450103121241955887e+04
2.712797870888884063e+04
2.774202315688112139e+04
2.768264009724685457e+04
2.632753875478124610e+04
2.688780571265702747e+04
2.674575510218488853e+04
2.693264977188058401e+04
2.646770561306391028e+04
2.704613835429257961e+04
2.425094849842347321e+04
2.692745438213404850e+04
2.733965560558718425e+04
2.750928497973617050e+04
2.697434221665808946e+04
2.766984961180254686e+04
2.679594854797464723e+04
2.576191289788186987e+04
2.570750305341776402e+04
2.660221251282342564e+04
2.576347249257622389e+04
2.721906812117223672e+04
2.606320876963340561e+04
2.590516921650096265e+04
2.774706906601538503e+04
2.771839632761444591e+04
2.727668081597341006e+04
2.722313125284409762e+04
2.742163430561315181e+04
2.766069897179400141e+04
2.768336357472098825e+04
2.764889764639045461e+04
2.669849600866780020e+04
2.766593839413195019e+04
2.748340773039697888e+04
2.611608575380092589e+04
2.707916651232380173e+04
2.715739841811581937e+04
2.689959565516564544e+04
2.640635804621077477e+04
2.655179547086376988e+04
2.716289446476300873e+04
2.643147445459626397e+04
2.460796481378141107e+04
2.704999394460838448e+04
2.743964883792979890e+04
2.648211588478050180e+04
2.758327990587396562e+04
2.722401389272211600e+04
2.741042533623239069e+04
2.727051296332898346e+04
2.528528309537006135e+04
2.694902251778289065e+04
2.718836603391620520e+04
2.742689571871361477e+04
2.774587053392832604e+04
2.741059145681288646e+04
2.763159687592684350e+04
2.773187045521333130e+04
2.763714675993644778e+04
2.614078690249968713e+04
2.716299080562275776e+04
2.591869744871986040e+04
2.544175646522982788e+04
2.685570507664321485e+04
2.745274063084027148e+04
2.740637741717582321e+04
2.722603761168262645e+04
2.651625914203782304e+04
2.677478012895342908e+04
2.565176942711180163e+04
2.706646027838818918e+04
2.659928819791363276e+04
2.494913651699108595e+04
2.755381761100056610e+04
2.532354547061553603e+04
2.630207088046403442e+04
2.747734514171539195e+04
2.660357875340460305e+04
2.720774686586784810e+04
2.535532059002075403e+04
2.706270248805798110e+04
2.665394225295673095e+04
2.736182033432643220e+04
2.402120105888941180e+04
2.758167390608903952e+04
2.574970654810623819e+04
2.543961649761591980e+04
2.693799115230711686e+04
2.718137732232539202e+04
2.461830939805108937e+04
2.662120792505553254e+04
2.530953974816215123e+04
2.669474436600988338e+04
2.521983587099042779e+04
2.766429084008865539e+04
2.690788389716688107e+04
2.328728461079046247e+04
2.691225821343439384e+04
2.750074229751446546e+04
2.766432601833848457e+04
2.657457700122653478e+04
2.566178360759902716e+04
2.678071356692109839e+04
2.758671415753475594e+04
2.601099180607715243e+04
2.742462000163954144e+04
2.566392230162870692e+04
2.763621476831704058e+04
2.718793374777535428e+04
2.684975339543529117e+04
2.713289873838903077e+04
2.724700002666103319e+04
2.728802201303148468e+04
2.552476661338946360e+04
2.739016598462885304e+04
2.646449842352475389e+04
2.685285863587489439e+04
2.754903411090993541e+04
2.764072398210414394e+04
2.690988078562037117e+04
2.654412457644635288e+04
2.472119921915077794e+04
2.778952688233527806e+04
2.563908759904225735e+04
2.578063628353568856e+04
2.614366958849315051e+04
2.759220984735360253e+04
2.629554857238086697e+04
2.761950366414654854e+04
2.593551326710083595e+04
2.735422053651719034e+04
2.721469061628755662e+04
2.632948899849784721e+04
2.762507053883454137e+04
2.637308019019806306e+04
2.619792977858377708e+04
2.740329841188100545e+04
2.753750941530158161e+04
2.749636545132223182e+04
2.564648711645559524e+04
2.480468679191196134e+04
2.669764698956246139e+04
2.762334356203925927e+04
2.695547753711990299e+04
2.758734342592263783e+04
2.720139999375019761e+04
2.734582085420321164e+04
2.697327890221971029e+04
2.569491261778662374e+04
2.684207070917766396e+04
2.674353853411988166e+04
2.710507797762855262e+04
2.697288887490548223e+04
2.625182403975177294e+04
2.760513937632382658e+04
2.636163597473602931e+04
2.648865171983495748e+04
2.676505500759155620e+04
2.536980909022010746e+04
2.487253167361711894e+04
2.401789564629078814e+04
2.757821494643612823e+04
2.461830939805108937e+04
2.741133603964519352e+04
2.705587699977380544e+04
2.591276771446767088e+04
2.530054362167715590e+04
2.540987547127157086e+04
2.652882677254475857e+04
2.718456921033839171e+04
2.752154739197963136e+04
2.773187940540515774e+04
2.776540883648282033e+04
2.659084901854204509e+04
2.670582950390405313e+04
2.777582263740131748e+04
2.523475914693650702e+04
2.708935121486600110e+04
2.639425780812370067e+04
2.649837006274948362e+04
2.712933562887328299e+04
2.561807245525597318e+04
2.693805127547575103e+04
2.720487501242303551e+04
2.545605452842688101e+04
2.571851995927817552e+04
2.693631969303753067e+04
2.696339485725488339e+04
2.620567475908833148e+04
2.716380690445418077e+04
2.751259259415214547e+04
2.756032247435959289e+04
2.676308679317831775e+04
2.545234804334077489e+04
2.742720858913722623e+04
2.767437482902821648e+04
2.648684490234617624e+04
2.649894169930837961e+04
2.696726826538098612e+04
2.772055892170435254e+04
2.618316235266797594e+04
2.736678013370354529e+04
2.482455648136250966e+04
2.506399335994075227e+04
2.757816692177138611e+04
2.432478537228063578e+04
2.648865171983495748e+04
2.575808554981174530e+04
2.747165787728087889e+04
2.759507776336533061e+04
2.617952887524515609e+04
2.740213125490433595e+04
2.742822088794867523e+04
2.658619679581718810e+04
2.699988418366738915e+04
2.708128780901374193e+04
2.764417163738855743e+04
2.671978988036570445e+04
2.485729291047988227e+04
2.719922263207020296e+04
2.710235049332007475e+04
2.699651904041104717e+04
2.608939548208163251e+04
2.600252691724645047e+04
2.723625667979627178e+04
2.749684629223258162e+04
2.721255383226524282e+04
2.685530371775624371e+04
2.719333918493223973e+04
2.657954045829482493e+04
2.650917080373888894e+04
2.675553507483926660e+04
2.646674414422066911e+04
2.725132331588137458e+04
2.748830290826525379e+04
2.665171915793388325e+04
2.681032714537338325e+04
2.719875278469185287e+04
2.669849600866780020e+04
2.485729291047988227e+04
2.700894578385796558e+04
2.561807245525597318e+04
2.752164349099982064e+04
2.753963592935098131e+04
2.676438024916441282e+04
2.687388010484935148e+04
2.769946256118516249e+04
2.706274750282821333e+04
2.741009448585466089e+04
2.633103942995962279e+04
2.727132304627537087e+04
2.697678600131022540e+04
2.766090848783580441e+04
2.574774512012908235e+04
2.766848463612381602e+04
2.580841878852665468e+04
2.766434347993799020e+04
2.681101660499509308e+04
2.560255165304341790e+04
2.679695996807252232e+04
2.627272390540265769e+04
2.686280377327800670e+04
2.688140600104439363e+04
2.619209071899722767e+04
2.634628779243545432e+04
2.632141837255047722e+04
2.724235621858160448e+04
2.770491487050702926e+04
2.674366215417807325e+04
2.608241333700156611e+04
2.704925199190996864e+04
2.737368249494475094e+04
2.574908103760538506e+04
2.722520162348098529e+04
2.419637178842305730e+04
2.700050836065969270e+04
2.753554996546160692e+04
2.684161068220173547e+04
2.685277445497289955e+04
2.618638119588992413e+04
2.746205641032326821e+04
2.764129121524518632e+04
2.425094849842347321e+04
2.694861540649214658e+04
2.630677096395531771e+04
2.734045014582008662e+04
2.709160261313480805e+04
2.578133002328352086e+04
2.575021524273861723e+04
2.459040724738346762e+04
2.454182537850102017e+04
2.694158931848582870e+04
2.738880883243068820e+04
2.771376346543660475e+04
2.560708589918733560e+04
2.714566082891701444e+04
2.734775830135830984e+04
2.713539298278211936e+04
2.647317284682992249e+04
2.654073206927492356e+04
2.576818081927138701e+04
2.740746924172631407e+04
2.617577025445889740e+04
2.409160916294619528e+04
2.712326387449324466e+04
2.744286512645907351e+04
2.678115725245752401e+04
2.737745309557288783e+04
2.569905752994621434e+04
2.564140075981245900e+04
2.613485330858510497e+04
2.452872869046710548e+04
2.718014738260956801e+04
2.674525964271446355e+04
2.549645532214311243e+04
2.760355302857813149e+04
2.756334315437351688e+04
2.722443150177067946e+04
2.742530810714414838e+04
2.715028996090663350e+04
2.754185138719164388e+04
2.762934314113300570e+04
2.486426940797153657e+04
2.714544966118792581e+04
2.720776415931022348e+04
2.710725333696578309e+04
