1.827339603927435383e+04
1.839007053782801813e+04
1.851752513364730839e+04
1.825144098379406205e+04
1.558288188643569265e+04
1.876517137113073477e+04
1.680220261091545763e+04
1.848955995745066321e+04
1.677881712873371725e+04
1.818937920078424577e+04
1.606118314035887488e+04
1.777881929375846812e+04
1.735228065207610052e+04
1.748544095595642284e+04
1.816260925136985315e+04
1.867844394689372712e+04
1.835520747532336100e+04
1.889265367532796154e+04
1.728856880852842369e+04
1.757559491379642350e+04
1.877120737054626807e+04
1.895220151105877085e+04
1.868124761771848716e+04
1.699747464393069458e+04
1.852191939178267785e+04
1.638414254065913701e+04
1.721436425193163086e+04
1.871498613191490222e+04
1.837933798612540340e+04
1.822787049542683962e+04
1.786230793989937592e+04
1.887944968978119505e+04
1.809627644012453311e+04
1.870955845580980167e+04
1.602617021595247024e+04
1.748256544170119378e+04
1.653488358881683598e+04
1.774821017993269561e+04
1.824508333484796822e+04
1.729518487663155611e+04
1.867915007125319244e+04
1.887446500354518503e+04
1.867200877003966161e+04
1.886898241584642892e+04
1.891604469677597081e+04
1.885515365394354740e+04
1.672095897263344523e+04
1.765807321030621461e+04
1.868486535427502167e+04
1.806080409246015915e+04
1.679311928229596015e+04
1.809765584602343006e+04
1.691692163897634236e+04
1.533616749860230811e+04
1.772223931801064828e+04
1.831998025781981050e+04
1.737003141535834220e+04
1.714397230408495307e+04
1.865775753386045108e+04
1.859677057952761243e+04
1.829118856581367436e+04
1.822202880602970981e+04
1.698005183046105230e+04
1.840572228731623181e+04
1.708340477992721571e+04
1.641927909970751716e+04
1.787347149586507658e+04
1.742916906380696309e+04
1.895057003345564226e+04
1.627619079647882427e+04
1.644487485084273794e+04
1.726092640838857551e+04
1.893487945579826555e+04
1.891921444533317481e+04
1.856440827711732709e+04
1.861845703282460818e+04
1.582255416083096497e+04
1.864864642271227058e+04
1.833485675526736304e+04
1.860436928498246925e+04
1.560576809795579356e+04
1.673842035314946770e+04
1.780185303277502680e+04
1.876061870992340846e+04
1.888461646084676249e+04
1.814352830944345988e+04
1.831901789033480600e+04
1.893930298003047938e+04
1.829853031857387396e+04
1.819903835821646499e+04
1.799851240968413185e+04
1.859336705057804647e+04
1.812288777342268077e+04
1.874610822015241865e+04
1.785272029685133020e+04
1.656713062684679971e+04
1.866263562613347676e+04
1.763952509115955036e+04
1.716124380435423518e+04
1.855636118377878665e+04
1.713723673851940111e+04
1.759508849257168549e+04
1.608690317578839677e+04
1.858769496417482878e+04
1.822864258655851154e+04
1.765610944014622146e+04
1.720349302424016787e+04
1.793077659059327561e+04
1.798508950866480154e+04
1.842319427311102481e+04
1.803051059046901355e+04
1.773458415818618960e+04
1.665502429888411643e+04
1.873258116252741456e+04
1.712558040968806381e+04
1.783538332086188530e+04
1.853937659968213120e+04
1.780451614609238823e+04
1.877990351734392607e+04
1.646298605802597012e+04
1.813910309982192484e+04
1.875189456087495273e+04
1.761170552133367164e+04
1.757649071597695365e+04
1.780225942151806521e+04
1.876517137113073477e+04
1.864399258010617632e+04
1.717691268507539644e+04
1.662121260515387257e+04
1.828342262068735727e+04
1.608393178920838363e+04
1.744601939358663367e+04
1.660502231767364356e+04
1.753961959970277167e+04
1.723135637674400641e+04
1.736733017683054641e+04
1.728426319607235928e+04
1.750818615173927901e+04
1.738188124902373238e+04
1.650863698935216598e+04
1.867487534856070124e+04
1.878163270034336892e+04
1.787541585228219265e+04
1.734437761475018851e+04
1.781498865671506792e+04
1.838422331870665948e+04
1.826237686474178190e+04
1.876517137113073477e+04
1.695321817495837968e+04
1.771169149018297321e+04
1.892164131467557308e+04
1.776772137023917458e+04
1.503063415257386623e+04
1.851114614014741164e+04
1.770003061133559822e+04
1.771649652142578270e+04
1.820422215353599313e+04
1.696995037280961333e+04
1.722152066582733823e+04
1.807808575398725952e+04
1.890400735955301934e+04
1.890057608284198432e+04
1.690280244494775252e+04
1.781948661654510943e+04
1.712108156006460558e+04
1.780225942151806521e+04
1.857563068561774708e+04
1.865008194175012977e+04
1.813767434303444315e+04
1.748601732275559698e+04
1.891403206538768791e+04
1.658974225746253069e+04
1.787501771536721571e+04
1.881355492562997097e+04
1.814170308344723526e+04
1.590569892544794311e+04
1.635411891782210841e+04
1.816815179938003712e+04
1.884727669476389929e+04
1.753384288493031272e+04
1.851017292654504126e+04
1.782490249941295042e+04
1.722748401358004776e+04
1.864234324241448121e+04
1.810958749759911007e+04
1.822556098243441738e+04
1.682880479240417844e+04
1.772824736898794436e+04
1.638511660552040848e+04
1.829921401596342548e+04
1.897082128895963615e+04
1.750342189501730900e+04
1.825680153860873179e+04
1.786490780934633949e+04
1.895823821053506981e+04
1.859336705057804647e+04
1.872492983473493950e+04
1.856898410691328900e+04
1.750549694281473785e+04
1.762708297216599021e+04
1.696471133465363528e+04
1.745777775579365698e+04
1.708487646519301052e+04
1.662121260515387257e+04
1.802380933982431088e+04
1.794941560241291154e+04
1.893169577237116027e+04
1.802130976603392264e+04
1.830658089564222246e+04
1.879235436444091829e+04
1.826791831300199192e+04
1.844900157002081323e+04
1.578936380475623628e+04
1.711979088120025335e+04
1.866328114809815452e+04
1.834583251317773829e+04
1.881677007009701993e+04
1.888763689129293198e+04
1.825828406567648562e+04
1.499935208432525178e+04
1.878837247351159749e+04
1.714690150854243257e+04
1.751120491865025906e+04
1.888406775478145573e+04
1.704254789361063740e+04
1.838660088271416680e+04
1.785878903096031718e+04
1.702158046434842981e+04
1.647856443254723854e+04
1.892135044893241138e+04
1.694995623218908440e+04
1.805818057433378272e+04
1.860069775657912396e+04
1.752862087688047177e+04
1.855603540939908999e+04
1.883565428286373208e+04
1.871165999385429313e+04
1.726476685535416254e+04
1.846490932312516088e+04
1.837102058266052336e+04
1.806660819920749418e+04
1.850363511358733012e+04
1.843412401304903688e+04
1.818947337128091749e+04
1.883841454079468167e+04
1.886533659478043046e+04
1.752586996880128936e+04
1.819588831196724277e+04
1.874830571814771247e+04
1.650180256307632590e+04
1.801478291890716719e+04
1.834907967701723464e+04
1.868124761771848716e+04
1.751035964372550370e+04
1.790130855512987546e+04
1.775409017677407246e+04
1.660726509292068295e+04
1.860982362174044101e+04
1.825827945261192508e+04
1.893812981290911193e+04
1.845767573764502231e+04
1.820884662630572711e+04
1.866050409759494141e+04
1.708160856894460449e+04
1.794884252423070575e+04
1.722085028549988056e+04
1.872353581664847297e+04
1.770989862332701159e+04
1.791884820246089294e+04
1.831032699033551762e+04
1.868124761771848716e+04
1.832187807496667665e+04
1.876517137113073477e+04
1.539367473948941915e+04
1.852040090137159859e+04
1.816879440704198350e+04
1.779983824342213848e+04
1.873296505018832977e+04
1.880242086774775089e+04
1.815389763460246468e+04
1.805818057433378272e+04
1.696984410156106969e+04
1.839452258113091739e+04
1.876118400915755410e+04
1.622803993181573969e+04
1.587513635338978565e+04
1.869682962955533731e+04
1.690970057711921618e+04
1.885487109498866630e+04
1.810568740081867509e+04
1.649893313450813366e+04
1.806012082362728688e+04
1.740596325836535470e+04
1.889237967870477587e+04
1.713251586088035401e+04
1.776883159233964034e+04
1.680105894693705704e+04
1.779496591575776256e+04
1.866010508028277400e+04
1.852050628558601966e+04
1.873415366698071739e+04
1.708105173880449729e+04
1.784907852565175926e+04
1.890540323223155065e+04
1.481599310706725373e+04
1.889933029347406409e+04
1.850811313232815155e+04
1.889320211343513802e+04
1.833290203793649926e+04
1.829202163133657450e+04
1.847556835882191808e+04
1.754919955548784128e+04
1.852471162551538509e+04
1.670232428142378922e+04
1.856581597634181162e+04
1.799912428140138945e+04
1.856487523594158120e+04
1.819362847225208679e+04
1.851266575618972274e+04
1.833487585897746249e+04
1.736233142842833331e+04
1.876066819644194402e+04
1.542041997284613535e+04
1.799271381848211968e+04
1.842783596928029874e+04
1.820493605733943696e+04
1.854655585195648746e+04
1.736273074863186048e+04
1.879199521411461683e+04
1.857301762292809508e+04
1.830311798878846093e+04
1.818927354904391905e+04
1.807962937231869000e+04
1.757058614991738068e+04
1.876606319542014535e+04
1.780225942151806521e+04
1.655952565391016469e+04
1.682441819182567997e+04
1.728426319607235928e+04
1.848566615701752380e+04
1.789517917563322408e+04
1.894590715745049602e+04
1.833870195528447584e+04
1.805556910909212093e+04
1.865357410705488655e+04
1.764957766964716939e+04
1.850822833437252120e+04
1.882871286034552759e+04
1.812024484293326896e+04
1.783279508269056532e+04
1.798509650285710813e+04
1.850124868890925063e+04
1.816508646633070020e+04
1.862943172765800773e+04
1.595173863635534326e+04
1.850873291839305602e+04
1.720951298694100478e+04
1.727894997644720206e+04
1.864407693100440156e+04
1.831369397458065214e+04
1.869739116800467673e+04
1.823462437239664359e+04
1.888350070645867527e+04
1.854520855791282884e+04
1.597377297150828053e+04
1.780225942151806521e+04
1.818975771875276405e+04
1.785272029685133020e+04
1.886908244600660692e+04
1.880018467956200038e+04
1.862414135715805605e+04
1.886734127207746133e+04
1.895826356434392437e+04
1.521006520231247487e+04
1.718822986256798322e+04
1.862636935322073259e+04
1.626993647135732681e+04
1.743977599430056580e+04
1.710637137282027106e+04
1.722448176720532865e+04
1.610333891166965986e+04
1.773346015582575637e+04
1.802654230297466347e+04
1.753616550862262375e+04
1.854010191089603177e+04
1.687608719809118338e+04
1.666775200510101058e+04
1.876517137113073477e+04
1.890121602634997907e+04
1.858625366521731848e+04
1.702341814326533495e+04
1.890615558728479664e+04
1.754627097632541700e+04
1.757720989110630762e+04
1.868124761771848716e+04
1.847238449542835588e+04
1.867692088155163583e+04
1.756685819611940678e+04
1.877997083023910091e+04
1.876341766285319318e+04
1.797516235627644710e+04
1.876429706583009101e+04
1.744094650930209536e+04
1.605359068338464931e+04
1.872980661756771224e+04
1.794924477869573820e+04
1.588437183676831592e+04
1.852039283282225006e+04
1.822782718378614300e+04
1.829055276581812359e+04
1.759885910127244279e+04
1.870362703642526321e+04
1.891075773162214318e+04
1.708487646519301052e+04
1.895811528363321486e+04
1.801313829852324125e+04
1.868486535427502167e+04
1.733995469341557691e+04
1.809884384896375559e+04
1.845803762248153362e+04
1.752210333843240005e+04
1.802796840958547182e+04
1.891566014774412179e+04
1.735843910513603623e+04
1.868124761771848716e+04
1.796164813848340054e+04
1.504531187091911306e+04
1.799665077171222583e+04
1.862277236116727727e+04
1.734822399796375976e+04
1.798537077508909351e+04
1.847993076161378121e+04
1.816967411367172099e+04
1.822259275071443335e+04
1.864670674418644921e+04
1.775083860151324916e+04
1.520150020472867072e+04
1.585066914086509860e+04
1.723874359727300180e+04
1.851344167527011814e+04
1.799437325697422420e+04
1.721009825150990218e+04
1.849225351132288051e+04
1.780225942151806521e+04
1.588487255570051275e+04
1.809906022867620050e+04
1.875686925877548856e+04
1.739641243698010658e+04
1.838791900526345125e+04
1.516632833517355539e+04
1.702749730101193200e+04
1.824770696179012884e+04
1.872180003994367871e+04
1.741727245088106793e+04
1.792118046750969006e+04
1.876517137113073477e+04
1.887794343412369926e+04
1.861868651551884614e+04
1.761305361125964555e+04
1.884385081695633562e+04
1.766801274970973827e+04
1.861635720564678195e+04
1.761441345864610048e+04
1.868124761771848716e+04
1.711370608806456585e+04
1.881285423481264661e+04
1.745842784978430063e+04
1.834585420270232498e+04
1.860950258061594650e+04
1.747393873082360733e+04
1.811209228524051287e+04
1.878342092704045717e+04
1.878184177424301015e+04
1.591992447737883231e+04
1.782389926657677643e+04
1.868109208857342674e+04
1.794491235065169531e+04
1.831865379976992335e+04
1.604153156004524863e+04
1.870404900689530405e+04
1.822214482867862171e+04
1.780225942151806521e+04
1.774845587557631734e+04
1.750137568295146048e+04
1.761553625868442032e+04
1.887472351928591524e+04
1.732826351089829768e+04
1.857166660960047739e+04
1.791234125766893703e+04
1.779513423941448127e+04
1.780081165614868587e+04
1.850999428940627331e+04
1.827055233842158123e+04
1.796516354977510855e+04
1.851383289663266623e+04
1.835630798926957868e+04
1.807920912794482138e+04
1.792864191041277809e+04
1.787492738911501874e+04
1.894283217692298786e+04
1.828556710262233537e+04
1.865709556208396316e+04
1.718367330213414607e+04
1.795062156085307652e+04
1.700300550380027926e+04
1.761605464676644988e+04
1.866115484186218964e+04
1.778625676415744238e+04
1.891120577575001516e+04
1.662247182925318339e+04
1.850712209844764220e+04
1.568967177351021382e+04
1.600966886770115525e+04
1.814256745197582131e+04
1.715333402453739109e+04
1.876983418862164763e+04
1.788236006342039400e+04
1.879805965426346302e+04
1.812187921082075263e+04
1.551641686837817906e+04
1.897050034250261888e+04
1.789450200020568445e+04
1.818779927910236438e+04
1.745631181433574966e+04
1.714232661469900268e+04
1.855879268708456220e+04
1.848624696006066370e+04
1.877824676963837919e+04
1.849688448669101854e+04
1.811750385615266714e+04
1.818040813687421178e+04
1.827149074580443266e+04
1.869226432585118891e+04
1.868124761771848716e+04
1.780225942151806521e+04
1.855879268708456220e+04
1.757038048670619901e+04
1.890403750805294112e+04
1.838840005061457487e+04
1.764281407953587041e+04
1.533590523803858923e+04
1.878869005017421296e+04
1.877975909696737290e+04
1.892586392294531106e+04
1.705101575340154159e+04
1.780225942151806521e+04
1.856137992894689887e+04
1.835137379092590709e+04
1.839518434206685197e+04
1.826303417053777230e+04
1.885372088791165879e+04
1.895114459531510875e+04
1.615065672093345893e+04
1.794791716264671413e+04
1.805841798822044075e+04
1.892551547717734866e+04
1.805678046229013853e+04
1.820394155534686070e+04
1.764050804391877318e+04
1.743087914163942696e+04
1.671318001799201738e+04
1.670232428142378922e+04
1.845449249076430715e+04
1.777300637033623570e+04
1.867543172332965332e+04
1.722912292800687646e+04
1.738200072324040229e+04
1.888344966267787822e+04
1.654447063874367086e+04
1.699021475342648409e+04
1.858407458745772237e+04
1.808182387517953612e+04
1.658197598210692377e+04
1.802709837641678314e+04
1.820438555099472433e+04
1.785900232995578699e+04
1.808231998831217425e+04
1.541561123818068336e+04
1.879033122652262682e+04
1.639525282154077286e+04
1.665807518075651751e+04
1.839334291139042034e+04
1.892472890934173847e+04
1.769804878234512580e+04
1.821681879360650782e+04
1.799279963733671320e+04
1.828804822458430863e+04
1.474176056711780438e+04
1.754939448759401057e+04
1.759111559812637643e+04
1.858608035295639274e+04
1.720508819614001550e+04
1.664651569752287833e+04
1.739134655028719135e+04
1.876517137113073477e+04
1.733978679404513241e+04
1.738770046488516527e+04
1.598104753638254806e+04
1.890640613565541935e+04
1.709317229669167864e+04
1.868401956504631744e+04
1.867692088155163583e+04
1.666386472117270750e+04
1.817454642088296532e+04
1.622302151432030587e+04
1.890430064985373610e+04
1.751752409054383679e+04
1.785673287667245677e+04
1.807060566613190531e+04
1.872881902508475468e+04
1.577244544738516925e+04
1.868680890191781873e+04
1.877975909696737290e+04
1.821629430496908753e+04
1.889007148784171295e+04
1.748713233317668346e+04
1.712296541754603459e+04
1.868411115590166082e+04
1.894342301766176388e+04
1.846337726960402142e+04
1.818469369400865980e+04
1.845486526800999854e+04
1.628800652033230290e+04
1.876420469790773132e+04
1.719794542250020459e+04
1.787858077240537023e+04
1.623126789096168068e+04
1.731135496142367992e+04
1.861762703919388878e+04
1.743646537638413793e+04
1.819920154631257901e+04
1.895920413065956745e+04
1.655763160153097851e+04
1.882472178226480537e+04
1.741554495461352417e+04
1.806660819920749418e+04
1.665412355669393583e+04
1.876517137113073477e+04
1.727449883417868477e+04
1.758335569357014901e+04
1.825617221700280425e+04
1.736874103553923123e+04
1.703622401577176788e+04
1.850955177157243452e+04
1.833870195528447584e+04
1.889449150331545752e+04
1.857343045872689618e+04
1.741558500289780204e+04
1.629093001595414171e+04
1.596182237370586881e+04
1.756302733513909334e+04
1.889332316088836160e+04
1.819614496996575326e+04
1.887013768757206708e+04
1.855487187170612742e+04
1.818167234802637904e+04
1.870810291401462018e+04
1.869226432585118891e+04
1.891969073456126716e+04
1.848151143485607099e+04
1.791328809470146007e+04
1.731722656210444620e+04
1.850831520596069458e+04
1.718935011005081105e+04
1.849149783705739537e+04
1.611962935093356646e+04
1.839496436295030435e+04
1.775771040693419855e+04
1.807310839709415086e+04
1.734290928923974570e+04
1.578643932505547673e+04
1.747608177850844368e+04
1.887550565737149736e+04
1.892987812606354055e+04
1.709348564236140737e+04
1.722436514314110173e+04
1.822587243980463973e+04
1.847328826370804018e+04
1.856607333645079416e+04
1.789841758503021629e+04
1.759851748404031969e+04
1.567840843504361692e+04
1.789023190968022391e+04
1.611962935093356646e+04
1.795234997625536926e+04
1.897134069485065993e+04
1.690970057711921618e+04
1.782505470451707879e+04
1.675681350617370481e+04
1.740149068287347109e+04
1.876476843105078297e+04
1.894070739620564200e+04
1.809478175948189164e+04
1.823618379890234064e+04
1.695640088172469405e+04
1.676188385869001650e+04
1.758468772336564143e+04
1.596539367832518292e+04
1.598725036162145443e+04
1.685319693863752036e+04
1.586726754531993356e+04
1.862454445964698243e+04
1.809405860517411929e+04
1.854159449262601993e+04
1.882066129790238483e+04
1.878713205741287675e+04
1.865600823051453699e+04
1.712872412976202759e+04
1.845314967698973851e+04
1.880748078586920747e+04
1.893113059215278554e+04
1.794415419481580466e+04
1.780225942151806521e+04
1.652604890347961191e+04
1.812989416133527266e+04
1.853722473711155908e+04
1.893655395644952659e+04
1.837558773536507215e+04
1.850831436411829782e+04
1.614124886175717256e+04
1.770158058928772880e+04
1.838154144453572007e+04
1.857659247793330724e+04
1.697041697879072672e+04
1.871120988305035644e+04
1.562175483436468312e+04
1.881050947857970823e+04
1.648740499893307788e+04
1.804426998088834807e+04
1.859495480559854695e+04
1.795609806609375664e+04
1.831231220551828665e+04
1.890884059032361984e+04
1.809961263140652591e+04
1.744616118477148120e+04
1.763312311410825350e+04
1.810554373916237455e+04
1.859533756907697534e+04
1.804868632026080013e+04
1.763088875207367892e+04
1.596383872912938386e+04
1.834151008561324852e+04
1.844572158635636515e+04
1.868124761771848716e+04
1.729184100592941104e+04
1.766768311741372963e+04
1.872545924646683488e+04
1.878256198205165128e+04
1.849303601206468738e+04
1.876517137113073477e+04
1.705439889760212827e+04
1.841132057038946368e+04
1.673412263829197036e+04
1.685693360610538002e+04
1.856768987156148796e+04
1.762494063848288351e+04
1.827269563468516208e+04
1.832509142356702068e+04
1.749477577869169909e+04
1.729080644676333395e+04
1.887318929593203575e+04
1.868461515491066893e+04
1.763352607727786017e+04
1.798240361555795243e+04
1.863303784910112154e+04
1.804833707371772834e+04
1.673412263829197036e+04
1.774827438280096976e+04
1.557929844512814088e+04
1.772560345071624397e+04
1.863503153281949199e+04
1.847993048850127161e+04
1.882845541794338715e+04
1.897118630718421628e+04
1.648115894492396183e+04
1.650723829209288670e+04
1.580844256905761722e+04
1.761605464676644988e+04
1.854923129119063378e+04
1.860436928498246925e+04
1.843708004080635146e+04
1.682660498474823908e+04
1.778110046383961162e+04
1.615089458346170431e+04
1.876517137113073477e+04
1.880553530979724746e+04
1.881309154206321909e+04
1.548858920434879838e+04
1.772429786574530954e+04
1.871114168071030144e+04
1.786230793989937592e+04
1.792706010692557174e+04
1.863638053937581935e+04
1.888225015531515237e+04
1.742297840519382953e+04
1.876517137113073477e+04
1.870946305238839705e+04
1.812989416133527266e+04
1.694265210079777171e+04
1.790270652983519540e+04
1.796635509352350709e+04
1.866659964527549164e+04
1.839007053782801813e+04
1.687617260611163147e+04
1.552513856664058039e+04
1.853848624538945660e+04
1.777841264217290882e+04
1.685595489982293657e+04
1.891083889723554603e+04
1.754648384676266505e+04
1.874795625091228794e+04
1.782662942944158203e+04
1.852205975816801583e+04
1.826520697215608016e+04
1.764511786738080627e+04
1.886254825614368019e+04
1.851590729717005888e+04
1.647138397469622578e+04
1.894452425196916010e+04
1.886679616771913061e+04
1.826896652287830875e+04
1.853818536402503378e+04
1.808597321227250359e+04
1.760948732633557302e+04
1.884831820689350934e+04
1.486053058079464245e+04
1.843052215146970047e+04
1.806080409246015915e+04
1.894368623516157095e+04
1.773378952418118570e+04
1.726313398898882588e+04
1.781948661654510943e+04
1.820884385716137695e+04
1.854773416866897605e+04
1.741727245088106793e+04
1.887369890009047958e+04
1.885760972502388904e+04
1.861416797961176781e+04
1.603370449915142126e+04
1.896334709186304099e+04
1.885891798781805119e+04
1.834203633753377653e+04
1.751859670268219998e+04
1.869622675849727966e+04
1.712091899331309105e+04
1.882809407946752253e+04
1.839449118992015428e+04
1.571079829732566031e+04
1.739262531683261477e+04
1.861857861111420789e+04
1.872225707014934596e+04
1.868124761771848716e+04
1.860735341670062553e+04
1.885794247733028897e+04
1.724831561355137455e+04
1.708464945959155739e+04
1.635440115440169211e+04
1.892343916480239204e+04
1.755092645528218054e+04
1.745374732224167747e+04
1.818040813687421178e+04
1.867930906288781262e+04
1.868124761771848716e+04
1.570331014722831605e+04
1.522983067035798558e+04
1.778566079465700022e+04
1.851756478881389194e+04
1.841289333551738673e+04
1.880188863173560458e+04
1.864011220772469824e+04
1.546494263678511925e+04
1.836499097093886667e+04
1.645331778289494832e+04
1.798756924278689985e+04
1.838197304068540689e+04
1.861289902458487632e+04
1.628887837398769807e+04
1.714745545105325436e+04
1.876732869800729532e+04
1.861809546936111292e+04
1.789517917563322408e+04
1.664170125003322028e+04
1.809620829929238243e+04
1.765153578829671824e+04
1.821263902528029575e+04
1.859540993807919222e+04
1.807187030243622939e+04
1.876596636716699868e+04
1.886333901513970704e+04
1.739834660829333734e+04
1.827934800307025216e+04
1.814017498811670521e+04
1.799296796749651185e+04
1.813978839716625225e+04
1.809921869523103305e+04
1.891889375684636616e+04
1.881672732093299419e+04
1.810051005763619105e+04
1.768848896652113763e+04
1.876732869800729532e+04
1.895128590740915388e+04
1.863040709574084394e+04
1.806660819920749418e+04
1.658160211736633210e+04
1.744215888153094420e+04
1.762395576388201152e+04
1.787402829449278579e+04
1.773797485508428508e+04
1.777678160076802669e+04
1.842767710229626391e+04
1.691215217490891155e+04
1.678765819139670930e+04
1.703124371052014249e+04
1.780225942151806521e+04
1.611962935093356646e+04
1.673911953448040731e+04
1.871199019946369299e+04
1.883005751316824171e+04
1.864315750039715203e+04
1.766618482707672956e+04
1.868124761771848716e+04
1.821917740133776169e+04
1.736233142842833331e+04
1.818063629214223329e+04
1.720173043147272256e+04
1.624146727982930133e+04
1.852485551322147148e+04
1.576221425989782438e+04
1.819555142285344482e+04
1.631108887222929116e+04
1.878353747359667250e+04
1.737449521943194850e+04
1.707458857246164189e+04
1.867331282830742566e+04
1.866824999262189522e+04
1.804651454093526263e+04
1.831901789033480600e+04
1.888772466805807926e+04
1.855157546865746190e+04
1.751004368286901445e+04
1.819821282631767826e+04
1.460113449090309587e+04
1.832796626882438795e+04
1.781592488924355348e+04
1.892873113611824738e+04
1.825828406567648562e+04
1.800445469592060181e+04
1.810360657299771992e+04
1.844969102825006121e+04
1.755246461501931844e+04
1.727179134437313769e+04
1.840684616998871570e+04
1.821629430496908753e+04
1.870348637995785975e+04
1.861874422055778996e+04
1.785026920712725405e+04
1.578992060641913667e+04
1.874849736802001644e+04
1.893911803515735301e+04
1.708196634903681115e+04
1.762694502495283814e+04
1.730882785524635619e+04
1.749340778069067892e+04
1.721645831308860215e+04
1.669261686109994480e+04
1.803694954470583980e+04
1.895100688071187324e+04
1.853247156171646202e+04
1.856440827711732709e+04
1.855712339850146600e+04
1.752305298778625729e+04
1.885710608646880064e+04
1.831393683933634020e+04
1.825415647301053104e+04
1.855147195707084757e+04
1.736439465867427498e+04
1.529879337260491775e+04
1.801581977286008259e+04
1.829342631141528182e+04
1.837419059241683499e+04
1.740036762858707880e+04
1.754919955548784128e+04
1.840440477458037640e+04
1.713103809308887139e+04
1.666386472117270750e+04
1.868120645427913769e+04
1.824541540921182968e+04
1.671711701444802020e+04
1.826544011423532720e+04
1.835120874680822453e+04
1.883587961537666706e+04
1.826200753732097655e+04
1.606118314035887488e+04
1.875609332669692230e+04
1.736264339265550370e+04
1.719753586260142401e+04
1.870793634357189512e+04
1.718563316781026879e+04
1.863011065803570455e+04
1.828822164620762123e+04
