5.702750766460543824e-04
5.520751362877642388e-04
8.377707611103485169e-04
3.570086467683247907e-04
6.582025687806965708e-04
4.745091108810083340e-04
3.204065614353339767e-03
2.004075325885478886e-03
2.412488177346172429e-03
4.581784271177169574e-04
1.576051863752923323e-03
4.690948814369776923e-04
6.188705265037876052e-04
1.118674705255489265e-03
6.992386994040798200e-04
5.663474419557264954e-04
5.259303717562774285e-04
7.224266406127581239e-04
1.348248079859428340e-03
8.701861647059780294e-04
4.209612043633199647e-04
5.203018090799026076e-04
1.320869702557055407e-03
4.334918344829406887e-04
7.400257330265684304e-04
6.245532969376838819e-04
1.467848747467389312e-03
8.319779762497597634e-04
4.175990707017105969e-04
2.743393873064596967e-03
4.637473113234721325e-04
2.266918023589331154e-03
1.304430879925168622e-03
2.734603331570141299e-04
5.019470450161757748e-04
7.459364654070015609e-04
1.081978772313092968e-03
4.918554530713575845e-04
1.846618060272083072e-03
3.530583843497118947e-04
6.032927828402280361e-04
4.384728417184030115e-04
4.555731813972944532e-04
5.098891860532143083e-04
4.864144296941642106e-04
6.045272729251276959e-04
7.584121339624350869e-04
5.204881004126184815e-04
4.929483476925175696e-04
5.228216370185527354e-04
1.105550250104641707e-03
5.094487466129164754e-04
8.982854057300031659e-04
1.157433212052026575e-03
6.460721700800387338e-04
1.493187647434642343e-03
7.654242691671966784e-04
6.247181343644211916e-04
5.800364760346757905e-04
3.813238946964905948e-04
2.133846795854395413e-03
8.748692449266182820e-04
8.030126202895180752e-04
7.782846388313204890e-04
4.195412028741220701e-04
9.080693174720617239e-04
1.340263714432429190e-03
1.149733892435918139e-03
3.700577912856802335e-04
1.042267153999692922e-03
1.081740604621337244e-03
6.549874002821370758e-04
8.067442739011928231e-04
1.510751282238817451e-03
7.986954607121751412e-03
6.643544483579675360e-04
4.909836130376836168e-04
3.624488910967101161e-04
5.592301203916713202e-04
6.751161761404093518e-04
6.056225991214345345e-04
2.514610228224394917e-04
4.527939709692296606e-04
9.950989931981084249e-04
5.894936044331500853e-04
1.307101395728673104e-03
7.551257220901261280e-04
1.366533264353798471e-03
1.757076897050215787e-03
1.139805754661996767e-03
5.834156611095790788e-04
1.252237929509780355e-03
5.780788731095154497e-04
1.090054210986855831e-03
1.456968676145116350e-03
7.484332488178107104e-04
6.306239877210566063e-04
6.993345488511653859e-04
3.951751118519295164e-04
7.110957173905709059e-04
1.091044940914273577e-03
1.497253728458893506e-03
6.287562383111495231e-04
7.891266464127042000e-04
8.495970737110440001e-04
6.315685903463743190e-04
1.005176071793064752e-03
3.037226019311463961e-04
7.077965964308306247e-04
8.023910798782157589e-04
4.496216017546300495e-04
7.532150599980569827e-04
5.935792615035824634e-04
8.866095654037093200e-04
1.428604808354111064e-03
5.164894005785180230e-04
1.580845805055937055e-03
5.034491618649800755e-04
1.398302613316713744e-03
2.857668839136562593e-03
4.422659057761197526e-04
7.388298446571467263e-04
1.959753307858383593e-03
3.874938143694295692e-04
1.256752811905501466e-03
3.344255183775884780e-04
7.134797179685112940e-04
4.829912124867546432e-04
6.725253068847141360e-04
4.837670428893929564e-04
1.513131608683254649e-03
4.170927468219312660e-04
2.193866767965508505e-03
3.644546864711766736e-04
4.285251754235235478e-04
8.102731307404557057e-04
1.352802483932246877e-03
7.110957173905709059e-04
3.549608640682151207e-04
5.385237815418106051e-04
3.097565276094617695e-04
2.156667111703689833e-03
5.958896402163580634e-04
1.695020854267159606e-03
5.183005446591131340e-04
7.122565694023710436e-04
7.350888305686305345e-04
9.000094226256913962e-04
4.953944809283294080e-04
4.220551602666345551e-04
9.349577450810938684e-04
1.673664600571073829e-03
8.654938149048955727e-04
2.039084239036595674e-03
7.705880389338281688e-04
5.467581193806565635e-04
9.079138470308309927e-04
3.870553030562244568e-04
6.785162771912625580e-04
6.271151892806934702e-04
1.149121911332946734e-03
8.836273628180000379e-04
4.436675575863755828e-04
5.032067243841096280e-04
1.139805754661996767e-03
5.732450664875494116e-04
4.341617267317774776e-04
1.057096483851538904e-03
6.826059287048933440e-04
1.459502276467903800e-03
6.849634926956738859e-04
3.380239926658279675e-04
8.158153875114769081e-04
3.359094047337632481e-03
5.408341455156755921e-04
5.910310567030916578e-04
1.134041144496629417e-03
8.025469207915257195e-04
7.113134827140265041e-04
3.996642964653910148e-04
5.632225263235629076e-04
7.066398728194055179e-04
6.172726077990419802e-04
6.881749897936655959e-04
8.049739246213583792e-04
3.610898784736185944e-04
6.958507847055544690e-04
1.268768172782333125e-03
1.287366786322903999e-03
3.641862499521011302e-04
2.244139756477726898e-04
5.313707840391678752e-04
4.897063979007816766e-04
2.688088060414759611e-04
5.441033120586220980e-04
6.975620019625353727e-04
6.631396683152293104e-04
6.568006493255576506e-04
4.280783363306934152e-04
7.362178077030276727e-04
5.787508736331918851e-04
1.137794899550106627e-03
7.113014758089458581e-04
3.878010381253105894e-04
5.855613621132273834e-04
4.649919037398024427e-04
5.350400437918482674e-04
3.547073476754658951e-04
4.624511489511513884e-04
1.835436413898572285e-03
6.948879310671507220e-04
4.270224341396818783e-04
7.825880712392215216e-04
1.974817665023250249e-03
1.491720420241584785e-03
1.035276168720947274e-03
7.167388305878633200e-04
1.095471129943280083e-03
3.241951656426892304e-04
6.874512390635651154e-04
5.083333673310604529e-04
5.456515032207869507e-04
5.435758462458638827e-04
6.025950227295717374e-04
7.724747289163644325e-04
5.226043507207257625e-03
7.236976038427410341e-04
8.574641875099202988e-04
6.877477721599020450e-04
5.455277641235589930e-04
3.279025732874221244e-04
8.883391669270503414e-04
5.974273099080084195e-04
8.166539782698750216e-04
6.424471196246923400e-03
5.859522172834541855e-04
3.885804679357489615e-03
7.913678571839532268e-04
2.840583796398649650e-04
8.447770201148807959e-04
6.298271264240064759e-04
6.545157158258018901e-04
5.914504301379481382e-04
9.748510190941525773e-04
5.916454515695789484e-04
1.082983197032265756e-03
3.828117198089162391e-04
7.882591124554290049e-04
5.093089216033962283e-04
6.799103580446201438e-04
8.964482716915397019e-04
5.742723819246678017e-04
3.916050090833118500e-04
1.118110227644494468e-03
5.692735655111596247e-04
1.599742476222963325e-03
3.090483247059230918e-04
4.550036237118631837e-04
5.250425459366013514e-04
6.596305684141904159e-04
2.632133836292587306e-03
7.253621036565257576e-04
1.263978739307205536e-03
4.263129024520531706e-04
3.208854244127407659e-04
2.417945290024285957e-04
6.619088806515905027e-04
3.657334048451825275e-04
9.558514467593155978e-04
2.929551348838966575e-04
4.103137184467037755e-03
1.000347393302924905e-03
4.843498721200161449e-04
2.095251086584633791e-03
7.483535086116959410e-04
1.209256763329328048e-03
5.168404010617351106e-04
1.184688883091384887e-03
5.147239953964590766e-04
5.615458512894514658e-04
7.875788927443468047e-04
3.558618940866517338e-04
5.273909929781883665e-04
1.107584659411268210e-03
6.992083200827527200e-04
1.250299146011540170e-03
5.621345541007426606e-04
1.105309079408923079e-03
8.869029838694551587e-04
5.532744625564247785e-04
1.032587822396259123e-03
9.127518133577875370e-04
3.891307391408021111e-03
4.609239956557147403e-04
2.995463321572822374e-04
6.897666801362143524e-04
6.386886682228227726e-04
4.992852394753797673e-04
6.348994844825071393e-04
2.689668093034669038e-03
6.246746923586116076e-04
6.605804396830779451e-04
8.468205365759044496e-04
7.891266464127042000e-04
6.597132421674814116e-04
3.987688724057353545e-04
5.280518624473904982e-04
5.237303437312858679e-04
4.730219283903811835e-04
9.798453263175955791e-04
7.209374974941327487e-04
2.761694895785407307e-04
4.859776476953563996e-04
8.349464002722155852e-04
2.919347437897111238e-04
5.811259703254667217e-04
9.738514754150926801e-04
7.605732336219338209e-04
3.664202187819160374e-04
3.813625985828512531e-04
5.531943830212819168e-04
3.984922032194106655e-04
4.589323225994385393e-04
4.828768390903420520e-04
3.087870414629846670e-04
8.413633436036785243e-04
3.351812613639007250e-04
1.203619839920511136e-03
8.916092663300653363e-04
4.043703600822418347e-04
2.218944880839715007e-03
7.532150599980569827e-04
7.871299244614535879e-04
5.744364453355906702e-04
8.946853027473700235e-04
6.207056078210410445e-04
8.188414490969025180e-04
5.903192421075869733e-04
2.535736482272401941e-03
1.570046020184790326e-03
1.008894587499091023e-03
6.762883178501013148e-04
1.292957795532404149e-02
4.024152018057619226e-04
7.817895078566166429e-04
6.264501662518870070e-04
5.808610520327625463e-04
6.708011627787202483e-04
2.939139193000334799e-04
5.928491669111540623e-04
5.906734220331367373e-04
5.516538956620537859e-04
4.435317292299024755e-04
2.247731521598705028e-04
7.794437865397236490e-04
9.845764121791304811e-04
4.580013625450281051e-04
6.301403886321585261e-04
6.748602424068486086e-04
1.254682998582354629e-03
7.683802364931292643e-04
2.662354379257534688e-04
4.368969028661527578e-04
1.154026489121360655e-03
1.183183338295317084e-03
6.401364731950658386e-04
9.289110578839314099e-04
5.157956444935940087e-04
5.186475605006762640e-04
7.892100340636868088e-04
1.638651190139439216e-03
4.244440534602782547e-04
7.449315286159485404e-04
4.565737563713630730e-03
7.586970747447469758e-04
3.618514934128222124e-04
1.238347018952300118e-03
1.278383875395923625e-03
8.051965977044680525e-04
7.958471133345357924e-04
5.855776124040046717e-04
4.642739051705232979e-04
6.612462599718663993e-04
2.950215246417367044e-04
3.831907688816237295e-04
1.117840778171929391e-03
4.269783640778967407e-04
9.328489117945178285e-04
9.009452869445431058e-04
1.205196730388570113e-03
1.548890293055549478e-03
4.662624283344112908e-04
6.758602123721989523e-04
8.190952326902471064e-04
8.219170963266131608e-04
5.737141211259756939e-04
1.183932478590689818e-03
5.716063925798966529e-04
2.676790851148734031e-03
8.005850175837838549e-04
9.569873779140702268e-04
1.855881953343432172e-03
5.594636798702372089e-04
9.845807655768112378e-04
8.010666825847859119e-04
8.351249835607527225e-04
4.912451522332324932e-04
1.301207970120141742e-03
4.842837710109540949e-04
8.028252127209072530e-04
8.916564410147439319e-04
4.306193533415703903e-04
6.306371349472538650e-04
5.622013426563125240e-04
4.885794313333873548e-04
1.364428138282178455e-03
7.442255249224040978e-04
8.799691547005004336e-04
8.932997592593940311e-04
4.965114535614703270e-04
1.320411107889477584e-03
7.552691353868374105e-04
1.066154621558545665e-03
1.611102421003652837e-03
8.589302019843726320e-04
1.105635213984719478e-03
4.049693650167908053e-04
1.314019879176927912e-03
1.024026600679597788e-03
5.597002121928623458e-04
4.105351330961022941e-04
4.378469065356764230e-04
1.104175727930408217e-03
7.780095360769839893e-04
6.454437340998139165e-04
1.096365661230041394e-03
3.911442608641375364e-04
5.892380111586413517e-04
9.976168115867259899e-04
9.760289167245234272e-04
5.038542273792347755e-04
3.787228435098400031e-04
1.168038746085861210e-03
3.840950430405642643e-04
4.826574011855558019e-04
1.254485216282923057e-03
5.472054351187043489e-04
4.845414634618816193e-04
1.427014269950640287e-03
6.182281439732432299e-04
1.814098177331976893e-03
1.323779166980625479e-03
5.923558110105500880e-04
6.045367075678957950e-04
1.981961112522584965e-03
4.457608407938700346e-04
8.020685572268928479e-04
2.634001922916840138e-03
8.445835270929785178e-04
8.475470581613325565e-04
6.846164866375217080e-04
6.378960299776241082e-04
6.446601569737141083e-04
3.574567690377711011e-04
7.020531575682909973e-04
2.349953855235013562e-03
2.929551348838966575e-04
1.571706625386643050e-03
8.238117655332774254e-04
4.027784432471402838e-04
4.117659890419711238e-04
5.941027377953577923e-04
5.281441670917545262e-04
6.861687654082918898e-04
4.815375388203504059e-04
1.908524586916455308e-03
1.992241780201491150e-03
1.409262966739686235e-03
6.982707560336181641e-04
1.109869541719883668e-03
1.370124467881622676e-03
1.922093294675314770e-02
5.546924451990223629e-04
1.452864424309893102e-03
6.211525672768197347e-04
1.972719228319212443e-03
5.967624642428282378e-04
9.044812565966853625e-04
3.494725147116300654e-04
7.077965964308306247e-04
1.616445750775271587e-03
2.298834609588835118e-04
4.696290821808464695e-03
6.652217162970365701e-04
9.017755941813133686e-04
3.220621657478735093e-04
5.466137565344240208e-04
3.742982690443032883e-04
3.831652702351827909e-04
4.872843742370902022e-04
1.700997219605971745e-03
3.599943458441268109e-04
5.222002787430887315e-04
9.337595689414489005e-04
6.652591658016917880e-04
6.751161761404093518e-04
9.236511572598110186e-04
3.990304326492328255e-04
4.020054964824041634e-04
1.364220672077137621e-03
4.838296951635243114e-04
6.500256031221515437e-04
1.343263708185676256e-03
1.057934830238360440e-03
5.172118344376107563e-04
6.270577211242514418e-04
6.950863619015698342e-04
6.219125095015296889e-04
4.358844981118679312e-04
1.032078820904245480e-03
9.870555045527829377e-04
3.736826055944891247e-04
6.324015154010860593e-04
1.237026698293235746e-03
4.840051309179770056e-04
2.003402018228545890e-03
4.034468384253400187e-04
1.354486170594117406e-03
9.194195463711640108e-04
4.642328867281548480e-04
9.630599611153359144e-04
4.057315653680870857e-04
4.501727467158604082e-04
1.210135966006266718e-03
7.087395472856804299e-04
4.750142711331335255e-04
6.250312802778583898e-04
5.834705382699467311e-04
7.544224341124799397e-04
6.449303870631679144e-04
1.149695390881108788e-03
4.514666492775116146e-04
6.054768548529457835e-04
1.582705679503910393e-03
6.839133124446725338e-04
7.963631120243667982e-04
1.050920011528667887e-03
4.602391075146045692e-04
3.917278222217358721e-04
1.513965493113057260e-03
2.098892165708866973e-03
1.066154621558545665e-03
1.292957795532404149e-02
1.058742117854120446e-03
5.118272776491395370e-04
1.652667579993734055e-03
4.072517498774724755e-04
1.350461292837747173e-03
6.311830872438940797e-04
1.205211291505784441e-03
3.823394186570719952e-04
6.414269442532975762e-04
8.882398085546184185e-04
4.325243487689373902e-04
5.610378325670072139e-04
4.767013400467387616e-04
5.308853046415657004e-04
1.861621727880222177e-03
1.038806193109982623e-03
1.170777292548342337e-03
1.493079287483761860e-03
4.963198019381998222e-04
7.984355128216278361e-04
3.222509195917201545e-04
2.273613517271686271e-03
4.011811856895456828e-04
3.194201256284928420e-03
4.343057615687453596e-04
4.716880909233044767e-04
1.163972596778519494e-03
5.376129961548220711e-04
7.235632493707873369e-02
7.054721979873105307e-04
6.153672406970730775e-04
3.888108481599865385e-04
3.602332001573499550e-04
4.015021193689284574e-04
7.243373468694672048e-04
1.207643724649996473e-03
3.507597280440123591e-04
7.209430703334368138e-04
9.824930177394664444e-04
6.469283948326892859e-04
3.518012657720779581e-04
8.006581867153954139e-04
4.371502726957204703e-04
7.845955234529329277e-04
7.978830182011360100e-04
3.812950746835245294e-04
2.614734719238050696e-04
6.420350055674191401e-04
6.359118470742290826e-04
3.964838346473323599e-04
8.748692449266182820e-04
7.489509199275073970e-04
3.939806348815383386e-04
2.460131365710711664e-03
3.866388882733660156e-04
3.972676892033811364e-04
1.156998210112298881e-03
3.315213158197444741e-04
1.260620692693491382e-03
6.605804396830779451e-04
1.127926349640401065e-03
1.096752317949948154e-03
1.116224505117583039e-03
5.785501182824194987e-04
5.186742533389847743e-04
8.952104805839005992e-04
3.105094383323028459e-04
5.776946383727905171e-04
7.033226030888264230e-04
4.506419011738297298e-04
1.081978772313092968e-03
9.727798185938510206e-04
6.725748033277076333e-04
4.384746983837076390e-04
4.363314578776169325e-04
4.832601316519379454e-04
1.043597215713525008e-03
3.750436677664449299e-04
1.420360226631758351e-03
6.408365315540403553e-04
4.338272824377356531e-04
6.404451936516965781e-04
5.420247132810028382e-04
1.183932478590689818e-03
4.403093459861059239e-04
4.144331385624508142e-04
1.574110924487390163e-03
1.204810678515901836e-03
7.186231553361201001e-04
5.962202389678810267e-04
9.939652854206431493e-04
3.591128007064686039e-04
2.779078088049636306e-04
5.918740216773766280e-04
7.831584087393468922e-04
4.070912431226518351e-04
6.890033165399665370e-04
4.911920905326830171e-04
5.193702623601492404e-04
1.179805570801439451e-03
1.956419130922462581e-03
3.692868674153686193e-04
1.575893866103236741e-03
7.881817716424142396e-04
6.671569768894220235e-04
8.801708651181502918e-04
6.016013189790139944e-04
4.909686679419806351e-04
7.344696143391539478e-04
3.987034110448443554e-04
1.238588462310255501e-03
6.565059345978785160e-04
5.421062282423443936e-04
8.093646154319431713e-04
6.177380332493767221e-04
4.492280409376526572e-04
6.424430184607731950e-04
8.399211367660365220e-04
1.131475611756078796e-03
1.817975021467360111e-03
1.981961112522584965e-03
1.523150438131960858e-03
6.756609685908079475e-04
3.102855859765119300e-04
1.305614538989020596e-03
4.716135381798172927e-04
8.829670334501610622e-04
5.247850505728638738e-04
1.456968676145116350e-03
1.484294879445565134e-03
4.515265705605643978e-04
2.039084239036595674e-03
6.424471196246923400e-03
3.012996453940713459e-04
1.034060063246644090e-03
9.254703475553838470e-04
7.717163397349126016e-04
5.416962558192116653e-04
9.118916034552566451e-04
6.670284880265088100e-04
6.309142060307145134e-04
9.045654753771144871e-04
5.422169993194339392e-04
1.034733843567873677e-03
7.862441844966779883e-04
4.562087312009207684e-04
7.805889700390988796e-04
1.320869702557055407e-03
6.926844421272385175e-04
8.054206409386592937e-04
3.453953386238746773e-04
7.486073439834658267e-04
1.135123493711481238e-03
4.471889544986452176e-04
5.062132788669855337e-04
4.363466996025328060e-04
5.300873918121211002e-04
5.787508736331918851e-04
4.112498402620439505e-04
1.084725512299118417e-03
7.105487237280786340e-04
2.462564983814711540e-03
3.604931213468059222e-03
1.398233425386629595e-03
6.058841667270667246e-04
1.152376427816209636e-03
6.598801696569081554e-04
5.029663009858445196e-04
9.042588788398471565e-04
3.768533534034070997e-03
1.570392917954562938e-03
5.611204746161623652e-04
1.765282012314234013e-03
3.220621657478735093e-04
1.117197847494889699e-03
2.446435366853290209e-03
8.044018557728725401e-04
3.221690064843323563e-04
5.964091438467786742e-04
5.605856301125828256e-04
5.702461810640614779e-04
1.078788391785601153e-03
8.976224027138607862e-04
5.596015635270213361e-04
4.078220662080874739e-04
1.993274059190638242e-03
7.664542127251480069e-04
1.616481560408452407e-03
5.602903180853140196e-04
7.043648921301715700e-04
3.645457904340818761e-04
6.670284880265088100e-04
1.484294879445565134e-03
6.372193576837282972e-04
8.341102366350985550e-04
5.630585127088175287e-04
6.750396689866550257e-04
4.382822997990450348e-04
2.802841371193714689e-04
6.295591411071450871e-04
3.263247190469900963e-04
1.921714541733814639e-03
4.508492718778761891e-04
3.907803806021407553e-04
2.199231384434316254e-03
4.468120835097373644e-04
8.779664096370395562e-04
8.723323864976588243e-04
5.469948625058521953e-04
1.131413239514940817e-03
4.394303465532419808e-04
1.610603756479881072e-03
1.522184332448162092e-03
6.532895956187314591e-04
6.650896151853998017e-04
1.088545168994784970e-03
7.545669131151374557e-04
1.409805896044049591e-03
2.802040117184265112e-04
6.366173440568544247e-04
8.216270424535657407e-04
4.473720229380588132e-04
4.498669563188025140e-04
1.081072361316160564e-03
5.562957180043742169e-04
7.398152123588445971e-04
9.529261385467251893e-04
2.417734827461812987e-03
3.378812470881950103e-04
7.631072290835743321e-04
2.415857690866421621e-04
5.972127841654076980e-04
1.504070667524518446e-03
4.305976857010046142e-04
6.355174602404101755e-04
1.095520730311010018e-03
6.921408117120319507e-04
5.739282928748684794e-04
1.356888272186490682e-03
5.054218415843147539e-04
5.469040062171887312e-04
1.114108069943794401e-03
1.005770445911867341e-03
4.533594051623364278e-04
1.572669041089616582e-03
4.055846028983245920e-04
4.611812910916987746e-04
3.475525784680394154e-04
9.359153238273281794e-04
4.703869708986985611e-04
6.646657627921757168e-04
1.176023262369114931e-03
4.761440899952357783e-04
3.827037497922065922e-04
7.766445251257865501e-04
9.326935018365201027e-04
8.464255850598333044e-04
1.519150515080371078e-03
1.105550250104641707e-03
1.245338841893981309e-03
5.741460372197923403e-04
5.530284131601205955e-04
4.116679947805016804e-04
3.931337807246148316e-04
4.896262605905250202e-04
5.168404010617351106e-04
1.263219440186246715e-03
9.221984465867125386e-04
7.502283171793084531e-04
8.808630345810695202e-04
6.643464148431784842e-04
2.797381418683557702e-03
2.517012370177665326e-03
1.073805635576976624e-03
4.473720229380588132e-04
8.016552282703859594e-04
3.664202187819160374e-04
5.410118572386790094e-04
5.031496970370892031e-03
5.969389548771304732e-04
6.518761331935316343e-04
4.444260841410400996e-04
6.995444058742959466e-04
5.228338975082611785e-04
7.456290056253959140e-04
3.974798893560426479e-04
1.007476157667563021e-03
3.407665551445706632e-04
9.325505736636813172e-04
6.513673715111810035e-04
3.378812470881950103e-04
1.158689358830478208e-03
8.271182278429215634e-04
2.555978542369251056e-03
7.400257330265684304e-04
3.939806348815383386e-04
7.884470459798774119e-04
7.101286940007267611e-04
7.837880421453463468e-04
3.514495101325488765e-04
4.566326206808074789e-04
4.549911630597122387e-04
3.328557287014740750e-03
9.155514718975189077e-04
4.137826652746368289e-04
4.281805479098936811e-04
5.992623642658139469e-04
3.998785160236198802e-04
3.726090210861708781e-03
4.703323212436476318e-04
6.605804396830779451e-04
4.310712992923605822e-04
6.042465178673669512e-04
1.294863759039425544e-03
1.332687636115023220e-03
3.604931213468059222e-03
2.760186592983353260e-04
8.373102287578460716e-04
1.561425508439834688e-03
5.674094483316524575e-04
7.976881024362957300e-04
5.974623131357344576e-04
1.575893866103236741e-03
1.340827134261095462e-03
5.779071694062083622e-04
4.514417267607031214e-04
1.044784881281936740e-03
4.676154445385222592e-04
1.229571870282375728e-03
5.653671872108987978e-04
6.529434055828268850e-04
6.258050947780683174e-04
3.974798893560426479e-04
8.094982174043531672e-04
8.925136021547727108e-04
6.465978392039914034e-04
4.481105003221379311e-04
1.070496957551693743e-03
1.091044940914273577e-03
7.974915293888811462e-04
5.182425610899305153e-04
3.559818775323314740e-04
4.519684899855857629e-04
7.985224464165706706e-04
5.962202389678810267e-04
4.825247860318216796e-04
5.653180989141177656e-04
1.185434544548321549e-03
4.770983660037484862e-04
8.177544165178450260e-04
3.589604722290023401e-04
4.101842590518622249e-04
4.098939010659044405e-04
4.489225802361052390e-04
1.024356100190328177e-03
5.259530717007283732e-04
4.922713263023271351e-04
4.368433683605396807e-04
5.832246786368601660e-04
1.030476281184630923e-03
5.690067670427012125e-04
8.006581867153954139e-04
8.138431980338802765e-04
8.055174114763294152e-04
3.678962361127500547e-04
2.814754896644343016e-03
5.323145315103525350e-04
8.052660283259980255e-04
9.044445935694516358e-04
1.239168091689438287e-03
5.578262634817533240e-04
1.042611346557483594e-03
5.804786589546978223e-04
3.800747265181147593e-04
1.040275334538045063e-03
8.166359650039223825e-04
3.553425488428118510e-03
7.956944576416227332e-04
5.817978276970515224e-04
3.206251604364566553e-04
1.114852872247535211e-03
3.032840292938332200e-04
2.671238782796005358e-03
1.041585005738972268e-03
1.243694097538031304e-03
8.900206011659339209e-04
9.509154499354571495e-04
8.572452474251356872e-04
4.551168957033135867e-04
4.761223940816295720e-04
6.435209448850005018e-04
3.352379682302671776e-04
1.126204482548548002e-03
1.594007006033770204e-03
9.490981494404920980e-04
7.892100340636868088e-04
4.658789169276571478e-04
5.255540278613972339e-04
8.929393320486443686e-04
1.804222887949170212e-03
1.604911377037047731e-03
1.020568022654213050e-03
8.066767636733638983e-04
5.888541987747959771e-04
1.278922932347568335e-03
1.236170243343301433e-03
4.657795389265878593e-04
7.108574938085626856e-03
2.458995902497568384e-04
3.067725860850884704e-04
7.199526489178728270e-04
4.809777719793541391e-04
1.043153479304410186e-03
5.157956444935940087e-04
6.904611095888554210e-04
8.036799374513247524e-04
1.190161381107279325e-03
5.685208243738994237e-04
1.875451294166389149e-03
4.448095218698520773e-04
1.161697563602861376e-03
9.561200862896583347e-04
5.165213945645416669e-04
1.373914186100284223e-03
5.250425459366013514e-04
2.029600411181508440e-03
1.164009297367771820e-03
6.025950227295717374e-04
4.729126008994647638e-04
3.258551678921780821e-04
6.169085535554258860e-04
7.031257646039817738e-04
1.572117867229489438e-03
8.402892894236377568e-04
5.468083294882017777e-04
3.455003628439996875e-04
1.025751673961324776e-03
1.044939962928522230e-03
4.014872316575760565e-04
7.521516208217481243e-04
3.788059572896638420e-04
7.412146915779529131e-04
1.572586295163357680e-03
9.115810467974111734e-04
1.105968782025272372e-03
4.985596601065413495e-04
4.184943575672652881e-04
