1.814110429955960446e-03
6.520316346329619239e-04
1.572503327453904972e-03
3.357219178487433862e-04
9.392838193028567447e-04
9.049548994120148321e-04
2.741414467535196933e-04
1.336344963417117945e-03
6.536201203418003742e-04
6.461763022153595507e-04
3.400804983774288921e-03
1.310226514072895202e-03
5.092994622802806282e-04
7.826336812512361138e-04
1.009949062269065341e-03
6.317788359015168902e-04
4.974969391473493471e-04
6.802553588215777547e-04
4.683363618823167796e-04
4.106257858587532544e-04
4.235979089760924239e-04
5.892078890023309638e-04
4.723201439321269364e-04
5.712735982901694315e-04
6.616083854863863542e-04
9.168400837915215021e-04
4.139397643023128405e-04
8.926063567181315942e-04
4.368531512942727506e-04
3.808992572094938565e-04
5.234424156641927835e-04
1.304925525146277557e-03
8.062296855147570423e-04
9.250294871173085761e-04
5.460581132276356910e-04
1.338889151218848649e-03
4.655559469116402819e-04
1.700762491789731311e-03
3.831488961307624079e-04
7.030852820052907503e-04
7.807950616735865202e-04
7.218534134358217669e-04
5.433139824254037444e-04
8.160448481455109988e-04
4.986098056179170046e-04
7.644535435623330639e-04
8.109860349817114063e-04
8.161552525237309244e-04
1.012044306720871062e-03
4.524088271364848563e-04
4.535023168445422438e-04
4.864670277369013474e-04
4.851367101993126060e-04
1.196414522747949122e-03
4.042127272745720391e-04
4.606400179058653833e-04
6.137290277073036062e-04
4.659571173637340447e-04
1.552926539924329033e-03
6.555797036622465187e-04
5.893881098073966169e-04
7.548212411715087694e-03
5.686737729027617656e-04
2.744243395344701363e-03
7.027873388798709610e-04
6.186239560391661304e-04
7.333171598633431978e-04
5.335833567621737486e-04
6.292373268221778749e-04
9.811864210966299987e-04
4.271559793090124900e-04
3.032321903867742302e-04
8.837156897732814393e-04
9.394742056223285556e-04
4.553466672589968358e-04
4.443482568752064443e-04
7.885307580287044364e-04
5.066745094562959779e-04
4.420837033384948829e-04
4.353203196832414667e-04
3.124323300706417913e-04
5.638581502538655369e-04
8.028739922705830376e-04
4.259752373541926020e-04
1.133395082638104408e-03
1.452529798696233863e-03
9.681421693197644418e-04
4.372694905085147232e-04
1.031139949933698469e-03
3.656335544554989024e-04
7.042143728765971021e-04
3.599163971088230937e-04
2.880003003865239846e-04
5.958014084243535517e-04
4.999901644033420299e-04
4.839730046780762952e-04
6.926143716125327714e-04
8.067225093413836479e-03
4.694603396820707145e-04
8.855825818709394445e-04
4.328715304795116461e-04
4.742064366221633034e-04
7.231901238856956130e-04
7.601514715907071659e-04
6.096331881449833668e-04
1.196414522747949122e-03
6.963535540952502925e-04
5.086885461303366791e-04
1.440201367754182686e-03
7.064136644690144524e-04
5.068435351188466803e-04
6.717911908182359892e-02
7.261088230392308924e-04
4.636215071156156659e-04
6.706937767566705779e-04
3.455949848260673335e-04
1.229729701230501768e-03
3.495461315039073225e-04
4.039091912588748247e-04
5.098806925393463895e-04
5.091489028050062747e-04
1.113167843655101267e-03
6.856332478269080294e-04
4.318612680635288575e-04
9.183934508417654916e-04
9.061658934841651351e-04
2.128157005288895069e-03
3.152620995163541058e-04
5.550168283865685153e-04
6.181293723035302667e-04
3.128167927339790952e-04
5.569465325949141381e-04
4.844576967211563405e-04
6.107601789301647524e-04
1.700762491789731311e-03
4.843491026036711314e-04
1.064426326197449521e-03
5.190885602347156211e-04
1.376111381491745703e-03
5.417956883753917083e-04
6.200537747401219579e-04
6.307677897352220557e-04
3.643278632442152154e-04
5.141347936695818454e-04
3.719873611362488905e-04
1.022721915287473290e-03
7.382427684798508914e-04
4.147650260287230042e-04
3.408594265403378561e-03
1.456059974493623165e-03
5.221083434962113697e-04
4.069519767315012485e-04
8.837156897732814393e-04
6.680289422614672920e-04
4.011177680082707916e-04
4.377377230805091189e-03
2.442876711022777406e-04
3.609380401194698588e-04
9.195075279139740005e-04
3.604808975312009359e-04
6.746323771231860743e-04
8.261251374428408905e-04
1.713978451035395780e-03
5.699864523165690472e-04
3.288952395973819207e-03
3.367983633657244688e-04
2.282233080863441154e-04
3.271501609473771808e-04
8.095113995363607644e-04
1.072482449637470955e-03
4.143962442058923487e-03
8.807965273186519478e-04
3.925892941561433909e-04
3.417067974929001114e-04
1.229729701230501768e-03
5.679717514052550886e-04
7.113464122563974926e-04
6.494443313818932780e-04
4.528066902508248010e-04
6.645753250765328978e-04
7.172614885079523677e-04
4.189300252587531805e-04
3.987804377230923648e-04
6.797419156154426052e-04
4.682943031603743669e-04
5.667478001500284154e-04
5.969795284831827574e-04
4.982339867761302610e-04
5.775310425924591248e-04
3.993202044414895539e-04
6.249913647427302477e-04
5.095199151113036272e-04
1.447196034503255490e-03
5.834283331180952674e-04
3.317450460007615115e-04
7.883545732689235504e-04
3.767377752519404785e-04
6.907081924266421672e-04
1.026105716680944871e-03
2.874008702399722965e-03
3.256830142865191303e-04
1.009825891605991731e-03
4.244821223564726703e-04
1.042505195913043812e-03
1.349464613405989286e-03
5.481590928769438688e-04
1.585813495860733269e-03
6.931715582136852580e-04
6.252567539129608469e-04
4.773126698276334364e-04
7.109574132007182327e-04
7.240115681942194212e-04
5.375926583372548674e-04
5.740820663978768446e-04
3.344857107035171216e-04
7.856619350113796260e-04
3.772999002505968819e-04
3.821427728918177949e-04
4.031667752193402680e-04
6.735521614456322585e-04
5.278398162049744834e-04
9.515007270689496231e-04
4.377377230805091189e-03
7.421142940072528865e-04
1.232288517678559745e-03
4.793158289071015551e-04
3.149998072504476372e-04
1.039302288352704322e-03
6.098471762247414550e-04
5.200585620551357235e-04
1.381745337172759526e-03
4.041206681760875388e-04
6.180195247645766613e-04
4.119830813616830591e-04
1.084026997936840021e-03
4.298911767289844278e-04
6.256031509535862943e-04
1.418854507370321963e-03
5.270443120592906844e-04
7.544981024172374906e-04
3.826032420468222241e-04
3.943796568351204054e-04
5.059930393402786936e-04
4.245176752723454341e-04
6.638874748590633612e-04
3.584412863947669301e-04
5.721167164280821244e-04
4.914783767875643104e-04
2.199485690840209846e-03
1.098020050277384368e-03
7.015612638223617031e-04
3.966524423056228964e-04
6.870156315453457719e-04
1.066788107725411428e-03
1.574250812206574044e-03
2.897605245811907867e-04
3.798189570243158350e-04
8.831854132528275557e-04
5.750747562512113558e-04
5.218066638624279047e-04
2.944610539640435593e-04
9.404165488412412430e-04
4.029003542722323539e-04
7.161986957717209751e-04
8.098993363907826259e-04
4.265960547260495448e-04
1.513458750036606902e-03
8.895395663252896783e-04
2.709465476254273742e-03
5.482686626542905735e-04
4.333830771571233766e-04
6.530821084499639946e-04
1.195473616288446773e-03
1.245536441615364932e-03
3.492725212951034103e-04
3.738177025510824435e-04
5.330631502765590616e-04
4.702738694025767338e-04
5.306000390653625937e-04
8.343290247580726271e-04
3.943796568351204054e-04
2.468820285097855088e-03
7.681564124707159847e-04
1.063642960900689155e-03
7.453919932275868522e-04
5.860269655224857642e-04
4.988795247708778264e-04
5.829784698318890524e-04
3.140415631007874558e-03
7.177890505142472261e-04
1.033122043777976286e-03
4.130119981551089343e-04
5.444797398467986823e-04
9.623520125309819803e-04
6.791483910703672482e-04
4.956745385404415010e-04
4.826835405343156307e-04
4.518834802137181657e-04
3.583307184698268926e-04
7.209609428697326839e-04
7.855749773929117602e-04
2.021489371354754250e-03
3.633893479576796371e-04
2.136298423342320417e-03
4.754977793347642755e-04
1.041067708798759824e-03
4.663220441960256625e-04
8.170044823308054765e-04
9.702987892837955201e-04
9.140864015644814718e-04
4.121147599639289096e-04
4.854939634663569159e-04
3.893673277906915093e-04
4.845908307899255362e-04
7.568679654901651821e-04
6.723318983415613745e-04
8.231578881564557493e-04
4.857108563849846651e-04
4.930664084060911844e-04
3.506158552660771743e-04
1.566143647828499054e-03
4.699875877638490370e-04
5.132209622517967937e-04
1.028566756315404474e-03
9.900287680492693681e-04
6.292002331287319290e-04
6.541279932021268860e-04
6.350958658061875038e-04
3.624693779947978718e-04
4.354374047081761498e-04
9.064026675771622238e-04
9.900340573675990487e-04
9.077304016450484219e-04
4.480358814212023039e-04
3.442405865073019239e-04
2.269688912965606067e-03
3.858284208885174585e-04
9.474540699739966753e-04
5.058018682919306020e-04
4.977529929174625114e-04
4.168633290212785483e-04
2.468820285097855088e-03
4.700460130034458733e-04
7.308578539696053292e-04
1.089326816297893699e-03
7.933166537263604441e-04
3.327103566476641511e-04
1.539054158003214882e-03
4.362255189853764758e-04
9.505067291811120263e-04
4.607733492134416802e-04
4.553466672589968358e-04
4.646290745236139911e-04
1.425184779002732676e-03
7.815060876819654835e-04
4.386999867556868942e-04
2.978607081504057712e-03
3.229377096765406524e-04
1.302985600833099847e-03
1.373170092931554976e-03
6.834736871506355256e-04
7.181080709842816746e-04
2.744243395344701363e-03
8.402456029811300768e-04
1.012527813942725331e-03
5.832787182759713697e-04
9.602441632921052779e-04
3.793906507926405464e-04
1.119921225779490657e-03
2.955106050343704995e-04
4.278714533250569329e-04
8.541867771544659404e-04
9.535272418646239439e-04
4.164280117973024925e-04
8.695488094893286937e-04
8.370074579312498497e-04
5.028181264971104576e-04
8.287598482956817303e-04
4.953990715981625029e-04
6.551337323864681126e-04
4.832809155752319980e-04
3.838558026605508756e-04
9.896614302789704092e-04
6.664911330895748011e-04
6.962391803463965348e-04
7.269384111048532828e-04
3.495461315039073225e-04
5.030888934946082212e-04
4.324369076161463745e-04
7.032935576584854872e-04
9.467185455838372614e-04
2.300187277010954084e-03
2.150852214307209971e-03
1.142323132580267070e-03
1.294034290230475616e-03
8.975640637535962614e-04
2.392325484331760295e-03
1.006381244062361669e-03
4.028760100516148510e-04
6.554057074011894555e-04
8.363328603853902813e-04
4.886918669982739287e-04
4.813746759324375336e-04
5.806344523043746294e-04
5.613867688904293886e-04
5.392903114783272837e-04
2.565447027094037730e-03
1.233347556865400018e-03
4.136776652794398718e-04
2.369356434381071890e-03
6.598089379601271114e-04
1.908779796564638890e-03
4.364976899026011851e-04
5.882386548873582517e-04
1.938732212582487072e-03
8.067225093413836479e-03
3.722620800856158677e-04
9.322342489977426643e-04
6.578750207728781404e-04
7.725715816152207201e-04
7.113926784385090751e-04
2.744243395344701363e-03
3.446315519570944787e-04
5.390932978185263881e-04
8.884120151847646777e-04
1.757113700339346446e-03
1.031139949933698469e-03
3.311227446605290430e-03
1.067208206085131861e-03
6.186154829823313061e-04
7.060485086451792798e-04
2.744243395344701363e-03
1.039070558824367651e-03
2.631098723504358429e-04
1.291487581400969269e-03
6.761507541822670215e-04
1.318582363349551836e-03
5.139986908355026213e-04
1.358589959068286050e-03
7.758906682608937783e-04
1.447129929801129660e-03
6.403573008963548514e-04
7.832770420788086200e-04
8.837156897732814393e-04
2.518755568360253518e-04
4.520254804273555549e-04
4.972556537394664730e-04
1.442381655333135589e-03
4.683124666458660709e-04
4.910707034850257929e-04
7.349065243277604770e-04
4.965244149709523809e-04
6.254133998351293173e-04
2.744243395344701363e-03
1.029732701800665541e-03
2.585750724844102216e-03
9.768190530411423062e-04
1.615431401062341135e-02
1.323218172117698920e-03
4.072768377898207349e-04
4.537312253639126680e-04
2.448849975674595816e-04
1.486399640074215862e-03
4.553466672589968358e-04
5.460533324382636691e-04
1.068951506314962238e-03
4.382283501239665822e-04
4.533443221043859713e-04
5.640084107879821465e-04
4.984445676119931201e-04
8.186515392718165390e-04
1.536329126454993518e-03
1.791876003420041349e-03
4.324369076161463745e-04
5.778104098148293148e-04
4.805920423164475558e-04
8.532868877929599988e-04
7.104999098530700172e-04
6.572982184238048212e-04
2.939299739255527379e-04
1.344555487184254192e-03
6.463558936279284245e-04
5.535158860844017906e-04
7.985640134868937645e-04
3.679868874407459943e-04
1.001390676463574398e-03
6.571784614151616284e-04
3.809944581568997933e-04
5.826852888275149602e-04
1.393418757100836885e-03
7.573089207675015718e-04
5.643140854705629237e-04
1.096234476262127793e-03
8.584597592906543324e-04
6.898292018850862156e-04
1.485514611118409411e-03
4.222756726083686917e-04
6.406850642685400299e-04
5.257418288319284710e-04
7.264125341342727920e-04
7.592357257774317832e-04
6.332767391983349205e-04
1.028789392745322814e-03
5.672317439784683134e-04
3.359672016444679998e-04
3.379559185354137716e-04
6.810916760443256517e-04
7.864299024536077756e-04
2.666348690186230459e-03
4.752995329090351417e-04
6.984873524703974013e-04
7.503780056808447962e-04
3.009167085888874663e-04
1.136761305738239868e-03
5.701482196233545810e-04
8.820458597960083996e-04
3.891030314358805663e-03
6.908912005056048154e-03
4.017735622826658663e-04
6.888414166948367712e-04
9.214274330398224784e-04
5.272652603865361862e-04
2.802151831474312483e-04
3.809037948448744707e-04
3.400012785680724906e-03
2.480436136685380604e-04
3.633893479576796371e-04
5.099506013358602379e-04
1.242700784883370548e-03
4.292988642440288762e-04
4.265792514591619880e-04
6.666237975203673227e-04
2.468820285097855088e-03
5.075804477093203435e-04
4.779513766859365170e-04
5.568838444664997531e-04
1.297463901274686611e-03
3.483754317941102846e-04
8.692274649712343438e-04
3.073287786846131504e-04
6.642832974842319054e-04
8.111704357066167829e-04
8.837156897732814393e-04
1.238256772497679402e-03
4.636113115156255816e-04
8.443146306133561107e-04
5.701432934552232894e-04
8.013614245753035176e-04
3.781559889394709773e-04
7.992579615509292062e-04
6.584843130333024918e-04
2.468820285097855088e-03
5.775768351846068040e-04
7.321388621161773998e-04
8.126570667404746330e-04
9.562881093961327940e-04
7.775180150011762369e-04
8.347755467665134155e-04
5.098553415811202987e-04
6.234243935931264337e-04
7.728615363556594429e-04
1.884587408261385270e-03
1.191964252513619824e-03
5.252854457989117928e-04
8.143361132955685960e-04
3.549519501946728651e-03
7.913862690865515860e-04
1.104176092307932464e-03
2.559963445689525602e-04
4.157487900111409961e-04
4.912600554595847151e-04
6.040686344136621515e-04
4.274440299826476265e-04
4.178659313506329662e-04
5.205293485022411066e-04
4.589843262364699762e-04
6.089040766637046371e-04
2.595636348442445919e-04
1.385108485680498986e-03
4.063918324926838604e-03
7.986760193765537552e-04
1.211087335578037811e-03
3.061019126038595360e-04
6.355783483384129431e-04
7.522675943681116258e-04
9.660427295031316945e-04
5.882045973787596808e-04
4.683363618823167796e-04
2.181741567461009668e-03
5.496789045970483685e-04
8.327543957866567065e-04
5.761883095314378547e-04
6.371151554328148949e-04
7.913862690865515860e-04
1.256381663007495033e-03
4.365927652477415003e-04
8.013614245753035176e-04
7.780459679851708553e-04
3.973512940839983619e-04
5.682593501547991699e-02
2.468820285097855088e-03
3.570606736344235517e-04
2.704640104204208647e-04
9.831828676794222149e-04
6.050110748811134880e-04
6.670023401559722724e-04
1.140642121724798515e-03
5.070623753724266825e-04
1.274410038490790542e-03
6.248048820304733615e-04
9.187067709433312376e-04
5.257337371404750869e-04
6.583489420908689724e-04
4.732597452831880454e-04
3.924806599748120067e-04
4.864073773121933776e-04
1.861612612063232247e-03
7.481571351874541668e-04
1.047825807730105516e-03
2.865883412503964639e-03
6.869610905006924822e-04
1.279974439664213369e-03
3.318270404829276989e-04
7.009794846071665817e-04
5.320404150432247320e-04
7.294734961747448591e-04
9.153249157700229848e-04
5.727524893198641899e-04
8.243897437504849436e-04
4.218077155689644100e-03
4.218248447517079346e-04
7.268202894201781280e-04
9.478728921404490750e-04
5.846745974180251855e-04
3.539911006775471429e-04
4.773327977971733929e-04
3.910221001070307762e-04
5.524461669241660612e-04
8.952087995944067299e-04
4.942015154371255919e-04
4.446294658733911760e-04
7.093486113440067211e-04
1.259831964965493897e-03
1.180872526361069009e-03
5.158452748952040579e-04
6.868256649806663006e-04
1.006222679242276116e-03
5.014625525637028463e-04
4.132899471490688714e-04
6.972651767674021206e-04
7.934465337542629618e-04
5.116749415301579231e-04
1.213560053843199026e-03
5.898782606907861841e-04
5.023526234915773412e-04
1.066075056643490558e-03
4.502072681087629954e-04
7.386972704658634290e-04
7.807950616735865202e-04
7.453919932275868522e-04
6.035705731019427433e-04
1.026282701795961511e-03
5.666478543269042349e-04
1.486399640074215862e-03
9.383863498143714095e-04
7.256220411895610792e-04
6.727334301063382519e-04
2.298707405951650861e-03
7.724645850794454455e-04
4.103127738966990280e-04
5.015048809746090741e-04
5.308303180319621324e-04
4.214782975381356554e-04
4.831572933046045172e-04
2.516135491542573644e-04
5.531681400367536097e-04
6.047034303147057546e-03
4.832433855260622000e-04
6.954627654195398058e-04
6.554322496187914120e-04
3.297735056724702073e-04
4.020464564810007427e-03
7.079585374027188563e-04
3.568975726172503912e-04
6.702498524147222896e-04
2.862286269413425615e-04
2.148724051913330699e-03
4.547886544550396645e-04
3.420748835348822923e-04
8.286221023497929161e-04
9.647024400694604804e-04
4.605680801214753306e-04
3.325188571599443856e-04
6.417009110175415009e-04
6.687067631057928884e-04
5.908501073039604994e-04
4.678345257182577738e-03
4.770353202172031792e-04
4.739729251181206944e-04
5.849785095729316976e-04
1.096112704513783464e-03
8.837156897732814393e-04
7.560033454074219488e-04
1.314010941693849206e-03
3.710087231817798506e-04
4.730618766622415958e-04
8.241988301730278138e-04
4.478546229991992923e-04
1.562526917653138435e-03
6.765137178745400919e-04
1.159822809541186280e-03
3.058057479405154881e-04
2.973187008858715051e-04
5.904154402544453716e-04
6.105704182830703477e-04
7.305326636999863454e-04
1.938732212582487072e-03
1.031139949933698469e-03
1.187462890628956241e-03
4.591163780767390512e-04
7.926958062025402183e-04
8.560104155502862777e-04
6.961588745161442857e-04
6.480398700379202829e-04
8.833081608307091770e-04
1.295812057954159185e-03
6.476130413985544060e-04
5.642048230271356005e-04
6.056242011691193678e-04
6.409160477625290130e-04
6.236758232561733775e-04
7.780517035857978944e-04
5.398530055563528730e-04
8.837156897732814393e-04
1.092091996805059397e-03
5.729536468364362619e-04
7.116129183404469030e-04
6.702498524147222896e-04
5.283659844388288902e-04
1.393944753568396745e-03
5.568236789039339571e-04
3.973506611415794534e-04
6.044256532002681946e-04
4.658957997704343650e-04
1.181110177260184585e-03
6.938063539826409875e-04
9.864663435450828684e-04
3.392310126151645063e-04
1.047776323305188223e-03
1.139300779090073913e-03
5.625152347082155134e-04
7.786680553980260570e-04
9.066815038969207189e-04
3.651765034252090055e-04
4.940401391562155827e-04
7.478461461769875425e-04
5.460564361730246234e-04
6.331741275921184227e-04
3.361290777442582493e-04
7.701852783514621589e-04
1.182561865849807593e-03
4.914597405777666175e-04
6.075397651319623844e-04
1.031139949933698469e-03
6.541700681938195485e-04
4.525068319222250992e-04
6.102843048235641766e-04
3.578739923754398330e-04
7.830688562015816843e-04
5.647905868307439561e-04
5.730662538813963798e-04
1.757125103486830223e-03
6.756880608146056564e-04
3.995956895212700896e-04
9.409565695223851521e-04
2.434659641203721888e-04
7.980074212233563167e-04
1.174774665808801712e-03
1.036652049471405157e-03
7.088392926836098321e-04
5.739691980997275057e-04
6.021679090228449762e-04
9.715522147656128300e-04
5.934897932967726688e-04
6.347139961123283297e-04
1.567552644208353814e-03
6.026062216352630905e-04
3.453767973508663170e-04
1.106038745053483261e-03
3.551981559488527726e-04
4.672823739401660119e-04
2.468820285097855088e-03
5.236463584445728587e-04
1.283081223817835771e-02
1.780018576282066303e-03
7.635121351393435538e-04
7.764115552033628480e-04
4.045504277724236517e-04
3.965108687589290908e-04
1.846344099002644387e-03
7.212556866364806026e-04
4.606016930410404531e-04
9.565532336483337141e-04
6.436926684836469801e-04
6.066433341874979046e-04
6.788293437114613534e-04
7.072866254353008843e-04
6.907081924266421672e-04
4.617663710575809388e-04
2.029313276840344522e-03
5.331392035788219512e-04
1.006905329842247478e-03
9.430380135620686699e-04
6.040114345166929183e-04
5.956357725108654558e-04
8.932156847995998848e-04
5.304948909088707176e-04
7.127709351253605496e-04
7.864299024536077756e-04
5.675871186109068345e-04
7.996666612233217395e-04
3.377324234596205434e-04
8.317907665436419327e-04
4.916814253923348530e-04
7.855157896936784808e-04
5.661401137537815922e-04
4.319248114487506205e-04
8.333759878046861609e-04
8.404522908899728041e-04
6.645322568323627907e-04
5.577412810953643772e-04
5.090667165149878257e-04
4.624304385940089328e-04
8.605137182058543053e-04
3.544668391983991440e-04
5.779189302515126128e-04
2.782183608812164016e-04
4.373457509302766818e-04
2.909387347216884083e-04
8.912029795015852110e-04
4.983733120684752079e-04
4.651283005105337574e-04
4.745002979631453006e-04
7.412658440160351881e-04
5.534195335071579206e-04
5.799087503524619864e-04
3.968917858754520810e-04
6.302926228520073452e-04
6.003136748576380849e-04
5.063199393691172976e-04
1.588869486446755405e-03
8.831854132528275557e-04
3.436582430198393493e-03
6.985306691486740200e-04
6.941608754497766718e-04
8.275523844956091330e-04
7.230739775848435543e-04
9.887555602217865114e-04
9.052049261635327498e-04
2.110732074539149305e-03
3.284564468071040385e-04
4.669569125744892080e-04
5.985302989327329548e-04
6.599891935384691452e-04
2.562227932091382197e-03
3.596452220611743699e-04
7.854235908185311886e-04
8.952087995944067299e-04
9.670300418075783574e-04
4.232396982308993727e-04
3.600695148845049569e-04
9.027427666095025468e-04
2.744243395344701363e-03
4.652559276392717429e-04
5.347804510242274052e-04
6.129004165703033071e-04
6.137475858330916634e-04
5.691855800110036823e-04
8.343290247580726271e-04
6.500821202823946817e-04
3.431823187668192371e-04
6.440588066922996353e-04
8.837156897732814393e-04
1.380840032196118316e-03
5.803433463845505827e-04
6.787564829068425294e-04
3.495531479502365945e-04
5.381687820022616666e-04
1.037020720985018908e-03
4.131417882749868504e-04
1.105689332059342240e-03
9.099745587731751083e-04
6.418872268077001732e-04
5.436448233712354782e-04
7.577485760288261291e-04
7.894785957625636641e-04
6.931022381628075286e-04
7.112932813787213159e-04
5.116706033788854689e-04
9.592190301809711992e-04
5.724076963631519665e-04
3.921118578076082575e-04
5.761883095314378547e-04
8.261905584799643983e-04
5.421839273042696221e-04
7.806333324021602453e-04
1.265821822512310521e-03
3.642074490331856525e-04
4.311492705907404898e-04
4.014917433776896138e-04
7.611253375605817832e-04
7.942953873063693599e-04
7.593853467124570380e-04
1.671084529563570276e-03
8.331168031421450852e-04
5.308854156850546660e-04
3.735710547339854155e-03
5.245796753698573223e-04
1.316883177556800021e-03
3.984667728558173648e-04
6.106680686206386599e-04
8.086421292983024664e-04
6.584843130333024918e-04
2.167109315218422507e-03
6.497277182518858187e-04
4.888116067728663465e-04
5.984096804891825229e-04
5.033406716445548755e-04
6.938063539826409875e-04
4.442659328447725675e-04
4.328715304795116461e-04
4.216915981659313632e-04
2.708172944642050356e-03
4.377377230805091189e-03
3.697757858759354835e-04
7.647585901293253285e-04
4.669323805325903366e-04
4.225985825090491834e-04
3.695800048227196929e-04
4.224420939791624836e-04
5.385684923373347576e-04
8.144210511457759425e-04
8.806961618997703224e-04
7.273401125411451708e-04
3.823637885382684658e-04
6.351582434221255888e-04
4.031858540276557468e-04
6.288533975448585417e-04
1.421275401370824653e-03
3.525559542596361554e-04
9.080253032805321112e-04
5.072325525895883839e-04
4.033060045826338913e-04
5.249402130999181355e-04
4.458717771841895364e-04
5.376368303404892648e-04
1.359700111310881880e-03
5.795146245511556332e-04
4.264786065888695119e-04
6.724234705314700248e-04
4.797221361313590868e-04
3.205398069318908831e-04
3.129451275987331946e-04
5.970555338746967112e-04
9.771178121850592271e-04
9.061658934841651351e-04
6.614554872526137198e-04
5.520810900122912965e-04
1.193202606698229393e-03
6.755772255547087130e-04
6.248378350448457108e-04
1.193095384866053009e-03
1.318582363349551836e-03
5.338172640382256523e-04
4.131753687122809225e-04
3.942429455250373322e-04
6.917221039583162142e-04
9.829293513047335749e-04
5.635295387561402910e-04
4.292003747166195197e-04
3.297735056724702073e-04
1.597528729894090449e-03
9.944871932338747098e-04
5.180427900081067006e-04
3.049118388227214016e-04
4.528066902508248010e-04
3.634890388675309273e-04
4.249635065285064118e-04
1.365511009927106037e-03
5.063387955605261510e-04
4.067700364687623464e-04
4.021798643793515282e-04
6.129119146921534547e-04
1.092323164294131763e-03
5.919348860034531279e-04
1.461561461672176510e-03
5.737176962801271516e-04
4.040768184610509526e-04
5.160797424084182872e-04
9.852061165709705137e-04
