1.591529565635745437e-03
1.514227274999516365e-03
3.505038979117997651e-04
6.074294374070424857e-04
5.846358725974388744e-04
9.874462629031724361e-04
5.001873810996950147e-04
9.276034264553181504e-04
9.024615267896246356e-04
1.247072551912789453e-03
5.121947182783843575e-04
9.846773451956463644e-04
5.449002651566588543e-04
2.696072886150486635e-03
8.495520917037169403e-04
1.135838979027478353e-03
5.799106161910866494e-04
8.769325872572147256e-04
8.238755280493294773e-04
5.854437078461632469e-04
2.265459955749879028e-03
1.137355917472729783e-03
8.281429785581111971e-04
1.284682740671970686e-03
1.072453454672423747e-03
6.738334666503179807e-04
4.610344147508918652e-04
5.675570653920771706e-04
6.351003692929799724e-04
3.830947700822572954e-04
4.532558050839853277e-04
1.188579860431014787e-03
1.515611149668901446e-03
7.089376545130888878e-04
3.940859707555907318e-04
7.679018700959805953e-04
1.249016852629137361e-03
5.756869374795637630e-04
1.177045921341101547e-03
6.671976212825534141e-04
6.886345724189371544e-04
4.199837171294494857e-04
8.061198918288513260e-04
8.470716715342150845e-04
1.447738487902614857e-03
1.209893608850393142e-03
9.752721669454766582e-04
9.576974120375778606e-04
8.240299903308858677e-04
8.071333021433983257e-04
1.018751456890216664e-03
2.585648521572194900e-04
5.875920334682952547e-04
4.588948885609470444e-04
1.494266762703767718e-03
1.496191025543175228e-03
1.284802495931401016e-03
6.514569714075126071e-04
1.027258756307318065e-03
2.764925199146426888e-03
7.135023740550134989e-04
8.112614132420197834e-04
7.060995457124000360e-04
8.887672035749566391e-04
5.958958735484396786e-04
1.064831271569488492e-03
1.679060813957235611e-03
8.668560826222219398e-04
1.334885871998120477e-03
6.890447741320742921e-04
4.575376456484597115e-04
4.257556870172136726e-04
1.143173135962755960e-03
8.046096521826563708e-04
1.336154530784674664e-03
7.461846962151424999e-04
9.023444935814404957e-04
9.516798973764919968e-04
6.266583222130831356e-04
1.035874106834878830e-03
8.047126601558112716e-04
1.054113135568662601e-03
9.517463127031463134e-04
1.476937192706207977e-03
1.426461277049865433e-03
2.156803535411664762e-03
5.665880702567645212e-04
1.446063142176292260e-03
7.497099586390418334e-04
1.217816825157931170e-03
5.736986301343166908e-03
1.136197835561087366e-03
7.015288269930367504e-04
1.038846968684920859e-03
3.741134186359472251e-04
1.493582358918105549e-03
9.119082985180467730e-04
7.283784498712638422e-04
1.160087974979080510e-03
6.257352644348260391e-03
6.544578921035937953e-04
1.137823849930536370e-03
1.185496550901522176e-03
4.512640968372256243e-04
5.676632454432250325e-04
2.946080915920656386e-03
6.794923787472228940e-04
7.136568459587575930e-04
3.703421651205304884e-04
1.153295866848578740e-03
9.430203645214675157e-04
1.941689199435564549e-03
1.924512381405039029e-03
4.674037499499797996e-04
7.474104060875248279e-04
1.285702061180343239e-03
1.300925719223905127e-03
4.003372949694727965e-04
6.574842287550742995e-04
9.697134267453460686e-04
1.428672483366864735e-03
1.560029415652881791e-03
1.063782180207243537e-03
6.876960744073504087e-04
5.263205634784641268e-04
7.382682409995132465e-04
6.284185185250381733e-04
3.401526621184905366e-03
4.914822637254387394e-04
7.624934229762788318e-04
1.382492313770740432e-03
7.544909997536780859e-04
1.081222847887292884e-03
4.033182453671243541e-04
1.115004160998868269e-03
1.668287653235512626e-03
5.814480619832297810e-04
1.012665830876222041e-03
9.227323431190620267e-04
5.826407564825810499e-04
8.684487936522659402e-04
9.772530423731769916e-04
8.531051313959913621e-04
9.132317236406219509e-04
1.117531277719748190e-03
8.653908923811821398e-04
3.975650511218998509e-04
8.414266082062116757e-04
3.769531583177664698e-04
6.590882347245350043e-04
1.740963763367293308e-03
5.532108647444807176e-04
7.294380058676903445e-04
1.264836555864983902e-03
4.768693240601213387e-04
1.026549668573857599e-03
8.368562921619061845e-04
1.063077022504697487e-03
3.365667374205701394e-04
9.765016140118444685e-04
4.695746461048667117e-04
5.970656646318116397e-04
6.346969793333269135e-04
8.180265740955733984e-04
1.446063142176292260e-03
9.590690018246153309e-04
4.440954295593810492e-04
4.580334510202883338e-04
8.052807996366582273e-04
1.934042037421330757e-03
3.084145786874929306e-03
8.597874094998474289e-04
3.122019799487884065e-03
1.141673254967230438e-03
1.555915503897078089e-03
1.097653064474298380e-03
5.146894046001773953e-04
4.149489755457119191e-04
9.362189083947181165e-04
1.551411770729655597e-03
3.782743019601690583e-04
9.589501710302988360e-04
8.909434142153708222e-04
1.016642546502981651e-03
6.272555560713822566e-04
1.054918021370033739e-03
1.566541120147053618e-03
7.917643793709504838e-04
5.487399693068781628e-04
8.645511340106169177e-04
3.192145620152523808e-04
1.690823984137198970e-03
7.158992501028909640e-04
1.177029126282469083e-03
6.023112288974089620e-04
7.310675665357976166e-04
8.801724938217004657e-04
6.910871098266511969e-04
7.147496938371257578e-04
4.875122175677054463e-04
4.646990764228422339e-04
1.060609938252658844e-03
1.531095651864880980e-03
4.512787027185972315e-04
3.535585196344797243e-04
4.361196466378221758e-04
1.427541911015033646e-03
7.023651711462505342e-04
2.730348329809114977e-03
7.407891205739738178e-04
5.728647179935725947e-03
7.978484301354333294e-04
3.940232920332298653e-04
4.995951243358305073e-04
5.530310222613535115e-04
8.521051238338438151e-04
3.276280852698057575e-04
9.329415848253555261e-04
5.456836130949927833e-04
4.852998363815455270e-04
2.635329588463030098e-03
4.978571880573459413e-04
2.622867118460888857e-04
4.349475680516673719e-04
5.435732965411195624e-04
5.090367643873859984e-04
1.245984048751093550e-03
6.639541146885604263e-04
7.916666745279027232e-04
5.984480878390691485e-04
7.826544964625260694e-04
3.158473710798736026e-04
6.825629872854977690e-04
1.022809709354731162e-03
1.461390121740355338e-03
5.203149970731038966e-04
5.348090614393361713e-04
7.664292800674124074e-04
4.063691820485904071e-04
4.952315637807745089e-04
6.753042493260498751e-04
1.892354146720524356e-03
1.106759070011763008e-03
1.200545484768034002e-03
6.922940576049673280e-04
3.817949536714106379e-04
2.160012639990457547e-03
1.608443259271837705e-03
7.117493800044512103e-04
1.214421216462653825e-03
9.517463127031463134e-04
4.531868148506625060e-03
9.882511761435835464e-04
1.161796426607856342e-03
1.834793529193063429e-03
1.328999534818349091e-03
6.697951767266906208e-04
8.796227015824272877e-04
6.795893641007344542e-04
9.103045406140859589e-04
1.040740446584430094e-03
9.055612299230197905e-04
8.536552141087329522e-04
5.244526880839518084e-04
1.250128205451544322e-03
6.563768387156899628e-04
1.237630021995961239e-03
7.685726329250477940e-04
5.620225621576320973e-04
4.905672394115739203e-04
5.503295206935631453e-04
7.146302302453845165e-03
5.101109959622239683e-04
1.974014544017469591e-03
6.815825569810758655e-04
1.973470429648863534e-03
5.314092361490744100e-04
1.204057403527617918e-03
1.014612857009516327e-03
1.050461648096904415e-03
7.007901712324386733e-04
1.425253976543758641e-03
4.819258517370432178e-04
6.381968779168662115e-04
5.223209920304956733e-04
1.784471126059542292e-03
1.137641605201506097e-03
3.490220185152242863e-04
5.162899671397757793e-04
5.583641920245167260e-04
4.149903765570001632e-04
2.634815836747658995e-03
1.047317350445532052e-03
6.146173561451940930e-04
7.710674368127463018e-04
5.352171883814135995e-04
6.662544164299308161e-04
7.619023455218743067e-04
1.313935257392978041e-03
1.262550059879868946e-03
1.652906525496660502e-03
1.278131811937880486e-03
7.012181280663803973e-04
8.098891162767335190e-04
1.133737721533908905e-03
5.570339530037671195e-04
1.864358902606514691e-03
3.439640334120860204e-04
9.077366368770789853e-04
7.792669889583463431e-04
8.519063306763728248e-04
1.142215469221308319e-03
8.086729809630476343e-04
6.818170311736312028e-04
6.421814869474422446e-04
6.715104465897192522e-04
6.389133342605116984e-04
1.648432861031121207e-03
3.656614227192712973e-04
3.643754358751676286e-03
5.551831852781155497e-04
1.470588716962179399e-03
3.877260427126198662e-04
5.015493743816054747e-04
5.411143625783855927e-04
3.622916300548285049e-04
7.968163942900918914e-04
1.342850452571392504e-03
4.759104748261901011e-04
8.630633788363842058e-04
1.173891737473681338e-03
1.560029415652881791e-03
2.750006681068373291e-03
8.367724220213642022e-04
6.976954898150790341e-04
9.676332121550204092e-04
1.064811634112251349e-03
7.254544551922151351e-04
6.224382233032203218e-04
5.601064036711801350e-04
7.496985648444286394e-04
1.113246077799385017e-03
7.744571767239312671e-04
2.506066477853455092e-03
1.136202358688139522e-03
7.774028565959031044e-04
1.758516263959268621e-03
1.223750265296523910e-03
2.356296205913247736e-03
1.064619451639871707e-03
7.246366732179906510e-04
5.144005539050683319e-04
5.250790899496429135e-04
4.915615658145131408e-04
9.361471904694992430e-04
6.627318280551182427e-04
7.764721101860979323e-04
2.499485169114547961e-03
6.233335351042516024e-04
5.076795541446607433e-04
7.884960178932827425e-04
1.135192851256075757e-03
4.017372542423352936e-04
6.705789930166819197e-04
1.785781032929884904e-03
3.008023765277141430e-04
6.977379230294224579e-04
7.879500954105667521e-04
1.096888645499225759e-03
5.959493154745846297e-04
1.365040126062736295e-03
1.252566478095519173e-02
4.329289739653309249e-04
7.419546847918631529e-04
8.712232083339820814e-04
7.768828464326546588e-04
1.432852585235921657e-03
1.539934828661852209e-03
6.922592182581996812e-04
8.631341251271118986e-04
1.191683200429302951e-03
3.349211732808717078e-04
1.535061668666430493e-03
1.360308430212279606e-03
8.137202654273374258e-04
4.629911610564113708e-04
9.006509052183393239e-04
1.060996595898339818e-03
1.322439351757704685e-03
8.057176647468247081e-04
1.330573060752178070e-03
8.698167538847216117e-04
1.142782779465196553e-03
1.160083799381409929e-03
9.804666875333344512e-04
5.358950016041978855e-04
5.225027725577666669e-04
8.982718216555193045e-04
1.151242904717102904e-03
1.329497201997882844e-03
1.054148604411309824e-03
5.670421715335526849e-04
3.132184603244364714e-03
1.228138284392592088e-03
8.967114054586778227e-04
6.369638850099177199e-04
7.476054340138356489e-04
7.726710969096964700e-04
1.100531944290282114e-03
5.197748295534790515e-04
8.092424922865023088e-04
1.190354020631941923e-03
7.835126858207311406e-04
1.000085293936446096e-03
8.556382158941145798e-04
9.756620638827671020e-04
3.324794366167574508e-04
2.882008728647908642e-03
5.817684435744544880e-04
5.781408357013280083e-04
1.080077388878980700e-03
4.293775374702355190e-04
7.688551113444204834e-04
2.871145552079327860e-03
7.011188751923104739e-04
5.073975353025701003e-04
4.167847818411780209e-04
4.085805529041816077e-04
2.747647459989972958e-03
6.742775576630918475e-04
6.058165027161398902e-04
2.828937623742006514e-04
2.716316395912684884e-03
4.188990757038900175e-04
8.182985283016142248e-04
1.990775670495070239e-03
5.849106262776313262e-04
1.760919704120174822e-03
9.890546233893016126e-04
8.800981181999080341e-04
5.189883713941914004e-04
3.940630263866827130e-04
5.935605227405092200e-04
1.515136622567230017e-03
1.041554221630213405e-03
8.561319163297813600e-04
4.945442274274510852e-04
8.909699949035084551e-04
2.928260234127098589e-04
1.051590022848786048e-03
1.137684048406840953e-03
1.086019467132557812e-03
6.212715708770141267e-04
7.495513121252246396e-04
5.748434447191032434e-04
1.131554757241806045e-03
3.211104263827106644e-03
1.077042720182511560e-03
5.801058401562879949e-04
7.933478191168536831e-04
6.514891939455390952e-04
9.100434617904248295e-04
1.268214897984458857e-03
4.640655417885111863e-04
1.125926627566742463e-03
7.616438246870206033e-04
1.147583573649061609e-03
9.840261823007394326e-04
7.409338730053476344e-04
5.614758815950829330e-04
5.889169179103648883e-04
8.923333348518993919e-04
1.655496029743169957e-03
7.109813434365020715e-04
1.240504907935228648e-03
5.098592451947454602e-04
7.150414648787379625e-04
1.068835434782190253e-03
5.574534816135807936e-04
4.415520784517499285e-04
1.148871716454119216e-03
8.860022138106309758e-04
8.661252473923248662e-04
7.291934724839682332e-04
4.960739420728728149e-04
2.531574922283327811e-03
6.348479236298280176e-04
8.071333021433983257e-04
1.182876555328042688e-03
6.906976781077504976e-04
8.239872948020924431e-04
1.810716427339204579e-03
7.978484301354333294e-04
8.584789130463535596e-04
3.632140120908412904e-04
5.450533068676250478e-04
6.453853139494357318e-04
3.353192364546299571e-04
3.731770924691287981e-04
8.247473041992371126e-04
1.674693747602895274e-03
9.677070947521222146e-04
9.160096343914095936e-04
1.640718263955410041e-03
5.956683387145192583e-04
1.469019820063046777e-03
7.832204411969357011e-04
1.360133791901803595e-03
1.183993067331196112e-03
1.272314574574348904e-03
8.384895486207593783e-04
2.243986568661720908e-03
1.274777851400025292e-03
5.740054132762406397e-04
7.030101195678421788e-04
8.745905928384474547e-04
7.485652574632130482e-04
2.140446342501896911e-03
5.256811038433006683e-04
3.292862823529558265e-04
1.036453214328702252e-03
4.772738684265395649e-04
4.415271132614332619e-04
4.613870256660617297e-04
3.624846517420973508e-04
1.148735566663227313e-03
5.014850803041744163e-04
3.671820599076697765e-04
7.472007888246395618e-04
1.591875144416318071e-03
7.438729194586288316e-04
5.882961447723894770e-04
8.097404110997404947e-04
1.220554398222880449e-03
9.305313019224889211e-04
4.215450985449330137e-04
7.773355702246030879e-04
3.675707208125798234e-04
1.108829612834002273e-03
8.405238777573260543e-04
2.815155505818047778e-03
4.327463033287804622e-04
9.280244950269937385e-04
5.189441480216160389e-04
7.059586047926720174e-04
4.677993507448635169e-04
5.480021453572061054e-04
7.954394573971898920e-04
2.838519940765261117e-03
2.712603673681601452e-03
5.018444172426707404e-04
7.078335448073130301e-04
7.565776165813787582e-04
1.275141242247176563e-03
1.390237250135450877e-03
1.510233030953738419e-03
7.916666745279027232e-04
8.486954173383930156e-04
8.548876614319151279e-04
4.309064794178553469e-04
1.011290268813529788e-03
8.229532153088332282e-04
6.719201709332869518e-04
5.301938534696229747e-04
1.068943873840399496e-03
5.083400376199282518e-04
3.782203098594158703e-04
7.928606951633446892e-04
1.440963252237007939e-03
3.755552152672260468e-04
7.764745265699945099e-04
7.048099396749092074e-04
5.949686817102212318e-04
2.624094002499916065e-03
6.332657237607250064e-04
8.776880197437722129e-04
4.387039446522854086e-04
9.024909732077701641e-04
8.521051238338438151e-04
1.424657633938789664e-03
7.539988730591377615e-04
8.236562500639097676e-04
6.504188794146818558e-04
1.655403800266232140e-03
1.157846050876695353e-03
7.985053809363601733e-04
7.040952618929392608e-04
1.047810502963630310e-03
9.758232860050894148e-04
1.556319438991327032e-03
4.493416467765502516e-04
1.185496550901522176e-03
6.947126304309304400e-04
5.676632454432250325e-04
7.451831099119489649e-04
4.852998363815455270e-04
3.502141972496696735e-03
9.759178448489469601e-04
8.889970704202345168e-04
1.373785361646540385e-03
7.779253302218053613e-04
6.521615809625462513e-04
9.877716454791945350e-04
6.230622107662092462e-04
5.180942364119756928e-03
1.947618122345544638e-03
1.413496953494708516e-03
1.836104645351440117e-03
5.753874410804804204e-04
5.228454148120074150e-04
1.376384172588509701e-03
4.760336407267988751e-04
1.724206877874017666e-03
5.535158361645608517e-04
1.486735916372876332e-03
5.919719273668772475e-04
8.922647893798557866e-04
2.475604114419537169e-04
7.690977770832093567e-04
6.443692812926540966e-04
1.853810524387516272e-03
4.804380439753440065e-04
9.664552200027487277e-04
5.810946252770021487e-04
7.830291087364982944e-04
1.838321850286548384e-03
1.374370985478427787e-03
9.469130723612571420e-04
9.070895531436978668e-04
3.402563941912318374e-04
6.149222978684464394e-04
1.284920728389769016e-03
1.990839114339947556e-03
5.723310785067097384e-04
5.448822223031429129e-04
5.641269330127090566e-04
1.392673323351701622e-03
7.404991889045699780e-04
5.154634679950061051e-04
7.381908513457590857e-04
1.063407027853828122e-03
1.527183936689939904e-03
2.253865474926384539e-03
7.779253302218053613e-04
1.646538916973664226e-03
2.781832428479590166e-04
5.903622729775159002e-04
6.514569714075126071e-04
5.462254241228347348e-04
1.425450861922141713e-03
5.342180745742231398e-04
8.260683634566596319e-04
6.867977701477006626e-04
7.612853480168262944e-04
5.591306146498465583e-04
1.215858653906100924e-03
4.657896575749828909e-04
1.740140537183118997e-03
1.043637651351602249e-03
7.968331153517584651e-04
3.879374866273837706e-04
6.740466345709876387e-04
6.071807424018322002e-04
8.016862351223710305e-04
2.210726384683173000e-03
1.115937924441573643e-03
1.994469654127857365e-03
7.404212983161521672e-04
6.409137567153822034e-04
4.852802601699230290e-04
2.627775750891410411e-03
6.523438931918022028e-04
4.766108412218875373e-04
8.126864586869185980e-04
1.495800167974327844e-03
7.049400729593324061e-04
5.018073092817047949e-04
7.261188078316118148e-04
1.782239515362163233e-03
5.157727183250037078e-04
7.822900745963995255e-04
1.422789610541449470e-03
3.741134186359472251e-04
8.431193578564315835e-04
9.761603793154115510e-04
8.215156942100291810e-04
5.763314923997489266e-04
6.160889104616967989e-04
5.921133056960492178e-04
6.348184424969944423e-04
1.135467474486079797e-03
5.534789478779028387e-04
1.264617112901595623e-03
9.555421167707173159e-04
6.598533793884898751e-04
2.472269938225872890e-03
7.437955520501702287e-04
8.199611435028244426e-04
9.306708639283888754e-04
9.699310188800583724e-04
6.316543581527992411e-04
9.780462817591383667e-04
5.821430740796090103e-04
9.365210518656618853e-04
1.628206729279802227e-03
4.713140983663493210e-04
5.610498110959642520e-04
9.710628168774479213e-04
6.899875223399024298e-04
6.826905683678420600e-04
1.744095464739318620e-03
5.975997858882129950e-04
6.464800267204863417e-04
6.558758382225511477e-04
8.096360608004530765e-04
8.906287953720332887e-04
7.151767076693095297e-04
6.873330323089090615e-04
4.212910425336907237e-04
6.548446611939187558e-04
6.012833085773621042e-04
9.288217173688849198e-04
5.078104072568674762e-04
6.848829992465558809e-04
7.454010194427370534e-04
1.096081944582585161e-03
6.379024165974730770e-04
3.845926807881605526e-04
6.896739068602810102e-04
1.144049200053287368e-03
8.275971258506510924e-04
3.206015655197357733e-03
2.208250046417637238e-03
7.375129719929341202e-04
1.126171606612793447e-03
3.727934176304327388e-04
6.283122257998814079e-04
1.738905639376337039e-03
4.445121079218798633e-04
9.815792238251058038e-04
1.527940534174808754e-03
4.943016180105149924e-04
4.966970235448684660e-04
1.285854996471603052e-03
6.590496208558667022e-04
9.027110323678657093e-04
1.256765602154906632e-03
1.658610953617440905e-03
6.884666270773734170e-04
1.657909479099162415e-03
1.303708427851644949e-03
1.019576528952211361e-03
4.194975397103701035e-04
8.239361550098431167e-04
5.559878488359422648e-04
1.154362470478179125e-03
6.137546277908478365e-04
6.290891753551540021e-04
5.759145697276359067e-04
9.196374915382039697e-04
4.259206608349388958e-04
9.090673924625602281e-04
1.180614036170787688e-03
1.020306929124785043e-03
5.089608022376099260e-04
6.824210409299254687e-04
8.071183040182971970e-04
6.729067965403812048e-04
7.097372688908404727e-04
7.697201598032232762e-04
5.575457079066836871e-04
4.382315146621470190e-04
6.834650177746967158e-04
7.691687033028216667e-04
5.582388726558962927e-04
1.356275226584510805e-03
5.629188242740789305e-04
3.745285723626831306e-04
1.097872126381077432e-03
8.671662989540493936e-04
5.728647179935725947e-03
3.288388570303816486e-03
7.145399823648001126e-04
3.372024818507532960e-04
8.055538078176136679e-04
5.814972477256639223e-04
6.821470627844676473e-04
8.086876352776688941e-04
4.510377574456348035e-04
5.119860345031924855e-04
8.609658236053016828e-04
2.687514761105800568e-03
7.442682857825359518e-04
1.150286073573326398e-03
1.037837502811154913e-03
8.036573909095291865e-04
7.217626522659112377e-04
5.297651590449686766e-04
1.510940087074891681e-03
5.785175048784225614e-04
7.038145731563891921e-04
4.103034740978462810e-03
1.059913514015864379e-03
5.394424372825503420e-04
1.776865890455152190e-03
1.621444610247350796e-03
1.775395715861495223e-03
8.564306392166589179e-04
6.290132640949137877e-04
1.006524204840924782e-03
4.606884351085924439e-04
4.966970235448684660e-04
8.268069400777701026e-04
6.002929124305614360e-04
8.690925132914617633e-04
6.886400684577976107e-04
5.515541413141187167e-04
1.945564091249930242e-03
1.352525933930035342e-03
9.301644152814483694e-04
5.672860303617540886e-04
1.063077022504697487e-03
9.917947547212829177e-04
3.984362986381057318e-04
5.723518302487627749e-04
4.366325604684370720e-04
5.554881914879464082e-04
1.453602479942917242e-03
3.121673669334144472e-04
6.114009587077961876e-03
3.555083643217901690e-04
4.995612047188415254e-04
5.468554412825027888e-04
1.253525942401264789e-03
9.213751422397753986e-04
6.296590155623906469e-04
4.622588515671053559e-04
6.661013300576487444e-04
1.209893608850393142e-03
1.235511087376950411e-03
2.058915701398530539e-03
6.342052750368217581e-04
1.501910754896972153e-03
5.903904937524537353e-04
4.784789002188883202e-04
1.887465436339577814e-03
1.041688563782760743e-03
4.870674027155489413e-04
4.552492067323738595e-04
1.092031173296736588e-03
9.572639031943676845e-04
2.755115589511293768e-03
4.417097698093767075e-04
1.314528776992037037e-03
1.010498451790879096e-03
1.362545322994884039e-03
4.007886670494480792e-04
5.245523475966242964e-04
4.694387215173525109e-04
5.359957974990962144e-04
9.151467130798727470e-04
7.754163972227139405e-04
7.670846684062542983e-04
5.834452752094209348e-04
1.163928756950473060e-03
9.394644674735133389e-04
1.691340264731319492e-03
1.115365365973330740e-03
6.238009666706574585e-04
1.168066176674971901e-03
4.695746461048667117e-04
4.347091493498637222e-04
5.242727672573419678e-04
6.012516396482147328e-04
4.626501817054650160e-04
6.466298323756003441e-03
2.893956840548148166e-04
7.666373426186546105e-04
1.246129742882673462e-03
5.757656553280049699e-04
1.547806020247143033e-03
1.185496550901522176e-03
4.327354330800355477e-04
5.843678296304479153e-04
9.090673924625602281e-04
8.670682541251419637e-04
1.378997535426568178e-03
6.604457452195755659e-04
5.061660832993059890e-04
5.519560802559312805e-04
4.888319739230852006e-04
9.794388217416504297e-04
5.119124151846767869e-04
8.726564043394708422e-04
1.324193215203761480e-03
4.140168101887736697e-04
1.841435899483186709e-03
1.407036518971730354e-03
1.322660719018373078e-03
1.167373712941021519e-03
2.389468849991079318e-03
2.585195222450984917e-03
9.631918975685479839e-04
3.453570865492652797e-04
1.489193639717955892e-03
6.249945619826144426e-04
8.458200826710099603e-04
4.914822637254387394e-04
8.902072324581718080e-04
1.067008647106579408e-03
1.139373975972374697e-03
7.725256273386891690e-04
7.752261660683003406e-04
8.877795026129056124e-04
1.723822529225612190e-03
3.382606449080057236e-03
4.103517644824755759e-04
1.509787126161975896e-03
6.234306922298938616e-04
6.951630488568815922e-04
1.063407027853828122e-03
1.233431414347853014e-03
7.832650138382584500e-04
6.100146793927807261e-04
6.334529852825801933e-04
3.636616538250082810e-04
1.353515874787028636e-03
5.926488336930171635e-04
2.686019974544342462e-04
1.212219389368102704e-03
1.137823849930536370e-03
9.262687941565922152e-04
9.079025022817268807e-04
1.986843219405632407e-03
1.171530000630425236e-03
5.393506982431775423e-04
7.485652574632130482e-04
9.749200816178375936e-04
8.611186941586567887e-04
4.762919249222199200e-04
7.614792414477182829e-04
6.064418375001990637e-04
6.239260143352938189e-04
3.327552936350058584e-04
1.344640004002828695e-03
7.300643000011309202e-04
1.423504435985030112e-03
7.752261660683003406e-04
5.970925480450850302e-04
9.329415848253555261e-04
2.482046606663747680e-04
5.062094812589142080e-04
8.907743821294133914e-04
1.335198223730717443e-03
9.340103111852921447e-04
3.518000515333291850e-04
6.073857619942707410e-04
9.111098629126952991e-04
7.272351129376191216e-04
1.391371410105887154e-03
6.996593307902092881e-04
9.287580153542043587e-04
5.538245090224297451e-04
1.041525660455884386e-03
4.588948885609470444e-04
6.452132256971364940e-04
5.480208211728539733e-04
4.482635559992234555e-04
4.843260261959712659e-04
4.276971924853344154e-03
6.260493633964602173e-04
5.705137066859313757e-04
5.646108425128166771e-04
9.882735644530936565e-04
6.671230163573196219e-04
5.092692145356732085e-04
1.498142159381632942e-03
6.722712930317564133e-04
6.850777071360917344e-04
9.573350507862055580e-04
3.782743019601690583e-04
1.893307015962539773e-03
3.872247342763394159e-04
1.011282534325880266e-03
5.307563313096860238e-04
6.235182452648822858e-04
1.105875881615504862e-03
5.737338529017626610e-04
8.927779263554582508e-04
1.097056787812348676e-03
1.285616396067148321e-03
3.622916300548285049e-04
8.751238107798407296e-04
3.622930771071935369e-04
8.571773538100269400e-04
5.866978513746838163e-04
9.826455036723046911e-04
1.010498451790879096e-03
6.670453245312368525e-04
6.136542281414835050e-04
