1.097881306267384487e-03
1.019371628421721163e-03
5.329974796661668185e-04
1.980678813185287376e-03
2.983497102933120679e-04
2.544283856595749242e-03
6.673902134877565716e-04
7.124766127303761758e-04
1.053488849671554029e-03
3.259838620516564709e-04
5.764142994761831378e-04
4.718069616814321056e-03
6.478690444233472980e-04
9.345396518847656417e-04
7.964423931341733974e-04
6.220524338845745361e-04
1.134361537686000938e-03
1.160297898577786419e-03
1.475239012882024591e-03
1.018303216914425791e-03
8.462071407223996323e-04
7.401066541224061209e-04
8.373629585487666433e-04
5.897948831711429191e-04
5.938556628827623652e-04
5.855568527122510586e-04
7.551971416195707660e-04
9.957997281330244806e-04
3.669784832964568459e-04
1.030312910763652888e-03
6.554712476612821340e-04
4.700589635959515435e-04
6.688286943757786648e-04
9.066870436281954451e-04
4.536845591103435692e-04
2.500548814303970181e-03
7.481564107698062283e-04
4.815475490777254282e-04
4.805173195925941092e-04
7.146368903198265909e-04
9.268304961984842258e-04
9.135904329695671401e-04
3.454569174232344914e-03
3.997558605859964100e-04
9.668875156048846757e-04
1.948954199098314362e-03
8.243922364806966418e-04
5.656926525363511430e-04
1.439860406817218639e-03
3.773977975545298163e-04
6.959404841661100171e-04
9.296199329118276684e-04
4.233449637277701444e-04
6.067448247358160889e-04
1.213891128190130314e-03
1.059106899117390329e-03
5.862244806860472494e-03
3.949323647583588451e-04
6.884491041835783713e-04
4.630193321271978209e-04
7.239453461617685560e-04
5.168601677918059027e-04
5.132490327474674083e-04
9.301312033151736729e-04
4.918666355771211893e-04
6.149469583638279705e-04
1.182392715428616081e-03
8.966702303634743005e-04
6.329679731398089827e-04
6.077513495258368920e-04
5.006482558250778319e-04
1.966909856487411134e-03
5.945478400708752338e-04
9.797915840074674244e-04
8.355995647587943298e-04
1.375992972114187902e-03
1.090570120650610287e-03
5.807307832305191831e-04
1.810382628654618950e-03
3.377409538429858261e-04
5.336733286043647724e-04
9.262640333873259921e-04
6.407786573020146257e-04
5.934151850794308625e-04
3.387213516147030094e-04
5.137686113753100288e-04
5.586131856434097291e-04
5.170452515702576206e-04
7.870547343779964872e-04
4.131709391331643859e-04
5.490767850887489070e-04
1.051925896224586076e-03
6.841742774475581589e-04
9.903311515496724445e-04
5.058519020279030878e-04
1.988116652307334292e-03
9.860443846214635242e-04
1.806772539758804818e-03
2.625856149074635645e-04
6.231585191677460785e-04
4.801799142721905190e-04
1.541346228151359646e-03
9.860568681474186654e-04
2.214456938426084733e-03
5.524568552680519072e-04
4.079345979542456217e-04
6.401757253448638052e-04
6.310875990637798217e-04
7.397789559887108998e-04
8.439862228963460403e-04
3.872950053404070558e-04
4.319524741152343640e-04
6.648755800117936866e-04
6.722266565164007569e-04
4.981493336503684324e-04
5.087091037053455105e-04
1.120145658605643671e-03
6.043083323479893137e-04
4.312161164837553123e-04
1.790124435914298290e-03
3.455807701949541546e-04
4.516999580858552070e-03
1.941064941008840668e-03
2.183794251215906770e-03
2.548839482931461540e-03
5.023887920740630108e-04
4.959523525864822794e-04
2.021833345037889976e-03
1.061826871579742062e-03
1.510642440601665370e-03
6.562014414210480713e-04
5.860916501967821128e-04
2.857032797413651837e-03
7.539707122225259303e-04
7.590591618927187111e-04
4.281671114527999195e-04
9.574088450933677680e-04
6.395469097763011208e-04
6.611542029798562906e-04
1.912971059550359725e-03
6.394373481415880104e-04
9.676594108063641536e-03
6.963147665765151168e-04
7.595455865812545228e-04
7.959411724175578665e-04
8.918184558915928737e-04
1.034124832687044731e-03
4.043149608025476544e-03
7.472665979624279562e-04
2.580083320430561367e-04
6.059436040889764957e-04
6.562014414210480713e-04
2.473415542302440009e-03
7.644192761859817595e-04
3.177171414386238332e-03
6.584688716126319485e-04
5.220461226957922966e-04
9.696905636353856999e-04
1.520478271530611601e-03
5.566125630777448612e-04
5.301198266693126588e-04
3.013830548270079839e-03
1.155122691928947695e-03
8.203040065723597339e-04
6.478037245669557688e-04
3.054929416069653947e-04
5.431388521979489030e-04
5.893054853695498191e-04
1.824519436151845466e-03
3.507646892868705735e-04
2.855344461611950056e-04
4.685692198027442625e-04
3.495944819627291129e-04
9.054002896859332256e-04
3.416562685166770700e-04
7.805518850581417804e-04
5.380352736681914827e-04
7.156533211092443517e-04
7.107428585235400125e-04
7.694761199437423873e-04
1.150585139037671109e-03
4.258845761558048863e-04
6.566686705814753396e-04
9.233697019167946005e-04
8.478020201508543316e-04
6.110210261232643623e-04
5.449763947993886779e-04
1.018026327760604465e-03
9.098725259834887979e-04
6.336999335919455507e-04
4.517467245627322897e-04
3.906167897131158310e-03
5.292719904644162081e-04
9.208993078124603961e-04
5.461068321291439980e-04
5.383117275435872007e-04
4.303929704699747624e-04
5.817434497478805562e-04
6.688959665392581059e-04
9.794547109443824031e-04
3.631214604729358724e-04
3.654585827375179453e-04
4.480947498201276556e-04
6.283802949376709633e-04
1.567434553215141593e-03
5.196685037364338986e-04
3.000522032773798799e-04
6.159083771658084312e-04
3.893536412628859425e-04
6.994536333805428377e-04
2.204331983261712631e-04
4.290441178089589931e-04
5.565050191250737023e-04
1.267230287749252209e-03
7.252540300039854535e-04
6.728262496155104026e-04
5.098754311445287358e-04
7.987733895573377943e-04
5.934494625275641170e-04
6.623872007391534483e-04
7.523468134657718305e-04
7.386563244460326184e-04
1.449681845802050116e-03
8.842445459639439349e-04
8.950422583509878198e-04
2.073577365003661035e-03
1.125761900736325450e-03
4.977528208478087385e-04
5.703649644108433562e-04
5.005329647400149099e-04
6.080665093254887825e-04
2.744284739934505640e-04
9.213952475265930640e-04
1.109712151447677644e-03
5.648757515837862569e-04
3.003997049469371095e-04
5.930245172607285457e-04
1.168261367271728303e-03
1.194217796076415096e-03
1.454092198958000827e-03
3.144104942478392634e-04
5.021353950266116981e-04
1.664374102115949525e-03
3.477407120434104814e-04
3.844206436439031043e-04
1.939902415184352035e-03
9.646832339606163220e-04
6.921940412350847168e-04
1.064501327731743252e-03
5.461817928752450268e-04
1.169553577108750370e-03
6.770048334460317379e-04
8.462715493097086161e-04
6.733848080869456274e-04
6.545726750399795011e-04
5.399458282062700662e-04
4.290797347527204337e-04
7.067656046926871312e-04
9.292910452622141736e-04
6.060072473658610712e-04
1.100433125057565919e-03
6.444776392316304810e-04
2.767210806795962594e-04
2.569893328913970022e-03
6.912832083306566554e-04
1.994181484925438164e-03
4.007707251212104722e-04
4.064376542500005283e-04
1.240271664387932512e-03
5.240428202257374360e-04
1.328461533819013047e-03
3.144104942478392634e-04
6.326989249879770615e-04
9.682819496574136689e-04
1.017462088795534304e-03
1.879205304846402356e-03
8.327644704203097459e-04
4.680420310155460582e-03
8.894310233550418478e-04
7.076672023839962120e-04
1.075813068774229917e-03
1.547047820368180684e-03
8.232906266594961723e-04
1.076303158877376775e-03
7.751632638110486813e-04
4.747200633742108085e-04
4.353184714847526185e-03
2.292281967487003452e-03
9.980247779199065764e-04
1.877486882421536708e-03
7.361251246837247336e-04
4.469340677415950080e-04
1.092131203315821085e-03
1.316589444425285155e-03
9.073353342665088942e-04
1.031017231015061856e-03
7.158867116828403687e-04
5.382826573256248737e-04
9.577306491875685638e-04
1.715229198386444614e-03
4.696225836256211358e-04
1.327393391415470410e-03
1.200559474380734045e-03
9.488841518405656105e-04
5.088789929283043991e-04
8.746363424633475355e-04
9.022155682569193242e-04
3.907935459930737885e-04
9.019805223844951786e-04
6.778139013883565170e-04
7.002649368343609850e-04
3.745611311435876147e-04
4.761828818673304780e-04
4.430370490257859472e-04
3.381754920134707847e-04
2.233560187198103692e-03
6.252129215823288861e-04
4.459721465340679659e-04
5.827695520416397400e-04
5.252883695297719648e-04
6.264860251696558477e-04
4.452263511993619733e-04
5.139444028899077532e-04
3.209443915722050896e-04
1.058319211126285565e-03
8.895101489376127171e-04
2.394139056108982901e-03
4.040884215046987500e-04
8.698731938850010016e-04
3.946676490435601292e-04
8.073561050601345962e-04
5.262710578971068441e-04
3.619031060896422871e-04
6.645907684571512701e-04
2.410071831156505341e-03
5.642436688203178929e-04
7.336595799203530621e-04
7.153205640362793544e-04
7.391179814995119460e-04
6.912832083306566554e-04
9.769642345009105309e-04
8.662811815203444324e-04
1.027825669770383475e-03
2.262621571349808861e-03
3.198156892585590685e-04
7.014534798638906964e-04
6.865815067483121677e-04
9.418840328883272984e-04
3.890906198159199193e-04
6.343457689556369298e-04
1.645941559972383074e-03
5.591173942903422721e-04
1.852353318205045372e-03
7.730127155038080079e-04
6.293949444244020981e-04
8.999237920269083152e-04
4.297071420648141066e-04
1.322882872602923129e-03
6.922848067122516205e-04
4.064376542500005283e-04
9.033335757789705961e-04
7.230581687128163427e-04
9.600503086197527446e-04
4.024854059301887204e-04
1.722436978850740413e-03
3.872017696555154218e-04
1.902728338865188745e-03
6.816903669023971230e-04
4.878975464116248710e-04
1.447685560359838813e-03
3.633911430760335148e-04
1.190786096803098625e-03
4.703521293819092107e-04
5.188453663951363279e-04
9.139982375757863681e-04
3.903829137007791984e-04
1.015351110550881874e-03
7.817417049994673014e-04
6.578998194483657008e-04
2.503659705668945679e-03
8.023493006629042398e-04
8.464030572535214975e-04
4.411204154275889539e-04
5.370529337306836947e-04
8.662811815203444324e-04
1.231844012814467754e-03
9.704314339553499593e-04
9.026253374244234701e-04
2.767774870379259740e-03
9.296199329118276684e-04
5.379203913458448357e-04
3.870615125929804446e-04
8.032196877580437483e-04
6.125997786434447725e-04
2.958049105924962516e-04
1.274575799929962344e-03
3.380239491190185799e-04
4.869286326902870672e-04
5.844558758235425967e-04
6.295996762507035478e-04
5.996712727573719984e-04
5.172295200332421806e-04
2.089704890952676173e-03
1.790589001705951769e-03
1.034124832687044731e-03
1.447153306812716794e-03
9.947480218713498565e-03
2.018607711223720496e-03
1.009362796951390273e-03
1.282717710485767283e-03
1.349484572942890150e-03
2.663444540044147477e-04
1.993602702059694802e-03
6.678026690059946785e-03
7.410739657125984007e-04
3.653690662296938123e-04
1.426141205657416571e-03
1.032903745959720589e-03
2.493281189533398494e-03
4.836997828186405087e-04
1.234320426826235719e-03
6.037197648482025246e-04
6.212397746055715181e-04
2.015122745584293357e-03
5.053845462334076791e-04
6.579762201360676898e-04
6.996318077147977528e-04
9.436648964680383490e-04
8.370996087562376960e-04
8.084876676409086900e-04
6.511019193509503611e-04
5.313061848804774079e-04
5.506191476089870125e-04
3.924371431233183560e-04
5.640775259356817922e-04
8.943341541656713240e-04
5.613416879149588611e-04
9.053681374389808056e-04
9.588345324982167333e-04
6.233919123439636643e-04
9.998163285382022283e-04
5.351220647923008280e-04
8.094735683357593206e-04
6.616441916988677948e-04
7.402736009489341209e-04
1.015274825246825340e-03
1.514888917001334500e-03
5.808389686706644846e-04
5.073165965543057973e-04
2.135692368536702256e-03
8.136622029329521706e-04
1.006117701848040571e-03
2.801248498986530153e-03
3.033121724272733861e-04
8.049195237222446855e-04
9.643095014238870031e-04
8.462475359155118958e-04
6.985565164067528881e-04
4.219958629755267464e-04
3.596425260172386880e-04
5.168601677918059027e-04
5.156508748571083994e-04
1.390170887601707445e-03
1.874667254066457543e-03
5.148076445608590519e-04
6.551873986059366696e-04
4.875006235344679054e-04
1.394638223433484299e-03
7.126554328975941545e-04
1.773694079819956122e-03
8.822621612539787881e-04
6.338887228891597597e-04
5.253902372629048892e-04
1.237315892722149358e-03
9.577306491875685638e-04
9.361061241519436343e-04
9.015666718691274116e-04
5.946059325706850663e-04
1.075713685972938235e-03
1.648136940215372487e-03
4.555257245974055416e-04
1.008861518335837145e-03
1.066290633612828123e-03
6.013014149151441751e-04
8.332926818471401813e-04
3.666943017831013666e-04
7.173213626806522599e-04
1.326803267915823304e-03
5.350449106163400730e-04
3.604462366578101542e-04
1.156611029589673040e-03
3.790307931421511237e-03
7.638071071861493068e-04
4.773247272421748998e-04
3.479966502879238712e-04
9.876382017178079228e-04
1.125530959160143474e-03
1.410880836899162591e-03
4.936579439317226011e-04
3.054762927090989844e-04
4.212803222386335249e-03
6.278365247534017533e-04
2.081572841510716428e-03
7.106592266738124110e-04
4.928237807682488624e-04
2.376368729305457998e-04
1.104346839731507610e-03
1.521312247168998518e-03
5.208921324920232250e-04
5.606857128268781477e-04
1.109364120982122377e-03
5.650789246929992541e-04
1.459499172873442944e-03
6.605302325662634408e-04
5.327353297829549601e-04
9.565889420019487452e-04
1.458905712604896543e-02
5.754549823730775076e-04
1.102523651430072863e-03
5.560903407296968574e-03
6.278271417959487531e-04
4.690378355406524019e-04
3.410796754055056036e-03
2.667058821598564718e-03
1.470914899185868591e-03
7.744438400611896494e-04
2.757603906727471390e-04
4.057748362846081000e-04
5.842540630055929104e-04
8.526930931463804365e-04
1.051742687564467859e-03
8.623848989996489231e-04
4.057676605304159196e-04
2.857032797413651837e-03
5.870056367281569973e-04
2.503659705668945679e-03
6.045790733661811312e-04
3.304964705244980983e-03
7.555390581985945483e-04
4.903404209393993560e-04
7.283593374577759533e-04
1.042100893667829856e-03
1.664374102115949525e-03
1.807220042020722412e-03
9.337430044752011420e-04
6.505768924090942536e-04
3.283659700920833822e-04
2.672598927556462615e-03
1.307865163998370509e-03
1.191572690467479316e-03
8.634885362704494173e-04
6.563378565181186928e-04
5.176748633582785091e-04
5.356743299838886106e-04
2.845500274957269999e-03
5.123660202927445831e-04
9.568993582213899301e-04
6.201710642037622971e-04
2.127300543807345446e-03
4.540976221038557203e-04
5.558170689884396436e-04
5.074781669789613960e-03
6.213179517371258780e-04
3.586962530869505002e-03
4.251152893802792859e-04
9.325000669621248163e-04
8.145290606369021092e-04
4.277400173090789961e-04
1.723907059410229991e-03
8.481290560673943090e-04
6.304903099607904763e-04
5.679894690054459322e-03
1.209830942390860723e-03
3.826598833758665798e-04
3.669784832964568459e-04
6.326925351430323381e-04
8.038415196662797519e-04
9.334530305176217367e-04
5.473722493350643850e-04
6.055771403759594926e-04
6.698004955166513832e-04
1.391307116935290057e-03
4.273434690668487354e-04
7.210578143591595251e-04
8.862011614897250021e-04
1.381705057138882600e-03
6.621608547515237539e-04
1.636403058089750057e-03
2.808928188166812676e-04
4.729853815161876593e-04
3.906167897131158310e-03
3.640378148648148364e-04
6.006724238922729652e-04
3.148248141072610491e-04
1.365673807800027147e-03
8.290748513415880034e-04
5.935805138906074955e-04
4.885886126331823349e-04
3.420825887915635282e-04
6.043091675077076055e-04
3.480218699053299605e-04
1.107110202520218819e-03
5.565050191250737023e-04
5.840116930507255897e-04
7.684147022962032128e-04
3.848632481049291706e-04
2.766683841181564324e-04
5.250075985449716934e-04
5.683846241955657977e-04
1.137553908587676148e-03
5.897161549001352565e-04
2.383851978236559230e-03
1.629432710316925824e-03
6.161378566505637446e-04
9.100245129416332330e-04
1.019142219512285744e-03
9.572384719919920524e-04
6.444039420328424557e-04
5.047812537670551573e-04
1.080135490568166247e-03
5.082602100392889831e-04
3.177171414386238332e-03
6.577230973365915095e-04
1.239405806817064611e-03
3.925755703837091647e-04
9.296199329118276684e-04
3.198156892585590685e-04
6.241370799354787864e-04
6.898699982858801398e-04
5.409471178520352695e-04
3.463172075418909654e-04
6.569881869881751121e-04
1.178910122161950071e-03
1.092550807027494169e-03
9.054564648090735130e-04
4.665422186186148762e-04
5.249660954420760917e-04
1.978370596471666892e-03
7.633138015198554253e-04
3.673752807769336843e-04
1.262432453173236314e-03
3.858498379573831270e-04
9.971349687579284752e-04
6.841742774475581589e-04
3.977637306443985868e-04
4.440467663483362677e-04
6.511919761714807459e-04
3.486358793554950215e-04
1.174058365951362922e-03
4.200165298763808893e-04
6.835098118823372971e-04
5.892753302020216485e-04
6.352188949578601012e-04
3.936306259211343238e-04
7.376166946117941560e-04
7.723165674216624955e-04
8.906230247397948488e-04
9.865329384045051775e-04
3.423262419550095778e-04
6.971069239675511953e-04
3.051194800329567070e-04
7.497072031728725791e-04
4.513509185984497952e-04
1.760595550586477884e-03
5.899063141460277266e-04
6.423093132092436760e-04
4.348483989512753303e-04
1.282717710485767283e-03
5.047812537670551573e-04
7.171225706685265900e-04
8.350531523070982374e-04
9.500173232002184819e-04
6.332477933286021149e-04
6.605302325662634408e-04
3.272703988422457993e-04
9.920586054709145968e-04
5.974269111442345737e-04
4.903715951735536415e-04
6.820574394207855849e-04
5.134337945676758575e-04
7.632472566728626439e-04
2.456359101781033661e-04
1.506436668754763909e-03
6.564357873540814818e-04
3.054929416069653947e-04
1.193802467029564645e-03
9.957997281330244806e-04
7.090376528878256524e-04
7.655307712115123463e-04
4.367786814907401128e-04
7.141883991873534607e-04
9.486734040066767751e-04
8.963375831894265268e-04
2.517195071511391710e-03
7.707685236074745616e-04
1.397921438158891217e-03
5.894214736785085467e-04
2.522579088960867372e-04
1.618006867358732972e-03
1.475355592769429704e-03
5.093735686928150923e-04
1.301179398989672428e-03
1.120559902771194744e-03
5.607492163437385315e-04
1.995880659232009482e-03
9.295865096165256691e-04
8.838576853095397390e-04
9.709203916744616435e-04
1.437003523066167484e-03
8.068614191979595193e-04
5.688347210501463981e-04
8.464030572535214975e-04
1.863747491547966192e-03
5.524568552680519072e-04
2.641952971025667354e-03
1.079028144417097093e-03
7.468118769746747397e-04
1.200937438517080515e-03
5.805853464910307443e-04
4.121812985568866407e-04
1.231261068328360535e-03
9.395228616928295385e-04
4.708883155398617989e-04
1.294023048681127537e-03
4.542993053762163069e-04
5.628844767128919450e-03
7.151405854733521592e-04
1.788032125790783551e-03
1.106014116743279539e-03
3.259838620516564709e-04
1.409263528126136148e-03
7.209746512123001074e-04
6.770048334460317379e-04
5.255068348424681794e-04
8.931697885763181495e-04
5.805853464910307443e-04
9.536309081275717468e-04
7.080964661359584640e-04
8.342159652956578813e-04
8.047587514686622891e-04
5.840116930507255897e-04
1.275326988816712775e-03
9.935700255400325889e-04
5.619051164989741177e-04
8.451903828697813472e-04
2.163379935111870746e-03
6.546887511837946958e-04
2.695094380140932062e-03
1.066261742143717779e-03
5.161320836368326866e-04
9.160112012762715999e-03
8.056787112112896157e-04
5.454704817227560253e-04
1.866183734062249562e-03
5.532597515045797670e-04
7.257150196835228644e-04
6.457131811252248606e-04
1.213841504871546705e-03
4.034054434722524280e-04
7.478280836392718015e-04
4.835027320276267951e-04
1.676969481385319136e-03
6.438403967608785075e-04
8.721100702889179662e-04
2.111005666600541258e-03
8.077391272200797664e-04
7.681532220923319816e-04
4.558021097312993483e-04
7.576951794110031594e-04
7.319655482317507979e-04
6.932701524831737195e-04
2.393810855205267835e-03
9.719707736975143194e-04
7.913503777945634461e-04
5.112434293324831774e-04
2.687919894460662640e-03
5.997335041364549929e-04
5.702784750263697111e-04
5.618274615511541616e-04
6.673706213966612609e-04
3.802454594290561349e-04
3.916322936537709439e-04
8.515848955874707853e-04
6.802403780925503568e-04
1.879205304846402356e-03
9.440673582917337783e-04
4.070889389860560129e-04
3.303670012806041254e-04
7.180346277735239098e-04
6.718358790394080710e-04
1.341501039487235031e-03
9.631621919131656351e-04
8.784968698043829106e-04
2.757603906727471390e-04
6.094707249372829233e-04
8.120425618103644131e-04
5.009753581794026620e-04
9.084211455092985887e-04
1.240057444692262969e-03
4.676840290422972163e-04
1.436385613974647257e-03
4.754568953057734977e-04
9.643095014238870031e-04
8.357703735765302814e-04
6.178143476041986302e-04
1.206261006663439904e-03
5.818798606208670961e-04
5.616604465650833732e-04
7.253903594759639889e-04
6.829255799673832799e-04
6.406332266546937559e-04
5.454704817227560253e-04
9.645800051569950948e-04
8.696952472156270660e-04
8.372077708830384700e-04
5.093202763730569904e-04
1.075787956636146524e-03
1.801675102752866523e-03
9.598806729228219351e-04
4.193543902738705500e-04
1.114297188410643411e-03
2.072268453316162759e-03
9.900342441915811146e-04
2.405476693184288757e-03
3.750254407499783657e-04
2.757603906727471390e-04
3.959506808632474572e-04
3.968622942811796616e-04
5.956004440557546810e-04
1.384782760464980684e-03
9.023559816657670965e-04
1.364982790063537206e-03
4.780563182728070131e-04
5.253902372629048892e-04
6.145299458367044741e-04
4.072675659176143133e-04
1.293249770049227079e-03
1.327620484396283993e-03
3.530717797731063772e-04
1.262422938763266148e-03
4.669590211271230267e-04
2.663444540044147477e-04
8.037513568961290877e-04
1.189755806160212826e-03
9.886260717558445835e-04
1.223514555071604330e-03
5.766766893247305759e-04
2.244079887837172223e-03
6.996051087287544689e-04
4.543895092863882651e-04
7.275896909294846896e-04
9.300288857294845011e-04
9.699779935864815501e-04
1.724312193952380612e-03
6.087703074220910532e-04
7.824500547980797749e-04
1.320714289561015099e-03
6.975278627410516456e-04
1.369172843369327163e-03
8.222006203978576887e-04
6.207454635990679011e-04
1.057770042449937423e-03
7.594137429747187642e-04
1.141404150905524998e-03
4.454317613566548977e-04
5.185997032463478436e-03
9.943763984809081500e-04
3.132441841481745852e-04
4.838671937196099815e-04
5.448038974661205793e-04
4.344780680700326527e-04
5.220308460805317408e-04
6.405216883190219127e-04
2.170945963139942446e-03
6.971069239675511953e-04
6.842637071348649366e-04
4.621450509133719488e-04
8.641668832955958250e-04
5.139924377745901324e-04
2.800029296486979276e-04
1.825083297022624075e-03
4.428948048410343051e-04
8.310014783848062095e-04
1.076589955736156207e-03
8.736743173189455989e-04
6.757287474693740538e-04
3.806570356791998946e-04
4.714634544914271140e-04
5.930277461244604868e-04
2.690473728074461155e-04
1.030517596780661021e-03
9.671533138643818601e-04
5.620305958566755621e-04
4.982244804056699082e-04
1.124996977580973272e-03
7.017736046805493838e-04
7.961879571565006093e-04
1.221837539557141727e-03
4.789128504853702381e-04
3.884877698100277360e-03
1.421082298610743064e-03
3.483430470152834124e-04
3.787526020768228001e-04
5.764142994761831378e-04
7.515136666087099491e-04
4.672476301750161810e-04
1.480385923557220795e-03
1.049541019458266134e-03
1.018026327760604465e-03
5.111207445455463088e-04
6.569043930887967942e-04
5.590293414488456012e-04
1.185923363101104491e-03
5.832251000339420000e-04
4.045518857187617445e-03
4.762707115674391319e-04
3.320950543372104828e-04
4.616732234294742047e-04
9.772146117057833696e-04
4.985938341106467379e-04
2.087538479703437456e-03
7.152078189329986015e-04
6.293949444244020981e-04
4.114025643828231392e-04
6.080125640591177785e-04
8.910997440750505032e-04
6.666779196509724139e-04
1.063562249046022187e-03
3.723844233822033918e-04
1.344825987673484245e-03
1.791056494438107065e-03
1.167636302209387831e-03
1.239405806817064611e-03
5.832251000339420000e-04
8.931697885763181495e-04
6.347066812841761730e-04
9.026253374244234701e-04
6.928547905374346852e-04
5.610911223312580777e-04
7.486972216744432239e-04
9.181931625872159167e-04
5.168601677918059027e-04
5.341827785171759805e-04
1.328812091178774562e-03
1.769585184270453665e-03
3.397540535800651351e-03
4.749439052079267054e-04
8.458972362318167371e-04
5.957874525681740915e-04
9.647186189690660401e-04
6.503276900655557188e-04
7.413053987448268078e-04
9.590143473277380802e-04
1.449528120977365770e-03
5.295771071669782420e-04
2.786391137401635684e-04
7.981191225280828607e-04
5.308288630225000424e-04
7.307208345869885182e-04
6.378718587200460583e-04
1.789527895302328109e-03
6.584688716126319485e-04
5.992154337476883214e-04
2.055280506201536891e-03
7.236678115235138566e-04
1.115829259347115221e-03
2.191158693064025349e-03
5.949971479405495632e-04
9.918336917767926579e-04
9.324891574740742494e-04
1.017166082156176080e-03
6.503651953446299826e-04
1.504893399114035210e-03
4.918718731040883302e-04
4.882742736763085790e-04
4.210149832014585536e-03
7.352955536517705474e-04
8.664392584501006116e-04
5.011092898302840293e-04
1.741912227534057325e-03
9.061859780886659388e-04
7.141052016743892460e-04
5.489442249621653185e-04
1.908123989041798181e-03
2.544283856595749242e-03
5.512413033615943658e-04
4.808840409047114746e-04
7.584591694981346680e-04
3.704058311326207634e-04
4.898783837049845756e-04
2.598499612974754496e-03
5.530876364717119895e-04
3.520066785571792593e-03
5.606302630900242712e-04
1.787875765271630538e-03
8.274282720687848799e-04
3.169111005762564859e-04
6.856511173342482324e-04
5.716020006422771861e-04
1.160160498439193706e-03
