5.696985512983046345e-04
7.762141469329840145e-04
4.024755741580443623e-04
6.747700717740884009e-04
5.006287210928899670e-04
9.451555247784403611e-04
5.461519451776228372e-04
3.734389481832123096e-04
4.406306488568041842e-04
6.333388388906323069e-04
1.794418997734296755e-03
4.544618223588481982e-04
1.003244425280435141e-03
5.195663545965102008e-04
6.024202791960638331e-04
9.864422199286936640e-04
8.697347948640779232e-04
5.652299778650741709e-04
4.748610116022147190e-04
4.454822866458259733e-04
2.196068010750105472e-03
9.176945861867661595e-04
4.973161714128815358e-04
7.464873847208591167e-04
2.132830628390899809e-04
3.219099393010900847e-04
6.972780275096883895e-04
8.140806334266173765e-04
1.908262250164665438e-03
7.011836997680626939e-04
9.439561812625270418e-04
5.129445487230085325e-04
8.867079556904062946e-04
5.907374896322874387e-04
5.532927948813838462e-04
3.994806690922864220e-04
1.123113654517203693e-03
1.256064712391091309e-03
1.081372895884082563e-03
4.465234342246521054e-04
3.421425985171917860e-04
6.120446737149380688e-04
4.536831961033515746e-04
3.734721740933955340e-04
4.707525383839348274e-04
6.223691237762915204e-04
3.672834210321355747e-04
5.373034706292045956e-04
2.971808158506968663e-03
5.460728018116141596e-04
4.188388384325314549e-04
3.795835841967300141e-04
6.020053411053906444e-04
3.254466430725918820e-04
1.458773400836856343e-03
9.269756710799233147e-04
2.518229234967493246e-03
8.702876344685731361e-04
1.489442954738006862e-03
9.965705927222710120e-04
7.645393485611649094e-04
4.996296556042627421e-04
4.362251980318610834e-04
3.542055605365455797e-04
8.923414546119977321e-04
9.818005193662812224e-04
5.021803393173793900e-04
8.391847898622982688e-04
1.459239094579706459e-03
1.215819137808440802e-03
3.742113348693674232e-04
1.426828018792449795e-03
9.850372289075340088e-04
7.234758725184863969e-04
6.127836103868685358e-04
1.407716646596783540e-03
5.014881552895104379e-04
1.023115307226160316e-03
8.500416684689434494e-04
5.594997781331183554e-04
4.374912311402223350e-04
3.188536310976045865e-04
4.020609681393664549e-04
5.849889880274384462e-04
3.417900328201003892e-04
4.330765943110092718e-04
9.755759769293343136e-04
2.542891221999860150e-04
1.929935447705350467e-03
1.284717644012744065e-03
8.242747662076342890e-04
5.114570300014829526e-04
1.114722945962538401e-03
1.480670198570428449e-03
5.353547523767616251e-04
7.003305231774794052e-04
1.054070416449309766e-03
4.510336478083584321e-04
6.183610192784594686e-04
7.813520123945244490e-04
4.517597283723257060e-04
9.336264477617057600e-04
7.506038881792300018e-04
6.502455999070062657e-04
4.173045051099803868e-04
6.528124067195782742e-04
5.809709644605331276e-04
1.036736527798713713e-03
1.718466312982877553e-03
4.806237400195727564e-04
4.953021410468428070e-04
1.745114706218608633e-03
4.992102877376368170e-04
1.171805060866818252e-03
1.788978698950792305e-03
1.387798338736510179e-03
3.219266130819957547e-04
1.022429256516379798e-03
7.666216018870384641e-04
9.892705367551318709e-04
3.848182558630513280e-04
9.130773490004800855e-04
3.560890756369074076e-04
9.451896167568357406e-04
6.007161252775671282e-04
2.115696411729155787e-03
6.199081151733813180e-04
7.744756649564134461e-04
2.111681256675122364e-03
2.490046087984119656e-03
5.952901637094216167e-04
3.434851446141231755e-04
6.433388355239609167e-04
4.677750216621905685e-04
9.449824500598343708e-04
8.997443308126208510e-04
2.038079467972494455e-03
1.284717644012744065e-03
6.784144224746477270e-04
6.652275518396229400e-04
4.582731540352520368e-04
4.855722164688422329e-04
1.337606432277823861e-03
5.459366623648197973e-04
4.488216133487169402e-04
7.530543978642983277e-04
7.313332572799314353e-04
1.291274918952789539e-03
8.987642330098908174e-04
6.048898485032803887e-04
2.846314554830186314e-04
7.488175474943313753e-04
1.676440449790872478e-03
6.435560788760432728e-04
6.058907445539349866e-04
3.958950008955004199e-04
8.584978068314939263e-04
1.062497687020647757e-03
5.209387800733003126e-04
8.107496286464944924e-04
8.267015661466278406e-04
7.689371185567755356e-04
5.323289137583312944e-03
9.635121727135825039e-04
3.246251406298237478e-04
3.324339471623834977e-04
9.983960556785790707e-04
6.610600150191261234e-04
4.843150910740740911e-04
3.057705602446766273e-04
7.843057421118280505e-04
9.021420848869970456e-04
4.031074141453319486e-04
4.673488867229390244e-04
3.383064140472143437e-04
5.504233324023077986e-04
2.264822715441437695e-04
4.791939703194985690e-04
2.337792678236037640e-03
7.930065703803358072e-04
7.412160879458291668e-04
6.990654829680672481e-04
5.651331525985429580e-04
4.714047907741370641e-04
5.327567010771696318e-04
1.073699461744018679e-03
4.523474968671777432e-04
1.278291304829659320e-03
1.103208613107103985e-03
6.466010405760457902e-04
3.715276293439738215e-04
9.987461627704340757e-04
5.198276884653337286e-04
4.341003693868417329e-04
1.573171312688417421e-03
4.716027196142488342e-04
4.270942364375852093e-04
7.187391515154443198e-04
9.013884459105052805e-04
4.170276523060659235e-04
3.908145945037805845e-04
8.815898673247980332e-04
5.613141453391699929e-04
6.218900476038668633e-04
2.891065347681272615e-03
3.263330008348514963e-04
1.121538776904929978e-03
8.715724506896281240e-04
8.372449858724601750e-04
3.601696666415405540e-04
5.524862179405975711e-04
1.104692948725798660e-03
5.052168287765702219e-04
2.233858927303647521e-03
4.551058282490688038e-04
8.400853173626888267e-04
4.854135057107789399e-04
4.051459889588540295e-04
1.118532268310435925e-03
6.831828287152073029e-04
3.916099555823363606e-04
5.053090671150767439e-04
1.218854067568699885e-03
3.833013724946962835e-04
1.558551890971465910e-03
1.932228913781712651e-03
1.056648161018567712e-03
6.348316647893262159e-04
3.736824876684956102e-04
6.279969330820973960e-04
7.115752358092688025e-04
4.307031707153459281e-03
2.105998424102436747e-03
6.097194723946196184e-04
7.723460974327868087e-04
1.016465023889931256e-02
6.303409228755459072e-04
7.917783811665539753e-04
6.851538469496906963e-04
8.069973832689870214e-04
1.448425968336958507e-03
4.542470876833417347e-03
1.213348784035398397e-03
1.083610560340241263e-03
2.807628381703283836e-04
1.592636933462465666e-03
4.036876299756515189e-04
9.031415814403277341e-04
5.314576810140550890e-04
4.519191623839892381e-04
6.682330360874179495e-04
7.148481443870725264e-04
7.212449347721213702e-04
5.192706592396932781e-04
4.380506708814939625e-04
7.855149486804224824e-04
9.519442306908714943e-03
1.530790859096433504e-03
8.749733572801276019e-04
1.352212854437077503e-03
7.098964499881566621e-04
1.355197712304598810e-03
1.126084508505622878e-03
6.892789918863176379e-04
6.689215014067707594e-04
4.053248393723935688e-04
9.071774014872768062e-04
3.474652219092982637e-04
8.725660603141258392e-04
5.750936040555994222e-04
4.243185974974646169e-04
1.018077038496538250e-03
5.985696137617303172e-04
8.576237394446880550e-04
1.219706383909735471e-03
3.502152495266284385e-04
5.368578478098817199e-04
5.615547714508190491e-04
3.136075039124465273e-04
6.882621682541680084e-04
1.748637000816674137e-03
4.326329396489592420e-04
8.763718546332264136e-04
7.533578002841302690e-04
7.830518960180651855e-04
7.158200543653367096e-04
5.576016894351964494e-04
1.229830884661363378e-03
4.596696589360202835e-04
4.961643549649612890e-04
1.311966900761266271e-03
2.721133129948000422e-04
9.080991611256732359e-04
7.089067282887450989e-04
7.411179093764505652e-04
1.423175765743340312e-03
1.402756067194427334e-03
2.827183075666926540e-04
1.369557651910455719e-03
7.975682666339758758e-04
1.049637299003132332e-03
9.021420848869970456e-04
5.173854489701067323e-03
2.503851675481452211e-04
6.698338403802407606e-04
6.607212017838096779e-04
1.526068544906155136e-03
4.300850111321878090e-04
9.142283455047903618e-04
6.120233602057875656e-04
6.541310065722713346e-04
9.426401996323244660e-04
1.120386989280909920e-03
1.196279803183989115e-03
5.870857265643237817e-04
3.754172246182695279e-04
6.666772082226142407e-04
6.256134015162712015e-04
8.547848238744231450e-04
6.133881255220791431e-04
1.677854515087191323e-03
7.244555042779819362e-04
1.155518453650775795e-02
1.237401053569482786e-03
5.472668879833127772e-04
7.956091028701148433e-04
4.367960411211740490e-04
1.782674869230609516e-03
4.265322987016265588e-04
3.809149519377568035e-04
1.868922460435035009e-03
1.032904533802356988e-03
1.241093403469328447e-03
5.534410857038388849e-04
6.012051214245535185e-04
3.101508981890819302e-03
9.925550266546543949e-04
3.212730107603051482e-04
6.864610287246840619e-04
2.043957253836312538e-03
5.350053147603030723e-04
8.507587420013309988e-04
6.154956059207966927e-04
6.220593294116468332e-04
4.297557805078643968e-03
7.297166866647332569e-04
1.621985091226009002e-03
4.962003072223835189e-04
7.418746366895344335e-04
8.291366090476464529e-03
3.273689386533506032e-04
6.565153014343379787e-04
7.273390954285537547e-04
1.614125450156147059e-03
5.321415597780299999e-04
6.052366291132258054e-04
4.643269039192676555e-04
2.142797775971663331e-03
3.290210424097876618e-03
5.712722119596967034e-04
2.370036899083668037e-03
4.582442391388697974e-04
6.227118131568859776e-04
3.892432535348668097e-03
4.853968598949903084e-04
6.833818801068682926e-04
8.931958188042589354e-04
6.711052790530379125e-04
4.896860458362208707e-03
4.133482276512082825e-04
6.116166477902290578e-04
2.667764034104917227e-03
8.227676415739178717e-04
9.426401996323244660e-04
1.514673630919207521e-03
8.456385097783916021e-04
6.607915602323408610e-04
3.835728631683994337e-04
7.035173606190814376e-04
5.225446458604928032e-04
4.895517144432627588e-04
5.591603900968772790e-04
5.215583234911282898e-04
4.501619878034206321e-04
5.356201812747140960e-04
5.442457211505653206e-04
2.079868513468242225e-03
5.887921111727938269e-04
6.769889928577209554e-04
1.116465004399160802e-03
4.708218099469713733e-04
7.217719352095260978e-04
5.307982013274926232e-04
7.428752682391844908e-04
6.328666814413211718e-04
1.030835486350795485e-03
1.129653808306642750e-03
5.825083459990985403e-04
1.393686896338210352e-03
1.244370841076827394e-03
6.658548109460414501e-04
4.885151325507294199e-04
2.919442223469985095e-03
6.875290086775160455e-04
3.185055204994931624e-03
6.929230617203718887e-04
1.000390419303589986e-03
7.584805905247823552e-04
3.211193217822047499e-03
4.046969021722753783e-04
6.621849957896492125e-04
3.893302657755613500e-04
7.154318775759180640e-04
3.899860262468755933e-04
1.339393600367987016e-03
1.114320448571818603e-03
8.172676299700665573e-04
2.154191142025078075e-03
7.751976013491492261e-04
6.769889928577209554e-04
3.082476951476395294e-04
1.710653976312851007e-03
3.843224477301996874e-04
3.902998467618131579e-04
8.495250223191130922e-04
4.628140042973296676e-04
5.702823093136640637e-04
8.476848566627210365e-04
1.408998334284268517e-03
5.516991788462241846e-04
1.470025961690543410e-03
1.099882413155180367e-03
9.138726177663555753e-04
6.097194723946196184e-04
4.076712423771497299e-04
7.878752168922624520e-04
4.862777500536825405e-04
6.769889928577209554e-04
1.608465639314723885e-03
1.271394657329238693e-03
6.421439123867794850e-04
7.843057421118280505e-04
6.473687079198029099e-04
2.365764601895097800e-03
6.990546775361789139e-04
4.118037937310166504e-04
1.553460950819628974e-03
5.434482567896232888e-04
4.062899622242621819e-04
6.120852051159117284e-04
6.100025450402255228e-04
6.924025616566275134e-04
5.400357833955138180e-03
4.911497304780008651e-04
8.749425987150444197e-04
6.705551734420788206e-04
4.467520740318742939e-04
9.130977476419172099e-04
1.399551119896580691e-03
8.783949105758438996e-04
1.015567619622347127e-03
5.455175358250158963e-04
1.218854067568699885e-03
7.917783811665539753e-04
3.731318798662626446e-03
6.514479751822151296e-04
2.664384431473136843e-04
6.475452297431966023e-04
1.522873695197226067e-03
1.020818622387539452e-03
1.383712719469983856e-03
1.034668865761527012e-03
1.015845535274709785e-03
5.296877218492632372e-04
6.875290086775160455e-04
2.899757639851357214e-04
7.878752168922624520e-04
3.592997048505257654e-03
4.472875307106971652e-04
3.058980240875266120e-03
5.753092746033632455e-04
6.070599515256169419e-04
6.508815072743294938e-04
5.399612110235985953e-04
5.080823417994475557e-04
3.986490999770726253e-04
1.016675645603370330e-03
3.312081633216922070e-04
3.472812749622050340e-04
2.176336925329647176e-03
6.285382665201314769e-04
8.024843560046078560e-04
5.972773650211975205e-04
9.621263917081056185e-04
1.734949578601441625e-02
5.782685885043278981e-04
2.656704236397505487e-03
9.785748113612310894e-04
1.905918483588341181e-03
2.636187318056215385e-03
1.433761191753409568e-03
1.197816835071117709e-03
5.003730809087426250e-04
9.473302687867529714e-04
3.924911336369977014e-04
8.774205175886167808e-04
1.010121447493177822e-03
5.990687639746088535e-04
6.048898485032803887e-04
8.493955096012659927e-04
3.451341167286941266e-04
2.930907290647598827e-03
6.111424095519056923e-04
1.232841050609595653e-03
5.788325509530296625e-04
9.454072022502122341e-04
5.289918902822021577e-04
7.084568801870431455e-04
5.637043280975973175e-04
8.395826292063184081e-04
8.024939111947613970e-04
8.658449017088508696e-04
1.032112701260251000e-03
1.131399390825023549e-03
6.809987988052235066e-04
1.601032178022505437e-03
3.800716922801442889e-04
1.919822408738431838e-03
6.322258374395853817e-04
1.949311596167359198e-03
4.517597283723257060e-04
4.628140042973296676e-04
9.944231820902373412e-04
7.319925485378646476e-04
5.398146251825176314e-04
4.421554006348069705e-04
6.479918896623253601e-04
4.410708712401615618e-04
3.121527174298432917e-04
7.190251026061066433e-04
7.398770711316425726e-03
1.797008913416705666e-03
1.706764774855062646e-03
9.849392131875524606e-04
6.273615965787411597e-04
3.568897479020356495e-04
1.004465194202071917e-03
4.070789871223520740e-04
3.588052626154084957e-04
1.005817956462406017e-03
7.866456958086689164e-04
1.080621564315916187e-03
4.291218118824598345e-04
1.006845988720514017e-03
1.233386527937644934e-03
6.698226927907535147e-04
8.566802027232774727e-04
8.400853535998843626e-04
4.822149367474689425e-04
5.315484608593625676e-04
5.855390997525018780e-04
8.382560431737465928e-04
1.099016251999314180e-03
9.308270105253861832e-04
8.038225263551037518e-04
5.386357334574853753e-04
5.657349732095584343e-04
3.139527699376053085e-04
1.268456247183292768e-03
5.508997045407942883e-04
5.577893000078126958e-04
6.341981538575965733e-04
3.951643788236620415e-04
1.119382993284953349e-03
9.317911170784711145e-04
4.609702855021061683e-04
3.636737069024039218e-04
1.507552032540869199e-03
1.017038884791189590e-03
9.712266833674579455e-04
4.206889179802146377e-04
7.661559694240707751e-04
8.124893940363142174e-04
4.542470876833417347e-03
6.663984379135275008e-04
5.349985004440423967e-04
5.241411405308679704e-04
3.523070640713099979e-04
5.276501023953860661e-04
1.014610340176328286e-03
1.591871692916436380e-03
3.342329788523871201e-04
5.420743827214578522e-04
3.952657984870235758e-04
4.429280236713198805e-04
2.868209328267024060e-04
6.539878016709967015e-04
6.447418712810022061e-04
6.645037113313576310e-04
4.237117416209892386e-04
2.199549241887890222e-03
2.746792726393925983e-03
4.208698584303426364e-04
2.533479295279687685e-04
4.708218099469713733e-04
1.107961488723077171e-03
4.040199262641060878e-04
2.115696411729155787e-03
1.179278233200694182e-03
9.474541787322406225e-04
8.141095170812345273e-04
7.168478659594930804e-04
8.245264800094901769e-04
1.201224677866177554e-03
1.193696231929673116e-03
2.054082594817321309e-03
3.192817415574288878e-04
6.575010262508941506e-04
8.792639981711157775e-04
3.788915620813210097e-04
4.416272823262840878e-04
7.843057421118280505e-04
7.457446037916883128e-04
5.177630788385111007e-04
7.323058134283385104e-04
5.458579090660528642e-04
5.205660792210775904e-04
8.689068848234480363e-04
8.702227372349868482e-04
1.462466088839403221e-03
4.111721102631620581e-04
8.109179138595522425e-04
3.848058389435635987e-04
8.642427177351063791e-03
2.916464621046954437e-04
1.820233518165596245e-03
7.989811201314718676e-04
7.964733399232884264e-04
1.119010137208566484e-03
4.369514302224058620e-04
9.044524504967531081e-04
4.313404906199433809e-04
7.354034213139920822e-04
6.087250894186111436e-04
2.206352820924282782e-04
5.990687639746088535e-04
5.155286510173837881e-04
6.972780275096883895e-04
4.841203515586099074e-04
6.976188419477332130e-04
9.291084418160380689e-04
3.843224477301996874e-04
6.740409994318940059e-04
6.908202725232234732e-04
1.046702040883292460e-02
6.999124607750974560e-04
8.378111892907906619e-04
5.039380782268086017e-04
3.988821154424738655e-04
9.012741396525099109e-04
1.854252283541576746e-03
1.024403182520572343e-03
4.206286908194630881e-04
5.207225373689169890e-04
1.706764774855062646e-03
6.768675917559074549e-04
2.350872333060431392e-04
4.378675038082492838e-04
4.369514302224058620e-04
8.114495041942187134e-04
1.271919173037305882e-03
2.368119081826074689e-03
4.682421843878593719e-04
1.094791598524060081e-03
7.289898722451866511e-04
4.035470208082393316e-04
3.655017536164264884e-04
2.204733629871146079e-03
3.037161730195388990e-03
1.092595739614649281e-03
1.193265006546393846e-03
4.731510177978251680e-04
5.516991788462241846e-04
4.749697928561633716e-04
9.738461480732790070e-04
8.959171627285209601e-04
6.492100716888710935e-04
9.187151112026617321e-04
7.460389482577549532e-04
9.854427252077508411e-04
1.340943878313180472e-03
9.263440901090714153e-04
8.671618612827991773e-04
5.881230186143015810e-04
1.480777498696779363e-03
2.816294803543435785e-04
8.312478604188455657e-04
4.187648280602427882e-04
2.718851652459366910e-03
8.171096760146293655e-04
4.222110099128294821e-04
3.234254353895489186e-04
1.718466312982877553e-03
8.846723800503803565e-04
5.590233166492671003e-04
1.046651741235991645e-03
6.749142700725195608e-04
9.117025179738302973e-04
1.564694293031124693e-03
5.343037698644148093e-04
8.035599521690579231e-04
6.440583014261745806e-04
9.551644624106316950e-04
3.679223032420162603e-04
7.085558524014776713e-04
6.405999656533743715e-04
4.270575794342387093e-04
3.741583462159622352e-04
6.711052790530379125e-04
3.731545109557430468e-04
1.194533162160422253e-03
4.983288815494086969e-04
4.491358917072640466e-04
5.336177984475479977e-04
5.094552526183080202e-04
9.109445615685579428e-04
1.566807064997035454e-03
5.725208846937133349e-04
1.182850622288819046e-03
8.393993359772775791e-04
4.541968572359071231e-04
8.691332203366009326e-03
5.652299778650741709e-04
1.423175765743340312e-03
1.526068544906155136e-03
1.517384270703923564e-03
6.544545092676175031e-04
1.140835380774160015e-03
7.232219411076272865e-04
4.973838377447756818e-04
8.275048326426826233e-04
9.458738020306507299e-04
6.765763761619260656e-04
8.867079556904062946e-04
4.442113292723888344e-04
3.330076132960422251e-04
4.761500327001578483e-04
5.550067862044611583e-04
5.114361701477715101e-04
4.744531631436609670e-04
4.539957551625426932e-04
1.051004922847333187e-03
1.092970072552644631e-03
1.025282823654520645e-03
5.682183461481026942e-04
6.193969617072005596e-04
1.084006567393300518e-03
6.926556432199674432e-04
1.017949773157005846e-03
5.352166376942132237e-04
7.106897217036663638e-04
7.161644467765668426e-04
1.007998450653584729e-03
6.635388776182072484e-04
9.850372289075340088e-04
6.577636326393064038e-04
3.432592754701862679e-04
4.430096457912860203e-04
6.064336957033601271e-04
5.359924227734337750e-04
2.939517600452910590e-04
1.633786118648585016e-03
5.760631260230942262e-04
4.170889881734071171e-04
3.524394765097804368e-04
8.691332203366009326e-03
7.394281025257491572e-04
1.332382997325709442e-03
1.094069612599240897e-03
1.644005527419591106e-03
1.195065205787101481e-03
8.332716017857364887e-04
4.286543333948442222e-04
5.445390167269716130e-04
5.329970108592155514e-04
9.310289864715579544e-04
5.565559534327579015e-04
4.520796132450460316e-04
1.048067960091696648e-03
4.419416707343185122e-04
5.903855211782803487e-04
8.016792244242739980e-04
5.967079077567130369e-04
1.546241265888789566e-03
2.935906170827907763e-04
6.246437400175876026e-04
4.423415072490658969e-04
5.052757518621109984e-04
1.507844452523909341e-03
8.832430732027901025e-04
5.055638959187268994e-04
8.282174622974492525e-04
3.921576424982555192e-04
4.703577222692151630e-04
4.440123507637680511e-04
6.720732593281348406e-04
2.966943336789982393e-04
9.298411250554499807e-04
3.724873691528146125e-04
4.649485123571580778e-04
6.751831116993693618e-04
1.722026239630278059e-03
1.099489962251043755e-03
3.969695098125858648e-04
5.318116516966110447e-04
4.572035133707531276e-04
5.044562893837193761e-04
1.101880799142003833e-03
4.856986335704216689e-04
1.619493533196856520e-03
1.098022108258548324e-03
1.072425359020961295e-03
2.843230896313643074e-03
8.011520664630353413e-04
5.306493201693138120e-04
5.661755415099155005e-04
2.775327491639323720e-04
5.527587496697128995e-04
8.198122562890319386e-04
4.092225205871114434e-04
9.988802578737830413e-04
3.390904225063994491e-04
8.592254118063584641e-04
7.551828712716065865e-04
4.365902010947339562e-04
2.143624044829105062e-03
5.016707470582227506e-04
7.297431527190246375e-04
3.239877312244448995e-04
5.205553920773440266e-04
8.461527815557688594e-04
1.076851412539470230e-03
1.159254242497347910e-03
1.031969123937617099e-03
4.542470876833417347e-03
5.419085085458128989e-04
5.466677221510594670e-04
4.943171004814930032e-04
5.977867333990477625e-04
7.567092410635414650e-04
8.267015661466278406e-04
6.318737008721768368e-04
4.536831961033515746e-04
3.188324167514080816e-04
4.535843622656510568e-04
9.742464946600668235e-04
1.082841292655207545e-03
6.528265803011725800e-04
4.833875326131523110e-04
4.522604017765763742e-04
7.524852486681835951e-04
4.720841474128451161e-04
1.700763701135202081e-03
2.899757639851357214e-04
1.176396681538162837e-03
3.907330187107589496e-04
5.236062974008712104e-04
2.202276976454804139e-03
2.972897815210858840e-03
4.482359278542730218e-04
3.320544046371817011e-04
1.195065205787101481e-03
5.180552027691181323e-04
2.037261005937131709e-03
4.898631602062410639e-04
4.430017129080067125e-04
5.920578030408314230e-04
5.016707470582227506e-04
7.573658820410580006e-04
6.318840839504475965e-04
9.904516867617883281e-04
4.935609277699679314e-04
5.134850777436171477e-04
5.485157263909425833e-04
1.027862569468476978e-03
8.724920443814631254e-04
1.330013828476767340e-03
7.573658820410580006e-04
4.454822866458259733e-04
4.915296128488239784e-04
4.821029154165968949e-04
7.630876271923764517e-04
3.784389972569504514e-04
7.566275095081865685e-04
8.644483893284315556e-04
1.311534573396191256e-03
9.031415814403277341e-04
9.857926069126792760e-04
5.151194779861471623e-04
1.101212627907712221e-03
1.070549240121539689e-03
6.373367497182348251e-04
4.676664572342264375e-04
2.877195660693608690e-03
7.744488224598120160e-04
3.994107821135736876e-03
5.615547714508190491e-04
2.367339504262267781e-03
3.290210424097876618e-03
6.822589388589277073e-04
1.047256223194170926e-03
8.107205992421453967e-04
6.547955110018186670e-04
7.908769780590706178e-04
1.325056107054850031e-03
4.364065238045029414e-04
1.123113654517203693e-03
1.338845923886489630e-03
3.193724750334024295e-03
5.038432272729938483e-04
1.118953812820722626e-03
4.513048113987684607e-04
3.139017359667753177e-04
6.812001497460713068e-04
3.612850320583812125e-04
5.707295305067891771e-04
2.449726245731795099e-04
4.677155415271103752e-04
6.769889928577209554e-04
1.720357086654120994e-03
2.349238423593943362e-03
1.385538158089021869e-03
5.065842468636728687e-04
4.439054444825196104e-04
3.943637695909298340e-04
8.969466843544613224e-03
8.595024588954659501e-04
7.465210863301992728e-04
8.841083278638480359e-04
5.466902219229690003e-04
5.098652552683402908e-04
2.894892772409106549e-04
8.985000372744907787e-04
3.403823578090631077e-04
7.414604308399442255e-04
2.389738813267863402e-03
4.911517228599947358e-04
2.906407917855631084e-03
6.175147803049602915e-04
1.370998023099980270e-03
1.760828419448730395e-03
2.373410756747277857e-04
7.566246613462208545e-04
2.050642162425654180e-03
8.855075425091875341e-04
3.446526298678457938e-04
6.145627242631438456e-04
3.767498267777062552e-04
1.122241651371225788e-03
3.685086386132861973e-04
6.886994495859518825e-04
1.003419300006505501e-03
4.885151325507294199e-04
3.255582493628980494e-04
6.392294565425901383e-04
4.082652555533391732e-04
7.163586106259846190e-04
8.185378655207453929e-04
4.760089649018736115e-04
1.411137375405576225e-03
7.007926846504891833e-04
6.778878264446671058e-04
1.032904533802356988e-03
9.694336063504423086e-04
1.768628415100998883e-03
7.766304436496932048e-04
3.732790591545137138e-04
1.593347311748206842e-03
8.970296466339152839e-04
7.488557475866642167e-04
6.130391206486624032e-04
6.743081600276228625e-04
1.107663706268938349e-03
6.558323392889300321e-04
7.804842041471299905e-04
8.642427177351063791e-03
3.630232903468083605e-04
1.303529024930482694e-03
7.738240496356248166e-04
1.157589782014495578e-03
1.194305020734411690e-03
4.243628380632924425e-04
8.492524202164585196e-04
1.170590799965749457e-03
1.416885779868408673e-03
9.655299768308972215e-04
5.009176600262359516e-04
4.666499033636988653e-04
1.680935001756116024e-03
5.728199598199244054e-04
