3.985131839790137433e-04
6.614821911750196287e-04
1.205798150661959800e-03
1.257928064758370061e-03
6.073297127026834217e-04
1.572369246485311655e-03
5.062697767691270480e-04
1.123070571936615790e-03
6.861002203483515787e-04
6.918921153372879470e-04
5.379129503954510139e-04
7.150964683041264062e-04
1.803022011509888139e-03
1.237712482970543303e-03
3.490153886082114653e-04
7.392798884300356152e-04
1.511928241257867256e-03
5.354492716002508777e-04
9.030805234838490490e-04
1.604812564994281777e-03
7.733082932925817391e-04
1.402846874569366057e-03
6.715029437632566000e-04
7.468889663187848861e-04
6.669058121592098647e-04
3.254205329516121343e-04
8.227856787794334079e-04
5.623130313277975014e-04
1.475717963150111620e-03
5.701862499924936984e-04
5.927905088964163750e-04
9.301146653365596154e-04
4.612719518821468577e-04
1.382611716545323029e-03
9.109994391391420523e-04
8.845492821741030845e-04
2.431008716076040171e-03
8.561290999538890938e-04
7.900093255909139758e-04
6.064622467621669016e-04
5.775291924436935960e-03
9.198954172672419187e-04
5.882948703179735617e-04
4.994309007423386069e-04
7.778770255849888323e-04
3.908267156235324257e-04
7.846515665487849159e-04
6.516551116240185213e-04
1.995818264779982559e-03
5.837977744904967407e-04
6.713493418974271574e-04
6.903685049874503082e-04
1.367216454266441611e-03
1.271436969652947049e-03
1.367860946932665566e-03
4.672849806176809632e-04
1.157915773993500614e-03
4.741088148178522910e-04
1.262746981263174586e-03
9.580021603783612063e-04
7.308905993034408482e-04
7.211703941459160277e-04
6.272536734505842863e-04
1.030794480548441992e-03
1.677533674958157439e-03
5.560685294708507921e-04
5.447847801381321348e-04
3.136407875277432799e-04
3.844106965960352633e-04
1.446796284105246683e-03
4.512579063697981095e-04
1.303897011425478661e-03
1.447535513301177832e-03
9.307701663085473720e-04
6.179978718675227436e-04
9.139156292841359294e-04
1.798825724883168888e-03
8.675623928485398303e-04
8.817354164329663712e-04
7.848275979962431124e-04
6.133894377725836915e-04
4.733223871180693501e-04
8.406242469632642855e-04
7.179201364741917947e-04
9.428218787547786245e-04
5.563856523345806198e-04
1.116491993874836651e-03
6.272713512474592783e-04
5.643999950284380503e-04
1.141404722195919763e-03
7.023154477268028035e-04
7.723198200468926310e-04
8.281360987712977142e-04
1.186804740106116004e-03
5.842714881455417057e-04
1.358436656505249661e-03
4.548127997577159666e-04
9.539631715389280823e-04
3.976933985820723652e-04
7.615918100334645056e-04
8.690172845088151932e-04
5.738127512658356072e-04
3.772360072473090672e-04
6.141165387045084646e-04
5.728856665825242866e-04
5.219007616081556113e-04
5.545221820832354261e-04
1.082224769732822740e-03
6.861002203483515787e-04
1.290847720879218863e-03
1.214763445861637104e-03
7.327617347642730386e-04
5.867644663944210576e-04
7.406472140094204131e-04
3.608788292886144734e-04
5.211787786461386310e-04
1.094806581322628741e-03
3.737280575971810227e-04
9.562240272517916282e-04
7.179201364741917947e-04
1.171372859509136775e-03
4.202514098954944033e-04
1.022596936500044795e-03
1.838754992566845724e-03
1.125953350811702454e-03
2.531349913555965697e-03
7.922952457779463241e-04
2.408451926873496612e-03
9.474741241242825912e-04
9.337256205796760217e-04
6.658675023817615165e-04
5.119407705298711442e-04
8.020540546785382427e-04
7.507740529899950468e-04
1.047402370852192717e-03
4.009998200087678925e-04
8.007894588042816690e-04
6.089039334746333600e-04
9.167191517521612685e-04
6.036994836321192374e-04
6.836881205571252677e-04
5.445027509496065199e-04
1.125624574077387172e-03
3.073524585730592939e-04
8.064825165779692783e-04
1.317764780802951289e-03
6.117156351804710259e-04
8.181020768740204091e-04
1.592570367816919250e-03
1.541298877890828582e-03
2.138486814806847200e-03
1.242044778206390044e-03
7.950358854243588661e-04
4.895428305872744947e-03
1.489630420150761221e-03
1.740104351739345679e-03
7.096117176289518883e-04
5.159656568078838622e-04
6.562120944240710857e-04
9.718776219703683349e-04
2.908754924835590429e-04
1.066184735088565290e-03
6.947799662449698557e-04
1.391772294457866398e-03
6.088657231183014495e-04
1.356446102013825206e-03
6.967726509064705578e-04
8.517284979611829772e-04
1.141495952620110799e-03
6.157772382910289138e-04
9.068282733218558560e-04
1.119862032037108757e-03
1.476236207408292709e-03
1.434668768084789835e-03
1.155564951706196039e-03
3.377397676787912361e-04
1.043484152388568899e-03
8.607074060933488872e-04
1.141883383284033639e-03
5.553655350749592138e-04
5.403235811569870057e-04
1.436092780645467030e-03
7.351582110921628171e-04
1.975673689168129521e-03
1.135741727783786586e-03
1.542143039615967567e-03
1.368172917266985856e-03
1.589349955294780447e-03
8.869680264962193040e-04
5.511537081612613749e-04
6.439542539029804221e-04
1.021594314427471490e-03
9.349439575521036180e-04
8.826630727879923241e-04
1.426193849747673346e-03
1.231693620978346285e-03
7.635625401019286405e-04
2.442075873999267205e-03
9.004838260995943209e-04
1.026822986983723200e-03
5.993873570488200339e-04
6.770254310183809699e-04
1.992900573469492953e-03
4.133584879479770087e-04
9.164736293557693278e-04
3.918324480744399632e-04
1.823554819936786236e-03
3.355787511893766574e-04
5.058025423296064280e-04
7.171679592163476271e-04
8.732518354355918184e-04
6.133894377725836915e-04
8.705878380679890616e-04
9.149723897635286428e-04
5.368331245039321357e-04
5.424889372034878178e-04
1.637077996658835776e-03
3.627392401466629696e-04
9.930188172958980854e-04
4.092205526632208129e-04
1.122577179426068224e-03
6.143175687512483210e-04
6.419891589833574396e-04
5.064704522866564449e-04
6.454575474862543540e-04
6.270491737765037862e-04
4.139855625306843208e-04
1.170774070027468493e-03
2.120839059742794710e-03
7.335798193042240107e-04
9.965409213118553346e-04
1.299858529639661428e-03
7.406472140094204131e-04
4.774160657280690761e-04
9.412956038242384187e-04
1.134884208563892568e-03
3.227179872190626630e-04
1.254120815910840471e-03
8.310184279759286674e-04
4.305577123601817793e-04
8.074732282498088770e-04
5.909769614018768385e-04
5.188541894463266982e-04
4.720310563723576630e-04
6.315505248933321776e-04
7.948484213412914095e-04
7.980266615422318757e-04
1.189838441989226388e-03
3.651191967563137820e-04
8.247041297169454069e-04
2.749751814751713510e-03
5.111046982446159530e-04
1.932184399613504381e-03
8.331651698137037577e-04
8.010238691566759842e-04
9.548078113353679298e-04
1.118275873985058975e-03
7.851710883972831808e-04
1.071843551269078187e-03
1.718204810037543637e-03
4.650417988166377506e-04
1.216957179038900090e-03
2.212060870189054129e-03
9.806426632340439591e-04
4.221157180164187943e-03
1.037716033308827210e-03
7.384643948768773811e-04
1.336032207226530658e-03
9.438991087685656570e-04
1.865599781566185155e-03
1.162676088228175491e-03
8.053525302906600807e-04
8.205973852539942374e-04
5.963082190484893458e-04
1.991508844448488039e-03
4.464311519632937369e-04
7.643688469707883961e-04
1.287555979254872409e-03
3.403843132965890615e-03
5.872957295831986993e-04
2.751991666823387270e-04
6.953241018214519715e-04
1.691252420767082277e-03
6.835004322567747245e-04
8.285813704152414491e-04
1.033832070122725271e-03
1.306633153196597522e-03
1.036556895562177043e-03
3.389311182890714612e-04
7.634887071927008760e-04
7.691765092142084474e-04
7.450213765917545333e-04
6.590315919958708623e-04
9.368056359880938674e-04
9.406563018563615219e-04
6.469231745903501925e-04
1.174291644495266450e-03
3.921055177116346984e-04
3.352747511338796931e-04
1.319747917352662387e-03
6.947943508027476251e-04
1.538232743054978495e-03
9.055908901857989430e-04
5.565342490969199789e-04
7.001740617549503509e-04
9.711999456342260443e-04
1.189406888455491959e-03
7.096117176289518883e-04
1.601429419457044536e-03
6.250825305093890257e-04
6.527541366623571765e-04
3.455923096148849258e-04
2.071140895316663216e-03
7.501226250259080764e-04
1.674077592846598362e-03
7.255339768784846736e-04
1.227005652281702589e-03
1.520705797358254960e-03
7.225240405526231046e-04
1.106204880610375590e-03
6.848919013724163486e-04
4.699325492443829386e-04
1.307321056216489107e-03
9.232462709521186686e-04
7.500035491014011299e-04
1.209810437955531831e-03
1.084117494933617204e-03
6.137365398943108244e-04
1.567623998573947899e-03
6.893422572062177104e-04
9.013735524902711073e-04
6.422727186314505093e-04
1.396370504126757343e-03
4.982250878471374770e-04
5.769783870065067202e-04
7.770471801486985870e-04
1.497222055259058706e-03
7.778892647295698954e-04
4.600761222056410239e-04
1.764839988536275658e-03
8.325164451045610065e-04
1.705662328920362668e-03
2.982640817990829529e-03
7.388019794018106049e-04
8.266724525251227095e-04
7.637281608427354826e-04
5.928375483807631378e-04
6.399064188370582251e-04
1.042745275169485158e-03
1.063889243804706829e-03
8.461434786493397201e-04
1.562349027348280527e-03
4.935685270051699738e-04
6.461672199173789126e-04
6.711775833030684049e-04
1.507378528420289703e-03
7.787224152545289260e-04
9.474741241242825912e-04
4.706929765107413402e-04
9.316645911333208034e-04
5.152487528040729280e-04
1.132037889593713598e-03
6.133894377725836915e-04
8.841027440742662852e-04
9.651204784986494242e-04
1.098830878034811600e-03
1.069047196100581789e-03
7.268361810320675019e-04
1.284490929534624513e-03
9.298122246560582092e-04
5.087947661622981227e-04
2.184232342374255176e-03
3.962930756452250373e-04
7.592932777794673656e-04
4.258093310803031219e-04
8.873115186934691463e-04
8.009282602445819740e-04
7.641162455575775409e-04
1.856055266258107911e-03
1.585359043166230733e-03
8.925546432565874743e-04
4.505537178670391630e-04
1.069521220615487394e-03
1.417415246011184942e-03
7.115684647937796240e-04
1.345046191254570473e-03
7.495663446291909743e-04
6.974299621449010301e-04
4.987840621562210884e-04
1.084452517863571976e-03
4.254541978565570619e-04
5.954720332160893777e-04
4.806272024818379553e-04
1.750239487486480441e-03
9.683550603981809848e-04
7.871174869860375883e-04
1.696733772751177032e-03
6.553901227759121022e-04
5.176260596625858329e-04
4.531793266672557515e-04
6.878239911365862736e-04
5.414298091304175706e-04
9.537348138797032424e-04
8.313188458814940252e-04
1.027761287837536874e-03
5.750890739202992258e-04
6.266132198334626712e-04
6.967325594568448202e-04
6.545326921856530747e-04
1.426324237946344350e-03
8.431319140293252112e-04
9.754225232308569565e-04
9.870258320243132603e-04
1.211553689659315963e-03
7.384623876351946187e-04
7.698586780649498921e-04
1.232805202606266195e-03
7.921788452356867162e-04
8.792516836782360420e-04
5.449013306896896948e-04
8.705878380679890616e-04
2.325983851339682561e-03
6.176110472689011477e-04
1.550681595131801196e-03
7.115684647937796240e-04
7.855308982413052249e-04
5.067522818886654751e-04
5.560685294708507921e-04
1.023398961283032357e-03
9.773089616886502379e-04
9.708484188870858921e-04
6.213397069848476673e-04
6.348754047093813730e-04
9.214029713979889416e-04
8.636140015651030434e-04
6.878983129123971037e-04
7.404293910105423258e-04
8.707852637030318553e-04
1.675241513451102872e-03
3.316152873056498135e-04
9.543251462196233317e-04
6.057282911903269897e-04
1.425319314346329544e-03
7.100308238524873734e-04
1.214486491630052505e-03
1.316422656694119907e-03
1.720478976919224880e-03
1.335349086376523336e-03
8.533390558197918732e-04
8.443737136694476906e-04
1.348031054536596345e-03
8.055986318053789908e-04
4.152296361879486536e-04
1.145628311806085172e-03
7.516544840343771785e-04
5.994348399534767070e-04
1.090042906331910181e-03
9.549328367177237773e-04
4.585468875415991312e-04
9.297722579410438917e-04
9.644551310997425200e-04
6.939028014519789313e-04
1.204910336352384972e-03
8.176737122831683087e-04
1.134139298909006641e-03
7.115769542772092332e-04
1.653539712796337673e-03
3.434670526622807555e-04
8.782577491326259587e-04
5.928375483807631378e-04
1.053196370109116264e-03
1.162813648368761412e-03
5.954903701746052215e-04
1.088002424761516998e-03
1.301199820815520432e-03
1.094645977487287503e-03
6.879728774486018605e-04
1.176391039018554602e-03
3.840334326194928425e-04
1.097844530388184057e-03
8.673887220318412953e-04
1.101734411635209255e-03
1.601353799932153090e-03
8.758345203926771148e-04
4.986305088471362085e-04
6.212432812224518482e-04
6.879728774486018605e-04
4.520734797258721925e-04
6.109267028442731499e-04
6.991974653428996650e-04
1.683126631538123079e-03
1.320283540609964350e-03
1.934904061855117043e-03
1.117368094441847448e-03
1.071843551269078187e-03
2.903088500211633465e-04
2.173591767994886761e-03
4.915635151496295339e-03
7.684170728229922911e-04
8.805892342262557765e-04
9.799834829647760537e-04
6.414628850521364835e-04
1.028321342791586358e-03
1.053399487785207410e-03
9.356794120074184411e-04
1.113987695542907434e-03
1.106320592231603431e-03
4.563608555544342114e-04
1.918044603678061358e-03
9.670386698627022335e-04
1.314033653210538869e-03
4.254541978565570619e-04
6.917636111516110593e-04
3.439106261713855274e-04
1.080124375281670121e-03
4.453705011553208554e-04
7.119862748668237019e-04
4.398563551267298060e-04
6.967436558646818937e-04
5.734206325441262853e-04
8.512842264682705723e-04
7.255864317610398592e-04
1.378056412240186764e-03
5.715185420393628125e-03
7.579021284621403074e-04
1.362527812237011252e-03
6.548823702721792055e-04
7.617628215660099140e-04
7.938010776214421632e-04
1.135694634908372648e-03
1.402846874569366057e-03
1.296809945355438792e-03
4.887474484635712796e-04
2.807977420262910105e-03
4.821086682165094954e-04
7.164685760577308663e-04
7.981065905441919218e-04
5.241335069228974077e-04
1.065207450165655276e-03
1.371639645073571834e-03
1.119862032037108757e-03
6.453309549802763384e-04
5.994460277985433133e-04
3.617092088629858364e-03
9.704449216067949965e-04
1.525546593379010444e-03
1.285874090876952015e-03
6.399064188370582251e-04
1.431779218762089818e-03
9.722147745070442186e-04
8.593082822276808209e-04
7.384059895522029036e-04
1.263243518260214523e-03
1.713258321252229951e-03
2.055431535145631726e-03
8.791481579340625898e-04
9.655013746929749004e-04
1.266988602380814425e-03
1.066062893849524778e-03
9.850879257473411400e-04
8.907287627226013593e-04
8.463216701576737428e-04
1.754257353516144695e-03
4.788138508214795927e-04
7.173118708812140304e-04
7.124060790330811414e-04
8.511748225867963192e-04
5.634703218675718179e-04
2.899051071934334069e-03
8.139178077537214881e-04
9.999860302871903077e-04
5.908160104128049256e-04
1.212933895478891149e-03
7.632863841239392096e-04
8.285775403247253295e-04
1.378056412240186764e-03
1.310305012706661568e-03
7.468889663187848861e-04
1.811907379973485372e-03
4.852968058322248111e-04
1.213407272822804609e-03
6.289712355497651102e-04
8.245225512145975709e-04
6.825411051556530074e-04
1.283765387951025551e-03
1.733809636265555218e-03
1.897553985553704576e-03
8.954704141121824692e-04
4.734240751950891004e-04
1.189401098913934638e-03
4.876159469416556217e-04
2.026371238345373721e-03
1.550530240706563890e-03
9.834069937278923281e-04
1.107800723429971457e-03
4.558014452158329864e-04
7.212433948826891487e-04
1.115168584821910015e-03
6.623382779665196477e-04
6.049237251315649775e-04
2.054722451333096042e-03
7.778770255849888323e-04
1.393606018330602369e-03
6.679327508437008952e-04
4.113345455347429923e-04
1.158922682042934664e-03
1.552271906873852522e-03
5.541425039042501000e-03
6.846581771226175608e-04
7.738059872436821177e-04
1.287810138345199572e-03
7.945630490735525967e-04
1.275212624845103570e-03
8.026555153358487472e-04
5.821575477548163614e-04
9.438991087685656570e-04
8.045228311642783599e-04
8.857796968604761748e-04
8.817599094530138458e-04
1.965409112615233971e-03
6.295681389463076393e-04
1.182349207038240792e-03
3.966953930285866412e-04
9.895676512177581114e-04
5.373882450693027134e-04
4.840942736362810776e-04
4.394746986744102382e-04
5.178778684960108148e-04
6.321165754689399199e-04
1.468668316436679390e-03
1.912655831240051701e-03
7.942113014054399565e-04
5.996819452195685431e-04
7.488666979526259742e-04
2.017464995815388112e-03
6.429424215045472738e-04
9.042166101827036305e-04
8.472026821560373023e-04
8.181959237666629582e-04
8.890269340949083108e-04
1.907270845729112799e-03
1.940995640021216193e-03
1.703620255880154612e-03
3.889805066456701664e-04
6.873761438102671479e-04
1.186683235342181082e-03
8.533162265992615039e-04
5.317937377651021794e-04
3.857991299508771910e-04
6.243537351638110298e-04
2.806723378002991005e-03
4.479942951839000626e-04
1.736538991188447435e-03
8.333577065861736419e-04
7.453116406827816958e-04
4.438854439486286554e-04
1.041048949957666496e-03
1.127528364202599106e-03
6.598985814166551805e-04
4.335735914784801578e-04
2.972629771038436293e-03
1.152897455027810519e-03
8.144958161118219346e-04
9.164066269000641215e-04
1.206695001891828741e-03
8.702369689105313773e-04
2.862893449504465369e-03
5.282136775509240368e-04
5.110418891026608000e-04
8.488902303028441091e-04
5.511675693931991247e-04
2.364151223410547974e-03
1.328979636099322402e-03
5.349957310063418537e-04
6.159009867894531644e-04
9.386778073543276639e-04
6.889801272416324392e-04
8.650856002552846343e-04
4.617482014992372696e-04
1.382759640469151353e-03
1.258324077193014902e-03
1.809755047194455940e-03
5.013211962287129593e-04
2.233245104575898744e-03
5.689425284160360948e-04
2.886707386622566719e-04
7.522274872801763389e-04
2.074939765560883820e-03
5.367956153760419661e-04
1.047263136636016620e-03
8.950778501456328013e-04
7.651188186071477410e-04
6.204101985474005845e-04
8.924193390639585319e-04
6.791209021297276533e-04
1.011674239251513950e-03
9.653462577818998401e-04
9.539631715389280823e-04
3.886838482138881435e-04
1.129794007016445088e-03
5.160856032437043410e-04
5.249134111161215133e-04
9.153767276286122823e-04
7.994584111107848074e-04
1.119299647586792599e-03
1.246506723656400518e-03
9.458970623696805061e-04
1.007796949655961113e-03
7.028784619565893975e-04
1.025844252022665905e-03
1.066581117222930187e-03
1.583346453645508543e-03
4.722498627111784263e-04
8.617715026628955735e-04
4.915635151496295339e-03
6.001771558292562066e-04
6.967325594568448202e-04
9.236613809081524505e-04
1.044590167240678092e-03
1.501193040161485307e-03
1.081420945322630108e-03
8.922990555687151460e-04
4.480360621251577922e-04
7.490136372466197094e-04
1.069406036234730887e-03
1.468259759963247684e-03
1.580441432535501477e-03
1.109710020596310978e-03
9.190796901301199898e-04
5.159656568078838622e-04
8.232143304284974530e-04
8.111086914318058538e-04
5.706516046100438156e-04
7.415461491481510148e-04
3.565642813215081589e-04
4.380910402005486638e-04
1.529057767463606670e-03
1.524225173694676409e-03
9.542469140345805111e-04
8.604010593313214357e-04
9.479999335845517216e-04
8.463216701576737428e-04
1.090003181971876131e-03
1.544305885742776590e-03
1.020875780077111277e-03
7.973131284454760583e-04
7.522274872801763389e-04
9.194447624027992597e-04
5.159656568078838622e-04
1.098134422253785498e-03
6.947956156782093742e-04
8.565169813640902347e-04
1.499676516103021131e-03
1.162476029695202421e-03
5.363141677395423914e-04
8.760457385969997422e-04
5.325978981976538370e-04
5.596253953159494726e-04
1.324948258890237644e-03
5.563856523345806198e-04
1.775869002179114977e-03
1.613552096527394453e-03
8.506226332791067685e-04
5.662255428698827892e-04
1.028135823477730349e-03
5.194696184042909334e-04
1.717056324422644789e-03
7.108637760995469880e-04
7.568391553447578182e-04
6.412356399808132263e-04
8.612839368991518068e-04
8.618585920502130687e-04
5.629708285855688490e-04
1.468832803766167983e-03
5.073054433223059441e-04
7.159299855256363821e-04
9.646692892397787508e-04
7.874705761882510495e-04
7.933961664094853986e-04
9.030706064250327604e-04
1.402846874569366057e-03
5.830611630878722610e-04
7.451632895470876620e-04
7.507740529899950468e-04
1.157046264188240844e-03
3.746924798950331675e-03
5.251369463095353386e-04
4.736691989507784534e-04
1.435795612302914661e-03
1.484812758995306993e-03
2.870728149239656132e-03
5.108444419709565676e-04
1.676575309296538929e-03
7.335662312134858063e-04
4.185602149629418737e-04
1.092539626996695675e-03
8.908175810924900094e-04
1.188341828433995542e-03
8.195590511222151627e-04
1.804734027626036554e-03
6.241809592395582314e-04
6.058600961272804552e-04
1.531012977380703929e-03
1.131934100621410748e-03
6.159601043397195134e-04
8.407162345407874320e-04
6.701531068457727272e-04
1.447612079627045223e-03
1.090577058660797917e-03
7.721915677043769775e-04
1.138317457448342245e-03
7.810103294702248162e-04
7.115093618936948420e-04
5.840768928908731056e-04
1.180766627939672025e-03
6.099495427137472444e-04
5.701482118450329744e-04
6.811297187456403059e-04
8.277607077305481871e-04
5.638563963161165923e-04
4.483976137067009196e-04
5.695680833857721427e-04
1.094912350288117274e-03
1.033303392001114901e-03
9.309168952269694349e-04
1.107211210205657440e-03
9.231546130373040034e-04
7.047225444367354605e-04
1.104599700421635133e-03
8.186103413647051637e-04
7.183855311405342109e-04
5.202166748950825224e-04
1.170429599001155709e-03
5.832884315770934559e-04
1.900449965347891053e-03
1.347609292068535636e-03
1.293157797694958772e-03
1.838754992566845724e-03
5.489309909416236703e-04
9.233808549497016498e-04
1.141938833286553151e-03
2.744462115995737134e-04
2.034021758792271643e-03
1.140493753036998011e-03
1.009104091293569960e-03
7.279220183964928668e-04
5.231734008353102969e-04
8.645276941969630684e-04
4.429794747956954104e-04
4.535749650976555916e-04
2.948612041616282663e-03
5.241294810346442149e-04
7.104667102607218569e-04
4.943692022846727730e-04
7.325720485684439906e-04
9.681060392775873037e-04
4.455207421911283020e-04
1.678526647684005883e-03
8.531109234001676587e-04
1.192900038321240705e-03
8.898729863530990174e-04
8.837668740039448688e-04
3.701600496175725492e-04
1.230299132738863540e-03
6.242303082244044735e-04
1.536158014419562474e-03
1.019099003359730769e-03
6.532616916753993886e-04
6.600727965499402026e-04
4.283519827537572711e-04
1.081420945322630108e-03
2.643550581872465728e-03
1.586534179719566607e-03
5.934830246477177957e-04
4.185602149629418737e-04
1.097542863616679434e-03
6.954133581294316864e-04
5.845749554131268993e-04
6.420432400992943066e-04
8.931925976015065924e-04
7.582716920392681536e-04
7.446705246995765498e-04
8.343256011469391041e-04
9.395655409263736334e-04
1.147085709226797244e-03
1.531671852401819776e-03
7.818786680637257154e-04
1.235697569504179503e-03
1.501193040161485307e-03
2.435850888476471035e-03
9.018009845953744346e-04
4.663954248098594181e-04
7.103406519819009278e-04
2.659153076498904904e-03
3.644442513229080778e-04
9.121541586353980931e-04
4.893469137106898868e-04
1.556077731571739930e-03
7.872530646043743871e-04
8.754887577033690187e-04
7.044958397269190454e-04
6.507570888357045976e-04
8.123505000396900877e-04
8.111852304216785568e-04
1.501290866044015541e-03
9.524535502297621671e-04
2.504273437452509115e-03
5.539039847611003028e-03
6.416283567965961644e-04
7.715951075478326470e-04
5.236798589486504722e-04
2.409107825561168214e-03
7.133610072084351590e-04
5.417135353491105100e-04
6.844456440428884616e-04
5.732652192202694272e-04
1.509793353737151275e-03
6.549016984277206566e-04
8.065003355876365979e-04
1.556077731571739930e-03
7.536151996002334909e-04
1.714255033245489076e-03
9.043831311057160503e-04
4.689900917463993442e-04
1.069916012415067204e-03
7.610097542463340001e-04
5.970941743263536447e-04
6.226756864725136505e-04
7.976803871608585412e-04
5.928375483807631378e-04
1.121864503115144575e-03
5.781430747445569359e-04
8.566206413306179466e-04
7.125023514738000998e-04
6.483560466904676788e-04
1.734816202306854781e-03
1.580511115434519737e-03
1.850106785018636917e-03
3.870133600778667368e-04
5.041425577266833713e-04
7.044958397269190454e-04
1.824852978530690142e-03
9.514089117725417401e-04
8.917287335604622087e-04
3.868582465497161509e-04
1.104895050928198560e-03
8.017487859870685296e-04
7.939267476972259934e-04
1.263823604678838541e-03
1.195568614282604318e-03
1.370371600946847625e-03
5.940825306822982441e-04
2.421615935560361178e-03
2.614166384036666199e-04
6.072593751843786492e-04
2.570309960445469038e-03
2.815439530559117783e-03
1.967980263786489863e-03
1.037772757657478813e-03
1.069916012415067204e-03
1.625402544122280836e-03
7.291086554335043587e-04
1.067424315099227720e-03
6.618626400406608110e-04
1.084999313609533644e-03
3.739780385383470636e-04
1.390399269761095468e-03
9.538801840164038348e-04
6.018646058141959238e-04
8.814129866060563300e-04
6.953289320762153034e-04
4.879654162558773496e-04
1.582843898726273534e-03
7.162864196786980497e-04
3.247275971936468253e-04
6.643840637301045952e-04
6.917227850832197633e-04
4.345238547425032570e-04
1.741205064991704953e-03
9.382715224627037045e-04
1.552248164428307337e-03
1.754659209617988975e-03
9.683550603981809848e-04
5.581002284931471050e-04
4.368294604955849300e-04
1.558623782123604246e-03
7.111708318036968944e-04
6.781278102152328438e-04
5.720625881054956438e-04
6.991553915363440605e-04
5.469223585176130912e-04
1.717056324422644789e-03
8.079069434119629705e-04
3.132501306716450190e-03
6.256351348072036311e-04
5.336515758266887439e-04
1.219977074252592483e-03
1.010453788166446520e-03
1.067405534688176984e-03
8.389080061861608215e-04
