1.101331827390519477e-03
1.114865525287483689e-03
3.694854783528865073e-04
3.524665806731158289e-04
1.225962166747056846e-03
9.246663053125525698e-04
1.351914516659157581e-03
8.117760119116227855e-04
1.566869266915837337e-03
3.831618060974036977e-04
4.093349675153677572e-04
4.640533141722550216e-04
9.152904388824409420e-04
3.764990826267808257e-04
6.042153885491063697e-04
8.848577359430779242e-04
2.122062275942269982e-03
1.468723712982639412e-03
4.948898593427023419e-04
5.614727359411108209e-04
2.831515492542106653e-03
4.412379004578165231e-03
5.508133808667696951e-04
1.005418565374235169e-03
9.276100423335904540e-04
8.953829578701887797e-04
4.777118909687223238e-04
2.181220417575713798e-03
1.409018206491513721e-03
3.223768685683439075e-04
8.126054842436261985e-04
3.808375921102766346e-04
9.401786927118326205e-04
9.278037172500595234e-04
7.500598266714968501e-04
7.342828983518134584e-04
5.059633975111160449e-04
3.997602096576553668e-04
1.126760417913257257e-03
2.629485906135920403e-04
6.570418822001710150e-04
2.946296795423702648e-04
1.049066098239040791e-03
1.189028693641620230e-03
5.814122189392872822e-04
4.993414713216666337e-04
3.628160292183110021e-04
1.710389668980775166e-03
8.695337787330214511e-04
3.782086947873315036e-04
6.829041575167827316e-04
7.853726870179649801e-04
5.494989816783302488e-04
5.801641199041972317e-04
4.538833978656088715e-04
5.242106522768459230e-04
6.752819041200346052e-04
7.472492410881929892e-04
8.788555595965653758e-04
3.567509402317484949e-04
5.100992639568702192e-03
8.661763275187305293e-04
6.796988431703325549e-04
2.386139943229807856e-03
1.838375053296943847e-03
1.720852674961426739e-03
4.312907593227126432e-04
1.048629276561131125e-03
3.934256538327942569e-04
6.883193626077468421e-04
2.036133846962952330e-03
6.039261956130975153e-04
6.961850779342620065e-04
5.409839374239707854e-04
6.469610581699488262e-04
1.502220637694864002e-03
7.759140991819561033e-04
8.294195308296110295e-04
1.093391612988970762e-03
1.047017926778266890e-03
5.445723704573239999e-04
8.858393872343259040e-04
6.160695309744378253e-04
7.338274298286059146e-04
1.204032123353368164e-03
6.711911140503591276e-04
5.122088734086441275e-04
1.549946317467932114e-03
7.879439250994464163e-04
5.018097422333791212e-04
4.410168199355496530e-04
6.639873870110625173e-04
5.848848258569713842e-04
5.082538397623167191e-04
1.201887630742476268e-03
2.975398909851042573e-04
5.989457430990922752e-04
9.831723494315353952e-04
6.045057236404619786e-04
7.738154877020313920e-04
8.242236397741052340e-04
5.631218776601406130e-04
9.365260420410528473e-04
6.223602435767248411e-04
6.193770392944981593e-04
7.433830958957334326e-04
1.710389668980775166e-03
2.205404104301277360e-04
6.578844140897877057e-04
6.009543234171663183e-04
5.651450339786060319e-04
4.624823865369864545e-04
5.048278699176331642e-04
1.336142223018017654e-02
9.412022463267065691e-04
3.456550435559092014e-04
1.009770374208688887e-03
6.041441144036688651e-04
5.157652868875285505e-04
2.077975916477612685e-03
5.534987716628699201e-04
4.429779630163779023e-04
6.228958778481080531e-04
8.390468726988272417e-04
4.621562820116850256e-04
7.018759606896060165e-04
2.033516758303540155e-03
1.333170344344434752e-03
7.908637994544059349e-04
7.090593194692160033e-04
8.335672728037791428e-04
4.333791262629067722e-04
3.054496397615278887e-04
4.412379004578165231e-03
7.556103378756281758e-04
1.193646769964306969e-03
6.727865758657516557e-04
5.715996069570816003e-04
5.765998166911044057e-04
4.154145669843701920e-03
3.907431465072353622e-04
6.072970433737284604e-04
7.534339864725251613e-04
5.934750770938395509e-03
8.238132857554346768e-04
7.012124777663755011e-04
3.760184078252080020e-04
9.216438869900241658e-04
7.789597708616215720e-04
4.104472565033509849e-04
6.331964569426720008e-04
6.627345643922292421e-04
3.866746010590064856e-04
6.074545245228177596e-04
6.090113393732646393e-04
7.076338128161545988e-04
5.533886901660651754e-04
6.158065677602164376e-04
1.338255627133612619e-03
4.226525438628919284e-04
8.080938428214885609e-04
7.833534815920004156e-04
8.065414590822573724e-04
8.261515749175636549e-04
6.179351865428035686e-04
9.784756952701543012e-04
6.114957023386127094e-03
9.186641692898490918e-04
5.806899691225772282e-04
7.912800868333705719e-04
5.391361540502965632e-04
1.410314229959843454e-03
7.309678277166465352e-04
7.599056655129065663e-04
5.409839374239707854e-04
5.457051608932910478e-04
3.661270634556855301e-04
5.011686097154748011e-04
2.181879170766388618e-04
1.020046663096834316e-03
7.740390845131447668e-04
4.563462193501667172e-04
4.515216749240915251e-04
7.472287449166625968e-04
1.529183381377911604e-03
5.889302979052425625e-04
5.352725167939607551e-04
6.575278672438227435e-04
1.733677080364923141e-03
1.008712628138586217e-03
7.341780908261206487e-04
9.664569373557170030e-04
7.158337694695729621e-03
5.992480103230571125e-04
7.066618133168573596e-04
7.561678327772784237e-04
8.077839827051110392e-04
4.315712454571185575e-04
4.207667141559918739e-04
1.086253999603187465e-03
3.697459518669974862e-04
7.315775348157400534e-04
3.018796757070705845e-03
5.152938519533880463e-04
8.436818243615946001e-04
7.871835843431552451e-04
9.611363715760379723e-04
1.446589089450007809e-03
1.004151139458469948e-03
6.791382392405660804e-04
1.727351674148712131e-03
3.221102379671864253e-03
3.875839493494833495e-04
1.362043462952326062e-03
6.683419389757679378e-04
6.586449932279519288e-04
7.593229893254129252e-04
5.608343134953869486e-04
3.355856439618540624e-04
6.646124108938682726e-04
1.016401416404326928e-03
1.194080134826626133e-03
3.964276224404217732e-04
1.061794818768482503e-03
7.587226436054013727e-04
5.087544195641706662e-04
3.678839970765582549e-04
5.729540951586025452e-04
3.975269717389034703e-04
4.533629123817991950e-04
1.198089153667184284e-03
9.773565207775178690e-04
5.613918719931121088e-04
8.113289624457494485e-04
5.534106512112140245e-04
7.038615140793582541e-04
6.002735739914390320e-04
6.113476840867636221e-04
2.851608206835558497e-04
3.137592713975826731e-04
1.051462821219371988e-03
7.018372970271277971e-04
6.639690720291148082e-04
4.765652253683436449e-04
5.416542080353905922e-04
7.199684014546982357e-04
5.419611443629662262e-04
1.552016817515264931e-03
4.793165530404367727e-04
2.363841149899723916e-03
2.631702958631844456e-04
6.461814481546455675e-04
7.189716690587241114e-04
1.180616939570033972e-03
5.038128493186189811e-04
8.300337607857795211e-04
6.973481020416511487e-04
6.570819779648691406e-04
3.337690169752892660e-04
5.151047792820203763e-04
2.994383559977509333e-04
1.945573887544420908e-03
5.122633031903030482e-04
2.049578161682113694e-03
1.210959511620029712e-03
5.212298016111528969e-04
7.121427720089018197e-04
4.571290379611720411e-04
1.051553208615832067e-03
7.893363082475482202e-04
7.050623011164199993e-04
6.535759294728468770e-04
5.927031066243284869e-04
1.418821260195825187e-03
1.062603547060265866e-03
8.948579602970099757e-04
7.622312061944945712e-04
4.126864633106944961e-04
6.538389204078355697e-04
9.160018166545438488e-04
4.073407746751242465e-04
1.229130768573793520e-03
1.741415930906665835e-03
7.981507666470846491e-04
1.036490720589425306e-03
6.306975551528277296e-04
6.679004001096319754e-04
6.284038400544165797e-04
1.201508912034945616e-03
1.987985646107451234e-03
8.977991518137700116e-04
5.814447773085694784e-04
5.314896565132052426e-04
1.233651022468281464e-03
4.842694376524105224e-04
1.629683939705024991e-03
5.825872799290567929e-04
1.399781702351385717e-03
4.338898869036675516e-04
7.897267341454418475e-04
1.367766092085791760e-03
1.525382493361518346e-03
6.076376767352900492e-04
8.155132888897264004e-04
7.565900622818869147e-04
5.237567472262929982e-04
9.242345118557726254e-04
5.254102786472255454e-04
5.339940676142532639e-04
6.702958297960544655e-04
2.962073913954925051e-04
6.435240173633529704e-04
1.409018206491513721e-03
4.155617437864460632e-04
7.805227547128520743e-04
6.609113248548864009e-04
7.018975153745740094e-04
6.979984913625144997e-04
1.405681713568788030e-03
5.984138389226440315e-04
5.492215401770003712e-04
6.038882272700874226e-04
7.397804158676772037e-04
1.254218380590962911e-03
7.774632500432016860e-04
4.989645010097874377e-04
5.253756789788008481e-03
5.686008366827085192e-04
2.385487371971735902e-03
2.530045040269552421e-04
6.596828485461497717e-04
4.444348839045135003e-04
5.585365001946814576e-04
1.572981874811829302e-03
6.471143357828016947e-04
7.143686626207041302e-04
5.469460037123404167e-04
6.990737485383902682e-04
5.266789076754530702e-04
1.136166906936280935e-03
6.452037643108066026e-04
1.233651022468281464e-03
1.906072150366966032e-03
8.210552766245678754e-04
3.914653201839558665e-04
1.840345083242222752e-03
4.989006999050644986e-04
2.523780783764422060e-03
6.773255770440843879e-04
4.562877689634276457e-04
7.484254940685849174e-04
5.144614498717423089e-04
7.589521554297968750e-04
1.093391612988970762e-03
6.739215395640377236e-04
4.611297929254765354e-04
3.483811373239730858e-04
9.067907961343991659e-04
4.668430338914327264e-04
4.229477231552569911e-04
7.944756419641681297e-04
8.722522840380102444e-04
7.942936838121018384e-04
1.703003714652776652e-03
1.404099683016383484e-03
3.826669760731314846e-04
1.099018969269350112e-03
1.144735995466591126e-03
6.151173222673311878e-04
6.370333216430818088e-04
1.336142223018017654e-02
1.779756410376007441e-03
9.551803632775503206e-04
3.967328992666249330e-04
1.549946317467932114e-03
1.226221548500258012e-03
8.789312160279699315e-04
7.323263464594229402e-04
7.469410358961377228e-04
6.066168187816916788e-04
5.740648947861921869e-04
5.792329510968207123e-04
6.002886118403088144e-04
1.336142223018017654e-02
2.358564262718155016e-03
3.925214465391619885e-04
4.154141530294949095e-04
5.520667241823944268e-04
9.458309636598893422e-04
1.029474012075452024e-03
1.501730307561676813e-03
4.406404651517203735e-04
1.107733534017189912e-03
4.407571367467781891e-04
5.909677588637384177e-04
4.117045378525274768e-04
1.757910703930011401e-03
3.535279609711363541e-03
2.021638104465117627e-03
9.407236523261491238e-04
7.878498241094539353e-04
5.436534390891820676e-04
9.600482348395883350e-04
7.154529511463687992e-04
1.570370808044911116e-03
3.896308842416900363e-04
1.031853115449748179e-03
5.574810686742976643e-04
7.273174849706556507e-04
1.531162703971613399e-03
1.021064537384960662e-03
9.648027706505478895e-04
6.867594123032420058e-04
2.266930781933497452e-03
8.281270358173545157e-04
4.228747648331677772e-04
7.589764453818910548e-04
1.449462281367819554e-03
1.782647238849713062e-03
7.676036408253817485e-04
3.676242596959696874e-04
2.112671849197693928e-03
1.246693404408776105e-03
7.797689962354897386e-04
9.152904388824409420e-04
4.627124138729462742e-04
5.605530381514406500e-04
9.196807596156326330e-04
1.058808308331612470e-03
7.142428892032313612e-04
7.727862058946831630e-04
2.242378813066378280e-03
1.005621361574601585e-03
7.502198699405200058e-04
6.339438080091062229e-04
1.627261214929948043e-03
6.381639830376941835e-04
6.505436385475920355e-04
5.394814172120418992e-04
7.682011237209559378e-04
6.683698721439876008e-04
1.426131597162214396e-03
1.340877156483297758e-03
1.169109433513196251e-03
1.003986710164317874e-03
1.537087357088300467e-03
6.466450861501275588e-04
5.069930518571152435e-04
7.090593194692160033e-04
4.824843542575288401e-04
1.019609833324043981e-03
6.989814477370841651e-04
1.644638278789211901e-03
7.766661421251136194e-04
7.840949057383962218e-04
1.128226535877343336e-03
1.027545735223507443e-03
3.963328732694022111e-04
6.923419036062703922e-04
7.024615608494086177e-04
1.402750454237218286e-03
9.176474528758483181e-04
7.623278699499318970e-04
6.241508388845969525e-04
1.491079901737540295e-03
7.188994955303420770e-04
7.640547729543825878e-04
2.307625721044971340e-03
5.889302979052425625e-04
5.891453517677755101e-04
2.034109809829320447e-03
1.262546144679214596e-03
2.237133123900014037e-03
3.882882652879780338e-04
4.226293227806146233e-04
3.213124672661958180e-04
8.429183654200943666e-04
9.594367195200102305e-04
4.579516511776881129e-04
8.717544800917029126e-04
2.899295811610439529e-04
4.313981768447057549e-04
1.021346219953364349e-03
8.699533177911138691e-04
5.833022347375014160e-04
3.227250520971796494e-04
3.782835529210221235e-03
8.284190101632739204e-04
3.895837778765264708e-04
8.510053038482308114e-04
6.619333242779744473e-04
3.106006163842408522e-03
5.100992639568702192e-03
3.685109993811104263e-04
7.919540470068884945e-04
1.007669817496791714e-03
9.210047499103597279e-04
4.139126170978632102e-04
5.858350623469024254e-04
1.149205574161153232e-03
8.789769078094918130e-04
7.727273798028266296e-04
1.391649969357210180e-03
8.340989161115474303e-04
4.460073437736084305e-04
2.764717769703364065e-04
8.223852381980010584e-04
5.132968809609404813e-04
1.219017444985169779e-03
6.135390919106787971e-04
8.335672728037791428e-04
5.030015341091388517e-04
6.330277502918626922e-04
4.125169269713827697e-04
4.169723896946060573e-04
7.876910642790140547e-04
1.542084756991075932e-03
1.450208979323391401e-03
7.728908211095616727e-04
3.062282343514199923e-02
7.778672796740640841e-04
5.380764787473984578e-04
7.656610601514951672e-04
9.446246358132372655e-04
4.009329763961876460e-04
3.279205136204104624e-04
7.158524375986100204e-04
5.439662021947782840e-04
1.127504220053225951e-03
4.737578085456790292e-04
4.503530393282584397e-04
8.298500571694300294e-04
7.253732422027814536e-04
8.838372614361448155e-04
4.297687318076233117e-04
3.833296413990557364e-04
7.228083655774869250e-04
1.336142223018017654e-02
9.773940081922688310e-04
4.290827728101075838e-04
7.018372970271277971e-04
5.446806304507082093e-04
8.130458761913968678e-04
3.508231488372870032e-04
8.095799735831565262e-04
5.603938282636884965e-04
4.284453427127256657e-04
1.177429381463144078e-03
8.756443823111580670e-04
6.948895348667189159e-04
1.633325491286099400e-03
6.640786618977921303e-04
4.332238237348523188e-03
3.238079234216530112e-04
4.929876137271068564e-04
8.556715802019470478e-04
6.279887245287678246e-04
1.011925983132168014e-03
1.979290107618705916e-03
1.104015125267477889e-03
1.492362517046412311e-03
6.413207048992414271e-04
7.163038396203598402e-04
6.059097038910075082e-04
4.826885119099127855e-04
3.333616101255566181e-03
1.452758155563213093e-03
5.157652868875285505e-04
2.969271618321066113e-03
3.967328992666249330e-04
1.048715093047657880e-03
2.269028974154887806e-04
5.851365957280154099e-04
9.499116383175048705e-04
7.154529511463687992e-04
4.152239957152553565e-04
3.840391840049699797e-04
3.404563113974260142e-04
1.111287465419396464e-03
7.686218690790163656e-04
3.761268161920184954e-04
6.773813554201294287e-04
8.329117177336922305e-04
4.996314714985788420e-04
8.548648149831800016e-04
7.398113888833385580e-04
1.096280192882751045e-03
1.040392824402028640e-03
3.915027069321829921e-04
6.606294688788709847e-04
1.024893870358808273e-03
4.384247700672825937e-04
7.913983405465340208e-04
5.161970087493508849e-04
5.952132247554510480e-04
8.310529585905266020e-04
5.664098018775703437e-04
6.773255770440843879e-04
7.784983407415163549e-04
2.052820346438847567e-03
1.131556615294816758e-03
4.429779630163779023e-04
1.407327088577136611e-03
3.865172542346186676e-04
8.803456050566732093e-04
8.445524813446900593e-04
8.493078539549859260e-04
7.138834746154728000e-04
8.726970642234997515e-04
7.043809264598043830e-04
6.264240164804846115e-04
6.226488734598808724e-04
6.723699611421173105e-04
4.877676101972059221e-04
2.973050593134975682e-03
9.677945492997520709e-04
9.066762970348366457e-04
6.872854176769164266e-04
4.250055990036837863e-04
1.638469373631859646e-03
6.052076997773170059e-04
4.633355309507132948e-04
5.163251340949050888e-04
6.041613764628596698e-04
8.613070483252516360e-04
7.079037939298541120e-04
1.035615254847595213e-03
7.495827001124334612e-04
6.070847131618240054e-04
1.247306958169159142e-03
1.022794836268168693e-03
6.349299743583920437e-04
6.455356004618735067e-04
6.796988431703325549e-04
7.338274298286059146e-04
4.332794852031136997e-04
7.413550780982460430e-04
6.267508445771200745e-04
1.418181621186415369e-03
5.185623320350129552e-04
1.186667652134626655e-03
7.686449599845184954e-04
9.600482348395883350e-04
5.934936814218154085e-04
2.086641868026632100e-03
9.707882589921186479e-04
5.454837883532868753e-04
1.040600875491016521e-03
8.561945051098464278e-04
5.438905298371478955e-04
7.679302206294496072e-04
3.301085161630082951e-04
4.981450291215458546e-04
9.064140286781662047e-04
1.587278660928114447e-03
4.028339627635118278e-04
2.277603234447020126e-04
6.104797272303930187e-04
1.341098151103812825e-03
4.731265733351490877e-04
1.216735786432544993e-03
7.156127170870701893e-04
5.934531223030682515e-04
1.263064631273720304e-03
9.675343020433438239e-04
8.864578885568712022e-04
1.627579061370184200e-03
1.272613080984298390e-03
5.071830162631487315e-04
6.062363379835222603e-04
7.163463560944875307e-04
1.846925121731426934e-03
8.858393872343259040e-04
5.264394577581410365e-04
9.730535947911377655e-04
5.406744034868371431e-04
4.404662555787430453e-04
1.089783710870219661e-03
6.862919368057368314e-04
7.658591244383653471e-04
7.749029122660543124e-04
4.633355309507132948e-04
9.545775215924327296e-04
1.970828931828293770e-03
1.337809365104301743e-03
8.318069078814960401e-04
4.034830557946333983e-04
7.280451649266851287e-04
1.281785566155889660e-03
1.510738383795029796e-03
9.768907926057976247e-04
3.580483074824671388e-04
9.072753923464407398e-04
5.680394338429833488e-04
6.308441516048445431e-04
6.636084351093868815e-04
1.202648703895360357e-03
5.374508466237424382e-04
5.466988974238380173e-04
7.018418709687313049e-04
6.124964287987936986e-04
5.476117522600941001e-04
2.475289636791927657e-04
4.981450291215458546e-04
6.745090803555030701e-04
4.786014479618716923e-04
1.097521633672563380e-03
5.302058039978329793e-03
9.980245799371932364e-04
8.115818017857611777e-04
6.786890226611041197e-04
7.019427936458160541e-04
7.604053136814885750e-04
7.204311722870383695e-04
1.395885768996254182e-03
5.192223818070080578e-04
8.487642385695652603e-04
5.047138069570807507e-04
6.916414476076483209e-04
1.122352301724235729e-03
8.942894288246416379e-04
4.542759052413803062e-04
5.343768464117305611e-04
4.899835753369373133e-04
5.851037417035890751e-04
4.380796685683796586e-04
1.008712628138586217e-03
1.226350502016903274e-03
6.396247188307776577e-04
2.041649727893622961e-03
7.686449599845184954e-04
1.093316279239730073e-03
8.253575749266790513e-04
2.172589226729578198e-03
1.217952541290536275e-03
4.347619644093425129e-04
5.270733151771136559e-04
6.553520247856232028e-04
5.618905320493416521e-04
1.203788462231006849e-03
8.867166933286876060e-04
1.633325491286099400e-03
4.654726106135070006e-04
2.242378813066378280e-03
9.306101823003617730e-04
6.899954165100627640e-04
8.136363303888347401e-04
4.976772220920049148e-04
6.640870946843124194e-04
1.399781702351385717e-03
4.692166490684238252e-03
7.017053578416809333e-04
4.320384590721452686e-03
5.776709223189509940e-04
9.931246115601011313e-04
5.038128493186189811e-04
9.448278424044110647e-04
5.070791371820678036e-04
5.568202594452578919e-04
8.493765235872131848e-04
2.061756436938083897e-03
7.700532002861820973e-04
4.332223850868604912e-04
2.011013893972498755e-03
4.507016835011272990e-04
5.754921074845916872e-04
2.701482886690940999e-03
6.478004715395474511e-04
7.533069599664164989e-04
6.879351755691984812e-04
4.238051218850202775e-04
5.960061534205044354e-04
6.907710367438515226e-04
8.385646540475978497e-04
8.245401875264552101e-04
4.542605268417359860e-04
5.624166874643851590e-04
5.371225419632374293e-04
3.288478869199821771e-04
6.903206218169711953e-04
1.129027930987176135e-03
1.339761546442327011e-03
3.770912693671142515e-04
9.884340879334463890e-04
6.836136680669859704e-04
1.009685586216181900e-03
7.186524635993883333e-04
9.063938359835751373e-04
1.090383562704072464e-03
1.757943102012597247e-03
4.185844649585446502e-04
9.675852846028422426e-04
5.485465075523012022e-04
4.765125399356062155e-04
1.208301719767731043e-03
8.607953596322107581e-04
7.410221809822871344e-04
6.389630344276798785e-04
4.696730917232224832e-04
6.753917949571909074e-04
1.053224839542154286e-03
8.642054396728366013e-04
4.703024827544352473e-04
4.944026493248303549e-04
4.370500169158785539e-04
6.409970536803864458e-04
5.302058039978329793e-03
3.051163308768555611e-04
6.842206799791481072e-04
7.589799750820657755e-04
1.624366848620221321e-03
8.139420662899364382e-04
1.445355579193129819e-03
5.144614498717423089e-04
4.407464922259842974e-03
5.394814172120418992e-04
9.004243813859209291e-04
4.215738801270070384e-04
6.882964579228762923e-04
5.185137055412901734e-04
1.529366928441230683e-03
8.514553989689018464e-04
6.250409199145131548e-04
2.574464821467749125e-04
2.523780783764422060e-03
1.329959111873833463e-03
2.211619259488570560e-03
5.325266241058679685e-04
2.450190879677995471e-03
7.722227083254499776e-04
7.265126206185856155e-04
7.574125974950749601e-04
5.648973845673285581e-03
7.917201307012968880e-04
1.872960327548986968e-03
5.863446846596848854e-04
1.087782106895915325e-03
2.704272633750945246e-04
7.838231631199798783e-04
9.975538281553912503e-04
5.506804792716292257e-04
7.469713611083742422e-04
1.358732410478177355e-03
5.376799305186027089e-04
5.149367414765962858e-04
5.413146284160559422e-04
5.059212454200405149e-04
6.029512030537991516e-04
8.032616198184116488e-04
4.458193416435759192e-04
1.507888999403533435e-03
7.647100659914723118e-04
4.441799155247312257e-04
3.986773508525174540e-04
1.206957184399690217e-03
1.420848300299816860e-03
4.976823691362582862e-04
5.691521513943449380e-04
5.078817416102719565e-04
7.708628033339552177e-04
3.972583045798497282e-04
5.066925851429640235e-04
7.734233909156512741e-04
7.342828983518134584e-04
5.260712752631075805e-04
5.566130868549053938e-04
5.370850805232493894e-04
2.021638104465117627e-03
6.553520247856232028e-04
7.867555889934023210e-04
3.505196142991438162e-04
7.849155427484000042e-04
5.711837066069255960e-04
5.302057121229218932e-04
3.294140447418406992e-04
3.627394182631346825e-04
7.382636152321490420e-04
9.783752832434368125e-04
5.873240089255783378e-04
4.460073437736084305e-04
7.927824665139379320e-03
1.060608550740625624e-03
7.469877775657666119e-04
8.419669763472485821e-04
8.076016933326111806e-04
3.953441118251725499e-04
6.419454032010594481e-04
5.981529742142544220e-04
4.126469919274036789e-04
6.572650532198241399e-04
4.657652916927471423e-04
8.582642959201612805e-04
7.578333872912693331e-04
5.209901849828506900e-04
9.512165634558957189e-04
1.370682759949435432e-03
1.502220637694864002e-03
5.085991630675127132e-04
1.604684505195077713e-03
8.559577285287685256e-04
8.477144754757444519e-04
8.621998802308582710e-04
8.201482010846599183e-04
5.875381969162692857e-04
8.649888628935432054e-04
5.593965737548461329e-04
1.172881116697320394e-03
6.842206799791481072e-04
5.814052346664086001e-04
5.400445189833397511e-04
5.826435117026926812e-04
6.246536912215283361e-04
7.845897929376559983e-04
8.254572125784206136e-04
4.269225438264592234e-04
7.236492956477449294e-04
5.632422445208802543e-04
6.610243466866415991e-04
7.323263464594229402e-04
1.116577043920644356e-03
5.869270473484453684e-04
4.822078231774542200e-04
5.590809914667508153e-04
9.733855261737558301e-04
1.036617917591612162e-03
3.329351800564546004e-03
1.522020604991238977e-03
3.633602734743790106e-04
3.758176252419606058e-04
5.620997462285164115e-04
3.770912693671142515e-04
4.520018855419808876e-04
6.687607070674271917e-04
4.332238237348523188e-03
4.304275723449048591e-04
4.151758903755532293e-04
1.297116619259736222e-03
6.194212347905401908e-04
1.633299662732773773e-03
7.190124052470704859e-04
6.052076997773170059e-04
5.257853663791614606e-04
7.548679723748242089e-04
6.971876152325368363e-04
5.385759672737122031e-04
5.584687195600325504e-04
5.150900470935689023e-04
7.174722493669954005e-04
5.190230409604859466e-04
7.443649382271328840e-04
1.194080134826626133e-03
1.508190836627327494e-03
1.249248132215404318e-03
6.473189629070874238e-04
1.282332751042467110e-03
4.551911840140442631e-04
1.092412815829682310e-03
1.336930164827806414e-03
5.361050230994177145e-04
8.984093654867866385e-04
8.172112570507563106e-04
5.719709040411102971e-04
6.474933842874772355e-04
1.116425413272054915e-03
6.040422905585035281e-04
1.259896935116291842e-03
7.159432420410229928e-04
6.614953317075747191e-04
3.365113824281458065e-03
5.531848282255251307e-04
7.813495770530397679e-04
6.346712944234736203e-04
6.728368955380406493e-04
6.907888246294890565e-04
6.534107179154180793e-04
6.513407608368469021e-04
5.150968239326371130e-04
6.566932451069276699e-04
1.030235620310051160e-03
3.804056615689015500e-04
6.679300244613869736e-04
5.337494118860092694e-04
5.446806304507082093e-04
6.832656272768691851e-04
5.178672037014089109e-04
8.036237597682224570e-04
4.025911659276281318e-04
9.099666761475127706e-04
5.384824985099338117e-04
6.886794798166824636e-04
7.659138194953629642e-04
8.416563313683794387e-04
1.448914588514786748e-03
5.301283084022895362e-04
4.203679644241623253e-04
7.116745429910885379e-04
2.247707392156187128e-03
4.473385493743468281e-04
3.960643474798723578e-04
5.781909599653656815e-04
