3.724326313168539491e+04
4.008539043286943343e+04
3.595090240570174501e+04
3.604655197990230226e+04
3.870835963129226002e+04
3.916607561194412847e+04
3.898944206569116795e+04
3.953871209413230827e+04
3.800846406534110429e+04
4.022213742554825876e+04
3.578150756350293523e+04
3.433217159389933659e+04
3.849914857234917872e+04
3.352593588177634956e+04
3.830181087487081822e+04
2.769940622898552465e+04
3.444552256777213188e+04
3.984092166274474584e+04
2.981907913057750193e+04
4.032421235026579234e+04
3.661778736588665197e+04
4.020614904054151702e+04
3.926164912708743213e+04
3.413496551551551966e+04
2.963633255824252046e+04
3.279043521825067000e+04
2.988967327834482785e+04
3.956397285552117683e+04
3.869449720058288221e+04
3.717283641165258450e+04
3.817053218845861556e+04
3.890907753106683231e+04
3.402420599503382982e+04
2.900217726737455087e+04
3.650968147674396459e+04
3.854194483313342789e+04
3.451447712478556059e+04
3.342179533559094125e+04
3.479224336892483552e+04
3.714090386959764874e+04
3.493937274506880203e+04
2.592971191251495475e+04
3.796268098437834851e+04
3.744525512669718591e+04
3.920118510292801511e+04
3.267013441739537302e+04
3.656177415880690387e+04
3.343610210412939341e+04
3.317126322910927411e+04
3.476184156575718953e+04
3.019040220239437258e+04
3.743157055766812846e+04
3.103847399384928576e+04
3.639303068511610763e+04
3.232967728050961523e+04
3.139735806520425103e+04
3.981626475951301109e+04
4.022608195615699515e+04
3.239339212436103480e+04
3.587622556434621220e+04
2.950878613096875415e+04
3.790296751154639060e+04
3.232967728050961523e+04
3.394330898966518726e+04
3.760034466695891751e+04
3.924589888127114682e+04
3.122636452193326477e+04
3.858720404549346131e+04
3.686325764544472622e+04
3.503706673286812293e+04
3.328113657739866176e+04
3.965960515810133802e+04
3.989547082559232513e+04
3.796050731484768039e+04
3.736569493211660301e+04
3.648851179895727546e+04
4.028944523731027584e+04
3.946710219800386403e+04
3.847163692202680977e+04
3.992140043265571876e+04
3.330725799665373052e+04
3.558479870844091784e+04
3.754200564512322308e+04
4.026640511399583920e+04
2.951763498888530012e+04
3.853705314921131503e+04
3.778046870986971771e+04
3.925484232672759390e+04
3.964171663430715125e+04
3.815341578772344656e+04
3.246311339755964218e+04
3.100527837840378925e+04
3.760500269340470550e+04
3.660328762213293521e+04
3.863883952313567715e+04
3.581753795510726923e+04
3.824185582685986446e+04
4.030214278632865899e+04
3.917460753432521597e+04
3.889242931198099541e+04
3.748183169108891161e+04
3.658436376390745863e+04
4.009630013491112913e+04
3.184577309594338658e+04
3.609371948344771954e+04
3.369888789399267989e+04
4.007397330114723445e+04
4.032595579558321333e+04
3.995892477004526882e+04
3.968325660982188856e+04
3.554978064636130148e+04
3.739046754476596107e+04
3.662214313325686817e+04
3.860440844085282151e+04
4.017843661615645397e+04
2.967823968817253990e+04
3.721208549466437398e+04
3.280260204014333431e+04
3.462878722089611983e+04
3.966605031073197461e+04
3.593394360319111001e+04
3.535515418887750275e+04
4.011211115600989433e+04
3.742962883023406175e+04
2.986058867903849386e+04
3.581382528717872628e+04
3.943754395888132422e+04
3.122583198150869430e+04
3.813126600227467134e+04
3.356859200956024870e+04
4.030385602899751393e+04
3.752660230895617133e+04
3.717076042526720266e+04
3.455406095225200261e+04
2.856809424405214304e+04
3.024894506751606605e+04
3.802240874687081669e+04
3.851307965745083493e+04
3.511898816111574706e+04
3.537181829908648069e+04
3.951641637590133905e+04
3.416828998732550099e+04
3.785606876188532624e+04
3.876680251529711677e+04
3.672917209915070998e+04
4.012022372680827539e+04
3.620316426976203365e+04
3.680473601200657868e+04
3.854194483313342789e+04
3.120109123318226921e+04
4.008899916453666810e+04
3.532191742852429888e+04
3.836724380332561122e+04
3.923983013595449302e+04
3.346902566986245802e+04
3.757862465476270154e+04
3.997374730168849783e+04
3.354108196473775024e+04
3.899685319727509341e+04
2.971198888090553010e+04
4.000585455954204372e+04
3.647497541277061100e+04
3.876680251529711677e+04
3.796006176265972317e+04
3.430233884362241224e+04
3.877431540899396350e+04
3.910853317113727826e+04
3.599597465715921135e+04
3.628462649302612408e+04
3.932647965722241497e+04
3.894372048617334076e+04
3.274930511906199899e+04
4.019781561878591310e+04
3.565714353415797814e+04
4.025517576064907917e+04
3.987556414285868959e+04
3.744926444121984969e+04
3.281380999141211942e+04
3.687136951741276425e+04
3.222908588083732684e+04
3.796268098437834851e+04
3.035752158627981044e+04
3.884197012267947139e+04
3.327539659970232606e+04
3.976877304687184369e+04
3.882655907490367099e+04
3.845181964437189163e+04
3.388429714340337523e+04
3.995559263742621260e+04
3.921114934445908875e+04
3.872773748053117015e+04
3.819568841002549743e+04
3.322551175838786003e+04
3.886651354946227366e+04
3.463288467589917127e+04
3.912761562321104429e+04
4.020461366015786189e+04
3.446559550914529973e+04
3.950956016526178428e+04
3.606545882196929597e+04
4.003991179474777164e+04
3.528797328259341884e+04
3.977728205008942314e+04
3.704093038411186717e+04
3.816311157687241939e+04
3.414642171033157501e+04
3.272019459610533886e+04
3.751985967660475580e+04
3.829213532320831291e+04
3.871489667442262726e+04
3.919584130241404637e+04
3.212360363222357410e+04
3.533933787188409769e+04
3.945376595505098521e+04
3.316574723000072845e+04
3.608380390273456578e+04
3.437527335995432804e+04
3.567129036685745086e+04
3.908740510180193087e+04
4.019913595462440571e+04
3.884778537179705745e+04
3.670970845097572601e+04
3.912614278237210965e+04
3.970311005689633748e+04
3.684286885624340357e+04
3.808703587670209527e+04
3.173916795032038499e+04
3.202043781640414090e+04
2.943745357992479694e+04
3.555427110348276619e+04
3.661289181682829803e+04
3.620962764380263252e+04
3.776081679401294969e+04
3.416408549867695547e+04
3.736460317790997215e+04
3.475437571451117401e+04
3.423549950448191521e+04
3.171760620353945342e+04
3.825539833553686913e+04
3.199707552477499121e+04
3.726831681575602124e+04
2.745262888757351539e+04
3.805952584678285348e+04
3.853573779189090419e+04
3.626537313673686731e+04
3.743619727857764519e+04
4.037253263378820702e+04
3.604326602602317871e+04
3.860533370565989753e+04
3.518402043426160526e+04
4.005100102392931876e+04
3.879631000675251562e+04
2.625762876601408789e+04
4.015104684272826125e+04
3.647181445501930284e+04
2.240963675780195990e+04
3.628029673501347133e+04
3.182557176406335566e+04
3.918768940027211647e+04
3.960596541591497953e+04
3.240814578497665934e+04
3.816509071572375251e+04
3.275175264546525432e+04
4.033622987158106116e+04
3.079465270777312617e+04
3.638214489801588934e+04
3.946904652248731145e+04
3.758130766320270777e+04
3.560811312487344549e+04
3.053822540350063355e+04
3.785280803257903608e+04
3.259045483840189627e+04
3.052102953024475210e+04
3.618500074935894372e+04
3.640610122806541767e+04
3.386376518610439962e+04
4.005196310727456876e+04
3.798916493242442812e+04
3.670612501913662709e+04
3.912983254242678959e+04
3.958742356490781822e+04
3.830964606314464618e+04
2.987557993256285044e+04
3.743389292138500605e+04
3.443795631005144969e+04
3.670602412143485708e+04
3.272888462143672587e+04
3.726681942135927966e+04
3.850850054374571482e+04
3.521501836777749122e+04
3.668059273613659752e+04
3.447165857634713757e+04
3.185569191927320207e+04
3.803481291779578169e+04
4.017640629389016976e+04
3.618731945623543288e+04
3.234129039458013358e+04
3.851056116057089821e+04
3.305509327361240867e+04
3.393117813100570493e+04
3.785280803257903608e+04
2.928267310071078828e+04
3.533531873686949257e+04
2.856809424405214304e+04
3.535962790452274203e+04
3.538902126034856337e+04
3.621397030173896928e+04
3.533020983426646853e+04
3.106299495993068922e+04
3.726056978565646568e+04
3.230465138880812447e+04
3.988887542430024769e+04
3.859288577681072638e+04
3.919002898059123982e+04
3.295535679033814813e+04
3.951138786914478987e+04
3.993496752174916037e+04
4.023254073307065846e+04
2.930753316355963761e+04
3.994532269848121359e+04
3.176381900345631220e+04
3.883199311770061468e+04
4.012022372680827539e+04
3.894771463025847333e+04
3.984799162023053941e+04
3.479034687160202157e+04
3.915528044364406378e+04
3.834950961177837598e+04
3.166196916460555076e+04
3.877323017034426448e+04
3.659452287736524886e+04
3.947250259295609430e+04
3.947358728876811074e+04
3.371046703614687431e+04
3.988541705445124535e+04
3.455830850952290348e+04
3.927573184731910442e+04
3.213013240786862661e+04
3.897337056821024453e+04
3.364861636179112975e+04
3.429739065808347368e+04
3.881482672570108116e+04
3.969062325525896449e+04
4.033061939520554006e+04
2.745262888757351539e+04
3.433217159389933659e+04
3.993991497579020506e+04
4.012022372680827539e+04
3.590376248306281923e+04
3.728681652372624376e+04
3.699420171563509939e+04
3.878978878524236643e+04
3.739374600741118775e+04
3.495781974619226094e+04
3.750377596630365588e+04
4.015006793488800031e+04
4.030214278632865899e+04
4.004175067445846071e+04
2.999889603682591769e+04
3.576609086591535015e+04
3.640619603126415313e+04
3.803733578648244293e+04
3.332977877720694960e+04
3.186167779747497480e+04
3.960748823098143475e+04
2.761994674870812378e+04
2.850056665378945036e+04
4.020322681574483431e+04
2.675042224068955329e+04
3.981571172321405902e+04
3.890030139384025824e+04
2.833606251556535426e+04
3.905973456225712289e+04
3.773364576329804549e+04
3.447689612234375090e+04
3.645136025255476125e+04
3.603028003428510419e+04
3.682434755114845029e+04
3.993646438686192414e+04
3.136201866996585159e+04
3.848604103575212503e+04
3.931700580644419097e+04
3.733138673228464904e+04
3.967869584519800992e+04
3.614237809537063004e+04
3.626059675418635015e+04
2.881610302287950981e+04
3.799643061714954092e+04
4.007715510237040144e+04
3.406351958251716133e+04
3.869041843528261234e+04
3.743539467118732136e+04
3.426864826569979778e+04
3.977917905378495925e+04
3.680049067227826163e+04
2.871226027233518107e+04
3.886839492002544284e+04
3.873584042850759579e+04
3.840240044986263820e+04
3.792515965948395024e+04
3.550080713464673318e+04
3.884379615077416383e+04
3.957438047872448078e+04
3.743308074732155364e+04
4.012022372680827539e+04
3.618419020576337061e+04
3.383822153132682433e+04
3.606555197753982793e+04
3.202658743456457887e+04
3.784933057139180892e+04
4.008015867054471164e+04
4.003107020928203565e+04
3.847279685980742943e+04
3.129712801640297403e+04
3.895862549165594828e+04
3.728874615969158185e+04
3.902961427036373061e+04
3.424065258523420198e+04
3.753029054172806354e+04
3.720774989577414817e+04
3.538420902391109121e+04
3.004927891523861035e+04
3.573962506376697274e+04
3.640610122806541767e+04
3.896510198825713451e+04
3.951126820040818711e+04
3.762627280981098738e+04
3.902854820996249327e+04
3.857781816736577457e+04
3.026328257729489269e+04
3.282432066659102566e+04
3.669219075649324805e+04
4.012022372680827539e+04
3.825069825963664334e+04
2.692510188793194538e+04
4.021733566380143748e+04
3.663434395345243684e+04
3.914239654701742256e+04
3.826437094066793361e+04
3.981903472890521516e+04
3.596700891189619142e+04
4.034460303880713764e+04
3.722560144174200832e+04
3.927250616623961105e+04
3.986702959710129653e+04
3.234129039458013358e+04
3.996995154202512640e+04
3.577952558720194793e+04
4.040243638703576289e+04
3.815815461345265794e+04
4.023994168812144198e+04
3.834092821522945451e+04
3.986872854740243929e+04
3.640113801267195231e+04
3.932330774584372557e+04
3.801879489215934154e+04
4.012022372680827539e+04
4.027972287143638823e+04
3.189089824040749954e+04
3.060439258283535310e+04
3.287693314442532574e+04
3.819325583494835882e+04
3.856597601015780674e+04
3.151287542832313193e+04
3.818727437018464843e+04
3.669512394146302540e+04
3.983212878984849522e+04
3.638571487246830657e+04
3.841940210006955022e+04
3.196030632687950128e+04
4.011994242284832580e+04
3.765925852496419975e+04
3.648246361050439737e+04
3.676204377201855823e+04
3.764768013294999400e+04
2.510152650318397718e+04
3.685642273442455917e+04
3.587049450998038810e+04
3.958168611568302003e+04
3.760424831092627574e+04
3.331562582332318561e+04
3.949118552836478921e+04
3.916662542967888294e+04
3.544859877483166929e+04
3.465622657276500104e+04
4.012022372680827539e+04
3.558263958224117232e+04
3.584725114616440260e+04
3.115900321905215606e+04
2.792274934596008097e+04
3.016869363921690456e+04
3.752300140126277984e+04
4.011125510270466475e+04
3.701201987937730883e+04
3.590376248306281923e+04
3.893533787633899192e+04
3.915850226661530905e+04
3.295535679033814813e+04
3.791260305593592784e+04
3.899671680144720449e+04
3.966128223975918081e+04
3.402061402372231532e+04
3.613709208718391164e+04
3.891132672865308996e+04
3.327539659970232606e+04
3.168126800863044627e+04
3.641022229114423681e+04
2.827885671048269069e+04
4.001251977164306300e+04
3.859184623468568316e+04
3.557806347203772748e+04
3.812749514257594274e+04
3.898020283289223153e+04
3.805952584678285348e+04
3.790006459534852911e+04
3.158100783068592136e+04
3.468265973324884544e+04
3.550672961397229665e+04
3.876739448396179796e+04
3.270653001689659868e+04
3.471762277208949672e+04
3.628538219193752593e+04
3.743044674287804082e+04
3.769724962839212094e+04
3.647206870460165374e+04
4.025684898119264108e+04
3.967340367882641294e+04
3.787621362747500825e+04
3.964171663430715125e+04
3.060081683729687938e+04
3.983787819330467755e+04
3.909508496704533172e+04
2.790266465112597871e+04
4.005922476925622323e+04
3.701363530804870970e+04
3.631817248183402262e+04
3.636916792013542727e+04
2.966294053979824821e+04
3.522131263308443886e+04
3.942693345326438430e+04
3.901374443656083167e+04
3.127395159843519650e+04
3.469045346494313708e+04
3.481982712495414307e+04
3.301131038900824205e+04
3.360800666973844636e+04
4.017055549647386943e+04
3.759485421649208001e+04
3.763245444705209229e+04
3.992140043265571876e+04
3.355039560872695438e+04
4.012022372680827539e+04
3.814087210205780138e+04
3.957959087521329639e+04
3.823273747758924583e+04
3.988586024430637917e+04
3.740356562699026108e+04
3.790167923160324426e+04
3.773056819824501872e+04
3.645815577954519540e+04
4.017825204009653680e+04
4.019849792725855514e+04
3.668073541993574327e+04
3.449500673293120781e+04
3.628308016485285043e+04
3.937753420457054017e+04
3.878318219223919732e+04
3.085738570561879169e+04
3.126408548561413045e+04
3.299974955468197004e+04
3.588650323857195326e+04
3.845463697536488326e+04
3.730744267586095521e+04
3.482377355381273810e+04
3.955220625437176204e+04
4.039771858546518342e+04
3.362295558065320802e+04
3.672298879447440413e+04
3.703334442299315560e+04
3.956182521678673220e+04
3.250781683238523692e+04
3.628409725179711677e+04
2.852499654830132567e+04
3.608666233730289969e+04
3.823840615232204436e+04
3.803067182740843418e+04
3.727760665529494145e+04
3.214311452936207934e+04
3.555055085033711657e+04
3.958168611568302003e+04
3.729178883512371976e+04
4.028887847123408574e+04
4.003377047709342878e+04
3.736414561841209070e+04
3.643516495457714336e+04
3.777023111601959681e+04
3.358385662193487951e+04
3.714311758164531057e+04
4.040819245047367440e+04
3.959715727760136360e+04
3.916126106681281817e+04
3.520816102175004926e+04
3.232755588685604380e+04
3.788008132691618812e+04
3.894766957926577015e+04
2.925297508790002030e+04
3.376331072869496711e+04
3.306703138660971308e+04
3.913175344735896942e+04
3.841940210006955022e+04
3.705640439327659260e+04
3.971938636473601946e+04
3.347066071205001936e+04
3.659362155529006122e+04
3.444218686526437523e+04
3.872280245214638126e+04
3.842009346668348735e+04
4.027764680282257905e+04
3.168284671681230611e+04
3.642823789489205956e+04
3.869916855256117560e+04
3.433217159389933659e+04
4.012022372680827539e+04
3.558039188202579680e+04
3.811921603674071230e+04
3.584029880618672178e+04
3.972071651782461413e+04
3.706291062050645996e+04
3.686489580067367206e+04
3.793464289026386541e+04
3.695245214759808005e+04
3.845284434909610718e+04
4.031016805384542386e+04
3.746414763278364990e+04
3.913186692952299927e+04
3.908740510180193087e+04
4.022700961407260183e+04
3.682553164108534111e+04
2.924884245021676907e+04
3.483334184770825232e+04
3.944708647341006144e+04
3.654874187989506754e+04
3.984995803793781670e+04
3.955129061429735157e+04
3.400577495725454355e+04
3.374212818584221532e+04
3.158100783068592136e+04
2.959801189931032786e+04
3.532652149344266945e+04
3.787235217873685178e+04
3.342229376331743697e+04
2.900217726737455087e+04
3.839302006604345661e+04
3.946131361016051233e+04
3.876175841088126617e+04
3.910731804668426048e+04
3.877431540899396350e+04
3.877376787691567006e+04
3.486055195219595043e+04
3.519189766262051126e+04
3.707249273459643882e+04
3.929990665802946751e+04
3.770294424587837420e+04
3.971711448895267677e+04
3.859992150946504262e+04
3.399157783498287608e+04
3.602005716532519727e+04
3.658620647793347598e+04
3.873742363930511056e+04
3.918173139030930906e+04
3.598030611699273140e+04
3.713141872684787086e+04
3.902567053108004620e+04
3.871779672229417338e+04
3.785161067382871261e+04
3.531173558818031597e+04
3.839846793542187515e+04
3.915528044364406378e+04
3.150944670387739825e+04
3.914458952487756324e+04
3.766013831044163817e+04
4.012022372680827539e+04
3.669512394146302540e+04
4.017259948429701035e+04
3.941921659937220829e+04
3.475900776632816996e+04
3.386463700654957211e+04
3.092917009010708716e+04
3.651457976672082441e+04
3.291465430630456831e+04
3.850433377096703771e+04
2.778004921938272673e+04
3.592085866595477273e+04
3.626537313673686731e+04
3.862279524503723951e+04
4.019420932555184118e+04
3.868704772972645878e+04
3.979429020922109339e+04
3.951462414422407892e+04
3.973812461249902117e+04
3.603131370603948017e+04
3.947250259295609430e+04
3.617972307491800893e+04
3.930434291118074907e+04
3.940715198638122820e+04
3.473113524902977952e+04
3.285244187589659850e+04
3.932856152354700316e+04
3.148385592161126624e+04
3.788803284833190992e+04
2.806101565888836194e+04
3.421939475474809296e+04
3.791946196384022187e+04
3.544237224619119661e+04
3.862279524503723951e+04
3.399157783498287608e+04
3.726619795577488549e+04
3.355808786015932128e+04
3.900490440847318678e+04
4.014497871343650331e+04
3.852970921163978346e+04
3.868976992642207915e+04
3.215718011505873073e+04
2.511673646709543391e+04
3.058359976110204661e+04
3.456037419803123339e+04
3.931026232623156830e+04
3.415432116378033243e+04
3.402800607933966967e+04
3.908854983384688967e+04
3.452636762707467278e+04
3.551416911294491001e+04
3.977214677669792582e+04
3.926781381328025600e+04
3.307210278796376952e+04
3.872503755609916698e+04
3.722453470198054856e+04
3.767127668693764281e+04
3.832958925830187218e+04
3.796149679865271173e+04
3.934739689287967485e+04
3.927441607031280000e+04
3.139672315455122589e+04
4.012022372680827539e+04
2.761291967591620414e+04
3.656955512335590902e+04
3.454657107007039303e+04
3.968011293446928903e+04
3.918603772865326027e+04
3.215089677725168076e+04
3.984995803793781670e+04
3.164852511155823595e+04
3.797800924420333467e+04
3.637520368057476298e+04
4.024723389336778200e+04
3.345561978338687913e+04
3.648702669483843783e+04
3.655373058913203567e+04
3.322960976841790398e+04
3.304135395648091071e+04
3.679127992578618432e+04
3.575592491055798018e+04
3.993030068975166796e+04
2.929495675838371972e+04
3.801375201281327463e+04
3.952235569316707551e+04
3.633863483129850647e+04
4.031129635154417338e+04
3.565270628030992521e+04
3.685642273442455917e+04
3.541526437653900211e+04
3.901102016049857775e+04
3.739221199663460720e+04
3.209863804834891926e+04
3.925172598928830848e+04
3.897454758390439383e+04
4.012022372680827539e+04
3.812201275453921698e+04
3.442533588850926753e+04
3.660682930252955703e+04
3.801575903152250976e+04
3.698196965275971888e+04
4.020251463644186879e+04
3.868294824032262841e+04
3.958220031238421507e+04
3.714090386959764874e+04
3.508749900475015602e+04
3.776152964704564511e+04
3.153181810775490521e+04
2.981907913057750193e+04
3.526494787194893433e+04
3.902495688222839817e+04
3.995062295429814549e+04
3.778345717984958901e+04
3.430657936713098024e+04
4.007049894182263961e+04
4.024327570921354345e+04
3.865865739007413504e+04
4.037383566882427840e+04
3.784165024096761772e+04
3.715776926486188313e+04
3.867367609964271833e+04
4.017758722364138521e+04
2.646856699429425862e+04
3.791016767287015682e+04
4.016483320999011630e+04
3.983368321261151868e+04
3.779076300763087784e+04
3.146392178994686401e+04
3.912160862636344973e+04
3.726831681575602124e+04
3.511677086369064637e+04
3.640145733296749677e+04
3.867367609964271833e+04
3.967335021601016342e+04
3.850327162831075111e+04
3.633528560493813711e+04
3.721571376675296779e+04
3.994415419104104512e+04
3.970176074360377970e+04
3.866612941032304661e+04
3.526101771479049785e+04
3.913380858808036282e+04
3.542838197170606145e+04
3.981317505514514050e+04
3.333474273495676607e+04
3.860363851376767707e+04
3.831146884068249346e+04
3.443805326376223820e+04
2.611856136744742980e+04
3.757025045271920681e+04
4.033586871821551176e+04
3.723101225522140885e+04
3.587699382508844428e+04
3.629564629066629277e+04
3.716621837363376108e+04
3.409916519594837155e+04
3.608455140751562431e+04
3.845626924913132098e+04
3.675394219780893764e+04
3.472281150064218673e+04
3.986961173603794305e+04
3.733654541318406700e+04
3.224216010810820808e+04
3.918182449449013802e+04
3.371923990306475753e+04
3.929121890090279339e+04
2.757241062549022536e+04
3.631642218763437995e+04
3.458991097827079648e+04
3.730683460512595047e+04
3.855442958286417706e+04
3.458597193479310226e+04
3.412104294255943387e+04
3.613325911597855156e+04
4.012022372680827539e+04
3.759846037987362797e+04
3.820013097445578023e+04
3.805197413321320346e+04
3.676606207921473106e+04
3.871116723894582537e+04
3.764768013294999400e+04
3.232967728050961523e+04
3.788104151924139296e+04
3.516242996216152824e+04
3.958764278255604586e+04
3.868285139589816390e+04
2.931979164793840027e+04
3.965563210440392868e+04
4.021173706605724874e+04
3.546662377591952099e+04
3.476569659871882322e+04
3.103228360162083118e+04
3.362739913541178248e+04
3.889214963289858133e+04
3.255242473879519821e+04
3.929215815672769531e+04
3.199346028522848428e+04
3.573821522694729356e+04
2.570209872790214285e+04
3.954649536422580422e+04
3.696134728700014239e+04
3.836797802034223423e+04
3.775252691490230791e+04
3.357481288886903349e+04
3.807190093670689384e+04
3.691400862628218601e+04
3.248013049881135157e+04
3.588482241278202127e+04
4.026666554477871978e+04
2.833606251556535426e+04
3.402420599503382982e+04
3.532211940845949721e+04
3.565714353415797814e+04
3.858344748046927270e+04
3.938668053784444783e+04
3.348012966520580812e+04
3.815531760043781833e+04
3.136727003456711100e+04
3.438473309373678785e+04
4.018219499572605127e+04
3.736640215469067334e+04
3.773820042326208204e+04
3.806318122714525089e+04
3.931992901198536856e+04
3.955831962135138747e+04
3.404233600773622311e+04
3.440312665343633853e+04
3.792914063264499418e+04
3.738902284147982573e+04
2.871754469596288618e+04
3.631686910665132018e+04
3.952538355811939255e+04
3.830613652568070393e+04
3.976524733170386025e+04
4.006088402112075710e+04
3.863092169628007105e+04
3.646648338281787437e+04
3.425076486117087188e+04
3.764239882194779784e+04
3.778237344343580480e+04
3.544974132179930166e+04
3.960285853776802105e+04
3.480642960810934892e+04
3.516705238182460744e+04
3.662589736258290213e+04
3.399842509665367834e+04
3.552261514628744044e+04
2.821754178881966436e+04
3.636112750536666863e+04
3.444874696118458087e+04
3.827452619018454425e+04
3.325440716600231099e+04
3.717076042526720266e+04
3.803481291779578169e+04
3.986045606727655104e+04
3.959652709651714395e+04
3.736020890258768486e+04
3.744822759020580270e+04
3.891539505580929836e+04
3.749970345022201218e+04
3.204358433308228268e+04
3.468637384591461159e+04
3.895185239622455993e+04
3.892622161966888234e+04
3.882518855017469468e+04
4.028015836083498289e+04
3.278579033414398145e+04
3.989440146299978369e+04
3.385608229629304697e+04
3.870774198380546295e+04
3.649806271991496033e+04
2.955405746611559880e+04
3.498893797208814794e+04
3.842996210391555360e+04
3.942239098391924927e+04
3.959003662200928375e+04
3.743261575113787694e+04
3.445486908173722622e+04
3.987307719575749070e+04
3.481224326239228685e+04
3.521768453807100741e+04
3.918193777682941436e+04
3.843062542271450366e+04
3.849388598787353112e+04
3.680090051023867272e+04
3.802640084402710636e+04
3.536479710326447821e+04
3.607939291233709082e+04
2.673056892417607742e+04
3.550626325164020091e+04
3.931700580644419097e+04
3.870739383410938171e+04
2.641097001304779405e+04
3.644626594885119994e+04
2.919732579732552040e+04
3.910391581287752342e+04
3.727265760584211239e+04
3.707323875228781253e+04
3.977357277627436997e+04
3.884778537179705745e+04
3.479639224601224123e+04
3.703365320586962480e+04
4.012022372680827539e+04
3.926878363429597812e+04
3.984856215029674058e+04
3.973326937225314032e+04
3.869449720058288221e+04
3.523707990332891495e+04
3.916328122552645800e+04
3.563722751848284679e+04
3.865435377621732914e+04
3.892834572506042605e+04
3.887818258600998524e+04
3.965265762155588891e+04
3.759774928052000178e+04
3.070854136055057825e+04
3.619433891479930753e+04
3.464707048944804410e+04
3.181668708985444755e+04
