6.551481401168288751e-04
3.052129832175294924e-04
8.733501962192454469e-04
6.631951245406768119e-04
8.348558894249387711e-04
5.999312724431964203e-04
8.859207429103978064e-04
2.633982220490138615e-04
8.901095959092796429e-04
9.252342674676688203e-04
4.249813608069261681e-04
9.362776303515260839e-04
6.819882320687694916e-04
8.860276468278501308e-04
6.341023525114313896e-04
5.999287128885132016e-04
1.034733623271041686e-03
4.584096626861027240e-04
5.364124993139489112e-04
8.498515854877526730e-04
5.819535935435790489e-04
5.840434135471508610e-04
1.446953639695997083e-03
3.755115935928251517e-04
6.794622709108027233e-04
4.430589518629935624e-04
6.056524128004463128e-04
3.414083255053075713e-04
6.911831670656006649e-04
3.412570013877376106e-04
9.022248066159243088e-04
2.861602957041227391e-04
2.447218411843476125e-03
5.285317657226993844e-04
6.776583580886275798e-04
7.864876785533105388e-04
6.726013841093045776e-04
6.977159453458374287e-04
3.652619089005129834e-03
5.759278466606925677e-04
2.488667679815968672e-04
3.761203146532742176e-04
1.233354148458348787e-03
4.505242352739178592e-04
2.985323329790992705e-04
3.448563704457454152e-04
9.272282780101763966e-04
1.000790583715178506e-03
2.102814640083526705e-03
3.821140733345593124e-04
1.072268840098645950e-03
5.556239928338684714e-03
4.955590954009279512e-04
5.158811367986694410e-04
2.645133725777351879e-03
1.067857130745025664e-03
6.709860378894689495e-04
3.959999996555263403e-04
9.647101680864285898e-04
3.753280609139477905e-04
3.899944237243981320e-04
3.499051790380738815e-04
3.248229635063425830e-04
6.859051405755262629e-04
6.395870061206385560e-04
6.566200806382569343e-04
6.453668338986840195e-04
8.302839257461189964e-04
3.553062007200520189e-04
2.796671644687131076e-04
4.604188811789811640e-04
9.098019665438042067e-04
3.082476452569170625e-04
5.021547967360598212e-04
5.551350194055323060e-04
4.748768749122351065e-04
4.360859711769494171e-04
4.296190280581005014e-04
4.315381703611875872e-04
2.559937736552558938e-04
7.593929888005389621e-04
9.493376779953492835e-04
7.852619379547582301e-04
3.523936741303942467e-04
7.477546440923988789e-04
2.793011705573661104e-04
7.416843405918158681e-04
9.073985357515033977e-04
2.098021374904033860e-03
2.427449233581937843e-04
5.555713913194968096e-04
7.052617513787813467e-04
7.909196717718766862e-04
2.761657404653007652e-04
6.158076090226152245e-04
7.240859089166902475e-04
7.788151210211571559e-04
8.684784516878006622e-04
2.354628204937727915e-03
4.787521659961946406e-04
5.407040992462034106e-04
1.122514652748620584e-03
3.990087921148038831e-04
3.876462574986051291e-04
4.922425007617525338e-04
8.792271858150904227e-04
5.871576839512643742e-04
4.621144640012200561e-04
7.240859089166902475e-04
4.871938753885536599e-04
2.805742516309508452e-04
3.855230383973189362e-04
2.870630648859579881e-04
4.849161843790777103e-04
3.492918909644738027e-04
8.774770169516730176e-04
4.352555912187493648e-04
2.988729738012059533e-04
6.318567620829630086e-04
8.966799604840902096e-04
5.325276660024531438e-04
8.951013805971820602e-04
4.059616009391851712e-04
3.423932990474325144e-04
5.861268789619326078e-04
1.130737191451428427e-03
5.920447242903641334e-04
6.515041470541302338e-02
4.989524724537670701e-04
4.367062347127564762e-04
1.143368093468747140e-03
6.595027192588503572e-04
4.690702253076670884e-04
7.677293972396368902e-04
4.379699168694006274e-04
6.465455997717074483e-04
1.104759830805349726e-03
5.463121980271375177e-04
6.394183138840758450e-04
7.390709103203655121e-04
1.174283015336868635e-03
6.113186117170860742e-04
8.559038624516737519e-04
6.129379800316877777e-03
5.383780206410513150e-04
9.281808395661424313e-04
6.256105345737924270e-04
3.666906179079345912e-04
8.696357887619425922e-04
3.939212865354767539e-04
1.272929683953250490e-03
5.105278981685664168e-04
3.072923688864275058e-04
1.195148960116915052e-03
4.580959420530634303e-04
5.753723188900548716e-04
2.515907691801237776e-04
1.663105766625453232e-03
1.260454951901073201e-03
8.401845014542460785e-04
5.174489365042296302e-04
3.634730247179383702e-04
2.323640862688992371e-03
4.453558053431350963e-04
5.137453713894878701e-04
4.115297926881555089e-04
2.940354418443950012e-04
4.314478648998467335e-04
1.052816767089563782e-03
6.184884206151681748e-04
4.752861861026250125e-04
3.898223225330798973e-04
5.670422012560078677e-04
5.319636093571879611e-04
2.565143345377618087e-04
2.476998775315044591e-03
4.199682834880303067e-04
3.577805575649315958e-04
8.645126842942947370e-04
1.206938662819617182e-03
1.397817316233090695e-03
5.534042578763463237e-04
6.908221476394336719e-04
7.346701808124745693e-04
4.592617748184380671e-04
5.242012364866877267e-04
5.783398874030578089e-04
3.878408005615998407e-04
1.511445287990504640e-03
3.899532746776662577e-04
3.804163664423320561e-04
7.341584966261061789e-04
3.721786166043637863e-04
5.177742248529522634e-04
5.593514014434924127e-04
1.070225421228230200e-03
8.879857277757860230e-04
2.458491885630812758e-03
2.064512309120220858e-03
2.734145198584640377e-04
9.757358655424456942e-04
1.384771313761844983e-03
5.884290409095913749e-04
4.204880674798689181e-04
7.344922661267934546e-04
5.579167196868091601e-04
6.039380238771387003e-04
7.662867084932781800e-04
9.022661949055597744e-04
6.893015236529734333e-04
3.259400331440242952e-04
4.032822935945968548e-04
9.423127628037175976e-04
1.010532245090220655e-03
2.937551724636833445e-04
5.338252775480304899e-04
4.147341667395799242e-04
3.239411800757883270e-04
2.121354667120192196e-03
1.026080598513517354e-03
4.797699524479545510e-04
4.198423641625914898e-04
3.693238096121941407e-04
8.724164353935221156e-04
9.472333350666702805e-04
3.490968354404556050e-04
2.446937597400014163e-04
5.440422914552490476e-04
3.954412375987294932e-04
4.876026374441631123e-04
2.086477865564107144e-03
1.504990746252715759e-03
9.894642923900765722e-04
4.635641190068597278e-04
3.181478712398980581e-04
1.184480542270603112e-03
3.538898430148090823e-04
7.128117603285524621e-03
7.629502263173943821e-04
4.369041330312257413e-04
6.303064856087553210e-04
1.492140291737803709e-03
3.515360370144591552e-04
4.074684986109308325e-04
5.389478734119974726e-04
6.085613568944973299e-04
3.706804882203383112e-04
3.260686011509270478e-04
3.417779220641875668e-04
7.944382690663360103e-04
5.204434173696106513e-04
3.609311713520954265e-04
1.014691685049036451e-03
1.164956611213339467e-03
5.252094854156122254e-04
3.475510996548848556e-04
1.219667256964631448e-03
8.181677354290396763e-04
2.677649366825625475e-04
7.341310444975396136e-04
8.524642054063596075e-04
4.719750981661294340e-04
4.335050708626704313e-04
3.002684263018043148e-04
4.428570216577600092e-04
1.179295928350483635e-03
1.676310938394135700e-03
8.287810887691606475e-04
5.222641002891716469e-04
5.204338747340824184e-04
1.140708310942289321e-03
5.543329283048079601e-04
4.567773223911180953e-04
6.820690339596416222e-04
7.211030734893164769e-04
8.688071187365509511e-04
3.945412804830696475e-04
5.844983909838039537e-04
7.597733382616217749e-04
5.660640734640358732e-04
3.794404948110287248e-04
3.054596929760215133e-04
4.839392044239528251e-04
9.151052654060094944e-04
6.780201720246892966e-04
9.493853441127393525e-04
2.302989721264534829e-04
3.408968624548325234e-04
1.001244682605496959e-03
5.567225646482767574e-04
8.672146130352608416e-04
3.152201836289898968e-04
1.453221549707051129e-03
2.998789606242634621e-04
7.527559186943390528e-04
1.282429752571573062e-03
2.396611500054831949e-04
3.697241850891125879e-04
5.253357305032878895e-04
1.544230532870315533e-03
7.341584966261061789e-04
1.180921846471129225e-03
6.293033404911107858e-04
4.851098249389581337e-04
5.208246984517364694e-04
6.483375897479577406e-04
6.485204926523523757e-04
4.387953098829134538e-04
1.661905295379815638e-03
5.310607287857789863e-04
5.791319198631474400e-04
4.712969568865922696e-04
8.106589179773048643e-04
7.042867772158741642e-04
7.825318582996736768e-04
6.184884206151681748e-04
2.088650393493449685e-03
2.741205979442067411e-03
3.114046261591208527e-04
4.184917441036355894e-04
5.683960569811658632e-04
9.562232950714219092e-04
2.487802876698280707e-03
6.485432121760744675e-04
6.803439130056175349e-04
3.711289321721035874e-04
2.620976130372698869e-03
4.652456187401430871e-04
1.488222903661667179e-03
7.120034897841329624e-04
4.766783454138101496e-04
3.125058556164864382e-04
1.128324734674712119e-03
2.378131244170283510e-04
7.411863076007626930e-04
4.792115157630481587e-04
7.929719931931680701e-04
7.960788206048823078e-04
5.093732024285852096e-04
9.474001100624270975e-04
2.621032486139088322e-04
3.680516135939909824e-04
5.037746289821646564e-04
8.780859374332740386e-04
9.055763205273177456e-04
2.510454166480354421e-04
5.543557455134161651e-04
6.130558115331656913e-04
3.413314544378704741e-04
7.487454660203955465e-04
5.399363973232255108e-04
3.022401358250246823e-03
8.433964968456881270e-04
1.510274670794540825e-03
4.552930083732357591e-04
3.635413978714108880e-04
7.740644475291297288e-04
7.691538179726999493e-04
4.816443250980430345e-04
3.502393626475160940e-04
3.909024964552352036e-04
3.372513281765161818e-04
7.687823242903456342e-04
1.095286747545386056e-03
1.950192628970649333e-03
7.593148130585908057e-04
3.724455618905489029e-04
4.652456187401430871e-04
8.629656635535614241e-04
7.532318550675636687e-04
3.835142890583869281e-04
5.010940703866796631e-04
5.368925747272525195e-04
2.059739400445910473e-03
1.245550015438829251e-03
8.398713200328566161e-04
5.242348045721595970e-04
1.351199986422121913e-03
4.600599206359247211e-04
6.819882320687694916e-04
5.729243732776277123e-04
1.409972349449979375e-03
6.444845808000053845e-04
4.344222301038645740e-04
5.455678340196408417e-04
7.490074039948679341e-04
4.976177496053681235e-04
1.692359621295681620e-03
5.150956751383903168e-04
3.582396607134756268e-04
3.503098703052501695e-03
4.448618726722618276e-04
1.078851598551764605e-03
6.077829131666469698e-04
7.403204322286316159e-04
2.268408072605124573e-03
4.518316988990234845e-04
6.069971643735030519e-04
8.383914982552271872e-04
6.003023752054347960e-04
8.418404516804219636e-04
2.621032486139088322e-04
5.918069629754842435e-04
5.662885536885920151e-04
7.721450676116983726e-04
5.463381966100797245e-04
6.383083518690987196e-04
5.985093571736569687e-04
1.315993300248274054e-03
5.147318725839421022e-04
4.924211184712664821e-04
2.837647023574339203e-04
5.649251861655675295e-04
3.795979026317121223e-04
1.239480898927277719e-03
2.294410788741436946e-03
4.355818444146129288e-04
4.551829808348617826e-04
1.154012912989635983e-03
3.360716107209413901e-04
7.666137349160535505e-04
5.172292905253930402e-04
3.628482678997029974e-04
5.757687851263264137e-04
5.710915400312677756e-04
9.617799740751691116e-04
2.677649366825625475e-04
6.955639643399525720e-04
3.562274489958307255e-04
4.880987945724076134e-04
4.300361900733623913e-04
4.607659802544467032e-04
1.768165764905522963e-03
1.499821887284918422e-03
7.681112895610400001e-04
1.256065600752247864e-03
4.044183720287080003e-04
3.549336955896123698e-04
5.139519731538857213e-04
1.399964689754419015e-03
4.725966222475022627e-04
6.619241861969819190e-04
7.211098750435903726e-04
8.818333871701528699e-04
1.252371249774539763e-03
3.680383280261165257e-04
9.876148851167873121e-04
1.376773334611000339e-03
7.740644475291297288e-04
1.459670436096029665e-03
1.384771313761844983e-03
6.994527717509753384e-04
3.786578033225638140e-04
6.314139370450244128e-04
3.284806328373190325e-04
5.361405863294923906e-04
1.621290688987921027e-03
1.085651076249158657e-03
3.499443731204660924e-04
4.985921937463401107e-04
1.540102935568117776e-03
2.484376898887698162e-03
3.090402199589677699e-04
1.763661808659948167e-03
1.817854127926477395e-03
4.184156906563328495e-04
8.401845014542460785e-04
7.541043629704771495e-04
7.823095633087509028e-04
8.803203271606016437e-04
6.731974153224558419e-04
4.081127782197566741e-04
5.722670449570767997e-04
3.974136516584816773e-04
1.161135486555333989e-03
2.680266700217279175e-04
2.731410912405094166e-04
3.617216289111851351e-04
8.809645707415592964e-04
5.182802002772289151e-04
1.051920093313843656e-03
1.115924646025639143e-03
7.317002865871297373e-04
1.768165764905522963e-03
3.957679807529761130e-04
1.692016210715021349e-03
3.628140053523244723e-04
4.286080879640975132e-04
4.649369469757982823e-04
2.778384788710305895e-04
9.705355697561667428e-04
8.306793522451371044e-04
4.889847037798286103e-04
5.342628628818097076e-04
4.673532154840110558e-04
3.627340081355167017e-04
7.139595308834751058e-04
3.721741115016463674e-04
9.094475615973971350e-04
7.876580105538209461e-04
7.894416299212843975e-04
5.685727335560460290e-04
5.886684294004200426e-04
8.148562928032200168e-04
3.721741115016463674e-04
4.888734975536273338e-04
4.676388009128880233e-04
7.524273901590150786e-04
3.325470725036142093e-04
3.281745264469956218e-04
8.664723373122393052e-04
7.878782675390270593e-04
4.366254935483627705e-04
7.251242163277089522e-04
1.317268935912117682e-03
4.287903702155517025e-04
1.679060829104764242e-03
3.588418216261731733e-04
4.142438638841260839e-04
4.230412405008050119e-04
4.630520252447893159e-04
2.174575047462767863e-03
1.504990746252715759e-03
1.076671902806258536e-03
4.424247648439996760e-04
4.744989251143976947e-04
9.292337923248886536e-03
1.351557812145741042e-03
7.635598790600906308e-03
8.626662296752481097e-04
3.835142890583869281e-04
4.184014895357414734e-03
3.390286166030789870e-04
8.405694373744057851e-04
5.204279313448091724e-04
7.097352251222517529e-04
5.804327557276342010e-04
3.090248731965012448e-04
3.019017634209839084e-04
1.613742730960041017e-03
4.891072667261806353e-03
3.787308669530541874e-04
4.348711727785531064e-04
3.657478153337251022e-04
1.813205811901972110e-03
7.237810218962037641e-04
8.828990675620150422e-04
8.919590353198675846e-04
1.442990686162596474e-03
7.538090781961779728e-04
9.694689004040322805e-04
3.297034840612823609e-03
1.793097008049173964e-03
4.556316414737534171e-04
2.913947246649281576e-04
3.139528642620166001e-04
4.347657915564538894e-04
1.002059336526739224e-02
4.264358044693360010e-04
1.637043278843780449e-03
4.272886407508971166e-04
2.894405496748839722e-04
3.507999153876760869e-04
3.888628087197335058e-04
2.620359960688968320e-04
1.212304986129698935e-03
3.237082300996475316e-04
5.098790445767415781e-04
2.264828136274582310e-03
6.079858702779348005e-04
3.977445334330107678e-04
1.708160741130370199e-03
7.669305062531991696e-04
4.619788897721105784e-04
1.167209611851823762e-03
7.092683677210907594e-04
3.227117818708441044e-04
5.915841528756210499e-04
1.050873726044868018e-03
3.964876416149699218e-04
1.450375406374994694e-03
8.593019675229993581e-04
5.791319198631474400e-04
5.711120508088310226e-04
6.446107493590308782e-04
1.350830874032498850e-03
3.791464072972055297e-04
6.199967595243317114e-04
6.293220293737100375e-04
3.938842728343697327e-04
1.124518571641243154e-03
4.138451300375351350e-04
6.340964665178551712e-04
2.475736538606859824e-04
4.855524817971163518e-04
1.545466871041294979e-03
4.283740052540780177e-04
1.832898190362241718e-03
6.196996928334343180e-04
6.560291687503367599e-04
1.296246546541647256e-03
1.042470111655545689e-03
8.218266463752234210e-04
5.797537833085539966e-04
5.715445149979098789e-04
1.924250362087081201e-03
8.301181089996837598e-04
7.384893951435989902e-04
1.160853452499352977e-03
1.127970440967056114e-03
5.729243732776277123e-04
1.549427037264621432e-03
1.109395355207703961e-03
1.076250637106102200e-03
1.239926081297630656e-03
4.680008300568078931e-04
6.184884206151681748e-04
2.318105753930299259e-03
1.363048335844113321e-03
4.971352344804910164e-04
3.935099754702036929e-04
6.003076379296022743e-04
2.542642082199644566e-03
4.465620938932373806e-04
3.552490642904316208e-04
3.403751861642357397e-04
3.513923661125700152e-04
7.513024014884764953e-04
7.919397589515557575e-04
4.835912277942359602e-04
1.067633360601830421e-03
6.175567349034983070e-04
6.418031092466806387e-04
2.125356911833047610e-04
5.041264258990955363e-04
5.436506860148084506e-04
3.094493814836230092e-04
1.299815666423198915e-03
5.526506262551579909e-04
1.663544826167110942e-03
7.367169546214150100e-04
5.771134318847771566e-04
9.295040113479828255e-04
1.060186118229077207e-03
9.220497323955381859e-04
6.908221476394336719e-04
1.503654573373834407e-03
1.010105278594965314e-03
8.380430593011913573e-04
4.032164789311235161e-04
9.833714098627045676e-04
1.284489100855470013e-03
1.333417455181368878e-03
2.867959642735784737e-04
5.643185436452630979e-04
5.221391089445105542e-04
4.843325913526305704e-03
6.169796559652091558e-04
3.838222957642190231e-04
6.699799364121968243e-04
3.069388071195226731e-04
4.939003131772591072e-04
2.867467563402730131e-04
4.914487283393707091e-04
3.726834884952475715e-04
6.041375619253517692e-04
4.756865846307746851e-04
7.434145134780771906e-04
3.453122944850405907e-04
2.081308291741265724e-03
5.322832192134914747e-04
1.549427037264621432e-03
7.497918247335236394e-04
4.359238388679366016e-04
8.522395253193481039e-04
2.940835493786301495e-04
4.459709117158991887e-04
5.092653508299681145e-04
3.949425469080621465e-04
4.835912277942359602e-04
3.441178335168830764e-04
6.153251967984511329e-04
5.096590014511710211e-03
6.885410752081402592e-04
4.680149164518584612e-04
4.822597166179635022e-04
8.868360763374221736e-04
6.515041470541302338e-02
4.263324324493458339e-04
4.979285591136108991e-04
1.329220554501957903e-03
4.022313098750877934e-04
1.206111617323795543e-03
3.273866534194382256e-04
2.678965558677710271e-04
6.023007004188780109e-04
5.356586099407718805e-04
4.119767324405415815e-04
4.216118487759307372e-04
1.590328173524282844e-03
3.369736699046327029e-04
4.007406157697189757e-04
1.062151080110693580e-03
6.566200806382569343e-04
5.860777567652402688e-04
6.560159949713843894e-04
2.333818380216491194e-03
1.415181821669965739e-03
5.848920423733790534e-04
6.473305346395489927e-04
3.989412652816107935e-04
6.321745484206358311e-04
4.844379480082649852e-04
3.495333417623196865e-04
7.029346055515319890e-04
2.276370910373816045e-03
7.677293972396368902e-04
4.825346137609230648e-04
4.115342609618008007e-04
7.957715034096100263e-04
1.879689013599461110e-03
4.844379480082649852e-04
1.505660895750364752e-03
2.021246400010511673e-03
4.384265815937429529e-04
3.044022072213669683e-04
5.380115991100591121e-04
5.555990970235977515e-04
4.880387952737661036e-04
4.810768971733516558e-04
5.691759521997252075e-04
5.698203243993000275e-04
1.956844117689179267e-03
1.245550015438829251e-03
6.466721191973228474e-04
1.148125864304257561e-03
5.293376511675670828e-04
5.028061175266879904e-04
1.808621712689078382e-03
5.899815804351722041e-04
1.340887618333365438e-03
4.133606927257823757e-04
7.711542780054847588e-04
3.133198741385314159e-04
2.207202587864772175e-03
7.014360228968991636e-04
5.670301165971736992e-04
4.055389490265921674e-04
1.387889511925558374e-03
3.869993198274780991e-04
4.670955739598752865e-04
4.143088153457489295e-04
9.565662868909883447e-04
7.873491186724210786e-04
1.029601328972557526e-03
4.678233239889693028e-04
4.497246668872954736e-04
4.545551027221148184e-04
6.846197860322479969e-04
7.118589460254919933e-04
4.021739516132889010e-04
1.252652452995141764e-03
3.784426488848466178e-04
7.835549052528529299e-04
2.087840404456448029e-03
3.714668666656809905e-04
3.209082908356701200e-04
7.420496545341621637e-04
5.275396283236650618e-04
4.653510170820272232e-04
8.830633754763826367e-04
5.556239928338684714e-03
1.045681125579111907e-03
2.984074531763161254e-04
4.697950311985246773e-04
6.705665008392856698e-04
6.459686128032208390e-04
4.417784809897372269e-04
4.118767046983771649e-04
8.680159468699074352e-04
4.042300169715206488e-04
2.558195190075923946e-04
3.199146756545875794e-03
9.303526276366850959e-04
5.710915400312677756e-04
5.921113200469547413e-04
3.546200337201424989e-04
6.170843443113923884e-04
4.263015378200712708e-04
6.634489706280381977e-04
8.334331398471589870e-04
9.562232950714219092e-04
3.247353053448848886e-04
4.563473557168522005e-04
7.163786756590302890e-04
6.743294130671273652e-04
5.245222727788687511e-04
1.395796112266386221e-03
2.676533213733917863e-04
6.702164190006516201e-04
1.717263887677456620e-03
3.645668450608990571e-04
4.843197981611956473e-04
5.648847159145434053e-03
5.341066931019856478e-04
6.870828331040312832e-04
7.200252685170943070e-04
1.395653392432924002e-03
6.344044663522949764e-04
3.853086286177350188e-04
6.969785063565453508e-04
1.637043278843780449e-03
4.376390145830702950e-04
6.289964228335838403e-04
1.428864448471564965e-03
1.543923503469796883e-03
1.120135617516165123e-03
1.061917152977746035e-03
2.263229780665988408e-04
6.138277616315253749e-04
7.926145377076437891e-04
3.072923688864275058e-04
3.850927626994077725e-04
7.584517797794485244e-04
5.809136877647817169e-04
5.209400675949969924e-04
3.512612904309506752e-04
1.012181420330823551e-03
3.829894595098238836e-04
4.751680597920501510e-04
3.680516135939909824e-04
6.697903839052930493e-04
5.762583172918779497e-04
5.376979777998381260e-04
4.537034055571936386e-04
4.693287004880124930e-03
6.705626098174139946e-04
2.466152705227432108e-03
3.406198204112565755e-04
1.419830961339756895e-03
7.585691592552791648e-04
6.303064856087553210e-04
1.259500911854893662e-03
6.333937301087689056e-04
4.259077317205944889e-04
2.105051008912871974e-02
7.170661654786331107e-04
7.687823242903456342e-04
9.739810505643341438e-04
4.154829361995183035e-04
2.641380769559562806e-03
2.485876174591594690e-04
4.362689785852437809e-04
3.233468921097869936e-04
4.650868103886477605e-04
4.222140638804141623e-04
4.344948210873101810e-04
2.791838883118122512e-04
1.832705771389186045e-04
4.632572260082217538e-04
4.891072667261806353e-03
4.271554301056917024e-04
5.259820310332700630e-04
3.286876181939833415e-04
4.044933626290204173e-04
5.413444533860571313e-04
2.579105558454362771e-04
2.093646578228031976e-04
3.807339897001495947e-04
7.042290148008467990e-03
1.038293920822381915e-03
4.109527512468014935e-04
4.317084760978659322e-04
2.766695977274581360e-04
4.477831217282890615e-04
4.340162353503899061e-04
3.711896976318710675e-04
3.023445574791516180e-04
1.285206363032487427e-03
7.962459431062803581e-04
1.605428241802182117e-03
5.934663274663996586e-04
3.495333417623196865e-04
3.100817556339813047e-04
2.431025190847768865e-03
3.444910452115443529e-04
2.997152332082532586e-04
3.917689267487008044e-04
5.154496428505942265e-04
3.782416225559214352e-03
2.400821635566207713e-04
9.765685514048787121e-04
4.744763414327320106e-04
5.297322688126769683e-04
1.202100837904465213e-03
4.971352344804910164e-04
6.652903218788104112e-04
4.411772371297190804e-04
5.233542434549439933e-04
2.175194464395769050e-04
5.543329283048079601e-04
3.353538149317211031e-04
2.783860260651965378e-04
3.135763606657456220e-04
9.917515706371774018e-04
4.158564283046102409e-04
7.325402736203320700e-04
4.233604162859200271e-04
6.827397042403348000e-04
8.936723887672387567e-04
4.062620148187069788e-04
2.665680275405177095e-03
1.007193604273514450e-03
1.431283722858144860e-03
1.051151452516760126e-03
6.170843443113923884e-04
1.862992202567853714e-03
2.451060976579389535e-04
6.144584332372581524e-04
3.183319411598025837e-04
1.694413146715191077e-03
8.943414299736937969e-04
8.787047210155631265e-04
1.172872030606404280e-03
8.596833664025715612e-04
3.195485535721450786e-03
4.355034375843942914e-04
7.207834927500301374e-04
4.564617801605099986e-04
2.676533213733917863e-04
1.899476738074847753e-03
9.743445594301644455e-04
3.720244883300666923e-04
1.091092962458407780e-03
3.660843115151056763e-04
4.057422422118559923e-04
5.634806399888030474e-04
2.472147555432549081e-04
5.250906640685582558e-04
1.027897938363004976e-03
9.335537232495717212e-04
4.453623520165726117e-04
7.065922504685036038e-04
7.390806019397739906e-04
4.354026039320234125e-04
4.710558803907347156e-04
2.373024650219006729e-03
2.695229444181043883e-04
5.268920463049546043e-04
1.497706800388823919e-03
6.869725263424704713e-04
9.744392104722013120e-04
9.038503395006674754e-04
5.451855905520840194e-04
9.058435190795862063e-04
3.583295306740847579e-04
1.096725300357837343e-03
2.714389829458795696e-04
1.616574325380210368e-03
2.812591853858135375e-04
1.460270908567792240e-03
2.431624377168937427e-03
5.728737162750429691e-04
6.693292809381228914e-04
4.936307420525396427e-04
9.165395608352090717e-04
4.537385883569626218e-04
6.918085981007319465e-04
5.899816554494298135e-04
9.424113106049483019e-03
7.950769312650864508e-04
7.990161525711272222e-04
1.709203508580773049e-03
4.428787985671095309e-04
8.677925429605447315e-04
7.773166863018153008e-04
2.553125946616419746e-04
4.222140638804141623e-04
3.955569904568872206e-04
1.055440092099041004e-03
5.568659261359495353e-04
1.138660036330972625e-03
6.143236414024680911e-04
1.154159195176049455e-03
2.343417479313515076e-04
2.760517162641918688e-04
1.044711814877552188e-03
3.681820296260745356e-04
5.089701324921605541e-04
4.688117218563625749e-04
1.184121868435351627e-03
2.391807604936959004e-04
6.753384319518003281e-04
1.744317381801411019e-03
9.348846447777173045e-04
7.081099979342839884e-04
4.128897656145330856e-04
1.986955007206904229e-03
1.996726989357625656e-03
4.431218228495105221e-04
