6.876400386971083393e-04
5.860790966663642415e-04
1.666368851081876301e-03
4.604953422103992880e-04
6.562328252525540927e-04
2.167830060901602106e-04
5.922560413542410926e-04
2.174216324368774111e-03
5.371512763606529298e-04
5.896816153643283896e-04
6.822713947849748124e-04
6.017161104025784335e-04
5.482036826700756706e-04
7.037629743859634369e-04
4.385615904589690089e-04
7.371046210833341042e-04
4.577477710063323937e-04
6.363111609081495163e-04
6.754857220946213761e-04
4.370274764741015360e-04
7.966164752651587076e-04
3.185162378233647590e-04
4.871298438763945349e-04
2.439427702182415166e-03
1.537803009314974052e-03
9.044476329415437497e-04
4.784273618993417306e-04
1.213635179644654855e-03
4.073350783032020730e-04
5.861690322929670113e-04
5.256110145741728617e-04
5.160451156016708377e-04
6.021705209892869387e-04
9.548479429935538901e-04
6.664198835477522318e-04
1.115800206038845182e-03
2.764747915391303789e-04
5.787297941007829008e-04
6.884702549515528706e-04
3.983308618773696744e-04
8.250133528135195939e-04
6.481362591303879402e-04
9.742440877972760463e-04
3.344890525529643018e-04
7.666853420325791483e-04
3.366164517225099604e-04
1.673055516256331419e-03
2.574663457314814441e-02
9.668856844553048351e-04
3.619837312305344769e-04
1.026187646822357413e-03
8.287276456664061054e-04
1.061988385517475837e-03
4.091203376014716938e-04
5.151230513809671157e-04
1.653009850280019559e-03
8.438392687370172137e-04
1.053152008863864628e-03
4.859428518998164812e-04
5.657533829352701929e-04
1.313416686335584695e-03
2.836373108366725313e-04
9.310871289427305551e-04
9.898915569837847366e-04
1.944304123809199869e-03
2.671642277112567707e-04
8.978058925528820816e-04
9.176261319298779917e-04
6.436971843772844228e-04
6.600176024927507240e-04
1.620214117713178817e-02
4.923110813556797307e-04
4.189944995270972650e-04
5.027233652092090704e-04
5.111857669822644215e-04
3.472997746223701774e-04
1.055212304345297478e-03
7.595228132625876953e-04
3.964915170634586276e-04
3.448111392511199014e-04
1.528269365001594339e-03
7.056382492389585417e-04
2.864681872108461726e-04
5.511249234552436467e-04
1.163639908175464468e-03
4.681244867339608541e-04
2.923577035775627264e-04
5.569797858249209577e-04
2.118429811362224600e-03
5.063087139113240645e-04
3.379357794717690678e-04
8.925205128694098638e-04
4.660785380896314786e-04
3.994722130987906207e-04
1.649345528430678966e-03
4.311927205381702543e-04
5.251824153457330816e-04
1.150613627162803661e-03
4.873950182188346164e-03
4.800453252964845892e-04
3.319677052934270293e-04
8.959897592636688942e-04
5.440887806948529202e-04
2.408090093477180393e-02
8.666846443112983774e-04
2.259234335168650801e-03
2.090427396544049590e-02
4.071283759813030937e-04
3.985823291526547035e-04
7.784509855132352302e-04
3.345002346167117997e-04
2.576090019415866548e-04
1.942959728258231676e-03
8.117630092151222228e-04
5.855099594016556757e-04
3.966974776390105916e-04
2.147791755445043458e-04
4.008340199633074062e-04
2.349391541887043745e-04
3.493736332158895981e-04
2.648561204140097635e-04
1.586607497291858378e-03
7.148337990571366519e-04
6.494466146725988735e-04
6.692061345061370119e-04
2.361869687807962442e-03
7.658109419232043795e-04
2.885262474169815916e-04
9.811712288339991418e-04
9.598055449614208146e-03
4.963588270037310336e-04
1.907856698809249924e-03
7.821169062701316572e-04
2.439427702182415166e-03
2.971191955592386558e-04
3.568290504768227762e-04
4.460614892174631814e-04
5.784827430655102272e-04
4.861709424946392068e-04
5.233091210482176871e-04
4.915634453988090716e-04
1.053176828448829355e-03
4.152554107165445929e-03
8.886312847862687554e-04
3.716544797658312459e-04
2.062692032603662476e-03
1.420377768353744789e-03
4.314616793688291589e-04
9.621905222322010886e-04
7.600417476986208280e-04
3.195501748302596867e-04
3.286356134834012054e-04
5.988445016068161568e-04
4.318868425043965748e-04
6.128469387893692747e-04
3.696497706062800109e-04
4.879016735187298318e-04
6.006194144360239547e-04
6.258307086666967936e-04
1.111019364652500018e-03
4.527220023913067909e-04
5.526779002704122626e-04
1.640546380980049262e-03
1.518388632140011416e-03
2.760768078850215127e-04
1.045309334101300570e-03
4.661807849210854973e-04
2.870207632056604266e-04
6.555229641137404108e-04
1.459620978205301931e-03
7.677371849746991847e-04
3.565166863303504893e-03
6.433482570046628523e-04
5.291500423842024174e-04
4.904870186018581808e-04
5.253390024888425665e-04
2.690639387318334726e-04
1.210740585429631285e-03
3.667653573722772951e-04
5.311244327565104286e-04
1.146480131807586832e-03
5.892196105273161868e-04
4.693740977015273112e-04
4.189790372711644411e-04
9.818704807949792720e-04
4.153675101938721038e-04
1.829396799479782025e-04
6.640746561032440662e-04
4.555357573614574789e-04
5.399690251982533756e-04
4.243132173552881747e-04
4.921222055598500683e-04
2.490474635063411263e-04
7.550671744229676052e-04
3.064008653887490712e-04
1.436503592206566553e-03
6.517795913037634486e-04
1.116918137017739983e-03
1.070342936866749495e-03
2.101566465643223223e-03
8.852473230945765142e-04
6.750089277492311163e-04
3.198022812818531683e-04
1.154643547795819458e-03
4.204016065693678560e-04
3.344516815105888345e-04
1.160592267536100699e-03
5.307376558202402204e-04
6.627952928397087395e-04
8.857621829093248467e-04
3.245901944377020849e-03
6.605877717423661076e-04
1.450886912617904180e-03
2.964119139386771850e-04
7.730360235477691522e-04
6.585857441358037440e-03
4.900949392629849353e-04
5.282185801132363145e-04
4.638489520456599673e-03
2.972484609578888407e-04
1.176861567542782962e-02
8.163226372848517024e-04
1.160572792899029326e-03
1.357495582936767880e-03
5.704455408053506335e-04
7.940961289548728163e-04
7.742857467469449776e-04
6.025767544378448368e-04
3.902226370075131089e-03
1.549069637298088140e-03
2.375968954405608367e-03
4.283356825077058532e-04
2.699701448064341694e-04
3.988722614408271973e-04
6.297842588352847888e-04
1.152813853064208393e-03
6.953456745901553200e-04
7.601061084257154307e-04
5.407979865343690408e-04
6.472150878459360674e-04
4.335615186600436620e-03
3.408958279684107598e-04
2.544130107937047887e-04
2.035357532242374531e-03
1.094244417758152583e-03
8.508497912600809874e-04
4.729808150836207841e-04
3.542947506907302333e-04
3.920404053436136755e-04
6.980466979781247512e-04
5.097383060756841434e-04
1.011075277052359955e-03
7.248400343545500536e-04
7.546923973197932267e-04
1.019798912463085920e-03
3.111928513129156811e-04
6.675274107447119049e-04
5.059543014523522038e-04
1.219157995151520877e-03
3.717091431042690098e-04
9.653977229385754316e-04
8.250901940017440345e-04
3.172887157140093142e-04
3.188671733693616405e-04
1.437765750065188048e-03
5.054705943609319420e-04
3.506401426717655596e-04
2.233709581275891741e-04
3.258569622241842476e-04
2.902577348462686700e-04
1.036871948913805578e-03
2.537823466533092789e-04
3.029482463142376021e-03
4.572067473348179309e-04
8.199223339903679696e-04
7.066415169003179442e-04
6.359292458383473219e-04
1.186274527077781126e-03
6.110107782866424286e-04
5.498692134887974174e-04
6.179827875827382773e-04
5.739342658574626832e-04
3.761396554649517471e-03
6.774725201948383034e-04
9.504568731724464788e-04
3.291378332380938822e-04
2.834937204732166814e-04
5.043670043307046632e-04
1.861917668724394695e-03
3.453777734369938230e-04
3.211810445309133807e-04
3.067482360836408886e-04
5.114368836027223357e-04
3.230220693130008802e-04
7.992023448981159768e-04
1.640441495243378069e-03
3.509568137502884315e-04
8.391442673100593967e-04
7.816746248026704277e-04
2.790102411778606689e-04
8.388838084841146285e-04
8.608823847831935773e-04
8.616927322010121178e-04
1.505734740682374917e-03
2.745532501867790887e-04
3.883822449753516863e-04
5.628820803336175883e-03
7.484694796909211866e-04
6.235832309418512910e-04
5.803759061144675825e-04
2.670352354293343872e-04
4.934915416779572447e-04
2.991076602544323528e-04
7.489148129209743975e-04
5.048189882132694383e-04
5.600486517444452526e-04
7.089614290351096623e-04
6.396844961736604905e-04
6.320040395309084154e-04
8.519776944238871726e-04
6.018203739524754115e-04
3.192170125370761440e-04
3.970118909089428213e-04
3.931228115043313245e-04
8.921731029054547849e-04
6.500480716752521804e-04
3.621682627809846952e-04
1.142534972434076359e-03
9.135489833887720269e-04
3.881161568953240800e-04
2.627512224629040011e-03
1.130317908885591612e-03
3.874754106369004318e-04
1.888226784363015954e-03
3.269889578527773537e-04
8.241683501846684950e-04
5.598880464671001636e-04
5.657768547314106881e-04
7.113066431176912454e-04
4.049413442824353762e-04
2.665671576319032961e-03
5.192926352682709044e-04
5.059945041754320425e-04
1.891948739463541736e-04
5.476954424636087818e-04
4.421330302851875964e-04
6.209185241005446814e-04
7.060212662225664884e-04
3.730925855729482453e-03
4.228614449919069454e-04
2.933538062898954132e-04
6.082963484910921355e-04
7.542353491808139474e-04
4.283596250708731094e-04
4.040437229699518976e-04
4.315077029570355449e-04
7.154003973045823528e-03
1.389850571319324948e-03
4.688660332511600378e-04
1.226905249662138325e-03
2.812070146764073398e-04
1.255372548650235528e-03
2.886040580605899494e-04
2.921574916578310128e-04
3.224713080375927847e-04
3.342853238838629551e-04
4.557213920095303287e-04
4.144829970749878099e-03
3.683796940620032417e-04
1.509869716882051606e-03
2.483575978860658997e-04
3.334681481301290528e-04
6.050672521741737265e-04
7.974721361447930550e-04
1.608547945438708977e-03
1.426703247619680922e-03
1.091369339747531777e-03
7.007710372831199401e-04
4.830146731864296493e-04
9.028946018038874364e-04
6.540255994875625919e-04
4.724963837888186344e-04
4.050207334816430119e-04
5.868566968116007906e-04
4.928340016289281577e-04
3.774473152048827499e-04
5.521053044370170457e-03
4.861458647083827527e-04
6.889292181504481352e-04
3.708463762870700588e-04
6.540255994875625919e-04
3.946198155284988689e-04
1.090264736911565700e-03
3.482258853012928533e-04
3.637033009271162850e-04
1.746872932747730841e-03
4.580780653255372438e-04
3.691870772523037710e-04
4.319828689620192823e-04
3.131886959267055829e-04
6.693684827374715707e-04
2.933222850236215070e-04
6.849785645129244024e-04
2.717363998942696232e-04
4.038455521482521484e-04
4.688972578012898305e-04
2.633511586357389564e-03
8.948586929730455945e-04
2.079331706893257001e-04
3.833257906793425900e-04
1.156968992509939008e-03
5.202277933423464116e-04
5.923390313096587451e-04
5.327974835424622571e-04
6.293522703139630683e-04
8.290740259948981396e-04
4.577182983329670788e-04
3.552308101476990879e-04
5.532219352267193175e-04
5.084252722406465419e-04
2.823044730554400751e-04
5.602159370162967771e-04
4.082676939748280422e-03
7.252868087623322866e-04
5.232956369175908356e-04
6.817789611520926659e-04
4.776053280780057672e-04
8.382994933625723989e-04
2.379754929809187528e-04
1.322900614932542938e-03
4.422480958985847664e-04
2.943781515409287105e-04
3.068384480428043874e-04
7.538076693180986677e-04
1.315562826368264554e-03
1.133594027654352470e-03
9.509778097474538621e-04
1.158027444025958854e-03
1.252467150750365479e-03
6.051155200101734129e-04
5.269974272528697712e-04
3.746947510187071989e-04
5.421917178047659137e-03
2.665671576319032961e-03
6.067072262067953236e-04
2.887092518088674891e-04
2.759544180651227977e-04
7.286090223094568701e-04
7.038807641334537133e-04
5.503087514559425056e-04
6.119591426238552446e-04
1.199277471211135761e-03
3.723638770494971679e-04
8.061718523753028847e-04
3.396801366446120483e-04
4.059045964810793815e-04
3.348678043868926293e-04
1.001465479758503968e-03
2.570989735540720324e-04
3.439052907548384268e-04
3.895770389046649177e-04
3.782688954154557752e-04
4.809068476896455487e-04
3.799115432356976654e-04
1.122222240319628540e-03
6.253043888277509503e-04
4.420337587774485211e-04
2.391611182349285170e-04
4.726369965817746430e-04
4.015927159687988283e-04
2.726473960162283756e-04
4.972594589554124155e-04
6.477013692271986044e-04
1.989168600485247118e-04
6.277745983655616318e-04
7.501640261961784687e-04
3.604888305838074695e-04
7.541872308248239029e-04
2.911603907619916636e-04
3.773249742388721465e-04
3.668749650424537700e-04
5.142990940564688479e-04
7.293320554464139153e-04
7.737971762721788244e-04
7.205386347717036843e-04
1.045762938139528728e-03
1.058776899136970161e-03
4.019464883827154303e-04
4.070740855875066991e-04
8.491415179132221630e-04
3.176533854510866194e-04
7.434553647342343136e-04
1.511071659345449014e-03
4.369717000186097841e-04
1.169455197372937022e-03
6.864382674543804096e-04
3.838803807995468608e-04
5.912383448721516763e-04
3.076210722072014281e-04
1.030046192454746106e-03
1.974195637118669223e-03
4.533249938210662526e-04
3.982096682864282662e-04
6.916719264467240634e-04
3.781987520724690798e-04
4.648020327714546033e-04
5.262524383539364308e-04
2.047475755413042872e-03
4.632588940014656050e-04
1.050763432824427255e-03
5.200639044858151004e-04
4.790723084985632125e-04
2.942050281758421589e-04
3.377856339444698414e-04
3.683699017499733131e-04
3.874919211034653184e-04
5.798474303158798054e-04
1.420751840602514507e-03
9.818052577825156935e-04
5.947639639956196550e-04
2.772188316521436097e-04
1.290671503556201473e-03
1.114674738109492974e-03
2.004635746987611089e-04
2.011262007956705379e-03
2.751727778449446649e-04
8.034991456347930156e-04
3.528875940111780526e-04
2.893387769789299664e-04
5.408551551287429926e-04
6.017154163850206008e-04
1.301725013500937018e-03
4.653383398433541237e-04
6.614245259383761582e-04
3.878310282049085090e-04
9.658529565418869393e-04
3.807479342605265453e-04
5.822802896926137714e-04
4.135999282944961310e-04
4.263090152613513060e-04
4.885345297910880565e-04
9.088287113630356224e-04
2.466269180141645299e-04
7.198554827198015618e-04
3.681920982103268486e-04
3.276116197918356432e-04
8.366636049290435660e-04
8.837623141359809672e-04
6.071852583208019183e-04
8.096198807298357700e-04
3.764243816048523585e-04
7.059760241948571415e-04
1.549506796021903965e-03
4.937495866786119738e-04
3.409060757179223616e-04
4.883246003469721630e-04
2.391611182349285170e-04
1.918878035383176587e-04
3.191938493598836350e-03
5.495293977597131771e-04
8.299016471019448043e-04
7.011435030992605941e-04
4.345587953799148534e-04
3.168664066908472975e-04
3.790614349749656413e-04
8.941691082337455306e-04
3.016389191820660338e-04
8.790403105758269782e-04
5.748719241321865927e-04
5.817165859729086759e-04
2.286233500742628822e-04
7.140788858273950952e-04
4.661476178535564922e-04
8.250901940017440345e-04
1.073092149386078043e-03
5.876560291675647250e-04
2.525556149441293198e-04
5.206368610502681892e-04
3.720824071428838935e-04
3.322239935939564400e-04
4.398204162058791692e-04
4.574269441522700185e-04
6.297483805046857723e-04
2.823016365339119441e-04
1.528269365001594339e-03
4.758058101698770838e-04
7.352053952759407280e-04
8.569688590258468189e-04
2.565250806306544574e-04
3.559812642325913250e-04
3.437531437766442634e-04
4.791385888772412330e-04
5.279172419779717658e-04
5.535293020799919670e-04
8.801851897135737519e-04
5.716261958593169294e-04
2.820388742901661690e-04
5.818595332741995389e-04
5.912209925498380491e-04
3.040705477201627164e-04
9.285555792176201180e-04
4.721376574594991380e-04
3.730708472970840884e-04
7.435846433904120612e-04
4.016355216761605617e-04
5.842249105095601589e-04
2.834772180056275713e-04
8.966232956987767004e-04
3.844779195933841734e-04
2.886619620604118650e-04
5.506359261280370553e-04
3.647922294544471552e-04
5.640415448905213101e-04
1.181965336854812806e-03
2.191423451041595201e-03
1.598413884162297330e-03
7.825022873142366622e-04
2.697697205990704839e-04
1.690163479029000229e-03
5.994910623215245248e-04
5.066380267005693916e-04
1.985002248399194910e-03
3.745186199697875598e-03
2.260852874240260307e-03
3.555968211385422684e-03
3.406102535080672198e-04
6.336936407087548828e-04
4.489449300383671778e-04
4.919201942259007363e-04
4.132642782780332588e-04
3.701367533142166377e-04
5.874695350117605571e-04
7.029418863584793471e-04
6.111974714359941479e-04
1.515963785025451274e-03
7.505192024067108055e-04
3.658270763237054320e-04
2.743021267256543069e-04
4.800803356497725951e-04
6.246450901893369628e-04
8.007836120255278122e-04
4.781033095985061333e-04
3.448886659899437035e-04
2.915611941914394273e-04
1.270987826756427323e-03
1.324049465176693275e-03
4.941441540484281655e-04
6.612206813615296042e-04
4.242593069494955704e-04
2.798410503718097055e-03
2.956245688438316585e-04
6.066264046902774230e-03
3.944114296434929855e-04
5.836685253302565865e-04
6.310071811228533129e-04
3.409060757179223616e-04
1.876449252781442999e-03
3.362223222923132874e-04
1.022381138438634412e-03
4.304787483939033076e-04
9.084554217566564701e-04
4.784273618993417306e-04
4.963495269762751043e-04
4.384218300555543834e-04
5.913117012161722219e-04
4.585969793612310269e-04
2.205822556416847571e-03
5.074073281035920138e-04
6.142970606009142374e-04
5.005371405294782540e-04
5.646588167395834084e-04
5.265205132766058362e-04
4.700134289023629266e-04
4.910916691882547544e-04
5.718159641325506375e-04
8.292831053673956846e-04
5.743297614201897531e-04
3.381799393582278967e-04
4.206735746455975882e-04
3.900087461703951220e-04
1.817419842667075463e-03
5.151521570197806991e-04
7.339253149648476780e-04
9.578972631335565908e-04
3.326923129750909854e-04
3.963568790932320719e-04
4.648020327714546033e-04
3.567900571201621201e-04
3.696131817306648861e-04
1.059216531075471120e-03
4.616495710199259618e-04
4.765594283565120336e-04
9.425474757766171734e-04
5.233091210482176871e-04
5.573672726499021316e-04
1.435270391357254321e-03
1.624537660404354582e-03
4.862590890234872766e-03
2.096175510456394528e-04
5.290808640058509375e-04
9.589314516991105132e-04
2.393827023522584986e-04
5.655340965608132969e-04
1.206961405170473012e-03
8.343460472409159560e-04
1.233940363789324613e-03
1.021100407754655173e-03
9.423814768974053029e-04
9.751468533559034960e-04
1.747411472941312995e-03
4.005994163238900938e-04
9.085206957308388344e-04
6.465640419136528582e-04
3.711321992791401562e-04
5.255133443832751741e-04
3.224030833694664644e-04
1.257998773953730503e-03
3.902226370075131089e-03
3.754716607611082607e-04
7.261185453621879071e-04
5.167142326218621346e-04
5.591476515786803630e-03
3.384290268762832170e-04
8.071222472493060594e-04
6.745276498935861729e-04
5.889107895257195396e-04
6.437517242100533436e-03
7.707523855160073375e-04
4.475969326281382119e-04
7.449040354712780504e-04
7.888013566822387563e-04
6.767376525097600461e-04
3.900614162946635407e-04
1.116581022273181950e-03
8.918430098283218780e-04
3.984555831998675551e-04
5.411901883939396500e-04
2.696928398303203699e-03
3.728489558022103330e-04
5.283954465165432209e-04
2.828436855719450413e-04
5.026880309992734020e-04
6.115179813098377574e-04
8.410741563765240661e-04
2.119738304828079145e-04
6.657615717726908912e-04
4.015287744929154474e-04
4.457497347307386019e-04
6.451147968814842110e-04
6.187483032007114105e-04
1.226716262154609310e-03
7.688988225753715967e-04
1.193653711848754019e-03
3.537973715370384270e-04
7.153336831555699455e-04
8.290740259948981396e-04
7.022138013198980571e-04
6.512306304174915765e-04
3.696497706062800109e-04
3.793925056059473978e-04
2.661389999437724103e-03
6.368365598241623954e-04
8.105291909017225353e-04
8.910551768813571895e-04
5.431736932835743055e-04
6.404401602767965419e-04
6.533914748720658430e-04
7.947110841465482647e-04
8.252527721782998774e-04
9.101670904055439741e-04
3.520104613123309855e-04
2.767609166389648997e-04
2.229961167795471884e-03
1.355719316791427747e-03
6.303434353978477726e-04
3.447500229515050130e-04
1.264643733925208775e-03
3.388017710525029983e-04
4.812415093553892289e-04
9.402336265486969935e-04
7.540129323511615298e-04
2.416204397232015431e-04
6.425271604064387247e-04
5.394413892544738017e-04
4.532199531115213868e-04
3.015442055134952715e-04
1.099430317348039539e-03
8.665613632508991542e-04
4.678558971370811348e-04
4.522461618889303818e-04
3.917065822301117996e-04
8.163226372848517024e-04
2.320181601581091464e-04
7.136405235280689641e-04
3.970309335420941989e-04
8.605220063655667773e-04
2.368463557959156539e-04
5.562013125522824323e-04
2.219652220227049831e-04
5.374051737821245638e-04
4.437625424889843416e-04
3.209063837080656264e-04
9.361591800862067905e-04
4.928562363324991017e-04
1.933393804407177417e-03
3.843601510357381014e-04
2.296125308213410620e-04
5.917188968087792314e-04
5.194391675156642208e-04
2.305850525331770836e-04
7.886446912460519550e-04
4.253221994142864122e-03
5.954372503452859356e-04
1.183101702472517209e-03
3.330664281809012973e-04
3.403750086090089251e-04
3.465493984472192072e-04
4.909241037172751157e-04
2.054744199336182384e-04
3.334631995968791607e-04
8.575483275981376054e-04
5.695651530159704041e-04
1.146967487305072635e-02
6.434428825281567109e-04
3.520391170874948190e-04
2.228281532821057599e-03
6.827101760270548039e-04
3.748235385989300353e-04
6.026025210648869182e-04
3.488647129336848516e-04
7.943418789126416172e-04
3.078131517806542770e-04
3.976185617139458379e-04
5.425267730342852278e-04
9.185038060397619384e-04
4.707099525714570254e-04
7.253615645115705146e-04
3.654730758095881015e-04
6.988342491519939151e-04
3.523744420906979504e-04
7.504219412822040131e-04
3.500488826905550277e-04
8.180002967963535951e-04
1.103489880799011016e-03
6.939270077417967857e-04
1.086345911645618216e-03
3.318807416198288622e-04
8.509449149290386353e-04
6.702690879935922601e-04
3.479673556425735750e-04
6.138685494306194345e-04
5.444102654914167744e-04
3.149336448527706163e-04
4.090245763135532688e-04
5.878761749544269026e-04
1.403474387378274898e-03
4.396246371437163175e-04
4.931225121526963641e-04
4.899384197690984794e-04
7.415688954497394892e-04
1.060481869194336351e-03
2.776038185062776938e-04
8.066310227977320545e-04
4.046041212600892407e-04
1.427537315958885564e-03
3.233080149360907912e-04
5.691659281586242342e-04
2.574663457314814441e-02
3.616219245100296773e-03
5.498286991095629192e-04
5.163838460670755904e-04
3.467961220793892591e-04
1.038356363407333350e-03
3.815054261058401473e-04
5.956521749331389467e-04
1.829396799479782025e-04
1.167664578954971536e-03
1.246079936723886155e-03
2.045161757595238480e-03
4.549822258236005303e-04
5.320162548733437403e-04
3.753760126394581299e-04
4.352004805242684410e-04
6.088606216969570661e-04
2.517649550334176076e-04
3.991390288272721274e-04
1.790813036418633123e-03
3.608666448369070127e-03
2.222208962370568149e-04
3.958402777884760700e-03
3.600834683437808322e-04
9.440402863430487129e-04
2.934192887299526568e-04
1.228109917173060171e-03
4.641029047968452852e-04
5.889883543921224521e-04
4.877999051444990896e-04
4.465391396871836696e-04
5.778479474236160535e-04
9.639371509793755914e-04
8.275045839465874388e-04
4.805431911380455461e-04
1.751058297207542321e-04
2.787472289134988669e-04
7.695826325431609624e-04
2.322772266525958279e-03
1.313793124599923860e-03
4.417659715014166360e-04
4.819840358560353432e-04
7.320527983306688961e-04
4.715211892352211623e-04
4.915634453988090716e-04
5.510507421052265311e-04
3.008215784514429395e-04
4.108439528336482825e-04
9.154967243286392733e-03
1.524791990135690401e-03
9.391544339761270484e-04
1.058776899136970161e-03
2.690247623929677991e-04
6.901312222580738938e-04
5.030773595927804601e-04
1.225536321351862815e-03
5.444715717509767891e-04
5.409306687077205036e-04
5.508383016118057352e-04
1.689898338150118808e-03
1.417060830671487172e-02
2.781042485729748044e-04
9.216151646791836786e-04
3.502855655344270526e-04
6.416902947026291524e-04
1.156842358519299474e-03
9.718424962488895254e-04
7.069368471327075378e-04
5.784437521143829175e-04
5.040501207030476279e-04
2.693688388465963895e-03
1.060410476058570948e-03
7.059124861560518846e-04
3.168113761544219141e-04
3.025630000819568986e-04
2.271573296867704990e-04
2.601286383939332438e-04
1.187888065146491725e-03
3.752336423732119050e-04
2.585805453008465857e-04
6.921314011942941670e-04
9.249261222296693797e-04
5.958907813302246562e-04
5.693279025026230962e-04
2.740369029159419006e-04
6.672753536632377441e-04
4.586892274960946880e-04
9.386740913462945880e-04
7.765341825678441457e-04
8.344827064341203996e-04
6.627952928397087395e-04
3.351092910858314297e-04
6.543660926023230290e-04
9.155216687146857085e-04
7.554116558771920703e-04
7.438063770490310625e-04
1.291930805864954356e-03
5.613735554804214194e-04
7.587869516821549656e-04
2.574663457314814441e-02
6.039989135667583886e-04
4.615956549127825078e-04
3.902226370075131089e-03
2.170095517818094479e-04
6.678048011177417295e-04
5.666305128492969256e-04
1.857933386651157686e-03
3.434919849640724024e-04
4.468150506730224022e-04
3.768223876767290079e-04
2.050804860358685592e-03
6.840339892849202743e-04
3.917413481519031152e-04
2.286233500742628822e-04
2.393827023522584986e-04
2.102216215663645429e-03
2.576090019415866548e-04
6.915332916269257679e-04
4.016355216761605617e-04
1.016002231640117902e-03
2.062302977387884401e-03
6.266720737576538403e-04
5.295043478490285300e-04
7.583968200062850360e-04
7.840615372680533567e-04
1.083923485635449047e-03
1.270429027293065597e-03
4.575893015445405302e-04
7.227048639122516435e-04
3.131356210087424957e-03
5.971383263424092465e-04
1.240571005622964759e-03
1.060410476058570948e-03
