4.513739254718685499e-04
7.699596001198605625e-04
5.455024544532125928e-04
8.128072338020489278e-04
5.988490843687322004e-04
1.121717494673159362e-03
3.154537511210767954e-03
5.901676648748418715e-04
1.052450851247342060e-03
3.973597511709616023e-04
1.419326188121886392e-03
1.233132619464191596e-03
4.659087465874028606e-04
3.203112844184759027e-04
1.024487902949670470e-03
6.877114002799605743e-04
1.480877243004723133e-03
3.184927842021320231e-04
6.469807966165986570e-04
9.444848829414164782e-04
8.699493167557359680e-04
9.834857710875599939e-04
1.598509891815070704e-03
5.851077728100316467e-04
4.870330624280403819e-04
4.845332485573471126e-04
5.396055990478061193e-04
2.689255336794897991e-02
9.678502012474263011e-04
7.750455645459052804e-04
9.799268601471179153e-04
6.887872009305177250e-04
3.506840273237623717e-03
7.156347181272462938e-04
8.965646704575393981e-04
3.355017995961028020e-04
8.625324134256187733e-04
5.339877597679765957e-04
9.290223944997059568e-04
7.555339590660753273e-04
7.261106056570600662e-04
9.197918949298723853e-04
5.622381897433323047e-03
2.985996386172485250e-04
1.484154433814601284e-02
2.570149727407114448e-03
7.318422812229915262e-04
5.766373327092560487e-04
2.140990768846474934e-03
8.798113916139993496e-04
7.095982607333667326e-04
1.444041798835832410e-03
1.771948924850944062e-03
7.713413780202690992e-04
1.651431794461646072e-03
6.014503474843857847e-04
3.705856864797889977e-03
7.332280036561941022e-04
4.059704945315528789e-04
5.328776258022181658e-04
8.624835458151457277e-04
9.897595567480532534e-04
1.264734243346907292e-03
4.191636783264066665e-04
2.428020404514152995e-03
1.290767504023886169e-03
8.188817594433183810e-04
2.549415613483508973e-03
7.340750855457943468e-04
4.835482366185917306e-04
3.395076702105898395e-04
5.096111341383594744e-04
7.985708450606966236e-04
4.902957063164768443e-04
2.263852283559695047e-03
4.231618935757633739e-04
7.147061089633340806e-04
4.293940696958510215e-04
1.442647404480440270e-03
4.806306858759139093e-04
7.028870985220104497e-04
3.378829234197162500e-04
1.533235441737225771e-03
1.475675574643066932e-03
1.589716712698931471e-03
3.339069577207620415e-04
7.762818176016817546e-04
6.602825465015060413e-04
3.932826886420643319e-04
2.014828742942239605e-03
4.493238011355640371e-04
1.022658136830772481e-03
1.208481982772296234e-03
6.980066944438824287e-04
6.331175668852619207e-04
8.035078154047112708e-04
5.414647461654371278e-04
5.830884459652032953e-04
8.889772536865451829e-04
6.973511933149888252e-04
3.551949853790582171e-04
5.135922758239745527e-04
4.170365907701481024e-04
4.587959650460619572e-04
5.687855909300820311e-04
6.878555996940407570e-04
1.275870265396540377e-03
1.714999125293396572e-03
6.149933626065980530e-04
1.073888265458283666e-03
4.981699795579905147e-04
6.358848528421181872e-04
5.622381897433323047e-03
8.715349276953233189e-04
2.093972239115700048e-04
5.931150315279503510e-04
9.263233984021942112e-04
2.497918889484091538e-04
1.868496971822137609e-03
7.797500997469541386e-04
1.011527338430456531e-03
5.631501752494579580e-04
4.164314238512154486e-04
5.717031645070447168e-04
1.497569172092510842e-03
4.849091747816777938e-04
1.784483513255125152e-03
4.902196605273757054e-04
4.296770543330483139e-04
4.511360887429335053e-04
3.794493988071015651e-04
6.788192782275878807e-04
5.633038217375266809e-04
4.714720689362951098e-04
4.236845902771917268e-04
4.527027330138997177e-04
2.982627371401069035e-03
5.520472977702031974e-04
4.676507814692273382e-04
1.395175553168603606e-03
5.086982912620042346e-04
6.040615821038652477e-04
5.730093251998635406e-04
5.555128234213665495e-04
1.015207995541519406e-03
1.301448824911179700e-03
1.503923784183416879e-03
2.616135964744606586e-03
5.752327274174465471e-04
4.553699209691187402e-04
4.500033145831359429e-04
3.477610809176109700e-04
1.705867715589692987e-03
1.641129871900600399e-03
2.795752341425286678e-04
4.435227196298863477e-04
3.740817418610987142e-04
7.631406674138566451e-04
8.774916936322551403e-04
8.812689916517447075e-04
5.046703200485575663e-04
2.238421861054423496e-03
5.500704046436377670e-04
4.771076500082557684e-04
9.788854881484991381e-04
4.664883114345553736e-04
4.273896744467402882e-04
5.503544748919842128e-04
9.697555068776360972e-04
9.612765716547406374e-04
6.869333093665108475e-04
1.569280565684338718e-03
3.224495094344316938e-04
6.588361309928428668e-04
9.178957147608828113e-04
1.550256778899522644e-03
3.980278479565412084e-04
8.848381009640393082e-04
4.601672366670829994e-04
1.028254016038272203e-03
8.565234435370513641e-04
3.414313684597288239e-04
4.867790227605033981e-04
5.288207706129837392e-04
3.848270946815645298e-04
8.072438058927250805e-04
9.847789390737904727e-04
1.199955640748747191e-03
1.068621678450984045e-03
7.036431016751694759e-04
3.951871229369893876e-04
1.094246543669944675e-03
5.284940055307757196e-04
4.017206119755487373e-04
4.920449648677143384e-04
1.051101473039648283e-03
4.881523230647788112e-04
8.039373170153102811e-04
6.678235862906553534e-04
8.299832900274792041e-04
3.301319875252736323e-04
3.194167779267510256e-03
9.180698625495665836e-04
2.656135832915246654e-04
7.689747410970040366e-04
4.733009960246642878e-04
7.123654347121302936e-04
8.655290219542348439e-04
4.335815762108242207e-04
4.480050803999965740e-04
3.503927938147220061e-04
3.022421806901735820e-04
1.929957082048799118e-03
1.412222780978887766e-03
1.419863319886154399e-03
1.370250140749141015e-03
4.505371811727276851e-04
2.086796330100375123e-03
3.853034296321603946e-04
2.485203225457588861e-03
6.442427383605284826e-04
1.003514045653129553e-03
8.169178137175471316e-04
3.840149811496909116e-04
5.409005051261282912e-04
5.344452685358610112e-04
9.120489925029843592e-04
7.299343309417183736e-04
6.988316397603313180e-04
6.248345125232586438e-04
1.240415115212801893e-03
6.601357095309977113e-04
7.248356489543871439e-04
2.468380939191508906e-03
4.045724706032725665e-04
1.266666702924403205e-03
2.050298070404665482e-03
1.063567235448647629e-03
8.297540173005046003e-04
5.173487350517861965e-04
1.940546173218261590e-03
7.270427242961123538e-04
3.218101241363438472e-03
3.234200657576325648e-04
6.202696428682347813e-04
2.259837187605691182e-03
5.755912168796053921e-04
3.521354689120584900e-04
4.770324916078621754e-04
7.242549651132547438e-04
9.110406563435355159e-04
2.245658931193827545e-03
1.355609609558461456e-03
9.092314009448955936e-04
3.137686976666886570e-04
6.147250347753238902e-04
2.661736018043400591e-04
7.278511317367776902e-04
9.556525521392078126e-04
1.003739474315518306e-03
4.090635519568134627e-04
5.157177789013118931e-04
5.825166231301166699e-04
5.143319414254687557e-04
5.927430578894593528e-04
5.999389268414349278e-04
2.259340350700571320e-03
4.904904197730962758e-04
9.051465635044440503e-03
7.246897416957546589e-04
3.857433904626703580e-04
2.921837536945817390e-04
1.066270222316811466e-03
1.587868157986178268e-03
5.938320752293598263e-04
8.416932273498845983e-04
5.733842913696577011e-04
4.566807016497553308e-04
3.470722226999111109e-04
3.648584418305472689e-04
4.105139296646261211e-03
9.205017210926723370e-04
5.048916315475511681e-03
1.301448824911179700e-03
6.554961154331535823e-04
4.540094148624932726e-04
6.277890792721764045e-04
1.022069689629339327e-03
8.088745197005747919e-04
1.944718849154476129e-03
4.064683525805781218e-04
1.074947496745035222e-03
2.517886151774320104e-03
1.358744135716785087e-03
6.289402433852544745e-04
5.498429215914302703e-04
3.722440990973174108e-04
3.045854805743406423e-04
5.860322066838346547e-04
2.377972190648785828e-04
6.451393664638734385e-04
1.513026486007087654e-03
6.454495605095173600e-04
4.511154191808308136e-04
6.946998245566035624e-04
6.963534019823109690e-04
2.905804897734158608e-04
2.365286671844953666e-03
4.764659134782623512e-04
5.116920212279104947e-04
7.743709180443250498e-04
7.048024623523547853e-04
3.264102499230793161e-04
1.162176794435332630e-03
5.440478430109505197e-04
1.049151060982137645e-03
4.199389630495354805e-04
5.110046693872516985e-04
4.456812203218547450e-04
1.192969876282740267e-03
3.789907880729555603e-03
6.930744796750365738e-04
2.029717119662781746e-03
6.627134198057558004e-04
6.337828327382779084e-04
4.530521285676185859e-04
4.561601804481542452e-04
5.371127504807567989e-03
7.970585379646391013e-04
3.826575009169071347e-04
7.319896778069253339e-04
8.007082586919732434e-04
9.208800349178202687e-04
5.990076262651142366e-04
1.458500864607422494e-03
5.246510656623730017e-04
8.459583402307580165e-04
1.023584070008721819e-03
4.445896585994324858e-04
4.121731590691666918e-04
8.093088623054999105e-04
5.543282199192433885e-04
4.081909003788577951e-04
3.282348615663045754e-04
3.802063530248736686e-04
3.344132684946599207e-04
2.225107901487653229e-03
5.625024527172757657e-04
6.152415964890761094e-04
7.229475346265729812e-04
1.351294550838588347e-03
5.990076262651142366e-04
5.715999469443257958e-04
6.417513539664458644e-04
7.592300294235236830e-04
8.075615788151425598e-04
1.747830667721751068e-03
9.731555234750709779e-04
2.214176438761050053e-03
4.872123848417543265e-04
3.298953287876236714e-04
4.902210219090645093e-04
1.849955895124891876e-03
2.193244568811588118e-03
2.878688135667400072e-04
7.107097456505572647e-04
2.322195834692689087e-03
6.057280538346805675e-04
7.483440408595534417e-04
3.779758858952991882e-04
4.968963875222773231e-04
1.002696642998550424e-03
4.183844841330322181e-04
5.512697001941076203e-04
4.156559860852072669e-04
1.857954138259091011e-03
1.774321204624748714e-03
8.252852897408212169e-04
1.560410824505980339e-03
4.643874600607079245e-04
1.286614517389487967e-03
7.504377361700088076e-04
5.867415110228376513e-04
4.615877214306713435e-04
1.122015937023282828e-03
2.877745731535890153e-04
2.064836004767778635e-03
7.853280633057986050e-04
2.347473988232550140e-03
5.951279234893327302e-04
1.364952961736945946e-03
8.486537187512614103e-04
3.470722226999111109e-04
3.391745029019017921e-04
9.185799727272404326e-04
7.299282700649663974e-04
1.144976256945093047e-03
6.322921911211977627e-04
1.438864223826697613e-03
6.648030903176568342e-04
7.262168756516787851e-04
1.444041798835832410e-03
4.614387129071577821e-04
3.336149324424839374e-04
6.889759161074796804e-04
8.937069892831007219e-04
1.021940134960505273e-03
5.361081930989564049e-04
5.099805080385411875e-04
6.337828327382779084e-04
9.740792659548198895e-04
4.272389834101514663e-04
1.420285615623678851e-03
9.909380611389279232e-04
1.739699000335812908e-03
6.080695633862967433e-04
9.961370117088097238e-04
6.979500002107588436e-04
7.928247645428613362e-04
6.178553472379373504e-04
6.637562563083492656e-04
5.772236164689708952e-04
4.253411075502570361e-04
6.509587852329622951e-04
2.540498137168878227e-03
8.427741872799707386e-04
4.020256185493483250e-04
1.247355574887169241e-03
3.850190525904169467e-04
9.059852945208506265e-04
5.400388384735821867e-04
1.098028581062934122e-03
5.727984429540321915e-04
2.964230942670964932e-04
6.951367484298659949e-04
1.470862637514344347e-03
8.531749397347068806e-04
1.587047611307123912e-03
1.363417472279296197e-03
3.841484126956269760e-04
4.586352677121553843e-04
7.214602559851388420e-04
4.975534523493867602e-04
1.200139955245906704e-03
3.380998995719666951e-03
1.001350961225688481e-03
8.356240656778547368e-04
1.035731989734982143e-03
1.246939273479590396e-03
2.751587449114410266e-04
7.627199090235058012e-04
4.220036590265965914e-04
8.007585051433797549e-04
9.942819987405903011e-04
7.538090440887324807e-04
1.184597704274942742e-03
7.977467191670684554e-04
2.564332922433887525e-04
7.995593722550298947e-04
1.531975219452624349e-03
9.040654646410049367e-04
6.387797772557945748e-04
1.566098231174504595e-03
7.319911079657099185e-04
3.929458230407951980e-04
2.607112976915464944e-04
2.444803606935761365e-03
7.304861927510158037e-04
1.466867737637285408e-03
1.257641748111575173e-03
7.156443519530501264e-04
3.588424541896176692e-04
6.027399278339492421e-04
5.705713248814123228e-04
5.539478622385022233e-04
4.934308696440151088e-04
9.843865189004426513e-04
6.063474647747956088e-04
3.649849508086425946e-04
1.315745362526909209e-03
3.533016875870729828e-04
5.812894769365864944e-04
1.183816810368196019e-03
7.009979818658268946e-04
7.560632832743689833e-04
4.539542084301997058e-04
1.150494507985640917e-03
6.003383834555086219e-04
2.779785127558237630e-04
8.034547161413811093e-04
4.341147598379314042e-03
1.093013033004868037e-03
4.074428812058271594e-04
8.012804853599076729e-04
1.546205981935935923e-03
7.052836688706098488e-04
1.266665810695936966e-03
6.302915167938590631e-04
4.808686791845989878e-04
6.618200229529114112e-04
3.412809481018211854e-04
6.824994271658535103e-04
6.669762723606820817e-04
5.344452685358610112e-04
3.919296867939303826e-03
5.910934015386545403e-04
4.335900207559974804e-04
5.074721543458344218e-04
4.564243894895570679e-04
9.631748188177644780e-04
1.049473138564466961e-03
2.562609755300720494e-04
8.486078020915464220e-04
3.698690178763817905e-04
2.798522005750622862e-04
6.059532360271458569e-04
4.442659562945434470e-04
6.963983261522509139e-04
2.577325275456172622e-04
6.014503474843857847e-04
5.295819288291278657e-04
5.221046665521056254e-04
7.987839596794172724e-04
5.478770848484132341e-04
8.366526601165495420e-04
1.728557973306967714e-03
2.185642117078976895e-04
1.114930153005066604e-03
2.269559376515779044e-03
4.871529224152214353e-04
1.390887675128597714e-03
9.196135276159818350e-04
6.628131525256360538e-04
4.991036242204264150e-04
3.832633460898357243e-04
5.949310062319507599e-04
1.127704455032854051e-03
1.067561693218951283e-03
8.132391522449162156e-04
5.572583041469084337e-04
5.996892280477074920e-04
5.076474312654601518e-04
8.755753300551595997e-04
6.341696084232672451e-04
4.887282761153829589e-04
5.560316436591344717e-04
6.004206749701969771e-04
2.462651005584704194e-04
9.677299001251247904e-04
5.202466873054943436e-04
1.339279580628437117e-03
4.504653468599028785e-04
5.735859731140663690e-04
4.399230135060725041e-04
3.688058207061638803e-03
3.712993182928061848e-04
5.805624789371862044e-04
9.356033902949405928e-04
3.737841583384131795e-04
6.410428253570181695e-04
7.752318873781003945e-04
5.634320701888581931e-04
6.626250781547046243e-04
6.165525445912890855e-04
5.033298248468872499e-04
4.863390393417585497e-04
6.186563028359671123e-04
4.495591025233529629e-04
6.075823340601565559e-04
7.921018167283427501e-04
1.692886257994977812e-03
1.114886009065535260e-03
1.797648429136023155e-03
6.760962912580271902e-04
5.336691457801627514e-04
1.531975219452624349e-03
5.109541239844308906e-04
3.646358669492388328e-04
5.093184187483791028e-04
1.496148821282309834e-03
3.087697551210748519e-04
1.293696075316892909e-03
1.200139955245906704e-03
9.084138992691774116e-04
3.470722226999111109e-04
6.711328080357674853e-04
6.879372783655439503e-04
7.745317119798053682e-04
1.568888516081605889e-03
7.728737250253454091e-04
5.399852605235827292e-04
6.171525523477445173e-04
6.772273007014579550e-03
1.084815417783379114e-03
4.062222791891425904e-04
6.014503474843857847e-04
4.416768343538355376e-04
1.275098997364325359e-03
3.234200657576325648e-04
9.074578225449189727e-04
5.719531275720744767e-04
4.700920389629985969e-04
8.853584584933185501e-04
6.332991431661956234e-04
4.170365907701481024e-04
4.143697823812498367e-04
8.332214200479933332e-04
5.574945646290102802e-04
1.050572637651363186e-03
1.241642359736349699e-03
1.534608063884284604e-03
5.872174858954034606e-04
1.820687498972100270e-03
3.572410451919538613e-04
4.328833788027240605e-04
7.918402390423203699e-04
3.283033513688318750e-04
5.634146363461742506e-04
3.842787169092092936e-04
7.933987838949905407e-04
5.189701011862538202e-04
7.992929186103623143e-04
5.607004997801027417e-04
7.460167701304213023e-04
4.364977045312711510e-04
3.528671889908537203e-03
4.629925665590631343e-04
4.806199655707505802e-04
8.293505469335357531e-04
5.786636451157141977e-04
5.826016480704865720e-04
1.143764733112040714e-03
5.846258531092011958e-04
6.350204034089387698e-04
5.274625500240111720e-04
1.195661844236905417e-03
9.227004737327751610e-04
5.501890113071666562e-04
7.725747178767665424e-04
6.938502307171163976e-04
2.565138749876404688e-03
7.048024623523547853e-04
6.884193371566711900e-04
3.205404631690336346e-04
9.085960862818116780e-04
3.621027025505486581e-04
8.208566186879871426e-04
5.937805426705190055e-04
4.992565374794479980e-04
4.380947604336575410e-04
3.849354250126632332e-04
8.086806903358183382e-04
1.584366411436046503e-03
3.470722226999111109e-04
3.962967419286578946e-03
5.247424330114757677e-04
1.786788963679420642e-03
9.674094192662357908e-04
6.411697639826989623e-04
2.655780589860071432e-04
2.262908139203685578e-03
1.341457104689207933e-03
5.008886582984764350e-03
1.155297450298139496e-03
6.412227138423229203e-04
3.532620919496110858e-04
2.985996386172485250e-04
4.456481022717325726e-04
1.220295843588503019e-03
6.456422690949289393e-04
1.191595102141299696e-03
3.943487964989452355e-04
7.040624805429507912e-04
4.657040145218080168e-04
6.773277964355069831e-04
1.035120679958836899e-03
5.401673294041986137e-04
5.967768392675717060e-04
7.687583138533995693e-04
8.255394103343253543e-04
7.918536922398944442e-04
5.809298441907973388e-04
1.153607546977150275e-02
6.014543339135479264e-04
5.042820539096546208e-04
7.365870386870413365e-04
1.277497032927909799e-03
9.662674907559827640e-04
3.380570431474384818e-04
5.968288546263245554e-04
1.777258884743955058e-03
9.123008984052393116e-04
5.801807293448773715e-04
4.394806310024077824e-04
3.895754460069873878e-04
5.527212030581409898e-04
6.494379006762129695e-04
4.801899476864915166e-04
3.767728935667849543e-04
6.540773247406670614e-04
7.342456794864782744e-04
7.987070047834406335e-04
3.839017145474078112e-04
7.699596001198605625e-04
5.791366444362926929e-04
6.042232357926704146e-04
2.492453567527291164e-03
5.900165781066652512e-04
3.259362526669481596e-04
8.010098400652787207e-04
1.029059853033135585e-03
3.794153062241282745e-04
3.122487081478884691e-04
5.043338600846971860e-04
8.576267960455855738e-04
1.653047547555548582e-03
6.406556435200160948e-04
5.938938311283685620e-04
1.631266036219450972e-03
1.062770963362897041e-03
8.738444768705787551e-04
1.390887675128597714e-03
5.076474312654601518e-04
4.877602548212172468e-04
8.273002058524469562e-04
6.074780717738680448e-04
7.263712145295761393e-04
4.975452378001048647e-04
7.059927691819737694e-04
8.080312954756259164e-04
3.593783345545729425e-04
4.050965618358313568e-04
1.412631830849463577e-03
5.483524496000965164e-04
4.519977879939244951e-04
7.035453184734321696e-04
8.179927523834038677e-04
8.975271820383172146e-04
4.507960048393682708e-04
3.647814275171855553e-04
7.981634517648661387e-04
4.475655615602542182e-04
1.117644599528157907e-03
3.165104013872609297e-04
5.005962244905262822e-04
1.510895617617550148e-03
1.142050075707293222e-03
4.871529224152214353e-04
4.431972037047005064e-04
7.103112751774963863e-04
1.653085741262662681e-03
4.629326591777090452e-04
8.408202277386867853e-04
4.768373013533849618e-03
4.037004509300059552e-04
5.573409382088514562e-04
1.135618357065025898e-03
6.330375609690630078e-04
8.285081314776908661e-04
4.540358384445409407e-04
4.258804279856638988e-04
1.220714577403195049e-03
8.125107289688637997e-04
8.162183046152842337e-04
5.026157211442442395e-04
9.743610133102351828e-03
1.416262363133317199e-03
9.154792485298818630e-04
4.404058438611234980e-04
2.771901129837771403e-04
1.021339887141793851e-03
1.658105876033790860e-03
9.760049965060736644e-04
1.209417868907062361e-03
7.750154409295556632e-04
3.851782285382735014e-04
1.058981937277057254e-03
8.134744492864210124e-04
1.187031936459234660e-03
8.517362324337021326e-03
1.094246543669944675e-03
4.959550620721940280e-04
3.535167655498156055e-04
4.634174848872617616e-03
6.105239280595942033e-04
5.783359441004474761e-04
6.057013595352823444e-04
4.849091747816777938e-04
3.001321535639738664e-04
7.555864921063083252e-04
1.286861370380929957e-03
5.931000840885388087e-04
4.801323786080939084e-04
6.552206746506606186e-04
4.544202875002912906e-04
1.757760491120615018e-03
2.528053063094456792e-04
1.583440764325937155e-03
1.056500777322752103e-03
8.851083005741006669e-04
1.631177980157660044e-03
9.501728524229185969e-04
1.050603556544384577e-03
5.526485917602677253e-04
8.600091854304977917e-04
2.329082925078347372e-03
6.922257004403686636e-04
5.998278948310612878e-04
6.115354918294219891e-04
1.020525585498906077e-03
1.275621411760346092e-03
1.000394932786405778e-03
4.439941196839522204e-04
5.453544785177912111e-04
3.536290314806784683e-04
5.837843242839482793e-04
1.110808470846877350e-03
4.381236903960248068e-04
1.853472122201770076e-03
7.613335097512285293e-04
4.840839595925558675e-04
2.433176221646813318e-03
2.948995813414176013e-04
1.301448824911179700e-03
1.533235441737225771e-03
4.623435820956098741e-04
7.702452987457334690e-04
3.221409634349150196e-04
1.202111427237920237e-03
4.079957480575819423e-04
6.019692245037803081e-04
1.660312780968327276e-03
5.534765338631242922e-04
5.402851794769008382e-04
9.805929175004655420e-04
6.494828480449273047e-04
1.110774007680799709e-03
8.286824581933658089e-04
4.454108706784711403e-04
5.059247749811844131e-04
6.161757617968667469e-04
7.417344412967446675e-04
8.820831312961413626e-04
4.885040522127257444e-04
4.949383699060841673e-04
6.790331767249800296e-04
7.578246521858477943e-04
9.263233984021942112e-04
3.149811573610190570e-04
6.613323642832310114e-04
3.306652696794342263e-04
3.151557611073039860e-04
6.230908460613333779e-04
1.220295843588503019e-03
7.973578576757369123e-04
6.821397521788398390e-04
3.351620945403438294e-04
3.431831618151571367e-04
7.598510058117677064e-04
1.360624001298450444e-03
5.047798269844705650e-03
7.858100525795416996e-04
1.119149745758537661e-03
7.973908032138970125e-04
5.665428039639252298e-04
6.482192889462381471e-04
6.275659477602153194e-04
4.440193750280290634e-04
1.092541789107511797e-03
1.886156691497971674e-03
7.071378986714722424e-04
4.278309277838439752e-04
5.842764862771304343e-04
2.896112943572155254e-04
5.155073429536489961e-04
1.244994167662278727e-03
2.959084048814793091e-04
9.750957477952846121e-04
3.404248491668291710e-04
7.115027544877349083e-04
7.394496385506577583e-04
1.540569695230349949e-03
7.642912077454030789e-04
3.462050883575169781e-04
1.795968934168862274e-03
2.594920015999566598e-04
7.171830484462448805e-04
1.638039154428940110e-03
2.040886545270743924e-03
3.723701365585022592e-04
2.419929047751586402e-04
1.218494178574494472e-03
1.298489603109347947e-03
5.179505252366564541e-04
6.479541823736756877e-04
4.526232149855800445e-04
5.339877597679765957e-04
7.838597361272714751e-04
2.587852324278218721e-03
8.517952991049607689e-04
5.556600842635852668e-03
9.300585819339801620e-04
1.540405025785491480e-03
7.212653899473329012e-04
8.132106379644211741e-04
1.229262899457505718e-03
6.499869162778081511e-04
7.728737250253454091e-04
6.460591926187096538e-04
8.437291904869150721e-04
1.177922205796717425e-03
6.002130752865670682e-04
5.556600842635852668e-03
6.884193371566711900e-04
4.136273796050663636e-04
5.626483591623929800e-04
5.870737338881261815e-04
8.848381009640393082e-04
5.265119023617745092e-04
8.958818320517258687e-04
9.799268601471179153e-04
4.361006346049915781e-04
7.116585546973534749e-04
5.396340932239399512e-04
2.825250504350962973e-03
4.911759928754003308e-04
1.193372836960449133e-03
1.142688053699057564e-03
1.776008451800723063e-03
3.513920211913148291e-04
4.829755385935020624e-04
3.144500527495420117e-04
1.609856470035381931e-03
4.451287982769825541e-03
4.874962971725581773e-04
5.247424330114757677e-04
4.276073091576928684e-04
7.391181124986516502e-04
1.522296919312184126e-03
8.301764312273761425e-04
2.537481779484144508e-04
5.008886582984764350e-03
7.534712511530860905e-04
1.806488455858662424e-04
4.791534816707449136e-04
5.555810505998764809e-04
3.490469603132102913e-04
2.273784784603685022e-03
1.404759652707424349e-03
3.986157111742907942e-04
7.751654999383697509e-04
8.680455994345351181e-04
8.206690250182941846e-04
4.230961924147096293e-04
6.412227138423229203e-04
1.677982366473785300e-03
5.417942845037615430e-04
2.414466230858251284e-04
4.441965864276240829e-03
7.754962237710736955e-04
9.093951106172123468e-04
4.438472735179172261e-04
1.272935702430972541e-03
9.430353156105934862e-04
6.328494543682559089e-04
6.378152313921782229e-04
8.642458120080014072e-03
8.039767932615856250e-04
2.100974387648299989e-03
1.549816887312361040e-03
1.033287280230351214e-03
3.968568581024439833e-04
5.730093251998635406e-04
9.688137595483639923e-04
9.381386663428956108e-04
3.421262991161737755e-04
1.090521531064761289e-03
5.225399439083073432e-04
9.823564882968326400e-04
6.383874862340677917e-04
7.620381489565411504e-04
7.043838995986818376e-04
3.083171996551175892e-04
4.527674912201738277e-04
1.950591053569359452e-03
1.394590732954278456e-03
1.216664569166151823e-03
4.784559878529660122e-04
7.618217024566845998e-04
2.242320221045061065e-03
1.105759119659300476e-03
1.463107986049754818e-03
8.503891207468272564e-04
3.241733197645236446e-04
5.219667594031236193e-04
1.014784004349924412e-03
5.503046029838493157e-04
5.877409251394184221e-04
1.092842683521376337e-03
1.558149221558810787e-03
