3.310927817742826871e-04
8.282745742322944645e-04
3.370498172479026162e-04
1.004058870682436469e-03
7.067006992946490897e-04
4.165497518417254864e-04
1.461369148425825572e-03
1.267592786795401945e-03
3.597424199666104504e-04
2.757733668818287704e-03
6.055907901140276245e-04
1.286710112493907789e-03
2.619369371623742494e-03
1.973678989048676703e-03
9.915263622335866115e-04
4.107305380911089460e-03
8.271349182334119263e-04
6.972540833363213668e-04
3.156511511315049519e-04
7.313656685708436406e-04
9.167031231919041010e-04
1.753943917327677529e-02
1.995673082069032017e-03
1.664076566506061689e-03
7.666665285363039647e-04
4.121860694604605906e-04
5.816729421551002305e-04
3.679913704888781501e-04
6.155541064104554615e-04
2.554680996281739436e-04
2.320158009261708704e-03
8.794115678609441128e-04
2.932097077862566375e-04
2.704541260571516922e-04
5.956941207500384599e-04
3.623777584933082991e-04
5.366453984331561334e-04
2.941562517560780687e-04
3.661215846285883384e-04
3.833807474789372588e-04
3.950794917161386212e-04
1.072399782641823666e-03
1.030775125889155487e-03
2.632985052134290387e-03
6.329494477037602958e-04
4.922471349667900415e-04
3.714548721766787096e-04
4.416096975151902800e-04
1.977911803608810738e-03
4.898974600481523396e-04
5.836585079820071813e-04
2.786628205898095860e-04
7.503498096046273521e-04
6.876673002705794386e-04
3.151259560830095585e-04
3.201039850973876901e-04
1.786555727285922893e-03
3.888371882176803779e-04
5.882873959236991539e-04
6.564351005799595349e-04
1.326232155665763588e-03
3.569697189940437766e-04
5.944697065147177455e-04
1.488419682753631783e-03
5.401622003565195252e-04
4.631267861193369547e-04
6.991579017952902989e-04
6.303882266056108586e-04
1.000141409058926019e-03
8.718893926112577814e-04
3.078628621575658269e-04
2.320158009261708704e-03
1.093859048187272726e-03
2.886149336222892589e-04
2.412414560065106312e-04
1.170465442109987816e-03
6.128322296309491332e-04
3.794653834827051175e-04
3.695127612503063441e-04
5.025043683592368563e-04
1.264405394216270434e-03
8.092142165646154647e-04
7.635997731894531146e-04
6.988297884039180920e-04
6.409078303781323791e-04
4.194053993252397860e-04
6.303882266056108586e-04
4.003544866848965486e-04
1.571741009023908554e-03
6.936834501539770881e-04
3.308474616807671287e-04
4.649001176415374324e-04
4.710292135492081893e-04
4.771200809900837656e-04
3.059574235344339629e-04
1.287964853951318461e-03
5.588153419152794505e-04
5.805591446639477276e-04
1.463850075661713487e-03
1.030165149046730023e-03
4.602518548334479055e-04
1.037720060461100107e-03
3.503559917969533235e-04
1.118167451173384449e-03
5.074391689863415669e-04
5.857956978432318339e-04
4.003007860088768268e-04
4.634022603815791648e-04
3.817125611420719706e-04
2.823563113599567107e-03
1.130612293867607268e-02
4.679151055442988408e-04
9.963189748787106871e-04
3.807310771867748593e-04
4.922412193522979684e-04
5.732704790235722920e-04
5.940963031474292633e-04
6.019247920317563616e-04
7.954649003198238600e-04
3.453238524370151542e-04
9.112443559391996285e-04
1.352980716242380447e-03
2.205957480443293799e-03
2.322920526956945980e-03
3.201803088621383805e-04
1.103003414822984092e-03
1.142331542617923369e-03
3.976519580607992105e-04
4.824092996550296587e-03
3.331650350801970608e-03
2.786946798172242057e-03
4.708373931966001080e-04
5.911210739156376156e-04
2.755823201854249046e-04
3.603117847128079029e-04
3.604422418878144331e-03
8.942797022589970418e-04
3.707620927859285511e-03
4.978616034841241598e-04
7.503731183121179491e-04
2.572530111879947536e-03
3.782496254102460419e-04
7.773779273415179145e-04
3.368896737164565848e-04
1.306855315103510121e-03
1.711562451751907823e-03
6.607063253684929442e-04
4.779435748810089411e-04
1.072084893490747159e-03
4.742016883797096211e-04
2.648349295061332067e-03
3.224112300546441040e-04
1.112235180843851659e-03
1.895075311187460537e-03
4.959822072419029556e-04
6.986635338722160500e-04
6.140948643422784476e-04
4.369620735027291802e-04
3.344389549878936676e-04
3.705463447742398373e-04
3.344164951899128153e-04
2.760210752995041240e-03
6.618881521715520681e-04
1.112073489413014770e-03
2.526762034528573357e-04
9.112658834362473035e-04
1.743153586577666754e-03
8.966679466288574128e-04
7.500621198096514737e-04
3.053874687506965245e-04
3.939909036323633673e-04
3.398399738370753076e-04
5.544559803952010335e-04
8.877785714639488445e-04
3.057428991502492252e-04
8.912621338091792104e-04
3.470134804901737645e-04
1.321810146273772694e-03
5.818914112144726999e-04
1.535817125481319214e-03
1.130612293867607268e-02
1.419409107698309854e-03
2.290191499031112834e-04
5.135939630453680536e-03
2.883010387661918928e-04
3.118242529853284747e-03
5.277161680929212152e-04
3.618245959164069427e-04
7.417344602764933213e-04
3.633450803632785301e-04
3.060079113750735665e-03
2.464125665200312429e-04
7.327228600921127611e-04
3.842094383006600718e-03
1.888028193045454984e-03
3.944379655566900272e-04
4.824092996550296587e-03
6.095407651002772908e-04
1.376611169113171190e-03
3.623424935285920524e-04
1.706024513106256264e-03
4.886821934939791345e-04
6.674039900044238241e-04
2.908625917429537907e-03
7.092746266257001940e-04
4.982182230243764522e-04
9.447970135726304741e-04
4.960553425159104027e-04
1.082062949461122742e-03
9.460635801827138548e-04
5.274433661237463902e-04
5.623715722121135074e-04
6.991579017952902989e-04
5.584654761245030647e-04
3.122731210858265428e-04
4.766217781627574731e-04
9.250509050570855521e-04
1.099947623530096036e-03
3.640792174547764705e-04
5.946049919324480600e-04
5.257355246934594098e-04
1.343795487624610454e-03
1.003006399651422279e-03
1.074388681060748285e-03
9.872124625163508551e-04
4.357058335219098489e-04
4.093376005095247165e-04
5.262039953410895411e-04
6.750332755072212167e-04
2.635813743367794275e-03
1.056766358691315797e-03
1.443224583511000915e-03
2.063736732038446505e-04
1.722929361319533318e-03
5.557504711305139792e-04
3.827242090188316789e-04
4.110358364292945573e-04
4.930846981069793994e-03
3.633619581833669393e-04
2.661149186464822555e-03
9.807597429147038148e-04
1.263675115485737421e-03
7.417130436383794411e-04
5.946766656969006354e-04
4.404541971387028855e-04
3.316207103350119205e-04
1.282330604725005025e-03
2.908582233853766697e-04
7.272674126959117070e-04
7.737280587489746547e-04
2.545139402367607847e-04
1.511299850374573294e-03
1.036799891588469861e-03
1.677342036904953555e-03
3.295510763535452613e-04
1.168828502394806367e-02
4.672010724831734225e-04
1.111113118378333122e-03
6.422646488183380610e-04
5.651083248146321521e-04
2.440323988680503345e-04
8.501042504877384795e-04
4.961781747572315861e-04
4.139403430551588897e-04
8.217092696045293510e-04
8.252924406681767929e-04
3.538404421235000967e-04
4.402673807314878862e-04
5.278556313073499637e-04
6.055131326288465052e-04
7.138161098913400979e-04
1.009848553554979888e-03
2.846740183101046859e-04
8.046081590699999614e-04
6.266465142300095027e-04
6.736755512817384564e-04
8.284871380298358635e-04
1.103910193636536757e-03
5.671821850289986925e-04
9.377155701245661447e-04
3.866769966487003320e-04
6.173065688264090184e-04
7.345364649777127346e-04
2.766694723026340177e-04
4.508520081548649796e-04
3.744947069114278417e-04
5.059858668624894794e-04
2.929558958723764081e-04
1.257637217244579131e-03
4.404507777013408256e-04
1.703767106208246536e-03
1.395986730116419031e-03
9.258374985811303670e-04
2.085109784969055823e-03
4.514672837410705622e-04
1.168517191926559057e-03
5.260910593997846938e-04
1.093689967130357255e-03
2.805438393744341219e-04
6.156344537051799742e-04
1.879719348620667021e-03
4.824599095334444602e-04
3.486731556514536135e-04
1.127990108541444218e-03
3.942207240479866362e-04
9.899741539765964660e-04
8.838591821889742704e-04
3.692143848374399430e-04
7.168727226682186865e-04
8.025328597776208500e-04
2.399132419295230102e-04
8.983018840386364614e-04
9.164971651336163662e-04
6.406370614206774623e-04
7.111922213880237211e-04
8.643045890304863711e-04
2.008889233419235577e-03
6.820917216085998179e-04
7.783479603867592481e-04
5.131122736415672262e-04
2.338743784800034861e-04
3.950477587934501521e-04
8.761119595384487526e-04
5.722753288142859310e-04
6.179924864684892315e-04
2.158053752673281286e-04
3.383514169657238029e-04
6.751549564721179460e-04
3.569083237296054247e-04
1.579111486285215233e-03
1.002226131451154590e-03
3.650545649451943770e-04
3.637257927300346829e-04
2.085109784969055823e-03
1.420043949176817612e-03
1.442354725924773710e-03
3.930080247685855950e-04
7.099244644028884473e-04
6.275924981645163159e-04
7.909525675261686777e-04
6.507471041270190956e-04
3.787589478034640578e-04
4.136345238939402916e-04
3.450864523265650746e-04
9.425976657336435473e-04
6.495293441980396799e-04
3.915147535232443767e-04
2.913084272489843978e-04
4.830730455436648557e-04
1.031797623699658856e-03
4.284606180824677762e-04
7.809013907946224346e-04
2.621467011077756705e-04
2.897565986719788074e-04
7.679520548909208244e-04
6.606248178790894961e-04
8.068508007653985578e-04
1.577484339951582167e-03
4.537123280118495025e-04
2.297257046917251799e-03
7.001885209805754377e-04
3.647168819039126454e-04
4.874436628255014096e-04
7.151098151470262811e-04
6.137169837780483269e-04
5.550491281866691291e-04
5.490399191207653634e-04
6.290574268537607030e-04
3.089132437019643314e-04
6.644601619045266416e-04
1.154300781723441652e-03
7.637338723826173721e-04
1.035273734026844264e-03
1.258639658435490140e-03
2.701159736181413208e-04
8.563460441997713555e-04
8.075133303678471656e-04
4.302404235956695279e-04
6.446662186344798888e-04
1.378124606748136862e-03
5.535301078693806312e-04
6.375826712149648299e-04
6.173991949553314217e-04
1.629416439472985414e-03
1.867761112253102764e-03
1.833894122902263429e-03
4.239113326527821791e-04
1.001251852154293187e-03
4.930704554328883089e-04
5.969347475066027597e-04
1.557832388520510869e-02
5.488771705140739129e-04
7.087774738813906782e-04
1.105604283793282325e-03
2.310866465512078499e-03
4.195009298228462194e-04
1.001494685024228656e-03
2.900653997657250214e-04
1.888028193045454984e-03
2.390901228992907770e-04
3.386631774524386548e-04
3.799915167664522629e-04
4.393483462053739889e-04
1.097698325733623267e-03
2.604543365339966033e-04
5.097206851095968400e-04
1.098548526645069107e-03
3.678807776364635316e-04
9.371864598298997517e-04
4.031728678284993649e-04
1.323489498800379431e-03
3.397479256442832805e-04
3.056099892945771741e-04
4.902128409521220274e-04
1.377352010511555041e-03
5.867954334960738712e-04
4.943053387432417949e-04
5.453651452793164840e-04
5.342806062300423358e-04
1.088357424772771727e-03
1.322699422298920973e-03
9.274826181142702521e-04
7.907380965213385874e-04
3.772788527590844178e-04
1.180780267981472714e-03
1.175749976752737524e-03
4.480948356082921510e-04
1.629416439472985414e-03
1.303441517380544458e-03
5.426327559417447799e-04
6.931867279139044321e-04
9.359830285813504347e-04
5.869967987457371970e-04
9.580768761397152281e-04
2.729554469168304388e-04
4.506453147277799222e-04
1.883528680914277418e-03
3.454635099581633258e-04
2.667617050792577449e-04
1.539024132100614900e-03
4.051882387423468663e-04
5.186614622195874881e-04
8.965117378698599484e-04
1.611058185931893644e-03
3.279778142333294360e-04
1.358338118975095481e-02
4.988243139567977678e-04
7.506381350927256125e-04
3.411351686972040526e-04
6.599745656452973321e-04
9.059549044505035799e-04
1.550957550056549731e-03
9.207598704412778105e-04
7.154290643405531325e-04
3.304145131793034254e-04
3.230666470681444000e-04
5.776763069238044631e-04
9.037541259740316558e-04
2.823563113599567107e-03
4.663985720105993439e-04
3.069001405730752943e-04
8.787894443929226800e-04
3.259720632715039780e-04
2.947439573637398048e-04
1.073797381470101200e-03
2.323965887003994878e-03
4.379757887250902378e-04
3.541535145962136318e-04
6.394968867783110784e-04
6.859023460250730222e-04
5.823162234974433573e-04
2.285933298833621452e-03
5.848937897774967231e-04
3.491238001494765273e-04
2.966964630783570662e-04
6.567290175087463992e-04
2.430809243390711694e-04
8.226075843671052084e-04
9.051073996788325032e-04
6.082770202011878943e-04
5.809558103779671745e-04
4.512052625624508807e-04
4.653784975820981530e-04
3.929321163831689151e-04
6.936166805775894912e-04
5.977088591388459663e-04
5.384842162317379083e-04
4.667364935929822268e-04
8.857436957503395363e-04
2.653935146836074177e-04
1.409231083329868985e-03
5.005317463633500528e-04
1.157973665564002641e-03
2.589214386967869045e-03
3.863167964028914889e-04
5.824115872279396868e-04
3.701069000432318217e-04
1.408654895631143754e-03
1.593979876343494658e-03
6.371071545550995507e-04
6.834930663070551936e-04
1.072399782641823666e-03
1.254666234806948392e-03
3.460405340309205460e-04
5.792908764815126853e-04
1.753943917327677529e-02
1.778282385446693830e-03
5.775195279824935253e-04
6.368819045865669508e-04
9.250824260492001823e-04
2.760210752995041240e-03
3.379792134560427965e-04
5.245063505501331878e-04
2.994089259414368367e-04
6.419123917374665918e-04
5.167242698346308574e-04
5.199190791247694336e-04
4.290519798896888764e-04
4.341952863345669095e-04
6.543680151009243157e-04
1.550937850504066542e-03
5.731535474478316071e-04
5.303637934833139436e-04
2.686513536882617972e-04
6.482232498077991926e-04
8.246001170194097729e-04
3.277150305058963817e-04
5.863329220773068253e-04
6.266030847439121821e-04
5.477401608321830857e-04
3.900714977196473158e-04
4.145538185466822174e-04
1.577448151236302302e-03
3.779020545733789119e-04
2.632978232153379214e-04
8.592180358006944662e-04
1.507192830198237493e-03
5.979186317048769015e-04
3.435466834281842912e-04
2.335601927075319807e-03
3.750972617141705889e-04
1.215338062065949220e-03
7.000547524054616952e-04
6.019247920317563616e-04
9.098831180813477621e-04
1.307231700629108827e-03
4.164042244490395337e-04
2.732633314265637539e-04
9.942660436993754416e-04
6.018263625136945939e-04
1.352980716242380447e-03
7.025238720279499945e-04
9.984575629852746222e-04
6.032400624344730691e-04
1.883528680914277418e-03
8.880907223898971579e-04
4.414384186299204942e-04
6.251158219526472019e-04
3.751562092441455810e-04
3.973132710906960782e-03
8.018658091675011455e-04
1.352980716242380447e-03
1.059414563426228691e-03
8.364197022162030756e-04
1.167135647313174334e-03
4.502832653054006395e-04
6.729495321034655074e-04
3.827291534473168115e-04
3.954929045047019865e-04
1.129132429415867804e-03
7.046242169315003728e-04
4.349545818951001757e-04
2.994089259414368367e-04
5.752554352731352374e-04
8.999225858458533229e-04
6.411569994968846021e-04
1.052556368525157287e-03
4.053626939608841856e-04
3.645714929008543582e-04
6.565883584309155320e-04
1.334816228647252344e-03
5.708137353768016464e-04
1.224200579664295237e-03
4.433503304244889470e-04
5.490399191207653634e-04
1.393414429955429704e-03
1.888028193045454984e-03
3.017447885425763449e-04
8.354510425499868300e-04
7.513621387588192068e-04
9.233805669754823094e-04
2.697763895625069274e-04
6.033705715063607819e-04
8.127629405580219513e-04
1.501615588690239332e-03
3.724199761096949981e-04
1.233638349718153967e-03
5.637459571217177555e-04
1.935674055930100036e-03
6.923540468280969069e-04
2.773927404803511383e-04
7.471528722820549142e-04
1.744546193150858619e-03
4.395213105888977085e-04
5.278644815439368461e-04
5.836150308182510562e-04
1.049011892848470155e-03
4.236147430103494272e-04
4.163125012869365563e-04
3.357224569804852406e-04
5.595329035960631622e-04
1.935342227570645648e-04
4.660342933912697111e-04
2.431437920564751432e-03
1.292930203580992202e-03
5.427790772701652708e-04
6.548368709680924644e-04
2.800726669996238087e-03
7.150635373322670541e-04
2.823563113599567107e-03
5.548880100454058224e-04
9.759279939573372491e-04
9.896682491232499952e-04
6.684315802851149195e-04
8.096884277492613895e-04
3.594816564707525777e-04
3.850810839020003189e-04
1.730720354082228643e-03
9.234149502604343650e-04
6.545927950565099502e-04
4.667603557483079651e-04
6.591643784094406702e-04
1.769385999395451650e-03
4.851589471363945607e-04
8.408421751896224226e-04
4.801073771337688919e-04
3.964134801799338204e-04
7.559984298702186528e-04
3.213550220999073122e-03
5.261925201900608190e-04
6.514230573210569048e-04
7.740142833103867128e-04
4.130949313951346011e-04
1.902032802397936621e-03
5.938945747396883260e-04
4.427358976271039215e-04
1.739597056683843878e-03
3.316747059940031227e-04
6.871470016036630973e-04
3.692853905767761206e-04
7.661368266521737403e-04
6.036305371525431136e-04
9.058550527115877054e-04
5.530005332759339344e-03
9.901687010187964350e-04
1.112477936876007500e-03
2.564880401640708824e-03
6.005262484347816338e-04
9.058168161015530242e-04
1.013516457934160323e-03
5.530661512386537146e-04
6.464880791964119824e-04
1.180154203749610815e-03
5.709948518301755311e-04
1.973678989048676703e-03
3.729752912299207665e-04
2.862514032424786845e-03
2.002714150706846365e-03
7.732793417019190188e-04
2.736677077414444506e-04
7.498917450681538005e-04
4.829630367056489816e-04
6.518882381915834176e-03
7.818344080450881925e-04
6.284616274974144613e-04
7.471809541693257570e-04
5.345696020290786454e-04
8.090452866501054432e-04
4.875938183688558413e-04
4.683689067605004380e-04
5.990586369817481327e-04
3.652563406821264990e-04
2.953299613860739525e-03
4.342945671190099016e-04
7.802936801948450471e-04
3.667400488752257004e-04
9.417600612950963136e-04
1.782352208627732129e-03
4.760716548769691162e-04
1.224625025839619526e-03
8.128456769503893814e-04
6.494572790501605686e-04
1.719353563744142367e-03
3.449337345660304652e-04
8.134332971234788318e-04
4.790332526083871355e-04
1.542947507678113549e-03
3.065523558740884734e-04
3.827242090188316789e-04
4.695659398156505084e-04
3.211690184021928564e-04
7.440631572853981333e-04
5.161323676499257867e-04
5.296143420921225076e-04
1.405832688720500641e-03
1.608289556553702373e-03
5.436250510657881542e-04
9.006879325116306893e-04
4.937549312167661356e-04
4.904574837270691667e-04
1.701813140852667574e-03
1.300870953769793807e-03
9.354321354160437599e-04
3.376431436527652617e-03
4.577529653057436140e-04
1.185509339241501382e-03
3.822249902605330432e-04
8.300270096252016774e-04
3.648967687561835188e-04
4.934740909623289628e-04
3.356743010074942648e-04
4.530416032960443077e-04
6.200055439970834610e-04
4.229979114508876262e-04
4.097000456009168524e-04
4.232247437723768435e-04
4.863543420853560671e-04
3.810963931706870728e-04
3.728885236055241577e-04
5.405172659519745428e-04
2.426604865523147251e-04
4.698719388312148242e-04
7.977719130905211236e-04
4.226246699668791454e-04
1.807480637058218008e-03
7.440631572853981333e-04
2.297452249137640380e-03
6.158659761397533919e-04
5.317917942602867635e-04
7.647303692917471708e-04
5.990586369817481327e-04
4.225770225993406826e-04
1.342299524151589025e-03
4.536121827652941029e-04
9.696654564460473885e-04
7.105810039234577557e-04
7.985261344326735752e-04
2.937024407642701489e-04
1.961339425050918385e-03
1.762623549683613525e-02
4.945225557121017213e-04
6.490066587339061131e-04
8.240394771896042804e-04
9.577031053224150303e-04
2.301994064899371382e-03
1.199732760755142921e-03
1.295959155948266193e-03
4.749353495991672208e-04
7.560965750657990632e-04
5.278556313073499637e-04
7.503767866632085051e-04
7.327038931796759670e-04
9.213667219231062161e-04
1.137997015436324928e-03
2.679575239467995034e-04
4.620670476032651131e-04
5.629468768333822015e-04
5.317232753674879311e-04
3.589334359133884754e-04
2.825463689842634468e-04
1.512084748493931026e-03
4.639062801065695985e-04
5.471539520588600096e-04
5.430063219682398955e-04
3.560805427213136832e-04
4.500923766389337182e-04
1.255825470502802427e-03
4.962302153275803757e-04
1.105709226432897031e-03
2.908625917429537907e-03
6.748478805507421427e-04
6.490066587339061131e-04
9.857331372075319332e-04
3.637378449540421628e-04
1.214295889890067886e-03
6.744074936187553770e-04
1.664076566506061689e-03
1.206383393535819491e-03
2.899281947174676337e-04
5.430215187850159428e-03
2.125931620285614280e-03
1.220856095368028993e-03
7.575132697327271710e-04
7.420643278432620480e-04
6.713112599661363563e-04
2.154272846643444199e-03
5.337379394462692063e-04
2.661149186464822555e-03
1.935674055930100036e-03
1.868508763120593037e-03
6.522313071400581480e-04
6.708790953236282075e-04
1.073391008694285021e-03
1.044133559457331197e-03
5.854824724989512227e-04
5.298715209671711049e-04
2.462463646841455528e-04
5.442104711360461330e-04
3.278722924873127926e-04
5.732011947068034853e-04
4.807153058716123750e-04
5.330588068198438903e-04
6.286318025058608558e-04
4.050687613211593997e-04
3.420339972281550840e-04
3.695127612503063441e-04
1.088357424772771727e-03
9.336468646118995440e-04
7.777297127709656291e-04
6.865811289433390975e-04
1.034124507210419479e-03
4.081518528377438282e-04
1.613405757229144019e-03
5.451241778015009738e-04
3.589791297671071006e-04
9.525227823849024417e-04
4.386646032191866373e-04
6.379618099656505798e-04
5.922309132430931405e-04
4.787539077051960025e-04
3.450287149289154838e-04
4.979621669120829104e-04
1.203099772156666957e-03
3.425809815720028129e-04
6.038979931635246687e-04
2.790288614355552251e-04
5.118514376909778785e-04
4.824092996550296587e-03
1.121036483930959492e-03
1.001927400450014841e-02
6.071692838511618274e-04
6.876673002705794386e-04
8.084303749694075848e-04
3.113401371306234364e-04
1.384300619046966666e-03
5.384682540976893500e-04
2.470502987994637346e-03
6.478105933723572914e-04
4.440168085596609424e-04
9.214036167368730521e-04
6.105886549159291214e-04
3.869059970016039927e-04
1.067015627811590626e-03
1.057741820257661553e-03
1.599666850168654682e-03
6.554435967114825455e-04
2.860225168189818503e-04
7.367376779302764814e-04
4.142057425551750184e-04
3.759641290675465883e-04
7.348007533876568104e-04
1.520290635179630343e-03
3.461038089411986435e-04
3.416923903098264994e-04
1.888028193045454984e-03
5.390276261718180383e-04
2.564880401640708824e-03
4.630757171698223016e-04
1.135735918934444727e-03
6.189821468529921322e-04
1.323489498800379431e-03
6.299792562982720143e-04
1.767043035587092560e-03
7.730287988607123214e-04
9.046138773960332898e-04
1.256343266211169688e-03
3.800002360434889207e-04
3.352998864896729043e-04
2.900653997657250214e-04
1.673193790654477773e-03
1.343795487624610454e-03
4.373773375397737163e-04
9.800784900577874312e-04
8.513772612549603234e-04
4.958706618763003299e-04
8.909816734703059982e-04
1.426614651514541846e-03
2.739916581464744635e-03
4.424234486577604685e-04
3.838789413708178179e-04
6.785996636121038525e-04
6.196275776367612129e-04
5.052383721620618863e-04
7.177480024783307322e-04
1.421470089863646671e-03
3.743232770141406577e-04
6.353211547887178652e-04
6.445343135066409958e-04
5.165781720250118159e-04
8.018029399505056725e-04
1.276291397385641031e-03
3.938491285860099933e-04
5.291986657078766657e-04
3.540212641815464753e-04
4.465859934780039590e-04
4.043096595959519077e-04
4.414606915584786870e-04
2.975146380643721423e-04
6.937207312444942020e-04
3.283409697986043683e-04
6.237856233436556283e-04
4.767144648136959861e-04
1.146384724730518728e-03
6.750113570818215688e-04
3.482175961904757349e-04
9.586009122775640285e-04
5.515240294403315341e-04
4.408693178094524033e-04
1.699726136341438935e-03
4.348050471705771454e-04
3.652563406821264990e-04
9.686743570871857644e-04
9.312358059829030149e-04
5.413817994532406537e-04
7.298829311775368277e-04
7.483477832680729153e-04
7.109091624643555738e-04
9.999198266516134189e-04
2.908625917429537907e-03
3.217359312230402705e-04
3.202164831211218960e-04
4.512065400362564390e-04
5.566577564016147442e-04
7.453748632036153940e-04
3.380155282815024685e-04
5.325575992202916760e-04
4.612689506454658596e-04
6.651758816568780928e-04
1.539024132100614900e-03
1.071753625242903617e-03
8.095036431295781756e-04
2.916556370564051502e-03
6.081459368844825773e-04
4.960485360370753142e-04
4.232173827936548845e-04
5.861167150244366020e-04
1.632983628240153870e-03
1.059097134950528563e-03
1.103444145967171809e-03
2.764386306357985174e-04
6.529071457592616366e-04
1.907498122475876539e-03
5.715408476080473818e-04
2.395695250759880023e-04
1.362878570017550615e-03
8.594346521289459619e-04
5.309427441909275909e-04
1.209527156714206887e-03
2.143402521773554465e-03
3.797404261743120334e-04
3.989882968871864832e-03
1.739760275007731782e-03
2.368415979611965781e-03
8.370074693343797006e-04
1.244776441164854169e-03
4.400145203532161015e-04
6.375761979177580786e-04
1.798791652173872086e-03
1.254970283234109127e-03
5.066453192331653050e-04
1.228065260822888867e-03
7.179076092572517958e-04
1.064686496672253039e-03
3.818241693092471866e-04
4.368430880276280115e-04
3.812075400002762088e-04
6.407140297559363405e-04
6.595684216580782700e-04
5.343485360419738574e-04
5.108944769221517457e-04
3.900714977196473158e-04
4.318590601603759078e-04
3.635885281135999730e-04
3.272729153033528929e-04
3.960456367186051749e-04
3.548344056514565422e-04
6.082770202011878943e-04
6.804819401418391945e-04
3.399037787770849898e-04
4.412502737343515567e-04
2.525025091213359534e-03
4.268976827813507477e-04
1.748588211977422516e-03
1.708987813072768971e-03
8.090452866501054432e-04
4.354378627208334643e-04
2.587643745545388594e-03
7.513162374724815943e-04
4.316117805247207413e-04
5.165781720250118159e-04
