1.339166470340964234e-03
7.645485098756217438e-04
6.826094271126180967e-04
9.097309942035722036e-04
4.180347200655592241e-04
8.160434879632900203e-04
8.430006128873851565e-04
1.390296487067494910e-03
1.697980393804848732e-03
1.237326777868640992e-03
6.770266227309400080e-04
8.886812525225392268e-04
1.071506238404647650e-03
8.310201931919199494e-04
4.240563036928752302e-04
7.243064903649235530e-04
1.187454201311694641e-03
2.769644027530480208e-04
1.642426298579082030e-03
1.555989939726401322e-03
6.529096568415358260e-04
9.890309844092658089e-04
6.340230518720148733e-04
2.116497882609798351e-03
7.375065501252609608e-04
1.124114841156065650e-03
7.506018689209914118e-04
1.887398183709764182e-03
8.311126936565646495e-04
9.318753181960547690e-04
1.693827266556004662e-03
7.324004221227202634e-04
6.210400681775251524e-04
6.514961972538527895e-04
4.848761322958986529e-04
9.552834067857099562e-04
8.148262538892482153e-04
1.175139205441371772e-03
9.446224918178594381e-04
1.141144814024205000e-03
9.775538901953784946e-04
8.135514937670441015e-04
7.549485084530027602e-04
1.411922155986745572e-03
6.208613012929938132e-04
1.553599188872214652e-03
4.058593434473441370e-04
1.099867348373613409e-03
5.391133615044276569e-04
6.053117233004044664e-04
6.320440159208112274e-04
9.208639284230155054e-04
6.207212675264691532e-04
7.783133334078052570e-04
1.184361156234980776e-03
7.424273931463291161e-04
7.297579864144072273e-04
8.300383284287342518e-04
6.255831103756098873e-04
1.426899730831537134e-03
4.963864557343167401e-04
4.846280102179529171e-04
5.816291657478540921e-04
9.393837428638325288e-04
1.041976277058538234e-03
5.831952192610652527e-04
7.106090852056644227e-04
9.153491933204699641e-04
2.936785359438817385e-04
8.192848277464522032e-04
6.582322516444718847e-04
8.536057454283403753e-04
5.887038738083579100e-04
1.386487084209801074e-03
1.171925711437809582e-03
9.093712641740052264e-04
1.041973461912007633e-03
1.015842169675179162e-03
7.117962860652381207e-04
5.529077019437344176e-04
2.136657388587944080e-03
1.548985024362758457e-03
6.307700648118141256e-04
9.405927086596207543e-04
8.325678877126883913e-04
5.507663809189522561e-04
1.860912674117953889e-03
4.405372969444186666e-04
1.583245526390085001e-03
6.562312149268730238e-04
5.507869136499668212e-04
7.743539909923335268e-04
1.218776777453065441e-03
8.046983502487711336e-04
9.124402946861269936e-04
1.379943033052137644e-03
5.976026184644306306e-04
5.583348371109000865e-04
9.551484895843836238e-04
7.675232675943430500e-04
9.371343776578531810e-04
6.942256324654007184e-04
6.244161619159667789e-04
9.177979172605035905e-04
6.802336550761811564e-04
1.135258635587118193e-03
9.548750437308009846e-04
1.629149754625297672e-03
8.507443822947640538e-04
8.488639443049600126e-04
3.874832220775476931e-04
2.638617245344905202e-03
6.186920789693089616e-04
6.626936547727454692e-04
4.213789794556132163e-04
7.380837219782603259e-04
7.251213500773953614e-04
6.592211487727113635e-04
7.569455765021483986e-04
4.635273215953362807e-04
8.681023931783925576e-04
8.313809211564223518e-04
7.123612249499509247e-04
2.347571085037763843e-03
8.431670163202090998e-04
1.277967853614701355e-03
8.648062095499193819e-04
1.068180325329340027e-03
1.037527611767132506e-03
1.723945301177559402e-03
8.200633998917641236e-04
8.254382977568898438e-04
7.121700495340935492e-04
6.239704643177589960e-04
1.792222578024554652e-03
8.092770460059164808e-04
5.006008249669321401e-04
5.271546910336300049e-04
1.794290524457281240e-03
1.191771158927654780e-03
2.930188478310915418e-03
4.605971650881343876e-04
6.332374357967483335e-04
9.418536826594472913e-04
5.933390668410286079e-04
5.273806356865043399e-04
7.680680761730988675e-04
2.229545896298324066e-03
1.994709132827085160e-03
4.172263973660144754e-04
3.506747960712685674e-04
9.322855327656944446e-04
4.649555256396922776e-04
4.461427627087542389e-04
5.374642545643601270e-04
1.411738190099016011e-03
1.227306488971805594e-03
1.755701599212510910e-03
1.266317116584681672e-03
1.132578630773552024e-02
5.935128827496028315e-04
5.732033664531515629e-04
1.029874171926271681e-03
8.474242874104979039e-04
9.494777851287703775e-04
9.203220548041236978e-04
1.450199871483002188e-03
5.203712375965458947e-04
6.261425529639288740e-04
1.088448207749177126e-03
6.585879312977813800e-04
1.197118431121232951e-03
8.183262502623738378e-04
1.079696791637161203e-03
9.254072400458253920e-04
4.361603652550831217e-04
1.063980518419306793e-03
7.822599279931203827e-04
1.779725574444412407e-03
2.039886827912074704e-03
6.166748356131928959e-04
6.626936547727454692e-04
9.985890710245612627e-04
5.775968936349630024e-04
6.507286514323900673e-04
8.788286165340058239e-04
1.308610700249577923e-03
1.547568399791985575e-03
9.619195869204797637e-04
1.078019630175660075e-03
1.370257106125809038e-03
7.008802999466133077e-04
9.880526493022947707e-04
1.072906158873221860e-03
8.459335149032781026e-04
2.254969124951547704e-03
8.779393910166041846e-04
9.562128853689730269e-04
6.632019331447811536e-04
1.311316616384888530e-03
9.194971844403677323e-04
2.420826832947416390e-03
9.152055897464964193e-04
1.575872080409258325e-03
1.160442962802182192e-03
9.995560243701996205e-04
4.523363243419861713e-04
6.325831273638994135e-04
5.124925450198439519e-04
5.519713209201027255e-04
1.368907547481110730e-03
6.027543089778727428e-04
1.302431553805653191e-03
4.689391653260698142e-04
3.639470354805186868e-04
1.793943707856599174e-03
8.385871696111030617e-04
5.806495982987663548e-04
1.551051424986975855e-03
6.419988512494272451e-04
4.271947999004881212e-04
9.595540651952142938e-04
9.114952194052155805e-04
7.946081997591749463e-04
1.177175802616152716e-03
1.028199400219306737e-03
1.960377740023097181e-03
1.975811881238645918e-03
4.882045064855692002e-04
7.695471165888896755e-04
4.168406291716906858e-04
6.218018944450491190e-04
5.998397721387017326e-04
4.941733585984002010e-04
6.476354020867922763e-04
5.408725961871560343e-04
3.018727348954893105e-04
4.844396678067445020e-04
1.092741836477842008e-03
9.306025134251284673e-04
6.773866569596565792e-04
8.559030109169208853e-04
1.065989926206617738e-03
1.485897833231563086e-03
9.511131538959310050e-04
1.147489825766611141e-03
4.581960089780815859e-04
1.592952677919265122e-03
1.630904486135562005e-03
1.012210977804026916e-03
3.467132504980036459e-03
9.328174643915447062e-04
8.505013170515638571e-04
1.446992287347307433e-03
1.003893532459580393e-03
9.030278705217137814e-04
4.125357928035392960e-04
9.245506399538695221e-04
1.144896032780870097e-03
5.032905812162392955e-04
4.939761906922472863e-04
8.465256588604434069e-04
8.751447044193767875e-04
2.356790280309793706e-03
1.197826885823297452e-03
6.521029031529829547e-04
1.717530364042810101e-03
3.298424788506277195e-04
8.445898894425303430e-04
6.895452278558738841e-04
6.945091658943525637e-04
6.635861453395186038e-04
2.213532381975091140e-03
7.323968403345242550e-04
6.772385645780509052e-04
5.365105664062382344e-04
7.113740727151050651e-04
6.746410448508791081e-04
5.753519591895257541e-04
1.078489803732255847e-03
9.756860550655228025e-04
1.673228822346620398e-03
4.506580910095580109e-04
6.896335853602651852e-04
1.725522215553754700e-03
8.796128007681721424e-04
1.596649661211094022e-03
5.975032331147403898e-04
9.649938349070183398e-04
1.580329866408461794e-03
5.193064668111275995e-04
1.792757806988857540e-03
1.383227999619630021e-03
6.153737993453466462e-04
1.148513350293048352e-03
1.071506238404647650e-03
8.453767098124664045e-04
8.968869416407887311e-04
5.218376812372249813e-04
8.905952254147137979e-04
2.009873251949604537e-03
7.550267466973018676e-04
5.566696708821354143e-04
1.070775807027527860e-03
9.649676017081432232e-04
1.052605098747157880e-03
3.897089844217906151e-04
4.375485345243604893e-04
5.592968041567536984e-04
1.013843439542217459e-03
4.379745590261439978e-04
4.281561945007164886e-04
9.615232068131194078e-04
1.639565448100614503e-03
7.106090852056644227e-04
6.748804845074250552e-04
1.288984120138385314e-03
1.231685343606252116e-03
8.249955406409084776e-04
6.773868280582355690e-04
9.520380252545416165e-04
5.472132700245102999e-04
7.480774164409106051e-04
1.057361885330072642e-03
4.731279400274654803e-04
1.390860791341038977e-03
1.609355124170072258e-03
5.014440250567051699e-04
5.183141384414592222e-04
7.149853519025533340e-04
7.727425189086814137e-04
1.392149979949987119e-02
1.109398794005197033e-03
5.788814826497970306e-04
9.538755568852715907e-04
7.192672661674139522e-04
7.328748628505266007e-04
7.171010782878620236e-04
8.085572156270866111e-04
2.816578583402536487e-03
8.216623411124995965e-04
7.104192895471220671e-04
7.051287193890377761e-04
5.510455564960318802e-04
8.394597316341869103e-04
7.873261833465958030e-04
6.645609017840502317e-04
1.131699436018155725e-03
1.177163334990324710e-03
1.731037131458099988e-03
6.657046556030850933e-04
9.791921407711322040e-04
9.072819535254724637e-04
7.517114108020287464e-04
6.339081647759272535e-04
3.017722402459552689e-03
8.688708568457700031e-04
6.337270654330368633e-04
1.714788353175385281e-03
5.503293814806088299e-04
4.367043458095780741e-04
1.161936988723307135e-03
3.636790097069590852e-04
7.134576027098099267e-04
6.767674938451327497e-04
9.254072400458253920e-04
9.050656832100390349e-04
9.710618991710116875e-04
6.105440092495932527e-04
8.840710611513634323e-04
8.112668123119516931e-04
8.577832485280835126e-04
7.240976933275155604e-04
6.465940260072433523e-04
8.791397045615942070e-04
2.577000816378686304e-03
8.268611428622157878e-04
7.875653966164699715e-04
9.633193796268599198e-04
5.538000943205268834e-04
8.698328334972859092e-04
6.731099893940070125e-04
6.828525739580674483e-04
6.213996229763440321e-04
7.109895397178499265e-04
1.218149988703886525e-03
1.026541202019396175e-03
7.783133334078052570e-04
6.198466366948577125e-04
7.802151995322599738e-04
9.491264401984141844e-04
5.775889031162969971e-04
9.287873590158330500e-04
7.547098230742066644e-04
6.939475392920455791e-04
6.513406107643712967e-04
4.605084969397755059e-04
9.059695004733690857e-04
2.986060585158346707e-03
5.298215629650028296e-04
2.462256798815242159e-03
6.807954006692522146e-04
9.965021481032703375e-04
8.214701064960045407e-04
7.314398890294783592e-04
5.533093433916743461e-04
8.774328923342764952e-04
1.162230509568904641e-03
1.129653066098560647e-03
7.894443625302827432e-04
1.936160849978796035e-03
2.986060585158346707e-03
4.929253319990445359e-04
7.413403053542773997e-04
7.863339356530172578e-04
2.382039145749508674e-03
8.524982823877611058e-04
7.956324923575235682e-04
6.522460454664516646e-04
8.656945097623783281e-04
1.079933004090124875e-03
7.678807063046462532e-04
4.072348151538751973e-04
8.279644481401568631e-04
1.650831436894786798e-03
8.829860932882924477e-04
2.413640968929712388e-03
5.271497296709475554e-04
1.042234398652983843e-03
6.503801458236488277e-04
1.119801395922963164e-03
6.003206768613382439e-04
9.228283683148200437e-04
6.751376055929627371e-04
1.252215558118786745e-03
4.966154317427612808e-04
7.824678847741583588e-04
7.522297999147406575e-04
2.712161919875704080e-03
1.164379473667238787e-03
7.324004221227202634e-04
8.684640912410724212e-04
5.612556139712569520e-04
7.232388335266336362e-04
1.508633303630943631e-03
8.865424304495349945e-04
5.624589844968618012e-04
5.927017453766122686e-04
1.363023301183223642e-03
5.603247093337961927e-04
8.673130198845189261e-04
1.381553888384487059e-03
1.780773632183805556e-03
2.501129794423649199e-03
4.160024239262559214e-04
1.830179894264597406e-03
8.134457817686009066e-04
1.028199400219306737e-03
6.909877038697320338e-04
5.408773052561760683e-04
1.016135774717061378e-03
1.131832372913178569e-03
1.024958622914768670e-03
6.375964348402996581e-04
8.997264569365356988e-04
1.239754380667229322e-03
8.385871696111030617e-04
9.128301618551966715e-04
1.032509828842475804e-03
5.981301475232414467e-04
9.253578890852947767e-04
2.936303431052971012e-03
3.188357802940048171e-04
5.223555658475495436e-04
8.612143207687998799e-04
6.532222973004612283e-04
7.046960675356135932e-04
4.818491714722879888e-04
6.914570352732391130e-04
7.642108585055451672e-04
7.826550140250328105e-04
8.674075547746742769e-04
1.131832372913178569e-03
9.859251990362808554e-04
5.281389005615500735e-04
5.423256818096735751e-04
1.026565991956647798e-03
7.307977731507732649e-04
2.273850055955550960e-03
9.008204135948732864e-04
9.845230278571902478e-04
5.635307395551949908e-04
1.214200948361939458e-03
1.188989832799563140e-03
7.215143287347951673e-04
1.107064360600588503e-03
1.764607438276838934e-03
7.155964939117429773e-04
4.802912572929876611e-03
1.214326741557833532e-03
6.297568025665916140e-04
7.051125200583483084e-04
2.539552363540858483e-03
4.864955330022070236e-04
2.284531359692936695e-03
3.370286178032019472e-04
8.276571947772664532e-04
9.574863821057282573e-04
1.012269150187236231e-03
6.826094271126180967e-04
3.797429773776646116e-04
6.406320399304955707e-04
5.437649183278039575e-04
1.210254163974657437e-03
7.442327547101744000e-04
6.710064422843309371e-04
7.069421056963263745e-04
2.248078194268856298e-04
8.567031241257806176e-04
6.341436967908409446e-04
7.162325780555709896e-04
1.167034784334071819e-03
7.517114108020287464e-04
1.548062242269892088e-03
9.999734090400703990e-04
6.234751465482496263e-04
7.853115248148901306e-04
9.911355307884715284e-04
1.067482381230450009e-03
1.391558538482316667e-03
1.050681173063429830e-03
7.750027791608415364e-04
5.472132700245102999e-04
1.455575645312093660e-03
4.642124029614873998e-04
5.206820697075930640e-04
8.800877237226643630e-04
5.459931950013487698e-04
4.699097257098048207e-04
9.880071661049895197e-04
5.241006146255363382e-04
1.302936563997042843e-03
8.661094849349346538e-04
7.431877306600738649e-04
2.554292989732953687e-03
2.245548919002074949e-03
6.397670765452312695e-04
7.783638216302136417e-04
1.030106805019103062e-03
1.214144276765632448e-03
9.990475068869513354e-04
8.791688897413348037e-04
1.966543463191839768e-03
2.743407625341380898e-03
5.106287364463049303e-04
1.066290180240272263e-03
1.043322994881284733e-03
1.303899303749810968e-03
8.942293673147358847e-04
1.118695325651925844e-03
9.922756718530093521e-04
6.813824094458136417e-04
1.015268129008240448e-03
7.386164905123401543e-04
7.552994936092609617e-04
6.292072402351945931e-04
9.305220057431138085e-04
2.761229006777683260e-04
1.414420936587168281e-03
1.201178124204490020e-03
6.265930108032531989e-04
7.197981694948038349e-04
9.412991685809586964e-04
7.310781392840328980e-04
1.855683988368280564e-03
8.857355658743142198e-04
8.200932101059667332e-04
5.692303105272451900e-04
1.265632855938636199e-03
2.916986998202650630e-03
8.536057454283403753e-04
1.245020781592674807e-03
6.064360367721331009e-04
3.912117111132366876e-04
5.413104356653029121e-04
4.196417059307755350e-04
1.078489803732255847e-03
2.400265434798797178e-03
5.354698959145963140e-04
7.764845589050562704e-04
4.605971650881343876e-04
1.260810137121713085e-03
6.458385957232293511e-04
1.071506238404647650e-03
1.042813172631015676e-03
5.833385540901441868e-04
1.241014655626413322e-03
8.162894412955935906e-04
5.709271805052038191e-04
4.141837287174256915e-04
1.803078154487670328e-03
7.055203497071825449e-04
5.023248252099421106e-04
1.316908265165143413e-03
1.448966912523357974e-03
4.011676796826258449e-04
6.219358219531657961e-04
1.116569572150856839e-03
8.345749881253104524e-04
1.121980353465238051e-03
1.110054109164252366e-03
7.361053327168446628e-04
8.652714653481453563e-04
6.274723487354387595e-04
1.286601641125478075e-03
2.374195932718065928e-03
9.879439192997810718e-04
5.267364293652692297e-04
7.595444763365028114e-04
1.391921519088579369e-03
1.011623754772274968e-03
5.864751760772459214e-04
1.102319245437969903e-03
1.155216633837165188e-03
8.400776209090241205e-04
8.070473484190380598e-04
4.659951189154024000e-04
7.494675893048966279e-04
6.732162181628931598e-04
9.351229742092626680e-04
1.381553888384487059e-03
5.851063986040915248e-04
4.074707794380539976e-03
4.281561945007164886e-04
2.743074863919721645e-04
5.972789221521281186e-04
1.421245622925843520e-03
8.203527184311953891e-04
7.209931041386784343e-04
6.795546222403923151e-04
1.000231270989564202e-03
4.679532917609285241e-04
5.457483238557047115e-04
7.068707234996460037e-04
1.010392136127571385e-03
6.266155008062427928e-04
7.340195913208944108e-04
7.645428212561578051e-04
3.463271237232328913e-04
5.713970121374969176e-04
1.169656029388553044e-03
2.097564215996503348e-03
1.206434535681748894e-03
6.093930592150737739e-04
8.693847652350724211e-04
4.820046825574755616e-04
4.397218955569250727e-04
5.894145276508779788e-04
5.124166660122002727e-04
4.376215952686017888e-03
2.457688887637772719e-03
3.479130148363769170e-03
8.014661845686795946e-04
1.195762156454140612e-03
5.638244580212244507e-04
4.089028707983782796e-04
6.498268571847143175e-04
5.705477201381010856e-04
8.665926075986774392e-04
1.267822284181161071e-03
6.237261794691986282e-04
7.458890495845947989e-04
1.157229859182107475e-03
1.461948010817328393e-03
1.917921733048136247e-03
3.645849447072694346e-04
8.525203276104594344e-04
1.170079302358538031e-03
7.675829342959662738e-04
1.065757796440014709e-03
5.210870182884567341e-04
6.294392183065541241e-04
1.200362136233783326e-03
1.032973817418010847e-03
5.517384181347270060e-04
1.243370662421112473e-03
5.702416951735510796e-03
1.677653647150427084e-03
6.793939308768939377e-04
6.650687024081391356e-04
8.075549321060166525e-04
5.156631625166057222e-04
8.681074801875535802e-04
1.173458056972154695e-03
5.951662675269937764e-04
3.618911541945134865e-03
3.144263559824763375e-03
1.166436053400638807e-03
4.685293191517851587e-04
9.920812782901120008e-04
4.182956491680531403e-04
7.360588413496753054e-04
6.795546222403923151e-04
7.935435810375034453e-04
1.057302695657365895e-03
7.715519699796994117e-04
5.229692303845089691e-04
1.178213234207994798e-03
2.384067459035240939e-03
1.339640650253302824e-03
5.639622465124485753e-04
8.705145423964182191e-04
3.990089103094023384e-03
1.005368118130051287e-03
9.311154731933863216e-04
7.493869478265136703e-04
4.326048059817867437e-04
9.143585560358976532e-04
1.508208801352938899e-03
8.843467680348485486e-04
2.136657388587944080e-03
9.290681338778667081e-04
1.389009501325427645e-03
1.410338510622542642e-03
5.617099872090317242e-04
5.267482979112898811e-04
5.654746827674425732e-04
6.384343778432778312e-04
6.906082906603193796e-04
1.109950166664684830e-03
1.069063741767525963e-03
5.447747077927676861e-04
3.223482351632128750e-04
9.255400510640051075e-04
7.372667912262720943e-04
7.232620716436844897e-04
5.680045936668648996e-04
1.228077047623249473e-03
5.218376812372249813e-04
5.581557879932443978e-04
9.555499969125658263e-04
1.295216625515395415e-03
1.232290569209484269e-03
1.175275420564754827e-03
7.839292058776587205e-04
3.966577161665117484e-04
4.354632887007025329e-04
3.727608081850308092e-04
1.289859265199496665e-03
6.684737396071100887e-04
1.004756038573735447e-03
7.222179048557760689e-04
1.041553316040885052e-03
1.189351589128287119e-03
8.325033297002876415e-04
7.887109889582702860e-04
6.349230061229869026e-04
7.497503118815231939e-04
9.399797540254720184e-04
1.568538941740571339e-03
4.619028930635502321e-04
1.323639380801585512e-03
6.046667929528998621e-04
3.597008800661883211e-03
6.300128627630525134e-04
5.887038738083579100e-04
9.584045069662656740e-04
6.307717668206906268e-04
1.553578227030698615e-03
1.065669864655578681e-03
4.458182475509454065e-04
1.056628186655532171e-03
1.013849943049314898e-03
7.054518597678382553e-04
1.180481731252188077e-03
8.368106675592373866e-04
7.698110684053413068e-04
1.405745630474926084e-03
5.709775694396835221e-04
1.583620455133753378e-03
5.195531916579659371e-04
1.064365603630532337e-03
6.111372810468047390e-04
7.529613684623721751e-04
2.641186405363832139e-03
1.682020840395648037e-03
7.235842782490764383e-04
4.373290462280167218e-04
1.248738031246271517e-03
1.344830042517311921e-03
6.981607517301485853e-04
5.495680273737842906e-04
7.821723705141465227e-04
6.208613012929938132e-04
5.972371730892832775e-04
1.514041511979101733e-03
7.587760644563587217e-04
4.746532189892861881e-04
6.763014645207060006e-04
5.458928543078636793e-04
5.795725965555636149e-04
7.252331513985270026e-04
1.030805801611658652e-03
7.906482411647788172e-04
2.500000659464217661e-03
6.097904797089941271e-04
6.224001353152752106e-04
5.701779216531973910e-04
6.791577174446644443e-04
1.708423934313681907e-03
3.816184744493451180e-04
7.699900668720385246e-04
8.006831038951959991e-04
7.310781392840328980e-04
3.835146905467308009e-04
1.674816117619750940e-03
5.881314080228407584e-04
1.094720287851959264e-03
4.458300679949376752e-04
1.296551940027464676e-03
7.114312527719952829e-04
2.127870627368969297e-03
6.731099893940070125e-04
7.912968671612352145e-04
6.308872410752718388e-04
6.530379308639364718e-04
6.169819682550414189e-04
1.201528279260613216e-03
6.716761397101982285e-04
1.604552234505617590e-03
1.429715304152111939e-03
8.475077977019393905e-04
5.810315550458075746e-04
7.474180170116252004e-04
7.789875545452416231e-04
5.638244580212244507e-04
1.035711555443052153e-03
8.955736523102207983e-04
7.780624283395360871e-04
8.055401306006956114e-04
6.557661069154500271e-04
8.858349879768781000e-04
4.305023639111204008e-04
6.723927261798656524e-04
8.521552606988423446e-04
1.243961807499411112e-03
6.289627763847121080e-04
8.199124949374817384e-04
7.851335602466302625e-04
5.068488269058064790e-04
1.515469524598719257e-03
5.611797298280383648e-04
5.683465430495302124e-04
3.467132504980036459e-03
5.954589445783280881e-04
4.925261712383176543e-04
7.104983808797146489e-04
7.902876315743720967e-04
7.155964939117429773e-04
5.489134482795862430e-04
6.828525739580674483e-04
1.236769916146687352e-03
1.089789855881337670e-03
6.880712235599192265e-04
7.661310425513195377e-04
6.913238820910405993e-04
5.320257355752595462e-04
7.086506590495720908e-04
6.247064581843047790e-04
1.287194589739779332e-03
1.259741327562502282e-03
8.237897148513797065e-04
7.211717078149053719e-04
9.979241608589946039e-04
3.502808656586995219e-04
1.124159364753206814e-03
4.566429120485693684e-04
6.557429663486827797e-04
7.218639448819705144e-04
8.469730267459054003e-04
6.195502281027789231e-04
2.729826383658549675e-03
6.794975906406377879e-04
8.673192601323631004e-04
9.719435287612014510e-04
2.086101806157323983e-03
9.952129534184109370e-04
7.962398139196788516e-04
7.865075566603255651e-04
4.862205310317544208e-04
7.234690872258102553e-04
2.067599822467377450e-03
1.073146350661311919e-03
8.560352788583159948e-04
5.072601563916090406e-03
1.002374130663877174e-03
9.599787616088725425e-04
7.765318079032439884e-04
7.392355711771678248e-04
1.592818907957502771e-03
8.296837910768748011e-04
1.150724638526490901e-03
4.763234622572540809e-04
5.237949768169224401e-04
4.287387134638473147e-04
9.546649252831496124e-04
1.067928700098881535e-03
5.437752578719730464e-04
5.096960792687948907e-04
6.057802927451638210e-04
5.090396130003935855e-04
1.769449818360621868e-03
9.524616867376175513e-04
8.439035965290429733e-04
1.123202042819460011e-03
6.138068450285360210e-04
6.098195058154109831e-04
7.519060791160182009e-04
5.318589721305934338e-04
5.210870182884567341e-04
6.256028402053413415e-04
7.673337435912266045e-04
1.087922267704451336e-03
4.659951189154024000e-04
8.704199818307787771e-04
1.070739080818388896e-03
6.669056727052309012e-04
6.541134259176934786e-04
8.456606190112918005e-04
1.045390639484328980e-03
1.022121926861623226e-03
8.137749083074949374e-04
5.981777280733213339e-04
3.068484776926597938e-03
1.468307890477239114e-03
5.071481504617771693e-04
8.249955406409084776e-04
3.036870044202578771e-03
6.533791651610260705e-04
6.190570860430577756e-04
1.345330819118059022e-03
7.437507993488806516e-04
2.980117123808495583e-03
6.264606211206270609e-04
5.540244590918780862e-04
7.520973492669244835e-04
5.516488148765917284e-04
1.728519643864858757e-03
8.823242931543366120e-04
1.000817338474982833e-03
8.396696954824835885e-04
6.465940260072433523e-04
3.989237213715685201e-04
6.196768877028597817e-04
1.001134496969642183e-03
1.026999573715122729e-03
1.304417895231507838e-03
7.143739908969197732e-04
1.591175294705042716e-03
8.180601755894076083e-04
6.055903161392453505e-04
5.399624502561804892e-04
7.993114266425776354e-04
2.813740235630621256e-04
4.818920912532834535e-04
1.507437502746838227e-03
6.299364552074197127e-04
4.018742258603386053e-04
1.242136635789009786e-03
7.304928648784051251e-04
8.931338470168920110e-04
6.177078066458242464e-04
7.328208199995990589e-04
5.436068698165294304e-04
7.700164185175318232e-04
1.939514079838132237e-03
7.789875545452416231e-04
7.589587619512130684e-04
5.283075113245307803e-04
8.778942616632570825e-04
6.871520311306324787e-04
8.475827290150890090e-04
1.757039073063131236e-03
9.612462885245408664e-04
5.470017540232807469e-04
2.749439405999238900e-04
6.990594359521768407e-04
5.821475400763220787e-04
6.809017098454585954e-04
1.686560436021652737e-03
9.463132276060695755e-04
8.856796861016946656e-04
8.567679674469048457e-04
6.284594447300086194e-04
1.045906270412600824e-03
6.270996925630795138e-03
4.436276888009077360e-04
1.129007753835423785e-03
4.941733585984002010e-04
7.865280847395956457e-04
