2.016659951615945839e-03
6.253010029066617638e-04
2.444449847711702498e-03
3.091474727360538749e-04
5.356016328516294148e-04
6.096880754162686562e-04
7.051048215950028774e-04
2.624227487330184588e-04
3.615871476019128080e-04
5.835203704577868666e-04
4.107211807600844315e-04
1.817394914069402751e-04
5.391628403974952320e-04
1.593829278653728296e-03
1.274377770013371790e-03
8.095890270924221543e-04
4.016091603412600005e-04
6.637790318645826054e-03
3.833771320948570378e-04
6.451402211844351267e-04
8.349946877091866167e-04
5.841063447327682996e-04
3.040157212709864950e-04
5.838656098647164883e-04
3.950007708115791760e-04
3.786586678467085236e-04
2.295486808393667338e-03
3.512627026192494833e-04
2.597516697871307201e-04
9.640287097958498289e-04
6.982051109434539958e-04
6.401231669241880511e-04
2.445604201483036295e-04
3.877201765105601637e-04
6.796607874694902312e-04
3.041203359267208024e-04
1.058948546005336611e-02
3.377661661339266346e-04
2.921999017287094710e-03
4.508354402290625841e-04
3.633732423411773502e-04
7.130783209904999328e-04
8.536801751756714933e-04
1.840936235009555484e-03
4.888656517825267162e-04
4.734002914686146119e-04
1.292785334898678088e-03
1.164479903662614087e-03
5.992255779402228021e-04
2.561123620381162459e-03
2.314489767010121952e-03
3.291653135547426435e-03
3.633008167976626169e-03
5.587799967453171675e-04
1.161835943364101847e-03
1.381618327562182322e-02
8.414340777901224960e-04
4.733675719999878308e-04
3.894619934474535502e-04
5.765823522802834659e-04
7.148550423978648673e-04
6.795328515357339054e-04
8.791955366440245070e-04
3.327550589707217060e-04
1.555547646355683392e-03
1.023153035084439864e-03
3.749616156172442378e-04
3.177197961891768696e-04
7.422290728819027272e-04
8.839290625491674378e-04
5.222320814649827328e-04
5.059877026065908064e-04
1.152503775106778275e-03
3.968493477567181242e-04
3.043348354064362654e-04
1.557270819948686994e-03
3.982864642337688053e-04
2.411237009191271165e-04
6.948894132289142695e-04
5.009855399891664611e-04
1.073853688773051011e-03
5.713736504738249969e-04
5.013650329448358055e-04
7.054778673874365427e-04
4.521823388394646641e-03
5.522488324654733745e-04
5.307039069950829791e-04
7.992437934232826321e-04
1.371854031782447809e-03
3.810785341104164572e-03
7.734226221541748133e-04
5.772623523367241853e-04
1.139837625865389127e-03
9.072467776155084505e-04
8.344562696780188698e-04
5.610086994258151093e-04
1.728377696393091842e-02
4.340400770081234141e-04
2.786608700494197358e-04
3.170771849054814700e-04
1.034564034032796950e-03
5.717182930388098284e-04
2.673444822725298885e-04
2.734850674147091924e-03
7.810118793455222540e-04
1.141006082274612218e-03
9.755202588412686341e-04
4.570836073637485971e-04
7.118929382804823833e-04
6.380184770482903722e-04
4.947867007562763457e-04
2.431732483719591543e-03
4.974953817296037979e-04
7.248014925402617922e-04
1.609914828608511716e-03
4.333627420407164320e-04
9.908714845285747537e-04
4.978840023064074307e-04
1.956696210804190032e-03
8.519319635355418257e-04
3.633008167976626169e-03
3.522974557968563719e-04
6.636400322647433491e-04
1.323115902959296234e-03
4.900890413877205922e-04
3.101309789081243065e-04
9.240287185378639979e-04
3.956985885771008944e-04
1.158622913287140569e-03
2.497312653429469942e-04
7.295791029691621162e-04
3.578920991553405221e-04
5.809306650581407298e-04
3.710236092271453501e-04
4.639393855755710012e-04
1.076269762047403836e-03
1.383386699534280449e-03
1.578670759183713190e-03
2.863402624655187736e-04
6.906453997111876904e-04
3.591850760806121175e-04
1.200264907861264179e-03
6.808208642397000450e-04
5.932413849854121417e-04
7.810118793455222540e-04
5.457634478510044358e-04
3.206582248886760190e-04
4.794805371583110059e-04
5.889617482533883279e-04
4.724295771471964753e-04
2.394345903208381222e-04
6.850848928125452238e-04
5.081659845470290655e-04
1.276540962529653864e-02
4.303409869795261325e-04
5.165403902198378991e-04
4.796191948649566666e-04
1.116659353257088826e-03
4.328569955480960729e-04
2.413353518835604768e-04
1.127600063133825511e-03
1.621618061713780588e-03
6.160344133905286271e-04
1.004785583326414742e-03
4.833691257530079821e-04
1.436439235129480848e-03
1.256350441377167065e-03
6.872286122845207334e-04
3.368006681667697435e-04
6.186858599107666196e-04
3.022725672952077938e-04
1.067762081058627353e-03
8.308737003777048186e-04
5.730486567981533464e-04
1.985318805056715107e-03
6.616045349639396731e-04
3.383332052439891910e-04
4.280964632385132382e-04
4.211979863971759071e-04
1.148752690985924141e-03
3.170366413618971630e-04
3.817918722024803558e-04
9.368823488193386406e-04
6.123379027992384861e-04
1.626337126145302805e-03
4.375998578761655005e-04
5.001409389068792654e-04
5.004096911160369572e-04
7.579831081453494972e-04
8.165070703261984855e-04
4.411512613511151524e-04
7.730095357615020691e-04
4.823756696858360303e-04
3.437601791404789014e-04
2.748556713582457536e-03
7.469853363657627488e-04
8.621333258184846670e-04
5.847168214299328527e-04
3.120668397308128290e-03
7.640127504632840752e-04
3.249134560057086955e-04
2.686207184549928317e-04
9.373986556876842549e-04
5.386124835007889385e-04
8.158623842338708380e-04
9.930820427506478060e-04
2.839746486745245001e-03
9.551280895801385210e-04
8.885502031157168409e-04
8.589631653668312536e-04
1.074620191630975066e-03
3.170366413618971630e-04
3.723429706516126416e-04
3.023734734040831734e-03
1.263302076024267612e-03
8.839290625491674378e-04
1.101849448674893477e-03
4.693131680495018967e-04
2.287507320723718238e-03
5.134370859078273442e-04
5.408652157239959238e-04
1.062064340701117209e-03
3.912820294890698354e-04
6.312444946502863237e-04
6.541327049504301475e-04
3.760030694921723498e-04
2.767575136602362868e-04
2.167476266623179204e-04
6.515664524815108260e-04
3.067974465015263280e-04
5.843953122937999012e-04
8.114718197173702860e-04
5.727113611378756254e-04
1.155751804587399961e-03
6.169560706403995560e-04
2.445799636383931032e-03
4.457455651448073578e-04
4.738629474609902222e-04
1.055512156786715759e-03
8.762554542159064694e-04
1.324593691081263824e-03
1.152663668581706009e-03
9.875599340545286511e-04
2.871019291109723503e-04
7.606802675260106910e-04
2.384815277247788728e-03
4.472221741133834824e-04
1.137609126536158650e-03
1.099520753658710407e-03
3.540268434399789529e-04
3.727528234301334979e-04
4.593137816107245325e-04
1.139459963138486284e-03
5.228815663981439864e-04
8.707456550800273583e-04
3.807018707762500421e-04
3.213675848830969527e-03
8.029122345614988316e-04
5.108472324743767003e-04
4.324990037595189351e-04
9.447954632168006472e-04
1.166475956914420683e-03
2.406047787789354717e-03
6.099641683731669203e-04
9.809142906455937949e-04
3.980598928318602341e-04
9.628362049615915444e-04
6.011304481804296846e-04
5.750185937231693184e-04
8.327569977461702234e-04
1.433056415817179994e-03
9.371117915625798260e-04
4.046616073379392790e-04
4.576188162295635612e-04
3.751061755227474287e-03
5.071985569050783049e-04
4.843919989320271888e-04
9.001080429753122690e-04
4.170088243738979375e-04
4.460921067407683889e-04
3.570864883459589972e-04
3.886859984443801104e-03
5.676281556852432689e-04
1.265112569281505060e-03
5.131225176608382975e-03
5.040537959397275048e-04
6.057546873189653203e-04
4.440311792647992444e-04
2.118906288227485543e-03
5.804901548453142174e-04
1.422989883041113259e-03
6.478847939020631686e-04
3.336876260500363481e-04
4.735921317384423680e-04
7.041240189185212460e-04
1.252160860708777463e-03
1.300058860466479956e-03
5.170504300947071545e-04
8.936975900146804964e-04
1.022545298401690865e-03
5.278223067694972313e-04
7.645069709313992738e-04
6.658428517951110476e-04
1.257892866101238726e-03
8.484320226027168826e-04
1.139678406566615749e-03
8.824060273570833628e-04
2.735734542438566803e-03
8.703600461664851668e-04
1.472403045560065869e-03
6.528179419296179431e-04
5.085563797093505109e-04
6.551521647180369445e-04
3.966268223478349223e-04
1.555547646355683392e-03
2.747996655955167733e-03
5.035736326660532249e-04
1.994052102172476273e-03
8.392571670433816682e-04
1.712042492717341310e-02
3.283801129648784151e-04
7.061602674949459544e-04
5.281156380617030906e-04
1.476468553579845903e-03
3.193071499669388347e-04
3.664537363196464052e-04
1.271082356116123120e-03
6.055586706079066264e-04
2.761506600806286284e-04
1.532450990198797828e-03
3.139700541699825230e-04
8.387134464264386132e-04
2.377977150374445403e-03
8.422134673384310509e-04
8.224544953307644929e-04
2.681804563106314487e-04
1.568274772385053412e-03
1.215083166361332094e-03
4.292067820843009228e-04
1.075925755515689001e-03
7.402072559292845969e-04
1.175734877733918861e-03
4.973568432260759998e-04
1.075016300664587013e-03
1.253993664641502113e-03
5.132992897480780081e-04
7.767233971658727776e-04
8.206887170554378946e-04
4.456226250436150747e-04
2.798235714349909132e-04
9.919399717089830842e-04
2.542319843709737841e-04
3.687921803001089922e-04
6.291345873057892311e-04
6.928924559170358604e-04
3.042605303506714645e-04
3.562795663691693728e-04
4.093465042405074693e-04
7.229277581313495269e-04
3.578277117522979021e-04
2.375541201564078473e-03
5.403361533434061000e-04
2.791769217261021391e-04
8.792852974123496800e-04
6.515357236130656961e-04
2.797023979025479328e-04
6.366452436833725534e-04
2.344051799273777416e-04
2.174417828670862935e-03
9.158796123133611244e-04
7.944360790408420492e-04
3.991779961233961880e-04
8.586396180051791664e-04
2.912559344740140951e-04
6.730146412085196480e-04
6.658795615442600650e-04
6.459062085039090359e-04
6.044212299331823629e-04
3.099565026876265625e-04
3.795136552988075096e-04
1.546528983620307739e-03
5.558743464816057059e-04
3.624667643821281047e-04
3.489580566986637917e-04
6.610641386682312472e-04
3.498935918155175913e-04
7.729512822904074324e-04
3.036470994906278011e-04
5.619069225591788279e-04
3.023361265682432452e-04
6.473625754424240306e-04
1.682929103647940166e-03
3.543436996482767247e-04
1.314288837257234941e-03
3.902000172285365206e-04
4.794555838024785240e-04
1.562400552384998233e-03
2.737945680582847658e-04
9.928643704740405373e-04
3.462514471088304845e-04
5.340460763074511780e-04
8.189427494126078370e-04
8.461930333837516761e-04
2.219098356872919423e-04
3.158605357807156393e-04
5.080455862968129028e-04
1.125013459532352286e-03
3.364650036255821325e-04
6.758091250020841845e-04
1.028527115686807356e-03
5.766627779106425072e-04
2.637399661923412689e-03
5.800129246643286962e-04
1.233662884169472833e-03
6.451326254103365585e-04
5.382781241599831831e-04
7.567580912030987374e-04
4.322662311614177506e-04
5.652800185491999724e-04
2.054026993446928916e-03
4.243604871905081876e-04
6.627463377726482575e-04
7.009774190929607927e-03
1.423134465660581219e-03
2.424744187934623754e-04
3.472327242400421771e-04
3.107845382816447192e-04
9.060040295874852070e-04
9.095924694071217623e-04
3.022131582097200252e-04
5.617458657380870095e-04
6.468309488633038323e-04
1.035583321204998439e-03
5.281156380617030906e-04
3.694645940166456171e-04
1.110108612485569265e-03
4.078219844508440832e-04
3.999124574325135686e-04
5.290810336466866045e-04
1.946380158715960021e-03
5.031197332772282226e-04
3.783400382000287653e-04
1.247857243068253028e-03
1.400890175546353183e-03
3.131008551274839808e-04
1.612535477407467735e-03
4.550838975784937961e-04
3.766288541478598085e-04
3.841940407846631319e-03
1.735984180509899224e-03
1.819261753214951099e-03
4.646071803339079818e-04
5.071985569050783049e-04
1.130429261987007028e-03
6.858979064052574733e-04
3.728293215828966281e-04
5.019064412757823961e-04
4.963018682701042430e-04
4.881992645191633880e-04
1.669764373336252552e-03
7.198306312815324444e-04
4.671636044769813677e-04
1.485839064573622574e-03
2.662686656045739589e-04
6.083907577783264102e-04
2.212717029417568483e-04
1.312638294690631141e-03
3.420761493617734605e-04
3.192489959470335066e-04
1.049249273744957620e-03
3.843804863563661262e-04
4.288659990505722585e-04
2.921186581668436819e-04
9.314277441138361664e-04
1.325754587361045386e-03
1.568274772385053412e-03
6.724106547994015710e-04
5.599292955318453321e-04
1.668750780068505978e-03
1.262192885634778926e-03
4.569083557813495957e-04
8.864887782722372924e-04
3.064896279579615757e-04
1.473812225195913258e-03
6.022939373259103037e-04
9.278712333278173879e-04
6.708760075143623339e-04
8.845325390828738749e-04
1.814374162229648443e-03
9.141328201504775970e-04
4.067676998831690422e-04
4.157534755913807733e-04
3.356771682737982074e-04
1.596908917399845725e-03
6.202377362139455379e-04
7.229425181662018588e-04
9.395507535004321217e-04
4.639372118346074048e-04
8.025641931389436087e-04
3.881479510999338725e-04
4.267821110538903753e-04
5.342302294096686836e-04
8.059907057418475842e-04
1.728377696393091842e-02
4.174278683170395813e-04
9.033194781904811113e-04
3.788603037785741963e-04
4.160286882423066602e-04
6.292389434537527934e-04
3.435387798016201980e-03
3.210924929257732595e-04
2.957022099487011200e-03
2.375139795998578156e-04
1.324202554545464254e-03
6.823753713691489047e-04
1.237465963652889999e-03
4.373889192620853783e-04
3.430792257903179606e-04
5.891497192686446106e-04
4.281292148480300122e-04
5.671388549312248980e-04
5.068727850223835865e-04
1.409614931410362471e-03
8.637784828090796585e-04
2.697523746353915584e-04
2.167476266623179204e-04
5.731761296975484933e-04
4.633432331392017497e-04
3.640611979659820366e-04
5.856706137308219633e-04
8.407350763487004804e-04
5.667344806053491906e-04
4.718964724374772918e-04
3.997746577407652120e-04
7.541065119999182040e-04
8.098979006024454447e-04
8.707456550800273583e-04
2.609074197499293250e-03
5.371821796410983100e-04
4.942104073480224190e-04
3.991779961233961880e-04
4.327340752287781706e-04
7.483977306312288415e-04
6.285180657813921627e-04
4.199633505772164851e-04
1.388021027991831859e-03
1.437996221440151134e-03
3.282406321718296834e-04
8.781961148329390891e-04
6.874089182695924472e-04
2.796341905207753303e-04
1.066020734969133936e-03
3.136484214710508526e-04
6.673756086788615446e-04
7.489137820807380925e-04
6.624835314544690349e-04
7.422290728819027272e-04
3.193071499669388347e-04
4.468039697338165332e-04
3.783152451783816650e-04
7.009774190929607927e-03
4.290257229832082197e-04
1.101256849348651199e-03
2.217158476159471550e-03
4.836047173500625435e-04
2.713968106582079621e-04
3.789317363521962478e-03
5.817507298872990566e-04
8.502874537105172079e-04
1.769960728760594949e-03
3.856957685824583914e-04
6.984264430770595637e-04
9.989170658928703608e-04
1.661397444591179631e-03
6.228706595972677328e-04
1.840936235009555484e-03
1.646949699264931531e-03
8.234769208234157421e-04
1.329427788094179538e-03
4.534141426436224653e-04
6.864967564597835746e-04
1.021206861508418403e-03
2.713275300495889366e-04
3.598225620987785859e-04
1.618793494010940543e-03
5.767763860008494293e-04
7.714272125694161559e-04
2.103802387198107013e-03
1.545053997371823159e-03
4.572455007229446651e-04
4.494917438842590380e-04
6.320661040431016378e-04
1.410746001070016737e-03
8.069871235225008254e-04
5.436128310915910129e-04
3.213675848830969527e-03
4.919935489913179315e-04
8.855628235871016232e-04
5.651007002909037369e-04
9.958560401307314618e-04
8.720538639959508681e-04
1.583062871902476531e-03
1.123539287017711469e-03
5.425113718492008581e-03
6.632844885917682683e-04
4.689881077114392582e-04
1.415664179814660846e-03
5.146671932124628583e-04
1.594759721702868321e-03
3.843988008482120068e-04
5.249790482564499049e-04
2.991262406193380755e-04
4.429066899907845240e-04
2.089057077308014657e-03
3.158605357807156393e-04
3.689046911854593647e-03
1.273421248207213521e-03
2.139123431324478457e-03
4.699432731539703728e-04
7.671186359921134757e-04
6.922676079526419958e-04
6.433821130560920089e-04
5.020836138631993781e-04
1.712205158762752574e-03
4.046851947070412943e-04
5.179905245574965801e-04
5.096752029840807309e-04
7.450080702231490389e-04
6.192247012066765238e-04
2.015180967788908137e-03
1.035583321204998439e-03
6.701007439198543997e-04
1.049533362821257910e-03
6.692933562135645626e-04
3.177056207448634918e-04
6.196689298190785882e-04
4.865308195815331118e-04
5.169153161607930279e-04
8.870509564248243344e-04
5.811937776258618458e-04
4.732062879951530574e-04
5.234426072642359064e-04
7.422290728819027272e-04
5.483497811752902030e-04
1.325754587361045386e-03
1.773505768439364097e-03
1.186157148755642970e-03
2.998236034667833860e-04
5.641068946105521785e-04
7.036323821039731788e-04
1.080229630496024789e-03
1.117404466521154400e-03
1.029741852730492371e-03
1.926685947618608829e-03
1.876502338882923620e-03
5.420021294681229415e-04
2.514070491741002712e-04
1.167116632325341770e-03
5.739136451902149532e-04
3.751061755227474287e-03
3.588902022683753356e-04
1.621483670407705864e-03
6.962195592199293525e-04
5.784064990112879707e-04
4.762510910431627729e-04
4.461105054236689507e-04
5.292218496796643763e-04
7.601616989382173903e-04
7.458993630147637112e-04
4.957189953655029378e-04
1.226848650707395520e-03
1.791210525865451122e-03
5.254155871393462532e-04
3.403674680747255745e-04
1.621618061713780588e-03
6.134698332391676093e-04
3.924995833097178941e-04
1.028341406651948117e-03
3.060056576069855247e-03
5.472091777306354373e-04
8.774844975793935848e-04
4.494487391671217404e-04
5.629983131010330485e-04
2.673444822725298885e-04
8.033080182867469816e-04
4.160976849566901462e-04
3.815616575857002247e-03
3.527098904236820398e-04
3.097928575023842354e-04
3.836378030076074432e-04
5.174961366156726524e-04
9.611535395825107977e-04
2.026946643363173022e-03
6.056936279982044671e-04
1.221063226340004994e-03
6.924247248043747995e-04
3.919401760723973489e-04
1.043142480686761603e-03
4.448967913037896551e-04
8.624733473389293139e-04
7.302836651689735862e-04
9.621119322782802682e-04
1.413397632924451612e-03
8.694345389219615113e-04
4.319247527163219236e-04
3.604654783170782996e-04
5.074598317603943188e-04
1.263829592288375631e-03
1.232562972154495123e-03
9.689225187851237915e-04
3.418055906377853552e-04
3.148197870181611269e-04
5.047928514836654782e-04
1.244317980192309906e-03
3.101309789081243065e-04
3.956505372614186711e-04
2.130678171096035776e-03
2.161509314644898504e-03
1.590479164142028857e-03
7.091616189771749986e-04
2.233063725213905830e-03
4.691389555260692045e-04
3.618566121076118025e-04
2.904076231509753869e-03
6.265390667180551930e-04
3.147848378179204281e-04
1.043203787306868713e-03
5.745339876826081275e-04
2.839586748245750795e-04
3.143103016752185966e-04
3.472496096192518298e-04
8.671048324310588144e-04
6.150225556692636483e-04
8.707456550800273583e-04
4.068751046932173217e-04
5.564327810618132503e-04
9.372724478432796665e-04
2.544015851870427771e-04
4.859598661940825524e-04
1.033351866449915132e-03
5.074401502033525297e-04
8.493141141087594357e-04
1.424814617181854523e-02
6.820198972345766376e-04
5.555891304881179198e-04
4.687237560718670627e-03
9.061594077621066548e-04
4.027104561537382340e-04
6.181336878753174559e-04
1.731978443678073350e-03
4.677832746851217521e-04
3.687921803001089922e-04
1.167116632325341770e-03
6.301676701629288935e-04
1.313238413282151115e-03
3.120668397308128290e-03
4.888678536691174175e-04
1.183285677063425790e-03
4.252504397395927304e-04
4.994815790238872925e-04
8.218846410376369743e-04
3.605807501668888224e-03
8.729769987085579360e-04
7.394317317966919581e-04
6.708676085525415965e-04
3.762645227633784877e-03
1.726608416513359529e-02
1.168068156986506448e-03
3.519400193474968796e-04
1.785281872549834142e-03
4.467236013065813485e-04
4.068181794180806329e-04
9.371117915625798260e-04
7.769637080696343732e-04
6.433821130560920089e-04
3.817989946733354838e-04
6.347061290516293726e-04
9.965576249788207774e-04
3.099345966528494053e-04
7.045631873093353157e-04
9.691124733130180658e-04
9.073678868113025211e-04
1.334547059027844408e-03
8.987012607990899115e-04
2.668580837439573673e-03
1.402648634142305553e-03
3.936955912160820630e-04
5.000344656517719194e-04
9.072467776155084505e-04
9.965576249788207774e-04
8.339017428999113577e-04
7.302836651689735862e-04
3.588902022683753356e-04
8.909976612033883000e-04
5.225888886261260708e-04
3.352487365986925360e-04
8.369307946098936699e-04
4.082556206498671124e-04
3.705566314894469639e-04
4.111183765678146670e-04
2.720357855232779197e-03
3.260915056023649668e-04
3.370312019665544349e-04
5.886047558941312008e-04
2.239430800417790794e-04
1.721230243543887557e-03
4.060637626192799190e-04
4.612605942904173450e-04
8.803815293235725623e-04
7.061403052342418111e-04
3.453383429430513909e-04
4.667738520863514806e-04
7.363996930008670809e-04
5.925796693239375077e-04
5.847100408978411074e-04
4.036785021159653222e-04
9.239452268854843765e-04
4.022598034652238494e-04
5.264824422594619000e-04
6.754274817460086816e-04
4.148503362312726695e-04
9.559439274090268581e-04
2.467426291212164837e-04
9.237046540355947979e-04
2.728229024718912231e-03
3.307700725443088094e-04
2.923114235156952924e-04
4.472804431953233094e-04
4.638140227755999296e-04
4.002546918164483192e-04
7.240034876679000671e-04
6.199104247758289781e-04
1.149377949503357487e-03
5.148096303516268768e-04
3.563924806954392628e-04
2.577594604417622831e-04
3.645770316381589872e-04
2.317534492980269888e-03
7.003110863283086617e-04
1.719578965025615226e-03
1.066089311723770810e-03
7.413988008131524362e-04
4.412376967008072113e-04
4.295845148243819631e-04
1.227768587321231104e-03
3.553004632803603803e-04
7.333839286721137050e-04
3.941143368468604511e-04
5.993227337891670215e-04
3.130825877625004086e-04
4.748537292178131022e-04
6.202047997682523430e-04
1.296986908038149852e-03
7.656042584519458499e-04
5.122833623240900976e-04
5.682094573121692195e-04
4.097756149669854017e-04
3.260294757115085205e-04
5.036337904677818007e-04
8.727497459410665402e-04
9.091497396799749775e-04
9.426906130901082379e-04
6.473366801080438675e-04
4.275910510459531694e-04
3.326486171976695497e-04
4.811110742251729867e-04
5.592924267924074839e-04
5.561191940346146487e-04
3.789976223374145700e-04
1.839602876511071917e-03
7.552745754893969198e-04
2.864167867448146445e-04
2.601005268839539806e-04
8.898638536276416234e-04
2.927048925490734633e-04
4.982809291145518221e-04
3.841940407846631319e-03
7.695122461691103520e-04
6.677506551236706391e-04
2.673588323125694892e-04
5.991299631507648752e-04
4.602826923196002033e-04
5.269052118057592762e-04
6.055704274494454588e-04
6.875990569846974522e-04
5.720899503908310471e-04
5.528612433970351431e-04
1.299765753358602532e-03
3.961227722573363664e-04
1.305326401876950220e-03
1.504688111529692502e-03
1.043744558331130123e-03
2.608082562641597549e-04
6.948265680030081852e-04
1.182791555590487339e-03
4.689301564653690336e-04
8.968819188176119271e-04
3.789317363521962478e-03
7.118929382804823833e-04
5.364211561405702331e-04
8.181657004209798257e-04
1.068133256077995153e-03
1.125312322334190429e-03
1.027891403287042177e-03
1.602424209163792919e-03
2.616359903918986929e-03
6.082774508430226950e-04
9.918548388438222247e-04
4.582190857613684912e-04
3.359870639368477910e-03
2.641643675943112189e-04
8.553486986202527096e-04
1.308250574868237816e-03
4.210392007361646750e-04
2.131792088507542850e-03
3.577355109196800201e-04
1.399595629904818849e-03
1.214658191181462342e-03
2.223665915510334313e-03
4.780320073784931410e-04
1.562176916813325100e-03
2.785784213363246367e-04
9.864006898291600642e-04
6.017627389082162324e-04
3.989835851326643248e-04
6.477375985791992367e-04
1.050772380916695919e-03
5.385579477688653971e-04
3.543436996482767247e-04
7.537114266110285206e-04
1.013036302620651122e-03
3.423079354952046583e-04
2.668580837439573673e-03
5.491838200108876055e-04
2.095624610198562176e-03
6.406687469456378821e-04
4.307717654234325213e-04
1.052280204647954237e-03
5.023043979865185991e-04
9.891166747005581805e-04
3.627004968559895993e-04
4.781203318635267947e-04
8.687839830625641120e-04
4.015609610130848901e-04
6.648099633252546733e-04
3.756371967704960645e-04
7.987312493344140164e-04
5.244120366874548654e-04
3.902036164215290999e-04
6.537217198258943231e-04
4.439844920263055186e-04
3.389683102487643803e-04
1.010254490150797263e-03
5.849412568053665318e-04
9.748518945803842650e-04
6.314177961750749813e-04
1.325754587361045386e-03
4.161306948412175650e-04
3.405483088797053208e-04
1.601911933447266448e-03
3.742881160961019889e-04
6.650145012281176177e-04
4.128458990656591154e-04
1.188375523823101626e-03
7.797051386043271290e-04
1.289704746754371037e-03
5.932833065868737318e-04
5.400831289902049233e-04
3.146572333730957840e-04
7.745495791294724867e-04
3.831257357831552171e-04
6.485346383775190135e-04
8.098979006024454447e-04
3.833234092591447780e-04
2.643134868350592061e-04
5.539860749877475836e-04
7.221398263261851087e-04
5.104570090677981297e-04
7.434303556980504431e-04
1.241944827795958767e-03
5.266361536360714525e-04
5.389898251539097448e-03
6.757247149401400185e-04
4.424123493219327542e-04
3.649282637506419727e-04
9.072467776155084505e-04
1.090700603755833959e-03
4.833691257530079821e-04
9.964674155979273956e-04
3.391672630151638750e-04
2.641643675943112189e-04
7.446781061385736528e-04
3.009023792362863900e-04
7.112773029788711180e-04
4.454024948154269837e-04
4.599454952493962499e-04
2.653655522114435009e-04
2.792528142153671280e-04
3.975595653896539516e-04
4.269457000905962528e-04
