1.692547030251437263e+03
1.316056696108907772e+03
1.482681619164686481e+03
1.620985279729722151e+03
1.654478820145580585e+03
1.632111589670845888e+03
1.577540853689258029e+03
1.319040357042440519e+03
1.647934041299660748e+03
1.262609513402187986e+03
1.354722135197145462e+03
1.622347260828044000e+03
1.669228457286009416e+03
1.602247284383139913e+03
1.432104310329101281e+03
1.484005622771800745e+03
1.447932079232038404e+03
1.697254720578135675e+03
1.285379919050650415e+03
1.562067670582239089e+03
1.670870535490194015e+03
1.496132276448317953e+03
1.701092209155462569e+03
1.464372374199358546e+03
1.305885953274445910e+03
1.406687601869115269e+03
1.540940806016087663e+03
1.358242009388608949e+03
1.617682362819083210e+03
1.665433781000517001e+03
1.334839617867543893e+03
1.553920470123901168e+03
1.278278269327222688e+03
1.698999889024908498e+03
1.616758199374474088e+03
1.581534646443150905e+03
1.406745842725974626e+03
1.350896415072307263e+03
1.243542865623333000e+03
1.630693402042433036e+03
1.350593553676743795e+03
1.308139115054678314e+03
1.551928644997127776e+03
1.658669273871758833e+03
1.333980578655775844e+03
1.638533536808668032e+03
1.495539110125932666e+03
1.496269659315672698e+03
1.527190651623627218e+03
1.563135447858084262e+03
1.429628857480886381e+03
1.461153730688901760e+03
1.453368134265321032e+03
1.314461910806023297e+03
1.429225532379758761e+03
1.520578033396730916e+03
1.614863370828181360e+03
1.509882168559273396e+03
1.334797827681150466e+03
1.453405813498596217e+03
1.251489205921160192e+03
1.417492226138180740e+03
1.370772519419640503e+03
1.700914948426315277e+03
1.637245219053233768e+03
1.407595196217147986e+03
1.216998947232070805e+03
1.541952059935700390e+03
1.665434685284626084e+03
1.350533645916028945e+03
1.675183241738657443e+03
1.580938035061537221e+03
1.380922786755873403e+03
1.288641790186465641e+03
1.468233617571922196e+03
1.371599357499028201e+03
1.377997797805924165e+03
1.551363523983791993e+03
9.007723616539897193e+02
1.509143898447255197e+03
1.590473036024756993e+03
1.389601202661994876e+03
1.451133530277979617e+03
1.293814738174248305e+03
1.364539442455661401e+03
1.506910530251847831e+03
1.620048099794983500e+03
1.634052692253302894e+03
1.681362939895890804e+03
1.307228383673637836e+03
1.365260518198527734e+03
1.591405975360028378e+03
1.683027544109522978e+03
1.461153730688901760e+03
1.290394880895425786e+03
1.019119756231653810e+03
1.650096238781854481e+03
1.492593637973999193e+03
1.698967839591077791e+03
1.306097006917088493e+03
1.561230790828401496e+03
1.565936110067167419e+03
1.347198415887839474e+03
1.345234882155369633e+03
1.447326441546738124e+03
1.509628917586571333e+03
1.349307771528462581e+03
1.605522063108417797e+03
1.510505107062607294e+03
1.458746515518053002e+03
1.666986193289853418e+03
1.286816043592273900e+03
1.415500944866357258e+03
1.526010756284301124e+03
1.357131774347202509e+03
1.702669792753275487e+03
1.365371562040986419e+03
1.501818503642001360e+03
1.574733564608366123e+03
1.329174775807768128e+03
1.630029658844290225e+03
1.623016601329684363e+03
1.602270652017360590e+03
1.708398911819393106e+03
1.489880002656014767e+03
1.592286791261600911e+03
1.329174775807768128e+03
1.596947829338741030e+03
1.282109661097590333e+03
1.338833868293294472e+03
1.624427012443232115e+03
1.485234395409895797e+03
1.485036366521991567e+03
1.698534680201037190e+03
1.360955467312724068e+03
1.284187861460427257e+03
1.466768406650141060e+03
1.609229654126622790e+03
1.510052047827951128e+03
1.627978194367092328e+03
1.639087404975457275e+03
1.393865291331431308e+03
1.654561716539636336e+03
1.396991562224738573e+03
1.495539110125932666e+03
1.376257022155205732e+03
1.420618581236919226e+03
1.690631825265216776e+03
1.551637395401737422e+03
1.579909574216399506e+03
1.554427196679975850e+03
1.407408225311710112e+03
1.537859311430384878e+03
1.441320748721542714e+03
1.523755983349704366e+03
1.620280212912870411e+03
1.508092894239438237e+03
1.501959929345454611e+03
1.581294847294800093e+03
1.701036756831748335e+03
1.515097448161984175e+03
1.627243592237032090e+03
1.653784468636336896e+03
1.316664600621885711e+03
1.485727588234449513e+03
1.523781029663735808e+03
1.299172586344673164e+03
1.689481020389483547e+03
1.573612440849975201e+03
1.422202806672729366e+03
1.484682308171625891e+03
1.310965521121977190e+03
1.666104123626535511e+03
1.711054325025752860e+03
1.337191054060595889e+03
1.413797069626316443e+03
1.397564132146909287e+03
1.541730762256031994e+03
1.563715792753167307e+03
1.644933687449678246e+03
1.643097781273329247e+03
1.359172375655064798e+03
1.560716388209526031e+03
1.523755983349704366e+03
1.562487869870080431e+03
1.234604381890412242e+03
1.674807143347040892e+03
1.510505107062607294e+03
1.563707724660638405e+03
1.357044970089667004e+03
1.580938035061537221e+03
1.531837403285113396e+03
1.315777990302111675e+03
1.333194773506412503e+03
1.692249477251388498e+03
1.278887531048006849e+03
1.504061142790612394e+03
1.626116899457235832e+03
1.453368134265321032e+03
1.527797273339760750e+03
1.478803641012774278e+03
1.376653887786055748e+03
1.694230712994630494e+03
1.603816325481213426e+03
1.495012540391613129e+03
1.539766878222273135e+03
1.293721101259490069e+03
1.302574419614521275e+03
1.601697176192638835e+03
1.355395146909352434e+03
1.341098447899603343e+03
1.639416764276583081e+03
1.621922355648689972e+03
1.706265076138889299e+03
1.528707617980716122e+03
1.483737001537806464e+03
1.441320748721542714e+03
1.437921031868774207e+03
1.514454402792660176e+03
1.694568071552017955e+03
1.366433939211501638e+03
1.345059251309288811e+03
1.493423858772933499e+03
1.427462962815370247e+03
1.395504647586935334e+03
1.609761058853874147e+03
1.499413990064578456e+03
1.540108698785420529e+03
1.459843527148954081e+03
1.700446353895939410e+03
1.461497236001601323e+03
1.679593174580706545e+03
1.668565302298619372e+03
1.294959279054037324e+03
1.654478820145580585e+03
1.503015572460843259e+03
1.631305215278737251e+03
1.709970294814830822e+03
1.679843764431735508e+03
1.619918621463765248e+03
1.362800988490954751e+03
1.184956896658961796e+03
1.664208749053578686e+03
1.283526388483434175e+03
1.457257273399815858e+03
1.582268516650556876e+03
1.665793618867811801e+03
1.496157657713890103e+03
1.497895509312250169e+03
1.509317782840221753e+03
1.671296531086848972e+03
1.532999299495372952e+03
1.596150993593900921e+03
1.098833322685278745e+03
1.529343669822688526e+03
1.638302663837561113e+03
1.379779494808322170e+03
1.550319484738816982e+03
1.702790668409188811e+03
1.610348832557878950e+03
1.711061568194997108e+03
1.423010392945034255e+03
1.376596285972301757e+03
1.479188748441077678e+03
1.685800595731875546e+03
1.621988204205387547e+03
1.593103207019323918e+03
1.510505107062607294e+03
1.637034383960791729e+03
1.441860555771264444e+03
1.485215047713894819e+03
1.617947132559684178e+03
1.462003736729497859e+03
1.693987127687129487e+03
1.375046490002322798e+03
1.510395356668597969e+03
1.302849894845153813e+03
1.569708030653219566e+03
1.605952301395563154e+03
1.544438404562459709e+03
1.537369803280448650e+03
1.590654331828312706e+03
1.225167094359393559e+03
1.467516766541787547e+03
1.308156710779487867e+03
1.304026144837362381e+03
1.557774717214419070e+03
1.276681925821354525e+03
1.603407751021692093e+03
1.297213924289581428e+03
1.699620769450187254e+03
1.709970294814830822e+03
1.511686115034090108e+03
1.525087059424844938e+03
1.696566043382842963e+03
1.552777305262842674e+03
1.489011746251072509e+03
1.425230375185808725e+03
1.366564222245414840e+03
1.551106999695231252e+03
1.573974698438733412e+03
1.600029976148936157e+03
1.711437888541176562e+03
1.517997873046833547e+03
1.316562942662671276e+03
1.626116899457235832e+03
1.582595719114702661e+03
1.455533457990159604e+03
1.661520706312534230e+03
1.659672668180971414e+03
1.461497236001601323e+03
1.425954591478165639e+03
1.426396893565703067e+03
1.703730229113092037e+03
1.465485370538258621e+03
1.453240878498016627e+03
1.591218337156463349e+03
1.333942719762243541e+03
1.500993407285095145e+03
1.425130020936339861e+03
1.465272392524441784e+03
1.225167094359393559e+03
1.484747317113257623e+03
1.401062094742583213e+03
1.300890809259271009e+03
1.672762898592116017e+03
1.708300519532142062e+03
1.352259611464297905e+03
1.431397024149369827e+03
1.525631919229365394e+03
7.647857187627590747e+02
1.284234827181129049e+03
1.072033758525506300e+03
1.388400400393059726e+03
1.529010031631739366e+03
1.624463955851104856e+03
1.677606007030357887e+03
1.694290111785229783e+03
1.661897821981869129e+03
1.606375776972502536e+03
1.674250465093684852e+03
1.626122522799258149e+03
1.664743322396044960e+03
1.569875798150089850e+03
1.608826209800748984e+03
1.379349385442656967e+03
1.390923122213558372e+03
1.421040319425025245e+03
1.611386144785572014e+03
1.628308647686053973e+03
1.672110324889423282e+03
1.619756850165325432e+03
1.644571739272489594e+03
1.438762593943997899e+03
1.577302590361395232e+03
1.560002902140236529e+03
1.406641197670466909e+03
1.302945290830384693e+03
1.371218711763903229e+03
1.658312788605273226e+03
1.480197062018742372e+03
1.417492226138180740e+03
1.441215215567807491e+03
1.460746075798288757e+03
1.438615628342796299e+03
1.295561444912355455e+03
1.467622931533891006e+03
1.327631938241347598e+03
1.660808144963713858e+03
1.151458391992229508e+03
1.591103142572202159e+03
1.628950624244508163e+03
1.571549966503743690e+03
1.467759293103102664e+03
1.620147263026421570e+03
1.704533292285415428e+03
1.422066464470358369e+03
1.297242954485533346e+03
1.468745787365048727e+03
1.294736220220408313e+03
1.481876454107841937e+03
1.617693495698596962e+03
1.317326550199786197e+03
1.400440524067757906e+03
1.515585976668101011e+03
1.617641784502165137e+03
1.549817559067978891e+03
1.452079167324708578e+03
1.383000000928757800e+03
1.455533457990159604e+03
1.554728103008632161e+03
1.356834847893994038e+03
1.700686554093219002e+03
1.444244291251715822e+03
1.530719050015593439e+03
1.572873861728901375e+03
1.681391146626779346e+03
1.512687863399005892e+03
1.312600000319199125e+03
1.670127499408494259e+03
1.514237695023433389e+03
1.530879221879851684e+03
1.497992723712776296e+03
1.279926466021139277e+03
1.575522307600192107e+03
1.552342126382728111e+03
1.153171972859086509e+03
1.487444111450248329e+03
1.177337856302795217e+03
1.655684768356451286e+03
1.433194940950439104e+03
1.471584596362793718e+03
1.445723455463544497e+03
1.506210816530310467e+03
1.637493423615107758e+03
1.366333849750082891e+03
1.481759172522117524e+03
1.648355632457123193e+03
1.525723599572716012e+03
1.690671996609855796e+03
1.695371502092686569e+03
1.647533368527285575e+03
1.701140847356907898e+03
1.342564783657256157e+03
1.416104075875840408e+03
1.575535042580150275e+03
1.317648315141262401e+03
1.526728578235284658e+03
1.707541245500097602e+03
1.696342339965477549e+03
1.421309371440122277e+03
1.375253501955026422e+03
1.508971620308491538e+03
1.339310045017941547e+03
1.665482367006313780e+03
1.433176969190152704e+03
1.279069636332797245e+03
1.498819123172489071e+03
1.429748524296903497e+03
1.589285943890670978e+03
1.330863762391957607e+03
1.556953578698132333e+03
1.137652911492259136e+03
1.414896261934108679e+03
1.582268516650556876e+03
1.309892991553949514e+03
1.357796399615310293e+03
1.676015281743530977e+03
1.345124007716808819e+03
1.644260508120102713e+03
1.675756529977723403e+03
1.643600501773549922e+03
1.658479105054980437e+03
1.528518484806333163e+03
1.704533292285415428e+03
1.695237576771660088e+03
1.500833279722667385e+03
1.404738199918138662e+03
1.420075923579320715e+03
1.296779834262984878e+03
1.610779480360948128e+03
1.690964591542685184e+03
1.345523679110350031e+03
1.675702398179768352e+03
1.522332554297748629e+03
1.366956427143868268e+03
1.506217536966048328e+03
1.552285172134214008e+03
1.660036249815237852e+03
1.633116972190052820e+03
1.568525111135922089e+03
1.576909215355014112e+03
1.573696631262376741e+03
1.595871534893556372e+03
1.624496394622538446e+03
1.666814084727930322e+03
1.402584972187247331e+03
1.683558040501183996e+03
1.446673916472692326e+03
1.308114344028968389e+03
1.170115398086908726e+03
1.689122238889135588e+03
1.361319755442512360e+03
1.468745787365048727e+03
1.463621998443161374e+03
1.678116086303376733e+03
1.681305326162869733e+03
1.360104995537082004e+03
1.462699855131505046e+03
1.410196876306205922e+03
1.379663948534476276e+03
1.197521474496484416e+03
1.325000311759374199e+03
1.619453541363370050e+03
1.410506136798375337e+03
1.685786181466685321e+03
1.570478840235615507e+03
1.646530510043179220e+03
1.657445745512240364e+03
1.387895400432709494e+03
1.679032744836887105e+03
1.378302335657611366e+03
1.333914731750890496e+03
1.585956804027044200e+03
1.380351614646206372e+03
1.555969341591483044e+03
1.449212942937552498e+03
1.575778827369850887e+03
1.693426101648971326e+03
1.685040267514932111e+03
1.280998736986688982e+03
1.478235515536334788e+03
1.590569147918583440e+03
1.519588224823183737e+03
1.633214787918271895e+03
1.672464024000992595e+03
1.553663248699138649e+03
1.348838739216460908e+03
1.487208002414034581e+03
1.358137076291104677e+03
1.455333415924865221e+03
1.547662070552954219e+03
1.601218903992968080e+03
1.633917719981877553e+03
1.410855292970489927e+03
1.602146844256356871e+03
1.448243761746390419e+03
1.312568473336134957e+03
1.361207762186008040e+03
1.484565818824503140e+03
1.364460585647506377e+03
1.473348900095001454e+03
1.678642032405517739e+03
1.551039442936883916e+03
1.288849611998673481e+03
1.309018852181301099e+03
1.570945362118925004e+03
1.601990935130849721e+03
8.814878357708523708e+02
1.621903626486428038e+03
1.437788455037721405e+03
1.530203689433668387e+03
1.674950132432826194e+03
1.628602224932962145e+03
1.248214273435406312e+03
1.479179683487359853e+03
1.598095763468817950e+03
1.549803149020573301e+03
1.704190238080835115e+03
1.371973119986000938e+03
1.466447865713720148e+03
8.412821927091575844e+02
1.515091596881770784e+03
1.554857704043214653e+03
1.710119253828526553e+03
1.694847672218786101e+03
1.281447124870597918e+03
1.324828810134858941e+03
1.576234033113940768e+03
1.648133661810358035e+03
1.437091350565154244e+03
1.300471944371288828e+03
1.486277619594877478e+03
1.366452167679165086e+03
1.316462179239061697e+03
1.651893064954332203e+03
1.339933579095706818e+03
1.464372374199358546e+03
1.673909298248554478e+03
1.406225544980017276e+03
1.655713436324079112e+03
1.673536133240976824e+03
1.648036798648143304e+03
1.465638274715134457e+03
1.281275464313448765e+03
1.695916451310097273e+03
1.546998892260789262e+03
1.252902558973843497e+03
1.519776766556156190e+03
1.185803896089139016e+03
1.417492226138180740e+03
1.665656255619612921e+03
1.417482079936850823e+03
1.330178063750376623e+03
1.407638263484571780e+03
1.304405900732412192e+03
1.656528295848537709e+03
1.532624623267032348e+03
1.523950763276524185e+03
1.485240281528666628e+03
1.583970770817885750e+03
1.365026423857794953e+03
1.355498175037277861e+03
1.554915219009782959e+03
1.328873900930504533e+03
1.379411177581955826e+03
1.375232086866916234e+03
1.389786930660184225e+03
1.560648930187051064e+03
1.258687608726421104e+03
1.522630389369566956e+03
1.499072309928792038e+03
1.413912460399813199e+03
1.607998181445386763e+03
1.658544598929530594e+03
1.310591609918585846e+03
1.195356740550269478e+03
1.691741696441435124e+03
1.511794005795512703e+03
1.473364508616285775e+03
1.612720511244494901e+03
1.616425669742154696e+03
1.305203596578813631e+03
1.439461952530459257e+03
1.539530860721526778e+03
1.218898954608314398e+03
1.451262957163344709e+03
1.596737678026181129e+03
1.430108255918995837e+03
1.568205912774205899e+03
1.355963730670763198e+03
1.330269468081826517e+03
1.583682702718954260e+03
1.254833370862923857e+03
1.503469535989117503e+03
1.547989971495027476e+03
1.694471372116064686e+03
1.602507455033373390e+03
1.702138932083228156e+03
1.560521586999761894e+03
1.284755708016874905e+03
1.501570825129078457e+03
1.637956868660884084e+03
1.612839549547587012e+03
1.618911808947855889e+03
1.663098494353702336e+03
1.540591383196218885e+03
1.319411633656412050e+03
1.486811705640270247e+03
1.025891378937367335e+03
1.132245652767618139e+03
1.379245034893610409e+03
1.691748720720617030e+03
1.690371845571650738e+03
1.534864978724815273e+03
1.125930332666054255e+03
1.546518278419335275e+03
1.338988540674571823e+03
1.500722346104391363e+03
1.369875448356939160e+03
1.705885256741851890e+03
1.706301551675959217e+03
1.587907426735341232e+03
1.418374278621075518e+03
1.317922406012698048e+03
1.418605064907827682e+03
1.604613466096040383e+03
1.473996108932893549e+03
1.533343839029020273e+03
1.362552513295594736e+03
1.608300919804847126e+03
1.515411101721036630e+03
1.393804084294782569e+03
1.288832100401669777e+03
1.709993189724583544e+03
1.656393225679194529e+03
1.362758812019385459e+03
1.704061803094964262e+03
1.314694090925288492e+03
1.541059194620683684e+03
1.484682308171625891e+03
1.645249747177786730e+03
1.348962710388248070e+03
1.287050426720678615e+03
1.445142604577315296e+03
1.308233514466315228e+03
1.280684060785001066e+03
1.698324947142131805e+03
1.712164974417812573e+03
1.377731395607172544e+03
1.278879254757036961e+03
1.398280890991040224e+03
1.411322702652956423e+03
1.513486499425976035e+03
1.117930786398870850e+03
1.649058916863397599e+03
1.703424070405748580e+03
1.463385788496636451e+03
1.343713299432082749e+03
1.150345913176265412e+03
1.693752873997424103e+03
1.709493732208174151e+03
1.299849498609753709e+03
1.563086495169060981e+03
1.626036612203906543e+03
1.526292600916823858e+03
1.279456363256707164e+03
1.632961612901582612e+03
1.640155861205558949e+03
1.338173072429275635e+03
1.656114763416844653e+03
1.412572019719726541e+03
1.479796590859094522e+03
1.710570312743263230e+03
1.512308593082392463e+03
1.329824291001326401e+03
1.573243681559895322e+03
1.669515521053095654e+03
1.332752965100494521e+03
1.465158771559100387e+03
1.626248551946732505e+03
1.632530247928739982e+03
1.483517990312600659e+03
1.400844154412129001e+03
1.661257556410385178e+03
1.546766448927213787e+03
1.498810489186093491e+03
1.701390975963314531e+03
1.571647627493846358e+03
1.647825461749581791e+03
1.543134941970477939e+03
1.689795024455851035e+03
1.413825732136976967e+03
1.467518144443881738e+03
1.592082154463249481e+03
1.552311110349620321e+03
1.278842982374371331e+03
1.700979339482089472e+03
1.675643775641815864e+03
1.319805270747323902e+03
1.634827349145040444e+03
1.260926147861408026e+03
1.411835017178485941e+03
1.644472766309926328e+03
1.598708828605300596e+03
1.343814401714386804e+03
1.356920985554720119e+03
1.433305418496194534e+03
1.300890809259271009e+03
1.153171972859086509e+03
1.399345363211457425e+03
1.465272392524441784e+03
1.608264188976225114e+03
1.414522144274686070e+03
1.512499825412357723e+03
1.528838623332187581e+03
1.303689280373054771e+03
1.514706978644481751e+03
1.526537310733640425e+03
1.246190827904915295e+03
1.483149723678616510e+03
1.678943796448613057e+03
1.132295444415844031e+03
1.553907491799826857e+03
1.551434929234667152e+03
1.309513244519791897e+03
1.576522748044139462e+03
1.488158185684079399e+03
1.695319587581243695e+03
1.563125446485473276e+03
1.703891112843137762e+03
1.316045736725504412e+03
1.463397000101379490e+03
1.481576205324860439e+03
1.478642531818410589e+03
1.573801906121298998e+03
1.386954039709250765e+03
1.350144967653811591e+03
1.446673916472692326e+03
1.704777231021949774e+03
1.573717344023049009e+03
1.301159140549205858e+03
1.693987127687129487e+03
1.420451141060715599e+03
1.608838406464187983e+03
1.543606475850246170e+03
1.458697718491384876e+03
1.606994780315223579e+03
1.420006824220609360e+03
1.622871871302712179e+03
1.625276352712557582e+03
1.283973727198553888e+03
1.471653360030985368e+03
1.354771402569486554e+03
1.632410894332019325e+03
1.595464900336768551e+03
1.477573956334846571e+03
1.319411633656412050e+03
1.430980166442830750e+03
1.311672086382567841e+03
1.618467950735729801e+03
1.388986777499505479e+03
1.447735028287142768e+03
1.483496509926595536e+03
1.313141883818461110e+03
1.474401607120364588e+03
1.304571506614718601e+03
1.642517405112309689e+03
1.443919556217856325e+03
1.413800915204393732e+03
1.604804495756936149e+03
1.665123423554551209e+03
1.549261506769509879e+03
1.653915382254861470e+03
1.566540428146263139e+03
1.093817984743087891e+03
1.420075923579320715e+03
1.328711287711805880e+03
1.352451982423349818e+03
1.418427514394158379e+03
1.560592865513895504e+03
1.443839540756126326e+03
1.682312344343609311e+03
1.323532259234205867e+03
1.451979620608367668e+03
1.687646112370232913e+03
1.628097388892950221e+03
1.565067774548595935e+03
1.471207691870812141e+03
1.585612977297209909e+03
1.354763232281882210e+03
1.445779749937064025e+03
1.467622931533891006e+03
1.515236575105415341e+03
1.480675509618210299e+03
1.299997394503017858e+03
1.644714721544697568e+03
1.287522104445750301e+03
1.637526759665370264e+03
1.306722817945281804e+03
1.340184860963385745e+03
1.536189096553448508e+03
1.541836518630504997e+03
1.320534855357077049e+03
1.493146066141626989e+03
1.339596079555923097e+03
1.587865546192128477e+03
1.570597060244262138e+03
1.439294640855043781e+03
1.610313048727638943e+03
1.311586147268065815e+03
1.631084714208040623e+03
1.453515387225242876e+03
1.626528112803138583e+03
1.484005622771800745e+03
1.339661513290802532e+03
1.539530860721526778e+03
1.583334256130237009e+03
1.452685084820300972e+03
1.697538230079029972e+03
1.651800190305382785e+03
1.515642509369175968e+03
1.709354985346119292e+03
1.371144238174539169e+03
1.674658222065883365e+03
1.666762264628871890e+03
1.540933355151896421e+03
1.344660811534968616e+03
1.366769486842681545e+03
1.575698375372254304e+03
1.583970770817885750e+03
1.285453601760325000e+03
1.523221536931369201e+03
1.632015603797567110e+03
1.366340346096715621e+03
1.465476743849601917e+03
1.297694074709889264e+03
1.143586536027819648e+03
1.550390939841064665e+03
1.313423740585814585e+03
1.403659810864227893e+03
1.327631938241347598e+03
1.446493415541058766e+03
1.352384667817088712e+03
1.498230879902734614e+03
1.217713527293081142e+03
1.346998185313552085e+03
1.698353257527440292e+03
1.333615461279957344e+03
1.688360474770605379e+03
1.425792126350008630e+03
1.684069962356917131e+03
1.541940168414047093e+03
1.459662371724409013e+03
1.283200253444532336e+03
1.444253929638015279e+03
1.331073736427773156e+03
1.673897152955182264e+03
1.619045310350420550e+03
1.666538715581939641e+03
1.091474541305590492e+03
1.330863762391957607e+03
1.680114282688579351e+03
1.477301950711302652e+03
1.441320748721542714e+03
1.697600258188107546e+03
1.331782905865271459e+03
1.238229051878363862e+03
1.514969620750178365e+03
1.693035590741440046e+03
1.680927985385450711e+03
1.606349116814641320e+03
1.601249419799102043e+03
1.706793883630376286e+03
1.335298427339723503e+03
1.489464919211885672e+03
1.463057216639806938e+03
1.252120267704443449e+03
1.325468613250126737e+03
1.684679597796558028e+03
1.373454477766673790e+03
1.671286228419846339e+03
1.536159681265985228e+03
1.614568009660774351e+03
1.584855459886705148e+03
1.386873254289136412e+03
1.583426805524881729e+03
1.663657219664343302e+03
1.349953581926734387e+03
1.562728014119095405e+03
1.354722135197145462e+03
1.601218903992968080e+03
1.329730885937874064e+03
1.688686688940059412e+03
1.671246644810046519e+03
1.359560936740019542e+03
1.322653521800755016e+03
1.419707026227956021e+03
1.530335587354934887e+03
1.473694690727538500e+03
1.613077770710657205e+03
1.415898085264007022e+03
1.485540504195462972e+03
1.598222821487575857e+03
1.415037726093770516e+03
1.292322332412376682e+03
1.639777215603880450e+03
1.487300241480694467e+03
1.547391972060871922e+03
1.588641617569629034e+03
1.341897519930811086e+03
1.625276352712557582e+03
1.644568020022237988e+03
1.481551364783026202e+03
1.151853927646367538e+03
1.678642032405517739e+03
1.603816325481213426e+03
1.675311102868488661e+03
1.566260926409656349e+03
1.287072883251479197e+03
1.578135282931909387e+03
1.509929551663874236e+03
1.682566555581730427e+03
1.662873766130113836e+03
1.708372988493351386e+03
1.484047275884120154e+03
1.583994619163174775e+03
1.624826433196717062e+03
1.677660800761053451e+03
1.601431045281758770e+03
1.590651081770081191e+03
1.308156710779487867e+03
1.456157952036806591e+03
1.413100222583037976e+03
1.543817478158065569e+03
1.571005223958377655e+03
1.498331552016611113e+03
1.451257724877342298e+03
1.704061803094964262e+03
1.313872842112322132e+03
1.666945395030669260e+03
1.476194991943722925e+03
1.328514721248284786e+03
1.376321767793337813e+03
1.375201527893125103e+03
1.293178216621010733e+03
1.529159339129183991e+03
1.459649582125271536e+03
1.683532166181692673e+03
1.412817385443982175e+03
1.696114973731227110e+03
1.375919037252665021e+03
1.245569344123656265e+03
1.374483559307109772e+03
1.646064641995245438e+03
1.672432732062215337e+03
1.572652725821820013e+03
1.496534956428213945e+03
1.705327306268830853e+03
1.544972289826814404e+03
1.678204923991727810e+03
1.285340345099929209e+03
1.448243761746390419e+03
1.325323665692583518e+03
1.323678954694472168e+03
1.702790668409188811e+03
1.559511783375996401e+03
1.409571532484553018e+03
1.695906295302970875e+03
1.553804018633450823e+03
