8.224881411658723664e+03
5.870758027527490412e+03
8.069923619529718962e+03
6.300052780795633225e+03
7.927717137243239449e+03
7.088249810276135577e+03
2.737112174741265335e+03
6.515048339094505536e+03
7.777337457083305708e+03
7.960721743892338964e+03
6.766906212737923852e+03
7.486058023855148349e+03
7.474049213177867387e+03
8.537919681321049211e+03
7.521692233319663501e+03
8.344073228274286521e+03
6.197670109339504961e+03
7.180880943808017946e+03
6.214739412942759373e+03
6.196318984060822913e+03
7.350646426291006719e+03
6.581626064709340426e+03
8.220199699607976072e+03
3.475090103000243289e+03
7.274745717222689564e+03
8.338145179402192298e+03
8.367556905956998889e+03
1.295765731067694560e+03
5.951292675706747104e+03
5.945233504094101590e+03
6.542661881410211208e+03
7.164058539982950606e+03
8.532010754861323221e+03
2.358882136411127249e+03
8.498854726583027514e+03
5.954035978716757199e+03
7.182128860622426146e+03
4.170249153540295993e+03
5.679891614660353298e+03
8.415084362368896109e+03
7.593825949975344884e+03
7.474373595413809198e+03
2.661950857624768560e+03
8.302683313017849287e+03
7.921899814677472023e+03
7.284432933097433306e+03
7.485178980508506356e+03
4.842539112978951380e+03
6.644589165149649489e+03
8.372286935662232281e+03
5.264505182596907616e+03
7.248288218389392568e+03
5.970667995671845347e+03
7.490884653394989073e+03
7.715278950838044693e+03
8.268613276210433469e+03
7.815462331517261191e+03
6.455571259894806644e+03
7.282791063238994866e+03
6.864014690265290483e+03
6.122517227580663530e+03
8.273278994219206652e+03
5.958580473453972445e+03
6.777097178850496675e+03
4.234831716169273022e+03
8.038469027833201835e+03
6.261774035165793975e+03
7.276670466462303011e+03
7.345154797002905980e+03
6.982721278191153033e+03
7.820154499562367164e+03
7.803238970950145813e+03
7.248236011228061216e+03
5.679948892487473131e+03
7.497501130123479925e+03
7.472577858368013040e+03
6.395348125928532681e+03
8.409364507430735102e+03
7.463844110016198101e+03
8.147413521036388374e+03
7.243777213624787692e+03
6.155590913216262379e+03
7.655673158174884520e+03
4.408841421772056492e+03
6.880285896282955946e+03
7.916856225726449338e+03
7.917009486779692452e+03
7.337657577388878053e+03
6.977366272907255734e+03
8.494112777321091926e+03
5.256857289094789849e+03
5.503285034463181546e+03
7.084729151531340904e+03
7.057013499627981219e+03
5.422395332121057436e+03
5.949096696082898234e+03
7.235364662760330248e+03
6.765437521861548703e+03
5.691721888678295727e+03
6.977713127034114223e+03
7.251654880980268899e+03
5.929831546785335377e+03
6.353832146229751743e+03
5.563278427638586436e+03
5.068094809353977325e+03
6.675835274415794629e+03
7.195344683673084546e+03
7.294894552660131012e+03
7.577547945089378118e+03
6.161026605022714648e+03
8.137333201114426629e+03
7.694521553360962571e+03
8.008860987855804524e+03
7.369906329679393821e+03
6.401633188072322810e+03
8.491406034723964694e+03
6.078500815836799120e+03
6.685161509966183075e+03
8.031172271378132791e+03
7.955961523620566368e+03
3.704405780808693635e+03
2.928134536532209495e+03
6.031856808251916846e+03
5.194148372999316052e+03
6.852582950074726796e+03
6.546762287337853195e+03
7.567518990689011844e+03
6.320391644585411996e+03
6.739244654497411830e+03
7.274980813044552633e+03
7.430726592222676118e+03
6.434240247197318240e+03
8.318902319009786879e+03
7.421152973853790172e+03
6.676636084248839325e+03
7.718630397627050115e+03
3.549217082566102363e+03
4.236913518341440067e+03
5.995736390977592237e+03
6.203257187439307017e+03
7.301851861376968372e+03
7.406227060650147905e+03
8.373765253637180649e+03
6.518087740302033126e+03
5.721031920862437801e+03
6.262566271595063881e+03
7.938087643074924927e+03
5.917639388202955161e+03
8.066729117192722697e+03
5.264108063623583803e+03
6.703857848570789429e+03
8.000336960042649480e+03
6.726032495819697942e+03
8.545582824255547166e+03
6.965075913216529443e+03
6.750166318751060317e+03
7.636042157619422142e+03
6.220229545587440043e+03
7.896522751807086934e+03
8.320924815849022707e+03
7.801760948488374197e+03
7.428544150504571007e+03
8.305713028749018122e+03
7.364803571201171508e+03
7.912648090731815500e+03
7.906081699084489628e+03
6.798718698495667923e+03
8.142593792791969463e+03
8.428094242961602504e+03
8.082905380690344828e+03
4.883334921655772632e+03
5.999235664610017011e+03
7.538869005081826799e+03
5.447270482845569859e+03
7.836301426389753033e+03
7.850353534306137590e+03
6.800117596718135246e+03
3.489601222103857708e+03
8.496918650445986714e+03
8.016011127586270050e+03
6.396517020232536197e+03
4.866334812974151646e+03
5.952475629362219479e+03
7.725399999494723488e+03
6.300052780795633225e+03
8.222096575140067216e+03
7.383303422981992298e+03
7.745456131333344274e+03
6.736794309382762549e+03
6.865422523321664812e+03
5.972626446700429369e+03
6.323110122841994780e+03
7.826499052947194286e+03
6.024999496432392334e+03
7.128795131286336982e+03
8.243588092470017727e+03
8.282513960060881800e+03
8.327541163443405821e+03
5.885875488215899168e+03
4.940021274689805978e+03
6.231217052441154920e+03
8.301260666085774574e+03
7.141495045903349819e+03
7.951533786670859627e+03
6.369493192808206004e+03
7.290277879661726729e+03
7.166389521765264362e+03
6.229262643518269215e+03
8.462616398889653283e+03
4.449889810913779911e+03
7.292058325642708041e+03
7.367926204062478973e+03
8.447673910796365817e+03
4.816130051989540334e+03
6.502913411765781348e+03
6.830351556968453224e+03
5.837204602458557019e+03
7.025449680221284325e+03
7.329576321185559209e+03
6.963975289213953147e+03
7.408160231667367952e+03
7.510969525491528657e+03
7.027247993778510136e+03
6.074660705124395463e+03
6.577230221276608063e+03
8.090423421989839881e+03
8.350695517151390959e+03
5.838466204450583973e+03
3.134319885448382593e+03
8.120825706383966462e+03
5.256857289094789849e+03
5.434117055344118853e+03
6.320863734011662018e+03
7.102980175043541749e+03
6.530585798581440031e+03
8.084834934642466578e+03
6.233853404810559368e+03
7.280987477026192209e+03
7.731619625880084641e+03
5.609476244899648918e+03
8.339950172076052695e+03
2.765746991528316357e+03
8.413150067455464523e+03
7.042798085677135532e+03
7.543914044235012625e+03
4.818408665675647171e+03
8.343362206632253219e+03
8.104700082265913807e+03
5.945052628462458415e+03
8.139867609352326326e+03
6.107776428008039147e+03
6.857237537530229019e+03
6.128004761795836203e+03
6.039599716433987851e+03
8.088338445010815121e+03
7.828967039266790380e+03
6.568412745654182800e+03
7.093099225136448695e+03
6.676179930558893830e+03
7.559855887192687987e+03
8.076791387102141016e+03
7.229832626840281591e+03
7.264010334830682041e+03
8.319522141387793454e+03
6.790687246118493931e+03
8.325906539312276436e+03
8.492891753390311351e+03
6.367562115741033267e+03
6.319337962168032391e+03
8.302753403454044019e+03
6.414333153379312535e+03
8.507731900049077012e+03
7.701146174665043873e+03
7.560983264678228807e+03
5.970667995671845347e+03
6.411753740072068467e+03
6.128745607969764023e+03
5.238277851162848492e+03
6.865200049087752632e+03
5.876149256010404315e+03
6.703857848570789429e+03
8.382615569285371748e+03
8.499948853853298715e+03
7.403070163998465432e+03
8.483487910833517162e+03
8.233901469763281057e+03
6.017679791380505776e+03
7.961864902932901714e+03
7.338362921562425981e+03
6.885411111936269663e+03
8.412836081522924360e+03
7.796636843596948893e+03
8.062493224320483932e+03
7.082058554520073812e+03
7.383353300626124110e+03
7.734033151501133034e+03
5.945596524025031613e+03
7.417915329540262974e+03
6.363367650738242446e+03
7.124979256057598832e+03
7.898199993160903432e+03
5.827032606960509838e+03
8.154258868182922015e+03
5.708756603524746424e+03
6.304778925455837452e+03
6.328754932693088449e+03
6.122222541645672209e+03
7.131271941623353996e+03
7.302597258960022373e+03
5.656039246307860594e+03
4.891268733632310614e+03
7.808978075668739621e+03
6.907772780856755162e+03
6.252656354676336377e+03
7.173906328599180597e+03
8.539878556876476068e+03
5.929723765577544327e+03
7.530677958892435527e+03
7.582711907026080553e+03
6.916510877330538278e+03
8.039209342225616638e+03
6.176865923790950546e+03
7.055516446922520117e+03
5.855241156087249692e+03
7.220000498178962516e+03
7.211595616508750936e+03
6.164062114804974954e+03
3.054015098859405953e+03
8.197986757020389632e+03
8.543924491898396809e+03
7.663837735424473067e+03
6.985005321238600118e+03
7.561378894376134667e+03
6.529232821415037506e+03
6.916580921237577058e+03
8.399756285406474490e+03
5.211649203798988310e+03
7.415590375526114258e+03
7.613820546169687077e+03
6.554476847229893792e+03
7.728488896917363491e+03
6.140614008952675249e+03
8.039049422801122091e+03
1.628059909633772804e+03
8.236181779445763823e+03
7.728379922426309349e+03
6.437056723376554146e+03
5.795839357808265959e+03
5.083661947841819710e+03
8.547157545419742746e+03
5.995668088639148664e+03
5.293008563798852265e+03
7.808251662988731368e+03
7.168322069352201652e+03
7.705838663832295424e+03
7.397423763948061605e+03
7.370075528750989179e+03
6.768383541309392058e+03
7.464464585206601441e+03
5.659911604211115446e+03
4.932112117842222688e+03
6.633674963656619184e+03
8.140299348043059581e+03
7.799532477642687809e+03
8.485185655659872282e+03
4.502267264102132685e+03
6.714025493996143268e+03
5.592387384519150146e+03
6.598040056004478174e+03
7.314549901973161468e+03
7.807395722119454149e+03
7.146856828237132504e+03
7.649371196392457932e+03
8.106600608698518045e+03
8.031172271378132791e+03
5.882882948506399771e+03
6.821218557765254445e+03
5.653872205480700359e+03
5.353311648107536712e+03
7.420321860448009829e+03
5.751705304444218200e+03
6.104505259067108454e+03
5.935663943430090512e+03
7.064541494042798149e+03
7.827797142929437541e+03
4.638814794865700605e+03
7.192725459805365972e+03
8.443271251079033391e+03
7.850166803172051004e+03
5.855241156087249692e+03
7.165798798681192238e+03
7.599139185562814419e+03
5.933401376074312793e+03
4.391067077341185723e+03
8.089195871277515835e+03
6.954341322060385210e+03
6.702069911672503622e+03
8.171370975041582824e+03
8.280010255101487928e+03
7.912687612307657218e+03
8.169447022754148747e+03
4.638814794865700605e+03
7.626379767893950884e+03
7.003954814140378403e+03
7.988640187583323495e+03
8.050128927170028874e+03
6.677307438897283646e+03
8.313094410683552269e+03
5.399777309769682688e+03
4.955275462739808972e+03
5.718918085043218525e+03
7.636476903306322129e+03
7.278090876434817801e+03
7.583161788135751522e+03
7.307690682821767041e+03
5.780665413309811811e+03
7.317924718087653673e+03
8.356146843749125765e+03
7.865405531710451214e+03
8.139425387175240758e+03
8.467750860819398440e+03
7.452253109174846031e+03
6.714924371364073522e+03
8.127886378405263713e+03
3.077243003234959360e+03
5.543442338603148528e+03
7.806840880812906107e+03
3.141566726428915899e+03
4.713384962117162104e+03
4.453248927364273186e+03
6.333245750947422493e+03
7.735160682153636117e+03
3.475090103000243289e+03
6.511139134776899482e+03
8.130307621643702078e+03
7.048065380584851482e+03
8.518063037919133421e+03
6.152745431610219384e+03
7.512035436916776234e+03
6.219486215165795329e+03
5.829573920187751355e+03
8.329658654323717201e+03
4.792747804923363219e+03
7.658380103114517624e+03
7.232922381896002662e+03
6.044842116856272696e+03
5.959184172612278417e+03
6.660957520539191137e+03
6.321015663441180550e+03
7.621280430229932790e+03
8.042648000962792139e+03
8.085472842991002835e+03
7.591478341040892701e+03
4.439484329553617499e+03
6.078792478619575377e+03
7.578222282608068781e+03
7.295480693348074055e+03
8.433626118001491704e+03
6.008230645478238330e+03
7.300339543843125284e+03
2.569938388287009730e+03
3.941065609902029792e+03
6.994549233403879043e+03
7.479891627286286166e+03
6.041290925849507403e+03
8.297958996542387467e+03
7.272785649338755320e+03
5.939274969671094368e+03
7.724823524129491489e+03
7.104146349147082219e+03
7.976149989809006001e+03
5.592208702993259976e+03
8.017073496911356415e+03
5.947582748137177987e+03
7.917832285627073361e+03
7.460635211761637038e+03
8.350211077955873407e+03
7.460339860838875211e+03
7.059498855600095339e+03
5.835439415348459988e+03
7.660377722283546063e+03
7.231990662880698437e+03
6.652831965375280561e+03
2.863486911118069656e+03
7.417915329540262974e+03
7.197253244166467994e+03
6.722562565611139689e+03
8.260993435547799891e+03
7.099323991835914057e+03
8.272912279400843545e+03
5.252228819798930090e+03
3.400400782163934764e+03
8.089854138477737251e+03
5.969914886417475827e+03
8.223966694641678259e+03
5.835550893847414045e+03
5.824493305572937970e+03
8.157038416059872361e+03
7.082903575801678016e+03
4.889518140448574741e+03
8.339950172076052695e+03
7.349845275494135421e+03
8.217177607651907238e+03
6.437530545679111128e+03
7.711463402218777446e+03
8.442921150172143825e+03
5.638455122864430450e+03
8.024898060381499818e+03
4.487786675053026556e+03
6.324061932778103255e+03
7.016411444292383749e+03
7.775621653587395485e+03
5.342870995717559708e+03
7.611044613143977585e+03
6.726096121332218900e+03
8.305085651016106567e+03
7.281280417586720432e+03
7.819280612786111305e+03
6.282328816848626957e+03
8.016411639812290559e+03
7.096256645381165072e+03
6.290339088568844090e+03
8.071754934980593134e+03
8.192847422432103485e+03
1.628059909633772804e+03
8.428094242961602504e+03
8.444771336412613891e+03
8.429663794707215857e+03
6.741828485889227522e+03
7.735712484844639221e+03
6.293811639550614927e+03
7.369951616315251158e+03
7.977210068631158720e+03
5.174165764206114545e+03
7.463592106975967909e+03
7.565654961508616907e+03
6.410333847243608034e+03
6.489304155350411747e+03
6.826632887257573202e+03
7.841845157795995874e+03
5.743637870962844318e+03
7.931143019901814114e+03
7.833565976516404589e+03
6.286852215039301882e+03
5.763611918653192333e+03
6.202944449229198653e+03
5.766606766724095905e+03
7.441327367747560857e+03
6.732087239958022110e+03
5.399777309769682688e+03
7.735879598023367180e+03
8.205379527285593213e+03
8.466218689241195534e+03
7.655673158174884520e+03
7.906552089302505919e+03
8.179007352286373134e+03
8.442921150172143825e+03
5.944613312039216908e+03
8.058117330076072903e+03
6.363367650738242446e+03
5.690970810951310341e+03
7.613011481931449453e+03
6.246141966664256870e+03
5.946898621160919902e+03
6.250039629981460166e+03
7.253819606010142707e+03
7.285541383004812815e+03
6.072892213826018633e+03
5.928019016116787498e+03
8.525501015560739688e+03
6.692358417245141027e+03
8.545751381470292472e+03
7.504432870597684087e+03
5.934266418395749497e+03
6.413119126443346431e+03
8.280010255101487928e+03
6.319536727475838234e+03
8.457854728388196236e+03
6.904875068635481512e+03
7.285820851813891750e+03
3.907931018626831246e+03
1.784111433103781110e+03
7.623897902145723492e+03
8.525318124706514936e+03
5.185650863666659461e+03
2.192531505192705936e+03
7.904753828573066130e+03
7.605516063658820713e+03
8.174730577508866190e+03
5.541224920272309646e+03
8.168249627809733283e+03
8.271215415187376493e+03
5.136826891006481674e+03
7.048065380584851482e+03
7.249564479594392651e+03
8.087213916012953632e+03
8.075619828572054757e+03
3.805911252114275158e+03
6.881034779929415890e+03
6.263574691549854833e+03
7.207403573753759702e+03
5.161797276359622629e+03
1.812964561574443451e+03
7.984012573860569319e+03
6.060497670579376972e+03
7.028485859411350248e+03
6.442731770511954892e+03
7.918977908043338175e+03
5.949274796967565635e+03
4.684863348263358603e+03
7.449726731776682755e+03
4.891268733632310614e+03
8.093479633132761592e+03
8.125725992402677548e+03
5.512863502667997636e+03
6.971070703047234019e+03
6.247586266829346641e+03
6.610731684225771460e+03
6.792144061793908804e+03
6.077205587838010615e+03
8.078564229472394800e+03
8.015450654489826775e+03
8.343746961456861754e+03
7.141138341220369512e+03
4.379632954916525705e+03
8.292556473147038560e+03
5.974902732375345295e+03
5.597719045203661153e+03
6.535706794011213788e+03
7.038530326013074045e+03
8.229946563063429494e+03
8.442371385695018034e+03
7.277584071240298726e+03
4.944585120987845585e+03
5.814461376294005277e+03
7.680490498889999799e+03
5.621922202227352500e+03
3.872017634322354752e+03
7.207945225336346994e+03
7.005316212363026352e+03
5.979628499425101836e+03
7.420697806985659554e+03
7.534459286360787701e+03
7.910799617287333604e+03
7.568095955670478361e+03
8.146447244473801220e+03
7.934212435114122854e+03
8.160398513933184404e+03
7.170176857880468560e+03
7.926680159847106552e+03
7.268145138952902016e+03
6.628439353937073975e+03
7.850847148741735509e+03
7.068630435898115138e+03
8.380627902088932387e+03
8.495011134780583234e+03
7.925833386598691504e+03
6.026431008685183770e+03
8.042317387288339887e+03
7.591240974636804822e+03
6.702390450454098755e+03
8.145489969926263257e+03
6.126898186946951682e+03
3.209323784522069218e+03
7.343955265203289855e+03
8.372293258226120088e+03
7.285210740795065249e+03
8.053330781578464666e+03
7.553327670381996541e+03
8.291388608191398816e+03
7.714699516971498269e+03
7.173565218895646467e+03
8.260052697348182846e+03
5.946362974870513426e+03
7.461241179358422414e+03
6.330510148447227948e+03
7.606010967476227052e+03
7.733625340262071404e+03
7.755770218105279127e+03
3.002663284623737127e+03
7.860582600401916352e+03
7.912648090731815500e+03
7.935055978629616220e+03
4.043068843579974327e+03
6.431778871496191641e+03
6.134759775898568478e+03
7.304679043777322477e+03
7.868908660385870462e+03
5.997179053644606029e+03
7.290089878571099689e+03
7.026298903597003118e+03
5.989452579168020748e+03
7.566474386953119392e+03
5.936600899811700401e+03
6.936004694012118307e+03
6.208924245612760387e+03
8.502229013619911711e+03
7.780045625850905708e+03
7.541149858765252247e+03
7.564818159914185344e+03
6.109056332012196435e+03
3.643639919690120223e+03
3.491310678052160256e+03
8.191041006621242559e+03
5.434117055344118853e+03
7.561951610149000771e+03
8.517662920470578683e+03
7.281852551241705441e+03
7.383672069060370632e+03
7.599832027001822098e+03
5.949572756681829560e+03
7.677781714939867015e+03
7.946168866593560779e+03
7.778467717636742236e+03
7.461241179358422414e+03
6.093509611409629542e+03
6.995210444765953071e+03
6.910680587126553291e+03
7.713176517079466976e+03
8.100887271476669412e+03
5.751705304444218200e+03
6.673230596552562929e+03
7.794412292722339771e+03
2.782016789204627912e+03
7.932125673326943797e+03
4.804704535726081303e+03
5.877769848965537676e+03
3.811846305613597451e+03
7.238483270721623740e+03
7.591449510537546303e+03
6.847393796159296471e+03
6.753348597282900300e+03
3.551345715755226593e+03
7.678456372092629863e+03
7.539716019977047836e+03
8.285459631331599667e+03
7.250684717103804360e+03
8.033488560389210761e+03
7.166278509491707155e+03
8.097994256892587146e+03
6.096638721090837862e+03
7.916862827591545283e+03
8.271215415187376493e+03
7.922467457562849631e+03
7.271553627942997991e+03
8.546111044798868534e+03
6.530743691431409388e+03
7.139405233062061598e+03
5.957437613482417873e+03
5.563804082493939859e+03
5.951038647609724649e+03
6.192172201960234815e+03
8.305531445687936866e+03
4.274118883478817224e+03
5.116117334190099427e+03
5.864348797269614806e+03
1.699945157049855197e+03
6.688926573646625911e+03
8.171405400406871195e+03
1.912330798359816981e+03
6.786190129537430039e+03
4.239916668122590636e+03
7.966373615103486372e+03
7.701543416872055786e+03
3.697185927139245905e+03
5.943235695487675912e+03
5.207975320622586878e+03
6.656071240714826672e+03
7.732841704831723291e+03
7.184191146833590210e+03
8.467750860819398440e+03
6.658018105307907717e+03
8.218354312738661974e+03
6.800724611243166692e+03
7.542871346260240898e+03
6.080124786044527355e+03
5.170557225448026657e+03
8.300721289632514527e+03
5.886559632711915583e+03
8.196714376996995270e+03
7.724504449725487575e+03
6.832785934443187216e+03
4.593333080585294738e+03
7.833829069052296290e+03
6.020599654041196118e+03
4.309478599219007265e+03
7.194305256239200389e+03
6.991319363050399261e+03
7.839210182943719701e+03
7.275297618681515814e+03
8.473220393796123972e+03
7.548399173711728508e+03
5.282527693687857209e+03
8.441831675642908522e+03
7.709093448312704822e+03
4.157577586649436853e+03
5.936561962017502992e+03
8.372301536448210754e+03
6.980424944520564168e+03
8.426317312778244741e+03
7.505010311746567822e+03
2.503716803405934115e+03
8.113806720609140029e+03
6.536870858118934848e+03
7.446592699704528059e+03
6.400538483769713821e+03
8.251788560891072848e+03
7.291227185385346274e+03
7.567518990689011844e+03
5.173598609158742875e+03
7.161686230624288328e+03
8.185532725035775002e+03
8.484953476607701305e+03
7.347526341638525082e+03
7.922643215876883005e+03
7.539716019977047836e+03
7.565836667924138055e+03
7.961429743926790252e+03
8.103043675917921973e+03
7.622514376743532011e+03
8.067425359288338768e+03
7.945477404110939460e+03
7.484981263983829194e+03
8.437484615861940256e+03
8.103043675917921973e+03
5.561976448277100644e+03
5.756693782265287155e+03
7.288002671697957339e+03
8.077577980300447962e+03
5.539101962936555537e+03
4.508266620210802103e+03
7.808732303456059526e+03
8.507731900049077012e+03
7.232017427602692806e+03
7.309003452722329712e+03
6.682961620348902215e+03
8.115854654696695434e+03
7.283119457710540701e+03
6.016600118057524014e+03
8.419517222485897946e+03
7.839986057506527686e+03
5.194148372999316052e+03
8.344284824839596695e+03
7.227161447987717111e+03
5.199132750043301712e+03
6.775007865828228205e+03
7.717408383997437340e+03
7.423878754638778446e+03
6.133321804893674198e+03
6.930889829905267106e+03
7.355692998560792148e+03
3.941065609902029792e+03
7.364050180394773633e+03
6.870590074146582083e+03
6.726096121332218900e+03
5.514653251896786969e+03
6.295206517900132894e+03
6.238371565429593829e+03
8.166074366255373207e+03
8.272830561415121338e+03
7.807395722119454149e+03
7.480587278030146081e+03
8.405642063849161786e+03
3.390440216045181387e+03
8.135801140488911187e+03
6.748473988547689260e+03
8.532968736791655829e+03
6.423688937976756279e+03
6.554476847229893792e+03
7.257610164941992480e+03
5.993927828350259006e+03
3.685785123496037158e+03
6.100976993962956840e+03
7.240538486699942951e+03
5.786918411142112745e+03
7.078067759282964289e+03
7.546550613606576917e+03
6.224644871013722877e+03
2.117654149008954391e+03
7.211445796065100694e+03
7.773603567100902183e+03
8.067425359288338768e+03
7.309003452722329712e+03
6.277033351822475197e+03
6.349657052000390649e+03
5.569680326895254439e+03
6.519237645248339504e+03
7.313111422674011919e+03
7.303053601035608153e+03
7.386238481842619876e+03
7.786394897300158846e+03
6.358289395033344590e+03
6.104794714426120663e+03
8.117824477120409938e+03
7.891537505450421122e+03
5.632141185412681807e+03
7.146449689801482236e+03
8.532968736791655829e+03
5.991423009223579356e+03
1.427692132851492715e+03
5.653698577915598435e+03
6.505108896477913731e+03
8.197345143990767610e+03
5.629681346375749854e+03
7.746381662692981990e+03
7.595399521833629478e+03
7.088249810276135577e+03
7.571662663422802325e+03
3.952255691563653272e+03
8.055719265097397511e+03
7.096233997721918058e+03
7.273465843305903036e+03
6.038873128474106124e+03
8.056728595407468674e+03
5.952220323181329150e+03
8.218013708055364987e+03
7.071369417875039289e+03
6.535128211450028175e+03
7.861666266369634286e+03
7.346503399416003049e+03
5.503285034463181546e+03
7.034100808258749566e+03
7.613988136131167266e+03
6.243927551741875504e+03
7.297564258505072758e+03
7.599139185562814419e+03
8.067605787051666994e+03
7.333481092265710686e+03
7.160378334047952194e+03
8.390453971225266287e+03
7.203268713422923611e+03
8.381163270598648523e+03
6.972025239798776056e+03
7.810749793496745042e+03
4.169452930935631230e+03
6.065339956217705549e+03
7.624127812027839354e+03
8.362641597589676167e+03
8.268395163123686871e+03
8.389535717891327295e+03
7.920124973491942910e+03
8.271215415187376493e+03
7.570200837762318770e+03
7.858063465842649748e+03
6.380358555534023253e+03
5.965670047601541228e+03
8.093248171344934235e+03
7.951533786670859627e+03
7.245373796421330553e+03
6.905143577700016067e+03
4.473238430874399455e+03
7.292058325642708041e+03
7.232017427602692806e+03
7.367357011724673612e+03
8.177164719128765682e+03
6.372215319509661640e+03
7.609806707753868068e+03
7.281078225484616269e+03
6.429831524275784432e+03
6.331817950906712213e+03
7.165798798681192238e+03
7.335077919658728206e+03
8.100844809261916453e+03
6.676636084248839325e+03
4.492270310572340350e+03
5.664619857522514394e+03
7.116737005748690535e+03
7.292781475178680921e+03
5.590758020410922654e+03
7.853142822197070927e+03
7.353706411486847173e+03
4.917112184730722220e+03
6.004494423929163531e+03
6.390951076325658505e+03
7.790020835042102590e+03
7.494903607245270905e+03
6.511541417915350394e+03
7.896234435976318309e+03
8.145176914551197115e+03
6.245766535523498533e+03
6.218950784684449900e+03
6.107776428008039147e+03
7.484394117722608826e+03
5.477213977879804588e+03
6.773670895077158093e+03
6.660385409050023554e+03
6.673152665358523336e+03
5.550135189991124207e+03
6.470670489351430660e+03
8.016672745633708473e+03
8.514194532184061245e+03
8.033182205552981031e+03
6.611192086263743477e+03
8.025787733763534561e+03
5.846713210841026921e+03
8.446220225696042689e+03
8.242501985534021514e+03
7.061508096573050352e+03
6.944951347299049303e+03
7.347043685371718311e+03
