7.115411394003776308e-04
2.973647950656958371e-04
4.387269324098739230e-03
9.140505205397901102e-04
7.757357550416318090e-04
5.803557920451258385e-04
1.006051759224973899e-03
1.760333256467401563e-03
7.394960822236121105e-04
1.349064111965153374e-03
1.004149806102601957e-03
1.074393283141203284e-03
6.221666467358651174e-04
1.555810830704461734e-03
1.157072300423207670e-03
2.155319826601338751e-03
4.304927229968653771e-04
2.284905947519348408e-03
4.498144366590131442e-03
9.508309373905552081e-04
6.707681471728319444e-04
3.080127616985548801e-03
8.853063641397943646e-04
8.327152432544409353e-04
1.003239655365092096e-02
3.991241535507377130e-04
1.091035950420880633e-03
5.354124885419834275e-04
1.240159284591397766e-03
1.418467574911050919e-03
8.084781551457171896e-04
8.113341830999565643e-04
3.806989919168364349e-04
7.650472685783705172e-04
9.142329213119057378e-04
1.255152508663119485e-03
1.073373120668486350e-03
3.080595512566743272e-04
7.165193531879500118e-04
7.664418844329206476e-04
6.591078333190137587e-04
1.049059226148535851e-03
2.891339782892995156e-04
1.272166712690492828e-02
1.952659189469292721e-03
4.244661743992640983e-04
3.917371908232387956e-04
4.631229233874871887e-04
5.413675424831937378e-04
5.737893740707328792e-03
1.055041840817605046e-03
6.323210124144887411e-04
5.947443945135773204e-04
1.016056620294235888e-03
2.613606269853448053e-04
8.458598790181907218e-04
4.284207753696061887e-04
4.703501316844478186e-04
8.081760525751005564e-03
7.108710298241136287e-04
8.614787096037561202e-04
6.288004268161474179e-04
1.223509198799938979e-03
3.374475690212256425e-04
7.691627152357559220e-04
1.457470315448017306e-03
2.313797199719025530e-04
1.244345401029934087e-03
9.136093942829244660e-04
3.446812597148426246e-04
6.663221246048412101e-04
5.642590510649579325e-04
1.752279444448879317e-04
3.168108437783906991e-03
3.315909398335680001e-04
5.936517155069189573e-04
3.738999571465967007e-04
5.554370722289351690e-04
9.346056320230286671e-04
8.214140355799360443e-04
3.345810544631961877e-04
1.123714721149342548e-03
9.101715982547435796e-04
9.376832639459890080e-04
1.611335356193125106e-03
5.934280635836703495e-04
7.351708662100323553e-04
2.087088268191626857e-03
9.980183466769035859e-04
7.267061059157237058e-04
8.607313927896252572e-04
6.377461012203532956e-04
5.360595922036589123e-04
1.174965865064668807e-03
4.852047647855540439e-04
3.987530023251684413e-04
5.137740645610404779e-04
5.472260627888941419e-04
5.530452296878864962e-04
5.198092559436770423e-04
2.146510198368489081e-03
8.540790515881750223e-04
3.425920746124372840e-04
4.781289803262484830e-04
1.046368717361351522e-03
7.760550847279611879e-04
4.574545909078838097e-04
1.006144794077056979e-03
1.194907916834054467e-03
4.943821133981814511e-03
1.973977117172878628e-03
2.164733701379420536e-03
3.435883582112540390e-04
3.978816185068541258e-04
4.433133962072015170e-04
1.448780092775408005e-03
4.983288121020415691e-04
4.724634909039403339e-04
9.598273004454624651e-04
3.626262685851224660e-04
7.320896040353432315e-04
2.705315040654668671e-03
9.585219477915710769e-04
7.670174264684598764e-04
8.819328934888768373e-04
4.617477272621627570e-03
3.746916512200582062e-04
1.560701966334249223e-03
6.954466636230390714e-04
3.649892215345320635e-04
3.974337477468106923e-04
1.094816799601604305e-03
5.386963810221248421e-04
6.940976597447329850e-04
2.619219818770511781e-03
6.333997775117965754e-04
1.221877784501296943e-03
3.195483707082599984e-04
1.014665082438156009e-03
3.472554780519629598e-04
6.260362590329001178e-04
1.097865066015363917e-03
1.875139439769039603e-03
3.993334081339188933e-04
9.633877104770824503e-04
4.581487603871398822e-04
1.657953519036000798e-03
1.185381983030796629e-03
9.897690440849450481e-04
3.591935761545147240e-04
9.408012672704455827e-04
4.036962726229832623e-04
4.449178889605541172e-04
9.466002188658752085e-04
1.469119101553130339e-03
1.217753493995502078e-03
1.013565064524687585e-03
9.619208088560725128e-04
1.010699136088842121e-03
5.649255452717041751e-04
4.634353760464126476e-04
1.218793298100034157e-03
3.377968424720266625e-03
8.683623582984870137e-03
1.230304980567211836e-03
1.813087330228756785e-03
8.131882736721047882e-04
4.662352739650376787e-04
8.371140852256052410e-04
3.074759524732983995e-04
6.361853096489746961e-04
3.284760282529441099e-04
6.877826135476114346e-04
1.469500025673047125e-03
1.052217252117708043e-03
3.309673411558850540e-04
4.388680576603866379e-04
1.075778335805404641e-03
5.871816712260241860e-04
6.269862001525608160e-04
2.021204745559106175e-03
3.846180307287652722e-04
7.689051397456714808e-04
1.251437430215283312e-03
1.757505683864059916e-03
1.335722166860388261e-03
1.843820177042285917e-03
2.724136583232031946e-03
1.523060356839420768e-03
1.650949292909529176e-03
3.496140933880943942e-04
6.794726294224723425e-04
2.906866730509138994e-03
2.338241992545640746e-03
6.723203479433600104e-04
5.354039748692695621e-04
1.043417834329290160e-03
2.047399622291190026e-03
3.704257633278527136e-04
5.598115750230772333e-04
9.762140404332510278e-04
9.782274135567326119e-04
1.403532189077328751e-03
1.079345242734151573e-03
4.789750274007150256e-04
7.344472989771051686e-04
1.017959345426258481e-03
9.431040223226403200e-04
1.015944722939392773e-03
1.470604523577038851e-03
1.092582289234395911e-03
1.079003568784406113e-03
3.748371644897308531e-04
6.254316787019746898e-04
3.148012143810035874e-03
5.379109633210817087e-04
1.407540379693387718e-03
4.095210940535758929e-04
1.704400543757908070e-03
5.354039748692695621e-04
4.504153598875789018e-04
3.784582596306849261e-04
1.293669971561846278e-03
9.145514899301207708e-04
3.039765754065575976e-04
1.368334224680693885e-03
6.119899484555483236e-04
6.219766526480784803e-04
9.767676165241627982e-04
5.031543840582528796e-04
1.214223643970075350e-03
1.154604913478198078e-03
1.730613326713801399e-03
1.149652659665876967e-03
6.867847571479951960e-04
1.566810832176246827e-03
3.311061014427731379e-04
4.195446954040227706e-04
1.305912392324263789e-03
6.163182364044974626e-04
6.386594932270337312e-04
5.936359453967144902e-04
9.783385799034367229e-04
6.420107242005453855e-04
6.424317484550906045e-04
5.184040754825124716e-04
4.911947133841625341e-04
3.953023758810342422e-04
4.717195835673342681e-04
3.600926946708624642e-03
4.773821289163581024e-04
5.528457975149235091e-04
5.072757802553344748e-04
4.240537427195120593e-04
2.051480984056825232e-03
4.243489253746912724e-04
1.752656910570279773e-03
3.079614793829186462e-03
7.286888247326693243e-04
7.414526952290712274e-04
5.770339280021582074e-04
3.080807400376309657e-04
8.753287846629745480e-04
5.192959468305379314e-04
4.285376013365902164e-04
7.340345197997012738e-04
5.376075477198742885e-04
4.685708577592783406e-04
6.962707672323345488e-04
2.849983944989719123e-04
1.525515377415480236e-03
6.260362590329001178e-04
4.257082197139500611e-04
2.899746005767480598e-03
5.371446013882645240e-04
8.211405848425968115e-04
9.237351859536004637e-04
1.604534135668309177e-03
3.899733208681996875e-04
1.073873743615932864e-03
7.355352709411948787e-04
5.021217065798880361e-04
1.421659803184594818e-03
1.692443342993412390e-03
2.495846652848526673e-04
2.066375649520103136e-03
2.055806383546560263e-03
1.639087585676029602e-03
4.795012747304399649e-04
3.158475776036837653e-03
5.420951937466512429e-04
8.554635448088459236e-04
9.425069497349914619e-04
5.007285901036014888e-04
9.103458925454910875e-04
7.773118968077020324e-04
7.220945304670569470e-04
2.848173268009214281e-04
9.188165269826377912e-04
8.314852454865549920e-04
5.742688613009041447e-04
1.021145381147680036e-03
7.256006883324061206e-03
8.729331164610338494e-04
1.151098982513653474e-03
7.598841153543738980e-04
3.222667573435067357e-04
7.280993196384960738e-04
2.159058008195581958e-03
1.039457009275747846e-03
1.008053000202304827e-03
1.088337552138193441e-03
5.786736225335874315e-04
1.080037601824361884e-03
1.699285640132131361e-03
9.505164648450203230e-04
1.105118720243025363e-03
5.769475313435918100e-04
3.317727329237719035e-03
5.124335381331760050e-04
7.269440373012385796e-04
7.394389684853270141e-04
1.396360710063709789e-03
7.344549906557274258e-04
4.090571432193642080e-04
7.877349360529251705e-04
1.763270019061098344e-03
1.295212262422331707e-03
3.947139524047084923e-03
1.533318345185119731e-03
6.535154428233857279e-04
2.509419781410063537e-03
1.039918726515049428e-03
2.891339782892995156e-04
8.013969357641671180e-04
6.422996949622157429e-04
5.948433184434801999e-04
5.561024521460001613e-04
8.846141599407953467e-04
1.074614596805430373e-03
6.109615432525401010e-04
1.684481619742927375e-03
4.109071182279565738e-04
8.356536953162588916e-04
6.467924107984290025e-04
6.354033398055194308e-04
8.375173936135957894e-04
5.939081733080828164e-04
5.499939579659112723e-04
8.483612282293143039e-04
8.344492342481935618e-04
4.999669116101359201e-04
6.993164158747967960e-04
2.568621097267259016e-03
2.000498857266652056e-03
5.245444984591156150e-04
9.466002188658752085e-04
3.820633005162010938e-04
1.013565064524687585e-03
6.754948884643545036e-04
3.633062772598389832e-04
9.946563165938763443e-04
4.697786381879779012e-04
4.654382965121068986e-04
7.960352352152351516e-04
4.369475809726331502e-04
4.622066201126176130e-04
1.004434341522959014e-03
6.214645509861526024e-04
5.700898238343684232e-04
1.440111071347251236e-03
9.602673310616866367e-04
4.969881087008227224e-04
2.064387780994862524e-03
8.068304102261423605e-04
8.330628745434407855e-04
8.649015445548319508e-04
8.853276725221637068e-04
6.634873311405473139e-04
6.391765781637291123e-04
5.163448584791799573e-04
1.042007148820666687e-03
2.843212977249138726e-04
6.465116224138263206e-04
4.873772764831028979e-04
2.435257546053435133e-04
6.599830703408423628e-04
7.465533230885170466e-04
1.746597854485318780e-03
7.281457269134625036e-04
6.067113229562371779e-04
4.193223743657200318e-03
6.367700873681957302e-04
5.144291299562094803e-04
1.973977117172878628e-03
2.590911405263072228e-03
1.133656082396708627e-03
5.154587190166752975e-04
6.131286476440986170e-04
1.096126711391104229e-03
5.837439383443576843e-04
1.106791070155940067e-03
4.496086704142048321e-04
3.621189825908307266e-04
8.510417567143597649e-04
1.025412046743772549e-03
9.782237437675515238e-04
2.120771990868022209e-03
4.737074115515410794e-04
3.513588727413319464e-03
9.408012672704455827e-04
7.174954724383224725e-04
7.569059157809673258e-04
6.549210119082215197e-04
3.404355989253197014e-04
6.245795807304126493e-04
5.715263527298992605e-04
2.151070563172286735e-03
8.876328938580073206e-04
6.826800723257040902e-04
2.862652349956292495e-04
9.509863775540905494e-04
3.830591708160363843e-04
9.704273487016479034e-04
8.025896456904818045e-04
3.890593385097545456e-04
1.153101590553534152e-03
1.189385373010911056e-03
1.124309384169735939e-03
2.028773748571857053e-03
7.461375097023675677e-04
4.431849062020962226e-04
5.067463052183076352e-04
1.045475680027876594e-03
5.401243178119390998e-04
8.523510880394908435e-04
3.721864678078054718e-03
9.570385705179708727e-04
9.377575805589019511e-04
1.061939365411002697e-03
4.566408059313794318e-04
6.002674170955239492e-04
3.412104497587599601e-04
8.587328260687598002e-04
1.283893611442897976e-03
1.920230164901015786e-03
7.296906739695565572e-04
1.199541047396905126e-03
4.545581388222301672e-04
7.895806360116525363e-04
6.050318039727338882e-04
6.547835290038138802e-04
7.020295280444301860e-04
1.072171748844093740e-03
1.639160745092723163e-03
5.800912055312383228e-04
5.360595922036589123e-04
3.400356969886456516e-04
1.288301298356140734e-03
1.427729362807160377e-03
1.367912689779345829e-03
1.127840282067941883e-03
6.550380279346546290e-04
5.196967090048028315e-04
5.374222028733706934e-03
1.603905490865282753e-03
4.565933245521619846e-04
9.237260439400740578e-04
5.505570053946447131e-04
1.391788064432013033e-03
1.055041840817605046e-03
5.898810785597614513e-04
1.251507791005982946e-03
5.160945171161133126e-04
9.247882776639489719e-04
1.456339539679667779e-03
6.628130358532193173e-04
5.353312044262844953e-04
2.500667409506911708e-04
5.922454606405889652e-04
5.765170846373275518e-04
4.829398724003695475e-04
1.384832301230022600e-03
5.719281056852133782e-04
7.529520368660031805e-04
3.654057241938990378e-04
9.451302665316332159e-04
5.422883192383787156e-04
2.242241154965321243e-03
8.974131231454680066e-04
2.799180357828711611e-03
3.390199940274935377e-04
1.214223643970075350e-03
3.339943942553650637e-04
6.491654935455302327e-04
2.569162729541995659e-03
1.235758155981500281e-03
8.452694116136851401e-04
4.922604942148751939e-04
1.047196986496175784e-03
5.451730796708385363e-04
6.180724470021956756e-04
1.479029629832883524e-03
5.841888915344490467e-04
6.381199996684296669e-04
8.575092803650095344e-04
2.084214639490667483e-03
5.469740231880711309e-04
1.562535385591113605e-03
4.388405802061497466e-04
7.022234767126332104e-04
4.697786381879779012e-04
7.020853044164950202e-04
3.446812597148426246e-04
6.459627966810514580e-04
4.572856926439847398e-04
6.542239020141917471e-04
2.080866413003542616e-03
4.554670589903902990e-04
9.551891336971281895e-04
6.986434543842026668e-04
9.567276454521550380e-04
9.335332524383245381e-04
2.123860385801529162e-03
6.760722972957894416e-04
8.159975294597169009e-04
1.015559277886762292e-03
9.515722821641519908e-04
4.852242311917190636e-04
1.052327776290439953e-03
4.693481747753610331e-04
5.487058890266876881e-04
6.784439732730100734e-04
6.342827342093738637e-04
2.613920738964238370e-03
2.972478474085843794e-04
1.638857889257026162e-03
3.643624942561235155e-04
4.486660771638816382e-04
1.135531414869900323e-03
7.344472989771051686e-04
5.335910303827072357e-04
7.939852134893556242e-04
9.073268628220820852e-04
1.573966573912702945e-03
1.471027969943068323e-03
1.141549248304123305e-03
6.442479935743957451e-04
5.614502202267310704e-04
5.709732055285911181e-04
1.525515377415480236e-03
4.526580009106415592e-04
4.812891046018654730e-03
1.337351634204491302e-03
4.533267156340769436e-04
1.487030547983872767e-03
1.783652215984135678e-03
6.970130577769846018e-04
1.014756703206046032e-03
4.072564413333923492e-04
5.462323571775650963e-04
1.475701444554846980e-03
4.659380529742617469e-04
3.673526174957497258e-04
1.026966302761498631e-03
4.420751165072640669e-04
1.624569385099404592e-03
4.063060792040349280e-04
4.957962902801674784e-04
9.082906525569893127e-04
3.824940861200048863e-04
1.077338145465588743e-03
4.539594695493746781e-04
6.960390820701914307e-04
6.896152145411580357e-04
2.460976751881693760e-03
5.781577209790041876e-04
4.363076501241981101e-04
1.037027359878954806e-03
8.607261862998864593e-04
7.072740803080114665e-04
5.658707254606949906e-04
1.240013958011621517e-03
6.690122808376536669e-04
9.440647213045473335e-04
5.675670692228287992e-04
6.599830703408423628e-04
1.112168384329971678e-03
1.943798585226365902e-03
9.016205805264134029e-04
3.835810747203962918e-04
6.464147874531201744e-04
4.811099217890165217e-03
1.828745628508988020e-03
5.698496586079394377e-04
5.315241466382509281e-04
6.643765016753962627e-04
1.624377133924873777e-03
6.058469728561974559e-04
5.613619981515062399e-04
3.089325581390496697e-04
9.456712240418001193e-04
3.720974161157681974e-04
3.126091144004822394e-04
7.958670429051446218e-04
4.385725121235117580e-04
9.130697928279522379e-04
5.695183677948047890e-04
8.834728186905544236e-04
2.882811766011568618e-04
5.010328664003554271e-04
1.563864013490350209e-03
4.272434092227749718e-04
4.110646531431532704e-04
1.008067913213716530e-03
7.506827317398865858e-04
7.981960501577085388e-04
5.981762543703672856e-04
7.364260326201210001e-04
3.436520347962977425e-04
8.036618317396431984e-04
4.933282237734835929e-04
4.869079466920665008e-04
4.391649183019078482e-04
5.222999902311250111e-04
3.347193009270199343e-04
1.840478765930927399e-03
7.562424652089723247e-04
6.999474383880127659e-04
1.495443847268133853e-03
4.495301532231080980e-04
1.972676004843628567e-03
6.948437237254278956e-04
6.286036410992787383e-04
9.847432420820470631e-04
1.124021352696178040e-03
1.070226085256479687e-03
6.382460780806043475e-04
6.552314924968565988e-04
1.013086710144278950e-03
6.916932902026316256e-04
7.222476755915354860e-04
6.921343703818163195e-04
4.844218505659499911e-04
2.743463529190291435e-04
6.202596263267643904e-04
6.133422845936891202e-04
1.047492840913476350e-03
4.554670589903902990e-04
5.284167638383183109e-04
1.496101246873644906e-03
4.868218893594039587e-04
3.979494366051768519e-04
3.044219319941494223e-04
1.148560590252001648e-03
1.444199371658810675e-03
8.128824990235732377e-04
4.296017481105956571e-04
3.459519317334312891e-04
8.790555456270121104e-04
8.619026996124693049e-04
6.288004268161474179e-04
8.254711433737681918e-04
9.437784338706693612e-04
6.654539162451024534e-04
1.163314329393499600e-03
3.548511783865028295e-04
7.462022262879695455e-04
5.927714255168718130e-04
1.447323865406834227e-03
8.574986381321503606e-04
5.517690679664405493e-04
1.196165563943062506e-03
5.701766123119543245e-04
7.440054352653681846e-04
5.257795661415109317e-04
4.072564413333923492e-04
8.388469817180511153e-04
5.009257218670847087e-04
9.713346373111966759e-04
3.482383653408253638e-04
6.727480024670635852e-04
6.983895089760636587e-04
3.841703542737463827e-04
3.118385892575734454e-04
1.503024887308954116e-03
5.260481286721322911e-04
7.617366874173088932e-04
7.359931988701045192e-04
1.121540914251640837e-03
1.124945053691554699e-03
2.467310244627928819e-04
7.620078578029327275e-04
3.484090957965570385e-04
1.336277285886780476e-03
6.219696382129024422e-04
1.024681711780978935e-03
1.014628253773081166e-03
4.962079819891629731e-04
1.356006749224345637e-03
3.784582596306849261e-04
7.577384451717960072e-04
6.176595020109045290e-04
3.551125825411766742e-03
9.431040223226403200e-04
2.021857516863655342e-03
5.927714255168718130e-04
1.085118942255138431e-03
1.772909063886021720e-03
5.982292348202860807e-04
4.062112091469392600e-04
5.846773640178812943e-04
6.011613967786656005e-04
4.235264720287284655e-04
1.085429982188779695e-03
2.294703400491423378e-03
6.340125701877086673e-04
5.095733070262732558e-04
8.686985342563438052e-04
4.816166507214874682e-04
2.804875074073595099e-04
7.198294343137345624e-04
7.442497789396381553e-04
1.543226962479785514e-03
6.666651603292935574e-04
1.936821457933871190e-03
1.176074248242384591e-03
5.969304470663233794e-04
1.135127254826416359e-03
1.451570958949939972e-03
6.091774266379806121e-04
5.933326081563513590e-04
5.032180306204760362e-04
8.884036008494275698e-04
1.085429982188779695e-03
6.461053925159896631e-04
6.103630688061047454e-04
4.494788996360369530e-04
1.056529556934836418e-03
5.975437751614222142e-04
1.042839881970987394e-03
1.091255609071669144e-03
3.192655305275493550e-04
7.122423432696512857e-04
1.054837078431489694e-03
6.978672493356766898e-04
5.925654209968286281e-04
4.582462664386427855e-04
6.036917887692870317e-04
8.033808378425723621e-04
1.744217097051696270e-03
4.909107491085503653e-04
1.074562962539735243e-03
1.175788864350236877e-03
3.254123497368013895e-04
1.039457009275747846e-03
3.152995037883609027e-03
3.697067888331868955e-04
1.561172711119175041e-03
1.005736328734465994e-03
7.349851192315998106e-04
1.758194268851310605e-03
4.740147791680929257e-04
5.146117960408016319e-04
7.958299641777227557e-04
6.580236687427973427e-04
6.245874273218109812e-04
6.131286476440986170e-04
3.446812597148426246e-04
1.081767224585641505e-03
4.218691513485369566e-04
5.433547960281671181e-04
9.653838965564733726e-04
4.095943073276968154e-04
1.374385765521821167e-03
5.692243374945324397e-04
5.900333976479164681e-03
1.838041287894385091e-03
8.916801621291733145e-04
1.214205083864801056e-03
1.439124459394937848e-03
5.971590036352930142e-04
1.496101246873644906e-03
3.670815186936080346e-04
7.656578554208211913e-04
8.561342552134814645e-04
8.097241333996790542e-04
4.638500408391079462e-04
4.872246130601672704e-04
9.130856564711364604e-04
7.670798870222237309e-04
3.489987260984512706e-04
1.650555074082003066e-03
1.385976880712054852e-03
4.792840458861884721e-04
2.296646605417152452e-03
3.894413350610451260e-04
8.977480727639181252e-04
3.868829059681830936e-03
3.949629884765898098e-04
1.061138882990119922e-03
1.245827055533316576e-03
1.191717334464292540e-03
3.566950700999065916e-04
5.305413220950828523e-04
4.848430830979832398e-04
1.332561554513686823e-03
8.096847300471842401e-04
2.187926189216506372e-03
5.120576152712930139e-04
9.292451662821400596e-04
1.223496988704368509e-03
1.457255276588430076e-03
6.714099240605623164e-04
5.682375340068647430e-04
5.836564856664722047e-04
8.422444170730705466e-04
7.630869286797065457e-04
4.427108663171533984e-04
8.165031246479024585e-04
2.067668887244078057e-03
8.226736298471678047e-04
6.474877635416493703e-04
5.458883099608466101e-04
5.345565153073002446e-04
3.977304644375939625e-04
3.862464970522922034e-04
9.892189091092176353e-04
6.297358995296119038e-04
5.529219616134324914e-04
8.822895967007390264e-04
6.128183017493148794e-04
3.129024275310667491e-04
6.443366415022805686e-04
1.104424516790080248e-03
8.875847169211020923e-04
2.834845774532837939e-03
7.146905065869001714e-04
9.324567055716610113e-04
8.731414227502688405e-04
6.050318039727338882e-04
1.253992160813711954e-03
7.359462806337900955e-04
1.657953519036000798e-03
1.058636423223143549e-03
4.510098777451458717e-04
9.287565735268144560e-04
3.528160809588656334e-04
4.098139571347963615e-04
6.789371454297444273e-04
1.001593291324880727e-03
4.764042573382731827e-04
7.057117647730321540e-04
4.080593104355567137e-03
1.710121417840842432e-03
5.697420258588590343e-04
4.962512448778358528e-04
4.085033526683552957e-04
1.120573829842420399e-03
7.418961658012833199e-04
8.989058639111838830e-04
9.946563165938763443e-04
7.699009831309954616e-04
6.717283715499811200e-04
9.730108016548816470e-04
6.468989955771550305e-04
8.539504545673852736e-04
4.757056847862059165e-04
9.130697928279522379e-04
5.347872649178300785e-04
4.740114038261860827e-03
2.733958686548976940e-04
1.036748078948679071e-03
1.195151062224493119e-03
4.192918835115944727e-04
3.297207743118308340e-04
3.820633005162010938e-04
2.843212977249138726e-04
3.873649781873138775e-04
1.574209703264408105e-03
4.834479664885896481e-04
5.605735744844656150e-04
7.107105559148126951e-04
6.350890089687423381e-04
1.099230781455964043e-03
5.670700925553925258e-04
7.500627375031194630e-04
1.334735589687768755e-03
1.854132062837503519e-03
2.459825788045994139e-04
9.152372700892454083e-04
2.481800243414652302e-03
2.145887358960904968e-04
1.628708035703223559e-03
3.363908134389489535e-04
1.534587963204539149e-03
7.220342766910063485e-04
5.387357252299556634e-04
1.840149595597417864e-03
1.190284790145345424e-03
1.397187079602995241e-03
3.347752859889965285e-04
4.744512897394923554e-04
3.954143027427144889e-04
5.602547404455952926e-04
5.682811514432218030e-04
9.319856517159126564e-04
5.776027229118849528e-04
1.434207051620127937e-03
9.742848616356452772e-04
4.658011195571334613e-04
3.841561912752335366e-03
1.016192272951419243e-03
2.458281291509921331e-03
5.744266452230448660e-04
2.224234954146475597e-04
4.647663552061894691e-04
4.037876771531582142e-04
1.318673101741614289e-03
5.655852778550542453e-04
6.763143025479725857e-04
1.182606130115619559e-03
2.571996850364770900e-04
4.697786381879779012e-04
9.515624275816769685e-04
7.296906739695565572e-04
6.623473957968888408e-04
4.952341161258993650e-04
9.405800491428463646e-04
5.020394362418137456e-04
7.994136651325381426e-04
3.313432696272248460e-04
3.743941073366261938e-04
4.333023352884114482e-04
6.927652775242258481e-04
1.629142877673026577e-03
1.228201695509991559e-03
2.907979248468096781e-04
3.699703734859054074e-04
9.482120111399346043e-04
1.886652115043775885e-03
3.139039325850210681e-04
8.863808373996597944e-04
4.356447875473279212e-04
3.778618100886719849e-04
1.335989890143927418e-03
2.845786942093913186e-04
1.451762750900484475e-03
6.648134484779875952e-04
3.320770504010370347e-04
3.521107191470691398e-04
7.844855039386175281e-04
4.159614090002202585e-04
9.983245492794735540e-04
9.344793037169491553e-04
3.638637928874451002e-03
1.075722636876801823e-03
6.646274936086509063e-04
1.809024629176239326e-03
1.332561554513686823e-03
2.890376280595279598e-04
4.990357579877885245e-04
3.411295640906781049e-04
5.503212484573872512e-04
1.101449199980858050e-03
3.514395684583161011e-03
1.365002214545893563e-03
2.094988334071048054e-03
8.221460372172597090e-04
1.042530251997173191e-03
7.650730312100801050e-04
5.642678390509833384e-04
9.842723099005483769e-04
9.027920316866019359e-04
1.184730462427589434e-03
6.755213955494022591e-04
1.002252857719117219e-03
4.642832338364407839e-04
4.761477714667705727e-04
3.871194136312373934e-04
5.814717789522871839e-04
5.400783636753771818e-04
2.505460008240838394e-04
1.088831926561409803e-03
6.324584087433802017e-04
1.123714721149342548e-03
3.020299518306995357e-04
1.103420956490529931e-03
1.516433299836858007e-03
9.697304049278597168e-04
4.918599642847882843e-04
6.211949201417196970e-04
5.178718930366467367e-04
7.090679472451976752e-03
1.194907916834054467e-03
8.824267266710343919e-04
4.185311006243468894e-04
3.951808075040041143e-04
3.407280631340300079e-04
1.163815675627854129e-03
