2.128607938268595535e+04
6.264736695776792476e+04
3.727075125953282986e+04
6.435922201561446127e+04
3.416475399677360838e+04
3.330707628144214686e+04
3.637784442693572055e+04
5.104088796351944620e+04
2.346753887493328511e+04
4.099772984172167344e+04
3.532940451739709533e+04
4.346322661586345930e+04
3.468165969008101820e+04
2.936698968954499287e+04
3.524899993471085327e+04
6.293657735445428989e+04
5.678534595739479846e+04
2.973811318808124997e+04
2.397206659215272521e+04
2.808845159120667086e+04
4.014490568169485778e+04
6.250385017666315980e+04
3.902810577636145899e+04
5.494650910039519658e+04
2.772768529098480212e+04
5.939868565353500162e+04
3.777236758036485116e+04
1.905897044324379021e+04
3.372698838215031719e+04
5.277063634165236726e+04
4.817395984720754495e+04
4.193086540066861198e+04
2.467529471335267590e+04
2.949195676812966485e+04
3.288696505011769477e+04
5.510375963590747415e+04
3.382342472674934834e+04
3.565328717715266976e+04
4.632497257253051794e+04
5.415167872440705833e+04
5.941074558864613937e+04
6.090368169140654209e+04
4.404719975622127822e+04
3.287905105083276430e+04
2.007286353630178928e+04
4.024310785744218447e+04
2.224177200307211388e+04
5.256401855840423377e+04
2.606023436426668195e+04
4.451799918246657035e+04
5.721149278408646933e+04
4.882336300017704343e+04
3.779913570672955393e+04
6.371636314621834754e+04
4.819247673334572755e+04
2.757956107140817767e+04
5.682163958739289228e+04
3.798758490861711471e+04
4.289781170196032326e+04
1.605220301805599956e+04
3.251783116076063743e+04
2.936815463689787430e+04
4.990641566017176956e+04
4.034173097771489120e+04
4.379640389347040036e+04
2.093208264333874467e+04
3.301980751569000131e+04
6.247558995830727508e+04
5.365984144598725834e+04
3.296825571325522469e+04
3.578336461021855939e+04
4.647202319659112982e+04
5.777300850565756991e+04
6.270497398979446734e+04
2.553274999584366378e+04
5.134994003518285172e+04
3.946522084594445187e+04
4.751168830817675916e+04
4.758200849448166264e+04
3.139943471064791083e+04
4.727307549491405371e+04
3.303046615860593738e+04
5.771445040492394037e+04
4.245044582057141815e+04
4.292970968513314438e+04
3.188954729866943308e+04
4.030892413190178922e+04
4.949448616411767580e+04
1.870572913376471843e+04
3.979652018744515226e+04
5.530687834784305596e+04
2.248507632148488483e+04
3.659539140967134153e+04
3.798613669868723082e+04
2.106095914450727287e+04
4.740511209544058511e+04
3.352950913284561102e+04
3.158391805721577839e+04
5.861595250881835091e+04
3.956777887098184146e+04
6.309078993514772446e+04
3.238606232871914835e+04
5.028094507918578893e+04
4.046148658924514893e+04
4.131901089171545027e+04
1.812433045888632842e+04
4.368886623970254732e+04
2.098642287305194259e+04
3.582297125166744809e+04
3.868680489086529269e+04
5.905677602447135723e+04
4.194755701780495292e+04
2.864991198644218821e+04
5.110050974808911269e+04
3.866719493329880061e+04
4.433046146057016449e+04
5.879095273480119067e+04
4.132186596093644766e+04
3.181884677573254885e+04
3.292542000354828633e+04
4.284551143453559052e+04
5.821528189548573573e+04
5.547068881007781602e+04
2.527037795792616816e+04
4.157525898144663370e+04
4.055990832388539275e+04
4.697882887516869960e+04
4.327040078523986449e+04
2.526950420167707125e+04
5.785440101593467989e+04
4.746923122057623550e+04
4.018015042538449052e+04
2.004066630026921121e+04
4.865552914717511158e+04
4.515225671382542350e+04
5.480018174172625004e+04
3.698598313639125990e+04
2.760819082716999401e+04
4.257408791851745627e+04
2.857930505760111555e+04
3.933596556610124389e+04
2.633143863310952293e+04
2.765836831566588080e+04
3.816860196408681804e+04
2.292080288326719892e+04
5.351354940191199421e+04
4.439461897464704089e+04
3.392532242947698978e+04
3.597439107773678552e+04
3.849189142188057303e+04
3.712642878565564752e+04
2.675612082648993965e+04
3.993709005223596614e+04
4.921127318398315401e+04
3.086446294432372815e+04
4.649153047720252653e+04
3.243705418593839931e+04
3.329570500438481395e+04
5.927132470536348410e+04
1.956617698834535258e+04
2.853971998678918681e+04
3.946620697993304930e+04
2.708704740021781618e+04
3.167101370634225532e+04
3.193597541991210164e+04
5.830660051439572999e+04
5.226536368829385901e+04
4.188154252478064882e+04
4.723548336866201134e+04
4.901681495951927354e+04
4.495043602636065043e+04
2.591747815900846763e+04
1.972694953610104494e+04
3.247610071778312340e+04
3.699975705679841485e+04
4.181834780461680202e+04
4.205253882909085223e+04
2.872268865834958706e+04
3.244279627534713654e+04
2.970403637982911823e+04
4.117702311517216731e+04
2.333453953446553351e+04
4.167493948432483012e+04
4.560157280836723658e+04
4.587098982552400412e+04
2.683313541273331793e+04
2.231094142622749860e+04
5.040261858851177385e+04
2.048259936991725408e+04
3.663982803836809035e+04
2.856411617553775432e+04
3.141656806334049907e+04
3.678220741671615542e+04
3.263675626920159630e+04
5.179044398957765952e+04
2.543832595188936102e+04
5.372981273958168458e+04
6.503859747301171592e+04
3.746104178540947032e+04
3.738926966584200272e+04
3.346713650343120389e+04
3.401869160604442004e+04
3.351635141009275685e+04
2.902318083310038492e+04
3.983839829393594118e+04
3.857263876747248287e+04
5.551108892789991660e+04
4.350201433185984934e+04
2.857019099760870449e+04
5.857382521507445199e+04
3.479405232565104961e+04
5.441663959216557851e+04
4.412388882180336805e+04
6.374315443611655792e+04
2.523809611810106435e+04
4.371975409652530652e+04
2.065582180139626507e+04
2.019425422514729144e+04
2.335332145584649697e+04
4.201574433932556713e+04
2.222199893347261968e+04
3.654865596883945545e+04
3.791632533776629134e+04
4.461720161287122755e+04
3.410037851017491630e+04
3.386253156464998028e+04
3.466732820500894741e+04
1.893615285860303266e+04
2.675288013413871522e+04
3.318553955321077228e+04
2.111416974076624319e+04
2.258244379125517662e+04
4.870851547846489120e+04
5.095690044577134540e+04
4.636538878873901558e+04
5.884824128200404812e+04
3.769167837724195851e+04
4.349309310160792666e+04
3.501054160813940689e+04
4.083511102410467720e+04
2.199827691204856092e+04
3.347771024579770165e+04
4.152211161523447663e+04
2.646699393394424624e+04
4.291456343776769063e+04
3.548192913538862194e+04
3.734129778000102669e+04
4.250424727930917288e+04
3.571627379862889211e+04
4.107913205501138873e+04
2.961302610588896641e+04
4.716472617896053998e+04
6.371305399412308179e+04
4.213103628973670857e+04
3.746788094905261823e+04
3.931925151094516332e+04
6.007226614599488676e+04
3.558917560367795522e+04
6.448812899950821884e+04
2.010321568105783081e+04
3.601800794902863709e+04
4.397303662630735198e+04
3.801194765364115301e+04
4.034947123052205279e+04
5.375937644874978287e+04
4.142499423011962790e+04
3.886094566994821071e+04
4.683110152974693483e+04
3.856010192683876085e+04
3.061265393161472457e+04
2.868980102400614123e+04
3.756517052550303924e+04
2.292431897135389227e+04
4.582957116776412295e+04
4.822351664433337282e+04
3.012688137873426604e+04
5.054236015018549369e+04
2.682035577443881630e+04
2.303865100821655506e+04
2.381875474343260430e+04
4.390895092286136060e+04
3.833346656364802038e+04
3.024233936055405866e+04
4.388817738472898054e+04
2.356485045593295217e+04
5.555467366856060107e+04
5.407263596595287527e+04
2.744597524951767264e+04
2.977500272066542675e+04
5.219913620743635693e+04
4.906236891953314625e+04
5.522210469998974440e+04
3.400701796220836695e+04
4.059954828092092794e+04
4.007150674336199154e+04
3.316313878052534710e+04
4.245656960507474287e+04
3.529691271012501966e+04
4.389551305439870339e+04
4.194151394629590504e+04
4.076976054077165463e+04
3.654865596883945545e+04
4.082582560795293102e+04
4.505653432072703436e+04
5.212151388820460852e+04
5.338322092021836579e+04
6.144490441033097886e+04
4.902031290298522799e+04
3.136420075235758486e+04
6.110146733164040779e+04
3.629012460176425520e+04
2.340749082731781164e+04
2.897172716790021514e+04
3.179608048562531985e+04
2.905904867438632937e+04
6.309181490223991568e+04
3.720966900182137033e+04
5.254806869119254407e+04
6.321210260381305125e+04
3.378684109365761105e+04
4.910530254680084181e+04
4.241379523677460384e+04
2.257242171767714899e+04
3.939878080164678977e+04
5.814883149028343905e+04
5.357798398357494443e+04
3.732908291026801453e+04
5.380427423118839215e+04
3.985232383376931830e+04
3.597196332893242652e+04
2.970073279034278676e+04
4.546858979883124266e+04
4.311310633335233433e+04
4.108220533633464947e+04
4.088735848851604533e+04
3.428394223422040523e+04
5.281206004037924868e+04
4.584776811106842069e+04
2.019425422514729144e+04
4.111848621967683721e+04
4.299717443393725262e+04
5.796448031284271565e+04
3.502270569150472147e+04
2.545065942324879870e+04
4.070313058475501020e+04
6.327930433898311458e+04
5.668828381517980597e+04
4.930625373138517898e+04
3.981887068455053668e+04
3.469507401152759849e+04
2.671378727895920747e+04
4.664787213512354356e+04
4.605523533073996077e+04
4.207053498608528753e+04
2.505394605824033351e+04
5.456102718634916528e+04
2.780433266054028718e+04
3.625044663091198890e+04
3.485403478982932575e+04
4.039292055876001541e+04
2.936376051085524523e+04
5.073178148242924362e+04
3.676700125140078308e+04
3.286906449905160116e+04
5.039097156464323052e+04
5.657239564251092088e+04
5.104088796351944620e+04
3.524467462451227038e+04
5.879350158763932268e+04
5.265452520626629121e+04
5.965303725343913538e+04
5.087584574966440414e+04
3.071781652366132766e+04
2.574882111367949256e+04
4.439386670269268507e+04
4.837768542137512850e+04
5.279226459578873619e+04
3.706554532598494552e+04
4.734157588846546423e+04
3.937587690547804232e+04
3.324253079661064839e+04
4.221087852103777550e+04
4.675886392509297730e+04
3.093693873368063942e+04
3.587088858593633631e+04
3.353646749539400480e+04
3.857263876747248287e+04
4.578683371870962583e+04
4.053896353538595577e+04
5.280250651488571748e+04
2.929878640688700398e+04
5.871428873564933747e+04
2.115261416026891675e+04
5.703571618161476363e+04
2.301667802007220598e+04
1.908926214426366278e+04
5.189194419312748505e+04
2.640579335678015195e+04
2.967751203154159884e+04
2.788854689671515371e+04
1.709572293686302146e+04
6.338535172035089636e+04
3.373257092257877230e+04
4.906140465963605675e+04
4.091053299077628617e+04
3.325307302528008586e+04
4.351896514978902269e+04
3.102041932765753154e+04
4.140670324597834406e+04
4.939847823833288567e+04
3.491751355531821173e+04
2.474413956414481436e+04
5.258191868636755680e+04
3.806277061072036304e+04
4.031213677197798097e+04
2.888539553765321762e+04
3.858394328719257464e+04
5.516825507505558198e+04
2.556596817814654787e+04
5.311909417795410263e+04
3.877416635107077309e+04
4.038543392604193650e+04
2.524592518131861289e+04
4.043556071712705307e+04
5.694102547166443401e+04
3.176488152683008957e+04
2.695912371922060265e+04
5.265191412459130515e+04
5.321542439917105366e+04
4.165071986294352973e+04
2.324789025787235369e+04
4.636569424799399712e+04
4.659159381237706111e+04
3.830865743180544814e+04
2.488974012968740135e+04
3.697628180726176652e+04
4.976210904563483200e+04
6.029855976090276818e+04
2.492346327970323910e+04
2.992069324335489364e+04
5.574485219060391682e+04
1.436740168421558883e+04
1.994365100694614011e+04
4.797933875196607551e+04
4.427881602281412052e+04
4.186952804230705078e+04
2.627344274717539520e+04
2.830082023373130505e+04
3.096036726694702520e+04
3.698304381844739692e+04
3.435852034195013402e+04
1.751449511948051077e+04
3.803351778735635162e+04
3.613464173638333159e+04
5.959953856312770222e+04
3.865971761173492996e+04
3.504141481032091542e+04
4.367582080075128761e+04
4.806468490005334024e+04
5.930179325134083774e+04
2.180494534418526018e+04
4.657727667132603528e+04
3.640945111770054791e+04
3.824071169840126822e+04
3.698531620611772814e+04
3.857005665412744565e+04
5.240120963598378876e+04
3.400752166225880501e+04
3.476222592982153583e+04
2.115727551319234772e+04
6.155692377366479923e+04
4.447561494479076646e+04
2.634816833638515527e+04
4.997122458426851517e+04
4.397315984668396413e+04
3.707905851833558700e+04
6.128733961067249766e+04
6.038436735445016529e+04
3.075951633380934072e+04
4.637167982898902847e+04
6.400836989323662419e+04
6.379425268931277969e+04
3.795045678451517597e+04
3.309860855173373420e+04
4.008565689601710619e+04
2.857786860522863572e+04
6.171480415990846086e+04
5.114849227959108248e+04
3.962402741333909944e+04
2.105955327161637615e+04
4.051402622393882484e+04
2.778443180469345316e+04
2.482011961461653118e+04
3.273188243408001290e+04
4.213325898629376024e+04
5.092421656850381260e+04
6.368870608864500537e+04
3.195346130157567677e+04
5.161963367733841733e+04
5.144919153603486484e+04
4.192360451638995437e+04
3.256096536888415721e+04
4.799268653937097406e+04
3.686647781500972633e+04
4.112403636379454838e+04
4.592472222335128754e+04
3.189352093762861477e+04
5.177571442653953272e+04
4.450886234818383673e+04
4.943364294262437033e+04
5.764642759420169023e+04
5.567070484541871701e+04
2.541728655249415897e+04
4.700886138405560632e+04
5.129814479146528174e+04
3.377233503942063544e+04
2.455306158366113959e+04
3.735737908457115554e+04
3.196443536821064481e+04
2.329717076909179013e+04
5.989147380596285802e+04
3.414587780277110141e+04
4.462997423454251111e+04
3.441319395933760097e+04
2.342485230267964289e+04
4.414927567735165212e+04
3.655189774302111618e+04
3.943666260747554043e+04
3.993740122193122806e+04
4.606741578022888280e+04
2.698806874766782857e+04
4.905120425956640975e+04
4.023341718087429763e+04
5.761510715218889527e+04
4.038151847779702075e+04
1.754479646577522362e+04
5.016536185120099981e+04
3.553199224196680007e+04
2.878501356045135617e+04
2.068403318368936743e+04
3.221880034047491063e+04
1.901872350230783923e+04
5.309038523192402499e+04
3.758385456604600768e+04
4.606451521087495348e+04
4.196229402531852975e+04
5.450160255527243135e+04
4.809214619460303220e+04
3.677221735449298285e+04
4.404522328782539262e+04
3.428748293043179729e+04
2.136881432054814286e+04
3.605288178229999903e+04
3.698304381844739692e+04
2.679369192389419186e+04
5.231616475572429772e+04
2.997673141020602270e+04
3.441668975679975847e+04
3.809840271760524774e+04
4.401509768697726395e+04
1.663228302319081558e+04
6.149299500004694710e+04
3.536006010178601719e+04
3.818741448250476242e+04
4.817727866783711943e+04
1.911748351944615570e+04
2.514035659907161607e+04
3.784941126117564272e+04
4.039665990266972949e+04
1.700102643921758499e+04
4.255314023383670428e+04
4.450759559781868302e+04
4.463976984547619941e+04
2.184604894626633541e+04
2.770426236115886786e+04
2.192360653775349419e+04
2.167178440497756310e+04
3.816111574329738505e+04
2.349788291107841360e+04
4.118868428133946145e+04
4.093221665669239883e+04
3.911041878166535753e+04
2.469819692340850452e+04
4.001571892907633446e+04
6.392776614958283608e+04
3.897924665378053032e+04
4.398338199772713415e+04
5.959285872832220048e+04
4.400998176069436886e+04
2.408253569965371571e+04
6.402579105628839898e+04
2.476720753838647943e+04
5.033779910073932115e+04
2.318893223480007509e+04
5.975729501255101059e+04
5.337492343833256018e+04
4.652328436516918009e+04
1.425748345122161845e+04
5.440297698110105557e+04
6.309584287391888938e+04
5.148788568100518023e+04
3.302383942735460005e+04
6.517632454134777072e+04
5.932917273434987874e+04
3.471991668459698849e+04
4.349309310160792666e+04
3.004230586065620082e+04
5.376305208332050097e+04
4.897541282852755103e+04
3.049708251985129027e+04
2.057204227327351327e+04
4.273040275277088222e+04
3.143770970592948288e+04
3.751923255066976708e+04
3.355057734883338708e+04
5.370837218725337152e+04
5.065194465959235094e+04
4.373231770065086312e+04
5.140530670995478431e+04
5.611843190827658691e+04
3.091253985511612336e+04
5.530687834784305596e+04
2.408723068577643062e+04
4.710098767437657807e+04
5.581037326019778266e+04
4.120541825169626100e+04
3.641488992237487400e+04
4.636764141257328447e+04
4.251307521814289794e+04
3.382079582771519199e+04
2.463745826500762996e+04
4.019337654124314577e+04
4.228058254141168436e+04
6.100384418207269482e+04
4.976359033800105681e+04
2.769899658012601139e+04
3.580795713818249351e+04
4.314120325082341151e+04
5.715672548440389801e+04
4.578467544707791239e+04
3.173678919041862537e+04
3.636882582792442554e+04
4.118749550641322276e+04
3.794161977238285181e+04
3.932342298169444257e+04
3.986778459633130842e+04
5.557224261131483945e+04
3.905701700226374669e+04
1.680653307388787289e+04
2.286187882141278897e+04
4.825289422905216634e+04
1.979059073827643806e+04
5.598621847768907173e+04
2.706040662001353849e+04
6.140421568717844639e+04
3.384043766748837515e+04
1.621531603094424645e+04
2.714364978558326402e+04
4.148307928622556210e+04
4.841803889185211301e+04
4.221087852103777550e+04
4.193752004291598860e+04
5.755930550024077820e+04
2.209314717561959696e+04
4.190925029016856570e+04
4.362115625918448495e+04
5.260915700441214722e+04
5.390257261923834449e+04
4.119670163091464201e+04
2.984684965999822816e+04
3.375368959130779695e+04
3.899854251415561885e+04
3.811769102954967821e+04
5.260243688447464956e+04
5.370787839542895381e+04
4.959209074201648764e+04
2.770426236115886786e+04
2.190612009727813347e+04
4.223602354067550186e+04
2.638224109220785613e+04
5.260749908586539823e+04
5.076425346431168146e+04
4.108220533633464947e+04
6.357842942954353202e+04
1.784158230371579702e+04
3.663656816400001117e+04
3.012970952690810009e+04
3.761234476847516635e+04
4.423333761137542751e+04
5.060147958316210861e+04
4.008084259317922988e+04
2.961578012631702950e+04
4.212059407473890315e+04
2.549516315235676302e+04
3.649558067798962293e+04
4.250424727930917288e+04
5.271676846185581962e+04
2.146351178965168947e+04
4.110393028811486147e+04
4.280788003857203876e+04
3.651247525362182932e+04
2.167308984890156353e+04
4.561585138508589444e+04
4.149076615220222448e+04
3.621406965714672697e+04
3.639848582624756818e+04
5.559840025650614552e+04
3.264251275822090247e+04
3.496430675782579056e+04
3.978989083721308998e+04
2.697981568641973718e+04
3.925849109627914731e+04
4.767304288870055461e+04
5.296718477932962560e+04
2.765819292266718548e+04
4.785901386442039075e+04
2.559322338318966285e+04
3.887463113704296120e+04
4.006206358759135765e+04
5.191282528468875535e+04
3.145043581864053340e+04
5.796358571286063670e+04
2.821622565309334459e+04
2.882142376464205154e+04
4.488359380197239807e+04
6.149777672700802214e+04
3.783096817522245692e+04
3.650552144678076729e+04
2.888539553765321762e+04
3.353646749539400480e+04
2.943733685901570789e+04
2.972386295518257248e+04
5.713592356389531051e+04
3.230571520165502807e+04
3.011317459646263524e+04
4.492144044257457426e+04
2.738908972212286608e+04
5.187594957592975697e+04
3.099728143469343195e+04
4.273193480447375623e+04
2.577061868486763706e+04
5.502151926180317241e+04
4.430871493199929682e+04
3.768025696974662424e+04
3.840714697450773383e+04
2.999337834130643751e+04
3.947825712844297232e+04
5.716049083222542686e+04
3.215844757746921096e+04
3.494349215604356868e+04
2.093208264333874467e+04
2.018475510411791038e+04
4.187539876221195300e+04
2.859334391609011072e+04
2.619761341003261259e+04
5.290133393300337775e+04
3.627963131466864434e+04
3.720691565900370915e+04
3.694547222925547976e+04
1.684690822714752721e+04
3.433173235241528164e+04
3.861252712070294365e+04
5.838779393969191005e+04
5.234769535060707130e+04
3.912477262985683046e+04
4.859190878056263318e+04
5.703145602185441385e+04
2.106866459534113528e+04
3.682215249444771325e+04
2.953776988393643842e+04
4.704885561480731121e+04
5.745544517943317624e+04
3.822958532504840696e+04
2.719510310551044677e+04
3.186889417648756353e+04
5.610136760013234743e+04
4.284623997155684629e+04
3.164185451034963990e+04
3.295403602961369324e+04
3.535329480865263758e+04
6.131148416488975636e+04
4.194755701780495292e+04
5.720176790613832418e+04
5.239383295600365818e+04
5.174644773655745666e+04
2.589446107076711996e+04
6.269893511684037367e+04
6.462137952996096283e+04
3.930231136300652724e+04
2.335332145584649697e+04
2.431531150132330367e+04
6.402579105628839898e+04
5.625164286383524450e+04
2.604297426533795442e+04
5.743566989033568825e+04
3.712369702240603510e+04
2.393083440533194516e+04
4.533157314171985490e+04
3.896477190855435038e+04
6.367815955384352856e+04
4.890528841213401756e+04
3.207916751239501173e+04
3.297241847200081247e+04
2.757534153142497235e+04
4.187689740654586058e+04
4.757113908509263274e+04
3.577699439556607103e+04
6.103007613004859013e+04
2.812659451767444261e+04
5.173062049955643306e+04
6.036688563756484655e+04
2.178726101229016058e+04
4.112473405200796697e+04
2.683313541273331793e+04
3.592511698206949950e+04
1.897903675123396170e+04
3.089018734582908291e+04
4.216464097360384767e+04
3.285187923120344203e+04
2.679681601619239518e+04
3.506607549447532074e+04
3.932342298169444257e+04
3.541146981481442344e+04
5.012234777597009088e+04
3.196840085832398108e+04
4.616086850996116118e+04
4.215692447477023961e+04
5.702066869444663462e+04
4.751700802051306528e+04
6.048398786784854747e+04
4.128194246480292350e+04
2.753918184192037370e+04
4.514934111376344663e+04
3.129757651550298033e+04
2.121396429631335559e+04
3.953158708977024799e+04
3.166514861702397320e+04
3.570199883623282221e+04
3.229221867869512789e+04
4.248127417872700607e+04
3.273515945664233368e+04
5.692387676057846693e+04
5.111492685656608955e+04
3.227429382280217760e+04
3.784053351420049148e+04
2.367292118767130160e+04
3.656915444863494486e+04
4.872333474466557527e+04
3.840845326133546769e+04
2.317979615715517139e+04
2.287625727996367641e+04
3.370019841443697806e+04
3.411463384411067091e+04
3.458496297898473858e+04
2.661040112396276163e+04
4.229495753131060337e+04
2.921036042649968294e+04
3.527289968150829372e+04
4.999681900581378432e+04
2.416476757060163800e+04
2.489319233202030955e+04
3.469263079413522064e+04
4.500351927255522605e+04
3.942775672266763286e+04
4.682252644332377531e+04
5.029937328711886948e+04
3.761387222334404214e+04
2.663570072731619803e+04
2.841495460097128307e+04
3.709274200892535737e+04
4.944127878115964995e+04
3.936703562654487905e+04
4.397872805308770330e+04
6.128855554692086298e+04
6.431506725034800911e+04
3.947325372980994871e+04
5.149896475893418392e+04
6.156506150606716983e+04
3.655545467765883222e+04
4.225876897558693599e+04
6.039140713389427401e+04
3.589388229584552028e+04
3.827276391498828889e+04
3.531946163781586802e+04
2.426657302474852258e+04
3.984681540493086504e+04
4.777224620507741929e+04
4.116355010128460708e+04
4.497819141584913450e+04
4.034932817521872494e+04
3.745195762408624432e+04
3.113822483127302985e+04
4.204645562993786007e+04
3.531410160061354691e+04
5.077065901243475673e+04
1.655739709359156768e+04
6.105363409199626039e+04
6.421237101074957172e+04
3.546672025902013411e+04
5.035411523631715681e+04
2.928658077015429808e+04
4.456177442718757084e+04
2.936376051085524523e+04
3.570048788739916199e+04
6.133895546590417507e+04
3.445697946655389387e+04
3.906865026200754801e+04
2.298621379119711492e+04
2.388451910698439679e+04
5.675646266123832174e+04
5.941074558864613937e+04
3.161843706774000020e+04
4.865552914717511158e+04
3.316313878052534710e+04
4.304697715180463274e+04
2.359967485064360153e+04
3.368104560205349117e+04
3.117490506130591893e+04
3.130985489871784739e+04
3.092932529809384141e+04
2.352937251494773955e+04
3.818272413165474427e+04
4.494031657037683181e+04
5.295776189167960547e+04
3.797000092806921020e+04
2.983068153931765846e+04
3.435340601810311637e+04
4.514934111376344663e+04
2.931457119071935449e+04
2.164681333995116802e+04
3.706529747038191999e+04
3.666918782347923843e+04
3.664876913923548273e+04
4.109103141459203471e+04
4.682252644332377531e+04
2.988000185673116721e+04
3.877443784435504494e+04
3.801850164971657796e+04
5.155585504896558996e+04
4.397836822167498758e+04
3.856481436428349843e+04
3.302693353551653126e+04
3.361891861644155142e+04
4.096530131140920275e+04
2.994737026448267716e+04
5.685826427792258619e+04
2.553274999584366378e+04
3.798219626064849581e+04
5.133962294959129940e+04
3.645950641510737478e+04
2.478803565534624067e+04
5.117395190574986918e+04
5.845761502539628418e+04
2.455237754111817412e+04
4.316356194692898862e+04
5.147471635451787006e+04
5.892290060119916598e+04
4.295484368940413697e+04
2.060904272371044499e+04
4.190525636358797055e+04
5.478308174610092829e+04
3.045642786627898386e+04
4.500351927255522605e+04
3.988193458818201907e+04
2.557108032359801291e+04
4.209109527346599498e+04
2.035588254499678078e+04
4.759323327267964487e+04
6.321222804899612674e+04
5.145676544805293088e+04
3.899854251415561885e+04
1.611899125388330867e+04
3.145474283141729393e+04
2.715848104979239724e+04
5.445051006157261145e+04
4.511624836329114623e+04
4.113348327876278199e+04
4.730107498425615631e+04
5.514900673161052691e+04
3.489285422819876112e+04
1.911748351944615570e+04
2.324457603178577847e+04
5.291851689065788378e+04
5.878736611122308386e+04
6.032505982337625755e+04
4.142242589720118849e+04
5.973431571549667569e+04
3.285541453369360534e+04
5.626353249892691383e+04
2.952145607626433411e+04
4.048108851366631279e+04
4.379409297828546551e+04
2.086586755850858754e+04
3.240647354171871120e+04
2.371192003459374246e+04
2.531722509675010951e+04
2.830694295650710410e+04
4.251145334079988970e+04
4.259095815308877354e+04
3.570188262087617477e+04
