2.003657683587112115e+04
1.506894965498092097e+04
1.847179131633651559e+04
2.122893072834447230e+04
1.645276284349413982e+04
1.702205732508454821e+04
1.893695943389877357e+04
1.753744291425239498e+04
1.960445918919922769e+04
1.888074409850740631e+04
2.068165409671972157e+04
1.755819504077301099e+04
1.917107471346686361e+04
1.652523878587229410e+04
1.770623411433672300e+04
2.129981486620547366e+04
2.021051822566288683e+04
1.745035146300604538e+04
1.696460937750352605e+04
2.003846684919464678e+04
1.915033899997697154e+04
2.088604863752031815e+04
1.938916048479486199e+04
2.057795610743056386e+04
1.801560404613466017e+04
1.945140207339867993e+04
1.994613700435103965e+04
2.094125345513466891e+04
1.973117532247387862e+04
2.034387664464351838e+04
1.966014912507774352e+04
1.917094850967649108e+04
1.900396047922076468e+04
2.060987338124650341e+04
1.826307464590968812e+04
1.902461850640096236e+04
2.050605376558895659e+04
2.114673948276221927e+04
1.887828451990360918e+04
2.087950036013627687e+04
1.685512022960629110e+04
1.779365520593750989e+04
1.757563547369666776e+04
1.713430140859695166e+04
1.934444742793097976e+04
2.125504159424001773e+04
1.815130540295363244e+04
1.869053640455848290e+04
1.828895811911435885e+04
1.625422598060148630e+04
1.748230015750622260e+04
1.869494728050626509e+04
1.991657142364713582e+04
2.092347072370562091e+04
1.689914315480536970e+04
1.667422753090448532e+04
2.026512539449738688e+04
1.958244723527972019e+04
1.867050490877874836e+04
1.745991134947502724e+04
1.856172748859758576e+04
1.855666520488539390e+04
1.619994053600430016e+04
2.029858052771419898e+04
1.908790538853520411e+04
1.983742985471502470e+04
2.021751050619475427e+04
1.670607326941140491e+04
1.778740523412539915e+04
1.749478916110681166e+04
1.608589196585556238e+04
1.959194164788309718e+04
1.670145841822219154e+04
1.621409031245793994e+04
2.049810455085208378e+04
2.030225899319606106e+04
2.044031182272576916e+04
2.013809759317845237e+04
1.937909222005069023e+04
1.648310073869701228e+04
1.897914996451732804e+04
1.856743951726421801e+04
1.652746509346924358e+04
1.730671354016932673e+04
1.978419329532264237e+04
1.610484205130894770e+04
1.406112839699335382e+04
1.868219246382015262e+04
2.056637098248674374e+04
1.588270092432374440e+04
1.534711437884158477e+04
1.897752797460256988e+04
1.968079701370451221e+04
1.892490211387729505e+04
1.872971482855657086e+04
1.531115161928312955e+04
1.719008668890483386e+04
1.814612541246182809e+04
1.880676167462073499e+04
1.633867184561013346e+04
2.052935644348537608e+04
1.890869661889272902e+04
1.914575036709538472e+04
1.928018577073408233e+04
2.128733320799983267e+04
1.763696112021587396e+04
1.948531753578165444e+04
2.103092376240235899e+04
2.057717350221554807e+04
2.053908888465895870e+04
2.044220016831801331e+04
1.849175188960647210e+04
2.020981467092590538e+04
1.931226914612769906e+04
1.995545406566302700e+04
1.965106120291416664e+04
2.059091758235195084e+04
1.851965183252413408e+04
1.757666685799236802e+04
1.794969381207416154e+04
2.052514277874516847e+04
1.800489695232280428e+04
1.786732188464709179e+04
1.894919190726200395e+04
1.862375103098210820e+04
1.878861087376132127e+04
2.094125345513466891e+04
2.056429189000013503e+04
1.758622287188493647e+04
2.058830862174828508e+04
1.928965219978909590e+04
1.667888807252083643e+04
2.068776034037446880e+04
1.511759894402769714e+04
1.393514878838836557e+04
1.669079264892390347e+04
2.014974019859641339e+04
2.024846972256166555e+04
1.755437783923621464e+04
1.750902138741862655e+04
1.939469848217689287e+04
2.106037331076619012e+04
1.669030313782958547e+04
1.983185144285634306e+04
2.050463882181265944e+04
2.100558682017127285e+04
1.940187256406137749e+04
1.645782246919514728e+04
1.723483812555931218e+04
2.036816734290325985e+04
1.825975108367808571e+04
2.131165020118187385e+04
2.043145563167012733e+04
1.799349669946854192e+04
1.998096422500572226e+04
2.125504159424001773e+04
2.003104408335245535e+04
1.640192965744815592e+04
2.108788676319296792e+04
1.470492809317352658e+04
1.956926218725430590e+04
2.014481337228522898e+04
2.133514705465832958e+04
1.740078920587078755e+04
1.824676562488932177e+04
1.848521011639655626e+04
2.058556073589796870e+04
2.020189521262066773e+04
1.812326377642703301e+04
1.944706332572795145e+04
2.018680305201021838e+04
1.512923088987142728e+04
1.728130931878203410e+04
2.043429629257358465e+04
2.127025083864976477e+04
1.958897554242681872e+04
1.800859239243702905e+04
1.845355726216571566e+04
1.908651400370142801e+04
1.670155601666425719e+04
2.084611735231345665e+04
1.724057968143594553e+04
1.637058662326816375e+04
2.016070431270574409e+04
1.943639635137270670e+04
1.773679794654449870e+04
1.748611482165539201e+04
1.782763285344959149e+04
2.081920242189911733e+04
2.056429189000013503e+04
1.910424476744332787e+04
1.758622324852337624e+04
1.670750771419126249e+04
1.525464569980875422e+04
1.957444308714225190e+04
2.083774971186813855e+04
1.922476735487693441e+04
2.104664754695821466e+04
1.851325471376707719e+04
2.084873782834005397e+04
1.913434195700033888e+04
1.984682819611847299e+04
2.077427134971649139e+04
1.627707244964158235e+04
1.750972139438333761e+04
2.111079532694136287e+04
1.682296915263165283e+04
1.929102040421865968e+04
2.093492246053926283e+04
2.011821226525871316e+04
2.123851943262872373e+04
1.507486393473299722e+04
1.531115161928312955e+04
2.097810830332288970e+04
1.775819899139762856e+04
2.011429154140978790e+04
1.845773331453558058e+04
2.087546956342715202e+04
1.995144521542167422e+04
1.911111168110102881e+04
1.832138448415984749e+04
2.116014585469412486e+04
1.819826280393162233e+04
1.644231577943846787e+04
2.057720077100857452e+04
1.700840171969846051e+04
1.588189441729842838e+04
1.820517748922631290e+04
2.131726189586761029e+04
1.846671321975636238e+04
1.981484907528825715e+04
2.113983720688988979e+04
1.824981005771836135e+04
1.925035669326733478e+04
1.921340135786465544e+04
2.101078559777408373e+04
1.781060408909850594e+04
2.125018903487834177e+04
1.558478388371523761e+04
1.699225261077053801e+04
1.815344217205236055e+04
1.844334368701858693e+04
1.965725353301216091e+04
1.751101544289250523e+04
2.043674625960667254e+04
1.790514923375187209e+04
1.872924281604679709e+04
2.013227225748046840e+04
1.892913422079315205e+04
1.779131558364172815e+04
1.962149625346960238e+04
2.042222360218338872e+04
1.665966916760416279e+04
1.845344271741509147e+04
1.656970315631572157e+04
1.933674915088490161e+04
1.849970337754359207e+04
1.908907824963863095e+04
1.606188696953440558e+04
1.617213863205569396e+04
1.843377703735146861e+04
1.928542486928733706e+04
1.894833611333614681e+04
1.822533016737356593e+04
1.882789022782070970e+04
1.665964826660864492e+04
1.511759894402769714e+04
1.918869757288383335e+04
2.043949910179603467e+04
1.572034205211633162e+04
1.937034279005841381e+04
2.057234522903560719e+04
1.668989765095803887e+04
2.044783140768744488e+04
1.888863091522067407e+04
1.939921321093996448e+04
2.067194757740994828e+04
2.012445357008685824e+04
2.041058307309116935e+04
1.607641043978924790e+04
1.832138448415984749e+04
2.032548465043667238e+04
1.733594981355081836e+04
2.067197059493820780e+04
1.856159089648954250e+04
1.589994317022664836e+04
2.040512342871852888e+04
2.114498153306380118e+04
1.900686344165621267e+04
1.753066090356566201e+04
2.062833753384368902e+04
1.661065845718979108e+04
1.835434813525455684e+04
1.935850215295343151e+04
1.781926896945125191e+04
2.075838574596760373e+04
2.111690759989291109e+04
2.042243291807808419e+04
1.697693732474945864e+04
1.733847016038026777e+04
1.668665612307850461e+04
2.052666473520444561e+04
1.987921430718103511e+04
1.808095957046308104e+04
1.873589153146771423e+04
2.044476862666691159e+04
1.759258258599352121e+04
1.601567589922242223e+04
1.715676917530128048e+04
1.584911810739151588e+04
1.850670372358610621e+04
1.984120926088221313e+04
2.004871962863560839e+04
1.635245263643349608e+04
2.112873577065738209e+04
1.811636419677258527e+04
1.823462891267198938e+04
1.606188696953440558e+04
1.764465332243048033e+04
2.057985778229086281e+04
1.766915245222574958e+04
2.009605995870479819e+04
1.707743208198609864e+04
2.073702541615902010e+04
2.074291279935055354e+04
1.782481603937084219e+04
1.898745200773213946e+04
1.673839011473145365e+04
1.958187065882046954e+04
2.108187363303230813e+04
1.891378957966929011e+04
1.749354610749686617e+04
1.964865052429027855e+04
2.002735205896303523e+04
1.955956109755246143e+04
1.956209483958542842e+04
1.948245229952967202e+04
2.115005559791545966e+04
2.056429189000013503e+04
2.040262172521794855e+04
1.730093230208893874e+04
1.662645345660064777e+04
1.948341594803133194e+04
2.078063737080911233e+04
1.930139930759110212e+04
1.969491742070335749e+04
2.074924824691363028e+04
2.048036618428966176e+04
1.976844751551069930e+04
2.130986770373340551e+04
1.796499934450688670e+04
1.685512022960629110e+04
2.019710871445706653e+04
1.927335373317971244e+04
1.908063067361743015e+04
2.081920242189911733e+04
1.902926708763392526e+04
1.897507161759660084e+04
1.872924281604679709e+04
1.734446437361291464e+04
1.546251669507181214e+04
1.719341586675365397e+04
1.786724893671151221e+04
1.771192516405791685e+04
1.895217512758988960e+04
1.933602575770738622e+04
1.817147995179939608e+04
1.912658904378824445e+04
2.119933522328341132e+04
1.826889934325391005e+04
1.971185615926187893e+04
2.088554022185341455e+04
1.865183398307386960e+04
2.049226330300870177e+04
1.826969419862618088e+04
1.800671775979208178e+04
1.820631458598082099e+04
1.753350141047314537e+04
1.898350881966024099e+04
1.876051114796809998e+04
1.621436618986039684e+04
1.616299878780301515e+04
1.905746076430261382e+04
1.717502559449488399e+04
1.710998544780966768e+04
1.999346414939821989e+04
2.028368670887927146e+04
1.711315344576541975e+04
1.560139022656044472e+04
1.706948913866905059e+04
2.004745813215348608e+04
1.688525903989646758e+04
1.764414348674621942e+04
2.110452628379665111e+04
1.921431550494448675e+04
1.786370884835578909e+04
1.891622723622312333e+04
1.910738943291833129e+04
2.127374060121649745e+04
1.974870099368012598e+04
1.936189538308031842e+04
1.915428799734245695e+04
1.709062089581570763e+04
1.889105226572987158e+04
1.933299037928500184e+04
1.933241704773725723e+04
1.846112969802624139e+04
2.088169392539658293e+04
2.118777807327582559e+04
1.883122951379802907e+04
2.050041681703658469e+04
2.030883145933733249e+04
1.949542856784413016e+04
1.923026922382901103e+04
1.812548820043171509e+04
2.100219506365898269e+04
1.978638397054697634e+04
1.758795383584776573e+04
1.999166611956762426e+04
1.692819414637137379e+04
2.045238453134873998e+04
1.864252100326299842e+04
1.851447053123948353e+04
1.948341594803133194e+04
1.977775740198817584e+04
1.942379865935176349e+04
1.683327783174447177e+04
1.864500175039071109e+04
1.848150606967780186e+04
1.997568804596325208e+04
1.815198126638333270e+04
1.731445441035781914e+04
1.994613700435103965e+04
1.856072981890286246e+04
1.836767081240282278e+04
1.921787082444463158e+04
2.114498153306380118e+04
1.647980725680679825e+04
1.947446000679896315e+04
2.093287634593749681e+04
1.624591525405879656e+04
1.673878937675250563e+04
1.578892972001632006e+04
1.703397268211493065e+04
1.873110059682577776e+04
1.864720084672478697e+04
1.584041898336889608e+04
1.887609298579113238e+04
1.999237000319358049e+04
1.852587882811350573e+04
1.958359931680306545e+04
1.826208687261751402e+04
2.057361771435067203e+04
2.100004863610536631e+04
1.806291362295550425e+04
1.972448253609881795e+04
2.089837165323795489e+04
1.738239217524806372e+04
1.601842368122596963e+04
1.887413406633849081e+04
2.137019355877447379e+04
1.985939654461584360e+04
1.978648004553222563e+04
1.553361408261111501e+04
2.021224741293732222e+04
1.413474056203296641e+04
1.563540465937867339e+04
2.010402527288113561e+04
1.519695495116910388e+04
1.878555716447841405e+04
2.106782099256655420e+04
2.026220748465844372e+04
2.121326471776287144e+04
1.871137672923427453e+04
1.898213031604891148e+04
1.610484205130894770e+04
1.606374842084752527e+04
1.660496169493663183e+04
1.692156080252331958e+04
2.033975273496056616e+04
1.938801888922919898e+04
2.047333517487299105e+04
2.127999112776671245e+04
1.813063457593185376e+04
1.790178150019784152e+04
1.840233167423030682e+04
2.134421090272036236e+04
1.903227254383883701e+04
1.797950101177590113e+04
2.036440061407949543e+04
1.688628065499293371e+04
1.816079598894935043e+04
1.726133164600321834e+04
1.622638476178205201e+04
2.006366723778760934e+04
1.942915179475126570e+04
1.764083810686368815e+04
1.679589978601670737e+04
1.737018236786729904e+04
1.725778940444636828e+04
1.832332495218468830e+04
1.903221677788522356e+04
1.869513344099999085e+04
1.827309592531569797e+04
2.125797862683906715e+04
1.913534759658453913e+04
2.116183287591609405e+04
1.755651820501851762e+04
1.524128542468953856e+04
2.003179073103231349e+04
1.982119438883262774e+04
1.871770808366426718e+04
1.717791629885835209e+04
1.592170950089312464e+04
2.050129878658403322e+04
2.084120860194624765e+04
2.005688875085246400e+04
1.913344282039382597e+04
2.021404576942076528e+04
2.108601771470915992e+04
2.127853429880235490e+04
1.952689668918495590e+04
1.839433511882713719e+04
2.027911139286467733e+04
2.025057596610969631e+04
1.610644347183669015e+04
1.767054132616864808e+04
1.792734592466620961e+04
1.947773691412522385e+04
1.493726570274260303e+04
1.729162858207668614e+04
2.098521272355371548e+04
2.037729969854425872e+04
1.632983321198776684e+04
1.699736491476737865e+04
1.657130870280575618e+04
1.875206543500947737e+04
1.679129186484633101e+04
1.848804709982172062e+04
1.828280361480898137e+04
1.540204631048332340e+04
1.782624783485207809e+04
1.970902371312659670e+04
1.992645529946090028e+04
1.850485785102720547e+04
1.957013526302493119e+04
1.710548901396380097e+04
1.497453439999479815e+04
1.545541403294543852e+04
1.939904235367298315e+04
1.883408853732336502e+04
1.863644141490816037e+04
1.832906312437845918e+04
1.636131602881535400e+04
1.702205732508454821e+04
1.975781151612071335e+04
1.847244144155510367e+04
1.963726579478094936e+04
2.124604024621899589e+04
2.077133582302719878e+04
1.842303943311022886e+04
1.808045779493229929e+04
1.759842240421237511e+04
1.941567322744738340e+04
2.004745813215348608e+04
1.636753179817813361e+04
1.779492083291785093e+04
1.545604567003223747e+04
1.831371660523229366e+04
2.124110130994906649e+04
2.094655454046409432e+04
1.762538394756626440e+04
1.994493044653475590e+04
1.671974415743911231e+04
2.093609857598934104e+04
1.791475014492505215e+04
2.011206082716607489e+04
2.100874503550945519e+04
2.125313042912636593e+04
2.118229704623505677e+04
1.907095247887286678e+04
1.829840784219764464e+04
1.761854324708534841e+04
1.810169049898982485e+04
1.780880301594800403e+04
1.879602569004476391e+04
1.956283941404944198e+04
2.097810830332288970e+04
1.881897670862868836e+04
2.109347785477937941e+04
1.952118188633644240e+04
2.006311717785167275e+04
1.667422753090448532e+04
2.087094819737337093e+04
1.636203815663505338e+04
1.824763844327257539e+04
1.655385376988447024e+04
2.138166666232964417e+04
1.963743743204672865e+04
2.029324364096695717e+04
2.030762590509831352e+04
2.095624366285538781e+04
1.744123727702655015e+04
1.748180839887447291e+04
1.769937095619582760e+04
1.882789022782070970e+04
1.558477915306562500e+04
1.910847902906766831e+04
1.799844632043977253e+04
2.058982638581364154e+04
2.133168663977523829e+04
1.947386245256747861e+04
1.779151576728112559e+04
2.040613447665387866e+04
1.888976150695053002e+04
1.845773331453558058e+04
1.826858699675368553e+04
2.027701092676314147e+04
1.715575862402127677e+04
1.594449471152611659e+04
2.112032496436795191e+04
2.133843213140286389e+04
1.905746076430261382e+04
1.958097693710224485e+04
1.964684769060297549e+04
1.806267002081368992e+04
1.854144937055337141e+04
1.661992938658567437e+04
1.797602499502234423e+04
2.003399250733716326e+04
2.131966724092279765e+04
1.864970576215295296e+04
2.075355151637498420e+04
1.982970470319041488e+04
1.794530573622445081e+04
2.004288920974212306e+04
1.621318542450678433e+04
1.774459450236155317e+04
1.853902199339319486e+04
2.114471614848618992e+04
1.939538138450913175e+04
1.955956109755246143e+04
2.041081225741867092e+04
1.979901114655253332e+04
1.889706045659727897e+04
2.067284395260201200e+04
1.832419495551675209e+04
1.848333033157287718e+04
2.130815446827828055e+04
1.625414865603454746e+04
1.646582101847056038e+04
2.042186955238303926e+04
2.097202858818779714e+04
2.013073719988104131e+04
1.881002516541688601e+04
2.126128084631404636e+04
2.096754578682945430e+04
2.039856671492432724e+04
1.924168757687218749e+04
2.120855662009727894e+04
2.074334599910609904e+04
1.751058739504641562e+04
1.762005796058024134e+04
1.863089295598922763e+04
1.510232865054366266e+04
1.927531954883421713e+04
2.132912477602021681e+04
1.983742985471502470e+04
1.600626834749335831e+04
2.124943585135763351e+04
2.132591918047453510e+04
1.367392606573849844e+04
1.798982885831614112e+04
2.049671993584773372e+04
1.807259664311593224e+04
1.687900044439345947e+04
1.868348008761386882e+04
1.951128139953286518e+04
1.815368971458095621e+04
2.036561090595509449e+04
1.907418700544019521e+04
1.567979183370671490e+04
1.964417442337476677e+04
1.991061078853612707e+04
1.970276368169592388e+04
1.810702207333855040e+04
2.007791072829021505e+04
1.789270044343822519e+04
1.977406451989796551e+04
1.933999369783102520e+04
1.747338609673471365e+04
1.777868135373694531e+04
2.127629896481956530e+04
1.562182728225782921e+04
1.729947092995870844e+04
1.877063014926405594e+04
2.011322010814960959e+04
1.949963401317946409e+04
2.101690077734450097e+04
1.742119988040811586e+04
1.936189538308031842e+04
1.604204462789171521e+04
1.968751674670924695e+04
1.860476239250901926e+04
1.816461215382364026e+04
2.074159825358124363e+04
1.656740237872774378e+04
1.903798656434662553e+04
1.797602499502234423e+04
2.074917959367132789e+04
1.546251669507181214e+04
1.820961576538961890e+04
1.763676414786637179e+04
2.052560308327651001e+04
1.665075186522242075e+04
2.106533855664542352e+04
1.543139725232437013e+04
1.931093080959990039e+04
1.591370149715296247e+04
1.994948620646720519e+04
2.064720262511500914e+04
1.672113446444775036e+04
2.003657683587112115e+04
2.061375808901973505e+04
1.878963718336940656e+04
1.964658498846451403e+04
1.948244275233681401e+04
1.954246089227964694e+04
1.910990267691673216e+04
2.076627089220113703e+04
1.914517868478023593e+04
1.910959276020994002e+04
1.785708851499106095e+04
1.513919902572507999e+04
1.747866108337711921e+04
1.847602763207590760e+04
2.019086598563525695e+04
1.900313619664363432e+04
1.690065415723627666e+04
1.739143240145323216e+04
1.646004388027098685e+04
2.124516491945785310e+04
1.615965757657719041e+04
1.782697579074166788e+04
1.974639283866953338e+04
2.083810811454100985e+04
2.063021956159874389e+04
1.825457486532413895e+04
1.965116994752384562e+04
1.892709461106214803e+04
1.984794050265906844e+04
2.105723847282968927e+04
1.725339733717801937e+04
1.699072352778319328e+04
1.984929477162609692e+04
1.882789022782070970e+04
2.090539632677330519e+04
2.064138667249028367e+04
2.140547976345580537e+04
2.007390372574644425e+04
1.979950655128959625e+04
1.680217951971255388e+04
2.141604722752506495e+04
1.868288492846658482e+04
1.966044948355613451e+04
2.015927692291794665e+04
1.621409031245793994e+04
1.642907032922147846e+04
1.855215125677935430e+04
2.058325321132329191e+04
1.786112801833153208e+04
1.931212468056429134e+04
1.495501348185714596e+04
2.009272685048060521e+04
1.784531158972253979e+04
2.071425805240659247e+04
1.848150606967780186e+04
2.019962039281559555e+04
2.056297842938796384e+04
2.006486558117796812e+04
1.688675783309733379e+04
2.043605894886966780e+04
2.122862156019500617e+04
2.011322010814960959e+04
1.894472856705925005e+04
2.023235884425057156e+04
2.071015313888416858e+04
2.011671286771895393e+04
1.581345519635667370e+04
1.742946205922215813e+04
1.759842240421237511e+04
2.137172007627475250e+04
1.531822792685764944e+04
1.982841260747003980e+04
1.711372728530111999e+04
2.101785910592674554e+04
2.051732263941955171e+04
1.802310113408890174e+04
1.956942514306096928e+04
2.113011685288432273e+04
1.933456653517721861e+04
1.970931749447719267e+04
1.900411142124994149e+04
1.884848897088870581e+04
1.839426628029294079e+04
1.715638661507014331e+04
1.622548126508724636e+04
1.761720054666676515e+04
1.584911810739151588e+04
2.099762367170193829e+04
2.082487305340122111e+04
2.054181034569175245e+04
2.137439950794495962e+04
1.643053972408626942e+04
2.135664518500592385e+04
1.897316717042791424e+04
2.140547976345580537e+04
1.918001144276868945e+04
2.084607385330088437e+04
2.051131924454312684e+04
1.909421767052873474e+04
2.057911369766050848e+04
1.777037356818041008e+04
2.054450528731085069e+04
1.526400960280823347e+04
2.062476097449337976e+04
1.988878119929142485e+04
1.606374842084752527e+04
1.854280512538063704e+04
1.835853477332575130e+04
2.104862539563227256e+04
1.665441760135821460e+04
2.014794277850723302e+04
1.850043065656451654e+04
2.064399334854576591e+04
1.655851759912864509e+04
1.619459719452870559e+04
1.511759894402769714e+04
1.729160528291291848e+04
1.716162136954354355e+04
1.766703306582588993e+04
1.879114855164615437e+04
1.429328552466873589e+04
1.647358663895434438e+04
1.974538108536973959e+04
1.782527691260917709e+04
1.994295312357355579e+04
1.958071129794063745e+04
2.081528344297290460e+04
1.868745579730080499e+04
1.746993128719311062e+04
1.710284669382806533e+04
1.730457162811253511e+04
2.032739922552859935e+04
1.686723458247689996e+04
1.851732221458444110e+04
1.787922027353165322e+04
1.578036116315608524e+04
2.141847252330304764e+04
1.921833455402091204e+04
2.086282504668210458e+04
2.089889923752710456e+04
1.833736240911630739e+04
1.822821853503333114e+04
2.041081225741867092e+04
2.134421090272036236e+04
2.028095849067729432e+04
1.846237475140476454e+04
1.815994645176643462e+04
1.547107854851625234e+04
1.765770697170306448e+04
1.733594981355081836e+04
1.854770242089767999e+04
2.070256117412019375e+04
2.037064307792078034e+04
1.920408337709905754e+04
2.115427252756523012e+04
1.804969671289886901e+04
1.682479552919945127e+04
1.958071129794063745e+04
2.064825606144983976e+04
1.651685402858270390e+04
1.810667275008809884e+04
1.696460937750352605e+04
1.856778917968945098e+04
1.928026405276089281e+04
1.928321841288022551e+04
1.595533250757168935e+04
1.611469104209933721e+04
1.706419281972809404e+04
1.651854900083615576e+04
1.887453269445685510e+04
1.684462845370301511e+04
1.799713127855968560e+04
2.040373931279745739e+04
1.991782343510921055e+04
1.979729127169573258e+04
1.872645590858879586e+04
2.113008482174093297e+04
1.964468099497450021e+04
1.921526963577513379e+04
1.715805498951965637e+04
2.079480665248525474e+04
1.664747491536003145e+04
1.832957398554398969e+04
1.904911927516202559e+04
2.037223528864893888e+04
1.820044633844514829e+04
2.140697075471453718e+04
1.990458258917660714e+04
1.984922865525731322e+04
1.987290815248020590e+04
2.059091758235195084e+04
1.671589040546143224e+04
1.688320411661362232e+04
1.700904654205971383e+04
1.852044158931596758e+04
1.771399414100895228e+04
1.928591924057450888e+04
1.992227396987984321e+04
1.680394544383727771e+04
1.762538394756626440e+04
2.083280186050807970e+04
1.797003722895092505e+04
1.841078948258526361e+04
2.025562106872845834e+04
1.586240224920499531e+04
2.065089184802160889e+04
1.801535296713176649e+04
1.963483922232838813e+04
2.098063563449190769e+04
2.042427482534695446e+04
2.072438990896852920e+04
2.014458780983465840e+04
2.015077240532411815e+04
2.081873046003258787e+04
1.780629200616899107e+04
2.119737879594762489e+04
2.086758306344533776e+04
1.900658496343712613e+04
2.066443752521912029e+04
2.095045203308533382e+04
2.109132353637196502e+04
2.085952361262437262e+04
1.889105226572987158e+04
1.702037001426765710e+04
1.880816519865475493e+04
1.786081191557026250e+04
2.084226374447175476e+04
1.806071982534934068e+04
2.086259194060852315e+04
2.085009964256553940e+04
1.545604567003223747e+04
2.113938178122626050e+04
1.935513878204160210e+04
2.134555112272021870e+04
1.966425811513375811e+04
2.050354610546735785e+04
2.104664264881300915e+04
1.889932165419250305e+04
1.931695612270606580e+04
1.745550462116738709e+04
2.028521824751046006e+04
2.045783679728211428e+04
1.920772797786443334e+04
2.138105800723722132e+04
2.019089986055737609e+04
1.802960068285687157e+04
1.908190505867394677e+04
1.733187528744252631e+04
2.092143263741781266e+04
2.118838268100540881e+04
2.089573786196585570e+04
1.938531699326205126e+04
1.785870822020613559e+04
2.066518463628776954e+04
1.825827308204692963e+04
2.092157170284362292e+04
2.132481493142560794e+04
2.061233743557144771e+04
1.832818433773464494e+04
2.079710837379028453e+04
1.598077032370146662e+04
1.993248595892842422e+04
2.060781849923996560e+04
1.769038495494228118e+04
1.767147988547692512e+04
2.031023474371802149e+04
1.918081394514742715e+04
2.096293284368282912e+04
1.977980918839720107e+04
2.077804657056061842e+04
2.049868397535398981e+04
1.602780092209665963e+04
2.034934532664946164e+04
1.504344628017616924e+04
2.046043489420881815e+04
2.141087371675923714e+04
1.759636164653959349e+04
1.869196844438459811e+04
