9.938428877104604908e+03
1.036828207422626838e+04
1.047616358040489285e+04
9.875847855543004698e+03
1.016008730211718466e+04
1.054410379362802632e+04
1.036193043391512765e+04
1.036649035201471452e+04
1.047793157637061813e+04
1.037394652592531565e+04
9.966317129183447832e+03
1.028187502298985783e+04
1.059591130140964560e+04
1.033154572436894523e+04
1.034974354411478453e+04
8.769977867126272031e+03
1.008970393549292930e+04
1.027281964624427565e+04
1.022866403243636523e+04
9.983838533953639853e+03
1.049070832536277521e+04
1.042207339338988459e+04
1.006064093519430389e+04
9.649511093685183369e+03
1.058712017634593576e+04
1.018527331618130302e+04
1.053844399414460895e+04
1.039085549536705184e+04
1.037565192010021383e+04
1.047837754216186659e+04
1.044049769995760107e+04
1.011027939018440884e+04
9.875891233314612691e+03
1.003954378169550910e+04
1.019605072958274104e+04
9.685366535586308601e+03
1.052353350676353693e+04
1.035085654491624882e+04
1.048468179713276550e+04
9.868134974876737033e+03
1.019229480772498937e+04
9.805130704697323381e+03
9.344722221975982393e+03
1.052820973404690085e+04
1.002832034538751032e+04
1.008545872623973992e+04
1.053579395885296617e+04
1.058449419525098710e+04
1.019954536791914870e+04
1.059191502290934477e+04
1.002660440981723150e+04
1.047400182871327161e+04
9.805633746092704314e+03
1.058858719107754587e+04
1.015898246386411847e+04
1.058806553640164202e+04
1.039564313242251774e+04
1.052554973044435246e+04
1.023257349606715979e+04
1.058970881361488500e+04
1.053674148479384894e+04
1.009715206599317753e+04
1.009083214862216300e+04
1.053098739243854834e+04
8.875159632273916941e+03
1.041130482496139302e+04
1.059175882111562169e+04
1.054248576223209602e+04
1.008900497381684909e+04
9.931501669382138061e+03
1.049800939417315385e+04
9.273477921467334454e+03
1.040718379135901705e+04
9.810661135311633188e+03
1.019786652484423757e+04
1.021181845541291477e+04
1.033358170206653267e+04
9.499284927796174088e+03
9.986253982757076301e+03
1.003877028411750143e+04
1.031157402559316688e+04
9.741328790590963763e+03
1.029465220049670643e+04
1.002083524682704956e+04
1.046025655165071839e+04
1.049830341191007756e+04
1.060062630091231767e+04
1.053642707477967087e+04
1.060115558238246740e+04
1.059470263425102530e+04
1.018484471859225596e+04
1.047703484902292621e+04
1.041582568223083217e+04
1.061064056963645453e+04
1.032022411464551988e+04
9.968943646164058009e+03
1.051329718843579758e+04
9.537555732047752826e+03
1.000005722974180935e+04
1.053646695251297024e+04
1.061117721900939796e+04
1.036632564487895434e+04
8.344037831115987501e+03
9.872357690598311819e+03
9.941646533121223911e+03
1.010693491609635203e+04
1.059954461017510584e+04
1.060215391186854686e+04
1.005309357436066057e+04
1.061430862033088488e+04
1.009587070322174259e+04
9.805467365178177715e+03
1.052685925292706452e+04
1.050719859867767991e+04
1.009535946101893751e+04
1.040126611058900744e+04
1.049801002484539822e+04
1.050881923353291313e+04
9.941627183732785852e+03
1.045373932704859180e+04
9.867946136539845611e+03
1.020514281987203867e+04
1.049297075351255808e+04
1.049453957850737788e+04
1.039895959471637616e+04
1.048096207503662481e+04
1.041356753632077925e+04
1.059490484039697185e+04
1.058068335773459694e+04
1.020761283060825190e+04
9.523955952179754604e+03
1.011667104761216433e+04
1.043621038291722653e+04
1.048662741198985532e+04
1.012873018303547360e+04
9.356724914581714984e+03
1.050483788499856564e+04
9.889616330755372474e+03
1.044496222128672343e+04
9.726941958991537831e+03
1.029388963175055687e+04
1.014708633071188524e+04
1.031162633431782160e+04
1.038039839248779754e+04
1.051329718843579758e+04
1.061244032589769267e+04
1.018803733434592323e+04
9.935654430792135827e+03
1.034492853120192012e+04
1.043767816020887039e+04
1.007286392644424632e+04
9.815370743276725989e+03
9.590736685799811312e+03
9.035019318171845953e+03
1.039130367747143282e+04
1.034773182190646185e+04
1.031353507046770574e+04
1.032291326370196475e+04
1.004300832463933148e+04
9.597184015393195295e+03
9.801200746971448098e+03
9.947105017267918811e+03
9.420631772142420232e+03
1.019164554591037995e+04
1.028702766260240605e+04
9.934031166171755103e+03
1.034707969007661995e+04
9.617489942753200012e+03
9.937076168524792593e+03
1.044364360829389625e+04
1.033216755741223824e+04
1.053312891547241088e+04
1.018491862434368159e+04
1.041714294290545513e+04
1.015368912646132412e+04
1.049610576585175113e+04
1.058449419525098710e+04
1.054999963116941944e+04
9.893953964159391035e+03
1.034320674401764336e+04
1.048185767732197201e+04
9.598030046189194763e+03
1.036208431096606910e+04
1.019605072958274104e+04
1.034404902423744534e+04
1.060709644749865583e+04
1.018660450516153833e+04
1.012583755040742290e+04
1.059707855965448107e+04
1.056527506538632406e+04
9.647271462379163495e+03
1.043708029680150321e+04
1.033646949743115511e+04
1.027610590227325883e+04
1.021434844666644312e+04
9.897920657648115593e+03
1.019324665426088177e+04
1.059241179594457390e+04
1.019186823169763920e+04
1.038926231001309861e+04
9.992893989624739334e+03
1.058538059703690305e+04
1.055529567332560509e+04
9.475906989402039471e+03
1.019925935197752369e+04
1.010480472220683987e+04
1.032777906493354203e+04
1.031207050112622528e+04
1.044203096058120354e+04
1.025265353331561346e+04
1.060808061788225859e+04
1.051502089752334359e+04
1.033188091910783623e+04
9.511020111369562073e+03
9.423913882309094333e+03
1.026687386873911964e+04
1.012283220220013754e+04
1.042202256621034758e+04
1.046763078864333875e+04
9.893875637883840682e+03
9.956814599620389345e+03
1.032081583530466196e+04
1.015090923766926062e+04
1.059409420494955702e+04
1.052099193465667304e+04
1.052097655282873166e+04
1.051825766587208636e+04
9.578941413695218216e+03
1.048992456432996914e+04
1.018519672110822648e+04
1.042290057644137778e+04
1.031157402559316688e+04
1.054530580811287291e+04
1.051138520026988408e+04
1.028669953317791442e+04
1.026932987958081139e+04
9.595761344765476679e+03
1.026263511480085072e+04
1.030734685144729519e+04
1.044055077773835364e+04
1.003174559115671582e+04
1.012024505954293636e+04
9.567969633116197656e+03
1.026934956746020362e+04
9.758998277183596656e+03
1.056110476782705518e+04
1.027475677838238335e+04
1.000885145127635406e+04
1.036015398107087094e+04
9.576821163801367220e+03
1.057338170755838837e+04
1.054431780544022331e+04
1.048598246534973987e+04
9.742987928753762390e+03
9.448072461633031708e+03
9.577201967874825641e+03
8.875152400806060541e+03
1.016730562483815811e+04
1.053778758490996188e+04
1.002640573924694036e+04
9.755491090429051837e+03
1.019785117271856507e+04
1.060271779648794836e+04
1.055542455555973902e+04
1.009594358338922393e+04
1.058883373229792414e+04
1.043188665131758353e+04
1.011359385401518375e+04
1.009636039872845322e+04
1.020083641883076416e+04
1.034837789297757263e+04
1.037760490466945703e+04
1.002314355608068581e+04
1.022893746870098039e+04
1.042238812485465678e+04
1.057434970137797791e+04
9.847121490942492528e+03
1.039587329482844507e+04
1.039478898317557105e+04
1.038611888694532172e+04
1.041636357053622123e+04
1.002545869900908838e+04
9.889670410782184263e+03
1.034086160154828212e+04
1.038708355771949755e+04
1.047821510451267568e+04
1.036495040891728058e+04
1.052220709406612878e+04
1.052889327125808995e+04
9.885307537259892342e+03
9.830312889637330954e+03
1.056561310000297817e+04
9.955958569106775030e+03
1.022965445345662010e+04
1.022628144234873616e+04
1.004578581879996273e+04
1.047989032406161459e+04
1.022772177814964925e+04
1.054974608962754428e+04
1.031649741983092827e+04
1.028202087487982135e+04
1.018438875379759702e+04
1.017341117364674756e+04
9.717322051555060170e+03
1.014587289976937973e+04
1.023138900378362450e+04
1.044655858721723962e+04
1.054055811205774444e+04
1.003357946129231095e+04
1.027103563741088510e+04
1.027833879576722393e+04
1.009057366858324349e+04
1.010463809772954664e+04
1.032398967955304943e+04
1.039433645052374777e+04
1.025775425162709507e+04
1.046149571964842107e+04
1.038268870399360821e+04
1.036723577630403815e+04
1.021487040057019476e+04
9.668147903670093001e+03
1.049851142229008292e+04
9.632711244803092995e+03
1.017384934394892116e+04
1.057642146898407373e+04
1.023045310368266655e+04
1.047515833066205778e+04
9.994988572914113320e+03
9.849442069631808408e+03
1.016438957775291419e+04
9.893905827612688881e+03
1.045223649834528624e+04
1.041658394526918346e+04
1.060194577342476623e+04
1.047210472223436955e+04
9.503424683447130519e+03
9.789621463938055967e+03
9.788922921389037583e+03
1.044207842621083910e+04
9.290466588952609527e+03
9.820424797991157902e+03
1.053351876700016146e+04
1.039248196365895819e+04
1.059466748913286938e+04
1.021372091664560685e+04
1.059096523432900722e+04
9.242085353536635012e+03
1.019954536791914870e+04
1.051634232102101305e+04
1.045710986430053345e+04
1.059815881915896898e+04
1.056933536492291023e+04
9.536750432010356235e+03
1.026702374765223249e+04
1.048468179713276550e+04
1.049592220484617792e+04
1.010319833433343956e+04
1.032910180178675364e+04
1.058154892507415934e+04
1.058147699283182556e+04
1.060027039843005332e+04
1.059571755442884023e+04
1.016838265210839563e+04
1.058721951987991088e+04
1.061071046980601568e+04
1.058623718170767097e+04
1.024796738118098256e+04
1.050576621134708694e+04
1.045710986430053345e+04
1.054953533356250409e+04
1.055046617497466832e+04
1.052441009171969927e+04
9.602846691022252344e+03
1.032962904675507889e+04
1.049651273738051532e+04
1.051626258439227240e+04
1.027060458973236018e+04
1.030887192036050146e+04
1.055039764635587562e+04
1.027335387224304577e+04
9.055125640317965008e+03
8.951853700002902769e+03
1.006076436063086658e+04
1.022628144234873616e+04
1.058300605161364365e+04
1.030793307413893490e+04
1.055171512960330438e+04
1.046381329187724623e+04
9.919565550547500607e+03
1.058129179915998429e+04
8.875152400806060541e+03
9.932693826101936793e+03
1.014430475572849173e+04
1.037091867095212183e+04
9.767484156202317536e+03
1.047237719886265950e+04
9.135251374517749355e+03
1.050643811678345446e+04
9.211986098381719785e+03
1.036431179075160617e+04
1.003103314466079246e+04
1.045120227340703968e+04
1.060596106294498168e+04
1.002881303423508689e+04
9.985818362777670700e+03
9.912511875766689627e+03
1.059093111912568384e+04
1.043770349284802069e+04
1.025472622831567969e+04
1.038968024559654077e+04
9.666393950413352286e+03
1.056081421742187558e+04
9.402992025472482055e+03
1.053867587909942449e+04
1.042382172176564563e+04
1.044007337808760531e+04
9.953529121536163075e+03
1.038606887752342664e+04
1.048673322888907933e+04
1.035411132104375065e+04
9.566341217149452859e+03
1.056574976199996308e+04
1.035107774158081338e+04
1.043784738798277976e+04
8.333894236723335780e+03
9.063551463787840476e+03
1.045623825359313196e+04
1.036723577630403815e+04
1.038998311810888481e+04
1.025535646397302480e+04
1.025808038187166130e+04
1.030555433465024362e+04
1.010463809772954664e+04
1.000615090161455373e+04
9.364670939679646835e+03
1.030393107516485907e+04
1.012207416550645758e+04
1.059080731655818818e+04
1.055416886498168242e+04
1.013552928888279712e+04
1.005598120245119389e+04
9.842177141597154332e+03
1.060367896102993473e+04
1.028533775858977060e+04
1.036194038944970089e+04
1.061288742166574593e+04
1.048343638594227741e+04
1.022681683298552161e+04
1.049667467723092886e+04
9.202112095669970586e+03
1.049903980181352017e+04
1.023026901763495880e+04
1.011921110969373512e+04
9.694768274348954947e+03
1.042420972776338749e+04
9.340543692827839550e+03
1.053035568111829707e+04
1.043389605122428293e+04
1.032382983977922413e+04
1.053433984901732765e+04
1.022664182778546819e+04
1.031206445365911895e+04
1.027833879576722393e+04
1.029690719236032601e+04
1.057530329533162876e+04
1.000731951355993442e+04
1.007244975046472973e+04
1.033026732614916546e+04
1.032449166235892335e+04
1.036511176714053545e+04
1.023420586157609068e+04
1.058820065777104901e+04
9.794788432050023403e+03
9.815068212317863072e+03
1.049178538206925077e+04
1.056802147901424178e+04
9.344027682277624990e+03
1.045477224767073858e+04
1.029997275559629998e+04
1.053642707477967087e+04
9.937067679005163882e+03
1.057084846422569899e+04
1.055975814325719330e+04
1.061338435243714048e+04
1.039782791725592506e+04
9.850932581568296882e+03
1.048162933687604527e+04
1.043936149209792347e+04
9.962065927753195865e+03
1.043887702399546833e+04
9.684582727118040566e+03
1.021671170918299686e+04
1.051457072390691428e+04
9.976148523827538156e+03
1.032395325386764307e+04
1.048881276515245554e+04
1.057572908036368972e+04
1.060737888239919812e+04
1.002116636298773119e+04
1.052466185562859209e+04
1.049118174945036662e+04
1.052556964009245712e+04
1.044762528113873668e+04
9.983599501860056989e+03
9.947875552389003133e+03
1.003595165179860305e+04
9.105824274562663049e+03
9.603977053710592372e+03
1.040861180502747084e+04
1.056722594883466991e+04
1.060027039843005332e+04
1.037204083637792792e+04
1.052886677314110784e+04
1.024937159274092846e+04
9.092650764820748009e+03
1.031591347421033424e+04
1.037909363506173759e+04
1.022692383887778306e+04
1.048126943499980189e+04
1.017351707378298124e+04
1.045670219268307483e+04
1.056446620030142731e+04
9.641996065435016135e+03
1.046305416550736481e+04
1.052064431431771300e+04
1.023833282359220539e+04
1.044365670502616013e+04
1.043144560959419869e+04
1.031967805084465363e+04
9.795207943569477720e+03
1.038351547753437626e+04
1.048446154382850727e+04
9.858154192282090662e+03
1.003086553051862029e+04
1.021019423116312646e+04
1.023045877750153886e+04
1.019605072958274104e+04
1.046008363777110571e+04
1.046589820535525359e+04
1.037997718162411547e+04
1.003639777841325485e+04
1.012367214176357265e+04
9.925471051619228092e+03
1.047297628606493163e+04
1.005913922315702439e+04
9.908483355008709623e+03
1.010924354536473766e+04
9.567830028723577925e+03
9.917321217245189473e+03
1.040816679975777879e+04
9.454868648135756303e+03
1.020815570826704061e+04
1.044164615331119057e+04
1.061203435148784592e+04
1.039957769531100530e+04
1.047292327079640017e+04
1.048569837324149194e+04
9.925627013516688748e+03
1.057335757177644336e+04
1.029942598439188077e+04
1.022505547023229155e+04
1.023054628015702110e+04
1.046413232775311553e+04
9.475560011576546458e+03
9.848422324615352409e+03
1.006076436063086658e+04
1.047834289467517192e+04
1.056206599044252471e+04
1.050260123879369348e+04
1.029578618378956890e+04
1.026653397836985641e+04
1.057623074526279197e+04
1.037597363909890191e+04
1.048018470627769238e+04
9.755573756839548878e+03
9.099010818362370628e+03
9.416840617561356339e+03
9.429387049002654749e+03
1.048473383852434745e+04
9.943233036394678493e+03
1.042183159505402728e+04
8.870657783860449854e+03
1.033562593592892335e+04
1.059356240049499320e+04
1.027790170189330092e+04
1.045572673273665168e+04
1.018654348205849601e+04
1.045376341187339494e+04
9.876360267039726750e+03
9.985147770503370339e+03
1.036305409620805949e+04
1.054181428741032869e+04
1.054573682581879257e+04
1.058996036851336976e+04
1.021741563628008589e+04
1.060387074571261473e+04
9.944372458138437651e+03
1.022343478169554692e+04
9.840446388152391592e+03
1.052517833474065628e+04
9.595612529522088153e+03
1.061117721900939796e+04
1.051437493774302493e+04
1.058263505845904001e+04
1.033341053540897701e+04
9.878650546446931912e+03
1.027403466808942358e+04
9.315892215864114405e+03
1.056005332538076254e+04
1.013116320195563276e+04
1.032081583530466196e+04
1.046273503138679553e+04
1.004828113642864082e+04
1.024500525684776585e+04
8.890884689788879768e+03
9.975563897944981363e+03
1.020591716704193277e+04
1.047513210211895421e+04
1.059041678858654268e+04
1.030751747862389311e+04
9.878091505699003392e+03
1.017341117364674756e+04
1.006159691839048173e+04
1.019605072958274104e+04
1.001717129788109014e+04
1.032825973542334214e+04
1.025008811054804028e+04
1.026972445118265205e+04
1.039694141003257209e+04
1.055666024892213682e+04
1.044912237152777743e+04
1.017253777425836415e+04
1.051743984541911050e+04
1.050093646553137296e+04
1.052341119550423900e+04
1.039037994045567757e+04
1.033287762591075079e+04
1.059727622361817339e+04
1.045381589088982946e+04
9.696180237025899260e+03
9.839748624642739742e+03
9.894548004941159888e+03
9.947105017267918811e+03
1.003230219991217382e+04
8.958446708082237819e+03
1.045820421459402314e+04
1.026823431880679345e+04
1.026269419113884942e+04
1.059248040212276828e+04
1.017460214120270030e+04
1.057015261874488897e+04
1.032620733284889866e+04
1.027829209842660930e+04
9.580398555433530419e+03
1.001532866856299006e+04
8.939645451244563446e+03
9.759144560339342206e+03
9.588106041531089431e+03
1.051813311622996116e+04
1.025579231797444299e+04
1.058565604700323456e+04
1.043627743251281572e+04
1.052472162076139284e+04
1.008852085851931042e+04
1.045144189110103434e+04
1.035215144461413365e+04
9.644654190628107244e+03
1.014076557827540091e+04
9.919719282061136255e+03
1.040501808139663626e+04
1.053284683322177807e+04
1.031728829751447302e+04
9.765913246557927778e+03
1.000191799763221934e+04
1.047265237557050204e+04
1.034972653344377977e+04
1.058774691908461136e+04
9.984549014546690159e+03
9.742085019046076923e+03
1.031651533266403931e+04
1.043784738798277976e+04
9.642076123371762151e+03
9.976299366214367183e+03
1.025501786151819215e+04
9.834977090913758730e+03
1.042350573812521907e+04
1.021434844666644312e+04
1.034667475157735862e+04
1.048677950148771197e+04
1.022267125494181710e+04
1.036575696068510297e+04
1.013107813503727812e+04
9.288690750169967941e+03
1.034086160154828212e+04
1.010962034201963070e+04
1.035641609636282010e+04
1.011323074271395308e+04
1.043724220742113539e+04
1.036685255874774521e+04
1.059080731655818818e+04
1.036835808040342454e+04
1.054388601670840399e+04
1.043604629007195035e+04
9.124164515726224636e+03
1.040867623370427827e+04
1.049981624395080507e+04
9.949936808302501959e+03
1.012659865259388789e+04
1.020279133023408576e+04
9.213790807519653754e+03
9.450307180391613656e+03
1.035865731763352233e+04
1.054044219677895671e+04
9.632966691037632700e+03
1.054748065983690321e+04
9.575615240375987923e+03
1.045266830370941352e+04
1.050023339871912503e+04
1.042264278711837323e+04
1.060815823356160581e+04
1.050420671534483336e+04
1.010969907041955048e+04
1.047170311948468043e+04
1.036229060489936091e+04
1.001322975784345545e+04
1.056800167804331068e+04
9.568518618083209731e+03
1.046372048347445525e+04
1.038731305467148923e+04
9.543469425523971950e+03
1.031559937576609445e+04
1.044744750109432789e+04
9.287958640530716366e+03
1.055332733846242991e+04
1.006347070223284754e+04
1.037066245347493532e+04
1.053213542343769222e+04
9.571515638282020518e+03
9.531566185764288093e+03
1.060870538670556925e+04
9.067722592925430945e+03
1.056711088089133045e+04
1.059191120443633554e+04
1.030516110125324485e+04
9.744584128350265019e+03
9.448647018213705451e+03
1.060395301203100098e+04
9.708046141065860866e+03
1.060344733435603121e+04
9.494110094621915778e+03
1.057338170755838837e+04
9.507915520474987716e+03
1.048281592093975996e+04
9.839944605303733624e+03
1.052988727296480465e+04
1.045669876627387566e+04
9.252511133356863866e+03
1.022787620663816597e+04
1.045905361767917930e+04
9.823387919558452268e+03
1.059457896583052752e+04
1.050854551319007987e+04
1.039454744743902120e+04
9.958441880502039567e+03
1.021129695788533718e+04
1.036033194782881583e+04
1.059929047744818308e+04
1.031507246792456499e+04
9.859452434445460312e+03
1.029204316770810146e+04
1.042992519824825649e+04
1.005160642248340992e+04
1.024459604241491252e+04
1.012916365037949436e+04
9.856468005323535181e+03
1.051634232102101305e+04
9.984993479372813454e+03
1.057202925077134387e+04
1.058368478378355212e+04
9.924252687957581657e+03
1.043228187051064015e+04
1.057499744722281321e+04
9.914451310747019306e+03
1.055898103883404474e+04
1.059700888964969818e+04
1.018947997528329506e+04
1.015593439999845577e+04
1.017092630993838065e+04
9.416675262750406546e+03
9.600309446298208059e+03
9.285841620505305400e+03
1.016894089989993154e+04
1.004161052088509496e+04
9.883439531358251770e+03
1.050904754822084033e+04
1.035832424627415821e+04
9.815755494460461705e+03
1.055029196810502799e+04
1.001534623322031621e+04
1.061157723976472334e+04
9.982593659695237875e+03
1.052553299481728209e+04
1.042022075850449983e+04
1.055176604358181612e+04
9.577248906380402332e+03
1.034728642021974701e+04
9.693601277913829108e+03
1.043875688626536066e+04
9.449950557354515695e+03
9.503021296275106579e+03
1.040228382404495642e+04
1.013736982861136130e+04
9.632355878517897509e+03
1.034305161651040726e+04
1.035085654491624882e+04
1.031465338882802826e+04
9.681330526383753750e+03
1.038988458020790495e+04
9.548011227917490032e+03
1.014766065975966194e+04
1.057338170755838837e+04
1.026170387902942821e+04
1.046597965248382752e+04
1.015094510903107584e+04
9.833454419243535085e+03
1.037865727102483288e+04
1.046532540493954366e+04
1.058623981253961938e+04
1.043867844584586965e+04
1.046407604819441440e+04
9.803971358170712847e+03
1.040134675209729721e+04
1.019012273522913529e+04
1.057968931079283357e+04
1.045013283941757254e+04
9.935420049605052554e+03
1.059781269604331465e+04
1.055331708703528420e+04
9.318052684572779981e+03
1.058378064073722635e+04
1.021520052527866574e+04
9.643820826186809427e+03
1.022758335961405828e+04
9.517644787583978541e+03
1.041448277241791948e+04
1.020735539281559977e+04
1.020609549280182910e+04
1.009342204647001017e+04
1.026398473007665598e+04
1.020432518955140768e+04
1.028112516030408369e+04
9.820424797991157902e+03
1.044507219985092161e+04
1.012976670234117773e+04
1.038708355771949755e+04
1.049198858612366894e+04
1.055040780401211487e+04
1.060617820352645140e+04
9.975062582566761193e+03
8.803395724698002596e+03
1.060363496587362351e+04
1.059237623556845574e+04
1.053122270984385977e+04
1.016894089989993154e+04
1.040511851289160404e+04
9.994177899951690051e+03
1.057224277178576085e+04
1.058343628540416466e+04
1.057343273434917137e+04
9.202112095669970586e+03
1.059571755442884023e+04
1.060326225539966254e+04
1.008540227441180105e+04
1.060647582618781962e+04
1.057893689522747627e+04
9.804885825630262843e+03
9.587323464359207719e+03
1.015345287648596059e+04
1.044930446734356883e+04
1.031944697398919016e+04
1.039316604326552078e+04
9.741328790590963763e+03
9.942356217933111111e+03
1.045442507168654811e+04
1.057792675854648769e+04
1.058917166659024588e+04
1.052097655282873166e+04
1.016489608649894944e+04
1.050228593546333832e+04
1.035211909147074766e+04
1.023927850685967496e+04
1.033751344874916322e+04
1.031954495183745894e+04
1.041893106528091812e+04
1.044164615331119057e+04
1.043134561204036800e+04
1.027582054298391267e+04
1.056689938566346427e+04
1.052772828568135810e+04
1.041325455410774521e+04
9.468853284122507830e+03
1.029571443707774961e+04
9.702385168013077418e+03
1.026005395635988134e+04
9.831855567209562651e+03
1.045429122576252485e+04
1.002428432797186542e+04
1.027058606922935360e+04
1.015911644207498830e+04
9.999470644715607705e+03
1.002160519958293480e+04
9.969503965324809542e+03
1.040170307612326724e+04
1.055532617378452414e+04
8.890884689788879768e+03
1.018638041865574087e+04
1.033549142450151703e+04
9.493952754907279086e+03
9.993193619177973233e+03
1.055203591961488200e+04
9.719525942562919226e+03
1.037349249260745637e+04
1.002706000782927731e+04
9.753738146485298785e+03
1.024360548099138578e+04
1.042258801796003718e+04
1.059753377996318159e+04
1.040391034095417126e+04
1.045629749566287137e+04
1.056757915111350485e+04
1.058206156587609257e+04
1.013595937719554058e+04
1.056129389505106883e+04
1.030837116497816714e+04
1.044175252214115972e+04
9.719738741653252873e+03
1.014203384559350889e+04
1.051243638457255474e+04
1.029424803289709234e+04
9.988092750636864366e+03
1.008754397311529465e+04
1.037819839427717670e+04
9.954874094848044479e+03
1.033154572436894523e+04
1.061107444285532802e+04
9.970285698846071682e+03
1.054787518662726870e+04
1.035046478635973108e+04
1.045692932753635250e+04
1.059536403475018597e+04
9.471206829897984790e+03
1.036828207422626838e+04
9.818068723440434042e+03
1.048226942384217182e+04
1.003649570235076135e+04
1.053105791376187699e+04
1.061362927663190021e+04
1.047989032406161459e+04
1.049120271496966234e+04
1.011639796659363492e+04
9.982362186734044371e+03
1.060364751847465413e+04
1.008595450833209543e+04
1.024117900001674388e+04
1.041625052629493803e+04
1.055519749765698361e+04
1.035353306552060894e+04
1.038884127357491525e+04
1.005772142971042013e+04
1.016603261144505814e+04
1.017628088667505290e+04
9.625238356722558819e+03
8.758035798696133497e+03
1.056047044342252775e+04
1.047098637603009774e+04
1.032058555431501736e+04
1.021642840363163486e+04
1.045107096240670762e+04
1.056722594883466991e+04
1.050212817446856025e+04
1.007605232974608043e+04
9.642784207167262139e+03
1.043660124412279038e+04
1.024117900001674388e+04
9.187195096788615047e+03
9.640160919965435824e+03
1.034646309091440708e+04
1.036856747295781497e+04
1.038556404977505008e+04
1.052774403089860061e+04
1.013411150244302007e+04
9.139736676402990270e+03
8.938705173712485703e+03
9.875891233314612691e+03
1.045953752930328847e+04
1.038065657721617936e+04
1.049205824954571108e+04
1.060870006320382163e+04
1.023928557528227975e+04
1.057463373459413560e+04
