1.002684813093013872e+04
9.878715773771618842e+03
9.871681020872962108e+03
9.299121628793858690e+03
9.647056805314783560e+03
9.795755443555022794e+03
1.008250957105520865e+04
1.002384521283056529e+04
1.009144574527097939e+04
8.639997393481882682e+03
1.011688586233201931e+04
9.128944190864222037e+03
1.027298137077022511e+04
1.007943396764584395e+04
1.015993908378602282e+04
1.016535338229411354e+04
1.028978443072765731e+04
1.016475023760853583e+04
9.041433942755757016e+03
9.523638592649302154e+03
9.903245638207547017e+03
1.029985806245472486e+04
9.437897310755841318e+03
9.553780753650247789e+03
9.735698683019039890e+03
1.017219215370774327e+04
1.014980884914487615e+04
1.027104885530388856e+04
1.014746977256778700e+04
1.001851371275421843e+04
1.010497754746525243e+04
1.020149989698324862e+04
1.003207842483056083e+04
9.888886050650513425e+03
1.016338989927096009e+04
1.028042109841933780e+04
1.030581498546035800e+04
9.448268763396456052e+03
9.729089279732883369e+03
1.022800862116955250e+04
1.005237601503498081e+04
9.943706782091270725e+03
9.881600354576086829e+03
1.014690500255722327e+04
9.812809233112729999e+03
1.007360167401832950e+04
1.027961462541050787e+04
9.434820088828877488e+03
8.784276844527103094e+03
9.963790515420550946e+03
1.026460490276070777e+04
9.954513234057150839e+03
9.883852926806028336e+03
1.017910633347676594e+04
1.013490887715907775e+04
9.774299449615644335e+03
1.013495890250004777e+04
9.986565196691484743e+03
9.926179380646199206e+03
1.018489069403105714e+04
1.006139062160748836e+04
1.024571714844193411e+04
9.692016686498904164e+03
1.008797468879388725e+04
1.006471261582030820e+04
1.031461859143907895e+04
1.007020571975504208e+04
1.001128753513539414e+04
9.431985088948076736e+03
1.003862468845001604e+04
9.975468411023968656e+03
1.008207680895230260e+04
9.610400438934138947e+03
9.800037831175737665e+03
1.025982846407540274e+04
1.001349087570940901e+04
9.608274458690571919e+03
1.016623801670430112e+04
9.964653104834556871e+03
1.007020571975504208e+04
1.014941944143622823e+04
1.014644824719160169e+04
8.700193668726062242e+03
1.021001157209799931e+04
9.686852225548032948e+03
1.026345392947188157e+04
1.004288327951515748e+04
1.012150494236838131e+04
1.005775437225045425e+04
9.920851953244942706e+03
9.428369804456349812e+03
9.900693927144346162e+03
1.023491898331368066e+04
9.741912773775104142e+03
9.806679964468690741e+03
8.722510485456610695e+03
1.024434193553746991e+04
1.030266995924002185e+04
9.961122477919594530e+03
1.020326006165285798e+04
1.006998407524466529e+04
1.031507648577716100e+04
1.029592375709263797e+04
1.029473881022578644e+04
9.714304341683422535e+03
9.688658685774089463e+03
1.027635259040771234e+04
9.167467662628419930e+03
1.002949499710554483e+04
1.002883988418313129e+04
9.711526348169019911e+03
1.012886215322966018e+04
9.796595923714188757e+03
9.992906433108410056e+03
1.012944118850648374e+04
8.953075480844388949e+03
8.645313965343286327e+03
1.005451315860986506e+04
9.464250119851885756e+03
1.026993033019447103e+04
1.023734267363587242e+04
9.272465487076649879e+03
9.943427925092299120e+03
1.009269375050578310e+04
1.005232102079369361e+04
9.907305579207739356e+03
9.821274911410706409e+03
9.343449963286140701e+03
9.409937316110992469e+03
9.644366094843546307e+03
9.708215759077651455e+03
1.029118167719343546e+04
1.026396016338254776e+04
1.018305381031253273e+04
9.935822018412864054e+03
1.028141063625165407e+04
1.014904296406793219e+04
1.013175692989587878e+04
1.023097591799639304e+04
1.009767153104740282e+04
9.206769880477550032e+03
9.716246636269401279e+03
1.023701604403521196e+04
9.587849940136035002e+03
1.024986572625987537e+04
9.643821923092618817e+03
9.526242621767332821e+03
1.025253962863914057e+04
8.645313965343286327e+03
9.844691721677918395e+03
1.030800384085062251e+04
9.571030667668672322e+03
1.005686349722377599e+04
1.014524746796803083e+04
9.668535466361157887e+03
9.813660065116693659e+03
1.021810927322470707e+04
1.005941829561810664e+04
9.224462554515172087e+03
1.015617604370712252e+04
1.015387466274873441e+04
9.917522579316413612e+03
1.029704202724080460e+04
1.016571005858850549e+04
9.553914309603958827e+03
1.030069361377603491e+04
1.025102350979210496e+04
1.021619512136558842e+04
9.937017036536341038e+03
9.829746189552479336e+03
9.842779770159479085e+03
9.647212632802593362e+03
9.875077585354272742e+03
9.608632914411760794e+03
1.028562104373106558e+04
9.837888574775803136e+03
1.008191191130518564e+04
1.023973068103504374e+04
1.022985643026319303e+04
1.010033034733441673e+04
1.016759626736749487e+04
1.015883790242933719e+04
1.028720916586145177e+04
1.028280175710780168e+04
9.820379426221410540e+03
9.858852116334343009e+03
9.910562016772113566e+03
1.019546547576420016e+04
1.025659414692544124e+04
1.001883882299397192e+04
1.024364445306753987e+04
1.029142546789690095e+04
1.031253715065061624e+04
1.014415033116773702e+04
9.888897266366780968e+03
9.835520696605253761e+03
1.023743352382105149e+04
9.773295181830468209e+03
1.019800929423497109e+04
9.682569879672402749e+03
9.464241250228680656e+03
1.027207822882872824e+04
1.005887151552375690e+04
8.768029946437280159e+03
1.003482160092603590e+04
9.877500424512589234e+03
9.993838688867630481e+03
9.461000083317296230e+03
1.026778111934816479e+04
9.930194138512475547e+03
1.000563541279831952e+04
1.024398011325595144e+04
9.968985892140701253e+03
1.007389400958063925e+04
9.686355301954892639e+03
9.815463725509795040e+03
1.029462540337762039e+04
9.747049022826369765e+03
9.770434959494341456e+03
1.021356414746171322e+04
1.017598841215011998e+04
9.853579941494372179e+03
9.853815674195815518e+03
9.533560283444250672e+03
9.485200422477935717e+03
1.013833732918264650e+04
1.019630660744312263e+04
9.854400337117986055e+03
9.961980407146304060e+03
1.017049690718288912e+04
9.344381767282997316e+03
9.193962550410526092e+03
9.898730496091002351e+03
1.007026585761364913e+04
1.005298061616734049e+04
1.028551306581144672e+04
9.269687102841748128e+03
9.776883407627807173e+03
1.018504878985111645e+04
9.286866530336174037e+03
1.018645261036688862e+04
1.006414947140554796e+04
9.519877136750543286e+03
9.639577034931560775e+03
1.006108361635251276e+04
1.003430339543708578e+04
1.017234031155857338e+04
9.470599151922324381e+03
9.311302755764721951e+03
9.716047808073542910e+03
9.639212731140041797e+03
1.022633861073225853e+04
1.011379886855661243e+04
9.701094900863286966e+03
9.753672558463411406e+03
9.663468164441832414e+03
9.881541583845106288e+03
1.000839800563202334e+04
9.453430283713816607e+03
1.011997260919859036e+04
9.732962626531867500e+03
1.024650454661779077e+04
1.030341759818542050e+04
1.007347233906068141e+04
1.028969318177380410e+04
1.015740561871833961e+04
9.686705607840456651e+03
9.674256484314495538e+03
9.467877650292490216e+03
8.205533320824462862e+03
9.227347037866813480e+03
9.497166564591418137e+03
1.028350545468502605e+04
9.919399308349840794e+03
9.727058305056376412e+03
8.668366492395398382e+03
9.626360463211396564e+03
9.842818100268985290e+03
8.664378874623702359e+03
9.711180304257422904e+03
1.031165455712588300e+04
1.028448709334444357e+04
1.012855079807084621e+04
1.026294857729932119e+04
9.597281634017839679e+03
1.028965258350809381e+04
1.004431951811431281e+04
1.029118167719343546e+04
9.792669721332158588e+03
1.021148586938153130e+04
9.971387536679489131e+03
1.010761533417714600e+04
9.927851120525901933e+03
1.028717519997736599e+04
9.920240373314964017e+03
1.003777443844040317e+04
9.231300631361982596e+03
9.671676441778219669e+03
7.554197951062687935e+03
9.757192827395545464e+03
1.017987578180779201e+04
1.019661694818975229e+04
1.016526476832965272e+04
9.148699755665635166e+03
9.628061010471781628e+03
1.018920428602199900e+04
1.021133472889169389e+04
1.011348987973203293e+04
9.895669328859161396e+03
9.432473102956595540e+03
9.013839820687073370e+03
1.025322535045129371e+04
1.000568078342704393e+04
1.024029294450821362e+04
9.693200986309679138e+03
1.031590721389648024e+04
9.902691996386472965e+03
1.016127475905249958e+04
9.927912112344161869e+03
1.027424571762962114e+04
9.990855491973174139e+03
9.393161261796882172e+03
1.006677442587631958e+04
9.818863175701524597e+03
1.009624826062532520e+04
1.019106428436833085e+04
1.019001621588035778e+04
1.008202467225863984e+04
1.001346229222689726e+04
1.012571610527640587e+04
9.913551375650982664e+03
1.021056259704772856e+04
9.752025230149998606e+03
1.024979261739990034e+04
1.011225544990332492e+04
9.468269682255595399e+03
1.026302116005620337e+04
1.021273210395078604e+04
9.682579011869211172e+03
1.016534865356840965e+04
1.017871569650170204e+04
1.024119696967103664e+04
9.809337815858243630e+03
1.013916455129334827e+04
9.883203742133557171e+03
9.878587805303726782e+03
8.872726398591588804e+03
1.021821270805877793e+04
1.011564442522086938e+04
1.010738044201297635e+04
9.939831400443123130e+03
9.956738593396667056e+03
9.851279098370685460e+03
9.983277368127881346e+03
9.482537225198133456e+03
1.002934440603829535e+04
1.000403048911434598e+04
1.018855474379405132e+04
9.934172113445725699e+03
1.011018951540549824e+04
9.895663256181142060e+03
1.027711475451888327e+04
9.880307052797850702e+03
1.023523095077958169e+04
9.379983735179033829e+03
1.030952625816924592e+04
1.028729372487590808e+04
9.970245230031967367e+03
9.669324271096040320e+03
1.010695456816575461e+04
8.851044077691190978e+03
9.537938280233616752e+03
1.023542635329677796e+04
1.019425499716855666e+04
9.934375722106589819e+03
1.023233527768028034e+04
9.465702007320347548e+03
9.765586029928657808e+03
1.029417365955602872e+04
1.006237485382738305e+04
9.329181312492408324e+03
9.781310903243516805e+03
1.004818335077463053e+04
9.371868508446867054e+03
1.008725505203285684e+04
1.009621500100556841e+04
1.018438795433788982e+04
9.597017173851876578e+03
9.333470961383382019e+03
9.814436742866681016e+03
9.828608021635682235e+03
1.025124379158825832e+04
1.021100369618122568e+04
1.005561615069525942e+04
9.372690262027968856e+03
1.028628707424210916e+04
9.905066475297771831e+03
1.031608357504074957e+04
9.886306170523244873e+03
9.001579794565746852e+03
9.929119137634352228e+03
1.020151195142869256e+04
1.027113174895454904e+04
9.504328056211315925e+03
9.599782909041543462e+03
1.006669312013010131e+04
1.028193020507134497e+04
1.005199361974529529e+04
9.845776366729254732e+03
1.020671670141100549e+04
1.012827446982433139e+04
1.019548176762532785e+04
1.021844201148321918e+04
1.008904694864175690e+04
1.018292958860687941e+04
1.024902968690337184e+04
1.019688402602565839e+04
1.027930917462896286e+04
9.511348886473218954e+03
9.411973103795366114e+03
9.283028639025878874e+03
1.018932883053168553e+04
1.013091107558103613e+04
1.027286646480395211e+04
9.645483004195577450e+03
8.844623764436908459e+03
1.030244769795561115e+04
9.572128831182613794e+03
9.564470330964173627e+03
9.345484423505216910e+03
1.030096340955523920e+04
9.553377159105943065e+03
1.029871167082921784e+04
1.021652093672838237e+04
1.028774605900674578e+04
1.014117864256110806e+04
9.912376512596170869e+03
9.131800968216090041e+03
1.026161907374471230e+04
9.233609157156774017e+03
9.151207465802068327e+03
9.407467742723149058e+03
9.711526348169019911e+03
9.533514495235849608e+03
1.028351293459430599e+04
1.006016518132929923e+04
1.017956626179892191e+04
1.025584918789173753e+04
1.025462488793084412e+04
8.687971858317199803e+03
9.921853257513092103e+03
9.926515467538305529e+03
9.099447506586144300e+03
8.991218108651177317e+03
9.713468620291045227e+03
9.408297279867565521e+03
9.911988846842639759e+03
1.013301835390468659e+04
1.027801870795059222e+04
9.554531751780730701e+03
1.021197032261489221e+04
1.015963037707963304e+04
1.021397158519979348e+04
9.871772273987280641e+03
1.006282440681071603e+04
1.025404244885033404e+04
9.758233382495087426e+03
9.723846968081408704e+03
9.589991024331457083e+03
8.174565208591653573e+03
9.219833360248507233e+03
1.017032170077337832e+04
9.544307622193597126e+03
1.006122565261218733e+04
8.636817178772493207e+03
1.021761861730559394e+04
9.538508046180291785e+03
1.019874582666034621e+04
9.199780699157035997e+03
1.014854458325540327e+04
9.280079066715305089e+03
1.030315332132614276e+04
9.467421426351347691e+03
9.814688402820058400e+03
1.020113650391660849e+04
1.030922909697243449e+04
9.240685145257919430e+03
1.006237544983178304e+04
9.735699065594830245e+03
1.031361860195363261e+04
1.029470134553620846e+04
1.020760376246719898e+04
9.832267264373676880e+03
9.762211876542518439e+03
9.892326170306143467e+03
1.018543211487893495e+04
1.003065241367867566e+04
9.688439184411352471e+03
9.996994454152583785e+03
9.686886808591470981e+03
9.485200422477935717e+03
9.347799619131916188e+03
9.570564507497114391e+03
9.968860137140507504e+03
1.029133075041453412e+04
9.026018849584859709e+03
1.017323045166404881e+04
9.814722544541155003e+03
1.024764061785756348e+04
1.029703150654078672e+04
1.027170749911134044e+04
9.476456202326886341e+03
9.991427069805771680e+03
9.271746556199008410e+03
9.535670526438736488e+03
9.505656709647562820e+03
1.013132760389237410e+04
9.938683785638568224e+03
1.000109927542939840e+04
9.491877373104463913e+03
9.971746824184228899e+03
1.007301250695567069e+04
1.024371039714578546e+04
9.827625504310581164e+03
9.683261420684422774e+03
9.688171869302657797e+03
1.017331417397029873e+04
9.607393907566660346e+03
9.238716391927766381e+03
9.500734493254749395e+03
1.002953662210364382e+04
8.952916727891552000e+03
9.575763015068929235e+03
9.965714887533407818e+03
1.017902483168534673e+04
1.016235057880581553e+04
1.013249247224410101e+04
9.543727886535489233e+03
1.009272992187284763e+04
9.798206441460919450e+03
9.838374459544098499e+03
1.020273361414349529e+04
1.016532908826491621e+04
9.734787067104454763e+03
9.766549469592140667e+03
1.014768044604476745e+04
1.030933519355417957e+04
9.494008227171769249e+03
9.327622496930809575e+03
9.397794810210543801e+03
1.027018219318707816e+04
1.012905095588159020e+04
9.914689480387982258e+03
9.787628561526160411e+03
1.006907840438001767e+04
9.417965991045151895e+03
9.516295219793686556e+03
1.009313029245895086e+04
1.027492143088851844e+04
1.010538722659075574e+04
1.010938784618598947e+04
1.014841294428426409e+04
9.565436928631668707e+03
9.954443679678075569e+03
1.030085781540748576e+04
9.530698974468470624e+03
9.822823945275478764e+03
9.604544960308132431e+03
9.476423323073051506e+03
8.174565208591653573e+03
1.020151239341120163e+04
1.018698423600578826e+04
9.000875963976064668e+03
9.848902664582701618e+03
9.820379426221410540e+03
9.926162815998795850e+03
1.007360167401832950e+04
1.024515322002523681e+04
1.030755729116004295e+04
1.021052094546215812e+04
1.031245433449626216e+04
1.023542635329677796e+04
1.027840996899051243e+04
1.021873087036670222e+04
9.851684964351359667e+03
9.623548743934530648e+03
1.023889093934229822e+04
9.960031469368499529e+03
9.957193780869389229e+03
9.468657257436614600e+03
1.012033659145435013e+04
1.005295356303381959e+04
1.019312570292067176e+04
1.005606799617839715e+04
9.793074553072701747e+03
1.018926727696488160e+04
1.024179305689623652e+04
1.027351287891348693e+04
1.003932820848080883e+04
9.663854200600340846e+03
9.960200420457182190e+03
1.016597069117968931e+04
1.030421589911964838e+04
9.982964103612268445e+03
9.708381596708069992e+03
9.846119050052835519e+03
1.029526811473820271e+04
1.010602201342479384e+04
1.007947148226421814e+04
9.380939053761510877e+03
9.663215698100986629e+03
9.751215581663647754e+03
1.026376212239286542e+04
9.984935058315757487e+03
1.007827410873818008e+04
9.355603158561398232e+03
9.085557099955491140e+03
1.024979261739990034e+04
9.989359088819997851e+03
1.022692767216319044e+04
1.005910902847141551e+04
1.018810367861171108e+04
9.945457215787386303e+03
1.027034720319434564e+04
9.932329011271824129e+03
1.010537997173899566e+04
1.010214851035113134e+04
1.011721601938192907e+04
1.011254161793496678e+04
9.852390627085678716e+03
9.247838993701891013e+03
8.739328365553174081e+03
9.875077585354272742e+03
1.027034720319434564e+04
1.004496074624527137e+04
9.668134916985509335e+03
1.005384462628561414e+04
9.944293514826338651e+03
1.026593152325785195e+04
1.012064648961939565e+04
9.842779770159479085e+03
1.011710318227782409e+04
1.007360167401832950e+04
9.937471094005937630e+03
9.848576425410350566e+03
1.015569441332097267e+04
9.820028295539632381e+03
1.016963626133786784e+04
9.814896688056887797e+03
1.030352552717486651e+04
9.567481357961212780e+03
1.019528222324803028e+04
9.279913036945390559e+03
1.024820975961791373e+04
1.006505301367343418e+04
1.022178147223697852e+04
1.028865697449944309e+04
9.901987428119140532e+03
9.447186499019875555e+03
1.028975146925932131e+04
9.818322393551381538e+03
9.847457263578900893e+03
1.029667055475474990e+04
9.939463902128889458e+03
1.026028935460582943e+04
1.015711252569889621e+04
1.015390311744717474e+04
1.010292070482763665e+04
1.017767654197494630e+04
1.011348987973203293e+04
1.025116983515915490e+04
1.011829673603926858e+04
9.974563146314034384e+03
1.030622344573884038e+04
9.052762829311423047e+03
9.951919454396062065e+03
1.011974730130151147e+04
1.024543138767971323e+04
1.009546979488235229e+04
1.017430557789123122e+04
1.027912316437419213e+04
9.869136669695933961e+03
9.902134745631206897e+03
9.723686850869749833e+03
1.016469681137253610e+04
9.653369121072493726e+03
1.028806515282422697e+04
1.011878399720427842e+04
9.845776366729254732e+03
1.006985497841476172e+04
1.017598841215011998e+04
9.830762901237425467e+03
1.008558900283444018e+04
1.023677791789062394e+04
9.958237699722551042e+03
9.725451681670647304e+03
9.371868508446867054e+03
9.926386913331141841e+03
9.563850427126853901e+03
9.653060681526294502e+03
9.458533310112117761e+03
1.009429853303104392e+04
9.871490802428626921e+03
1.006647009217201412e+04
1.004348355732960772e+04
9.853518156722657295e+03
9.818407508351741853e+03
9.884270290454234782e+03
1.019439902775050177e+04
9.960356301459220049e+03
9.956520560000748446e+03
9.982577101082719309e+03
9.366647454457479398e+03
9.518650317303872725e+03
1.018541260440766382e+04
9.855156491751340582e+03
9.217553292067286748e+03
1.019044456135809378e+04
1.017570680848016491e+04
9.889662187898724369e+03
9.399293238509635557e+03
9.472290826950556948e+03
1.031506558860612859e+04
1.026428165031854587e+04
1.011114296503324658e+04
9.981645251018275303e+03
1.011107383249365739e+04
9.995856690075614097e+03
9.917802797296071731e+03
1.021570537251967835e+04
1.017987578180779201e+04
1.014412813598631692e+04
9.852343072990561268e+03
9.452250520905561643e+03
1.005232236032406581e+04
1.030078259600265119e+04
1.026799714000743734e+04
1.015598499375994652e+04
1.030165969538913305e+04
9.594371643721904547e+03
1.022524090850289394e+04
9.106627101901995047e+03
1.007167342577059571e+04
1.007537867633486167e+04
1.010515260332707840e+04
1.021938598728138459e+04
9.995680365125655953e+03
9.648854365287343171e+03
9.808160435967676676e+03
9.533822734514853437e+03
1.016852713733582823e+04
1.011741963425289214e+04
1.026649923961508102e+04
1.013301835390468659e+04
1.029417397692440136e+04
1.029157577423693510e+04
1.017121957375634156e+04
9.788918518907754333e+03
8.714002423900652502e+03
1.004323455159582591e+04
1.026586056030915643e+04
8.889305907665569976e+03
1.011501383904024624e+04
1.012928124079483314e+04
1.023996729706744918e+04
9.635734951712543989e+03
9.974692157009929360e+03
9.843350913299727836e+03
9.839135568315190540e+03
9.292298327349626561e+03
9.179217606686361250e+03
1.011167292511396226e+04
9.689997951226589066e+03
1.023126798686989423e+04
9.139613649709182937e+03
1.025929334739064689e+04
1.010847098409636419e+04
9.945225999997703184e+03
1.023644769577927946e+04
9.842147290893710306e+03
1.028910764189975453e+04
9.869136669695933961e+03
1.023343354914562042e+04
9.168210620277550333e+03
1.012642385898375142e+04
1.027950929882058335e+04
1.007493165872837199e+04
9.918208395499535982e+03
1.029872816144460558e+04
9.695125053601037507e+03
1.015146819651207079e+04
1.019131834392759265e+04
9.608172515848147668e+03
9.823776840603011806e+03
9.338737614119607315e+03
9.800037831175737665e+03
1.023527545770686265e+04
1.010080566947670923e+04
8.998953773649769573e+03
9.623143026632233159e+03
9.871407597087698377e+03
1.026171684070360425e+04
1.001379198533289127e+04
9.765905023621218788e+03
1.023309448132981015e+04
1.007518872564122285e+04
1.008716070977734307e+04
9.506333367976061709e+03
9.976448548918997403e+03
1.020041232732170465e+04
1.027523485192067892e+04
9.949171449505545752e+03
1.021858317283567703e+04
9.462667990466041374e+03
9.442667568328281050e+03
1.031590721389648024e+04
9.582926060557660094e+03
1.013263431478881284e+04
9.758378151339366013e+03
1.023883620926550429e+04
1.005406364297537766e+04
9.770107704876418211e+03
9.964334379901598368e+03
9.754352539561696176e+03
9.985265064681738295e+03
9.987413602067725151e+03
9.568078075495375742e+03
9.521437352877044759e+03
1.020505329798360617e+04
1.029056476765303523e+04
9.532847162796202610e+03
1.001034157722859527e+04
8.701238279351644451e+03
9.174041144463333694e+03
1.029485049733625965e+04
1.031139420828663060e+04
9.607985238125877004e+03
1.000329465134145721e+04
1.011451039202616994e+04
1.017732328025544848e+04
9.807194101620129004e+03
9.742112387693880009e+03
1.023523095077958169e+04
1.026937280584620930e+04
1.019001621588035778e+04
1.005215105932718143e+04
1.025096335323959283e+04
1.021480696612769862e+04
1.022913758029584460e+04
1.030000545879726269e+04
9.843484079669198763e+03
9.509472497114522412e+03
1.027176931458831314e+04
1.015377505223096159e+04
1.005904882918111252e+04
9.667310477430917672e+03
1.007872151207973729e+04
1.016116097171392175e+04
1.020245737067808295e+04
1.009926799840205422e+04
9.846009808095363042e+03
9.962338944350240126e+03
9.401514486990894511e+03
9.636696264537742536e+03
1.001349087570940901e+04
1.004984241115070290e+04
9.354566532428656501e+03
9.209321247827105253e+03
9.966399715166811802e+03
1.026920028515094964e+04
9.926272702037702402e+03
1.000681232647878096e+04
1.004206778075718830e+04
8.926858106479092385e+03
9.951899651835545228e+03
9.995249227012267511e+03
9.673916441794968705e+03
1.015784608747437051e+04
9.874496721143052127e+03
9.853557500801278366e+03
1.015088978267115817e+04
1.001170249081418660e+04
1.026376212239286542e+04
1.026643150543070442e+04
8.724598646828566416e+03
1.022193878537819364e+04
1.028557903967389939e+04
1.019431658103717564e+04
1.027777848635463488e+04
1.028497587538930384e+04
1.026667180103012652e+04
9.719133189018139092e+03
8.952916727891552000e+03
1.013792752479471528e+04
9.701780895182795575e+03
9.976762520653561296e+03
9.703207047326364773e+03
1.027586381985759363e+04
1.030389928612133008e+04
8.614188885249857776e+03
1.024340446883893674e+04
1.022643351280664501e+04
9.797937987783036078e+03
1.023833970606986622e+04
9.667533789513428928e+03
1.006864531852523214e+04
9.165241279465428306e+03
9.817623390338929312e+03
9.459450329721397793e+03
1.011395081511725766e+04
9.650666924773508072e+03
1.023890952346918857e+04
1.018338021129207846e+04
1.007943396764584395e+04
1.006301146207988677e+04
9.922238598167090458e+03
1.027986525255269589e+04
9.928530296065062430e+03
1.030839886425670011e+04
9.580452388747224177e+03
8.836271600103615128e+03
1.029667055475474990e+04
9.985586443552874698e+03
1.011594644978522774e+04
1.024203744972075401e+04
9.654810303898953862e+03
1.016563459641317968e+04
9.626478345588131560e+03
9.552448391040263232e+03
1.016714713411426055e+04
9.562944720169209177e+03
9.897786242699798095e+03
8.938825478986875169e+03
1.023468157056722703e+04
1.017189826106740657e+04
9.139007499347428165e+03
1.000403048911434598e+04
1.027378096606998952e+04
1.031257674188116653e+04
9.567043092379981317e+03
9.982541062635882554e+03
9.856095994864404929e+03
9.745729057175462003e+03
1.027185023485202692e+04
1.002598286393956914e+04
1.013170765917406243e+04
9.854333345833822023e+03
9.985093842240847152e+03
9.914108748752300016e+03
1.017886395181030457e+04
9.825478524619000382e+03
9.423146934457457974e+03
1.023386322780283444e+04
1.021462357870030246e+04
9.008069085580462342e+03
1.009272992187284763e+04
1.025337943310401715e+04
1.016667691504298637e+04
9.720870243559033042e+03
1.028312814494726990e+04
9.956108474630695127e+03
9.329181312492408324e+03
1.016455610048333983e+04
1.018849042819852730e+04
9.921190483189016959e+03
8.868168515922658116e+03
9.727582251253259528e+03
9.193374832747933397e+03
1.027140632691756400e+04
9.819022681608588755e+03
9.940920615779501532e+03
1.020159812121115283e+04
9.529461712221000198e+03
9.939588209136665682e+03
1.014323034038103106e+04
9.358418315516661096e+03
9.683831220267657045e+03
1.023135337354269177e+04
1.011479080260791670e+04
9.337339686147639441e+03
9.809290533924344345e+03
1.029876253087141595e+04
9.064919610518816626e+03
9.860546583004457716e+03
1.025636656599310299e+04
1.021280181652890496e+04
1.020615180704218801e+04
1.031194787429994722e+04
9.789185428927852627e+03
9.975036097137701290e+03
9.976819817289971979e+03
1.020936588896249486e+04
1.030636830644809925e+04
9.723291490532756143e+03
8.737606984604557510e+03
9.711526348169019911e+03
1.006758589788263635e+04
1.005516004430875910e+04
1.021219704795541475e+04
9.972514466514665401e+03
