4.558108908499476988e-04
6.170175783936037144e-04
7.103327077435824238e-04
6.507748268373972833e-04
4.164938861441983150e-04
9.550261826933833034e-04
7.905062943414111181e-04
1.028451874340333312e-03
9.176772691273327133e-04
7.446308891418493715e-04
4.551502013036915211e-04
4.139749945795708863e-04
3.007042425313113856e-04
1.762040228328283834e-04
4.425761052365126185e-04
4.160163023823442168e-04
1.213926800652292666e-03
1.886101269487615599e-04
6.458534232271246223e-04
3.261485323352410551e-04
1.852273061196240550e-03
1.048318509692966992e-03
3.172284142828080133e-03
5.320570310834400263e-04
7.045318810525139260e-04
6.162878892722755851e-04
8.404797889622005712e-04
4.630066693338929086e-04
3.579399956164105935e-04
8.221683466791350177e-04
5.424950643182792180e-03
2.304982021048636916e-03
1.184734673575474698e-03
7.845859251505247350e-04
5.964368842724351080e-04
1.056539587303395372e-03
1.354817122531975582e-03
4.904985358688571193e-04
5.098116737707109785e-04
1.232614882867163640e-03
6.956791384527029071e-04
1.027193130010186891e-03
2.661992151372693204e-03
5.344287487580847091e-04
2.217323029455451255e-04
5.202956541856859195e-04
9.252474453161723105e-04
8.259349847996286286e-04
7.196065046482046481e-04
2.418858432051631418e-04
3.658868572265288016e-04
3.344865488240915288e-04
1.155397988321464229e-03
2.707786151895527301e-04
7.800926245878779704e-04
7.256577541664032587e-04
9.491491121896888971e-04
4.331978240196067463e-04
1.349137106144174866e-03
1.796449025247983918e-03
4.708918042046914758e-04
4.530577497726262916e-04
4.943859045873742622e-04
3.487873225120951886e-04
4.458577869102713976e-04
3.243843723781682752e-04
5.038988718100821532e-04
4.374517670303712351e-04
6.834204087325014164e-04
7.821762018551629966e-04
2.927029085004607782e-04
5.419992424895941994e-04
9.984466888122993551e-04
3.834205961685957574e-04
2.239025554099220022e-03
9.165569804893750321e-04
3.472514831123278385e-04
6.164863797831469537e-04
3.416253164731911551e-04
1.396060798368761041e-03
3.888347940936822062e-04
2.389806573875409069e-04
6.680481968649622368e-04
8.384341124694436867e-04
5.632144468231415615e-04
2.856706992808440799e-04
4.892597384767879932e-04
9.355149016460328213e-04
1.221582879173299186e-03
9.942955584623463204e-04
6.428428044336951348e-04
8.572842062299777972e-04
7.957860655133081442e-04
5.402587277997892429e-04
1.047273662329798469e-03
8.484703511976091203e-04
1.834153461462279021e-03
4.444196231048067264e-04
7.695016733925873686e-04
3.801476306311408994e-04
3.402441400171240518e-04
1.044877229681774730e-03
4.218497183977033241e-04
8.468863769443159663e-04
9.580310010500818181e-04
8.470093865157256969e-04
4.859056476641750752e-04
5.739913600946118305e-04
5.833708134950775547e-04
4.309638104294116496e-04
1.071771637755731697e-03
6.186657217427496717e-04
8.822605023262287353e-04
6.468408615383762104e-04
5.590779098307642773e-04
4.694294459123356418e-03
8.650257642079393948e-04
3.301504067677302049e-04
6.281262233465094826e-04
7.291557798618785195e-04
8.797051419964576095e-04
6.838091992657927345e-04
4.478787538917835512e-04
6.382786049808185239e-04
4.018885650853063320e-04
5.362905940813455629e-04
3.467587554895248080e-03
9.340243522221788192e-04
2.194606245291954921e-04
2.616482047218853229e-03
4.614009494460974740e-04
7.883916247162240038e-04
3.427476949531263126e-04
5.228406586410998865e-04
7.173107967731142580e-04
1.433274822433374882e-03
4.144091098511812343e-04
6.932493617746068567e-04
5.627251771874041027e-03
9.896618194751472149e-04
5.408249744446253296e-04
6.962142032939131831e-04
1.897073184628887471e-03
6.240599908720600173e-04
3.046083377926371181e-04
3.461004507179946208e-04
4.684688527019212128e-04
1.049532924849710209e-03
1.193955560003404559e-03
9.173179853417187668e-04
2.233227887207515309e-03
4.883638205726074889e-04
3.162641649424170580e-04
1.684466203745973783e-03
5.840169162088735535e-04
1.520738770390192606e-03
5.680873522826348099e-04
4.321793419760807374e-04
3.871164209100459242e-04
2.507263005256171935e-04
2.027806662031849370e-04
5.300429872874184772e-04
8.185770096817825223e-04
1.179076174775888245e-03
1.083505301268476327e-03
1.129426342081883434e-03
8.104968607005741399e-04
8.351532852081212715e-04
4.648604073880085725e-04
1.191390719032329841e-03
1.287429837663841593e-03
6.743676566707825729e-04
1.411951788861950203e-03
1.121868521229527679e-03
1.404916853001223018e-03
3.673963909490763659e-03
2.022155374705471818e-03
1.542884599503113610e-03
7.103755225442051320e-04
3.580380531152898660e-04
4.869676202905214089e-04
5.191715745431658849e-04
2.032361263678693515e-04
4.224373490230739592e-04
5.870532045035178849e-04
1.567989514807524402e-03
7.104304117534706881e-04
6.843585473287909417e-04
1.127988916715709109e-03
1.297021962797589465e-03
6.856232337018596272e-04
1.831559201229949986e-03
2.264021602240496092e-04
8.452579852473411518e-04
4.653531254711586922e-04
2.338823534847139470e-04
6.407330964739198827e-04
3.000672750929330238e-03
7.026955582914975931e-04
7.669161997856019895e-04
1.076772088116002141e-02
1.228709079672509830e-03
3.637919819162709219e-04
1.030472734606780079e-03
4.391869953331432094e-04
7.410667822208371171e-04
1.144791692811346524e-03
1.241199771002674370e-03
1.750141599640793813e-03
3.924338321005727730e-04
1.571263299232386309e-03
9.877868609898703741e-04
5.943516213613488910e-04
7.069566831230415446e-04
3.198776020231035560e-03
3.509815216705355922e-04
1.128042710821536504e-03
3.620418176102380972e-04
3.463023706800269757e-04
1.031932383437907455e-03
5.987585295244632474e-04
4.472004943564954378e-04
2.378393862798238584e-03
3.764925851713691782e-04
5.569377350894346053e-04
1.555968714607467622e-03
8.686051503263781315e-04
7.943740201606078102e-04
2.885406879788374613e-03
3.896540787726150788e-04
3.824467039006347862e-03
1.955775121950425381e-04
6.971928805367269902e-04
4.516942993651926717e-04
1.261936003420797026e-03
7.869261061746172419e-04
9.478851660415637268e-04
5.341744632121556971e-04
2.779949105660021514e-04
1.558929253117421901e-04
9.143639032767282224e-04
6.888720414526620364e-04
1.725676348822990664e-04
8.367559517215819760e-04
2.444521311725808641e-04
1.069288250578652932e-03
3.965983546483974683e-04
2.239025554099220022e-03
7.594686875528741318e-04
9.597418995190272559e-04
1.058360445659496012e-03
1.099069181613652546e-03
3.592768254428827814e-04
5.169347122086875683e-04
3.474474069123360972e-04
7.174819506313359760e-04
1.191390719032329841e-03
7.110459101499913906e-04
2.201572096308303510e-03
1.140877108787018883e-03
4.499627724998055372e-04
3.459954947186958969e-04
3.407124696963370137e-04
2.590577775936623488e-04
3.708394559754969754e-04
8.079053724335479069e-04
5.302381874406104922e-04
4.325149512792085624e-04
1.136810764360856327e-03
7.176424389577010232e-04
1.144714329198614784e-03
1.076442815628654397e-03
2.919219643198341617e-03
8.074041566920758285e-04
1.022061433341241903e-03
3.789621880028942475e-03
3.724007517700572830e-04
2.998640434201128293e-04
6.924530159160429982e-04
8.491160448957454530e-04
9.007265597872815468e-04
5.537057217329461462e-03
3.073718392637227767e-04
6.225340840684966300e-04
3.480677818986947975e-04
6.494088109978462175e-04
1.167052311419351047e-03
1.011296920217512503e-03
7.037004407436153524e-04
7.575801660680842996e-04
6.518418172229447066e-04
1.407485361481243579e-03
4.130383783405982287e-04
7.983896392462340062e-04
8.805033513716140244e-04
1.260471138164996141e-03
4.721492077946066578e-04
6.191789454069184006e-04
6.686507376829157459e-04
8.577132670888040549e-04
8.644419444137912837e-04
3.707788337232260836e-04
1.179728226620192994e-03
9.106335016039463067e-04
9.550261826933833034e-04
6.232290650945322957e-04
4.346363541100689218e-04
7.994798989952923464e-04
5.337756348668091936e-04
6.241846120385008932e-04
1.980800937035942771e-03
4.025042330059441635e-04
1.885965037691744771e-03
3.626621497096149086e-04
4.017347520962105591e-04
1.153995152051072145e-03
2.563127120190190704e-04
6.904658523452404184e-04
6.280785680334723771e-04
8.073142064678871148e-04
6.102067796306950365e-04
3.766429903388294250e-03
3.173088094179281143e-04
2.608048572811786140e-04
3.844841415522682660e-04
1.885279605816361174e-04
4.831965441448053591e-04
3.632805548843852437e-04
5.195663790581070115e-04
7.471954430447142826e-04
4.019593782797190908e-04
5.552898481885886351e-04
5.795667615333778078e-04
3.018733089762031039e-04
3.700725105053269664e-04
1.834153461462279021e-03
9.308581858249392145e-04
1.051442631120664715e-03
2.953472784944918481e-03
6.250787716786191653e-04
4.575282355766424635e-04
2.639709305413541745e-03
7.697731568031934398e-04
1.300453094941232852e-03
1.323663570553443780e-03
5.506164890058195356e-04
2.948281651027923490e-04
6.651067686100871953e-04
8.922884199065107130e-03
6.759675617803386936e-04
5.026830916260632614e-04
3.627451096232075763e-04
4.755870055748259999e-04
2.934270078608278414e-04
5.868474279124718824e-04
3.557331719755906733e-04
5.874321193722185268e-04
6.926500262507998777e-04
5.650083260502711821e-04
2.838398592178337948e-04
4.974649830097860716e-04
4.396382955541180797e-04
8.696664508463156345e-04
6.010666533816380001e-04
6.444402027202263778e-04
2.158265546653962037e-03
1.833365272594405159e-03
1.228722694520728706e-03
8.074041566920758285e-04
2.165014822347840692e-03
1.430109740088884862e-03
4.130128530430507081e-03
2.191573003224195695e-03
3.845941194830511823e-03
1.895892312114612517e-03
7.722956135998102758e-04
2.198450705312433168e-02
5.542969241902835674e-04
2.637660594854792273e-04
3.157293040893399704e-04
4.803304809214676381e-04
1.796783918010667848e-03
1.310533440471222007e-03
6.618450595380511283e-04
1.741925929198600946e-03
4.730070354961827682e-04
2.609005559832703811e-04
6.432336074098020341e-04
3.890295834491200636e-04
5.948607792592075158e-04
6.664413126956543476e-04
4.018885650853063320e-04
5.421864249636770437e-04
3.549619466632792687e-03
2.557851947284535952e-04
2.751725965751602174e-04
5.992316185199817423e-04
4.244233395707281971e-04
1.263739383745896439e-03
7.943758057182548609e-04
1.284521722401660683e-03
1.996352448963562682e-04
7.466784269241313237e-04
4.895468743390110145e-04
9.887860466090820071e-04
7.257502995463638914e-04
6.128071091016261060e-04
7.064629048119937076e-04
1.194834148012984334e-03
1.672109683830476584e-03
6.851308645631166766e-04
3.196654601394800874e-03
6.981904649433528154e-04
1.049863421384565100e-03
8.514828744704905708e-04
5.330898262786829987e-04
1.585175499172701086e-03
7.040589588552493509e-04
2.018958747987890760e-03
4.968277365970064042e-04
8.060903282651847579e-04
1.562635572338590953e-03
1.132126333244376764e-03
9.682843375330181654e-04
8.146972895706542078e-04
5.915473138508093752e-04
2.225789499232985454e-04
6.388947233211394062e-04
1.068503275928536691e-03
6.707731555727303131e-04
1.195105170255172282e-03
1.946135499189840764e-04
3.185233287870781020e-04
8.932136142277694642e-04
6.441570499700535052e-04
4.340750976196040985e-04
1.038023514573070249e-03
3.903108616568097544e-04
1.554325980777404885e-03
6.688155227758937676e-04
7.937126712839058691e-04
8.942055381132794347e-04
4.426134365633809442e-04
3.314250735077545087e-04
2.217323029455451255e-04
2.754172787052317894e-03
3.833157032443994662e-04
1.131777849267606587e-03
8.297657646626237964e-04
3.626416898093393418e-03
6.851308645631166766e-04
2.125535626513914110e-03
4.797445504452847774e-04
4.439202826638367189e-04
5.269639474344450011e-04
5.533191280150455372e-04
3.738866884253831376e-04
1.598033548547912828e-03
5.558098957769188860e-04
6.889893214896932513e-04
3.238677964504162871e-04
4.893163895619347418e-04
4.577474064427114030e-04
1.530213974356923806e-03
7.762417321610712425e-04
5.098116737707109785e-04
8.861269235506253998e-04
1.069860801189852694e-03
4.777330735967094438e-04
5.513897873564385134e-04
3.492987809203268869e-04
3.324471140006501576e-04
8.123428085172948584e-04
4.164938861441983150e-04
5.196422497585946208e-04
5.966856274470473459e-04
2.405867703565510278e-04
5.635263799734272459e-04
8.701297708450814270e-04
8.830253490508371264e-04
7.310684273694001509e-04
1.678479281611769359e-03
7.202703781533104912e-04
4.232560515084008443e-04
6.228820151240587475e-04
5.371389852080980928e-04
8.784113569611006010e-04
5.387424865045338561e-04
6.582934374839669207e-04
9.340649667947642206e-04
1.009689290092847342e-03
1.582808024010226968e-03
5.669887975466702396e-04
4.826330389122614325e-04
2.383138718466095134e-03
8.923843764113063935e-04
3.731744351638120369e-04
5.105302846359043977e-04
4.976295748141680271e-04
6.442390051416248741e-04
5.603361227729232669e-04
6.622813056208762868e-04
5.569377350894346053e-04
3.292560998205806139e-04
7.045826434236179174e-04
2.689776063670992583e-03
7.223710134286088916e-04
4.174239352111040247e-04
1.876976150104118189e-03
5.469533593435303882e-04
5.194651600563071712e-04
1.211187049631111791e-03
8.804459745428960251e-04
3.069634054647902102e-04
8.384341124694436867e-04
2.239865077004382643e-03
3.150323221465225402e-04
3.541294016941737570e-04
3.381781421950286063e-04
5.447881157958371547e-04
3.195852502217578616e-03
2.569056836167279306e-04
4.648902720399603040e-04
7.905992800978375130e-04
9.342982761599239946e-04
3.596499605241194148e-04
5.973896633072639691e-04
1.194454724079067063e-03
9.366389013410462332e-04
5.493133795964892825e-04
1.390429359987945370e-03
3.747365433249280424e-04
1.900035165963274053e-04
1.218152956957799585e-03
1.036784141805826643e-03
5.672529537319410476e-04
7.578908420372793085e-04
2.183411541876012062e-04
3.392813822398486933e-04
9.154009284771055539e-04
7.992989299519784232e-04
5.646066135550598889e-04
1.386589926518109334e-03
1.162092478138423155e-03
5.467954346558571901e-04
1.532435642795955313e-03
5.509464259539190211e-04
7.675465189192443201e-03
8.582315901044278769e-04
1.140877108787018883e-03
6.252344381496192450e-04
4.730194494198509221e-04
4.011845334911166394e-04
3.781547042800018966e-04
2.110068242231419051e-03
6.254198002716281502e-04
7.113708932065029161e-04
4.008877734391341351e-04
8.725081501595356595e-04
3.114703161829841978e-04
2.742903309116935051e-04
5.986641411640632182e-03
4.265745768069432314e-04
3.429283339468004906e-04
1.103784660478124248e-03
1.374425900874557977e-03
1.173840585207874560e-03
5.711066438908409719e-04
1.948642369858870089e-03
3.120387456143342681e-04
8.425115290205636813e-04
2.973465816368848504e-04
5.308831162142980649e-04
3.684739433449672123e-04
7.927981155244715481e-04
1.282744304923137679e-03
5.285589538487230326e-04
4.079031803594913267e-04
7.702281581137267272e-04
5.516983376519195422e-04
2.402981553782230790e-03
2.033843596301868582e-03
1.785403326618157076e-03
2.239025554099220022e-03
2.650125954751327614e-04
9.818499901582669262e-04
6.444402027202263778e-04
2.520786879627488156e-03
1.176684169176959007e-03
1.039072219002099701e-03
3.569929597148179760e-03
1.090020817861714472e-03
6.422853112125810225e-04
6.122449979878078060e-04
4.585871302412255113e-04
2.956504912204776549e-04
6.164951974174260468e-04
1.354664660020262618e-03
3.969804520717274483e-04
4.181540103480964115e-04
1.778205461662755050e-03
3.413316898615903266e-04
1.219882054841416388e-03
6.452282308710243072e-04
5.128980460595355473e-04
4.775401571486348560e-04
5.828133820160877679e-04
4.602405159091839913e-03
2.128291301570699276e-04
1.013147399605270798e-03
3.318987749583992230e-04
7.753521991288711470e-04
2.277293273874134421e-03
8.556046697461363064e-04
6.010974733779062993e-04
5.429526589704439417e-04
1.357203889733206133e-03
5.935165391674403906e-04
4.227601358635702292e-04
4.453311051046445336e-04
5.344582333164322801e-04
6.983673770792076787e-04
5.369890621119205107e-04
3.431751693030871001e-04
5.024034193463595109e-04
1.156041819291994070e-03
3.852957203814065621e-04
1.425040443309816187e-03
2.748974321814733014e-04
2.315191793713838875e-03
2.573434885622043460e-03
5.603361227729232669e-04
2.979136393461123125e-04
5.312111844189758248e-04
2.194895474227525126e-04
1.157156900875578459e-03
1.426568354328955519e-03
2.926784796356651612e-04
1.078908564800698132e-03
8.590846908711281859e-04
2.741860036152276854e-04
6.806437752010575590e-03
3.983205602506900353e-03
6.510967639780835831e-04
6.982633395345331584e-04
3.539138771657133532e-04
2.475896935137364679e-03
1.202454505972073854e-03
1.339504767079779729e-03
3.795038355501123908e-04
1.352615569244810297e-03
6.013532758346591504e-04
1.284521722401660683e-03
1.204888268912363610e-03
8.204773830858134087e-04
7.759003056995415759e-04
8.261502080083763617e-04
2.145427938341942006e-03
5.985981593026787860e-04
2.135916030496734768e-03
4.359063569818513164e-04
1.183402141485062446e-03
3.170120214084867251e-04
4.941764739171202077e-04
5.457431751487175874e-04
1.273138658345689426e-03
1.046245672883112194e-03
1.178851220179605525e-03
7.964473974487970044e-04
1.336069135844474617e-03
3.578719612830438910e-04
9.877868609898703741e-04
1.306206591118055840e-03
8.056664163002427801e-04
4.900922173296771295e-03
1.356689693315487819e-03
5.275583024034618835e-04
7.062098644033129070e-03
2.091791956784620245e-03
8.711384912220379063e-04
1.843241583491377848e-03
3.214436813293619394e-04
6.395780464685324939e-04
7.495007232272774943e-04
6.379637540241796462e-04
1.168901689992481955e-03
4.816540682640578518e-04
1.325045766087949543e-03
4.603216198217340580e-04
3.224879593064664484e-04
6.760333794762295569e-04
6.149722666432173596e-04
1.263991164945254837e-03
4.882200052949034648e-03
5.035854467206972961e-04
9.481342165857307948e-04
7.186008560223619470e-04
6.276861006334735803e-04
1.038445801816503420e-03
2.948661806185995230e-04
6.858642611588610348e-04
4.161287356359382708e-04
6.361853777605494531e-04
7.975322639403899586e-03
4.472004943564954378e-04
3.064178224066906172e-04
3.003079352352474099e-04
6.145519454038133591e-04
1.419964141999158647e-03
1.358790188631449130e-03
2.990950820855040656e-04
9.070354588196309891e-04
7.882126364534323233e-04
1.122282510937552521e-03
5.654400258168858001e-04
1.019765083857963276e-03
4.055178470201417293e-04
3.761376446667661169e-04
1.231593169616815395e-03
1.295633854844438103e-03
1.585175499172701086e-03
3.626812845697214172e-04
9.309523748726871188e-04
6.708588730064383868e-04
5.252039315868205086e-04
6.432336074098020341e-04
3.294894641271558459e-04
3.416877578438783872e-04
8.454376465354509259e-04
2.040834018867997059e-03
1.660311416556867160e-03
2.390588469511045842e-03
2.117450869807228301e-03
5.023969441888561207e-04
5.763633603107646067e-04
6.125393910958341556e-04
4.088073689461321270e-04
1.267145040743762000e-03
6.473550768943546647e-04
2.714248305303404787e-03
5.344582333164322801e-04
2.987910506407149593e-03
6.813448863571497458e-04
3.587490544313217040e-04
5.991861919087487992e-04
3.046083377926371181e-04
4.861811284744354893e-04
3.213195404042361487e-04
9.694510773797281392e-04
3.449499350153584806e-04
1.463476771963038645e-03
7.686202780598875304e-04
2.142934301141860131e-03
1.643243392248708952e-03
3.896552474885805551e-04
3.146209108202130487e-03
3.332014990150430835e-04
3.536347307982552128e-04
6.129285640293480721e-04
5.026526063731082171e-04
3.513878217764722714e-04
5.228406586410998865e-04
1.009562170367425769e-03
1.074946611406587703e-03
6.243989002884605018e-04
1.128911359945980377e-03
5.549780469982779074e-04
1.371170811996225147e-03
4.714036835581925274e-03
2.160581261761348234e-03
3.224053315544942551e-04
1.648899602987724316e-03
2.840637180777902978e-04
1.626261273824408399e-03
1.045330959841526703e-03
1.743006474174981901e-03
6.299020861073937856e-04
8.773663122842550706e-04
6.708673148291480074e-04
4.715278776164805326e-04
3.927862536436825579e-04
4.750232861119838045e-04
4.320292020334880905e-04
2.133039289123463220e-04
5.085126305642923223e-04
5.346933522831383550e-04
4.731879700644293051e-04
1.410406659291780791e-03
1.018323075551245613e-03
5.306256402889232907e-04
4.983431682348090546e-04
3.706649439015968339e-03
6.414042406754174620e-04
4.519763891164714498e-04
1.610081836290376978e-03
8.777058357688347816e-04
5.278834526695129177e-04
3.238270537307885917e-04
3.914715054552262373e-04
8.999975885922455090e-04
4.829178154732142081e-04
4.027167171334760949e-04
9.136945972256490861e-04
3.761036790750410725e-04
3.999257247162476560e-04
2.235716161667291538e-03
4.602405159091839913e-03
7.672819517068967497e-04
1.221272354403224241e-03
9.377425850886272679e-04
1.601405479003070904e-03
1.479521244346221776e-03
6.857360270002643785e-04
6.444133228174388347e-04
7.873124419895295842e-04
3.256590617577914334e-04
3.245945661037700244e-04
5.253824825772182225e-04
6.719237246817431593e-04
7.665339634535116471e-04
3.242097417200026904e-04
4.721595378932935683e-03
3.172696530073176131e-04
4.310179268994210507e-03
2.464450277206481268e-03
2.619510553240711297e-04
8.292722442619223592e-04
5.385030952073302643e-04
4.740569546130555850e-04
3.280143205824902490e-04
8.762793258166609676e-04
5.873109021001656849e-04
8.822605023262287353e-04
3.176635768662117382e-04
3.281478026425227457e-04
1.285009895699751716e-03
1.439997755787233297e-03
1.550176147486698967e-03
1.229717002725744940e-03
7.185186040908842159e-04
8.712070895537594095e-04
5.277233887823285039e-04
7.362416082975050324e-04
1.193489610489959418e-03
2.702442742495190869e-04
5.778921107622541752e-04
1.378477735792736332e-03
6.009913497113080275e-04
5.342962715384366691e-04
7.433748018958378058e-04
1.284542528236783804e-03
8.576019013838115379e-03
9.085844323882378420e-03
1.547218668923341141e-03
4.570085117542703208e-04
1.461206504991355640e-03
1.168924134043087181e-03
2.236105023986552278e-03
3.281799384832377402e-04
8.945307258153056872e-04
2.947564953989483395e-04
3.845941194830511823e-03
8.874847139323512957e-04
1.080646108184947322e-03
1.686509738859672328e-03
9.665369808528833338e-04
1.312944202160526734e-03
7.943686355787551480e-04
5.507184525522236225e-04
6.828370928355565654e-04
5.433787308725850692e-04
1.265292173652592198e-03
2.959142793542695205e-04
1.020156112809282242e-03
2.690614263268611365e-03
6.510809286635193009e-04
6.768702074377918676e-04
1.107068344904453636e-03
6.097495047205648546e-04
2.666176995196435162e-04
3.513878217764722714e-04
1.144908558804712175e-03
5.803900186632613301e-04
6.302361706190630960e-04
6.515644901747714166e-04
1.996738365113862664e-04
8.031080774008609712e-04
7.632899231794798046e-04
7.025868843333830504e-04
5.320736757133179675e-04
4.484014839074966659e-04
7.529278671513813231e-04
3.539104085146222811e-04
6.764350816304465133e-04
4.070282226212063883e-04
9.808382517008861975e-04
4.862664378065153343e-04
6.667430921916808534e-04
5.500705678388595346e-04
1.028360400671880955e-03
8.685924432302436935e-04
3.461004507179946208e-04
1.010025198987066957e-03
1.789849853333685655e-03
1.222062440673864908e-03
1.045545169675396067e-03
5.365516325646821870e-04
8.885120308818635201e-04
1.151757845063090249e-03
1.292495422398284594e-03
4.053153297970430867e-04
6.671658546129393894e-04
4.794362038695906651e-04
6.464201094263010089e-04
5.850951432372862842e-04
7.052712568530284743e-04
6.222599245046239042e-04
7.234584649613396562e-03
3.769247164988304252e-04
2.762721601799525677e-04
7.937126712839058691e-04
8.612317436935417077e-04
4.494618847546136601e-04
3.913711642568808331e-04
8.533874040365661872e-04
6.578741599633776372e-04
1.321546618822017766e-03
5.782153226775729000e-04
6.330903624006946296e-04
5.573845836228979089e-04
1.151461527490992617e-03
1.477628692742719019e-03
6.085499697998398303e-04
6.691913457945972447e-04
5.233517634531922912e-04
8.901891818569344569e-04
1.020403812903789226e-03
3.123812029939835233e-04
5.301929140351793268e-04
3.409665901614421235e-04
1.633995130081542391e-03
1.282867234132272416e-03
1.181003730759958535e-03
6.755235223262170312e-04
2.467715968660861366e-04
5.875420994245135779e-04
4.468262885602202546e-04
3.781547042800018966e-04
3.080448434736062749e-04
3.456278650140535936e-04
9.243037754556649756e-04
4.839650901981394767e-04
4.107323082410649666e-04
5.962714431144139739e-04
2.369898810178217160e-04
7.069866681492731559e-04
1.001642721620174059e-03
2.617468257079798928e-04
2.356395285735712766e-04
6.360863021662682519e-04
6.777052966151582338e-04
8.158556836502178040e-04
7.758460492572797447e-04
1.100318161160015974e-03
1.255606210414909061e-03
9.198651606164255038e-04
3.731744351638120369e-04
3.244977597758871499e-04
1.306305988660379485e-03
1.252840117307327120e-03
1.919415143528295422e-03
2.444521311725808641e-04
8.937995281150096488e-04
1.409242885037452400e-03
2.843181695634288742e-04
6.812179179189799955e-04
1.346865591864101173e-03
6.027780194352504953e-04
3.338770630750047480e-04
1.396060798368761041e-03
1.881102738473271196e-03
1.466717734559935642e-03
3.791278023523870491e-04
6.066660158232520597e-04
4.189849581592589782e-04
5.318915387533618491e-04
3.746108777926699242e-04
6.014547632033606086e-04
4.146154162314471094e-04
3.443986239916151516e-04
3.568519391220513807e-04
4.803304809214676381e-04
8.853416784791798408e-04
2.825458689123205532e-04
6.457692993353053796e-04
5.851495236287609881e-04
4.397499853873618430e-04
1.563717114264040996e-03
1.503482790097629244e-03
6.001693735570724341e-04
