1.002228351507721991e-03
8.622452629327400156e-04
4.048488686747823040e-04
4.352758054316789213e-04
1.191207940021551167e-03
6.655322558035169696e-04
3.498267914217305266e-04
9.964250612291109758e-04
3.091637736313848596e-04
3.091012497634003852e-04
9.450802868984494939e-04
1.356321876812135443e-03
8.582792388216570981e-04
2.521872291378452163e-04
2.871629342379577597e-04
5.428040803920339882e-04
3.408483365878380998e-04
1.519969787115860692e-03
3.322101133645816032e-04
1.039527536762500492e-03
1.980527450465116319e-03
4.177415551026298344e-04
5.398988012589796574e-04
4.040791785219533558e-04
4.734611549904591595e-04
9.619994350449877218e-04
3.778297487038443552e-04
6.692817344499795438e-04
5.373146409317473447e-04
7.115132371209807174e-04
6.247196431019026025e-04
3.470122056406667170e-04
3.151940486817041533e-04
1.222973640544762226e-03
7.333915717013342892e-04
9.169164787055409608e-04
1.036882137779293438e-03
4.464661632130507854e-04
9.235362718301168760e-04
5.637061912976787338e-04
6.889880780669040399e-04
1.532743002384929316e-03
8.607627915117520246e-04
8.594971733902775869e-04
3.109900147597076132e-03
5.250350548708643391e-04
2.536356208503082231e-04
1.414789358716188545e-03
3.585722357158831002e-04
5.504354186524810068e-04
2.790608851216504270e-04
3.755198699985243336e-04
1.502191152022653740e-03
1.112987471882777172e-03
3.538422004903451286e-04
6.253049309550739098e-04
1.114801972235436155e-03
4.386306556590890537e-04
1.672846477329002681e-03
1.138462742512261986e-03
9.985555422145921643e-04
9.265293781448540175e-04
2.639463996449935030e-03
3.904368076182757226e-04
5.453122106121512536e-04
6.818608796602774070e-04
3.011112502581878275e-04
5.837341433915630871e-04
1.357833860057707908e-03
3.435244603377028520e-04
3.302619487529735243e-04
1.353027354307217165e-03
3.803616354813286506e-04
2.156655638593808202e-04
5.643253228302002504e-04
1.086676136985507968e-03
4.355754334062217760e-04
9.329014327455084589e-04
1.414789358716188545e-03
6.730267756736664280e-04
3.680359794082127111e-03
1.584916061169216192e-03
1.693539743364731297e-03
2.323000004285899792e-04
9.137051450761777497e-04
4.328270584318068053e-04
6.866956245027434338e-04
8.083123697448375529e-04
5.637063394533238210e-04
8.731016352050554805e-04
6.416848410926681741e-04
1.369028592283335656e-03
4.705996342389057369e-04
8.393452307161595235e-04
2.947222983649394460e-04
5.502304377856374624e-04
1.588534564182895667e-03
1.000172953929270771e-03
1.111077384224619597e-03
3.576585028130359009e-04
7.630222999191317666e-04
5.564296848367346251e-04
6.015062111171437563e-04
9.614297235595112160e-04
6.256215290218688791e-04
7.127936384647699623e-03
4.470366895849219816e-04
5.532163266262743505e-04
6.203185021930518114e-04
8.136393699895316410e-04
2.667423871331516851e-03
6.695440466186322387e-04
3.585064433025874275e-04
4.627328857364733025e-04
2.879990123201110687e-04
5.308991277276850235e-04
4.378331522748210016e-04
4.988883529862716800e-04
4.313845726541177443e-04
4.418542718886247752e-04
2.018843279545859534e-04
1.172844415420067413e-03
4.318451106221634305e-04
5.310505680440831587e-04
5.622573362993989535e-04
6.293539311035407620e-04
4.985017960708521857e-04
7.657429669942057661e-04
6.023887713289745750e-04
7.249584344024908060e-04
5.258992121540021847e-04
2.223753910810749926e-03
1.218835137245103664e-03
4.696172925893969110e-04
5.050324027573998989e-04
2.735715129489302202e-03
1.290716558190066997e-03
3.864149195705745979e-04
3.674402513355330257e-03
8.988480780648489075e-04
3.708562945628848546e-04
1.122882568177077179e-03
3.825078144134310917e-04
8.160708849894688722e-04
1.721668267514535463e-03
2.787945799968243130e-03
1.061640893710277421e-03
6.600931867487602788e-04
4.281587130604370744e-04
1.874244112897901484e-03
5.697957543300894963e-04
1.068835209612382106e-03
1.656542378080010222e-03
3.744705423425249047e-04
6.425672804898402597e-04
4.016674336492793832e-04
7.960775101204738179e-04
1.756914097728848930e-03
1.857951561092855905e-02
4.966934235139552250e-04
3.302216300444471781e-04
6.355440803252910545e-04
1.135707555651115953e-03
2.196980574582143436e-04
2.303876434725148298e-04
4.483050665483207528e-04
7.353961795403848693e-04
5.043444569713151663e-04
8.575298590187143376e-04
1.474262831515944696e-03
3.773189057224771289e-04
8.352073594961462047e-04
2.639652431590957561e-03
2.726715717838484616e-03
2.604313379723839530e-04
7.613644141604660647e-04
4.802185426920525455e-03
1.151839307365085628e-03
1.047912749445697577e-03
5.372716141277679262e-04
3.146509191196832263e-04
2.919544776327092934e-04
4.726782455271086574e-04
6.465650503098139190e-04
2.786558958781038464e-04
5.218463277332775242e-03
8.186376704935896748e-04
2.734154003573940114e-03
6.459744242135390850e-04
2.900694688207526659e-03
5.275771956259592190e-04
7.134788446564127671e-04
1.517782803573510756e-03
1.187509006585329725e-03
3.516163367603922121e-04
7.117131128775880215e-04
3.672630290954789528e-04
6.981388019645212153e-04
6.983437981669185501e-04
3.436514822908209345e-04
4.313756437065714537e-04
1.209204733785670862e-03
8.832875549114499762e-04
3.943637415032220234e-03
3.129879610179896101e-04
8.947723262850128473e-04
1.522174051835736928e-03
6.533147101173090304e-04
2.985135151360343402e-04
3.608016482148496389e-04
7.899952886846701777e-04
1.776290873897037013e-03
2.845669239550531319e-04
2.711155570403744886e-04
5.837678070551947105e-04
4.283111761548833905e-04
4.097538174968895779e-04
3.171907782899631477e-04
1.032621907299286759e-03
2.117446229359885943e-03
3.434208274306045985e-04
1.066080506560188393e-03
1.233101355657590954e-03
3.057410338287646040e-04
7.794134016299439967e-04
1.218233359086551499e-03
1.892382364386510727e-03
1.881960091903686280e-03
6.692817344499795438e-04
8.951498486511568669e-04
5.337035192507974795e-04
1.846619219986338689e-03
1.390558563140358419e-03
4.561296430921985760e-04
8.323130899579914664e-04
3.576419239292737595e-04
6.639766381074511427e-04
4.018779333787312127e-04
2.996300605527426188e-04
8.334641407731336162e-04
9.788514003609095557e-04
9.255830470608728900e-04
3.312159925634404478e-04
1.046306675259344203e-03
6.625626828626047897e-04
8.929304706530714246e-04
6.375906926428275869e-04
4.251997103318372610e-04
9.515351940503623566e-04
5.611553640194506809e-04
5.318966857965480403e-04
3.166757188666054429e-04
4.534984033512535345e-03
8.934835696441286714e-04
5.686852467987128486e-04
1.089859452634123422e-03
3.663425136861804218e-04
7.822958047136855698e-04
3.578233588879566746e-03
2.840481424067753521e-04
1.181184855459699442e-03
7.899489180633557581e-04
3.234206081653738345e-03
4.883675839624395700e-04
1.639988892008111898e-03
4.104531869121980352e-04
9.385430072221941046e-04
1.445643220812270740e-03
7.134788446564127671e-04
1.353619191740718705e-03
3.430648936258651129e-04
4.099391772362749793e-04
5.931829208662678290e-04
8.908085661360588088e-04
4.802185426920525455e-03
4.218577617335179334e-04
2.151113478459016400e-03
7.873845174317993609e-04
8.467321777154946608e-04
4.013502733692488121e-04
4.626526405622696510e-04
1.430454017298442250e-03
1.071620857630955310e-03
3.245042140857415207e-04
9.790975616733243406e-04
1.059870908019081666e-03
3.717860123806935647e-04
1.396624877421684310e-03
4.114449941823428007e-04
4.523342353200122653e-04
9.691528966637881753e-04
1.360267103081444278e-03
1.020830145117007518e-03
3.950988017746492539e-04
7.554794877853648156e-04
5.055064190197267396e-03
3.225941277136093227e-04
1.910560476859973333e-03
1.572575551439468191e-04
1.007072082008720042e-03
1.000569219455884435e-03
6.684385585919583187e-04
5.667153496864711561e-04
6.410518020534841871e-04
3.814140349092617920e-04
2.188226045394972650e-04
5.326840275290630790e-04
8.193891026420801766e-04
6.541119672028019791e-04
6.855845694425835146e-04
1.305254946094560600e-03
4.117407500906867862e-04
8.421482338059998714e-04
1.265368743736879379e-03
5.308991277276850235e-04
5.910332099729288325e-04
9.038091231291367619e-04
2.355013538853489158e-03
4.801314894405661615e-04
9.532446492179220531e-04
1.110399211716520378e-03
2.047892706640781421e-03
6.209672532514592383e-04
2.639652431590957561e-03
3.658273824245480217e-04
5.848325306099403991e-04
4.318669515587969152e-04
6.924319073350073371e-03
1.054120205939518447e-03
2.021357215131462225e-03
5.310466898309413632e-04
3.146509191196832263e-04
3.556923261152096505e-03
4.111004450659243455e-04
6.338396988351740558e-04
1.205454455094991323e-03
1.919137269415049528e-03
7.905596903816285246e-04
5.508929467778381868e-04
7.854096710526192217e-04
1.808603491631328303e-03
5.017967269715388392e-04
4.750671941585644670e-04
3.109900147597076132e-03
2.344170198946956749e-04
8.571903771527753435e-04
2.816474378161246041e-04
5.052612637306399873e-04
6.655851538550344032e-04
4.914156733819013837e-04
3.720112855960444804e-04
4.085966924503452754e-04
4.724950297414554144e-04
8.791434778903930384e-04
5.737291797161922675e-04
6.329299274468175437e-04
2.226006445469966462e-03
8.454363692410094867e-04
9.090468372294242946e-04
4.866648626353979970e-04
4.351235876325596787e-04
6.473870685698074117e-04
5.910530291248313655e-04
8.290039082519243306e-04
1.190201500977225305e-03
7.137448455684634353e-04
5.628559227763250961e-04
3.609880040869833766e-04
1.023792961571739265e-03
2.857355557325122692e-04
4.656645547751459805e-04
4.139924267645307514e-03
8.457762637579020358e-04
2.639167723271041788e-04
4.701841991258366520e-04
6.717500785306249663e-04
4.015311059240678584e-04
1.000172953929270771e-03
7.645819574415220780e-04
5.962454755308586353e-04
5.299737153843173121e-04
3.083723857245910019e-04
3.080534404705381627e-04
4.772133200145391597e-04
7.237587313124418291e-04
5.081298392666734783e-04
2.803394986324569179e-03
4.871436976960649354e-03
1.015885653840254950e-03
3.733894457684436004e-04
2.678586145709422554e-03
4.609767659485304440e-04
5.237130295311162457e-04
4.661817864494434654e-04
1.056068596261158571e-03
9.401264888836474362e-04
3.769600559299300354e-04
6.380211969054033413e-04
1.026294048483259152e-03
5.949604770820599020e-04
7.429913877949131809e-04
5.098913227408767221e-04
2.407835250484570790e-04
7.113768045017913573e-04
5.304503071025597639e-04
6.738844298182642334e-04
2.033723057740765595e-03
2.648778306014083501e-04
8.494351057289740254e-04
5.835397139200055759e-04
1.065979608565818066e-03
3.019139017236529480e-04
4.237278908202045933e-04
1.093283663951799892e-02
9.908029746918071284e-04
7.456697214690666915e-04
3.963246754643262181e-04
5.043444569713151663e-04
1.212720120658961152e-03
1.207512499150745254e-03
5.408172455830724014e-04
7.104201113724695335e-04
4.621008469942257976e-04
6.761323006872616264e-04
4.050589568671610508e-04
5.460507853408645695e-04
6.380211969054033413e-04
5.217935196197429548e-04
4.009869850631548921e-04
1.583565476622463605e-03
5.966194399203835971e-04
1.968044781180689536e-03
9.462343790922625800e-04
4.898269831699270452e-04
6.767903531200100426e-04
1.672482531743426943e-03
5.502594292908153436e-04
5.656930151516460304e-04
5.524019593899085531e-04
5.124547711339545123e-04
1.951010747216712533e-03
1.360711407005804835e-03
2.394126284299180933e-04
6.088377208706204514e-04
2.236804189548424976e-04
3.957845884728373662e-03
9.208860093417529490e-04
6.614328890311774439e-04
3.458083729736495982e-04
2.734154003573940114e-03
7.281576721233063397e-04
5.599055530022046569e-04
7.562155615472376064e-04
6.846190921599082033e-04
3.104444748876621779e-04
1.456842471157810759e-03
2.352891124372770513e-03
1.267587984472803332e-03
3.412282484900423514e-04
3.155108327501240321e-04
1.122882568177077179e-03
6.017958549881761987e-04
5.868039238922782190e-04
1.963442626150943733e-03
3.031047323240215665e-03
5.377981671420256193e-04
9.240282950862807381e-04
1.062157513572843312e-03
5.877533067570660328e-04
4.736961546882083275e-04
7.579680225749416220e-04
1.387811130044831536e-03
2.596158897881521623e-03
3.846309685450084183e-04
1.263860303657003085e-03
6.001292641045140016e-04
1.265117974446944640e-03
8.011351981986613875e-04
2.702398420272310829e-03
3.603541979546640126e-04
1.029503637734413861e-03
3.953222208082344050e-03
1.640768472300747850e-04
5.397654560592651070e-04
4.744646338911519875e-04
3.557441862942693051e-04
1.334479398918508647e-03
1.191207940021551167e-03
1.014658170438226129e-03
1.169947722391780900e-03
1.009304711080189019e-03
3.746838809006192931e-03
4.093693335230919874e-04
2.514084624318877175e-03
8.823795787484923570e-04
6.377230977741588655e-04
3.025268980095156628e-04
1.191207940021551167e-03
2.493263989642721190e-04
1.182799934101524215e-03
2.737688353520649986e-04
1.339822795080763658e-03
6.601391281847226187e-04
1.693320596872295841e-03
5.456006527222099752e-04
6.871825579908336003e-04
3.539851602628311836e-04
1.822569667310551663e-03
2.385322976958748000e-04
2.292228390050734057e-04
5.477963025970624495e-04
1.256427026357274067e-03
2.441678019543150704e-04
1.073619147061477845e-03
6.070853317611330435e-04
5.032129980812398949e-04
9.518954084567266861e-04
6.666562476123903984e-04
2.659653833043481197e-04
6.080733525530152006e-04
6.295449688550476238e-04
9.501093529596532378e-04
5.972403241249522139e-04
3.743515615218753105e-04
3.915106175169846196e-04
9.016740118266252779e-04
6.157363997502338657e-04
4.628078250734529481e-04
1.641547792366126850e-03
3.430634137952447648e-04
1.560030452978256044e-03
7.808346803841043071e-04
5.546436760753973346e-04
6.790598700062014988e-04
5.830231708201521904e-04
6.216816968694966914e-04
2.734154003573940114e-03
5.858988098057736063e-04
4.421744576018847551e-04
5.318788658215135032e-04
7.595923334075491964e-04
5.304503198938425538e-04
1.062585272642059975e-03
2.862960740945490841e-04
3.918825637847020015e-04
5.081556001667085834e-04
5.842459995427103743e-04
3.196801265307317765e-04
4.133426032962818288e-04
6.317445397835308625e-04
3.020906852139519064e-04
4.466260865244388615e-04
1.548518945466354109e-03
1.055620519299400309e-03
4.204366201000868906e-04
3.873452775711728243e-03
6.879152033181341278e-04
2.178215975130069683e-04
2.041788892277477275e-03
4.792564831984409560e-04
7.624655015455268289e-03
3.099734019811058541e-04
4.802185426920525455e-03
7.253154180766305291e-04
1.132654000493073547e-03
8.613783788108250392e-04
6.615750708265259262e-04
9.185114007350381454e-04
1.510890974429791173e-03
9.371296388452289745e-04
1.010698585126793784e-03
7.705699285613274666e-04
4.176016278656296339e-04
9.176848499386833355e-04
1.653594974551655505e-03
5.312936012939935022e-04
2.381196665274220182e-03
1.634106887865724705e-03
7.062704889645493502e-04
4.830165651018486820e-04
6.624730192640454485e-04
1.176114159500053161e-03
9.149204291192833492e-04
1.311150039694082515e-03
2.992979535752953498e-04
9.802384408638821055e-04
1.015970209366787950e-03
4.388096635164438482e-04
3.960023468240980943e-04
1.988204748926318891e-03
8.015192396217527731e-04
8.121676977279200689e-04
1.081653290085233306e-03
5.146405355538909675e-04
4.724431082404479797e-04
7.959006959253215946e-04
1.331304314714976253e-03
6.799837116698870818e-04
6.872550379997966743e-04
4.726019820228901541e-04
7.765532480016886603e-04
2.875784497588419080e-04
4.805988575373647894e-04
8.504659044769021306e-03
2.994578506590307807e-03
3.984393917890937872e-04
2.914772748592313507e-04
2.396299214868364538e-04
5.857786177033816235e-04
4.139181654242553928e-04
3.237092914452610322e-04
8.439583154879734322e-04
6.322089478500338014e-04
1.315344473628558873e-03
9.841578562806401875e-04
3.205944774449838311e-04
5.923668954815462144e-04
4.281997410241120648e-04
6.832357960750915079e-04
1.138571424952902408e-03
9.058542419092048981e-04
8.115394324236055055e-04
7.036520651447112718e-04
5.219367175078564857e-04
7.085148547093982410e-04
2.252861089194790976e-03
3.028389130083541849e-03
7.089471965634353695e-04
9.521663556871567610e-04
2.000856297265005222e-03
7.899489180633557581e-04
7.299049954645541816e-04
1.264845542286479512e-03
8.196248133514213953e-04
1.428861551572123932e-03
3.867935215202569061e-04
4.344427814706229118e-04
4.156451727546838122e-03
4.796941230253000898e-04
3.347994996783983665e-04
2.953042514389620215e-04
3.113911242816101775e-04
4.862120353185903098e-04
7.237587313124418291e-04
5.043444569713151663e-04
5.079782662235489236e-04
5.909570580203173107e-04
5.519724414454718316e-04
5.174571090541844410e-04
4.281587130604370744e-04
5.711220798597752306e-04
6.316749057968613825e-04
3.493821134208696167e-04
2.453512243124211008e-03
6.183690764377489405e-04
1.170253603682040559e-03
6.120795101881467944e-04
5.639542540871961360e-04
6.306382938886363754e-03
4.400438231709275145e-04
8.187294163832643757e-04
1.445643220812270740e-03
1.004045914743058278e-03
4.050589568671610508e-04
6.699780445480567597e-04
3.530226255829399247e-04
4.426781527197170868e-04
3.827738091188969262e-04
3.763536424229548460e-04
6.246096860717004640e-04
3.967158312460339321e-04
5.557381862820978853e-04
4.050589568671610508e-04
1.898830163151207610e-03
2.366152084569735168e-03
3.087909734179349920e-04
1.768214765254757723e-03
1.129324526427339347e-03
7.550619996043006054e-04
4.813797953254780968e-04
7.131849466498982890e-04
4.000541771790433574e-04
3.747288910165721097e-04
2.304962778257222799e-03
9.705020335640383074e-04
3.280644983847575986e-04
3.775978380448217131e-04
1.726737496191044089e-03
1.281578126534842947e-03
1.190573788069153229e-03
9.551352680870732340e-04
6.357813928009929888e-04
7.694663558941211481e-04
1.018535653185277667e-03
3.021130684842637370e-04
2.403721697264748808e-04
5.518364833273352874e-04
6.443339330712317958e-04
7.932517163415242099e-04
7.653237086409518447e-04
2.323701225484250748e-04
1.683687855038645256e-03
4.493384381129500796e-04
2.246922696512908702e-03
4.603018090841369645e-04
1.016125080297878040e-03
4.802466000669934187e-04
4.871436976960649354e-03
1.952337163160831369e-03
3.671685399861313493e-04
1.839947348293734762e-03
5.283187743898163291e-04
5.576814674867758281e-04
3.519624360747714963e-04
2.562256643788109254e-04
4.314066862353111527e-04
1.111966613115512826e-03
6.802224590214121010e-04
7.143128719758896471e-04
1.251556456886214648e-03
7.320717800584951654e-04
7.918765499505962986e-04
3.052784713208548870e-03
7.144899299407824833e-04
9.462318523060576133e-04
2.734154003573940114e-03
7.357291055005937917e-04
1.478362312675880839e-03
1.538082733099491346e-03
3.016508367316344326e-04
1.427694739777723857e-03
4.919734275497294942e-04
4.903798442149675607e-04
4.949051870804491333e-04
4.419442467282010817e-03
9.844499435121170476e-04
2.963645728593039086e-04
4.145116314923105402e-04
4.436004132029560038e-04
9.032234149789067964e-04
8.237539168349684989e-04
6.882626260003697370e-04
1.005863529767029359e-03
5.433024336334814006e-04
7.299850857251576021e-04
7.887350045888266497e-04
3.066880434951219482e-04
1.732709165135952250e-03
2.085892609338988824e-04
5.272613351148001731e-04
5.666493876949999257e-04
7.121076469750707572e-04
7.478325274851643041e-04
1.794188501665771153e-03
1.783449272643999872e-04
1.092217923114640211e-03
4.628517179396822228e-04
3.927837174747580550e-04
5.290633892400080363e-04
3.246107329484462095e-04
8.196248133514213953e-04
3.628549012513042913e-04
9.040985919427763605e-04
6.411564831254365059e-04
6.164675670736891044e-04
4.038143628602252721e-04
6.027410961148337108e-04
2.625177212582271036e-03
1.634106887865724705e-03
1.598722650107228804e-03
6.022967210430687796e-04
4.393233549834707138e-03
3.859842199825135110e-04
3.051095915147438928e-04
1.454749952222040340e-03
1.215323692792289823e-03
4.374119324053377979e-04
2.485381268438471587e-03
1.222606325567690642e-03
5.190979852522858377e-04
5.249587025084704065e-04
1.484436361672027832e-03
2.641748763095160598e-03
6.247407674932338277e-04
5.409200935154357022e-04
1.422577441891884802e-03
8.929317958670692076e-04
6.275638881997719050e-04
1.176388509425136623e-03
4.765052501585280670e-04
7.097283895544810855e-04
5.151072313054446327e-04
5.148993667521661573e-04
4.457449537848097920e-04
5.682439300131166080e-04
5.093385447836756581e-04
7.310024436673336849e-04
7.761128389108316698e-04
2.962443837540982465e-04
1.121390022738624889e-03
8.680865564789717447e-04
8.323130899579914664e-04
7.200082346438663574e-04
1.019220148418713019e-03
1.005729731155666521e-03
3.795494396270076708e-04
1.180100677076142014e-03
8.809677007032832349e-04
6.965928134419402179e-04
4.898835167273167361e-03
1.114906239888937200e-03
1.280001405243759568e-03
4.099391772362749793e-04
1.615903545261585580e-03
4.321576526262778514e-04
2.095089829019658109e-03
6.733074008415442522e-04
2.186912267113854205e-04
8.772720483850742802e-04
9.584782176108874469e-04
6.597471269868828390e-04
5.410805050386777518e-04
1.180100787723295562e-03
2.247961401902010621e-04
7.746759835162446341e-04
8.989791856382075511e-04
9.781425720258257826e-04
1.094984321263911976e-03
2.950270374325163485e-04
7.010800490683098294e-04
3.921363358458278335e-04
1.331270613620154971e-03
6.322089478500338014e-04
9.093303720408752898e-04
3.519624360747714963e-04
2.373457414956889040e-04
5.391227940688813475e-04
5.500571983633500061e-04
2.302372957859419615e-04
6.839528347500411576e-04
3.066830440952534134e-04
2.639652431590957561e-03
2.648404398639996916e-03
4.687801894299273319e-04
6.665553288174246678e-04
5.605213053021993429e-04
4.381936667901019443e-04
7.110887658890259391e-04
8.238164763595765688e-04
6.747023411077161890e-04
4.968467224180006438e-04
6.087573019986755509e-04
1.036419593491156839e-03
6.960593589505332081e-04
1.111580491362480685e-03
1.113337981607468320e-03
3.458083729736495982e-04
3.904059640749793264e-04
2.068306926563706247e-04
5.224087261390035573e-04
3.377337187031446866e-04
5.474680936884371730e-04
7.389441265191228200e-04
1.136143036361979882e-03
1.837888686808281232e-03
5.520872701068660175e-03
2.317535118232966240e-04
5.681812892910507095e-04
1.009956972275928176e-03
2.807045650403753299e-04
1.027365609194133209e-03
2.789066134555379301e-04
3.025268980095156628e-04
4.329463597610623722e-03
8.612104419869015624e-04
1.162424768878090762e-03
4.615416988824218151e-04
4.560427270155094077e-04
1.151793454425100328e-03
1.372230392238044019e-03
3.755685667993844627e-03
4.099839042478731883e-04
6.627191437382529441e-04
9.296583089739181554e-04
5.591129292936156472e-04
1.979977692618588303e-03
1.601014080721581542e-03
5.526558513668308617e-04
2.844184138723415494e-04
4.408613900383209425e-04
5.249311309141468929e-04
2.793690924859429641e-04
2.269112563285781241e-04
6.922419379458769062e-04
4.004158639833440636e-04
1.692362334858816229e-03
6.799016916208548873e-04
3.362346449811734733e-03
5.805846546622040957e-03
2.174441897612817889e-03
4.764671205312932291e-04
5.844253149037894213e-04
8.945670831764351155e-04
5.356284329483064531e-04
6.734085905614374404e-04
8.989791856382075511e-04
8.614583644538193960e-04
2.637982158107083719e-04
2.432556062777896648e-04
4.764150648847809231e-04
4.909735525572949885e-03
7.459303324956877840e-04
1.466831804622857529e-03
6.269581291401740827e-04
7.500660978842599129e-04
4.015147993649021839e-04
1.040676270336176766e-03
3.071078615893179427e-04
6.053456171030324913e-04
8.407108991772409582e-04
4.569156236307800583e-04
4.779965733153440470e-04
5.918393447551493786e-04
7.369981799801680238e-04
1.155133209086077473e-03
2.365107595278007416e-03
4.419442467282010817e-03
4.488633226651988421e-04
3.598877608114839192e-03
8.091128508135470715e-04
4.268625056982990659e-04
7.318332265673486341e-04
1.052918146869087765e-03
6.740986892414781639e-04
8.972688985251314709e-04
5.208609636793672592e-04
6.960593589505332081e-04
7.110887658890259391e-04
1.238276156954619183e-03
5.068120753235295711e-04
4.203740654831143167e-04
4.698224693107239114e-04
3.225551949333589825e-04
7.335428710447007821e-04
7.751599583826057887e-04
4.618364653993579146e-04
1.381256484882488738e-03
7.798039147079130658e-04
2.184088082703239918e-03
7.157589549463562982e-04
6.217766818533939418e-04
2.019186933219573304e-03
2.892399335868927430e-04
1.277447106395543331e-03
8.290039082519243306e-04
8.827879239362582337e-04
4.571436309368944969e-04
6.747478903774901168e-04
2.407835250484570790e-04
6.603270581765323041e-03
8.922761027128580822e-04
1.177009870667270613e-03
4.889088721000107258e-04
5.275243101609432880e-04
3.025268980095156628e-04
3.527316857113471410e-04
3.430953100350091342e-04
9.454591892131293789e-04
5.601755104200566941e-04
3.982609832750290510e-04
7.371139480428991371e-04
7.341806653100506168e-04
6.701573097838802980e-04
3.509872449027369033e-04
1.166784192358932088e-03
4.212805970747068472e-04
2.678783289708838852e-04
6.417564521012302046e-04
1.390204780488970898e-03
5.247280223167165303e-04
3.771096672467607572e-04
8.622452629327400156e-04
9.966502028105372109e-04
9.808402536583432120e-04
1.222973640544762226e-03
7.789551066431478835e-04
3.389013254912761979e-04
3.181456749422778324e-04
4.611130522426256729e-04
8.605578336535827646e-04
7.298284708209922932e-04
1.554402719933213823e-03
6.931971696398886136e-04
5.565501796625556144e-04
4.523091530017582041e-04
3.360091064005754635e-03
2.273195975511793513e-04
4.326351568452605823e-04
4.940751612415439711e-03
1.175760816675546503e-03
