1.226691219045141640e-03
1.830705420304916268e-03
4.159012661461891679e-04
6.432353866199002962e-04
4.049220220268915922e-04
3.518692409773485240e-04
1.622810591659688394e-03
2.913462580153928496e-04
6.354002594453057829e-04
1.183160658831029820e-03
3.897080673706637384e-04
5.066208402218109075e-04
3.768616503045183874e-04
3.484143296841593282e-04
6.877686033101433312e-04
7.585051014198745901e-04
5.246305712982256286e-04
7.655157136163933318e-04
1.086506558345000763e-03
4.057498865062728576e-04
5.697732910438765884e-04
9.138343622784202407e-04
4.603760034393790152e-04
4.756748520724958800e-04
5.660774701469305096e-04
5.166794483428971277e-04
2.735280976681890618e-04
4.145897310786611349e-04
1.163141117845550073e-03
6.851533354204374961e-04
2.785031943992908677e-04
1.171500291160563556e-03
1.226199521596843707e-03
7.605589167080986906e-04
1.116609825802744723e-03
3.729532505174682389e-04
1.480973809842214568e-03
1.258207633784109080e-03
5.815204183763079656e-04
3.101241493349480541e-04
3.447023051237188876e-04
4.215732138521934512e-04
7.362035834647802325e-04
6.964659815581351800e-04
6.108367246376255298e-04
4.578225701188391099e-04
5.473115995819599058e-04
8.975495829530833565e-04
2.956622947487190598e-04
9.896500213294285794e-04
9.226801279264755604e-04
9.829406620891190625e-04
4.656220342971880365e-04
5.890980916684259187e-04
3.705467957074518319e-04
5.875012571239846861e-04
1.087749866424806517e-03
1.521543165350465292e-03
4.715150068468736415e-04
6.678404730627117815e-04
5.082382586339984900e-04
4.573102523414658625e-04
5.612725210735034940e-04
3.982417119199954734e-04
6.742600059601590009e-04
1.381815310435475716e-03
4.595874576145141154e-04
8.744745663386659356e-04
5.173747510908985933e-04
3.589718731671984056e-04
1.246945433816649008e-03
7.104760504275195064e-04
3.083883577988051129e-04
8.538709098169300826e-04
8.068134434136334764e-04
1.183160658831029820e-03
9.789964138884764324e-04
6.360299571268782743e-04
3.658789957724573657e-04
3.834716550944344566e-04
4.713962339557116400e-04
1.992763488043243665e-03
6.372419611245760647e-04
4.763298417994444624e-03
4.303578047589375760e-04
8.271954438346624605e-04
5.193886500159789442e-04
7.871884814078489948e-04
4.222203664432094957e-04
6.220710005954911866e-04
1.362144090484371543e-03
4.661579582552873892e-03
1.225986498861402797e-03
7.323130288808845072e-04
7.697073326512085620e-04
3.975228331503962548e-04
5.937167239333013182e-04
5.868635722598328046e-04
7.099795117288274036e-04
5.888265080491481918e-04
3.040692339736843588e-04
5.713015689457447621e-04
1.499376897363430272e-03
5.699417143942968897e-04
5.815204183763079656e-04
4.012373653985461773e-03
7.317180934758393904e-04
2.335806449839538019e-04
3.901140351862314231e-04
4.852270417712609509e-04
1.218070736181073484e-03
4.674771755357778045e-04
7.845146824345778595e-04
5.562750992953573734e-04
5.226586906853283301e-04
4.745557590158272802e-04
4.641353301194850933e-04
5.285445813285116279e-04
1.462087740988562545e-03
6.257072695921952251e-04
5.180679441342582806e-03
3.818590966464269361e-04
4.042502077402713697e-04
5.419487774648453198e-04
9.112199506683898260e-04
3.300690358187898833e-04
6.372969240589713546e-04
8.242079032305365659e-04
3.037588919635836695e-04
6.427758682369282602e-04
4.154616658226012080e-04
8.315424648749765143e-04
7.625545136313070056e-04
1.620188567840638496e-03
3.087861412077933096e-04
1.405032352348794091e-03
3.308936698181065973e-04
4.037539127434080577e-04
2.502163960746612865e-04
5.486270093981154145e-04
4.849174452789225859e-04
7.111878096133771596e-04
4.012373653985461773e-03
2.805537800248424150e-04
1.218446801789179303e-03
7.291685762878283121e-03
5.718327608608558561e-04
7.881928297643654583e-04
1.622368542547120845e-03
6.131706249842760418e-04
6.624595841789520734e-04
3.047317823997044658e-04
3.572883955781939926e-04
6.692802253580573723e-04
1.264200174425425321e-03
1.183160658831029820e-03
9.217647315416829627e-04
2.457246318568561457e-03
4.436393986416474282e-04
9.567098405105895452e-04
5.336518877717889202e-04
1.647464638110350543e-03
5.617512053872551455e-04
6.387797159054244781e-04
8.152886036316399571e-04
5.691147875230748686e-04
6.242410286219590666e-04
1.183160658831029820e-03
2.579076113809880815e-04
5.094914537546176925e-04
8.936468257503209873e-04
1.690478479692996512e-03
5.065463626705855914e-04
1.325002723650040752e-03
2.228565631074364700e-03
8.567058420116488047e-04
7.934980386891996420e-04
5.656830078960823184e-04
5.888265080491481918e-04
4.382530358734380567e-04
1.003109198489693507e-03
4.446126740543844568e-04
1.430980750713988468e-03
8.886171350679330410e-04
5.217542632245647906e-04
5.951898574782031170e-04
1.312749348922221185e-03
5.419335551859866783e-04
4.252480995914275849e-04
4.247120196219040318e-04
3.702089806971448852e-03
5.219714550134608088e-04
3.175717336126108168e-04
4.733130080461332039e-04
7.432307697894907205e-04
3.373249532096948898e-04
1.176142235336361756e-03
1.017689766748896369e-03
7.707305225713534467e-04
1.170136432284605687e-03
6.610922395229941635e-04
3.559255299425217686e-04
3.110532296110993852e-04
3.771151186981915732e-02
4.810651749298196288e-04
2.431741931685830332e-03
8.797323542537746838e-04
1.406610360561317977e-03
2.922399314885278229e-04
1.752449747779513548e-04
7.429660125344376411e-04
1.345613757661584574e-03
1.171247152993534334e-03
5.601467901001042386e-04
7.210324960311009909e-04
5.308910666897216938e-04
5.248426252372483418e-04
4.284040265182278398e-04
1.578073333120803877e-03
4.050820420814027836e-04
1.376073332647582232e-03
4.748813154671200059e-04
4.900163412137415256e-04
4.330852093241744673e-04
5.803811914570206325e-04
7.286597256209679250e-04
1.325859301149861320e-03
9.563467174153824800e-04
4.528297147070495894e-04
2.510048692518564595e-03
1.824611853787816125e-03
5.193886500159789442e-04
4.497734734693680870e-04
3.253780560975093696e-04
1.583614495945308374e-03
1.057169202935081447e-03
4.488285090800953731e-04
6.199384626087424367e-04
6.687500136916810006e-04
1.136653116219066978e-03
3.722539466462888250e-04
5.090330456927969751e-04
4.716456055120176708e-04
2.604953708824629980e-04
3.220087875082666977e-04
4.768010031641995382e-04
2.984837363644249428e-04
3.296844471737496451e-04
8.777283377680799269e-04
3.254898849423501256e-04
6.188907557088412946e-04
7.294771157037460317e-04
8.608406054431183606e-04
4.953339186057086800e-04
1.220871860285603063e-03
7.305604461348890128e-04
9.380406335546005031e-04
5.989469979968129517e-04
4.705764320356711295e-04
3.694924859984552576e-04
5.998922885082857114e-04
2.954101857208698005e-04
7.420214633703272862e-04
6.180297758791445436e-04
9.863330961341967851e-04
5.039348863317952201e-04
2.834244843474980919e-04
4.436393986416474282e-04
4.109308507214799126e-04
9.377122700386538150e-04
1.724287054503818634e-04
5.319685514168744685e-04
4.508450382465297606e-04
5.760336310704619383e-04
1.201823540557520921e-03
1.375108977230316953e-03
2.285334651682825030e-04
4.534473079091200188e-04
7.174917848199977325e-04
7.793729788226955169e-03
5.917669342269262596e-04
7.473425532102213539e-04
5.729497893424880797e-04
5.686686885590589834e-04
4.262660928391304410e-04
6.883803954430700459e-04
5.327223440677426262e-04
7.119194940208769260e-04
1.853072560556620098e-03
6.573047964718449054e-04
2.851357377349104873e-04
6.041750788765324568e-04
9.834025638461719836e-04
8.996528759023090420e-04
1.687026632384467815e-03
3.038713654916048545e-04
3.281362558867097472e-04
1.957118570957461527e-04
1.207065736652661184e-03
5.246027430155485996e-04
9.228713202684256248e-04
1.168638096228267163e-03
4.012843173181355420e-04
2.035535607028860113e-03
1.232967806351037985e-03
8.601387652473057189e-04
2.766009661727371078e-03
2.121797121633985409e-04
3.954316603627928929e-04
4.322636896161597547e-04
4.685470197411982442e-04
4.848289661785323357e-04
8.392884413034492870e-04
7.090205098990824684e-04
9.237418834499478044e-04
1.017499837513567013e-03
6.402817526414345591e-04
3.422565950828651842e-04
8.991643318709849429e-04
1.994664603630021561e-03
1.121619526104210458e-03
2.223371854395619820e-03
5.049531223362697377e-04
7.227251534243953838e-04
6.353565224313008093e-04
2.641434100182874379e-04
8.078537289980413814e-04
7.395052970130317925e-04
2.453587109595374571e-03
1.063351476946251080e-03
2.560351028291915024e-03
3.334770503498959569e-04
2.062799829038767900e-03
1.440366569434856688e-03
9.370255362183238339e-04
6.182592870471897463e-04
6.212670348326914185e-04
7.793300086208234095e-04
4.628952921152676902e-04
2.743427822508048863e-04
6.917466330643079258e-04
6.804534049873939066e-04
9.172856604729033624e-04
8.900911288805867308e-04
1.698464822228429013e-03
8.737285834836560792e-04
3.572684035850386044e-03
3.259253235240801056e-04
2.042488367668667069e-03
5.868635722598328046e-04
5.871184409916857397e-04
2.761176394828531041e-04
7.454861959929929508e-04
7.986070813538317719e-04
2.008065457998256791e-03
9.469473675402904781e-04
5.927898446986417953e-04
3.916127922069421400e-04
4.948888190647881841e-04
3.069476062584287814e-04
7.177838296782431500e-04
1.233675853958679167e-02
6.236690532104113187e-04
5.059126317856002530e-04
4.737243597419771128e-04
2.485342139380424822e-04
4.457025144472017125e-04
4.331829762271476232e-04
2.805839961865356537e-04
8.272543605930691079e-04
5.631627562868631856e-04
7.537268343526620741e-04
1.015628321059094214e-03
4.074641318980635031e-04
1.052735950805068965e-03
2.985362105795964197e-04
6.775330308219513478e-04
1.959653118029334572e-03
2.977694811018947335e-04
6.172649991470095581e-04
5.200620832109930638e-04
4.674665493128593997e-04
4.580905494638559520e-04
6.993538802262385745e-04
5.213097624788558433e-04
7.764255232120722671e-04
5.097242606361149318e-04
5.541221289391144765e-04
1.563922020486288372e-03
5.272414291974825834e-04
5.362368792311721826e-04
1.362144090484371543e-03
4.639024025270285052e-04
4.780250263069185895e-04
1.959653118029334572e-03
3.306560492189280598e-04
5.565719740603288770e-04
5.066055826144332929e-04
9.210480282567352168e-04
1.996510192175922262e-03
4.095885465459659920e-04
1.632592090880297196e-03
7.912561178330347264e-04
4.856050942884993274e-04
1.303641233737871637e-03
8.066302375290782412e-04
8.479821989384280683e-04
2.621644636655504589e-04
4.530966040343675002e-04
6.836675747499447930e-04
5.877673592555544488e-03
1.363728656500610634e-03
1.029482952656066630e-03
8.923317978869727517e-04
1.814858323873642671e-03
5.210608029084967978e-04
8.099823681638518335e-04
2.373466211450423434e-03
3.703355208566916097e-04
7.390798879358908462e-04
6.081702307871624923e-04
3.886000458520651049e-04
3.244462662803491602e-04
3.339557171305792410e-04
2.350548735386749806e-03
9.974428141115894170e-04
2.493849630961772002e-04
8.790509949431910214e-04
4.625885551981882013e-04
4.844241919517738751e-04
8.632922174656853121e-04
5.066563079835820736e-04
2.126177287964346740e-04
2.257248322073918210e-03
9.168542355607240714e-04
9.983550660972962884e-04
4.866456291218566204e-04
4.928775606057438649e-04
4.068949086488304781e-04
1.129524486426561596e-03
2.521910090728909557e-04
6.402055816644329012e-04
4.030648821997412259e-04
2.415176356880437743e-04
6.996242835790770316e-04
6.605040066052290763e-04
2.478955642558705271e-04
1.245387606934812014e-03
3.949428558079674757e-04
6.149909453475752236e-04
8.330001887250240798e-04
5.123314242124096503e-04
4.224395818173228207e-04
2.059302676697037323e-04
1.501139453658608585e-03
1.048184745142623784e-03
3.609053925321426015e-04
6.702876644628713229e-04
7.506894568542503074e-04
4.046441980443955095e-04
5.224527040490832119e-04
2.439414734634114492e-04
3.983071717918951963e-04
2.910059570756343443e-04
2.671241686885211992e-04
1.218446801789179303e-03
5.503518791849842853e-04
7.330579587283893870e-04
8.292543505757163239e-04
5.089218704300659847e-04
8.440992649323550900e-04
4.999375275509313193e-04
2.439414734634114492e-04
3.510432365007531649e-04
6.753270059242446905e-04
1.261550365985326851e-03
7.357021264222518694e-04
2.168225626649148829e-04
2.500394385381849555e-04
5.871876969947629858e-04
1.581601052907553526e-03
3.552498593390638129e-03
3.975228331503962548e-04
4.230390428762895953e-04
1.255083559647308684e-03
6.204035127546727625e-04
8.135078242638027089e-04
2.066460427138486038e-03
1.682429574272546659e-03
3.255325336978225157e-03
3.879015705461977552e-04
4.106578512827737466e-04
4.527137636160343784e-04
3.148059215680283022e-04
6.450778270246709453e-04
1.108914628933751990e-03
4.010740886572959304e-04
1.250612572966120850e-03
9.565382305721516990e-04
7.687107949022277311e-04
3.964367127356186902e-04
3.107043856480977374e-04
3.517896488218294634e-04
5.020556025831829534e-04
1.085173044379045401e-03
4.776012672201039241e-04
1.086566371541892702e-03
4.114556106067804937e-04
3.877760088175814801e-04
6.988400760673512541e-04
6.044011110773213477e-04
3.524950071718785209e-04
1.170504094742135523e-03
1.151717732971985209e-03
3.979528056159189467e-04
6.475428318653327769e-04
1.563969588381418363e-03
2.509959486888212882e-03
8.093772091515387661e-04
8.255455706239256180e-04
1.824611853787816125e-03
3.824740216694485139e-04
5.997365098207652675e-04
3.163224019816292015e-04
4.049220220268915922e-04
4.246123572182316586e-04
1.519756996529310605e-03
5.444283651570127128e-04
4.511921450337046634e-04
7.624939168523865935e-04
2.158593763676065844e-03
5.155822059550659335e-04
6.015318832393694304e-04
4.391051344981633845e-04
2.551839749115493569e-04
1.345827804248704053e-03
5.308910666897216938e-04
7.266664300095420238e-04
5.790086494344285403e-04
6.518287408529852087e-04
3.623309505359174009e-04
1.428152894994373125e-03
6.805894045636882127e-04
3.766897813078700025e-04
7.966317831007203474e-04
2.382756203893999537e-03
4.396485636114488013e-04
2.597698297590744646e-04
5.138493943481958412e-04
3.176549754954411026e-04
6.366450914401869388e-04
4.516076426713181552e-04
2.457613880573319759e-04
2.042009637363228992e-04
3.727717064150901463e-04
3.611264740853084164e-04
5.431357998612942059e-04
3.697557230006753197e-04
6.891735143226691536e-04
7.858144365191137379e-04
1.177289647183848986e-02
4.313810039334111876e-03
1.288690438681775472e-03
6.830860617217287059e-04
1.897866053507176614e-04
5.577381245264569683e-04
5.453333504250627243e-04
3.076513904709429672e-03
7.911235306117951919e-04
3.302267174906114988e-04
5.302261248194825105e-04
7.405754165862420005e-04
4.555039166563165480e-03
4.476022823615686576e-04
3.876751587892621523e-04
5.681897203983377487e-04
2.922013779928046080e-04
2.984984725247471007e-04
7.721875988338723802e-04
8.375456932458029717e-04
3.181617780121322441e-03
3.395974381320265574e-04
5.397362559720199175e-04
5.473677424489298022e-04
4.021335024176767373e-04
3.170598056415604776e-04
2.617300547197370453e-04
2.241617869934630844e-03
9.732909435171402043e-04
1.617144126226705003e-02
3.178719395743948017e-04
3.734663814920727732e-04
3.489059737361186950e-04
6.650236863869530722e-04
1.184153720105083057e-03
1.359195828108582900e-03
7.460505755287806127e-04
3.611194643180222052e-04
8.538709098169300826e-04
3.339668411335437238e-04
7.090179690422133800e-04
5.829844394087584439e-04
2.464984282914959614e-04
1.245879801697931432e-03
3.941957729211684365e-04
9.877065464670448797e-04
8.464894514767021261e-04
3.645165166166178163e-04
9.987402206566139886e-04
3.927743934407873592e-04
9.484566013684382017e-04
1.130993101088576154e-03
4.450590433537983436e-04
1.773468750631178792e-03
4.263518646724345079e-04
1.104724082867507631e-03
8.224844021125810338e-04
5.163592276974523446e-04
1.731349676669191248e-03
4.179813190276091754e-04
2.989660044196868708e-03
1.250130487930032870e-03
5.612725210735034940e-04
4.750794209295125959e-04
1.399999907931614301e-03
4.490073963258691694e-04
1.401665257781539893e-03
1.279950608474632193e-03
6.453509724518659329e-04
5.741666925525327689e-04
8.234254486940015749e-04
5.628361750945953335e-04
6.391068640677863592e-04
1.183749524048530264e-03
4.807548745931190760e-04
5.291995248122488343e-04
8.386439214345365548e-04
1.255083559647308684e-03
7.662835284645422903e-04
9.633474057812894606e-04
5.225267774056227771e-04
5.409566943325823038e-04
6.112372103890415182e-04
5.533680377500756805e-04
5.292091247742900482e-03
4.414529373063744979e-04
3.035576261809727768e-04
6.416621993786148382e-04
2.796609101583483626e-04
3.222155449353832665e-04
7.321743962263255537e-03
5.207691906986470056e-04
2.099155651174762775e-04
8.283816010926654382e-04
7.755554926137806426e-04
2.755141042129965545e-04
2.740964144371984667e-04
6.360048701981231047e-04
5.364006947197513721e-04
1.607938377634217679e-03
4.663543735452980879e-04
3.540529656749004297e-03
2.001766201478833926e-02
1.020338138176722859e-03
7.280496820102091938e-04
2.863460729730513609e-04
2.168225626649148829e-04
5.236356750611826771e-04
1.554454332422439654e-03
4.577597666210759934e-04
2.767069267896767309e-04
3.442715918896845605e-03
3.186476145913040917e-03
7.920783657715571276e-04
1.958012237139067357e-03
1.607279414001833769e-03
2.168614740428148179e-03
5.149946970791099933e-04
1.041549210982559452e-03
1.126525146295424742e-03
1.505666467070452532e-03
5.336518877717889202e-04
5.728337934140448817e-04
6.991740054882368159e-04
6.643276418758828870e-04
1.095269320103571531e-03
3.442715918896845605e-03
8.173278906827601475e-04
2.432755126398189320e-04
8.384104849828428845e-04
3.716314090379050890e-04
3.509815481385478359e-04
3.794009335477102791e-04
6.366378197407031704e-04
3.828522887600852736e-04
1.382031166875535670e-03
4.049193130701515667e-04
2.704709381777989342e-04
1.514108791284880838e-03
4.134527337384547312e-04
3.722539466462888250e-04
1.297870653348174187e-03
9.228713202684256248e-04
6.066466976687150819e-04
8.889305234316722615e-04
7.280496820102091938e-04
6.720342194127355492e-04
1.135885098468554164e-03
9.011266978211226412e-04
2.120134867090921714e-03
6.742600059601590009e-04
5.657929851241715481e-04
3.622242992468159323e-04
4.775198759803172882e-04
7.317489394527737674e-04
4.787341036729736627e-04
1.386420623213839879e-03
6.189250053828044325e-04
4.034391680524982522e-04
2.063623271841050644e-03
1.114787873103820909e-03
1.187876847097668088e-03
9.762050816107943575e-04
4.175182808317402642e-04
7.989880817168585822e-04
7.021469629870426016e-04
2.548092617997586222e-04
4.941612857647588756e-04
1.142164010115406325e-03
4.377658375379641742e-04
1.076662705187543707e-03
4.112695386637241083e-04
5.213097624788558433e-04
4.012373653985461773e-03
1.381815310435475716e-03
1.041299352760111357e-03
6.499610747137698997e-04
1.106253234553070510e-03
8.140678841594286381e-04
7.908273705494333911e-04
3.455847201556377772e-04
3.722539466462888250e-04
5.528803346669112139e-04
4.222528109998583833e-04
2.495468871050024787e-04
5.578814009965244857e-04
3.491190104416638123e-04
1.639966791402267367e-03
3.395517593141459583e-04
2.717583411336667396e-03
3.319999947658077355e-04
1.647422967385405584e-02
6.180802803684664172e-04
9.925967577341157904e-04
1.032873203216202020e-03
3.387391899024975572e-03
5.504517566194011167e-04
1.128416828953861207e-03
1.524175151901590707e-03
1.511878488524096530e-03
4.433049627491314438e-04
5.721207710524528608e-04
8.013546671917778441e-04
4.447962029041065092e-04
7.911767945523906671e-04
8.196791914483028728e-04
8.412899011168405985e-04
7.226295627564320806e-04
5.274185292483837091e-04
5.680524563283583352e-04
2.089740752301605213e-03
4.846619198198111930e-04
2.620504764479782383e-04
4.934635553393368823e-04
1.768229665223221465e-04
8.066302375290782412e-04
1.288734713618348588e-03
1.146292130613974858e-03
3.076513904709429672e-03
3.711884654457544186e-04
2.399399013340683840e-04
4.125888706173717890e-04
1.330721752652313941e-03
2.242512874073499180e-04
3.256291878468366326e-04
6.997043419677931612e-04
2.089635404111023947e-04
9.140939141161110847e-04
3.605877151864319901e-04
5.428507094612196934e-04
5.200620832109930638e-04
4.051276858672237728e-04
8.917597264610447466e-04
6.059780603827009731e-04
4.328273437118343794e-04
4.845641231645785702e-04
8.403504747547262165e-04
2.838061932855933680e-04
1.224779605449470565e-03
4.178091250081538365e-04
4.603229960388678546e-04
1.086753328606175672e-03
2.316242641376032728e-04
9.228713202684256248e-04
1.582590596529362403e-03
2.623925332824586835e-04
3.664484752648101040e-04
6.993911497535636613e-04
3.438891192124243833e-04
3.441254601877120770e-04
1.532283465226950666e-03
6.746827324542207724e-04
5.002312401968930441e-04
3.757993747102801227e-04
4.230341112356703352e-04
8.834703063516041559e-04
5.682856014613375199e-04
2.392212453643212736e-04
1.386091760815252481e-03
4.733142430645133022e-04
1.177289647183848986e-02
9.263591874026972815e-04
4.826890261097231748e-04
1.111107955499550859e-03
5.259144146253263074e-04
4.371137398954954992e-04
1.183160658831029820e-03
3.766584500218519613e-04
6.241605304533822968e-04
4.013217932769264627e-04
4.109912742328211124e-04
2.464984282914959614e-04
3.502684604519402901e-04
1.620188567840638496e-03
1.468614002345678023e-02
1.048524812048258611e-03
1.175625970402484734e-03
6.393628383481169287e-04
5.707392463395906650e-04
3.062924605974587746e-04
5.748988353065547299e-04
6.836153352886409741e-04
7.412139784519314626e-04
2.788351731370519596e-04
3.664484752648101040e-04
1.002356343262496372e-03
3.792765496361276867e-04
5.790086494344285403e-04
5.758149016734302695e-04
4.372558195260065734e-04
5.124259152312065236e-04
1.576244491778181194e-03
1.304052345675441385e-03
8.441650871404146952e-04
1.517715080037505479e-03
1.284841750446344931e-03
5.223988359740033274e-04
1.487837805819885529e-03
1.312470139280793972e-03
1.135439149647353126e-03
6.877649923069632668e-04
6.170604313437960805e-04
4.591360581125083118e-04
7.559766404167043681e-04
3.402640798513700978e-04
2.042488367668667069e-03
6.394034744176254953e-04
3.838569928468079338e-04
3.217892386983365466e-04
7.146279872733013201e-04
6.127442952489362210e-04
4.326645845294665267e-04
9.649783682208725377e-04
1.015222009491123902e-03
5.518879813127998283e-04
3.128990334578698410e-03
9.660904368225709145e-04
1.131784407686547544e-03
5.867124047901209512e-03
4.155816384834020447e-04
6.419725422050208841e-04
1.029482952656066630e-03
4.810546951759183147e-04
4.716011873000851501e-04
3.562062245522220564e-04
9.493426301678308324e-04
1.136383962417564404e-03
6.537642693377215429e-04
1.646375749452723023e-03
3.978816924305590003e-03
4.974641347396605972e-04
3.034052045387439331e-04
1.386772886192268314e-03
4.432817804098455926e-04
5.030598936933388787e-04
9.133812227996297673e-04
1.216854094798573791e-03
6.248541780899200806e-04
5.777117985195839639e-04
7.780389759651774829e-04
6.355811588113902252e-04
1.624090413501809091e-03
7.838391396534930217e-04
3.465907433504916485e-04
1.084915994674908292e-03
4.273629285116802815e-04
2.030374472475801855e-04
4.405587590149406536e-04
7.667362867104767160e-04
2.314102574059240583e-04
3.747698105638815340e-04
5.519095893007608085e-04
6.153629583716534613e-04
4.603760034393790152e-04
5.143519642552219157e-04
1.435123099429373543e-03
4.131782024855042146e-04
1.150518725752318165e-03
5.308910666897216938e-04
1.500556308004192901e-04
1.146428423752621434e-03
1.554366026154721135e-03
1.149014454122706088e-03
4.643837441842138015e-03
8.479821989384280683e-04
6.799848998172475277e-04
3.339904525335355930e-04
8.670505022038252525e-04
3.858487918265335911e-04
2.739676783218175128e-04
1.919162365124163624e-03
6.522975837539585079e-04
8.308097982677202162e-04
5.055318944424078706e-04
7.271589707794677646e-04
5.514695150096070786e-04
7.069051380766295254e-04
4.475664041891820599e-04
4.051539589842139267e-04
5.147135105337609677e-04
2.944621529036878672e-04
8.392884413034492870e-04
1.235761418532375791e-03
6.099749624127073604e-04
6.185877532184539491e-04
1.630658021221692913e-03
1.532279239097252086e-03
6.984658503417723666e-04
2.660128509043105296e-03
1.198153185320024929e-03
7.859837797288017885e-04
3.210385436135649684e-04
4.647536473469152086e-04
9.599847891094146282e-04
7.150440095309875104e-04
9.767323535415850175e-04
9.319268816700311672e-04
5.765403371233517558e-04
1.766159698734033091e-03
4.016001525002243122e-04
1.624090413501809091e-03
2.907084836341138588e-04
4.352246114175202974e-04
7.254415175806636128e-04
1.580794879544274818e-03
4.345809939671189015e-04
1.100262904308987356e-03
8.596499905365230119e-04
5.936368121270462015e-04
4.074422541784713408e-04
4.238612007027835345e-04
5.542577360743897565e-04
1.061196722825613094e-03
1.902383559893670601e-03
5.799867363672126484e-04
7.380312385106891672e-04
8.989836006049152029e-04
5.381564967501453875e-04
4.372357591564152049e-04
1.997677934758750225e-03
1.322885188339506307e-03
3.635987645532967280e-04
7.232717850700701992e-04
7.117760446273479428e-04
4.069193709891971516e-04
1.036399587950384473e-03
6.605472750339774074e-04
1.035863426427626865e-03
1.261763263296810733e-03
4.071147109579947116e-04
6.671150860286500497e-04
2.612353605991675118e-04
4.441226108047142788e-03
3.199396977353158008e-04
4.447162890668168722e-04
3.322459960328806323e-03
6.510271442793652422e-04
3.767902087500016621e-04
2.017457930635237987e-03
6.931401618981799422e-04
