4.366153726757012322e-04
2.608419846796263485e-04
7.091816725326862509e-04
4.052161972325369612e-04
3.065446765935612994e-04
6.570376217554754110e-04
4.103769633092734979e-04
3.658056537637015119e-04
1.077942643167018044e-03
2.990137940117393789e-04
6.561436574482710452e-04
5.786192395784842731e-04
8.604436071501861535e-04
3.676322398414257520e-04
9.398405487477761149e-04
8.929116069097942608e-04
8.451644672765466944e-04
4.958566465429187350e-04
5.968821182381134956e-04
6.392473816220784616e-04
4.911948990583117668e-04
1.013134581080447384e-03
8.960489066943914255e-04
4.448017387382570756e-03
4.814477376303314630e-04
4.272273358614974348e-04
9.990542685901319941e-04
6.560606310057342724e-03
6.643553279836122115e-04
9.785720599102616830e-04
5.936728876492578660e-04
3.751972335183034551e-04
1.196236294746711023e-03
2.223588632046832707e-03
3.462631140169173012e-03
1.441844996321100776e-03
1.027250608812873330e-03
1.022893571327110817e-03
4.373727685103603836e-04
4.623345705756039172e-04
6.648041757343846857e-04
5.547393374941506300e-04
5.040123816773836802e-04
1.727818480541431188e-03
3.965339755736890727e-04
9.521633971352820277e-04
6.826407423455885205e-04
4.329388402251232093e-04
1.565350852151954110e-03
2.932697934316196953e-04
1.264561396821319928e-03
6.217911825387654719e-04
2.917050439906362881e-04
6.259735207077509432e-04
8.194732471470403878e-04
5.586955800315010229e-04
4.700061141605858285e-03
3.235451391541325052e-04
5.266124648781734781e-04
3.248336657489946273e-04
5.593630688791671312e-04
9.158421838771259186e-04
7.706454109133082948e-04
7.884183202949951019e-04
5.255826107095861160e-04
3.799347532711233317e-04
3.063345739256549509e-04
2.744622593154822840e-04
7.661028682194489766e-04
8.049602461446413518e-03
6.706185700348302062e-04
1.481907525613695986e-03
5.729810403950109801e-04
2.966251765067048278e-04
4.781609921793893094e-04
1.218659229685128747e-03
4.284261827847212043e-04
7.218932141502583258e-04
6.090206857333494914e-04
4.170137106939675840e-04
6.613938989776671842e-04
1.010718907773097437e-03
7.139002804347349554e-04
5.248095464504521582e-04
4.699430447631484063e-03
4.556237235023313402e-04
5.017243611302402368e-04
7.509822436660893406e-04
7.150322607094259384e-04
6.946771580772528832e-04
4.386504798562586879e-04
3.618763436753140808e-04
8.203557417278707891e-04
4.350314722619229844e-04
5.764586248197089546e-04
9.913128073110817531e-04
1.364780850739886857e-03
4.449226666999159165e-04
1.069287525016201666e-03
1.061336722626567922e-03
3.474966384062397676e-03
1.029605221635848189e-03
1.264561396821319928e-03
8.676183213490670527e-04
7.770197139843216388e-04
1.169134029052152019e-03
2.651822031627116801e-04
4.603884878562622212e-04
2.991157633708644843e-04
2.117429308546838948e-04
6.604368746197955640e-04
4.160951459253682582e-04
7.402332524982838634e-04
6.347926807374215273e-04
4.909570877938549587e-04
8.101070084877055183e-03
7.453706652340117735e-03
6.120746799132699943e-04
2.958876258948291778e-04
4.264891296903647864e-04
1.337321562751324746e-03
2.074407350039566243e-03
4.380696141044574678e-04
4.950142213551448267e-04
6.609806432548036206e-04
3.332444332706318386e-04
1.119130894366835880e-03
7.627016458494859400e-04
8.960489066943914255e-04
5.620015247829561467e-04
5.701754932327112065e-04
4.095867795063876928e-04
7.411763050420227487e-04
6.434582027029291671e-04
1.321612777712274141e-03
1.865784040395623367e-03
3.964952926837181000e-04
2.042793331515699307e-02
5.362104239765413385e-04
1.245181766723108766e-03
8.186165340474325621e-04
4.950142213551448267e-04
4.599278139740109179e-04
5.840544258126737246e-04
4.960700023451145935e-04
6.836732542872505291e-04
3.388611023244422478e-04
9.913128073110817531e-04
4.024807046127095778e-04
5.827602823602498570e-04
8.140379406525540982e-04
2.199701236577431343e-03
3.600892270012657809e-04
1.486581953149414921e-03
5.424373281817403527e-04
5.875874698248518581e-04
6.421416643015907767e-04
8.125829880628783215e-04
5.825692671842276626e-04
9.910227101372647875e-04
3.618763436753140808e-04
4.150895558857953986e-04
5.982217122792914468e-04
2.776996621773687225e-04
5.238132338428314180e-04
1.318119318655865341e-03
5.990651483509237471e-04
5.034227895049447161e-04
3.233558306405077618e-04
1.352333886773675591e-03
3.780039241746610264e-04
5.967380262649857152e-04
5.041454864937066531e-04
4.850478462663507305e-04
5.574374683851017909e-04
6.306576704480797201e-04
1.988549061779690784e-03
3.074482476676505035e-03
6.716507176360186253e-04
6.675832489893171419e-04
9.636044945580687178e-04
7.076003632037512151e-04
3.768365366302527889e-04
9.572020901277269924e-04
1.564826244016096239e-03
3.507967334552443547e-04
4.540475661388310852e-04
2.807669511978907453e-04
8.500424062672318421e-04
5.143508196908036295e-04
3.900831479375650832e-04
1.014953757497855102e-03
2.476959662096112676e-04
7.598460822775145564e-04
1.028316862276067861e-03
6.125838719991847595e-04
5.343359311334931576e-04
3.136788407887736879e-04
9.259469396562404865e-04
1.032056568804572833e-03
4.759759252445985031e-04
9.459843054719188930e-04
6.445241527549867714e-04
6.223286235853796311e-04
3.516065804840090808e-04
2.682831431853062421e-04
4.796398880490882789e-04
9.623601338946943719e-04
4.576373340368527533e-04
3.734401715656837650e-03
5.618260788939947147e-04
4.798816109457632539e-04
5.333342068298684447e-04
7.182871706914063922e-04
3.932353315166867949e-04
5.132854172545062718e-04
3.112532062422819295e-04
7.456792387999594757e-04
5.984104359391570179e-04
6.368949335127666988e-04
8.795672025666937148e-04
4.602191762505343422e-04
3.766198374791927860e-04
3.726900290809922371e-04
5.996315176272302419e-04
2.223588632046832707e-03
1.400367208889664481e-03
5.690524222264748246e-04
4.736593833180772302e-04
4.406401751691354455e-04
7.358111843515925373e-04
6.721787107122237197e-04
9.658232874231885336e-04
2.732479177321792130e-04
5.646816052474099533e-04
1.543304559191252230e-03
4.813552578486051943e-04
5.958585684743714170e-04
5.935448259897367802e-04
3.851841580977493056e-03
4.321532020382448116e-04
5.212901815539115443e-04
6.021677060789734160e-04
1.036435177790542969e-03
4.949926447132524908e-04
1.392776592272916775e-03
3.071414607744512876e-04
6.384711445092792646e-04
2.408724669680838235e-04
6.236844859183811622e-04
1.073527809294305951e-03
3.971479986635397604e-04
6.974675093482187761e-04
5.873027649768973067e-04
1.215245363016557133e-03
4.279096032993652977e-04
4.951210385580391993e-04
1.403128252504262739e-03
6.960734760444635752e-04
3.453731118205951569e-04
4.218327618181781711e-04
9.995234688302686524e-04
6.312674701895996292e-04
7.142800259643644189e-04
6.316937018303358294e-04
5.861936265265189688e-04
5.523032726976955615e-04
7.424324834464455375e-04
5.730087735675679257e-04
3.207285707792282398e-04
7.538120654165487771e-04
4.043907173003327606e-04
3.918556275064772080e-04
4.341480757768271192e-04
4.230970520251583155e-04
3.317332118843883178e-03
5.562819649286961316e-04
5.047415551211290345e-04
5.923601186256096610e-04
4.149596589623609781e-04
4.474569031413840460e-04
2.875318370080917380e-04
4.635345728976871188e-04
4.434223068302586943e-04
8.194235055516100198e-04
2.900672502264053671e-03
6.443277007659474259e-04
7.781649698208680617e-04
7.143351627916259610e-04
4.655371289278039510e-04
4.421779333403156459e-03
1.700509978591407349e-03
3.385062121091309602e-04
1.636994459223991855e-03
5.766535292125254692e-04
2.123130714305808495e-03
7.437415729420608938e-04
1.695285775913787148e-03
4.448017387382570756e-03
4.691616457488416089e-04
5.059789570718688321e-04
3.704891425389950348e-04
9.600119453610355281e-04
4.532545641390402723e-04
6.574346001785658436e-04
3.994007963447990597e-03
3.542423859195388937e-04
5.534631595824386499e-04
2.651822031627116801e-04
1.337934814716107770e-03
2.060131427703348634e-03
7.731797714697440224e-04
8.273384262574181962e-04
6.033431372312834115e-04
1.310470892791470131e-02
4.272273358614974348e-04
4.274045150447565618e-04
6.111543635410627423e-04
1.340044629653797071e-03
8.459987640925982618e-04
6.807196248680907414e-04
5.166009806376514659e-04
5.795155165485732941e-04
1.107550650441782797e-03
4.899299872446193386e-04
5.679868370096093338e-04
3.736704582380154498e-03
1.039843139450559754e-03
1.080697092102920814e-03
7.887165304739970472e-04
6.440736056532168127e-04
4.740204526457012673e-04
3.797043611084109909e-04
8.268025525934154327e-04
7.875005602359358816e-04
1.062329538006293256e-03
4.625301835739936847e-04
7.466511030053313465e-04
1.002575176376480385e-03
3.382482101563557826e-04
8.104024778427915913e-04
8.638907786807219777e-04
4.097152340031736664e-04
3.391307784246913376e-04
2.065759905606983195e-04
8.973115041293373709e-04
4.440946109955064454e-03
5.958585684743714170e-04
5.624993250997533745e-04
1.386444254384484745e-03
1.245248685689961205e-03
5.056718707294194110e-04
1.417246592095681990e-03
4.336431974460914812e-04
3.947530159459605552e-03
7.090371826997413302e-04
3.959344612393666000e-04
6.733975014231129413e-04
9.873710426698235291e-04
2.412078929939362112e-02
3.123789969385471280e-03
4.258231996973453897e-04
1.235607406604573473e-03
3.608683890630874939e-04
8.355799504663599447e-04
7.249735027866173118e-04
9.779395066168412951e-04
3.611590775273767193e-04
3.865989452710514164e-04
3.385043325717527942e-04
2.067018851957296705e-03
6.794629541407868137e-04
5.423329555249153467e-04
4.116399417280551228e-04
3.836694963353467396e-04
5.332819801857007587e-04
5.329015342073014543e-04
7.490811307997719123e-04
8.447700312806939683e-04
9.056082684174659005e-04
3.547211892917788195e-04
5.530009204891136402e-04
1.210387313965442238e-03
2.974017852587374096e-04
9.447070287630201027e-04
4.599278139740109179e-04
3.894129937014329922e-04
4.254860076221714336e-04
2.223588632046832707e-03
7.784725980984177939e-04
7.521492152314497668e-04
9.915201269370234674e-04
4.997860022027731221e-04
4.906444993508312334e-03
4.941808232767575188e-04
3.287899544549480863e-04
3.329581528468945439e-04
1.148955982878019106e-03
9.002353404064276443e-04
8.448894948770176551e-04
4.508294442947409475e-04
1.085140746726785503e-03
7.353211922531685063e-04
4.026384807030610456e-04
4.474569031413840460e-04
8.779492577535516224e-04
4.107706231958910227e-04
2.382869500441674290e-04
2.775584296326646374e-04
3.035154416199960757e-04
3.983422461511312049e-04
3.691164858870996058e-04
7.969865547691100610e-04
1.019907834328447060e-03
3.669746476541097045e-04
6.828728048291381799e-04
1.252194079781029533e-03
8.621817082583513314e-03
2.786302416411649027e-04
7.584321868359752581e-04
4.193396056899620708e-04
7.505687860174061789e-04
3.110205695637303404e-04
7.378771198565636487e-04
3.657106084675310195e-04
4.218495441230589666e-04
6.415339938095721917e-04
3.449307753720734244e-04
2.655667347529475260e-03
2.186064333892437719e-03
3.766456896405221484e-04
4.757837817434066295e-04
3.542423859195388937e-04
4.106850388376071643e-04
7.203454610966613433e-04
7.532663381451291332e-04
8.167876474896917710e-04
2.846737868109150763e-04
1.970402519344383041e-03
1.002575176376480385e-03
6.928384592217791838e-04
4.735494729817071066e-04
1.484475185719858186e-03
4.698499828937920662e-04
5.378981531958141942e-04
8.500424062672318421e-04
4.483556957250446314e-04
5.638638990784596364e-04
2.424188593161902706e-03
2.839251522618794045e-04
1.419690771613754806e-03
9.136215713808372701e-04
4.679072549080059897e-04
3.265257084181996585e-03
3.451255221544916279e-04
3.462631140169173012e-03
5.506922128209966981e-04
1.473823103830602596e-02
5.055600605123012833e-04
4.092201406350992848e-04
3.398635735608400259e-04
8.847583125490883103e-04
4.183377069221823753e-04
3.987473277693859286e-04
5.005578644603131183e-04
6.075305611311989122e-04
4.828424138628225216e-04
3.663588781780522437e-03
4.615185222447512506e-04
6.436506571206553669e-04
6.308931390793518683e-04
5.300017858668228934e-04
7.632787579955503795e-04
5.085455703050611011e-04
4.402265069628823690e-04
5.709854040114502533e-04
1.542329218859869950e-03
1.161771021009125457e-03
7.544099768545786113e-04
1.525637105002488952e-03
5.572250445534995128e-04
7.803731127714599262e-04
3.968228576551944393e-04
4.958566465429187350e-04
3.074414147918397722e-03
2.991592717394994595e-04
1.105936517422367611e-03
2.789217376356259610e-03
3.462730520043437801e-04
1.746704217868527871e-03
3.311198586989990041e-04
6.059205356003647585e-04
7.280731693169433666e-04
5.636305425663771032e-04
4.285266939903067734e-04
1.425682984107543450e-03
7.153141968299701718e-04
2.900672502264053671e-03
3.704489624344195963e-04
6.075445000323320644e-04
3.346818184429539017e-04
5.657163000820779634e-04
2.227476883054033043e-03
5.471784497026218729e-04
5.009625572139781921e-03
1.119646460016057764e-03
3.574069921260032050e-04
4.151915613813321839e-04
9.943686163722236914e-04
7.090907003122683561e-04
8.031642008104677381e-04
4.796760072787253177e-04
6.475544763674221261e-04
2.970223229148220823e-04
5.575682833962104009e-04
5.085470937293563431e-04
3.447762602189222148e-03
8.821555897588178718e-04
8.898148648982008579e-04
6.486651717759584585e-04
5.355211369040636720e-04
7.725292583519352118e-04
1.254889186745664206e-03
1.215951999675013830e-03
8.523374772751558066e-04
4.211227738807405883e-04
4.043008676816425883e-04
2.294855347719051628e-03
7.389174925965847924e-04
7.854714803405532910e-04
4.558151906537890739e-04
5.213524601946098415e-04
3.503864803978325735e-04
3.388815951724311114e-04
6.016977007915570502e-04
6.507141036859598196e-04
1.270921387984278979e-03
9.026429447514595136e-04
2.779335481287621701e-04
6.657360948471723223e-04
4.008600139340071675e-04
8.521301441853074534e-04
9.123356607340227372e-04
3.944800694684819152e-04
7.880658382104326065e-04
4.065252580881674569e-04
2.670227344542475340e-04
6.513874522967859782e-04
3.918723021894802852e-04
1.302932692851017362e-03
2.714350794973800253e-04
7.022796927988399869e-04
1.686965819815770947e-03
1.240335187888905351e-03
4.681630431968475305e-04
8.900956651579641169e-04
9.608602103348023223e-04
3.767817145613747208e-04
1.970089575831183309e-04
6.868063675996379956e-04
5.356905538447582658e-04
4.530687055765340952e-04
4.352120998013733408e-03
7.437415729420608938e-04
2.569872300842139133e-04
8.851715407909913329e-04
2.419055936798568168e-04
6.507141036859598196e-04
5.300756010421473798e-03
9.428796147191845006e-04
5.584078794350777345e-04
8.531441212992934339e-04
4.150706682991339366e-04
6.793416979650083532e-04
3.204390086971436232e-03
6.680894792433691304e-04
3.082080895981299958e-04
7.854714803405532910e-04
8.046159281932936625e-04
2.638471059668533441e-04
1.763840401778737259e-03
4.818242617520431632e-04
4.335803797310900840e-04
6.724404746623225283e-04
3.057076474639674286e-04
8.854422529800829106e-04
8.221121020384136941e-04
1.045951573505636903e-03
3.822035003174771312e-04
4.057891475900587052e-04
4.084523424525548780e-04
2.060131427703348634e-03
7.690737539878287699e-04
3.474966384062397676e-03
7.946491020786974110e-04
1.341202758783418582e-03
9.211860854866184885e-04
3.408385609737551243e-04
5.358259098245831591e-04
3.942398743968139108e-04
4.032319202683039326e-04
5.115948162351649422e-04
4.413735813635861279e-04
2.819888161001480155e-04
2.868612728148624063e-04
6.295555256564975633e-04
7.398265883786857939e-04
7.026860197255552828e-04
3.734401715656837650e-03
4.460772332137434202e-04
3.076993784848494552e-04
4.297163271458681599e-03
2.792115766096932815e-04
3.272585656494588890e-04
1.121053077374800037e-03
2.841257526064486054e-04
1.149947224677099530e-03
5.803159297956826971e-04
2.903224423012916509e-04
3.541326967445492121e-04
4.218654059231492066e-04
1.730795083807148320e-03
1.162215008293841605e-03
5.604365903169744329e-04
1.060886825081380856e-03
2.849874574281631651e-04
7.616054520498449819e-04
2.577500028634196940e-03
3.017227860553636852e-04
9.901878374659637758e-04
3.451188128609405568e-04
4.727079421559362746e-04
8.365181713837060171e-04
1.666207664398702566e-03
6.184362008416732477e-04
3.385043325717527942e-04
3.789173993503653216e-04
5.931025819294336509e-04
5.583110550000574884e-04
4.181768655621721504e-04
6.792943678487651116e-04
3.091161496533925777e-03
7.800446888307592790e-04
5.505332936728699533e-04
3.892270587292805725e-04
1.491646496534295135e-03
3.313249406448628108e-04
2.850571133509796086e-04
6.774971467028393247e-04
1.267242548161704417e-03
3.937732274122611540e-04
7.453646279968210910e-04
3.861707342415521315e-04
1.846487129104579196e-03
3.109845408026713082e-03
9.306475046925476776e-04
4.681049728430383347e-04
3.828042622105365302e-04
4.619799827897559923e-04
5.071976173220127653e-04
8.954180159574507856e-04
1.178575080800692157e-03
4.757686722771434619e-04
4.506722060446737249e-04
3.631726605137861746e-04
1.261845298441211568e-03
6.860696994742508529e-04
6.165713617203413995e-04
9.387850765849771071e-04
1.022893571327110817e-03
7.961802482220444377e-04
4.982387507115057859e-04
1.417246592095681990e-03
6.095174031269562538e-04
7.950353888181891596e-04
3.940158758549467842e-04
1.107182439688727009e-03
5.828458262431833762e-04
1.423863600137860019e-03
2.789540049408191155e-04
1.043491290781707430e-03
5.181113647694682387e-04
5.681644268992452462e-04
1.246454130667681891e-03
6.804760239862875197e-04
5.931025819294336509e-04
3.428602785124892287e-04
9.259469396562404865e-04
5.506066034912792274e-04
6.033766540894185647e-04
7.880658382104326065e-04
2.693714626066383896e-03
3.516543023770831345e-04
4.136565389622021095e-04
3.388815951724311114e-04
1.298379454412057358e-03
3.337395705213876823e-03
9.030548176395113147e-03
7.025705835775486073e-04
5.583110550000574884e-04
4.304537106187357508e-04
5.058583338436140834e-04
3.785916584141192946e-04
1.323540406104559489e-03
5.400704805353704176e-04
6.500278122045653924e-04
7.724365411800067751e-04
2.586418986528834368e-03
5.822908668753803540e-04
4.042389244847483724e-04
5.325072452029096150e-04
2.763697462085602709e-03
9.068311241607194444e-04
4.629474742102236717e-04
5.532786070045042073e-04
3.022664255440262143e-04
6.122536522779529989e-04
7.735499355950310740e-03
6.472033178024750406e-04
4.107706231958910227e-04
5.425080014626905683e-04
5.784158188776660717e-04
5.107748284875156513e-04
6.874202437496720322e-04
2.267025310150476739e-04
2.918275960006758239e-03
4.583377242504352994e-04
2.927282015482137400e-04
8.028310592761946822e-04
5.805139638721745158e-04
1.024564503026635046e-03
3.098891148228767795e-04
2.868398189638518081e-04
5.579004826044652423e-04
1.737888134751150926e-03
7.129604977220393471e-03
2.546112823000907122e-04
4.847019502742427378e-04
4.258661901341145666e-04
4.307882096364523314e-04
7.965722848222621865e-04
1.776236585669609645e-03
3.686559298817281634e-04
4.314201245564791847e-04
6.313402360142154239e-04
8.716452001953583313e-04
5.946798835782468942e-04
4.859874417786187945e-04
1.605602177324312162e-03
2.563044327362184994e-04
6.949859650454652668e-04
3.315276404890603063e-04
6.057854704909595208e-04
5.322628001901023647e-04
5.695288630808582192e-04
5.112980546709815916e-04
6.445680571903006579e-04
8.637915289733172266e-04
4.415349889605969455e-04
2.019738804797795335e-03
3.619353794694044361e-04
6.807196248680907414e-04
1.350346888342505991e-03
3.536708070607003812e-04
9.039870357532681609e-04
5.945152725971114376e-03
3.870132878822679537e-04
1.190800900192341780e-03
4.365758862345757701e-04
3.653004726522431794e-04
4.219922252644709706e-04
9.523075509829723563e-04
5.520913900137626017e-04
4.657693776266310748e-04
8.964919730059820119e-04
3.690784022195257039e-04
7.138945996108392441e-04
5.343071651165264956e-04
3.002049292558743305e-04
2.749720155719517778e-04
7.468697210164141568e-04
8.498372377757276979e-04
5.443710215193158257e-04
3.806858580883785287e-04
1.416088756790928127e-03
5.229961751915585986e-04
6.119195355851376160e-03
6.230950165971153344e-04
7.594062562504350555e-04
3.986104332314416407e-04
7.521492152314497668e-04
5.808535680478332623e-04
7.067112089281422059e-04
7.627809998401439582e-04
3.677118157620806109e-04
1.021393131527938277e-03
1.689572522659355544e-03
5.491676242507875999e-04
6.692291824820751581e-04
7.523162517953387550e-04
3.916167208825579787e-04
4.229046684245510489e-04
1.283265436251616442e-03
7.343085611810056673e-03
1.322036897643632776e-03
3.608498554718111203e-03
1.965683085620045963e-03
1.224966843562445016e-03
5.404258695613622368e-04
4.050884249200192638e-04
4.897190483843974051e-04
5.702576583411564501e-04
8.865704345342781791e-04
5.118612858825824291e-04
1.331396477249547489e-03
5.039263248071228479e-04
4.648826863705932404e-04
8.421053329542956467e-04
6.763784758150373760e-04
3.878325536182923865e-04
4.121870015375726434e-04
6.007940791928614507e-04
5.362971912421746895e-04
4.027540453974649349e-04
6.914478321604027424e-04
3.462631140169173012e-03
5.194116439263767428e-04
7.674875244194728731e-04
9.893944055831534277e-04
6.832063765209206744e-04
7.152376011113149900e-04
1.866879083537934707e-03
1.156591106080691756e-03
1.398068687569836710e-03
9.424159137844204679e-04
1.712272044420959025e-03
5.769754573581045926e-04
3.623665128418437865e-04
6.275757531464615452e-04
1.565947344305433381e-03
1.143359083594493349e-03
7.648349279879573543e-04
7.974562744813465387e-03
2.987384996529990409e-04
4.809888533616760923e-04
4.648826863705932404e-04
4.960700023451145935e-04
8.570618744696631300e-04
4.297487949220807216e-04
1.135722458455653682e-03
3.924294135181488337e-04
7.089403208316959800e-04
3.918556275064772080e-04
9.459479547998965237e-04
8.072175702886470825e-04
4.197806360704301278e-04
3.698937441580446919e-04
4.171694688422698067e-04
1.663871702062501593e-03
3.016765649224556196e-04
1.614911271833593303e-03
9.136215713808372701e-04
4.907469671637185995e-04
2.913461141529575930e-04
6.035062724110393283e-04
6.307871117891479832e-04
4.889051166125892500e-04
7.977994686548233599e-04
1.737306687853592754e-03
5.231609659716540640e-04
7.727342944571902574e-04
8.230663177186100035e-04
5.696199931988480845e-04
3.487046879768239209e-04
4.968390101705447495e-04
4.490817226837937677e-04
3.712288130163591280e-04
4.494736779476278163e-04
3.676816485486752864e-04
4.792404798901595919e-04
4.386504798562586879e-04
2.659180249284098926e-04
5.702446317664483164e-04
4.278611611217786001e-04
3.337316264703803800e-04
5.789136827643823766e-04
6.190320179935547172e-04
4.285792150148418187e-04
3.515374926143124252e-04
1.019852961404395459e-03
4.876520515831358061e-04
1.286450499833234661e-03
8.589764712492155502e-04
3.338480004424334495e-04
4.322624684566789277e-04
3.972713886468538878e-04
6.156936407792053603e-04
5.261225252965696583e-04
4.348971877327379994e-04
2.372762326786740945e-03
5.377367031037527667e-03
3.804348843491216258e-04
8.531441212992934339e-04
6.004000737478539180e-04
8.140472918495546490e-04
1.839175600882506914e-03
1.186570018596884955e-03
1.501106253286468503e-03
1.027190765646446508e-03
3.864416624193415021e-04
6.375792864902659609e-04
8.148252170782400734e-04
3.713017877176518909e-04
1.239942191162571187e-03
2.968933043818016695e-04
1.024177047782524495e-03
4.671515703192345606e-04
2.775673503627190284e-04
5.120064943918578191e-04
6.694562591333806829e-04
8.204068303938341850e-04
6.424217233602937636e-04
3.822709532975683642e-04
3.888497548909967266e-03
4.073394322563222048e-04
3.455468338054060824e-04
3.457514690328397926e-04
2.293220744589611216e-03
8.884764258507306780e-04
2.919403558181178355e-04
3.390334067723073299e-04
4.601170908107553043e-04
6.229020172494305558e-04
5.399377312447072464e-04
2.917200196426619329e-04
3.725871247339195523e-04
5.748763117615718430e-04
2.874519503637692174e-04
6.816516124112969362e-04
5.103021535086644600e-04
1.255591727550571784e-03
4.633294299690201407e-04
4.310969284365310052e-04
5.145908745067813254e-04
4.409830954517165069e-04
4.437858160534832860e-04
6.975304589089488441e-04
1.772477553054974163e-03
7.318628220325048986e-04
4.858437105360250536e-04
4.813598324830696182e-04
4.671601615353617397e-04
5.367573674322150901e-04
1.303822077305087515e-03
6.561994108097153437e-04
3.110205695637303404e-04
7.203224917692980459e-04
4.245388219173046904e-04
4.565812214567375625e-04
8.051996922376148183e-04
1.178522404874035980e-03
7.467775804665603527e-04
1.001238004665009045e-03
5.852658142373159868e-04
2.153549698548725636e-03
5.275995056823109272e-04
4.289130574951237384e-04
1.003055404228918009e-03
4.531042279651005360e-04
1.279304216522487211e-03
5.539732948940203662e-04
4.700898304279595564e-04
1.863141147672719121e-03
7.878812186643098991e-04
6.974725926310203000e-04
5.562015541315288398e-04
6.578135601174153789e-04
1.717696660445530406e-03
4.085877403545809419e-04
3.275319433276536129e-04
7.594989731946223807e-04
5.974503314611497810e-04
5.180138088106778314e-04
6.599423422440288574e-04
8.167876474896917710e-04
5.937761080534222904e-04
6.934492819479660128e-04
4.389405284782591150e-04
8.393586589237368722e-04
4.620743508904111632e-04
5.699373226137183614e-04
6.560472912326865014e-04
1.264561396821319928e-03
4.663399394955369446e-04
3.419194210757194757e-04
4.926316051221897628e-04
1.094233659572208060e-03
6.497452336202142863e-04
1.797420507820174373e-02
4.124467762431686078e-04
