8.798910868562973778e-04
1.741695958660103259e-03
1.258113230223998008e-03
4.825554765427211000e-04
3.172543913428351402e-04
4.936711841507436960e-04
2.467968793749852376e-03
5.490673951070951329e-04
3.894169970826587800e-03
1.097064272912388026e-03
4.382468841691190961e-04
6.669651439932592057e-04
2.219226400637242923e-03
4.337955652652028668e-04
6.956400871015329911e-04
1.192251415833103919e-03
7.373629026460496805e-04
5.506301805193219078e-04
7.851718705478519938e-04
4.230956403615267311e-04
6.178874974389655765e-04
6.659365269859858841e-04
1.323099056466468760e-03
5.188927310032791403e-04
2.348034080593244463e-03
5.362693316935661933e-04
7.417191667293150919e-04
7.803387707385215028e-04
5.709241423835422369e-04
7.316531637840149654e-04
4.946053171036825062e-03
1.180795023038920706e-03
7.360529007043673791e-04
9.771353338351156537e-04
1.576324197171687005e-03
2.802541965767782017e-04
3.024250494487468470e-04
5.889927983680136141e-04
7.384157934436658827e-04
4.859141568175032611e-04
9.009364319060836736e-04
2.356656332464519398e-04
2.577383399687806220e-03
4.571207118403794348e-04
1.640610948707499741e-03
6.799999245525712756e-03
5.654644757621938612e-04
7.712645473783250874e-04
4.204781411693615822e-04
5.310775303637015488e-04
2.132433592814726112e-03
7.439680794140161781e-04
6.567653992391478358e-04
1.079589821252158015e-03
3.729557545226670117e-04
6.062758886830413047e-04
2.299954907721269565e-03
1.435781916390896232e-03
1.146621544856340396e-03
1.170064351575314824e-03
5.517339321927206908e-04
2.132763382646951644e-03
9.796971021485683263e-04
1.815759577366676076e-03
3.566586085434827352e-04
2.717003116771579772e-04
6.896160937678296474e-04
4.320342728782457578e-03
2.262663599455097367e-04
8.082972827654202668e-04
8.531318499559561227e-04
5.509347473838723409e-04
6.031234841189430729e-04
4.873395379776742265e-04
8.115263308075367681e-04
3.302004418646017144e-04
9.623877445692809998e-04
1.736260905651980380e-03
1.543952168223687712e-03
4.040450290039270930e-04
1.702503115684679894e-03
5.500159668155961672e-04
4.568944646565176420e-04
3.014230294973302415e-03
4.001468248253062417e-04
1.662209538995489729e-03
2.853092587747266652e-04
9.459162160772079803e-04
1.247422400472257770e-03
4.820855820944662594e-04
6.083398613495429649e-04
5.866109599647152456e-04
3.871960119956057052e-04
4.233528985401890259e-04
3.086922517501324102e-04
1.107697395165526105e-03
3.168358622356397237e-04
8.638925961933693063e-04
3.778022766009727024e-04
4.894704921476859816e-04
1.183950846227347980e-03
6.380280775434246003e-04
6.143740453771525528e-04
5.579501459917284543e-04
5.754375488111826290e-04
1.321480776475852676e-03
3.636922768687060625e-04
3.172351347457111922e-04
3.339870557397388328e-04
5.679437464845941974e-04
4.996426457406147456e-04
6.267923655005091296e-04
5.116269298996348842e-04
7.477308105802717934e-04
7.206422867116040734e-04
4.943052841217290784e-04
1.207446493701120824e-03
9.875089311132047732e-04
3.727364698613043004e-04
4.848198924091259745e-04
1.181331994852489109e-03
7.154136199144613736e-04
2.800302892002706789e-04
4.515138872599321496e-04
4.118717386865267832e-04
6.765040612581157400e-04
6.452039868070834306e-04
2.310347285164224783e-04
1.072126790898991549e-03
7.835300467461519267e-04
3.774037590324830303e-04
5.156137253578789567e-04
4.609990955544253973e-04
4.625564873321573022e-04
3.288656902295328342e-04
5.450869066073849413e-04
5.526375817623212878e-04
1.001547636969594242e-03
3.784359547044941624e-04
3.477543924229222058e-04
4.323111121880053608e-04
4.219090362929738230e-04
1.273276814321388150e-03
2.054549764118100089e-03
1.793658736453286866e-03
8.705133570238518395e-04
4.344499240283543752e-04
7.721990000530806926e-04
9.108747620658766506e-04
9.469267340911656288e-04
6.971638618390677694e-04
2.056510980995052661e-03
4.541172817748397104e-04
1.333047745802969260e-03
1.096798339311351109e-03
1.226723977767300812e-03
6.788433218677362860e-04
5.211610458764372178e-04
7.626202462738408249e-04
2.948316764921518358e-03
1.295769498519186002e-03
1.838091308210523323e-03
6.283433790158851487e-04
1.178683632019703314e-03
1.301256417507050834e-03
1.008135301418663747e-03
8.360243374673327144e-04
4.863465455204010095e-04
1.695678217798548887e-03
2.198359676389821909e-04
6.759720947861987995e-04
5.684878267677998453e-04
1.623891542702289711e-03
4.259540857633447577e-04
4.932569244232071128e-04
6.503287838715152624e-04
4.136474943689277990e-04
1.436946783414845942e-03
7.689294725289311412e-04
5.474212813015358597e-04
1.835761964576906186e-03
2.063272782405385381e-03
3.115510008798343718e-04
5.369179974399423093e-04
3.539093579497027179e-04
1.404513429386117620e-03
4.680888404949769157e-04
3.278938064389887749e-04
8.313901858838349023e-04
2.932588489154434918e-04
3.714740309342346130e-04
9.629758862592555741e-04
4.074211699748023739e-03
1.303867205335578405e-03
7.431002917151830530e-04
2.724063909457972565e-03
4.255793109809105504e-04
7.872938249684248435e-04
8.817464258350229348e-04
9.818806583589184591e-04
6.807086758702191953e-04
1.837011607970333576e-04
7.898947319780250369e-04
7.382026393531299861e-04
4.646399536563108022e-04
6.517650059559556772e-04
2.666040332864913313e-03
5.811385854567233892e-04
4.502293582148687531e-04
4.693355462428458556e-04
4.284502835578546929e-04
5.123878671113086440e-04
4.088467288210021746e-04
4.492394568093776371e-04
3.119519379681583333e-03
1.434178543512871573e-03
8.400756138913103134e-04
6.025312599421106183e-03
4.900741389865575712e-04
8.709051465203585061e-04
4.399040258073208206e-04
5.709299911801984321e-04
9.748466635791198454e-04
4.805603204365569477e-04
6.592008008291525348e-04
3.223497097497991532e-03
1.112258904335715120e-03
4.569637612459240533e-04
1.259846577409583918e-03
9.782379967473286281e-04
1.634304188723149139e-03
4.570581893272882088e-04
5.315669438640407713e-04
3.682541760482816264e-04
4.250985681917000716e-04
8.287438432872530191e-04
4.863570316484806897e-04
1.175483537365992585e-03
1.325631342484976218e-03
1.026026134943998445e-03
5.609893065996547547e-04
8.293461289055295994e-04
4.117027664786761655e-04
5.526080189034479314e-04
5.980706914732080576e-03
2.671358832419287559e-04
7.706918708345616856e-04
1.195777015334568765e-03
1.577153592418970192e-03
1.417533513065845135e-03
1.662211765991513084e-03
2.544538145235929671e-04
9.722065368615937907e-04
6.707916842758203683e-04
3.835444244721586881e-04
5.453778492353316808e-04
9.805457442219997662e-04
6.669922135628535316e-04
3.087700481696645867e-04
1.221331496747024353e-03
8.764125961100774484e-04
9.081214321371819560e-04
4.803404146143604213e-04
4.515686428255013900e-04
2.717901767954387579e-03
6.930630601579977797e-04
6.615141008174886712e-04
4.206320964776365831e-04
5.681355222648971220e-04
2.198359676389821909e-04
4.667002378228588054e-04
5.636324683763122359e-04
4.254055051984846733e-04
6.074578438496181605e-04
6.865646145997032377e-04
3.239075949624061249e-04
5.238986009354387437e-04
8.297159037091388469e-04
5.940368235507343785e-04
1.306275127449923633e-03
2.805723330881939996e-04
1.450763173491291178e-02
2.596895470901294518e-04
1.398054705054821954e-03
3.882732980486405241e-04
5.343912786656280622e-04
3.797246385753101552e-04
2.478390601947933359e-03
1.651226127674070964e-03
4.191589762787793229e-04
1.768566425995784282e-03
7.318116482639173363e-04
5.997234966235965529e-04
5.069340527845432381e-04
5.682867025596609334e-04
9.588866454389610066e-04
2.478390601947933359e-03
1.104345965837737762e-03
2.482379302091866982e-04
3.104816040008625470e-04
4.438736245871787540e-04
8.654938487572793595e-04
2.187091446915608202e-03
2.796717330342581302e-04
2.974027011372656470e-04
1.301899918180281180e-03
7.877861394206411112e-04
3.037050316858709207e-04
7.138212363736552496e-04
8.078780533587691642e-04
6.750981383597407176e-04
1.448827623400359300e-03
5.950492587458947741e-04
8.018728064098219711e-04
1.847361444057778234e-03
1.421412664985851693e-03
3.909739961572763762e-04
7.486846158938889519e-04
1.662076791095825528e-03
5.009135603424605919e-03
4.557600044627285675e-04
3.720735583198403929e-04
8.581748970194172550e-04
4.485174690607534025e-04
5.869845437359461635e-04
4.045169556317678924e-04
9.528375384290204428e-04
1.546522705080445028e-03
6.188855542053784287e-04
4.872741119220446002e-04
1.377153050098619365e-03
1.086670117368024454e-03
5.403805300134978526e-04
6.656114669268681358e-04
8.269156645573750653e-04
4.651027130101733709e-04
4.185142889449377851e-04
4.848198924091259745e-04
6.749596183939927376e-04
6.334544430462398694e-04
9.235515553565540325e-04
7.400686691281909823e-04
4.948457336570725356e-04
7.088918740189377498e-04
1.310444301294156743e-03
6.002780145812021189e-04
8.815676430483590119e-04
4.096197173560971140e-04
8.670847726231085658e-04
3.041950890553252098e-03
5.549043243041757974e-04
9.275442771559843421e-04
7.073040112176597928e-04
7.158573220469072358e-04
4.276125310730958845e-04
1.556540098082013351e-03
1.074441743057118854e-03
1.433243038483117144e-03
1.147756745351508154e-03
9.281890551536008159e-04
6.078701346317712728e-04
3.014230294973302415e-03
3.421231020726742101e-04
9.969822805207450775e-04
6.840225120757761554e-04
2.936359457705659654e-04
6.746274965470475289e-04
1.210813290907638510e-03
1.835249655356618751e-03
6.037739089868786541e-04
6.916923535600850081e-04
5.155024007538940847e-04
2.132433592814726112e-03
6.910847477337406924e-03
7.110992826237284327e-04
2.304389392243782596e-03
1.991984863542432902e-03
4.498601025925826557e-04
6.255663464396614979e-04
6.582751581031621221e-04
2.233443275209672212e-03
1.272410579246951480e-03
3.277073370133800050e-03
5.579501459917284543e-04
2.631213398935607073e-03
8.467635276911643621e-04
4.066519160314889178e-03
4.536784640948475695e-04
4.250985681917000716e-04
3.813987415911411667e-04
5.175217513986215536e-04
8.578912239985315860e-04
3.069692771478180768e-04
6.334073351080069924e-04
8.246234461165418425e-04
1.354658720737111390e-03
8.027150719930487444e-04
2.406217427617510403e-03
8.629349978060660590e-04
4.010763467144881677e-04
1.285200961495461822e-03
2.611149507083698382e-04
1.481621054483881839e-03
7.903723854877695411e-04
4.404645611655621552e-04
4.514496325933924168e-04
1.038596291848564767e-03
4.854321849015434545e-04
1.515628080020034203e-03
1.646023818163984843e-03
1.887932084628719115e-03
1.123125909910847615e-03
7.105340547253052039e-04
9.794778075727071393e-04
5.459782588184700428e-04
7.769108103865189716e-04
1.495294815648032065e-03
7.441611531577371633e-04
1.584956037153550197e-03
3.056548068397163444e-03
1.205914162149824588e-03
3.563159104208738414e-04
6.486721084528285176e-04
6.927515741558367204e-04
5.663583550142143024e-04
2.447856111146600377e-04
8.923047053097563595e-04
5.382706089697438618e-04
7.213407456542377926e-04
8.996027808333233438e-04
4.588463990015629137e-04
1.882173876595925627e-03
3.791200237143233539e-04
6.057342533418272508e-04
8.346422241949987431e-04
3.032135318334816445e-04
1.212417576306564892e-03
4.804062654245144608e-04
2.872520230828169013e-04
6.062186981036433086e-04
5.024155358441522324e-04
1.245872458492839696e-03
7.865646175684958127e-04
1.002673610919522368e-03
4.607821836605329293e-04
3.212753052728737008e-04
2.609834220277171615e-03
1.285631271046396885e-03
4.217380280521711611e-04
5.718768901528700592e-04
4.505534179449819212e-04
6.145286509515595318e-03
6.683534092914712689e-04
7.885761400308374369e-04
1.436946783414845942e-03
6.943691185694519106e-04
1.218614033532046306e-03
4.448603769629471782e-04
1.045187520838575549e-03
8.140672715303827293e-04
6.051677649809628946e-04
1.511567423540998833e-03
4.078211600765444108e-04
6.855551382116207692e-04
7.018233797946075124e-04
4.999556776785826903e-04
5.749475172552963439e-04
5.936131145577477246e-04
5.255760317750180930e-04
4.435682301031455008e-04
3.624382200145785139e-03
4.727787488476540580e-04
5.020797580637852489e-04
2.342724031643244904e-03
8.354055018981626805e-04
9.908760523362244565e-04
9.722065368615937907e-04
1.392932338443151914e-03
3.669228524676589574e-04
4.795204782826170600e-04
5.639192276365361054e-04
1.250420673599259404e-03
5.678595103218314361e-04
3.792443928343728222e-04
7.360107887809315711e-04
5.315531999021175756e-04
7.202543523988415861e-04
7.365088385890660025e-04
5.790366583171307384e-04
4.769676707294927959e-04
3.673560370958907557e-04
7.959086524950652591e-04
1.098881126333308518e-03
3.631926770237038377e-04
5.825822138415791013e-04
1.225656390910560530e-03
6.806227184792060106e-04
4.767465798209965058e-04
4.938159350684576555e-04
1.042758651375118740e-03
6.546583755155799137e-04
1.254619948159787016e-03
8.141431763046454986e-04
2.093576684304591495e-03
1.445011005484468950e-03
7.532002043242120486e-04
2.051638253157517244e-03
8.536236430125163565e-04
5.047620055929240897e-04
7.146044400113804986e-04
1.077047618635801904e-03
7.709964378315283320e-04
5.040743881020029807e-04
1.378106081116971682e-03
3.628006139851730700e-04
8.953803623167090608e-04
1.702831393648093642e-03
3.003770088083164251e-03
5.337120054407759650e-04
2.566602768150463235e-03
3.861768166629003470e-04
3.420862099807390317e-04
2.159034939028471514e-04
1.208097474461967101e-03
1.038482913848342995e-03
1.939810590355260482e-03
1.179835612164959087e-03
6.085078328598426088e-04
5.458706917051745324e-04
5.382706089697438618e-04
1.581062198743389416e-03
5.740789584105699837e-04
3.660388948313270455e-04
3.832449627179186549e-04
4.525692770152771414e-04
5.990027985914366405e-04
1.515628080020034203e-03
8.654039426130588370e-04
1.147647059619014923e-03
1.024067757053408927e-03
5.044585513303364742e-04
1.043767537988319173e-03
8.119908537776790447e-04
5.730759331576167548e-04
5.815155050972564514e-04
1.360428694393609351e-03
1.536823714540184061e-03
5.270963014140303549e-04
6.057209325086630822e-04
1.063585723358354690e-03
4.513661795823756370e-04
7.875076506650135208e-04
3.577530180379177188e-04
6.570471816789336290e-04
6.738774606315389064e-04
1.109885872571085607e-03
1.451981250031726418e-03
5.342030674206092646e-04
3.767764012987755129e-04
3.421231020726742101e-04
7.362763144419955628e-04
3.196824728950519324e-03
7.425365360408534357e-04
8.008234408048354363e-04
5.397698938739860621e-04
9.694845972666573048e-04
4.704734013315235762e-04
1.478355955719678951e-03
3.067487818938923762e-04
8.499625922970755398e-04
5.078636487983078296e-04
7.713941689011059996e-04
5.857736378594797979e-04
1.076575826789726714e-03
5.890584082210753754e-04
4.844659215081365661e-04
1.038165551191899162e-03
7.430706878023937874e-04
5.296551015280600173e-04
3.299559565878910873e-04
4.276125310730958845e-04
3.080849164010664404e-04
3.703017353252693877e-03
1.900505301429266346e-03
3.672656294803035770e-04
3.080477460961610222e-04
1.004563806057779535e-03
5.005918699637027392e-04
1.084772503850951319e-03
4.165313467578440508e-04
6.752536009147626188e-04
2.065225478336288074e-03
9.273082912483187083e-04
1.236891155460452616e-03
6.070197628441209711e-04
8.182393225780997675e-04
9.090895337316576893e-04
2.010436237189407171e-02
4.448910988347031643e-04
4.895409699652814939e-04
3.729188386131274233e-04
7.490518205816793559e-04
8.776634605812226727e-04
1.683379520239608159e-03
2.178025168542463939e-03
7.426195228118282095e-03
6.353488037773741834e-04
9.612484480422898428e-04
1.502598392642348927e-03
1.202289348680757710e-03
2.869805807424061434e-04
4.539343014437151715e-04
7.363737224310166118e-04
3.399288594712365601e-04
4.085731555219355190e-04
3.607324757930860837e-04
1.736260905651980380e-03
1.628132415326631176e-03
1.152278203119485927e-03
6.436378727572781948e-04
5.178446474918920774e-04
1.705756199538350148e-03
2.332597880794863750e-03
6.384123480812405743e-04
5.052590105093301498e-04
8.934026024357514129e-04
6.268738881627330430e-04
9.553460346017947748e-04
4.858947730663805030e-04
4.672898482683585683e-04
1.014641104988142683e-03
4.086547387048261441e-04
4.302624099924602782e-04
4.164094974800972818e-04
3.917225554338091362e-04
4.995584797753713745e-03
9.130653730433981605e-04
4.566368015392388547e-04
9.500142116822376040e-04
1.687312144146250982e-03
6.420727356591766303e-04
5.200238696678981254e-04
9.961009856468601171e-04
5.445889205041922225e-04
6.190593821288699252e-04
7.030210658228743491e-04
2.076733222631812169e-04
3.457666314367601476e-04
2.536859383226380566e-03
5.795397007986273627e-04
4.128023460036582158e-04
4.354491990533796743e-03
4.734922407140909118e-04
3.037327311482316324e-03
2.784274461859594725e-04
8.302524771580767956e-04
1.006220143406699437e-03
4.959887556612770912e-04
6.983420581964530985e-04
1.413952419836092111e-03
8.134576447128589061e-04
1.857411076977212800e-03
6.115594328136167782e-04
1.148754795828552458e-03
6.786489669188635644e-04
1.722833457305283488e-03
1.194733377708691920e-03
4.992271589471531648e-04
5.568918664719473650e-04
1.380036739090620152e-03
1.395786384389233973e-03
3.404226943887258823e-04
1.210530064816696741e-03
5.286796924732934397e-04
1.239548494435250376e-03
7.020766141266211301e-04
5.186748982865457347e-04
6.505868423214363231e-04
1.347042880215023166e-03
5.135621318391616176e-04
5.859266114232292806e-04
4.968203388707179754e-04
4.834817739416241277e-04
1.163592979305468718e-03
5.342030674206092646e-04
3.080849164010664404e-04
4.363904854241838012e-04
1.708066462499429868e-03
3.322103949943808914e-04
5.524643826127526936e-04
5.509347473838723409e-04
3.018787330702039852e-04
5.904104264045214809e-04
8.885319395052809939e-04
4.362859442226099996e-04
9.507676595150115449e-04
3.723831150458962059e-04
8.223375115527807372e-04
3.730982197354968180e-04
1.784966774626693545e-03
9.804152402172413867e-04
9.445368855381244344e-04
3.274591173774794774e-04
8.204283546199168725e-04
4.288220176428310794e-04
5.099620542368855794e-04
9.590659003850883664e-04
7.443497048302635420e-04
4.371829686395228018e-04
5.226565042430736515e-04
7.859175561034735091e-04
4.541913675074204398e-04
5.884006710428234038e-04
3.277110715111677085e-04
9.544111155985382901e-04
1.232826922234624405e-03
3.806587529951808838e-04
5.768171571276797674e-04
7.138102741932560429e-04
2.899274468730987913e-04
6.669651439932592057e-04
6.817087751658845512e-04
5.024512971408449198e-04
4.500099603445323793e-04
7.569544646400024751e-04
4.984885705739082722e-04
8.548322747695836360e-04
7.272610321626851553e-04
6.084738509289968613e-04
7.385670803013968033e-04
1.250420673599259404e-03
2.460710151158928324e-03
1.082331142835799790e-03
1.341122938142280370e-03
3.100480251261335382e-04
1.339134693815386941e-03
4.729284831721943753e-04
1.256779846819311474e-03
1.454822442673923055e-03
8.235003967918594738e-04
3.785865258884216602e-04
5.434381829922461764e-04
8.055393471048818109e-04
2.416929788975146019e-03
4.402153934750858868e-04
4.394868299824101002e-03
6.559550928577455309e-04
1.048668436785147109e-03
1.123131924843385988e-03
1.802913140949859595e-03
4.621705713826712949e-04
7.242490491852786230e-04
7.364063518706870978e-04
1.253025667282922986e-03
5.287032797676979911e-04
2.811151853669815515e-04
9.090895337316576893e-04
9.057184205132295073e-04
5.411593325468030697e-04
1.090274344869329943e-03
8.801906445335141126e-04
7.427407490840271008e-04
6.810290481651117521e-04
1.439497957811813672e-03
6.116470231389214366e-04
4.293819288819356386e-03
2.239073607136355792e-03
7.689294725289311412e-04
7.285026158668644631e-04
1.262865322992645818e-03
3.590146669660117186e-04
3.670145098457046427e-04
4.367582735284385956e-04
2.056510980995052661e-03
7.647522617776537522e-04
4.485174690607534025e-04
9.437163744363189074e-04
1.665910499792339940e-03
6.652748609359093561e-04
4.136474943689277990e-04
2.594121935966975270e-04
5.664669654378034396e-04
5.339861541203417801e-04
5.720003471592663121e-04
2.666040332864913313e-03
4.909189260510684206e-04
4.309318998215502902e-04
7.393986691241527303e-04
5.748815151020500577e-04
4.614219213393828240e-04
9.267260413233918692e-04
2.343868464240077894e-04
1.450763173491291178e-02
1.399314599546677305e-03
7.972304098606691758e-04
1.185136193417740853e-03
5.586141001020016950e-04
6.696237515397206966e-04
7.596124621731660618e-04
3.463752038435957063e-04
3.120085454012262011e-04
3.992427369548199982e-03
7.559266874697724873e-04
5.318143012031621578e-04
4.419463136017973896e-04
4.721232596529286265e-04
4.379723009118681367e-04
7.304289384952130553e-04
2.982301450316363002e-04
4.039367625364494326e-04
4.717540954648130939e-04
5.349468715068300380e-04
9.968534152427898243e-04
8.759257558572369892e-04
6.368995645303938014e-04
4.174114250955249347e-04
1.299166165817633532e-03
4.293974641932571650e-04
3.338659102735348555e-04
2.781420887622732419e-04
2.161440207720501973e-03
8.752580899253565097e-04
3.538660280091125970e-04
3.632954569035044758e-04
4.349714063891168365e-04
4.960793644123742642e-04
1.930216480934629367e-03
4.637355293119211209e-04
4.082348374380223512e-04
6.108288151118313304e-04
3.029239527465386991e-04
1.019529197885559206e-03
4.105526877032735682e-04
6.653509797537057822e-04
3.228307606598250826e-04
7.219514635546257558e-04
8.511516077011110817e-04
7.857017524926317685e-04
7.326643361882737840e-04
7.386393649471828526e-04
1.357100188364942757e-03
5.139698202665464975e-04
2.093576684304591495e-03
2.489027818574563594e-03
3.735425801037111433e-04
3.895857669214168530e-04
7.274931167835481730e-04
7.460547506345359837e-04
3.855190692076105284e-04
1.071994799772144069e-03
5.646180320240091165e-04
4.194925827536960896e-04
2.678751771805228500e-04
1.450763173491291178e-02
5.974361453022986393e-04
5.968164713126289118e-04
2.716872282125934544e-03
8.223744990511639569e-04
1.343611923438653866e-03
4.790676355061654996e-04
5.472228725280808056e-04
7.288679547354114021e-04
7.032365913717547211e-04
4.217722047804439581e-04
3.336364672788907134e-04
6.928422588197759866e-04
4.873395379776742265e-04
1.557047790540828968e-03
4.525974940324220173e-04
8.536236430125163565e-04
5.072115570918184560e-04
5.369398603500626262e-04
6.066257521351003630e-04
4.848436485901662677e-04
4.047501005612986536e-04
1.540213886618670754e-03
6.869164327903452090e-04
7.116594972378008583e-04
1.271522904463525533e-03
1.124915928015641532e-03
2.907735915170907097e-04
3.408168487323645786e-04
6.345331047466312409e-04
6.931426217605168773e-04
3.019171602535565893e-04
3.338659102735348555e-04
9.585768686641567109e-04
1.106635974460818588e-03
1.023148764864260886e-03
5.099859489020440884e-04
2.330174147825749432e-03
2.678751771805228500e-04
8.211965618591601660e-04
4.218460115630350070e-04
8.910527832450179219e-04
7.927776388704405345e-04
1.096151584407660572e-03
4.322168635627906359e-04
2.799611246806648929e-04
1.252278039248515794e-03
1.281327796597992287e-03
1.256062501496907000e-03
3.034508259588626958e-04
8.718349622317554714e-04
8.376173886926704167e-04
4.412945636483006748e-04
2.882280958338161625e-04
4.678002589139872961e-04
5.770783277504729948e-04
9.098346348743718143e-04
4.886645141111031721e-04
1.043768568878185267e-03
6.537783647574680864e-04
1.152807237142696589e-03
1.526539409424861353e-03
7.963608560361770282e-04
4.681351771737482775e-04
3.428920253302625417e-04
5.443977744323387448e-04
4.870891541350769356e-03
1.432494084118692132e-03
4.961590843384483659e-04
1.122712712533758444e-03
1.360448640793383412e-03
5.066455002217756885e-04
9.367108587692915675e-04
3.504140419523320261e-04
2.428660157000144676e-03
3.210063388164222206e-04
6.754501328880425492e-04
5.820323954051899408e-04
4.337955652652028668e-04
8.190888251600761611e-04
5.964978734765407492e-04
9.381220893571639219e-04
1.736260905651980380e-03
2.843293759018027892e-03
2.923702705286290336e-04
1.178371185472857014e-03
6.977273464983196026e-04
8.001159966302970675e-04
4.275242238283641361e-04
3.367028058012982213e-03
2.261870316557848808e-04
7.445783222841931195e-04
2.694885297840103546e-04
2.492178149522063951e-04
8.769158502568109512e-04
4.516592027310162532e-04
7.942669608514803725e-04
8.054392935677741729e-04
2.831400482761990949e-04
1.575554398168339506e-03
1.308995185695851571e-03
1.454071419339727795e-03
1.218538302356486332e-03
9.529230575937727927e-04
8.134043607774274574e-04
5.010840518605500903e-04
8.436885435741767626e-04
4.125033225307120897e-04
1.010096189530799082e-03
2.799860406514391529e-03
8.495112641292518413e-04
1.759246223182537889e-03
1.273276814321388150e-03
5.730594806085337681e-04
5.461980486320891504e-04
1.708212953151879874e-03
4.298465880118618621e-04
7.361096914230227679e-04
3.069692771478180768e-04
2.741755204517901112e-03
5.949195935627443798e-04
8.516648871852500928e-04
3.992291373917856881e-04
1.172229910992990355e-03
6.090613927386267102e-04
4.751236828958576848e-04
1.523183011443316132e-03
3.569684191030599160e-04
4.021111471849683956e-04
3.113484796022849979e-04
3.069692771478180768e-04
7.404736091110703487e-04
5.967054581615607737e-04
3.900624345694643372e-04
1.186447175919844426e-03
1.506597203156485702e-03
4.748563234018488206e-04
3.807396955522523736e-03
1.909609596993992265e-03
9.275853283316483041e-04
6.164588565904651840e-04
3.799837466315454594e-04
5.390546862447439386e-04
4.328386880693864663e-04
3.483492845451107919e-03
2.787586426833822510e-04
1.028758365726104842e-03
