1.326047609643275109e+03
1.314037988292193631e+03
1.317858048915434665e+03
1.306438437708019592e+03
1.282451533181671493e+03
1.243035312305285288e+03
1.328388816896261460e+03
1.330152367809143470e+03
1.269094947113281933e+03
1.270356141463333415e+03
1.280754665939388815e+03
1.318874948123972899e+03
1.301513049711505346e+03
1.325568468295744879e+03
1.323322838432825392e+03
1.310744236738354175e+03
1.295923165679988870e+03
1.323963496262327908e+03
1.325956786762820684e+03
1.255005048996921005e+03
1.257967058212904931e+03
1.307045757540548266e+03
1.242809836922342129e+03
1.287376859992496975e+03
1.195980780733733127e+03
1.284932163263531493e+03
1.311598298328184683e+03
1.319316260489335036e+03
1.263685161985007653e+03
1.294236205257318716e+03
1.240207455178704549e+03
1.245973453956853973e+03
1.277593365084445850e+03
1.278009155494282368e+03
1.276999415626772588e+03
1.324732793374039602e+03
1.258405610803191394e+03
1.252919018698723903e+03
1.325102502071411436e+03
1.283289991852116373e+03
1.306653427727096414e+03
1.291109204000783393e+03
1.273598817325078926e+03
1.312561271789303873e+03
1.317581384160386506e+03
1.309735679902976244e+03
1.284347248381449390e+03
1.310441254121520160e+03
1.323089109499458573e+03
1.270836777270309085e+03
1.309311175878452786e+03
1.289123596748050659e+03
1.301065057811554198e+03
1.316351058598983400e+03
1.286522237769006551e+03
1.216989097210859200e+03
1.330965792720801574e+03
1.314553351965672391e+03
1.330922482367636576e+03
1.322616797989719089e+03
1.324640869114324687e+03
1.288843511347894491e+03
1.316923887976301103e+03
1.298742029269501472e+03
1.308369032506199801e+03
1.299701574401629841e+03
1.251676910487956548e+03
1.327842922462898059e+03
1.297657974422005964e+03
1.265825820788085821e+03
1.310572725315223579e+03
1.309208583165131586e+03
1.279726000557204316e+03
1.116628658094589809e+03
1.328814768150682994e+03
1.315101817017458870e+03
1.322582332530368603e+03
1.301703411789790835e+03
1.288066034840478096e+03
1.324512889314086578e+03
1.327051033360648489e+03
1.271500119895799344e+03
1.307719354084422775e+03
1.317632490904805536e+03
1.323818905316030850e+03
1.323021733285102300e+03
1.322253441332207331e+03
1.291246461170313523e+03
1.269976762000058898e+03
1.314672927316774349e+03
1.305804887295122171e+03
1.328520018528455239e+03
1.220696367248514207e+03
1.315067745738274652e+03
1.296556056670720182e+03
1.321236522745473849e+03
1.306753027689639339e+03
1.311905953863292780e+03
1.317087514790762270e+03
1.307533778177551767e+03
1.258618588426687893e+03
1.330765813705809251e+03
1.300069181381599265e+03
1.319440001886798200e+03
1.181054293885495781e+03
1.329937670080160842e+03
1.283735103881577061e+03
1.315653900786055146e+03
1.250681926132658191e+03
1.280590628167274645e+03
1.267977034535237408e+03
1.308424629047990493e+03
1.217846270409458839e+03
1.313157497384419912e+03
1.275381674127215774e+03
1.326942149232847214e+03
1.307940341576249466e+03
1.322326049584790326e+03
1.301713413704533878e+03
1.278245457742216331e+03
1.268546869767370936e+03
1.255734104986186821e+03
1.319440001886798200e+03
1.264572792582195916e+03
1.324559953191167097e+03
1.313157497384419912e+03
1.318081347871850767e+03
1.256419685031259178e+03
1.325651027700837858e+03
1.286916399483880014e+03
1.317221375857828662e+03
1.322152188249069695e+03
1.239419945011309665e+03
1.254717593789195917e+03
1.283795624067777226e+03
1.285678712228147788e+03
1.264901927021539450e+03
1.299736416357964572e+03
1.267778792133647585e+03
1.303354968057665246e+03
1.286035545494954249e+03
1.283901127795008506e+03
1.292836627227320150e+03
1.315257615707027526e+03
1.314925013157875810e+03
1.255919148531415203e+03
1.278406097417999717e+03
1.314530836323302992e+03
1.321471395136539286e+03
1.252775583819914800e+03
1.322565411396108630e+03
1.278821605054432212e+03
1.313815090494325887e+03
1.322290850713181953e+03
1.291300177373385168e+03
1.268581292505511556e+03
1.318051500465666550e+03
1.328673692033697762e+03
1.292875230048781532e+03
1.327449262414200120e+03
1.265910934556281745e+03
1.302993993863115520e+03
1.301597620562711654e+03
1.312183546965345613e+03
1.247970128165082770e+03
1.317569508999518803e+03
1.293379582783224350e+03
1.300852169236053896e+03
1.315865273718824483e+03
1.282912053987324271e+03
1.162192963688256441e+03
1.322353201326548060e+03
1.246962633097320577e+03
1.246890221826427478e+03
1.244336913522060058e+03
1.324935550815227543e+03
1.258501328211318651e+03
1.275344561028577800e+03
1.279880432534140709e+03
1.303498525963660313e+03
1.286088813602706750e+03
1.288066224156074441e+03
1.264435105158542228e+03
1.305491260714267810e+03
1.289239177242890264e+03
1.322261805461844688e+03
1.258544582996458985e+03
1.308891812248240967e+03
1.315245948013874795e+03
1.304772023569059456e+03
1.301894489939183131e+03
1.305804887295122171e+03
1.330930021523916139e+03
1.321360943388390751e+03
1.311694639462119540e+03
1.265040311128577514e+03
1.315106753759739377e+03
1.243299321945517931e+03
1.292259499532409563e+03
1.327387564042782287e+03
1.234015420578313979e+03
1.330298238604015751e+03
1.302601869150868652e+03
1.330420968641015861e+03
1.318178801104293143e+03
1.309749196507539409e+03
1.308515191746860864e+03
1.291389442541350945e+03
1.316278545730178848e+03
1.252112185640255348e+03
1.277488690097693734e+03
1.321543953071066426e+03
1.295574564211887719e+03
1.323696339573026307e+03
1.218910406237308507e+03
1.292506513415376958e+03
1.321676745610910302e+03
1.282111390193176248e+03
1.223663935953454711e+03
1.301378999449559387e+03
1.291867451340135631e+03
1.316427834280991419e+03
1.314491581490346334e+03
1.325564492775343524e+03
1.311445135155999196e+03
1.328021346470162825e+03
1.264353762441927756e+03
1.320692543988529906e+03
1.313485344656040525e+03
1.300872483066419363e+03
1.245134930750957437e+03
1.322602678571507568e+03
1.326264155808215037e+03
1.317520452731773275e+03
1.277912499896296140e+03
1.279053363374517176e+03
1.298740223167683098e+03
1.316569769128123880e+03
1.304143188628308735e+03
1.322586691915056463e+03
1.271500763798243497e+03
1.314295220019615726e+03
1.249659998673999553e+03
1.217251761611028996e+03
1.319177758764300052e+03
1.321205308071049103e+03
1.252000538092598617e+03
1.314663939575171753e+03
1.330245501691257687e+03
1.317520452731773275e+03
1.269194189179539535e+03
1.258407477690608630e+03
1.286410691418116130e+03
1.290897064200614750e+03
1.289815494792750769e+03
1.323424042898789594e+03
1.304512915177715058e+03
1.312014135761368379e+03
1.316793594038827450e+03
1.327079253637927195e+03
1.258252902028426888e+03
1.269844458392072738e+03
1.301381825355997080e+03
1.308046278927127332e+03
1.323192719212743441e+03
1.307841217111818878e+03
1.241314849771898025e+03
1.277096120621348064e+03
1.320494792259137967e+03
1.327806525054473695e+03
1.317243545925862236e+03
1.227922288261061567e+03
1.236858160250282708e+03
1.284280014857035439e+03
1.314482841279791046e+03
1.320465739988120504e+03
1.299228485275526964e+03
1.303786828820638675e+03
1.319145822713863254e+03
1.320624585419762298e+03
1.240026046251644402e+03
1.330651209879214093e+03
1.275012315030597165e+03
1.272601853068718356e+03
1.283384559705219999e+03
1.314680850236832384e+03
1.325409216921485040e+03
1.271500848514981499e+03
1.302050137743179675e+03
1.322659392552278177e+03
1.279726000557204316e+03
1.240968061105409106e+03
1.291085889258281895e+03
1.224191770754819572e+03
1.306277583144114033e+03
1.320465739988120504e+03
1.287968673305352013e+03
1.269556868370866141e+03
1.312646176036578481e+03
1.256270078083980707e+03
1.252616168552948011e+03
1.270944666489354859e+03
1.309559747004349902e+03
1.314212691496926936e+03
1.303822762470560747e+03
1.316491997100535173e+03
1.305522510931446277e+03
1.305550410872169778e+03
1.283209624812696347e+03
1.243171316012303578e+03
1.265363171948140916e+03
1.273164200590530754e+03
1.315104053218678700e+03
1.327242828872609380e+03
1.330752474565508919e+03
1.330852296644390208e+03
1.324164121912452629e+03
1.270964178206410452e+03
1.288059676492031485e+03
1.211691625050734729e+03
1.323975645557893131e+03
1.295817970262459312e+03
1.272832911664607764e+03
1.313285337277935469e+03
1.316396855264832084e+03
1.207862753035054766e+03
1.299264102425958072e+03
1.319791333796227946e+03
1.292316816646438383e+03
1.230025066502196751e+03
1.320975021729147329e+03
1.311479560003983579e+03
1.284405503301506087e+03
1.252903386862089064e+03
1.300560390676719408e+03
1.312324631265013750e+03
1.292600561784487127e+03
1.317640273774831940e+03
1.306724123085120482e+03
1.304889566696806014e+03
1.316314900636056564e+03
1.293899086039945814e+03
1.219643382712817584e+03
1.275519501917780417e+03
1.309366705987167052e+03
1.254311922758325181e+03
1.279385923366070529e+03
1.329620424252033445e+03
1.321851143954020472e+03
1.317111686171104793e+03
1.305899361588463762e+03
1.269244124284115969e+03
1.283955329302514428e+03
1.304512915177715058e+03
1.315123251844772312e+03
1.280217111227383839e+03
1.317914639778630089e+03
1.305522510931446277e+03
1.313690397122928061e+03
1.303576050824524827e+03
1.322511141696340474e+03
1.323271931043575478e+03
1.325608334318813377e+03
1.284752329818169983e+03
1.296872548795431840e+03
1.284251935900370199e+03
1.259076828513246710e+03
1.314421122264629730e+03
1.290108485809329068e+03
1.322547877606035172e+03
1.301577335075041901e+03
1.279281270999110120e+03
1.306963508731401362e+03
1.298926044809647010e+03
1.295269646894137622e+03
1.308423907193831610e+03
1.305511157892544588e+03
1.301284344555373764e+03
1.323192719212743441e+03
1.316396855264832084e+03
1.325435955870835869e+03
1.313134668267810866e+03
1.322347447776707440e+03
1.294335594903776837e+03
1.323458042856483189e+03
1.255027854120198299e+03
1.252205482984498531e+03
1.269954441424256856e+03
1.263472331522658124e+03
1.304962522063468214e+03
1.303987765401934894e+03
1.313069079835282764e+03
1.301988273559194340e+03
1.293583079667240099e+03
1.287435683801862069e+03
1.240302268584993953e+03
1.290544783433124621e+03
1.306330277769558052e+03
1.324348685596328778e+03
1.301168678050548579e+03
1.308957030983447112e+03
1.328758121734699216e+03
1.292060927667854685e+03
1.320247897347196385e+03
1.240355729884343646e+03
1.314027585297335008e+03
1.320866970845032938e+03
1.224121490971538833e+03
1.320939281728258266e+03
1.300708077774188041e+03
1.316305839850511347e+03
1.266990769546942147e+03
1.259107063131196583e+03
1.315538760416931837e+03
1.285395621138934075e+03
1.266516595957420805e+03
1.309588418805163883e+03
1.319050029532016652e+03
1.316200897613161942e+03
1.254538606470412105e+03
1.324050271329422003e+03
1.248052364553354892e+03
1.317659123836680010e+03
1.264870267434167090e+03
1.285248784220138305e+03
1.282046556226309576e+03
1.310744236738354175e+03
1.318734785589838793e+03
1.262094161707139847e+03
1.228390511695896294e+03
1.329288404474644722e+03
1.313265100124354376e+03
1.236731539533074056e+03
1.319453273567076849e+03
1.320851105563313695e+03
1.319560701169189542e+03
1.278824231645919099e+03
1.325852679903162652e+03
1.309722314841396383e+03
1.304826421181794558e+03
1.326187466123088598e+03
1.249417769153012159e+03
1.300385472647155439e+03
1.301434117559533888e+03
1.326260026272319919e+03
1.329764803666423632e+03
1.323299975868085767e+03
1.269457067258908864e+03
1.316397969185512920e+03
1.312693872292205697e+03
1.220275257862342187e+03
1.305966774959750410e+03
1.272043726214625394e+03
1.309576021441164357e+03
1.285708679701300298e+03
1.298042849720945696e+03
1.316332814193267495e+03
1.292162735025868642e+03
1.308526056232614337e+03
1.264455105842630473e+03
1.279527882740296491e+03
1.311876495840764392e+03
1.248523304025710559e+03
1.324525841704979030e+03
1.306381414785661491e+03
1.301026478077372303e+03
1.309663403670159823e+03
1.323179762235364251e+03
1.320311354675655366e+03
1.268740316433558974e+03
1.237475004784583916e+03
1.299917179911072253e+03
1.252000538092598617e+03
1.294925377449623511e+03
1.309100711203819856e+03
1.324872232731675467e+03
1.325961184512766522e+03
1.312862743762835635e+03
1.311869695622428935e+03
1.319773067133768791e+03
1.297430836096766143e+03
1.258704712820931491e+03
1.317135571005607289e+03
1.247886967196253408e+03
1.256785117601762522e+03
1.325256516386075418e+03
1.292268459693360683e+03
1.324523586039994825e+03
1.277898571116647190e+03
1.320686950392366271e+03
1.305465187447945937e+03
1.267171524315453098e+03
1.286175030214272283e+03
1.213902233734360834e+03
1.253191919651864282e+03
1.322706228154166183e+03
1.255855980334707510e+03
1.236848532773520674e+03
1.302641816175360873e+03
1.313646993220926561e+03
1.311168441964396152e+03
1.328983951427612737e+03
1.328724010304303420e+03
1.260386602353963781e+03
1.326218386796497498e+03
1.290460319247556072e+03
1.246588973417953639e+03
1.257321062027296193e+03
1.325386628705065277e+03
1.263961757113514750e+03
1.293348483041400414e+03
1.310386917745298433e+03
1.315473392252240046e+03
1.329153038662043855e+03
1.312333226813846068e+03
1.296323992737089384e+03
1.308812643427216699e+03
1.281842132361512540e+03
1.246479093677999117e+03
1.326808528569130885e+03
1.302613868130909850e+03
1.314864174286043635e+03
1.266224170065393082e+03
1.215597071893449083e+03
1.283108445725480578e+03
1.256829591482343403e+03
1.316662985642863987e+03
1.246099267463348269e+03
1.283603519442316156e+03
1.294549725083595604e+03
1.320194661936402554e+03
1.320247897347196385e+03
1.261374909881887334e+03
1.305053762413871937e+03
1.270341360649922535e+03
1.310186363198039771e+03
1.322836567170859553e+03
1.317456888227826312e+03
1.314702407638073510e+03
1.319217548825486347e+03
1.326703614304481334e+03
1.316968135118548162e+03
1.233546591327583883e+03
1.325096408561870476e+03
1.311317962708037840e+03
1.289783832422363957e+03
1.317429611471877706e+03
1.287674097731672646e+03
1.253697374583638975e+03
1.318777711632267255e+03
1.327158510070141574e+03
1.280198721888641103e+03
1.313678249455205105e+03
1.323816340271510853e+03
1.259931543563127434e+03
1.325651027700837858e+03
1.300840790190984762e+03
1.285881692067390304e+03
1.301664239421033699e+03
1.322988178885406569e+03
1.242967947956127773e+03
1.306885372977490078e+03
1.327252037301394466e+03
1.320247897347196385e+03
1.304541187910650478e+03
1.312727684666832602e+03
1.311415376581769124e+03
1.246871422339149603e+03
1.320342522680140519e+03
1.299435021963580766e+03
1.308926209419158567e+03
1.281994334533551864e+03
1.262178873902940950e+03
1.237624455319534263e+03
1.282425807130759040e+03
1.262801388903265433e+03
1.327202141997014678e+03
1.305811058259559786e+03
1.296451606157618244e+03
1.303040877688025375e+03
1.275763834460484304e+03
1.295101692650768200e+03
1.281743120848988383e+03
1.321869042116852597e+03
1.280578423692030128e+03
1.323126100442004827e+03
1.325752879521051455e+03
1.294662671418952414e+03
1.300772568529482669e+03
1.327699507967486625e+03
1.329665790897135139e+03
1.310683258026670956e+03
1.313508446529192497e+03
1.304355600963487859e+03
1.285482128056828515e+03
1.296923994358855907e+03
1.307619915644153934e+03
1.330970037575599235e+03
1.319934281736494086e+03
1.323702804005333292e+03
1.303626720511906115e+03
1.290419778548446629e+03
1.292459495790995106e+03
1.255512488159883560e+03
1.315451535798981695e+03
1.283289991852116373e+03
1.321613280326666427e+03
1.259076828513246710e+03
1.328557308855354677e+03
1.253771970721766365e+03
1.249258895691986709e+03
1.285313101142029609e+03
1.329557000285724371e+03
1.321162744369894426e+03
1.312657415931843161e+03
1.328122028294251777e+03
1.299126899032316942e+03
1.279245813200133625e+03
1.315813921733995357e+03
1.321084258200852673e+03
1.257841100912818092e+03
1.316815862352634213e+03
1.320458435472994552e+03
1.317316855144968031e+03
1.301814817164159649e+03
1.288442716888383075e+03
1.316231984249964626e+03
1.242108194970465320e+03
1.251244195157456261e+03
1.307842502792729192e+03
1.325608334318813377e+03
1.323786510000312319e+03
1.243249224670430067e+03
1.288828642556830800e+03
1.321881434711777729e+03
1.307548405102427978e+03
1.309012792566157486e+03
1.325268138623078357e+03
1.313975114873535858e+03
1.322630449870958273e+03
1.321814442131137184e+03
1.284026194769990525e+03
1.308174788530252044e+03
1.271216815783417815e+03
1.279726000557204316e+03
1.309700409616858906e+03
1.304939261678839102e+03
1.297951623466607543e+03
1.281336984612511969e+03
1.327921447871577129e+03
1.223865840511453825e+03
1.294914289334917157e+03
1.305550812101731026e+03
1.322222527044655180e+03
1.227055733340383313e+03
1.319243439584847692e+03
1.280764424605323256e+03
1.261026236412601520e+03
1.224228045524015670e+03
1.297502583380699434e+03
1.285638793496467997e+03
1.261610595233365757e+03
1.329899785026954760e+03
1.323975645557893131e+03
1.295960768293814681e+03
1.323772157550443580e+03
1.325762230642934128e+03
1.288442716888383075e+03
1.329185806723290170e+03
1.249995266695708779e+03
1.281743120848988383e+03
1.312997822284030917e+03
1.265950860262096512e+03
1.277982030304006003e+03
1.279567595438437138e+03
1.288704051508842440e+03
1.329490453596935595e+03
1.295179367799177498e+03
1.325655448009544216e+03
1.327725711332207084e+03
1.302484565937043499e+03
1.318760845345372218e+03
1.326506779713060496e+03
1.319598393593340688e+03
1.294780808833270385e+03
1.257181203002175835e+03
1.296962895103940127e+03
1.251771027395301189e+03
1.271302048341760838e+03
1.299601687808799170e+03
1.288143866957324462e+03
1.301694793235343241e+03
1.269768603340987511e+03
1.270341360649922535e+03
1.303932656152145682e+03
1.323842941109585354e+03
1.321846863188867701e+03
1.271586416891283989e+03
1.289251626197357837e+03
1.249070468385201366e+03
1.219179983764041936e+03
1.324003976275306059e+03
1.321001745091658449e+03
1.274848518629817136e+03
1.320054211122105698e+03
1.296855040996612843e+03
1.257680229830092003e+03
1.321071513081024932e+03
1.297035877949690757e+03
1.301945897343418437e+03
1.306351091706615534e+03
1.317129261130846771e+03
1.243999119794715625e+03
1.260096862334813522e+03
1.247439093975973719e+03
1.330544594135890065e+03
1.319915189201946305e+03
1.322626545629716475e+03
1.308032685222336795e+03
1.291581941542808863e+03
1.244125429215051554e+03
1.324695788511488445e+03
1.254886139680509586e+03
1.273729141411138698e+03
1.296348618094272751e+03
1.312877155810919021e+03
1.320541871542512354e+03
1.307475489104937424e+03
1.262064850508545078e+03
1.327585054617496326e+03
1.317163223454269882e+03
1.322826313932371249e+03
1.295685253662849618e+03
1.315960022746267896e+03
1.319816750798007206e+03
1.318672503118337090e+03
1.308248329125533246e+03
1.326025167589271859e+03
1.328021346470162825e+03
1.308694477737581565e+03
1.270296895951439410e+03
1.296445326662306798e+03
1.292674728052550108e+03
1.302500749116031102e+03
1.327405112778932335e+03
1.327196013726093952e+03
1.298970991296269176e+03
1.303390412303810535e+03
1.304280886056844110e+03
1.320036745703747329e+03
1.314134436370653702e+03
1.271904177006467535e+03
1.314099481964522056e+03
1.253101879234384114e+03
1.330899280301125373e+03
1.325590124419992435e+03
1.267984983723282767e+03
1.300378789000521920e+03
1.308675562297944452e+03
1.276668746628304916e+03
1.316113246151160411e+03
1.259107063131196583e+03
1.257338115230368658e+03
1.329572139758726735e+03
1.309657668075898528e+03
1.299696099013602634e+03
1.242398498229706547e+03
1.328833881170024597e+03
1.302522489666808724e+03
1.324408734274002200e+03
1.326456339661105176e+03
1.258278839043872722e+03
1.258008516820538716e+03
1.202620613750418670e+03
1.288037596016033604e+03
1.305621568828106092e+03
1.212150422923633414e+03
1.303380599471267260e+03
1.187210054610656243e+03
1.319391750212865190e+03
1.291606316251669341e+03
1.286563968399303121e+03
1.320250847221251661e+03
1.312142888489904180e+03
1.269007243018059853e+03
1.230667309628644261e+03
1.315215077724086314e+03
1.304429916762015637e+03
1.318671134145314227e+03
1.301744947221066468e+03
1.308478283947279124e+03
1.320337901960647287e+03
1.301398111744211292e+03
1.291343782347794104e+03
1.216183729844010486e+03
1.291976034691267614e+03
1.328521811264640064e+03
1.308958864448951090e+03
1.327850717542260099e+03
1.308536817846870463e+03
1.321476374935430158e+03
1.321297926463927524e+03
1.304161385368295669e+03
1.282860593903029439e+03
1.316424001602195176e+03
1.321899711478040899e+03
1.247301828560177000e+03
1.326849257150935728e+03
1.285913695152906939e+03
1.330029265243790178e+03
1.319877313951685892e+03
1.261764046670197786e+03
1.298488435152444936e+03
1.301698069805968316e+03
1.248523304025710559e+03
1.316345301812639264e+03
1.266329483501446475e+03
1.323696339573026307e+03
1.301450960732622661e+03
1.310744038589141837e+03
1.229712670282600811e+03
1.317935331254719586e+03
1.329767385911726251e+03
1.267826603611888913e+03
1.244456977551278442e+03
1.304757064776593779e+03
1.327019185135360658e+03
1.277003855367984670e+03
1.331040892401499150e+03
1.313107829347039797e+03
1.260346881001750717e+03
1.265175642704022493e+03
1.299774985120646534e+03
1.315225183890759581e+03
1.287209159400235421e+03
1.320541871542512354e+03
1.319849980875956362e+03
1.288797138356473170e+03
1.321135804203406451e+03
1.308483337668193144e+03
1.325616921523706196e+03
1.296972104824665166e+03
1.266080062823580647e+03
1.291683732385402209e+03
1.323598102436960971e+03
1.304124069005086540e+03
1.317205677452122927e+03
1.302390501149696547e+03
1.316195253463252357e+03
1.316879741425208067e+03
1.323753175634931495e+03
1.329942896974316454e+03
1.308984849831280599e+03
1.302336058821280403e+03
1.314991973927141316e+03
1.318523754249027888e+03
1.278106457897979908e+03
1.328325389330960206e+03
1.328006621778962881e+03
1.289133365738727207e+03
1.317700877987070726e+03
1.252817020599088210e+03
1.249379277139182477e+03
1.264581660421019251e+03
1.307579912310596683e+03
1.325456151083856639e+03
1.249228844499755951e+03
1.300631141956274405e+03
1.276776336150588122e+03
1.311281787886057373e+03
1.274604632467143119e+03
1.306148502567906689e+03
1.228205936202769180e+03
1.298489626188371858e+03
1.276030918622379886e+03
1.326727409271388751e+03
1.320218146151106566e+03
1.270356141463333415e+03
1.267046685339890928e+03
1.283645809141769178e+03
1.272543340625117935e+03
1.312514195529609879e+03
1.310744236738354175e+03
1.235267043959820512e+03
1.315889069815165840e+03
1.301084144475389394e+03
1.317917462083164992e+03
1.253578685225231311e+03
1.325680653386712493e+03
1.247108132241216481e+03
1.329830523726193860e+03
1.321438166143901981e+03
1.285587622019132823e+03
1.328042836554311634e+03
1.319546181773943090e+03
1.248750366861757357e+03
1.310595407970861743e+03
1.312325382029774573e+03
1.330524184719304458e+03
1.326660698954822010e+03
1.182350066929412606e+03
1.313170639082223715e+03
1.256052777356479965e+03
1.294064017380161204e+03
1.320519511139807037e+03
1.314817028605743872e+03
1.258916862578797463e+03
1.216734023684348358e+03
1.299722191388959345e+03
1.320990511128279195e+03
1.330231641284084844e+03
1.274551523133571663e+03
1.314010908065490639e+03
1.326012318183449679e+03
1.298422320156993464e+03
1.264627771676320435e+03
1.249140372073878098e+03
1.311326055950504951e+03
1.325364829056463577e+03
1.289755444482442499e+03
1.310929182112755370e+03
1.313815090494325887e+03
1.325564492775343524e+03
1.279144678648077161e+03
1.252248903515924212e+03
1.319309371896507628e+03
1.317183647407719491e+03
1.298605591872555351e+03
1.300233515232289847e+03
1.325807756990541066e+03
1.324592499485818735e+03
1.296413457985570176e+03
1.284329729172388852e+03
1.241513033240389404e+03
1.326046288365597093e+03
1.311109819546192284e+03
1.270444570483380176e+03
1.311260652626288447e+03
1.315904361902778419e+03
1.323462055083835367e+03
1.316118504099862321e+03
1.308802522800155657e+03
1.316788194409085690e+03
1.326995157224096829e+03
1.291574214898515947e+03
1.278991361271351707e+03
1.321005152182378652e+03
1.245345260538022785e+03
1.300787217992938167e+03
1.319217548825486347e+03
1.261715281154266449e+03
1.323768162847825806e+03
1.225407605725500161e+03
1.307579912310596683e+03
1.317542048705704929e+03
1.324561411063452397e+03
1.257531195701650404e+03
1.273923250570802793e+03
1.325395870074983804e+03
1.311847159498590827e+03
1.324002501288857502e+03
1.309878130210791824e+03
1.293645094831608276e+03
1.279206747566267495e+03
1.321314748409126651e+03
1.317236543118563986e+03
1.289518254866679172e+03
1.323747950730353750e+03
1.316523334105841514e+03
1.310744236738354175e+03
1.264250964586545706e+03
1.279281270999110120e+03
1.294050303019081866e+03
1.265264000044827753e+03
1.321623673842847666e+03
1.322912227891012208e+03
1.326025167589271859e+03
1.292598828528391323e+03
1.321181885231279466e+03
1.330609066505963256e+03
1.305057508823209673e+03
1.313178897997840068e+03
1.272028342816848408e+03
1.315827677670979256e+03
1.314196941879939914e+03
1.254688020477496821e+03
1.238543918209553340e+03
1.253634911523270603e+03
1.237358679347456473e+03
1.264213996991989916e+03
1.217633715253005448e+03
1.301284344555373764e+03
1.309612441951029496e+03
1.319935605026165376e+03
1.250733518411234172e+03
1.322056095124340800e+03
1.329347716053791146e+03
1.249038009277145420e+03
1.296021279021057353e+03
1.301445069895112283e+03
