2.832193067402416091e+03
2.786989521846409843e+03
2.824002575729919954e+03
2.788056919320045381e+03
2.815260555315484453e+03
2.823429984388625144e+03
2.803361098725502416e+03
2.756015216780680021e+03
2.824347414613764158e+03
2.802921347917506409e+03
2.810163821596318485e+03
2.839751161726995633e+03
2.838875952161821715e+03
2.795830099633058126e+03
2.825388537838812681e+03
2.809253639471852694e+03
2.804396204239043072e+03
2.826246390933192743e+03
2.839542756334754813e+03
2.828048151392544696e+03
2.824048000550028519e+03
2.812861873059597656e+03
2.822928618540582193e+03
2.799722408499948870e+03
2.817458225959452648e+03
2.812457268027189457e+03
2.816960936898398359e+03
2.833868520958606496e+03
2.808282380926216319e+03
2.820936034343606025e+03
2.806869914781097577e+03
2.816223751369153888e+03
2.834196687490356908e+03
2.834031681735250459e+03
2.811409616129676579e+03
2.797744197094128140e+03
2.811278412170062438e+03
2.774924785948363024e+03
2.804885340138082029e+03
2.787348341169938521e+03
2.827132046853656902e+03
2.811049167156958447e+03
2.836870088913402014e+03
2.835359280952463450e+03
2.826706396513738582e+03
2.810952130407054028e+03
2.834278671172412942e+03
2.812857649411918828e+03
2.827362157406182632e+03
2.831006561965097717e+03
2.813161907266633534e+03
2.767922440284167351e+03
2.832872774100394054e+03
2.798561120884974116e+03
2.826323478381361383e+03
2.839313853494453269e+03
2.829101559819261638e+03
2.831910684072640834e+03
2.829096363713271785e+03
2.833154038382512681e+03
2.837330063017341672e+03
2.798015128417797314e+03
2.830161252183924717e+03
2.825444952446403022e+03
2.839963705388475319e+03
2.822346740573017087e+03
2.827683835217394517e+03
2.789761298987940791e+03
2.817881180562114423e+03
2.818176916693902513e+03
2.812385292656925230e+03
2.820949892697721225e+03
2.820522270707558164e+03
2.822770845723181083e+03
2.800215503691452795e+03
2.820225856947562534e+03
2.830079570044582852e+03
2.761248213274735463e+03
2.817204358155157934e+03
2.836078300115294951e+03
2.813612459014616434e+03
2.827447759295148899e+03
2.819055577899592208e+03
2.798863792859642672e+03
2.833031457173439321e+03
2.827469761888818539e+03
2.827635551730377756e+03
2.817110133355005928e+03
2.809314406774271902e+03
2.816784869740807153e+03
2.820571309688359634e+03
2.802808261097865397e+03
2.821181546045904724e+03
2.834485244739436894e+03
2.834101982054026848e+03
2.833171595815626006e+03
2.767614686595347848e+03
2.821911394583056790e+03
2.834334176401646346e+03
2.837600738761510911e+03
2.830616893171652009e+03
2.776904607951123580e+03
2.834649379351926200e+03
2.796633798924439361e+03
2.823417704103100277e+03
2.781164799750055408e+03
2.837803569634875203e+03
2.828871108072732568e+03
2.801671638287717997e+03
2.821502833045973148e+03
2.839014786037513204e+03
2.798608003313641348e+03
2.811496569845830891e+03
2.777424793833573403e+03
2.806797553789574977e+03
2.818604174374409013e+03
2.833046249259544311e+03
2.833621110004839466e+03
2.824511320838405481e+03
2.830281732966519485e+03
2.836044411238647172e+03
2.837981578428081775e+03
2.837903908037704241e+03
2.835693303316132187e+03
2.816181241104808123e+03
2.812861873059597656e+03
2.785019965634454365e+03
2.807458481718744224e+03
2.821180901500083564e+03
2.819548985985883974e+03
2.825558742497501953e+03
2.807094870108274790e+03
2.766562595943661108e+03
2.810402438697326033e+03
2.768171356037146325e+03
2.839645232539329299e+03
2.797175910575208945e+03
2.785531892678197892e+03
2.831095823919653867e+03
2.837761171010465659e+03
2.824410930011194523e+03
2.803328497226837953e+03
2.762639098043113336e+03
2.803582796985060213e+03
2.779726819653501479e+03
2.803303320837401316e+03
2.832269366240503132e+03
2.822004836657201849e+03
2.812515881850500591e+03
2.791861396091678216e+03
2.822274673245834038e+03
2.836545407597427584e+03
2.813543937170270510e+03
2.818868406290923303e+03
2.831300643324069824e+03
2.837120600690538595e+03
2.832695293894111728e+03
2.838753614478147938e+03
2.835912661412510261e+03
2.804366126335813988e+03
2.827472823014199093e+03
2.834171921765476327e+03
2.829216931892143293e+03
2.793846086720223411e+03
2.838950196481288913e+03
2.817186433660412604e+03
2.839611019386747557e+03
2.801777504929069437e+03
2.773799143218235258e+03
2.822687656322483690e+03
2.834238353794643444e+03
2.783764525408028021e+03
2.797506023677166013e+03
2.824036521272026221e+03
2.812307079951689957e+03
2.805282118495470968e+03
2.827469167712610215e+03
2.828770142857929386e+03
2.764516071087887212e+03
2.824054102712879285e+03
2.779989689085334248e+03
2.827835511451252387e+03
2.826764670521365588e+03
2.820755606996297502e+03
2.779577015989836582e+03
2.796924438694393302e+03
2.832491645245635482e+03
2.802056093393737228e+03
2.822584431761707492e+03
2.821812177216089367e+03
2.838722070044454085e+03
2.828832123306540780e+03
2.807449868293912004e+03
2.839495672877319521e+03
2.837803569634875203e+03
2.819524392271433499e+03
2.833311994449457416e+03
2.830081255445586066e+03
2.803683993839088998e+03
2.817294531948111398e+03
2.827032948212910014e+03
2.807049886284287822e+03
2.806013808448412419e+03
2.806108173767311200e+03
2.799388980850904318e+03
2.819306660598251256e+03
2.832278003608417748e+03
2.783093721451010879e+03
2.770177131527577330e+03
2.837502169184904233e+03
2.803693357245516836e+03
2.814368044903226746e+03
2.822700002311808021e+03
2.812190504945280736e+03
2.800468377709872584e+03
2.829809333620023153e+03
2.828877857419792235e+03
2.833646727085991188e+03
2.820415980717971252e+03
2.834282072492814223e+03
2.794475278144384447e+03
2.824306038839346002e+03
2.759734955338864893e+03
2.828168263938760902e+03
2.789932474716993966e+03
2.833368922303418913e+03
2.838675621892782601e+03
2.822989360848902834e+03
2.827248622248264837e+03
2.828192382190080934e+03
2.773575169072745666e+03
2.808757648714515199e+03
2.779048929231678812e+03
2.832882927343086976e+03
2.769483116163519298e+03
2.813288250820898611e+03
2.795036525365151192e+03
2.805577172581771265e+03
2.820494024098506998e+03
2.832013904445044318e+03
2.831184892309298448e+03
2.801672119935580213e+03
2.833001768002458448e+03
2.816173949218527014e+03
2.826120853210090900e+03
2.821831967670606446e+03
2.789957013021450621e+03
2.838493005687227196e+03
2.783540661138395080e+03
2.803933035251962792e+03
2.824557432725664512e+03
2.770030697018262799e+03
2.800582116889946519e+03
2.839412069766088734e+03
2.761782469208599650e+03
2.830353238024474194e+03
2.801480310216333237e+03
2.829927530321299855e+03
2.833823082672205146e+03
2.772813244159750866e+03
2.828935172604786203e+03
2.803635613984570227e+03
2.815219458060614670e+03
2.821175260812137822e+03
2.825411323933062249e+03
2.825933115673333305e+03
2.773231853216019772e+03
2.808820930662989667e+03
2.833008948060277817e+03
2.833777354452289273e+03
2.818469673084103761e+03
2.801731733474425710e+03
2.833066087489843540e+03
2.838002217112532435e+03
2.805578875558684558e+03
2.824290439207491090e+03
2.800176168612679248e+03
2.817162649376973604e+03
2.837239226535805756e+03
2.813028400270818565e+03
2.830376655808831401e+03
2.833096314558352333e+03
2.837653267168454022e+03
2.828885565165597200e+03
2.816619362111850933e+03
2.828092790689676804e+03
2.820505690805513950e+03
2.817609320625939745e+03
2.793146547269748680e+03
2.806083914274557628e+03
2.806630949393057563e+03
2.820133895658846996e+03
2.832364826301643461e+03
2.822071139057360142e+03
2.809018813598458564e+03
2.826028592653481155e+03
2.823450513078661061e+03
2.804544966616439524e+03
2.820019935949148930e+03
2.835663868430046932e+03
2.814621719320841294e+03
2.839797003745378788e+03
2.794034429220776474e+03
2.814753459913016286e+03
2.825514516015186018e+03
2.827183203735283314e+03
2.812776193398796750e+03
2.824518163700391597e+03
2.828241751932835541e+03
2.833675737713297167e+03
2.790297721026605359e+03
2.834421805758201117e+03
2.802960825581258177e+03
2.819295644923812688e+03
2.832955614056591003e+03
2.832844138777642911e+03
2.804695138644997314e+03
2.813550213846884617e+03
2.824120972244791574e+03
2.808294881924623041e+03
2.776754082125260084e+03
2.812237218949192993e+03
2.819197767551529978e+03
2.821939136022359889e+03
2.832969025112076451e+03
2.836356299293083794e+03
2.818721189875833261e+03
2.837727211172677926e+03
2.815590789016478993e+03
2.773507265840741638e+03
2.831502026066577400e+03
2.830838187502400615e+03
2.821256672841013824e+03
2.794980254118088851e+03
2.834100542362225042e+03
2.768315225494046445e+03
2.792724552110602417e+03
2.834824727058558892e+03
2.837693337778127898e+03
2.799008512624343894e+03
2.829297450625709644e+03
2.797294811804193614e+03
2.832967066679168056e+03
2.818494241595361927e+03
2.800715298987579445e+03
2.799206585290917246e+03
2.826090708421680574e+03
2.824468746591593117e+03
2.790991912957249951e+03
2.825882089544836163e+03
2.835307586780890233e+03
2.824792596502141805e+03
2.820749247873422064e+03
2.828472572040228442e+03
2.790898582875909597e+03
2.831243944781046594e+03
2.805689859637281643e+03
2.836215573470239178e+03
2.796363082513918016e+03
2.831303952046575432e+03
2.777724096682160507e+03
2.839352004281422069e+03
2.820840835949101347e+03
2.808454890024691395e+03
2.804363687543553624e+03
2.835335864239984858e+03
2.820587190548878425e+03
2.798168046530124229e+03
2.826138852466432581e+03
2.833670412284001941e+03
2.833132849599468500e+03
2.816951401696858738e+03
2.828561364617296931e+03
2.820254888872142146e+03
2.838365471269967202e+03
2.794121695987805197e+03
2.838931380330153388e+03
2.825074710932904054e+03
2.835812148449532287e+03
2.818438733337370650e+03
2.792200133589232337e+03
2.838314653828635073e+03
2.826492499072525789e+03
2.815439992455962056e+03
2.834033532369480781e+03
2.794711428630711453e+03
2.836619108950365444e+03
2.824049990941732176e+03
2.837370366224427926e+03
2.831975561423079398e+03
2.831590074134310271e+03
2.829596700161988338e+03
2.796293158801033769e+03
2.826701332129606271e+03
2.801764976396996644e+03
2.781754350264612185e+03
2.833988262648425916e+03
2.836274682175206181e+03
2.836083319585617573e+03
2.791154930739531665e+03
2.831502026066577400e+03
2.830319075262999831e+03
2.830160737936545956e+03
2.832685844330492728e+03
2.803172114568491452e+03
2.818043889931333979e+03
2.832674195773543943e+03
2.806430805223491916e+03
2.819103185461355679e+03
2.825414593955090368e+03
2.831317408587010959e+03
2.831274186772794565e+03
2.825213126452095821e+03
2.832058125548442149e+03
2.834848689061501318e+03
2.833986876229412246e+03
2.803044152442085760e+03
2.775364669757988395e+03
2.836250266930922407e+03
2.812968413585396320e+03
2.827619309840028109e+03
2.800920848520724576e+03
2.826428789361487361e+03
2.803080584180760525e+03
2.808297409699544460e+03
2.812019189557138816e+03
2.822842721347947190e+03
2.811127700080667637e+03
2.823852146074906614e+03
2.829073305599868490e+03
2.804649368830466301e+03
2.826834205760228087e+03
2.835420820792334780e+03
2.827929593122887127e+03
2.824511320838405481e+03
2.838630540864913200e+03
2.817188960856391532e+03
2.838918743331378209e+03
2.828827061671393949e+03
2.820887783487499291e+03
2.832214680423132450e+03
2.836674050726119731e+03
2.839577607249746052e+03
2.838997326578517459e+03
2.828524496468901816e+03
2.833499904867780060e+03
2.820832556187472619e+03
2.835469591860346100e+03
2.837447220776772156e+03
2.827368635921549867e+03
2.776904607951123580e+03
2.832354936697288394e+03
2.824084273741393190e+03
2.833144466088753234e+03
2.804986737042544519e+03
2.829520763135247762e+03
2.825188359552761540e+03
2.782561210749718157e+03
2.821550706048723896e+03
2.774430181381922011e+03
2.834238353794643444e+03
2.810880162776523775e+03
2.808659405555314152e+03
2.830809590124303213e+03
2.818241009927445702e+03
2.748292329847799010e+03
2.829887165721472229e+03
2.835150896256410306e+03
2.834258716561829260e+03
2.829053572167827497e+03
2.836433887045461233e+03
2.836244145596143881e+03
2.808086102313379342e+03
2.836837374950398043e+03
2.812597259103228680e+03
2.803071936339799777e+03
2.811385946016694106e+03
2.825933553856460094e+03
2.838723802776514731e+03
2.836335873716924198e+03
2.816100304157826486e+03
2.795943273801782198e+03
2.837803569634875203e+03
2.830566917623264999e+03
2.790698765381994690e+03
2.823108744118345385e+03
2.818589127902047039e+03
2.817459223931733050e+03
2.776056084994228513e+03
2.830517006314481023e+03
2.832719549476637440e+03
2.830119481962889040e+03
2.836511182056247890e+03
2.833072058170219407e+03
2.814563354782911574e+03
2.792555992985910962e+03
2.831035401417444973e+03
2.838440363663268727e+03
2.814502753236979061e+03
2.814726417198482977e+03
2.838047244193931874e+03
2.836076227353700233e+03
2.835565239188585110e+03
2.808056194698248873e+03
2.839684331972104701e+03
2.812391603340044639e+03
2.817389502933749554e+03
2.827002309703449555e+03
2.800114644242627037e+03
2.839317093873851263e+03
2.826955845254330598e+03
2.837476648247841695e+03
2.822169649889282482e+03
2.801364250654731222e+03
2.781727952331058077e+03
2.813437761931378645e+03
2.815813944813635317e+03
2.796765404616610795e+03
2.839240869081296296e+03
2.789274141395768311e+03
2.833096314558352333e+03
2.835539283997854454e+03
2.815571852040425256e+03
2.781919662605689155e+03
2.822043371782334361e+03
2.824829414690751037e+03
2.823606792410968410e+03
2.810024874486051885e+03
2.838798967747365623e+03
2.838317394555339888e+03
2.831206945013367204e+03
2.812763504970398571e+03
2.838762638123038414e+03
2.814159300435249861e+03
2.802796368695995625e+03
2.816770388237870975e+03
2.792549181548329670e+03
2.820019025198278996e+03
2.818755463359979331e+03
2.810750128050170133e+03
2.826645598153247647e+03
2.804087952102315285e+03
2.835698807663279695e+03
2.825814631152913080e+03
2.834563242212485875e+03
2.795404577960779534e+03
2.814797831352198045e+03
2.831551120263648954e+03
2.832605318674983209e+03
2.819696110227926511e+03
2.836767380319593940e+03
2.796379899039493012e+03
2.813267346853411254e+03
2.800002172377570787e+03
2.835150896256410306e+03
2.817893211477867681e+03
2.833373045498095053e+03
2.825444952446403022e+03
2.837541588070962916e+03
2.835625930395062824e+03
2.830526143243493152e+03
2.783956487276934240e+03
2.829004056410283283e+03
2.823070301659009601e+03
2.823790031842479493e+03
2.758397871260799548e+03
2.810299468137567601e+03
2.829569228739272148e+03
2.813550213846884617e+03
2.808865399087167589e+03
2.812833133053787606e+03
2.827032948212910014e+03
2.796810925430266252e+03
2.830006856514468836e+03
2.821793863706055163e+03
2.816183102362559111e+03
2.826540243873650070e+03
2.832865186216828533e+03
2.835884392744930665e+03
2.818523873842993908e+03
2.815325057652120904e+03
2.830973663805868455e+03
2.825093922961710632e+03
2.812573225071876550e+03
2.822014767739644412e+03
2.830370191791609159e+03
2.835331931857912423e+03
2.816411921812912624e+03
2.804028643037241636e+03
2.827611093624344903e+03
2.839525028665358150e+03
2.820310349886512086e+03
2.825287692686387345e+03
2.776931842335918191e+03
2.796542601922914400e+03
2.820515848397197260e+03
2.837901919313633698e+03
2.839328917503797129e+03
2.828348370183752195e+03
2.813065496343598170e+03
2.827296374998850297e+03
2.821271418973001346e+03
2.836157389039110512e+03
2.813581930534629919e+03
2.836058602330000213e+03
2.819401854972212732e+03
2.820373293241345891e+03
2.826659967813231560e+03
2.837569699734221558e+03
2.820092413550507445e+03
2.832887618344459497e+03
2.825990031874073338e+03
2.837331844388332684e+03
2.818376906390355543e+03
2.834278004451955894e+03
2.821802767752285945e+03
2.824401497391084376e+03
2.827354765107723324e+03
2.838646417204387035e+03
2.813754028841003674e+03
2.838430866703597530e+03
2.823452383704045133e+03
2.836724624134517398e+03
2.833878261716032284e+03
2.797041850452614653e+03
2.834109424419874358e+03
2.831177400021989797e+03
2.828849565063106638e+03
2.823764278696290603e+03
2.826067375397486558e+03
2.834764681647249290e+03
2.833930269628599945e+03
2.838879137091749726e+03
2.831206005355350499e+03
2.834063430420926124e+03
2.804022206853632724e+03
2.834606809669078757e+03
2.838555674540456948e+03
2.832864378665460208e+03
2.785165463569101121e+03
2.837158447241574777e+03
2.828843198863704856e+03
2.810762176387374893e+03
2.830216459986198970e+03
2.828037749309909486e+03
2.796523816269163945e+03
2.825093922961710632e+03
2.788124282982717432e+03
2.805290040414033683e+03
2.804448968669976693e+03
2.820824789945358589e+03
2.777219584169299196e+03
2.796379899039493012e+03
2.814833511062983689e+03
2.837375900455366718e+03
2.792702503788879767e+03
2.835072655820516047e+03
2.794310711930575053e+03
2.808869981184244352e+03
2.835410196472339521e+03
2.826093174286346311e+03
2.823563854040573915e+03
2.783046762846390266e+03
2.833225177476642784e+03
2.811427823767933660e+03
2.828982806413776416e+03
2.830598039462090128e+03
2.833967233134022536e+03
2.836580607615641384e+03
2.818771594924286546e+03
2.820205337889064140e+03
2.784836553811896010e+03
2.767091041668659273e+03
2.817057420595213443e+03
2.832864378665460208e+03
2.801263371497605021e+03
2.809399793406040772e+03
2.832688992713879543e+03
2.834156305399726079e+03
2.814276639233084097e+03
2.808683513160131952e+03
2.834272902538037670e+03
2.821295023246482742e+03
2.832864378665460208e+03
2.825790709252331908e+03
2.834496154842810483e+03
2.812515881850500591e+03
2.818695885057705709e+03
2.816287211336363725e+03
2.807253551693472673e+03
2.794403566411982865e+03
2.788538135828604027e+03
2.810242213768340662e+03
2.804646915854526469e+03
2.832598954836029407e+03
2.837335485078720922e+03
2.821627033576647136e+03
2.817387638708715713e+03
2.826645954145372343e+03
2.771818566404882404e+03
2.798364048250649830e+03
2.839154290448735992e+03
2.836938948360354971e+03
2.811536589494706277e+03
2.802973976529560787e+03
2.820186258626962172e+03
2.814421071896008925e+03
2.796645116058320127e+03
2.790533041424356725e+03
2.830465246784192004e+03
2.825899309883574460e+03
2.839540615683291435e+03
2.820987551312697178e+03
2.820549727859928680e+03
2.802603412051939358e+03
2.790359048603160772e+03
2.826221430982302081e+03
2.803573782785058029e+03
2.827881813702964791e+03
2.828803499682096117e+03
2.823201276590242742e+03
2.836519955260689130e+03
2.797040022714381848e+03
2.801897597395198773e+03
2.833748475934693943e+03
2.834425358107032480e+03
2.826387173721032013e+03
2.806083914274557628e+03
2.827972811793937581e+03
2.822294453482058998e+03
2.796922310031210145e+03
2.837706233319023340e+03
2.796409320353893690e+03
2.787516167357589438e+03
2.812543405431456449e+03
2.808643046333230814e+03
2.748915062433248295e+03
2.797019597793315370e+03
2.837443472545571694e+03
2.827558551070973408e+03
2.835632788534984684e+03
2.830491047364940641e+03
2.817458153503521316e+03
2.815084658761428727e+03
2.832773592622232627e+03
2.788021162471382922e+03
2.825530232916769819e+03
2.822354857539713521e+03
2.818937168222853870e+03
2.838177317963543373e+03
2.834286617181292513e+03
2.838192689885696382e+03
2.824561224837702866e+03
2.821496349603747149e+03
2.801560009397178874e+03
2.833507853150039409e+03
2.796292960214913819e+03
2.835690063172430200e+03
2.837897367173132807e+03
2.831763047160382939e+03
2.837853985343997920e+03
2.831608674292541309e+03
2.815515921904855077e+03
2.836868872184547399e+03
2.829520763135247762e+03
2.819426276496177707e+03
2.829532091804745050e+03
2.828557097153720406e+03
2.786244055054216005e+03
2.820078442406458180e+03
2.839720967766606009e+03
2.823321801809056069e+03
2.825806916306873063e+03
2.824608665851341357e+03
2.834238529586637014e+03
2.819008189669624244e+03
2.818032970213022963e+03
2.819855417552945255e+03
2.832911750510917955e+03
2.783271065374011414e+03
2.824749398418397504e+03
2.806858684568720491e+03
2.788471798886332635e+03
2.825706158480024897e+03
2.802265632526566151e+03
2.832865186216828533e+03
2.839797044458467099e+03
2.837380468881756769e+03
2.838574633062511566e+03
2.831327079598525415e+03
2.824070997607075242e+03
2.796998235807090623e+03
2.834482231502098784e+03
2.806430805223491916e+03
2.800190328398884958e+03
2.813842052091968071e+03
2.823009056066411176e+03
2.832200019609547780e+03
2.808239189086261831e+03
2.838807910465304303e+03
2.814634920643636178e+03
2.817027321130964083e+03
2.835169079395795507e+03
2.821465250624049531e+03
2.805010284850704011e+03
2.809879768599331328e+03
2.798820622114373691e+03
2.810658617726197008e+03
2.827581728564687182e+03
2.828249523013548242e+03
2.766385476791378096e+03
2.774241225253634639e+03
2.824724546391540571e+03
2.833001768002458448e+03
2.819759797934082144e+03
2.813418757344726146e+03
2.821333652074456040e+03
2.822438214881728527e+03
2.834237110257794029e+03
2.831262705628922959e+03
2.834252092709260069e+03
2.814368044903226746e+03
2.831794584786328869e+03
2.832656385541761665e+03
2.839269502329630996e+03
2.831262705628922959e+03
2.831940147764001267e+03
2.819288823213512842e+03
2.832381126889390544e+03
2.829511117557061880e+03
2.802808261097865397e+03
2.827531479540027249e+03
2.815300924886154007e+03
2.837503805500824456e+03
2.831380140488909092e+03
2.794006455535115492e+03
2.838772445496834735e+03
2.829623993967890328e+03
2.809179662300988184e+03
2.797280672578713165e+03
2.819060056590391468e+03
2.829883269705129351e+03
2.826428789361487361e+03
2.829038003296792795e+03
2.805010284850704011e+03
2.809709662290424603e+03
2.816231424462464929e+03
2.803439140625641812e+03
2.799108866075381684e+03
2.805691836680287906e+03
2.788607203715160267e+03
2.823162301036873941e+03
2.817389229858958061e+03
2.810055059593690203e+03
2.792323314648022006e+03
2.805533061200897464e+03
2.834146604004411529e+03
2.836986298502602494e+03
2.820959947898065366e+03
2.810758088983689504e+03
2.818679504133099726e+03
2.825008820432402899e+03
2.830910763450945524e+03
2.811870825328350293e+03
2.828536126204374341e+03
2.827416871797802742e+03
2.813292977395769412e+03
2.831336242448887788e+03
2.839122366730368412e+03
2.813714451447337524e+03
2.835246665256424876e+03
2.813734542830314240e+03
2.805173627863225647e+03
2.837963859228208094e+03
2.821499769811850911e+03
2.777023988112816369e+03
2.797244637972540659e+03
2.837502169184904233e+03
2.837056558544723885e+03
2.779553892934642590e+03
2.839646489846104942e+03
2.837406449418872398e+03
2.834568738511233278e+03
2.820415980717971252e+03
2.825348296958153696e+03
2.820338847967986112e+03
2.796983351444747314e+03
2.813837780233606281e+03
2.829438325351855383e+03
2.818763966436793453e+03
2.788480262072845107e+03
2.836692935254255644e+03
2.823928311992597173e+03
2.809879768599331328e+03
2.831660053608161888e+03
2.800652983812732600e+03
2.807292856762709107e+03
2.812204379142960533e+03
2.835349053437691509e+03
2.813828525065010126e+03
2.825692456424819738e+03
2.799796652451358568e+03
2.802960825581258177e+03
2.797391677255487593e+03
2.831296479517249281e+03
2.828353925747788708e+03
2.830315937119590672e+03
2.828349321548952958e+03
2.836659172371840668e+03
2.838768990845609551e+03
2.833803038738972191e+03
2.791717633115369608e+03
2.839556698223500462e+03
2.812551672322352715e+03
2.834497697596354101e+03
2.826430404233105946e+03
2.789937379498074733e+03
2.745027696293718691e+03
2.815903890204364870e+03
2.834211458275349287e+03
2.812861873059597656e+03
2.818863181512861047e+03
2.826273053029697621e+03
2.804026943782844683e+03
2.819638220405520315e+03
2.834931878667572164e+03
2.836502360425224651e+03
2.824291211396492599e+03
2.759559973993939821e+03
2.804280747326150504e+03
2.838626495839141171e+03
2.767511614939203810e+03
2.831890190661511042e+03
2.838262149802540080e+03
2.803323305657872424e+03
2.832785114816248097e+03
2.805699272017510339e+03
2.809839088089200231e+03
2.833373045498095053e+03
2.757393875212130297e+03
2.839624875390093166e+03
2.831584354222002730e+03
2.832159637635650142e+03
2.828012976285029708e+03
2.808425118048568947e+03
2.821914242674558409e+03
2.818672031301936840e+03
2.764799837224884868e+03
2.794650394062599389e+03
2.801822924079924633e+03
2.800468377709872584e+03
2.829553890470014267e+03
2.838753614478147938e+03
2.834319707173039205e+03
2.826967274408769754e+03
2.837245477091120847e+03
2.839083678411480832e+03
2.784047603389077267e+03
2.805368362564638119e+03
2.828974926901794788e+03
2.787315937592939918e+03
2.816101403627368654e+03
2.772530363249643869e+03
2.818495246053214032e+03
2.778136770355297813e+03
2.827393070098967200e+03
2.792835730654955114e+03
2.824332333404206111e+03
2.834493007565146399e+03
2.839204701858906446e+03
2.813514456655509093e+03
2.779220114870582620e+03
2.836369056115162039e+03
2.838006174930673296e+03
2.794061848494927290e+03
2.827362157406182632e+03
2.839056626561607118e+03
2.807489245903580468e+03
2.822773394421740704e+03
2.811860415001478941e+03
2.813308439293332412e+03
2.839197928247564505e+03
2.816533535118497639e+03
2.818123685666860183e+03
2.781698401180221936e+03
2.806183095168583804e+03
2.788693129197205053e+03
2.815477458520181244e+03
2.831223566786806259e+03
2.838660027010557314e+03
2.802646119007558809e+03
2.834409520077569596e+03
2.818971894240196889e+03
2.793846086720223411e+03
2.836176241012351056e+03
2.839626192200817968e+03
2.810984207843142485e+03
2.792110906635598440e+03
2.834749144871157114e+03
2.834339258071242512e+03
