2.989831116854531501e+03
3.166407059047660823e+03
3.204969435821339175e+03
3.178869316803687980e+03
3.083305703589896439e+03
3.140255740434959080e+03
3.151462999332759864e+03
3.165776695474643475e+03
3.228799947805423471e+03
3.186045899487370662e+03
3.218357724760007841e+03
3.201136184679552116e+03
3.174741904824644280e+03
3.206479062521940250e+03
3.234500872708234056e+03
3.169350896697706503e+03
3.115817721715715834e+03
2.937176229082389909e+03
3.226319176631574010e+03
3.120554180093638479e+03
3.157272715446461461e+03
3.229942609326859383e+03
3.143790174400448450e+03
3.144121380325804239e+03
3.205783767435042137e+03
3.086639582856809284e+03
3.238145504208267084e+03
3.193045065992733726e+03
3.194740739886803567e+03
3.058017649591175996e+03
3.180834355244340713e+03
3.138860292130246762e+03
3.258280437866279499e+03
3.008922409300756044e+03
3.093188025591650330e+03
3.226092049378954925e+03
3.213914216875841703e+03
3.178928464775350221e+03
3.076106824156694074e+03
3.206077650990142047e+03
3.118323047897737069e+03
3.157114735267799460e+03
3.251011104149511993e+03
3.101480480892746527e+03
3.247538815228817839e+03
3.194324215784109128e+03
3.210857155472930572e+03
3.106120392062012797e+03
3.165788414319275034e+03
3.199681389643781586e+03
3.081352108346238310e+03
3.227060802888283433e+03
3.241345569322371830e+03
3.188058775030756806e+03
3.236198857103270257e+03
3.251723056199252824e+03
3.196386425888820668e+03
3.216137857725401773e+03
3.158170592339490668e+03
3.022115981326771362e+03
3.108890843606777707e+03
3.167186044499236232e+03
3.251802972350517393e+03
3.199016305382631799e+03
3.251435337354090279e+03
2.939214448839689794e+03
3.228998689045307401e+03
3.215029220481077573e+03
3.255960054223878615e+03
2.962511703618323736e+03
3.225708435074287081e+03
3.214917743377160605e+03
3.193203292944417626e+03
3.119285545455239117e+03
3.196455445334669093e+03
3.151630176894052511e+03
3.257715429407881857e+03
3.259261194159823390e+03
3.092905747354237974e+03
3.254697241238211063e+03
3.243511575572505080e+03
3.256209268541161236e+03
3.257881128018104846e+03
3.230857410263199199e+03
3.244506217702299182e+03
3.166519161081108905e+03
3.213265992920150893e+03
3.224842064862877123e+03
3.256320583012000498e+03
3.220458641793430161e+03
3.257680732416068167e+03
3.248798640236324900e+03
3.256326856524427058e+03
3.230544439198964483e+03
3.128502027135254593e+03
3.037402289173082863e+03
3.168693500003889312e+03
3.245832498716129521e+03
3.128164347890504359e+03
3.166936214333331918e+03
3.229444401864030624e+03
3.244717310271359111e+03
3.220048022706972006e+03
3.219876808348943541e+03
3.257870450527629146e+03
3.228510434568202527e+03
3.243387947926365086e+03
3.228185902569387508e+03
3.256937779294435131e+03
3.002123233807052202e+03
3.102726462070098023e+03
3.197750784925521657e+03
3.177489866455664014e+03
3.248900713598628499e+03
3.069777390569433464e+03
3.156414298228258758e+03
3.135442113098223672e+03
3.117550207765021696e+03
3.235213622297210350e+03
3.219352804250190729e+03
3.111790291016166066e+03
3.252327593304028596e+03
3.199060672908582092e+03
3.246693076742519679e+03
3.188287166894885104e+03
2.985927458353133261e+03
3.202854383832805979e+03
3.244663110189749204e+03
3.052898627294370726e+03
3.132550820015192585e+03
3.045833600497739099e+03
3.206133694515558091e+03
3.080521888154287353e+03
3.209803146655940509e+03
3.150565579800839259e+03
3.211572537895783626e+03
3.083322656376273699e+03
3.221431675060456655e+03
3.218834025541929805e+03
3.224715484672919047e+03
3.069744867349804736e+03
3.169812963220673737e+03
3.237657923439403021e+03
3.175708404982563479e+03
3.007218973867330533e+03
3.255602092448574240e+03
3.083440586980413173e+03
3.139540679676277250e+03
3.248737186485938309e+03
3.257244936105887064e+03
3.162235275942778571e+03
3.187958260682070431e+03
3.244697631750188975e+03
3.050892866872269678e+03
3.088134958842817468e+03
3.232587130229569993e+03
3.152031494588703026e+03
3.242419168142962462e+03
3.190928899665805147e+03
3.179771044056078608e+03
3.049181871910682730e+03
3.250886762166823246e+03
3.256315021437882933e+03
3.142570615237580114e+03
3.190417882153165920e+03
3.257882674800216591e+03
3.194926801291598167e+03
3.253076884097614311e+03
3.217398737789415009e+03
3.016061282469318030e+03
3.246990996698163144e+03
3.097757688573703035e+03
3.253151981085290117e+03
3.099755046319071425e+03
3.105377329153141545e+03
3.153268474452115697e+03
3.229464770380772734e+03
3.209692407302727588e+03
3.244522738979458154e+03
3.054278106234890402e+03
3.162391081778391708e+03
3.133963842808560457e+03
3.191852668688443373e+03
3.207179146295631199e+03
3.196963807426947824e+03
3.228459224978392740e+03
3.185103392647195051e+03
3.223777840934469168e+03
3.226050405216291438e+03
3.200664715923714539e+03
3.255504427474323165e+03
3.196822112052118428e+03
3.171495974560465584e+03
3.169024435452483885e+03
3.238511408481768740e+03
3.259450721686072939e+03
2.924326638539720079e+03
3.136217816406001930e+03
3.172441308228923845e+03
3.249827388202601469e+03
3.247765331438697558e+03
3.095553349739587247e+03
3.191067485187812053e+03
3.259456553809766319e+03
2.993180081887928736e+03
3.227395400198962307e+03
3.195835064654043890e+03
3.227532190237998748e+03
3.203196561541916253e+03
3.230915490347261766e+03
3.203780602456168708e+03
2.943454898139230863e+03
3.133211582923811875e+03
3.247570115694059496e+03
3.096196931775171834e+03
3.235288675085033901e+03
3.190054199581427838e+03
3.242527575582883401e+03
3.246584908279261981e+03
3.131606329862559505e+03
3.233958488855867472e+03
3.231482620533993213e+03
3.035281500297867751e+03
3.121510101896354172e+03
3.177244998173488057e+03
3.111180928558325832e+03
3.237314292202033812e+03
3.248453475394859652e+03
3.051688696073598294e+03
3.003757112318239251e+03
3.177404708063206726e+03
3.254155696761223680e+03
3.072106043314643557e+03
3.229785461752911033e+03
3.245136629259103302e+03
3.213223347311734415e+03
3.234080632752915335e+03
3.127317393949973393e+03
3.159310519166539052e+03
3.238942680642046980e+03
3.226727163486442805e+03
3.219173458174494954e+03
3.197822076604132690e+03
3.121632184246421730e+03
3.143234303655006897e+03
3.191443695192802807e+03
3.139526443447618021e+03
3.056521268420430715e+03
3.034875711090861387e+03
3.100455980068754798e+03
3.095553349739587247e+03
3.226882038880950859e+03
3.140992246892770709e+03
3.247768580230468615e+03
3.146993362723510472e+03
3.174880244401635082e+03
3.215760026608839325e+03
3.188771666011659818e+03
3.190054199581427838e+03
3.230481319767947298e+03
3.132517739916685514e+03
3.252392761457949746e+03
3.212467926513407292e+03
2.967369939475250249e+03
3.236663117032930131e+03
3.113703271143013808e+03
3.204047217548497429e+03
3.160936097865695956e+03
3.134383740765001676e+03
3.072733034524944742e+03
3.222937561478628595e+03
3.207267447894100769e+03
3.238150175204333209e+03
3.218392083790368360e+03
2.983399674273190612e+03
3.192153422157568912e+03
3.088082110482259850e+03
3.193052167694188029e+03
3.121087508460319441e+03
3.129934894479698414e+03
3.006236766551616711e+03
3.140310110726764833e+03
3.196525821677405474e+03
2.954649083181852802e+03
3.233954057851916332e+03
3.085589311927020390e+03
3.073129811882388822e+03
3.199500178799479272e+03
3.018192473779978627e+03
3.004020377997191645e+03
3.216423334342594899e+03
3.231093651117443187e+03
3.117439341254482315e+03
3.240714918658124589e+03
3.225917528979405688e+03
3.191017123610632552e+03
3.243476966560306209e+03
3.255239927863926823e+03
3.230370026669879735e+03
3.155504642395194423e+03
3.177016054528057794e+03
3.236704291906135495e+03
3.078668652648092575e+03
3.260245313576986973e+03
3.243895796186052394e+03
3.193270424469034424e+03
3.043249202780285486e+03
3.186847364307279804e+03
3.220925189511381177e+03
3.219760076571834361e+03
3.258877299960460732e+03
3.189291357293600413e+03
3.222009306704861046e+03
3.181574798884746997e+03
3.181590056106565953e+03
3.220296027393140321e+03
3.206688948678904126e+03
3.027738499212150600e+03
3.226571860982132421e+03
3.141029021883033238e+03
3.189249937865628453e+03
3.233253648697431345e+03
3.228281627130960260e+03
3.084085078658201382e+03
3.180525801519675042e+03
3.195352416713665662e+03
3.025575166551297571e+03
3.000916268604989000e+03
3.249164478037594563e+03
3.088625915508081107e+03
3.174785007178279557e+03
3.248400724055422870e+03
3.223097995473053743e+03
3.232156616503139048e+03
3.128802443182890329e+03
3.063124445058190759e+03
3.143369075671257633e+03
3.154392013663039052e+03
3.241336893629259521e+03
3.222876160699223419e+03
3.054450864943019951e+03
3.146482169983534277e+03
3.193572837920439270e+03
3.178167086696332262e+03
3.250585488556926521e+03
3.242988909926633823e+03
3.240787958271896059e+03
3.255345078531556283e+03
3.199969178826835559e+03
3.124086022261692051e+03
3.127820644896343765e+03
3.217327959706037291e+03
3.223701929311370804e+03
3.187945739645037065e+03
3.193102319142666602e+03
3.127202579792739925e+03
3.168137564929130349e+03
3.087303496504991926e+03
3.260425198241939142e+03
3.145549162012655870e+03
3.168657252522057206e+03
3.194752014240317294e+03
3.160707816564289715e+03
3.085589311927020390e+03
3.206666510156319873e+03
3.256183257672424588e+03
3.163041986304508100e+03
3.088620278464605690e+03
2.960445948330676401e+03
3.258375244024534368e+03
3.241184924867121481e+03
3.178993070941323822e+03
3.112701686467157742e+03
3.212686170046397820e+03
3.247216273998822544e+03
3.144601156799193177e+03
3.093814859898089253e+03
3.098966230780317346e+03
3.174566575219480455e+03
3.232377063872377221e+03
3.137675426825086106e+03
3.124587274089766197e+03
3.185879189235311969e+03
3.251032911728667386e+03
3.043769270561952908e+03
3.071518750234498839e+03
3.216137857725401773e+03
3.257654585676589249e+03
3.169432081883801402e+03
3.056541783434606714e+03
3.199559366923129346e+03
2.943502878289056753e+03
3.175169321843710350e+03
3.172770883755120849e+03
3.059847867053823393e+03
3.037480358606159371e+03
3.005273394043832468e+03
3.162174508083661749e+03
3.240734056693797356e+03
3.255569225987795562e+03
3.247419088356777138e+03
3.166519161081108905e+03
3.142906100025334581e+03
3.101856597016701016e+03
3.244009341775340545e+03
3.141626247625240921e+03
3.223156892412688649e+03
3.229617786946625529e+03
3.192690169537168003e+03
3.206722251397407490e+03
3.229143214048696791e+03
3.196796531450695966e+03
3.186722743167387307e+03
3.256035004655361718e+03
3.216780998270168311e+03
3.212708616897976754e+03
3.115076049183758187e+03
3.215639966473898312e+03
3.258544688014921121e+03
3.038139896163691901e+03
3.257061962284105448e+03
3.054429773170078988e+03
3.256818442523548583e+03
3.165844238272538860e+03
3.124880144245706106e+03
3.007142041277517819e+03
3.226352996471624465e+03
3.169743749385245792e+03
3.252111917043345784e+03
3.223835406104193680e+03
3.242461836874389974e+03
3.068506834070619334e+03
3.160330904207338790e+03
3.195321959790158871e+03
3.024918518779041278e+03
3.205177630270522968e+03
3.093178130291540583e+03
3.256970407745194279e+03
3.132300675365093412e+03
3.191483555102448008e+03
3.137344594735152896e+03
3.173903427647536773e+03
3.109912346364983023e+03
2.905441070530736397e+03
3.083322656376273699e+03
3.108896274614695358e+03
3.115830714967256426e+03
3.189885908040701452e+03
3.212156626185324967e+03
3.218157574366077824e+03
3.173503504481110213e+03
3.185847811294251187e+03
3.064225644205655044e+03
3.239506650052817349e+03
3.021163245452711180e+03
3.254765020718321921e+03
2.996396527139709178e+03
3.186636080001605478e+03
3.184807919877168388e+03
3.215116351451942137e+03
3.167565488150028159e+03
3.239230815896259173e+03
3.142701493881899296e+03
3.235650996201671660e+03
3.163828285144480560e+03
3.257184407684536836e+03
3.239089056964381598e+03
3.247219355886161793e+03
3.220434241182388178e+03
3.196355135581104150e+03
3.258350145463694844e+03
3.073055917066365055e+03
2.870502953786653052e+03
2.929990011182577291e+03
3.155107016618552279e+03
3.014246958533266934e+03
3.090267509027949927e+03
3.225346580825866567e+03
3.207969124194522465e+03
3.252469536744102243e+03
3.194177715045250807e+03
3.187270313464694482e+03
3.184360376009798074e+03
3.208696910165338068e+03
3.155276603506167248e+03
3.251214157506423817e+03
3.209803146655940509e+03
3.208747595121526501e+03
3.237950665613289857e+03
3.078668652648092575e+03
3.152648199900811960e+03
3.224622151201154338e+03
3.225294448503935200e+03
3.252980990835806097e+03
3.107821086249542532e+03
3.256202445008299946e+03
3.249463071431395747e+03
3.131266843301579684e+03
3.131971893129637465e+03
3.153638848183921709e+03
3.239316294457999902e+03
3.045833600497739099e+03
3.249071926368266304e+03
2.983399674273190612e+03
3.260309608699197270e+03
2.951654490997427274e+03
3.141464665089938535e+03
3.232010720829934598e+03
3.257565739353158278e+03
3.131296651706498324e+03
3.246902841149930282e+03
3.207783541338532814e+03
3.230263750968277691e+03
3.131643551526029114e+03
3.139032172622985399e+03
3.228762085867709175e+03
3.166210287572269863e+03
3.235268801148273269e+03
3.189997687044967279e+03
3.132083509443022194e+03
3.152517097547284720e+03
3.171913951160933721e+03
3.122155129710926758e+03
3.100529031962519184e+03
3.200593401341672688e+03
3.158605499715058158e+03
3.171739439080803095e+03
3.242217464758108690e+03
3.225502013625020481e+03
3.156526855632725074e+03
3.188519433530445440e+03
3.156691684148805507e+03
3.113414200960681228e+03
3.134439243510773395e+03
3.224563827084833065e+03
3.020262277757137781e+03
3.185365356067556604e+03
3.226830485992851663e+03
3.183651697232799961e+03
3.257972563179217104e+03
3.230959606756375251e+03
3.187669228589775230e+03
3.230206182849337893e+03
3.237784251947787197e+03
3.244468257632207951e+03
3.213465960253077810e+03
3.245267952716803848e+03
3.214489533367242529e+03
3.063878695708162013e+03
3.247900895909036080e+03
3.219720877044119788e+03
3.221971373455417051e+03
3.181937018790057209e+03
3.008154159261886889e+03
3.220442389623675808e+03
3.257062521905700123e+03
3.159539341524731753e+03
3.216179873420314379e+03
3.096142226130655672e+03
3.038408095806588790e+03
3.004610012749509224e+03
3.245132544808287093e+03
3.163103745306434575e+03
3.249333708545029367e+03
3.233530312329363824e+03
3.154755305580668391e+03
3.122474785017927843e+03
3.208885641206190485e+03
3.159310519166539052e+03
3.244365928495227308e+03
3.256018672073177186e+03
3.167481229556670769e+03
3.203208954930604705e+03
3.166519161081108905e+03
3.109301440896472286e+03
3.250744030381395532e+03
3.216798178043440203e+03
3.212503703838374349e+03
3.095476338727256916e+03
3.017866724002767569e+03
3.259388686605705516e+03
3.212014541732822181e+03
3.233307189280283183e+03
3.246621316609025598e+03
3.008427103822894424e+03
3.036672944084408300e+03
3.088681563850051134e+03
3.241782970035644666e+03
3.224186324138137479e+03
3.124029379173069628e+03
3.195659647304537884e+03
3.247254829742380934e+03
3.216784956167621658e+03
3.092439602760444359e+03
3.253458247460323491e+03
3.205219862382876272e+03
3.219657164213659144e+03
3.232330812651895030e+03
3.235235573040626605e+03
3.066214913788704962e+03
3.224798559846411536e+03
3.234595764842219978e+03
3.212847999209026057e+03
3.232560271001457295e+03
3.202969834802616788e+03
3.081404767477879432e+03
3.156620717989425884e+03
3.169398582269985127e+03
2.911895655556190832e+03
3.140789338304205558e+03
3.227249611261758218e+03
3.242309809334135025e+03
3.008427103822894424e+03
2.960354076098060887e+03
3.221530632120000973e+03
3.134107890589958060e+03
3.232704647163335721e+03
3.088572810844065316e+03
3.236120814281377534e+03
3.212846345189965177e+03
3.230006583161979961e+03
3.040733762685425063e+03
3.257881128018104846e+03
3.233613221423058803e+03
3.141835983861007662e+03
3.231712148099520618e+03
3.239363549390792741e+03
3.177564574417755466e+03
3.176150002561597830e+03
3.206942705853102780e+03
3.064362401573548141e+03
3.091826175447667083e+03
3.228990047412573404e+03
2.978097003830825997e+03
3.242972242424757042e+03
3.209918488350428106e+03
3.154609180150829616e+03
3.186318378164173737e+03
3.166194449198551411e+03
3.116541538631840012e+03
3.089062881942041713e+03
3.153207817027423516e+03
3.247242748446864425e+03
3.190631202960074916e+03
3.125751235166061633e+03
3.220023686617472777e+03
3.091765596302021549e+03
3.208624792904341120e+03
3.249088209404911140e+03
3.211323464421293465e+03
3.022951610822090970e+03
3.187169929624325050e+03
2.986718813140225393e+03
3.247458222252246742e+03
3.149792659817093408e+03
3.068052115697127192e+03
3.223129432377218109e+03
3.198222046181438600e+03
3.229410732613883738e+03
3.096479723323343933e+03
3.220068741457550914e+03
3.030746544245926088e+03
3.164052579357027298e+03
3.222451182570931451e+03
3.260133792461028406e+03
3.137471204770393342e+03
3.241846419034640803e+03
3.210455727367135296e+03
3.187060101036750893e+03
3.100529031962519184e+03
3.212747641033309719e+03
3.131496682509413404e+03
3.134357773604147951e+03
3.226371844036365474e+03
3.096297109054324665e+03
3.163584945875618814e+03
3.140255112859725159e+03
3.237314292202033812e+03
3.214060477813721718e+03
3.085911845829396043e+03
3.211207691748620164e+03
3.209318388001117455e+03
3.160185282530949735e+03
3.214428004076105026e+03
3.223898788668995621e+03
3.097757688573703035e+03
3.174466667471426263e+03
3.130295355670594290e+03
3.242357087605053493e+03
3.152989448336414625e+03
3.177373078947939575e+03
3.084660569902320276e+03
3.030547803223118535e+03
2.978342494544715009e+03
3.201122200533422983e+03
3.252201128891212647e+03
3.160443970404258835e+03
3.080400899820628183e+03
3.126601102538272244e+03
3.207699332585436423e+03
3.152648199900811960e+03
3.138114996743236134e+03
3.252590085338126300e+03
3.229545220330843222e+03
3.048153657300119448e+03
3.258247043587600274e+03
3.192708289021372366e+03
3.258651935012056128e+03
3.147490882028635042e+03
3.247819709365169274e+03
3.126357092012812245e+03
3.253843091205897508e+03
3.230955823795223296e+03
3.116339069799378649e+03
3.124584254387799319e+03
3.167998619701498683e+03
3.217687519573033569e+03
3.148606789202172877e+03
3.221552517924972562e+03
3.192888825965176693e+03
2.990657782169771963e+03
3.197750784925521657e+03
3.230478273150873520e+03
3.197764171854467349e+03
3.018106324707981003e+03
3.088681563850051134e+03
3.200377867859189791e+03
3.160948151253888227e+03
3.220867164925360157e+03
3.135559064905894047e+03
3.200186665489281495e+03
3.135740843825059528e+03
3.238667066935990533e+03
2.959261816691407148e+03
3.221569696823972663e+03
3.055352464169662198e+03
3.150882725755069259e+03
3.145194980790032787e+03
2.991371046064636630e+03
3.190312251252975329e+03
3.253907848351732355e+03
3.044397237005503030e+03
3.259904801464574120e+03
3.205091693045481861e+03
3.180525801519675042e+03
3.170552486568413769e+03
3.245544700821606966e+03
3.097757688573703035e+03
3.255264926449169252e+03
3.182173107875410096e+03
3.137344594735152896e+03
3.241735962272328834e+03
3.191173511187701934e+03
3.119145818629426685e+03
3.254737252371677641e+03
3.251011104149511993e+03
3.096806226241038075e+03
3.247845659892053845e+03
3.152781884513349723e+03
2.998655073270906541e+03
3.200328230098423319e+03
3.160971599402028460e+03
3.138000930686061565e+03
3.152919282403427133e+03
3.220871797803329173e+03
3.088681563850051134e+03
3.218453823725292295e+03
3.259817076149010063e+03
3.240628392542574147e+03
3.242452952342364370e+03
3.258990783351812752e+03
3.089337704078493061e+03
3.165959622639840291e+03
3.233056872675407703e+03
3.249729513914769996e+03
3.081489081219205218e+03
3.249704028532019038e+03
3.194926801291598167e+03
3.173323395087316840e+03
3.108561581404910612e+03
3.183775520127018353e+03
3.186407988897799441e+03
3.215327734352678817e+03
3.095018621932748829e+03
3.222764958344951992e+03
3.119100523470912776e+03
3.256970407745194279e+03
3.164470802621573966e+03
3.038671725761959351e+03
3.190049438844489941e+03
3.179718548446585373e+03
3.216384222696826328e+03
3.239043599529120002e+03
3.232104810904983424e+03
3.250843248975107599e+03
3.165776695474643475e+03
3.207035687947083716e+03
3.187155354288901890e+03
3.228289244283496373e+03
3.244522738979458154e+03
3.074928063543211010e+03
3.240715749040234186e+03
3.217223176286012858e+03
3.156521060508075152e+03
3.196455445334669093e+03
3.236899224248116298e+03
3.123116938285231299e+03
3.223675412705277267e+03
3.180923051139782729e+03
2.976481961789354500e+03
3.251914402212125424e+03
3.180986347177857624e+03
3.181723850399633193e+03
3.198278931283412930e+03
3.043785151595715433e+03
3.145798749059848888e+03
3.164602349554740613e+03
3.214119384527534748e+03
3.150862507983880278e+03
3.084998789508958907e+03
3.232810254464448462e+03
3.244912536237533459e+03
3.246396004826036915e+03
3.243284381108020170e+03
3.144068838372654227e+03
3.227514236223879379e+03
3.242357087605053493e+03
3.249270817471189730e+03
3.083860688306417160e+03
3.187655792863061379e+03
3.239864519442105120e+03
3.218613508325184739e+03
3.072370578237681457e+03
3.020768271384826676e+03
3.177164134407036727e+03
3.172858359707648560e+03
3.246475137712836840e+03
3.095439998056919649e+03
3.259219719200521922e+03
3.219036477671102148e+03
3.158609157311369017e+03
3.168656550750214137e+03
3.258219985785814970e+03
3.134917231784451360e+03
3.067613374680844572e+03
3.225405221972197978e+03
3.212506241388768558e+03
3.044565428463226908e+03
3.247488653394816083e+03
3.249117743631571102e+03
3.116874287137861756e+03
3.231623098761720030e+03
3.089019125336178604e+03
3.180587083662834630e+03
3.171217501491562871e+03
3.238431162725677041e+03
3.116619713779347876e+03
2.954701820547810712e+03
3.201657302513042850e+03
3.241126943988466337e+03
3.251624912181150648e+03
3.243284381108020170e+03
3.174247999752082251e+03
2.916464905488730892e+03
3.222732659615614921e+03
3.047277469675680095e+03
3.259144931702404392e+03
3.175759051152215761e+03
3.169260137918588043e+03
3.239197010882598988e+03
3.095170906270845990e+03
3.229630493354110513e+03
3.174431271513602042e+03
3.149548529228391089e+03
3.239006388030489688e+03
3.097184781055516396e+03
2.864023315008298596e+03
3.207026950586408020e+03
2.970509339450715743e+03
3.221286005119050515e+03
3.150661830470701716e+03
3.205850060553170806e+03
3.091070075245375392e+03
3.185508558068766888e+03
3.224351057188386221e+03
3.176816507325529528e+03
3.222542484921275445e+03
3.195711803532198246e+03
3.216671012463688385e+03
3.254654970590170706e+03
3.240363576539035876e+03
3.236726644724216840e+03
3.251563511756857224e+03
3.246820997865518621e+03
3.225285517959254321e+03
3.193821309255868073e+03
3.258756599827851915e+03
3.215139995121766333e+03
3.036813848609876914e+03
3.127065168736651685e+03
3.064888824985086558e+03
3.188908785448191793e+03
3.227060802888283433e+03
3.224084527716759112e+03
3.218090338576528666e+03
3.193124616415529999e+03
3.201940829537323680e+03
3.146192486621192074e+03
3.163219478165055534e+03
3.211551373306821006e+03
3.166407059047660823e+03
3.011882853748040361e+03
3.240704741825410565e+03
3.097757688573703035e+03
3.073424144433804486e+03
3.186407988897799441e+03
3.090344782483474319e+03
3.184465060305372390e+03
3.213360263873518761e+03
3.174103278829060400e+03
3.226467324407716205e+03
3.212650570373406481e+03
2.859199867917413485e+03
3.158266945646188105e+03
3.155344622692149187e+03
3.043548664343982637e+03
3.134439243510773395e+03
3.150047914361762196e+03
3.229451795840952400e+03
3.179929328219076979e+03
3.214506848024161627e+03
3.146193994599570033e+03
3.234200893539842582e+03
3.213324112115803473e+03
3.191483555102448008e+03
3.167218093425384723e+03
3.058910863485457867e+03
3.043249202780285486e+03
3.177172638814528455e+03
3.254016528941574052e+03
3.199559366923129346e+03
3.209387557231097162e+03
3.185212559984561267e+03
3.192357136609874942e+03
3.174380760312056736e+03
3.110547336073397673e+03
3.188401065575093526e+03
3.174805001295996590e+03
3.004272988518855982e+03
3.094025134178164080e+03
3.218153941274265435e+03
3.214278920116809786e+03
3.030746544245926088e+03
3.224178015641166439e+03
3.238036214416305484e+03
3.143782371466275436e+03
3.195846392149060193e+03
3.239192549707931903e+03
3.211038201021060559e+03
3.243245875688580782e+03
3.172623531786841340e+03
3.184008561868603920e+03
2.999961494213549031e+03
3.056647410965899326e+03
3.168733853599606846e+03
3.253208097323967195e+03
3.017826320772220242e+03
3.090521361973684634e+03
3.254774128574113547e+03
3.064035798453226562e+03
3.249224516393004706e+03
3.166407059047660823e+03
3.171258623927416465e+03
3.249468703366856971e+03
3.245132544808287093e+03
3.208731805070131941e+03
3.219662523350172705e+03
3.101856597016701016e+03
3.193514139363704999e+03
3.249969521872393670e+03
3.186071796888361860e+03
3.195821375611781150e+03
3.068052115697127192e+03
3.243139276995257205e+03
3.242301357249727062e+03
3.131266843301579684e+03
3.255533050411106160e+03
3.223476584253776764e+03
3.230138030711029842e+03
3.206942705853102780e+03
3.248365601175240499e+03
2.968511835776138469e+03
3.224669913430843280e+03
3.198284167383391832e+03
3.225190916147577809e+03
3.134422417259820577e+03
3.166298242533419398e+03
2.929990011182577291e+03
3.248649529505963073e+03
3.089535058147246673e+03
