1.459965431547267456e-03
3.637184391903680418e-03
2.240444232939862567e-03
7.449251852600865826e-04
4.405644219303503644e-04
2.462375676347527942e-04
5.017554578614177212e-04
1.231678324872726967e-03
5.565258766405994017e-04
4.440119980730575385e-04
3.469434984169115859e-04
1.398971314940837670e-03
7.007778568881533991e-04
4.767862349048460481e-04
1.159427834584892065e-03
9.494776914080857357e-04
7.976984985913061592e-04
3.300532334282811186e-04
2.625848475734564227e-03
4.496440937335017748e-04
4.331507306949076140e-04
1.402228017906921977e-03
3.967295582741752228e-04
1.624094365253423182e-03
5.189307392250788482e-04
2.584069909916263032e-04
1.213589504963348640e-03
1.023367305036248717e-03
8.791689902037344876e-04
1.140443577713859706e-03
1.932816297410802544e-03
3.215075929134310903e-04
3.012455916131234063e-04
4.919477745723865479e-04
2.501430881278974292e-04
4.561033040058540397e-04
6.058017459758340516e-04
2.099705522366113089e-04
1.135736219657145375e-03
1.961260714301529210e-03
2.656697660443004504e-03
9.957417287198883256e-04
4.634693847911690789e-04
2.948975772980235322e-04
4.871510637524663714e-04
8.010955177663039387e-04
1.352273140940855965e-03
5.307528673693581549e-03
7.988036211202306086e-04
7.131181646166335824e-04
4.418315404895094365e-04
1.963264118305923372e-03
4.212545462567945475e-04
3.621533111470902084e-03
2.884949842019095658e-04
4.835550424132073195e-04
1.115016981631372682e-03
3.779044478053850370e-04
4.979994424642108326e-04
6.720044113484348325e-04
4.294721041438775196e-04
7.760613971859753888e-04
1.165365227690414720e-03
7.556475732486526726e-04
1.106554075089423656e-03
1.275489528214764773e-03
7.976869347009711694e-04
5.020520777831849598e-04
3.809480662656701284e-04
6.100178688092801858e-04
9.795486879404693547e-04
8.199921094356188433e-04
1.673821226118760684e-03
4.134815157247362393e-04
9.500551151970114318e-04
4.934701927157109872e-04
8.883789078212953483e-04
5.722898097253052751e-04
3.930079442398058242e-04
5.949529367329974222e-04
5.143182338639103787e-04
3.356147427416690337e-04
5.077270609931229051e-04
8.899800595799793644e-04
2.408035134007859327e-04
9.008873234235336780e-04
4.807550901104752617e-04
3.029799684365256209e-04
8.430803179545257302e-04
5.976300492801215778e-04
2.616178088587001378e-04
5.506549512977087146e-04
3.850216162201094841e-04
3.497144822508765406e-04
6.178345449300196674e-04
4.416941041814675603e-04
1.947145158318999139e-03
6.071763866730510700e-04
4.554718066813341344e-04
3.235546393024148117e-04
1.036298879265087555e-03
1.655394518710395302e-03
1.546427765784207271e-03
1.001492674098454667e-03
3.425725000964810170e-04
5.583541386393525490e-04
3.231094836392350779e-04
3.018242206183418619e-04
9.266213169830025400e-04
5.750268801702798334e-04
1.007292771897521071e-03
1.082697946644368232e-03
3.070044335009769671e-04
3.351937762618988504e-04
1.203595474383265321e-03
9.344476195708175358e-04
3.915583694866900714e-04
4.398304616469188213e-04
9.934221088109262965e-04
1.549760970916438463e-03
6.729562001040556660e-04
1.402228017906921977e-03
1.330632016941930926e-03
1.155020960779681166e-03
1.608806320097772675e-03
2.941729494414493311e-04
1.546498039164886278e-03
1.997307645466746544e-04
3.006257043654315432e-04
1.483213803754793343e-03
6.009920217380378647e-04
3.869937043094883616e-04
8.902940536980051599e-04
2.300228544187319746e-04
4.993953151552817799e-03
1.648636964307534630e-03
1.040405169718059374e-03
7.137652424507762465e-04
3.379593246849882404e-04
1.569791242875514690e-03
3.174698418851486909e-04
4.411629785393417756e-04
6.198243387247931620e-04
3.511543634532119230e-04
4.609908394316929820e-04
6.993280539201044213e-04
4.993953151552817799e-03
2.162101007045425481e-03
2.577059634400039045e-03
3.607995802769868067e-04
6.618490026282713512e-04
1.545979132813523477e-03
6.315384072171610977e-04
4.393815771008291742e-04
1.052911674992953366e-03
2.681892246638244506e-03
4.758807879239936598e-04
2.428435579618988982e-04
8.470999052480993833e-04
1.589197882646745498e-04
4.686929279005410082e-04
6.667001940363653139e-04
1.484239235825952343e-03
2.566290497994448347e-03
9.695197505119148348e-04
5.272903790103112285e-04
1.420797531658084647e-03
6.796931284095533753e-04
2.681892246638244506e-03
4.877944160050420451e-04
3.110812884615420863e-04
7.237296368892775318e-04
2.960425846217714860e-03
5.886571662178728247e-04
4.448373051362921118e-04
2.062530289671833260e-04
8.852253588277924669e-04
3.861809414170525685e-04
9.808457058853878394e-04
5.364280251446132061e-04
4.765988244754714625e-04
1.328663722545270903e-03
2.821045887822854403e-04
8.163961649983804587e-04
5.106909263045928760e-04
9.018281131244286876e-04
8.332013090311960260e-04
2.032831096729078007e-03
3.142062210638544954e-03
7.107912893891976149e-04
6.988366354114003507e-04
7.207224399143315544e-04
6.407145605608527243e-03
5.156297289928759176e-04
6.215484105750189491e-04
1.963264118305923372e-03
7.229096550383412633e-04
5.723508022521326365e-03
3.104867838850573509e-04
2.241983925277138076e-04
9.634647238916398040e-04
1.085760525059423741e-03
1.979134306362789319e-03
3.649699156412975192e-04
3.729649460290444785e-04
2.569824867869513517e-04
5.923636695795388889e-04
4.836565738371778134e-04
3.332088420719067092e-04
5.141119049493899848e-04
1.314789870003023201e-03
1.074445461564523191e-03
2.680831665017297904e-04
6.014880520591899243e-04
5.532799360252296014e-04
5.190576038313722334e-04
7.643627339597967862e-04
1.104362093084604703e-03
1.929317766642805500e-04
3.213607365521907390e-04
3.994966158880124086e-04
9.074113881686721216e-04
8.782014254011811898e-04
2.740350609799878248e-04
6.867501974836873581e-04
3.243061305180948211e-04
4.993953151552817799e-03
3.999711674968483644e-04
6.908223714162139810e-04
3.314649523796694953e-04
7.554553556628415545e-04
9.449630276489879698e-04
5.895395994903705750e-04
3.835768447238137942e-04
7.372653903653648933e-04
6.538517134482619468e-04
4.899571000038261412e-04
4.407641489684377477e-04
8.392378379898203858e-04
8.832461432076112087e-04
5.311571838712366876e-04
7.114642839914655202e-04
2.693352908493572891e-04
4.405186854759405896e-04
3.016819679083641761e-04
4.571942652126082364e-04
3.510364658950917570e-04
4.380608416617593208e-04
1.216984458492577619e-03
1.208348879717352714e-03
3.538896564281722077e-04
3.931726621628993368e-04
2.346340515619710701e-03
2.524783589807549434e-04
9.294915605938812745e-04
2.138086085167316972e-04
7.859433302649634825e-04
5.652980193688784570e-04
3.007098446426890396e-04
1.525137850652626224e-03
1.406291683145952836e-03
1.429449701350626401e-03
2.226280821413533732e-03
8.340745563448852783e-04
2.729323346994820326e-04
3.636152299808321424e-04
1.107078215599801305e-03
2.999886717658908648e-03
4.722807178275391718e-03
7.546853108645265595e-04
5.927531868751431893e-04
1.023227856778963349e-03
1.086959129190415499e-03
5.726076985048458032e-04
8.476269945951952003e-03
8.214548776668794934e-04
5.505560591413942613e-04
1.131480487856685851e-03
1.099324435169063809e-03
8.226760141560002064e-04
4.543453985885264300e-04
2.656764665891591369e-04
5.051685168562525252e-04
9.695197505119148348e-04
5.191608830870737996e-04
7.507358563639047978e-04
6.558608942042316826e-04
5.381883572667485113e-04
3.061731773160739577e-04
3.612847492731192088e-04
4.429024642966686125e-04
8.510164704262407256e-04
4.455103915767929992e-04
2.554263825907926878e-03
1.733738741636236874e-03
3.604549581879857851e-04
4.072438230925317444e-04
1.549917610772373481e-03
1.999194997137361649e-04
3.695767648004458228e-03
1.264941315195896188e-03
6.227626654025159546e-03
4.231102182861716152e-04
9.941013040981371354e-04
4.993953151552817799e-03
1.235767089521585269e-03
7.244209034202814344e-04
7.372383358575231938e-04
1.172516876132260241e-03
6.151112366095691768e-04
1.060130747417934024e-03
4.979083961108373042e-04
3.789162711932426964e-04
1.940911603258600434e-03
1.069665440301161442e-03
4.855717671084221025e-04
5.798728209428152943e-04
2.432034438932348006e-04
3.027218542808904301e-04
7.592697244902109040e-04
3.781724312184375769e-03
6.740196403287371761e-04
8.159151637418056609e-04
5.811410204273091207e-04
5.696042670243344234e-04
4.774735361168078629e-04
6.331738972852902353e-04
4.612611768293004705e-04
5.666353005856902478e-04
1.990211968694961461e-03
6.488912492299594428e-04
6.033760454872639980e-04
4.750917211953066760e-04
1.555787152998146152e-03
9.671869020459642700e-04
8.706302791922830662e-04
9.734157495493875540e-04
8.035089713689575787e-04
2.050426364950102848e-03
1.006758556442106977e-03
6.126736446033621093e-04
7.080241980061944716e-04
9.190586669156752949e-04
6.870754522128702220e-04
9.130417957288805347e-04
7.022038318394367273e-04
6.528488259431126581e-04
5.296677735162564141e-04
6.915786192721528561e-04
8.379139793161750546e-04
6.359628323176768098e-04
6.123667948571491059e-04
1.337339589894404046e-03
6.212657788404507596e-04
4.809616481525530235e-04
5.165742668545187386e-04
7.403552307020520211e-04
1.072110895584735529e-03
4.406848765317282739e-04
6.285343114266426492e-04
3.226775572335819665e-03
3.792000297389196074e-04
5.374029813056040248e-04
1.004311150019667181e-03
2.092090845175572007e-04
5.150940521411156558e-04
3.827824248402033388e-03
5.018006481650684383e-04
3.554061131230913575e-04
1.608208545533802020e-03
6.546225918577452084e-04
5.448763296450306924e-04
3.060430575615415844e-03
3.573887301026171855e-04
1.775673109764493737e-04
6.232807735500544514e-04
5.440438885372071579e-04
3.382118695472923972e-04
4.965467600199425418e-04
9.030955550070513026e-04
2.789428395765783039e-04
2.006481371116070229e-03
6.812980182968220600e-04
5.835572674399106680e-04
9.941013040981371354e-04
3.788987475031999801e-04
1.762263634973271252e-03
3.082213869121166734e-04
3.652407210252168416e-03
7.763432095781183997e-04
6.765319856882274011e-04
1.895230939508258435e-03
3.938283084100320888e-04
5.244745489924286996e-04
5.531771589702964191e-04
9.592431772112552501e-04
4.302764575369116221e-04
5.204818543166073045e-04
4.728076599722724174e-04
2.137784690902012896e-03
8.331034029042144089e-04
2.585567926553474557e-04
1.024784986464999902e-03
7.006793841038593462e-04
4.214882144571589816e-04
4.167001989390194919e-04
4.673043265008275512e-04
3.390697016085016590e-04
4.650104864590995867e-04
7.256680485560551780e-04
3.357290123479731727e-04
5.098226311353024932e-04
6.985070221778243681e-04
6.991321809280815315e-04
8.422874886832207829e-04
7.592408658299309738e-04
1.872585498639998611e-04
5.298111220146359572e-04
2.535642712089644906e-03
3.766908717020322800e-04
4.637938292064626585e-04
7.561301210696092390e-04
4.130413457291734307e-04
4.470338054250707683e-04
3.373068622420812273e-04
7.128457544249975535e-04
5.592865778341622306e-04
4.017486010076237171e-04
2.986130045886837441e-04
1.835762123563302662e-04
3.404997286009854140e-03
3.148763810523479991e-04
7.424794659807915954e-04
8.369762642503894914e-04
6.698825810040033796e-04
6.855991358686512431e-04
1.184277367242345547e-03
1.380978569051084836e-03
6.690804738645650569e-04
9.730511431378403983e-04
6.244733613370699208e-04
4.168300638854845544e-04
1.203761267148781202e-03
1.961347544811416145e-04
4.385122345156624831e-04
2.645528675376569846e-04
6.052387696495513609e-04
1.098153258785667307e-03
9.562043528092629193e-04
8.450503551005653482e-04
2.671004716786822648e-04
1.810558209042054047e-04
1.002382356843819697e-03
7.278845361248695821e-04
7.204290603321214298e-04
2.506154894976301314e-04
3.717093477802142017e-04
2.970347732628665551e-04
3.244218942683094447e-03
1.007627319567296108e-03
6.437609345581269066e-04
7.199881181079677067e-04
2.598857631696428337e-04
3.229672015192492718e-04
1.098704387815264754e-03
5.185980161589992662e-04
4.965910896125980524e-04
2.474827633431251326e-04
6.126789723166365656e-04
6.877441805038204481e-04
1.742636363953885303e-04
7.498926113541202641e-04
1.461008631978823842e-03
2.395728429656415065e-04
1.126325699715724016e-03
4.440814276365634547e-04
4.174417476613628917e-04
1.218239540936737978e-03
2.041111837726589941e-04
3.069235828490006869e-04
4.049953012114135666e-04
6.462962239323741427e-04
1.152184729166399893e-03
6.140761259567241838e-04
4.572745300120719639e-04
2.943126767168401949e-04
1.343809373577924083e-03
5.687272654351910707e-04
9.589020468570844851e-04
1.078030896508631225e-03
1.301531763135895057e-03
3.784790906779001720e-04
2.724563722517632362e-04
5.329051119631201660e-04
8.377306595104144511e-04
9.636763928908326140e-04
3.469434984169115859e-04
8.121643113763496024e-04
1.199133310136004564e-03
3.463249743908508420e-04
4.979083961108373042e-04
3.735856727223801433e-04
4.566928841873783406e-04
4.840656790962204951e-04
7.072554044736716278e-04
9.539256097539680190e-04
6.933428137228128760e-04
2.959499046123437952e-04
1.264456448394247036e-03
9.807295337889516875e-04
6.258478704679993438e-04
4.154398565505517641e-04
3.968708940905844602e-04
6.176124388922389803e-04
7.105478506755448292e-04
9.001865410219558362e-04
1.614300027628367846e-03
9.235295628148619627e-04
1.490663956711043864e-03
6.415014774867113532e-04
3.845205247599023184e-04
2.864763368675814909e-04
1.589150421478888360e-03
9.188877394255493946e-04
2.758315569730965429e-03
8.070868153219993039e-04
3.361583052771951324e-03
4.223031453303281875e-04
6.412839996491878419e-04
5.192524552702959583e-04
6.870754522128702220e-04
5.096339481582166583e-04
5.066550493911921521e-04
1.106554075089423656e-03
4.149400808874882034e-04
5.420115693247036038e-04
2.873846822864601432e-04
3.268529825399787200e-04
5.321729908630745600e-04
1.065734773606675937e-03
4.011550004516709175e-04
1.584869054266682762e-03
8.331034029042144089e-04
1.097969181106180688e-03
2.636392299287616055e-04
7.210273596218723813e-04
1.498168321548397092e-03
3.852902101921811982e-04
1.374960970467965045e-03
1.077329745874542602e-03
1.484239235825952343e-03
6.993280539201044213e-04
9.220226688307438159e-04
9.783104892512812286e-04
3.806561391480072398e-04
7.587240378784928857e-04
1.011218059055354499e-03
1.044594865279755433e-03
1.313810088218905379e-03
5.174307285174973431e-04
5.521377017709617249e-04
3.113978827683854499e-04
1.128949817230236576e-03
1.372568079276869366e-03
3.453703867674128643e-04
5.679301006994611585e-04
8.001502933336285608e-04
3.537884406441493780e-04
6.100178688092801858e-04
4.852714570712054381e-04
1.320403076773707341e-03
1.276845942186886212e-03
5.331896829632348962e-04
3.144543921513762402e-04
3.374373759996860864e-04
3.025865407744274412e-04
8.646834735733748391e-04
4.512855790075938236e-04
1.924581377834713031e-03
4.364699036310884517e-04
1.860057257690245257e-03
3.461048333736938573e-04
4.937812228663504771e-04
1.175833628770331417e-03
3.728384209603501391e-04
2.917506794110110834e-04
4.765078015235128003e-04
5.098138334774906036e-04
8.867751443960178405e-04
1.966738533081921047e-03
1.075326600104938111e-03
1.441822767404608114e-03
6.457370323284695058e-04
1.104300630108704913e-03
7.274880420356036066e-04
2.453705321190387907e-04
1.243910798362175612e-03
5.545273836800156814e-04
4.169886589376120751e-04
1.293721866999424141e-03
7.827973090381951061e-04
5.607971513105314103e-04
7.430402753961196875e-04
7.313267495918440242e-04
8.070868153219993039e-04
3.081162604555778839e-04
3.952642686060393634e-04
7.372383358575231938e-04
2.943183156860474086e-04
2.871515014385636068e-04
3.447306849672939996e-04
4.111449045540348929e-02
2.191723615075724478e-04
6.450953944329396953e-04
5.592865778341622306e-04
1.195785246481066884e-03
1.097024344489703302e-03
6.342033191687719909e-04
9.061225640112924046e-04
8.189114175849745948e-04
2.442270062921313850e-04
8.853061896902806108e-04
4.472387080836108184e-04
1.800516046209639899e-03
4.599564172677709259e-04
7.175383346617762509e-04
4.655486256776585909e-04
3.289164176971939510e-04
3.956140201418519692e-04
4.833947410701322890e-04
3.750857892146008347e-04
3.531063795786888509e-04
4.734033227907134909e-04
1.721880071411920499e-03
2.088937227244307376e-04
4.621221888439392160e-04
1.434743013941199149e-03
9.963297762276613657e-04
7.659411185996672141e-04
6.583719923566717057e-04
8.190372908030872298e-04
6.030362312500103968e-04
6.434943176721108276e-04
2.585567926553474557e-04
6.412839996491878419e-04
7.167613269244369617e-04
3.600221291838036179e-04
3.333806168490837849e-04
7.310600839431418904e-04
6.450312721124188721e-04
2.206175281122998034e-03
5.831065565426067155e-04
2.441206799792411679e-04
9.020157883336095894e-04
3.183695635959878458e-04
4.315775144190841443e-04
5.803389026774781337e-04
6.022384795536354658e-04
3.449583648597363632e-04
1.313798131648231948e-03
9.643748820684737563e-04
7.102666859332541858e-04
1.315610060352296337e-03
3.068574534040195440e-03
5.436489970910862203e-04
4.746453189954526588e-04
4.002165528538533055e-04
6.986356358608522207e-04
4.409427715763599267e-04
2.243457765915524930e-03
1.194924646954532250e-03
1.358125975801072064e-03
6.609486242444387620e-04
9.754460636144457811e-04
3.813674561900727198e-04
4.477145282152147215e-04
5.918549031944854042e-04
1.749344201672139824e-03
2.695913795698742441e-04
6.468261843479271994e-04
3.235815553523747412e-04
3.454047150344765628e-04
6.682061468097819611e-04
5.686713151041143275e-04
2.784405890425733685e-04
1.448971496047392468e-03
5.606426653470992236e-04
4.537080830168560173e-04
4.296968323839478747e-04
1.144247706761552640e-03
2.619447505435041918e-03
2.762081119004172183e-04
4.206782004285041020e-04
6.041013894385635456e-04
5.947631400028400477e-04
3.227149577231921886e-04
3.511543634532119230e-04
9.837837636840461326e-04
7.261560570664199942e-04
8.332674416932567881e-04
3.172471850705563126e-04
2.719350317226358615e-04
9.905159491542397682e-04
2.928654274126010672e-03
1.155484609599416543e-03
5.339470457173885361e-04
8.598361752808972172e-04
9.975319245164719108e-04
4.272846698524072092e-04
1.073814970185570095e-03
2.469922971037236451e-04
5.831065565426067155e-04
7.091058701311114994e-03
1.945747382832435516e-04
1.139686815706579320e-03
5.540050341748509839e-04
4.311725978959528110e-04
2.694133864892215603e-03
6.091547618213075240e-04
5.410576265223377606e-04
7.023565017810312313e-04
1.084782852466167164e-03
7.150842477201791673e-04
3.242255552974015738e-04
1.161257509105716743e-03
2.491952275997560279e-03
6.835981884713729449e-04
4.820171390901918955e-04
3.177445567614946677e-04
3.136801982711306795e-04
2.124635783898237706e-03
8.008410301282417511e-04
1.713449040542224661e-03
1.737694595162864652e-03
5.323356254108246822e-04
2.397027076249976310e-03
3.035808102655368663e-04
3.866600474784804447e-04
1.117804852134238625e-03
1.675021160815268499e-03
4.613736515694399519e-04
3.661081062606592602e-04
8.346051156734048647e-04
5.280092306331076292e-04
1.172070605790039542e-03
5.763332529871079872e-04
2.833996221827391826e-04
6.818470859608272887e-04
1.030851880119614070e-03
6.740182172406305105e-04
9.533556677244848848e-04
1.372787539382114589e-03
1.169461311914718991e-03
5.811410204273091207e-04
4.019028489641337902e-04
4.296968323839478747e-04
2.422791023206547455e-03
6.140761259567241838e-04
1.018609820396059211e-03
9.910680868255850300e-04
3.829021858975602721e-04
5.012396308972951299e-04
6.177637041812594331e-04
4.278927214306754278e-04
6.577464893635354398e-04
6.222314820962081142e-04
8.269736428696887421e-04
3.459317655212626724e-03
9.522752914494190006e-04
5.765362115704593914e-04
6.648032094691613608e-04
2.822127819031336037e-04
1.834086350078595036e-04
2.862802598328200040e-04
2.587591404986200696e-04
4.570466555785814532e-04
8.284503510525751367e-04
3.486451074503261636e-04
1.533633781260206443e-03
2.625848475734564227e-03
8.188619099139521742e-04
1.933694862022752783e-03
1.134510088381234221e-03
6.127374751664979710e-04
9.010051155419947786e-04
8.456713358937942120e-04
4.749676442010035979e-04
1.821753415994394867e-04
1.933676496175637310e-03
4.091765432702620291e-04
3.757575504247295589e-04
1.217882684725421103e-03
8.519895119760878717e-04
1.067166992695674612e-03
2.269003209453200349e-03
1.175833628770331417e-03
1.352273140940855965e-03
7.336245168959854273e-04
4.239523043536534545e-04
9.884630426493319546e-04
5.687348106817676939e-04
1.237475707103230819e-03
1.268308823967986398e-03
3.967530437831660178e-04
2.839447021103480551e-04
4.037520374678342343e-04
5.590458535952830916e-04
3.331566668500187062e-04
6.017585819967345316e-04
6.910259286823814892e-04
4.206782004285041020e-04
7.208402460280053043e-04
1.040159996886062333e-03
1.276942274576636695e-03
5.340475657294156296e-04
6.094941599092107941e-04
1.627414340479853283e-03
8.805477929328975892e-04
5.480281272577578605e-03
2.025695024161484979e-03
7.871410281497305842e-04
4.564316057121007913e-04
1.126325699715724016e-03
1.413139842270721156e-03
2.259387773428051926e-03
1.514122246499680384e-03
9.307420310947102761e-04
5.816530790613746440e-04
9.633135526902193669e-04
4.640641673913970563e-04
5.413815959671363851e-04
7.273661640136381895e-04
3.563140357223433682e-04
2.537005908071816689e-03
4.315775144190841443e-04
5.731382180391852857e-04
3.802956608795552405e-04
6.006198601072706067e-04
7.753707757158572692e-04
1.627343736774841719e-03
7.618843857048065256e-04
8.973851055922657267e-04
2.245840974971709573e-04
9.592431772112552501e-04
5.334794640298482979e-04
5.978352168339065272e-04
4.707359086510104571e-04
1.011630024067502239e-03
5.560054701017416463e-04
4.559847673341459748e-04
5.736710275409075870e-04
2.495037636677125488e-04
1.162990507778181512e-03
7.424794659807915954e-04
9.258734949558054166e-04
1.268907309570665217e-03
8.648781095352252053e-04
2.875040376494051903e-04
3.977961307141157036e-04
3.541397535120975582e-04
4.111449045540348929e-02
9.167547359401727195e-04
2.401378192648607589e-03
3.007568134533746516e-04
7.420450116144301084e-04
1.216446668281431429e-03
1.123760890004251627e-03
5.384161403288183385e-04
1.407002283712082335e-03
6.281457798821724970e-04
8.174969834509934058e-04
1.994487316766618769e-04
1.733738741636236874e-03
2.397359111878977656e-04
6.614196891065851668e-04
4.853359771705893322e-04
3.492752414957623177e-04
3.767519749682638765e-04
6.071763866730510700e-04
7.552714398714585522e-04
1.378179224013080214e-03
5.114412407757916229e-04
9.316272884106912471e-04
5.081419078157854751e-04
5.376786338520106847e-04
6.863171729538675723e-04
1.122985917230378628e-03
6.784331839980575546e-04
3.142718524593674997e-04
3.307216323938381086e-04
1.698960784974727590e-03
7.114642839914655202e-04
3.797130950873724392e-04
5.924766837304366179e-04
1.004311150019667181e-03
2.680638246963485088e-04
6.970144961473056719e-04
1.094884467046008166e-03
2.326575973155892618e-04
4.265105876086316278e-04
3.884475574544228897e-04
1.207529437326650525e-03
9.258339818608879879e-04
5.072128054648806063e-04
6.471752828109842088e-04
8.162379644847178248e-04
1.562818674400851459e-03
5.903543210745845283e-04
3.507182940814118090e-04
7.272169599698219888e-04
3.213713461006932810e-04
1.307008895732192973e-03
6.795912541367166680e-04
4.430270913143917293e-04
4.372481633673686767e-04
4.704302702858409978e-04
3.498429988317287007e-04
6.449023247356697099e-04
7.432525963984982055e-04
1.018975256382466344e-03
3.368455252219575103e-04
8.285461091854158001e-04
3.364607975811439392e-04
8.380536724692134055e-04
7.114642839914655202e-04
5.226995539445020893e-04
1.266106848378152367e-03
6.233700228942813497e-04
4.315775144190841443e-04
5.481363254659947157e-04
1.458210525767900502e-03
3.010740898600027318e-03
6.898968630975134452e-04
6.140761259567241838e-04
6.433082137254710108e-04
6.867501974836873581e-04
4.134815157247362393e-04
2.592082512841504724e-04
5.079411761181606717e-04
4.953389103077224373e-04
7.472383299050244180e-04
7.111489740184241725e-04
3.391652011756650983e-04
4.429826507937499125e-04
8.928082334311616963e-04
4.565729304480308838e-04
4.440707323194865953e-04
8.152172227208925349e-04
1.378813238452866394e-03
7.039395647166431279e-04
6.839752879434382680e-04
3.161409593392298196e-04
1.086685537320213708e-03
6.725178567758816582e-04
1.733738741636236874e-03
1.587012930597469802e-03
8.672361209671775343e-04
1.075678477496263934e-03
6.501959143085754697e-04
4.197155335203836091e-04
1.856321500629108667e-03
2.679057034794856329e-04
2.549127249463197051e-04
9.329052090906218104e-04
3.926245234347433576e-04
5.536824502907393766e-04
6.557880291375493918e-04
1.357108740928694582e-03
5.765362115704593914e-04
2.520383529900718528e-04
1.557779386715805884e-03
3.691627925889122809e-04
6.802243900448249952e-04
3.483999516927856633e-04
2.314165305520652586e-03
4.940624411371901184e-04
6.569632187841171166e-04
1.147881869634106381e-03
3.650317147594047480e-04
8.584971246890436532e-04
1.091686403180944492e-03
4.111449045540348929e-02
1.016039839363407820e-03
3.275420391151217560e-03
1.229998347828637796e-03
6.497005159326950212e-04
4.939597635234867093e-04
5.101763281466619587e-04
3.365821633721001200e-04
8.081014585851759979e-04
4.352595445378390319e-03
5.129489486817287100e-04
4.832838487886729063e-04
1.254353293779263438e-03
3.237995544549063525e-04
2.362304448614214699e-04
4.191460099508103189e-04
5.037156065624926815e-04
6.970144961473056719e-04
6.071763866730510700e-04
