1.376040029748400390e-03
1.024503775068080205e-03
5.737760827203043645e-04
9.246562280022551424e-04
7.390299967213744773e-04
5.234503118040259150e-04
1.078113447391420036e-03
9.693627851732254620e-04
1.186522984546288214e-03
7.603844001112324653e-04
2.244981757355136998e-03
6.744767505940954750e-04
2.406133756708092207e-04
7.689045591801792071e-04
6.205711944483605080e-04
2.862624032563287381e-04
5.036473641032617257e-04
1.040650576219090623e-03
4.205086046109014308e-04
5.202560030242512875e-04
7.064859571087407555e-04
4.891535233013936295e-04
3.165153795128561060e-04
3.520472347079376275e-04
8.313083988101113491e-04
7.933947026084474429e-04
1.527854900094792901e-03
5.613342623469611339e-04
4.460328586736333513e-04
1.082242462243135014e-03
7.306093238172074343e-04
3.095551261998936207e-04
6.129240744584999552e-04
8.548059654542919644e-04
1.397765094338573010e-03
4.089394339206138865e-04
2.104824910755619723e-03
5.383053743425874086e-04
2.837772634665211460e-04
7.752812144294798750e-04
4.129277825695074045e-04
6.472804717423767933e-04
8.670276436278594829e-04
5.595117734709745012e-04
3.669906319900721270e-04
9.074638746514789110e-04
8.722039677407746657e-04
8.417776441521883368e-04
2.552032768964574393e-04
3.117644114535245907e-04
2.693622296600927963e-03
4.754940701573399779e-04
1.500270520452927879e-03
3.022994755178122603e-04
4.262548743670193686e-04
9.350930050531214548e-04
6.759362441270523689e-04
1.011230004676528377e-03
7.632500452492220521e-04
6.366675879335062906e-04
4.725318145852324303e-04
6.017686113744000285e-04
4.385638487557014047e-04
6.466342954897546158e-04
8.211609585748562423e-04
1.646036311250225273e-03
3.843678729696449101e-04
1.766866096249923362e-03
6.899792056633809265e-04
4.343687190477100177e-04
7.700903771103029130e-04
4.323747122370699583e-04
8.975397230664275416e-03
7.997039616792635903e-04
4.265626035896325527e-04
8.518658837590713934e-04
2.633176349380863743e-03
1.073941705879930810e-03
2.366754297545924091e-03
2.887206105671911126e-04
8.280282503721031169e-04
7.070538523211241820e-04
4.903706648195639388e-04
9.890203059744826896e-04
2.572967422874825223e-04
1.534934089068325149e-03
5.852765103739511346e-04
3.834075983016887340e-04
6.382089240850023380e-04
2.778346473683956756e-04
8.040551955956647991e-04
1.120046928442522275e-03
1.617804202722217082e-03
2.402350121949476270e-03
5.980127762767024034e-04
1.753287035676824850e-03
5.149112149651405811e-04
1.355979173737262202e-03
2.592978651388387363e-03
6.708024719286697192e-04
7.924187346098890070e-04
1.198495747463729742e-03
1.578673988375188606e-03
4.901555092264071748e-04
6.071925357242221417e-04
2.758620304239436743e-04
5.403726021078800569e-04
5.906142280027293747e-04
7.332941532013444088e-04
9.925773479477345562e-04
3.581127829928344177e-04
3.891812126099016347e-04
8.222618514841413540e-03
1.317471501356486238e-03
3.422542135560488821e-03
1.403362351980670750e-03
5.928616036721272341e-04
1.060233981173057134e-03
3.635853038387890177e-04
1.006436621166552966e-03
6.022188011603142642e-04
4.613164831322636057e-04
1.404687148812886876e-03
5.553013500655417821e-04
1.000869513205217189e-03
5.918487972613128111e-04
1.107587957369211406e-03
9.821848068509270949e-04
6.905908235531556163e-04
1.260837678231022021e-03
5.701482606786438491e-04
5.243741372775646186e-04
5.457988675924878774e-04
1.874622782500165842e-03
2.284553136851420643e-04
6.733901437878623154e-04
4.732915059824857607e-04
6.833760018678459091e-04
5.657198877700312170e-04
5.571288442040191321e-04
2.499818973935931691e-04
7.924187346098890070e-04
1.261011489864850973e-03
5.378810920394827338e-04
1.308916702048168760e-03
3.247799896383028674e-04
6.006524593922261046e-04
4.909299543120062377e-04
6.333639734326161575e-04
3.291903784036716079e-04
2.602751185123057878e-03
8.800615779408053636e-04
4.898303028393652565e-04
4.741589215064472896e-04
1.111620157195701564e-03
2.485164707975492243e-03
2.006584374919509559e-03
1.163847834150052605e-03
3.071788008184337749e-04
3.853396262345079940e-04
1.141065815838463327e-03
6.751885066111943615e-04
3.098745849805842854e-04
5.495375346467173136e-04
1.258850159631565721e-03
7.340333359013322860e-04
3.981139298653650063e-04
3.337237586427843519e-04
1.157176053625121048e-03
4.690882267099532113e-04
4.227935525028284026e-04
3.347834122488814717e-04
1.909815713403630478e-03
4.595430654771773108e-04
2.104824910755619723e-03
6.750563265623503451e-04
7.206446856647731082e-04
9.287988540649369301e-04
9.799137603230279395e-03
3.319878446622023826e-04
5.915198757889774577e-04
1.163245533643677675e-03
1.843918919594149690e-03
8.011242735831929475e-04
7.959745713099935279e-04
5.874695791051924793e-04
5.065174923355841418e-04
4.765157155866475008e-04
2.337574470848003631e-03
9.133399641040524427e-04
4.686904608106813477e-04
3.948479117675252319e-04
1.661681883475543946e-03
1.202074766471992453e-03
9.992984631014582494e-04
1.485022688227197792e-03
3.573318868830768638e-04
4.043146206151147109e-04
1.047994687391977115e-03
1.663459512552059550e-03
7.232664883486117358e-04
3.970894335167024004e-04
1.619845732533606872e-03
1.892816155253540565e-03
1.733406666877427031e-03
1.563485340169018262e-03
3.732334969899565088e-04
1.275262189531154756e-03
1.076539947965729407e-03
1.455022017167479720e-03
7.264800323561806114e-04
9.135542658543453895e-04
6.212815774952324104e-04
1.636043908770890790e-03
1.052618617996402923e-03
4.248914082142868039e-04
7.902644567782782280e-04
8.227095220453633454e-04
5.634595310806402805e-04
4.654654823488773414e-04
9.583389612998397368e-04
1.147721075710523989e-03
8.147685336174850541e-04
2.563454640410058050e-03
4.952519735260842290e-04
4.693694928248418876e-04
2.459364691659319570e-03
5.080360516166509618e-04
5.141839250909511529e-03
1.895662663548637692e-03
6.264176373720958466e-04
6.827520625043968523e-04
4.539118806228993478e-04
3.587108962117639124e-04
5.917283911717486624e-04
1.227651841713108243e-03
9.350930050531214548e-04
4.646303787304744901e-03
5.862545548633527753e-04
9.748733746685901138e-04
2.700919839591435414e-03
6.304104305236352731e-04
2.230737818254960314e-03
8.559697575740132227e-04
7.165931253710043376e-04
1.070571842719864357e-03
9.891399524849194859e-04
3.338493445173831495e-04
1.862090153155383614e-03
1.223116405961185028e-03
3.002335643949102123e-04
1.815044140896928705e-03
3.003720444775260547e-03
1.018373550509694189e-03
3.472487176763250317e-04
5.825506636024299894e-04
2.922883574928519215e-04
5.400885817490895307e-04
5.823179850387551551e-04
1.572079235077633239e-03
1.230132066817249317e-03
2.479106204404968880e-04
5.574210139579553443e-04
2.283747878213559200e-03
1.422317787782587844e-03
1.045943763696232905e-03
3.170900155101047174e-04
3.345480781548604982e-03
5.349511518690790342e-04
1.916465076350955515e-03
5.307251327289666098e-04
6.591586902924234485e-04
2.685443926558783072e-04
6.854927597112382568e-04
5.271748632791353967e-04
3.920308366862236939e-04
1.421594014185312629e-03
5.006705630527851034e-04
6.273138122697540647e-04
5.572715475178869563e-04
6.204475053864141323e-04
3.303395934927953509e-04
9.912364169655891663e-04
1.851789518205403670e-03
7.104946977142137608e-04
7.585089078199028787e-04
2.304989856375997369e-03
4.607400714925953826e-04
4.667949751251285369e-03
3.192551623837912062e-04
5.723843813238309102e-04
4.938033926905252948e-04
7.065999947243932705e-04
1.017112924909809252e-03
3.106936147494908569e-04
8.613475983564232658e-04
1.419875922030629494e-03
6.148222331178822058e-04
2.320676323732618273e-04
1.055910959612529378e-03
4.754757378787789084e-04
7.489314309192887393e-04
2.955418591673470981e-04
6.440212794706067509e-04
8.221110405510426026e-04
4.092805485436138910e-04
7.195090214418999172e-04
2.935467770646013564e-04
5.413766969335488373e-04
8.802451708489985628e-04
4.546130942394745471e-04
8.733844948688829039e-04
1.007115157380647193e-03
6.723334038265354725e-04
7.795113818142358113e-04
1.893940750349270121e-03
2.572967422874825223e-04
4.482290787829829254e-04
2.889432275489307086e-04
3.074512466418702111e-04
4.232858764717097413e-04
5.843219089603993036e-04
6.293656868763585280e-04
3.301293779294602114e-04
4.961899091574788635e-04
3.969256076687251926e-04
8.417033653173389487e-04
3.854292464959150006e-04
5.313317627320371557e-04
4.597212499147503646e-04
3.689989290858023178e-04
4.511241345596086940e-04
4.623179304085299089e-04
7.985304527567840902e-04
7.228821880455180626e-04
1.355957056180737879e-03
4.921757844717799309e-04
4.124409531673297615e-04
6.412753241724761504e-04
3.180043940388276491e-04
5.882421224480617779e-04
9.223956777589516166e-04
1.347138969739483270e-03
1.063316917202507652e-03
5.941613804655294755e-04
1.041248599567577921e-03
5.275649177348318199e-04
4.471731708912095316e-04
4.536189675150717818e-03
6.550089668341143971e-04
1.153932975881764812e-03
1.125436828524016596e-03
4.989363262076171876e-04
1.268885319230786748e-03
1.081355038647954184e-03
5.182123396018059776e-04
1.852357001625087223e-03
6.086422834302767032e-04
7.254413412184504764e-04
2.854960583300015196e-04
6.028106192855536751e-04
7.037374036326894070e-04
3.461616330750089685e-04
1.013889712209360737e-03
5.851121192521587574e-04
7.315408151235286037e-04
4.305506133328852693e-04
1.083936641479696589e-03
1.936152096008738515e-03
3.494929558023473375e-04
3.025529583814832633e-04
1.190748090288370033e-03
6.707908074762164181e-04
4.333516526286238912e-04
3.363057659343755075e-04
3.494432063521905516e-04
6.130228283714945136e-04
8.663136513390300858e-04
2.444989349409415307e-03
1.499798923694170083e-03
3.144825006285483708e-04
1.174704686040815025e-03
7.986425979400743136e-04
9.012691117764215672e-04
8.565387285424147686e-04
1.843918919594149690e-03
2.016710145156824178e-03
7.421704217577568697e-04
4.019073163387263531e-03
9.238059750213035862e-04
6.846829347960032338e-04
1.166137450791712151e-03
5.814433378031870709e-04
6.753537836350291101e-04
4.696422913678824449e-04
6.934584902118631679e-04
6.362555530408381269e-04
1.819990051803381742e-03
8.818959023013143387e-04
3.868226212356581212e-04
3.052926931052689884e-03
3.001290334491056263e-04
3.648006704181628018e-04
6.519126317528421396e-04
3.838623789581038889e-04
7.438957138002937801e-04
9.755274790861875097e-04
2.903956887121471949e-04
1.303734274237118443e-03
4.382881750524173880e-04
7.973480914941141751e-04
1.506229286226646105e-03
7.388858325124706338e-04
1.192797613810344347e-03
8.567177390643823968e-04
3.337686436111614568e-04
3.427837179286012128e-04
7.711813718110931051e-04
4.811052362996838766e-04
1.603430604594383111e-03
4.298394107626618966e-04
5.730676168961262168e-04
1.218108100529393485e-03
3.159183464309767804e-04
4.404371978713887193e-04
1.296487700901311629e-03
4.376891814251995740e-04
6.625577973631131780e-04
6.366426872870507110e-04
3.019945272599052280e-03
9.135542658543453895e-04
1.464957737865159402e-03
3.840048811534134908e-04
7.722146940267814825e-04
1.927491302441589711e-03
8.733500972718119754e-04
6.470301756038156042e-04
1.382949986768671619e-03
5.258648263695011671e-04
8.699012046912599997e-04
6.622655380149360853e-04
1.109075857269395176e-03
6.414992157841083740e-04
5.186150575375791331e-04
7.201173074554793061e-04
1.045505961784631063e-03
1.171231512071218986e-03
3.843678729696449101e-04
6.460006331680119259e-04
3.348264436395634899e-04
5.565657373388277658e-04
6.587123321101750724e-04
1.123251587628102018e-03
4.637809910831540297e-04
2.497544441195316371e-03
1.163245533643677675e-03
2.081787473044056924e-04
8.135814467591550225e-04
7.835638380657540883e-04
4.212346081490738370e-04
7.154275234488239243e-04
2.750433866089689486e-04
5.544390732271973045e-04
1.170917445824638109e-03
5.199971487641279850e-04
1.052019125713727797e-03
1.949882390941628033e-03
1.397275326667895331e-03
5.163799266714238102e-04
4.843904472457495115e-04
5.353121014988296593e-04
2.609697952521686758e-03
8.807726871923636036e-04
7.664762795578379095e-04
5.188879453753908119e-04
3.563509497298103274e-04
1.674490893574287096e-03
7.659013207601339870e-04
4.060650931277281269e-04
5.593302925114112785e-04
5.292935899402814292e-04
6.304104305236352731e-04
5.226634429544146096e-04
7.373940364379960068e-04
1.252303533000354322e-03
2.699406099997095246e-04
1.694899687263502330e-03
3.878950813802597075e-04
5.929136397827184822e-04
3.234949698883606678e-04
5.292935899402814292e-04
3.625291467681020642e-04
7.924187346098890070e-04
1.583208272032866513e-03
6.497720985347332822e-04
1.057623795159952362e-03
5.575539291113139470e-04
5.847209670790781124e-04
6.758524147384534393e-03
4.517802969538030605e-04
5.118779415785694453e-04
1.182152597823228971e-03
4.794114250469182431e-04
1.169358335261216041e-03
1.650848326309487576e-03
3.848503133562513234e-04
1.351021790491740635e-03
7.255564397632838702e-04
3.427446897457741377e-04
3.813779355400260542e-04
7.126578877482134863e-04
4.932951958743206008e-03
5.849030018294656226e-04
3.419346521146408770e-03
5.011398862531990300e-04
6.023143472620995625e-04
6.023295898792986993e-04
5.139659879072894103e-04
9.224710355734613973e-04
4.525508214526333139e-04
4.130732916089161258e-04
1.049223250492988284e-03
9.000867540470507393e-04
3.404267879367988791e-04
3.861802472660404531e-04
1.053270062149430381e-03
4.741589215064472896e-04
8.211609585748562423e-04
6.773064529514270403e-04
2.161717093926632596e-03
4.778549071444388808e-04
3.747553465582756198e-04
5.276970049712289808e-04
9.733965753663183533e-04
2.164080072723900336e-03
3.770582147525917884e-04
1.321218587223177724e-03
2.040625600971524944e-04
7.770388897308242501e-04
7.751664083047401545e-03
7.924187346098890070e-04
5.240336569279413275e-04
7.846207015597016958e-04
3.981139298653650063e-04
8.710671502130242026e-04
1.258507058555046300e-03
6.655413981485077237e-04
1.331198338944244866e-03
3.306514497220158690e-03
6.216577766496026629e-04
1.073167051930527674e-03
5.251633586006587565e-04
1.206531402536505917e-03
1.015033849527275387e-03
1.107587957369211406e-03
5.443999257798515321e-04
7.959303915434278115e-04
7.114273964168373347e-04
6.061972649907018500e-03
5.315250820192085135e-04
8.473125605475134844e-04
9.154144712186084321e-04
3.052926931052689884e-03
4.504652579804115466e-04
4.092805485436138910e-04
1.266850463769721982e-03
1.281056997847985915e-03
1.846970758973250862e-03
8.313772939434321005e-04
6.304785789506613548e-04
2.732462003042862792e-04
6.756653236261160210e-04
1.232576639337536455e-03
4.792781158649767124e-04
4.756980478812844254e-04
9.315171724739987119e-04
2.479576827364092864e-02
5.025286169140755124e-04
5.908268568265947259e-04
5.494434132772690058e-04
6.910980306818789286e-04
6.482006262558595968e-04
2.923887512081753317e-03
6.326015634375446641e-04
3.744709386435737938e-04
5.969965281740724321e-04
4.655127732941403756e-04
4.365626309125589764e-03
1.178411824503583331e-03
8.528835065453310976e-04
2.005231109674160492e-03
6.620711464882084694e-04
4.614498310846252790e-04
1.012806854502606036e-03
7.273208347344097685e-03
6.128222236774992200e-04
4.594025259697443516e-04
1.030150329323049375e-03
1.412056694392044807e-03
6.516580046215410520e-04
1.198338714884932031e-03
7.341799761081000070e-04
3.874273097482189114e-04
4.581549847162128182e-04
1.178984141673578142e-03
6.465803449193570796e-04
1.363299821065118954e-02
3.830631037451269656e-04
2.252445974639766897e-04
1.263829311700075423e-03
7.075844332843003997e-04
1.590593169025161444e-03
5.059906228247491302e-04
3.784870941227919680e-04
3.484226515427094658e-04
8.430273920137924034e-04
3.186624607363681039e-04
5.105114728969766284e-04
1.969873306198612929e-03
1.284418294976279575e-03
2.496578155892114487e-03
5.095213091579188589e-04
6.915970990611062814e-04
2.055818111283169367e-03
1.169542857211330975e-03
2.870820050375002294e-04
6.171110532602970457e-04
6.132332489556975574e-04
4.634112034541106539e-04
9.303481065695993948e-04
7.828664152203689474e-04
4.077123477418480822e-04
1.421150188439537559e-03
9.415657826103413343e-04
1.529518140285864849e-03
1.079006295500831896e-03
4.073023377612302915e-04
5.799144209522991839e-03
1.121665231368091124e-03
5.935276263241106827e-04
3.543200869110950564e-04
5.421133145532949695e-04
2.225574933806866379e-04
4.661631459860790354e-04
7.682017003101080125e-04
4.915625755187212967e-04
6.783754635229972702e-04
2.091563397020281077e-03
1.222410719080425142e-03
4.205086046109014308e-04
4.428437874444978470e-04
6.049332373831359244e-04
5.772972210376541621e-04
1.350711912624401063e-03
3.456814315136075874e-04
4.372479361526685512e-04
7.947834023436464333e-04
5.139445266050695661e-04
3.691541450798051130e-04
1.276468551759482725e-03
5.668767220638263856e-04
4.537313414850953244e-04
3.942144701951630142e-04
7.372500682661302200e-04
3.399169579269405183e-04
3.314661291015113154e-04
3.300660120084193314e-04
4.670018074286424298e-04
2.031793796051010754e-03
5.253194476969827876e-04
1.182317330813588115e-03
6.421171982262224289e-04
2.043520287094397034e-04
6.108050985943979088e-04
3.998677520855827613e-04
1.035522147209085508e-03
2.133647190613336547e-03
6.039290707416965394e-03
6.373992033697704332e-04
5.797932217215706792e-04
2.662708575113473079e-03
5.959514520718716367e-04
6.723334038265354725e-04
2.198542034718210889e-03
1.708812487193364302e-03
1.085210234868694019e-03
4.546691795856784069e-04
2.991049696748777345e-04
5.223483392009247231e-03
4.714100593844791740e-04
5.574210139579553443e-04
4.921588483692974740e-04
5.215951708946263811e-04
9.365110620169867124e-04
1.373222255446469864e-03
3.651640369597646918e-04
3.571808095397509871e-03
7.064088608115395114e-04
8.117620856958817580e-04
1.265349162431576900e-03
4.604339610367558732e-04
1.166137450791712151e-03
1.087293503574054444e-03
4.121536657695358107e-04
9.015126102029929903e-04
7.377277159554071354e-04
4.017230518195853413e-04
5.037387444878471243e-04
7.277993279107459763e-04
6.387137624863026752e-04
1.149989816585875223e-03
5.462205062122418679e-04
1.335367280995029392e-03
3.287022203385263938e-04
2.699773337300106612e-03
4.729406624082056884e-04
5.841071403625146307e-04
8.470475028094922535e-04
6.823433083641519984e-04
6.977116337855611980e-04
4.442235565875719220e-04
2.474262850253591893e-04
3.143475862639885047e-04
7.543515578830933474e-04
2.408978417243278869e-04
3.843678729696449101e-04
5.726396107134292673e-04
2.105538276362257412e-03
1.502892100518834822e-03
6.583562307280754495e-04
1.771816696653217161e-03
9.447469307462036305e-04
3.412748777582587357e-04
5.808662161671800540e-04
8.851774787199480268e-04
5.784670086119765185e-04
1.237786322587032008e-03
9.176059682191769736e-04
9.711003612896856917e-04
9.693627851732254620e-04
6.293656868763585280e-04
6.186767419630972683e-04
4.723897913663480282e-04
2.102272690471058340e-04
5.307536281143604559e-04
1.215956411721223545e-03
3.306705225047597047e-04
1.841673242668684298e-04
1.414293401559354188e-03
3.191123923096418342e-04
9.133034718764147537e-04
3.815259427046254793e-04
6.014707014634148056e-04
3.570228774035195474e-04
4.534364133305289154e-04
6.012407363291207875e-04
8.701441490198953774e-04
4.554777353041976058e-04
5.779192469353810861e-04
8.856613592744910606e-04
3.525370607508593562e-04
1.893940750349270121e-03
2.198542034718210889e-03
4.952779581279654437e-04
4.934676850918939513e-04
1.171143960145244051e-03
5.305993927236852571e-04
3.273228845580687272e-04
5.711096249123815902e-04
9.453535465814966567e-04
3.542466122975578805e-04
7.097638569449208137e-04
3.161581871212183997e-04
4.876287723549554780e-04
8.208727372492275387e-04
2.479576827364092864e-02
2.408978417243278869e-04
1.454483977829220927e-03
6.527629170759422948e-04
4.554777353041976058e-04
1.269528599541010824e-03
2.599312320006867574e-04
6.025518466136406273e-04
2.516434985417013732e-04
4.101466965357303111e-04
1.057195964903144937e-03
4.397425856880385060e-04
3.284653834077510843e-04
3.922469395424490069e-04
4.842761597620948394e-04
6.884524361519293390e-04
4.819719094541791041e-04
3.782393635405455895e-04
4.724497546255465694e-04
7.228821880455180626e-04
2.464867234906404692e-04
4.832434973247693192e-04
6.882967216260269709e-04
2.386901283780086536e-03
6.699759523086137565e-04
6.313448701025524456e-04
4.576579741765174347e-04
6.317770461613391071e-04
2.590627311719441352e-03
3.265524238908039736e-03
3.570228774035195474e-04
3.204849282563029898e-04
2.104824910755619723e-03
6.368193046884049885e-04
9.708714446412559929e-04
2.760456875546897135e-04
7.207189757453229392e-04
5.216980009835174310e-04
3.520472347079376275e-04
4.881533143696228493e-04
1.437814809080395061e-03
6.253964290977931731e-04
6.169314643155883980e-04
6.452214133554818633e-04
1.227302187117919894e-03
5.610522269267581271e-04
1.123566933207397096e-03
9.666357902170095344e-04
4.587175597245681056e-04
6.932154582860723495e-04
9.951479680274748479e-04
2.656592373073556361e-04
5.046909328014005961e-04
4.597003740895693326e-04
4.994368887556390911e-04
2.176023818199024611e-03
2.521868824242472261e-04
9.814695888601479307e-04
4.302898142549014464e-04
1.041211420118895187e-03
7.206916963297511046e-04
4.222141329491050331e-04
3.614098714693265990e-03
8.381428045560691733e-04
4.069454958747931324e-04
1.230132066817249317e-03
5.185857105280130630e-04
6.133998065919587378e-04
1.631767859045690165e-03
3.293429004434998654e-04
5.485003455723106184e-04
8.668453804272954451e-04
1.493429084352706788e-03
4.624553049306031369e-04
3.250701925625888700e-04
7.973480914941141751e-04
8.675874002807087114e-04
2.713253610949098275e-04
1.243114526997611807e-03
4.637809910831540297e-04
4.861285942586331924e-04
9.890203059744826896e-04
3.151449827931964375e-04
7.129984323362186438e-04
4.889961445029070413e-04
1.082764317183660145e-03
5.430075679597668641e-04
7.040750821988015547e-04
3.472318727737937032e-04
4.862427193857637520e-04
5.745207581417164202e-04
4.036621683450268821e-04
5.193523806618523513e-04
6.303327790021056014e-04
2.350599243224180037e-03
4.760342075405735564e-04
6.580302251737712169e-04
5.844300412959286314e-04
2.453564692504387260e-03
3.427837179286012128e-04
1.064781898479149258e-03
7.119710435809046634e-04
3.187496832882690174e-04
5.127275115483928775e-04
4.827967800380580888e-04
5.814433378031870709e-04
2.956163770908690658e-04
6.422434025849903250e-04
5.451858439983971096e-04
3.379182445405447548e-04
8.693397345526859355e-04
5.408333267965170429e-04
5.140055458051863077e-04
1.294630493337746479e-03
3.416723620751836417e-04
5.096860143645885917e-04
9.278188466432462462e-04
5.349928583203715678e-04
4.232027278993044346e-04
1.293063226168611728e-03
8.791635812323809899e-04
4.881533143696228493e-04
3.068104631658054304e-03
1.854647200700606374e-03
8.173041918767320934e-04
4.738742128885196350e-04
4.635750836511145514e-04
1.074861674839672080e-03
4.271826002806831967e-04
5.753805981555497329e-04
4.100918325824807293e-04
1.125077529559994098e-03
1.311702222396152586e-03
4.494137407379630617e-04
1.432504838350840814e-03
2.241093398452330583e-03
1.076989290997712456e-03
3.784407056730630767e-04
7.000172692805005023e-04
4.569828210386992504e-04
7.110392390921000750e-04
7.157185593060726549e-04
7.036144637790944225e-04
9.386746688404262046e-04
3.921657061260233048e-04
6.006468685791724891e-04
7.261124022203173855e-04
5.328147297566674734e-04
2.028704132421124944e-03
7.353776559402178895e-04
1.168629398129620439e-03
1.017250528203840401e-03
2.676095855902083879e-03
3.352077121690272190e-04
4.944418217516945548e-04
7.182008046242540538e-04
1.516865009334948233e-03
6.299058762163639450e-04
1.173690962302920528e-03
3.332654305391524133e-03
8.177905192510920903e-04
1.015491965231712576e-03
1.868151766941531953e-03
8.434153158182031065e-04
2.168563554267730759e-03
5.242916807925840621e-04
1.767885231703930204e-03
5.116684322768444817e-04
1.383332203076655890e-03
5.507796988698328202e-04
3.077259387997091536e-04
2.855823845347837259e-03
4.897859998719387856e-04
4.498184176439017166e-04
6.861700708663001852e-04
3.092496008673939738e-04
6.433079044993988537e-04
8.714313853193428241e-04
1.084790380265881040e-03
5.470652648828673841e-04
3.832606952505103557e-03
5.203550367344919820e-04
2.417031939832055970e-03
7.029445944773334053e-04
7.086887145713018305e-04
6.506253133113974957e-04
4.115615679786050244e-04
9.459383599465801462e-04
5.904230220101535417e-04
3.472318727737937032e-04
4.892233624184383605e-04
3.896719396036567784e-04
6.012613099518136339e-04
4.002588426881673630e-04
5.764136429910791211e-04
6.449584659208598908e-04
3.935560779561496575e-04
9.383488895299734248e-04
7.627558984557181870e-04
9.231458611763342353e-04
5.618604427145883684e-04
1.026159193979964265e-03
3.702470830746411139e-04
3.936067465219217115e-04
2.196176123957835086e-03
4.443156440840246983e-04
3.481531617386096730e-04
2.773135300023422587e-04
1.221377425341819544e-03
8.850662067061820099e-04
2.398759407466039245e-04
8.793623252629140024e-04
1.205332011971806507e-03
2.207306516488475765e-04
4.554443946778608128e-04
7.870086373118577580e-04
3.258640045216932234e-04
9.076871449789475875e-04
4.636734810099124061e-04
5.699647291577926910e-04
1.675069287135019704e-03
8.352924508506442101e-04
4.278794813390974735e-04
4.215253840383441082e-04
1.009876113240757529e-03
