6.116758348180993069e-04
9.039626931863676759e-03
9.919556613149711939e-04
3.836732332557712087e-04
5.691316440813628521e-04
3.568277029147240843e-04
7.669363812981508941e-04
1.188316111643442780e-03
5.170567167944656924e-04
6.070448537908436316e-04
5.119181369037648956e-04
1.107279494496874513e-03
5.902299933888865069e-04
7.485371738425957745e-04
1.705186706860587669e-03
1.665009214480884289e-03
8.610314488163869993e-04
3.255401603805302847e-04
7.933484826403080711e-04
3.367210821597633173e-04
1.763477802941366664e-03
1.208960340415265880e-03
6.109779343522819210e-04
8.529343072757242499e-04
5.464661465613114902e-04
3.460098160702994850e-04
2.655775474651406805e-04
1.781738500238243999e-03
7.155514012273111752e-04
7.499218710815029002e-04
1.232248157376673349e-03
1.430121324445905381e-03
7.163806339269615650e-04
9.405832193608679474e-04
9.570374348951697814e-04
1.566117461029812316e-03
4.787591845446008887e-04
6.680792127228499938e-04
4.399720035890158118e-04
9.766378836053649093e-04
1.944379947169615458e-04
4.403677137004118601e-04
2.859406600836303771e-04
6.018050713691293178e-04
7.892343647561401001e-04
1.591490050193012382e-03
2.861449708197313143e-03
1.080263633130998510e-03
4.356131507264070224e-03
7.399831079011507350e-04
1.084963937196839435e-03
3.173204838193253736e-04
3.482494737996151752e-04
4.076236632593921482e-04
2.019320744632219829e-03
5.448836693547401671e-04
3.078955957692903794e-04
2.984724112989868236e-04
6.889383098783595678e-04
6.021712867588372483e-04
4.593953035570678576e-04
8.346750369957449010e-04
5.758289573447127442e-04
6.614072987787507959e-04
3.073121660371357696e-04
9.356651175786773926e-04
2.896231979731571024e-04
4.806229651159238912e-03
8.841739225406146808e-04
3.143861041018530009e-04
4.477653228039118354e-04
1.448987524326329421e-03
6.455060526842289507e-04
8.242983264737131907e-04
3.714680019204013531e-04
3.888585483044271532e-04
1.777322464735624783e-03
7.041158946811108300e-04
4.243441772299332048e-04
4.290104216438054966e-04
5.751439332124236433e-04
4.575247414672969090e-04
1.474224029703328446e-03
6.179002433575730285e-04
7.362370428369678513e-04
6.258897351418895531e-04
6.253293175337690159e-04
1.789360325585350820e-03
1.396260568899009144e-03
7.982935763435377230e-04
2.989038475147085265e-04
4.928605993625847581e-04
2.940344377466190366e-03
4.419419530356873170e-04
1.175989481823194955e-03
2.281216217378741282e-03
8.781523423044016114e-04
1.741431751201561774e-03
7.582672846515904619e-04
9.944284937759494906e-04
3.265771918755668978e-03
2.375437775376176776e-04
4.315164682925401148e-04
8.913090290583123567e-04
4.995136716958227009e-04
5.408977082533466315e-04
4.859805827745830456e-04
3.507916710487861064e-03
3.083206511373282489e-04
3.576687277340575362e-04
1.325309834066252688e-03
9.919556613149711939e-04
7.498143658050586760e-04
8.259235445542035961e-04
7.935921203169394363e-04
8.283420262125057226e-04
2.562270003615042683e-04
1.421222129394613060e-03
2.994260765841850547e-04
5.272350253460902740e-04
1.457317042031455864e-03
7.126763222149140164e-04
1.039948280432215601e-03
8.611170887873355589e-04
1.651336929734846829e-03
7.272960216110191780e-04
5.557567817803258292e-04
1.156557902016610174e-03
1.517260915973204496e-03
1.122378180496771223e-03
9.898632056622232601e-04
8.218925606425048170e-04
4.505770801129799631e-04
3.216765511160146664e-03
3.120122662815427348e-04
7.817238702443084827e-04
1.522301747237851232e-03
9.337943923917913121e-04
8.306938042224381799e-04
4.857470590980714578e-04
8.343980134361447506e-04
4.357978589070202972e-04
1.226210982857620741e-03
1.367001249157842862e-03
1.373003428888836799e-03
1.005106997589290440e-03
8.148992631716207857e-04
1.221347759428079681e-03
5.793316432000086488e-04
4.111627682710757362e-04
7.468464907103614624e-04
1.052537106321117799e-03
3.516038352341342710e-04
3.447725498411769005e-04
1.136140340692201340e-03
5.447519747264695711e-04
3.350013644909028191e-04
6.258897351418895531e-04
1.077164489571146456e-03
1.058888562732795491e-03
6.887340305501850855e-04
9.175506217810316598e-04
1.163179452545122982e-03
4.992327045441607037e-04
9.876940707459378691e-04
3.115119306091859502e-04
7.002712454710667903e-04
9.947457333007532401e-04
4.171454713762184452e-04
1.001690793933763960e-03
1.557345444136211659e-03
1.858379070595429956e-03
1.397612286275738691e-03
6.120391051038713386e-04
2.011032833871522884e-03
1.407766934085623268e-03
1.546685342334629511e-03
2.798966568526471623e-04
9.532388893477222258e-04
1.140610891365982345e-03
6.448034746771165145e-04
3.022770502045692923e-03
8.986969357098511168e-04
6.733221568756321291e-04
4.719879405268540907e-04
6.183700323491115930e-04
7.923223705551742536e-04
5.076787569781422921e-04
1.586290653816029277e-03
1.064840154765541369e-03
7.807713015942216927e-04
1.385263512729281634e-03
3.696338642067927330e-04
4.409792571525857183e-04
7.810595718604990655e-03
9.879980459117814525e-04
2.861449708197313143e-03
3.712580510759396629e-04
6.459839878511878250e-04
4.913617918578055098e-04
5.707967008297860651e-04
1.221817389829137328e-03
4.516671676761397670e-03
4.580619464449502479e-04
5.273117980100179092e-04
1.393826913374582917e-03
2.917384775553745219e-04
5.322901019566315473e-04
1.454713162136918965e-03
4.009855150952407361e-04
4.952827685975896453e-04
6.351874581377431848e-04
8.821952943451246689e-04
3.382931482183500096e-04
4.608687006525415825e-03
2.089653435566660774e-03
1.773190519858021874e-03
4.005043007347291518e-04
8.489772074730017777e-04
1.040106487169360468e-03
5.101106396510287928e-04
5.511250258820328107e-04
3.289090338031091122e-03
6.684472696171924692e-04
5.811681126959079065e-04
4.621494485160683842e-04
4.248901095306111225e-04
8.734619616146683911e-04
5.306647338783116634e-04
5.844034077436616919e-04
6.998596684410639431e-04
6.572484071602015298e-04
2.405688701643710916e-04
5.711204510893533098e-04
2.271774916073025005e-03
6.018050713691293178e-04
2.599694002263015671e-04
9.679500744531893556e-04
2.511133495863899015e-03
2.878887710047639287e-03
3.923072587502355896e-04
3.204573719566945582e-03
4.338296667721637913e-04
2.345336812879833272e-03
3.745648511380052638e-04
7.733940968633776182e-04
9.715198718482259991e-04
5.343578650209680021e-04
3.091111286993348476e-03
2.207207095233991684e-04
3.706730880491952880e-04
4.017946424099067058e-04
3.597314497046851054e-03
7.634860252473814031e-04
1.808088698792237195e-03
2.538136475002909700e-03
3.888625989845597786e-04
7.931837281737039906e-04
1.213754654270979456e-02
4.098765835710693880e-04
6.625726217949813330e-04
6.167744004915773478e-04
7.871441832935680786e-04
6.017040125571292706e-04
1.298626474965314031e-03
7.885487850720064541e-04
4.963490428361878176e-04
3.176257993032654409e-03
7.681212544815468109e-04
1.085436888260393577e-03
5.179105930964145437e-04
3.890045737676242101e-04
2.938683001903140391e-04
3.306528797731893765e-04
9.078241859827966553e-04
4.564695820147131539e-04
3.317021868642175300e-04
4.592070279252593234e-04
1.364032154872266102e-03
1.420434117182718106e-03
2.662681341227771808e-04
1.141841683521001728e-03
3.690633161515154896e-04
2.417744291531668047e-03
8.471017675512444115e-04
3.854238380183979741e-04
4.647466465336973869e-04
6.156815789400739165e-04
5.237435637994203828e-03
6.249673781390540674e-04
4.592093703092597380e-04
2.493845813801677264e-03
5.330680430835385130e-04
3.723964028755601054e-04
1.540069236682914617e-03
8.142478667536053429e-04
2.861805313044119524e-03
3.396556389388449338e-04
5.347720830684035915e-04
1.376084512863907884e-03
1.130956459627224103e-03
1.284749874424737006e-03
4.054016760364885334e-03
2.285692413364256645e-03
1.177722098111587618e-03
7.829399945766897431e-04
9.677326482796235699e-04
9.463348379371568997e-04
2.979205812110260077e-03
8.091094567016229389e-04
4.745387544647025613e-04
6.810607945052608858e-04
3.489125730675937003e-04
6.483469261443785842e-04
8.449572175578288699e-04
4.016466488635639224e-04
4.301005715868630648e-04
3.119231576869848852e-03
9.016953793241497955e-03
7.419400746145771728e-04
4.349562082424677178e-04
1.791506592393292191e-03
9.227065750030917154e-04
3.249626558270386008e-04
9.254047198551716789e-04
5.918549405383973297e-04
8.337002885105496966e-04
6.426489162888650991e-04
5.346012064080541684e-04
1.417927408641301385e-03
2.352823864681805792e-04
3.297504863039195161e-04
3.405464330468823179e-04
4.771498769537698098e-04
4.267941193836153864e-04
1.334355905510794561e-03
1.058178908079252098e-03
9.157701890089304641e-04
1.336110728920328989e-03
3.385835388980184884e-04
4.359622211255794605e-04
1.045063041477600155e-03
2.101624900798298382e-04
4.072251179710016113e-04
6.389222689018012090e-04
3.866347756827485677e-04
6.326624653246273357e-04
2.935846813594151020e-03
2.742471585672403168e-04
1.361979599187258111e-03
4.118371060754896134e-04
5.833150938752205798e-04
4.823183135458510929e-04
5.772508132966033129e-04
3.392892690258947114e-04
5.793088742313575032e-04
8.738508594954018426e-04
3.004953897093076459e-04
5.100395078842705557e-04
6.423653012345229962e-04
3.687482041294010051e-04
5.251494468662156172e-04
1.583880168312246269e-03
4.182442432393456192e-04
1.612219396633310852e-03
2.288884789172472849e-04
1.597904821935347292e-03
3.631343951719319440e-04
1.497374647143760338e-03
2.109531441654986881e-03
5.622819106127709306e-04
4.836275514092974910e-04
7.047805549246985435e-03
2.230006896159941049e-03
6.111889586056016123e-04
5.755751613406520379e-04
3.322140978044949727e-04
7.901687264344695993e-04
3.365587783665925734e-04
8.025520351563889725e-04
5.570807214685226730e-04
1.043813368290991226e-03
7.337659016581962864e-04
2.959689342761650816e-04
8.971036804947355456e-04
3.780938553907711003e-04
3.002211825703818651e-04
3.388022658131708176e-04
1.517260915973204496e-03
4.897246305394111973e-03
4.623971606616159263e-04
5.073545287317328834e-04
1.391553176059730180e-03
6.328911071777995221e-04
2.603671523647809252e-03
5.338883959454980089e-04
8.979070362834613503e-04
5.478821654487641421e-04
5.755193294469984665e-04
8.251512897651284376e-04
8.298035090553001342e-04
1.923769679884485819e-04
5.982863463651128715e-04
1.098508188911121114e-03
6.989124053547779479e-04
5.702963964806562246e-04
6.770352039397723896e-04
1.357635370388946558e-03
2.910842953370155789e-04
6.413492254858416293e-04
3.518262985503954133e-04
1.756319445440289364e-03
5.402486518278124374e-04
8.371665817165368931e-04
4.963490428361878176e-04
4.823753750305245953e-04
4.003056338146929356e-03
4.650235255281777338e-04
9.573029568340714378e-04
5.485496067780335893e-04
2.089032123454210611e-04
7.235389229997012161e-04
2.933682306581954658e-03
2.472837307892216687e-04
7.568475089705485950e-04
5.484404930636076030e-04
5.648923110031654933e-04
8.278936751210329813e-04
1.239757970383952848e-03
3.968669922136942949e-04
5.507249686378168146e-04
4.464091913120607448e-04
5.798205180853444702e-04
7.754545999822890770e-04
7.484726312850580000e-04
5.032999987934010881e-04
1.028054196085673990e-03
6.339166431673308021e-04
8.807499041718193453e-04
4.677194757045731845e-04
2.813458896194419257e-04
1.288345344829861698e-03
7.368377075195682753e-04
1.094375554566493934e-03
3.008143215339227476e-04
5.217814869876096591e-04
4.505770801129799631e-04
1.753677160654271172e-04
3.599327634808482945e-04
2.747892633471788523e-03
8.644097705173185795e-04
3.085607733362451255e-04
1.059895172182610552e-03
1.479145070969522429e-03
4.633106658114809076e-04
7.160020688075649856e-04
3.975843815695397792e-04
5.862326448814471867e-04
2.513412462672741832e-04
7.546505228751054567e-04
6.992735633837736994e-04
4.687037996271762154e-04
5.681351189139602700e-04
3.654541658251275293e-04
3.913810030331710981e-04
1.234100327874891210e-03
6.974907463014774767e-04
4.821677477935378464e-04
9.076260220750145867e-04
5.574676544037681205e-04
1.075033725246841727e-03
2.749908944965967147e-04
1.251867876846572388e-03
9.303419291428040392e-04
8.445710333907984965e-04
8.791017748503041161e-04
8.206336139249859095e-04
3.952213498345310432e-04
8.733065330797929989e-04
1.050732240662111084e-03
1.573112006274535136e-03
1.174005007316857290e-03
4.144419468997389416e-03
2.637606386038251842e-04
5.701092303820462981e-04
5.128917589398958657e-04
2.026014499758027089e-03
2.435470126880604185e-04
3.404172924007421589e-04
5.237435637994203828e-03
7.000545815586539655e-04
7.523358618187713214e-04
1.004270629986627784e-03
3.839384301041765131e-04
4.225693460136755288e-04
1.048609189318023540e-03
7.721449621279311438e-04
4.540904295316056886e-04
4.844948634533807405e-03
1.725493823459763086e-03
3.284836026121507372e-04
3.260110160790645863e-04
4.206039846777915323e-04
5.843348260276301324e-04
6.496238365581333100e-04
2.370728873331609185e-03
1.124814599153772842e-03
1.213754654270979456e-02
4.219046998910379927e-04
4.885960496697800033e-04
2.376310635045802587e-04
4.015764888492442931e-04
1.146379744766127390e-02
8.851412027539392767e-04
9.221740902667158657e-04
7.925484382407408041e-04
7.501317255048334199e-04
2.528071530536225311e-04
1.897765551659939343e-03
1.070371492675820796e-03
3.706179371359269274e-03
4.788301366287904537e-03
1.998058118871703969e-04
1.376273743864876720e-03
1.823048853472055905e-03
1.969870057941979207e-03
6.618604650768758913e-04
5.604916115743070228e-04
5.170126048986709369e-04
2.956699420907148244e-04
4.200641011385667007e-04
4.913644403155147285e-04
1.508341262945390570e-03
1.086469080031898923e-03
9.300870639112179122e-04
6.820464651561284133e-04
1.285450407875595542e-03
3.903515996715197878e-04
5.343578650209680021e-04
4.472609396722478331e-04
2.110869161439080880e-03
6.328911071777995221e-04
1.678460615962286710e-03
7.654932725295618629e-04
9.669815616360568928e-04
9.234462930429445868e-04
5.091854581645709503e-04
5.096865518142190731e-04
5.916629549398853740e-04
6.555159189557205075e-04
3.284836026121507372e-04
7.118464857677535241e-04
6.820180230703080894e-04
2.983428826264214375e-04
3.696153703872274575e-04
9.635586739271053032e-04
2.768419793463651273e-04
4.778926625993998247e-04
2.522413556633440988e-03
5.915979067376535153e-04
5.115221364488910715e-04
1.463513633442837083e-03
4.534361116513387687e-04
2.936028110268551700e-04
6.616584166402089597e-04
8.472128724600362561e-04
1.449766042154596556e-03
4.055718082096728219e-04
4.078761894116940076e-04
3.164328329326604071e-04
5.438908882902984123e-04
4.115663244229320235e-04
3.269102265719572940e-04
1.635687656274919643e-03
8.114365762295159407e-04
3.385139595264588606e-04
4.899526524365573499e-04
2.052498305242753205e-03
3.009861064459761057e-04
2.614248909316263894e-04
8.849443580383394578e-04
7.290304806125838880e-04
9.871768076397747019e-04
4.126597908735454802e-04
1.572232930729521461e-03
5.076787569781422921e-04
4.720563438426953048e-04
1.789360325585350820e-03
4.171956173337110392e-04
6.261667169013679628e-04
7.442820308031686911e-04
7.801589975740845159e-04
5.437097244080923986e-04
7.286140950368029043e-04
2.780181728531376344e-03
4.626349036345325598e-04
2.684114587624436446e-04
5.256347185258860091e-04
8.960961171820913760e-04
6.261667169013679628e-04
8.338787376545677733e-04
4.443190953598297188e-04
6.153186273412313782e-04
6.809441788464923621e-04
7.125999777324868367e-04
6.308521896937804288e-04
4.558815531899706053e-04
2.562797569469820813e-04
3.666001771598375474e-04
3.167714960781246522e-03
8.620550863824117749e-04
1.154756700064968073e-03
4.729928515245596728e-04
1.143865250075487647e-03
6.449398228152921101e-04
5.152871636350701357e-04
9.978126415387293061e-04
9.373773623681639928e-04
2.093508954785717503e-03
3.844596946055174450e-04
5.676760432396126595e-04
5.119181369037648956e-04
3.597314497046851054e-03
3.014332769799826089e-04
3.929103791113428001e-04
7.202831087017937161e-04
5.104066626490772439e-04
1.213754654270979456e-02
1.116217018127142442e-03
8.155856258701513510e-04
6.915071219016097424e-04
5.119181369037648956e-04
2.294299874607809105e-04
2.738660195502501415e-04
6.930419581150123846e-04
1.411790144231615807e-03
7.566278921701229945e-04
3.378152711798267397e-04
3.619480463943206341e-04
3.445945560842757281e-04
1.013817930041664532e-03
1.694667218778681331e-03
4.904536872493003982e-04
1.934682151231694553e-03
1.423576365540957494e-03
5.513996915599124688e-04
2.739437123512455529e-04
8.244960553002773527e-04
2.274512388865627434e-03
1.478707190110059751e-03
1.468385078740062433e-03
7.417501490827204573e-04
5.271020394161605440e-04
6.407545081983910280e-04
1.156557902016610174e-03
3.144126085056679165e-04
7.954820639692030066e-04
2.388824655942276085e-03
9.620811156072820412e-04
1.033533204362072078e-03
5.358188873472203044e-04
8.875124140920150409e-04
3.737298774429849684e-04
5.759378149362188743e-04
6.348915409278098722e-04
4.771078553401747707e-04
2.144051093731767527e-04
3.507435184443181693e-04
3.866598826045676909e-04
8.781523423044016114e-04
2.557752257227338330e-03
1.831279363466897694e-04
3.645762925972907166e-04
7.775138698233861369e-04
1.142300280682745882e-03
3.855354381187852840e-04
4.158579710835802468e-04
2.462459773710768372e-03
4.166876443715414259e-04
1.498280041864630090e-03
2.599891179291437932e-04
3.831977760292073630e-04
2.906388096409675582e-03
9.502953305464337383e-04
1.000437889315489593e-03
1.189004636337288650e-03
9.916528991080321518e-04
4.659368564503858366e-04
3.390224514787855306e-04
1.521138686932708853e-03
4.788392817400764193e-04
1.102157377005752448e-03
3.195155119916432882e-04
8.843258281105179173e-04
5.221009322568567323e-04
4.392246801240990697e-04
6.091500360711703905e-04
4.492036724856319748e-04
8.081962123645491892e-04
3.609818702901782124e-04
1.978463556962199634e-03
1.119787244238346037e-03
5.304766062344466434e-04
1.070879135399813598e-03
1.153394420837987799e-03
4.364259513711567641e-04
4.884478130182850000e-04
3.871365967210243738e-04
7.868920431557540089e-04
4.568415382001223663e-04
5.635012296124301953e-04
5.119181369037648956e-04
7.725114202252756149e-04
2.409368675845796268e-03
6.632955849362879349e-04
8.491505552168583963e-04
1.139735090575532761e-03
9.171020127998219008e-04
4.817730514170629461e-04
3.582141264592907754e-04
3.397653527849542007e-04
1.037311608102529014e-03
2.031609619060126054e-04
3.962842027507871906e-04
7.170203827147837630e-04
6.651507582170573763e-04
3.908383624836646482e-03
2.934182688035439192e-04
4.860560449572045270e-04
2.847703199413248974e-04
8.752963413790810533e-04
1.074392217312077156e-03
1.385263512729281634e-03
3.967800188970147641e-04
6.226296070130845229e-04
3.320673050015631074e-03
4.567628227817027296e-04
8.063328726953278855e-04
3.956118742317976081e-04
3.808520578206121680e-04
6.083545089148970639e-04
1.188536724848028407e-03
2.750897652247969480e-04
7.362370428369678513e-04
2.768415055553717207e-03
6.046408201778405043e-04
8.541178306733860281e-04
1.726608139311133891e-04
1.685923627004887225e-03
3.141275881554337355e-04
5.171820406548609163e-04
3.657934925254669161e-04
1.045481190060054948e-03
5.694993268276515343e-04
3.022770502045692923e-03
7.524158351022926412e-04
9.167648388866265390e-04
5.554634264023705159e-04
6.305802192557644200e-04
5.563504364520841612e-04
3.304060717101025310e-04
9.281041847118378556e-04
5.579418073026045982e-04
3.226020927660447498e-04
2.091347445850993405e-04
3.041856246804016469e-04
7.321015068105582316e-04
8.570021963525779060e-04
1.140383248757850495e-03
2.363690578467455249e-03
3.284836026121507372e-04
8.975498681429862997e-04
1.693109693444899526e-03
7.319099562750028569e-04
1.893907424134905594e-03
1.393826913374582917e-03
1.773252105600168051e-03
7.139770044648301693e-04
7.266732858434969298e-04
9.810827141411870324e-04
5.286376735427131268e-04
7.342716750946956311e-04
5.171925390581515007e-04
4.564903670005006158e-04
1.055963350181710059e-03
1.120112504090687742e-03
2.675409778301093941e-04
1.776478872364967545e-03
2.351980671940507727e-04
5.934561849897384981e-04
1.863854529516540879e-04
3.392253572795006001e-04
3.231074614607859193e-04
3.619287786898259121e-04
6.476521697567076859e-04
8.913090290583123567e-04
1.523616339870469214e-03
8.148117104061284839e-04
5.672317153201373967e-04
6.426489162888650991e-04
1.014250394887427405e-03
1.106813275983604137e-03
4.690554121162894595e-04
3.255401603805302847e-04
7.321607793505413879e-04
3.878591421919892496e-04
4.480843113381896190e-04
7.797170305453609207e-04
3.444718046120140084e-04
1.708627275238323992e-03
6.043855818604873444e-04
3.605429753656421397e-04
6.880843063424141575e-04
3.149305696637518209e-04
1.263914823063480965e-03
4.369434949178021286e-04
5.574676544037681205e-04
2.975395092903065268e-04
3.712580510759396629e-04
6.903185606802688008e-04
6.678526364024433594e-04
3.509855555658817662e-04
7.252092288933115194e-04
3.543486352307199027e-04
5.459422921417739867e-04
1.576687068497573943e-03
7.018214213556663288e-04
6.416063532617174818e-04
5.289403655824378991e-04
2.985586556900192987e-04
5.095039179510763884e-04
1.524497014111766968e-03
9.084106244023992631e-04
1.188536724848028407e-03
8.259237715549583780e-04
1.110276400103138005e-03
2.655775474651406805e-04
9.383902925321096393e-04
3.154834191211396241e-04
4.696622526895213021e-04
1.155827499292018433e-03
1.029781644936912047e-03
4.053077112191253231e-03
4.020646325079263428e-04
2.994260765841850547e-04
2.605566103883346068e-03
2.392945703014100547e-03
7.286903354872180209e-03
5.223774090368783459e-04
7.396468589252573611e-04
2.673775370926764435e-04
1.029128980976382404e-03
2.644035098434060690e-04
1.748551291052472152e-03
1.237247116071056975e-03
7.869136477223886159e-04
4.353213519272381262e-04
6.424302586001188987e-04
6.138779058317597303e-04
3.076022280620151011e-04
4.641631881517174264e-04
6.454636046583416085e-04
5.900946422550609749e-04
8.738508594954018426e-04
6.013381694258113606e-04
5.222776937183405037e-04
5.061825711741799877e-04
1.115659470052244272e-03
1.397299297722649552e-03
2.729474027012134246e-03
1.352193845636807772e-03
2.139532991763515692e-04
3.785196827165878655e-04
5.698597572664529202e-04
1.873781460416779282e-03
6.251380652090742689e-04
8.214497354240219481e-04
1.463764766737180034e-03
5.054518736194034585e-04
5.076787569781422921e-04
6.239170309572054235e-04
2.337728943115554583e-04
9.533159642964930680e-04
9.010530607386835807e-04
1.806866580255686236e-03
3.944099776839600198e-04
5.548120455735437587e-04
6.966709480444207821e-04
4.045217668682395086e-04
1.244478807138141947e-03
4.357978589070202972e-04
6.665856824207639156e-04
4.805064703466023338e-04
1.217096778200084861e-03
4.250067359040829136e-04
7.506771303404585283e-04
2.519576211947290381e-04
4.375685916533374837e-04
2.403698565350923314e-03
2.863323385086930092e-04
7.681174653515023595e-04
4.582778311238900996e-03
3.250833419065545134e-03
5.613049531187810481e-04
5.758289573447127442e-04
5.105459024892037559e-04
1.587727285267291925e-03
2.314280915751457893e-03
6.640840015426196629e-04
6.287309380628088333e-04
8.318022064476302338e-04
6.395004234421398448e-04
1.613264122406617282e-03
4.054523999486169157e-04
1.840829313425881809e-03
8.360389976723658304e-04
5.408926118090852300e-04
5.076787569781422921e-04
8.382113059679900408e-04
6.543815832663781159e-04
5.119181369037648956e-04
6.798751444357983148e-04
3.643167307584933758e-04
2.290911213957097883e-04
5.581976008004653359e-04
4.660405228033409055e-04
8.068973615556399156e-04
1.545230013370168989e-03
2.600895156491942113e-04
2.547270652211748500e-03
4.478637684140817721e-04
1.580145519254563856e-03
3.984773690368413092e-03
7.544180320925967815e-04
1.693109693444899526e-03
7.180989653951982661e-04
3.773725692766469316e-04
2.114064352485009630e-03
1.343596182288297374e-03
3.781876001597730508e-04
3.979404982411112283e-03
8.922542627981934569e-04
3.892844312604860305e-04
1.351345522754055211e-03
2.877187439504465608e-04
5.085757981792372656e-04
8.668618823142442559e-04
1.648737752235981133e-03
1.354837052609979969e-03
5.309616509131822280e-04
1.125369590931903866e-03
7.530867187660322945e-04
6.287332350562160541e-04
3.513912664127097612e-04
9.669815616360568928e-04
9.071980144610000078e-04
2.013654940878892893e-04
5.725256008316294016e-04
8.721074742413060599e-04
9.641525857496825030e-04
7.656620600239883454e-04
1.306105870516410805e-03
2.696752570270401390e-03
8.875052445109927459e-04
7.438751387995480970e-04
4.768976894142004219e-04
4.781945384374594230e-04
6.242812848110725890e-04
5.054423400239490367e-04
3.152068666743529368e-03
4.266848645381524216e-04
1.363577273470724079e-03
3.152408139746569124e-03
6.339458538773804939e-04
6.880552702538536092e-04
6.780484474015979713e-04
4.864777255073548471e-04
9.358769455665471356e-04
4.480965875620902773e-04
7.332507694799580110e-04
2.832560030259133549e-04
3.152408139746569124e-03
4.088721940536308688e-04
3.788421335338009897e-04
7.661244053556010535e-04
8.138758382958896642e-04
4.995136716958227009e-04
6.293028232217897679e-04
3.405464330468823179e-04
5.021280478173745319e-04
7.143023874027166695e-04
5.024326321522651351e-04
3.818241325331984547e-04
4.548871244919903490e-04
4.541377485248150126e-04
8.654007392347332159e-04
2.670771365191761766e-04
1.240167314183752935e-03
1.207529855531264910e-03
7.407967276225051623e-04
