1.057874208942844460e-03
4.296634263597367371e-04
4.852622038181497255e-04
4.127978205048897921e-04
1.096523185001593327e-03
1.089899767186030058e-03
1.096963853138648763e-03
4.962015174331894365e-04
3.842736484634051231e-04
5.294993697209796416e-04
1.204017222403294066e-03
5.365084690033592547e-04
2.130699954351993920e-03
3.488662662741519554e-04
9.509835880232149442e-04
5.404598903604937443e-04
3.637061200972910974e-04
9.941384460764425904e-04
9.108035702727922730e-04
5.773328755422147459e-04
4.466950117992285235e-04
4.694639571145648913e-04
5.804092240402788884e-04
2.890721378564783755e-04
5.389404268276309787e-04
8.858194626710006164e-04
7.104685165355546870e-04
1.139910312261317987e-03
9.875677881850516895e-04
9.963611140616503940e-04
2.953000027802372279e-03
9.597363485731333441e-04
3.812914398315955344e-04
3.039926935587705810e-04
2.278390231801532759e-03
1.197048932480532712e-03
8.708641471356508333e-04
1.207228145060870511e-03
4.019966887318479794e-04
5.925744383311259619e-04
2.274488069094330375e-03
5.178939443823179622e-04
2.293699046114876412e-03
5.179914509762024348e-04
7.614154076007339893e-03
5.350585051179655065e-04
1.050107717717505863e-03
2.397267049998877885e-04
5.302119707430168367e-04
6.079007390124867077e-04
4.571284686282810965e-04
9.790728801878471887e-04
8.140424461952617922e-04
4.695546753592898790e-04
7.001363236363095576e-04
3.806810133146577846e-03
3.118237803927533316e-03
1.139358394485425483e-03
6.189995343239477858e-04
7.699894657979370087e-04
5.192476722864818256e-04
6.752722321954324593e-04
1.227797174480910495e-03
6.969803091866584111e-04
6.900424768992486930e-04
6.515792682043824264e-04
9.514558616405198151e-04
1.163930231634604379e-03
7.088438909076333816e-04
9.917742558553800224e-04
1.795272302324702916e-03
1.039793111986194200e-03
5.434786650260259094e-04
7.677417070610807531e-04
6.930749327422654898e-04
9.689674033296685404e-04
6.553570109777604423e-04
4.348452371095117138e-04
4.053060756050556619e-04
6.562789663575565235e-04
3.932304106297751381e-04
5.880994188941102846e-04
9.509788940167352095e-04
3.144504633973107741e-03
1.533797175602181172e-03
9.965860614167805585e-04
8.146955981303468384e-04
4.555386798814247198e-04
8.502085641479005702e-04
5.570005960888297584e-04
4.750382846082667511e-04
6.074947905862812091e-04
3.646370241932592247e-04
5.851713811621316952e-04
7.735172530077493412e-04
5.896613512143149055e-04
6.092170225776128529e-04
9.616441933408224072e-04
1.310991132734553883e-03
4.070707361884493307e-04
1.150577821365954918e-03
3.197749189521107305e-03
3.533158362094033036e-04
9.159811098876922183e-04
8.114537677748707642e-04
1.568390701952828131e-03
8.285330868026419011e-04
3.030366817851272866e-04
7.764006451631750606e-04
1.919851488584026081e-03
3.536940684071639856e-04
4.994758277999065141e-04
2.030441814019855878e-03
2.984693546721198980e-04
4.889410947528524893e-04
1.182962545467423909e-03
9.835538117304127789e-04
1.036523955276668881e-03
6.028402132136103904e-04
1.968375377889832346e-03
1.097742405862866611e-03
5.434786650260259094e-04
8.924292395313147353e-04
4.831345612307168746e-04
4.767800169167058281e-04
1.742961307923039400e-03
1.303444411636203162e-03
7.602783097975403508e-04
1.746497948147630571e-03
1.470560781470275739e-03
5.675471596126705799e-04
6.777271181260449001e-04
8.435283250613545341e-04
3.016280779927026480e-04
6.601370121201322484e-04
3.744428187197659775e-04
2.908394721662909137e-04
2.661342167575495824e-04
2.917928313439361893e-03
3.444291722877127447e-03
2.989880309805475860e-04
1.049754994478867710e-03
6.892911491772470232e-04
2.456634749389145431e-03
6.972425007580044425e-04
7.856168133746367892e-04
2.952053695688530493e-04
3.917925960829365560e-04
5.487934458864990577e-04
5.213845343933882180e-04
8.033902473156331056e-04
7.883784609781434131e-04
2.996412898474377310e-04
5.161505101593383271e-04
2.130699954351993920e-03
1.617093477213067025e-03
3.083158232050820413e-04
9.142988746657090219e-04
7.814751889320126210e-04
5.296583203122573122e-04
4.251655212016090791e-04
3.334797421410839622e-04
3.554650265427773421e-03
5.668331560670135730e-04
4.939054087926334196e-04
5.710257254115229126e-04
9.263925970297665026e-04
4.216531906236046525e-04
3.648505143548557502e-04
4.586384459797307207e-04
1.053964956527692889e-03
1.172468476297039430e-03
6.772265349552492172e-04
5.785984005427289136e-04
5.057033627050341179e-04
1.056964313936741484e-03
3.902066123012419736e-03
8.650627132288026162e-04
1.106640318931130084e-03
3.123628611539801042e-04
6.765115756466470774e-04
6.639522377247534992e-04
4.048111184347069039e-04
1.137904471639369398e-03
5.786626311774348318e-04
7.200782746367976510e-04
8.205026610209288293e-04
5.732890137843283263e-04
1.127523597457663488e-03
1.073614249112132043e-03
1.206011951346600778e-03
1.795169336612345741e-03
1.674889499292529131e-03
1.176472712318183842e-03
8.533591212650418851e-04
6.138540346977767103e-04
2.947004683836991295e-04
2.089560732480656713e-03
1.139344501767740455e-03
1.347865852924323357e-03
5.193542893817560541e-04
1.382765584837347596e-03
5.851713811621316952e-04
9.383343565871169085e-04
8.457428156155411643e-04
7.555065687570754803e-04
5.473241708917297478e-03
1.076356365887762463e-03
6.503557748779708464e-04
6.900001506565232477e-04
3.222041189949351962e-04
4.304647472092117447e-04
1.274873226282633625e-03
3.910204651291226702e-04
3.327570313060591303e-04
6.341755485603728587e-04
8.149483478287415216e-04
2.892870638002640379e-03
1.150139657106320637e-03
7.745696556967400850e-04
1.149928890036076888e-03
1.044146855455570450e-03
1.930322977289848597e-03
8.842196564436606045e-04
5.784731997364874704e-04
5.411959177396039739e-03
5.697084719528964017e-04
1.352337774264330498e-03
6.260945088776208138e-04
5.132702442751876665e-04
6.674822059202325294e-04
3.752386348217903104e-04
9.137703041361901375e-04
4.443438259333600676e-03
5.083000013283915479e-04
1.410400258949524172e-03
6.076394181582048812e-04
5.552382358544633457e-04
6.583272704029940504e-04
1.496061771770026277e-03
1.177693234922944001e-03
4.092403670891344315e-04
1.763125343872823381e-03
3.918621382915746265e-04
1.102572465689047234e-03
1.841742039826634991e-03
3.257102955894018563e-04
1.591069262861802064e-03
9.819246595810611142e-04
1.770799606467155993e-03
5.523797608209855088e-04
1.920882054779974235e-03
5.412969157376666066e-04
8.251124149696833143e-04
8.114537677748707642e-04
1.466132092836707054e-03
2.019397897455578201e-03
2.711256317851005169e-04
1.173897303225828696e-03
9.097467640842070522e-04
4.737905755349073049e-04
1.398917388567423202e-03
1.178620990923810253e-03
1.375681566799090644e-03
5.947381066950414028e-04
5.704645373592382883e-04
7.675731222273913124e-04
7.382214827361848527e-04
7.488080354127854468e-04
1.324787920965502007e-03
5.401178595364424613e-04
3.130400138606266201e-04
4.064935767363093630e-03
3.041215523491829094e-04
4.957589070577389295e-04
7.301925377192130737e-04
3.630877762275524514e-04
6.251529390259686573e-04
5.798896224344057652e-04
4.540001846647294479e-04
1.051090535665729188e-03
1.879034347043806528e-04
4.938258690756092573e-04
9.913292651561854147e-04
8.514481338374096714e-04
4.210905285920342879e-04
3.508636353320872107e-04
5.816016426880579954e-04
8.403841512934243042e-04
5.249292004332570564e-04
1.315017374635626696e-03
7.678036239802056746e-04
8.362400680832005658e-04
1.695325388213880661e-03
5.423886197287102829e-04
4.338773509521841364e-04
1.905710622979782691e-03
3.656772989336988825e-04
1.091724739099450558e-03
1.228052373662383030e-03
3.134324173962871741e-04
9.708614142542725412e-04
8.911176589108186748e-04
5.455559569129521738e-04
5.239808661582773253e-04
2.446494731113595458e-03
1.099463038172705624e-03
6.705455390202083891e-04
1.443991967477205925e-03
2.157852044938631409e-03
5.337214724068362190e-04
1.307446926176401717e-03
7.688458778600148124e-04
4.139752036758929574e-04
5.668578223897230905e-04
7.748441107466787648e-04
1.380200599254591742e-03
4.474383557923579586e-04
9.103409871433052912e-04
6.820736285165078820e-04
7.363602153615496967e-04
8.222962665438544004e-04
1.535056437785715803e-03
2.147059111266841434e-03
7.358563768202401687e-04
7.658259353260368166e-04
5.138183598869623323e-04
4.061486560614307692e-04
9.709293253501895390e-04
2.603964706940889895e-04
5.912031391873065348e-04
9.278750115158124895e-04
1.159982406633512176e-03
5.628723369392964106e-04
3.370338429017186751e-04
6.045104535996798957e-04
9.708614142542725412e-04
5.437667856065599463e-04
6.032321519011554865e-04
2.631124828192849029e-04
1.547503958917521979e-03
7.217530741570853114e-04
2.096897441480280466e-04
2.978303553467639628e-03
1.031619454516446294e-03
6.779197493186579293e-04
2.874430120048860043e-03
1.067918183040161969e-03
7.953656038996386552e-04
3.277533402831108974e-04
2.784848261729980928e-03
2.096952618269155074e-03
5.822527118137492278e-04
3.945033565760027610e-04
4.209478729638058635e-04
3.801564174536938836e-04
8.993907014527331581e-04
2.356034112117389226e-04
6.458190652398048282e-04
2.997018343196180407e-04
5.274886334094515189e-04
5.782080744898824469e-04
5.840150355823490362e-04
5.590766601391371866e-04
1.225404771768457335e-03
3.845622392148943889e-04
4.954502398966432759e-04
1.336001366303069112e-03
2.744002837430023923e-03
1.224415276875843832e-03
9.909739199477774884e-04
6.099520400447690184e-04
4.570915190883976099e-04
9.664494918842278775e-04
4.639345267427731991e-04
7.111491616662471253e-04
4.775753914175506548e-04
5.942265219015068194e-04
1.179908200141759631e-03
3.600916707978599044e-04
3.374992957530378933e-04
2.114350376346684640e-04
1.145403178000992768e-03
5.389404268276309787e-04
1.040250416791291092e-03
1.969854711578880244e-02
6.053355891875646533e-04
6.490551905682715025e-04
6.754760254030923311e-04
1.253041375305369558e-03
6.095542827674901940e-04
6.674822059202325294e-04
8.886829319553685765e-04
1.279211822020230680e-03
2.197688055975670492e-04
7.267096839415844358e-04
6.990380407440606025e-04
4.338773509521841364e-04
4.143141048581487390e-04
1.111971507898118104e-03
7.069290391342716905e-04
9.153173766820529725e-04
1.529154443916438781e-03
3.557201139427470181e-04
8.776253980727646798e-04
6.906047262218478928e-04
9.318689792127527426e-04
3.860822138585859450e-04
9.350490886353879545e-04
8.485825402851524066e-04
4.064545729164749442e-04
4.754765060880076686e-04
1.020916311640355850e-03
7.209749939120093211e-04
8.922152642178507453e-04
9.371667140229562312e-04
1.089046419548391886e-03
1.757970537672032089e-03
9.317660359285692522e-04
7.960233737332350927e-04
1.037987498194613365e-03
4.907487915247634282e-04
1.043155939325774535e-03
9.934669476926783795e-04
1.144072670425373304e-03
4.656621760031304604e-04
1.173693219285361963e-03
2.471770846483511194e-03
8.314624971681146628e-03
6.163127709523288228e-04
6.178678213600032575e-04
6.996194015274596759e-04
1.007211152834966081e-03
4.676256297483378913e-04
7.555065687570754803e-04
3.689993386248936508e-04
8.069506553875490989e-04
5.738473823850468543e-04
6.768165794821040179e-04
1.708644121895204048e-03
4.682762929008022997e-04
9.355999596252423996e-04
4.021236956383228769e-04
7.865287703021290374e-04
2.881061509214990894e-04
6.227842605570516618e-04
8.414690597182822567e-04
1.007403707048256563e-03
1.180338763288944813e-03
3.501776444831876476e-04
4.563235028411334929e-04
3.091233302966418317e-04
5.656169097178679987e-04
9.757244558912139647e-04
3.237550713572921301e-03
3.863196937142387077e-04
1.488085366896664194e-03
1.995554139814906692e-03
1.212374803764531932e-03
4.227938947309608456e-04
1.069512848581283910e-03
5.836622739940568096e-04
6.464761696533400910e-04
7.805426808358681065e-04
3.170949634114134412e-04
9.407762735481605158e-04
7.206312918512714546e-04
7.098006687936711740e-04
5.248983748418873350e-04
4.979143115341875701e-04
5.860683687250728543e-04
6.682769438889123257e-04
1.155109888172797979e-03
2.902136779330026983e-04
5.604024531046756250e-04
7.673259396763612615e-04
3.420860664035081438e-04
1.322249053529433657e-03
4.171001565621882366e-04
8.942799387112900086e-04
8.705643327633429173e-04
8.533591212650418851e-04
1.251723397628983284e-03
3.239321170863350245e-03
7.868449878577007820e-04
1.925238119512191716e-03
3.627084032326289252e-04
3.228131245510190489e-04
1.960396092812318261e-03
2.369319435031403201e-03
9.217515454248242880e-04
4.294082049080884277e-04
5.699417619066391490e-04
2.603285238554990102e-04
6.771184584001715447e-04
5.294993697209796416e-04
9.712654033186559439e-04
3.987541184500355577e-04
9.755798724604840310e-04
5.848904366202727252e-04
3.811465938762818341e-03
2.168397894375518383e-03
4.876123770724897209e-04
5.446174904951828341e-04
1.456155739116434065e-03
5.190941318053196975e-04
3.102488053029886939e-03
6.490551905682715025e-04
4.073450415339613666e-04
2.676546106521267201e-04
7.483290134326251591e-03
6.054543589154487470e-04
1.807654862176456866e-03
1.442518388228201595e-03
2.960643403002807556e-04
1.070911782950151889e-03
2.661198413074290087e-03
1.228052373662383030e-03
3.346930705086105084e-03
7.747977852276601582e-04
1.169241132855254476e-03
3.205888613140888592e-04
1.470958893325781695e-03
2.189914225083611742e-03
5.880994188941102846e-04
8.649511874669576269e-04
4.279515865564008175e-04
4.883255524823101835e-04
7.574678112881433854e-04
3.468337066580198542e-03
8.890759447384037400e-04
4.664240015681004724e-04
5.954996171203855940e-04
3.930787957679502797e-04
4.573187911124599529e-04
9.619458666943839784e-04
6.637764467630548641e-04
5.537878535024193770e-04
8.387241265204526449e-04
1.090577469714279751e-03
8.562601148231607090e-04
2.305512172466609583e-03
3.016280779927026480e-04
3.403100980654963966e-03
4.017209219461369968e-04
1.117894715535047798e-03
6.982376716125834621e-04
4.225795640203461280e-04
1.547335016389648479e-03
7.965653361404837754e-04
3.534703663886096530e-04
4.738189183410386994e-03
4.953623166670785777e-04
8.230903182233462829e-04
4.503576025261148011e-04
2.661198413074290087e-03
3.959782938332429567e-04
5.603047320977767908e-04
1.733390711621391389e-03
3.552009696826223528e-04
4.821025686048983948e-04
2.454348702752403005e-03
1.114714695803241352e-03
9.661658741184069466e-04
4.062559974575914636e-04
4.104426550860449372e-04
1.010282379854420204e-03
7.192342407445706737e-04
5.131948925452283925e-04
5.576425546350214073e-04
5.523797608209855088e-04
2.248302799471520218e-04
3.980231802427001129e-04
2.711256317851005169e-04
7.308020835104911796e-04
3.314740966688499045e-04
5.538542367777306687e-04
5.867499062606941094e-04
8.162956397047919357e-04
5.369257504354582947e-04
7.198583481367565968e-04
8.285990633544592244e-04
1.824299390439198263e-03
9.525083192449530865e-04
9.986692858980361371e-04
1.023003853966429014e-03
7.061490338116950798e-04
4.455948988808571746e-04
1.937867095261238369e-03
4.469040859090165295e-04
1.447041680809560242e-03
5.046940510556975146e-04
6.358846338325634465e-04
5.127667953718455371e-04
9.522983297657668534e-04
4.939054087926334196e-04
1.051690286856428892e-03
4.379396202098902093e-04
1.005759246604044210e-03
1.588827188352344042e-03
7.426497584552648043e-04
1.043155939325774535e-03
7.157811930110450499e-04
5.740521671539551996e-04
4.787268991073022925e-04
9.221808732723402744e-04
1.468577828568845686e-03
8.061902736653330480e-04
3.656927115407446541e-04
3.950009620936792529e-04
9.183634254763902880e-04
4.118905897375771744e-04
8.134667753255692569e-04
7.944330866376556966e-04
3.136840190680557287e-04
9.610345006322018602e-04
4.739032958289724493e-04
2.149776118616062608e-04
2.651749806352258739e-04
4.909146891351193675e-04
2.485741610165056580e-03
8.248966399020260997e-04
4.251350815399096319e-04
5.287315275452759674e-04
4.241133954666282996e-04
1.063955964496597498e-03
4.021177115380169414e-04
6.702058792821144560e-04
1.048941917450396102e-03
3.361427375701247187e-03
4.405510147893451135e-04
2.984693546721198980e-04
1.149591265503106634e-03
8.613547107621183710e-04
9.546854607082611846e-04
6.800318439407937628e-04
1.070903960944694913e-03
1.184190920233980492e-03
1.087068739459625321e-03
3.771669652525961821e-04
1.795272302324702916e-03
8.562347251218119758e-04
3.756370982189532700e-04
5.220380334122184723e-04
4.003172321007705380e-04
6.846038256734085416e-04
4.641280445146925629e-04
1.710573907904135724e-03
1.383640176826981443e-03
1.544431862235668253e-03
2.089315533942076759e-03
4.597447390028121727e-04
3.724161110650586054e-04
1.115251525787640035e-03
7.483902721176679531e-04
9.432491101675288077e-04
1.654080605668817013e-03
1.228190333291473511e-03
3.177423962678433355e-04
4.665056784564206352e-04
9.034261697663246212e-04
1.132269003494473575e-03
5.358840465002688395e-04
4.022842484930442587e-03
1.789363308282678660e-03
6.595149880266324479e-04
3.935083901093498131e-04
6.027462790864395381e-04
3.721980810696155556e-04
5.097541366257893076e-04
4.301326936193261541e-04
1.599512098966124991e-03
4.329206391913581497e-04
8.791419747224759685e-04
2.785342598509361108e-04
3.778095051261629034e-04
7.512278515934200582e-04
8.161402138717332869e-04
7.387028755208332846e-04
1.420082981611346055e-03
4.418863320958580330e-04
7.380672878286995879e-04
2.717413193483263602e-04
1.169630839394823676e-03
6.961778664334246532e-04
1.229843011759416786e-03
3.976549809603006176e-04
3.879488699238204177e-03
1.035900559316378557e-03
3.608839762088273642e-04
6.114761115134724045e-04
1.210838536617479940e-03
2.833108201869269436e-04
9.002249985697036291e-04
7.294492890695992732e-04
5.945931621478105092e-04
6.173584676776361271e-04
1.351788878692635615e-03
6.561042130471544812e-04
3.190604658244227342e-04
6.109087980904850425e-04
1.070343525405627935e-03
1.439654204778154133e-03
2.769382995445032747e-03
5.692873832328403452e-04
1.589626848338813059e-03
2.268889010540092298e-03
5.922078743222250561e-04
1.259508293729297507e-03
7.291061313825421969e-04
2.494843647867913024e-03
6.338407812864989190e-04
1.426702311512550092e-03
1.018262549803352832e-03
4.259295482948830414e-04
7.518043402217287332e-04
3.439215578201496796e-04
9.590741246990467424e-04
2.500006529515641875e-04
1.102411790984552135e-03
4.853807432444966468e-04
3.694329095520881238e-03
5.424294212720148648e-04
5.245735958404817382e-04
3.327570313060591303e-04
5.468706894194463094e-04
1.984012198452485623e-03
3.340552128772714601e-04
2.576989661203976135e-03
4.826003632895175220e-04
4.017922061058362736e-04
3.893291346687388329e-04
3.940887934601714935e-04
5.162248882678761603e-04
4.830345609514551239e-04
7.000392370850152916e-03
6.931497939088574920e-04
4.489372938888949922e-04
1.003879644581115753e-03
3.175990845355377559e-04
1.179114013045767144e-03
6.996194015274596759e-04
6.818682956219155895e-04
7.390668212238294191e-04
5.815292292695068170e-04
2.095084543455508067e-04
1.324787920965502007e-03
1.265113228986963941e-03
3.062713689428574345e-04
1.478177023687126486e-03
1.219081429372897377e-03
3.165255306492272599e-03
4.029373583005103226e-04
8.552036637373408232e-04
3.989670994504121698e-04
2.357157162903305778e-03
1.469130268944778689e-03
7.715868060239946136e-04
4.085717233344018581e-04
6.362858145473199991e-04
3.396286001545891875e-04
3.638907422549670311e-04
7.719038891127239822e-04
5.310989876287167946e-04
4.414152172758581817e-04
2.244700616572607287e-03
4.829878675799157751e-04
4.520985523742823350e-04
1.340744103031420902e-03
9.998017943233835757e-04
4.576457309876758397e-04
4.630295943756670670e-04
3.197749189521107305e-03
7.003484604140378924e-04
2.968276386537335720e-04
1.044668398932648967e-03
2.800986472678738265e-03
1.176515714100171296e-03
1.138878509695627787e-03
3.308714351573110611e-04
7.552147017662307754e-04
1.194128413623809712e-03
4.676716461075382551e-04
1.816971686420511918e-03
2.800986472678738265e-03
9.131718962319870098e-04
4.198751678930971580e-04
8.760379945817303162e-04
1.196545272523766171e-03
7.702955937573183198e-04
7.639540670971358555e-04
1.061645731123150903e-03
6.221874705646345243e-04
8.824058861349221190e-04
5.021419723971245206e-04
3.300305273166668769e-04
9.533737892245009457e-04
6.097715114802103450e-04
6.965983530016757290e-04
1.289214127693329116e-03
1.440554027196910879e-03
8.085572906703031521e-04
4.197016123299796074e-04
4.694802985168619841e-04
1.375681566799090644e-03
5.044559170506085271e-04
1.426702311512550092e-03
6.962033071711605254e-04
1.985096713627648669e-04
3.712336817237536215e-04
5.455559569129521738e-04
4.549166755360906414e-04
3.341253769498588630e-04
9.177942271524797569e-04
2.874430120048860043e-03
6.955749443868716742e-04
1.033653956794461631e-03
6.317306771022299138e-04
4.244053423017672341e-03
8.089139920176802124e-04
1.033090663885662553e-03
1.622241233343283892e-03
4.329972103820197630e-04
6.753166572032372758e-04
6.637391039584895989e-04
1.386317023422694314e-03
1.006106337616749979e-03
1.301982489138536455e-03
2.369319435031403201e-03
1.000171030814575720e-03
5.312293485263399825e-04
4.377187505614480345e-04
5.706107668806741301e-04
3.403457200886772526e-04
4.694639571145648913e-04
6.186136929108663335e-04
4.597686947326340987e-04
1.940163966165319364e-03
1.195850202972392187e-03
2.549350698567158144e-04
9.982318261991618511e-04
2.735246952964217075e-04
1.504089622456042776e-03
3.990089577686935229e-04
4.061800157907064879e-04
3.886342635541557736e-04
4.404379804976972057e-04
8.432967547365852927e-04
1.997047239407730677e-03
7.644100687991313035e-04
1.360963960202701177e-03
2.516730452752418898e-04
7.359130019968705911e-04
2.286662108318709540e-03
8.362079449201028280e-04
3.989670994504121698e-04
5.431189076339573447e-04
8.502085641479005702e-04
6.052115279585511482e-04
4.978338217975469392e-04
1.214935577179758084e-03
5.301349905455131567e-04
8.611845752843951809e-04
2.029736631134166985e-04
8.149483478287415216e-04
1.456703010366220200e-03
5.945422377767054303e-04
2.758617959113288348e-04
1.390630140990529919e-03
7.352795000374957087e-04
8.413642894889720092e-04
4.702447099663567337e-04
1.057030506096175637e-03
3.136840190680557287e-04
7.035145180494975330e-04
3.689739930713233410e-04
2.447795321829419023e-03
2.551526497450629007e-03
2.789861729637578905e-03
5.639735795011259619e-04
8.028928864875940893e-04
5.836622739940568096e-04
3.703249717104494096e-04
9.438126202339201408e-04
5.832992519418962870e-04
3.101685882981317696e-04
8.922152642178507453e-04
5.992140453598862430e-04
1.940163966165319364e-03
1.078966353871558571e-03
8.673092089166791223e-04
8.154805294205201213e-03
8.016571755039326747e-04
5.390417435077809278e-04
5.556925758451768723e-04
1.331749199453553410e-03
2.485192106766636547e-03
2.898673557602369382e-04
8.936747419887597224e-04
4.264945765260482282e-04
1.956292255861927232e-03
1.515803595178238320e-03
1.515544062023265609e-03
1.134536310601715363e-03
2.662891894955274623e-04
7.715491317966325898e-04
5.131206240285541382e-04
1.280573946998494507e-03
4.147331767025372882e-04
1.225024582939380482e-03
7.417470296662828427e-04
1.894714652418361990e-03
3.370880318241533747e-04
5.699417619066391490e-04
7.023212092010008151e-04
4.935209045808355887e-04
3.403457200886772526e-04
6.503824526825798110e-04
1.019473942998185738e-03
3.939037737959800631e-04
5.422197391404321625e-04
3.557345285899403387e-04
4.890785598214651133e-04
5.461687491040919957e-04
2.977368485692649279e-04
5.745352277552493586e-03
1.358319343629794517e-03
5.801035053337956406e-04
6.034947972984888330e-04
7.351966515408432223e-04
8.311983485888358629e-04
1.622543118119322211e-03
5.471913969252072607e-04
5.591839338639661809e-03
8.132564296615689588e-04
7.054989878766341604e-04
2.124362626840883318e-03
1.446101459343026273e-03
1.013773027685133847e-03
3.757532207474113361e-04
5.203027680366573236e-04
5.115270257612884036e-04
4.266976805809268177e-04
8.360915097896327777e-04
4.911674282016462688e-04
4.752634274435974643e-04
1.044373037224384949e-03
3.626562183556139097e-04
3.338914211037112057e-04
7.267806466994740323e-04
3.953731308521053257e-04
2.436237452591722297e-03
8.881764477713235614e-04
8.289563913842783356e-04
1.630118931655666088e-03
6.098881737598388190e-04
9.333919649231741267e-04
3.810440129978403048e-04
6.661313162162589433e-04
6.859376599835534469e-04
2.606438743875748960e-04
1.758316968519005828e-04
4.599806326224604091e-04
3.913980707753066286e-03
5.776850568838953629e-04
3.710494108481920007e-03
7.424364853348266536e-04
2.803330679355690771e-04
5.855907200622011448e-04
4.593365568951226488e-04
3.475678011263973861e-04
3.950482206748458583e-04
2.190925153065043530e-03
4.689073279106189206e-04
4.374191362242468156e-04
1.084535738930523510e-03
6.791439378651181399e-04
2.891534433401737642e-04
1.035956958965217984e-03
9.826706992334720628e-04
1.206011951346600778e-03
1.248037523613268213e-03
1.059467478473414236e-03
3.829700890716642488e-03
1.905710622979782691e-03
7.522343397437289804e-04
2.586044754265049740e-03
1.042160427801692383e-03
2.165422588709280290e-03
2.207702285164185856e-04
7.195742529480162169e-04
9.254133072940732554e-04
7.815651175900820017e-04
6.153489000432052665e-04
7.518745308691749318e-04
1.882634730274057372e-03
2.622859942847891729e-04
3.228459656019687612e-04
8.729663715144010336e-04
5.664370407924629791e-04
