4.037175561333732911e-04
1.388722342867388564e-03
3.812494016738861096e-04
5.178881923116379540e-04
1.067752565710649703e-03
1.167518515336795357e-03
1.086750943035240217e-03
3.600529850248422115e-04
6.203908885500681192e-04
2.057363147995507329e-03
7.795009017760564166e-04
4.749971880488657646e-04
1.474440819855994114e-03
5.891295102829780667e-04
4.632325169442242426e-04
9.706752855190437911e-04
5.070621114392036407e-04
5.512129451512104775e-04
1.239628948752107039e-03
4.044340300633069438e-04
3.313911218145863032e-04
9.007311445757406948e-04
7.795009017760564166e-04
1.209569368802261916e-03
8.061809728186546077e-04
9.784755513413045599e-04
2.217219262549014087e-03
2.411126239170469001e-03
2.396974984748481555e-04
2.226034176625134656e-03
6.289413656869493035e-04
2.777977843908527636e-04
5.399326663048526756e-04
3.318070870729174422e-04
3.059612555569630088e-04
6.545860695984829798e-04
5.463238269516430476e-04
2.455119749722136009e-04
1.036687357664913206e-03
4.841273331137004097e-04
8.300981016539367126e-04
4.816282401077493880e-04
7.518679267714295945e-04
6.493864320662775646e-04
9.159976085213325991e-04
4.923945070294339027e-04
5.265493973248286212e-03
2.222944650038226506e-03
1.275426402005198521e-03
1.205230301668922975e-03
6.835760909590366105e-04
3.529561442203943346e-04
8.123142364354148277e-04
3.776379898432094193e-03
3.868134527703894431e-04
2.680987422417164742e-04
4.647338887275383364e-04
6.660316796974001226e-04
1.059070107537084986e-03
7.361342787305416276e-04
3.325127091514495621e-04
3.580097169565525650e-04
3.218694866789349089e-04
1.449122285757086567e-03
2.252456148804476944e-04
7.574382785413151563e-04
8.983825090664433830e-04
1.712467030658701124e-03
6.374980217042699061e-04
1.097665521891750141e-03
6.691091334152351111e-04
7.612450522942907716e-04
4.009441103885782445e-04
7.133745428119267181e-04
1.620516603294360663e-03
1.031833814259495129e-03
7.956233232064558163e-04
1.034609950641403840e-03
5.578443440203837561e-03
1.027740814427993222e-03
2.043149996779052978e-04
1.803740384380906735e-03
9.338336203987257890e-04
1.086136545488027710e-03
6.416276707825095899e-04
1.228501417501201044e-03
2.266927941139613902e-03
3.865888558458737637e-04
1.926264521465757742e-03
1.422254902549886140e-03
2.460835518951269302e-03
1.110684572460179324e-03
3.302629197385487363e-03
6.934764479710931080e-04
4.782936146379991029e-04
6.793226103898976961e-04
4.208910147660297678e-04
4.680097179194864709e-04
3.842397128481005132e-04
4.482681790411198052e-04
4.307347244463114247e-04
3.857065718927235902e-04
7.980485268789088696e-04
2.564717892258045872e-04
6.318693630671787156e-04
1.224603031810332903e-03
7.246881390106660673e-04
5.756969683371573106e-04
9.323082901932342077e-04
9.730604558469973945e-04
9.310310440037786184e-04
2.326686568610129586e-03
5.021442751545068675e-04
1.849403246652980056e-03
7.574637763150728759e-04
9.038224016105341971e-04
7.854205455304165201e-04
1.968046445798942237e-03
9.147523375973253251e-04
4.383305532456659810e-04
9.887831698981914587e-04
1.011739089221441647e-03
1.117654726654293855e-03
5.677907781877222521e-04
3.213539918542095749e-04
5.935865332547991553e-04
5.494857805365247925e-04
4.128812384263915651e-04
9.994914969321936661e-04
5.894387072987950166e-04
8.280447007588204395e-04
1.063294478253534866e-03
6.039117007124449347e-04
3.311936563285665207e-03
2.921839389606317445e-04
7.312436020134695843e-04
1.589704109488400061e-03
1.391799372655584763e-03
8.664968381074298308e-04
6.532911560654334343e-04
9.309496705547295071e-04
1.195205165863779057e-03
1.033121798357922432e-03
1.609009282209802622e-03
9.494562704636723980e-04
6.091339761972201566e-04
6.308991452495572600e-04
3.793350734207844282e-03
2.633989853733775940e-04
2.372775892525523251e-03
9.887831698981914587e-04
2.819580822815741998e-04
4.875625053945797883e-04
3.334511347202185586e-04
7.291095298611000117e-04
4.922966619815410125e-04
1.122531121700011793e-03
3.670134827063206793e-04
2.451261735066415440e-03
8.673046010342401208e-04
4.256406542865704226e-04
6.502438990652634285e-04
3.442887822405574249e-04
1.238153883916124623e-03
8.008583143298281118e-04
3.463244247647283953e-04
1.704370599106941764e-03
9.683269363850595911e-04
2.504825179730380555e-04
6.525184208480443908e-04
3.311571140989022022e-04
8.380687932742790286e-04
6.150584628992066287e-04
6.426279558404673214e-04
6.285773088015547032e-04
3.141411397429391033e-04
7.030014955071371393e-04
5.837730632086097831e-04
4.272092510949481196e-04
9.059203485926129460e-04
1.755435780142348794e-03
3.876583409494789166e-04
1.067752565710649703e-03
9.475939308837687692e-04
6.772953757019085615e-04
3.804534183493327127e-04
8.934280933084680874e-04
1.274869878289701559e-02
1.194846329909040900e-03
2.905907801649044889e-04
1.475308778355851171e-03
4.059113063016772834e-04
3.740709423633303832e-04
1.139453969553492737e-03
1.782461520079132262e-03
1.352820081567896121e-03
1.461768747203695193e-03
7.702427505163154118e-04
3.140557757717459290e-04
6.966516860215243726e-04
1.451250708815932230e-03
9.267679249296387374e-04
1.086026240850121016e-03
1.824946561668268352e-03
1.304351171760593630e-03
6.194324442503082537e-04
4.186524153848380603e-04
3.070059740588755018e-04
3.941672461271357713e-04
2.584269054087309867e-03
5.152327600835817029e-04
2.740092982922126249e-04
9.357761307817819224e-04
5.401869594666583669e-04
3.000446058806993058e-03
2.448058954387764483e-03
1.046554836644020443e-03
1.603762424675882951e-04
1.423222217231932775e-03
2.263278192999566493e-03
5.382062964547809202e-04
2.247485200436687668e-03
7.795009017760564166e-04
2.613471573909888494e-04
4.740171454462811839e-04
4.146723953887935816e-04
2.979849093825717395e-04
1.272671507758056696e-03
2.033120431773898992e-03
2.242164182721738831e-03
1.955638528627872807e-04
2.109485138189182239e-03
7.618670073538301663e-04
7.267185414643988206e-04
1.158224100649558582e-03
5.098634474101602920e-04
4.781238110513911978e-04
4.676167359895295377e-04
5.353491698055220334e-04
3.862794070881666220e-04
2.632579971349688634e-04
1.050627442009434637e-03
3.344486015834127442e-04
9.881472441168948680e-04
7.578564437791010348e-04
9.347172716906026893e-04
8.729273948383966912e-04
1.119441833144264181e-03
6.155920556487533843e-04
6.966516860215243726e-04
5.014954914983069199e-04
5.451175987253122947e-04
1.609009282209802622e-03
2.973702127567596186e-04
8.339882402679290587e-04
2.612244715343758949e-04
2.390220299521240901e-03
8.590024387393927841e-04
1.017643786793658370e-03
2.331246789873755738e-03
5.528255282366381944e-04
1.383793585625069837e-03
4.927196138288526253e-04
4.305679123465638294e-04
1.068552773771121569e-03
6.605863327428551949e-04
5.413212460523755994e-03
4.425832425071294773e-04
2.187378972931868447e-04
4.183753326729192871e-04
1.081037855926993314e-03
1.786590497216602319e-03
7.795009017760564166e-04
6.526908399653540398e-04
6.426647338368990554e-04
5.074886029276843994e-04
2.188626664570119361e-03
5.167601708608508641e-04
1.493547737029454195e-03
7.127975294532013732e-04
1.075422876384219458e-03
6.349365175925651694e-03
2.623143769859006928e-03
2.891476191894847697e-03
1.467271930079431901e-03
1.609479253839568970e-03
7.225733284352376740e-04
1.476773940892175171e-03
7.710389004769899971e-04
9.287487882913106644e-04
6.934764479710931080e-04
4.405726593296694434e-04
7.046496999863844030e-04
8.644204018448575950e-04
2.008218476064171573e-03
2.242422562354434712e-03
4.897301760596813351e-04
5.596832924227886216e-04
1.062058314403056380e-03
3.267251207629007508e-04
7.735658329395665332e-04
4.492156545961370484e-04
4.675092106879605259e-04
1.618443661141315314e-03
4.332487486915986906e-04
3.336505665385379850e-04
8.256085427294623108e-04
2.761280763714886108e-04
1.444939690427494809e-03
3.979399920528866024e-04
6.005411220233451046e-04
9.023400921256749920e-04
7.531994910491045594e-04
6.599295838151914657e-04
1.020898495361558531e-03
5.816594711825115145e-04
4.441068301708544705e-04
1.454041536249943856e-03
5.801467955535635898e-04
8.839495742870562538e-04
2.888941831054403584e-03
6.192936342768897264e-04
2.326686568610129586e-03
3.913095375611413832e-04
5.908588671145512637e-04
2.766710814725010354e-04
7.078692952231622907e-04
8.965971636745720050e-04
4.226635642549279263e-04
4.528464144973265654e-04
4.795019538948662148e-04
4.896914699979648070e-04
1.267972144206908807e-03
1.222183146674476984e-03
5.110432448139789639e-04
5.426945534068125954e-04
6.452824611751606203e-04
7.166935310164503385e-04
8.782286005802287729e-04
2.671828828185166178e-04
1.462920880986487903e-03
1.481091574743994286e-03
7.342624968092213234e-04
2.017095225204588158e-04
6.271349640770234029e-04
5.950146706306065408e-04
2.919429989154227571e-03
3.947077675317913793e-04
5.028382883599525873e-04
5.842370547960883858e-04
5.235302775192262649e-04
2.052698541717310268e-03
3.919040849404523976e-04
2.074883679185296134e-03
1.351900980611312700e-03
1.699747483517296881e-03
4.023712259328090287e-04
8.465312480412675146e-04
1.528712443598142590e-03
1.154354585072062643e-03
2.948977715093670997e-04
6.535053538282374055e-04
4.521227085928496581e-04
7.323036251073895830e-04
5.972276016984206680e-04
6.151016266205180114e-04
7.705500552128777270e-04
7.405019108109298955e-04
6.591107564812159628e-04
5.620375511186855586e-04
4.135545611319478240e-04
9.995570469347083830e-04
3.218694866789349089e-04
1.609009282209802622e-03
7.903617469882065916e-04
1.098143673250618225e-03
1.655472912769088241e-03
1.170985691721394611e-03
7.318866741223091412e-04
5.730580171794296329e-04
9.481016076443866524e-04
8.334871312062846040e-04
7.233255725420611017e-04
1.066169959425204055e-03
5.599879772569686708e-04
7.511515983792849561e-04
4.138226894672029444e-04
6.192816180014880465e-04
2.630450408618157754e-04
2.485820062034807109e-03
4.026310389980442971e-04
4.376613816357604789e-04
1.268750248789226763e-03
2.678802038194589945e-03
1.380970319301327593e-03
5.606368467403177172e-04
7.205920632586611555e-04
1.432318516090822554e-03
1.295515871502330059e-03
4.320854716199711248e-04
2.093998430042399821e-03
5.130587503176703467e-04
1.099511452800780876e-03
1.011744646865515330e-03
4.754932345195317335e-04
3.878874163752545957e-04
1.154354585072062643e-03
2.532113731026225129e-04
6.680665406120998287e-04
8.255411655024769060e-04
2.276261794619415316e-03
8.737837614909826217e-04
9.455981721747708279e-04
8.492792732861777433e-04
3.891528441678197164e-04
2.788258618203743894e-03
3.554942299656800521e-04
2.899173311338935758e-04
1.263949591626008923e-03
1.002796477690301186e-03
5.112093754243585836e-04
4.134969418384901326e-04
8.856259629982589539e-04
4.273916808826133131e-04
2.851121369229365479e-04
4.183970202661960961e-04
3.263325071462638187e-04
8.439005713939464479e-04
1.306135134418134761e-03
4.133962586137375863e-04
5.541389376681764203e-04
6.217817468226954436e-04
2.412643755062034016e-04
5.448992088079204462e-04
7.073155620109252383e-04
2.929325141320521784e-04
8.255411655024769060e-04
4.051139057337415673e-03
6.740803823992144554e-03
4.726713350855232679e-04
2.088859009227497440e-03
1.856616193224016546e-04
1.219556249340970726e-03
9.638076362680385919e-04
5.188992859099673255e-04
5.274167825308841194e-04
5.185654358063959820e-04
6.791884065401683403e-04
8.447161463457262490e-04
8.099688748714142404e-04
5.912861113111693781e-04
7.586005685716525494e-04
3.070059740588755018e-04
1.073646328285549501e-03
1.389326524062379402e-03
4.332518633340319797e-04
9.805046753692469533e-04
7.572212751472457868e-04
8.815672650271989558e-04
1.704139323516305456e-03
2.078017439746477658e-03
3.769754547723647847e-03
5.646468631722983142e-04
5.338086150883326799e-04
5.527850614608527651e-04
4.168109920444656069e-04
1.468566708840605712e-03
5.056571359969761186e-04
2.647080894678322752e-03
5.684580112465786308e-04
2.412117144318974386e-03
6.570946606314415593e-03
3.135921191291599487e-04
4.428193439398842263e-04
6.095863216610965902e-04
1.884166832739252390e-03
1.623598112940269626e-04
5.007276530999632894e-04
2.605195646495864366e-04
4.648850320531284943e-04
7.962623268098346745e-04
1.315313586407045130e-03
2.798226008887543491e-03
3.586493584235721493e-03
9.618302922835835107e-04
7.857317330753304900e-04
4.104536462759788814e-04
9.938511669732384701e-03
6.865420030737986491e-04
2.390220299521240901e-03
8.181100895062584557e-04
1.044026469829843632e-03
5.893218330756373009e-04
1.381868861351212216e-03
1.500720375471340092e-03
4.420901209947169217e-04
6.423229621214592922e-04
1.476773940892175171e-03
2.993150988219237646e-04
4.630232271110300301e-04
2.204405927837601990e-04
1.078950110649354007e-03
4.405726593296694434e-04
3.465385572765398775e-04
1.049066831901470211e-03
1.238236676461954358e-03
8.035684772029742405e-04
7.838087740413792652e-04
1.063580443214963162e-03
7.775889133553793480e-04
6.572786542752638139e-04
5.643325236461694660e-04
6.083125111435239499e-04
1.190110716903646122e-03
5.061399323687652699e-04
4.825887332023512583e-04
4.123459828828422778e-04
1.171871771537017545e-03
2.266877889857858014e-03
1.965878924169927548e-04
3.317040349598259896e-04
4.256406542865704226e-04
5.768608244999424983e-04
3.651061772878247988e-04
3.301669552278216021e-04
4.026057602738432827e-04
1.208599311509677950e-03
3.272267689387584381e-04
9.958196822989050928e-04
1.369654037094450655e-03
2.012241223013095520e-03
2.987561263771721385e-04
1.809414946426939714e-03
8.509882455575113955e-04
3.131805818163328303e-04
3.956377159083281233e-04
4.564234250861195336e-04
1.195933159610203028e-03
6.690510485056178590e-04
1.698289527592320922e-03
3.078673875830103082e-04
6.605181991163181811e-04
1.117436998439766708e-03
1.185358350253025954e-04
4.121876186540038962e-04
4.144920587968879059e-04
1.157542627494956506e-03
1.062712616214038291e-03
1.075632774611597281e-03
5.163270548086011441e-04
9.215029818706391975e-04
4.952369228524433620e-04
9.310310440037786184e-04
4.084855176130297930e-04
1.039018138172722672e-03
2.071594058945391923e-03
6.203908885500681192e-04
2.797931513027050341e-04
3.152767188385905079e-04
4.643841610607036510e-04
5.558879204020832424e-04
1.618443661141315314e-03
1.127472226303989676e-03
1.461194758149908816e-03
4.414131505587315894e-04
5.162450330929024703e-04
1.352820081567896121e-03
4.833683413109867138e-04
4.145124449942720808e-04
6.454425753793358424e-04
9.733301533233890395e-04
4.404440620440876544e-04
7.586005685716525494e-04
2.218212413763468154e-03
8.739635497614221035e-04
7.715366909133978580e-04
8.246077684307347210e-04
7.310298125328991556e-04
1.285459467160647486e-03
1.714492952021290329e-03
9.551344108904482461e-04
6.760113561397727453e-04
1.424222801707904001e-03
1.352683432014780860e-03
9.451659167352042222e-04
5.027790476984257944e-04
2.780617336801752271e-04
1.809508749468868676e-04
6.920399222928874401e-04
7.670671341882060856e-04
5.639641448908195263e-04
6.050362910550514646e-04
5.663082480811816415e-04
1.449250602266754064e-03
1.862568755466224944e-03
2.271158199079382112e-04
3.345553625345062108e-04
5.418442288041460785e-04
5.575575058956395904e-04
6.322441921589554278e-04
2.573046411034722591e-04
1.554109459230731917e-03
8.620831869858980442e-04
7.549264753106556909e-04
6.067417858282859577e-04
2.057157354446077248e-04
5.677554495284312715e-04
1.249645948987009167e-03
1.260105999715018530e-03
6.950406035894855349e-04
8.824120560972927799e-04
6.973226245199108317e-04
8.040239119544607960e-04
3.484131964749711229e-03
8.426667192616997320e-04
1.609009282209802622e-03
3.066384918232733245e-04
7.353090939855906486e-04
4.882805245493699849e-04
4.308751270258746251e-04
6.288701798454317477e-04
5.992756185801281169e-04
1.082111528570238543e-03
4.995600401469382041e-04
8.743504100373643891e-04
3.315750495229082581e-04
1.352820081567896121e-03
3.402979161443078619e-04
4.430004203356864849e-04
4.874237449966361169e-04
7.602853454488714153e-04
7.598039942852520892e-04
6.034853219861092835e-04
8.912279994566247449e-04
2.222944650038226506e-03
2.244275494127321961e-03
1.218157202176599558e-03
4.725856824673476384e-04
1.820084936047186835e-03
1.248423996579273989e-03
9.310310440037786184e-04
6.012695666732971326e-04
3.422208186103766012e-04
7.371922322526431280e-04
7.409945893573634604e-03
1.929535458256361694e-03
5.090663165069609069e-04
7.380154751564690354e-04
2.381362473796383786e-04
4.899298870715184046e-04
6.686976118478898425e-04
1.392227933978896668e-04
6.984158506280926763e-04
1.445633513085035383e-03
2.970524685082085890e-04
3.344531885641647889e-04
4.699105484464382101e-03
4.243709395353736859e-04
1.727044696531528263e-03
2.957132864442583065e-04
9.137136919576695736e-04
2.039781901478636590e-03
3.368107051273128713e-04
3.560661907712025891e-04
6.689545670912052993e-04
2.144111024189953403e-04
4.628563737437258970e-04
3.793955943352830644e-04
2.410913504187842289e-03
1.223936229348197673e-03
4.338401628505937808e-03
1.559660230224199553e-03
9.316957324756400000e-04
8.354360769664135504e-04
6.235643083976752984e-04
4.262254278351028684e-04
6.539553169674807006e-04
2.659483779892639756e-04
6.001125352033459190e-04
3.736372320439111726e-04
1.008026309639438196e-03
8.108005702488213376e-04
6.255153164431898928e-04
1.020439466582581754e-03
4.066988519566651426e-04
1.038314629893312673e-03
5.758374047375786802e-04
4.252547377075154814e-04
3.244901340158474427e-03
4.284127598798453300e-04
4.642363212468164527e-04
2.528198840471120382e-03
1.587740628336314647e-03
9.792907814781530874e-04
2.639956817447614967e-04
3.201918526740537576e-04
6.525184208480443908e-04
2.536849803520081510e-03
3.949457269621609945e-04
1.704652712608360472e-04
1.007624249923810096e-03
9.046467086150055932e-04
3.265754299529109034e-04
4.998469774617885636e-04
1.339077841036239065e-03
8.955390663860440066e-04
1.147496160991897350e-03
4.183901706166035656e-03
3.385774163051565337e-04
2.664335719635278115e-04
1.058235574526730912e-03
6.126045877171333066e-04
7.047528423922730205e-04
4.418412360226248929e-04
1.469358495990129646e-03
1.426396486254427913e-03
1.376782105848778750e-03
1.690405038864165217e-03
8.087492688502791616e-04
7.092358544733813825e-04
1.127716500635531256e-03
5.908588671145512637e-04
8.316643403790415466e-04
3.036283419053251924e-04
1.256951691762576116e-03
4.529781406954027419e-04
7.236813349299680903e-04
1.551205220689875174e-03
2.528326923890054315e-04
3.389597265092997736e-04
5.239703275787608965e-04
1.818740149341150671e-03
7.795009017760564166e-04
6.103203564074957720e-04
4.020637900024466279e-04
1.728463278885015086e-03
8.771158017579626810e-04
3.089600665587242945e-04
5.998825612062155463e-04
3.015174061978487469e-04
7.795009017760564166e-04
2.551507165692015831e-03
5.223742264613237974e-04
2.695208054102648837e-04
6.766822735990729327e-04
4.728360770417446447e-04
5.878687975205762343e-04
8.705103589414999073e-04
5.239365760213931470e-04
2.304216316007755110e-03
6.917605098489083490e-04
3.205347108217865000e-04
6.269524755749647819e-04
6.741153370991793872e-04
7.949700054880662597e-04
3.772771998449688880e-04
2.506743130473797210e-03
1.919043604506728579e-03
4.663613304038406694e-04
5.622465106682463746e-04
1.817306788981758051e-03
4.414018017503097083e-04
4.698233464729620465e-04
2.675944503912220090e-03
5.894121668211833734e-04
2.952747089883919242e-03
2.489518926957069722e-03
9.795386729170494060e-04
2.499644472377905973e-03
1.946073595633053934e-03
3.417795342888263303e-03
5.783617843928682591e-04
5.823462105963153135e-04
4.914659600965268693e-04
4.747068295427575970e-04
4.473884152445196569e-04
2.257034971776592620e-04
3.001903270199546541e-03
1.327604913198431177e-03
5.124663655206235843e-04
9.483985670174323920e-04
1.316177243586287180e-03
4.969301160442333868e-04
3.391371921714502261e-03
3.827826507915335326e-04
1.616455221279378433e-03
2.705898307835388674e-04
1.137475943370586714e-03
6.609993712627879872e-04
8.512556126036811962e-04
1.244844095214140333e-03
1.007661557591231624e-03
6.901117440443058559e-04
1.682840776094728314e-03
7.484645351584522837e-04
6.339900776023894326e-04
9.549316904388089992e-04
1.202542117184017718e-03
5.973530652196844823e-04
5.927165898328216583e-04
4.589483019083014028e-04
3.311571140989022022e-04
6.406936005502224122e-04
1.583870133324402543e-03
1.128123430698422429e-03
6.861630049589467154e-04
7.183205266906217195e-04
5.187682986555979371e-04
4.766744669328537207e-04
4.451576218386107215e-04
2.246950182363579695e-04
4.913720359777973582e-04
9.517868322936557995e-04
7.616290438498140745e-04
1.154981930326976934e-03
4.816282401077493880e-04
2.090079618629063236e-03
9.356157563367895232e-04
1.217994987003002136e-03
9.068706248562892654e-04
3.543251528296578442e-04
4.497325337925635325e-04
9.047133439819902674e-04
2.326686568610129586e-03
4.009441103885782445e-04
1.107007610559147424e-03
8.487099651802996244e-04
6.546626891174838619e-04
3.949086248940553590e-04
5.110035725961129937e-04
8.683802267864901715e-04
6.271349640770234029e-04
3.243628126629610363e-04
4.242105940837672122e-04
1.336254031070548522e-03
3.750503206441849050e-04
4.269301267482890632e-04
2.526528159149579581e-04
1.748635164529381775e-03
5.891978644985675301e-04
9.310310440037786184e-04
1.923316554426429247e-03
4.405726593296694434e-04
1.096466046911135283e-03
3.836738440147885714e-04
1.948678133763146684e-04
2.308393778012186089e-03
5.842604953753843420e-04
2.724605859338214038e-03
6.878880586344527596e-04
2.088859009227497440e-03
8.101675364321807770e-04
5.359581953129235023e-04
5.578443440203837561e-03
1.023305168877602835e-03
5.116621759927804294e-04
8.870326816471190128e-04
4.203575812819925384e-04
1.577856758100805099e-03
3.428064096491717592e-04
1.882589654734486296e-03
6.235643083976752984e-04
1.585877923712407855e-03
5.397716343383146022e-04
3.755714013779697601e-04
5.899858550507073316e-04
1.461781341296114955e-03
1.137959658295349891e-03
3.069246073922616267e-04
7.503206571793518027e-04
7.795009017760564166e-04
8.586559341629398717e-04
2.534774608452265189e-03
1.655027436424917576e-03
4.713940300879839503e-04
1.487760758527001273e-03
1.312192274237092672e-03
1.077460216727254552e-03
3.619295524413827705e-04
7.189856296944321240e-04
9.620000462483830174e-04
8.094617057254430712e-04
5.354960839919493520e-04
6.516652983075774813e-04
6.897662210080838727e-04
4.890271476804507189e-03
2.564577303221313035e-04
5.424559261252455671e-04
5.079080340560770263e-04
1.376759310501351379e-03
2.573046411034722591e-04
8.300645483952314579e-03
3.153876169699461850e-03
6.817322633051319273e-04
4.946473666589164134e-04
1.765083847272660208e-03
3.322009180522572593e-04
4.822805809045279009e-04
1.341515828403129235e-03
3.237443765744819337e-04
3.912576079534381326e-04
4.132282942956636528e-04
6.478276794308240102e-04
2.132668862192854166e-04
4.607429324261111902e-04
9.683269363850595911e-04
1.915863309376112365e-04
3.644619225099070877e-03
6.086532889883212441e-04
8.762706418730055501e-04
1.235988105115931514e-03
7.350809525983078956e-04
1.052577347878354665e-03
7.131268874590200244e-04
4.729434119405816640e-04
1.283965235052391589e-03
5.783482194511186400e-04
5.429475079900693930e-04
1.244314211545472599e-03
4.206790378054541088e-04
8.903573549115793330e-04
1.130388686209962516e-03
4.111133321145806342e-04
5.694435061380706802e-04
1.455294234132330482e-03
3.370140670757192829e-04
1.423021970941501036e-03
6.201348441315390238e-04
1.127352255651523040e-03
1.672165915220847439e-03
1.585877923712407855e-03
2.367342101523128156e-04
6.669427935580360270e-04
1.509810643536622530e-03
2.495058132793014083e-03
3.312136321040105337e-04
5.158191120476998291e-04
2.388566051462370343e-03
6.701485795400291068e-04
5.345710912011948862e-04
1.900382034054408321e-04
1.216815586155341059e-03
5.221977430059926298e-04
6.188575782429774812e-04
1.580380292794298291e-03
8.575333982144291546e-04
2.827440630015197204e-03
1.076567767686560217e-03
1.530586697412316061e-03
9.501142225290157804e-04
5.025840808998392750e-04
3.374662292778277594e-04
6.769339937258718855e-04
5.158191120476998291e-04
1.389326524062379402e-03
3.784770736138633250e-04
6.332676665734083069e-04
4.612473250876711621e-04
2.992833500252980940e-04
7.007589334646376197e-04
3.469947463077103925e-04
6.005411220233451046e-04
1.789219877723240539e-03
3.503500312071508821e-04
1.298569181879658105e-03
5.378645882880937886e-04
5.625466043574320774e-04
1.128123430698422429e-03
3.535255855180818689e-04
7.557695222751660341e-04
1.042258018828791290e-03
9.988012258680140781e-04
5.950158579338935862e-04
6.386918569423847159e-04
2.318268523404410589e-03
5.985480958541948776e-04
2.277254497318496104e-03
1.522373934253155349e-03
6.736507557545341794e-04
1.029600055952779175e-03
1.185358350253025954e-04
4.185302874227428524e-04
2.099558124827528589e-03
8.296188266010757388e-04
7.676413153910893348e-04
6.625719995298681980e-04
2.691582196462012112e-04
6.621883527020882079e-04
4.499867221932985829e-04
5.554730825992887496e-04
6.548423458756050556e-04
5.873633333830440787e-04
4.127574146301157018e-04
5.036703980339921668e-04
7.383046408060555277e-04
1.380970319301327593e-03
5.265493973248286212e-03
4.927783027584514784e-04
7.797402545104007224e-04
9.915358057468713366e-04
