4.849145217251658323e+03
4.524475587353848823e+03
4.711072535605706435e+03
4.775402491068261043e+03
4.891728521092574738e+03
4.846519053300569794e+03
3.636387024162115267e+03
4.990234073893707318e+03
3.995114380345762584e+03
4.470203574800974820e+03
4.808179534025278372e+03
4.190020853570254985e+03
5.032155909395911294e+03
4.906765974374690813e+03
4.828949010048023410e+03
4.910437873051925635e+03
3.752023041859520163e+03
4.608236574240018854e+03
5.022280688265711433e+03
4.836494263712460452e+03
3.578235264601598828e+03
3.681834410328971444e+03
4.086555950515436052e+03
4.550503194253384208e+03
5.028868645169195588e+03
4.457231126275508359e+03
4.705868285741550608e+03
4.793373455827617363e+03
4.843484179758992468e+03
4.915262784579343133e+03
4.736664158793255410e+03
4.344581636853111377e+03
4.984169876214044052e+03
4.923540639892684339e+03
4.850385643571554283e+03
4.667104588033264008e+03
4.451622358618441467e+03
4.650620608611792704e+03
4.805442184843964242e+03
4.621080945810296726e+03
4.937308397195522048e+03
4.859395448232542549e+03
5.030783620141441133e+03
4.693885243781155623e+03
4.176256538164792801e+03
4.921044738434845385e+03
4.577737411982740014e+03
4.558142007956733323e+03
4.911888052056307060e+03
4.738074572719001480e+03
4.888682362954306882e+03
4.856495602424696699e+03
4.904804702449984688e+03
4.687023590899931150e+03
4.684224763118196279e+03
4.908831295194503582e+03
4.551796860894010933e+03
3.581413947139097218e+03
5.003015957079849613e+03
4.728565514061083377e+03
5.009115984770487557e+03
4.084204534755032910e+03
4.942382796952188073e+03
4.688717152427701876e+03
3.898599698845981038e+03
4.564547725010532304e+03
4.660222604244214381e+03
4.627758865311925547e+03
4.656367304418798085e+03
3.673969416235981043e+03
4.948781321277934694e+03
4.565631976830221902e+03
5.023040886761356887e+03
4.195049143153502882e+03
4.841458986191067197e+03
4.927449500316723061e+03
3.162964953834502012e+03
3.599136726855042980e+03
5.001621456526241673e+03
4.675649599362987828e+03
4.607624566751131169e+03
4.363495814026548942e+03
4.864032502253450730e+03
4.980388198268365159e+03
4.908529259789264870e+03
4.063134149903377875e+03
3.981854436232634271e+03
4.867349580797073941e+03
4.839830824635693716e+03
4.687453939649281892e+03
4.899197223038374432e+03
4.982006726335735948e+03
4.453550050552560606e+03
4.135168755740240158e+03
4.961136316888736474e+03
4.463265768081078022e+03
3.266212651233029192e+03
4.807300562793536301e+03
4.981194973225859940e+03
4.918033319164832392e+03
4.749465786983201724e+03
4.914498164635549074e+03
4.408069747071858728e+03
4.731833426072393195e+03
4.556641142877703714e+03
4.489985300044020732e+03
4.969747021833854888e+03
4.936049586669794735e+03
4.288567696275796152e+03
3.619241399099053524e+03
3.585026267549302702e+03
4.641799881606824783e+03
4.301255242897887001e+03
5.016380830316256834e+03
4.652290178902681873e+03
4.015721880521002277e+03
4.986016371356178752e+03
4.624112771844197596e+03
4.321994952344777630e+03
4.584701104712677989e+03
3.847669588841170480e+03
4.931466076503331351e+03
4.876500157316319928e+03
4.788749268610450599e+03
4.790388336366983822e+03
4.924670855286563892e+03
4.854504231713945956e+03
4.287960277831441090e+03
4.411309803855649079e+03
4.498521791424846924e+03
4.982804841789844431e+03
4.936522432091314840e+03
4.705801056424961644e+03
4.983758180767727026e+03
4.109348543041000994e+03
4.105552477345994703e+03
4.701742346468796313e+03
4.730510510850300307e+03
4.379725997688770804e+03
4.116864701791756488e+03
3.681834410328971444e+03
4.838078656318335561e+03
4.876708639728329217e+03
4.819844457268332917e+03
4.954729369264649904e+03
4.921988312083012715e+03
4.477672960356652766e+03
4.097192866857697481e+03
4.228584882130910046e+03
4.868155126838045362e+03
4.519293536942088394e+03
4.859326667816640111e+03
4.960444518239098215e+03
4.904369338043035896e+03
4.043256848911279121e+03
4.940158129150316199e+03
4.351426201042341745e+03
4.644395788314408492e+03
4.351170697366703280e+03
4.408874683532143536e+03
4.434959593877938460e+03
4.525460091008095333e+03
3.879714887892476327e+03
4.456402519500377821e+03
4.630292601968467352e+03
3.244877366438677200e+03
4.869121541370142950e+03
4.799644302565815451e+03
4.676247406512005000e+03
4.432443436865976764e+03
4.864581625565542709e+03
4.127811385946150040e+03
4.425578989975377226e+03
4.966261001216364093e+03
4.532045080157549819e+03
4.509116986665599143e+03
4.719426672588780093e+03
4.589988018075325272e+03
4.820210788348131246e+03
4.228274034196567300e+03
4.510010202459166976e+03
4.856900370913373990e+03
4.992612708595599543e+03
4.737634836132783676e+03
4.837751416490954398e+03
4.913037294904677765e+03
4.441424498620061058e+03
4.697878949308884330e+03
4.752861901025437874e+03
3.994267581829779829e+03
4.789897042514869099e+03
4.127790640301932399e+03
5.001705069339385773e+03
4.911448258837112007e+03
3.635784340065410106e+03
4.236172576305833900e+03
4.481071384046847015e+03
4.561994301448004080e+03
4.541121792827791978e+03
4.499856531989744326e+03
4.994061152912661782e+03
4.870690022589000364e+03
4.817322049614023854e+03
4.350646445811492413e+03
4.784458198435606391e+03
4.404474565855484798e+03
4.900610021646507448e+03
4.709975920603680606e+03
4.329963105839286072e+03
5.014738622024769938e+03
4.676448143821840858e+03
3.394178689989199484e+03
4.218738896791855041e+03
4.809713452899298318e+03
4.823405367166449651e+03
3.690735220939678129e+03
4.989008705936857950e+03
4.885231030203092814e+03
4.819207948022331948e+03
4.934493093648014110e+03
4.383454443071321293e+03
4.395062377688483139e+03
4.408402780019765487e+03
4.732516806475428893e+03
4.920703459605003445e+03
4.875040714354362535e+03
4.755854770064801414e+03
4.785082508958945255e+03
4.770656811622027817e+03
4.840508314657898154e+03
4.792791605332473409e+03
4.838010795151586535e+03
4.633574047198993867e+03
4.260708681358071772e+03
4.698264605741241212e+03
5.008724671569181737e+03
4.858422071916920686e+03
4.067740970182999718e+03
4.422521410749556708e+03
3.744502751854005055e+03
4.485476968120073252e+03
3.396660964987207080e+03
4.062421350652823548e+03
4.857821029679318599e+03
5.019318961332443905e+03
3.400389309289126686e+03
4.591843566383500729e+03
4.541665469732965903e+03
5.032582926471994142e+03
4.158237423557819056e+03
4.739891479655607327e+03
4.458407284334713040e+03
4.496647534013431141e+03
4.875754033487383822e+03
4.599127356029695875e+03
4.686078096711391481e+03
4.984336185170987847e+03
4.784778681709131888e+03
5.006275871806221403e+03
3.992667584944808368e+03
4.694283680059030303e+03
4.024790564044062194e+03
3.811143248419970405e+03
4.769685756530666367e+03
4.734803519666817010e+03
3.650492413298618885e+03
4.820142076390648072e+03
3.779760869472931518e+03
4.797089757419871603e+03
4.581611959481935628e+03
4.782662195059539954e+03
4.592868628509422706e+03
4.945392836905481090e+03
4.714703047408207567e+03
4.967605329899913158e+03
4.346053906629902485e+03
4.686199523280813082e+03
4.340649770544101557e+03
4.813924007244660970e+03
4.516228601130648713e+03
4.918050016564115140e+03
4.656969025809119557e+03
4.423093440893835577e+03
4.994213011082758385e+03
4.256363204872569440e+03
4.539326782442934018e+03
4.953739729669669032e+03
4.840488455430804606e+03
5.023544937565849068e+03
4.499864593511592830e+03
4.035654141705696020e+03
4.525938547349514920e+03
4.926361023471839871e+03
4.518310838845523904e+03
4.743156381989512738e+03
4.780751284396349547e+03
3.818887955770150256e+03
3.712391172808877855e+03
4.918133853427852955e+03
4.721220455238833893e+03
4.714386393550830689e+03
4.009364332769808243e+03
4.640661991440796555e+03
5.029883341509932507e+03
4.871699038086291694e+03
4.066699381455521689e+03
4.490843975364399739e+03
4.532880872522191567e+03
4.511429863568881046e+03
4.863984244058538025e+03
4.736569431954973879e+03
4.118018131079975319e+03
3.583140832176451113e+03
4.733404061148756227e+03
3.331656772125345015e+03
3.535729845752159690e+03
4.580172217696956068e+03
4.694397013895028977e+03
4.310984561986042536e+03
4.632379173692972472e+03
4.948938863379587929e+03
4.954258779913830949e+03
4.923920227157123009e+03
4.639723679128035656e+03
4.966532204210288910e+03
4.518845413832571467e+03
4.328578893546122345e+03
4.902866846362562683e+03
4.914373799127190068e+03
4.408321454467672083e+03
4.852479415713693925e+03
4.894110276757814063e+03
4.925648301848314077e+03
4.029630864062193723e+03
4.181189046943333778e+03
4.191497983283104986e+03
3.909443757015769734e+03
4.848895193697577270e+03
4.794786596018761884e+03
4.314928334377108513e+03
4.572072421983195454e+03
4.977459923355503634e+03
4.940862186746810039e+03
4.802873671006344921e+03
4.640806013897937191e+03
4.980225605285233542e+03
4.948238196318588962e+03
4.961541112670520306e+03
4.896464630900284646e+03
4.855872060629561020e+03
4.695612126229285423e+03
4.984061424922897459e+03
4.322510344067698497e+03
3.987961752948944195e+03
4.433202915493018736e+03
4.346068703963871485e+03
4.339931516034544984e+03
4.644104553081935592e+03
4.963835784308512302e+03
4.384364980809641565e+03
4.518122902958319173e+03
4.802143295946378203e+03
4.511026202419150650e+03
5.017509165504581688e+03
4.864699531323281917e+03
4.225982954912238711e+03
4.088354455570682603e+03
4.507735285231919988e+03
4.243447645320558877e+03
4.338359818890758106e+03
4.154434995297386195e+03
3.730021441064587634e+03
4.106041804587677689e+03
4.783097048151752460e+03
4.603974189900126476e+03
4.865843974568165322e+03
4.422697396637913698e+03
4.725256179394212268e+03
3.865792548034999527e+03
3.410912644705044841e+03
4.007373370180150232e+03
4.575011800890417362e+03
4.539197814255499907e+03
4.378167386689347950e+03
3.856606980974590442e+03
4.976220691790957062e+03
4.086229204367987222e+03
4.739863834933968974e+03
4.456402519500377821e+03
4.845484943642744838e+03
5.008870040081092156e+03
5.022673179731888013e+03
4.288827222500349308e+03
5.033759005156503918e+03
4.151336483346913155e+03
3.929804173251172415e+03
4.955091636157742869e+03
4.774854995629424593e+03
4.775646458296110723e+03
4.839282119714605869e+03
4.918324592558181394e+03
4.792791605332473409e+03
4.425215378920743206e+03
4.056157630084218908e+03
4.860343933379117516e+03
4.734304770562326667e+03
4.979494062654766822e+03
4.810153729597543133e+03
5.032217356200891118e+03
4.086562749754240031e+03
4.518633237460781856e+03
4.835082383496369403e+03
4.206269824774668450e+03
4.831621248581592226e+03
4.242602631013698556e+03
3.743865890092595691e+03
4.267074464549718869e+03
4.535254842741705033e+03
4.056791319210028632e+03
4.297497950910041254e+03
4.887390129873689148e+03
4.553641892634876967e+03
4.874990895591515255e+03
4.898950185212167526e+03
4.158612176036622259e+03
4.550993246980688127e+03
3.444581608120202873e+03
4.925606998589830255e+03
3.805743124771790463e+03
4.281152117092418848e+03
4.821263734798936639e+03
4.955715732088058758e+03
4.299199108849439654e+03
4.592140076509125720e+03
4.748545007585559688e+03
4.891850659038675076e+03
4.418856991747296888e+03
4.366565950463286754e+03
4.186055004290431498e+03
4.845707651574497504e+03
4.755590683807616188e+03
4.155031688057142674e+03
4.704667687512385783e+03
4.743663945938365941e+03
4.779092037013866502e+03
4.978471453624530113e+03
4.993903321384448645e+03
4.172335427419067855e+03
4.266864115049845168e+03
4.538652981961053229e+03
4.900113015797841399e+03
4.854440063358031693e+03
5.005269710977766408e+03
4.767680924747637619e+03
4.721342127233931024e+03
4.600022131666879432e+03
4.828726650246147074e+03
4.563123124402693975e+03
3.957772285298506176e+03
4.932019366505010112e+03
4.551741387062378635e+03
4.736569431954973879e+03
5.007489657218338834e+03
4.616737983916870689e+03
4.715975255177641884e+03
4.944680965647854464e+03
4.780777222155331401e+03
4.457175997793547140e+03
4.420191385806023391e+03
4.718195501096979569e+03
4.189127647308653650e+03
4.549317408023076496e+03
4.673049545827376278e+03
4.785858357206951951e+03
4.683546280744338219e+03
4.335663425575681686e+03
4.505214577200644271e+03
4.488843615491681703e+03
4.994672943138626579e+03
4.413460832534835390e+03
4.547867707537794558e+03
5.007377261950666252e+03
4.659732615719954993e+03
4.930573700976570763e+03
4.910354293673963184e+03
4.747496823545824554e+03
4.917283289201470325e+03
3.800927035089549918e+03
4.709771506436038180e+03
5.022993303466665566e+03
4.855919924473761057e+03
4.710056667313543585e+03
4.197622155832304998e+03
4.927938905451715073e+03
4.290604400644605448e+03
4.831658130143047856e+03
4.707459992716682791e+03
4.985996432938190082e+03
4.603145251222084880e+03
4.710262908058924040e+03
4.255928446165987225e+03
4.518776818810737495e+03
4.281838331626991931e+03
4.242602631013698556e+03
4.945057112318554573e+03
4.321770339719856565e+03
4.969982139756357356e+03
4.879624707003471485e+03
4.603760232094284220e+03
4.984120749981946574e+03
4.618190784924991021e+03
3.542450008257247646e+03
4.817092627467548482e+03
4.572820802393023769e+03
4.909751293559371334e+03
4.981796400165021623e+03
4.860402098197975647e+03
4.039240299857526225e+03
4.571175162447600997e+03
4.296695945935576674e+03
4.714386393550830689e+03
5.002987760744788829e+03
5.013576753757984989e+03
4.889121426576397425e+03
4.594232110466328777e+03
4.658886291363085547e+03
4.851657037713839600e+03
4.942535044547648795e+03
4.988615704121706585e+03
4.375913481559711727e+03
4.719148619681078344e+03
4.623610085227453965e+03
3.322322134914632443e+03
4.490412965523907587e+03
4.560311221261181345e+03
4.601613369259132014e+03
4.915077620431857213e+03
4.615540816388918756e+03
3.608743906614910884e+03
4.108759045059463460e+03
4.695612126229285423e+03
4.898935139097279716e+03
3.987961752948944195e+03
4.976466765172655869e+03
4.622130562558390920e+03
4.992486621033367555e+03
4.314953029327312834e+03
4.870288455513222289e+03
4.627783288469687250e+03
4.583828555747404607e+03
4.673607273046499358e+03
4.757149168658683266e+03
4.901752554779156526e+03
4.339924398357718019e+03
4.566139853959416541e+03
4.723275950794374694e+03
4.895854982115182793e+03
4.730923701440473451e+03
5.000477787197738508e+03
3.855544346532559757e+03
4.927306835938783479e+03
4.696229937506041097e+03
4.547182786045681496e+03
4.618657919323808528e+03
4.718002607300559248e+03
4.490025436154175623e+03
4.640895442766668566e+03
4.845507981326079971e+03
4.933719518851725297e+03
4.630292601968467352e+03
3.173045782613723532e+03
4.029523634786282400e+03
3.691451124733605866e+03
3.681834410328971444e+03
4.746118776733881532e+03
4.923906205119553306e+03
4.190020853570254985e+03
4.584467776141753347e+03
3.931413733304867492e+03
4.552482076925141882e+03
4.795247947941257735e+03
4.082789647924430483e+03
3.740271001348294249e+03
4.766119334183234059e+03
5.001705069339385773e+03
4.464144473249743896e+03
4.869258698227244167e+03
4.476208407890052513e+03
4.805325821079645721e+03
4.711935743062311303e+03
4.630029536201416704e+03
4.212411971350994463e+03
4.806260050658233013e+03
5.018651425074885992e+03
4.953869791586634165e+03
4.560776162151830249e+03
4.190020853570254985e+03
3.853617541522262400e+03
4.780732342852001238e+03
4.167009923162538144e+03
4.759287428996766721e+03
3.785259316498531007e+03
4.184037097449340763e+03
4.753200616228677973e+03
4.704915181985965319e+03
4.329827830052600802e+03
4.697701772819726102e+03
4.698145156348316959e+03
4.976126399301185302e+03
4.183575147486169953e+03
4.603952158532450085e+03
3.855721891425207104e+03
4.349628045939683943e+03
4.632587627940495622e+03
4.909996169355720667e+03
4.245940996520880617e+03
4.507075802212168128e+03
4.762013149300732039e+03
4.449255191577802179e+03
4.456402519500377821e+03
4.378364279368561256e+03
5.027594736527616078e+03
4.436813966462779717e+03
4.668924840757878883e+03
4.888393981745929523e+03
4.207809227092201581e+03
4.340513844567543856e+03
4.127001749081992784e+03
4.044540818490802849e+03
4.286734585773056097e+03
4.170482627445787330e+03
4.941499629660298524e+03
4.094027516926496901e+03
4.968732509969039711e+03
4.419441826960832259e+03
4.446793157106857507e+03
4.566398785901306837e+03
4.760335229315636752e+03
4.740796328867289049e+03
4.389284471903518352e+03
4.398702436171106456e+03
4.909410066669476691e+03
4.396938696459490529e+03
4.769685756530666367e+03
4.043867196275199603e+03
4.594627093237168992e+03
3.494913534360973244e+03
4.922843979177137953e+03
4.939654795079724863e+03
4.910968411454005036e+03
4.563588591297776475e+03
4.415507488405877666e+03
4.532037522387329773e+03
3.993921755097485402e+03
4.418856991747296888e+03
4.629715425230333494e+03
4.590021306489625204e+03
4.577737411982740014e+03
4.775212291659622679e+03
4.874698617763536276e+03
4.660444164462619483e+03
4.332607003764131150e+03
4.801807823271410598e+03
4.412294036090785085e+03
4.991372230441556894e+03
4.241344984317350281e+03
4.756679563418640100e+03
4.384139892407194566e+03
4.114093256494219531e+03
4.839943112400349492e+03
3.727809613309006636e+03
5.031438618924934417e+03
5.029129175899158327e+03
4.649139419613146856e+03
4.495740678412721536e+03
4.589099653587612920e+03
4.754485051555696373e+03
4.991125503155539263e+03
4.451100832279547831e+03
4.868911006587322845e+03
4.946560306082817078e+03
4.991252738204102570e+03
4.937544040975169082e+03
4.993883530548319868e+03
4.815891317850266205e+03
4.463265768081078022e+03
4.796072994804238988e+03
4.576530330849228449e+03
4.457759364844675474e+03
3.752219603932267091e+03
5.033567906916221546e+03
4.635649819039952490e+03
4.764974098247877009e+03
4.777104254798467082e+03
4.564895465284269449e+03
4.992092369347287786e+03
4.665612782682970646e+03
4.547563783793035327e+03
4.473467161032019249e+03
4.442487794759979806e+03
3.971798325891663353e+03
4.281857565531325235e+03
4.284554609484493994e+03
4.316987007238174556e+03
4.531050935444280185e+03
4.733404061148756227e+03
4.392481612617338214e+03
4.595343720659882820e+03
4.247948512043797564e+03
4.988821360543215633e+03
4.583690209221710575e+03
4.836002965842914818e+03
4.246940270098230030e+03
4.937544040975169082e+03
4.988897547477359694e+03
4.348836303729390238e+03
4.564225582051907622e+03
4.740412884668926381e+03
4.633448540802697607e+03
3.642199355957911848e+03
4.996835901338458825e+03
4.343192987812910360e+03
4.902605776108731334e+03
3.947609611694460000e+03
4.560311221261181345e+03
4.875754033487383822e+03
4.650293792012626909e+03
4.934879259413704858e+03
4.984071859970407786e+03
4.747399329903239959e+03
4.842774278701957883e+03
4.908054595068135313e+03
4.931536739679346283e+03
4.356248386427509104e+03
4.667131250778874346e+03
4.131140595163749822e+03
4.345340759296939723e+03
4.675354818655300733e+03
4.492212581579190555e+03
4.525113292785585145e+03
3.548445317227805390e+03
4.849664415948046553e+03
3.390244764327091616e+03
4.097166710243983289e+03
4.937544040975169082e+03
4.370584291122087961e+03
4.753645210751703416e+03
4.730429375668152716e+03
4.715660671627452757e+03
4.663381452145414187e+03
4.779090884236326019e+03
4.318528065705610061e+03
4.585461500651477763e+03
4.885196900603488757e+03
4.712431211602546682e+03
4.922654591051930765e+03
4.955398019603217108e+03
4.330599282719311304e+03
4.587453322027549802e+03
4.247885911952220340e+03
4.220480710361511228e+03
4.508939650695390810e+03
4.645531223579258949e+03
4.707386222139416532e+03
4.454054646242732815e+03
5.003008684896718478e+03
4.435761373625233318e+03
4.106041804587677689e+03
4.878686290915786230e+03
3.881923608845509989e+03
4.650479575084516000e+03
4.736211202406209850e+03
4.812035056537568380e+03
3.981463406128406859e+03
4.775646458296110723e+03
4.705801056424961644e+03
4.882156946778151905e+03
4.012055936064996786e+03
4.657748388417237948e+03
4.732540094907939419e+03
5.004347662781474355e+03
4.118754345973306044e+03
4.980388198268365159e+03
4.882394171760912286e+03
4.321666523963658619e+03
4.995219257086334437e+03
4.759784547752460639e+03
4.928491379119138401e+03
4.818208143667380682e+03
5.028896164926130950e+03
4.948964685369219296e+03
4.666315133303525727e+03
4.581707091800879425e+03
4.056428864563560637e+03
4.910575497798188735e+03
4.363234929075314540e+03
4.945130162887775441e+03
4.707655935841945393e+03
4.865196591390312278e+03
4.088639583069385480e+03
5.006972727158969064e+03
4.676535122086004776e+03
4.998822511775872954e+03
4.798496741882318929e+03
4.977744207631927566e+03
4.704924943271023949e+03
3.580092695635202290e+03
4.391196286444992438e+03
4.320680833063950558e+03
4.655353300717636557e+03
4.089525570361748578e+03
4.514020961637536857e+03
4.758415785730961943e+03
3.760085680142600722e+03
5.001020121553337958e+03
4.668203362320137785e+03
4.739373974319287299e+03
4.422573578996134529e+03
3.109663253950377111e+03
5.032586164990523685e+03
4.605741790569036311e+03
4.873196555086820808e+03
4.645020338551510577e+03
4.886827646474108406e+03
4.982206016809525863e+03
4.667843159227053548e+03
4.404868278063991966e+03
4.830370432222826821e+03
4.627916146802525873e+03
4.511507709708675975e+03
4.849145217251658323e+03
3.460161414015085938e+03
4.665448719404786971e+03
5.030783620141441133e+03
4.737994223521933236e+03
5.003054257414919448e+03
4.481874902119025137e+03
4.370560699504499098e+03
4.297598674654025672e+03
4.470655330458045682e+03
4.899487800499226068e+03
4.901504509287622568e+03
4.986901741640725959e+03
4.190020853570254985e+03
4.485736290898140396e+03
4.982135542264097239e+03
4.524118370195596071e+03
5.011287853955498576e+03
4.675157960249593089e+03
4.841240480661155743e+03
4.603777198323574339e+03
4.505693390421342883e+03
3.994467944290812738e+03
4.707770849328320764e+03
4.454734798501974183e+03
4.640806013897937191e+03
4.112822469626357815e+03
4.887707309225387689e+03
4.207634735982818711e+03
4.216270992085679609e+03
4.345203319313645807e+03
4.684491075715416628e+03
3.647090984353811109e+03
4.565385865251053474e+03
4.972854967743888665e+03
4.444651389157841550e+03
4.917164146603109657e+03
4.409508701507428668e+03
4.419441826960832259e+03
5.003054257414919448e+03
4.845454696316076479e+03
4.519293536942088394e+03
4.563977279214465852e+03
4.969611746310495619e+03
4.416461801575894242e+03
4.076070700021451103e+03
4.795329114524504803e+03
3.709840427881762480e+03
3.844257384053141777e+03
4.383470957786223153e+03
4.753209365121272640e+03
4.495230506200168747e+03
4.524118370195596071e+03
4.954088065898169589e+03
3.952711256309414239e+03
4.330241956452399791e+03
4.561994301448004080e+03
4.715624045310414658e+03
4.372261688072419020e+03
4.852544472587350356e+03
4.627037816115496753e+03
4.961668820707405757e+03
4.674032257670549370e+03
4.732337065929904384e+03
4.626471396064511282e+03
4.747172880361534226e+03
4.733010728089122495e+03
4.550993246980688127e+03
4.331579362740638317e+03
4.893840925936609892e+03
4.621795517759182985e+03
4.507851359004907863e+03
4.436015372774973002e+03
4.505113566103078483e+03
4.733010728089122495e+03
4.868853859334734807e+03
3.922938727837577062e+03
4.955289095490685213e+03
4.307937067289281913e+03
4.861567300286643331e+03
4.555188896208307597e+03
4.223118906543938465e+03
4.992983834639879205e+03
4.806036436555727050e+03
4.844196634137227193e+03
4.523254067630005011e+03
4.622410091826584903e+03
4.950304672159742950e+03
4.526845463917987217e+03
4.612000397941024858e+03
4.864849557402887513e+03
4.523544098371347900e+03
4.331615850835074525e+03
4.160745072072581934e+03
4.953292210464277559e+03
4.501480475395806934e+03
4.968163907820222448e+03
4.315584853041602400e+03
4.738807696492291143e+03
4.132973170809193107e+03
4.851643318890715818e+03
4.329955977590288967e+03
4.895482609000927368e+03
4.024933818975794566e+03
4.799972924017169134e+03
4.573455239363050168e+03
3.388408112134816292e+03
4.963456892041296669e+03
4.697209582541722739e+03
4.711850778652422377e+03
4.617548359326912760e+03
4.291870284613546573e+03
4.655206150158901437e+03
4.646927151529216644e+03
4.809713452899298318e+03
4.918995023892626705e+03
4.456402519500377821e+03
4.682185790300462941e+03
4.861463811007717595e+03
4.006581974028020795e+03
5.011911696606210171e+03
4.886484934984488063e+03
4.497959820331927403e+03
4.467841251429581462e+03
5.020702682282027126e+03
4.578544927940783964e+03
3.331656772125345015e+03
3.686735727275367026e+03
4.796732507682836513e+03
4.840508314657898154e+03
3.719664207238307881e+03
4.860760587828650387e+03
4.215007865461129768e+03
4.734304770562326667e+03
4.920582698100914058e+03
4.285829518862716213e+03
4.326053893733874247e+03
4.663820625948214001e+03
4.651080982071878680e+03
3.948557478082088892e+03
4.750031935963183059e+03
4.854754292926073504e+03
4.415747387872377658e+03
4.869823048940845183e+03
4.829331010389727453e+03
3.872898514004480603e+03
4.543791254592360929e+03
4.758286595373365344e+03
4.802873671006344921e+03
3.936907642906508954e+03
4.628650357762813655e+03
4.281634250350412003e+03
3.811143248419970405e+03
4.611264845258297100e+03
4.316579386295428776e+03
4.175756898056481987e+03
4.803652249585853497e+03
4.883116643476390891e+03
4.618373005803321576e+03
4.902855900189112617e+03
4.246562150045656381e+03
4.738418418961729913e+03
4.551883305574476253e+03
4.463968508905960334e+03
4.846191339661358143e+03
4.051733769560010842e+03
4.073011453969600552e+03
4.913142631073473240e+03
4.827988253695270032e+03
4.870814194359302746e+03
