4.936424795022380197e-04
2.048148533333244824e-03
3.304539298287420264e-04
1.611341658591473750e-03
4.463603159438848532e-04
1.306389968956450263e-03
1.163332416014051978e-03
3.884253590095905245e-04
8.795123633666444363e-04
7.164629884636978955e-04
7.977886908959180715e-04
3.716655915598925152e-04
1.694100063558915108e-03
2.395300475767548785e-04
3.292386931042399979e-04
7.050606693295645129e-04
2.847570948843939189e-04
5.028018738234076067e-04
2.056300749977261772e-04
1.479532375315007788e-03
1.721030734203905484e-03
9.576319624385227786e-04
1.339555334003521975e-03
5.458307373305003362e-04
6.824508938778316982e-04
2.467451523471635242e-03
1.911892015334971462e-03
6.819854860495277440e-04
8.589771926645765930e-04
7.196384346062687084e-04
9.905277622564141824e-04
9.238832298528731890e-04
4.054939042017629311e-04
9.305926630388300543e-04
4.082497703810718834e-04
2.651706975260461133e-03
9.646935824278372699e-04
5.269346292851407676e-04
1.468937191489232911e-04
1.509784401189142580e-04
2.655924786834024196e-04
5.790250300007926962e-04
7.989318027477508794e-04
2.246521560055902283e-03
3.118811169287999938e-04
2.236674060367425162e-04
6.897653851374469522e-04
6.798870294937387274e-04
3.820092394690343318e-04
4.710280803319167003e-04
7.672910411406853913e-04
5.183781098300863262e-04
5.480062205174161469e-04
9.822176650397022001e-04
6.961036273525441536e-04
1.389326431486933612e-03
3.227191850628472196e-04
5.860123781661165984e-04
3.449440136714524482e-03
1.102772783681088900e-03
7.284757246471234692e-04
3.837380674933068463e-04
3.610387259307018190e-03
6.736002517096529056e-04
2.422892079185664756e-04
3.275293149551618461e-04
5.913415187326925447e-04
5.999906895293225352e-04
4.969426052981131730e-04
3.936907166788376202e-04
4.882869069324085069e-04
3.904059191189239550e-04
4.378218417723112738e-04
5.594589481605816064e-04
7.126181271639392498e-04
5.976371308450944544e-04
8.745057354533636047e-04
1.842205155550704450e-03
5.179692418389440127e-04
5.299157999084342470e-04
2.506144486434392629e-04
8.728014422859383227e-04
1.037716143252685047e-03
3.843986913470991314e-04
4.050260706410483032e-04
4.698730150247180611e-04
3.436401827927192034e-04
9.839763372688392802e-04
5.699359364012312242e-04
3.940911695460254448e-04
3.048060651591456578e-03
5.866904075376925230e-03
4.953839192483420507e-03
4.273872951757206641e-04
3.369281079418669136e-03
4.111975203375692290e-04
2.651706975260461133e-03
1.384675152136415370e-03
5.444329429454280870e-04
4.866826524575392225e-04
4.427962967505765521e-04
1.573953945921782206e-03
1.812844568973134970e-03
5.038420558557968809e-04
1.524570481870654538e-03
4.711140857373409085e-04
7.019639655024058908e-04
1.167361987272678330e-03
2.086679055188874875e-03
1.636224141282385238e-03
6.554994332451491001e-04
6.954734324753357629e-04
2.368610657104509366e-04
2.941814866325014608e-04
2.688258184550834803e-04
5.496133239317716086e-04
3.918418687673087212e-04
9.007828015951248411e-04
1.123695588685038943e-03
7.570463324690119991e-04
7.342093593267905345e-04
3.887827051153590644e-04
5.008874067113405944e-04
4.007575791845552002e-04
2.693700276548236937e-04
2.793655988545117215e-04
4.514400074053113911e-04
5.128642976391891480e-04
3.341632001128782593e-04
1.007737802797505425e-03
6.210222072339234263e-04
1.496487112933095722e-03
1.575549240827816113e-03
5.460031798630982482e-04
3.504181096731922044e-04
7.993231698572287637e-04
2.273087232444527029e-04
9.691606330321615725e-04
2.620393178559392040e-04
8.179384363647105747e-04
1.026178237816684300e-03
1.204275120705465682e-03
1.075176030214457842e-03
1.012124742634537295e-03
5.440129722171980998e-04
4.565045176407156566e-04
7.685853444261251137e-04
1.897754536823840241e-04
5.875500414996832985e-04
7.359946472552860580e-04
5.075479379076598598e-04
4.875665462779109143e-04
7.257263086462207744e-04
6.375630528849961405e-04
7.494869279913093929e-04
4.804650081384599192e-04
3.437452103572676931e-04
3.527069023127192191e-04
1.875261264855835155e-04
2.668488465840570655e-04
2.722802864563501923e-04
1.004860312417322045e-03
3.594288057976782725e-04
7.223675831845613156e-04
7.108431771443587087e-04
5.647509536931023940e-04
3.487249570437145861e-04
5.704569020939344922e-04
2.721212766877701404e-04
4.277320764481889288e-04
8.659455744187492376e-04
1.172809022889265270e-03
3.254768785461772127e-04
3.301127608415381281e-04
4.942947897790359469e-04
7.903036028949044769e-04
9.171803128898045306e-04
1.451396412828991024e-03
7.777107416151957196e-04
3.775441021095356730e-04
3.248806447193133568e-04
7.212000879459374994e-04
3.219065885731114767e-04
4.186155851761096114e-04
4.460443221901898249e-04
1.183928781438859257e-03
2.798285951923206241e-03
2.212849666328555939e-03
3.115583241789114449e-04
7.832477113142265321e-04
3.883689394304333390e-04
2.644505435528489695e-03
9.457815459376832205e-04
5.838404149386603294e-04
6.302399511467585711e-04
3.125712747665169901e-03
1.491149328040368622e-04
5.989427789608471999e-04
1.132595586077044664e-03
3.007047796209493407e-04
4.437802162767332404e-04
9.410241620207701130e-04
8.128120036341001785e-04
1.379834626329769654e-03
1.386143604378861031e-03
1.340496944970066872e-03
6.483950340416406695e-04
7.700927483553879653e-04
3.721327463995689495e-04
8.992690518202348018e-04
5.637687878700511218e-02
2.823344753841151270e-04
1.573953945921782206e-03
4.305051170221230292e-04
3.569812231957913062e-04
4.489623322593253745e-04
4.557036362065815141e-04
5.064728376070837344e-04
1.487183666689121655e-03
2.704964248658670500e-04
5.759302608489527860e-04
2.108184451389963690e-04
4.042352935918491503e-04
3.468853719969095775e-04
1.016368579220980990e-03
5.433941909181855528e-04
9.305194460538687403e-04
2.012363950766588808e-03
1.887684279040487698e-03
3.105799961894589495e-04
1.054287872272685828e-03
8.211733341026907374e-04
1.484798290840928445e-03
4.347688700992323918e-04
3.842380988300589536e-04
2.400886052849438663e-04
9.298793537543878626e-04
4.031149262158432696e-04
2.867194541957738770e-04
6.279625264064388895e-03
5.491478477675920677e-04
1.232207998133136827e-03
6.164529500101817135e-04
5.183781098300863262e-04
3.646698374313430487e-04
1.084806507498006301e-03
2.916853269319532021e-03
4.511051768440386923e-04
4.793744809877370202e-04
2.489745186905812139e-04
4.496229309054569937e-04
3.208127687902177024e-04
7.703663318309293337e-03
2.846292478270176984e-04
3.628137774056122396e-04
8.144575516584027543e-04
3.017869702419938033e-04
7.358230673100068847e-04
7.276532903716288487e-04
2.254804237558431486e-04
9.351057875963878331e-04
4.921701999651383053e-04
7.846869162758899480e-04
1.354003473191371827e-03
4.583249163422658721e-04
9.882971651537821034e-04
2.340689548554104340e-04
4.515465677126363851e-04
4.673767789238461915e-04
1.941199727210415373e-03
1.431118144168101606e-03
3.098975167823595856e-04
3.643949559535937174e-04
1.076939445449514145e-03
6.863629520625003826e-04
3.081748973678710181e-04
1.812850405192899163e-03
5.174615107895986447e-04
5.919389124254039727e-04
6.318722991427437900e-04
8.401857539659639013e-04
4.868779341517547911e-03
8.773222494392008894e-04
8.644446033181785302e-04
1.467613067970317950e-03
2.459729401680434157e-04
2.464931261571381483e-04
1.458155478320017533e-04
7.839893987832652171e-04
4.334048556252307954e-04
1.936288457146086378e-03
1.914576314812474998e-03
1.911892015334971462e-03
1.099871411106171986e-03
4.490203109913370192e-04
1.874345686902555803e-03
1.137093766062612478e-03
4.485781146742390583e-04
6.607371132258901434e-04
7.172045406493171311e-04
4.491161179340479991e-04
3.310751624765541400e-04
9.480910037417173038e-04
1.167361987272678330e-03
2.004753925979647737e-03
1.179701411812267460e-03
2.960904172604709051e-04
5.684436010807515432e-04
6.823287765982949523e-04
5.078764928193404450e-04
4.521683529099228271e-03
1.110851857473535041e-03
1.106532407737321252e-03
6.030048443261399032e-04
1.055044531222485912e-03
1.203491858825838463e-03
7.608552066208866928e-04
6.822389238534635070e-04
1.188170605702472665e-03
6.897608126634010737e-04
4.886789895512305476e-04
7.840650142409629235e-04
5.441834690275854916e-04
1.218343436403378915e-03
3.542990844042129251e-04
1.104392052059580869e-03
2.934046833245092115e-04
6.101115859326730270e-04
1.417952485548993257e-03
2.654809528424921603e-03
4.011638540033862993e-04
5.089257526059789722e-04
4.066433508636544173e-04
7.657141215961939642e-04
7.058910155433656885e-04
3.203129060996879078e-04
5.847584165186249299e-04
8.475768572743718832e-04
4.731051966849986147e-04
2.934049690971326802e-03
1.217389418556872899e-03
3.260965953422357449e-04
2.044097037584825804e-03
3.744362357420213537e-04
1.339028612602290213e-03
3.680145889577810404e-04
7.992805732858111615e-04
1.234221016884922686e-03
3.301127608415381281e-04
5.372615110236815192e-04
5.838309941753934027e-04
6.090924579739637537e-04
3.524559879673697517e-04
6.476634176411323260e-04
6.160579330318747843e-04
2.175584226147138605e-04
9.200668185306043901e-04
7.507874105065339776e-04
1.185937013840289130e-03
1.796112938019859802e-03
2.064899005060967952e-04
1.853626327780186548e-04
4.942132143369534249e-04
5.008874067113405944e-04
4.900976402887757691e-04
6.298489660680428549e-04
3.780195074261486800e-03
5.062027802065736937e-04
8.506041294331956370e-04
5.182748133809236954e-04
1.132255299923998594e-03
3.785922108724253717e-03
2.945473643170563351e-03
3.862748524191130873e-04
5.826422183599015269e-04
1.165731474152138054e-03
1.096885772713484261e-03
3.887214311579387997e-04
7.829726861751841070e-04
4.689193210554652410e-04
4.604766370622004378e-04
5.634280397619050723e-04
4.785287744500972421e-04
1.197911985973684930e-03
1.636224141282385238e-03
7.291815562085099921e-04
6.165229178851268366e-04
2.440864126658675085e-04
6.619891964441833830e-04
1.375442420239730758e-03
3.301719599684692255e-04
3.527654026592919783e-04
9.882971651537821034e-04
3.673009862191290234e-04
8.061326645649220671e-04
3.234558757283409708e-04
6.342924618434375760e-04
1.124034203375927745e-03
9.835429051946670623e-04
2.097586076091770280e-03
4.570590396508411417e-03
1.889665628761316458e-03
1.286150668541675372e-03
3.154071855601420921e-04
2.738269592048268582e-04
3.936424454730074775e-04
4.297948416297971575e-04
1.268101861249496193e-03
6.799490825068628917e-04
2.726621715974328363e-04
4.487706537053990849e-04
8.792357616670084565e-04
3.400182217802000901e-04
5.126015860571243865e-04
1.302544190622581186e-03
5.116685437570541589e-03
2.132623321572041993e-04
5.785113706476694350e-04
6.251635674443129778e-04
4.618215838003228717e-04
3.227106684930431801e-04
4.748056925480041517e-04
1.013467185568453499e-03
4.107978584475557881e-04
4.003540918809583632e-04
8.942488485954180498e-04
1.340767769141707443e-03
1.270444884426574208e-03
3.578485766002291717e-03
7.169675119808407472e-04
2.423860855323348021e-04
2.745849400950807137e-03
1.058251637886100781e-03
1.119825545422102738e-03
4.351931097913423101e-04
3.878472706055624010e-04
3.640494534722444253e-04
9.632265698330221004e-04
2.457837402128418823e-04
4.250072648605270433e-04
7.295125194929706451e-04
5.216284170291317140e-04
3.643271002716786658e-04
5.491478477675920677e-04
5.758043925113572568e-04
1.255248597727360270e-03
6.873064876396269701e-04
1.947528456062624425e-04
1.967762648711718311e-04
2.294419093621962087e-04
8.466191949123179003e-04
7.635745265340483949e-04
2.879140862119800547e-04
1.870550118520384383e-04
1.138912451141217436e-03
1.477796713710368987e-03
4.686579467551176990e-04
9.174813167382180577e-04
7.613700098750771387e-04
4.095031351992297133e-04
6.826173565386707120e-04
1.149035906453243702e-03
4.158978058195255062e-04
5.440297869635485990e-04
7.995903677597661959e-04
1.009855826216430382e-03
8.331055638677280087e-04
8.781398447652054903e-04
3.436401827927192034e-04
3.828635853097888601e-04
1.257611792404320821e-03
5.327112281081833323e-04
8.222475999755464752e-04
4.865645483842209393e-04
8.422685877619798950e-04
4.360789528132865572e-04
1.439286558180660454e-03
1.851939032574221895e-03
5.942934892350622625e-04
7.992285845465122406e-04
3.048060651591456578e-03
2.278008015242890866e-04
8.839900456199319568e-04
4.670435249906824851e-04
7.588977179135889505e-04
9.141944847009954951e-04
5.187834255442223472e-04
3.892379456918983400e-04
1.384675152136415370e-03
4.314918013281012518e-04
8.285073362186465935e-04
1.681513151059124559e-03
3.613657372164474956e-04
6.637667718389475601e-04
2.283028901434251397e-04
1.638920102928805435e-04
5.076279287856083969e-04
1.601945426926652686e-03
2.009883815952194877e-04
3.439347322624448575e-04
8.961279625163021557e-04
5.579238400563445730e-04
1.379410551475127901e-03
1.732335283393750085e-03
3.606569170318053613e-04
7.586008605725217801e-04
2.573422528618293792e-03
7.058910155433656885e-04
8.353774847141731989e-04
1.520203987968263108e-03
1.079370089471309120e-03
2.807686033262233780e-04
3.469938988952113337e-04
3.596978878467933945e-04
2.429252616119497669e-03
1.568739791624680288e-03
1.716289489174913649e-03
9.323518272736010682e-04
6.644645208744801848e-04
2.683620349557619346e-04
7.676394736296607464e-04
5.759302608489527860e-04
2.817885581544185103e-04
1.023296235583242078e-03
8.786106300743105890e-04
7.664955542061294060e-04
3.233790100927173470e-04
1.992474510663912353e-03
3.892379456918983400e-04
1.221977451534035164e-03
3.673793015364770287e-04
4.240915548742995320e-04
5.086486090452734150e-04
1.441801380722090072e-03
8.870250411275564916e-04
8.342961474910399935e-04
3.745343647925471783e-04
6.211456055835282326e-04
4.337304803699272224e-04
1.473317245125617750e-03
3.102827031241173011e-04
6.686574066790169782e-04
8.639357017036012861e-04
6.081932521805129450e-04
5.690660236628003596e-04
3.572463376839374273e-04
3.687655702300849498e-04
4.820651349709330303e-04
6.719661718990440138e-04
3.879802207261372465e-04
4.822912837392095715e-04
8.272749588430796091e-04
2.559331604589725698e-04
2.355823570518424115e-03
7.360680154138355595e-04
2.969008826783500689e-04
4.595692872358033971e-04
3.284635616838920270e-04
4.243392672397600291e-04
9.746491453764803432e-04
5.264544072724532684e-04
9.365045980833017463e-04
5.003941678215139896e-04
2.781527740941147522e-04
1.947857885678095638e-03
3.915251051520332289e-04
3.327598789498182187e-04
4.241858938900832559e-04
5.141443778602582896e-04
1.020741550208605812e-03
4.599726782159374106e-04
3.409556085366031736e-03
1.059908426954485469e-03
5.440301520999316423e-04
1.502552866258458943e-03
3.750028114669142648e-04
4.179399663972282303e-04
4.439558742043964818e-04
4.417424991891075441e-04
6.873962305375885340e-04
1.262006211806170888e-03
6.199148682425293603e-04
1.887205895075079898e-03
5.970844061465952445e-03
2.222370790834446094e-03
7.099222538560455431e-04
4.435586110172074631e-04
1.017366929145860095e-03
3.969842092859161994e-04
4.194774270737949709e-04
7.117818281397341774e-04
5.667229160017931604e-04
6.033481693534320728e-04
5.200073556804504348e-04
4.785287744500972421e-04
3.527069023127192191e-04
3.419302652516277921e-04
2.461522086476301764e-04
3.652536201658262527e-04
3.604345187957247215e-04
5.738894806442490721e-04
4.520390380493401541e-04
2.941092408624548988e-04
4.914509082215614806e-04
4.180830130555441963e-04
2.467451523471635242e-03
5.239642005315899497e-04
8.100716412592748371e-04
3.872530582428264693e-04
1.857388508160999084e-04
4.611184270406457368e-04
9.349387370640154654e-04
7.150572394209305177e-04
3.988941595408286339e-04
1.744430764479666359e-03
9.285969947328446628e-04
9.373471036587579510e-04
3.657281794540548120e-04
1.180044221515302730e-03
2.948110255391102894e-04
2.238331955611407801e-03
4.874404522176462593e-04
1.815591878012547458e-04
4.852288559554046934e-03
1.077495311223478991e-03
2.582147632012078437e-04
1.246586838696162481e-03
1.937542796654846472e-03
8.192974675202779975e-04
1.123260633284582600e-03
4.281790075074132511e-04
1.153873236181936993e-03
1.281615695966965970e-03
5.009098379573591114e-04
6.135935347106043040e-04
2.205630077450467137e-03
2.341696103465201783e-04
3.820092394690343318e-04
5.003051072263131572e-04
2.175855324659989299e-04
7.643373700626459157e-04
2.044097037584825804e-03
7.297937581976744140e-04
5.008874067113405944e-04
4.483104817075834309e-04
7.843050324511699044e-04
5.444329429454280870e-04
5.255674176168341309e-04
2.167834231041237730e-04
2.111485822191575749e-04
1.166516593697689789e-03
6.651029513102853100e-04
1.433390440841173343e-03
4.117513032090225822e-04
5.598763754523483063e-04
9.813116892779067887e-04
5.184575633232048689e-04
3.769445519929059073e-04
5.821561170506533642e-04
2.582637329328240825e-04
5.857922861414664424e-04
7.692831466012768540e-04
4.523180764602987604e-03
1.015179727724206801e-03
2.633976686609181082e-03
3.604426669875815284e-04
7.598966497847270754e-03
4.966121004516394193e-04
2.712103571321481006e-04
5.994706472347088129e-04
1.036810913070884731e-03
4.615164795353796979e-04
6.675479216291888701e-04
9.121301038328720251e-04
1.068247872757949711e-03
7.989318027477508794e-04
7.783957209652241300e-04
5.361965996797120977e-04
2.627936538848024131e-04
6.277488298161533128e-04
6.410214986639128703e-04
5.479602973121429008e-04
5.258310381522754342e-04
4.673362301800364346e-04
3.280962187281276756e-04
3.266758571085956984e-04
3.872530582428264693e-04
4.831555726615941750e-04
5.880988560307784732e-03
7.868915206398655960e-04
4.525023746883505217e-04
2.556756995118943934e-04
3.460776507800641965e-04
5.204229825904091965e-04
5.153130021631543035e-04
4.952096352377335442e-04
3.387182769975210627e-04
6.925705337802524116e-04
5.286031039263151387e-04
4.083812595114323955e-04
9.284046897922672206e-04
4.849323290694506012e-04
7.590509014653987934e-04
4.767034429506530240e-04
3.629754694052077105e-04
8.560057972112143209e-04
2.594127337385915212e-04
5.262851722045694316e-04
3.387648353550478547e-04
3.121490914825428504e-04
4.567245039803085357e-04
5.867799968762802548e-04
2.132550430478951948e-03
9.869175290261251229e-04
4.052514314138323651e-04
4.743958941800705507e-04
5.381054080082142872e-03
4.723019230221799591e-04
1.062848620894467702e-03
2.095220905977825761e-04
5.479602973121429008e-04
5.104266838233968012e-04
3.391430599025170578e-04
7.685355635265497375e-04
3.945487389780990813e-04
3.932428520433942001e-04
4.492536558954368566e-04
5.983905592535514227e-04
6.086255848386334759e-04
7.125857363133236352e-04
2.138024486859315862e-04
5.684549849297390340e-04
9.319488721461699965e-04
6.182779933167328792e-04
6.361475068887092760e-04
1.009415501898966883e-03
3.374746218064218783e-04
6.382068200291881026e-04
4.871422120837862755e-04
8.344344404995416827e-04
7.635745265340483949e-04
5.987804810672338286e-04
5.015371351576340328e-04
1.049388974472945102e-03
4.637576380769815225e-04
7.890630882902926156e-04
1.815586539675173366e-03
1.371261489788784971e-03
9.694440123078608635e-04
5.027055922038794599e-04
2.634494328441769687e-03
3.589328499912240646e-04
1.735203260692270771e-03
5.819822214057101574e-04
1.443367439082998130e-03
3.549094683094277357e-04
2.871686705301072784e-03
5.037789302970238506e-04
6.101949077977930928e-04
4.903790324486568142e-04
7.600094847321088023e-04
6.505193708706074555e-04
1.182292847420560525e-03
8.942507124433444164e-04
9.000139122039898252e-04
3.350119057766193665e-04
3.833462759405529717e-04
5.063985043086030417e-04
4.699842076160664337e-04
1.183275488132042724e-03
3.772439613903062110e-04
1.731669207630713266e-04
5.089257526059789722e-04
1.015179727724206801e-03
4.900828105901168128e-04
2.836664734949716563e-04
2.173654621669985363e-04
5.812067724203505729e-04
7.334765375586598532e-04
5.716596319214421176e-04
1.292544744556363466e-03
2.588802787579790629e-04
6.148292626436993287e-04
1.372061377878070788e-03
5.544093062028001596e-04
3.991937986829931120e-04
4.402659904845605951e-04
4.441227335319231648e-04
4.468781050098398315e-03
6.008680195534460552e-04
2.670799650478592607e-04
4.316156223801130435e-04
1.027897916668045562e-03
4.739134374740187222e-04
3.978549468247369976e-04
8.515049146033083424e-03
4.394536470684485413e-04
4.762519185784513313e-04
4.730249630408205953e-04
8.450997833840428368e-04
5.930458118803376422e-04
7.864096262018137763e-04
8.666765848259991864e-04
2.053074288380520691e-04
3.420664854549289422e-04
8.498259244200473623e-04
3.759675259997942855e-04
5.878348291072339011e-04
3.727977156180439506e-04
4.391438690953291439e-04
4.287879447698026195e-04
5.239927203156511271e-04
3.567459983657416409e-04
5.480062205174161469e-04
7.642982963260614056e-04
9.130368102475605509e-04
4.729593714207699093e-04
5.913732936415735855e-04
6.864283779893375244e-04
4.482435472654500500e-04
5.634425087816225626e-04
9.237176197594743239e-04
2.158053566889254506e-04
6.310817038117583558e-04
2.325609152601833696e-03
5.108503102172336045e-04
6.645200546808069072e-04
7.248855504047962669e-04
3.844838543550966226e-04
3.415799033380750600e-03
9.500595154109626669e-04
5.594589481605816064e-04
2.552399818016675911e-02
3.160486499661544456e-04
5.260048444027198931e-04
1.086236661092496907e-03
8.335873177790049330e-04
4.735325746999212567e-04
3.332951860710300571e-04
1.095368138968540661e-03
2.096437599167067618e-04
1.360393677403301744e-03
3.875240015934408046e-04
1.211111101792198760e-03
7.267833410608499694e-04
2.448491248535864537e-04
8.601668309172239056e-04
1.172724938838272087e-03
4.986364054184820984e-04
6.554158100379527422e-04
3.567944906045272314e-04
1.091625372673206895e-03
6.696432561302806527e-04
5.814364237622559250e-04
5.519956294652674563e-04
5.088126482185606220e-04
3.507919308693655674e-04
4.943194382330963043e-04
3.621751165978417952e-04
3.046856706304593826e-04
4.213460265807049908e-04
1.150508061757662525e-03
1.663741570441279113e-03
4.596673536613022043e-04
1.716651995563714395e-03
1.071244608307609422e-03
4.716499146788943496e-04
4.598892144826754905e-04
5.259666868302475141e-04
7.381339770628861938e-04
1.517427961728609522e-03
1.353410986654142705e-03
6.662086340140723102e-04
2.266976151583292767e-03
6.926922654362680865e-04
2.764052208069436053e-04
2.692119471467556598e-03
2.917936126116247209e-04
3.616596008571387982e-04
3.824016143188085372e-04
4.758524376535043358e-04
2.423860855323348021e-04
4.795514924123749708e-04
3.102827031241173011e-04
5.584871942181901224e-04
8.016873976351997612e-04
2.535827292922816474e-04
6.228356917697421523e-04
2.095252606403673996e-04
1.590641264414941825e-03
5.226451520645337837e-04
2.380919608058004885e-04
2.649023148447906227e-03
3.492773088186476257e-04
2.801767443014107966e-04
9.249808643823000543e-04
3.925263366318912828e-04
5.868167144838502174e-04
5.549999805594241610e-04
4.923688623496875073e-04
5.547448313388333042e-04
3.114127384602423973e-04
8.525810475749463031e-04
6.873064876396269701e-04
4.240582353114293566e-04
7.094394497809699239e-04
1.567622966398904112e-03
2.767481414657568068e-04
5.392544883105294604e-04
2.262931720671361435e-04
3.834034604437194902e-04
5.707410149004503832e-04
5.272232548126008734e-04
9.990949743405703153e-04
2.613447240713421605e-04
5.768887718876082029e-04
6.059723219617417500e-04
6.997857597413209303e-04
9.298339879504807825e-04
1.638920102928805435e-04
5.550738701940377074e-04
2.313008913004460849e-04
8.748468904716735902e-04
8.766162046219797173e-04
4.167389088312574235e-04
6.084938441530840124e-04
1.218563973283794252e-03
1.157900215014048785e-03
7.876803614237277724e-04
2.355823570518424115e-03
5.878997054706880691e-04
3.996092118131206882e-04
9.572916765173081904e-04
5.024939364321572011e-04
3.817664448232645572e-03
2.477227951377329162e-04
5.962631587998438055e-04
1.027132920223364568e-03
1.031301852662157553e-03
5.222508565319700612e-04
4.983350816553667670e-03
1.894064015467156843e-03
8.377467658294310109e-04
7.013877478510485968e-04
4.700492570374827138e-04
8.703277848059289609e-04
7.366649767614208161e-04
8.122440183339108303e-04
9.834726575695441637e-04
3.803660805686178412e-04
6.682622215326842119e-04
4.411093864002060697e-04
6.031206477684285900e-04
7.839472350528456845e-04
2.445283064734364055e-04
7.642982963260614056e-04
1.424213038500779299e-03
1.027897916668045562e-03
3.797564353498108624e-03
7.163131193800818808e-04
4.229422917927606797e-04
1.116350871855259323e-03
2.961892914515966142e-04
6.432442930185755048e-04
5.374821299653390972e-04
1.776595529097532017e-03
2.086679055188874875e-03
6.550513669954387318e-04
3.377319486735102464e-03
1.230832227507429408e-03
4.938235652682519683e-02
2.828019594186071198e-04
1.036251042145337536e-03
2.395300475767548785e-04
1.225999198301874239e-03
3.369281079418669136e-03
1.059372211832469149e-03
1.609878524715769666e-03
3.230907549397923190e-04
4.501766540921127695e-04
2.677882361926083097e-04
8.778873031023612904e-04
9.495011481526682492e-04
5.987804810672338286e-04
3.208309610014529242e-04
4.685061312152376668e-04
5.737366784348156340e-04
5.676070931947011173e-04
1.088138614154421976e-03
3.000664131524147151e-04
3.519677323901237672e-04
6.677994668188689956e-04
2.804862589223923106e-03
5.354803646296587855e-04
3.853353881854084013e-04
8.922173591190842414e-04
2.615415152072754512e-04
1.412224809475639848e-03
3.233790100927173470e-04
3.449440136714524482e-03
