5.671621565835274640e-04
6.967653083825274280e-04
3.506309968365436979e-04
3.127890336265289409e-03
6.957039643120636755e-04
3.803475235966659795e-04
5.046851964823094233e-04
4.805357474520969945e-04
2.685948633672431002e-03
5.352115116911359237e-04
4.202214844089292292e-04
7.198712756294483759e-04
2.436837631141332630e-04
4.139718666110720857e-04
9.565938511789552753e-04
7.408759301574609256e-04
7.483958964349013594e-04
2.898812317497547744e-04
5.936182392144338186e-04
6.566255110901128133e-04
1.929496482764317888e-04
4.711329075318285240e-04
4.206878576951471565e-04
8.644974084790284750e-04
5.088531239704596320e-04
1.079237755363313383e-03
7.769027192591295740e-04
8.194482502438895938e-04
4.463954843660554407e-04
2.763724220542827337e-04
6.561542513442502559e-04
2.941556595908559921e-04
1.217611393251224290e-03
2.197918304767184511e-04
1.748921681752381614e-03
4.206412457749760274e-04
1.052680346556989334e-03
3.861057525763227972e-04
3.298729290795312337e-04
1.146164624340597748e-03
1.046279575669973715e-03
1.926760324851763779e-03
1.339618083148996471e-03
4.047802058888747261e-04
2.193061594970029029e-03
6.026262355609933322e-04
1.672622145992217141e-03
4.555774408736129317e-04
5.100812020246498412e-04
2.001509439110159619e-02
1.077656155342887178e-03
1.867931048004021523e-03
2.865727030253032923e-03
3.411163622174374563e-03
3.009087909203455062e-04
6.943908462168150693e-04
1.136046440713876782e-03
4.851000911872529260e-04
1.474322765100414363e-03
1.626388211017196867e-03
2.360970085173575274e-04
8.547437841013747969e-04
2.641297697911121171e-03
5.226388449522356401e-04
9.037869174880350459e-04
4.381390669668563096e-04
6.405199338814050259e-04
2.964928317092461042e-04
3.107524656005077155e-04
8.287674652065179495e-04
6.592320465458981508e-04
4.494760582647261914e-04
9.118668818894225996e-04
8.626612366173458607e-04
4.181398499636055635e-04
6.623895517404564809e-04
4.909387964966885993e-04
6.303625292617227524e-04
5.813924359574112501e-04
3.965788591904278126e-04
4.853164980106247227e-04
7.271992750118113800e-04
7.582005439489422020e-04
6.897167547057004352e-04
8.896488890280614993e-04
6.179863895113412060e-04
8.566990054561896906e-04
5.083016712850726244e-04
6.429228388896814431e-04
3.969502180217116157e-03
1.018952119357922686e-03
6.292315423302451182e-04
7.540465056851792473e-04
5.662098143117273415e-04
6.173640404688457428e-04
5.531765639141318115e-04
6.372922436550527547e-04
5.343567532795047903e-04
8.435087696345249225e-04
1.022405562085291608e-03
1.114556730611933203e-03
4.646720140479406662e-04
9.023338337129048741e-04
8.804234508924325183e-04
1.175067459168129208e-03
5.538574721539317978e-03
8.252109672185777402e-04
7.187220008507670286e-04
5.354715588866665842e-04
4.774670731152505900e-04
6.988374013682746664e-04
9.266380590291712271e-04
3.781507044778441187e-04
3.539523519634319663e-04
1.446945819658291155e-03
2.957471682864672071e-03
3.683766058556191031e-04
3.711944995843833401e-04
1.125016071286205621e-03
3.540693154727392279e-04
1.227886243991139440e-03
3.250083852042676396e-03
1.900444384433701284e-03
2.987047752073224063e-03
3.236115746798717396e-04
3.384766000287694446e-04
5.613851317725271003e-04
1.768221622064336399e-03
4.648847542174921609e-04
1.871774273104273882e-03
7.847846724779884015e-04
8.236033321934525505e-04
3.344820170801276094e-04
6.365891456359632633e-04
4.451882745654274758e-04
7.836998642178881220e-04
5.058319206051473333e-04
1.022159037306753738e-03
3.208241052760150546e-03
7.749272803341133607e-04
5.465715402634592230e-04
7.136969582639973329e-04
3.698070823409031305e-04
9.061305799173142560e-04
2.957471682864672071e-03
8.923484225946198356e-04
3.439361250976541136e-04
8.004382391389901815e-04
2.792616904672973730e-04
6.798791926950132529e-04
4.071829144095990573e-04
3.555274691715200070e-04
1.898305026734467592e-03
1.325032221706264751e-03
4.647008178469303895e-04
1.067098777715591628e-03
4.914630013659108910e-04
1.055725971300490538e-03
3.928340467214227376e-04
8.304093357589137792e-04
7.139830150238111453e-04
1.120643839819103959e-03
3.613571860350084462e-04
1.768535710754733233e-04
1.965220603556822303e-04
2.399800386693549253e-03
1.061522391637116473e-03
6.273295186961990941e-04
4.283337548239237770e-04
4.656001819242422597e-04
1.219097741791131924e-03
7.412298671227166621e-04
6.828814542795528684e-04
2.192442343916334822e-03
1.256104502009542084e-03
3.846471482950224261e-04
8.137823804699238859e-04
6.122548122488104304e-04
5.369325546575933481e-04
6.066418552445775178e-04
5.665521285432626288e-04
7.368602761505878458e-04
2.957471682864672071e-03
7.427472735130578874e-04
6.263367490119626027e-04
7.897943938210116302e-04
6.643323050280237896e-04
2.280296872828388791e-03
5.669236887367475313e-04
8.195591896877265498e-04
1.328093520734309214e-03
5.310777431608986214e-04
9.699951215125704853e-04
3.576368882616010351e-04
5.332709338294275986e-04
5.158254515795226113e-04
2.248080970383992410e-04
2.401476813299704537e-03
4.389542553530166981e-04
7.085787437280411391e-04
9.629762113327019254e-04
3.809908842793764444e-04
3.346188822043730986e-04
1.098609606224832660e-03
9.407102049728959534e-04
5.593519761106556607e-04
2.914129589160267776e-04
2.855828533415475344e-03
5.738981605433120291e-04
1.646715565802019370e-03
7.109462269484453402e-04
3.489897641846350209e-04
5.804380378478885211e-04
8.097079866225239189e-04
4.027100725794234538e-04
5.309852677726825936e-04
5.734235373512643844e-04
1.384501622109162149e-03
6.834512127983534413e-04
6.764614461908761847e-04
5.767616566539443979e-04
4.032309151928582650e-04
4.341579803265239079e-04
2.811683071288493922e-03
1.779880320665321947e-03
6.828898672983140048e-04
4.382942202653916891e-04
1.517448865994644285e-03
5.344437000881142224e-04
1.448820224063009652e-03
2.493063867612926605e-03
7.880154221231843717e-04
2.935007626518059440e-04
4.570109358045492385e-04
7.675598055769438169e-04
6.654296074048620183e-04
5.484825555323911235e-04
9.147393894457829392e-04
2.261716800501744739e-03
1.604810226561250797e-03
5.602476929195647623e-04
8.370108910665931354e-04
4.002502305151192522e-04
8.193178092900934521e-04
1.920233943031951713e-03
7.237353065164712574e-04
2.815782713534339108e-04
6.797713059460930253e-04
5.599586297490220972e-03
4.839560292042950282e-04
2.681752554492238395e-04
1.231854344692118923e-03
9.919698843236742815e-04
4.058181286001793435e-04
4.395705500170169248e-04
3.409302975515133530e-04
1.330391309743724155e-03
1.731364797936471231e-03
4.796056850620301340e-04
4.277246844952583118e-04
9.961906649486461547e-04
7.172083196604090317e-04
2.955911287421172234e-04
5.672690223143769285e-04
4.457634357180214040e-04
1.591112757434663162e-03
3.591773227914880472e-03
5.786990693523426724e-04
4.562344077853225681e-04
4.767030928126763062e-04
3.116856461893497722e-04
5.804380378478885211e-04
5.994150103882651785e-04
1.079134223449457110e-03
4.245377865948656904e-04
1.365297583956129020e-03
2.674646266023231146e-04
1.254037954240654540e-03
2.459906082745385615e-03
6.274202990655529822e-04
1.912700371996583148e-04
5.602476929195647623e-04
2.236222865557863614e-03
1.079134223449457110e-03
3.105369609958034786e-04
3.086837672259797136e-04
3.323006296128403359e-03
5.497161966706068902e-04
2.944261294411402909e-04
1.972110379321892048e-03
5.216710489059764094e-04
4.945183123140569920e-04
7.977788693499107079e-04
5.973736823098091311e-04
7.074807964159173955e-04
4.563310224990743051e-04
2.718124251406776187e-04
7.438672538199838551e-04
7.565131623815482022e-04
2.372949281540799853e-03
7.198712756294483759e-04
1.406779819734023211e-03
4.037225702242839913e-04
6.024488260168527932e-04
2.345972779463102991e-03
5.321470347591871321e-04
2.108018263575550839e-03
3.558419588766518777e-04
6.115765947782161134e-04
4.742109545135849541e-04
3.894842255845224702e-04
8.834130886752469347e-04
1.147069125228105790e-03
8.772050191971740574e-04
7.696946806009052986e-04
5.848911099622514705e-04
9.690762545828155794e-04
1.028803674439907794e-03
1.856188382822214836e-03
9.824256426087159006e-04
1.969290296845072671e-03
3.560890786978350040e-04
1.348225525032129305e-03
7.478604710573026875e-04
3.993209160422020996e-04
7.055691383879182784e-04
4.359574996006146765e-04
1.632530151140578010e-03
1.010930483244837103e-03
5.692132228135393743e-04
1.084597942968696695e-03
4.119287709667016572e-04
5.967213994841546673e-04
4.259391228903908590e-04
9.060348187310582162e-04
3.439014814019488754e-03
1.189420505160158990e-03
3.649028622442273087e-04
5.749670965443455560e-04
2.284452298945034276e-03
5.371256481219504816e-04
5.610681446392513840e-04
2.441145485841667278e-03
3.820456659365154776e-04
3.591057243853219881e-04
4.796056850620301340e-04
4.560456806896483932e-04
9.599201129219905090e-04
6.905251511858260041e-04
1.434773775607330179e-03
1.069222822917980818e-03
5.875303456102559706e-04
2.628849214108927579e-03
8.407976088228325418e-04
7.387960692290125022e-04
4.359940369101750982e-04
3.817413002082510566e-04
1.683245527667288650e-03
1.584423449543647918e-03
4.301335737044035602e-04
1.327322574437112164e-03
1.536465561669996416e-03
6.001461727249024925e-04
9.533272399748815617e-04
5.125750606951450135e-04
1.061756955982915947e-03
1.680134923144982776e-03
3.544907473083141374e-04
4.796056850620301340e-04
1.442818578168069202e-03
1.127884187057845997e-03
6.277583023130030434e-04
6.692831336186431772e-04
7.289721800877087829e-04
6.413935875898181408e-04
6.154368168138978990e-04
1.087118248541787827e-03
1.212291801539763922e-03
1.109388253716343722e-03
9.357890441898638126e-04
1.325720283961375964e-03
4.454482705208878440e-04
3.540850601277738762e-04
9.173013484396323226e-04
8.118255553064461852e-04
2.156650809406866591e-03
5.595865505577063501e-04
1.099791337225852848e-03
1.882756901612625241e-03
6.868156940214016713e-04
3.736273713160621185e-04
9.966130531923317586e-04
5.536095916356286633e-04
3.321222817818783916e-04
3.346188822043730986e-04
7.505405944330980749e-04
1.154015618034114543e-03
6.771871456710295938e-04
1.927517317776541094e-03
5.479328339544488986e-04
5.629448628617535200e-04
4.150717949834159949e-04
9.747587640020797476e-04
9.203882922284952655e-04
8.240910938582291260e-04
4.471017969921065212e-04
5.081527166950019526e-04
1.522608625502008643e-03
1.126738934511705825e-03
5.090982325996733920e-04
1.955000524227412488e-03
4.396052505326626257e-04
7.746241590330080239e-04
5.190793487751606435e-04
1.742438692190755685e-03
9.572646840871391373e-04
9.619753718912413308e-04
6.306337900635237362e-04
2.859104298309585266e-03
4.359940369101750982e-04
3.607534758291139646e-04
9.518854327025752385e-04
5.555129024402280990e-04
4.721464370714476130e-04
4.305579228792198536e-04
3.803475235966659795e-04
4.985874640144990133e-04
6.540359125498854511e-04
4.796056850620301340e-04
9.462164335458921613e-04
3.694130706411450824e-04
1.361709364622496702e-03
1.544514007250292467e-03
6.726429148331829373e-04
2.408040083031538856e-03
3.115670363074771600e-04
5.538638540374753215e-04
5.477433456769036091e-04
1.758468022977656680e-03
4.363738255191202298e-04
5.560168761171899697e-03
4.574861664020750656e-04
5.330739030843424523e-04
5.972886064165154911e-04
1.621196469043979316e-03
6.776270302553074644e-04
4.043925761770319214e-04
6.356458035068581662e-04
1.440831462179389868e-03
8.627892619342017412e-04
4.312574960602696245e-04
2.957471682864672071e-03
6.904986539592025468e-04
2.060935208291475172e-04
3.208930192308663380e-03
6.117212609005218561e-04
5.221415313791703209e-04
1.266234183106738735e-03
4.361325033255467054e-04
5.754038518327912006e-04
7.808447507511513978e-04
5.448107339204710103e-04
5.907550151189386442e-04
2.957471682864672071e-03
6.961235492920808850e-04
8.803232626555107521e-04
2.771406423347626291e-04
1.308023748086812287e-03
2.261716800501744739e-03
9.987598938652701014e-04
2.782883851752545007e-04
6.808212855476336806e-04
1.264445641948056670e-03
2.722395834092897573e-04
1.544398622641597564e-03
5.042541366654946632e-04
3.212121744584703754e-04
1.022405562085291608e-03
9.172706182895138576e-04
9.432519713023453968e-04
6.043699780111576282e-04
3.142470420515628901e-04
6.803839603673849084e-04
2.957471682864672071e-03
2.534508097871322144e-03
1.039721747415075538e-03
3.901416161059954760e-04
9.483266622809918616e-04
4.928427977041616864e-04
2.006292945422264145e-03
3.195780977501203306e-04
4.443418319058249416e-04
5.086068551770523164e-04
8.745555159240019300e-04
2.052339891739524429e-04
6.180234934883148705e-04
1.284067775646881423e-03
1.439130248933700312e-03
6.286849393839442348e-04
5.786990693523426724e-04
7.136306561532705347e-04
2.280457911945717891e-04
3.878683067852194415e-04
7.406704803484585138e-04
6.782873961997350947e-04
1.128111473900839145e-03
3.685394906583366360e-03
1.604817109742948588e-03
2.280296872828388791e-03
1.466076451489932864e-03
7.176333339078415537e-04
1.308301885441034724e-03
2.604816295025126323e-04
7.323436368282046360e-04
2.780699520090975686e-04
2.631213919051528108e-04
5.613929034022080433e-04
1.300884841717841025e-03
9.515674214741518628e-04
2.475065649429849125e-03
5.129727681199228043e-04
1.930706965240042107e-03
3.307919349829284666e-04
8.829458361559438520e-04
5.137556080680278584e-04
4.161059346656287490e-04
5.333206186330311915e-04
3.795256599124377170e-03
6.141197174378632342e-04
8.435539812065450836e-04
4.430564381031831204e-04
5.462308595584746155e-04
9.871342975564982927e-04
1.001953747793556332e-03
4.280374092088784607e-04
5.967213994841546673e-04
6.066418552445775178e-04
1.013125259600704351e-03
5.162790967758981893e-04
5.225146013415345831e-04
5.484611291889216920e-04
7.083841514718778459e-04
1.183513057257628426e-02
1.195528145799679793e-03
1.063874032011707113e-03
5.541079363628334878e-03
3.438525797410682083e-04
6.259877163834848095e-04
5.718197711969048337e-04
5.460498675942137593e-04
3.908324238117692360e-04
5.444735894113250478e-04
1.597367342458923126e-03
4.824958863373044892e-04
7.432727737123539591e-04
1.436434195297426773e-03
1.984592304802893295e-03
3.208349933658958186e-04
4.071340707399187194e-04
7.240392665362378483e-04
9.699621200064758881e-04
6.834281668267552399e-04
1.841893417790435973e-03
1.394046462152867538e-03
2.425851992817425792e-04
1.246191625832740674e-03
4.266431184821079014e-04
5.326501207593077906e-04
3.683372824260455975e-04
1.081672919545349039e-03
5.866724223568816699e-04
5.747646307879927634e-04
8.162908470088270146e-04
9.266591531809097214e-04
4.566741994267237148e-03
8.058944249611940886e-04
5.960708973168770287e-04
9.798204407068101911e-04
1.272175133688356130e-03
5.951013639689267274e-04
3.643706809607529374e-04
3.195560327736801740e-04
8.516383126075247664e-04
5.596468115397131579e-04
6.310821225342607733e-04
5.523650681672850503e-04
5.443770449543723329e-04
8.002601404041714828e-04
6.887593432356517572e-04
3.466126515218611410e-04
2.351943547311663874e-03
2.022655630278299543e-03
1.675739300660589398e-03
9.823932321852684325e-04
5.830808087744654032e-04
3.535412028723345138e-04
9.831804102075844282e-04
8.479887593611510396e-04
8.185552248284217207e-04
2.676592858722426707e-03
1.497691599134969064e-03
2.957471682864672071e-03
8.316150213777506565e-04
4.951156735388173493e-04
1.284067775646881423e-03
2.166527881710342014e-03
1.107749254120257926e-03
8.057859472445974818e-04
1.387854214703415417e-03
6.558813646316041844e-04
6.339179123213888002e-04
5.297453015903743961e-04
2.542431750287347820e-03
8.877039499607575126e-04
6.133083153918117512e-04
5.614574673108984346e-04
8.583486422605467094e-04
6.144933711090802336e-04
1.071210158441665778e-03
5.603510753363414969e-04
1.306222211459840202e-03
1.217826807565566263e-03
1.328093520734309214e-03
4.835301649512348818e-04
6.693201808193870736e-04
8.278290305550053355e-04
2.242220816768348331e-03
5.279680331800882045e-04
3.827908004420144681e-04
6.175133065544722178e-04
6.925311545860590419e-04
1.718968552228517877e-03
1.112382997838467320e-03
9.922646533530110960e-04
1.685589137136083446e-03
1.172833992030576471e-03
2.005799652613478399e-03
6.987421632509945631e-04
4.681287765974971940e-04
6.116058438488273857e-04
8.054718900521185823e-04
4.714350362037782530e-03
5.550919450282860556e-04
2.778356007849006005e-04
1.009154005281164132e-03
1.862011704523381913e-03
8.204767706599579375e-04
3.628591220787606643e-04
3.939736568983742823e-04
1.145385135158269842e-03
9.459462474728227510e-04
3.553876521182224631e-04
1.016617190570308273e-03
1.737349530597364451e-03
2.021362764608220126e-03
8.707181321403352752e-04
4.121678171647234334e-04
5.950998756514245007e-04
1.692113485157111397e-03
5.139344538849094368e-04
1.380773175612543023e-03
1.048912722998581078e-03
6.508701075417692257e-04
3.140725536570714536e-03
1.377224929700055249e-03
3.111290573403857444e-04
2.623962536935849164e-03
5.293437710793326987e-04
8.427889883870965824e-04
2.534979524192047438e-04
3.427160651143090352e-04
7.620705797597212422e-04
4.029268123749628295e-04
5.255129204356339670e-04
1.616994803467737508e-03
1.323869759051794163e-03
4.040536331724108531e-04
7.847224917799199137e-04
1.017296166570333480e-03
4.769478956591026832e-04
1.962208503095804390e-04
5.233346370803356167e-04
1.146304916341618369e-03
1.227886243991139440e-03
6.545041000471185730e-04
8.583486422605467094e-04
8.065661121259545601e-04
8.327235911844063903e-04
6.214417749017555302e-04
8.417886507646700142e-04
5.578365657450950078e-04
3.611766263363905749e-04
1.010088346900763672e-03
1.407222802779913365e-03
1.125023206443360622e-03
4.662603761838891858e-03
1.754011870169225936e-03
3.416596627981222296e-04
7.386075834484969382e-04
1.782424173239769869e-03
5.243516127907361718e-04
1.593784874395054191e-03
1.089188987301278324e-03
3.125364812204985392e-03
4.142850538183721443e-04
4.179394851380629529e-03
4.885861994103466886e-04
4.543735084486105746e-04
4.523311358519047261e-03
8.288157820003946678e-04
7.102226176894238518e-04
4.541122744552426632e-04
2.468216846326446064e-03
2.884017111586612350e-04
3.597518207841316927e-04
7.349832078620105154e-04
8.219769328899613307e-04
7.094472946113049554e-04
6.352560784696919573e-04
5.162187595634164326e-04
3.018556284174739443e-04
8.679013200459088527e-04
1.055299391141722304e-03
6.382327579128325079e-04
8.512324161191209835e-04
6.356673967536286734e-04
3.786893953054143035e-04
2.725669683379096050e-04
7.884155762477024340e-04
1.748617811329247762e-03
3.894842255845224702e-04
1.212620990870024677e-03
4.163047906866622393e-04
1.345010617934379879e-03
2.382561242540911454e-03
8.688297915575230856e-04
5.035935800703681374e-04
5.541173231330944783e-03
3.135680952038985472e-04
1.040782309555226149e-03
1.020434961951586063e-03
3.599531428845549239e-04
1.457160139234765306e-03
1.042285963593072521e-03
5.785709090192008800e-04
4.796056850620301340e-04
5.749670965443455560e-04
7.459717919950326027e-04
1.284808613582920714e-03
5.439842671200143280e-04
2.484302656999742235e-03
6.549911060569396561e-04
4.362094908386455853e-03
9.534848778166727518e-04
1.156696798204380656e-03
6.353994534975652714e-04
8.816912129837088880e-04
7.832151825710488569e-04
1.820479982662792347e-03
7.708571382955916760e-04
1.388615648094134727e-03
7.421517933571944231e-04
4.909387964966885993e-04
4.325923179524312915e-04
3.311877313107117345e-04
4.578703561136077105e-04
6.014030061377358561e-04
4.503425225140910825e-04
1.515668083444266217e-03
7.266898755699668791e-04
1.338092525320509242e-03
9.552345155540453193e-04
6.469674656585516770e-04
6.419622970313824993e-04
1.097243999339040906e-03
2.009447022558652138e-03
3.348199085238807819e-04
5.972487679800245024e-04
2.459126491423994877e-04
7.894479365265862948e-04
1.233296612808231722e-03
3.506037300583884756e-04
4.990285590830687880e-04
8.623107836201148986e-04
4.299319284996607708e-04
1.021411551470842146e-03
9.825731454215875724e-04
6.735136879640404861e-04
1.604810226561250797e-03
6.334697921151022457e-04
4.993530107544315397e-04
6.353994534975652714e-04
4.414473624252331931e-04
1.541501314462107204e-03
7.407239174547268707e-04
1.575651489408262142e-03
1.118978617161788978e-03
7.467847720342076249e-04
4.038692366878525908e-04
1.017193427184930662e-03
4.215314664616928936e-04
1.006379251325261555e-03
1.354572523459901361e-03
1.213023866209028039e-03
8.770685249077069803e-04
1.999549294565338038e-03
2.176830484431505584e-03
1.416212159844879763e-03
4.808606736412859828e-04
7.541498338621520359e-04
3.266352177297829123e-04
9.865293281388670850e-04
4.378431444829606863e-04
1.343544704320215333e-03
4.173826758109221396e-04
4.321922650539175331e-04
4.094229497610525279e-03
1.126843419045597686e-03
1.274542486751450163e-03
4.236997737801522943e-04
5.465715402634592230e-04
3.380775017840059976e-04
7.176333339078415537e-04
1.846181508193381598e-03
5.157884797978872816e-04
1.017689918109037370e-03
4.165911380745879059e-04
2.403209283288016643e-03
4.026779617974700571e-04
7.622466890810538883e-04
4.287577708703521314e-04
3.612962217673555557e-04
1.170151416412282177e-03
1.397962918655864042e-03
3.734216214796867521e-04
6.113617097414389499e-04
5.082797709790291439e-04
3.467527804057829953e-04
6.181377611048876047e-04
9.988044916739203822e-04
1.101377141052780088e-03
1.000127891096884609e-03
3.820187276129168854e-04
2.689957735341935762e-04
2.710840645449890101e-03
5.165880628533958902e-04
1.206684778257876732e-03
6.757720500719240856e-04
4.518350623711179679e-04
7.438956804927035872e-04
3.600637795878330210e-04
4.217197396118969334e-04
7.801641641879850054e-04
7.671661820036450178e-04
2.957471682864672071e-03
3.980043974915835185e-04
1.984592304802893295e-03
4.299319284996607708e-04
1.807051627861389238e-03
1.071601992683120317e-03
1.792606185247548828e-03
9.293143259072184081e-04
2.242220816768348331e-03
8.353279966836741439e-04
1.127275845219135415e-03
1.397655448859262510e-03
6.181377611048876047e-04
4.202009769666420480e-04
4.016270153647469050e-04
1.013990822839924222e-03
3.539523519634319663e-04
1.069137212744255107e-03
1.099229930812005559e-03
5.345891413306877405e-04
1.109005979813014291e-03
1.358340646399073572e-03
3.800198708723968150e-04
6.168320559556964488e-04
1.144134214731976551e-03
3.679638052913779202e-04
4.230917674405904657e-04
1.163106478822286413e-03
3.362955644959659944e-04
6.938463246991656910e-04
2.988325098518891838e-03
5.036428493916182388e-04
2.957471682864672071e-03
5.541079363628334878e-03
5.011274179323643631e-04
5.229528142950876611e-04
2.702320234864120582e-04
1.271433498089197690e-03
1.216858847239434558e-03
5.813462579244624414e-04
1.150527829241708867e-03
1.384501622109162149e-03
5.803812405657484590e-04
2.123460717929786558e-03
7.705952324172253348e-04
1.384580100231395938e-03
3.439427126659931892e-04
4.879768554047340706e-04
7.092898936794537817e-04
3.550239288726825390e-04
3.929916647820331653e-04
4.885257100497832549e-04
1.067150508214316116e-03
2.580517192867327956e-04
7.580603092590569103e-04
4.423971949879679645e-04
4.921701230038008287e-04
1.293585296997969277e-03
9.770685088863982886e-04
1.696224604088455556e-03
7.832151825710488569e-04
1.794003874694645017e-03
1.358340646399073572e-03
4.602831239645865046e-04
4.561441695956882573e-04
4.832387972842144353e-04
1.009346443757223183e-03
5.267043573043375020e-04
3.370451095999960804e-04
4.591900160105787131e-04
7.697595356706258716e-04
4.924981707205652480e-04
2.261716800501744739e-03
3.342238840369164536e-04
3.837110051625615805e-04
8.988276983719273912e-04
1.111977750234057708e-03
5.588754899103802942e-04
7.102226176894238518e-04
3.074103289358494102e-04
1.448820224063009652e-03
4.121785672203444480e-04
3.218020165982627421e-04
6.815962056550182134e-04
2.381665136566452361e-04
4.327966146678025451e-04
4.875498692781451700e-04
6.138779982584733654e-04
6.885652056727859091e-04
3.471166998296425481e-04
1.245664076236573320e-03
2.480889238353484964e-03
1.884515448530541069e-03
4.438911800712281881e-04
1.026134419831173893e-03
8.627892619342017412e-04
3.329747760866239893e-03
7.092496901521894246e-04
1.419211132945486517e-03
5.863791908538583701e-04
1.132390401678759527e-03
7.915130679126682013e-04
1.131737178908268906e-03
5.669117819067958416e-04
5.177484790137380213e-04
4.796056850620301340e-04
4.677722731092790408e-04
2.801393642985670570e-04
3.262048993151596909e-04
4.582734972698048500e-04
8.411438302853525492e-04
1.437991619798043626e-03
5.875211186894338522e-04
8.492369385714199775e-04
1.818801041849038872e-03
3.638728932198941556e-04
3.738302675939907658e-04
3.390877325403652415e-03
9.609560980701451101e-04
1.270628590149303115e-03
6.692389264672379476e-04
1.193126779555073787e-03
1.186928122715511002e-03
3.698439315443477742e-03
3.579817174517456371e-04
6.420525537371669575e-04
5.218759370981188158e-04
3.349418255692924572e-04
3.929916647820331653e-04
9.000653272840391942e-04
2.957471682864672071e-03
8.419245486041594673e-04
4.420605806006424124e-04
3.452855375953864294e-03
7.797135311279213953e-04
4.796056850620301340e-04
7.624297775984608967e-04
4.773782814214445067e-04
9.595324363799583468e-04
2.928493958094611897e-04
5.074715812789115134e-04
4.800101860474894873e-04
8.930364543462802635e-04
2.873043853708561021e-04
4.403828946319468247e-04
2.400972213282225130e-03
