2.693565304416749859e+04
2.761308840199231054e+04
2.753668472822458716e+04
2.708246173476560944e+04
2.753826796493936126e+04
2.685881536767616490e+04
2.660358651235870639e+04
2.659944366138948681e+04
2.763328752050025651e+04
2.750706434976925811e+04
2.759135568101739773e+04
2.747280664196756697e+04
2.696000004182488919e+04
2.754213282731385698e+04
2.631375845761482924e+04
2.692276140718734678e+04
2.750508302021303825e+04
2.703021945999722084e+04
2.741658847299830813e+04
2.710671493394020217e+04
2.719658285839782184e+04
2.741555008485556027e+04
2.761246969653009728e+04
2.761691156625340227e+04
2.748020429069411330e+04
2.731382880645133264e+04
2.745623710340793332e+04
2.758221650660077285e+04
2.685910599592301878e+04
2.703879585443754331e+04
2.590828281164573855e+04
2.739800554198034661e+04
2.748467841666180902e+04
2.706806512115798250e+04
2.735984486246556480e+04
2.692996656765825173e+04
2.609479935467705218e+04
2.742989026538750477e+04
2.743206197944754240e+04
2.675859848441671056e+04
2.761358141578844516e+04
2.687318630582029436e+04
2.702275022271145281e+04
2.682380885529121588e+04
2.678981830261199502e+04
2.734973365204384754e+04
2.713109807570536213e+04
2.756041433125412004e+04
2.736886103112786077e+04
2.573958281418072875e+04
2.690442285273184098e+04
2.736160272438331594e+04
2.723879200540229795e+04
2.723852853122626402e+04
2.696841920401406242e+04
2.740473302338294889e+04
2.691664221952700609e+04
2.710778199263831630e+04
2.749512751548705273e+04
2.574056181881661178e+04
2.762684641481531435e+04
2.719963751484213572e+04
2.704287111391525104e+04
2.731469580193994625e+04
2.754159270499988634e+04
2.696545728851673630e+04
2.676553884360341908e+04
2.657981583730268903e+04
2.730617818433517823e+04
2.713516512336650339e+04
2.738572937157080742e+04
2.754639946233943920e+04
2.704250933885898849e+04
2.745493170009596361e+04
2.661916666860366240e+04
2.756326117168731435e+04
2.618926096063308796e+04
2.750463540273172111e+04
2.739529010522005410e+04
2.672801422102859942e+04
2.728323839929400128e+04
2.497239422761017340e+04
2.714932754980086611e+04
2.750500594858144905e+04
2.686901055295567494e+04
2.732323675854651083e+04
2.637568381566967582e+04
2.733522988522768719e+04
2.713007513939808996e+04
2.636646082275795561e+04
2.759583696417705505e+04
2.717153378169726057e+04
2.660959470821320429e+04
2.691893917775400041e+04
2.697155174095158873e+04
2.759470474799509975e+04
2.754631770264895749e+04
2.753540234658106783e+04
2.651407833450713952e+04
2.728654828717446799e+04
2.722844211741969775e+04
2.753810198713823775e+04
2.687275953767756437e+04
2.736813492011688504e+04
2.751501023321623506e+04
2.757045255636832735e+04
2.754150147839208512e+04
2.760766952052892884e+04
2.737113553616802528e+04
2.715679818902206898e+04
2.745548522502112610e+04
2.679305752284252230e+04
2.705826328227191698e+04
2.740485841479150258e+04
2.734046646853537095e+04
2.712903842548681132e+04
2.716026249353054300e+04
2.708889102179259498e+04
2.666662869384705118e+04
2.664348563693062169e+04
2.754639205661712185e+04
2.698653094645734382e+04
2.738629331634136179e+04
2.623322208232858247e+04
2.614311042902985355e+04
2.714966850936468836e+04
2.719390613704720454e+04
2.723186571159672894e+04
2.728956822483014548e+04
2.641056912642131647e+04
2.704483227692796208e+04
2.763311963599776209e+04
2.659563567080055509e+04
2.741311616932268953e+04
2.730209505762142362e+04
2.737475433559405792e+04
2.754211555666609638e+04
2.734328762288692815e+04
2.738298663328260591e+04
2.745193176535308885e+04
2.704437670099717798e+04
2.721403164207650116e+04
2.752944569889139530e+04
2.744673726459775207e+04
2.710909769060123654e+04
2.749049629581198678e+04
2.662524456683229801e+04
2.761822778621987527e+04
2.733565464573223289e+04
2.614609895469450566e+04
2.745701828872034093e+04
2.742939931086738943e+04
2.748205398518955190e+04
2.692895684947141854e+04
2.731123866497726704e+04
2.747967656106604409e+04
2.743286059734545415e+04
2.747916474730987102e+04
2.712760144623320957e+04
2.748917602381779579e+04
2.674252354832287529e+04
2.758592846599382756e+04
2.707917130056446331e+04
2.698611325300688623e+04
2.744516192811140354e+04
2.751020879276696360e+04
2.761247061370885785e+04
2.673710464382224745e+04
2.741656607405119576e+04
2.675433626996671228e+04
2.748274321047592821e+04
2.762274955262171716e+04
2.702971351188539120e+04
2.613874348869101232e+04
2.752680008960302803e+04
2.700482657883019419e+04
2.757505973435524356e+04
2.731117457152371207e+04
2.619066203209520609e+04
2.761486742819296342e+04
2.761152413429335138e+04
2.708246173476560944e+04
2.733030977895184333e+04
2.746711714422054501e+04
2.760661686003208160e+04
2.716118212169125036e+04
2.664930686477630661e+04
2.729292402687986760e+04
2.695690164476534119e+04
2.635054933601272933e+04
2.671608956567152200e+04
2.706944562233945180e+04
2.700955018495213881e+04
2.759544447977661912e+04
2.685070292642667482e+04
2.761813617648360378e+04
2.726954000783470838e+04
2.679542268095159670e+04
2.713345791425951757e+04
2.730001778621382255e+04
2.733186270837235497e+04
2.706970104213102604e+04
2.742240519731643872e+04
2.720729926003795117e+04
2.664214583276204939e+04
2.756079385965378606e+04
2.653643642410793109e+04
2.731628851367904281e+04
2.653449230978435662e+04
2.723798818365827901e+04
2.756748975158741086e+04
2.678338768535431882e+04
2.734277740961636300e+04
2.756219336908588593e+04
2.593903638007321570e+04
2.749350136939232470e+04
2.760581884091277607e+04
2.740435651774722646e+04
2.681226667717169039e+04
2.699313019612888456e+04
2.762535426668641594e+04
2.660046752376852965e+04
2.760013853366881813e+04
2.663633296173383133e+04
2.754826779164890468e+04
2.757998650855668529e+04
2.736168397842274862e+04
2.758938592646664620e+04
2.734513189484729082e+04
2.753020024963057222e+04
2.748478996377955627e+04
2.714144489536101173e+04
2.567861893558812153e+04
2.752732449688243651e+04
2.759934232864560909e+04
2.715549318871747528e+04
2.652296141900787188e+04
2.676553884360341908e+04
2.532012390062831400e+04
2.725102585485977033e+04
2.754639946233943920e+04
2.732789602627179556e+04
2.633997395073902590e+04
2.751395385189699300e+04
2.603423685109250073e+04
2.612629879530939797e+04
2.606991721120398870e+04
2.563636583325042739e+04
2.749169446355781110e+04
2.739251031603630690e+04
2.752216849779710901e+04
2.727086436786521517e+04
2.674157765653772367e+04
2.664708222439086967e+04
2.726234708899452380e+04
2.746683969620274729e+04
2.657470281392658217e+04
2.746067148143313534e+04
2.693851862440250989e+04
2.757802751275477203e+04
2.683175056456579841e+04
2.760967075878017931e+04
2.753071649476821040e+04
2.699934632099470764e+04
2.705441182407156157e+04
2.714105798313373816e+04
2.753294599741811544e+04
2.715125500105552783e+04
2.689744317867860809e+04
2.687558138712453365e+04
2.734921248270422075e+04
2.733902298727803282e+04
2.758937585855538782e+04
2.602304212532989914e+04
2.744725525582944101e+04
2.677203452861171536e+04
2.740182660657288943e+04
2.689848422609760019e+04
2.733241703186641826e+04
2.759276536378881428e+04
2.744742213555800845e+04
2.736647678145839018e+04
2.655642854894065385e+04
2.723852853122626402e+04
2.522412945587885042e+04
2.690814923521079618e+04
2.757557104347232234e+04
2.710152099096517486e+04
2.715544140142877586e+04
2.731468664873597299e+04
2.726775390788245568e+04
2.762702970969062881e+04
2.691471054766334419e+04
2.760408378008119325e+04
2.728179135867741570e+04
2.624044116089081217e+04
2.655536088587657287e+04
2.762076552084798459e+04
2.752473976372727338e+04
2.725717331928473868e+04
2.737591285101359972e+04
2.707751787956043700e+04
2.645851028527991730e+04
2.744761786647511326e+04
2.762830014349395060e+04
2.718742592596559552e+04
2.632996431262201077e+04
2.647997436454063427e+04
2.719210471333655732e+04
2.723156435611368943e+04
2.762684641481531435e+04
2.668570415232930827e+04
2.705678200543447747e+04
2.692082295818842249e+04
2.701210970645245106e+04
2.698567577754945523e+04
2.698997763120642048e+04
2.739228711979350192e+04
2.755513911622446176e+04
2.720353544511947985e+04
2.730079564913080685e+04
2.724845741839141556e+04
2.718907827810649906e+04
2.745060480739976629e+04
2.644540795716849971e+04
2.722650570758621325e+04
2.727417530065523169e+04
2.739503652174850140e+04
2.736435189219252788e+04
2.703087994016003358e+04
2.760646323775635392e+04
2.729609693761906965e+04
2.762240927772111900e+04
2.693117351913150924e+04
2.737529787047230639e+04
2.604216847128662630e+04
2.735315802769891161e+04
2.746771085624261468e+04
2.744588984192036878e+04
2.748609794436481752e+04
2.721448374284217425e+04
2.735928621632762224e+04
2.714920846566034743e+04
2.743576175929277815e+04
2.601947909029332368e+04
2.753827827112756495e+04
2.692765319409681251e+04
2.714090159868204501e+04
2.716812232231832604e+04
2.754404540179797186e+04
2.725349955643888825e+04
2.711225958222454210e+04
2.620913406950896751e+04
2.448575483684909341e+04
2.756409232794511627e+04
2.743336495621806534e+04
2.513338202693067433e+04
2.655642854894065385e+04
2.682532854485829012e+04
2.678278135083163215e+04
2.744408943681254459e+04
2.757304782266209077e+04
2.745427646414996707e+04
2.705482010267164878e+04
2.742760319652695762e+04
2.713522049810674798e+04
2.730389378521787148e+04
2.717404306678373541e+04
2.688627848887570872e+04
2.683469038652805466e+04
2.686201213847936742e+04
2.695710024044365855e+04
2.730907807640148530e+04
2.742413287704481627e+04
2.734754019175390567e+04
2.709426900126593682e+04
2.657337301973995636e+04
2.754166844594618306e+04
2.664348563693062169e+04
2.638298252011492150e+04
2.735967732962295122e+04
2.704250933885898849e+04
2.685490251202311629e+04
2.760792325932512176e+04
2.739289859142789646e+04
2.738554987362651445e+04
2.728113979609750822e+04
2.709159752101831691e+04
2.705304634242278553e+04
2.715112585190124082e+04
2.754223882296052034e+04
2.738546157667613443e+04
2.757155261050569970e+04
2.762022707652497047e+04
2.751829773068787472e+04
2.761259954498545267e+04
2.736740586548946158e+04
2.682988182383481035e+04
2.731891362025322451e+04
2.747338376096513093e+04
2.691453939474452636e+04
2.746303631409507216e+04
2.742516910048470163e+04
2.615689338605908415e+04
2.757705997076749918e+04
2.648556004925520392e+04
2.738271441184747528e+04
2.723096312846283399e+04
2.742564394516087486e+04
2.713009418830682989e+04
2.755683419996948214e+04
2.603536157592317613e+04
2.751454629428326007e+04
2.743936402146462206e+04
2.753781389856800524e+04
2.739946089539481181e+04
2.716213291337598639e+04
2.746610180473770015e+04
2.733147824167846557e+04
2.695818848141840863e+04
2.730823903239120409e+04
2.675170123129116837e+04
2.738939823851223628e+04
2.755853911484347191e+04
2.634978174587605463e+04
2.687510265757037996e+04
2.694997570088411157e+04
2.760094858277378080e+04
2.755120707604256313e+04
2.726714874589752435e+04
2.675683262852568441e+04
2.646337683308915439e+04
2.662131825681504415e+04
2.760291823379468406e+04
2.591926154722919455e+04
2.684623815857804584e+04
2.640840782812198449e+04
2.729325346356589580e+04
2.676601046889583085e+04
2.553872247811316629e+04
2.734996017478308204e+04
2.762281928132110625e+04
2.755520050808063388e+04
2.694320183928165352e+04
2.720293008096308768e+04
2.727981685578369797e+04
2.609935424918531498e+04
2.760637101716962206e+04
2.698494631031173776e+04
2.748437573115649866e+04
2.654315147437628912e+04
2.742381858756577276e+04
2.708332732349806611e+04
2.647183531360505003e+04
2.539212424933096918e+04
2.718035266752164171e+04
2.537685625424730097e+04
2.702219789178108476e+04
2.741387401369534200e+04
2.681790549903320061e+04
2.735353923470919108e+04
2.665815691562392749e+04
2.733647240026258078e+04
2.640213594219077640e+04
2.759973599871167244e+04
2.727928189896653930e+04
2.681456731936179858e+04
2.758092786457759212e+04
2.644252525363893801e+04
2.738315031861222815e+04
2.749518829225159425e+04
2.758095198027246806e+04
2.733660489400697406e+04
2.706165060889351298e+04
2.723179280855045363e+04
2.711778238027825137e+04
2.746139122806093656e+04
2.657344532926319516e+04
2.745467275299325411e+04
2.714142920584748208e+04
2.749433270631577761e+04
2.656066360586874362e+04
2.706900924374645547e+04
2.744761786647511326e+04
2.758628671732646762e+04
2.734449149174970080e+04
2.748191958475793945e+04
2.745749610556570406e+04
2.657981583730268903e+04
2.735632761721301358e+04
2.739349757621659955e+04
2.695710024044365855e+04
2.760318121248456009e+04
2.735976794764489750e+04
2.734625326015283645e+04
2.540266185473052610e+04
2.716973451085615670e+04
2.716689462519124936e+04
2.735349904571895604e+04
2.758938592646664620e+04
2.696756579384415090e+04
2.742565588991524419e+04
2.748118335186416516e+04
2.586030853635217500e+04
2.749262866520183888e+04
2.612629879530939797e+04
2.606991721120398870e+04
2.653848934665570414e+04
2.750160088859149255e+04
2.689134277362174180e+04
2.746522062962131895e+04
2.648701614191375120e+04
2.650073820076203265e+04
2.754523201890687778e+04
2.620697222922843866e+04
2.663721003149939497e+04
2.753971514218016455e+04
2.745013773967590532e+04
2.707490458213818056e+04
2.710684169985871267e+04
2.736021562778694351e+04
2.740852101085947652e+04
2.761642300184579653e+04
2.751135843705563457e+04
2.755575588384543516e+04
2.714636644026430440e+04
2.668629875371145317e+04
2.739741263708221959e+04
2.737572194414604746e+04
2.720085654987529415e+04
2.757690490626419341e+04
2.739673363907576277e+04
2.751423384938507661e+04
2.621482595432258677e+04
2.758203768336014036e+04
2.731888016627706384e+04
2.728676054593207664e+04
2.748369135906986776e+04
2.754030954818764440e+04
2.737609182281803805e+04
2.688912648119845835e+04
2.734483519195811095e+04
2.750263707467423956e+04
2.676419763457506633e+04
2.744329056168202806e+04
2.720295061827098834e+04
2.733632993039384019e+04
2.721820606101511657e+04
2.727417530065523169e+04
2.691435565848051920e+04
2.644396957244592340e+04
2.670991427485860186e+04
2.664625881934446807e+04
2.635643734541738377e+04
2.739925171797421353e+04
2.706909137888858822e+04
2.745813714035910380e+04
2.740758510992390802e+04
2.693054880418517132e+04
2.718494959942630521e+04
2.715157910759947117e+04
2.734207860784564400e+04
2.691626399987292098e+04
2.749583031128301809e+04
2.759844999409880256e+04
2.758475062950748543e+04
2.722972019018813444e+04
2.665441558949396131e+04
2.750463540273172111e+04
2.713400113374085777e+04
2.629412880788628172e+04
2.662939670619628305e+04
2.679509733310513548e+04
2.740403294964980159e+04
2.614908032833547622e+04
2.725215603459742124e+04
2.615671919262208394e+04
2.712611063319867390e+04
2.737836727520129352e+04
2.614926970690057351e+04
2.746303631409507216e+04
2.760725369135980873e+04
2.621982718597289931e+04
2.754974024018674390e+04
2.705485409875289770e+04
2.703984424890262744e+04
2.687407954190159217e+04
2.760094858277378080e+04
2.708702944051875238e+04
2.703517973021928628e+04
2.627753291280985286e+04
2.664397814456141350e+04
2.734792938181255158e+04
2.757820094944721495e+04
2.736753360663341300e+04
2.682260911863936053e+04
2.755079757420407259e+04
2.730331330157500634e+04
2.753666110903697700e+04
2.755233581354642956e+04
2.622285097742670041e+04
2.727025456561701139e+04
2.693255841868630523e+04
2.725476696626902412e+04
2.706949042489394196e+04
2.733646711650451471e+04
2.646646030232407065e+04
2.725395662198750506e+04
2.582678768325992132e+04
2.756274337191868835e+04
2.742939931086738943e+04
2.695329762875218876e+04
2.714263107154932368e+04
2.672191566047722881e+04
2.760344232967375865e+04
2.710684169985871267e+04
2.716806406139692990e+04
2.674767748420309363e+04
2.682713290496292029e+04
2.758189820055269229e+04
2.644334315665197209e+04
2.732537212630923750e+04
2.707027775260681665e+04
2.655591692396099097e+04
2.746357044421265891e+04
2.731623209064286493e+04
2.724981413082426297e+04
2.682988182383481035e+04
2.740599412065475917e+04
2.645364271536903834e+04
2.643374117298318743e+04
2.720410637525719358e+04
2.589683493795803224e+04
2.634774240897035634e+04
2.716607001372452214e+04
2.758502900445131672e+04
2.709418970369181625e+04
2.733905754801751755e+04
2.677611280277250626e+04
2.665623716094402334e+04
2.648760172951330605e+04
2.734505024865399901e+04
2.743321795187477255e+04
2.559852343789122096e+04
2.721883396793584689e+04
2.645364271536903834e+04
2.746237002283968468e+04
2.729059470932497061e+04
2.723672682758993324e+04
2.712591848252999625e+04
2.690792246007709036e+04
2.535342565024219221e+04
2.691428512102953391e+04
2.592197904067370837e+04
2.752694474233242363e+04
2.729292402687986760e+04
2.752982845558558620e+04
2.748934788481582655e+04
2.678347631379628001e+04
2.752806165815407439e+04
2.642844074556035775e+04
2.736244101107174356e+04
2.741556686807993538e+04
2.665219073651194776e+04
2.725709192356172571e+04
2.753712523047574359e+04
2.753901325355898007e+04
2.730123634093849250e+04
2.648070595503573713e+04
2.650043643645860720e+04
2.753105357618418202e+04
2.618926096063308796e+04
2.620205139501360827e+04
2.746223594786662579e+04
2.750007874702738627e+04
2.758383445497633511e+04
2.692384243394942314e+04
2.683026005807370530e+04
2.666423301501487731e+04
2.731070064297995850e+04
2.741478257832024974e+04
2.611314654293960484e+04
2.686774786447002407e+04
2.707879053749627928e+04
2.747095254278026550e+04
2.748708104621696111e+04
2.724453125107482629e+04
2.757916408860389492e+04
2.741601056258013705e+04
2.727225083457658911e+04
2.728415937714893516e+04
2.684575750311832962e+04
2.730452678175926121e+04
2.751036616728511581e+04
2.758752399573002913e+04
2.761308867247972375e+04
2.662118315437775891e+04
2.757851998094443843e+04
2.755598992251962045e+04
2.762591955207083811e+04
2.755602723613759736e+04
2.738657232883578399e+04
2.747792700535004406e+04
2.731820316621657548e+04
2.630052523261894385e+04
2.700716272269563342e+04
2.524316267828828859e+04
2.691409514120295353e+04
2.760450568127547012e+04
2.759335723327608866e+04
2.755890466578054475e+04
2.630408448586071609e+04
2.728017389484458545e+04
2.729340478676241037e+04
2.706152967048584833e+04
2.652189447958608798e+04
2.686586140342082945e+04
2.723297161214477819e+04
2.751615563838885282e+04
2.748934788481582655e+04
2.632515678216804372e+04
2.744881649478094187e+04
2.688252540143581427e+04
2.725103824883102061e+04
2.737358210595713899e+04
2.740405056779399456e+04
2.734350711909439269e+04
2.711158560223643872e+04
2.712651393244508654e+04
2.761714007073820540e+04
2.720322482442234468e+04
2.669281577102983283e+04
2.753498789439773100e+04
2.664961087119628064e+04
2.757982064326504042e+04
2.729424018419180356e+04
2.747659045155716740e+04
2.756450373791680613e+04
2.692888212675148679e+04
2.737690248793063074e+04
2.678925697768355894e+04
2.746880404513955727e+04
2.680990352699744835e+04
2.752523417789148516e+04
2.695815775848978228e+04
2.734135612714789022e+04
2.607375950920789910e+04
2.719540001351384853e+04
2.719197611899151525e+04
2.757723828113183845e+04
2.524316267828828859e+04
2.682418537899468356e+04
2.699955994800483313e+04
2.760690008652540564e+04
2.689419512364277034e+04
2.693708681583008729e+04
2.684367264991188131e+04
2.750478222204865597e+04
2.757549464359255944e+04
2.754528374518607598e+04
2.761448305585084017e+04
2.754662956789950840e+04
2.477657175831039058e+04
2.706766928012458811e+04
2.690314966283461399e+04
2.623597867106355989e+04
2.729196153402735945e+04
2.614084130891545647e+04
2.760647445520007750e+04
2.626438710625698150e+04
2.736527666908646643e+04
2.684860732362637646e+04
2.751016317271715525e+04
2.492964833212465601e+04
2.647548908925166324e+04
2.729890894643105275e+04
2.672527291866126325e+04
2.592206808637824724e+04
2.695363482905938872e+04
2.736864559281012043e+04
2.727025456561701139e+04
2.664365111142524984e+04
2.669220787448030023e+04
2.731234005254333897e+04
2.635310812383052689e+04
2.745884440750328213e+04
2.725293866536055430e+04
2.722752012187763466e+04
2.753401812098640949e+04
2.715765503731735953e+04
2.507369741657910345e+04
2.736703279214329086e+04
2.752216849779710901e+04
2.698280843236568762e+04
2.758565957010044076e+04
2.676652884342076140e+04
2.667900937862625142e+04
2.739139571558787429e+04
2.744768195991408720e+04
2.719579137097350031e+04
2.749474978947552154e+04
2.737978162866342609e+04
2.734484229482916999e+04
2.731239139010600047e+04
2.734372140036081692e+04
2.694798624469613424e+04
2.698609747123200941e+04
2.757283251256338554e+04
2.746097457817006944e+04
2.758515538103483414e+04
2.722204101921361871e+04
2.683006347849207668e+04
2.756443554452009266e+04
2.655642854894065385e+04
2.646924684388005699e+04
2.706386702848607820e+04
2.759914967278872791e+04
2.748934788481582655e+04
2.743609762450385460e+04
2.722143983209119324e+04
2.759663949837703694e+04
2.711105388046441294e+04
2.735038054807004664e+04
2.737127754576387815e+04
2.707898580094573845e+04
2.719830823374264583e+04
2.687773773768675892e+04
2.761746391546160885e+04
2.666215406735284341e+04
2.564716484067854617e+04
2.538541665895016195e+04
2.701766203027841402e+04
2.754362948943932861e+04
2.621409707602988783e+04
2.762087880072491680e+04
2.633787004250437894e+04
2.681631652477721218e+04
2.584005577450656710e+04
2.735648608137614065e+04
2.735564268174334575e+04
2.717766895957118686e+04
2.719181648248399870e+04
2.729857615319041361e+04
2.681792447008490126e+04
2.731898727715726272e+04
2.743983298611579812e+04
2.551047672760317801e+04
2.718254956954910449e+04
2.646499047018439887e+04
2.698853453853110113e+04
2.752595337797055981e+04
2.720775698827263113e+04
2.690534953953755758e+04
2.744300035051775922e+04
2.747662571211702743e+04
2.733868376447706396e+04
2.684665693057551834e+04
2.703141242855838209e+04
2.690301129016901541e+04
2.728676508267366444e+04
2.654998427842393721e+04
2.593027379279766319e+04
2.751207631163072074e+04
2.728006638357081829e+04
2.720752748126426741e+04
2.705783948148119816e+04
2.746738963361829519e+04
2.665431498524684139e+04
2.676755469381573494e+04
2.752793052503027866e+04
2.752923901194722566e+04
2.717217297547957423e+04
2.719216610303470952e+04
2.738813187173438928e+04
2.719170710493464139e+04
2.701007910357348737e+04
2.754078040268708719e+04
2.741478257832024974e+04
2.733340568480654474e+04
2.661437967041646334e+04
2.671384902448515641e+04
2.759713193869475072e+04
2.652612664431088342e+04
2.618059327087140264e+04
2.692776311097962753e+04
2.695286811354103702e+04
2.741619688449608657e+04
2.753452361546176689e+04
2.701278976546345802e+04
2.726792000089001522e+04
2.719858806093965541e+04
2.719488236442267225e+04
2.751406448601280863e+04
2.761554134079829237e+04
2.695873297552167787e+04
2.755144949135973002e+04
2.740601242769663077e+04
2.723333522078482929e+04
2.725547445551219425e+04
2.751637041313557711e+04
2.756640878767481627e+04
2.733558741244080738e+04
2.720413732679935492e+04
2.655945661632779229e+04
2.762926226513516303e+04
2.666055997184674925e+04
2.760094858277378080e+04
2.687614263932974427e+04
2.727486871203548799e+04
2.734903753171192511e+04
2.725841627217342466e+04
2.752680008960302803e+04
2.761079519127804087e+04
2.719522866837673791e+04
2.761301217669808102e+04
2.729577434277412249e+04
2.746468157291841635e+04
2.754867992804186360e+04
2.648866272773495439e+04
2.693851862440250989e+04
2.732806099451299087e+04
2.746141508961337240e+04
2.746807059949407994e+04
2.712951932205217599e+04
2.753166067497128097e+04
2.758790508715796750e+04
2.699981293697887304e+04
2.717930064625925297e+04
2.739262525962268410e+04
2.718782106985144492e+04
2.746020698948883364e+04
2.706626062284152431e+04
2.741478257832024974e+04
2.752038806781223684e+04
2.749027609882437537e+04
2.620450077613406756e+04
2.749472192219095450e+04
2.592686382901772959e+04
2.744801366803584096e+04
2.695673081490090408e+04
2.715265526572566887e+04
2.700057574473496061e+04
2.717490163684984145e+04
2.679771646591243189e+04
2.718920133831867497e+04
2.702806014968125965e+04
2.723620242045419582e+04
2.681846997829923203e+04
2.651852375684010622e+04
2.744970250452309119e+04
2.734083488923530240e+04
2.762110055902622844e+04
2.711689286564521899e+04
2.752344933441519970e+04
2.725293866536055430e+04
2.759532174751978164e+04
2.759177653435227694e+04
2.751937585117181152e+04
2.711525355563874473e+04
2.750960624514799565e+04
2.739846392618284153e+04
2.751792949544479052e+04
2.725064710222255235e+04
2.753806672334818722e+04
2.720962875823687500e+04
2.364510419799830561e+04
2.661049554331369291e+04
2.751990738135299034e+04
2.721489010400800180e+04
2.742268091171017295e+04
2.736015355911877850e+04
2.746525174486611650e+04
2.650790442655976949e+04
2.618870926860325562e+04
2.594200133691288647e+04
2.730194324619042163e+04
2.722918313537311769e+04
2.743286059734545415e+04
2.717627559404019121e+04
2.737911526991831488e+04
2.700904379951468582e+04
2.741608429867506493e+04
2.627571991906478070e+04
2.745634629829304322e+04
2.696748079771262564e+04
2.761244610842753173e+04
2.697190805912904034e+04
2.693996092146736191e+04
2.653457079913774942e+04
2.713952914484049688e+04
2.763140353239308752e+04
2.690144879642846354e+04
2.755966508308550692e+04
2.690132006474982336e+04
2.759462039635214023e+04
2.710047767850910168e+04
2.761111803158200928e+04
2.724380414930362895e+04
2.745483018489505776e+04
2.740176185731676378e+04
