3.560190847879877765e+03
3.000771162836068015e+03
3.474338945606385096e+03
3.615591655461214941e+03
3.013114998289458981e+03
3.071445416498888335e+03
2.164699341096812987e+03
3.433312704335158742e+03
3.653622302332235449e+03
3.543188220480124073e+03
3.836860640135333597e+03
2.814258644407123938e+03
2.619291932243017072e+03
3.857277002904816982e+03
2.261787602274375786e+03
3.556256909077097589e+03
3.752801661729723946e+03
3.526899608209429061e+03
2.609577709704351946e+03
2.971809373486261848e+03
2.748669676663724204e+03
3.792032565050772519e+03
3.356385865291779737e+03
2.821058875866107883e+03
2.279485305120339490e+03
3.123262776217722603e+03
3.325231896805779343e+03
3.010632631737007614e+03
3.506448373408395582e+03
3.560534405706580856e+03
2.875986199347866204e+03
3.020598412362882755e+03
2.868437107088460380e+03
3.363687467052605825e+03
3.233154668653371118e+03
3.465295577084770230e+03
2.967271204560298429e+03
3.514790400432142178e+03
2.508820356297489525e+03
2.835377794627872390e+03
3.030583342922085649e+03
2.252910985781623367e+03
3.376043174438635106e+03
2.647184969821604682e+03
2.462986009956006910e+03
3.484887231090186106e+03
3.589836895300832566e+03
3.954572666786633818e+03
3.950995707362472331e+03
3.678123718288585223e+03
3.320396799054761232e+03
3.751049241370525124e+03
2.614737189285527165e+03
2.972004929177704980e+03
1.740633603628970377e+03
1.695057238530963559e+03
2.982847085444610002e+03
3.114866076068499751e+03
3.909021950079187718e+03
3.329895499805017607e+03
3.089542640203141218e+03
2.704799939667942454e+03
2.998687771386924851e+03
3.925399043742261711e+03
3.320857787374536201e+03
3.649549524471451150e+03
3.296368283419582895e+03
2.843536649341867815e+03
2.177493675923608862e+03
3.672481435840324139e+03
2.360574216485257693e+03
3.219142347772055473e+03
2.760779202777377577e+03
3.959075135725015116e+03
2.761848310724645671e+03
3.542446138543195048e+03
2.743553887377444426e+03
2.739204904241349141e+03
3.585802611465038353e+03
3.918781137305804805e+03
3.721350134369742136e+03
2.735869588435400601e+03
3.681104013451483297e+03
3.844983769974650386e+03
3.678555081319877900e+03
3.421224152494545706e+03
3.775214979381257308e+03
2.552138215291119650e+03
2.741656653124455261e+03
2.394826633730615413e+03
3.082667868528178133e+03
3.079657172311924569e+03
3.854003066436285735e+03
2.313245850393212095e+03
2.027907987193535519e+03
3.008174528075643138e+03
3.531227063924055528e+03
3.946000884924812908e+03
2.807705374514884170e+03
3.842795815058449534e+03
2.380762069490703198e+03
2.001916371828586762e+03
3.898972989634910846e+03
3.852894810862079339e+03
3.015452384243953020e+03
2.349708942241581553e+03
2.379328421368625641e+03
3.895035844250204718e+03
3.687214372397089392e+03
2.814114864882678376e+03
2.799105301724524452e+03
3.915792034311333737e+03
3.934095882758848347e+03
3.747573105119577576e+03
3.707766975602150524e+03
3.047903760615678948e+03
3.079622185127602279e+03
3.954809390164529304e+03
3.409129389853015255e+03
2.752377122660855093e+03
3.513226632216632424e+03
2.524968682111433282e+03
3.765735255453944319e+03
2.966107138051143920e+03
2.936704957235578149e+03
3.004187798670051961e+03
2.516942439170937178e+03
2.765702967539814381e+03
3.607476371938343163e+03
3.569988660656978482e+03
1.630641568208211538e+03
3.839419353341319948e+03
2.740661155052825961e+03
3.210340269787381658e+03
3.088755035751985815e+03
3.471211847730858608e+03
3.255237793482396228e+03
2.194374863271027607e+03
2.392504277485310922e+03
3.570070903964215177e+03
3.613549466581139313e+03
3.426287903508149157e+03
2.386381366953211000e+03
3.853934499032854092e+03
2.018534332550930230e+03
3.067692853817401101e+03
3.798708033306236302e+03
2.084368181893930796e+03
3.297202366662629174e+03
3.819227052858739626e+03
3.900545905849428891e+03
3.873460395740159584e+03
3.411031591671674505e+03
2.566194022419258545e+03
3.779987600944371479e+03
3.697425158543987891e+03
3.928308464778065172e+03
2.257918425555209524e+03
2.265585776846275621e+03
3.856945915735178460e+03
3.707766975602150524e+03
3.518174301020857001e+03
3.806789638629184537e+03
3.722915836732854586e+03
2.299309497796004507e+03
2.350299603746927460e+03
3.670640698090403021e+03
2.560583920152343126e+03
3.772255308428035733e+03
2.007129848416263940e+03
3.811889876854674640e+03
2.524968682111433282e+03
2.876536107472084041e+03
3.898038856125092025e+03
3.531308084004551347e+03
2.804396279446092194e+03
3.518559258616745865e+03
3.961332486190131931e+03
3.811338850120023835e+03
2.242320742067244282e+03
3.885926394630445429e+03
3.148394607689598161e+03
2.706026786411404828e+03
3.771739720184627004e+03
2.973167892218809357e+03
2.607142409152312212e+03
3.376551219479086740e+03
3.316609612758904404e+03
2.912225913771210344e+03
2.606171184593223188e+03
2.099849182960830149e+03
1.907180614994673078e+03
3.591006920067385181e+03
2.912878903922713107e+03
2.665501735652809657e+03
2.635662446876167451e+03
3.687155064884665535e+03
3.942230217286002699e+03
3.275764440952418681e+03
3.812063356620083596e+03
3.882249142068326819e+03
2.269013348418228816e+03
2.646692863974772081e+03
3.148217715427552776e+03
3.158298468095037606e+03
3.746489715731281649e+03
3.957692984482331212e+03
3.171851732457811067e+03
3.403567759099090836e+03
3.349703863776138860e+03
3.483819203957565605e+03
3.882014388553852768e+03
2.735713786004785106e+03
3.556284154287859110e+03
2.760608099159057474e+03
3.499905202840283437e+03
2.706516981625781227e+03
2.763390796883944859e+03
2.209601263392508372e+03
2.566976141385621759e+03
2.670605650020162557e+03
3.800547971367232094e+03
3.799663140044702686e+03
3.602334153478032022e+03
2.879782925257278293e+03
3.765377481509930931e+03
3.667211417003935367e+03
2.867633018756497677e+03
3.481404537682376031e+03
3.488536567931472291e+03
3.963224188028546450e+03
3.961138063130686533e+03
3.618441510932811980e+03
2.756592780566089914e+03
2.882451692629835634e+03
2.620954009936244802e+03
3.689984435529780967e+03
3.085606299435646179e+03
3.498353755336972426e+03
3.535062494042313574e+03
3.158298468095037606e+03
2.841862886713978696e+03
2.625252522818309444e+03
2.717857939849962804e+03
2.505474973680426046e+03
3.718793101595114422e+03
2.300816831143684794e+03
3.791535470108433856e+03
3.007330837299280574e+03
3.806374092780872616e+03
3.798666735236595287e+03
2.803435056346111196e+03
3.660590167810870753e+03
3.135938527680636980e+03
3.789788742517152059e+03
3.959027901904592909e+03
3.054167356572703284e+03
2.668380163770439140e+03
3.405878887335418767e+03
2.995417254797510395e+03
3.814744102033938361e+03
3.738711304204358385e+03
3.917972342502687297e+03
2.212550258377909813e+03
2.791868877316669113e+03
3.596569753187449351e+03
3.921442842589925931e+03
2.429950109662188879e+03
2.659880233991331806e+03
3.557911039265877662e+03
3.188377676152585082e+03
2.722282803821199195e+03
3.401711626639254973e+03
2.138367753066762361e+03
3.792673314935635062e+03
2.144185776291988532e+03
3.493655812949071333e+03
3.700250011280352737e+03
3.626271933168706255e+03
3.234127418822507479e+03
2.524633553963817576e+03
2.056378896218096088e+03
2.681732189713295156e+03
3.175175790501412393e+03
3.492244235235049928e+03
2.570020989191864828e+03
3.351725931676680375e+03
2.978624652024225270e+03
3.397435422292202929e+03
2.788677238402306102e+03
3.243153503950793493e+03
3.747225605005477973e+03
3.691885227882563868e+03
2.141851400650304640e+03
3.353852731544580820e+03
3.930640720008409517e+03
2.358432847907106407e+03
2.904818855040451581e+03
2.904073110513476422e+03
3.096398167859672412e+03
3.784123613532594391e+03
2.249270480323919855e+03
3.889451070881274518e+03
3.044841269541537258e+03
2.547842660088907905e+03
2.324294715406032083e+03
2.846761381337409148e+03
3.692948595078860308e+03
2.860868589963090017e+03
2.581797805574385166e+03
2.396716528570285391e+03
2.717214321385806215e+03
3.417744332526847757e+03
3.449555253974076550e+03
3.489078366514614572e+03
3.852170904152954790e+03
2.926423884162446484e+03
3.403023986825937300e+03
3.327342548607255139e+03
3.497705831471343117e+03
2.641947060544169290e+03
3.416881567139544131e+03
2.532408402608137294e+03
2.647171586338587986e+03
2.903439424664127273e+03
3.021397066269537390e+03
3.458784856584778026e+03
3.591056687173999762e+03
2.293831443213719012e+03
2.793179988415162370e+03
2.212183564872455463e+03
3.911472535042708842e+03
2.351965972239893745e+03
3.398703651856194938e+03
3.498848326266907407e+03
3.949519604877333222e+03
2.765963913308340580e+03
2.787954236950160066e+03
2.981691546544276207e+03
2.963042589555741870e+03
3.502428169596096268e+03
3.110814687423402120e+03
3.462025545097902068e+03
3.928065749673572100e+03
3.320233978020395625e+03
2.317840410605616853e+03
3.161815080398653208e+03
3.043958132399996430e+03
3.676176740973191045e+03
2.862106065612011662e+03
2.138184295560744431e+03
3.388658852245847356e+03
3.558802851564450975e+03
2.209303602721598509e+03
2.946870793524663441e+03
2.919035381793228225e+03
3.803467506175100425e+03
3.371185837682582132e+03
2.747762831128617108e+03
2.209440575694596646e+03
3.939640772320403812e+03
2.301737434432518512e+03
3.579134993271248277e+03
2.489963477961823173e+03
3.025232801323013518e+03
2.549682368609868718e+03
2.687922568234977007e+03
2.324294715406032083e+03
2.160214549590425122e+03
3.799398311253012707e+03
2.366663409657177908e+03
3.404539982876178328e+03
1.882581151553189102e+03
2.694652554979794786e+03
3.414028450282210088e+03
3.926667894274431092e+03
2.101234819980376869e+03
2.914155942235192924e+03
3.254454224664507819e+03
3.599499518170979172e+03
2.897493861597350133e+03
3.537626138223153248e+03
2.880130892789823520e+03
1.740633603628970377e+03
3.152142744948522250e+03
3.247099515905749286e+03
2.430935559871576970e+03
2.976233748953482973e+03
2.853254367257860395e+03
3.836457367052449626e+03
2.742743388285473429e+03
2.754422050990292519e+03
2.648303760833035085e+03
3.136340155737130772e+03
3.294553665925328005e+03
2.974664418641177690e+03
3.617041539572334386e+03
3.274606484671860471e+03
2.705163840483010972e+03
3.722545267385944953e+03
3.888612900186077695e+03
3.771299560703186216e+03
2.506124503044691210e+03
3.346166538246410710e+03
1.718732106611243125e+03
3.003489140839004904e+03
3.068350697099380341e+03
3.833676893912402647e+03
3.121526497416579332e+03
2.418898554222991152e+03
2.445543047865249719e+03
3.225129977571579730e+03
3.373947967584113030e+03
3.912339058649150502e+03
3.409829005529506503e+03
2.345441073581683668e+03
3.176809620696432830e+03
2.897549962802613663e+03
2.211020455442112052e+03
3.710359916745654118e+03
2.745452980249574466e+03
3.734546893609623112e+03
1.860361642222599585e+03
3.377489855155503392e+03
2.604288229231107834e+03
2.492185455076451944e+03
2.467187345277596705e+03
3.710736091486303849e+03
3.873835078566491575e+03
3.420787653203815353e+03
3.638965921395695204e+03
3.901039335426957678e+03
3.389959682072352734e+03
3.579134993271248277e+03
3.666046615330659733e+03
3.128989661507786877e+03
3.848351919773629561e+03
3.561379934256089655e+03
3.482768697953391893e+03
3.014597604328406305e+03
3.728111668682300660e+03
3.747225605005477973e+03
3.927682056459627802e+03
3.196449499809253666e+03
2.191149077066119844e+03
3.534551120864337918e+03
2.188469028034924122e+03
2.259430387925395735e+03
2.299305764034948879e+03
3.808140461833380414e+03
3.499638303874708072e+03
3.358165522539664380e+03
3.813707580608596800e+03
3.378171632789155410e+03
2.452646816154103362e+03
2.731945464995884322e+03
2.831625552898178285e+03
2.940974152799779858e+03
2.491724345167828687e+03
3.317057168625759004e+03
2.994288277227098661e+03
3.110647449287927884e+03
3.758756520118063236e+03
2.134548357047318859e+03
3.466582093803263888e+03
2.448769656669977849e+03
3.896235311320000164e+03
2.642606098670808933e+03
3.448345829796118778e+03
3.520476054171774649e+03
3.415987393228495421e+03
3.383649498391890120e+03
3.262721225837767633e+03
3.885244815979642226e+03
3.006596948793096999e+03
2.214914796822642984e+03
2.945808825422255723e+03
3.209712081755629697e+03
2.992376438717398742e+03
2.260336321839331958e+03
3.884006887684378853e+03
1.850043408415454451e+03
3.015452384243953020e+03
2.509746080746704138e+03
3.093909940297603953e+03
3.905261266456195699e+03
2.448175674098158197e+03
3.299296671170864101e+03
2.967271204560298429e+03
2.243425279913952181e+03
3.434844252711412992e+03
2.718053307108108584e+03
2.175565364400978069e+03
3.903247697138633157e+03
3.503019536805652933e+03
3.888548512420284169e+03
2.682402558075469642e+03
3.652688645532954069e+03
3.562483287248438501e+03
3.433474461577409784e+03
2.519813697925143060e+03
2.082135066189935969e+03
2.615344597090556363e+03
2.813354388015975928e+03
2.551862629962695792e+03
2.284519668467745760e+03
2.216311650089995055e+03
3.297832123544333626e+03
2.799151157325914482e+03
3.165853395778420236e+03
2.925257769467094931e+03
3.692922884410287224e+03
2.884985656976249174e+03
3.827372359431447876e+03
3.521755985979034449e+03
3.056575726413885604e+03
3.287745631689752372e+03
3.924514468864039372e+03
3.414028450282210088e+03
2.343154551231748883e+03
3.908415329356515031e+03
2.231109437325898398e+03
3.942781858207015830e+03
3.423802212710887943e+03
3.966219413423295919e+03
2.147370923813697118e+03
2.392392115514713623e+03
3.568455167847430857e+03
2.296811587327284542e+03
2.262468482011326159e+03
2.172759964207594749e+03
2.653261356043669366e+03
2.313245850393212095e+03
3.075342064493269845e+03
3.860435712365925156e+03
3.628561702861040430e+03
3.675284854047052249e+03
3.344348540400799720e+03
3.339133877364897671e+03
3.435422120623395131e+03
1.728017319912709127e+03
3.044082810193625392e+03
3.814744102033938361e+03
2.817487895270343870e+03
3.806652403321679230e+03
3.476010127217391073e+03
3.403567759099090836e+03
3.452945822590665557e+03
3.632387204091930016e+03
3.936735673869083712e+03
3.039699370522715071e+03
2.386114186943833374e+03
2.949727684573388615e+03
2.439959505480692769e+03
2.936761364267758836e+03
3.640990687163083749e+03
3.898268340245006584e+03
2.835495319527698030e+03
2.550107143888413702e+03
2.482392988823390169e+03
3.361855439806743561e+03
3.724311083767931450e+03
3.635342911843774800e+03
3.453047509279427686e+03
3.100854788345360248e+03
3.389443391543142752e+03
3.842031206486168685e+03
3.153934549361598329e+03
3.010094491953831493e+03
3.842958830099845272e+03
3.949878825882879028e+03
3.353357929848953063e+03
3.339509814179876685e+03
2.366663409657177908e+03
1.727352650352418095e+03
3.399373165421527119e+03
3.951354120577607318e+03
2.827983240224610654e+03
2.808884954747751181e+03
3.577138153061793673e+03
2.308615425828269508e+03
3.510768454793344972e+03
3.749624399033007649e+03
2.397367051970847569e+03
2.132176311596387677e+03
3.065884175975261769e+03
2.448002263629246499e+03
3.288902856789823090e+03
2.922033546756591022e+03
2.756932387373344682e+03
2.223517619480059238e+03
3.771537661322744952e+03
3.742595061349378739e+03
2.432567264332923514e+03
3.388217701642640350e+03
3.850442691794615257e+03
3.475798602863519591e+03
3.004134861149984772e+03
3.365790091481621857e+03
1.959114190844401719e+03
3.306452842569294717e+03
2.831226343962364354e+03
3.091521741136974015e+03
3.476491145960309950e+03
2.381872167005989013e+03
3.077066180952215291e+03
3.615591655461214941e+03
3.233978941569412200e+03
3.285469811351885710e+03
3.597998103729065406e+03
2.918032609293939458e+03
2.921934681193032702e+03
3.112912119463670933e+03
3.430424323005055612e+03
2.507509955582261682e+03
3.165676002536971282e+03
2.924021860561681024e+03
3.510501315234164394e+03
3.884356137529829539e+03
3.426560822113113773e+03
3.322022459861978859e+03
2.633583479865906156e+03
2.274019463934277155e+03
2.144173324785613659e+03
3.461237123069244262e+03
3.577333782917187364e+03
1.942849011741680442e+03
3.895320507756582629e+03
3.186749720900842476e+03
2.691812018512122904e+03
3.840666084260640673e+03
2.255360565825448703e+03
2.451210287907067595e+03
3.238150209615364929e+03
1.971362584916884771e+03
3.543188220480124073e+03
3.446472831825233698e+03
2.350299603746927460e+03
2.559048633758766300e+03
3.824029639287708505e+03
1.964901610619417397e+03
3.282293096266198972e+03
2.973087476111359138e+03
3.292958975652999470e+03
3.251415225257924249e+03
3.440317622925452270e+03
2.853399929713113579e+03
3.510501315234164394e+03
3.177198456067187180e+03
3.939127513373512556e+03
3.874930849942889381e+03
3.456972211471887022e+03
2.963924236592059060e+03
3.437201513311273175e+03
3.194694606105577805e+03
3.459006891368266224e+03
2.129037196559694166e+03
2.324294715406032083e+03
3.051729465253061790e+03
3.640310356842773672e+03
2.366206847539092450e+03
3.924514468864039372e+03
2.400422175688417155e+03
3.664258266771499621e+03
2.983265351543957877e+03
3.753823753744554779e+03
3.726848316436390633e+03
3.400384087226484098e+03
2.356766386047823289e+03
3.690347180090650909e+03
2.225958181513283307e+03
2.271675126183721659e+03
3.421408870048257086e+03
2.720321237263007788e+03
3.825750672834197303e+03
2.129037196559694166e+03
3.161375338844086400e+03
3.194912285042390977e+03
2.409506164191864627e+03
3.588929600235182988e+03
3.228730864303238377e+03
3.208345835696213726e+03
2.010932374148151212e+03
3.477912495230722016e+03
3.077066180952215291e+03
2.279485305120339490e+03
3.681562569553611866e+03
2.873367678890126626e+03
3.468705951389210441e+03
2.943952353585158562e+03
3.430031003516548481e+03
3.112637528174014733e+03
2.578085761843284217e+03
2.840891806602563520e+03
3.674837199856545340e+03
3.086893333662310397e+03
3.626469949457966322e+03
3.900870713855011672e+03
2.842003010046350482e+03
3.002502899102294123e+03
3.606006871259135551e+03
3.677332368497823154e+03
3.903448033936743741e+03
2.424113488176602914e+03
2.030137630277967219e+03
3.401959562324998842e+03
2.820472588359487418e+03
2.107351176665787534e+03
2.246260007084134941e+03
3.292090024113296295e+03
3.957255412705588242e+03
3.497717312912657690e+03
2.261381776671147691e+03
3.857820674302668976e+03
3.052222306550702342e+03
3.578689552461726180e+03
2.591715318334643143e+03
3.469939576238586596e+03
2.362492380946135654e+03
3.501978875546657946e+03
2.415824506741481855e+03
2.231109437325898398e+03
3.564137880725937066e+03
2.708939647997970496e+03
3.786525439769016884e+03
3.451863502544760649e+03
3.211612652317320681e+03
3.419720255524773165e+03
3.639913430881204476e+03
3.055411724710061208e+03
3.771299560703186216e+03
2.210825335991427892e+03
3.715343482252029389e+03
3.139878991915847109e+03
3.850725984393478029e+03
2.448569927166487105e+03
3.211607273913140943e+03
2.374691298308836849e+03
3.371118727527339161e+03
2.705094348792157689e+03
3.421283682790321564e+03
2.560450136455289794e+03
3.245082619159448768e+03
3.797290330559632821e+03
3.287996039107154502e+03
3.474165994003310971e+03
3.165677433853655202e+03
3.881499916290084002e+03
2.103894817144569970e+03
2.287161783963892049e+03
2.921934681193032702e+03
3.276346263884067412e+03
3.188607157366042884e+03
2.805816962088071705e+03
3.508140008821680567e+03
3.040410833292205098e+03
3.240105616502733938e+03
3.128444843726131694e+03
2.178911839071285613e+03
3.826818820514809886e+03
2.475066037319456882e+03
2.979247437378116047e+03
2.396224626483524844e+03
3.066270603820129963e+03
2.601922599476649339e+03
3.703650624350757880e+03
3.004914011626953197e+03
3.846133496147924234e+03
3.188875220850774895e+03
3.753280036861475310e+03
3.054165610279553221e+03
3.417744332526847757e+03
2.523062320898769030e+03
2.528145397292358666e+03
3.899117210020810489e+03
2.410885806826193857e+03
3.493668994706688864e+03
3.514623117414264016e+03
3.802423323226007597e+03
3.759601594122023016e+03
2.838124802690803335e+03
3.354817970713328577e+03
3.543657428305627946e+03
3.798880694132340523e+03
2.517918857272861715e+03
3.015670427955443756e+03
2.870212942509848290e+03
2.229100508766025087e+03
3.253976973877983710e+03
3.643836385202228485e+03
3.254945027052185651e+03
3.835068449820605110e+03
3.510630328490241027e+03
2.960914624810395253e+03
2.740661155052825961e+03
2.517477510227759467e+03
3.561535134417435074e+03
2.179219106500928774e+03
2.720714596286566575e+03
2.769882641271492048e+03
2.606823041287422711e+03
3.676610139967671785e+03
3.799917646699611396e+03
3.937371357549341155e+03
2.281029053288030809e+03
2.149148744494832499e+03
2.210486008404599488e+03
2.859114290477616578e+03
3.738830192081974019e+03
3.267226525530793879e+03
3.134434484557576980e+03
2.830919554256641277e+03
2.056378896218096088e+03
3.397194628387724151e+03
3.737482367248533592e+03
2.257940879152177786e+03
3.927793934697508575e+03
3.850659413608288560e+03
3.924359563913453712e+03
3.714167514360139194e+03
1.712798428135032736e+03
3.318525249379104480e+03
3.686495549707298323e+03
3.485570637460678881e+03
3.423430123750125858e+03
2.508819644664553380e+03
3.036814144985321036e+03
3.079591582359419590e+03
2.617204430620427956e+03
2.968115282917650347e+03
3.496424018259199329e+03
3.213909562635751627e+03
3.838631790183861085e+03
3.368704764223322854e+03
3.134433363620185446e+03
2.857466148978183810e+03
2.929952537433338875e+03
2.833226779715622342e+03
2.893388695161605028e+03
3.630877294098321272e+03
3.080697117675478694e+03
3.345721681054119017e+03
2.588771895185047470e+03
2.557791229337566165e+03
3.359952207908224409e+03
3.922582326971225029e+03
3.778481922377985029e+03
3.266854004822528623e+03
3.303093780141441130e+03
2.087930429296496186e+03
3.530900590401835871e+03
3.328111565682042965e+03
2.836558206372568748e+03
3.437135506926944345e+03
2.094175544160836580e+03
3.136684223896518233e+03
3.130901509187307965e+03
3.297832123544333626e+03
2.936336270204072207e+03
3.049513947003885278e+03
3.493339304753421857e+03
2.212850211100548222e+03
2.242172250722343961e+03
3.207935785269749431e+03
2.408106310986599965e+03
3.501592413823256720e+03
2.548617302132628538e+03
3.740130188757925680e+03
2.103717175856283120e+03
3.540166062951749154e+03
2.805249799249898388e+03
3.290268438592831444e+03
3.726784433050927873e+03
3.661958373791337181e+03
2.557791229337566165e+03
3.964150267155529946e+03
3.531145283288983592e+03
2.496521425846980492e+03
2.740868976353121070e+03
2.185504294706774999e+03
3.577117150635090184e+03
2.675734255750249758e+03
3.495532388767323937e+03
2.593570748427072431e+03
3.467739289185456983e+03
3.751392972170248868e+03
3.680247152152409399e+03
3.715105800107196046e+03
3.063899506122669663e+03
3.058109896439705608e+03
2.579708600357721480e+03
3.939367563519852411e+03
2.438126820178704293e+03
2.944510010522594712e+03
2.289347992657189025e+03
2.159647470898461052e+03
3.519456769107076980e+03
2.578085761843284217e+03
2.727045622918133631e+03
3.888802720897962899e+03
3.366198260884929368e+03
3.790290420467405966e+03
2.579142767882080079e+03
2.835765703370061601e+03
3.734653225785114500e+03
3.111522490601479603e+03
2.794139835590255643e+03
3.852812866158929864e+03
2.030261691415515998e+03
2.962611601138363312e+03
2.745459960462351773e+03
2.191149077066119844e+03
3.410502792998687255e+03
3.707766975602150524e+03
3.954809390164529304e+03
1.795711153709380142e+03
3.207516954134724529e+03
3.136318650892109417e+03
2.709132727351583526e+03
1.949669936926853097e+03
3.948344245227597639e+03
2.254045794023688359e+03
3.626392159374229323e+03
2.978330798729486560e+03
3.788379089217382898e+03
3.694120557971343260e+03
3.300949701501765503e+03
2.526256644874204540e+03
3.818866055434211830e+03
3.889555992353722559e+03
2.894627305511187387e+03
3.933398157556165188e+03
2.924607313787223120e+03
3.572412650570232017e+03
2.963813243582381801e+03
3.128094474480344161e+03
3.235985678890385316e+03
3.380673333251609620e+03
2.550855675313055144e+03
3.643433364457010157e+03
2.826745165724714752e+03
3.127452288221303206e+03
2.579142767882080079e+03
3.423920268300778844e+03
3.348037815964636593e+03
3.376510921074745056e+03
3.189658706145454744e+03
3.249034904680996988e+03
2.654368090943939023e+03
3.900135657905754670e+03
3.528763270948205900e+03
3.954809390164529304e+03
3.509367004578261458e+03
2.742832935683506548e+03
3.870665820333650117e+03
3.002215036941361177e+03
2.452646816154103362e+03
2.454050240831074007e+03
3.084412168745428971e+03
3.706426019432877183e+03
1.999612940622082078e+03
3.537354154956590719e+03
2.569630737151024732e+03
2.506053834140638173e+03
2.390844824971677554e+03
3.534406595160811776e+03
3.336800392476238358e+03
3.687176141405705039e+03
2.545772467673039955e+03
3.635008187110076506e+03
3.646216981012167253e+03
2.268539970427568733e+03
3.347100323650699465e+03
2.963813243582381801e+03
3.041852664438227293e+03
3.014672851243400146e+03
3.689984435529780967e+03
3.191047604095125280e+03
2.863729958336167329e+03
3.191082303903973752e+03
2.643940059343877692e+03
3.066836507217930375e+03
2.455657491083048626e+03
3.034226805666168275e+03
3.697425158543987891e+03
2.145563098614105456e+03
3.219104742958237694e+03
2.186322132084642362e+03
2.370427140539724860e+03
3.280084069797308075e+03
2.589543115108241182e+03
2.439959505480692769e+03
2.226249078581291087e+03
3.495538551795947114e+03
3.149650076866676955e+03
3.624787232459136249e+03
3.329367024174743165e+03
3.127896125894963461e+03
3.416605111088924787e+03
3.910797104676974413e+03
